>> Job started at: Wed Mar  8 22:20:05 CET 2023
   On Machine:     ilfgridgpun01fl.unicph.domain
   In directory:   /projects/ilfgrid/people/nqz918/code/deorph/scripts/af_arman/af_jobs_af23/nk3r_mouse/2090

>> GPU is 

Loaded miniconda shell environment for bash
> Running 'prep_MSAs.sh'
  > Alphafold-DB directory is set to /projects/ilfgrid/data/alphafold-genetic-databases//
  > Number of cores was set to set to 4
  > Max memory set to 20 GB
  > Output directory was set to /projects/ilfgrid/people/nqz918/code/deorph/scripts/af_arman/af_jobs_af23/nk3r_mouse/2090/
  > Input fastafile was set to /projects/ilfgrid/people/nqz918/code/deorph/scripts/af_arman/af_jobs_af23/nk3r_mouse/2090/nk3r_mouse-2090.fasta
> Splitting fastafile
> Running chain A
  > Uniref90 already searched, skipping.
  > Mgnify already searched, skipping.
  > Running hhblits on bfd_uniref30
- 22:20:25.049 INFO: Searching 65983866 column state sequences.

- 22:20:26.236 INFO: Searching 29291635 column state sequences.

- 22:20:26.271 INFO: nk3r_mouse-2090/msas/A/chain_A.fasta is in A2M, A3M or FASTA format

- 22:20:26.271 INFO: Iteration 1

- 22:20:26.498 INFO: Prefiltering database

- 22:21:53.148 INFO: HMMs passed 1st prefilter (gapless profile-profile alignment)  : 5032159

- 22:23:07.909 INFO: HMMs passed 1st prefilter (gapless profile-profile alignment)  : 1632518

- 22:23:20.673 INFO: HMMs passed 2nd prefilter (gapped profile-profile alignment)   : 39274

- 22:23:20.673 INFO: HMMs passed 2nd prefilter and not found in previous iterations : 39274

- 22:23:20.673 INFO: Scoring 39274 HMMs using HMM-HMM Viterbi alignment

- 22:23:20.729 INFO: Alternative alignment: 0

- 22:23:21.735 INFO: 2000 alignments done

- 22:23:22.562 INFO: 4000 alignments done

- 22:23:23.325 INFO: 6000 alignments done

- 22:23:24.120 INFO: 8000 alignments done

- 22:23:27.374 INFO: 10000 alignments done

- 22:23:28.480 INFO: 12000 alignments done

- 22:23:29.456 INFO: 14000 alignments done

- 22:23:30.096 INFO: 16000 alignments done

- 22:23:30.676 INFO: 18000 alignments done

- 22:23:31.208 INFO: 20000 alignments done

- 22:23:31.738 INFO: 22000 alignments done

- 22:23:32.248 INFO: 24000 alignments done

- 22:23:32.760 INFO: 26000 alignments done

- 22:23:33.287 INFO: 28000 alignments done

- 22:23:33.846 INFO: 30000 alignments done

- 22:23:34.366 INFO: 32000 alignments done

- 22:23:34.795 INFO: 34000 alignments done

- 22:23:35.350 INFO: 36000 alignments done

- 22:23:36.476 INFO: 38000 alignments done

- 22:23:37.310 INFO: 39274 alignments done

- 22:23:37.312 INFO: Stop after DB-HHM: 39274 because early stop  9.04915 < filter cutoff 12.74

- 22:23:37.313 INFO: Alternative alignment: 1

- 22:23:48.615 INFO: 37273 alignments done

- 22:23:48.687 INFO: Alternative alignment: 2

- 22:23:51.742 INFO: 8096 alignments done

- 22:23:51.748 INFO: Alternative alignment: 3

- 22:23:52.448 INFO: 1400 alignments done

- 22:23:53.225 INFO: Premerge done

- 22:23:53.228 INFO: Realigning 17340 HMM-HMM alignments using Maximum Accuracy algorithm

- 22:25:39.496 INFO: 17342 sequences belonging to 17342 database HMMs found with an E-value < 0.001

- 22:25:39.497 INFO: Number of effective sequences of resulting query HMM: Neff = 9.08054

- 22:25:39.799 INFO: Iteration 2

- 22:25:39.799 INFO: Set premerge to 0! (premerge: 3 iteration: 2 hits.Size: 17339)

- 22:25:40.010 INFO: Prefiltering database

- 22:27:05.995 INFO: HMMs passed 1st prefilter (gapless profile-profile alignment)  : 12930459

- 22:27:50.407 WARNING: Number of hits passing 2nd prefilter (reduced from 105248 to allowed maximum of 100000).
You can increase the allowed maximum using the -maxfilt <max> option.

- 22:28:31.749 INFO: HMMs passed 1st prefilter (gapless profile-profile alignment)  : 4153480

- 22:28:51.139 WARNING: Number of hits passing 2nd prefilter (reduced from 143087 to allowed maximum of 100000).
You can increase the allowed maximum using the -maxfilt <max> option.

- 22:28:51.729 INFO: HMMs passed 2nd prefilter (gapped profile-profile alignment)   : 200000

- 22:28:51.729 INFO: HMMs passed 2nd prefilter and not found in previous iterations : 183166

- 22:28:51.729 INFO: Scoring 183166 HMMs using HMM-HMM Viterbi alignment

- 22:28:51.802 INFO: Alternative alignment: 0

- 22:28:52.700 INFO: 2000 alignments done

- 22:28:53.512 INFO: 4000 alignments done

- 22:28:54.170 INFO: 6000 alignments done

- 22:28:54.764 INFO: 8000 alignments done

- 22:28:55.397 INFO: 10000 alignments done

- 22:28:55.977 INFO: 12000 alignments done

- 22:28:56.550 INFO: 14000 alignments done

- 22:28:57.296 INFO: 16000 alignments done

- 22:28:57.298 INFO: Stop after DB-HHM: 16000 because early stop  18.1552 < filter cutoff 20

- 22:28:57.298 INFO: Alternative alignment: 1

- 22:29:00.113 INFO: 8253 alignments done

- 22:29:00.121 INFO: Alternative alignment: 2

- 22:29:00.599 INFO: 831 alignments done

- 22:29:00.599 INFO: Alternative alignment: 3

- 22:29:00.708 INFO: 149 alignments done

- 22:29:00.791 INFO: Realigning 3559 HMM-HMM alignments using Maximum Accuracy algorithm

- 22:29:41.569 INFO: 20901 sequences belonging to 20901 database HMMs found with an E-value < 0.001

- 22:29:41.569 INFO: Number of effective sequences of resulting query HMM: Neff = 9.45464

- 22:29:41.667 INFO: Iteration 3

- 22:29:41.813 INFO: Prefiltering database

- 22:31:05.960 INFO: HMMs passed 1st prefilter (gapless profile-profile alignment)  : 12679911

- 22:32:31.561 INFO: HMMs passed 1st prefilter (gapless profile-profile alignment)  : 4014758

- 22:32:50.885 WARNING: Number of hits passing 2nd prefilter (reduced from 128513 to allowed maximum of 100000).
You can increase the allowed maximum using the -maxfilt <max> option.

- 22:32:51.242 INFO: HMMs passed 2nd prefilter (gapped profile-profile alignment)   : 195038

- 22:32:51.242 INFO: HMMs passed 2nd prefilter and not found in previous iterations : 174683

- 22:32:51.242 INFO: Scoring 174683 HMMs using HMM-HMM Viterbi alignment

- 22:32:51.277 INFO: Alternative alignment: 0

- 22:32:52.035 INFO: 2000 alignments done

- 22:32:52.818 INFO: 4000 alignments done

- 22:32:53.594 INFO: 6000 alignments done

- 22:32:54.330 INFO: 8000 alignments done

- 22:32:54.970 INFO: 10000 alignments done

- 22:32:55.675 INFO: 12000 alignments done

- 22:32:56.481 INFO: 14000 alignments done

- 22:32:56.483 INFO: Stop after DB-HHM: 14000 because early stop  9.71925 < filter cutoff 20

- 22:32:56.483 INFO: Alternative alignment: 1

- 22:32:58.615 INFO: 5530 alignments done

- 22:32:58.623 INFO: Alternative alignment: 2

- 22:32:59.019 INFO: 638 alignments done

- 22:32:59.019 INFO: Alternative alignment: 3

- 22:32:59.128 INFO: 141 alignments done

- 22:32:59.195 INFO: Rescoring previously found HMMs with Viterbi algorithm

- 22:32:59.226 INFO: Alternative alignment: 0

- 22:32:59.906 INFO: 2000 alignments done

- 22:33:00.552 INFO: 4000 alignments done

- 22:33:01.264 INFO: 6000 alignments done

- 22:33:01.942 INFO: 8000 alignments done

- 22:33:02.588 INFO: 10000 alignments done

- 22:33:03.220 INFO: 12000 alignments done

- 22:33:03.848 INFO: 14000 alignments done

- 22:33:04.479 INFO: 16000 alignments done

- 22:33:05.095 INFO: 18000 alignments done

- 22:33:05.717 INFO: 20000 alignments done

- 22:33:05.830 INFO: 20353 alignments done

- 22:33:05.831 INFO: Alternative alignment: 1

- 22:33:12.575 INFO: 20353 alignments done

- 22:33:12.604 INFO: Alternative alignment: 2

- 22:33:13.474 INFO: 1768 alignments done

- 22:33:13.476 INFO: Alternative alignment: 3

- 22:33:13.655 INFO: 258 alignments done

- 22:33:13.914 INFO: Premerge done

- 22:33:13.915 INFO: Realigning 21084 HMM-HMM alignments using Maximum Accuracy algorithm

- 22:34:03.147 INFO: 21213 sequences belonging to 21213 database HMMs found with an E-value < 0.001

- 22:34:03.147 INFO: Number of effective sequences of resulting query HMM: Neff = 9.48706

     Query         nk3r_mouse P47937
     Match_columns 452
     No_of_seqs    3762 out of 251845
     Neff          9.48706
     Searched_HMMs 223100
     Date          Wed Mar  8 22:34:03 2023
     Command       hhblits -i nk3r_mouse-2090/msas/A/chain_A.fasta -cpu 4 -maxmem 20 -oa3m /projects/ilfgrid/people/nqz918/code/deorph/scripts/af_arman/af_jobs_af23/nk3r_mouse/2090//nk3r_mouse-2090/msas/A/bfd_uniref_hits.a3m -o /dev/null -n 3 -e 0.001 -maxseq 1000000 -realign_max 100000 -maxfilt 100000 -min_prefilter_hits 1000 -d /projects/ilfgrid/data/alphafold-genetic-databases///bfd/bfd_metaclust_clu_complete_id30_c90_final_seq.sorted_opt -d /projects/ilfgrid/data/alphafold-genetic-databases///uniref30/UniRef30_2021_03 
     
      No Hit                             Prob E-value P-value  Score    SS Cols Query HMM  Template HMM
       1 tr|F7E6B1|F7E6B1_MONDO Tachyki 100.0 5.4E-95  6E-101  661.2   0.0  452    1-452     2-475 (475)
       2 UniRef100_A0A061IN14 NK-3 rece 100.0 2.6E-86 2.8E-92  635.2   0.0  392   60-452   221-614 (662)
       3 tr|A0A1S3NPB2|A0A1S3NPB2_SALSA 100.0 2.6E-82 2.8E-88  579.8   0.0  387   59-446    26-441 (443)
       4 tr|V8NWN4|V8NWN4_OPHHA Neurome 100.0 2.5E-81 2.7E-87  575.3   0.0  393   58-452    33-481 (481)
       5 UniRef100_A0A060W5H7 G_PROTEIN 100.0 5.8E-81 6.1E-87  562.2   0.0  448    1-452     1-458 (466)
       6 UniRef100_A0A060WAA0 NK-2 rece 100.0 1.4E-77 1.5E-83  547.3   0.0  390   56-446    56-463 (465)
       7 UniRef100_A0A087YKS5 Tachykini 100.0 1.3E-76 1.3E-82  534.7   0.0  403   37-446    33-439 (454)
       8 UniRef100_A0A6J1VCN9 NK-1 rece 100.0   6E-70 6.2E-76  491.6   0.0  386   58-445   194-582 (583)
       9 tr|A0A1D2NMB6|A0A1D2NMB6_ORCCI 100.0 8.7E-68 9.5E-74  494.9   0.0  322   58-379   137-467 (520)
      10 UniRef100_A0A060WPB6 NK-3 rece 100.0 1.5E-67 1.6E-73  477.4   0.0  381   56-444    12-396 (402)
      11 UniRef100_A0A1S3RGB9 NK-3 rece 100.0 5.8E-66 6.1E-72  456.1   0.0  337   59-395    16-354 (411)
      12 UniRef100_UPI000854FA34 neurom 100.0 2.9E-65   3E-71  474.3   0.0  392   60-452   392-786 (786)
      13 UniRef100_A0A026WTK8 Tachykini 100.0   9E-65 9.9E-71  484.6   0.0  306   62-367    79-393 (556)
      14 UniRef100_A0A6I8PBL7 NK-1 rece 100.0 1.4E-64 1.4E-70  472.4   0.0  387   58-446   449-839 (840)
      15 tr|A0A1I8PIJ9|A0A1I8PIJ9_STOCA 100.0 6.4E-64 6.9E-70  481.5   0.0  311   59-369   156-474 (680)
      16 UniRef100_A0A091LNY1 Neuromedi 100.0 7.5E-63 7.8E-69  428.8   0.0  339    1-349    23-361 (366)
      17 UniRef100_A0A5N5LVK9 NK-3 rece 100.0 3.2E-62 3.4E-68  467.0   0.0  385   58-447   102-720 (729)
      18 UniRef100_A0A087WZ80 NK-2 rece 100.0 4.6E-62 4.8E-68  442.5   0.0  320   58-377    71-393 (474)
      19 UniRef100_A0A141CIT8 G protein 100.0 1.8E-61   2E-67  457.3   0.0  316   62-378    76-392 (488)
      20 UniRef100_UPI0010A5A06B substa 100.0 8.1E-61 8.4E-67  428.5   0.0  325   58-382   166-492 (521)
      21 UniRef100_A0A139WB32 Tachykini 100.0 1.5E-60 1.7E-66  443.4   0.0  299   67-365    38-345 (405)
      22 UniRef100_A0A1J1I7G5 CLUMA_CG0 100.0 2.1E-60 2.2E-66  444.7   0.0  308   60-367    64-378 (500)
      23 tr|A0A1V4KK28|A0A1V4KK28_PATFA 100.0 5.4E-60 5.7E-66  431.0   0.0  320   58-377   119-442 (478)
      24 UniRef100_A0A452RL14 NK-2 rece 100.0   1E-59 1.1E-65  417.4   0.0  318   58-375    19-338 (391)
      25 UniRef100_A0A3N0Y0Y9 NK-3 rece 100.0   2E-59   2E-65  441.7   0.0  335   61-395   543-877 (925)
      26 UniRef100_A0A026WK16 Tachykini 100.0 3.2E-59 3.5E-65  447.2   0.0  302   62-363   172-482 (641)
      27 UniRef100_A0A154PKR3 Tachykini 100.0 1.2E-58 1.3E-64  438.7   0.0  302   61-362    65-374 (457)
      28 tr|J9JRI9|J9JRI9_ACYPI Unchara 100.0 2.3E-57 2.4E-63  418.9   0.0  308   59-366    21-337 (490)
      29 UniRef100_A0A087QMT7 NK-2 rece 100.0 2.4E-57 2.5E-63  416.5   0.0  318   60-377   121-442 (520)
      30 UniRef100_A0A0N0PEL7 Tachykini 100.0 2.8E-57   3E-63  421.8   0.0  307   60-366    43-358 (454)
      31 tr|B4KC34|B4KC34_DROMO Unchara 100.0 4.3E-57 4.7E-63  436.6   0.0  305   61-365   181-495 (670)
      32 tr|A0A182L9N8|A0A182L9N8_9DIPT 100.0 6.9E-57 7.6E-63  425.0   0.0  307   60-366    76-386 (490)
      33 UniRef100_A0A0L0C965 Tachykini 100.0 1.4E-56 1.5E-62  420.7   0.0  307   60-366   108-422 (611)
      34 tr|A0A1A9ZAD8|A0A1A9ZAD8_GLOPL 100.0 1.9E-56   2E-62  417.5   0.0  304   60-363   110-422 (574)
      35 UniRef100_A0A0S1YDA0 Neuropept 100.0 3.3E-56 3.6E-62  424.2   0.0  297   66-362    88-392 (509)
      36 tr|A0A1W4X208|A0A1W4X208_AGRPL 100.0 4.3E-56 4.6E-62  409.1   0.0  310   59-368    81-399 (467)
      37 UniRef100_A0A024FLF0 PQRFa pep 100.0 5.2E-56 6.1E-62  427.0   0.0  300   62-362    39-346 (413)
      38 UniRef100_A0A1B6HDB2 G_PROTEIN 100.0 7.1E-56 7.5E-62  393.3   0.0  301   67-367     6-311 (360)
      39 UniRef100_A0A1D2M4J2 Neuropept 100.0 3.2E-55 3.6E-61  415.3   0.0  302   63-365   117-426 (497)
      40 tr|A0A0P5PA10|A0A0P5PA10_9CRUS 100.0   4E-55 4.3E-61  416.9   0.0  297   63-359   137-442 (705)
      41 UniRef100_A0A0K0PUR1 Orphan G- 100.0 8.7E-55 9.8E-61  420.8   0.0  295   65-359   107-408 (530)
      42 UniRef100_A0A0S1YD99 Neuropept 100.0 1.2E-54 1.3E-60  394.9   0.0  309   61-370    64-380 (423)
      43 UniRef100_A0A0M4EKL7 Takr99D n 100.0 1.6E-54 1.7E-60  399.3   0.0  306   62-367   107-421 (571)
      44 tr|A0A0V1MVC7|A0A0V1MVC7_9BILA 100.0 2.4E-54 2.6E-60  412.8   0.0  307   60-368    68-384 (598)
      45 UniRef100_A0A087U880 Neuropept 100.0 3.6E-54   4E-60  400.5   0.0  300   61-362    57-363 (401)
      46 tr|A0A1A9ZM95|A0A1A9ZM95_GLOPL 100.0 4.1E-54 4.3E-60  394.7   0.0  308   60-367    82-398 (481)
      47 UniRef100_A0A4W4G195 G_PROTEIN 100.0 7.3E-54 7.5E-60  374.5   0.0  289   59-354     9-297 (407)
      48 UniRef100_A0A0S7IWL5 NK3R (Fra 100.0 7.7E-54 8.1E-60  368.7   0.0  285    1-285     1-285 (299)
      49 UniRef100_A0A087UNN0 Neuropept 100.0 9.6E-54 1.1E-59  400.8   0.0  290   68-358    89-387 (470)
      50 UniRef100_A0A0K0PUH1 Orphan G- 100.0 1.4E-53 1.5E-59  389.2   0.0  303   62-365    42-351 (413)
      51 UniRef100_UPI0011319D66 substa 100.0 2.9E-53 3.1E-59  373.4   0.0  339   60-443    27-391 (394)
      52 UniRef100_A0A0B4LHT6 RYamide r 100.0 3.6E-53 3.9E-59  405.1   0.0  295   69-364   111-413 (524)
      53 UniRef100_A0A1S3IX78 RYamide r 100.0 1.1E-52 1.2E-58  390.9   0.0  304   63-367    44-353 (444)
      54 UniRef100_A0A026WW28 Neuropept 100.0 1.2E-52 1.4E-58  407.0   0.0  296   65-362    81-380 (552)
      55 tr|T1KTS6|T1KTS6_TETUR Unchara 100.0 1.4E-52 1.5E-58  397.6   0.0  299   60-358   107-414 (587)
      56 UniRef100_A0A2B4SDF9 Neuropept 100.0 1.7E-52 1.9E-58  394.4   0.0  299   64-364    81-381 (455)
      57 UniRef100_A0A1S3HKE5 allatosta 100.0 3.7E-52 4.2E-58  399.8   0.0  293   70-364    80-377 (462)
      58 UniRef100_A0A1S3J712 QRFP-like 100.0 4.2E-52 4.7E-58  399.7   0.0  293   68-360    63-369 (507)
      59 UniRef100_UPI0018F29E27 substa 100.0 5.1E-52 5.3E-58  371.0   0.0  311   65-375     1-314 (495)
      60 UniRef100_A0A026W5R0 Orexin re 100.0   5E-52 5.6E-58  402.0   0.0  296   65-363   110-427 (529)
      61 UniRef100_A0A210QEM7 Neuropept 100.0 7.1E-52 7.9E-58  385.2   0.0  299   65-364    43-348 (416)
      62 UniRef100_A0A6P4Z4S7 G-protein 100.0 7.2E-52 8.4E-58  401.2   0.0  294   69-364    56-353 (417)
      63 UniRef100_A0A2B4SKI0 Tachykini 100.0 1.2E-51 1.4E-57  405.1   0.0  296   67-362    86-390 (469)
      64 UniRef100_A0A0L7KZ56 Neuropept 100.0 1.4E-51 1.5E-57  390.1   0.0  295   63-358    77-381 (509)
      65 UniRef100_A0A6P4XD29 neuropept 100.0   2E-51 2.2E-57  381.5   0.0  294   64-358    33-338 (385)
      66 tr|A0A1S3IXU4|A0A1S3IXU4_LINUN 100.0 2.6E-51 2.8E-57  378.5   0.0  303   62-368    47-351 (440)
      67 UniRef100_A0A553N720 G_PROTEIN 100.0 5.4E-51 5.7E-57  385.0   0.0  303   60-362   125-433 (595)
      68 tr|A0A0P4XBU7|A0A0P4XBU7_9CRUS 100.0 5.3E-51 5.8E-57  394.6   0.0  331   23-360    17-413 (557)
      69 UniRef100_A0A177B9B5 Rhodopsin 100.0 5.6E-51 6.1E-57  381.0   0.0  291   67-360    85-400 (464)
      70 tr|A0A182G4E1|A0A182G4E1_AEDAL 100.0 8.2E-51   9E-57  387.5   0.0  299   62-362    57-370 (534)
      71 UniRef100_A0A1S3H6K0 neuropept 100.0 1.1E-50 1.3E-56  393.0   0.0  296   65-362    50-357 (470)
      72 UniRef100_A0A023F668 Putative  100.0 1.3E-50 1.4E-56  378.2   0.0  295   67-362    80-377 (484)
      73 UniRef100_A0A068YB14 Neuropept 100.0 1.2E-50 1.4E-56  390.2   0.0  287   73-360    55-350 (448)
      74 UniRef100_A0A087X575 NPY-Y2 re 100.0 1.4E-50 1.6E-56  377.7   0.0  289   74-362    75-371 (426)
      75 ERR1712062_233158              100.0 1.9E-50   2E-56  377.2   0.0  305   59-363    59-369 (515)
      76 tr|A0A1D2MSE1|A0A1D2MSE1_ORCCI 100.0 2.1E-50 2.3E-56  393.0   0.0  302   61-363    99-407 (615)
      77 UniRef100_A0A6P4Y4T1 galanin r 100.0 2.1E-50 2.4E-56  377.0   0.0  293   68-362    54-351 (410)
      78 UniRef100_A0A6J8CLU9 HCRTR2 n= 100.0 2.3E-50 2.5E-56  373.5   0.0  300   63-365    43-361 (422)
      79 UniRef100_A0A068WTW9 Tachykini 100.0 3.2E-50 3.4E-56  374.0   0.0  299   62-365    37-362 (453)
      80 UniRef100_A0A0K0PUK8 FMRFamide 100.0 3.9E-50 4.5E-56  389.8   0.0  286   73-359    59-350 (471)
      81 UniRef100_A0A164MD49 Putative  100.0 5.2E-50 5.7E-56  378.7   0.0  286   76-362    53-395 (498)
      82 UniRef100_A0A061INJ6 Pyrogluta 100.0 5.2E-50 5.8E-56  395.1   0.0  288   72-361   152-457 (594)
      83 UniRef100_A0A068WKU9 Neuropept 100.0 5.4E-50   6E-56  376.4   0.0  284   75-360    75-365 (451)
      84 UniRef100_A0A2B4S7K2 Histamine 100.0 6.1E-50   7E-56  378.8   0.0  287   67-361    27-326 (369)
      85 UniRef100_A0A026X3T6 Allatosta 100.0 6.5E-50 7.2E-56  384.5   0.0  285   72-362   139-425 (540)
      86 UniRef100_A0A2B4RSM5 Neuropept 100.0 6.7E-50 7.4E-56  374.4   0.0  295   64-363    28-325 (417)
      87 UniRef100_A0A023F675 Putative  100.0 7.5E-50 8.5E-56  391.1   0.0  289   71-362   125-419 (530)
      88 UniRef100_A0A084WFJ7 AGAP00011 100.0 8.5E-50 9.3E-56  380.8   0.0  282   70-357    86-375 (519)
      89 UniRef100_A0A2H8TNJ5 Neuropept 100.0 1.1E-49 1.2E-55  377.1   0.0  294   71-364   154-455 (528)
      90 UniRef100_A0A2G8KL37 Cholecyst 100.0 1.7E-49 1.8E-55  373.0   0.0  292   71-364    97-432 (493)
      91 tr|A0A1W4ZX05|A0A1W4ZX05_9TELE 100.0 1.9E-49 2.1E-55  375.4   0.0  296   67-363    64-386 (480)
      92 tr|A0A0N8JZL4|A0A0N8JZL4_9TELE 100.0   2E-49 2.2E-55  372.0   0.0  304   60-364    92-414 (482)
      93 tr|A0A1U7TSJ4|A0A1U7TSJ4_TARSY 100.0 2.1E-49 2.3E-55  372.9   0.0  301   61-363   201-519 (600)
      94 UniRef100_A0A0K0PUI9 Orphan G- 100.0   2E-49 2.3E-55  387.6   0.0  290   71-363   100-408 (534)
      95 UniRef100_A0A3M6T6P4 G_PROTEIN 100.0 2.2E-49 2.4E-55  376.7   0.0  287   76-362    59-354 (465)
      96 UniRef100_A0A210QHM7 G-protein 100.0 2.6E-49 2.8E-55  376.7   0.0  297   69-365    76-378 (492)
      97 UniRef100_A0A0K0PUH3 Allatotro 100.0 2.6E-49 2.8E-55  366.7   0.0  297   63-362    59-373 (424)
      98 tr|A0A0P7U387|A0A0P7U387_9TELE 100.0 2.9E-49 3.1E-55  371.5   0.0  285   72-362   128-415 (556)
      99 UniRef100_UPI0013F2AC64 LOW QU 100.0 3.3E-49 3.4E-55  355.2   0.0  310   61-370   148-460 (520)
     100 UniRef100_A0A1D1W534 G_PROTEIN 100.0 3.4E-49 3.9E-55  385.5   0.0  289   74-364    80-435 (492)
     101 UniRef100_A0A060VP48 G_PROTEIN 100.0 3.9E-49 4.4E-55  390.9   0.0  291   73-363   155-451 (580)
     102 UniRef100_A0A1N7TCF1 Galanin r 100.0 4.8E-49 5.4E-55  368.7   0.0  288   71-363    70-361 (407)
     103 UniRef100_A0A2B4S0J6 Somatosta 100.0   6E-49   7E-55  385.4   0.0  291   68-359    79-376 (457)
     104 UniRef100_A0A2B4RHL7 Galanin r 100.0 8.2E-49 8.8E-55  358.1   0.0  276   74-361    34-309 (406)
     105 tr|A0A232F8D2|A0A232F8D2_9HYME 100.0 1.3E-48 1.4E-54  364.7   0.0  301   62-364    62-372 (478)
     106 UniRef100_A0A060VSP8 5-hydroxy 100.0 1.3E-48 1.4E-54  373.8   0.0  285   74-366    89-419 (479)
     107 UniRef100_A0A0K0PUL8 Allatosta 100.0 1.3E-48 1.5E-54  366.9   0.0  288   72-362    50-344 (396)
     108 UniRef100_A0A026WK40 Cholecyst 100.0 1.3E-48 1.5E-54  387.2   0.0  289   76-365   158-546 (656)
     109 tr|D6WD17|D6WD17_TRICA Natalis 100.0 1.6E-48 1.7E-54  365.4   0.0  303   62-364    37-347 (429)
     110 UniRef100_L5M918 Orexin recept 100.0   2E-48 2.1E-54  375.4   0.0  309   58-367    55-558 (659)
     111 tr|A0A182U1B5|A0A182U1B5_9DIPT 100.0   2E-48 2.2E-54  371.1   0.0  303   60-363    27-344 (620)
     112 UniRef100_A0A0L8HHE2 G_PROTEIN 100.0 2.1E-48 2.3E-54  363.9   0.0  290   75-365     3-302 (385)
     113 tr|A0A1V4JMN9|A0A1V4JMN9_PATFA 100.0 2.2E-48 2.3E-54  363.3   0.0  288   73-362    93-420 (537)
     114 UniRef100_A0A369RW72 Octopamin 100.0 2.1E-48 2.4E-54  376.9   0.0  280   72-358    54-354 (412)
     115 UniRef100_A0A1W4X208 tachykini 100.0 2.7E-48 2.8E-54  345.5   0.0  308   59-366    81-397 (467)
     116 ERR1719499_929257              100.0 2.8E-48   3E-54  363.5   0.0  301   60-360    15-323 (550)
     117 UniRef100_A0A084WIC4 Short neu 100.0 2.7E-48   3E-54  369.1   0.0  291   70-361    90-385 (551)
     118 tr|A0A0L7QUK8|A0A0L7QUK8_9HYME 100.0 2.8E-48   3E-54  375.5   0.0  299   64-363   193-499 (806)
     119 UniRef100_A0A0P5DAK4 Orexin re 100.0 2.8E-48   3E-54  366.7   0.0  286   74-362   108-430 (505)
     120 UniRef100_A0A060X1Q6 Somatosta 100.0 2.9E-48 3.2E-54  378.7   0.0  281   73-361   140-423 (604)
     121 UniRef100_T1K8Z9 G_PROTEIN_REC 100.0 3.2E-48 3.3E-54  353.3   0.0  304   62-365   105-417 (485)
     122 UniRef100_A0A0K0PUK6 Orphan G- 100.0 3.5E-48 3.8E-54  358.2   0.0  296   66-361    60-372 (448)
     123 UniRef100_A0A1D2NMB6 Tachykini 100.0 3.7E-48 3.8E-54  348.6   0.0  305   66-370   145-458 (520)
     124 UniRef100_A0A0K0PUT9 Excitator 100.0 3.4E-48 3.8E-54  374.3   0.0  292   69-361   100-400 (474)
     125 UniRef100_UPI0006B0FD82 tachyk 100.0 3.9E-48 4.1E-54  354.2   0.0  299   61-359    69-376 (519)
     126 tr|A0A2C9JWF9|A0A2C9JWF9_BIOGL 100.0 3.6E-48 4.1E-54  367.6   0.0  296   69-365    62-368 (403)
     127 tr|A0A212EZN3|A0A212EZN3_DANPL 100.0 3.8E-48 4.1E-54  363.0   0.0  301   60-361    42-353 (488)
     128 UniRef100_A0A1D1VDY3 G_PROTEIN 100.0 4.1E-48 4.5E-54  370.5   0.0  298   65-362   126-446 (557)
     129 ERR550534_208423               100.0 4.8E-48 5.1E-54  362.0   0.0  305   60-364    75-400 (568)
     130 UniRef100_A0A067R4E0 Tachykini 100.0 4.8E-48 5.3E-54  358.9   0.0  297   62-359    39-341 (396)
     131 UniRef100_A0A0K0PUX7 Orphan G- 100.0 5.3E-48   6E-54  371.6   0.0  284   74-362    64-354 (471)
     132 tr|A0A0F8ARD3|A0A0F8ARD3_LARCR 100.0 5.7E-48 6.1E-54  357.1   0.0  281   74-362    55-338 (464)
     133 tr|A0A194QD73|A0A194QD73_PAPXU 100.0   6E-48 6.3E-54  347.7   0.0  298   65-362    77-383 (435)
     134 UniRef100_A0A226DFM2 Neuropept 100.0 6.3E-48 6.8E-54  365.4   0.0  300   64-363    97-404 (523)
     135 UniRef100_A0A3M6TKX3 G_PROTEIN 100.0 7.3E-48 8.2E-54  364.8   0.0  290   71-362    74-374 (427)
     136 tr|A0A1D1V6H4|A0A1D1V6H4_RAMVA 100.0 8.3E-48 8.9E-54  359.8   0.0  308   60-367    49-378 (498)
     137 tr|W4YH96|W4YH96_STRPU Unchara 100.0 8.5E-48   9E-54  343.6   0.0  304   58-365    22-327 (394)
     138 tr|A0A141CIT8|A0A141CIT8_VARDE 100.0   1E-47 1.1E-53  353.2   0.0  302   61-362    74-380 (461)
     139 UniRef100_A0A2B4SKX3 Cholecyst 100.0   1E-47 1.1E-53  359.3   0.0  292   66-363    65-413 (428)
     140 tr|M3ZFE6|M3ZFE6_XIPMA Somatos 100.0 1.1E-47 1.1E-53  359.1   0.0  286   69-362   101-389 (525)
     141 UniRef100_A0A1S3IXU9 RYamide r 100.0 1.2E-47 1.3E-53  349.1   0.0  298   66-365    29-333 (438)
     142 UniRef100_A0A0A1XP15 Neuropept 100.0 1.2E-47 1.3E-53  350.8   0.0  301   62-363    61-374 (421)
     143 UniRef100_A0A060VUW6 G_PROTEIN 100.0 1.4E-47 1.6E-53  382.4   0.0  281   71-361   116-438 (574)
     144 UniRef100_A0A484BLT1 G_PROTEIN 100.0 1.6E-47 1.6E-53  353.2   0.0  304   63-366   183-496 (670)
     145 tr|C3XSP5|C3XSP5_BRAFL Unchara 100.0 1.6E-47 1.7E-53  347.8   0.0  293   70-364    25-328 (403)
     146 UniRef100_A0A060W5Z4 G_PROTEIN 100.0 1.7E-47 1.9E-53  369.7   0.0  282   72-363   190-475 (593)
     147 UniRef100_A0A091EBV8 Type-1 an 100.0 1.7E-47 1.9E-53  378.6   0.0  278   69-360   344-628 (715)
     148 UniRef100_A0A067RDC3 Prolactin 100.0 1.9E-47 2.1E-53  362.8   0.0  290   71-361    63-355 (541)
     149 tr|A0A147BFV4|A0A147BFV4_IXORI 100.0 2.2E-47 2.3E-53  345.5   0.0  289   73-362    41-334 (402)
     150 tr|T1K8Z9|T1K8Z9_TETUR Unchara 100.0 2.2E-47 2.3E-53  351.6   0.0  301   63-363   106-415 (485)
     151 UniRef100_A0A0L8GIM4 G_PROTEIN 100.0 2.2E-47 2.5E-53  372.8   0.0  292   68-361    93-394 (481)
     152 UniRef100_A0A034WQT6 Tachykini 100.0 2.4E-47 2.5E-53  365.6   0.0  303   61-364   105-420 (694)
     153 ERR1719510_236906              100.0 2.4E-47 2.7E-53  369.7   0.0  301   64-365    74-376 (577)
     154 tr|A0A147AZW9|A0A147AZW9_FUNHE 100.0 2.5E-47 2.9E-53  372.6   0.0  293   72-365    85-436 (468)
     155 UniRef100_A0A077Z2H9 Putative  100.0 2.9E-47 3.2E-53  365.5   0.0  291   72-363    71-397 (477)
     156 UniRef100_A0A0P5DS31 Neuropept 100.0 3.2E-47 3.4E-53  348.7   0.0  307   56-362    69-384 (482)
     157 tr|A0A139WLV7|A0A139WLV7_TRICA 100.0 3.5E-47 3.7E-53  368.7   0.0  296   66-362   392-697 (792)
     158 tr|A0A151NBW9|A0A151NBW9_ALLMI 100.0 3.5E-47 3.8E-53  356.9   0.0  298   64-363    72-392 (472)
     159 tr|A0A218UWX7|A0A218UWX7_9PASE 100.0   4E-47 4.3E-53  356.6   0.0  291   73-365    41-343 (474)
     160 tr|W4Z2N2|W4Z2N2_STRPU Unchara 100.0 4.5E-47 4.8E-53  344.9   0.0  291   73-363    57-353 (406)
     161 UniRef100_A0A060X690 G_PROTEIN 100.0 4.8E-47 5.2E-53  349.6   0.0  282   74-360    48-333 (386)
     162 UniRef100_A0A480TT79 NK-3 rece 100.0 5.8E-47   6E-53  332.2   0.0  285    1-285   103-399 (408)
     163 UniRef100_A0A087REY1 NPY-Y2 re 100.0   6E-47 6.5E-53  361.1   0.0  285   74-362   188-478 (599)
     164 UniRef100_A0A6P6Y480 tachykini 100.0 6.6E-47 6.8E-53  347.7   0.0  299   65-363   182-489 (641)
     165 UniRef100_A0A193KU97 GCR058 n= 100.0 6.3E-47 6.9E-53  345.8   0.0  297   63-359    16-328 (379)
     166 tr|C3XVS5|C3XVS5_BRAFL Unchara 100.0 6.6E-47 7.2E-53  349.1   0.0  290   70-362    65-363 (425)
     167 UniRef100_A0A2B4SC76 Substance 100.0 7.4E-47 8.4E-53  365.2   0.0  289   72-361    54-351 (461)
     168 UniRef100_A0A5E4M8X0 Neurokini 100.0 8.3E-47 8.6E-53  341.7   0.0  305   60-364    24-337 (546)
     169 UniRef100_A0A6P8IFK2 neuromedi 100.0 7.9E-47 8.7E-53  347.3   0.0  291   71-362    24-321 (363)
     170 tr|A0A2B4SAJ4|A0A2B4SAJ4_STYPI 100.0 8.9E-47 9.9E-53  355.6   0.0  289   73-363    29-334 (434)
     171 UniRef100_A0A016WHR5 G_PROTEIN 100.0 9.1E-47   1E-52  349.0   0.0  303   64-368    62-376 (412)
     172 UniRef100_A0A0K0PUV0 FVRIamide 100.0 9.5E-47 1.1E-52  359.5   0.0  283   72-362    52-378 (458)
     173 tr|A0A194QDR7|A0A194QDR7_PAPXU 100.0   1E-46 1.1E-52  345.1   0.0  300   61-360    58-365 (468)
     174 tr|A0A2B4SID7|A0A2B4SID7_STYPI 100.0   1E-46 1.1E-52  361.9   0.0  288   73-364    32-329 (422)
     175 UniRef100_A0A2B4RPR9 Allatosta 100.0 1.1E-46 1.3E-52  362.3   0.0  287   72-359    47-341 (446)
     176 UniRef100_A0A061A7W5 G_PROTEIN 100.0 1.2E-46 1.4E-52  360.9   0.0  287   68-362    57-358 (473)
     177 tr|A0A162CQ51|A0A162CQ51_9CRUS 100.0 1.3E-46 1.4E-52  351.5   0.0  306   58-363   148-462 (655)
     178 UniRef100_A0A336LUR7 CSON00145 100.0 1.6E-46 1.6E-52  355.8   0.0  297   67-363    82-386 (670)
     179 UniRef100_A0A060X5Z5 G_PROTEIN 100.0 1.5E-46 1.7E-52  364.4   0.0  285   69-364    81-386 (522)
     180 UniRef100_A0A077YWL6 Somatosta 100.0 1.5E-46 1.7E-52  363.9   0.0  289   73-364    66-362 (446)
     181 tr|A0A182QHF8|A0A182QHF8_9DIPT 100.0 1.6E-46 1.7E-52  355.0   0.0  294   67-361    95-405 (581)
     182 tr|A0A1I8M930|A0A1I8M930_MUSDO 100.0 1.8E-46 1.9E-52  376.9   0.0  279   74-360   190-576 (963)
     183 tr|A0A2B4SKI0|A0A2B4SKI0_STYPI 100.0 1.7E-46 1.9E-52  357.8   0.0  284   73-360    98-396 (458)
     184 UniRef100_A0A087RJN6 Somatosta 100.0 1.7E-46   2E-52  360.8   0.0  282   69-360    57-341 (391)
     185 UniRef100_A0A2B4SVS8 Neuropept 100.0 2.1E-46 2.4E-52  362.6   0.0  289   73-362    89-382 (480)
     186 UniRef100_A0A0N0PF28 Orexin re 100.0 2.2E-46 2.4E-52  358.9   0.0  282   75-359   139-456 (588)
     187 tr|A0A1L8G1N6|A0A1L8G1N6_XENLA 100.0 2.3E-46 2.5E-52  348.9   0.0  280   73-363   117-399 (448)
     188 UniRef100_A0A096NAQ2 Cholecyst 100.0 2.4E-46 2.6E-52  359.3   0.0  285   76-361   154-500 (617)
     189 tr|A0A1W0WKP0|A0A1W0WKP0_HYPDU 100.0 2.7E-46 2.8E-52  352.3   0.0  292   67-358    71-372 (624)
     190 tr|A0A067RDC3|A0A067RDC3_ZOONE 100.0 2.6E-46 2.9E-52  359.5   0.0  297   67-364    66-365 (506)
     191 tr|A0A2H1W6Q0|A0A2H1W6Q0_SPOFR 100.0 2.8E-46 3.1E-52  351.9   0.0  290   72-362    70-363 (466)
     192 tr|G3S2I3|G3S2I3_GORGO Opioid  100.0 3.2E-46 3.4E-52  347.0   0.0  280   72-357   162-444 (492)
     193 UniRef100_A0A026VW91 Neuropept 100.0 3.4E-46 3.6E-52  346.1   0.0  294   70-363   186-487 (582)
     194 tr|A0A2B4RXD1|A0A2B4RXD1_STYPI 100.0 3.6E-46 3.9E-52  345.2   0.0  285   74-362    95-380 (416)
     195 UniRef100_A0A087XDT1 Somatosta 100.0 3.7E-46 3.9E-52  356.7   0.0  289   65-361   161-452 (676)
     196 UniRef100_A0A0L8H201 G_PROTEIN 100.0 3.6E-46 3.9E-52  344.6   0.0  294   67-360    80-380 (461)
     197 UniRef100_A0A3M6U5X4 G_PROTEIN 100.0 3.9E-46 4.3E-52  339.0   0.0  284   68-362    34-320 (339)
     198 tr|C3XVU5|C3XVU5_BRAFL Unchara 100.0 3.9E-46 4.3E-52  343.9   0.0  297   61-360    50-354 (439)
     199 UniRef100_E9HAW0 G_PROTEIN_REC 100.0 3.9E-46 4.3E-52  342.7   0.0  288   71-362    63-356 (393)
     200 UniRef100_A0A2B4SID7 Neuropept 100.0 4.1E-46 4.5E-52  352.9   0.0  292   69-361    78-378 (462)
     201 tr|U3U974|U3U974_NILLU Neurope 100.0 4.5E-46 4.8E-52  341.9   0.0  301   61-362    54-363 (452)
     202 tr|A0A0S1YD80|A0A0S1YD80_CHISP 100.0 4.5E-46 4.9E-52  350.2   0.0  292   67-361   159-463 (513)
     203 tr|A0A2C9GPU2|A0A2C9GPU2_ANOAR 100.0 4.8E-46 5.2E-52  365.5   0.0  290   72-364   322-638 (818)
     204 UniRef100_A0A2J7Q2Z5 G_PROTEIN 100.0 5.1E-46 5.4E-52  336.5   0.0  293   67-359    64-364 (433)
     205 UniRef100_A0A087R306 Hypocreti 100.0 5.4E-46 5.7E-52  351.2   0.0  290   74-364   152-481 (594)
     206 UniRef100_A0A2G8JR46 Putative  100.0 5.7E-46 6.6E-52  357.3   0.0  281   76-362    66-356 (411)
     207 UniRef100_A0A2B4RXD1 Neuropept 100.0 6.1E-46 6.7E-52  351.4   0.0  292   71-365    93-385 (461)
     208 tr|J9K651|J9K651_ACYPI Unchara 100.0 6.6E-46 7.1E-52  341.6   0.0  295   69-363    86-388 (440)
     209 UniRef100_UPI000CEAFA63 neurom 100.0 7.1E-46 7.3E-52  305.5   0.0  247  103-349     1-248 (248)
     210 UniRef100_A0A091DWF1 Somatosta 100.0 6.9E-46 7.4E-52  347.8   0.0  281   73-361   156-439 (523)
     211 tr|Q7PRC5|Q7PRC5_ANOGA AGAP002 100.0   7E-46 7.5E-52  344.2   0.0  301   62-362    69-380 (491)
     212 UniRef100_A0A3M6UAU0 G_PROTEIN 100.0   7E-46 7.6E-52  354.9   0.0  288   72-360    35-327 (552)
     213 UniRef100_A0A060W212 G_PROTEIN 100.0 7.4E-46 7.8E-52  306.8   0.0  209  236-446     3-213 (223)
     214 UniRef100_A0A087R2J6 Neuropept 100.0 8.2E-46 8.8E-52  356.8   0.0  299   60-360   200-517 (638)
     215 tr|W8C2A8|W8C2A8_CERCA Neurope 100.0 8.3E-46   9E-52  362.9   0.0  292   69-361   261-563 (827)
     216 UniRef100_A0A0C9QBK4 GHSR_0 pr 100.0   8E-46 9.2E-52  369.5   0.0  292   67-360   167-472 (591)
     217 UniRef100_A0A0K0PUH0 Orphan G- 100.0 8.8E-46 9.9E-52  365.2   0.0  285   71-357   135-468 (583)
     218 UniRef100_A0A060W9T7 G_PROTEIN 100.0 9.6E-46   1E-51  348.6   0.0  284   73-362   186-472 (616)
     219 UniRef100_A0A077Z2V7 Neuropept 100.0 9.5E-46   1E-51  344.7   0.0  300   71-370    68-383 (451)
     220 UniRef100_A0A2G8L6L1 Putative  100.0 9.4E-46   1E-51  344.3   0.0  285   69-362    32-324 (407)
     221 UniRef100_A0A060VVF8 G_PROTEIN 100.0 9.3E-46 1.1E-51  360.8   0.0  287   67-361   134-432 (511)
     222 UniRef100_A0A060X360 G_PROTEIN 100.0 1.1E-45 1.2E-51  347.4   0.0  286   71-363    98-389 (477)
     223 UniRef100_A0A2B4S4U3 Beta-2 ad 100.0 1.2E-45 1.3E-51  338.6   0.0  294   66-361    22-320 (372)
     224 UniRef100_A0A553PRF0 G_PROTEIN 100.0 1.3E-45 1.4E-51  330.6   0.0  325   27-359    55-387 (493)
     225 tr|A0A1W4X1F3|A0A1W4X1F3_AGRPL 100.0 1.4E-45 1.5E-51  345.4   0.0  299   65-364   126-433 (485)
     226 UniRef100_A0A1I8NEF2 G_PROTEIN 100.0 1.5E-45 1.6E-51  327.0   0.0  301   49-349   142-450 (450)
     227 tr|K1PEH3|K1PEH3_CRAGI Neurope 100.0 1.5E-45 1.6E-51  338.9   0.0  296   66-363    41-358 (411)
     228 tr|A0A151ITZ3|A0A151ITZ3_9HYME 100.0 1.6E-45 1.8E-51  346.2   0.0  295   67-363    62-420 (481)
     229 UniRef100_A0A0N7ZK52 Class a r 100.0 1.8E-45 1.8E-51  339.7   0.0  300   60-359   134-442 (617)
     230 UniRef100_A0A3M6UME8 G_PROTEIN 100.0 1.6E-45 1.8E-51  344.1   0.0  285   73-363    40-325 (383)
     231 tr|E0D358|E0D358_HEMPU Dopamin 100.0 1.7E-45 1.9E-51  343.4   0.0  278   76-364    28-330 (435)
     232 UniRef100_A0A6S7JE64 Neuropept 100.0 1.8E-45   2E-51  344.1   0.0  292   67-362    29-321 (412)
     233 tr|A0A2B4SSL5|A0A2B4SSL5_STYPI 100.0   2E-45 2.1E-51  329.9   0.0  289   74-365    23-312 (344)
     234 tr|A0A1W2W3E6|A0A1W2W3E6_CIOIN 100.0   2E-45 2.1E-51  342.8   0.0  292   67-362    52-351 (487)
     235 UniRef100_A0A068WW83 Allatosta 100.0 1.9E-45 2.2E-51  355.5   0.0  283   68-356    62-347 (432)
     236 UniRef100_A0A4W3J5P7 G_PROTEIN 100.0 2.1E-45 2.2E-51  319.2   0.0  285  167-452    71-358 (358)
     237 UniRef100_A0A2B4SJE7 Orexin re 100.0 2.1E-45 2.4E-51  352.4   0.0  292   71-364   133-433 (517)
     238 UniRef100_A7RGN9 Predicted pro 100.0 2.3E-45 2.5E-51  332.1   0.0  282   72-360    30-312 (317)
     239 tr|S9YJE2|S9YJE2_CAMFR Somatos 100.0 2.4E-45 2.6E-51  336.9   0.0  282   73-360   113-398 (438)
     240 tr|V8PD93|V8PD93_OPHHA Type-2  100.0 2.6E-45 2.9E-51  350.6   0.0  285   69-361    72-367 (412)
     241 tr|A0A1V4J9T1|A0A1V4J9T1_PATFA 100.0 2.8E-45   3E-51  334.2   0.0  285   73-363    69-356 (461)
     242 UniRef100_A0A087T336 Somatosta 100.0 2.9E-45 3.2E-51  343.7   0.0  290   68-362    73-367 (454)
     243 tr|K1PQW2|K1PQW2_CRAGI Putativ 100.0   3E-45 3.2E-51  335.6   0.0  293   71-363    56-354 (437)
     244 tr|A0A091DWF1|A0A091DWF1_FUKDA 100.0 3.1E-45 3.3E-51  335.6   0.0  285   69-361   153-440 (483)
     245 tr|A7SD89|A7SD89_NEMVE Predict 100.0 3.3E-45 3.5E-51  327.6   0.0  283   74-364    39-332 (355)
     246 UniRef100_A0A1V9XU68 Tyramine/ 100.0 3.3E-45 3.7E-51  344.7   0.0  281   74-363    54-354 (408)
     247 tr|A0A195CFA6|A0A195CFA6_9HYME 100.0 3.5E-45 3.7E-51  334.9   0.0  305   60-364    92-405 (474)
     248 UniRef100_A0A034WDF0 Allatosta 100.0 3.5E-45 3.9E-51  350.0   0.0  284   73-362    96-385 (459)
     249 UniRef100_A0A0P0YUU8 Cannabino 100.0 3.8E-45 4.1E-51  346.3   0.0  289   75-365    85-420 (496)
     250 tr|A0A210R0K7|A0A210R0K7_MIZYE 100.0   4E-45 4.3E-51  339.2   0.0  294   69-363    70-426 (470)
     251 tr|A0A1D1UXI1|A0A1D1UXI1_RAMVA 100.0 4.1E-45 4.4E-51  342.8   0.0  286   73-363    82-376 (499)
     252 UniRef100_A0A1L8GQY3 Alpha-1B  100.0 4.5E-45 4.9E-51  344.9   0.0  282   71-362    45-368 (510)
     253 UniRef100_A0A060YY06 G_PROTEIN 100.0 4.8E-45 5.2E-51  345.2   0.0  292   67-360    98-406 (490)
     254 UniRef100_A0A1D1V5S1 G_PROTEIN 100.0   5E-45 5.4E-51  342.2   0.0  281   72-361    56-358 (484)
     255 tr|L7LZ94|L7LZ94_9ACAR Putativ 100.0 5.2E-45 5.6E-51  336.0   0.0  287   74-363   104-393 (438)
     256 tr|A0A0R4IQ19|A0A0R4IQ19_DANRE 100.0 5.4E-45 5.7E-51  327.5   0.0  286   74-362    57-347 (384)
     257 tr|A0A1W5BLB8|A0A1W5BLB8_CIOIN 100.0 6.1E-45 6.3E-51  327.6   0.0  303   59-361   124-431 (483)
     258 UniRef100_A0A060XMX0 NPY-Y2 re 100.0 6.4E-45 6.8E-51  333.3   0.0  285   74-362   125-414 (452)
     259 UniRef100_A0A132AJH3 7 transme 100.0 6.1E-45 6.9E-51  346.6   0.0  293   71-364    67-390 (447)
     260 UniRef100_A0A016SN05 G_PROTEIN 100.0 8.1E-45 8.7E-51  329.0   0.0  303   61-363    38-348 (410)
     261 tr|A0A0P7TYE1|A0A0P7TYE1_9TELE 100.0 8.3E-45 8.9E-51  341.0   0.0  288   74-362   125-473 (507)
     262 tr|A0A087UNN0|A0A087UNN0_9ARAC 100.0 8.4E-45   9E-51  332.2   0.0  289   72-361    52-350 (438)
     263 tr|A7S585|A7S585_NEMVE Predict 100.0 8.2E-45 9.1E-51  338.4   0.0  292   73-364    25-327 (374)
     264 UniRef100_A0A060X0R7 Uncharact 100.0 8.6E-45 9.1E-51  327.2   0.0  282   71-360    56-340 (383)
     265 UniRef100_A0A0L7QLJ1 Neuropept 100.0 8.8E-45 9.2E-51  330.7   0.0  292   72-363   127-426 (485)
     266 UniRef100_A0A411JKA0 TK recept 100.0 9.2E-45 9.7E-51  326.2   0.0  257  111-367    12-272 (434)
     267 UniRef100_A0A087QJ32 Putative  100.0 9.2E-45   1E-50  345.3   0.0  294   68-365   172-472 (561)
     268 UniRef100_A0A060VZ71 G_PROTEIN 100.0 9.2E-45   1E-50  353.5   0.0  290   69-360   225-533 (650)
     269 tr|A7SIX0|A7SIX0_NEMVE Predict 100.0 9.8E-45 1.1E-50  334.2   0.0  287   74-361    26-317 (403)
     270 tr|A0A0P7U0M1|A0A0P7U0M1_9TELE 100.0 1.1E-44 1.2E-50  331.9   0.0  289   72-362   101-411 (440)
     271 tr|A0A1I8MRR4|A0A1I8MRR4_MUSDO 100.0 1.1E-44 1.2E-50  350.8   0.0  292   71-363   257-559 (819)
     272 UniRef100_A0A090MPT1 Tachykini 100.0 1.1E-44 1.2E-50  334.7   0.0  302   64-367    50-365 (420)
     273 UniRef100_A0A0L8I310 G_PROTEIN 100.0 1.1E-44 1.3E-50  348.5   0.0  285   75-361    48-367 (468)
     274 UniRef100_A0A026WIP6 Cholecyst 100.0 1.2E-44 1.3E-50  357.7   0.0  296   65-363   164-530 (636)
     275 UniRef100_A0A0E3EKU4 Allatotro 100.0 1.3E-44 1.4E-50  338.0   0.0  283   77-362   136-431 (562)
     276 UniRef100_A0A151N382 Galanin r 100.0 1.3E-44 1.4E-50  323.8   0.0  285   73-363    31-317 (392)
     277 ERR1719232_1416524             100.0 1.4E-44 1.5E-50  335.6   0.0  293   72-364    25-326 (454)
     278 tr|L5JUA4|L5JUA4_PTEAL Neurope 100.0 1.4E-44 1.5E-50  338.5   0.0  308   66-374    29-350 (509)
     279 tr|A0A1V4KUV7|A0A1V4KUV7_PATFA 100.0 1.6E-44 1.6E-50  328.6   0.0  284   74-362   120-410 (450)
     280 UniRef100_A0A210R663 Neuropept 100.0 1.5E-44 1.7E-50  334.3   0.0  301   63-364    34-340 (377)
     281 tr|A0A1D2MMS7|A0A1D2MMS7_ORCCI 100.0 1.6E-44 1.7E-50  346.4   0.0  288   62-363   113-405 (612)
     282 UniRef100_A0A6A7FZZ2 Tachykini 100.0 1.7E-44 1.8E-50  331.2   0.0  303   62-364   262-573 (623)
     283 UniRef100_A0A210QT45 G-protein 100.0 1.7E-44 1.8E-50  337.1   0.0  284   75-360    61-355 (472)
     284 UniRef100_A0A044T5H8 G_PROTEIN 100.0 1.8E-44 1.9E-50  351.6   0.0  288   67-362   240-568 (693)
     285 SRR6218665_1158703             100.0 1.8E-44   2E-50  335.9   0.0  302   61-363    25-335 (413)
     286 UniRef100_A0A1S3F7I6 neuropept 100.0 1.8E-44   2E-50  349.9   0.0  294   65-360   243-555 (712)
     287 tr|A7RNV5|A7RNV5_NEMVE Predict 100.0 1.8E-44   2E-50  331.8   0.0  283   73-359    32-323 (377)
     288 UniRef100_A0A0L8GNI0 G_PROTEIN 100.0 1.9E-44 2.1E-50  330.3   0.0  287   74-361    65-356 (437)
     289 UniRef100_A0A556V0W1 NK-1 rece 100.0 2.1E-44 2.1E-50  312.2   0.0  262  169-446    96-361 (363)
     290 UniRef100_A0A060W247 Cholecyst 100.0   2E-44 2.2E-50  346.2   0.0  290   72-362   127-476 (563)
     291 UniRef100_UPI0001CB9A7E tachyk 100.0 2.1E-44 2.2E-50  320.9   0.0  303   62-365    36-341 (389)
     292 UniRef100_A0A024FLZ5 PQRFa pep 100.0 2.1E-44 2.3E-50  334.5   0.0  294   64-359    49-348 (416)
     293 tr|A0A2B4RSD1|A0A2B4RSD1_STYPI 100.0   2E-44 2.3E-50  348.8   0.0  292   66-363    44-382 (430)
     294 UniRef100_A0A2B4RFH8 Neuropept 100.0   2E-44 2.4E-50  353.3   0.0  290   72-361    64-365 (439)
     295 UniRef100_A0A0N7ZAP9 G_PROTEIN 100.0 2.2E-44 2.5E-50  340.5   0.0  289   72-363    76-367 (421)
     296 tr|A0A1S3NNV5|A0A1S3NNV5_SALSA 100.0 2.5E-44 2.7E-50  336.2   0.0  294   68-363    58-381 (499)
     297 UniRef100_A0A0N1IB59 Orexin re 100.0 2.5E-44 2.7E-50  336.7   0.0  284   73-359   129-448 (546)
     298 SRR6218665_147192              100.0 2.5E-44 2.8E-50  336.7   0.0  300   62-362    90-396 (466)
     299 UniRef100_A0A2B4SE17 Substance 100.0 2.4E-44 2.8E-50  352.3   0.0  297   67-363    59-366 (467)
     300 tr|W5MC67|W5MC67_LEPOC Pyroglu 100.0 2.7E-44 2.9E-50  330.4   0.0  291   72-363    53-360 (441)
     301 UniRef100_A0A084VLD5 AGAP00422 100.0 2.7E-44 2.9E-50  345.1   0.0  287   63-359   234-592 (695)
     302 tr|A0A096NTW4|A0A096NTW4_PAPAN 100.0 2.9E-44 3.1E-50  331.7   0.0  290   72-361   132-425 (442)
     303 UniRef100_A0A1D2MAK0 Neuropept 100.0   3E-44 3.2E-50  329.9   0.0  300   60-359    69-379 (428)
     304 tr|A0A0P5T2I6|A0A0P5T2I6_9CRUS 100.0 3.2E-44 3.4E-50  341.3   0.0  284   76-362    69-410 (542)
     305 UniRef100_A0A060WEJ5 G_PROTEIN 100.0 3.5E-44 3.8E-50  348.0   0.0  282   74-363   115-457 (544)
     306 UniRef100_A0A226E361 Neuropept 100.0   4E-44 4.3E-50  330.6   0.0  303   64-366    60-369 (450)
     307 tr|A0A1D2N5F0|A0A1D2N5F0_ORCCI 100.0 4.2E-44 4.5E-50  336.0   0.0  290   72-362    54-348 (559)
     308 UniRef100_A0A0J9RYF2 G_PROTEIN 100.0 4.3E-44 4.6E-50  346.6   0.0  294   67-361   153-508 (761)
     309 tr|A0A2B4RYW3|A0A2B4RYW3_STYPI 100.0 4.5E-44 4.8E-50  362.7   0.0  286   74-363    41-327 (1580)
     310 tr|A0A2B4RYF4|A0A2B4RYF4_STYPI 100.0 4.4E-44 4.8E-50  330.2   0.0  283   76-361    28-310 (402)
     311 UniRef100_A0A023F3V9 Putative  100.0 4.5E-44 4.9E-50  341.5   0.0  284   73-361   133-422 (574)
     312 UniRef100_A0A077KAM5 PQRFa pep 100.0 4.7E-44 4.9E-50  334.1   0.0  295   66-362   132-445 (539)
     313 UniRef100_A0A182H1J6 G_PROTEIN 100.0   5E-44 5.3E-50  354.1   0.0  187   76-263   322-512 (1005)
     314 UniRef100_A0A3M6UKX8 G_PROTEIN 100.0 4.8E-44 5.4E-50  347.2   0.0  292   70-362   116-420 (487)
     315 UniRef100_A0A2B4RHY9 Pyrogluta 100.0 4.8E-44 5.6E-50  351.5   0.0  284   73-362    82-371 (455)
     316 tr|A0A218UB83|A0A218UB83_9PASE 100.0 5.2E-44 5.6E-50  343.3   0.0  282   71-362   192-512 (631)
     317 UniRef100_A0A6I9VJF2 RYamide r 100.0 5.7E-44   6E-50  329.3   0.0  281   76-358   185-473 (569)
     318 tr|L9JDH9|L9JDH9_TUPCH Orexin  100.0 5.7E-44   6E-50  337.2   0.0  288   74-362   221-573 (621)
     319 UniRef100_A0A2B4SVC4 Dopamine  100.0 5.5E-44 6.1E-50  334.5   0.0  265   76-361    59-329 (397)
     320 UniRef100_UPI0014028F90 tachyk 100.0 6.4E-44 6.6E-50  328.4   0.0  303   60-362   132-443 (638)
     321 tr|A0A061ILI5|A0A061ILI5_CRIGR 100.0 6.3E-44 6.7E-50  330.4   0.0  286   74-362   199-491 (528)
     322 UniRef100_A0A0M8ZY33 Tachykini 100.0 6.6E-44   7E-50  330.0   0.0  303   63-365    79-396 (491)
     323 tr|A0A2B4REF9|A0A2B4REF9_STYPI 100.0 6.5E-44 7.1E-50  365.3   0.0  292   73-364   926-1232(1279)
     324 UniRef100_A0A067RAQ2 Neuropept 100.0 6.7E-44 7.1E-50  329.8   0.0  303   62-364    90-398 (509)
     325 UniRef100_A0A162CQ51 Neuropept 100.0 7.9E-44 8.1E-50  328.6   0.0  303   60-362   150-461 (655)
     326 UniRef100_A0A068WVN8 Biogenic  100.0 7.5E-44 8.3E-50  351.6   0.0  287   67-361   115-506 (641)
     327 tr|A0A146TL67|A0A146TL67_FUNHE 100.0 7.3E-44 8.7E-50  351.4   0.0  288   68-362    22-404 (442)
     328 UniRef100_A0A2B4R9G2 Melatonin 100.0 8.1E-44 9.4E-50  350.5   0.0  288   67-362    75-366 (461)
     329 UniRef100_A0A060WMC3 Alpha-1D  100.0 9.5E-44   1E-49  336.7   0.0  282   72-362   110-432 (564)
     330 UniRef100_A0A4Y2CVZ3 Putative  100.0   1E-43 1.1E-49  328.7   0.0  291   74-365    45-340 (473)
     331 tr|A0A0R3NFZ1|A0A0R3NFZ1_DROPS 100.0 1.1E-43 1.2E-49  339.7   0.0  281   76-358   121-410 (536)
     332 tr|A0A2H1WMM8|A0A2H1WMM8_SPOFR 100.0 1.1E-43 1.2E-49  324.4   0.0  295   66-361    28-325 (462)
     333 UniRef100_A0A2B4SQU8 Orexin re 100.0 1.1E-43 1.2E-49  323.1   0.0  290   68-361    32-345 (370)
     334 tr|A0A1S3F7I6|A0A1S3F7I6_DIPOR 100.0 1.2E-43 1.3E-49  329.7   0.0  292   64-362   158-464 (543)
     335 UniRef100_A0A401NJB3 G_PROTEIN 100.0 1.2E-43 1.3E-49  335.5   0.0  286   69-360    39-357 (517)
     336 UniRef100_A0A2B4RGU4 5-hydroxy 100.0 1.1E-43 1.3E-49  349.5   0.0  286   70-362    63-370 (478)
     337 tr|A0A0L0BYA7|A0A0L0BYA7_LUCCU 100.0 1.2E-43 1.3E-49  337.8   0.0  279   74-361   312-625 (678)
     338 UniRef100_UPI00089DBA6B tachyk 100.0 1.3E-43 1.3E-49  318.7   0.0  301   60-360   125-430 (500)
     339 tr|A0A1S3J712|A0A1S3J712_LINUN 100.0 1.2E-43 1.3E-49  324.2   0.0  295   67-361    67-380 (437)
     340 ERR1719270_232748              100.0 1.3E-43 1.4E-49  330.4   0.0  292   72-363    31-333 (446)
     341 tr|A0A1S3NAI3|A0A1S3NAI3_SALSA 100.0 1.3E-43 1.4E-49  324.0   0.0  285   74-362    97-386 (439)
     342 UniRef100_A0A7M7SYV2 G_PROTEIN 100.0 1.4E-43 1.5E-49  341.9   0.0  281   72-363    67-399 (630)
     343 tr|A0A0Q3PK06|A0A0Q3PK06_AMAAE 100.0 1.4E-43 1.5E-49  348.0   0.0  301   61-363   512-831 (901)
     344 UniRef100_A0A060WWU7 G_PROTEIN 100.0 1.5E-43 1.6E-49  335.2   0.0  283   71-361    67-381 (545)
     345 tr|W4Y131|W4Y131_STRPU Unchara 100.0 1.6E-43 1.7E-49  323.1   0.0  289   76-366    58-359 (424)
     346 tr|A0A218V371|A0A218V371_9PASE 100.0 1.7E-43 1.8E-49  331.0   0.0  293   68-364   260-559 (606)
     347 tr|R4J1H6|R4J1H6_SALSA Cholecy 100.0 1.7E-43 1.9E-49  326.2   0.0  291   74-365    48-409 (461)
     348 tr|A0A1S3KDE4|A0A1S3KDE4_LINUN 100.0 1.9E-43   2E-49  333.9   0.0  284   72-357   130-423 (537)
     349 tr|T1H8Z5|T1H8Z5_RHOPR Unchara 100.0 1.9E-43   2E-49  325.0   0.0  299   60-359    71-379 (490)
     350 tr|A0A232F0R3|A0A232F0R3_9HYME 100.0   2E-43 2.2E-49  326.2   0.0  280   73-362   104-423 (458)
     351 UniRef100_A0A026WCQ7 Tyramine  100.0 1.9E-43 2.2E-49  353.7   0.0  287   64-363   175-588 (665)
     352 UniRef100_UPI0001CB9839 neurop 100.0 2.2E-43 2.4E-49  331.6   0.0  287   73-360    76-372 (481)
     353 tr|A0A1A8LLP2|A0A1A8LLP2_9TELE 100.0 2.4E-43 2.6E-49  327.8   0.0  285   69-361    90-396 (455)
     354 UniRef100_A0A3B4VB96 Beta-2 ad 100.0 2.4E-43 2.6E-49  330.2   0.0  288   69-361    49-360 (464)
     355 UniRef100_A0A087XT11 Alpha-1B  100.0 2.5E-43 2.6E-49  334.1   0.0  281   71-361    78-403 (622)
     356 UniRef100_A0A2B4S7A4 Alpha-1A  100.0 2.4E-43 2.7E-49  330.6   0.0  266   74-363    41-310 (392)
     357 UniRef100_A0A060X1U9 G_PROTEIN 100.0 2.6E-43 2.8E-49  339.8   0.0  280   71-360   137-455 (633)
     358 UniRef100_A0A060XP11 G_PROTEIN 100.0 2.7E-43   3E-49  337.8   0.0  284   70-362    88-392 (497)
     359 UniRef100_A0A7R8VDE7 Hypotheti 100.0 3.1E-43 3.1E-49  318.7   0.0  315   62-376   195-518 (538)
     360 tr|A0A146U732|A0A146U732_FUNHE 100.0 2.7E-43 3.2E-49  356.4   0.0  292   67-359   186-544 (590)
     361 tr|A0A2B4SDF9|A0A2B4SDF9_STYPI 100.0 3.1E-43 3.3E-49  315.6   0.0  295   64-362    28-326 (356)
     362 UniRef100_A0A1I8HKX2 G_PROTEIN 100.0 3.2E-43 3.5E-49  333.1   0.0  283   70-362    38-411 (442)
     363 tr|A0A194Q241|A0A194Q241_PAPXU 100.0 3.5E-43 3.7E-49  337.6   0.0  284   60-362   425-708 (769)
     364 tr|A0A183W5E7|A0A183W5E7_TRIRE 100.0 3.8E-43 4.1E-49  328.3   0.0  289   73-362    52-352 (503)
     365 UniRef100_UPI00084A87DB tachyk 100.0   4E-43 4.1E-49  319.9   0.0  300   62-361    23-327 (572)
     366 UniRef100_F6ZHC8 Uncharacteriz 100.0 3.8E-43 4.1E-49  332.7   0.0  286   74-361    89-463 (520)
     367 tr|G3R6B9|G3R6B9_GORGO Neurope 100.0 4.1E-43 4.3E-49  324.8   0.0  302   60-363   135-455 (522)
     368 UniRef100_A0A026VXG0 Octopamin 100.0 3.9E-43 4.3E-49  343.2   0.0  284   68-359    77-537 (647)
     369 tr|A0A2B4SUH3|A0A2B4SUH3_STYPI 100.0 3.9E-43 4.3E-49  329.3   0.0  279   76-361    29-330 (385)
     370 ERR1712223_23408               100.0 4.2E-43 4.4E-49  323.2   0.0  290   70-359    46-349 (462)
     371 UniRef100_A0A3M6TPP0 G_PROTEIN 100.0 3.9E-43 4.5E-49  335.6   0.0  286   70-362    48-354 (424)
     372 UniRef100_A0A1A8LLZ9 Hypocreti 100.0 4.2E-43 4.5E-49  320.9   0.0  290   73-363    65-373 (413)
     373 UniRef100_A0A091L2D9 Orexin re 100.0 4.2E-43 4.5E-49  319.5   0.0  286   76-362    16-341 (386)
     374 UniRef100_A0A7M7HFU8 G_PROTEIN 100.0 4.1E-43 4.7E-49  338.5   0.0  281   76-362    68-364 (423)
     375 tr|A0A139WEA0|A0A139WEA0_TRICA 100.0 4.9E-43 5.1E-49  317.3   0.0  286   76-364    97-407 (464)
     376 tr|K7GCC3|K7GCC3_PELSI Adrenoc 100.0 4.8E-43 5.2E-49  325.9   0.0  287   69-361    39-362 (488)
     377 UniRef100_A0A6P4YBA8 delta-typ 100.0 5.5E-43 6.1E-49  327.4   0.0  284   75-365    53-342 (406)
     378 UniRef100_A0A2C9K7V1 G_PROTEIN 100.0   6E-43 6.3E-49  324.2   0.0  294   67-361    40-368 (502)
     379 UniRef100_A0A060XA66 G_PROTEIN 100.0 6.1E-43 6.5E-49  323.3   0.0  292   70-365   116-414 (501)
     380 UniRef100_A0A023F452 Putative  100.0   6E-43 6.5E-49  340.7   0.0  284   68-359   135-535 (660)
     381 UniRef100_A0A210QSD7 Octopamin 100.0 5.8E-43 6.6E-49  334.2   0.0  285   69-362    54-416 (423)
     382 tr|A0A0L8FIS6|A0A0L8FIS6_OCTBM 100.0   6E-43 6.6E-49  328.9   0.0  290   70-362    88-420 (485)
     383 UniRef100_A0A067RG65 Neuropept 100.0 6.2E-43 6.7E-49  331.7   0.0  292   68-360    83-392 (509)
     384 UniRef100_A0A1S3KA35 Alpha-1B  100.0 6.1E-43 6.7E-49  338.0   0.0  281   73-363    90-420 (551)
     385 UniRef100_A0A3M6TAE6 G_PROTEIN 100.0 6.2E-43 6.9E-49  331.0   0.0  272   70-360    89-366 (443)
     386 UniRef100_A0A1B0CPY1 G_PROTEIN 100.0 6.6E-43 6.9E-49  321.6   0.0  296   65-361    67-370 (488)
     387 tr|A0A1S3J6Z0|A0A1S3J6Z0_LINUN 100.0 6.5E-43   7E-49  324.4   0.0  292   74-365    49-348 (464)
     388 tr|A0A0P6B7K0|A0A0P6B7K0_9CRUS 100.0 6.7E-43 7.3E-49  337.8   0.0  288   74-364   114-489 (579)
     389 UniRef100_A0A182Q9T1 G_PROTEIN 100.0 6.9E-43 7.4E-49  338.5   0.0  284   79-365   318-628 (812)
     390 UniRef100_A0A087YQK7 Adrenocep 100.0 6.9E-43 7.4E-49  335.1   0.0  280   77-361   134-450 (617)
     391 UniRef100_A0A6P4Z684 G-protein 100.0 6.9E-43 7.5E-49  323.3   0.0  286   74-360    53-344 (425)
     392 UniRef100_A0A087QH27 C-C chemo 100.0 6.8E-43 7.7E-49  347.4   0.0  277   71-361   199-483 (591)
     393 UniRef100_A0A087QH91 Melanopsi 100.0 7.2E-43 7.8E-49  339.5   0.0  288   73-363   104-400 (629)
     394 UniRef100_A0A0L8I0T4 G_PROTEIN 100.0 7.7E-43 8.3E-49  334.1   0.0  280   74-361   135-495 (554)
     395 UniRef100_A0A077Z6D7 7tm 1 dom 100.0 9.9E-43 1.1E-48  319.3   0.0  300   61-363    31-335 (420)
     396 UniRef100_A0A087UP46 5-hydroxy 100.0 9.7E-43 1.1E-48  327.7   0.0  282   70-360    43-398 (472)
     397 tr|T1KPP2|T1KPP2_TETUR Unchara 100.0 9.9E-43 1.1E-48  328.3   0.0  278   73-361   152-435 (477)
     398 UniRef100_A0A1V4KIE8 Beta-1 ad 100.0   1E-42 1.2E-48  351.4   0.0  278   78-360    35-347 (512)
     399 UniRef100_A0A016T4B6 G_PROTEIN 100.0 1.1E-42 1.2E-48  341.3   0.0  294   68-362    98-428 (585)
     400 UniRef100_A0A146M155 Neuropept 100.0 1.2E-42 1.3E-48  330.0   0.0  286   74-360    55-360 (488)
     401 UniRef100_A0A0H3YI86 Pyrokinin 100.0 1.3E-42 1.4E-48  338.1   0.0  292   66-362    77-398 (510)
     402 tr|A7SMQ7|A7SMQ7_NEMVE Predict 100.0 1.3E-42 1.5E-48  318.8   0.0  282   76-362    15-302 (358)
     403 tr|W4Z9U8|W4Z9U8_STRPU Unchara 100.0 1.4E-42 1.5E-48  316.4   0.0  287   72-360   107-409 (434)
     404 tr|A0A2B4S4U3|A0A2B4S4U3_STYPI 100.0 1.5E-42 1.6E-48  313.0   0.0  290   68-359    21-319 (359)
     405 UniRef100_A0A0A1WLH2 Somatosta 100.0 1.4E-42 1.6E-48  335.4   0.0  289   69-362   213-507 (667)
     406 tr|U3U4E1|U3U4E1_NILLU Neurope 100.0 1.4E-42 1.6E-48  334.1   0.0  289   74-365   154-471 (606)
     407 UniRef100_A0A0A7KUZ5 Opsin 5 n 100.0 1.4E-42 1.6E-48  329.5   0.0  285   74-362    54-344 (407)
     408 UniRef100_A0A6G8J3P5 Melanin-c 100.0 1.5E-42 1.6E-48  321.3   0.0  293   67-362    56-351 (460)
     409 UniRef100_A0A060VV87 Kappa-typ 100.0 1.6E-42 1.7E-48  328.9   0.0  278   74-357   192-472 (586)
     410 UniRef100_A0A7M7HKI1 G_PROTEIN 100.0 1.5E-42 1.7E-48  329.5   0.0  292   78-374    45-347 (418)
     411 UniRef100_A0A6P4ZN87 somatosta 100.0 1.7E-42 1.8E-48  320.6   0.0  297   62-361    22-327 (391)
     412 tr|C3Z617|C3Z617_BRAFL Unchara 100.0 1.9E-42   2E-48  314.7   0.0  294   65-359    26-336 (426)
     413 UniRef100_A0A1D2M255 Somatosta 100.0 1.9E-42   2E-48  315.2   0.0  289   74-366    37-327 (382)
     414 UniRef100_A0A060VWI9 G_PROTEIN 100.0 1.9E-42 2.1E-48  331.0   0.0  277   79-360    67-392 (579)
     415 ERR1719234_923835              100.0 1.9E-42 2.1E-48  319.3   0.0  293   72-364    22-326 (422)
     416 UniRef100_A0A2B4SJV4 Galanin r 100.0 1.8E-42 2.1E-48  337.5   0.0  283   74-361    76-365 (444)
     417 tr|A0A182FRI7|A0A182FRI7_ANOAL 100.0 1.9E-42 2.1E-48  343.7   0.0  190   65-260   105-298 (677)
     418 tr|A0A1I8MQS0|A0A1I8MQS0_MUSDO 100.0 1.9E-42 2.1E-48  336.9   0.0  293   66-363   143-440 (572)
     419 UniRef100_A0A3M7QMF5 Substance 100.0   2E-42 2.1E-48  317.0   0.0  290   71-361    72-372 (458)
     420 tr|A0A0P6IZB8|A0A0P6IZB8_9CRUS 100.0 2.1E-42 2.3E-48  327.6   0.0  286   73-362   203-494 (559)
     421 tr|A0A1D1VH49|A0A1D1VH49_RAMVA 100.0 2.2E-42 2.3E-48  318.4   0.0  308   61-368    52-373 (490)
     422 UniRef100_A0A060ILH2 Neuromedi 100.0 2.2E-42 2.3E-48  331.1   0.0  282   75-361   179-476 (606)
     423 UniRef100_A0A060XC03 Beta-2 ad 100.0 2.3E-42 2.5E-48  327.6   0.0  287   71-361   101-412 (548)
     424 UniRef100_A0A2T7NMM5 G_PROTEIN 100.0 2.4E-42 2.5E-48  306.8   0.0  304   60-363    76-385 (445)
     425 tr|A0A1I8NNA2|A0A1I8NNA2_STOCA 100.0 2.3E-42 2.5E-48  329.1   0.0  292   69-361    86-433 (672)
     426 UniRef100_A0A2B4SYG2 5-hydroxy 100.0 2.3E-42 2.6E-48  319.8   0.0  279   73-359    30-313 (376)
     427 tr|B0XGN8|B0XGN8_CULQU Neurope 100.0 2.5E-42 2.6E-48  313.0   0.0  284   72-359    88-379 (434)
     428 tr|A0A2C9JHS9|A0A2C9JHS9_BIOGL 100.0 2.6E-42 2.7E-48  309.2   0.0  297   64-362    64-365 (376)
     429 tr|A0A0M4EHF7|A0A0M4EHF7_DROBS 100.0 2.6E-42 2.7E-48  329.6   0.0  306   60-366    25-537 (717)
     430 tr|A0A1S3FYW5|A0A1S3FYW5_DIPOR 100.0 2.8E-42   3E-48  310.6   0.0  280   76-362    73-358 (385)
     431 tr|A0A1S3H6K0|A0A1S3H6K0_LINUN 100.0 2.8E-42   3E-48  317.5   0.0  288   74-362    60-356 (447)
     432 UniRef100_A0A091CVE3 Cholecyst 100.0 2.9E-42   3E-48  318.4   0.0  297   67-364   107-462 (543)
     433 tr|A0A060XRS0|A0A060XRS0_ONCMY 100.0 2.9E-42 3.1E-48  337.9   0.0  280   72-361    55-374 (900)
     434 UniRef100_A0A6P8GZ41 substance 100.0 2.8E-42 3.1E-48  316.1   0.0  286   73-362    43-336 (386)
     435 tr|A7S8R9|A7S8R9_NEMVE Predict 100.0 2.8E-42 3.1E-48  324.2   0.0  289   68-362    21-338 (398)
     436 UniRef100_A0A0N1PGA0 Octopamin 100.0 3.1E-42 3.4E-48  331.4   0.0  282   72-361   107-491 (547)
     437 UniRef100_A0A1S3J8T4 5-hydroxy 100.0 3.1E-42 3.4E-48  329.3   0.0  291   67-360    95-394 (468)
     438 tr|A0A218VDE9|A0A218VDE9_9PASE 100.0 3.3E-42 3.5E-48  319.9   0.0  278   73-360    24-305 (556)
     439 UniRef100_A0A0L0CCB3 Neuropept 100.0 3.3E-42 3.5E-48  318.9   0.0  303   62-365    21-336 (499)
     440 tr|K1QBA5|K1QBA5_CRAGI Neurope 100.0 3.2E-42 3.5E-48  314.5   0.0  297   66-362    25-339 (401)
     441 tr|A7SFG7|A7SFG7_NEMVE Predict 100.0 3.2E-42 3.5E-48  318.0   0.0  285   72-359    23-309 (364)
     442 UniRef100_UPI000B45E2C3 neurop 100.0 3.5E-42 3.6E-48  313.6   0.0  305   63-368    42-352 (567)
     443 tr|A0A210QNG6|A0A210QNG6_MIZYE 100.0 3.3E-42 3.6E-48  325.5   0.0  297   64-363    31-340 (498)
     444 UniRef100_A0A2B4RYF4 Neuropept 100.0 3.4E-42 3.6E-48  311.5   0.0  280   76-360    34-313 (401)
     445 tr|A7RVQ0|A7RVQ0_NEMVE Predict 100.0 3.3E-42 3.7E-48  325.2   0.0  294   69-362    25-331 (398)
     446 UniRef100_A0A023ETT6 Putative  100.0 3.5E-42 3.7E-48  327.0   0.0  286   73-361   154-445 (612)
     447 UniRef100_A0A4D9EQQ5 Enolase-l 100.0 3.7E-42 3.8E-48  309.8   0.0  283   71-361   145-430 (472)
     448 UniRef100_A0A1D1V4B0 G_PROTEIN 100.0 3.9E-42 4.1E-48  326.4   0.0  291   72-362   115-410 (635)
     449 UniRef100_A0A3M6TEA9 G_PROTEIN 100.0 3.7E-42 4.1E-48  328.2   0.0  287   73-362    48-343 (414)
     450 ERR1719361_2001115             100.0 3.8E-42 4.2E-48  323.2   0.0  284   73-361    25-323 (415)
     451 UniRef100_A0A091R746 Beta-1 ad 100.0 3.9E-42 4.2E-48  327.6   0.0  282   76-362   138-452 (572)
     452 UniRef100_A0A0P6J0T1 Putative  100.0 3.8E-42 4.2E-48  339.6   0.0  292   67-362    97-409 (735)
     453 UniRef100_P92045 Lymnokinin re 100.0 4.4E-42 4.6E-48  303.9   0.0  308   60-367    49-361 (429)
     454 UniRef100_A0A023FH63 Putative  100.0 4.3E-42 4.7E-48  332.4   0.0  280   71-360   124-438 (563)
     455 UniRef100_A0A060VTR1 G_PROTEIN 100.0 4.5E-42 4.9E-48  329.7   0.0  281   71-361   118-439 (619)
     456 tr|W8B9D1|W8B9D1_CERCA 5-hydro 100.0 4.7E-42   5E-48  326.6   0.0  294   62-362   252-626 (664)
     457 tr|O44426|O44426_LYMST Cardioe 100.0 4.8E-42 5.1E-48  310.6   0.0  299   66-365    91-392 (465)
     458 UniRef100_A0A068YA15 Neuropept 100.0 4.7E-42 5.1E-48  325.9   0.0  292   68-361    68-395 (510)
     459 tr|B4JN40|B4JN40_DROGR GH24210 100.0 4.7E-42 5.2E-48  320.3   0.0  282   74-359   118-405 (436)
     460 UniRef100_A0A060X6T3 G_PROTEIN 100.0 4.9E-42 5.3E-48  325.6   0.0  281   71-361    88-412 (550)
     461 tr|A0A147A4W2|A0A147A4W2_FUNHE 100.0 5.2E-42 5.6E-48  323.9   0.0  292   73-366    95-447 (502)
     462 tr|A0A0K0PUU9|A0A0K0PUU9_PLADU 100.0 5.4E-42 5.7E-48  316.1   0.0  296   67-362    48-349 (480)
     463 tr|A0A2B4RYN6|A0A2B4RYN6_STYPI 100.0 5.4E-42 5.8E-48  337.7   0.0  288   74-364    10-308 (881)
     464 UniRef100_A0A026W4F0 Octopamin 100.0 5.5E-42 5.9E-48  317.9   0.0  281   73-361    56-391 (445)
     465 UniRef100_A0A482WT93 G_PROTEIN 100.0 5.7E-42 5.9E-48  308.3   0.0  292   68-359    63-360 (500)
     466 tr|A0A210QL65|A0A210QL65_MIZYE 100.0 5.6E-42   6E-48  312.3   0.0  291   72-363    52-347 (428)
     467 tr|A0A2B4SNZ1|A0A2B4SNZ1_STYPI 100.0 5.1E-42   6E-48  325.4   0.0  281   74-362    33-319 (351)
     468 tr|A0A1L8HND2|A0A1L8HND2_XENLA 100.0 5.6E-42 6.1E-48  320.7   0.0  285   74-360   130-425 (452)
     469 tr|S7PUA8|S7PUA8_MYOBR C-C che 100.0 5.7E-42 6.3E-48  333.0   0.0  280   70-363   280-567 (603)
     470 UniRef100_A0A6P6YHW9 neuropept 100.0 5.9E-42 6.3E-48  327.4   0.0  293   69-362   134-472 (682)
     471 tr|B4NHE1|B4NHE1_DROWI Unchara 100.0 5.9E-42 6.3E-48  325.0   0.0  293   68-363   146-455 (565)
     472 UniRef100_A0A068AZY5 Octopamin 100.0 5.5E-42 6.4E-48  352.9   0.0  183   71-259   172-357 (723)
     473 tr|A0A2C9JTE5|A0A2C9JTE5_BIOGL 100.0   6E-42 6.4E-48  313.6   0.0  300   62-363    43-347 (422)
     474 UniRef100_A0A3M6UKG3 G_PROTEIN 100.0 5.9E-42 6.4E-48  313.8   0.0  285   74-359    26-318 (378)
     475 UniRef100_UPI0008F98B3D tachyk 100.0 6.3E-42 6.5E-48  306.5   0.0  290   67-364    38-336 (477)
     476 UniRef100_A0A016SJ65 Thyrolibe 100.0 5.9E-42 6.6E-48  330.8   0.0  281   74-360    85-394 (479)
     477 tr|A0A016SN05|A0A016SN05_9BILA 100.0 6.1E-42 6.7E-48  316.9   0.0  307   60-367    38-353 (408)
     478 tr|A0A0P6C571|A0A0P6C571_9CRUS 100.0 6.3E-42 6.7E-48  320.3   0.0  288   72-361    55-444 (558)
     479 tr|A0A2B4RHV8|A0A2B4RHV8_STYPI 100.0 6.5E-42   7E-48  316.5   0.0  288   65-361   109-398 (421)
     480 tr|A0A1I8HW07|A0A1I8HW07_9PLAT 100.0 6.8E-42 7.1E-48  330.6   0.0  297   64-364   210-512 (891)
     481 UniRef100_A0A023F4J9 Putative  100.0 6.6E-42 7.3E-48  331.7   0.0  281   73-361   157-491 (588)
     482 tr|A0A226N2C0|A0A226N2C0_CALSU 100.0   7E-42 7.4E-48  320.7   0.0  283   73-364   225-522 (569)
     483 ERR1719336_319105              100.0 6.9E-42 7.4E-48  317.7   0.0  286   76-361    62-365 (451)
     484 tr|V8NQN2|V8NQN2_OPHHA G-prote 100.0   7E-42 7.4E-48  332.3   0.0  275   72-360   303-585 (840)
     485 tr|T1K7H9|T1K7H9_TETUR Unchara 100.0 7.5E-42 7.8E-48  305.0   0.0  290   61-358    64-353 (401)
     486 ERR1719273_2766967             100.0   8E-42 8.6E-48  312.4   0.0  300   60-360   104-409 (419)
     487 tr|A0A0K0PUV0|A0A0K0PUV0_PLADU 100.0 7.8E-42 8.7E-48  316.7   0.0  281   76-365    19-336 (373)
     488 UniRef100_A0A0P7U0M1 Galanin r 100.0 8.3E-42 8.7E-48  311.1   0.0  289   70-364   138-436 (475)
     489 UniRef100_A0A026WJE1 Neuropept 100.0 8.4E-42 9.1E-48  328.2   0.0  288   73-361   119-439 (606)
     490 tr|A0A147AMP5|A0A147AMP5_FUNHE 100.0 7.9E-42 9.2E-48  337.0   0.0  279   76-364    35-429 (475)
     491 UniRef100_A0A060W5H6 G_PROTEIN 100.0 8.2E-42 9.2E-48  332.6   0.0  284   73-359    87-384 (528)
     492 tr|A0A074ZDM6|A0A074ZDM6_9TREM 100.0 9.4E-42 9.9E-48  307.2   0.0  286   78-366    30-351 (393)
     493 UniRef100_A0A3B4UE11 Si:zfos-1 100.0   1E-41 1.1E-47  311.1   0.0  288   66-361    59-349 (441)
     494 UniRef100_A0A6A7G2U4 Octopamin 100.0   1E-41 1.1E-47  322.7   0.0  282   71-360   169-509 (574)
     495 tr|A0A091CRU0|A0A091CRU0_FUKDA 100.0 9.9E-42 1.1E-47  334.1   0.0  277   69-361   405-691 (720)
     496 tr|A0A0P7V5N2|A0A0P7V5N2_9TELE 100.0   1E-41 1.1E-47  319.9   0.0  286   70-361    89-400 (468)
     497 UniRef100_A0A0K0PUE3 Orphan G- 100.0   1E-41 1.1E-47  327.9   0.0  284   71-358   115-423 (550)
     498 tr|A0A1I8N820|A0A1I8N820_MUSDO 100.0 1.1E-41 1.1E-47  331.2   0.0  277   76-361   308-636 (880)
     499 UniRef100_A0A3M6U522 G_PROTEIN 100.0 1.1E-41 1.1E-47  318.6   0.0  286   74-362    37-329 (495)
     500 tr|A0A0P7V0U8|A0A0P7V0U8_9TELE 100.0 1.1E-41 1.2E-47  310.0   0.0  285   72-362    85-374 (439)
     
  > Uniprot already searched, skipping.
/projects/ilfgrid/apps/alphafold-2.2.0/prep_MSAs.sh: line 93: /bin/hmmbuild: No such file or directory
/projects/ilfgrid/apps/alphafold-2.2.0/prep_MSAs.sh: line 94: /bin/hmmsearch: No such file or directory
> Running chain B
  > Uniref90 already searched, skipping.
  > Mgnify already searched, skipping.
  > Running hhblits on bfd_uniref30
- 22:34:28.690 INFO: Searching 65983866 column state sequences.

- 22:34:29.884 INFO: Searching 29291635 column state sequences.

- 22:34:29.921 INFO: nk3r_mouse-2090/msas/B/chain_B.fasta is in A2M, A3M or FASTA format

- 22:34:29.921 INFO: Iteration 1

- 22:34:29.928 INFO: Prefiltering database

- 22:35:15.993 INFO: HMMs passed 1st prefilter (gapless profile-profile alignment)  : 14488

- 22:35:34.556 INFO: HMMs passed 1st prefilter (gapless profile-profile alignment)  : 27458

- 22:35:34.590 INFO: HMMs passed 2nd prefilter (gapped profile-profile alignment)   : 59

- 22:35:34.590 INFO: HMMs passed 2nd prefilter and not found in previous iterations : 59

- 22:35:34.590 INFO: Scoring 59 HMMs using HMM-HMM Viterbi alignment

- 22:35:34.637 INFO: Alternative alignment: 0

- 22:35:34.661 INFO: 59 alignments done

- 22:35:34.661 INFO: Alternative alignment: 1

- 22:35:34.663 INFO: 59 alignments done

- 22:35:34.663 INFO: Alternative alignment: 2

- 22:35:34.663 INFO: Alternative alignment: 3

- 22:35:34.734 INFO: Premerge done

- 22:35:34.734 INFO: Realigning 59 HMM-HMM alignments using Maximum Accuracy algorithm

- 22:35:34.756 INFO: 31 sequences belonging to 31 database HMMs found with an E-value < 0.001

- 22:35:34.756 INFO: Number of effective sequences of resulting query HMM: Neff = 2.21156

- 22:35:34.759 INFO: Iteration 2

- 22:35:34.759 INFO: Set premerge to 0! (premerge: 3 iteration: 2 hits.Size: 28)

- 22:35:34.764 INFO: Prefiltering database

- 22:36:07.789 INFO: HMMs passed 1st prefilter (gapless profile-profile alignment)  : 16135

- 22:36:24.837 INFO: HMMs passed 1st prefilter (gapless profile-profile alignment)  : 29759

- 22:36:24.871 INFO: HMMs passed 2nd prefilter (gapped profile-profile alignment)   : 64

- 22:36:24.871 INFO: HMMs passed 2nd prefilter and not found in previous iterations : 36

- 22:36:24.871 INFO: Scoring 36 HMMs using HMM-HMM Viterbi alignment

- 22:36:24.910 INFO: Alternative alignment: 0

- 22:36:24.931 INFO: 36 alignments done

- 22:36:24.931 INFO: Alternative alignment: 1

- 22:36:24.932 INFO: 32 alignments done

- 22:36:24.932 INFO: Alternative alignment: 2

- 22:36:24.932 INFO: 2 alignments done

- 22:36:24.932 INFO: Alternative alignment: 3

- 22:36:24.948 INFO: Realigning 35 HMM-HMM alignments using Maximum Accuracy algorithm

- 22:36:24.961 INFO: 32 sequences belonging to 32 database HMMs found with an E-value < 0.001

- 22:36:24.961 INFO: Number of effective sequences of resulting query HMM: Neff = 2.57669

- 22:36:24.963 INFO: Iteration 3

- 22:36:24.971 INFO: Prefiltering database

- 22:36:56.867 INFO: HMMs passed 1st prefilter (gapless profile-profile alignment)  : 12443

- 22:37:13.412 INFO: HMMs passed 1st prefilter (gapless profile-profile alignment)  : 22193

- 22:37:13.435 INFO: HMMs passed 2nd prefilter (gapped profile-profile alignment)   : 57

- 22:37:13.435 INFO: HMMs passed 2nd prefilter and not found in previous iterations : 28

- 22:37:13.435 INFO: Scoring 28 HMMs using HMM-HMM Viterbi alignment

- 22:37:13.474 INFO: Alternative alignment: 0

- 22:37:13.475 INFO: 28 alignments done

- 22:37:13.475 INFO: Alternative alignment: 1

- 22:37:13.476 INFO: 26 alignments done

- 22:37:13.476 INFO: Alternative alignment: 2

- 22:37:13.476 INFO: 1 alignments done

- 22:37:13.476 INFO: Alternative alignment: 3

- 22:37:13.492 INFO: Rescoring previously found HMMs with Viterbi algorithm

- 22:37:13.526 INFO: Alternative alignment: 0

- 22:37:13.528 INFO: 29 alignments done

- 22:37:13.528 INFO: Alternative alignment: 1

- 22:37:13.529 INFO: 29 alignments done

- 22:37:13.529 INFO: Alternative alignment: 2

- 22:37:13.529 INFO: Alternative alignment: 3

- 22:37:13.545 INFO: Premerge done

- 22:37:13.545 INFO: Realigning 56 HMM-HMM alignments using Maximum Accuracy algorithm

- 22:37:13.560 INFO: 32 sequences belonging to 32 database HMMs found with an E-value < 0.001

- 22:37:13.560 INFO: Number of effective sequences of resulting query HMM: Neff = 2.57669

     Query         neurokinin B gtp:2090
     Match_columns 10
     No_of_seqs    33 out of 241
     Neff          2.57669
     Searched_HMMs 82
     Date          Wed Mar  8 22:37:13 2023
     Command       hhblits -i nk3r_mouse-2090/msas/B/chain_B.fasta -cpu 4 -maxmem 20 -oa3m /projects/ilfgrid/people/nqz918/code/deorph/scripts/af_arman/af_jobs_af23/nk3r_mouse/2090//nk3r_mouse-2090/msas/B/bfd_uniref_hits.a3m -o /dev/null -n 3 -e 0.001 -maxseq 1000000 -realign_max 100000 -maxfilt 100000 -min_prefilter_hits 1000 -d /projects/ilfgrid/data/alphafold-genetic-databases///bfd/bfd_metaclust_clu_complete_id30_c90_final_seq.sorted_opt -d /projects/ilfgrid/data/alphafold-genetic-databases///uniref30/UniRef30_2021_03 
     
      No Hit                             Prob E-value P-value  Score    SS Cols Query HMM  Template HMM
       1 UniRef100_P67935 Neurokinin-B   97.9 3.5E-07 3.6E-13   32.2   0.0   10    1-10      1-10  (10)
       2 UniRef100_A0A024RB36 Neurokini  97.4 6.7E-06 9.5E-12   44.8   0.0   10    1-10    149-158 (224)
       3 tr|A0A147A657|A0A147A657_FUNHE  96.9 0.00013 1.7E-10   38.9   0.0   10    1-10    107-116 (151)
       4 UniRef100_A0A060YPL7 Uncharact  96.9 0.00015   2E-10   39.0   0.0   10    1-10     99-108 (164)
       5 UniRef100_A0A0K0VLU8 Neurokini  96.7 0.00032   4E-10   38.1   0.0   10    1-10    103-112 (161)
       6 UniRef100_UPI00074FD600 tachyk  96.7 0.00037 4.1E-10   35.9   0.0   10    1-10     56-65  (96)
       7 tr|A0A151LZ93|A0A151LZ93_ALLMI  96.6 0.00052   6E-10   37.4   0.0   10    1-10    116-125 (156)
       8 UniRef100_A0A3Q2LP27 Neurokini  96.6 0.00055 6.5E-10   39.3   0.0   10    1-10    227-236 (267)
       9 UniRef100_A0A6B9CTC2 Neurokini  96.5 0.00081 8.4E-10   33.1   0.0   10    1-10     24-33  (64)
      10 UniRef100_A0A0D9QY78 Tachykini  96.4 0.00088   1E-09   34.9   0.0   10    1-10     86-95  (102)
      11 tr|A0A2D4MJD3|A0A2D4MJD3_9SAUR  96.3  0.0016 1.7E-09   35.8   0.0   10    1-10    114-123 (154)
      12 UniRef100_A0A6P8R4A9 tachykini  96.2   0.002   2E-09   33.7   0.0   10    1-10     19-28  (99)
      13 UniRef100_A0A663FF94 Uncharact  96.2  0.0027 2.8E-09   34.5   0.0   10    1-10    100-109 (133)
      14 UniRef100_UPI001176520B tachyk  96.1   0.003 3.1E-09   35.1   0.0   10    1-10    118-127 (164)
      15 UniRef100_A0A6J1V8R6 Neurokini  96.1  0.0029 3.2E-09   35.8   0.0   10    1-10    159-168 (199)
      16 UniRef100_A0A3B1KAN3 Neurokini  96.1   0.003 3.3E-09   35.6   0.0   10    1-10    132-141 (193)
      17 tr|D2H371|D2H371_AILME Unchara  96.1  0.0032 3.5E-09   36.8   0.0   10    1-10    237-246 (277)
      18 UniRef100_A0A4Z2GV08 Neurokini  96.0  0.0034 3.9E-09   35.7   0.0   10    1-10    159-168 (207)
      19 UniRef100_A0A151LZ93 Neurokini  96.0  0.0046 4.9E-09   35.0   0.0   10    1-10    150-159 (190)
      20 UniRef100_UPI0010FB1ACF tachyk  95.9   0.005 5.1E-09   34.0   0.0   10    1-10     95-104 (149)
      21 UniRef100_UPI0013F21371 transl  95.9   0.005 5.2E-09   35.9   0.0   10    1-10    207-216 (254)
      22 UniRef100_UPI001261E00B tachyk  95.9  0.0049 5.2E-09   35.1   0.0   10    1-10    168-177 (202)
      23 UniRef100_A0A3P8NSF2 Neurokini  95.9  0.0047 5.4E-09   35.5   0.0   10    1-10    186-195 (230)
      24 UniRef100_A0A3B3ZZF9 Neurokini  95.9  0.0054 5.5E-09   33.0   0.0   10    1-10     58-67  (117)
      25 UniRef100_A0A670KES8 Neurokini  95.8  0.0073 7.5E-09   35.7   0.0   10    1-10    249-258 (289)
      26 UniRef100_UPI00045748F0 tachyk  95.8  0.0065 7.5E-09   32.9   0.0   10    1-10     81-90  (127)
      27 UniRef100_A0A091D2X6 Neurokini  95.8  0.0078 8.1E-09   33.8   0.0   10    1-10    129-138 (169)
      28 UniRef100_UPI000F4E7A77 tachyk  95.8   0.008 8.3E-09   33.8   0.0   10    1-10    126-135 (171)
      29 UniRef100_UPI0015A52DFB tachyk  95.7  0.0081 8.3E-09   35.3   0.0   10    1-10    234-243 (267)
      30 UniRef100_UPI0010A030C8 tachyk  95.7  0.0086 8.8E-09   33.9   0.0   10    1-10     81-90  (183)
      31 UniRef100_A0A3Q2L2Q8 Neurokini  95.7  0.0087   9E-09   34.2   0.0   10    1-10    159-168 (199)
      32 UniRef100_A0A4W3HD01 Uncharact  95.7  0.0093 9.6E-09   32.4   0.0   10    1-10     66-75  (123)
      33 UniRef100_UPI0013CF281E transl  95.7  0.0099   1E-08   36.2   0.0   10    1-10    350-359 (396)
      34 UniRef100_A0A3B4WVI1 Neurokini  95.6   0.011 1.1E-08   33.5   0.0   10    1-10     78-87  (181)
      35 UniRef100_A0A3Q1CQP4 Neurokini  95.6   0.012 1.2E-08   33.2   0.0   10    1-10     79-88  (171)
      36 UniRef100_UPI00196300C6 tachyk  95.5   0.014 1.4E-08   33.7   0.0   10    1-10    165-174 (215)
      37 UniRef100_A0A2K5V914 Neurokini  95.5   0.013 1.4E-08   32.9   0.0   10    1-10    128-137 (168)
      38 UniRef100_UPI00155F962D tachyk  95.4   0.018 1.8E-08   32.7   0.0   10    1-10     83-92  (179)
      39 UniRef100_UPI00164392AB tachyk  95.3   0.022 2.3E-08   29.7   0.0   10    1-10     41-50  (85)
      40 UniRef100_A0A341APC6 Neurokini  95.1   0.029   3E-08   31.7   0.0   10    1-10    125-134 (165)
      41 UniRef100_E8V5C0 Uncharacteriz  94.6   0.067 6.9E-08   24.4   0.0    8    2-9       1-8   (31)
      42 UniRef100_A0A1S3MHJ2 Neurokini  94.5    0.08 8.2E-08   30.2   0.0   10    1-10    129-138 (161)
      43 UniRef100_A0A0K0M4M9 Preprotah  93.0     0.3 3.5E-07   27.1   0.0   10    1-10     77-86  (119)
      44 UniRef100_A0A443GZ08 Uncharact  92.8    0.39 4.1E-07   25.4   0.0    9    1-9      27-35  (76)
      45 UniRef100_A0A5K0ZKV8 Uncharact  92.1    0.62 6.3E-07   21.3   0.0    9    1-9      18-26  (28)
      46 UniRef100_A0A673X344 Uncharact  91.0     1.1 1.1E-06   26.4   0.0   10    1-10     93-102 (169)
      47 UniRef100_A0A3D0UUT7 Na_Ca_ex   90.8     1.2 1.2E-06   21.0   0.0    8    2-9       1-8   (32)
      48 UniRef100_N0BHY1 Uncharacteriz  90.8     1.2 1.2E-06   23.7   0.0    9    2-10      1-9   (73)
      49 UniRef100_A0A1S3P4S6 uncharact  90.1     1.6 1.6E-06   26.3   0.0   10    1-10    117-126 (195)
      50 UniRef100_A0A671M1G5 Tachykini  90.0     1.6 1.6E-06   24.1   0.0   10    1-10     82-91  (94)
      51 UniRef100_A0A399Z6X1 Uncharact  89.6     1.8 1.9E-06   22.5   0.0    8    2-9       3-10  (60)
      52 UniRef100_A0A5K0YB45 Uncharact  89.6     1.8 1.9E-06   20.9   0.0    9    1-9       8-16  (37)
      53 UniRef100_A0A0V1GZH9 Uncharact  88.8     2.4 2.5E-06   24.1   0.0    8    2-9      13-20  (113)
      54 UniRef100_E1W2F9 Uncharacteriz  88.7     2.5 2.6E-06   20.5   0.0    8    2-9       1-8   (37)
      55 UniRef100_A0A7S3MSJ0 Hypotheti  86.9       4 4.1E-06   23.6   0.0    8    1-8      25-32  (123)
      56 UniRef100_A0A1S3P4S6 uncharact  71.6      34 3.5E-05   21.6   0.0    8    3-10     57-64  (195)
     
  > Uniprot already searched, skipping.
/projects/ilfgrid/apps/alphafold-2.2.0/prep_MSAs.sh: line 93: /bin/hmmbuild: No such file or directory
/projects/ilfgrid/apps/alphafold-2.2.0/prep_MSAs.sh: line 94: /bin/hmmsearch: No such file or directory

>> Job finished at: Wed Mar  8 22:37:17 CET 2023

>> Runtime: 1032 s
