>> Job started at: Thu Feb 23 00:15:31 CET 2023
   On Machine:     ilfgridgpun01fl.unicph.domain
   In directory:   /maps/projects/ilfgrid/people/nqz918/code/deorph/scripts/af_arman/af_jobs_af23/bkrb1_mouse/650

>> GPU is 

> Running 'prep_MSAs.sh'
  > Alphafold-DB directory is set to /projects/ilfgrid/data/alphafold-genetic-databases//
  > Number of cores was set to set to 2
  > Max memory set to 20 GB
  > Output directory was set to /maps/projects/ilfgrid/people/nqz918/code/deorph/scripts/af_arman/af_jobs_af23/bkrb1_mouse/650/
  > Input fastafile was set to /maps/projects/ilfgrid/people/nqz918/code/deorph/scripts/af_arman/af_jobs_af23/bkrb1_mouse/650/bkrb1_mouse-650.fasta
> Splitting fastafile
> Running chain A
  > Uniref90 already searched, skipping.
  > Mgnify already searched, skipping.
  > Running hhblits on bfd_uniref30
- 00:16:35.804 INFO: Searching 65983866 column state sequences.

- 00:16:38.369 INFO: Searching 29291635 column state sequences.

- 00:16:38.414 INFO: bkrb1_mouse-650/msas/A/chain_A.fasta is in A2M, A3M or FASTA format

- 00:16:38.414 INFO: Iteration 1

- 00:16:38.670 INFO: Prefiltering database

- 00:32:57.097 INFO: HMMs passed 1st prefilter (gapless profile-profile alignment)  : 1437560

- 00:34:24.124 INFO: HMMs passed 1st prefilter (gapless profile-profile alignment)  : 772970

- 00:34:28.037 INFO: HMMs passed 2nd prefilter (gapped profile-profile alignment)   : 20756

- 00:34:28.037 INFO: HMMs passed 2nd prefilter and not found in previous iterations : 20756

- 00:34:28.037 INFO: Scoring 20756 HMMs using HMM-HMM Viterbi alignment

- 00:34:28.063 INFO: Alternative alignment: 0

- 00:35:38.496 INFO: 2000 alignments done

- 00:37:58.763 INFO: 4000 alignments done

- 00:39:32.426 INFO: 6000 alignments done

- 00:41:27.318 INFO: 8000 alignments done

- 00:43:12.784 INFO: 10000 alignments done

- 00:44:01.741 INFO: 12000 alignments done

- 00:45:19.037 INFO: 14000 alignments done

- 00:47:26.120 INFO: 16000 alignments done

- 00:49:11.904 INFO: 18000 alignments done

- 00:50:31.051 INFO: 20000 alignments done

- 00:50:50.587 INFO: 20756 alignments done

- 00:50:50.590 INFO: Alternative alignment: 1

- 00:52:25.137 INFO: 20724 alignments done

- 00:52:25.234 INFO: Alternative alignment: 2

- 00:52:28.474 INFO: 3987 alignments done

- 00:52:28.479 INFO: Alternative alignment: 3

- 00:52:29.021 INFO: 531 alignments done

- 00:52:29.948 INFO: Premerge done

- 00:52:29.948 INFO: Realigning 8044 HMM-HMM alignments using Maximum Accuracy algorithm

- 00:53:43.432 INFO: 8047 sequences belonging to 8047 database HMMs found with an E-value < 0.001

- 00:53:43.432 INFO: Number of effective sequences of resulting query HMM: Neff = 11.1021

- 00:53:43.643 INFO: Iteration 2

- 00:53:43.643 INFO: Set premerge to 0! (premerge: 3 iteration: 2 hits.Size: 8044)

- 00:53:43.846 INFO: Prefiltering database

- 01:00:40.518 INFO: HMMs passed 1st prefilter (gapless profile-profile alignment)  : 2888797

- 01:02:36.925 INFO: HMMs passed 1st prefilter (gapless profile-profile alignment)  : 1909986

- 01:02:48.168 INFO: HMMs passed 2nd prefilter (gapped profile-profile alignment)   : 73167

- 01:02:48.168 INFO: HMMs passed 2nd prefilter and not found in previous iterations : 65290

- 01:02:48.168 INFO: Scoring 65290 HMMs using HMM-HMM Viterbi alignment

- 01:02:48.216 INFO: Alternative alignment: 0

- 01:03:42.119 INFO: 2000 alignments done

- 01:04:39.612 INFO: 4000 alignments done

- 01:05:11.756 INFO: 6000 alignments done

- 01:05:56.754 INFO: 8000 alignments done

- 01:07:34.953 INFO: 10000 alignments done

- 01:08:55.185 INFO: 12000 alignments done

- 01:10:10.023 INFO: 14000 alignments done

- 01:11:25.845 INFO: 16000 alignments done

- 01:11:25.851 INFO: Stop after DB-HHM: 16000 because early stop  10.7657 < filter cutoff 20

- 01:11:25.851 INFO: Alternative alignment: 1

- 01:14:58.876 INFO: 10475 alignments done

- 01:14:58.906 INFO: Alternative alignment: 2

- 01:15:01.119 INFO: 779 alignments done

- 01:15:01.120 INFO: Alternative alignment: 3

- 01:15:01.388 INFO: 125 alignments done

- 01:15:01.573 INFO: Realigning 6145 HMM-HMM alignments using Maximum Accuracy algorithm

- 01:16:52.996 INFO: 14192 sequences belonging to 14192 database HMMs found with an E-value < 0.001

- 01:16:52.997 INFO: Number of effective sequences of resulting query HMM: Neff = 11.9227

- 01:16:53.111 INFO: Iteration 3

- 01:16:53.318 INFO: Prefiltering database

- 01:23:55.119 INFO: HMMs passed 1st prefilter (gapless profile-profile alignment)  : 2590067

- 01:26:15.785 INFO: HMMs passed 1st prefilter (gapless profile-profile alignment)  : 1783277

- 01:26:26.104 INFO: HMMs passed 2nd prefilter (gapped profile-profile alignment)   : 73416

- 01:26:26.104 INFO: HMMs passed 2nd prefilter and not found in previous iterations : 59549

- 01:26:26.104 INFO: Scoring 59549 HMMs using HMM-HMM Viterbi alignment

- 01:26:26.133 INFO: Alternative alignment: 0

- 01:28:03.301 INFO: 2000 alignments done

- 01:30:29.321 INFO: 4000 alignments done

- 01:32:51.744 INFO: 6000 alignments done

- 01:34:40.965 INFO: 8000 alignments done

- 01:36:41.562 INFO: 10000 alignments done

- 01:36:41.578 INFO: Stop after DB-HHM: 10000 because early stop  16.9397 < filter cutoff 20

- 01:36:41.578 INFO: Alternative alignment: 1

- 01:39:52.914 INFO: 4796 alignments done

- 01:39:52.926 INFO: Alternative alignment: 2

- 01:39:55.886 INFO: 433 alignments done

- 01:39:55.888 INFO: Alternative alignment: 3

- 01:39:56.082 INFO: 66 alignments done

- 01:39:56.263 INFO: Rescoring previously found HMMs with Viterbi algorithm

- 01:39:56.310 INFO: Alternative alignment: 0

- 01:41:11.064 INFO: 2000 alignments done

- 01:42:19.933 INFO: 4000 alignments done

- 01:43:49.490 INFO: 6000 alignments done

- 01:45:32.030 INFO: 8000 alignments done

- 01:47:17.672 INFO: 10000 alignments done

- 01:48:24.775 INFO: 12000 alignments done

- 01:48:58.191 INFO: 13868 alignments done

- 01:48:58.201 INFO: Alternative alignment: 1

- 01:50:45.254 INFO: 13868 alignments done

- 01:50:45.293 INFO: Alternative alignment: 2

- 01:50:48.284 INFO: 855 alignments done

- 01:50:48.285 INFO: Alternative alignment: 3

- 01:50:48.611 INFO: 130 alignments done

- 01:50:49.034 INFO: Premerge done

- 01:50:49.035 INFO: Realigning 14436 HMM-HMM alignments using Maximum Accuracy algorithm

- 01:52:32.323 INFO: 14533 sequences belonging to 14533 database HMMs found with an E-value < 0.001

- 01:52:32.323 INFO: Number of effective sequences of resulting query HMM: Neff = 11.9628

     Query         bkrb1_mouse Q61125
     Match_columns 334
     No_of_seqs    1629 out of 213054
     Neff          11.9628
     Searched_HMMs 79892
     Date          Thu Feb 23 01:52:32 2023
     Command       hhblits -i bkrb1_mouse-650/msas/A/chain_A.fasta -cpu 2 -maxmem 20 -oa3m /maps/projects/ilfgrid/people/nqz918/code/deorph/scripts/af_arman/af_jobs_af23/bkrb1_mouse/650//bkrb1_mouse-650/msas/A/bfd_uniref_hits.a3m -o /dev/null -n 3 -e 0.001 -maxseq 1000000 -realign_max 100000 -maxfilt 100000 -min_prefilter_hits 1000 -d /projects/ilfgrid/data/alphafold-genetic-databases///bfd/bfd_metaclust_clu_complete_id30_c90_final_seq.sorted_opt -d /projects/ilfgrid/data/alphafold-genetic-databases///uniref30/UniRef30_2021_03 
     
      No Hit                             Prob E-value P-value  Score    SS Cols Query HMM  Template HMM
       1 tr|V8PD93|V8PD93_OPHHA Type-2  100.0 3.8E-56 3.7E-62  353.0   0.0  294   29-334    68-364 (412)
       2 tr|L5LXA0|L5LXA0_MYODS B1 brad 100.0 1.9E-55 1.9E-61  332.9   0.0  325    1-333    52-379 (406)
       3 UniRef100_A0A060WGF3 B2 bradyk 100.0 2.8E-55 2.8E-61  359.9   0.0  300   24-334   148-447 (589)
       4 UniRef100_A0A060VVF8 G_PROTEIN 100.0 4.5E-53 4.4E-59  343.4   0.0  291   33-334   136-429 (511)
       5 UniRef100_A0A1S3HKE5 allatosta 100.0 7.5E-53 7.3E-59  338.0   0.0  285   36-334    82-371 (462)
       6 UniRef100_A0A060X1Q6 Somatosta 100.0 1.8E-52 1.8E-58  341.3   0.0  281   35-334   138-420 (604)
       7 UniRef100_A0A087RJN6 Somatosta 100.0 2.9E-52 2.8E-58  333.7   0.0  281   35-334    59-339 (391)
       8 tr|G1T869|G1T869_RABIT B2 brad 100.0   3E-52   3E-58  321.4   0.0  302   21-333    98-401 (446)
       9 tr|A0A0P7U387|A0A0P7U387_9TELE 100.0 7.4E-52 7.5E-58  325.6   0.0  280   36-334   128-411 (556)
      10 tr|A0A146TL67|A0A146TL67_FUNHE 100.0 9.1E-52 8.6E-58  339.2   0.0  300   24-334    15-400 (442)
      11 UniRef100_A0A1N7TCF1 Galanin r 100.0 1.4E-51 1.4E-57  321.7   0.0  281   37-333    72-355 (407)
      12 UniRef100_A0A0K0PUX7 Orphan G- 100.0 1.9E-51 1.8E-57  330.0   0.0  285   36-334    62-350 (471)
      13 tr|M3ZFE6|M3ZFE6_XIPMA Somatos 100.0 1.9E-51 1.9E-57  321.3   0.0  278   36-334   104-385 (525)
      14 tr|A0A1L8G1N6|A0A1L8G1N6_XENLA 100.0 2.2E-51 2.2E-57  319.1   0.0  280   35-334   115-394 (448)
      15 UniRef100_A0A060W5Z4 G_PROTEIN 100.0 3.2E-51 3.2E-57  330.9   0.0  279   36-334   190-470 (593)
      16 UniRef100_A0A024FLF0 PQRFa pep 100.0 3.6E-51 3.5E-57  329.1   0.0  282   38-333    51-341 (413)
      17 UniRef100_A0A6P4Z4S7 G-protein 100.0 3.8E-51 3.6E-57  331.0   0.0  284   35-334    58-347 (417)
      18 UniRef100_A0A023F675 Putative  100.0 8.6E-51 8.4E-57  332.6   0.0  284   35-333   125-414 (530)
      19 tr|A0A0F8ARD3|A0A0F8ARD3_LARCR 100.0 1.4E-50 1.4E-56  313.0   0.0  279   37-334    54-334 (464)
      20 UniRef100_A0A060X7S9 B2 bradyk 100.0 1.7E-50 1.7E-56  322.3   0.0  303   21-334    99-401 (491)
      21 UniRef100_A0A026X3T6 Allatosta 100.0 2.6E-50 2.6E-56  324.1   0.0  281   36-334   139-421 (540)
      22 UniRef100_A0A2B4S7K2 Histamine 100.0 3.7E-50 3.6E-56  317.3   0.0  275   37-334    33-323 (369)
      23 UniRef100_A0A091DWF1 Somatosta 100.0 5.1E-50 5.2E-56  314.0   0.0  280   36-334   155-436 (523)
      24 UniRef100_A0A060X690 G_PROTEIN 100.0 6.9E-50 6.8E-56  307.3   0.0  284   35-333    45-330 (386)
      25 UniRef100_A0A0K0PUR1 Orphan G- 100.0 8.5E-50 8.3E-56  323.8   0.0  284   37-334   115-407 (530)
      26 tr|A0A146U732|A0A146U732_FUNHE 100.0 1.1E-49   1E-55  336.1   0.0  292   35-333   190-542 (590)
      27 UniRef100_A0A087XDT1 Somatosta 100.0 1.3E-49 1.3E-55  319.0   0.0  278   36-334   168-449 (676)
      28 UniRef100_A0A091EBV8 Type-1 an 100.0 1.6E-49 1.6E-55  329.4   0.0  281   35-334   346-626 (715)
      29 UniRef100_A0A077YWL6 Somatosta 100.0 2.2E-49 2.1E-55  320.1   0.0  284   37-334    66-356 (446)
      30 UniRef100_A0A6P4Y4T1 galanin r 100.0 3.8E-49 3.7E-55  308.2   0.0  285   36-334    58-347 (410)
      31 tr|S9YJE2|S9YJE2_CAMFR Somatos 100.0 4.9E-49   5E-55  301.6   0.0  283   36-334   112-396 (438)
      32 UniRef100_A0A087T336 Somatosta 100.0 6.3E-49 6.3E-55  307.5   0.0  281   38-333    79-362 (454)
      33 UniRef100_A0A026WW28 Neuropept 100.0   7E-49 6.9E-55  319.3   0.0  281   36-334    88-376 (552)
      34 UniRef100_A0A0K0PUL8 Allatosta 100.0 7.8E-49 7.6E-55  307.6   0.0  284   36-334    50-340 (396)
      35 tr|A0A146NR64|A0A146NR64_FUNHE 100.0 7.9E-49 7.9E-55  303.2   0.0  301   21-333   106-415 (449)
      36 UniRef100_A0A369RW72 Octopamin 100.0 8.3E-49   8E-55  317.0   0.0  275   38-334    56-354 (412)
      37 UniRef100_A0A2G8L6L1 Putative  100.0 1.1E-48 1.1E-54  303.6   0.0  282   35-333    34-319 (407)
      38 UniRef100_A0A4W2I1K6 B1 bradyk 100.0 1.3E-48 1.3E-54  300.8   0.0  325    1-333   143-467 (522)
      39 UniRef100_A0A0Q3U659 B1 bradyk 100.0 1.4E-48 1.4E-54  298.0   0.0  324    1-333    44-371 (482)
      40 UniRef100_A0A060YTK2 Uncharact 100.0 1.5E-48 1.5E-54  299.7   0.0  293   32-334    80-374 (447)
      41 UniRef100_A0A068WW83 Allatosta 100.0 1.7E-48 1.6E-54  314.2   0.0  280   35-332    65-347 (432)
      42 UniRef100_A0A060X360 G_PROTEIN 100.0 1.9E-48 1.9E-54  305.8   0.0  284   37-334   100-384 (477)
      43 UniRef100_A0A2B4RSM5 Neuropept 100.0 2.2E-48 2.1E-54  304.6   0.0  278   36-334    36-319 (417)
      44 UniRef100_A0A1L8HHP3 G_PROTEIN 100.0 2.3E-48 2.3E-54  296.9   0.0  297   25-332    34-333 (370)
      45 UniRef100_A0A154PKR3 Tachykini 100.0 2.5E-48 2.5E-54  309.2   0.0  280   38-333    78-369 (457)
      46 UniRef100_A0A1L8FNX2 G_PROTEIN 100.0 2.5E-48 2.5E-54  304.8   0.0  276   36-332    62-337 (400)
      47 UniRef100_A0A6P4XD29 neuropept 100.0   3E-48 2.9E-54  301.3   0.0  283   37-333    42-337 (385)
      48 UniRef100_A0A060VUW6 G_PROTEIN 100.0 4.8E-48 4.6E-54  322.7   0.0  274   37-334   118-435 (574)
      49 tr|A0A091DWF1|A0A091DWF1_FUKDA 100.0 4.6E-48 4.6E-54  296.3   0.0  279   37-334   157-437 (483)
      50 tr|G3S2I3|G3S2I3_GORGO Opioid  100.0 4.8E-48 4.8E-54  300.5   0.0  281   36-333   162-444 (492)
      51 UniRef100_A0A141CIT8 G protein 100.0 4.9E-48 4.8E-54  307.7   0.0  280   37-334    87-372 (488)
      52 UniRef100_A0A060VNF4 G_PROTEIN 100.0 4.9E-48 4.9E-54  310.5   0.0  303   20-334   116-427 (566)
      53 UniRef100_A0A087QH27 C-C chemo 100.0 5.7E-48 5.6E-54  320.3   0.0  280   35-334   199-480 (591)
      54 UniRef100_A0A0D9R0U9 Apelin re 100.0 5.7E-48 5.7E-54  301.1   0.0  304   21-334    48-359 (482)
      55 UniRef100_A0A0K0PUT9 Excitator 100.0 7.4E-48 7.2E-54  310.9   0.0  283   35-333   102-396 (474)
      56 UniRef100_A0A068YB14 Neuropept 100.0 8.6E-48 8.3E-54  310.0   0.0  286   35-334    53-348 (448)
      57 UniRef100_A0A060VSP8 5-hydroxy 100.0 9.1E-48   9E-54  307.8   0.0  275   37-334    88-411 (479)
      58 UniRef100_A0A2B4SKI0 Tachykini 100.0 1.2E-47 1.1E-53  315.7   0.0  280   38-334    93-386 (469)
      59 UniRef100_A0A023F3V9 Putative  100.0 1.2E-47 1.2E-53  306.3   0.0  284   36-333   132-418 (574)
      60 tr|A0A091CRU0|A0A091CRU0_FUKDA 100.0 1.2E-47 1.2E-53  314.4   0.0  281   35-334   407-688 (720)
      61 UniRef100_A0A060X5Z5 G_PROTEIN 100.0 1.5E-47 1.4E-53  310.6   0.0  274   38-334    85-380 (522)
      62 tr|C3XSP5|C3XSP5_BRAFL Unchara 100.0 1.5E-47 1.5E-53  290.9   0.0  284   37-334    28-322 (403)
      63 UniRef100_A0A026WTK8 Tachykini 100.0 1.6E-47 1.6E-53  308.6   0.0  280   39-334    92-384 (556)
      64 tr|A0A0Q3U659|A0A0Q3U659_AMAAE 100.0 1.9E-47   2E-53  282.8   0.0  324    1-333     1-328 (377)
      65 tr|C3XVS5|C3XVS5_BRAFL Unchara 100.0   2E-47   2E-53  294.6   0.0  281   37-334    68-359 (425)
      66 tr|A0A218V2X0|A0A218V2X0_9PASE 100.0 2.9E-47   3E-53  307.7   0.0  303   19-333   101-403 (720)
      67 UniRef100_A0A2B4SDF9 Neuropept 100.0 3.1E-47   3E-53  300.7   0.0  278   38-334    91-375 (455)
      68 UniRef100_A0A2G8KL37 Cholecyst 100.0   3E-47   3E-53  299.8   0.0  284   37-334    99-426 (493)
      69 UniRef100_A0A164MD49 Putative  100.0 3.2E-47 3.1E-53  301.5   0.0  283   37-334    50-391 (498)
      70 UniRef100_A0A034WDF0 Allatosta 100.0   6E-47 5.9E-53  302.5   0.0  282   36-333    95-380 (459)
      71 tr|A0A1I8M930|A0A1I8M930_MUSDO 100.0 6.7E-47 6.7E-53  319.6   0.0  278   37-334   189-574 (963)
      72 tr|A0A1W2W3E6|A0A1W2W3E6_CIOIN 100.0 6.9E-47 6.9E-53  295.0   0.0  287   36-334    57-347 (487)
      73 UniRef100_A0A060W161 G_PROTEIN 100.0 8.9E-47 8.6E-53  315.3   0.0  284   33-334   165-451 (574)
      74 tr|A0A2C9JWF9|A0A2C9JWF9_BIOGL 100.0   9E-47 8.7E-53  299.3   0.0  284   36-334    65-361 (403)
      75 tr|E0D358|E0D358_HEMPU Dopamin 100.0 8.9E-47 8.8E-53  294.2   0.0  287   25-334    12-324 (435)
      76 UniRef100_A0A024R2Q0 Chemokine 100.0 9.4E-47 9.2E-53  302.9   0.0  283   34-334   154-439 (499)
      77 UniRef100_A0A061A7W5 G_PROTEIN 100.0 9.9E-47 9.7E-53  302.4   0.0  277   37-334    62-354 (473)
      78 UniRef100_A0A2B4S0J6 Somatosta 100.0   1E-46 9.7E-53  309.3   0.0  281   36-334    83-375 (457)
      79 UniRef100_A0A0K0PUV0 FVRIamide 100.0   1E-46   1E-52  300.4   0.0  275   37-334    53-374 (458)
      80 UniRef100_A0A0C9QBK4 GHSR_0 pr 100.0   1E-46   1E-52  314.5   0.0  289   36-334   172-470 (591)
      81 UniRef100_A0A1D1W534 G_PROTEIN 100.0 1.1E-46 1.1E-52  307.9   0.0  281   38-333    80-428 (492)
      82 UniRef100_A0A0K0PUI9 Orphan G- 100.0 1.2E-46 1.2E-52  308.4   0.0  283   36-334   101-403 (534)
      83 UniRef100_A0A139WB32 Tachykini 100.0 1.4E-46 1.4E-52  294.1   0.0  281   38-334    45-338 (405)
      84 UniRef100_A0A060X0R7 Uncharact 100.0 1.5E-46 1.5E-52  282.7   0.0  280   36-334    57-338 (383)
      85 UniRef100_A0A060X0P4 G_PROTEIN 100.0 1.5E-46 1.5E-52  303.4   0.0  289   35-333   137-426 (513)
      86 UniRef100_A0A061INJ6 Pyrogluta 100.0 1.6E-46 1.6E-52  310.7   0.0  285   38-334   154-454 (594)
      87 UniRef100_A0A077Z2H9 Putative  100.0 2.4E-46 2.3E-52  300.5   0.0  281   39-333    74-391 (477)
      88 UniRef100_A0A1D2M4J2 Neuropept 100.0 2.3E-46 2.3E-52  298.2   0.0  281   37-333   127-418 (497)
      89 UniRef100_A0A087UNN0 Neuropept 100.0 2.6E-46 2.6E-52  294.4   0.0  284   36-334    93-387 (470)
      90 UniRef100_A0A023F668 Putative  100.0 2.8E-46 2.8E-52  292.9   0.0  281   36-334    85-373 (484)
      91 tr|A7SD89|A7SD89_NEMVE Predict 100.0 3.5E-46 3.5E-52  278.7   0.0  274   38-334    39-326 (355)
      92 UniRef100_A0A026WK40 Cholecyst 100.0 3.7E-46 3.6E-52  310.4   0.0  282   38-334   156-539 (656)
      93 tr|S7PUA8|S7PUA8_MYOBR C-C che 100.0 3.9E-46 3.9E-52  302.7   0.0  279   35-333   281-561 (603)
      94 UniRef100_A0A2B4RGU4 5-hydroxy 100.0 4.4E-46 4.2E-52  306.0   0.0  278   36-334    65-366 (478)
      95 UniRef100_A0A026W5R0 Orexin re 100.0 4.8E-46 4.7E-52  302.5   0.0  280   37-334   118-422 (529)
      96 tr|A0A218VDE9|A0A218VDE9_9PASE 100.0 5.1E-46 5.2E-52  289.1   0.0  278   37-334    24-303 (556)
      97 UniRef100_A0A059ZY04 Angiotens 100.0 5.7E-46 5.6E-52  303.1   0.0  279   36-334   168-450 (546)
      98 UniRef100_A0A2G8JR46 Putative  100.0 6.1E-46 5.8E-52  298.3   0.0  273   41-334    67-352 (411)
      99 UniRef100_A0A060WXX3 G-protein 100.0 6.2E-46   6E-52  304.0   0.0  278   35-332   158-447 (539)
     100 UniRef100_A0A3M6U5X4 G_PROTEIN 100.0 6.2E-46 6.1E-52  281.8   0.0  275   37-334    39-316 (339)
     101 tr|A0A218UP03|A0A218UP03_9PASE 100.0   8E-46 8.1E-52  308.5   0.0  291   23-334   777-1070(1110)
     102 UniRef100_A0A087X575 NPY-Y2 re 100.0 8.3E-46 8.2E-52  289.7   0.0  282   37-334    74-367 (426)
     103 UniRef100_A0A2B4SVC4 Dopamine  100.0 9.2E-46   9E-52  289.1   0.0  262   38-334    57-326 (397)
     104 UniRef100_A0A060VPX8 G_PROTEIN 100.0 9.8E-46 9.3E-52  310.2   0.0  280   36-334   132-414 (527)
     105 UniRef100_A0A2B4SKX3 Cholecyst 100.0 9.4E-46 9.3E-52  289.6   0.0  277   36-334    71-408 (428)
     106 tr|A0A060X5F3|A0A060X5F3_ONCMY 100.0   1E-45   1E-51  311.4   0.0  282   35-334   413-698 (840)
     107 tr|V8NTH6|V8NTH6_OPHHA N-arach 100.0 1.1E-45   1E-51  310.2   0.0  306   17-334    10-319 (785)
     108 UniRef100_A0A2B4RHL7 Galanin r 100.0 1.1E-45 1.1E-51  282.7   0.0  270   40-334    36-306 (406)
     109 UniRef100_A0A2B4S4U3 Beta-2 ad 100.0 1.2E-45 1.2E-51  282.7   0.0  279   38-334    30-317 (372)
     110 UniRef100_A0A210QEM7 Neuropept 100.0 1.3E-45 1.2E-51  287.9   0.0  284   38-334    52-342 (416)
     111 UniRef100_A0A151N382 Galanin r 100.0 1.3E-45 1.3E-51  276.0   0.0  287   30-334    24-312 (392)
     112 UniRef100_A0A044T5H8 G_PROTEIN 100.0 1.4E-45 1.4E-51  301.6   0.0  277   37-334   246-564 (693)
     113 UniRef100_A0A060W9T7 G_PROTEIN 100.0 1.4E-45 1.5E-51  291.7   0.0  282   36-334   185-468 (616)
     114 UniRef100_A0A177B9B5 Rhodopsin 100.0 1.5E-45 1.5E-51  289.1   0.0  279   37-333    91-397 (464)
     115 UniRef100_A0A1V9XU68 Tyramine/ 100.0 1.6E-45 1.5E-51  289.8   0.0  273   40-334    56-349 (408)
     116 UniRef100_A0A0B4LHT6 RYamide r 100.0 1.6E-45 1.5E-51  296.3   0.0  282   38-334   116-407 (524)
     117 tr|L9JWP3|L9JWP3_TUPCH C-C che 100.0 1.7E-45 1.7E-51  303.1   0.0  291   21-334   373-665 (702)
     118 UniRef100_A0A1S3H6K0 neuropept 100.0 1.8E-45 1.7E-51  299.1   0.0  286   36-333    56-351 (470)
     119 UniRef100_A0A060VP48 G_PROTEIN 100.0 1.8E-45 1.7E-51  306.0   0.0  282   38-334   156-446 (580)
     120 UniRef100_A0A0A1WLH2 Somatosta 100.0 1.8E-45 1.8E-51  298.1   0.0  282   38-333   218-502 (667)
     121 UniRef100_A0A1I8HKX2 G_PROTEIN 100.0 2.1E-45 2.1E-51  290.5   0.0  274   36-334    40-407 (442)
     122 tr|A0A2B4SUH3|A0A2B4SUH3_STYPI 100.0 2.2E-45 2.2E-51  287.3   0.0  307   11-334     3-327 (385)
     123 UniRef100_A0A3M6TPP0 G_PROTEIN 100.0 2.2E-45 2.2E-51  292.9   0.0  283   37-334    51-350 (424)
     124 tr|A0A0P7U0M1|A0A0P7U0M1_9TELE 100.0 2.2E-45 2.2E-51  281.4   0.0  285   37-334   102-407 (440)
     125 tr|L7LZ94|L7LZ94_9ACAR Putativ 100.0 2.4E-45 2.4E-51  282.9   0.0  283   36-333   102-387 (438)
     126 tr|A0A182G4E1|A0A182G4E1_AEDAL 100.0 2.6E-45 2.6E-51  293.8   0.0  283   35-334    66-366 (534)
     127 tr|A0A1I8PG61|A0A1I8PG61_STOCA 100.0 2.7E-45 2.7E-51  300.5   0.0  287   35-333   298-587 (716)
     128 UniRef100_A0A3B4UE11 Si:zfos-1 100.0 2.8E-45 2.8E-51  279.3   0.0  277   36-333    65-345 (441)
     129 tr|A0A1D1UXI1|A0A1D1UXI1_RAMVA 100.0 3.1E-45 3.1E-51  287.8   0.0  283   36-334    81-371 (499)
     130 UniRef100_A0A7M7HFU8 G_PROTEIN 100.0 3.3E-45 3.1E-51  294.6   0.0  278   37-334    65-360 (423)
     131 UniRef100_A0A0K0PUH1 Orphan G- 100.0 3.3E-45 3.3E-51  280.7   0.0  282   37-334    53-344 (413)
     132 UniRef100_A0A0N7ZAP9 G_PROTEIN 100.0 3.5E-45 3.4E-51  289.0   0.0  279   36-334    76-362 (421)
     133 UniRef100_A0A1S3J712 QRFP-like 100.0 3.5E-45 3.4E-51  295.4   0.0  278   41-334    72-367 (507)
     134 UniRef100_A0A3M6T6P4 G_PROTEIN 100.0 3.6E-45 3.5E-51  291.6   0.0  276   42-334    61-350 (465)
     135 UniRef100_A0A076YJT8 Chemokine 100.0 3.6E-45 3.5E-51  292.2   0.0  278   36-334   160-440 (493)
     136 tr|A0A1W4ZX05|A0A1W4ZX05_9TELE 100.0 4.1E-45 4.1E-51  290.1   0.0  283   38-333    71-380 (480)
     137 UniRef100_A0A210QT45 G-protein 100.0 4.7E-45 4.7E-51  285.2   0.0  285   35-334    57-353 (472)
     138 UniRef100_A0A0P7U357 Apelin re 100.0   5E-45   5E-51  283.3   0.0  282   36-334    57-339 (401)
     139 tr|V8NQN2|V8NQN2_OPHHA G-prote 100.0   5E-45 5.1E-51  297.7   0.0  274   37-333   304-582 (840)
     140 tr|A0A060WY47|A0A060WY47_ONCMY 100.0   6E-45 6.1E-51  281.7   0.0  305   18-333    14-318 (505)
     141 tr|A0A2B4RXD1|A0A2B4RXD1_STYPI 100.0 6.2E-45 6.1E-51  281.9   0.0  279   37-334    94-376 (416)
     142 tr|A0A1I8PIJ9|A0A1I8PIJ9_STOCA 100.0 6.4E-45 6.4E-51  296.4   0.0  280   39-334   172-463 (680)
     143 tr|A0A1V4J9T1|A0A1V4J9T1_PATFA 100.0 6.5E-45 6.6E-51  277.9   0.0  283   35-334    67-351 (461)
     144 UniRef100_A0A3M6UAU0 G_PROTEIN 100.0 6.7E-45 6.7E-51  291.9   0.0  280   36-333    35-324 (552)
     145 tr|A0A232F0R3|A0A232F0R3_9HYME 100.0   7E-45 7.1E-51  280.9   0.0  279   36-333   103-418 (458)
     146 UniRef100_A0A3B4VB96 Beta-2 ad 100.0 7.7E-45 7.7E-51  284.5   0.0  278   36-334    52-357 (464)
     147 tr|L5M4Z9|L5M4Z9_MYODS C-C che 100.0 7.9E-45 7.9E-51  287.2   0.0  280   36-334   269-551 (590)
     148 tr|A0A1A8EW90|A0A1A8EW90_9TELE 100.0   9E-45   9E-51  280.2   0.0  283   36-333    44-328 (444)
     149 UniRef100_A0A0L8I310 G_PROTEIN 100.0 9.4E-45 9.1E-51  291.9   0.0  280   41-333    50-363 (468)
     150 UniRef100_A0A060WEJ5 G_PROTEIN 100.0 1.1E-44 1.1E-50  294.2   0.0  274   38-334   115-452 (544)
     151 tr|A0A146PN09|A0A146PN09_FUNHE 100.0 1.2E-44 1.1E-50  296.7   0.0  290   34-333    37-390 (432)
     152 tr|A0A218V410|A0A218V410_9PASE 100.0 1.1E-44 1.1E-50  273.2   0.0  287   36-334    99-388 (427)
     153 UniRef100_A0A1V4KIE8 Beta-1 ad 100.0 1.2E-44 1.2E-50  305.3   0.0  271   43-334    36-345 (512)
     154 UniRef100_A0A087U880 Neuropept 100.0 1.2E-44 1.2E-50  282.7   0.0  281   36-333    68-358 (401)
     155 tr|I3KRG5|I3KRG5_ORENI FGFR1 o 100.0 1.2E-44 1.2E-50  288.8   0.0  279   37-334   148-445 (489)
     156 UniRef100_A7RGN9 Predicted pro 100.0 1.2E-44 1.2E-50  273.1   0.0  295   13-332     8-308 (317)
     157 UniRef100_A0A060XP11 G_PROTEIN 100.0 1.2E-44 1.2E-50  290.2   0.0  276   38-334    92-388 (497)
     158 tr|A0A1I8MQS0|A0A1I8MQS0_MUSDO 100.0 1.3E-44 1.2E-50  294.7   0.0  282   37-333   150-434 (572)
     159 UniRef100_A0A0F8BCH4 B2 bradyk 100.0 1.4E-44 1.4E-50  296.3   0.0  302   23-334    28-329 (710)
     160 UniRef100_A0A0K0PUK8 FMRFamide 100.0 1.5E-44 1.4E-50  294.2   0.0  285   37-334    59-349 (471)
     161 UniRef100_A0A146M155 Neuropept 100.0 1.5E-44 1.4E-50  286.9   0.0  283   39-334    56-358 (488)
     162 UniRef100_A0A060VV87 Kappa-typ 100.0 1.5E-44 1.5E-50  287.2   0.0  279   38-333   192-472 (586)
     163 UniRef100_A0A2B4R9G2 Melatonin 100.0 1.6E-44 1.5E-50  297.0   0.0  274   38-334    82-362 (461)
     164 tr|A0A091DQD0|A0A091DQD0_FUKDA 100.0 1.6E-44 1.6E-50  282.6   0.0  280   36-333   179-458 (499)
     165 UniRef100_A0A2B4RPR9 Allatosta 100.0 1.7E-44 1.7E-50  290.5   0.0  280   37-334    48-340 (446)
     166 UniRef100_A0A026WK16 Tachykini 100.0 1.7E-44 1.7E-50  292.1   0.0  280   38-333   184-476 (641)
     167 UniRef100_A0A0P0YUU8 Cannabino 100.0 1.8E-44 1.7E-50  286.2   0.0  281   41-334    87-413 (496)
     168 UniRef100_A0A2B4S7A4 Alpha-1A  100.0 1.9E-44 1.8E-50  282.2   0.0  260   38-334    41-305 (392)
     169 tr|M3ZYH7|M3ZYH7_XIPMA Unchara 100.0 2.1E-44 2.1E-50  280.8   0.0  280   36-333    85-368 (397)
     170 UniRef100_A0A2B4RHY9 Pyrogluta 100.0 2.3E-44 2.2E-50  295.7   0.0  278   37-334    82-367 (455)
     171 UniRef100_A0A068WKU9 Neuropept 100.0 2.2E-44 2.2E-50  283.9   0.0  279   38-332    74-361 (451)
     172 tr|A0A0P4XBU7|A0A0P4XBU7_9CRUS 100.0 2.5E-44 2.4E-50  292.7   0.0  291   37-333    61-410 (557)
     173 UniRef100_A0A1S3IX78 RYamide r 100.0 2.6E-44 2.5E-50  281.2   0.0  283   35-332    52-342 (444)
     174 UniRef100_A0A0K0PUH0 Orphan G- 100.0 2.7E-44 2.6E-50  297.3   0.0  280   39-333   139-468 (583)
     175 UniRef100_A0A0L8GIM4 G_PROTEIN 100.0 2.7E-44 2.6E-50  294.1   0.0  282   37-334    97-391 (481)
     176 UniRef100_A0A0L8I0T4 G_PROTEIN 100.0 2.8E-44 2.8E-50  288.0   0.0  280   36-334   133-492 (554)
     177 UniRef100_A0A023ETT6 Putative  100.0   3E-44 3.1E-50  285.9   0.0  283   37-333   154-441 (612)
     178 UniRef100_A0A4D9EQQ5 Enolase-l 100.0   3E-44 3.1E-50  270.6   0.0  279   37-334   147-427 (472)
     179 UniRef100_A0A6G8J3P5 Melanin-c 100.0 3.2E-44 3.2E-50  278.0   0.0  284   35-334    60-347 (460)
     180 tr|A0A2B4RSD1|A0A2B4RSD1_STYPI 100.0 3.4E-44 3.3E-50  290.3   0.0  274   39-334    53-377 (430)
     181 UniRef100_A0A6P4YBA8 delta-typ 100.0 3.5E-44 3.4E-50  280.1   0.0  278   38-334    52-335 (406)
     182 tr|A0A0N8JZL4|A0A0N8JZL4_9TELE 100.0 3.5E-44 3.5E-50  282.5   0.0  284   37-334   105-408 (482)
     183 UniRef100_A0A1S3KA35 Alpha-1B  100.0 3.6E-44 3.6E-50  290.1   0.0  274   38-334    91-415 (551)
     184 UniRef100_A0A060WWU7 G_PROTEIN 100.0 3.8E-44 3.8E-50  284.3   0.0  277   37-334    69-378 (545)
     185 UniRef100_A0A061ACA9 G_PROTEIN 100.0 3.9E-44 3.8E-50  293.4   0.0  273   40-332    99-373 (513)
     186 UniRef100_A0A2B4SC76 Substance 100.0   4E-44 3.9E-50  289.9   0.0  282   36-334    54-348 (461)
     187 UniRef100_A0A067RG65 Neuropept 100.0   4E-44 3.9E-50  284.4   0.0  284   38-334    89-390 (509)
     188 tr|A0A147AXX1|A0A147AXX1_FUNHE 100.0 3.9E-44   4E-50  277.5   0.0  288   32-334    33-325 (490)
     189 tr|G1KNH5|G1KNH5_ANOCA Bradyki 100.0   4E-44   4E-50  270.1   0.0  304   19-333    41-345 (389)
     190 tr|A0A2B4SID7|A0A2B4SID7_STYPI 100.0 4.3E-44 4.1E-50  287.6   0.0  283   36-334    31-323 (422)
     191 UniRef100_A0A0A7KUZ5 Opsin 5 n 100.0 4.5E-44 4.4E-50  283.6   0.0  280   36-334    52-340 (407)
     192 UniRef100_A0A060XC03 Beta-2 ad 100.0 4.4E-44 4.4E-50  284.1   0.0  280   35-334   101-409 (548)
     193 UniRef100_A0A084WIC4 Short neu 100.0 5.1E-44 5.1E-50  285.6   0.0  283   36-334    92-382 (551)
     194 UniRef100_A0A0L8H201 G_PROTEIN 100.0 5.3E-44 5.3E-50  276.8   0.0  287   36-334    85-378 (461)
     195 UniRef100_A0A068YA15 Neuropept 100.0 5.4E-44 5.4E-50  283.7   0.0  287   38-333    74-390 (510)
     196 UniRef100_A0A060WI70 G_PROTEIN 100.0   6E-44 5.9E-50  286.7   0.0  303   21-334    94-398 (514)
     197 tr|K1QHX9|K1QHX9_CRAGI Somatos 100.0   7E-44 6.9E-50  282.4   0.0  282   37-333    49-334 (456)
     198 UniRef100_A0A226DFM2 Neuropept 100.0 6.9E-44 6.9E-50  283.6   0.0  283   38-334   107-399 (523)
     199 UniRef100_A0A6P4Z684 G-protein 100.0 7.1E-44   7E-50  275.7   0.0  285   36-334    51-342 (425)
     200 tr|A0A1S3FYW5|A0A1S3FYW5_DIPOR 100.0   7E-44 7.1E-50  268.0   0.0  283   38-334    71-354 (385)
     201 UniRef100_A0A0K0PUH3 Allatotro 100.0 7.2E-44 7.1E-50  277.1   0.0  279   37-333    69-368 (424)
     202 tr|A0A1U7TSJ4|A0A1U7TSJ4_TARSY 100.0 7.2E-44 7.3E-50  282.4   0.0  283   38-334   214-514 (600)
     203 UniRef100_UPI0006496AC0 B1 bra 100.0 7.7E-44 7.8E-50  271.7   0.0  323    4-334   147-469 (495)
     204 UniRef100_A0A0P5DAK4 Orexin re 100.0   8E-44 7.9E-50  282.5   0.0  279   38-334   108-426 (505)
     205 tr|B4JN40|B4JN40_DROGR GH24210 100.0   8E-44 7.9E-50  277.5   0.0  282   37-333   117-403 (436)
     206 UniRef100_A0A3M6TKX3 G_PROTEIN 100.0 8.3E-44 8.1E-50  282.4   0.0  281   37-334    76-370 (427)
     207 UniRef100_A0A087QH91 Melanopsi 100.0 8.6E-44 8.6E-50  290.0   0.0  282   33-332   100-393 (629)
     208 UniRef100_A0A0H3YI86 Pyrokinin 100.0 9.1E-44 8.8E-50  289.5   0.0  281   39-334    86-394 (510)
     209 UniRef100_A0A2H8TNJ5 Neuropept 100.0   9E-44   9E-50  283.2   0.0  281   38-333   157-448 (528)
     210 UniRef100_A0A060VWE3 G_PROTEIN 100.0 9.4E-44 9.1E-50  295.1   0.0  281   36-334   145-428 (542)
     211 UniRef100_A0A024R4J1 Formyl pe 100.0   1E-43 9.6E-50  299.9   0.0  275   37-333   173-450 (581)
     212 UniRef100_A0A6P4ZN87 somatosta 100.0   1E-43 9.9E-50  274.5   0.0  283   36-334    32-324 (391)
     213 tr|W4Z2N2|W4Z2N2_STRPU Unchara 100.0   1E-43   1E-49  270.6   0.0  282   36-333    56-347 (406)
     214 UniRef100_A0A6J8CLU9 HCRTR2 n= 100.0 1.1E-43 1.1E-49  276.1   0.0  281   37-333    53-353 (422)
     215 UniRef100_A0A6P3IMR0 somatosta 100.0 1.2E-43 1.2E-49  273.6   0.0  282   37-334   198-481 (524)
     216 UniRef100_A0A061I1T5 C3a anaph 100.0 1.2E-43 1.2E-49  297.1   0.0  273   38-332   137-523 (700)
     217 UniRef100_A0A1A8A7W5 Bradykini 100.0 1.2E-43 1.2E-49  270.5   0.0  303   17-334    74-376 (415)
     218 ERR1719361_2001115             100.0 1.2E-43 1.2E-49  278.2   0.0  284   35-333    23-319 (415)
     219 tr|A0A0P6IZB8|A0A0P6IZB8_9CRUS 100.0 1.3E-43 1.3E-49  281.4   0.0  283   37-334   203-490 (559)
     220 tr|A0A2B4SKI0|A0A2B4SKI0_STYPI 100.0 1.3E-43 1.3E-49  283.2   0.0  295   19-333    77-393 (458)
     221 ERR1719341_586736              100.0 1.3E-43 1.3E-49  281.8   0.0  285   36-334    54-350 (513)
     222 tr|A0A0L0C8J1|A0A0L0C8J1_LUCCU 100.0 1.3E-43 1.3E-49  283.6   0.0  285   37-333   226-513 (661)
     223 UniRef100_A0A3M6UME8 G_PROTEIN 100.0 1.4E-43 1.4E-49  276.9   0.0  275   37-333    40-319 (383)
     224 tr|A0A0P7V5N2|A0A0P7V5N2_9TELE 100.0 1.4E-43 1.4E-49  277.9   0.0  276   37-334    92-397 (468)
     225 UniRef100_A0A023FH63 Putative  100.0 1.5E-43 1.5E-49  286.7   0.0  275   37-334   126-436 (563)
     226 UniRef100_A0A6F9DUB2 Somatosta 100.0 1.5E-43 1.5E-49  275.7   0.0  286   35-333    61-348 (467)
     227 UniRef100_A0A060X1U9 G_PROTEIN 100.0 1.9E-43 1.9E-49  285.9   0.0  274   37-334   139-453 (633)
     228 UniRef100_A0A401NJB3 G_PROTEIN 100.0 1.9E-43 1.9E-49  279.9   0.0  276   38-334    43-355 (517)
     229 UniRef100_A0A0L8FP69 G_PROTEIN 100.0 1.9E-43 1.9E-49  274.4   0.0  281   40-333    52-336 (488)
     230 UniRef100_A0A060WUQ6 G-protein 100.0   2E-43   2E-49  277.8   0.0  285   34-331   136-421 (502)
     231 tr|A0A147AZW9|A0A147AZW9_FUNHE 100.0 2.1E-43   2E-49  289.2   0.0  285   38-334    87-429 (468)
     232 tr|T1KPP2|T1KPP2_TETUR Unchara 100.0   2E-43   2E-49  278.6   0.0  279   36-333   151-431 (477)
     233 tr|A0A218UB83|A0A218UB83_9PASE 100.0   2E-43   2E-49  284.8   0.0  274   37-334   194-508 (631)
     234 UniRef100_A0A0L7KZ56 Neuropept 100.0 2.1E-43 2.1E-49  281.1   0.0  281   37-333    87-380 (509)
     235 UniRef100_A0A1D2M255 Somatosta 100.0 2.1E-43 2.1E-49  268.4   0.0  281   38-334    37-319 (382)
     236 UniRef100_A0A6S7JE64 Neuropept 100.0 2.2E-43 2.2E-49  276.3   0.0  278   38-334    36-317 (412)
     237 tr|A0A2H1W6Q0|A0A2H1W6Q0_SPOFR 100.0 2.3E-43 2.3E-49  278.4   0.0  282   36-334    70-359 (466)
     238 UniRef100_A0A1S3J8T4 5-hydroxy 100.0 2.4E-43 2.3E-49  281.7   0.0  280   37-334   101-392 (468)
     239 UniRef100_UPI000B911B64 melato 100.0 2.5E-43 2.4E-49  280.0   0.0  273   38-334    30-340 (381)
     240 UniRef100_A0A0F8BCH4 B2 bradyk 100.0 2.5E-43 2.5E-49  289.2   0.0  301   23-333   367-667 (710)
     241 UniRef100_A0A3M6UKX8 G_PROTEIN 100.0 2.7E-43 2.6E-49  286.2   0.0  282   38-334   120-416 (487)
     242 tr|A0A1A8LLP2|A0A1A8LLP2_9TELE 100.0 2.8E-43 2.8E-49  273.9   0.0  275   37-334    94-393 (455)
     243 UniRef100_A0A6P4ZPQ5 G-protein 100.0 2.8E-43 2.9E-49  268.4   0.0  283   34-332    40-323 (420)
     244 UniRef100_A0A2B4SVS8 Neuropept 100.0   3E-43 2.9E-49  285.4   0.0  281   36-334    88-378 (480)
     245 UniRef100_A0A2G8KMT5 G_PROTEIN 100.0 3.1E-43   3E-49  275.2   0.0  268   41-334    41-323 (402)
     246 UniRef100_A0A3M6TAE6 G_PROTEIN 100.0 3.4E-43 3.4E-49  278.2   0.0  263   39-334    94-364 (443)
     247 UniRef100_A0A060W5H6 G_PROTEIN 100.0 3.6E-43 3.5E-49  286.1   0.0  279   36-332    86-381 (528)
     248 tr|A0A218UWX7|A0A218UWX7_9PASE 100.0 3.6E-43 3.5E-49  276.8   0.0  281   38-334    42-336 (474)
     249 UniRef100_A0A084WFJ7 AGAP00011 100.0 3.6E-43 3.6E-49  281.8   0.0  277   37-332    88-374 (519)
     250 tr|A0A1D2NMB6|A0A1D2NMB6_ORCCI 100.0 3.6E-43 3.6E-49  278.6   0.0  281   38-334   153-446 (520)
     251 UniRef100_A0A210QSD7 Octopamin 100.0 3.7E-43 3.6E-49  280.4   0.0  276   35-334    56-412 (423)
     252 UniRef100_A0A068WVN8 Biogenic  100.0   4E-43   4E-49  290.6   0.0  278   36-334   120-503 (641)
     253 UniRef100_A0A060YGE9 G_PROTEIN 100.0 4.1E-43   4E-49  281.5   0.0  279   35-334   148-430 (484)
     254 UniRef100_A0A060VRN9 G_PROTEIN 100.0 4.5E-43 4.5E-49  279.2   0.0  273   38-333   137-425 (496)
     255 UniRef100_A0A1L8GQY3 Alpha-1B  100.0 4.7E-43 4.7E-49  277.8   0.0  273   38-334    48-364 (510)
     256 UniRef100_A0A2B4RFH8 Neuropept 100.0   5E-43 4.8E-49  287.3   0.0  280   40-334    68-362 (439)
     257 tr|T1JU75|T1JU75_TETUR Unchara 100.0 4.8E-43 4.9E-49  280.7   0.0  285   36-333   143-430 (728)
     258 UniRef100_A0A087X9W8 G_PROTEIN 100.0   5E-43   5E-49  282.1   0.0  282   40-334   127-415 (547)
     259 UniRef100_A0A026W4S0 Neuromedi 100.0 5.1E-43   5E-49  284.4   0.0  291   33-334    68-384 (604)
     260 UniRef100_A0A087YQK7 Adrenocep 100.0 5.2E-43 5.2E-49  281.9   0.0  273   41-334   134-447 (617)
     261 tr|W5JTF9|W5JTF9_ANODA Somatos 100.0 5.3E-43 5.3E-49  276.7   0.0  286   34-333    52-342 (526)
     262 UniRef100_A0A210QHM7 G-protein 100.0 5.8E-43 5.7E-49  279.8   0.0  281   37-333    80-370 (492)
     263 UniRef100_A0A3P8PUG8 B2 bradyk 100.0 5.9E-43 5.9E-49  262.5   0.0  302   20-334    31-332 (369)
     264 UniRef100_A0A2B4SE17 Substance 100.0 6.3E-43 6.1E-49  286.5   0.0  282   37-334    65-361 (467)
     265 tr|A0A131ZXP6|A0A131ZXP6_SARSC 100.0 6.1E-43 6.2E-49  270.6   0.0  281   39-334   125-408 (480)
     266 UniRef100_A0A2B4RXD1 Neuropept 100.0 6.4E-43 6.3E-49  277.3   0.0  279   37-334    95-378 (461)
     267 tr|A0A2B4SIA2|A0A2B4SIA2_STYPI 100.0 6.6E-43 6.5E-49  272.0   0.0  279   38-334    60-356 (370)
     268 UniRef100_A0A0L8HHE2 G_PROTEIN 100.0 6.7E-43 6.6E-49  273.8   0.0  282   41-333     5-294 (385)
     269 UniRef100_UPI0001CB9B44 somato 100.0 6.5E-43 6.6E-49  258.7   0.0  284   38-334    29-312 (365)
     270 UniRef100_A0A0P7Y8S7 Nocicepti 100.0 6.6E-43 6.7E-49  267.7   0.0  279   38-333   121-401 (467)
     271 tr|A0A0S0WMT8|A0A0S0WMT8_DROME 100.0 6.6E-43 6.7E-49  275.9   0.0  281   38-332   147-430 (593)
     272 UniRef100_A0A087REY1 NPY-Y2 re 100.0   7E-43   7E-49  280.2   0.0  281   37-333   187-473 (599)
     273 tr|A0A2B4S4U3|A0A2B4S4U3_STYPI 100.0   7E-43 7.1E-49  263.1   0.0  279   38-334    27-318 (359)
     274 tr|E6ZEU6|E6ZEU6_DICLA Neurome 100.0 7.2E-43 7.1E-49  277.1   0.0  283   39-334    91-390 (461)
     275 UniRef100_A0A2B4SJV4 Galanin r 100.0 7.7E-43 7.4E-49  284.3   0.0  279   38-334    76-362 (444)
     276 tr|A0A139WLV7|A0A139WLV7_TRICA 100.0 7.4E-43 7.5E-49  285.6   0.0  282   37-334   399-693 (792)
     277 tr|A0A0P7V1N0|A0A0P7V1N0_9TELE 100.0 7.4E-43 7.5E-49  267.0   0.0  281   38-333   116-399 (436)
     278 UniRef100_A0A060WMC3 Alpha-1D  100.0 7.6E-43 7.6E-49  277.4   0.0  274   37-334   111-428 (564)
     279 tr|A0A1D2MSE1|A0A1D2MSE1_ORCCI 100.0 7.8E-43 7.7E-49  286.2   0.0  281   37-333   111-401 (615)
     280 UniRef100_A0A6P8IFK2 neuromedi 100.0 8.5E-43 8.4E-49  268.4   0.0  280   37-334    26-317 (363)
     281 UniRef100_A0A1D1V5S1 G_PROTEIN 100.0 8.6E-43 8.5E-49  274.3   0.0  277   35-334    55-355 (484)
     282 UniRef100_A0A3M6T8F5 G_PROTEIN 100.0 8.9E-43 8.6E-49  289.6   0.0  279   37-334   102-391 (523)
     283 tr|A0A2B4SAJ4|A0A2B4SAJ4_STYPI 100.0 8.7E-43 8.6E-49  275.3   0.0  280   38-334    30-329 (434)
     284 UniRef100_A0A1D1VDY3 G_PROTEIN 100.0 8.7E-43 8.7E-49  280.6   0.0  284   40-334   137-442 (557)
     285 tr|A0A061HVK8|A0A061HVK8_CRIGR 100.0 9.4E-43 9.4E-49  269.5   0.0  283   36-332   123-408 (437)
     286 tr|A0A151NSA8|A0A151NSA8_ALLMI 100.0 9.9E-43 9.8E-49  271.0   0.0  268   38-331    90-367 (406)
     287 UniRef100_A0A067RDC3 Prolactin 100.0   1E-42   1E-48  277.8   0.0  280   37-334    65-352 (541)
     288 UniRef100_A0A091R746 Beta-1 ad 100.0   1E-42   1E-48  277.9   0.0  275   40-334   138-448 (572)
     289 UniRef100_A0A087UP46 5-hydroxy 100.0   1E-42   1E-48  274.1   0.0  274   38-334    47-396 (472)
     290 UniRef100_A0A060VZB5 G_PROTEIN 100.0 1.1E-42 1.1E-48  286.4   0.0  290   25-332   118-410 (533)
     291 UniRef100_A0A061IN14 NK-3 rece 100.0 1.1E-42 1.1E-48  284.5   0.0  279   38-334   235-519 (662)
     292 UniRef100_A0A678XEL8 Trace ami 100.0 1.1E-42 1.1E-48  278.7   0.0  278   38-334    57-352 (523)
     293 tr|A0A2B4SNZ1|A0A2B4SNZ1_STYPI 100.0 1.2E-42 1.1E-48  275.2   0.0  276   38-334    33-315 (351)
     294 UniRef100_A0A1L8FNZ4 G_PROTEIN 100.0 1.2E-42 1.2E-48  276.2   0.0  269   37-333   101-369 (429)
     295 tr|A0A0L0BYA7|A0A0L0BYA7_LUCCU 100.0 1.2E-42 1.2E-48  278.4   0.0  274   39-334   313-622 (678)
     296 UniRef100_A0A060VTR1 G_PROTEIN 100.0 1.2E-42 1.2E-48  279.9   0.0  274   37-334   120-436 (619)
     297 UniRef100_A0A016SJ65 Thyrolibe 100.0 1.2E-42 1.2E-48  280.6   0.0  279   39-334    86-392 (479)
     298 UniRef100_A0A0P6J0T1 Putative  100.0 1.2E-42 1.2E-48  288.1   0.0  288   34-334    98-405 (735)
     299 tr|A0A218VDY5|A0A218VDY5_9PASE 100.0 1.3E-42 1.3E-48  267.6   0.0  287   34-333    38-324 (395)
     300 tr|A0A1L8HND2|A0A1L8HND2_XENLA 100.0 1.4E-42 1.3E-48  271.8   0.0  284   37-334   129-423 (452)
     301 tr|W4YJK4|W4YJK4_STRPU Unchara 100.0 1.4E-42 1.4E-48  275.1   0.0  275   38-334    71-365 (446)
     302 UniRef100_A0A7M7HKI1 G_PROTEIN 100.0 1.5E-42 1.5E-48  275.5   0.0  275   41-334    44-331 (418)
     303 tr|A0A147AUP2|A0A147AUP2_FUNHE 100.0 1.5E-42 1.5E-48  276.5   0.0  267   38-321   122-390 (482)
     304 UniRef100_A0A061I5W2 G-protein 100.0 1.5E-42 1.5E-48  269.0   0.0  287   34-333    74-360 (435)
     305 UniRef100_A0A060XSH0 G_PROTEIN 100.0 1.7E-42 1.6E-48  285.2   0.0  281   36-333   146-429 (590)
     306 tr|K7GCC3|K7GCC3_PELSI Adrenoc 100.0 1.7E-42 1.7E-48  270.1   0.0  276   38-334    43-359 (488)
     307 UniRef100_A0A084VLD5 AGAP00422 100.0 1.7E-42 1.7E-48  280.0   0.0  273   38-334   245-591 (695)
     308 tr|H2Q292|H2Q292_PANTR Unchara 100.0 1.7E-42 1.7E-48  269.6   0.0  297   17-334    62-399 (492)
     309 UniRef100_A0A023F452 Putative  100.0 1.9E-42 1.8E-48  283.2   0.0  277   37-334   140-534 (660)
     310 tr|A0A147AMP5|A0A147AMP5_FUNHE 100.0 1.9E-42 1.9E-48  285.4   0.0  271   38-333    33-422 (475)
     311 tr|A0A0P7U113|A0A0P7U113_9TELE 100.0 1.9E-42 1.9E-48  272.0   0.0  269   36-332   147-415 (452)
     312 UniRef100_A0A096NAQ2 Cholecyst 100.0 1.9E-42 1.9E-48  279.5   0.0  280   40-333   154-496 (617)
     313 UniRef100_A0A060VWI9 G_PROTEIN 100.0 1.9E-42 1.9E-48  277.5   0.0  273   42-334    66-390 (579)
     314 tr|A0A151P2Y8|A0A151P2Y8_ALLMI 100.0   2E-42   2E-48  278.8   0.0  278   37-333   302-583 (615)
     315 UniRef100_A0A067RTM0 Neuromedi 100.0 2.1E-42 2.1E-48  264.9   0.0  285   39-332    39-344 (382)
     316 tr|A0A183W5E7|A0A183W5E7_TRIRE 100.0 2.2E-42 2.2E-48  270.9   0.0  286   38-334    53-348 (503)
     317 UniRef100_A0A087VAK8 Somatosta 100.0 2.2E-42 2.2E-48  257.7   0.0  277   37-332    62-342 (384)
     318 UniRef100_A0A0S1YDA0 Neuropept 100.0 2.2E-42 2.2E-48  277.7   0.0  279   39-333    97-387 (509)
     319 UniRef100_A0A0K0PUK6 Orphan G- 100.0 2.3E-42 2.3E-48  268.2   0.0  279   41-333    71-368 (448)
     320 UniRef100_A0A132AJH3 7 transme 100.0 2.5E-42 2.4E-48  275.4   0.0  282   40-334    72-382 (447)
     321 UniRef100_A0A060W714 Chemokine 100.0 2.5E-42 2.5E-48  278.8   0.0  271   36-332   121-391 (510)
     322 tr|A0A1W4YH71|A0A1W4YH71_9TELE 100.0 2.5E-42 2.5E-48  267.8   0.0  281   37-332    77-371 (410)
     323 tr|A0A1S3IXU4|A0A1S3IXU4_LINUN 100.0 2.6E-42 2.6E-48  268.0   0.0  279   36-334    57-341 (440)
     324 tr|A0A1V4J9K1|A0A1V4J9K1_PATFA 100.0 2.6E-42 2.7E-48  284.2   0.0  280   36-334   320-603 (939)
     325 tr|A0A0P5PA10|A0A0P5PA10_9CRUS 100.0 2.7E-42 2.7E-48  278.4   0.0  279   40-334   150-441 (705)
     326 tr|A0A0L8FIS6|A0A0L8FIS6_OCTBM 100.0 2.8E-42 2.8E-48  271.7   0.0  279   39-334    93-416 (485)
     327 UniRef100_A0A2B4SJE7 Orexin re 100.0 2.9E-42 2.9E-48  277.5   0.0  281   36-334   134-427 (517)
     328 tr|A0A2B4R9G2|A0A2B4R9G2_STYPI 100.0 2.9E-42 2.9E-48  267.7   0.0  277   38-334    62-345 (378)
     329 UniRef100_A0A2B4SUJ0 Melatonin 100.0   3E-42 2.9E-48  270.2   0.0  276   38-334    29-310 (399)
     330 UniRef100_A0A3M6UKG3 G_PROTEIN 100.0 2.9E-42 2.9E-48  263.8   0.0  282   36-334    24-317 (378)
     331 tr|A0A091DBP5|A0A091DBP5_FUKDA 100.0 2.9E-42 2.9E-48  290.4   0.0  280   35-334   581-863 (894)
     332 UniRef100_A0A087XI41 Mu-type o 100.0 2.9E-42 2.9E-48  266.8   0.0  279   38-333   154-434 (537)
     333 tr|A0A0P7V0U8|A0A0P7V0U8_9TELE 100.0   3E-42   3E-48  262.6   0.0  284   36-334    85-370 (439)
     334 UniRef100_A0A193KU97 GCR058 n= 100.0 3.2E-42 3.2E-48  263.8   0.0  284   38-333    27-326 (379)
     335 UniRef100_A0A0N1PGA0 Octopamin 100.0 3.2E-42 3.2E-48  277.6   0.0  274   40-334   111-488 (547)
     336 UniRef100_A0A060ILH2 Neuromedi 100.0 3.2E-42 3.2E-48  276.9   0.0  282   39-333   179-472 (606)
     337 UniRef100_A0A2B4SYG2 5-hydroxy 100.0 3.3E-42 3.2E-48  266.3   0.0  274   38-334    31-312 (376)
     338 tr|A0A0F8AVG0|A0A0F8AVG0_LARCR 100.0 3.2E-42 3.3E-48  269.5   0.0  280   38-333    57-338 (544)
     339 tr|M3YYC3|M3YYC3_MUSPF Melanin 100.0 3.3E-42 3.4E-48  261.8   0.0  284   35-331   112-396 (426)
     340 UniRef100_A0A0N0PF28 Orexin re 100.0 3.4E-42 3.4E-48  277.5   0.0  278   38-333   138-454 (588)
     341 UniRef100_A0A060Y7B7 G_PROTEIN 100.0 3.4E-42 3.4E-48  278.2   0.0  274   37-334   116-545 (560)
     342 UniRef100_A0A0K0PUG3 Thyrolibe 100.0 3.4E-42 3.4E-48  279.1   0.0  277   41-334   219-517 (606)
     343 tr|C3Z5T5|C3Z5T5_BRAFL Unchara 100.0   4E-42   4E-48  258.6   0.0  281   37-333    38-323 (389)
     344 tr|A0A218UPZ1|A0A218UPZ1_9PASE 100.0 4.2E-42 4.2E-48  270.0   0.0  280   36-334   216-499 (534)
     345 UniRef100_A0A6P4YCQ0 somatosta 100.0 4.2E-42 4.3E-48  255.9   0.0  279   37-332    71-360 (428)
     346 tr|A0A0A7RC79|A0A0A7RC79_RHOPR 100.0 4.4E-42 4.4E-48  263.7   0.0  282   37-333    76-368 (404)
     347 UniRef100_A0A060W9S7 Mu-type o 100.0 4.4E-42 4.5E-48  274.5   0.0  281   37-333   153-435 (605)
     348 UniRef100_A0A1B0TJL6 Opsin Gq3 100.0 4.5E-42 4.5E-48  274.3   0.0  280   35-332    70-364 (589)
     349 tr|F1R2F3|F1R2F3_DANRE Neurope 100.0 4.5E-42 4.6E-48  278.1   0.0  284   36-333   402-687 (731)
     350 tr|B4KC34|B4KC34_DROMO Unchara 100.0 4.7E-42 4.7E-48  280.9   0.0  280   39-334   195-488 (670)
     351 UniRef100_A0A091DZ91 Kappa-typ 100.0 4.7E-42 4.8E-48  265.0   0.0  280   38-333    76-357 (471)
     352 UniRef100_A0A061IAU9 Gastric r 100.0 4.9E-42 4.9E-48  274.2   0.0  276   37-334   115-402 (588)
     353 tr|A0A1V4KKE4|A0A1V4KKE4_PATFA 100.0   5E-42 5.1E-48  275.0   0.0  280   37-333   406-687 (724)
     354 UniRef100_A0A2B4SQU8 Orexin re 100.0 5.1E-42 5.1E-48  261.1   0.0  278   38-334    38-342 (370)
     355 UniRef100_A0A060XSS1 5-hydroxy 100.0 5.4E-42 5.3E-48  289.8   0.0  280   38-334   212-547 (704)
     356 SRR6218665_799277              100.0 5.2E-42 5.3E-48  261.9   0.0  284   36-334   124-415 (456)
     357 UniRef100_A0A087YR24 Relaxin-3 100.0 5.6E-42 5.5E-48  280.6   0.0  291   35-334   207-511 (647)
     358 UniRef100_E9HAW0 G_PROTEIN_REC 100.0 5.9E-42 5.9E-48  264.0   0.0  275   38-332    66-350 (393)
     359 UniRef100_A0A1J1I7G5 CLUMA_CG0 100.0 5.9E-42 5.9E-48  270.8   0.0  279   40-334    80-369 (500)
     360 UniRef100_A0A060WEA9 G-protein 100.0 6.4E-42 6.2E-48  282.1   0.0  280   38-333   102-381 (523)
     361 UniRef100_A0A0N0PEL7 Tachykini 100.0 6.4E-42 6.4E-48  268.8   0.0  278   39-332    58-348 (454)
     362 tr|A0A151NBW9|A0A151NBW9_ALLMI 100.0 6.8E-42 6.7E-48  269.7   0.0  282   38-333    82-386 (472)
     363 UniRef100_A0A3M6TV84 G_PROTEIN 100.0 7.2E-42 7.1E-48  269.2   0.0  264   48-334    57-333 (405)
     364 tr|A0A1V4K609|A0A1V4K609_PATFA 100.0 7.6E-42 7.7E-48  259.7   0.0  254   33-334   117-373 (403)
     365 tr|A0A1A9ZAD8|A0A1A9ZAD8_GLOPL 100.0   8E-42 8.1E-48  269.8   0.0  280   38-333   124-416 (574)
     366 UniRef100_A0A2G8JD30 Putative  100.0 8.1E-42 8.1E-48  255.6   0.0  279   38-334    26-312 (323)
     367 UniRef100_A0A3B4ZUM6 Mu-type o 100.0   8E-42 8.2E-48  269.1   0.0  281   37-333   171-453 (597)
     368 tr|A0A2G9R7F4|A0A2G9R7F4_LITCT 100.0 8.2E-42 8.2E-48  263.4   0.0  274   36-333    48-326 (408)
     369 UniRef100_A0A4W4DTE3 G_PROTEIN 100.0 8.3E-42 8.2E-48  265.1   0.0  280   39-333    55-337 (379)
     370 UniRef100_A0A0C9RF21 CapaR_3 p 100.0 8.4E-42 8.3E-48  272.9   0.0  281   40-334    55-352 (532)
     371 UniRef100_A0A2B4SID7 Neuropept 100.0 8.7E-42 8.6E-48  271.3   0.0  284   35-334    80-375 (462)
     372 UniRef100_A0A026WIP6 Cholecyst 100.0 9.1E-42   9E-48  283.3   0.0  284   37-334   171-525 (636)
     373 UniRef100_A0A182H1J6 G_PROTEIN 100.0 9.2E-42 9.3E-48  285.4   0.0  193   37-238   319-512 (1005)
     374 UniRef100_A0A7M7SYV2 G_PROTEIN 100.0 9.4E-42 9.4E-48  276.5   0.0  268   42-334    73-394 (630)
     375 tr|A0A146YGA5|A0A146YGA5_FUNHE 100.0 9.7E-42 9.4E-48  279.5   0.0  274   41-334    35-336 (521)
     376 UniRef100_A0A077Z2V7 Neuropept 100.0 9.7E-42 9.6E-48  266.6   0.0  280   40-333    73-370 (451)
     377 UniRef100_A0A0K0PUL2 DH31-like 100.0 9.8E-42 9.7E-48  261.5   0.0  279   36-333    48-328 (375)
     378 UniRef100_A0A060VZU7 G_PROTEIN 100.0   1E-41   1E-47  275.9   0.0  291   35-334   143-441 (528)
     379 UniRef100_A0A060W3U5 G_PROTEIN 100.0   1E-41   1E-47  281.5   0.0  280   36-334   197-485 (591)
     380 tr|A0A1S3L0J1|A0A1S3L0J1_SALSA 100.0   1E-41   1E-47  269.8   0.0  273   38-334    77-401 (533)
     381 tr|A0A210R0K7|A0A210R0K7_MIZYE 100.0   1E-41 1.1E-47  265.5   0.0  282   37-333    74-420 (470)
     382 UniRef100_A0A087XFV2 5-hydroxy 100.0 1.1E-41 1.1E-47  269.9   0.0  275   37-334    84-392 (493)
     383 tr|A7RKH9|A7RKH9_NEMVE Predict 100.0 1.1E-41 1.1E-47  260.6   0.0  278   37-334    26-309 (336)
     384 tr|A0A0S1YD80|A0A0S1YD80_CHISP 100.0 1.1E-41 1.1E-47  269.3   0.0  279   38-334   166-460 (513)
     385 UniRef100_A0A096NVS2 Somatosta 100.0 1.1E-41 1.1E-47  261.4   0.0  278   38-334   116-393 (483)
     386 UniRef100_A0A091MXX2 C-C chemo 100.0 1.2E-41 1.2E-47  262.4   0.0  284   34-334   103-392 (440)
     387 UniRef100_A0A060WTK3 G_PROTEIN 100.0 1.2E-41 1.2E-47  281.3   0.0  292   25-334   117-410 (608)
     388 tr|A0A2D0SD29|A0A2D0SD29_ICTPU 100.0 1.2E-41 1.2E-47  266.1   0.0  275   38-334     6-304 (420)
     389 UniRef100_A0A061QHX0 Putative  100.0 1.3E-41 1.2E-47  278.1   0.0  275   37-334   133-503 (563)
     390 UniRef100_A0A091M113 GH-releas 100.0 1.2E-41 1.3E-47  263.2   0.0  284   40-334    84-374 (478)
     391 tr|A0A067RDC3|A0A067RDC3_ZOONE 100.0 1.3E-41 1.3E-47  274.5   0.0  282   35-334    70-359 (506)
     392 UniRef100_A0A060YB93 G_PROTEIN 100.0 1.3E-41 1.3E-47  258.7   0.0  278   36-334    58-339 (480)
     393 tr|A0A0F8BCH4|A0A0F8BCH4_LARCR 100.0 1.3E-41 1.3E-47  273.7   0.0  294   20-334   319-612 (640)
     394 UniRef100_A0A016T103 G_PROTEIN 100.0 1.3E-41 1.3E-47  280.2   0.0  266   44-334   118-471 (605)
     395 tr|A7S585|A7S585_NEMVE Predict 100.0 1.4E-41 1.3E-47  265.1   0.0  280   38-334    26-321 (374)
     396 tr|V8NR81|V8NR81_OPHHA Chemoki 100.0 1.4E-41 1.4E-47  293.6   0.0  272   36-333   423-704 (879)
     397 UniRef100_A0A091U4L0 C-C chemo 100.0 1.4E-41 1.4E-47  254.4   0.0  293   21-334    15-310 (350)
     398 UniRef100_A0A026X164 G-protein 100.0 1.4E-41 1.4E-47  277.8   0.0  275   37-334   119-419 (604)
     399 UniRef100_A0A0P7U0M1 Galanin r 100.0 1.4E-41 1.4E-47  259.5   0.0  287   36-334   140-430 (475)
     400 UniRef100_A0A026WC04 Dopamine  100.0 1.4E-41 1.4E-47  263.9   0.0  273   39-334    80-393 (468)
     401 tr|A0A287CUD4|A0A287CUD4_ICTTR 100.0 1.4E-41 1.4E-47  263.8   0.0  275   38-334    20-303 (478)
     402 UniRef100_A0A6P8HVR8 galanin r 100.0 1.4E-41 1.4E-47  262.6   0.0  279   38-334    24-316 (381)
     403 UniRef100_A0A0L8H5P3 G_PROTEIN 100.0 1.5E-41 1.5E-47  270.2   0.0  274   37-334    75-368 (496)
     404 UniRef100_A0A0G2UQ37 Rhodopsin 100.0 1.5E-41 1.5E-47  269.0   0.0  281   35-333    94-390 (515)
     405 tr|A0A210QY69|A0A210QY69_MIZYE 100.0 1.5E-41 1.5E-47  257.2   0.0  281   36-333    86-372 (400)
     406 UniRef100_A0A0K0PUX3 Orphan G- 100.0 1.7E-41 1.6E-47  274.1   0.0  274   38-334    62-346 (419)
     407 tr|A0A146NY53|A0A146NY53_FUNHE 100.0 1.7E-41 1.6E-47  268.8   0.0  273   40-334    10-313 (469)
     408 tr|A0A0F8CMC2|A0A0F8CMC2_LARCR 100.0 1.7E-41 1.7E-47  274.6   0.0  280   36-334   337-638 (680)
     409 tr|A0A0V1MVC7|A0A0V1MVC7_9BILA 100.0 1.7E-41 1.7E-47  274.0   0.0  279   39-333    83-373 (598)
     410 tr|A0A182QHF8|A0A182QHF8_9DIPT 100.0 1.7E-41 1.7E-47  270.0   0.0  283   36-334   100-402 (581)
     411 UniRef100_A0A2G8KT39 Putative  100.0 1.8E-41 1.7E-47  268.7   0.0  275   40-333    48-336 (383)
     412 UniRef100_A0A6P8H485 beta-2 ad 100.0 1.8E-41 1.8E-47  269.4   0.0  278   38-334    59-354 (411)
     413 tr|A7SMQ7|A7SMQ7_NEMVE Predict 100.0 1.8E-41 1.8E-47  260.1   0.0  275   39-333    14-297 (358)
     414 tr|A0A226MZ92|A0A226MZ92_CALSU 100.0 1.8E-41 1.9E-47  263.7   0.0  279   36-334   145-425 (463)
     415 UniRef100_A0A067R841 G_PROTEIN 100.0 1.9E-41 1.9E-47  274.2   0.0  287   36-334   106-405 (526)
     416 tr|A0A061IHH7|A0A061IHH7_CRIGR 100.0 1.9E-41 1.9E-47  289.9   0.0  274   37-333   621-914 (934)
     417 UniRef100_A0A193KUI4 GCR044 n= 100.0 1.9E-41 1.9E-47  266.8   0.0  288   39-334    35-343 (508)
     418 UniRef100_A0A6P8HX63 probable  100.0 2.1E-41 2.1E-47  270.5   0.0  269   37-332    58-354 (407)
     419 UniRef100_F6SEF7 G_PROTEIN_REC 100.0 2.1E-41 2.1E-47  256.2   0.0  280   36-332    40-331 (337)
     420 tr|E2AX14|E2AX14_CAMFO Neurope 100.0 2.1E-41 2.1E-47  274.3   0.0  285   39-334    80-388 (614)
     421 UniRef100_A0A091P8Q6 C-C chemo 100.0 2.2E-41 2.2E-47  255.1   0.0  278   38-334     2-281 (322)
     422 UniRef100_A0A0L7QPT9 Green-sen 100.0 2.3E-41 2.2E-47  269.1   0.0  277   35-334    80-358 (445)
     423 tr|A0A1S3W6N0|A0A1S3W6N0_ERIEU 100.0 2.3E-41 2.3E-47  269.3   0.0  283   39-333   134-438 (596)
     424 tr|A0A210QT45|A0A210QT45_MIZYE 100.0 2.3E-41 2.4E-47  255.3   0.0  283   36-334    37-337 (395)
     425 UniRef100_A0A060XMX0 NPY-Y2 re 100.0 2.4E-41 2.4E-47  260.0   0.0  281   37-333   124-409 (452)
     426 tr|A0A131XUY2|A0A131XUY2_IXORI 100.0 2.4E-41 2.4E-47  264.1   0.0  279   36-334   161-442 (560)
     427 UniRef100_A0A0G3Y5J3 Peropsin  100.0 2.5E-41 2.4E-47  265.7   0.0  278   37-334    37-319 (363)
     428 tr|A0A212C668|A0A212C668_CEREH 100.0 2.4E-41 2.4E-47  266.4   0.0  274   37-334   220-552 (558)
     429 UniRef100_A0A060VUH8 G_PROTEIN 100.0 2.5E-41 2.5E-47  269.0   0.0  285   35-334   160-449 (549)
     430 tr|J9JRI9|J9JRI9_ACYPI Unchara 100.0 2.5E-41 2.6E-47  263.7   0.0  279   40-334    38-329 (490)
     431 UniRef100_A0A2G8KTA9 Putative  100.0 2.7E-41 2.6E-47  273.2   0.0  270   39-334    51-340 (445)
     432 UniRef100_A0A060WQA6 G_PROTEIN 100.0 2.7E-41 2.6E-47  275.6   0.0  280   33-333   142-425 (539)
     433 tr|A0A182FUW3|A0A182FUW3_ANOAL 100.0 2.6E-41 2.6E-47  272.8   0.0  281   38-332   197-480 (666)
     434 UniRef100_UPI000219022F Endoly 100.0 2.6E-41 2.7E-47  262.9   0.0  275   39-334   203-482 (507)
     435 tr|S7P1V3|S7P1V3_MYOBR CX3C ch 100.0 2.7E-41 2.8E-47  261.2   0.0  274   36-333   151-427 (475)
     436 UniRef100_A0A026W4F0 Octopamin 100.0 2.9E-41 2.9E-47  262.1   0.0  274   40-334    59-388 (445)
     437 tr|A0A2B4RYF4|A0A2B4RYF4_STYPI 100.0 2.9E-41 2.9E-47  260.8   0.0  278   35-333    23-306 (402)
     438 SRR6218665_147192              100.0 2.9E-41 2.9E-47  265.1   0.0  284   35-334    99-392 (466)
     439 UniRef100_A0A1S3HRK7 octopamin 100.0   3E-41 2.9E-47  270.1   0.0  276   38-334    66-346 (413)
     440 tr|A0A0P7TYE1|A0A0P7TYE1_9TELE 100.0   3E-41   3E-47  266.2   0.0  280   40-333   127-468 (507)
     441 UniRef100_A0A023F658 Putative  100.0 3.1E-41   3E-47  274.3   0.0  285   38-334    70-370 (580)
     442 UniRef100_A0A0K0PUE3 Orphan G- 100.0 3.2E-41 3.2E-47  272.0   0.0  282   39-334   119-423 (550)
     443 tr|A7RYQ3|A7RYQ3_NEMVE Predict 100.0 3.3E-41 3.2E-47  266.7   0.0  272   38-334    53-331 (367)
     444 UniRef100_A0A016T4B6 G_PROTEIN 100.0 3.3E-41 3.2E-47  277.6   0.0  286   37-333   103-423 (585)
     445 tr|C3Z3H5|C3Z3H5_BRAFL Unchara 100.0 3.3E-41 3.3E-47  257.2   0.0  286   36-334    80-370 (405)
     446 UniRef100_A0A091G1I5 Somatosta 100.0 3.3E-41 3.4E-47  238.0   0.0  279   38-333     4-284 (296)
     447 UniRef100_A0A067R4E0 Tachykini 100.0 3.5E-41 3.4E-47  262.7   0.0  279   37-331    50-337 (396)
     448 UniRef100_A0A7M7G1H5 G_PROTEIN 100.0 3.7E-41 3.5E-47  270.0   0.0  273   38-334    39-329 (381)
     449 tr|W5MC67|W5MC67_LEPOC Pyroglu 100.0 3.5E-41 3.6E-47  259.8   0.0  283   38-332    55-353 (441)
     450 tr|A0A096NTW4|A0A096NTW4_PAPAN 100.0 3.7E-41 3.7E-47  260.8   0.0  283   37-334   133-422 (442)
     451 UniRef100_A0A023F4J9 Putative  100.0 3.9E-41 3.9E-47  273.7   0.0  274   40-334   160-488 (588)
     452 tr|A0A2B4RXA7|A0A2B4RXA7_STYPI 100.0 4.1E-41   4E-47  260.4   0.0  249   49-334    16-269 (328)
     453 UniRef100_A0A2B4R4X2 Neuropept 100.0 4.2E-41 4.1E-47  270.2   0.0  274   38-334    34-318 (413)
     454 tr|A0A183TGM8|A0A183TGM8_SCHSO 100.0 4.3E-41 4.3E-47  262.7   0.0  285   35-334    63-368 (446)
     455 UniRef100_A0A090MXE0 Thyrotrop 100.0 4.4E-41 4.3E-47  264.7   0.0  282   37-334    46-339 (444)
     456 tr|R4J1H6|R4J1H6_SALSA Cholecy 100.0 4.4E-41 4.4E-47  260.2   0.0  283   37-333    47-401 (461)
     457 UniRef100_A0A0S1YD99 Neuropept 100.0 4.5E-41 4.6E-47  257.9   0.0  276   40-333    79-367 (423)
     458 UniRef100_A0A084WCX2 AGAP00493 100.0 4.7E-41 4.6E-47  268.0   0.0  273   40-334    98-384 (474)
     459 UniRef100_A0A060WCR4 Uncharact 100.0 4.7E-41 4.6E-47  287.3   0.0  278   36-334   477-757 (906)
     460 UniRef100_A0A024R5N1 P2Y purin 100.0   5E-41 4.8E-47  281.2   0.0  285   35-331   170-456 (563)
     461 UniRef100_A0A2B4S7Y2 Neuropept 100.0   5E-41 4.8E-47  272.8   0.0  263   36-322    81-357 (460)
     462 UniRef100_A0A3B1K9H1 Melanin-c 100.0 4.8E-41 4.8E-47  258.8   0.0  279   35-332    74-352 (436)
     463 tr|W8B9D1|W8B9D1_CERCA 5-hydro 100.0 4.8E-41 4.9E-47  268.9   0.0  277   38-334   264-622 (664)
     464 tr|F7E6B1|F7E6B1_MONDO Tachyki 100.0 4.9E-41 4.9E-47  261.4   0.0  279   38-334    96-380 (475)
     465 UniRef100_A0A3M6TDR7 G_PROTEIN 100.0 5.1E-41 4.9E-47  271.3   0.0  265   38-334    76-349 (425)
     466 tr|A0A2B4S6X2|A0A2B4S6X2_STYPI 100.0 5.1E-41 5.1E-47  257.5   0.0  278   39-334    26-319 (379)
     467 UniRef100_A0A3M6UBA2 G_PROTEIN 100.0 5.3E-41 5.2E-47  263.6   0.0  272   38-334    51-336 (383)
     468 UniRef100_A0A084VAB3 Pk-1 rece 100.0 5.3E-41 5.3E-47  268.1   0.0  282   39-333   106-410 (552)
     469 tr|U3JZV5|U3JZV5_FICAL Pyrimid 100.0 5.5E-41 5.4E-47  265.3   0.0  288   35-333   104-394 (412)
     470 tr|W5M1V4|W5M1V4_LEPOC Unchara 100.0 5.7E-41 5.6E-47  260.9   0.0  299   22-334    27-328 (357)
     471 tr|A0A1S3FWK5|A0A1S3FWK5_DIPOR 100.0 5.6E-41 5.7E-47  270.4   0.0  275   38-334   418-725 (786)
     472 tr|A7RQG0|A7RQG0_NEMVE Predict 100.0 5.9E-41 5.7E-47  261.4   0.0  283   37-334    18-310 (351)
     473 UniRef100_A0A401NH56 G_PROTEIN 100.0 5.8E-41 5.9E-47  252.1   0.0  291   32-333   104-397 (453)
     474 tr|M7B6A0|M7B6A0_CHEMY p2Y pur 100.0 6.1E-41 6.1E-47  262.2   0.0  285   34-331   104-390 (423)
     475 tr|A0A232F8D2|A0A232F8D2_9HYME 100.0 6.3E-41 6.3E-47  263.3   0.0  283   37-334    72-366 (478)
     476 tr|A0A226N2C0|A0A226N2C0_CALSU 100.0 6.2E-41 6.3E-47  263.9   0.0  275   38-334   226-516 (569)
     477 tr|A0A1U7TJB8|A0A1U7TJB8_TARSY 100.0 6.3E-41 6.4E-47  262.9   0.0  283   42-334   268-557 (585)
     478 UniRef100_A0A068WTW9 Tachykini 100.0 6.5E-41 6.5E-47  262.3   0.0  274   42-332    51-353 (453)
     479 tr|G5BPN3|G5BPN3_HETGA C3a ana 100.0 6.9E-41 6.9E-47  271.0   0.0  272   39-332   143-555 (591)
     480 UniRef100_A0A068FL22 Pheromone 100.0 6.9E-41 6.9E-47  262.7   0.0  285   38-333    84-387 (522)
     481 tr|W4Z9U8|W4Z9U8_STRPU Unchara 100.0   7E-41 7.1E-47  255.8   0.0  283   37-334   108-407 (434)
     482 tr|F6U2E0|F6U2E0_ORNAN G prote 100.0 7.2E-41 7.1E-47  259.6   0.0  293   20-333    35-327 (403)
     483 tr|A0A087YRS5|A0A087YRS5_POEFO 100.0 7.3E-41 7.2E-47  258.2   0.0  275   38-332    59-338 (387)
     484 UniRef100_A0A060W247 Cholecyst 100.0 7.7E-41 7.6E-47  270.1   0.0  281   38-332   129-470 (563)
     485 tr|A7SFM3|A7SFM3_NEMVE Predict 100.0   8E-41 7.7E-47  264.4   0.0  282   38-334    40-333 (356)
     486 UniRef100_A0A068AZY5 Octopamin 100.0 8.7E-41 8.3E-47  288.7   0.0  183   37-234   174-357 (723)
     487 tr|A0A146TP77|A0A146TP77_FUNHE 100.0 8.9E-41 8.6E-47  276.0   0.0  272   41-334    51-419 (522)
     488 tr|A7RKP0|A7RKP0_NEMVE Predict 100.0 9.2E-41 9.1E-47  257.2   0.0  272   39-333    10-302 (350)
     489 UniRef100_A0A067RIW6 G_PROTEIN 100.0 9.1E-41 9.1E-47  274.6   0.0  278   37-334   185-542 (705)
     490 tr|A7SFG7|A7SFG7_NEMVE Predict 100.0 9.9E-41 9.8E-47  257.5   0.0  277   38-334    25-308 (364)
     491 UniRef100_A0A060WGM3 G_PROTEIN 100.0   1E-40 9.8E-47  276.7   0.0  274   37-333   145-436 (537)
     492 SRR6218665_1158703             100.0   1E-40 9.9E-47  260.5   0.0  285   35-334    35-330 (413)
     493 UniRef100_A0A1S3IXU9 RYamide r 100.0 9.9E-41   1E-46  255.4   0.0  283   36-333    34-325 (438)
     494 tr|A0A0P6C571|A0A0P6C571_9CRUS 100.0 9.9E-41   1E-46  262.2   0.0  281   40-333    59-440 (558)
     495 UniRef100_A0A1D1UQ64 G_PROTEIN 100.0   1E-40   1E-46  254.6   0.0  278   36-334    44-329 (366)
     496 tr|A0A2B4RR50|A0A2B4RR50_STYPI 100.0   1E-40   1E-46  259.0   0.0  275   40-334    33-321 (411)
     497 UniRef100_A0A024FLZ5 PQRFa pep 100.0   1E-40   1E-46  259.7   0.0  282   38-333    59-346 (416)
     498 tr|A7SIX0|A7SIX0_NEMVE Predict 100.0   1E-40   1E-46  257.8   0.0  282   36-334    24-314 (403)
     499 UniRef100_A0A1I8FSG9 G_PROTEIN 100.0   1E-40   1E-46  265.6   0.0  278   37-334   161-501 (576)
     500 tr|A0A0B2UYY4|A0A0B2UYY4_TOXCA 100.0 1.1E-40   1E-46  261.4   0.0  286   36-334    82-381 (437)
     
  > Uniprot already searched, skipping.
> Running chain B
  > Uniref90 already searched, skipping.
  > Mgnify already searched, skipping.
  > Running hhblits on bfd_uniref30
- 01:53:24.783 INFO: Searching 65983866 column state sequences.

- 01:53:26.447 INFO: Searching 29291635 column state sequences.

- 01:53:26.488 INFO: bkrb1_mouse-650/msas/B/chain_B.fasta is in A2M, A3M or FASTA format

- 01:53:26.488 INFO: Iteration 1

- 01:53:26.499 INFO: Prefiltering database

- 01:54:14.600 INFO: HMMs passed 1st prefilter (gapless profile-profile alignment)  : 43418

- 01:54:41.868 INFO: HMMs passed 1st prefilter (gapless profile-profile alignment)  : 35688

- 01:54:41.933 INFO: HMMs passed 2nd prefilter (gapped profile-profile alignment)   : 76

- 01:54:41.933 INFO: HMMs passed 2nd prefilter and not found in previous iterations : 76

- 01:54:41.933 INFO: Scoring 76 HMMs using HMM-HMM Viterbi alignment

- 01:54:41.960 INFO: Alternative alignment: 0

- 01:54:42.668 INFO: 76 alignments done

- 01:54:42.668 INFO: Alternative alignment: 1

- 01:54:42.674 INFO: 76 alignments done

- 01:54:42.674 INFO: Alternative alignment: 2

- 01:54:42.675 INFO: 8 alignments done

- 01:54:42.675 INFO: Alternative alignment: 3

- 01:54:42.676 INFO: 6 alignments done

- 01:54:42.733 INFO: Premerge done

- 01:54:42.733 INFO: Realigning 93 HMM-HMM alignments using Maximum Accuracy algorithm

- 01:54:42.968 INFO: 28 sequences belonging to 28 database HMMs found with an E-value < 0.001

- 01:54:42.968 INFO: Number of effective sequences of resulting query HMM: Neff = 4.57811

- 01:54:42.973 INFO: Iteration 2

- 01:54:42.973 INFO: Set premerge to 0! (premerge: 3 iteration: 2 hits.Size: 25)

- 01:54:42.980 INFO: Prefiltering database

- 01:55:30.700 INFO: HMMs passed 1st prefilter (gapless profile-profile alignment)  : 3015

- 01:55:51.971 INFO: HMMs passed 1st prefilter (gapless profile-profile alignment)  : 4989

- 01:55:51.998 INFO: HMMs passed 2nd prefilter (gapped profile-profile alignment)   : 17

- 01:55:51.998 INFO: HMMs passed 2nd prefilter and not found in previous iterations : 1

- 01:55:51.998 INFO: Scoring 1 HMMs using HMM-HMM Viterbi alignment

- 01:55:52.024 INFO: Alternative alignment: 0

- 01:55:52.025 INFO: 1 alignments done

- 01:55:52.025 INFO: Stop after DB-HHM: 1 because early stop  8.28192e-07 < filter cutoff 0.01

- 01:55:52.025 INFO: Alternative alignment: 1

- 01:55:52.025 INFO: Alternative alignment: 2

- 01:55:52.025 INFO: Alternative alignment: 3

- 01:55:52.034 INFO: No new hits found in iteration 2 => Stop searching

- 01:55:52.035 INFO: Rescoring previously found HMMs with Viterbi algorithm

- 01:55:52.051 INFO: Alternative alignment: 0

- 01:55:52.053 INFO: 25 alignments done

- 01:55:52.053 INFO: Alternative alignment: 1

- 01:55:52.056 INFO: 19 alignments done

- 01:55:52.056 INFO: Alternative alignment: 2

- 01:55:52.056 INFO: Alternative alignment: 3

- 01:55:52.064 INFO: Realigning 24 HMM-HMM alignments using Maximum Accuracy algorithm

- 01:55:52.073 INFO: 28 sequences belonging to 28 database HMMs found with an E-value < 0.001

- 01:55:52.073 INFO: Number of effective sequences of resulting query HMM: Neff = 4.57811

     Query         kallidin gtp:650
     Match_columns 10
     No_of_seqs    39 out of 286
     Neff          4.57811
     Searched_HMMs 76
     Date          Thu Feb 23 01:55:52 2023
     Command       hhblits -i bkrb1_mouse-650/msas/B/chain_B.fasta -cpu 2 -maxmem 20 -oa3m /maps/projects/ilfgrid/people/nqz918/code/deorph/scripts/af_arman/af_jobs_af23/bkrb1_mouse/650//bkrb1_mouse-650/msas/B/bfd_uniref_hits.a3m -o /dev/null -n 3 -e 0.001 -maxseq 1000000 -realign_max 100000 -maxfilt 100000 -min_prefilter_hits 1000 -d /projects/ilfgrid/data/alphafold-genetic-databases///bfd/bfd_metaclust_clu_complete_id30_c90_final_seq.sorted_opt -d /projects/ilfgrid/data/alphafold-genetic-databases///uniref30/UniRef30_2021_03 
     
      No Hit                             Prob E-value P-value  Score    SS Cols Query HMM  Template HMM
       1 UniRef100_P83058 [Thr6]-bradyk  96.5 0.00095 9.9E-10   21.3   0.0    9    2-10      1-9   (9)
       2 sp|P84497|BRK3_TRASC [Thr6]-br  96.5 0.00095 9.9E-10   21.3   0.0    9    2-10      1-9   (9)
       3 UniRef100_P42717 Waspkinin n=1  96.4  0.0014 1.4E-09   22.6   0.0   10    1-10      3-12  (13)
       4 UniRef100_Q7M3T2 Vespakinin-X   96.3  0.0015 1.5E-09   22.2   0.0    9    2-10      2-10  (12)
       5 UniRef100_Q7M3T3 Vespakinin-M   96.3  0.0019   2E-09   21.9   0.0    9    2-10      2-10  (12)
       6 UniRef100_P84773 [Trp5]-bradyk  96.3  0.0019   2E-09   20.7   0.0    9    2-10      1-9   (9)
       7 UniRef100_P85873 Wasp kinin PM  96.1  0.0027 2.8E-09   21.2   0.0   10    1-10      2-11  (11)
       8 UniRef100_P0DM73 Nephilakinin-  96.1   0.003 3.1E-09   20.7   0.0    9    2-10      2-10  (10)
       9 UniRef100_P0DM74 Nephilakinin-  96.0  0.0039   4E-09   20.5   0.0    9    2-10      2-10  (10)
      10 UniRef100_P86156 Bradykinin RL  95.8  0.0078   8E-09   21.8   0.0    9    2-10      1-9   (16)
      11 UniRef100_P12797 Megascoliakin  95.7  0.0084 8.6E-09   20.2   0.0    9    2-10      1-9   (11)
      12 sp|P84697|BRK2_PHYSA Phyllokin  95.7  0.0085 8.7E-09   20.2   0.0    9    2-10      1-9   (11)
      13 UniRef100_P83659 Cyphokinin n=  95.7  0.0088   9E-09   20.1   0.0    9    2-10      3-11  (11)
      14 UniRef100_P57672 Vespulakinin-  95.7  0.0096 9.9E-09   21.8   0.0    9    2-10      9-17  (17)
      15 UniRef100_P84893 Des-Arg9-[Thr  95.6   0.012 1.3E-08   18.5   0.0    8    2-9       1-8   (8)
      16 sp|P86630|BRK4_PHAJA Des-Arg9-  95.6   0.012 1.3E-08   18.5   0.0    8    2-9       1-8   (8)
      17 UniRef100_P86035 [Asp6]-bradyk  95.2   0.027 2.7E-08   18.3   0.0    9    2-10      1-9   (9)
      18 UniRef100_Q9PRZ1 Lysyl-bradyki  95.1   0.033 3.4E-08   18.5   0.0   10    1-10      1-10  (10)
      19 UniRef100_P0DM72 Nephilakinin-  94.5   0.073 7.5E-08   17.8   0.0    8    3-10      3-10  (10)
      20 UniRef100_A0A3S6I504 Vespakini  94.4   0.084 8.6E-08   22.5   0.0    9    2-10     28-36  (38)
      21 UniRef100_A0A091DRV2 Kininogen  93.3    0.22 2.7E-07   29.2   0.0   10    1-10    408-417 (539)
      22 UniRef100_A0A0G2JVQ5 Bradykini  93.2     0.2   3E-07   29.5   0.0   10    1-10    411-420 (670)
      23 tr|S9Y253|S9Y253_CAMFR Kininog  91.9    0.56   7E-07   28.7   0.0   10    1-10    528-537 (792)
      24 UniRef100_A0A452TBQ7 Kininogen  91.9    0.57 7.1E-07   26.9   0.0   10    1-10    314-323 (370)
     
  > Uniprot already searched, skipping.

>> Job finished at: Thu Feb 23 01:55:57 CET 2023

>> Runtime: 6026 s
