>> Job started at: Thu Feb 23 09:19:41 CET 2023
   On Machine:     ilfgridgpun01fl.unicph.domain
   In directory:   /projects/ilfgrid/people/nqz918/code/deorph/scripts/af_arman/af_jobs_af23/ghsr_human/3600

>> GPU is 

> Running 'prep_MSAs.sh'
  > Alphafold-DB directory is set to /projects/ilfgrid/data/alphafold-genetic-databases//
  > Number of cores was set to set to 2
  > Max memory set to 20 GB
  > Output directory was set to /projects/ilfgrid/people/nqz918/code/deorph/scripts/af_arman/af_jobs_af23/ghsr_human/3600/
  > Input fastafile was set to /projects/ilfgrid/people/nqz918/code/deorph/scripts/af_arman/af_jobs_af23/ghsr_human/3600/ghsr_human-3600.fasta
> Splitting fastafile
> Running chain A
  > Uniref90 already searched, skipping.
  > Mgnify already searched, skipping.
  > Running hhblits on bfd_uniref30
- 09:20:25.944 INFO: Searching 65983866 column state sequences.

- 09:20:28.019 INFO: Searching 29291635 column state sequences.

- 09:20:28.074 INFO: ghsr_human-3600/msas/A/chain_A.fasta is in A2M, A3M or FASTA format

- 09:20:28.075 INFO: Iteration 1

- 09:20:28.351 INFO: Prefiltering database

- 09:29:50.145 INFO: HMMs passed 1st prefilter (gapless profile-profile alignment)  : 1518466

- 09:33:22.115 INFO: HMMs passed 1st prefilter (gapless profile-profile alignment)  : 777340

- 09:33:26.269 INFO: HMMs passed 2nd prefilter (gapped profile-profile alignment)   : 34331

- 09:33:26.269 INFO: HMMs passed 2nd prefilter and not found in previous iterations : 34331

- 09:33:26.269 INFO: Scoring 34331 HMMs using HMM-HMM Viterbi alignment

- 09:33:26.299 INFO: Alternative alignment: 0

- 09:34:16.106 INFO: 2000 alignments done

- 09:34:51.106 INFO: 4000 alignments done

- 09:35:17.043 INFO: 6000 alignments done

- 09:36:06.068 INFO: 8000 alignments done

- 09:36:58.808 INFO: 10000 alignments done

- 09:37:57.094 INFO: 12000 alignments done

- 09:38:26.322 INFO: 14000 alignments done

- 09:38:47.894 INFO: 16000 alignments done

- 09:38:57.045 INFO: 18000 alignments done

- 09:39:05.479 INFO: 20000 alignments done

- 09:39:13.014 INFO: 22000 alignments done

- 09:39:18.525 INFO: 24000 alignments done

- 09:39:24.156 INFO: 26000 alignments done

- 09:39:30.431 INFO: 28000 alignments done

- 09:39:42.741 INFO: 30000 alignments done

- 09:39:57.054 INFO: 32000 alignments done

- 09:40:19.808 INFO: 34000 alignments done

- 09:40:24.637 INFO: 34331 alignments done

- 09:40:24.638 INFO: Alternative alignment: 1

- 09:43:39.030 INFO: 34289 alignments done

- 09:43:39.235 INFO: Alternative alignment: 2

- 09:46:02.878 INFO: 7423 alignments done

- 09:46:02.894 INFO: Alternative alignment: 3

- 09:46:11.980 INFO: 1182 alignments done

- 09:46:13.515 INFO: Premerge done

- 09:46:13.516 INFO: Realigning 16300 HMM-HMM alignments using Maximum Accuracy algorithm

- 10:02:58.970 INFO: 16303 sequences belonging to 16303 database HMMs found with an E-value < 0.001

- 10:02:58.971 INFO: Number of effective sequences of resulting query HMM: Neff = 11.3115

- 10:02:59.213 INFO: Iteration 2

- 10:02:59.213 INFO: Set premerge to 0! (premerge: 3 iteration: 2 hits.Size: 16300)

- 10:02:59.449 INFO: Prefiltering database

- 10:12:34.318 INFO: HMMs passed 1st prefilter (gapless profile-profile alignment)  : 3871666

- 10:21:02.712 INFO: HMMs passed 1st prefilter (gapless profile-profile alignment)  : 2154538

- 10:21:17.176 INFO: HMMs passed 2nd prefilter (gapped profile-profile alignment)   : 87709

- 10:21:17.176 INFO: HMMs passed 2nd prefilter and not found in previous iterations : 71825

- 10:21:17.176 INFO: Scoring 71825 HMMs using HMM-HMM Viterbi alignment

- 10:21:17.207 INFO: Alternative alignment: 0

- 10:23:15.360 INFO: 2000 alignments done

- 10:24:51.338 INFO: 4000 alignments done

- 10:27:10.419 INFO: 6000 alignments done

- 10:30:28.419 INFO: 8000 alignments done

- 10:33:25.813 INFO: 10000 alignments done

- 10:35:44.273 INFO: 12000 alignments done

- 10:35:44.279 INFO: Stop after DB-HHM: 12000 because early stop  17.3557 < filter cutoff 20

- 10:35:44.279 INFO: Alternative alignment: 1

- 10:39:37.336 INFO: 8163 alignments done

- 10:39:37.375 INFO: Alternative alignment: 2

- 10:40:33.470 INFO: 759 alignments done

- 10:40:33.471 INFO: Alternative alignment: 3

- 10:40:33.769 INFO: 109 alignments done

- 10:40:33.945 INFO: Realigning 3897 HMM-HMM alignments using Maximum Accuracy algorithm

- 10:46:59.818 INFO: 20199 sequences belonging to 20199 database HMMs found with an E-value < 0.001

- 10:46:59.819 INFO: Number of effective sequences of resulting query HMM: Neff = 11.5889

- 10:46:59.927 INFO: Iteration 3

- 10:47:00.168 INFO: Prefiltering database

- 10:49:38.461 INFO: HMMs passed 1st prefilter (gapless profile-profile alignment)  : 3513368

- 10:58:29.898 INFO: HMMs passed 1st prefilter (gapless profile-profile alignment)  : 2085873

- 10:58:42.513 INFO: HMMs passed 2nd prefilter (gapped profile-profile alignment)   : 90193

- 10:58:42.513 INFO: HMMs passed 2nd prefilter and not found in previous iterations : 70465

- 10:58:42.513 INFO: Scoring 70465 HMMs using HMM-HMM Viterbi alignment

- 10:58:42.542 INFO: Alternative alignment: 0

- 10:59:52.888 INFO: 2000 alignments done

- 11:01:21.301 INFO: 4000 alignments done

- 11:02:39.476 INFO: 6000 alignments done

- 11:03:47.172 INFO: 8000 alignments done

- 11:04:49.535 INFO: 10000 alignments done

- 11:04:49.554 INFO: Stop after DB-HHM: 10000 because early stop  8.59778 < filter cutoff 20

- 11:04:49.554 INFO: Alternative alignment: 1

- 11:06:32.304 INFO: 4902 alignments done

- 11:06:32.313 INFO: Alternative alignment: 2

- 11:06:34.595 INFO: 542 alignments done

- 11:06:34.596 INFO: Alternative alignment: 3

- 11:06:34.850 INFO: 82 alignments done

- 11:06:34.983 INFO: Rescoring previously found HMMs with Viterbi algorithm

- 11:06:35.031 INFO: Alternative alignment: 0

- 11:07:50.439 INFO: 2000 alignments done

- 11:10:09.304 INFO: 4000 alignments done

- 11:12:47.601 INFO: 6000 alignments done

- 11:15:24.643 INFO: 8000 alignments done

- 11:17:45.250 INFO: 10000 alignments done

- 11:19:55.816 INFO: 12000 alignments done

- 11:21:58.720 INFO: 14000 alignments done

- 11:23:23.883 INFO: 16000 alignments done

- 11:24:49.088 INFO: 18000 alignments done

- 11:25:39.313 INFO: 19727 alignments done

- 11:25:39.320 INFO: Alternative alignment: 1

- 11:27:43.091 INFO: 19727 alignments done

- 11:27:43.163 INFO: Alternative alignment: 2

- 11:27:47.100 INFO: 1471 alignments done

- 11:27:47.102 INFO: Alternative alignment: 3

- 11:27:47.690 INFO: 239 alignments done

- 11:27:48.293 INFO: Premerge done

- 11:27:48.294 INFO: Realigning 20313 HMM-HMM alignments using Maximum Accuracy algorithm

- 11:29:12.640 INFO: 20426 sequences belonging to 20426 database HMMs found with an E-value < 0.001

- 11:29:12.640 INFO: Number of effective sequences of resulting query HMM: Neff = 11.66

     Query         ghsr_human Q92847
     Match_columns 366
     No_of_seqs    1595 out of 246299
     Neff          11.66
     Searched_HMMs 94063
     Date          Thu Feb 23 11:29:12 2023
     Command       hhblits -i ghsr_human-3600/msas/A/chain_A.fasta -cpu 2 -maxmem 20 -oa3m /projects/ilfgrid/people/nqz918/code/deorph/scripts/af_arman/af_jobs_af23/ghsr_human/3600//ghsr_human-3600/msas/A/bfd_uniref_hits.a3m -o /dev/null -n 3 -e 0.001 -maxseq 1000000 -realign_max 100000 -maxfilt 100000 -min_prefilter_hits 1000 -d /projects/ilfgrid/data/alphafold-genetic-databases///bfd/bfd_metaclust_clu_complete_id30_c90_final_seq.sorted_opt -d /projects/ilfgrid/data/alphafold-genetic-databases///uniref30/UniRef30_2021_03 
     
      No Hit                             Prob E-value P-value  Score    SS Cols Query HMM  Template HMM
       1 UniRef100_A0A068PBK8 GH-releas 100.0 5.6E-66 5.7E-72  408.4   0.0  362    1-366   109-470 (496)
       2 UniRef100_A0A087RIZ0 GH-releas 100.0   5E-65 5.1E-71  405.0   0.0  364    2-366   195-558 (563)
       3 UniRef100_A0A0A7AME6 GH-releas 100.0 1.8E-63 1.9E-69  388.6   0.0  340   27-366    42-381 (438)
       4 tr|A0A1U7TJB8|A0A1U7TJB8_TARSY 100.0 2.9E-63   3E-69  399.3   0.0  338   29-366   248-585 (585)
       5 tr|S9XTE5|S9XTE5_CAMFR Growth  100.0 4.7E-57 4.8E-63  362.0   0.0  343    1-366   179-523 (523)
       6 UniRef100_A0A091M113 GH-releas 100.0 2.2E-56 2.2E-62  355.7   0.0  355    9-364    46-401 (478)
       7 UniRef100_S9XTE5 GH-releasing  100.0 5.5E-56 5.7E-62  346.6   0.0  345    1-366   179-523 (523)
       8 UniRef100_A0A087X9W8 G_PROTEIN 100.0 4.2E-53 4.2E-59  351.7   0.0  300   37-339   117-416 (547)
       9 UniRef100_A0A024FLF0 PQRFa pep 100.0   7E-52 6.9E-58  346.6   0.0  301   36-342    42-346 (413)
      10 UniRef100_A0A0K0PUR1 Orphan G- 100.0 5.5E-51 5.5E-57  343.6   0.0  297   38-340   109-409 (530)
      11 UniRef100_A0A1S3HKE5 allatosta 100.0 1.4E-50 1.4E-56  338.1   0.0  287   46-339    85-372 (462)
      12 UniRef100_A0A6P4Z4S7 G-protein 100.0 4.3E-50 4.2E-56  338.1   0.0  293   44-346    60-355 (417)
      13 tr|M3ZFE6|M3ZFE6_XIPMA Somatos 100.0   5E-50 5.1E-56  325.7   0.0  287   44-345   105-392 (525)
      14 tr|H2U752|H2U752_TAKRU Growth  100.0 8.4E-50 8.6E-56  308.9   0.0  331   34-364    50-396 (398)
      15 UniRef100_A0A023F675 Putative  100.0 1.4E-49 1.4E-55  338.7   0.0  295   42-343   125-420 (530)
      16 UniRef100_A0A060X1Q6 Somatosta 100.0 1.4E-49 1.4E-55  337.6   0.0  286   43-343   139-425 (604)
      17 tr|A0A0P7U387|A0A0P7U387_9TELE 100.0 1.7E-49 1.7E-55  324.8   0.0  288   44-344   129-417 (556)
      18 UniRef100_A0A6P4Y4T1 galanin r 100.0 1.8E-49 1.8E-55  322.1   0.0  294   47-347    62-356 (410)
      19 UniRef100_A0A1N7TCF1 Galanin r 100.0 2.6E-49 2.6E-55  321.6   0.0  290   45-345    73-363 (407)
      20 UniRef100_A0A210QEM7 Neuropept 100.0 3.1E-49 3.1E-55  319.6   0.0  304   38-345    45-349 (416)
      21 UniRef100_A0A077YWL6 Somatosta 100.0 4.2E-49 4.2E-55  331.2   0.0  295   44-345    66-363 (446)
      22 tr|A0A1L8F7V6|A0A1L8F7V6_XENLA 100.0 4.3E-49 4.4E-55  303.4   0.0  314   31-345    18-331 (377)
      23 UniRef100_A0A6P4XD29 neuropept 100.0 4.6E-49 4.6E-55  317.7   0.0  302   33-339    31-339 (385)
      24 UniRef100_A0A026X3T6 Allatosta 100.0 7.1E-49 7.1E-55  328.4   0.0  289   43-345   139-428 (540)
      25 UniRef100_A0A0C9QBK4 GHSR_0 pr 100.0   9E-49 8.9E-55  339.6   0.0  303   37-342   166-474 (591)
      26 UniRef100_A0A0K0PUL8 Allatosta 100.0 9.8E-49 9.8E-55  319.2   0.0  293   44-343    51-345 (396)
      27 UniRef100_A0A2B4S7K2 Histamine 100.0 1.8E-48 1.8E-54  320.3   0.0  285   42-343    31-328 (369)
      28 UniRef100_A0A087X575 NPY-Y2 re 100.0 2.2E-48 2.2E-54  315.6   0.0  291   46-342    76-371 (426)
      29 UniRef100_A0A026WTK8 Tachykini 100.0 2.3E-48 2.3E-54  325.6   0.0  294   44-343    90-389 (556)
      30 UniRef100_A0A026W5R0 Orexin re 100.0 2.6E-48 2.6E-54  327.8   0.0  299   36-343   110-427 (529)
      31 UniRef100_A0A060VUW6 G_PROTEIN 100.0 3.4E-48 3.3E-54  336.6   0.0  284   44-345   118-442 (574)
      32 UniRef100_A0A141CIT8 G protein 100.0 3.4E-48 3.4E-54  320.6   0.0  287   45-343    88-377 (488)
      33 UniRef100_A0A0K0PUX7 Orphan G- 100.0 3.9E-48 3.9E-54  323.8   0.0  290   46-344    65-356 (471)
      34 UniRef100_A0A177B9B5 Rhodopsin 100.0   4E-48   4E-54  314.9   0.0  300   36-344    83-404 (464)
      35 UniRef100_A0A154PKR3 Tachykini 100.0 4.4E-48 4.4E-54  320.0   0.0  292   44-342    77-374 (457)
      36 UniRef100_A0A1D2M4J2 Neuropept 100.0 4.9E-48   5E-54  319.6   0.0  305   34-345   117-426 (497)
      37 UniRef100_A0A060W5Z4 G_PROTEIN 100.0   6E-48   6E-54  324.7   0.0  285   44-344   191-476 (593)
      38 UniRef100_A0A0K0PUI9 Orphan G- 100.0 6.3E-48 6.3E-54  328.3   0.0  294   43-344   101-409 (534)
      39 UniRef100_A0A0P7VCC4 Motilin r 100.0   7E-48 7.1E-54  306.5   0.0  303   36-341   116-419 (495)
      40 UniRef100_A0A369RW72 Octopamin 100.0 8.2E-48   8E-54  324.0   0.0  287   45-346    56-367 (412)
      41 UniRef100_A0A060VSP8 5-hydroxy 100.0 1.1E-47 1.1E-53  319.6   0.0  286   44-346    88-419 (479)
      42 tr|A0A1L8G1N6|A0A1L8G1N6_XENLA 100.0 1.2E-47 1.2E-53  310.5   0.0  283   45-344   118-400 (448)
      43 UniRef100_A0A060X690 G_PROTEIN 100.0 1.4E-47 1.4E-53  306.4   0.0  291   44-345    47-338 (386)
      44 UniRef100_A0A087XDT1 Somatosta 100.0 1.4E-47 1.5E-53  319.3   0.0  287   45-346   170-457 (676)
      45 tr|A0A0F8ARD3|A0A0F8ARD3_LARCR 100.0 1.5E-47 1.5E-53  308.0   0.0  283   45-342    55-338 (464)
      46 tr|A0A1W4ZX05|A0A1W4ZX05_9TELE 100.0 1.7E-47 1.7E-53  315.1   0.0  310   32-345    58-388 (480)
      47 UniRef100_R4GF80 GH-releasing  100.0 1.8E-47 1.8E-53  302.3   0.0  325   25-365   236-560 (561)
      48 tr|A0A2C9JWF9|A0A2C9JWF9_BIOGL 100.0 2.1E-47 2.1E-53  314.8   0.0  297   45-347    67-370 (403)
      49 UniRef100_A0A061INJ6 Pyrogluta 100.0 2.1E-47 2.1E-53  328.3   0.0  296   42-341   151-457 (594)
      50 UniRef100_A0A2B4SDF9 Neuropept 100.0 2.3E-47 2.3E-53  313.2   0.0  281   46-339    92-376 (455)
      51 UniRef100_A0A026WW28 Neuropept 100.0 2.4E-47 2.3E-53  322.9   0.0  289   43-343    88-381 (552)
      52 UniRef100_A0A060X5Z5 G_PROTEIN 100.0 2.4E-47 2.3E-53  321.6   0.0  279   48-342    88-384 (522)
      53 UniRef100_A0A087RJN6 Somatosta 100.0 3.3E-47 3.2E-53  317.7   0.0  283   44-342    61-343 (391)
      54 tr|C3XSP5|C3XSP5_BRAFL Unchara 100.0 3.3E-47 3.3E-53  300.3   0.0  298   42-347    26-331 (403)
      55 tr|V8PD93|V8PD93_OPHHA Type-2  100.0   4E-47   4E-53  315.0   0.0  287   46-342    78-368 (412)
      56 UniRef100_A0A091EBV8 Type-1 an 100.0 4.1E-47 4.2E-53  327.8   0.0  279   44-340   348-628 (715)
      57 UniRef100_A0A068WW83 Allatosta 100.0 4.8E-47 4.7E-53  318.3   0.0  281   43-336    66-347 (432)
      58 UniRef100_A0A164MD49 Putative  100.0 4.9E-47 4.9E-53  312.2   0.0  290   47-345    53-398 (498)
      59 UniRef100_A0A067RG65 Neuropept 100.0   6E-47   6E-53  311.6   0.0  303   39-344    83-396 (509)
      60 tr|A0A1I8PIJ9|A0A1I8PIJ9_STOCA 100.0 6.1E-47 6.1E-53  319.7   0.0  296   45-347   171-472 (680)
      61 UniRef100_A0A2B4SKI0 Tachykini 100.0 7.5E-47 7.3E-53  323.6   0.0  289   44-342    92-390 (469)
      62 tr|A0A0P4XBU7|A0A0P4XBU7_9CRUS 100.0 8.2E-47 8.2E-53  318.7   0.0  299   39-342    56-415 (557)
      63 UniRef100_A0A2G8L6L1 Putative  100.0 8.6E-47 8.6E-53  304.9   0.0  290   45-347    37-329 (407)
      64 UniRef100_A0A146M155 Neuropept 100.0 8.7E-47 8.8E-53  310.9   0.0  301   39-342    49-362 (488)
      65 UniRef100_A0A1S3J712 QRFP-like 100.0 9.2E-47 9.2E-53  316.3   0.0  288   47-341    71-370 (507)
      66 UniRef100_A0A6J8CLU9 HCRTR2 n= 100.0 9.8E-47 9.9E-53  304.0   0.0  303   36-345    45-361 (422)
      67 UniRef100_A0A087UNN0 Neuropept 100.0   1E-46   1E-52  308.2   0.0  294   39-338    89-387 (470)
      68 UniRef100_A0A060VVF8 G_PROTEIN 100.0 1.3E-46 1.3E-52  318.9   0.0  290   44-342   140-433 (511)
      69 UniRef100_A0A139WB32 Tachykini 100.0 1.3E-46 1.3E-52  305.8   0.0  296   44-345    44-345 (405)
      70 tr|S9YJE2|S9YJE2_CAMFR Somatos 100.0 1.7E-46 1.7E-52  299.2   0.0  289   44-344   113-402 (438)
      71 tr|A0A1I8M930|A0A1I8M930_MUSDO 100.0 1.8E-46 1.9E-52  329.4   0.0  286   45-344   190-580 (963)
      72 tr|A0A1L8G5A8|A0A1L8G5A8_XENLA 100.0   2E-46   2E-52  302.3   0.0  307   37-346    31-392 (431)
      73 UniRef100_A0A2B4RSM5 Neuropept 100.0 2.1E-46 2.1E-52  305.2   0.0  279   46-339    39-320 (417)
      74 UniRef100_A0A2G8JR46 Putative  100.0 2.3E-46 2.2E-52  312.7   0.0  283   45-342    64-356 (411)
      75 UniRef100_A0A0K0PUT9 Excitator 100.0 2.3E-46 2.3E-52  314.6   0.0  291   44-344   104-403 (474)
      76 UniRef100_A0A0K0PUH1 Orphan G- 100.0 2.4E-46 2.5E-52  297.8   0.0  301   36-343    45-349 (413)
      77 UniRef100_A0A034WDF0 Allatosta 100.0 3.4E-46 3.4E-52  310.1   0.0  292   44-345    96-388 (459)
      78 tr|A0A2B4SID7|A0A2B4SID7_STYPI 100.0 3.5E-46 3.5E-52  311.2   0.0  294   44-346    32-331 (422)
      79 tr|A0A0N8JZL4|A0A0N8JZL4_9TELE 100.0 4.1E-46 4.2E-52  304.5   0.0  301   37-342    98-412 (482)
      80 UniRef100_A0A068YB14 Neuropept 100.0 4.2E-46 4.2E-52  312.5   0.0  292   43-342    54-352 (448)
      81 tr|G3S2I3|G3S2I3_GORGO Opioid  100.0 4.7E-46 4.8E-52  300.8   0.0  287   43-342   162-449 (492)
      82 tr|A0A1D1UXI1|A0A1D1UXI1_RAMVA 100.0 5.7E-46 5.7E-52  303.1   0.0  294   44-345    82-378 (499)
      83 UniRef100_A0A061A7W5 G_PROTEIN 100.0 5.8E-46 5.8E-52  309.8   0.0  286   46-345    64-361 (473)
      84 tr|A0A1S2ZLN8|A0A1S2ZLN8_ERIEU 100.0 5.8E-46 5.8E-52  302.1   0.0  307   35-346    30-365 (506)
      85 UniRef100_A0A2H8TNJ5 Neuropept 100.0 5.8E-46 5.9E-52  306.7   0.0  293   44-341   156-452 (528)
      86 UniRef100_A0A091DWF1 Somatosta 100.0 6.3E-46 6.4E-52  302.9   0.0  284   45-343   157-441 (523)
      87 UniRef100_A0A1D1W534 G_PROTEIN 100.0 6.9E-46 6.8E-52  315.6   0.0  291   45-344    80-435 (492)
      88 tr|A0A146TL67|A0A146TL67_FUNHE 100.0   7E-46 6.8E-52  317.8   0.0  297   44-345    27-407 (442)
      89 UniRef100_A0A0H3YI86 Pyrokinin 100.0   7E-46   7E-52  313.4   0.0  297   42-344    82-400 (510)
      90 UniRef100_A0A077Z2H9 Putative  100.0 7.1E-46 7.1E-52  309.6   0.0  297   43-345    71-400 (477)
      91 UniRef100_A0A087T336 Somatosta 100.0 7.4E-46 7.5E-52  302.1   0.0  289   45-344    79-369 (454)
      92 UniRef100_A0A2B4SVC4 Dopamine  100.0 7.6E-46 7.6E-52  301.0   0.0  275   38-341    50-329 (397)
      93 UniRef100_A0A2G8KL37 Cholecyst 100.0   9E-46 9.1E-52  303.1   0.0  288   47-342   102-430 (493)
      94 tr|C3XVS5|C3XVS5_BRAFL Unchara 100.0 9.1E-46 9.2E-52  296.8   0.0  292   46-348    70-369 (425)
      95 UniRef100_A0A0K0PUH0 Orphan G- 100.0 9.9E-46 9.8E-52  317.6   0.0  291   42-337   135-468 (583)
      96 UniRef100_A0A1V9XU68 Tyramine/ 100.0 1.1E-45 1.1E-51  302.0   0.0  285   47-347    56-358 (408)
      97 tr|E0D358|E0D358_HEMPU Dopamin 100.0 1.1E-45 1.1E-51  299.4   0.0  283   48-344    29-330 (435)
      98 UniRef100_A0A2B4S0J6 Somatosta 100.0 1.4E-45 1.4E-51  315.0   0.0  291   38-339    78-376 (457)
      99 UniRef100_A0A044T5H8 G_PROTEIN 100.0 1.5E-45 1.5E-51  313.0   0.0  287   44-345   246-571 (693)
     100 UniRef100_A0A0P0YUU8 Cannabino 100.0 1.5E-45 1.6E-51  303.4   0.0  305   38-348    77-423 (496)
     101 UniRef100_A0A0L8H201 G_PROTEIN 100.0 1.7E-45 1.7E-51  295.9   0.0  300   42-347    84-387 (461)
     102 UniRef100_A0A0L7KZ56 Neuropept 100.0 1.7E-45 1.7E-51  304.1   0.0  300   35-341    78-384 (509)
     103 tr|E6ZEU6|E6ZEU6_DICLA Neurome 100.0 2.1E-45 2.1E-51  302.5   0.0  301   41-345    86-397 (461)
     104 UniRef100_A0A2B4RPR9 Allatosta 100.0 2.6E-45 2.5E-51  306.9   0.0  288   41-339    45-341 (446)
     105 UniRef100_A0A2B4RGU4 5-hydroxy 100.0 3.6E-45 3.6E-51  312.9   0.0  286   42-342    64-370 (478)
     106 UniRef100_A0A0C9RF21 CapaR_3 p 100.0 3.8E-45 3.9E-51  302.8   0.0  304   38-345    46-359 (532)
     107 UniRef100_A0A0K0PUV0 FVRIamide 100.0 4.4E-45 4.4E-51  302.8   0.0  278   45-338    54-374 (458)
     108 UniRef100_A0A026WK40 Cholecyst 100.0 4.6E-45 4.5E-51  316.1   0.0  290   47-345   158-546 (656)
     109 UniRef100_A0A060VP48 G_PROTEIN 100.0 4.8E-45 4.8E-51  315.6   0.0  290   45-340   156-448 (580)
     110 UniRef100_A0A060X360 G_PROTEIN 100.0 5.1E-45 5.2E-51  298.2   0.0  288   45-345   101-391 (477)
     111 UniRef100_A0A2B4SKX3 Cholecyst 100.0 5.3E-45 5.3E-51  296.7   0.0  286   47-348    75-418 (428)
     112 UniRef100_A0A1L8GQY3 Alpha-1B  100.0 5.3E-45 5.4E-51  299.7   0.0  282   48-347    51-373 (510)
     113 UniRef100_A0A0N7ZAP9 G_PROTEIN 100.0 5.6E-45 5.5E-51  299.2   0.0  299   34-346    67-370 (421)
     114 tr|A0A232F0R3|A0A232F0R3_9HYME 100.0 5.6E-45 5.7E-51  292.3   0.0  289   44-345   104-426 (458)
     115 UniRef100_A0A0B4LHT6 RYamide r 100.0 6.5E-45 6.5E-51  304.3   0.0  294   45-344   116-413 (524)
     116 UniRef100_A0A226DFM2 Neuropept 100.0 6.7E-45 6.8E-51  300.5   0.0  293   44-341   106-402 (523)
     117 UniRef100_A0A1D1V5S1 G_PROTEIN 100.0 6.7E-45 6.8E-51  296.8   0.0  321    8-346    24-363 (484)
     118 tr|A0A2B4SUH3|A0A2B4SUH3_STYPI 100.0 7.4E-45 7.3E-51  295.7   0.0  291   46-345    28-334 (385)
     119 UniRef100_A0A2B4S7A4 Alpha-1A  100.0 8.5E-45 8.5E-51  295.3   0.0  264   48-342    44-309 (392)
     120 UniRef100_A0A023F668 Putative  100.0 8.4E-45 8.5E-51  295.9   0.0  288   44-343    86-378 (484)
     121 UniRef100_A0A060ILH2 Neuromedi 100.0   1E-44   1E-50  302.1   0.0  298   41-342   174-477 (606)
     122 UniRef100_A0A1D1VDY3 G_PROTEIN 100.0   1E-44   1E-50  302.7   0.0  295   47-344   137-448 (557)
     123 UniRef100_A0A7M7HFU8 G_PROTEIN 100.0 1.2E-44 1.1E-50  303.2   0.0  284   45-342    66-364 (423)
     124 UniRef100_A0A023F3V9 Putative  100.0 1.2E-44 1.2E-50  300.8   0.0  289   46-344   135-425 (574)
     125 UniRef100_A0A060W9T7 G_PROTEIN 100.0 1.3E-44 1.3E-50  297.4   0.0  286   44-343   186-473 (616)
     126 UniRef100_A0A026WK16 Tachykini 100.0 1.3E-44 1.3E-50  304.1   0.0  293   44-343   183-482 (641)
     127 tr|L7LZ94|L7LZ94_9ACAR Putativ 100.0 1.3E-44 1.3E-50  289.7   0.0  290   46-345   105-395 (438)
     128 UniRef100_A0A060WMC3 Alpha-1D  100.0 1.5E-44 1.5E-50  297.9   0.0  287   44-348   111-438 (564)
     129 UniRef100_A0A3M6TPP0 G_PROTEIN 100.0 1.5E-44 1.5E-50  299.8   0.0  294   39-342    46-354 (424)
     130 UniRef100_A0A2B4RHY9 Pyrogluta 100.0 1.6E-44 1.5E-50  308.5   0.0  288   43-344    81-373 (455)
     131 UniRef100_A0A0K0PUH3 Allatotro 100.0 1.7E-44 1.7E-50  291.4   0.0  299   37-344    62-375 (424)
     132 UniRef100_A0A0L8GIM4 G_PROTEIN 100.0   2E-44   2E-50  306.6   0.0  293   39-338    92-391 (481)
     133 UniRef100_A0A1S3KA35 Alpha-1B  100.0 2.1E-44 2.1E-50  302.9   0.0  282   48-346    94-423 (551)
     134 UniRef100_A0A3M6T6P4 G_PROTEIN 100.0 2.1E-44 2.1E-50  298.6   0.0  287   48-344    60-356 (465)
     135 UniRef100_A0A3M6TAE6 G_PROTEIN 100.0 2.2E-44 2.2E-50  296.0   0.0  277   41-344    89-370 (443)
     136 tr|A0A182G4E1|A0A182G4E1_AEDAL 100.0 2.2E-44 2.2E-50  300.0   0.0  293   45-345    69-373 (534)
     137 UniRef100_A0A068YA15 Neuropept 100.0 2.2E-44 2.2E-50  297.0   0.0  295   42-337    71-390 (510)
     138 UniRef100_A0A3M6U5X4 G_PROTEIN 100.0 2.2E-44 2.2E-50  284.3   0.0  281   46-345    41-323 (339)
     139 tr|A0A0S1YD80|A0A0S1YD80_CHISP 100.0 2.2E-44 2.3E-50  295.1   0.0  301   37-346   158-468 (513)
     140 UniRef100_A0A1S3H6K0 neuropept 100.0 2.7E-44 2.6E-50  304.1   0.0  293   39-337    52-351 (470)
     141 tr|A0A091DWF1|A0A091DWF1_FUKDA 100.0 2.6E-44 2.6E-50  286.8   0.0  285   45-344   158-443 (483)
     142 tr|A0A146U732|A0A146U732_FUNHE 100.0 3.1E-44   3E-50  316.3   0.0  299   39-340   187-545 (590)
     143 UniRef100_A0A068WVN8 Biogenic  100.0 3.1E-44 3.1E-50  308.7   0.0  286   44-344   121-509 (641)
     144 UniRef100_A0A026W4S0 Neuromedi 100.0 3.3E-44 3.3E-50  302.5   0.0  298   42-343    72-389 (604)
     145 tr|A0A0P7U0M1|A0A0P7U0M1_9TELE 100.0 3.3E-44 3.3E-50  285.7   0.0  291   46-344   104-413 (440)
     146 UniRef100_A0A093Q2R7 Growth ho 100.0 3.4E-44 3.5E-50  274.0   0.0  306   32-341    19-324 (349)
     147 tr|A0A1A8LLP2|A0A1A8LLP2_9TELE 100.0 3.5E-44 3.5E-50  289.6   0.0  292   39-346    89-401 (455)
     148 UniRef100_A0A3M6UAU0 G_PROTEIN 100.0 3.7E-44 3.7E-50  299.0   0.0  285   49-345    41-332 (552)
     149 UniRef100_A0A1I8HKX2 G_PROTEIN 100.0 3.9E-44 3.9E-50  294.7   0.0  286   45-349    42-418 (442)
     150 tr|W4YJK4|W4YJK4_STRPU Unchara 100.0 3.9E-44 3.9E-50  294.9   0.0  289   44-347    70-374 (446)
     151 tr|A0A1V4J9T1|A0A1V4J9T1_PATFA 100.0 3.9E-44   4E-50  284.3   0.0  286   45-344    70-357 (461)
     152 UniRef100_A0A016SJ65 Thyrolibe 100.0   4E-44   4E-50  300.3   0.0  298   37-342    77-396 (479)
     153 UniRef100_A0A2B4SC76 Substance 100.0 4.2E-44 4.2E-50  301.3   0.0  291   41-341    52-351 (461)
     154 tr|A0A2B4SNZ1|A0A2B4SNZ1_STYPI 100.0 4.4E-44 4.3E-50  294.3   0.0  292   38-344    26-321 (351)
     155 UniRef100_A0A026WIP6 Cholecyst 100.0 4.4E-44 4.4E-50  308.3   0.0  300   42-346   169-533 (636)
     156 UniRef100_A0A0P6J0T1 Putative  100.0 4.4E-44 4.4E-50  308.0   0.0  293   42-343   101-410 (735)
     157 UniRef100_A0A068PC11 GH-releas 100.0 4.7E-44 4.8E-50  283.8   0.0  307   33-339    40-346 (372)
     158 tr|A0A1S3W6N0|A0A1S3W6N0_ERIEU 100.0 5.4E-44 5.5E-50  294.7   0.0  299   42-343   130-444 (596)
     159 UniRef100_A0A401NJB3 G_PROTEIN 100.0 5.4E-44 5.5E-50  293.9   0.0  298   33-347    31-364 (517)
     160 UniRef100_A0A2B4SVS8 Neuropept 100.0   6E-44   6E-50  300.9   0.0  298   39-347    84-387 (480)
     161 UniRef100_A0A193KU97 GCR058 n= 100.0   6E-44 6.1E-50  283.6   0.0  308   34-344    16-333 (379)
     162 UniRef100_A0A0P5DAK4 Orexin re 100.0 6.4E-44 6.4E-50  294.0   0.0  298   36-342    99-430 (505)
     163 UniRef100_A0A0L8I310 G_PROTEIN 100.0 6.7E-44 6.7E-50  298.5   0.0  287   45-337    47-363 (468)
     164 UniRef100_A0A060WEJ5 G_PROTEIN 100.0 6.7E-44 6.7E-50  301.2   0.0  281   47-344   117-458 (544)
     165 tr|O93414|O93414_9TELE Orphan  100.0 6.7E-44 6.7E-50  295.0   0.0  300   42-347    37-543 (559)
     166 tr|A7SD89|A7SD89_NEMVE Predict 100.0 6.9E-44   7E-50  277.0   0.0  281   49-346    43-334 (355)
     167 UniRef100_A0A0L8HHE2 G_PROTEIN 100.0 7.5E-44 7.5E-50  290.0   0.0  294   48-345     5-302 (385)
     168 UniRef100_A0A2B4R9G2 Melatonin 100.0 8.2E-44 8.1E-50  304.8   0.0  284   44-343    81-367 (461)
     169 UniRef100_A0A060XP11 G_PROTEIN 100.0 8.3E-44 8.3E-50  296.8   0.0  281   48-342    95-392 (497)
     170 UniRef100_A0A1L8FNX2 G_PROTEIN 100.0 8.4E-44 8.4E-50  291.1   0.0  273   47-337    66-338 (400)
     171 tr|A0A1U7TSJ4|A0A1U7TSJ4_TARSY 100.0 1.1E-43 1.2E-49  292.1   0.0  302   35-341   204-517 (600)
     172 UniRef100_A0A0N0PF28 Orexin re 100.0 1.2E-43 1.2E-49  296.7   0.0  304   25-337   114-454 (588)
     173 UniRef100_A0A1V4KIE8 Beta-1 ad 100.0 1.3E-43 1.2E-49  311.6   0.0  284   49-346    35-353 (512)
     174 tr|A0A2B4RXD1|A0A2B4RXD1_STYPI 100.0 1.2E-43 1.2E-49  285.6   0.0  290   42-344    92-382 (416)
     175 UniRef100_A0A068WKU9 Neuropept 100.0 1.3E-43 1.3E-49  290.7   0.0  291   43-340    72-365 (451)
     176 UniRef100_A0A060X0R7 Uncharact 100.0 1.3E-43 1.3E-49  277.6   0.0  286   45-345    59-345 (383)
     177 UniRef100_A0A2B4S4U3 Beta-2 ad 100.0 1.3E-43 1.4E-49  282.4   0.0  289   45-344    30-323 (372)
     178 UniRef100_A0A0K0PUE3 Orphan G- 100.0 1.4E-43 1.4E-49  296.4   0.0  292   42-338   115-423 (550)
     179 tr|T1KPP2|T1KPP2_TETUR Unchara 100.0 1.4E-43 1.4E-49  290.3   0.0  286   44-344   152-438 (477)
     180 UniRef100_A0A1S3IX78 RYamide r 100.0 1.4E-43 1.5E-49  287.9   0.0  294   39-339    49-345 (444)
     181 UniRef100_A0A6P8IFK2 neuromedi 100.0 1.6E-43 1.6E-49  282.9   0.0  296   44-350    26-329 (363)
     182 tr|A0A1W2W3E6|A0A1W2W3E6_CIOIN 100.0 1.8E-43 1.8E-49  287.0   0.0  292   43-345    57-354 (487)
     183 UniRef100_A0A0K0PUK6 Orphan G- 100.0 1.9E-43   2E-49  284.6   0.0  298   46-348    69-379 (448)
     184 UniRef100_A0A0A1WLH2 Somatosta 100.0 2.3E-43 2.3E-49  297.2   0.0  288   46-344   219-509 (667)
     185 tr|B4JN40|B4JN40_DROGR GH24210 100.0 2.4E-43 2.4E-49  285.6   0.0  290   46-343   119-409 (436)
     186 UniRef100_A0A1S3J8T4 5-hydroxy 100.0 2.6E-43 2.6E-49  292.6   0.0  284   46-341   103-395 (468)
     187 UniRef100_A0A060X0P4 G_PROTEIN 100.0 2.6E-43 2.6E-49  296.5   0.0  285   45-339   140-428 (513)
     188 tr|A0A146NR64|A0A146NR64_FUNHE 100.0 2.6E-43 2.6E-49  284.0   0.0  292   45-344   121-422 (449)
     189 UniRef100_A0A6P4ZN87 somatosta 100.0 2.6E-43 2.6E-49  282.9   0.0  294   42-345    31-331 (391)
     190 UniRef100_A0A2B4SJE7 Orexin re 100.0 2.7E-43 2.7E-49  294.4   0.0  291   42-343   133-432 (517)
     191 UniRef100_A0A060X1U9 G_PROTEIN 100.0 2.7E-43 2.7E-49  296.0   0.0  283   46-346   141-461 (633)
     192 tr|W4Z2N2|W4Z2N2_STRPU Unchara 100.0 2.7E-43 2.8E-49  278.6   0.0  289   46-343    59-353 (406)
     193 UniRef100_A0A7M7SYV2 G_PROTEIN 100.0 2.8E-43 2.8E-49  296.2   0.0  272   51-341    75-397 (630)
     194 UniRef100_A0A087U880 Neuropept 100.0 2.8E-43 2.8E-49  286.1   0.0  290   43-340    68-361 (401)
     195 UniRef100_A0A6P4YBA8 delta-typ 100.0 2.9E-43 2.9E-49  285.9   0.0  285   45-344    52-341 (406)
     196 UniRef100_A0A087UP46 5-hydroxy 100.0   3E-43   3E-49  287.9   0.0  280   47-343    49-401 (472)
     197 UniRef100_A0A0N0PEL7 Tachykini 100.0   3E-43   3E-49  286.8   0.0  293   46-344    58-356 (454)
     198 tr|A0A2B4SAJ4|A0A2B4SAJ4_STYPI 100.0   3E-43   3E-49  288.7   0.0  291   38-338    23-329 (434)
     199 tr|A0A1D2MSE1|A0A1D2MSE1_ORCCI 100.0 3.3E-43 3.3E-49  299.6   0.0  298   37-341   104-405 (615)
     200 UniRef100_A0A060WWU7 G_PROTEIN 100.0 3.3E-43 3.4E-49  289.9   0.0  285   45-343    70-383 (545)
     201 UniRef100_A0A0K0PUG3 Thyrolibe 100.0 3.6E-43 3.6E-49  295.7   0.0  297   39-343   210-522 (606)
     202 tr|A0A0P6IZB8|A0A0P6IZB8_9CRUS 100.0 3.7E-43 3.7E-49  289.6   0.0  294   45-346   204-498 (559)
     203 UniRef100_A0A6G8J3P5 Melanin-c 100.0 3.8E-43 3.9E-49  282.7   0.0  291   44-343    62-352 (460)
     204 UniRef100_A0A2B4RHL7 Galanin r 100.0 3.9E-43 3.9E-49  279.5   0.0  276   48-345    37-313 (406)
     205 UniRef100_A0A084WIC4 Short neu 100.0 3.9E-43   4E-49  291.5   0.0  293   44-346    93-390 (551)
     206 UniRef100_A0A060VV87 Kappa-typ 100.0 4.1E-43 4.2E-49  289.9   0.0  285   45-342   192-477 (586)
     207 UniRef100_A0A0L8I0T4 G_PROTEIN 100.0 4.2E-43 4.3E-49  292.4   0.0  286   45-343   135-497 (554)
     208 UniRef100_A0A3M6TKX3 G_PROTEIN 100.0 4.3E-43 4.3E-49  289.5   0.0  290   44-344    76-376 (427)
     209 UniRef100_A0A067RDC3 Prolactin 100.0 4.4E-43 4.5E-49  290.6   0.0  306   44-362    65-375 (541)
     210 tr|A0A218UB83|A0A218UB83_9PASE 100.0 4.4E-43 4.5E-49  293.8   0.0  285   46-348   196-518 (631)
     211 UniRef100_A0A3B4UE11 Si:zfos-1 100.0 4.5E-43 4.6E-49  277.9   0.0  284   46-344    68-352 (441)
     212 tr|A0A1S3IXU4|A0A1S3IXU4_LINUN 100.0 4.6E-43 4.6E-49  282.6   0.0  300   32-345    46-348 (440)
     213 UniRef100_A0A060YTK2 Uncharact 100.0 4.8E-43 4.9E-49  280.7   0.0  293   43-343    84-379 (447)
     214 UniRef100_A0A087YQK7 Adrenocep 100.0   5E-43 5.1E-49  292.8   0.0  291   41-346   127-455 (617)
     215 tr|A0A218VDE9|A0A218VDE9_9PASE 100.0   5E-43 5.1E-49  283.3   0.0  284   43-342    23-307 (556)
     216 UniRef100_A0A210QSD7 Octopamin 100.0 5.8E-43 5.7E-49  290.4   0.0  285   45-347    59-421 (423)
     217 UniRef100_A0A060XC03 Beta-2 ad 100.0 5.9E-43   6E-49  288.6   0.0  289   42-344   101-415 (548)
     218 UniRef100_A0A7M7HKI1 G_PROTEIN 100.0 6.1E-43 6.1E-49  288.6   0.0  283   48-342    44-335 (418)
     219 tr|A0A1D1V6H4|A0A1D1V6H4_RAMVA 100.0   6E-43 6.1E-49  285.4   0.0  339    3-347    18-378 (498)
     220 UniRef100_A0A060VNF4 G_PROTEIN 100.0 6.2E-43 6.3E-49  292.9   0.0  291   44-342   131-431 (566)
     221 tr|A0A091CRU0|A0A091CRU0_FUKDA 100.0 6.2E-43 6.3E-49  298.7   0.0  284   44-345   409-695 (720)
     222 UniRef100_A0A0P7U357 Apelin re 100.0 6.3E-43 6.3E-49  282.6   0.0  285   45-345    59-346 (401)
     223 tr|A0A151NBW9|A0A151NBW9_ALLMI 100.0 6.5E-43 6.5E-49  286.0   0.0  307   33-344    70-393 (472)
     224 tr|W5MC67|W5MC67_LEPOC Pyroglu 100.0 6.4E-43 6.5E-49  279.5   0.0  299   42-342    52-359 (441)
     225 UniRef100_A0A151N382 Galanin r 100.0 6.7E-43 6.8E-49  271.9   0.0  288   45-346    32-320 (392)
     226 tr|A0A0P5PA10|A0A0P5PA10_9CRUS 100.0 7.3E-43 7.4E-49  292.3   0.0  293   39-338   142-441 (705)
     227 UniRef100_A0A0K0PUK8 FMRFamide 100.0   8E-43 7.9E-49  295.7   0.0  292   40-339    55-350 (471)
     228 UniRef100_A0A2B4RFH8 Neuropept 100.0 8.2E-43   8E-49  297.6   0.0  295   43-344    64-368 (439)
     229 UniRef100_A0A0S1YDA0 Neuropept 100.0 8.6E-43 8.6E-49  290.9   0.0  294   45-345    96-395 (509)
     230 UniRef100_A0A3M6UKX8 G_PROTEIN 100.0 9.1E-43   9E-49  294.5   0.0  291   44-342   119-420 (487)
     231 UniRef100_A0A023ETT6 Putative  100.0 9.4E-43 9.6E-49  288.3   0.0  289   47-344   157-448 (612)
     232 UniRef100_A0A060WGF3 B2 bradyk 100.0 9.7E-43 9.7E-49  299.3   0.0  282   50-340   166-449 (589)
     233 tr|A0A2B4SKI0|A0A2B4SKI0_STYPI 100.0   1E-42 9.9E-49  289.3   0.0  280   44-337    98-393 (458)
     234 tr|A0A2D0TBG0|A0A2D0TBG0_ICTPU 100.0 1.1E-42 1.1E-48  275.4   0.0  299   42-344    61-373 (429)
     235 UniRef100_A0A023F452 Putative  100.0 1.1E-42 1.1E-48  295.5   0.0  285   46-344   142-540 (660)
     236 UniRef100_A0A096NAQ2 Cholecyst 100.0 1.1E-42 1.1E-48  291.6   0.0  290   47-341   154-500 (617)
     237 UniRef100_A0A061IN14 NK-3 rece 100.0 1.1E-42 1.1E-48  295.5   0.0  289   44-343   234-524 (662)
     238 UniRef100_A0A026X164 G-protein 100.0 1.2E-42 1.2E-48  295.0   0.0  294   37-347   112-428 (604)
     239 UniRef100_A0A067R4E0 Tachykini 100.0 1.2E-42 1.2E-48  281.2   0.0  302   34-342    40-344 (396)
     240 UniRef100_A0A0A7KUZ5 Opsin 5 n 100.0 1.3E-42 1.3E-48  286.4   0.0  290   41-342    50-344 (407)
     241 UniRef100_A0A2B4SE17 Substance 100.0 1.3E-42 1.3E-48  296.1   0.0  291   41-341    62-364 (467)
     242 ERR1719361_2001115             100.0 1.3E-42 1.3E-48  283.3   0.0  288   46-343    27-325 (415)
     243 UniRef100_A0A084VLD5 AGAP00422 100.0 1.3E-42 1.3E-48  291.3   0.0  282   45-344   245-597 (695)
     244 tr|A0A1D2NMB6|A0A1D2NMB6_ORCCI 100.0 1.4E-42 1.4E-48  286.0   0.0  294   45-344   153-452 (520)
     245 UniRef100_A7RGN9 Predicted pro 100.0 1.4E-42 1.4E-48  272.5   0.0  291   33-341    20-313 (317)
     246 UniRef100_A0A087T988 G-protein 100.0 1.4E-42 1.4E-48  284.3   0.0  295   35-347    56-381 (402)
     247 UniRef100_A0A087QH91 Melanopsi 100.0 1.4E-42 1.4E-48  294.2   0.0  291   42-343   102-400 (629)
     248 tr|A0A182U1B5|A0A182U1B5_9DIPT 100.0 1.5E-42 1.5E-48  289.4   0.0  305   32-343    28-344 (620)
     249 UniRef100_A0A087XT11 Alpha-1B  100.0 1.5E-42 1.5E-48  286.8   0.0  283   47-347    83-409 (622)
     250 UniRef100_A0A084VAB3 Pk-1 rece 100.0 1.5E-42 1.6E-48  287.3   0.0  288   42-338   102-411 (552)
     251 tr|A0A1S3FYW5|A0A1S3FYW5_DIPOR 100.0 1.6E-42 1.6E-48  270.9   0.0  305   48-365    74-381 (385)
     252 UniRef100_A0A087REY1 NPY-Y2 re 100.0 1.6E-42 1.6E-48  289.0   0.0  291   45-344   188-480 (599)
     253 UniRef100_A0A678XEL8 Trace ami 100.0 1.7E-42 1.7E-48  288.5   0.0  282   48-343    60-357 (523)
     254 UniRef100_A0A067R841 G_PROTEIN 100.0 1.8E-42 1.8E-48  291.0   0.0  296   45-342   108-409 (526)
     255 tr|A0A2B4SSL5|A0A2B4SSL5_STYPI 100.0 1.8E-42 1.8E-48  270.0   0.0  293   46-350    24-317 (344)
     256 UniRef100_A0A060VTR1 G_PROTEIN 100.0 1.8E-42 1.9E-48  289.7   0.0  282   46-345   122-443 (619)
     257 UniRef100_A0A3B4VB96 Beta-2 ad 100.0 1.9E-42 1.9E-48  282.0   0.0  287   42-343    51-362 (464)
     258 UniRef100_A0A016T103 G_PROTEIN 100.0 1.9E-42 1.9E-48  296.2   0.0  276   51-345   118-478 (605)
     259 UniRef100_A0A3M6TV84 G_PROTEIN 100.0 1.9E-42 1.9E-48  283.0   0.0  273   54-343    56-338 (405)
     260 tr|A0A212EZN3|A0A212EZN3_DANPL 100.0 1.9E-42 1.9E-48  283.2   0.0  305   33-344    44-356 (488)
     261 ERR1719341_586736              100.0 1.9E-42 1.9E-48  286.0   0.0  290   46-343    57-355 (513)
     262 tr|A0A0L0BYA7|A0A0L0BYA7_LUCCU 100.0   2E-42 2.1E-48  287.7   0.0  282   47-343   314-627 (678)
     263 tr|A0A139WLV7|A0A139WLV7_TRICA 100.0 2.1E-42 2.1E-48  293.9   0.0  294   44-344   399-699 (792)
     264 UniRef100_UPI000B911B64 melato 100.0 2.2E-42 2.2E-48  285.7   0.0  279   47-342    32-344 (381)
     265 UniRef100_A0A060VNZ0 G_PROTEIN 100.0 2.2E-42 2.2E-48  296.0   0.0  299   42-344   192-507 (710)
     266 tr|A0A1I8PG61|A0A1I8PG61_STOCA 100.0 2.2E-42 2.2E-48  294.9   0.0  291   46-344   302-594 (716)
     267 tr|E2AX14|E2AX14_CAMFO Neurope 100.0 2.6E-42 2.6E-48  290.2   0.0  295   42-340    76-390 (614)
     268 UniRef100_A0A087XFV2 5-hydroxy 100.0 2.8E-42 2.8E-48  283.8   0.0  296   38-347    78-401 (493)
     269 UniRef100_A0A068AZY5 Octopamin 100.0 3.1E-42 3.1E-48  309.3   0.0  184   43-237   173-357 (723)
     270 UniRef100_A0A084WFJ7 AGAP00011 100.0 3.2E-42 3.2E-48  287.3   0.0  280   47-336    91-374 (519)
     271 tr|A0A2B4RYF4|A0A2B4RYF4_STYPI 100.0 3.4E-42 3.4E-48  276.2   0.0  282   47-342    28-311 (402)
     272 tr|A0A1A8EW90|A0A1A8EW90_9TELE 100.0 3.4E-42 3.4E-48  276.7   0.0  293   38-341    39-332 (444)
     273 tr|A0A1A9ZAD8|A0A1A9ZAD8_GLOPL 100.0 3.4E-42 3.5E-48  282.3   0.0  292   44-341   123-420 (574)
     274 UniRef100_A0A060VRN9 G_PROTEIN 100.0 3.5E-42 3.6E-48  285.0   0.0  294   34-341   126-429 (496)
     275 ERR1719232_11025               100.0 3.6E-42 3.6E-48  287.3   0.0  299   41-339    85-398 (559)
     276 tr|A0A1W4X208|A0A1W4X208_AGRPL 100.0 3.6E-42 3.6E-48  277.6   0.0  292   45-342    96-393 (467)
     277 UniRef100_A0A061ACA9 G_PROTEIN 100.0 3.7E-42 3.6E-48  293.4   0.0  272   47-336    99-373 (513)
     278 UniRef100_A0A0K0PUL2 DH31-like 100.0 3.6E-42 3.7E-48  274.1   0.0  284   47-345    52-336 (375)
     279 UniRef100_A0A0S1YDN7 Diapause  100.0 3.8E-42 3.9E-48  285.9   0.0  288   42-338    99-404 (569)
     280 UniRef100_A0A6S7JE64 Neuropept 100.0   4E-42   4E-48  280.0   0.0  283   47-342    38-321 (412)
     281 UniRef100_A0A061QHX0 Putative  100.0 4.2E-42 4.2E-48  291.8   0.0  287   43-345   132-510 (563)
     282 UniRef100_A0A0P5DS31 Neuropept 100.0 4.1E-42 4.2E-48  274.8   0.0  295   44-342    86-384 (482)
     283 tr|A0A210QY69|A0A210QY69_MIZYE 100.0 4.2E-42 4.2E-48  270.2   0.0  294   43-347    86-382 (400)
     284 UniRef100_A0A023FH63 Putative  100.0 4.2E-42 4.3E-48  289.5   0.0  281   46-342   128-440 (563)
     285 tr|J9K651|J9K651_ACYPI Unchara 100.0 4.3E-42 4.3E-48  275.6   0.0  298   39-341    85-386 (440)
     286 UniRef100_A0A2B4RXD1 Neuropept 100.0 4.3E-42 4.3E-48  283.4   0.0  286   46-344    97-384 (461)
     287 tr|A7S585|A7S585_NEMVE Predict 100.0 4.4E-42 4.3E-48  278.3   0.0  295   43-347    24-330 (374)
     288 UniRef100_A0A1L8HHP3 G_PROTEIN 100.0 4.3E-42 4.4E-48  273.8   0.0  286   46-341    48-338 (370)
     289 tr|A0A1I8MQS0|A0A1I8MQS0_MUSDO 100.0 4.4E-42 4.4E-48  291.3   0.0  288   46-344   152-441 (572)
     290 UniRef100_A0A0L8FP69 G_PROTEIN 100.0 4.4E-42 4.5E-48  277.2   0.0  288   47-342    52-341 (488)
     291 UniRef100_A0A3M6UME8 G_PROTEIN 100.0 4.6E-42 4.5E-48  279.2   0.0  286   43-344    39-327 (383)
     292 tr|K7GCC3|K7GCC3_PELSI Adrenoc 100.0 4.7E-42 4.7E-48  277.9   0.0  296   37-346    35-367 (488)
     293 tr|B4KC34|B4KC34_DROMO Unchara 100.0   5E-42   5E-48  291.6   0.0  291   45-341   194-491 (670)
     294 tr|A0A147AMP5|A0A147AMP5_FUNHE 100.0 5.2E-42 5.1E-48  294.2   0.0  281   46-345    34-430 (475)
     295 UniRef100_A0A023F664 Putative  100.0 5.6E-42 5.7E-48  280.1   0.0  304   37-343    74-381 (471)
     296 UniRef100_A0A060X7S9 B2 bradyk 100.0 5.7E-42 5.7E-48  285.7   0.0  287   50-345   120-408 (491)
     297 UniRef100_A0A026W3I9 Neuropept 100.0 5.8E-42 5.8E-48  287.4   0.0  296   42-343    57-368 (599)
     298 tr|A0A146NY53|A0A146NY53_FUNHE 100.0 5.9E-42 5.9E-48  281.8   0.0  286   49-347    12-322 (469)
     299 UniRef100_A0A3M6T8F5 G_PROTEIN 100.0 6.6E-42 6.5E-48  295.9   0.0  289   44-344   102-397 (523)
     300 tr|A0A218UWX7|A0A218UWX7_9PASE 100.0 6.5E-42 6.6E-48  280.4   0.0  292   45-343    42-341 (474)
     301 UniRef100_A0A087QH27 C-C chemo 100.0 6.9E-42 6.8E-48  296.5   0.0  280   46-343   203-485 (591)
     302 UniRef100_A0A210QT45 G-protein 100.0 6.8E-42 6.9E-48  278.4   0.0  289   46-342    61-357 (472)
     303 UniRef100_A0A1J1I7G5 CLUMA_CG0 100.0   7E-42 7.1E-48  280.9   0.0  291   45-343    78-374 (500)
     304 UniRef100_A0A026WCQ7 Tyramine  100.0 7.1E-42 7.1E-48  298.7   0.0  280   47-346   187-591 (665)
     305 UniRef100_A0A6P8HX63 probable  100.0 7.3E-42 7.3E-48  283.8   0.0  285   40-345    54-363 (407)
     306 UniRef100_A0A023F658 Putative  100.0 7.3E-42 7.4E-48  288.7   0.0  299   42-344    67-376 (580)
     307 UniRef100_A0A193KUI4 GCR044 n= 100.0 7.4E-42 7.5E-48  279.5   0.0  304   39-343    28-348 (508)
     308 UniRef100_A0A068FL22 Pheromone 100.0 7.5E-42 7.6E-48  278.3   0.0  295   41-340    80-390 (522)
     309 tr|A0A2B4SIA2|A0A2B4SIA2_STYPI 100.0 7.8E-42 7.8E-48  276.7   0.0  297   38-346    53-364 (370)
     310 UniRef100_A0A059ZY04 Angiotens 100.0 8.1E-42 8.1E-48  290.6   0.0  286   44-347   169-459 (546)
     311 tr|A0A147AZW9|A0A147AZW9_FUNHE 100.0 8.4E-42 8.2E-48  291.2   0.0  295   46-344    88-436 (468)
     312 UniRef100_A0A6P4ZPQ5 G-protein 100.0 8.1E-42 8.3E-48  270.7   0.0  284   42-337    41-324 (420)
     313 tr|A0A0A7RC79|A0A0A7RC79_RHOPR 100.0 8.3E-42 8.4E-48  272.4   0.0  295   46-347    78-378 (404)
     314 UniRef100_A0A2B4SQU8 Orexin re 100.0 8.5E-42 8.6E-48  270.0   0.0  295   39-346    32-350 (370)
     315 tr|A0A0A1XIV8|A0A0A1XIV8_ZEUCU 100.0 8.5E-42 8.7E-48  290.2   0.0  298   40-346    78-382 (796)
     316 UniRef100_A0A0E3EKU4 Allatotro 100.0 8.7E-42 8.9E-48  278.4   0.0  301   36-345   124-434 (562)
     317 UniRef100_A0A0N1PGA0 Octopamin 100.0 9.2E-42 9.3E-48  285.8   0.0  282   45-340   109-490 (547)
     318 UniRef100_A0A087R2J6 Neuropept 100.0 9.2E-42 9.3E-48  287.3   0.0  300   36-340   205-517 (638)
     319 tr|A0A146TP77|A0A146TP77_FUNHE 100.0   1E-41 9.8E-48  292.7   0.0  282   49-346    52-427 (522)
     320 UniRef100_A0A026VW91 Neuropept 100.0   1E-41   1E-47  276.4   0.0  295   44-343   189-487 (582)
     321 UniRef100_A0A067RTM0 Neuromedi 100.0   1E-41   1E-47  271.4   0.0  298   42-340    35-348 (382)
     322 UniRef100_A0A2S1WLX6 Putative  100.0   1E-41 1.1E-47  275.5   0.0  285   51-347    54-463 (475)
     323 UniRef100_A0A087YRI1 G_PROTEIN 100.0 1.1E-41 1.1E-47  280.9   0.0  281   47-346    84-376 (438)
     324 tr|J9K383|J9K383_ACYPI Unchara 100.0 1.2E-41 1.2E-47  274.8   0.0  306   39-347    35-353 (502)
     325 tr|A0A147AUP2|A0A147AUP2_FUNHE 100.0 1.2E-41 1.2E-47  282.1   0.0  267   42-323   119-388 (482)
     326 UniRef100_A0A060W5H6 G_PROTEIN 100.0 1.3E-41 1.3E-47  288.3   0.0  283   44-337    87-382 (528)
     327 tr|U3U4G2|U3U4G2_NILLU Neurope 100.0 1.3E-41 1.3E-47  285.2   0.0  297   42-341    32-348 (496)
     328 tr|A0A146YGA5|A0A146YGA5_FUNHE 100.0 1.3E-41 1.3E-47  289.8   0.0  285   48-346    35-344 (521)
     329 UniRef100_A0A060W161 G_PROTEIN 100.0 1.4E-41 1.4E-47  296.5   0.0  281   45-341   170-454 (574)
     330 tr|A0A2B4RSD1|A0A2B4RSD1_STYPI 100.0 1.4E-41 1.4E-47  286.5   0.0  285   46-346    53-385 (430)
     331 UniRef100_A0A210QHM7 G-protein 100.0 1.4E-41 1.4E-47  282.8   0.0  294   46-346    82-379 (492)
     332 tr|A0A2B4S6X2|A0A2B4S6X2_STYPI 100.0 1.5E-41 1.5E-47  270.4   0.0  287   48-346    28-327 (379)
     333 UniRef100_A0A2B4SID7 Neuropept 100.0 1.6E-41 1.6E-47  280.4   0.0  293   43-343    81-380 (462)
     334 tr|H2Q292|H2Q292_PANTR Unchara 100.0 1.6E-41 1.6E-47  274.5   0.0  289   42-345    80-406 (492)
     335 UniRef100_A0A060YY06 G_PROTEIN 100.0 1.7E-41 1.7E-47  279.9   0.0  303   33-340    93-406 (490)
     336 UniRef100_A0A0G3Y5J3 Peropsin  100.0 1.7E-41 1.7E-47  277.2   0.0  288   48-349    41-330 (363)
     337 tr|A0A0L8FIS6|A0A0L8FIS6_OCTBM 100.0 1.7E-41 1.7E-47  277.9   0.0  286   49-344    96-422 (485)
     338 tr|A0A0A1XP03|A0A0A1XP03_ZEUCU 100.0 1.7E-41 1.7E-47  291.6   0.0  297   44-345   235-542 (660)
     339 UniRef100_A0A0Q3PEJ5 Alpha-1B  100.0 1.7E-41 1.7E-47  280.7   0.0  283   47-347    66-389 (683)
     340 UniRef100_A0A067RBR9 Thyrotrop 100.0 1.7E-41 1.7E-47  276.6   0.0  289   47-338    61-353 (452)
     341 UniRef100_A0A2B4SJV4 Galanin r 100.0 1.8E-41 1.8E-47  287.6   0.0  284   46-341    77-365 (444)
     342 UniRef100_A0A0D9R0U9 Apelin re 100.0 1.8E-41 1.8E-47  276.0   0.0  291   45-342    63-363 (482)
     343 tr|A0A0P7V5N2|A0A0P7V5N2_9TELE 100.0 1.8E-41 1.8E-47  276.8   0.0  280   50-344    97-403 (468)
     344 tr|W5JTF9|W5JTF9_ANODA Somatos 100.0 1.9E-41 1.9E-47  278.6   0.0  294   44-345    55-350 (526)
     345 UniRef100_A0A060W247 Cholecyst 100.0   2E-41   2E-47  284.0   0.0  292   46-342   130-476 (563)
     346 UniRef100_A0A0S1YDA1 Neuropept 100.0 2.1E-41 2.1E-47  276.7   0.0  294   44-342    67-413 (463)
     347 tr|A0A0P7TYE1|A0A0P7TYE1_9TELE 100.0 2.1E-41 2.1E-47  277.3   0.0  290   47-341   127-472 (507)
     348 tr|S7PUA8|S7PUA8_MYOBR C-C che 100.0 2.2E-41 2.2E-47  286.7   0.0  280   45-342   284-566 (603)
     349 UniRef100_A0A0P7Y8S7 Nocicepti 100.0 2.3E-41 2.3E-47  269.4   0.0  291   37-340   113-404 (467)
     350 tr|A0A2H1W6Q0|A0A2H1W6Q0_SPOFR 100.0 2.3E-41 2.3E-47  277.8   0.0  293   44-347    71-368 (466)
     351 UniRef100_A0A026WC04 Dopamine  100.0 2.3E-41 2.3E-47  272.8   0.0  285   45-345    79-400 (468)
     352 tr|A0A0R4IQ19|A0A0R4IQ19_DANRE 100.0 2.3E-41 2.3E-47  264.5   0.0  291   47-345    59-350 (384)
     353 UniRef100_A0A067RKH6 Putative  100.0 2.4E-41 2.3E-47  285.7   0.0  298   39-341    92-411 (501)
     354 UniRef100_A0A023F665 Putative  100.0 2.4E-41 2.4E-47  284.9   0.0  295   45-341   145-448 (573)
     355 UniRef100_A0A3M6TNW8 G_PROTEIN 100.0 2.4E-41 2.5E-47  277.1   0.0  283   45-343    96-393 (453)
     356 UniRef100_A0A6P4Z684 G-protein 100.0 2.5E-41 2.5E-47  272.2   0.0  290   45-341    53-345 (425)
     357 tr|A0A0F8AVG0|A0A0F8AVG0_LARCR 100.0 2.5E-41 2.5E-47  274.9   0.0  288   45-344    57-345 (544)
     358 UniRef100_A0A060XMX0 NPY-Y2 re 100.0 2.5E-41 2.6E-47  269.8   0.0  289   46-343   126-415 (452)
     359 UniRef100_A0A0S1YD99 Neuropept 100.0 2.5E-41 2.6E-47  269.2   0.0  294   45-346    77-376 (423)
     360 UniRef100_A0A6P8HVR8 galanin r 100.0 2.7E-41 2.7E-47  271.4   0.0  285   44-341    23-319 (381)
     361 tr|V8NQN2|V8NQN2_OPHHA G-prote 100.0 2.7E-41 2.8E-47  287.0   0.0  279   44-341   304-586 (840)
     362 UniRef100_A0A091R746 Beta-1 ad 100.0 2.8E-41 2.9E-47  280.3   0.0  283   47-343   138-453 (572)
     363 UniRef100_A0A2G8KMT5 G_PROTEIN 100.0   3E-41   3E-47  274.8   0.0  272   50-341    43-326 (402)
     364 UniRef100_A0A1S3HM77 pyrokinin 100.0   3E-41   3E-47  280.0   0.0  301   44-345    91-399 (573)
     365 tr|A0A146PN09|A0A146PN09_FUNHE 100.0 3.2E-41 3.1E-47  288.3   0.0  292   46-347    42-400 (432)
     366 tr|A7SIX0|A7SIX0_NEMVE Predict 100.0 3.2E-41 3.2E-47  270.6   0.0  299   38-346    19-322 (403)
     367 UniRef100_A0A0A1XP15 Neuropept 100.0 3.2E-41 3.2E-47  269.1   0.0  302   36-344    64-375 (421)
     368 tr|A0A0V1MVC7|A0A0V1MVC7_9BILA 100.0 3.2E-41 3.2E-47  283.1   0.0  288   47-342    84-378 (598)
     369 UniRef100_A0A077Z2V7 Neuropept 100.0 3.3E-41 3.3E-47  273.9   0.0  291   42-339    68-372 (451)
     370 tr|A0A287CUD4|A0A287CUD4_ICTTR 100.0 3.4E-41 3.4E-47  271.7   0.0  285   46-345    21-310 (478)
     371 UniRef100_A0A3M6T9C5 G_PROTEIN 100.0 3.5E-41 3.5E-47  278.4   0.0  312   27-347    42-364 (402)
     372 UniRef100_A0A060WAG3 G_PROTEIN 100.0 3.6E-41 3.6E-47  280.2   0.0  284   47-346   126-503 (550)
     373 tr|A0A060XRS0|A0A060XRS0_ONCMY 100.0 3.7E-41 3.8E-47  289.0   0.0  282   47-346    59-379 (900)
     374 tr|M3ZYH7|M3ZYH7_XIPMA Unchara 100.0 3.8E-41 3.8E-47  273.5   0.0  299   41-356    83-387 (397)
     375 tr|A0A210QNG6|A0A210QNG6_MIZYE 100.0 3.8E-41 3.8E-47  277.2   0.0  295   44-345    40-342 (498)
     376 UniRef100_A0A0L8H5P3 G_PROTEIN 100.0 3.8E-41 3.9E-47  278.4   0.0  277   46-339    77-369 (496)
     377 UniRef100_A0A210PNG3 5-hydroxy 100.0 3.9E-41 3.9E-47  278.8   0.0  298   36-346    58-372 (427)
     378 tr|J9JRI9|J9JRI9_ACYPI Unchara 100.0 3.9E-41 3.9E-47  272.8   0.0  292   45-342    36-333 (490)
     379 tr|A0A2C9GPU2|A0A2C9GPU2_ANOAR 100.0 3.9E-41   4E-47  289.9   0.0  295   36-339   315-633 (818)
     380 UniRef100_A0A060VPX8 G_PROTEIN 100.0 4.1E-41   4E-47  294.6   0.0  280   46-342   135-418 (527)
     381 UniRef100_A0A016UC02 G_PROTEIN 100.0 4.1E-41 4.1E-47  278.1   0.0  296   44-340   127-445 (523)
     382 UniRef100_A0A060Y7B7 G_PROTEIN 100.0 4.1E-41 4.1E-47  282.8   0.0  285   43-345   115-552 (560)
     383 UniRef100_A0A1D1UXI1 G_PROTEIN 100.0 4.1E-41 4.2E-47  272.7   0.0  295   44-346   136-433 (553)
     384 tr|A7SMQ7|A7SMQ7_NEMVE Predict 100.0 4.6E-41 4.6E-47  268.1   0.0  290   44-346    12-306 (358)
     385 UniRef100_A0A6P3IMR0 somatosta 100.0 4.5E-41 4.6E-47  269.6   0.0  288   45-344   199-487 (524)
     386 UniRef100_UPI0003F07467 orexin 100.0 4.7E-41 4.7E-47  279.6   0.0  286   47-338    81-411 (535)
     387 UniRef100_A0A0N1IB59 Orexin re 100.0 4.7E-41 4.7E-47  274.7   0.0  294   37-339   122-448 (546)
     388 tr|L9JWP3|L9JWP3_TUPCH C-C che 100.0 4.8E-41 4.8E-47  288.4   0.0  277   46-341   390-668 (702)
     389 UniRef100_A0A210Q5D4 Neuropept 100.0 4.8E-41 4.9E-47  282.6   0.0  300   43-343    73-383 (596)
     390 tr|A0A2B4R9G2|A0A2B4R9G2_STYPI 100.0 4.9E-41 4.9E-47  271.3   0.0  283   45-341    62-348 (378)
     391 tr|F7E6B1|F7E6B1_MONDO Tachyki 100.0 4.9E-41   5E-47  271.5   0.0  289   45-344    96-386 (475)
     392 tr|A0A0S0WMT8|A0A0S0WMT8_DROME 100.0 5.1E-41 5.1E-47  275.7   0.0  289   46-344   148-438 (593)
     393 UniRef100_A0A336LUR7 CSON00145 100.0 5.1E-41 5.2E-47  278.6   0.0  296   44-344    88-387 (670)
     394 UniRef100_A0A2G8KTA9 Putative  100.0 5.3E-41 5.2E-47  282.3   0.0  279   46-342    51-344 (445)
     395 tr|A0A131ZXP6|A0A131ZXP6_SARSC 100.0 5.4E-41 5.5E-47  270.1   0.0  291   43-344   122-414 (480)
     396 UniRef100_A0A2G8KT39 Putative  100.0 5.7E-41 5.6E-47  276.5   0.0  284   47-343    48-342 (383)
     397 tr|A0A193KU92|A0A193KU92_SCHMD 100.0 5.6E-41 5.7E-47  274.2   0.0  287   44-343    58-407 (478)
     398 tr|A0A232F8D2|A0A232F8D2_9HYME 100.0 5.9E-41   6E-47  273.7   0.0  292   45-342    73-370 (478)
     399 UniRef100_A0A7M7KVC0 G_PROTEIN 100.0 6.1E-41 6.1E-47  283.4   0.0  298   41-338    61-374 (609)
     400 UniRef100_A0A060X6T3 G_PROTEIN 100.0 6.2E-41 6.3E-47  277.2   0.0  283   46-346    92-417 (550)
     401 UniRef100_A0A6P8H485 beta-2 ad 100.0 6.5E-41 6.5E-47  276.9   0.0  297   37-344    51-360 (411)
     402 UniRef100_A0A061IAU9 Gastric r 100.0 6.5E-41 6.6E-47  278.3   0.0  284   47-345   118-409 (588)
     403 ERR1719510_236906              100.0 6.7E-41 6.7E-47  284.0   0.0  300   35-345    74-376 (577)
     404 UniRef100_A0A016VJP9 G_PROTEIN 100.0 6.7E-41 6.7E-47  282.0   0.0  296   44-346   137-529 (650)
     405 UniRef100_A0A060VWI9 G_PROTEIN 100.0   7E-41   7E-47  279.3   0.0  281   50-344    67-396 (579)
     406 tr|W8C2A8|W8C2A8_CERCA Neurope 100.0 6.9E-41   7E-47  287.8   0.0  294   44-342   265-564 (827)
     407 UniRef100_E9HAW0 G_PROTEIN_REC 100.0 7.2E-41 7.3E-47  268.2   0.0  288   39-337    60-351 (393)
     408 tr|A0A060X5F3|A0A060X5F3_ONCMY 100.0 7.2E-41 7.3E-47  294.1   0.0  284   45-343   416-703 (840)
     409 tr|A0A182L9N8|A0A182L9N8_9DIPT 100.0 7.4E-41 7.4E-47  277.2   0.0  291   43-344    88-384 (490)
     410 UniRef100_A0A0G2UQ37 Rhodopsin 100.0 7.4E-41 7.5E-47  275.5   0.0  295   41-346    93-403 (515)
     411 tr|A7RNV5|A7RNV5_NEMVE Predict 100.0 7.5E-41 7.5E-47  267.9   0.0  286   47-346    35-333 (377)
     412 tr|A0A182QHF8|A0A182QHF8_9DIPT 100.0 7.6E-41 7.7E-47  276.7   0.0  294   43-343   100-407 (581)
     413 tr|A0A067RDC3|A0A067RDC3_ZOONE 100.0 7.8E-41 7.8E-47  280.8   0.0  293   43-347    71-368 (506)
     414 UniRef100_A0A4D9EQQ5 Enolase-l 100.0 7.7E-41 7.9E-47  262.3   0.0  286   45-345   148-434 (472)
     415 UniRef100_UPI00051ABA1C growth 100.0 7.7E-41 7.9E-47  265.7   0.0  318   25-346    93-410 (537)
     416 tr|A0A212C668|A0A212C668_CEREH 100.0 7.8E-41 7.9E-47  273.7   0.0  281   44-342   220-556 (558)
     417 UniRef100_A0A1I7STM2 (pine woo 100.0 8.1E-41 8.1E-47  277.1   0.0  298   40-345    77-389 (430)
     418 UniRef100_A0A026W4F0 Octopamin 100.0 8.1E-41 8.2E-47  269.7   0.0  281   47-341    59-391 (445)
     419 UniRef100_A0A024R2Q0 Chemokine 100.0 8.2E-41 8.2E-47  280.3   0.0  281   46-342   159-443 (499)
     420 tr|A0A1S3L0J1|A0A1S3L0J1_SALSA 100.0 8.5E-41 8.6E-47  274.9   0.0  279   48-344    80-407 (533)
     421 tr|A0A0N8EK17|A0A0N8EK17_9CRUS 100.0 8.5E-41 8.6E-47  278.6   0.0  305   38-345    48-371 (664)
     422 UniRef100_A0A0A1XP03 Neuropept 100.0 8.6E-41 8.7E-47  280.1   0.0  294   45-344   239-543 (661)
     423 tr|W4Z9U8|W4Z9U8_STRPU Unchara 100.0 8.9E-41 9.1E-47  265.0   0.0  298   44-347   108-416 (434)
     424 UniRef100_UPI000219022F Endoly 100.0   9E-41 9.1E-47  269.9   0.0  291   42-347   199-491 (507)
     425 UniRef100_A0A024FLZ5 PQRFa pep 100.0 9.1E-41 9.2E-47  270.1   0.0  297   38-340    52-349 (416)
     426 UniRef100_A0A026W2V1 Neuropept 100.0 9.5E-41 9.5E-47  282.2   0.0  305   39-346    99-418 (589)
     427 tr|K1PEH3|K1PEH3_CRAGI Neurope 100.0 9.6E-41 9.6E-47  267.6   0.0  296   47-346    51-361 (411)
     428 tr|A7RQG0|A7RQG0_NEMVE Predict 100.0 9.9E-41 9.8E-47  270.4   0.0  292   44-344    18-316 (351)
     429 UniRef100_A0A060VZ71 G_PROTEIN 100.0   1E-40   1E-46  284.3   0.0  302   33-339   218-532 (650)
     430 tr|A0A0P6C571|A0A0P6C571_9CRUS 100.0   1E-40   1E-46  272.2   0.0  298   39-342    51-445 (558)
     431 tr|W8B9D1|W8B9D1_CERCA 5-hydro 100.0   1E-40 1.1E-46  277.2   0.0  286   46-345   265-629 (664)
     432 UniRef100_A0A084WCX2 AGAP00493 100.0 1.1E-40 1.1E-46  276.4   0.0  277   47-342    98-388 (474)
     433 UniRef100_A0A026VXG0 Octopamin 100.0 1.1E-40 1.1E-46  284.7   0.0  191   45-244    83-278 (647)
     434 tr|A0A1I8MAM1|A0A1I8MAM1_MUSDO 100.0 1.1E-40 1.1E-46  289.3   0.0  337    3-342   231-574 (1063)
     435 tr|R4J1H6|R4J1H6_SALSA Cholecy 100.0 1.1E-40 1.1E-46  267.9   0.0  293   47-344    50-408 (461)
     436 UniRef100_A0A0K0PUX3 Orphan G- 100.0 1.2E-40 1.1E-46  280.1   0.0  275   47-338    64-346 (419)
     437 UniRef100_A0A1D2M255 Somatosta 100.0 1.1E-40 1.2E-46  263.8   0.0  284   46-340    38-321 (382)
     438 tr|A0A147AXX1|A0A147AXX1_FUNHE 100.0 1.1E-40 1.2E-46  268.7   0.0  290   43-344    37-331 (490)
     439 tr|K1QHX9|K1QHX9_CRAGI Somatos 100.0 1.2E-40 1.2E-46  275.0   0.0  288   46-343    51-340 (456)
     440 tr|A0A1U7SLA2|A0A1U7SLA2_TARSY 100.0 1.2E-40 1.2E-46  274.9   0.0  284   46-347   127-454 (601)
     441 UniRef100_A0A3M6U2U1 G_PROTEIN 100.0 1.2E-40 1.2E-46  270.7   0.0  283   45-342    21-307 (352)
     442 UniRef100_A0A7M7G1H5 G_PROTEIN 100.0 1.2E-40 1.2E-46  277.8   0.0  282   46-345    40-336 (381)
     443 tr|A0A1W4X1F3|A0A1W4X1F3_AGRPL 100.0 1.2E-40 1.2E-46  272.3   0.0  297   42-343   132-432 (485)
     444 tr|A0A210QVM6|A0A210QVM6_MIZYE 100.0 1.2E-40 1.3E-46  263.1   0.0  305   40-347    77-389 (413)
     445 tr|A0A1V4KKE4|A0A1V4KKE4_PATFA 100.0 1.3E-40 1.3E-46  277.3   0.0  291   39-342   401-692 (724)
     446 UniRef100_A0A061I5W2 G-protein 100.0 1.3E-40 1.3E-46  268.7   0.0  288   45-344    78-367 (435)
     447 tr|A0A2B4RI42|A0A2B4RI42_STYPI 100.0 1.3E-40 1.3E-46  266.5   0.0  297   32-342    13-325 (367)
     448 tr|A0A226N2C0|A0A226N2C0_CALSU 100.0 1.3E-40 1.4E-46  272.1   0.0  286   48-347   229-525 (569)
     449 tr|A0A1D2MMS7|A0A1D2MMS7_ORCCI 100.0 1.3E-40 1.4E-46  279.0   0.0  294   32-346   112-408 (612)
     450 UniRef100_A0A0L7QLJ1 Neuropept 100.0 1.3E-40 1.4E-46  264.6   0.0  290   46-340   130-423 (485)
     451 UniRef100_A0A076YJT8 Chemokine 100.0 1.5E-40 1.5E-46  276.9   0.0  279   45-343   162-445 (493)
     452 tr|A0A091DQD0|A0A091DQD0_FUKDA 100.0 1.5E-40 1.5E-46  271.2   0.0  281   46-343   182-464 (499)
     453 tr|A0A2C9JTE5|A0A2C9JTE5_BIOGL 100.0 1.5E-40 1.5E-46  264.8   0.0  296   44-345    54-350 (422)
     454 UniRef100_A0A6F9DUB2 Somatosta 100.0 1.5E-40 1.5E-46  269.5   0.0  286   45-340    64-351 (467)
     455 UniRef100_A0A2B4SUJ0 Melatonin 100.0 1.6E-40 1.6E-46  271.1   0.0  281   47-342    31-314 (399)
     456 SRR6218665_1158703             100.0 1.6E-40 1.6E-46  269.5   0.0  294   43-344    36-336 (413)
     457 tr|A7RYQ3|A7RYQ3_NEMVE Predict 100.0 1.7E-40 1.6E-46  273.3   0.0  284   43-344    51-337 (367)
     458 tr|A0A1V4JMN9|A0A1V4JMN9_PATFA 100.0 1.7E-40 1.7E-46  271.5   0.0  298   37-339    86-418 (537)
     459 tr|K1PQM6|K1PQM6_CRAGI Putativ 100.0 1.7E-40 1.7E-46  267.8   0.0  298   43-349    90-401 (429)
     460 UniRef100_A0A0L8H8I0 G_PROTEIN 100.0 1.8E-40 1.7E-46  282.8   0.0  283   45-344    74-365 (466)
     461 tr|A7RVQ0|A7RVQ0_NEMVE Predict 100.0 1.9E-40 1.9E-46  272.4   0.0  298   37-341    22-330 (398)
     462 UniRef100_A0A182H1J6 G_PROTEIN 100.0 1.9E-40   2E-46  288.3   0.0  189   48-241   323-512 (1005)
     463 UniRef100_A0A210QKJ1 Pyrogluta 100.0   2E-40   2E-46  265.8   0.0  301   42-345    54-360 (424)
     464 tr|A0A1L8HND2|A0A1L8HND2_XENLA 100.0   2E-40 2.1E-46  270.0   0.0  294   47-347   132-432 (452)
     465 UniRef100_A0A1D1UQ64 G_PROTEIN 100.0   2E-40 2.1E-46  262.8   0.0  291   37-342    38-333 (366)
     466 tr|A0A1S3NNV5|A0A1S3NNV5_SALSA 100.0 2.1E-40 2.1E-46  270.3   0.0  304   33-341    52-379 (499)
     467 UniRef100_A0A023F4J9 Putative  100.0 2.1E-40 2.1E-46  280.1   0.0  279   47-339   160-489 (588)
     468 tr|A0A210R0K7|A0A210R0K7_MIZYE 100.0 2.1E-40 2.2E-46  268.4   0.0  290   47-345    77-428 (470)
     469 UniRef100_A0A2G8JGQ1 Putative  100.0 2.2E-40 2.2E-46  276.7   0.0  287   46-347    60-375 (455)
     470 tr|A0A1V4J9K1|A0A1V4J9K1_PATFA 100.0 2.1E-40 2.2E-46  283.6   0.0  286   46-344   323-609 (939)
     471 tr|A0A0P7V0U8|A0A0P7V0U8_9TELE 100.0 2.2E-40 2.2E-46  262.4   0.0  287   46-346    88-378 (439)
     472 UniRef100_A0A024R4J1 Formyl pe 100.0 2.3E-40 2.2E-46  291.4   0.0  278   45-340   174-453 (581)
     473 UniRef100_A0A060WXX3 G-protein 100.0 2.3E-40 2.3E-46  283.0   0.0  277   46-338   162-449 (539)
     474 tr|A0A061IHH7|A0A061IHH7_CRIGR 100.0 2.3E-40 2.3E-46  294.7   0.0  285   45-344   622-921 (934)
     475 SRR6218665_799277              100.0 2.3E-40 2.3E-46  262.9   0.0  295   43-345   124-422 (456)
     476 UniRef100_A0A1B1JCE4 Adrenergi 100.0 2.3E-40 2.4E-46  273.9   0.0  314   17-344    29-349 (530)
     477 UniRef100_A0A060XSS1 5-hydroxy 100.0 2.4E-40 2.4E-46  291.2   0.0  288   48-346   215-555 (704)
     478 UniRef100_A0A132AJH3 7 transme 100.0 2.5E-40 2.5E-46  274.7   0.0  289   47-340    72-384 (447)
     479 UniRef100_A0A6P8H157 QRFP-like 100.0 2.5E-40 2.5E-46  268.1   0.0  281   48-345    46-330 (351)
     480 tr|C3XVU5|C3XVU5_BRAFL Unchara 100.0 2.5E-40 2.6E-46  266.4   0.0  292   38-341    56-355 (439)
     481 tr|A0A182FRI7|A0A182FRI7_ANOAL 100.0 2.6E-40 2.6E-46  286.9   0.0  184   47-240   116-300 (677)
     482 tr|A0A151ITZ3|A0A151ITZ3_9HYME 100.0 2.6E-40 2.7E-46  271.3   0.0  303   37-344    61-421 (481)
     483 UniRef100_UPI0001CBB4DC allato 100.0 2.7E-40 2.7E-46  275.7   0.0  300   36-340    52-368 (431)
     484 UniRef100_A0A1S3IXU9 RYamide r 100.0 2.7E-40 2.7E-46  262.8   0.0  293   42-340    33-328 (438)
     485 UniRef100_A0A034WQT6 Tachykini 100.0 2.8E-40 2.8E-46  277.7   0.0  299   36-341   109-417 (694)
     486 UniRef100_A0A3M6UKK8 G_PROTEIN 100.0   3E-40 2.9E-46  274.2   0.0  280   46-340    44-333 (406)
     487 tr|A0A0L0C8J1|A0A0L0C8J1_LUCCU 100.0 2.9E-40   3E-46  275.1   0.0  291   46-344   228-520 (661)
     488 tr|C7SLZ0|C7SLZ0_APLKU Seroton 100.0 3.1E-40 3.1E-46  275.0   0.0  279   46-344    75-426 (485)
     489 UniRef100_A0A6S7HDR1 5-hydroxy 100.0 3.1E-40 3.2E-46  265.1   0.0  289   44-341    38-347 (399)
     490 tr|A0A2B4RYW3|A0A2B4RYW3_STYPI 100.0 3.1E-40 3.2E-46  295.0   0.0  291   45-349    41-333 (1580)
     491 UniRef100_A0A096MAY6 Alpha-1B  100.0 3.2E-40 3.2E-46  267.4   0.0  277   52-346    55-377 (489)
     492 UniRef100_A0A0L0C965 Tachykini 100.0 3.2E-40 3.3E-46  272.8   0.0  293   45-344   122-420 (611)
     493 UniRef100_A0A016T4B6 G_PROTEIN 100.0 3.3E-40 3.3E-46  282.6   0.0  292   44-342   103-428 (585)
     494 tr|A0A0B2UYY4|A0A0B2UYY4_TOXCA 100.0 3.2E-40 3.3E-46  268.8   0.0  294   45-344    84-387 (437)
     495 UniRef100_A0A067RAQ2 Neuropept 100.0 3.2E-40 3.3E-46  266.4   0.0  290   46-341   103-395 (509)
     496 tr|A0A1I8N820|A0A1I8N820_MUSDO 100.0 3.3E-40 3.3E-46  280.9   0.0  279   47-340   308-635 (880)
     497 UniRef100_A0A1S3HRK7 octopamin 100.0 3.4E-40 3.4E-46  274.8   0.0  281   46-341    67-349 (413)
     498 UniRef100_A0A1S3F7I6 neuropept 100.0 3.4E-40 3.4E-46  280.3   0.0  300   35-340   242-555 (712)
     499 tr|A0A1S3FWK5|A0A1S3FWK5_DIPOR 100.0 3.3E-40 3.4E-46  276.1   0.0  285   47-345   420-732 (786)
     500 UniRef100_A0A016UUZ5 G_PROTEIN 100.0 3.4E-40 3.4E-46  269.9   0.0  274   49-343    80-413 (486)
     
  > Uniprot already searched, skipping.
> Running chain B
  > Uniref90 already searched, skipping.
  > Mgnify already searched, skipping.
  > Running hhblits on bfd_uniref30
- 11:29:55.414 INFO: Searching 65983866 column state sequences.

- 11:29:56.911 INFO: Searching 29291635 column state sequences.

- 11:29:56.954 INFO: ghsr_human-3600/msas/B/chain_B.fasta is in A2M, A3M or FASTA format

- 11:29:56.955 INFO: Iteration 1

- 11:29:56.974 INFO: Prefiltering database

- 11:30:44.584 INFO: HMMs passed 1st prefilter (gapless profile-profile alignment)  : 293327

- 11:31:04.884 INFO: HMMs passed 1st prefilter (gapless profile-profile alignment)  : 209198

- 11:31:05.283 INFO: HMMs passed 2nd prefilter (gapped profile-profile alignment)   : 1346

- 11:31:05.283 INFO: HMMs passed 2nd prefilter and not found in previous iterations : 1346

- 11:31:05.283 INFO: Scoring 1346 HMMs using HMM-HMM Viterbi alignment

- 11:31:05.308 INFO: Alternative alignment: 0

- 11:31:44.861 INFO: 1346 alignments done

- 11:31:44.863 INFO: Alternative alignment: 1

- 11:31:45.257 INFO: 1003 alignments done

- 11:31:45.259 INFO: Alternative alignment: 2

- 11:31:45.266 INFO: 3 alignments done

- 11:31:45.266 INFO: Alternative alignment: 3

- 11:31:45.393 INFO: Premerge done

- 11:31:45.393 INFO: Realigning 500 HMM-HMM alignments using Maximum Accuracy algorithm

- 11:31:45.525 INFO: 34 sequences belonging to 34 database HMMs found with an E-value < 0.001

- 11:31:45.525 INFO: Number of effective sequences of resulting query HMM: Neff = 3.59181

- 11:31:45.539 INFO: Iteration 2

- 11:31:45.539 INFO: Set premerge to 0! (premerge: 3 iteration: 2 hits.Size: 31)

- 11:31:45.558 INFO: Prefiltering database

- 11:47:20.580 INFO: HMMs passed 1st prefilter (gapless profile-profile alignment)  : 50880

- 11:48:40.539 INFO: HMMs passed 1st prefilter (gapless profile-profile alignment)  : 64695

- 11:48:40.657 INFO: HMMs passed 2nd prefilter (gapped profile-profile alignment)   : 280

- 11:48:40.657 INFO: HMMs passed 2nd prefilter and not found in previous iterations : 249

- 11:48:40.657 INFO: Scoring 249 HMMs using HMM-HMM Viterbi alignment

- 11:48:40.679 INFO: Alternative alignment: 0

- 11:48:50.258 INFO: 249 alignments done

- 11:48:50.259 INFO: Alternative alignment: 1

- 11:48:50.280 INFO: 135 alignments done

- 11:48:50.280 INFO: Alternative alignment: 2

- 11:48:50.280 INFO: 2 alignments done

- 11:48:50.280 INFO: Alternative alignment: 3

- 11:48:50.297 INFO: Realigning 182 HMM-HMM alignments using Maximum Accuracy algorithm

- 11:48:50.380 INFO: 41 sequences belonging to 41 database HMMs found with an E-value < 0.001

- 11:48:50.381 INFO: Number of effective sequences of resulting query HMM: Neff = 3.62502

- 11:48:50.389 INFO: Iteration 3

- 11:48:50.419 INFO: Prefiltering database

- 11:50:31.980 INFO: HMMs passed 1st prefilter (gapless profile-profile alignment)  : 49419

- 11:50:51.913 INFO: HMMs passed 1st prefilter (gapless profile-profile alignment)  : 63745

- 11:50:52.034 INFO: HMMs passed 2nd prefilter (gapped profile-profile alignment)   : 252

- 11:50:52.034 INFO: HMMs passed 2nd prefilter and not found in previous iterations : 214

- 11:50:52.034 INFO: Scoring 214 HMMs using HMM-HMM Viterbi alignment

- 11:50:52.055 INFO: Alternative alignment: 0

- 11:50:52.072 INFO: 214 alignments done

- 11:50:52.072 INFO: Alternative alignment: 1

- 11:50:52.083 INFO: 122 alignments done

- 11:50:52.083 INFO: Alternative alignment: 2

- 11:50:52.083 INFO: 2 alignments done

- 11:50:52.083 INFO: Alternative alignment: 3

- 11:50:52.094 INFO: Rescoring previously found HMMs with Viterbi algorithm

- 11:50:52.106 INFO: Alternative alignment: 0

- 11:50:52.109 INFO: 38 alignments done

- 11:50:52.109 INFO: Alternative alignment: 1

- 11:50:52.113 INFO: 38 alignments done

- 11:50:52.113 INFO: Alternative alignment: 2

- 11:50:52.113 INFO: Alternative alignment: 3

- 11:50:52.123 INFO: Premerge done

- 11:50:52.123 INFO: Realigning 197 HMM-HMM alignments using Maximum Accuracy algorithm

- 11:50:52.170 INFO: 41 sequences belonging to 41 database HMMs found with an E-value < 0.001

- 11:50:52.170 INFO: Number of effective sequences of resulting query HMM: Neff = 3.62502

     Query         [des-Gln<sup>14</sup>]ghrelin gtp:3600
     Match_columns 27
     No_of_seqs    90 out of 241
     Neff          3.62502
     Searched_HMMs 1511
     Date          Thu Feb 23 11:50:52 2023
     Command       hhblits -i ghsr_human-3600/msas/B/chain_B.fasta -cpu 2 -maxmem 20 -oa3m /projects/ilfgrid/people/nqz918/code/deorph/scripts/af_arman/af_jobs_af23/ghsr_human/3600//ghsr_human-3600/msas/B/bfd_uniref_hits.a3m -o /dev/null -n 3 -e 0.001 -maxseq 1000000 -realign_max 100000 -maxfilt 100000 -min_prefilter_hits 1000 -d /projects/ilfgrid/data/alphafold-genetic-databases///bfd/bfd_metaclust_clu_complete_id30_c90_final_seq.sorted_opt -d /projects/ilfgrid/data/alphafold-genetic-databases///uniref30/UniRef30_2021_03 
     
      No Hit                             Prob E-value P-value  Score    SS Cols Query HMM  Template HMM
       1 tr|S7MZM9|S7MZM9_MYOBR Appetit  99.1 6.4E-13 8.8E-19   81.8   0.0   27    1-27     24-51  (144)
       2 UniRef100_A0A096MVS0 Ghrelin a  99.0 1.9E-12 2.3E-18   79.0   0.0   27    1-27     24-51  (127)
       3 UniRef100_A0A087QJE6 Appetite-  99.0 2.1E-12 2.7E-18   82.7   0.0   27    1-27     72-99  (196)
       4 tr|A0A1V4JIW1|A0A1V4JIW1_PATFA  98.8 3.3E-11   4E-17   74.0   0.0   27    1-27     24-51  (128)
       5 UniRef100_A0A2J8WDH4 GHRL isof  98.8 4.7E-11 5.2E-17   74.6   0.0   27    1-27     24-51  (147)
       6 UniRef100_A0A2U4C430 Appetite-  98.8 5.8E-11 7.6E-17   77.3   0.0   27    1-27     96-123 (217)
       7 UniRef100_Q6TGF0 Ghrelin (Frag  98.8 8.1E-11 8.3E-17   66.1   0.0   27    1-27     22-49  (65)
       8 UniRef100_A0A6I9ZR72 Appetite-  98.7 1.3E-10 1.5E-16   73.0   0.0   27    1-27     24-51  (154)
       9 UniRef100_A0A341D0G0 Appetite-  98.7 3.2E-10 3.9E-16   73.4   0.0   27    1-27     88-114 (197)
      10 tr|A0A0D9RCD0|A0A0D9RCD0_CHLSB  98.7   4E-10 4.6E-16   70.4   0.0   27    1-27     48-75  (141)
      11 UniRef100_UPI0005151E47 appeti  98.5 1.3E-09 1.5E-15   70.3   0.0   27    1-27     24-51  (185)
      12 tr|L9KL76|L9KL76_TUPCH Appetit  98.5 1.4E-09 1.6E-15   70.6   0.0   27    1-27     24-51  (195)
      13 UniRef100_UPI00032AF446 appeti  98.5 2.3E-09 2.4E-15   67.5   0.0   27    1-27     24-50  (147)
      14 UniRef100_A0A5F7ZC09 Appetite-  98.5 2.9E-09 3.1E-15   70.7   0.0   27    1-27    129-156 (240)
      15 UniRef100_A0A5E4AJP9 Motilin_g  98.5 3.6E-09 3.7E-15   69.6   0.0   27    1-27     24-51  (219)
      16 UniRef100_I6N821 In2c-preprogh  98.4 5.1E-09 5.2E-15   58.2   0.0   24    4-27      1-25  (57)
      17 UniRef100_UPI0003347245 appeti  98.4   7E-09 7.2E-15   63.2   0.0   27    1-27     24-51  (110)
      18 UniRef100_L9KL76 Appetite-regu  98.3 1.4E-08 1.4E-14   66.3   0.0   27    1-27     24-51  (195)
      19 UniRef100_UPI0015C30271 appeti  98.3 1.9E-08   2E-14   64.6   0.0   27    1-27     42-69  (166)
      20 UniRef100_Q6SLF4 Ghrelin (Frag  98.3   2E-08 2.1E-14   55.6   0.0   27    1-27     18-44  (54)
      21 UniRef100_Q6SPC3 Ghrelin (Frag  98.2 2.6E-08 2.7E-14   51.4   0.0   21    1-21     13-33  (35)
      22 tr|W5PPI6|W5PPI6_SHEEP Ghrelin  98.2 4.6E-08   5E-14   61.5   0.0   27    1-27     24-50  (134)
      23 UniRef100_Q2V0H4 Appetite-regu  98.1 6.2E-08 6.4E-14   55.3   0.0   27    1-27      2-29  (65)
      24 UniRef100_A0A6P5JRD5 appetite-  98.1   1E-07   1E-13   61.2   0.0   27    1-27     72-98  (159)
      25 tr|A0A151MK48|A0A151MK48_ALLMI  98.1 1.1E-07 1.1E-13   60.4   0.0   27    1-27     53-80  (145)
      26 UniRef100_A0A5F9C7G1 Appetite-  98.0 1.8E-07 1.9E-13   62.7   0.0   27    1-27     24-51  (234)
      27 UniRef100_A0A151MK48 Appetite-  98.0 1.7E-07   2E-13   61.5   0.0   27    1-27     77-104 (187)
      28 UniRef100_UPI0018A1E98C appeti  97.9 3.8E-07 3.9E-13   58.8   0.0   27    1-27     29-56  (158)
      29 UniRef100_A0A2I2ZBQ5 Appetite-  97.8   1E-06 1.1E-12   55.1   0.0   27    1-27     24-53  (119)
      30 UniRef100_UPI00092E911E appeti  97.6 3.6E-06 3.7E-12   55.5   0.0   27    1-27     87-114 (179)
      31 UniRef100_UPI000521B3DF LOW QU  97.4 1.3E-05 1.3E-11   52.0   0.0   27    1-27     51-78  (148)
      32 UniRef100_UPI001114A6A5 appeti  97.4 1.3E-05 1.3E-11   52.9   0.0   14   14-27     91-104 (172)
      33 UniRef100_E7CH27 Putative ghre  97.1 7.5E-05 7.7E-11   41.6   0.0   22    1-22     24-46  (47)
      34 UniRef100_A0A455AGJ6 Appetite-  97.0 8.1E-05 8.3E-11   51.5   0.0   27    1-27    128-155 (249)
      35 UniRef100_A0A0R5QLN9 Preproghr  96.6 0.00053 5.4E-10   36.6   0.0   13    1-13     10-22  (34)
      36 UniRef100_Q5Y392 Ghrelin (Frag  96.5  0.0007 7.2E-10   36.5   0.0   13    1-13     24-36  (36)
      37 UniRef100_E7CCH4 Ghrelin n=1 T  95.8  0.0077 7.9E-09   39.3   0.0   21    1-21     24-45  (117)
      38 UniRef100_A0A0A0P1S2 Appetite-  95.6   0.012 1.3E-08   37.1   0.0   13    1-13     32-44  (86)
      39 UniRef100_UPI0013873180 appeti  95.4   0.018   2E-08   38.0   0.0   13    1-13     67-79  (121)
      40 UniRef100_A0A452UWM1 Ghrelin n  95.0   0.034 3.5E-08   35.7   0.0   13    1-13     24-36  (95)
      41 UniRef100_A0A6I8S0J1 Ghrelin-l  94.7   0.042 5.7E-08   37.0   0.0   27    1-27     43-72  (142)
      42 tr|T0NGX8|T0NGX8_CAMFR Appetit  94.4   0.078 8.6E-08   36.0   0.0   13    1-13     24-36  (135)
      43 UniRef100_UPI00145C08FB ghreli  94.3   0.094 9.6E-08   36.1   0.0   26    1-26     26-53  (150)
      44 UniRef100_A0A0A0P0H8 Ghrelin n  94.2     0.1 1.1E-07   33.2   0.0   13    1-13     24-36  (81)
      45 tr|A0A1W5AF68|A0A1W5AF68_9TELE  93.0    0.27 3.6E-07   33.5   0.0   12    1-13     27-38  (133)
      46 UniRef100_A0A060WHA4 Motilin_a  92.7     0.3 4.2E-07   33.9   0.0   11    1-11     51-61  (157)
      47 UniRef100_A0A1B0QVN5 Ghrelin (  92.5    0.48 4.9E-07   30.5   0.0   19    1-19      2-20  (81)
      48 UniRef100_A0A1Z4PP05 Uncharact  90.9     1.1 1.1E-06   26.7   0.0   12    2-13     13-24  (46)
      49 UniRef100_T0NGX8 Ghrelin n=1 T  90.9     1.1 1.2E-06   31.2   0.0   13    1-13     24-36  (135)
      50 tr|W5K3Q6|W5K3Q6_ASTMX Ghrelin  90.7     1.2 1.2E-06   31.0   0.0   19    1-20     27-46  (130)
      51 UniRef100_A0A0A8YJS2 Uncharact  86.0     4.9 5.1E-06   24.2   0.0    9    1-9      20-28  (44)
      52 UniRef100_A0A226ML72 Motilin_a  84.9     6.3 6.5E-06   26.2   0.0   15   13-27      1-15  (81)
      53 UniRef100_A0A0A6ZAL8 Ghrelin (  84.6     6.4 6.8E-06   26.1   0.0   12    1-12     13-24  (80)
      54 UniRef100_S3IZ43 Uncharacteriz  81.8      11 1.1E-05   24.2   0.0   12    2-13     13-24  (60)
      55 tr|A0A0P9MUX4|A0A0P9MUX4_PSEA0  80.0      12 1.4E-05   22.8   0.0   20    4-24     18-37  (45)
      56 UniRef100_A0A2H5QXM8 Uncharact  79.8      14 1.5E-05   24.7   0.0   11    1-11     67-77  (78)
      57 UniRef100_A0A6J4KNY0 Uncharact  78.4      17 1.7E-05   23.5   0.0   13    1-13      5-17  (60)
      58 UniRef100_A0A2G2K792 Uncharact  77.4      19 1.9E-05   26.4   0.0   12    2-13    133-144 (146)
      59 ERR1719265_1388889              77.3      18   2E-05   27.7   0.0   13    1-13     33-45  (204)
      60 UniRef100_UPI001A7E0ECE hypoth  74.7      25 2.6E-05   24.3   0.0   12    2-13     12-23  (91)
      61 UniRef100_A0A7J7JX13 Uncharact  74.6      26 2.6E-05   23.6   0.0   11    3-13     25-35  (76)
      62 ERR1719175_376322               74.5      24 2.7E-05   25.2   0.0   20    1-20     83-102 (115)
      63 UniRef100_UPI0011D00958 appeti  74.2      26 2.8E-05   25.1   0.0   16   12-27     11-26  (116)
      64 UniRef100_A0A3S3NUE8 Poly(A) p  72.3      32 3.3E-05   24.1   0.0   20    2-22     56-75  (96)
      65 UniRef100_A0A522IUX0 Uncharact  70.4      38 3.9E-05   23.9   0.0   24    1-24     61-84  (100)
      66 SRR4026209_2529115              70.0      39 4.1E-05   24.7   0.0   13    1-13    104-116 (128)
      67 UniRef100_A0A0R3WY20 Uncharact  69.3      42 4.3E-05   26.0   0.0   13    1-13     35-47  (201)
      68 UniRef100_A0A5N5T809 Histone H  68.9      43 4.5E-05   23.5   0.0   11    2-12     16-26  (95)
      69 UniRef100_W2CNM9 Uncharacteriz  67.8      47 4.9E-05   20.5   0.0   13    1-13      3-15  (42)
      70 UniRef100_J9FSE9 Uncharacteriz  67.6      48   5E-05   20.4   0.0   18    1-18     23-40  (41)
      71 UniRef100_K7HQ17 Uncharacteriz  67.1      50 5.2E-05   22.9   0.0   15    2-16     50-64  (84)
      72 SRR5579859_5487638              66.7      49 5.4E-05   25.8   0.0   13    1-13    141-153 (204)
      73 UniRef100_UPI000DCA2F66 unchar  66.6      52 5.4E-05   28.1   0.0   20    2-21    183-203 (480)
      74 UniRef100_A0A0E3EWC4 Uncharact  66.2      53 5.5E-05   23.0   0.0   19    2-20     56-74  (89)
      75 UniRef100_Q5DAN4 SJCHGC01951 p  66.1      54 5.6E-05   24.2   0.0   10    1-10     42-51  (132)
      76 UniRef100_A0A4Z2BG44 Uncharact  65.0      59 6.1E-05   23.5   0.0   11    1-11     42-52  (112)
      77 UniRef100_A0A0N8QTL8 Uncharact  64.3      61 6.4E-05   20.7   0.0   19    4-23     18-36  (49)
      78 ERR1711991_1278197              64.2      57 6.4E-05   25.1   0.0   12    2-13    144-155 (180)
      79 UniRef100_A0A0A9HL40 Uncharact  64.0      64 6.6E-05   18.1   0.0   13    2-14     11-23  (24)
      80 UniRef100_A0A3D2IFZ5 Efflux RN  63.5      66 6.8E-05   22.9   0.0   13    1-13     67-79  (97)
      81 UniRef100_UPI0009B64E3D hypoth  62.7      70 7.2E-05   21.0   0.0   11    3-13     45-55  (57)
      82 SRR2546426_567115               60.8      71 8.2E-05   23.0   0.0   13    3-15     53-65  (104)
      83 UniRef100_G0N848 Uncharacteriz  60.5      81 8.4E-05   19.7   0.0   19    3-21     14-32  (42)
      84 ERR1719240_1002410              59.9      79 8.8E-05   24.5   0.0   25    1-25    117-141 (179)
      85 UniRef100_A0A402FNG5 Motilin_g  59.5      87   9E-05   24.5   0.0   14    2-15     42-56  (191)
      86 UniRef100_UPI0012AE64B1 hypoth  58.0      97 9.9E-05   20.2   0.0   19    4-23     28-46  (52)
      87 UniRef100_A0A7R9J3L8 (Californ  57.3   1E+02  0.0001   23.3   0.0   22    1-22     45-66  (139)
      88 UniRef100_UPI001ADB3817 autotr  56.3 1.1E+02 0.00011   26.1   0.0   24    3-27    276-299 (390)
      89 UniRef100_UPI001593B57B hypoth  56.0 1.1E+02 0.00011   21.9   0.0   19    3-21     16-34  (95)
      90 UniRef100_A0A2A4RNG3 HTH cro/C  55.9 1.1E+02 0.00011   24.0   0.0   13    1-13     59-71  (187)
      91 UniRef100_UPI00140724CB hypoth  55.3 1.1E+02 0.00012   21.5   0.0   11    3-13     13-23  (86)
      92 UniRef100_A0A553RFT6 Uncharact  54.9 1.2E+02 0.00012   23.2   0.0   12    2-13     65-76  (149)
      93 UniRef100_A0A409X764 Uncharact  54.8 1.2E+02 0.00012   21.6   0.0   23    3-25     10-32  (90)
      94 UniRef100_K7H1S1 Uncharacteriz  54.1 1.2E+02 0.00013   27.0   0.0   13    1-13    551-563 (608)
      95 UniRef100_M7BU02 GATOR complex  53.9 1.3E+02 0.00013   25.7   0.0   17   11-27    270-287 (377)
      96 UniRef100_UPI000D2FD5A0 unchar  53.8 1.3E+02 0.00013   22.8   0.0   20    6-25     92-111 (137)
      97 SRR4030042_1158331              53.6 1.2E+02 0.00013   24.4   0.0   24    2-25     72-95  (219)
      98 UniRef100_A0A0Q8ED68 Uncharact  53.5 1.3E+02 0.00013   24.1   0.0   12    2-13     35-46  (216)
      99 UniRef100_A0A3R8Z517 PheST ope  53.4 1.3E+02 0.00013   19.4   0.0   15    5-19      8-22  (48)
     100 UniRef100_UPI001930EF7D hypoth  53.3 1.3E+02 0.00013   25.3   0.0   19    1-19      9-27  (327)
     101 UniRef100_A0A672VFK0 Motilin_a  52.2 1.4E+02 0.00014   22.4   0.0   13   14-26     70-82  (126)
     102 UniRef100_A0A0F9KH07 U-box dom  52.1 1.4E+02 0.00014   19.0   0.0   16    3-18      2-17  (43)
     103 UniRef100_A0A3Q0J2I8 uncharact  51.9 1.4E+02 0.00015   23.4   0.0   10    1-10     48-57  (177)
     104 SRR6185312_6209579              50.9 1.4E+02 0.00015   24.3   0.0   16    2-17     36-51  (238)
     105 UniRef100_A0A401T986 Uncharact  50.7 1.5E+02 0.00016   19.4   0.0   13    1-13     21-33  (51)
     106 ERR1719321_2477049              50.3 1.4E+02 0.00016   21.9   0.0   17    9-25     80-96  (109)
     107 UniRef100_Q5DAN4 SJCHGC01951 p  49.8 1.6E+02 0.00017   22.3   0.0    9    1-9     115-123 (132)
     108 UniRef100_G9PBE2 Uncharacteriz  49.5 1.6E+02 0.00017   21.7   0.0   16    1-16     15-30  (111)
     109 UniRef100_A0A7S1Y566 Hypotheti  49.2 1.7E+02 0.00017   22.3   0.0   11    3-13     54-64  (138)
     110 UniRef100_A0A5J4N8F6 Uncharact  48.9 1.7E+02 0.00017   22.2   0.0   12    1-12     49-60  (131)
     111 UniRef100_A0A7S1EAK3 Hypotheti  47.6 1.8E+02 0.00019   22.8   0.0   13    1-13      6-18  (169)
     112 UniRef100_A0A420JAD2 Uncharact  47.6 1.8E+02 0.00019   20.4   0.0   16    2-17     38-53  (77)
     113 UniRef100_A0A6C0DJC3 Uncharact  47.5 1.9E+02 0.00019   21.2   0.0   13    1-13     21-33  (101)
     114 UniRef100_A0A4Y2BC66 Uncharact  47.3 1.9E+02 0.00019   22.7   0.0   20    1-20     67-87  (169)
     115 UniRef100_A0A2G9TFP8 Uncharact  46.2   2E+02 0.00021   21.1   0.0   12    2-13     39-50  (101)
     116 UniRef100_A0A7C0UI93 MFS trans  45.8 2.1E+02 0.00021   25.2   0.0   13    1-13     12-24  (453)
     117 UniRef100_A0A1N7SAN0 Uncharact  45.4 2.1E+02 0.00022   19.2   0.0   13   14-26     38-50  (57)
     118 UniRef100_A0A0D7B551 Uncharact  45.0 2.2E+02 0.00022   24.5   0.0   19    1-19    255-274 (349)
     119 UniRef100_A0A3D0TT97 Uncharact  44.8 2.2E+02 0.00022   20.6   0.0   20    2-21     48-67  (89)
     120 UniRef100_A0A3N4KG96 Uncharact  44.8 2.2E+02 0.00022   21.9   0.0   12    2-13     16-27  (140)
     121 SRR6266498_1968806              44.8   2E+02 0.00022   22.5   0.0   26    1-26     46-71  (163)
     122 UniRef100_UPI0011E038CD unchar  42.7 2.5E+02 0.00025   21.7   0.0   13    3-15     78-90  (139)
     123 UniRef100_A0A1B1NH35 Beta-gala  41.3 2.6E+02 0.00028   15.4   0.0   11    4-14      2-12  (19)
     124 UniRef100_A0A0S7ERH7 MALT1 (Fr  40.4 2.8E+02 0.00029   21.6   0.0   14    2-15     49-62  (150)
     125 UniRef100_A0A2D4MSS1 Uncharact  40.3 2.8E+02 0.00029   20.9   0.0   12    2-13     25-36  (117)
     126 UniRef100_A0A645AHB0 Uncharact  40.1 2.9E+02  0.0003   18.9   0.0   18    2-19     12-29  (60)
     127 UniRef100_UPI0019230A88 probab  39.8 2.9E+02  0.0003   22.0   0.0   24    1-24     22-45  (174)
     128 SRR5262245_12126982             39.7 2.6E+02  0.0003   23.3   0.0   22    3-24     99-120 (254)
     129 UniRef100_A0A4Y2NEF1 Uncharact  39.2   3E+02 0.00031   20.9   0.0   25    3-27     29-53  (122)
     130 UniRef100_A0A1M4MX64 Putative   38.8 3.1E+02 0.00032   20.0   0.0   22    5-26     67-88  (89)
     131 UniRef100_A0A4Y2K9F5 Uncharact  38.3 3.2E+02 0.00033   18.0   0.0   18    2-19      7-24  (48)
     132 UniRef100_A0A2I0S4L3 Uncharact  37.6 3.3E+02 0.00034   22.3   0.0   13   14-26    137-149 (216)
     133 ERR1711920_689097               37.6 2.8E+02 0.00034   22.6   0.0   21    5-25     11-31  (211)
     134 UniRef100_A0A1H3MFF7 Uncharact  37.5 3.4E+02 0.00035   18.4   0.0   18    5-22     34-51  (55)
     135 ERR1719168_520778               37.0 3.4E+02 0.00036   20.8   0.0   22    1-22     34-55  (127)
     136 UniRef100_A0A5N5NDB2 Staygreen  36.5 3.6E+02 0.00037   21.9   0.0   23    2-24     22-45  (192)
     137 UniRef100_A0A496RXC9 Uncharact  36.4 3.5E+02 0.00037   20.5   0.0   15    1-15     59-73  (115)
     138 UniRef100_A0A3L7UQ81 Uncharact  34.6   4E+02 0.00041   19.5   0.0   22    1-22     28-49  (87)
     139 UniRef100_A9URM9 Predicted pro  33.4 3.9E+02 0.00044   24.5   0.0   22    3-24    292-313 (524)
     140 UniRef100_A0A1Q7PMQ5 Uncharact  32.8 4.5E+02 0.00046   19.2   0.0   13   14-26     66-78  (84)
     141 UniRef100_A0A174BLJ2 Uncharact  32.1 4.6E+02 0.00048   17.2   0.0   14    2-15      9-22  (44)
     142 UniRef100_A0A6A4R632 Uncharact  31.7 4.8E+02  0.0005   19.7   0.0   13    3-15     91-103 (104)
     143 UniRef100_A0A6A3QX92 Uncharact  31.6 4.9E+02  0.0005   19.4   0.0   16    1-16     69-84  (95)
     144 UniRef100_UPI00140345A5 hypoth  31.3 4.9E+02 0.00051   17.9   0.0   12    3-14     24-35  (57)
     145 UniRef100_A0A3A9DYT2 Uncharact  31.1   5E+02 0.00051   21.3   0.0   16    1-16     10-25  (193)
     146 UniRef100_A0A6J1T390 uncharact  30.8 4.7E+02 0.00053   21.6   0.0   19    3-21     23-41  (207)
     147 UniRef100_A0A1C0VDS7 Uncharact  30.3 5.3E+02 0.00054   17.9   0.0   20    7-26     39-58  (60)
     148 UniRef100_A0A2V3ITH1 Uncharact  30.3 5.3E+02 0.00054   20.1   0.0   21    4-24     66-86  (129)
     149 UniRef100_UPI001241EAD5 tail f  30.1 5.3E+02 0.00055   18.0   0.0   15    1-15      8-22  (61)
     150 SRR2546425_6348682              30.0 4.9E+02 0.00055   21.5   0.0   20    1-20     38-57  (200)
     151 UniRef100_A0A532UPR3 Uncharact  30.0 5.4E+02 0.00055   19.3   0.0   24    1-24     37-60  (97)
     152 UniRef100_A0A0S7IMM0 TBC12 (Fr  29.4 5.6E+02 0.00057   20.1   0.0   12    2-13     13-24  (132)
     153 UniRef100_A0A537QI86 Sulfur ox  29.2 5.2E+02 0.00058   20.2   0.0   16    1-16     28-43  (130)
     154 ERR1711888_308099               28.9 5.2E+02 0.00059   19.9   0.0   13    1-13    103-115 (116)
     155 UniRef100_A0A2E6PX92 Uncharact  28.5 5.9E+02 0.00061   18.8   0.0   23    3-25     12-34  (86)
     156 UniRef100_A0A0A9D1N1 Uncharact  28.3   6E+02 0.00062   17.3   0.0   11    3-13      8-18  (52)
     157 UniRef100_A0A7G8BFW2 Uncharact  28.1 6.1E+02 0.00063   19.7   0.0   18    3-20     87-104 (120)
     158 UniRef100_A0A7C2KIQ4 Nucleotid  28.0 6.1E+02 0.00063   19.3   0.0   18    1-18     83-100 (106)
     159 UniRef100_A0A0H3YS47 Uncharact  27.9 6.2E+02 0.00063   16.8   0.0   22    4-25     20-41  (44)
     160 UniRef100_A0A7S3D8H6 Hypotheti  27.7 6.2E+02 0.00064   23.3   0.0   14    1-14    394-407 (514)
     161 UniRef100_A0A1V9VWX2 Uncharact  26.6 6.7E+02 0.00069   17.6   0.0   20    2-21     37-56  (61)
     162 UniRef100_A0A3M7P6U1 Uncharact  26.5 6.8E+02  0.0007   17.6   0.0   17    3-19     39-55  (62)
     163 UniRef100_F3PT24 Conserved dom  26.4 6.8E+02  0.0007   17.8   0.0   14    3-16     30-43  (66)
     164 UniRef100_A0A3Q0J2I8 uncharact  26.3 6.9E+02 0.00071   20.5   0.0    7    2-8     143-149 (177)
     165 UniRef100_UPI001939A7C5 codani  26.3 6.9E+02 0.00071   25.2   0.0   18    2-19    148-166 (1269)
     166 SRR5207249_1746564              26.1 6.9E+02 0.00072   20.7   0.0   24    2-25     60-83  (191)
     167 UniRef100_A0A0B0ND86 Homeobox   25.9 7.1E+02 0.00073   17.4   0.0   15    3-17     32-46  (60)
     168 UniRef100_A0A3P8PUH0 Uncharact  25.8 7.1E+02 0.00073   22.7   0.0   20    6-25    399-418 (442)
     169 UniRef100_A0A017RZG3 Uncharact  25.5 7.3E+02 0.00075   19.4   0.0   13    1-13     59-71  (121)
     170 UniRef100_A0A439EZX8 Uncharact  25.3 7.4E+02 0.00076   18.3   0.0   18    5-22      3-20  (84)
     171 UniRef100_X6NNJ0 Uncharacteriz  25.1 7.5E+02 0.00077   20.6   0.0   25    2-26     59-83  (199)
     172 UniRef100_A0A6V7WUK4 Hypotheti  25.0 7.5E+02 0.00078   18.5   0.0   11    5-15     43-53  (90)
     173 UniRef100_A0A7S4NY51 Hypotheti  24.6 7.8E+02  0.0008   20.5   0.0   25    2-26     26-50  (196)
     174 UniRef100_A0A258CQB1 Uncharact  24.2   8E+02 0.00082   17.6   0.0   20    1-20     14-33  (69)
     175 UniRef100_A0A150WPW1 Uncharact  23.8 8.2E+02 0.00084   20.0   0.0   13    2-14    154-166 (169)
     176 UniRef100_A0A402EHA5 Uncharact  23.7 8.3E+02 0.00085   20.8   0.0   12    2-13      6-17  (229)
     177 UniRef100_A0A7R8VQ98 Hypotheti  23.6 8.3E+02 0.00086   22.8   0.0   22    1-22    101-122 (519)
     178 UniRef100_A0A178DWV6 Uncharact  23.1 8.7E+02 0.00089   21.3   0.0   18    5-22     27-44  (288)
     179 UniRef100_T1JHW1 Uncharacteriz  23.1 8.7E+02 0.00089   20.6   0.0   18    2-19     21-40  (216)
     180 UniRef100_UPI00192F0F6C B3 dom  23.1 8.7E+02 0.00089   22.3   0.0   23    2-24    172-194 (441)
     181 UniRef100_A0A2C6KKU2 Dna topoi  23.0 8.7E+02  0.0009   19.5   0.0   20    3-22      9-28  (145)
     182 SRR5512132_9590                 22.8 7.9E+02 0.00091   21.2   0.0   22    4-25    114-135 (255)
     183 ERR1719223_631390               22.7 6.4E+02 0.00092   22.8   0.0   23    1-23    287-309 (452)
     184 UniRef100_A0A2U1L384 Ankyrin r  22.7 8.9E+02 0.00092   18.1   0.0   15    3-17     66-80  (87)
     185 UniRef100_A0A0U5GQE2 Uncharact  22.6   9E+02 0.00093   20.5   0.0   20    2-21     98-117 (216)
     186 UniRef100_UPI000FB41351 hypoth  22.3 9.2E+02 0.00095   18.0   0.0   17    9-25     10-26  (86)
     187 UniRef100_A0A5C3KMJ9 Uncharact  21.7 9.6E+02 0.00099   21.9   0.0   17    3-19    382-398 (399)
     188 UniRef100_A0A084VAX0 Uncharact  21.5 9.8E+02   0.001   16.7   0.0   12    2-13      7-18  (55)
     189 UniRef100_A0A2G5VPD4 Uncharact  21.4 9.8E+02   0.001   18.1   0.0   17    5-21     52-68  (94)
     190 UniRef100_A0A0F8VY60 Uncharact  21.3 9.9E+02   0.001   16.5   0.0   20    5-24     23-42  (52)
     191 UniRef100_A0A2E1Q5H6 Uncharact  20.9   1E+03  0.0011   21.3   0.0   22    1-22    125-146 (324)
     192 UniRef100_A0A4Z1EVC5 Uncharact  20.8   1E+03  0.0011   18.5   0.0   14    2-15     53-66  (111)
     193 UniRef100_T1H472 Uncharacteriz  20.6   1E+03  0.0011   20.4   0.0   14    2-15     24-37  (233)
     194 UniRef100_B4W3X2 Uncharacteriz  20.5 1.1E+03  0.0011   17.0   0.0   16    1-16     20-35  (64)
     195 UniRef100_A0A6C0ACV8 Uncharact  20.5 1.1E+03  0.0011   16.3   0.0   17    7-23      5-21  (50)
     196 UniRef100_X1PT50 Uncharacteriz  20.3 1.1E+03  0.0011   18.9   0.0   20    1-20      8-27  (132)
     197 UniRef100_A0A0V0QSU8 Uncharact  20.3 1.1E+03  0.0011   21.3   0.0   15    5-19    179-193 (337)
     
  > Uniprot already searched, skipping.

>> Job finished at: Thu Feb 23 11:50:57 CET 2023

>> Runtime: 9076 s
