>> Job started at: Wed Mar  8 22:03:52 CET 2023
   On Machine:     ilfgridgpun01fl.unicph.domain
   In directory:   /projects/ilfgrid/people/nqz918/code/deorph/scripts/af_arman/af_jobs_af23/mc5r_human/3608

>> GPU is 

Loaded miniconda shell environment for bash
> Running 'prep_MSAs.sh'
  > Alphafold-DB directory is set to /projects/ilfgrid/data/alphafold-genetic-databases//
  > Number of cores was set to set to 4
  > Max memory set to 20 GB
  > Output directory was set to /projects/ilfgrid/people/nqz918/code/deorph/scripts/af_arman/af_jobs_af23/mc5r_human/3608/
  > Input fastafile was set to /projects/ilfgrid/people/nqz918/code/deorph/scripts/af_arman/af_jobs_af23/mc5r_human/3608/mc5r_human-3608.fasta
> Splitting fastafile
> Running chain A
  > Uniref90 already searched, skipping.
  > Mgnify already searched, skipping.
  > Running hhblits on bfd_uniref30
- 22:04:12.602 INFO: Searching 65983866 column state sequences.

- 22:04:13.868 INFO: Searching 29291635 column state sequences.

- 22:04:13.917 INFO: mc5r_human-3608/msas/A/chain_A.fasta is in A2M, A3M or FASTA format

- 22:04:13.918 INFO: Iteration 1

- 22:04:14.032 INFO: Prefiltering database

- 22:05:24.291 INFO: HMMs passed 1st prefilter (gapless profile-profile alignment)  : 1639092

- 22:06:02.677 INFO: HMMs passed 1st prefilter (gapless profile-profile alignment)  : 733100

- 22:06:04.876 INFO: HMMs passed 2nd prefilter (gapped profile-profile alignment)   : 27283

- 22:06:04.876 INFO: HMMs passed 2nd prefilter and not found in previous iterations : 27283

- 22:06:04.876 INFO: Scoring 27283 HMMs using HMM-HMM Viterbi alignment

- 22:06:04.931 INFO: Alternative alignment: 0

- 22:06:05.637 INFO: 2000 alignments done

- 22:06:06.298 INFO: 4000 alignments done

- 22:06:06.918 INFO: 6000 alignments done

- 22:06:07.502 INFO: 8000 alignments done

- 22:06:08.014 INFO: 10000 alignments done

- 22:06:08.581 INFO: 12000 alignments done

- 22:06:09.087 INFO: 14000 alignments done

- 22:06:09.658 INFO: 16000 alignments done

- 22:06:10.196 INFO: 18000 alignments done

- 22:06:10.854 INFO: 20000 alignments done

- 22:06:11.426 INFO: 22000 alignments done

- 22:06:11.847 INFO: 24000 alignments done

- 22:06:12.392 INFO: 26000 alignments done

- 22:06:12.890 INFO: 27283 alignments done

- 22:06:12.892 INFO: Alternative alignment: 1

- 22:06:19.737 INFO: 27238 alignments done

- 22:06:19.781 INFO: Alternative alignment: 2

- 22:06:21.989 INFO: 6406 alignments done

- 22:06:21.993 INFO: Alternative alignment: 3

- 22:06:22.428 INFO: 1101 alignments done

- 22:06:22.991 INFO: Premerge done

- 22:06:22.991 INFO: Realigning 10470 HMM-HMM alignments using Maximum Accuracy algorithm

- 22:06:57.452 INFO: 10473 sequences belonging to 10473 database HMMs found with an E-value < 0.001

- 22:06:57.453 INFO: Number of effective sequences of resulting query HMM: Neff = 10.7713

- 22:06:57.592 INFO: Iteration 2

- 22:06:57.592 INFO: Set premerge to 0! (premerge: 3 iteration: 2 hits.Size: 10470)

- 22:06:57.696 INFO: Prefiltering database

- 22:08:04.629 INFO: HMMs passed 1st prefilter (gapless profile-profile alignment)  : 3818283

- 22:08:44.745 INFO: HMMs passed 1st prefilter (gapless profile-profile alignment)  : 2218338

- 22:08:51.337 INFO: HMMs passed 2nd prefilter (gapped profile-profile alignment)   : 87162

- 22:08:51.337 INFO: HMMs passed 2nd prefilter and not found in previous iterations : 77035

- 22:08:51.337 INFO: Scoring 77035 HMMs using HMM-HMM Viterbi alignment

- 22:08:51.368 INFO: Alternative alignment: 0

- 22:08:51.958 INFO: 2000 alignments done

- 22:08:52.476 INFO: 4000 alignments done

- 22:08:52.000 INFO: 6000 alignments done

- 22:08:53.400 INFO: 8000 alignments done

- 22:08:53.675 INFO: 10000 alignments done

- 22:08:53.942 INFO: 12000 alignments done

- 22:08:54.223 INFO: 14000 alignments done

- 22:08:54.225 INFO: Stop after DB-HHM: 14000 because early stop  19.9858 < filter cutoff 20

- 22:08:54.225 INFO: Alternative alignment: 1

- 22:08:56.336 INFO: 7927 alignments done

- 22:08:56.351 INFO: Alternative alignment: 2

- 22:08:56.632 INFO: 604 alignments done

- 22:08:56.633 INFO: Alternative alignment: 3

- 22:08:56.687 INFO: 84 alignments done

- 22:08:56.772 INFO: Realigning 4751 HMM-HMM alignments using Maximum Accuracy algorithm

- 22:09:08.601 INFO: 15224 sequences belonging to 15224 database HMMs found with an E-value < 0.001

- 22:09:08.601 INFO: Number of effective sequences of resulting query HMM: Neff = 11.5733

- 22:09:08.652 INFO: Iteration 3

- 22:09:08.751 INFO: Prefiltering database

- 22:10:12.801 INFO: HMMs passed 1st prefilter (gapless profile-profile alignment)  : 3642926

- 22:10:52.067 INFO: HMMs passed 1st prefilter (gapless profile-profile alignment)  : 2262851

- 22:10:58.636 INFO: HMMs passed 2nd prefilter (gapped profile-profile alignment)   : 88980

- 22:10:58.636 INFO: HMMs passed 2nd prefilter and not found in previous iterations : 74168

- 22:10:58.636 INFO: Scoring 74168 HMMs using HMM-HMM Viterbi alignment

- 22:10:58.782 INFO: Alternative alignment: 0

- 22:10:59.452 INFO: 2000 alignments done

- 22:10:59.996 INFO: 4000 alignments done

- 22:11:00.400 INFO: 6000 alignments done

- 22:11:00.730 INFO: 8000 alignments done

- 22:11:01.123 INFO: 10000 alignments done

- 22:11:01.514 INFO: 12000 alignments done

- 22:11:01.516 INFO: Stop after DB-HHM: 12000 because early stop  17.6315 < filter cutoff 20

- 22:11:01.516 INFO: Alternative alignment: 1

- 22:11:02.726 INFO: 4105 alignments done

- 22:11:02.729 INFO: Alternative alignment: 2

- 22:11:02.948 INFO: 411 alignments done

- 22:11:02.953 INFO: Alternative alignment: 3

- 22:11:03.007 INFO: 74 alignments done

- 22:11:03.062 INFO: Rescoring previously found HMMs with Viterbi algorithm

- 22:11:03.094 INFO: Alternative alignment: 0

- 22:11:03.695 INFO: 2000 alignments done

- 22:11:04.339 INFO: 4000 alignments done

- 22:11:05.023 INFO: 6000 alignments done

- 22:11:05.690 INFO: 8000 alignments done

- 22:11:06.207 INFO: 10000 alignments done

- 22:11:06.720 INFO: 12000 alignments done

- 22:11:07.232 INFO: 14000 alignments done

- 22:11:07.450 INFO: 14813 alignments done

- 22:11:07.451 INFO: Alternative alignment: 1

- 22:11:11.607 INFO: 14813 alignments done

- 22:11:11.622 INFO: Alternative alignment: 2

- 22:11:12.058 INFO: 1103 alignments done

- 22:11:12.059 INFO: Alternative alignment: 3

- 22:11:12.186 INFO: 218 alignments done

- 22:11:12.342 INFO: Premerge done

- 22:11:12.342 INFO: Realigning 15805 HMM-HMM alignments using Maximum Accuracy algorithm

- 22:11:38.722 INFO: 15869 sequences belonging to 15869 database HMMs found with an E-value < 0.001

- 22:11:38.722 INFO: Number of effective sequences of resulting query HMM: Neff = 11.646

     Query         mc5r_human P33032
     Match_columns 325
     No_of_seqs    1465 out of 234861
     Neff          11.646
     Searched_HMMs 94206
     Date          Wed Mar  8 22:11:38 2023
     Command       hhblits -i mc5r_human-3608/msas/A/chain_A.fasta -cpu 4 -maxmem 20 -oa3m /projects/ilfgrid/people/nqz918/code/deorph/scripts/af_arman/af_jobs_af23/mc5r_human/3608//mc5r_human-3608/msas/A/bfd_uniref_hits.a3m -o /dev/null -n 3 -e 0.001 -maxseq 1000000 -realign_max 100000 -maxfilt 100000 -min_prefilter_hits 1000 -d /projects/ilfgrid/data/alphafold-genetic-databases///bfd/bfd_metaclust_clu_complete_id30_c90_final_seq.sorted_opt -d /projects/ilfgrid/data/alphafold-genetic-databases///uniref30/UniRef30_2021_03 
     
      No Hit                             Prob E-value P-value  Score    SS Cols Query HMM  Template HMM
       1 tr|G5C090|G5C090_HETGA Melanoc 100.0 3.5E-52 3.5E-58  319.3   0.0  322    1-322     1-322 (394)
       2 UniRef100_A0A2B4S7K2 Histamine 100.0 7.3E-50 7.2E-56  320.5   0.0  275   30-314    26-327 (369)
       3 UniRef100_A0A060VSP8 5-hydroxy 100.0 7.6E-50 7.6E-56  324.3   0.0  268   41-317    92-418 (479)
       4 UniRef100_A0A060VUW6 G_PROTEIN 100.0 7.7E-49 7.6E-55  332.1   0.0  267   40-315   121-440 (574)
       5 UniRef100_A0A1S3HKE5 allatosta 100.0 1.2E-48 1.2E-54  319.2   0.0  266   38-311    84-372 (462)
       6 UniRef100_A0A060X5Z5 G_PROTEIN 100.0 2.1E-48 2.1E-54  320.1   0.0  262   43-314    90-384 (522)
       7 UniRef100_A0A369RW72 Octopamin 100.0 4.7E-48 4.6E-54  317.5   0.0  263   39-310    57-354 (412)
       8 UniRef100_A0A024FLF0 PQRFa pep 100.0 6.1E-48   6E-54  315.7   0.0  268   39-314    52-346 (413)
       9 UniRef100_A0A2B4SVC4 Dopamine  100.0 6.3E-48 6.3E-54  305.6   0.0  262   44-313    63-329 (397)
      10 tr|A0A1V4J8L8|A0A1V4J8L8_PATFA 100.0 6.6E-48 6.7E-54  295.1   0.0  290   30-319    95-384 (390)
      11 UniRef100_A0A2B4SKI0 Tachykini 100.0 9.2E-48   9E-54  320.9   0.0  274   38-314    93-390 (469)
      12 UniRef100_A0A6P4Z4S7 G-protein 100.0 1.3E-47 1.2E-53  315.7   0.0  273   38-316    61-353 (417)
      13 UniRef100_A0A059TX13 Melanocyt 100.0 1.3E-47 1.3E-53  309.9   0.0  284   31-314   133-416 (498)
      14 UniRef100_A0A0K0PUR1 Orphan G- 100.0 1.9E-47 1.9E-53  315.1   0.0  264   40-311   118-408 (530)
      15 UniRef100_A0A026X3T6 Allatosta 100.0 4.4E-47 4.5E-53  310.5   0.0  269   38-317   141-428 (540)
      16 tr|A0A1I8M930|A0A1I8M930_MUSDO 100.0 5.9E-47 5.9E-53  324.5   0.0  264   41-312   193-576 (963)
      17 UniRef100_A0A061A7W5 G_PROTEIN 100.0 7.9E-47 7.9E-53  307.5   0.0  267   40-314    65-358 (473)
      18 UniRef100_A0A2B4S7A4 Alpha-1A  100.0 9.5E-47 9.4E-53  299.3   0.0  268   37-313    39-308 (392)
      19 UniRef100_A0A141CIT8 G protein 100.0 1.6E-46 1.6E-52  303.9   0.0  269   40-316    90-378 (488)
      20 UniRef100_A0A6P4Y4T1 galanin r 100.0 1.7E-46 1.7E-52  298.2   0.0  273   37-317    59-354 (410)
      21 tr|A0A0P7U387|A0A0P7U387_9TELE 100.0 1.7E-46 1.7E-52  300.7   0.0  266   38-316   130-417 (556)
      22 UniRef100_A0A1N7TCF1 Galanin r 100.0 2.3E-46 2.3E-52  297.9   0.0  268   38-317    73-363 (407)
      23 UniRef100_A0A6P4XD29 neuropept 100.0 2.6E-46 2.6E-52  295.3   0.0  267   40-314    45-342 (385)
      24 UniRef100_A0A0K0PUX7 Orphan G- 100.0 2.8E-46 2.8E-52  305.5   0.0  265   39-315    65-355 (471)
      25 UniRef100_A0A060X1Q6 Somatosta 100.0   3E-46   3E-52  310.4   0.0  264   38-314   141-424 (604)
      26 UniRef100_A0A023F675 Putative  100.0 3.6E-46 3.6E-52  310.7   0.0  268   38-315   128-420 (530)
      27 UniRef100_A0A164MD49 Putative  100.0 3.9E-46   4E-52  300.0   0.0  275   35-315    48-396 (498)
      28 UniRef100_A0A026WW28 Neuropept 100.0 4.1E-46 4.1E-52  308.1   0.0  269   39-315    91-381 (552)
      29 UniRef100_A0A1D2M4J2 Neuropept 100.0 4.5E-46 4.6E-52  301.1   0.0  266   40-313   130-422 (497)
      30 UniRef100_A0A2B4RGU4 5-hydroxy 100.0 5.7E-46 5.6E-52  309.9   0.0  271   38-314    67-370 (478)
      31 UniRef100_A0A154PKR3 Tachykini 100.0 6.6E-46 6.6E-52  300.3   0.0  266   38-312    78-372 (457)
      32 UniRef100_A0A1V9XU68 Tyramine/ 100.0 9.2E-46 9.2E-52  295.5   0.0  268   42-318    58-357 (408)
      33 UniRef100_A0A0K0PUT9 Excitator 100.0 9.4E-46 9.3E-52  303.6   0.0  272   38-316   105-403 (474)
      34 tr|A0A1L8G1N6|A0A1L8G1N6_XENLA 100.0   1E-45   1E-51  292.8   0.0  262   38-316   118-400 (448)
      35 UniRef100_A0A3M6T6P4 G_PROTEIN 100.0 1.1E-45 1.1E-51  298.9   0.0  271   41-314    60-354 (465)
      36 UniRef100_A0A2G8JR46 Putative  100.0 1.1E-45 1.1E-51  301.2   0.0  269   38-314    64-356 (411)
      37 UniRef100_A0A026WTK8 Tachykini 100.0 1.1E-45 1.1E-51  302.7   0.0  267   40-315    93-389 (556)
      38 UniRef100_A0A0K0PUV0 FVRIamide 100.0 1.2E-45 1.2E-51  299.0   0.0  263   38-310    54-374 (458)
      39 tr|A0A2B4SUH3|A0A2B4SUH3_STYPI 100.0 1.2E-45 1.2E-51  293.2   0.0  271   41-316    30-333 (385)
      40 tr|M3ZFE6|M3ZFE6_XIPMA Somatos 100.0 1.3E-45 1.3E-51  294.0   0.0  268   37-317   105-392 (525)
      41 UniRef100_A0A1S3KA35 Alpha-1B  100.0 1.3E-45 1.3E-51  302.7   0.0  271   40-318    93-423 (551)
      42 UniRef100_A0A060X690 G_PROTEIN 100.0 1.5E-45 1.5E-51  288.5   0.0  294   10-315    19-336 (386)
      43 UniRef100_A0A0K0PUL8 Allatosta 100.0 1.5E-45 1.5E-51  294.1   0.0  267   39-315    53-345 (396)
      44 UniRef100_A0A1L8GQY3 Alpha-1B  100.0   2E-45   2E-51  295.3   0.0  267   43-318    53-372 (510)
      45 UniRef100_A0A3M6TAE6 G_PROTEIN 100.0 2.4E-45 2.4E-51  294.6   0.0  268   41-315    96-369 (443)
      46 tr|A0A2C9JWF9|A0A2C9JWF9_BIOGL 100.0 2.6E-45 2.6E-51  295.7   0.0  275   37-318    66-369 (403)
      47 UniRef100_A0A068YB14 Neuropept 100.0 2.6E-45 2.6E-51  300.6   0.0  274   39-320    57-358 (448)
      48 UniRef100_A0A0C9QBK4 GHSR_0 pr 100.0 3.3E-45 3.3E-51  310.2   0.0  273   40-316   176-476 (591)
      49 UniRef100_A0A2B4RSM5 Neuropept 100.0 3.3E-45 3.3E-51  291.6   0.0  266   38-311    38-320 (417)
      50 tr|E0D358|E0D358_HEMPU Dopamin 100.0 3.3E-45 3.3E-51  290.1   0.0  267   40-316    28-330 (435)
      51 UniRef100_A0A060XP11 G_PROTEIN 100.0 3.7E-45 3.7E-51  297.5   0.0  266   41-314    95-392 (497)
      52 UniRef100_A0A060W5Z4 G_PROTEIN 100.0 4.2E-45 4.2E-51  300.8   0.0  262   38-316   192-476 (593)
      53 UniRef100_A0A2B4SDF9 Neuropept 100.0 4.5E-45 4.5E-51  293.2   0.0  268   35-311    88-376 (455)
      54 UniRef100_A0A044T5H8 G_PROTEIN 100.0   5E-45   5E-51  302.8   0.0  272   40-317   249-571 (693)
      55 UniRef100_A0A4W3JKC0 Melanocor 100.0 5.1E-45 5.2E-51  282.9   0.0  314    1-315     1-314 (450)
      56 UniRef100_A0A087X575 NPY-Y2 re 100.0 5.3E-45 5.3E-51  289.7   0.0  267   40-314    77-371 (426)
      57 UniRef100_A0A068WW83 Allatosta 100.0 5.5E-45 5.4E-51  298.8   0.0  263   38-308    68-347 (432)
      58 UniRef100_A0A2B4S4U3 Beta-2 ad 100.0   6E-45 6.1E-51  283.4   0.0  274   35-316    27-323 (372)
      59 UniRef100_A0A060WEJ5 G_PROTEIN 100.0 6.6E-45 6.6E-51  299.9   0.0  264   42-314   119-456 (544)
      60 UniRef100_A0A1I8HKX2 G_PROTEIN 100.0 6.7E-45 6.7E-51  292.2   0.0  271   40-319    44-416 (442)
      61 UniRef100_A0A7M7HFU8 G_PROTEIN 100.0 8.9E-45 8.8E-51  296.6   0.0  274   36-314    64-364 (423)
      62 UniRef100_A0A210QEM7 Neuropept 100.0 8.8E-45 8.9E-51  287.7   0.0  270   40-319    54-351 (416)
      63 UniRef100_A0A1S3J712 QRFP-like 100.0 9.5E-45 9.5E-51  297.4   0.0  265   40-312    71-369 (507)
      64 UniRef100_A0A3M6TPP0 G_PROTEIN 100.0 9.7E-45 9.6E-51  293.8   0.0  269   41-314    55-354 (424)
      65 tr|A0A0F8ARD3|A0A0F8ARD3_LARCR 100.0 9.8E-45 9.9E-51  285.8   0.0  262   38-314    55-338 (464)
      66 UniRef100_A0A3M6TDR7 G_PROTEIN 100.0 1.1E-44 1.1E-50  296.2   0.0  264   41-312    79-351 (425)
      67 UniRef100_A0A077YWL6 Somatosta 100.0 1.3E-44 1.2E-50  297.7   0.0  270   38-317    67-363 (446)
      68 UniRef100_A0A2G8KL37 Cholecyst 100.0 1.2E-44 1.2E-50  289.9   0.0  271   38-314   100-430 (493)
      69 UniRef100_A0A026WK40 Cholecyst 100.0 1.4E-44 1.4E-50  305.6   0.0  276   38-319   156-548 (656)
      70 UniRef100_A0A061INJ6 Pyrogluta 100.0 1.5E-44 1.5E-50  303.8   0.0  269   39-313   155-457 (594)
      71 UniRef100_A0A2B4R9G2 Melatonin 100.0 1.7E-44 1.7E-50  301.3   0.0  269   38-315    82-367 (461)
      72 UniRef100_A0A0K0PUH1 Orphan G- 100.0 1.9E-44 1.9E-50  280.9   0.0  268   40-315    56-349 (413)
      73 UniRef100_A0A1D1W534 G_PROTEIN 100.0 2.1E-44 2.1E-50  299.4   0.0  273   38-316    80-435 (492)
      74 tr|A7SD89|A7SD89_NEMVE Predict 100.0 2.1E-44 2.1E-50  273.7   0.0  268   39-316    40-332 (355)
      75 UniRef100_A0A0K0PUI9 Orphan G- 100.0 2.2E-44 2.2E-50  299.8   0.0  270   39-316   104-409 (534)
      76 tr|C3XSP5|C3XSP5_BRAFL Unchara 100.0 2.4E-44 2.4E-50  278.2   0.0  273   37-316    28-328 (403)
      77 UniRef100_A0A2B4S0J6 Somatosta 100.0 2.7E-44 2.7E-50  299.8   0.0  269   38-311    85-376 (457)
      78 UniRef100_UPI000B911B64 melato 100.0 3.5E-44 3.4E-50  289.0   0.0  267   41-319    33-349 (381)
      79 UniRef100_A0A026W5R0 Orexin re 100.0 3.6E-44 3.6E-50  296.2   0.0  266   40-314   121-426 (529)
      80 UniRef100_A0A2B4SKX3 Cholecyst 100.0 3.9E-44 3.9E-50  285.1   0.0  272   39-318    74-416 (428)
      81 tr|A0A1A6H0R7|A0A1A6H0R7_NEOLE 100.0 3.8E-44 3.9E-50  270.5   0.0  293   29-322    39-331 (369)
      82 UniRef100_A0A177B9B5 Rhodopsin 100.0 4.5E-44 4.5E-50  285.3   0.0  267   41-316    95-404 (464)
      83 UniRef100_A0A2B4SE17 Substance 100.0 5.1E-44   5E-50  297.1   0.0  274   38-313    66-364 (467)
      84 tr|A0A218UB83|A0A218UB83_9PASE 100.0 5.3E-44 5.4E-50  292.3   0.0  270   41-319   198-517 (631)
      85 UniRef100_A0A0B4LHT6 RYamide r 100.0 5.8E-44 5.8E-50  291.8   0.0  265   41-312   119-409 (524)
      86 tr|A0A1A8LLP2|A0A1A8LLP2_9TELE 100.0   6E-44 6.1E-50  281.8   0.0  264   41-315    98-398 (455)
      87 UniRef100_A0A060X1U9 G_PROTEIN 100.0 6.3E-44 6.3E-50  292.9   0.0  263   41-312   143-455 (633)
      88 UniRef100_A0A023FH63 Putative  100.0 7.2E-44 7.2E-50  292.8   0.0  264   41-314   130-440 (563)
      89 UniRef100_A0A2B4RPR9 Allatosta 100.0 7.5E-44 7.4E-50  291.3   0.0  269   38-311    49-341 (446)
      90 UniRef100_A0A139WB32 Tachykini 100.0   8E-44   8E-50  283.3   0.0  270   39-317    46-345 (405)
      91 UniRef100_A0A068WVN8 Biogenic  100.0 8.3E-44 8.4E-50  298.8   0.0  269   41-315   125-508 (641)
      92 UniRef100_A0A1S3IX78 RYamide r 100.0 9.8E-44 9.9E-50  282.3   0.0  301    4-311    20-345 (444)
      93 UniRef100_A0A087RJN6 Somatosta 100.0 1.1E-43   1E-49  290.0   0.0  259   39-313    63-342 (391)
      94 tr|A0A1I8PIJ9|A0A1I8PIJ9_STOCA 100.0   1E-43   1E-49  293.8   0.0  271   40-319   173-472 (680)
      95 UniRef100_A0A091EBV8 Type-1 an 100.0 1.1E-43 1.1E-49  300.0   0.0  253   40-312   351-628 (715)
      96 UniRef100_F1PAY0 Melanocortin  100.0 1.1E-43 1.1E-49  274.1   0.0  311    1-311    89-399 (538)
      97 tr|C3XVS5|C3XVS5_BRAFL Unchara 100.0 1.1E-43 1.1E-49  278.8   0.0  272   37-316    68-365 (425)
      98 UniRef100_A0A1D1V5S1 G_PROTEIN 100.0 1.2E-43 1.2E-49  283.3   0.0  275   38-321    58-366 (484)
      99 UniRef100_A0A2G8L6L1 Putative  100.0 1.3E-43 1.3E-49  280.4   0.0  266   38-317    37-327 (407)
     100 UniRef100_A0A7M7SYV2 G_PROTEIN 100.0 1.4E-43 1.4E-49  291.1   0.0  262   43-313    74-397 (630)
     101 tr|V8PD93|V8PD93_OPHHA Type-2  100.0 1.5E-43 1.5E-49  287.4   0.0  263   37-314    76-368 (412)
     102 UniRef100_A0A026WK16 Tachykini 100.0 1.5E-43 1.5E-49  291.1   0.0  269   37-314   183-481 (641)
     103 UniRef100_A0A060VVF8 G_PROTEIN 100.0 1.5E-43 1.5E-49  293.5   0.0  263   37-313   140-432 (511)
     104 UniRef100_A0A1V4KIE8 Beta-1 ad 100.0 1.7E-43 1.6E-49  302.9   0.0  260   45-315    38-350 (512)
     105 UniRef100_A0A060WMC3 Alpha-1D  100.0 1.8E-43 1.8E-49  285.1   0.0  267   44-319   118-437 (564)
     106 UniRef100_A0A087UNN0 Neuropept 100.0 1.9E-43 1.9E-49  283.0   0.0  263   41-310    98-387 (470)
     107 UniRef100_A0A2G8KMT5 G_PROTEIN 100.0   2E-43   2E-49  280.5   0.0  259   41-311    41-324 (402)
     108 UniRef100_A0A7M7HKI1 G_PROTEIN 100.0 2.2E-43 2.2E-49  284.3   0.0  269   40-312    43-333 (418)
     109 UniRef100_A0A087XDT1 Somatosta 100.0 2.6E-43 2.6E-49  287.9   0.0  267   38-317   170-456 (676)
     110 UniRef100_A0A023F668 Putative  100.0 2.6E-43 2.7E-49  280.9   0.0  267   40-314    89-377 (484)
     111 tr|A0A2B4S6X2|A0A2B4S6X2_STYPI 100.0 2.7E-43 2.7E-49  273.9   0.0  267   38-312    25-321 (379)
     112 UniRef100_A0A060XC03 Beta-2 ad 100.0 2.8E-43 2.8E-49  284.0   0.0  268   40-317   106-416 (548)
     113 tr|A0A2B4RXA7|A0A2B4RXA7_STYPI 100.0 2.9E-43 2.8E-49  276.2   0.0  251   49-315    16-274 (328)
     114 tr|A0A147AMP5|A0A147AMP5_FUNHE 100.0   3E-43   3E-49  294.3   0.0  265   42-316    37-429 (475)
     115 UniRef100_A0A087YRI1 G_PROTEIN 100.0 3.2E-43 3.2E-49  283.0   0.0  264   42-315    86-373 (438)
     116 tr|S9YJE2|S9YJE2_CAMFR Somatos 100.0 3.4E-43 3.4E-49  274.6   0.0  272   38-322   114-408 (438)
     117 tr|A0A2B4S1Z5|A0A2B4S1Z5_STYPI 100.0 3.6E-43 3.7E-49  284.0   0.0  268   41-315    30-299 (514)
     118 UniRef100_A0A1D1VDY3 G_PROTEIN 100.0 3.7E-43 3.7E-49  286.9   0.0  270   40-316   137-448 (557)
     119 UniRef100_A0A678XEL8 Trace ami 100.0 4.1E-43 4.2E-49  285.4   0.0  267   40-316    59-358 (523)
     120 tr|A0A2B4SID7|A0A2B4SID7_STYPI 100.0 4.2E-43 4.2E-49  286.3   0.0  267   39-314    34-327 (422)
     121 tr|A0A1W4ZX05|A0A1W4ZX05_9TELE 100.0 4.3E-43 4.4E-49  283.2   0.0  268   41-315    74-386 (480)
     122 UniRef100_A0A016T103 G_PROTEIN 100.0 4.5E-43 4.5E-49  292.8   0.0  263   45-316   119-477 (605)
     123 UniRef100_A0A060WWU7 G_PROTEIN 100.0 4.5E-43 4.5E-49  282.6   0.0  267   40-314    72-382 (545)
     124 UniRef100_A0A2B4RHY9 Pyrogluta 100.0 4.9E-43 4.8E-49  292.3   0.0  270   39-316    84-373 (455)
     125 UniRef100_A0A2G8K507 Putative  100.0   5E-43 4.8E-49  288.8   0.0  270   38-314    41-333 (384)
     126 tr|A0A0P7V5N2|A0A0P7V5N2_9TELE 100.0 4.9E-43   5E-49  279.2   0.0  267   41-318    95-405 (468)
     127 UniRef100_A0A3M6U5X4 G_PROTEIN 100.0 5.5E-43 5.5E-49  270.4   0.0  260   38-311    40-317 (339)
     128 UniRef100_A0A0L8I0T4 G_PROTEIN 100.0 6.3E-43 6.4E-49  284.7   0.0  267   41-313   138-495 (554)
     129 UniRef100_A0A2B4RHL7 Galanin r 100.0 6.4E-43 6.5E-49  272.1   0.0  262   38-316    34-312 (406)
     130 tr|A0A0P4XBU7|A0A0P4XBU7_9CRUS 100.0 6.8E-43 6.8E-49  288.8   0.0  266   41-314    65-415 (557)
     131 UniRef100_A0A060VRN9 G_PROTEIN 100.0 6.8E-43 6.9E-49  282.4   0.0  259   44-312   143-428 (496)
     132 UniRef100_A0A077Z2H9 Putative  100.0 7.9E-43 7.9E-49  285.1   0.0  276   34-315    69-398 (477)
     133 UniRef100_A0A3M6T5D0 G_PROTEIN 100.0 8.2E-43 8.1E-49  280.1   0.0  270   38-319    54-328 (402)
     134 UniRef100_A0A091DWF1 Somatosta 100.0 8.2E-43 8.3E-49  278.8   0.0  263   37-314   156-440 (523)
     135 UniRef100_A0A2B4RZ41 Adenosine 100.0 8.6E-43 8.5E-49  279.2   0.0  284   12-311    24-309 (381)
     136 UniRef100_A0A087UP46 5-hydroxy 100.0 8.6E-43 8.7E-49  278.7   0.0  266   41-315    50-401 (472)
     137 tr|A7S585|A7S585_NEMVE Predict 100.0 8.7E-43 8.7E-49  275.7   0.0  277   37-316    25-327 (374)
     138 UniRef100_A0A6J8CLU9 HCRTR2 n= 100.0   9E-43 9.1E-49  275.3   0.0  269   41-317    57-361 (422)
     139 UniRef100_A0A087XFV2 5-hydroxy 100.0 9.2E-43 9.3E-49  280.0   0.0  268   42-319    89-401 (493)
     140 UniRef100_A0A3M6UKX8 G_PROTEIN 100.0 9.7E-43 9.6E-49  287.3   0.0  275   38-314   120-420 (487)
     141 UniRef100_A0A3M6TNW8 G_PROTEIN 100.0 9.8E-43 9.8E-49  278.6   0.0  270   40-315    98-393 (453)
     142 UniRef100_A0A210QT45 G-protein 100.0 9.8E-43 9.9E-49  276.8   0.0  302   10-321    35-364 (472)
     143 UniRef100_A0A060VTR1 G_PROTEIN 100.0 1.1E-42 1.1E-48  284.3   0.0  269   40-317   123-443 (619)
     144 UniRef100_A0A146M155 Neuropept 100.0 1.2E-42 1.2E-48  280.5   0.0  268   41-313    58-361 (488)
     145 UniRef100_A0A1S3H6K0 neuropept 100.0 1.2E-42 1.2E-48  287.2   0.0  264   38-309    58-351 (470)
     146 UniRef100_A0A3M6UBA2 G_PROTEIN 100.0 1.3E-42 1.3E-48  276.5   0.0  264   42-315    55-341 (383)
     147 UniRef100_A0A060VP48 G_PROTEIN 100.0 1.4E-42 1.4E-48  293.4   0.0  266   40-312   158-448 (580)
     148 UniRef100_A0A034WDF0 Allatosta 100.0 1.5E-42 1.5E-48  282.3   0.0  265   39-314    98-385 (459)
     149 tr|A0A182G4E1|A0A182G4E1_AEDAL 100.0 1.5E-42 1.5E-48  282.6   0.0  270   40-317    71-373 (534)
     150 tr|A0A0P5PA10|A0A0P5PA10_9CRUS 100.0 1.5E-42 1.5E-48  283.9   0.0  263   39-310   149-441 (705)
     151 UniRef100_A0A2B4RFH8 Neuropept 100.0 1.7E-42 1.6E-48  288.5   0.0  274   39-315    67-367 (439)
     152 UniRef100_A0A091R746 Beta-1 ad 100.0 1.8E-42 1.8E-48  280.7   0.0  264   41-315   139-453 (572)
     153 UniRef100_A0A087YQK7 Adrenocep 100.0 1.8E-42 1.8E-48  283.0   0.0  263   42-315   135-452 (617)
     154 UniRef100_A0A0L8H201 G_PROTEIN 100.0 1.9E-42 1.9E-48  272.6   0.0  279   35-319    84-387 (461)
     155 tr|A0A146NY53|A0A146NY53_FUNHE 100.0   2E-42   2E-48  278.0   0.0  259   44-312    14-315 (469)
     156 tr|A0A146TL67|A0A146TL67_FUNHE 100.0 2.1E-42 2.1E-48  289.6   0.0  268   37-317    27-407 (442)
     157 UniRef100_A0A3M6THF9 G_PROTEIN 100.0 2.1E-42 2.1E-48  281.7   0.0  269   38-311    62-335 (483)
     158 UniRef100_A0A210QSD7 Octopamin 100.0 2.2E-42 2.2E-48  280.3   0.0  268   42-319    63-421 (423)
     159 UniRef100_A0A0P0YUU8 Cannabino 100.0 2.2E-42 2.2E-48  278.8   0.0  275   40-320    86-423 (496)
     160 tr|G3S2I3|G3S2I3_GORGO Opioid  100.0 2.2E-42 2.2E-48  274.0   0.0  262   39-315   165-450 (492)
     161 UniRef100_A0A060X360 G_PROTEIN 100.0 2.2E-42 2.2E-48  276.8   0.0  269   36-317    99-391 (477)
     162 tr|A0A060XRS0|A0A060XRS0_ONCMY 100.0 2.3E-42 2.3E-48  289.3   0.0  270   41-319    60-380 (900)
     163 UniRef100_A0A401NJB3 G_PROTEIN 100.0 2.4E-42 2.4E-48  278.0   0.0  262   43-315    48-360 (517)
     164 UniRef100_A0A0L7KZ56 Neuropept 100.0 2.4E-42 2.4E-48  279.5   0.0  264   41-312    91-383 (509)
     165 UniRef100_A0A151N382 Galanin r 100.0 2.5E-42 2.5E-48  263.1   0.0  269   37-318    31-320 (392)
     166 UniRef100_A0A3M6UAU0 G_PROTEIN 100.0 2.6E-42 2.6E-48  281.6   0.0  267   38-312    37-327 (552)
     167 UniRef100_A0A0L8GIM4 G_PROTEIN 100.0 2.6E-42 2.6E-48  287.0   0.0  263   40-310   100-391 (481)
     168 UniRef100_A0A2H8TNJ5 Neuropept 100.0 2.7E-42 2.8E-48  279.1   0.0  263   41-311   160-450 (528)
     169 UniRef100_A0A0S1YDA0 Neuropept 100.0 2.8E-42 2.8E-48  281.3   0.0  269   39-316    97-394 (509)
     170 UniRef100_A0A2B4SVS8 Neuropept 100.0 2.8E-42 2.8E-48  284.1   0.0  273   41-318    93-386 (480)
     171 UniRef100_A0A0N1PGA0 Octopamin 100.0 2.8E-42 2.8E-48  282.1   0.0  267   40-314   111-492 (547)
     172 UniRef100_A0A210QHM7 G-protein 100.0 2.9E-42 2.9E-48  280.1   0.0  270   38-315    81-376 (492)
     173 UniRef100_A0A3M6TV84 G_PROTEIN 100.0   3E-42   3E-48  275.4   0.0  259   48-315    57-338 (405)
     174 tr|A0A0L0BYA7|A0A0L0BYA7_LUCCU 100.0   3E-42   3E-48  280.3   0.0  263   42-313   316-625 (678)
     175 UniRef100_A0A6P8HX63 probable  100.0 3.3E-42 3.3E-48  279.1   0.0  264   44-317    65-363 (407)
     176 UniRef100_A0A1I8FSG9 G_PROTEIN 100.0 3.4E-42 3.4E-48  277.9   0.0  268   39-313   163-504 (576)
     177 UniRef100_A0A087XT11 Alpha-1B  100.0 3.4E-42 3.4E-48  278.4   0.0  268   42-318    85-408 (622)
     178 tr|A0A1D1UXI1|A0A1D1UXI1_RAMVA 100.0 3.5E-42 3.5E-48  275.2   0.0  267   40-316    85-377 (499)
     179 UniRef100_A0A059T4D1 Melanocor 100.0 3.6E-42 3.7E-48  256.4   0.0  308    6-313     8-315 (316)
     180 tr|W4YJK4|W4YJK4_STRPU Unchara 100.0 3.7E-42 3.7E-48  277.0   0.0  270   41-319    74-374 (446)
     181 UniRef100_A0A0K0PUK6 Orphan G- 100.0   4E-42 4.1E-48  271.1   0.0  274   39-320    69-379 (448)
     182 tr|A0A0P7TYE1|A0A0P7TYE1_9TELE 100.0 4.4E-42 4.4E-48  274.9   0.0  270   39-314   126-473 (507)
     183 UniRef100_A0A026WCQ7 Tyramine  100.0 4.6E-42 4.5E-48  292.7   0.0  271   38-316   185-589 (665)
     184 UniRef100_A0A3B4VB96 Beta-2 ad 100.0 4.6E-42 4.6E-48  273.5   0.0  260   44-314    60-361 (464)
     185 UniRef100_A0A7M7G1H5 G_PROTEIN 100.0 4.9E-42 4.9E-48  279.0   0.0  273   39-317    40-336 (381)
     186 UniRef100_A0A087T336 Somatosta 100.0 4.9E-42 4.9E-48  274.0   0.0  266   39-316    80-369 (454)
     187 tr|A0A1S3L0J1|A0A1S3L0J1_SALSA 100.0 5.1E-42 5.1E-48  275.5   0.0  266   40-314    79-405 (533)
     188 tr|A7RYQ3|A7RYQ3_NEMVE Predict 100.0 5.2E-42 5.1E-48  275.3   0.0  270   37-315    52-336 (367)
     189 tr|A0A232F0R3|A0A232F0R3_9HYME 100.0 5.3E-42 5.4E-48  269.6   0.0  262   40-315   107-424 (458)
     190 UniRef100_A0A060W9T7 G_PROTEIN 100.0 5.3E-42 5.4E-48  276.1   0.0  268   37-315   186-473 (616)
     191 UniRef100_A0A023F4J9 Putative  100.0 5.8E-42 5.9E-48  282.5   0.0  265   40-312   160-490 (588)
     192 UniRef100_A0A060VWI9 G_PROTEIN 100.0 6.1E-42 6.2E-48  278.9   0.0  262   43-315    67-395 (579)
     193 UniRef100_A0A0K0PUH0 Orphan G- 100.0 7.1E-42 7.1E-48  287.5   0.0  264   40-309   140-468 (583)
     194 UniRef100_A0A6P4YBA8 delta-typ 100.0 7.3E-42 7.4E-48  271.7   0.0  265   41-319    55-344 (406)
     195 tr|A0A1V4J9T1|A0A1V4J9T1_PATFA 100.0 7.4E-42 7.5E-48  265.7   0.0  270   37-317    69-358 (461)
     196 tr|A0A146TP77|A0A146TP77_FUNHE 100.0 8.1E-42   8E-48  286.1   0.0  268   44-319    54-428 (522)
     197 UniRef100_A0A3M6TKW1 G_PROTEIN 100.0 9.1E-42   9E-48  274.7   0.0  267   41-315    45-322 (389)
     198 tr|A0A1U7TSJ4|A0A1U7TSJ4_TARSY 100.0 9.2E-42 9.3E-48  274.9   0.0  271   41-319   217-523 (600)
     199 UniRef100_A0A0L8I310 G_PROTEIN 100.0 9.4E-42 9.4E-48  279.2   0.0  263   41-309    50-363 (468)
     200 tr|A0A0N8JZL4|A0A0N8JZL4_9TELE 100.0 9.4E-42 9.4E-48  273.3   0.0  268   41-316   109-414 (482)
     201 UniRef100_A0A3M6T9C5 G_PROTEIN 100.0 9.7E-42 9.6E-48  275.0   0.0  280   39-319    61-364 (402)
     202 UniRef100_A0A061QHX0 Putative  100.0   1E-41   1E-47  282.7   0.0  263   43-315   139-508 (563)
     203 UniRef100_A0A2S1WLX6 Putative  100.0   1E-41   1E-47  269.5   0.0  275   41-320    51-464 (475)
     204 UniRef100_A0A2G8KTA9 Putative  100.0   1E-41   1E-47  279.6   0.0  267   41-315    53-345 (445)
     205 UniRef100_A0A026W4F0 Octopamin 100.0 1.1E-41 1.1E-47  268.5   0.0  267   41-315    60-393 (445)
     206 tr|A0A091DWF1|A0A091DWF1_FUKDA 100.0 1.1E-41 1.1E-47  266.3   0.0  264   38-316   158-443 (483)
     207 UniRef100_A0A060WAG3 G_PROTEIN 100.0 1.1E-41 1.1E-47  276.6   0.0  268   43-318   129-503 (550)
     208 UniRef100_A0A0P5DAK4 Orexin re 100.0 1.2E-41 1.2E-47  274.5   0.0  262   44-314   114-430 (505)
     209 UniRef100_A0A151LYB3 G_PROTEIN 100.0 1.2E-41 1.3E-47  268.9   0.0  260   44-313   106-388 (435)
     210 UniRef100_A0A096NAQ2 Cholecyst 100.0 1.3E-41 1.3E-47  279.0   0.0  270   38-313   152-500 (617)
     211 tr|A0A147AZW9|A0A147AZW9_FUNHE 100.0 1.4E-41 1.4E-47  282.9   0.0  265   39-312    88-431 (468)
     212 tr|A0A2B4SNZ1|A0A2B4SNZ1_STYPI 100.0 1.5E-41 1.4E-47  273.2   0.0  266   41-316    36-321 (351)
     213 UniRef100_A0A3M6T8F5 G_PROTEIN 100.0 1.6E-41 1.5E-47  286.5   0.0  270   38-316   103-397 (523)
     214 tr|A0A2B4SKI0|A0A2B4SKI0_STYPI 100.0 1.6E-41 1.6E-47  275.7   0.0  264   39-309   100-393 (458)
     215 tr|A0A146U732|A0A146U732_FUNHE 100.0 1.6E-41 1.6E-47  292.1   0.0  270   37-312   192-545 (590)
     216 UniRef100_A0A023F452 Putative  100.0 1.6E-41 1.6E-47  281.9   0.0  267   42-316   145-540 (660)
     217 tr|A0A1D5PF84|A0A1D5PF84_CHICK 100.0 1.6E-41 1.7E-47  256.4   0.0  286   30-316    33-318 (357)
     218 tr|L7LZ94|L7LZ94_9ACAR Putativ 100.0 1.7E-41 1.7E-47  266.4   0.0  269   40-317   106-395 (438)
     219 UniRef100_A0A068AZY5 Octopamin 100.0 1.8E-41 1.8E-47  296.9   0.0  166   42-213   179-360 (723)
     220 tr|A0A2B4SBD9|A0A2B4SBD9_STYPI 100.0 1.8E-41 1.9E-47  263.0   0.0  270   42-319    68-345 (367)
     221 tr|A0A1S3FWK5|A0A1S3FWK5_DIPOR 100.0 2.1E-41 2.1E-47  276.7   0.0  265   43-317   423-732 (786)
     222 tr|A0A1S3IXU4|A0A1S3IXU4_LINUN 100.0 2.2E-41 2.2E-47  267.1   0.0  272   38-316    59-347 (440)
     223 UniRef100_B3RM94 G_PROTEIN_REC 100.0 2.3E-41 2.3E-47  259.0   0.0  269   39-320    39-324 (327)
     224 UniRef100_A0A061IAU9 Gastric r 100.0 2.3E-41 2.3E-47  274.5   0.0  266   43-317   121-409 (588)
     225 tr|A0A2B4SAJ4|A0A2B4SAJ4_STYPI 100.0 2.4E-41 2.4E-47  271.5   0.0  264   41-310    33-329 (434)
     226 tr|A0A226N2C0|A0A226N2C0_CALSU 100.0 2.5E-41 2.6E-47  270.1   0.0  269   43-320   231-526 (569)
     227 tr|A0A0L8FIS6|A0A0L8FIS6_OCTBM 100.0 2.6E-41 2.6E-47  270.5   0.0  265   42-315    96-421 (485)
     228 UniRef100_A0A0K0PUK8 FMRFamide 100.0 2.8E-41 2.7E-47  279.8   0.0  266   38-311    60-350 (471)
     229 UniRef100_A0A2B4SC76 Substance 100.0 2.8E-41 2.7E-47  278.0   0.0  271   38-313    56-351 (461)
     230 tr|A0A287CUD4|A0A287CUD4_ICTTR 100.0 2.8E-41 2.9E-47  266.2   0.0  265   42-316    24-309 (478)
     231 tr|H2Q292|H2Q292_PANTR Unchara 100.0 2.8E-41 2.9E-47  267.0   0.0  274   40-319    85-408 (492)
     232 tr|A0A218UWX7|A0A218UWX7_9PASE 100.0 2.9E-41 2.9E-47  270.4   0.0  264   40-314    44-340 (474)
     233 UniRef100_A0A026WC04 Dopamine  100.0   3E-41   3E-47  266.2   0.0  266   42-317    83-400 (468)
     234 UniRef100_A0A6P8IFK2 neuromedi 100.0   3E-41   3E-47  264.1   0.0  276   38-318    27-325 (363)
     235 tr|A7SX62|A7SX62_NEMVE Predict 100.0   3E-41 3.1E-47  256.6   0.0  266   46-317    28-303 (335)
     236 UniRef100_A0A0N0PEL7 Tachykini 100.0 3.1E-41 3.1E-47  269.2   0.0  265   42-315    61-355 (454)
     237 UniRef100_A0A3M6TSJ5 G_PROTEIN 100.0 3.2E-41 3.2E-47  261.7   0.0  267   36-319    68-338 (409)
     238 tr|A0A2B4RXD1|A0A2B4RXD1_STYPI 100.0 3.2E-41 3.3E-47  265.9   0.0  265   38-312    95-378 (416)
     239 tr|A0A061IHH7|A0A061IHH7_CRIGR 100.0 3.3E-41 3.3E-47  292.6   0.0  264   43-316   627-921 (934)
     240 tr|A0A2B4S4U3|A0A2B4S4U3_STYPI 100.0 3.3E-41 3.3E-47  258.4   0.0  271   35-313    24-321 (359)
     241 UniRef100_A0A0K0PUX3 Orphan G- 100.0 3.4E-41 3.3E-47  276.5   0.0  259   42-310    66-346 (419)
     242 UniRef100_A0A084VLD5 AGAP00422 100.0 3.3E-41 3.3E-47  276.8   0.0  263   42-314   249-595 (695)
     243 tr|T1KPP2|T1KPP2_TETUR Unchara 100.0 3.3E-41 3.3E-47  270.5   0.0  264   40-316   155-438 (477)
     244 UniRef100_A0A0N7ZAP9 G_PROTEIN 100.0 3.5E-41 3.5E-47  271.1   0.0  267   42-318    82-370 (421)
     245 UniRef100_A0A0K0PUH3 Allatotro 100.0 3.5E-41 3.5E-47  266.7   0.0  267   40-315    72-374 (424)
     246 UniRef100_A0A2B4RA56 D(5)-like 100.0 3.6E-41 3.6E-47  276.1   0.0  263   40-310    83-354 (431)
     247 UniRef100_A0A060X6T3 G_PROTEIN 100.0 3.8E-41 3.8E-47  272.1   0.0  266   42-316    95-415 (550)
     248 UniRef100_A0A067RG65 Neuropept 100.0 3.9E-41 3.9E-47  271.9   0.0  273   41-318    92-398 (509)
     249 UniRef100_A0A084VX67 AGAP00044 100.0   4E-41 4.1E-47  268.2   0.0  258   44-312    77-384 (444)
     250 UniRef100_A0A6P8H0A4 5-hydroxy 100.0 4.4E-41 4.4E-47  260.7   0.0  270   42-316    43-334 (346)
     251 tr|A0A0P7U0M1|A0A0P7U0M1_9TELE 100.0 4.5E-41 4.6E-47  262.4   0.0  273   37-316   102-413 (440)
     252 tr|A0A1I8N820|A0A1I8N820_MUSDO 100.0 4.6E-41 4.7E-47  279.5   0.0  265   40-313   308-636 (880)
     253 UniRef100_A0A0L8H5P3 G_PROTEIN 100.0 4.7E-41 4.7E-47  271.5   0.0  262   40-312    78-370 (496)
     254 UniRef100_A0A2B4SJE7 Orexin re 100.0 4.9E-41 4.9E-47  274.7   0.0  269   40-314   138-431 (517)
     255 UniRef100_A0A061IN14 NK-3 rece 100.0 5.1E-41 5.2E-47  279.1   0.0  271   37-316   234-525 (662)
     256 tr|K7GCC3|K7GCC3_PELSI Adrenoc 100.0 5.2E-41 5.3E-47  266.0   0.0  261   44-315    49-364 (488)
     257 UniRef100_A0A226DFM2 Neuropept 100.0 5.3E-41 5.3E-47  271.7   0.0  264   41-312   110-401 (523)
     258 UniRef100_A0A016SJ65 Thyrolibe 100.0 5.4E-41 5.4E-47  275.4   0.0  268   41-315    88-397 (479)
     259 UniRef100_A0A087QH91 Melanopsi 100.0 5.4E-41 5.5E-47  278.2   0.0  268   38-314   105-399 (629)
     260 tr|A0A146YGA5|A0A146YGA5_FUNHE 100.0 5.7E-41 5.6E-47  279.2   0.0  270   38-316    32-342 (521)
     261 UniRef100_A0A2B4SJV4 Galanin r 100.0   6E-41 5.9E-47  277.6   0.0  270   38-313    76-365 (444)
     262 UniRef100_A0A0A7EV57 Melanocor 100.0 5.9E-41   6E-47  249.2   0.0  294    1-294     2-295 (295)
     263 UniRef100_A0A2G8JGQ1 Putative  100.0 6.3E-41 6.3E-47  273.2   0.0  279   37-320    58-376 (455)
     264 tr|A0A1D2MSE1|A0A1D2MSE1_ORCCI 100.0 6.3E-41 6.3E-47  279.4   0.0  266   40-313   114-405 (615)
     265 UniRef100_A0A2B4RXD1 Neuropept 100.0 6.4E-41 6.4E-47  270.3   0.0  273   38-318    96-386 (461)
     266 tr|A7RVQ0|A7RVQ0_NEMVE Predict 100.0 6.6E-41 6.5E-47  268.6   0.0  276   37-313    29-330 (398)
     267 tr|A0A2B4SIA2|A0A2B4SIA2_STYPI 100.0 6.7E-41 6.7E-47  265.2   0.0  271   41-317    63-363 (370)
     268 UniRef100_A0A060WGM3 G_PROTEIN 100.0 7.2E-41 7.1E-47  281.6   0.0  260   44-313   152-440 (537)
     269 tr|A0A1W2W3E6|A0A1W2W3E6_CIOIN 100.0 7.9E-41 8.1E-47  266.0   0.0  271   37-316    58-353 (487)
     270 UniRef100_A0A026WIP6 Cholecyst 100.0 8.2E-41 8.2E-47  281.9   0.0  273   40-318   174-533 (636)
     271 UniRef100_A0A3M6TEA9 G_PROTEIN 100.0 8.5E-41 8.4E-47  270.8   0.0  269   40-313    51-342 (414)
     272 UniRef100_A0A084WFJ7 AGAP00011 100.0 8.5E-41 8.6E-47  272.6   0.0  259   40-309    91-375 (519)
     273 UniRef100_A0A0L8H8I0 G_PROTEIN 100.0 8.8E-41 8.7E-47  277.7   0.0  263   43-315    79-364 (466)
     274 UniRef100_A0A068WKU9 Neuropept 100.0 9.2E-41 9.2E-47  268.1   0.0  263   42-312    78-365 (451)
     275 UniRef100_A7RGN9 Predicted pro 100.0 9.3E-41 9.4E-47  256.7   0.0  266   38-313    32-313 (317)
     276 tr|A0A2D0SD29|A0A2D0SD29_ICTPU 100.0 9.5E-41 9.6E-47  265.2   0.0  261   42-311    10-305 (420)
     277 UniRef100_A0A0H3YI86 Pyrokinin 100.0   1E-40   1E-46  276.3   0.0  276   41-321    88-405 (510)
     278 UniRef100_A0A2B4SQU8 Orexin re 100.0   1E-40   1E-46  258.3   0.0  281   34-319    34-351 (370)
     279 tr|A0A212C668|A0A212C668_CEREH 100.0   1E-40   1E-46  266.9   0.0  264   42-314   225-556 (558)
     280 tr|A0A060XH49|A0A060XH49_ONCMY 100.0 1.1E-40 1.1E-46  284.3   0.0  264   44-318    56-387 (945)
     281 UniRef100_A0A023F3V9 Putative  100.0 1.1E-40 1.1E-46  271.6   0.0  264   39-314   135-423 (574)
     282 AntAceMinimDraft_8_1070364.sca 100.0 1.1E-40 1.1E-46  260.4   0.0  275   38-317    39-359 (406)
     283 UniRef100_A0A2R8PY66 5-hydroxy 100.0 1.1E-40 1.1E-46  255.2   0.0  272   44-322    64-362 (381)
     284 tr|A0A139WLV7|A0A139WLV7_TRICA 100.0 1.1E-40 1.1E-46  277.2   0.0  267   39-313   401-696 (792)
     285 tr|A0A1A9ZAD8|A0A1A9ZAD8_GLOPL 100.0 1.1E-40 1.1E-46  267.6   0.0  272   33-313   119-420 (574)
     286 tr|W4Z2N2|W4Z2N2_STRPU Unchara 100.0 1.1E-40 1.1E-46  258.4   0.0  272   38-315    58-353 (406)
     287 UniRef100_A0A3M6UKK8 G_PROTEIN 100.0 1.2E-40 1.2E-46  270.0   0.0  265   39-312    44-333 (406)
     288 UniRef100_A0A1J1I7G5 CLUMA_CG0 100.0 1.2E-40 1.2E-46  267.7   0.0  265   41-314    81-373 (500)
     289 UniRef100_A0A0S1YD99 Neuropept 100.0 1.2E-40 1.2E-46  259.7   0.0  265   40-315    79-373 (423)
     290 UniRef100_A0A6S7JE64 Neuropept 100.0 1.2E-40 1.2E-46  265.4   0.0  267   39-314    37-321 (412)
     291 UniRef100_A0A6A7G2U4 Octopamin 100.0 1.2E-40 1.2E-46  268.8   0.0  268   41-315   175-512 (574)
     292 UniRef100_A0A2B4SEF2 Beta-1 ad 100.0 1.3E-40 1.3E-46  265.2   0.0  264   40-314    75-344 (424)
     293 tr|A7SIX0|A7SIX0_NEMVE Predict 100.0 1.4E-40 1.4E-46  261.1   0.0  269   42-315    30-319 (403)
     294 tr|V8P564|V8P564_OPHHA Melanoc 100.0 1.4E-40 1.5E-46  273.4   0.0  310    1-313   552-863 (864)
     295 tr|A0A1L7H7D8|A0A1L7H7D8_SACKO 100.0 1.5E-40 1.5E-46  257.3   0.0  264   43-318    78-368 (424)
     296 UniRef100_A0A0K0PUG3 Thyrolibe 100.0 1.5E-40 1.5E-46  273.8   0.0  269   40-315   218-522 (606)
     297 tr|A0A0S1YD80|A0A0S1YD80_CHISP 100.0 1.6E-40 1.7E-46  266.8   0.0  267   41-316   169-466 (513)
     298 UniRef100_A0A1S3J8T4 5-hydroxy 100.0 1.7E-40 1.7E-46  269.9   0.0  267   38-313   102-395 (468)
     299 UniRef100_A0A060Y7B7 G_PROTEIN 100.0 1.9E-40 1.9E-46  272.5   0.0  269   42-318   121-553 (560)
     300 UniRef100_A0A095ANA4 Dopamine  100.0 1.9E-40 1.9E-46  282.1   0.0  174   36-215   172-359 (674)
     301 tr|A0A1U7SK54|A0A1U7SK54_TARSY 100.0 1.9E-40   2E-46  283.3   0.0  284   30-313    32-316 (904)
     302 tr|A0A1D2NMB6|A0A1D2NMB6_ORCCI 100.0 2.1E-40 2.1E-46  267.3   0.0  269   38-315   153-451 (520)
     303 UniRef100_A0A0Q3PEJ5 Alpha-1B  100.0 2.1E-40 2.2E-46  268.3   0.0  265   43-316    69-386 (683)
     304 UniRef100_A0A6P8IPF1 5-hydroxy 100.0 2.2E-40 2.3E-46  258.1   0.0  264   43-315    64-362 (403)
     305 UniRef100_A0A060X0R7 Uncharact 100.0 2.3E-40 2.3E-46  254.2   0.0  265   38-317    59-345 (383)
     306 UniRef100_A0A3M6TKX3 G_PROTEIN 100.0 2.4E-40 2.4E-46  267.4   0.0  264   40-313    79-373 (427)
     307 UniRef100_A0A060W247 Cholecyst 100.0 2.4E-40 2.5E-46  271.2   0.0  272   37-314   128-476 (563)
     308 tr|A0A067RDC3|A0A067RDC3_ZOONE 100.0 2.5E-40 2.5E-46  271.3   0.0  272   39-318    74-367 (506)
     309 UniRef100_A0A061QLL1 Putative  100.0 2.5E-40 2.5E-46  264.6   0.0  266   41-315    50-422 (424)
     310 tr|A0A1L8F837|A0A1L8F837_XENLA 100.0 2.5E-40 2.5E-46  254.2   0.0  263   44-316    33-318 (349)
     311 UniRef100_UPI000219022F Endoly 100.0 2.5E-40 2.6E-46  261.5   0.0  258   44-316   208-488 (507)
     312 UniRef100_A0A026X164 G-protein 100.0 2.6E-40 2.6E-46  274.6   0.0  270   37-319   119-428 (604)
     313 tr|W4XZB8|W4XZB8_STRPU Unchara 100.0 2.6E-40 2.6E-46  261.4   0.0  257   44-312    27-308 (400)
     314 UniRef100_A0A060W5H6 G_PROTEIN 100.0 2.8E-40 2.8E-46  273.8   0.0  260   42-310    92-383 (528)
     315 UniRef100_A0A151NBW6 Beta-3 ad 100.0 2.8E-40 2.8E-46  263.6   0.0  261   41-312    35-338 (490)
     316 UniRef100_A0A087U880 Neuropept 100.0 2.8E-40 2.8E-46  262.9   0.0  263   40-311    72-360 (401)
     317 UniRef100_A0A026VXG0 Octopamin 100.0 2.8E-40 2.9E-46  275.6   0.0  264   40-311    85-537 (647)
     318 tr|W4Z3I5|W4Z3I5_STRPU Unchara 100.0 2.8E-40 2.9E-46  261.5   0.0  266   40-314    52-393 (461)
     319 tr|A0A2B4R9G2|A0A2B4R9G2_STYPI 100.0 2.9E-40 2.9E-46  260.9   0.0  264   39-311    63-346 (378)
     320 tr|A0A1I8FSG9|A0A1I8FSG9_9PLAT 100.0   3E-40 3.1E-46  264.5   0.0  266   44-317   115-451 (550)
     321 UniRef100_A0A1S3HRK7 octopamin 100.0 3.1E-40 3.1E-46  268.5   0.0  262   43-313    71-349 (413)
     322 tr|A0A0P6IZB8|A0A0P6IZB8_9CRUS 100.0 3.2E-40 3.3E-46  266.6   0.0  269   40-318   206-498 (559)
     323 UniRef100_A0A6P4Z684 G-protein 100.0 3.3E-40 3.4E-46  259.9   0.0  291   17-313    30-345 (425)
     324 UniRef100_A0A0L8HHE2 G_PROTEIN 100.0 3.5E-40 3.5E-46  263.0   0.0  268   41-317     5-302 (385)
     325 tr|A7RNV5|A7RNV5_NEMVE Predict 100.0 3.5E-40 3.5E-46  258.2   0.0  261   43-311    38-323 (377)
     326 tr|A0A2B4RSD1|A0A2B4RSD1_STYPI 100.0 3.7E-40 3.7E-46  271.5   0.0  267   40-314    54-381 (430)
     327 UniRef100_A0A0C9RF21 CapaR_3 p 100.0 3.7E-40 3.7E-46  267.8   0.0  270   41-316    56-358 (532)
     328 tr|A0A151NBW9|A0A151NBW9_ALLMI 100.0 3.7E-40 3.8E-46  264.1   0.0  267   41-315    85-392 (472)
     329 UniRef100_A0A6S7HDR1 5-hydroxy 100.0 3.8E-40 3.8E-46  258.7   0.0  272   41-315    42-349 (399)
     330 UniRef100_A0A0A1XP15 Neuropept 100.0 3.8E-40 3.8E-46  257.3   0.0  268   41-316    76-375 (421)
     331 UniRef100_A0A193KU97 GCR058 n= 100.0 3.8E-40 3.8E-46  256.7   0.0  270   38-315    27-332 (379)
     332 UniRef100_A0A067RIW6 G_PROTEIN 100.0 3.8E-40 3.9E-46  275.0   0.0  265   40-311   188-543 (705)
     333 UniRef100_A0A3M6UME8 G_PROTEIN 100.0 3.9E-40 3.9E-46  262.1   0.0  264   38-314    41-325 (383)
     334 UniRef100_A0A1L8FNX2 G_PROTEIN 100.0 4.1E-40 4.1E-46  263.9   0.0  254   40-311    66-340 (400)
     335 UniRef100_UPI000B9126F2 D(1) d 100.0 4.1E-40 4.2E-46  256.7   0.0  265   41-316    22-320 (463)
     336 tr|A0A2B4S931|A0A2B4S931_STYPI 100.0 4.2E-40 4.2E-46  264.8   0.0  274   34-312    67-344 (398)
     337 UniRef100_A0A2G8KT39 Putative  100.0 4.4E-40 4.4E-46  265.1   0.0  271   37-312    45-339 (383)
     338 UniRef100_A0A084WIC4 Short neu 100.0 4.3E-40 4.4E-46  267.7   0.0  268   40-315    96-387 (551)
     339 UniRef100_A0A3B4UE11 Si:zfos-1 100.0 4.4E-40 4.5E-46  255.7   0.0  288   14-316    40-352 (441)
     340 UniRef100_A0A3M6UXY6 G_PROTEIN 100.0 4.6E-40 4.5E-46  260.8   0.0  264   41-315    45-312 (349)
     341 UniRef100_A0A067RDC3 Prolactin 100.0 4.6E-40 4.7E-46  266.9   0.0  266   41-314    69-356 (541)
     342 ABNJ01.1.fsa_nt_gi|175437430|g 100.0 4.8E-40 4.9E-46  255.7   0.0  271   41-318    75-354 (362)
     343 UniRef100_A0A026X2D4 Alpha-1A  100.0 5.1E-40 5.1E-46  269.9   0.0  267   38-316    94-375 (461)
     344 UniRef100_A0A0A7KUZ5 Opsin 5 n 100.0 5.6E-40 5.5E-46  265.0   0.0  264   39-312    55-342 (407)
     345 tr|W8B9D1|W8B9D1_CERCA 5-hydro 100.0 5.6E-40 5.7E-46  266.9   0.0  268   42-316   268-628 (664)
     346 tr|A0A212EZN3|A0A212EZN3_DANPL 100.0 5.8E-40 5.9E-46  263.0   0.0  267   40-314    58-354 (488)
     347 tr|A7S8R9|A7S8R9_NEMVE Predict 100.0 5.9E-40 5.9E-46  262.1   0.0  272   38-317    27-341 (398)
     348 UniRef100_A0A147B5F7 Adenosine 100.0   6E-40 6.1E-46  262.0   0.0  260   44-313    56-343 (492)
     349 tr|A0A0Q3X582|A0A0Q3X582_AMAAE 100.0 6.1E-40 6.1E-46  268.4   0.0  260   44-313    89-384 (504)
     350 tr|A0A2B4RR50|A0A2B4RR50_STYPI 100.0 6.1E-40 6.2E-46  258.7   0.0  270   40-319    33-330 (411)
     351 UniRef100_A0A087X781 Alpha-2Db 100.0 6.3E-40 6.4E-46  262.1   0.0  262   45-314    75-492 (495)
     352 UniRef100_A0A0L8FWF7 G_PROTEIN 100.0 6.7E-40 6.7E-46  274.3   0.0  271   42-321    97-553 (576)
     353 UniRef100_A0A1L8HHP3 G_PROTEIN 100.0 6.8E-40 6.8E-46  255.8   0.0  265   38-316    47-341 (370)
     354 UniRef100_A0A0N0PF28 Orexin re 100.0 6.7E-40 6.8E-46  268.6   0.0  258   44-310   144-455 (588)
     355 tr|E6ZEU6|E6ZEU6_DICLA Neurome 100.0 6.8E-40 6.9E-46  264.6   0.0  271   40-315    92-395 (461)
     356 tr|A7SFM3|A7SFM3_NEMVE Predict 100.0   7E-40 6.9E-46  263.2   0.0  280   37-322    39-345 (356)
     357 UniRef100_C3ZK20 G_PROTEIN_REC 100.0   7E-40 6.9E-46  262.3   0.0  263   42-315     6-322 (374)
     358 UniRef100_A0A016TS00 G_PROTEIN 100.0 7.1E-40 7.1E-46  275.0   0.0  265   42-316   118-555 (622)
     359 tr|A7SMQ7|A7SMQ7_NEMVE Predict 100.0 7.3E-40 7.3E-46  255.5   0.0  267   41-315    16-303 (358)
     360 tr|K1RR88|K1RR88_CRAGI 5-hydro 100.0 7.4E-40 7.6E-46  254.0   0.0  268   42-319    62-356 (407)
     361 UniRef100_UPI000A34DAF5 mRNA c 100.0 7.5E-40 7.7E-46  265.4   0.0  320    1-320   470-789 (863)
     362 UniRef100_A0A087REY1 NPY-Y2 re 100.0 7.6E-40 7.7E-46  267.2   0.0  263   40-315   190-479 (599)
     363 tr|A0A210R0K7|A0A210R0K7_MIZYE 100.0 7.7E-40 7.8E-46  259.3   0.0  269   38-312    75-423 (470)
     364 UniRef100_A0A096MAY6 Alpha-1B  100.0 7.8E-40 7.9E-46  259.3   0.0  266   44-318    54-377 (489)
     365 UniRef100_UPI000B90EEC3 octopa 100.0   8E-40 8.2E-46  251.6   0.0  265   44-317    71-375 (415)
     366 UniRef100_A0A067R4E0 Tachykini 100.0 8.6E-40 8.6E-46  259.1   0.0  263   41-311    54-341 (396)
     367 tr|C7SLZ0|C7SLZ0_APLKU Seroton 100.0 8.8E-40 8.9E-46  266.0   0.0  265   43-316    79-426 (485)
     368 tr|A0A1U7SLA2|A0A1U7SLA2_TARSY 100.0 8.8E-40 8.9E-46  263.9   0.0  263   45-316   133-451 (601)
     369 UniRef100_A0A060VV87 Kappa-typ 100.0 8.8E-40   9E-46  264.7   0.0  266   38-316   192-479 (586)
     370 UniRef100_A0A2B4SUJ0 Melatonin 100.0 9.3E-40 9.3E-46  260.6   0.0  273   38-319    29-319 (399)
     371 UniRef100_A0A2R8QQ51 Trace ami 100.0 9.3E-40 9.4E-46  260.3   0.0  296    5-313    34-363 (459)
     372 tr|A0A218VDE9|A0A218VDE9_9PASE 100.0 9.3E-40 9.5E-46  259.1   0.0  259   39-314    26-307 (556)
     373 tr|A0A210QY69|A0A210QY69_MIZYE 100.0   1E-39   1E-45  251.5   0.0  272   38-320    88-383 (400)
     374 UniRef100_A0A0K0PUT0 Orphan G- 100.0 1.1E-39 1.1E-45  267.4   0.0  273   40-317    54-349 (400)
     375 UniRef100_A0A2B4SYG2 5-hydroxy 100.0 1.1E-39 1.1E-45  256.7   0.0  260   40-311    33-313 (376)
     376 UniRef100_A0A6P4Z5N5 muscarini 100.0 1.1E-39 1.1E-45  256.0   0.0  263   43-315    35-343 (357)
     377 tr|M7BJE0|M7BJE0_CHEMY 5-hydro 100.0 1.1E-39 1.1E-45  270.8   0.0  261   44-315   279-593 (685)
     378 UniRef100_A0A060YTK2 Uncharact 100.0 1.1E-39 1.1E-45  256.1   0.0  266   37-315    85-379 (447)
     379 tr|Q6VUB7|Q6VUB7_BRAFL Dopamin 100.0 1.1E-39 1.1E-45  247.7   0.0  265   40-316    43-340 (394)
     380 UniRef100_A0A087T988 G-protein 100.0 1.2E-39 1.2E-45  261.4   0.0  268   38-318    66-380 (402)
     381 tr|A0A182FRI7|A0A182FRI7_ANOAL 100.0 1.2E-39 1.2E-45  276.1   0.0  169   43-217   119-304 (677)
     382 UniRef100_A0A182H1J6 G_PROTEIN 100.0 1.2E-39 1.2E-45  277.0   0.0  171   37-213   319-511 (1005)
     383 UniRef100_A0A6P8HUK6 melatonin 100.0 1.2E-39 1.2E-45  252.0   0.0  272   41-321    32-327 (374)
     384 tr|C3XVU5|C3XVU5_BRAFL Unchara 100.0 1.3E-39 1.3E-45  256.6   0.0  267   39-313    64-355 (439)
     385 UniRef100_A0A6F9DEB9 5-hydroxy 100.0 1.4E-39 1.4E-45  263.9   0.0  257   43-312    62-357 (426)
     386 UniRef100_A0A0K0PUL2 DH31-like 100.0 1.4E-39 1.4E-45  254.0   0.0  267   38-315    50-334 (375)
     387 UniRef100_A0A087YRJ8 Trace ami 100.0 1.5E-39 1.5E-45  263.4   0.0  260   44-313   127-403 (491)
     388 tr|B4KC34|B4KC34_DROMO Unchara 100.0 1.6E-39 1.6E-45  270.4   0.0  263   41-312   197-490 (670)
     389 UniRef100_A0A369SHZ1 5-hydroxy 100.0 1.6E-39 1.6E-45  256.6   0.0  268   41-315    32-332 (375)
     390 UniRef100_A0A016UUZ5 G_PROTEIN 100.0 1.7E-39 1.7E-45  260.0   0.0  262   44-315    82-413 (486)
     391 UniRef100_A0A026WM41 Dopamine  100.0 1.7E-39 1.7E-45  273.8   0.0  171   38-214   161-345 (659)
     392 tr|B4JN40|B4JN40_DROGR GH24210 100.0 1.7E-39 1.7E-45  257.9   0.0  264   39-313   119-407 (436)
     393 UniRef100_A0A0A1WLH2 Somatosta 100.0 1.8E-39 1.8E-45  268.2   0.0  266   38-315   218-508 (667)
     394 tr|A0A147AVH6|A0A147AVH6_FUNHE 100.0 1.8E-39 1.8E-45  266.0   0.0  267   37-312   193-618 (618)
     395 tr|R4J1H6|R4J1H6_SALSA Cholecy 100.0 1.8E-39 1.8E-45  255.4   0.0  272   38-315    48-407 (461)
     396 UniRef100_A0A4W4DTE3 G_PROTEIN 100.0 1.8E-39 1.8E-45  256.3   0.0  267   38-317    54-345 (379)
     397 UniRef100_A0A067R841 G_PROTEIN 100.0 1.9E-39 1.9E-45  266.9   0.0  273   36-314   106-409 (526)
     398 UniRef100_A0A6P8HVR8 galanin r 100.0 1.9E-39 1.9E-45  255.1   0.0  270   37-313    23-319 (381)
     399 tr|A0A2H1W6Q0|A0A2H1W6Q0_SPOFR 100.0   2E-39   2E-45  260.7   0.0  268   41-316    75-365 (466)
     400 tr|A0A182XXT9|A0A182XXT9_ANOST 100.0 2.1E-39 2.1E-45  256.0   0.0  258   44-312    82-390 (426)
     401 tr|A0A1S3FYW5|A0A1S3FYW5_DIPOR 100.0 2.1E-39 2.1E-45  248.5   0.0  268   38-318    71-362 (385)
     402 UniRef100_A0A068YA15 Neuropept 100.0 2.2E-39 2.2E-45  262.2   0.0  265   41-310    77-391 (510)
     403 UniRef100_A0A087XUD9 Dopamine  100.0 2.2E-39 2.2E-45  260.0   0.0  268   38-314    81-404 (510)
     404 UniRef100_E9HAW0 G_PROTEIN_REC 100.0 2.4E-39 2.4E-45  253.9   0.0  259   39-309    67-351 (393)
     405 UniRef100_A0A077Z2V7 Neuropept 100.0 2.4E-39 2.4E-45  257.5   0.0  270   39-312    72-373 (451)
     406 tr|A0A232F8D2|A0A232F8D2_9HYME 100.0 2.4E-39 2.5E-45  258.6   0.0  266   41-313    76-369 (478)
     407 tr|A0A091DLL4|A0A091DLL4_FUKDA 100.0 2.5E-39 2.5E-45  253.7   0.0  264   42-316    39-346 (474)
     408 UniRef100_A0A060WGF3 B2 bradyk 100.0 2.5E-39 2.5E-45  272.3   0.0  258   42-312   165-449 (589)
     409 SRR6218665_147192              100.0 2.6E-39 2.6E-45  258.4   0.0  274   38-319   102-401 (466)
     410 UniRef100_A0A2B4SID7 Neuropept 100.0 2.6E-39 2.6E-45  261.6   0.0  271   40-315    85-380 (462)
     411 tr|A0A0K0PUV0|A0A0K0PUV0_PLADU 100.0 2.6E-39 2.6E-45  254.9   0.0  269   38-317    17-336 (373)
     412 tr|A0A2B4SSL5|A0A2B4SSL5_STYPI 100.0 2.6E-39 2.7E-45  247.3   0.0  270   37-317    22-312 (344)
     413 UniRef100_A0A6G8J3P5 Melanin-c 100.0 2.7E-39 2.8E-45  255.3   0.0  267   38-314    63-351 (460)
     414 UniRef100_A0A3B5MNK7 G_PROTEIN 100.0 2.7E-39 2.8E-45  251.6   0.0  263   43-314    35-348 (455)
     415 SRR6218665_799277              100.0 2.9E-39 2.9E-45  251.3   0.0  269   40-315   128-420 (456)
     416 tr|A0A2B4REF9|A0A2B4REF9_STYPI 100.0 2.9E-39 2.9E-45  284.2   0.0  275   38-316   927-1232(1279)
     417 tr|A7RKH9|A7RKH9_NEMVE Predict 100.0   3E-39   3E-45  251.6   0.0  265   38-316    27-315 (336)
     418 UniRef100_A0A0P7XS52 Trace ami 100.0 3.1E-39 3.1E-45  272.6   0.0  261   43-313   364-655 (726)
     419 tr|J9JRI9|J9JRI9_ACYPI Unchara 100.0 3.1E-39 3.1E-45  256.3   0.0  265   41-314    39-333 (490)
     420 UniRef100_A0A060ILH2 Neuromedi 100.0 3.1E-39 3.2E-45  264.1   0.0  268   41-314   181-477 (606)
     421 tr|L8Y5L0|L8Y5L0_TUPCH Alpha-2 100.0 3.3E-39 3.3E-45  272.1   0.0  263   44-316   401-820 (823)
     422 UniRef100_A0A068WTW9 Tachykini 100.0 3.4E-39 3.4E-45  256.8   0.0  264   41-314    50-359 (453)
     423 tr|A0A0P7XE55|A0A0P7XE55_9TELE 100.0 3.4E-39 3.5E-45  266.2   0.0  269   42-319    56-372 (782)
     424 tr|F7E6B1|F7E6B1_MONDO Tachyki 100.0 3.5E-39 3.6E-45  255.3   0.0  267   39-315    97-385 (475)
     425 UniRef100_A0A023WAQ6 Melanocor 100.0 3.6E-39 3.7E-45  234.7   0.0  266   48-313     2-267 (274)
     426 UniRef100_A0A2P8Z628 Octopamin 100.0 3.6E-39 3.7E-45  256.4   0.0  267   39-313    53-415 (477)
     427 UniRef100_A0A6P8H485 beta-2 ad 100.0 3.7E-39 3.7E-45  260.6   0.0  271   41-321    62-365 (411)
     428 ERR1719361_2001115             100.0 3.8E-39 3.8E-45  257.7   0.0  268   40-317    28-327 (415)
     429 UniRef100_A0A087RCY8 5-hydroxy 100.0 3.8E-39 3.8E-45  266.8   0.0  275   37-316   145-472 (567)
     430 tr|A0A0L7QUK8|A0A0L7QUK8_9HYME 100.0 3.8E-39 3.8E-45  268.0   0.0  267   41-314   206-498 (806)
     431 UniRef100_A0A6A4WEU8 5-hydroxy 100.0 3.9E-39 3.9E-45  261.2   0.0  268   40-315    71-440 (535)
     432 tr|A0A0A7RC79|A0A0A7RC79_RHOPR 100.0 3.9E-39   4E-45  251.8   0.0  269   39-317    78-376 (404)
     433 tr|A7RRH0|A7RRH0_NEMVE Predict 100.0 4.1E-39 4.1E-45  268.2   0.0  271   38-316    28-317 (700)
     434 UniRef100_A0A3M6TI37 G_PROTEIN 100.0 4.6E-39 4.5E-45  253.3   0.0  265   37-316    41-309 (339)
     435 tr|A0A210QNG6|A0A210QNG6_MIZYE 100.0 4.6E-39 4.7E-45  259.2   0.0  309    1-317     1-342 (498)
     436 UniRef100_F6ZHC8 Uncharacteriz 100.0 4.8E-39 4.8E-45  260.0   0.0  267   40-313    91-463 (520)
     437 tr|A0A0V1MVC7|A0A0V1MVC7_9BILA 100.0 4.8E-39 4.8E-45  264.2   0.0  263   42-315    86-379 (598)
     438 UniRef100_A0A6P4ZN87 somatosta 100.0 4.8E-39 4.8E-45  253.2   0.0  268   38-315    34-329 (391)
     439 tr|A0A182L9N8|A0A182L9N8_9DIPT 100.0 4.9E-39 4.9E-45  260.6   0.0  264   42-314    94-382 (490)
     440 tr|A0A1I8MQS0|A0A1I8MQS0_MUSDO 100.0 5.1E-39 5.1E-45  266.8   0.0  266   38-315   151-440 (572)
     441 UniRef100_A0A2B4RYF4 Neuropept 100.0 5.1E-39 5.2E-45  247.7   0.0  268   36-313    30-314 (401)
     442 Marorgknorr_s2lv_2_1036014.sca 100.0 5.3E-39 5.3E-45  254.8   0.0  275   38-321    31-338 (366)
     443 UniRef100_A0A0E3EKU4 Allatotro 100.0 5.3E-39 5.4E-45  256.8   0.0  264   44-316   139-433 (562)
     444 UniRef100_A0A1I7STM2 (pine woo 100.0 5.4E-39 5.4E-45  260.4   0.0  265   40-312    84-384 (430)
     445 UniRef100_A0A084WCX2 AGAP00493 100.0 5.6E-39 5.6E-45  260.4   0.0  260   42-314   100-388 (474)
     446 UniRef100_A0A3M6TID3 G_PROTEIN 100.0 5.9E-39 5.9E-45  252.7   0.0  256   42-309    42-298 (347)
     447 tr|A7SFG7|A7SFG7_NEMVE Predict 100.0 6.1E-39 6.1E-45  251.8   0.0  265   37-311    24-309 (364)
     448 UniRef100_A0A2D0RHY1 Alpha-1B  100.0 6.2E-39 6.3E-45  256.3   0.0  269   42-319   121-437 (562)
     449 tr|A0A1A8EW90|A0A1A8EW90_9TELE 100.0 6.3E-39 6.3E-45  252.7   0.0  262   39-313    47-332 (444)
     450 tr|A0A182U1B5|A0A182U1B5_9DIPT 100.0 6.5E-39 6.6E-45  262.2   0.0  268   40-315    43-344 (620)
     451 tr|A0A218UTA6|A0A218UTA6_9PASE 100.0 6.6E-39 6.7E-45  264.4   0.0  266   44-318    65-447 (738)
     452 tr|A0A146NR64|A0A146NR64_FUNHE 100.0 7.2E-39 7.3E-45  253.3   0.0  265   37-314   120-420 (449)
     453 tr|Q8MTW6|Q8MTW6_SPISO Putativ 100.0 7.6E-39 7.7E-45  249.8   0.0  270   38-315    38-351 (388)
     454 ERR1719510_236906              100.0 7.8E-39 7.9E-45  265.5   0.0  273   41-321    87-380 (577)
     455 tr|Q29XY7|Q29XY7_APLCA Dopamin 100.0 8.1E-39 8.2E-45  254.4   0.0  265   39-313    57-376 (450)
     456 UniRef100_A0A2G8K804 Putative  100.0 8.2E-39 8.2E-45  256.3   0.0  268   41-315    63-440 (451)
     457 UniRef100_A0A023ETT6 Putative  100.0 8.1E-39 8.3E-45  259.7   0.0  266   39-315   156-447 (612)
     458 UniRef100_A0A0P6J0T1 Putative  100.0 8.5E-39 8.5E-45  269.9   0.0  266   41-311   107-406 (735)
     459 UniRef100_A0A1S3F7I6 neuropept 100.0 8.4E-39 8.5E-45  265.8   0.0  264   41-312   255-555 (712)
     460 UniRef100_A0A132AJH3 7 transme 100.0 8.7E-39 8.7E-45  259.6   0.0  265   40-312    72-384 (447)
     461 UniRef100_A0A3M6UDU2 G_PROTEIN 100.0   9E-39 8.9E-45  260.4   0.0  269   38-311    41-329 (402)
     462 tr|W4Z9U8|W4Z9U8_STRPU Unchara 100.0 8.7E-39 8.9E-45  248.5   0.0  272   39-318   110-415 (434)
     463 tr|K1QHX9|K1QHX9_CRAGI Somatos 100.0 9.3E-39 9.3E-45  258.0   0.0  264   38-314    50-339 (456)
     464 UniRef100_A0A0P7U357 Apelin re 100.0 9.8E-39 9.9E-45  253.2   0.0  263   40-315    61-344 (401)
     465 UniRef100_A0A2G8JD30 Putative  100.0 9.9E-39   1E-44  243.4   0.0  264   43-314    31-316 (323)
     466 tr|A0A1I8PG61|A0A1I8PG61_STOCA 100.0   1E-38   1E-44  266.9   0.0  266   38-315   301-593 (716)
     467 UniRef100_A0A060VNF4 G_PROTEIN 100.0   1E-38   1E-44  262.1   0.0  265   37-314   131-431 (566)
     468 tr|A7T260|A7T260_NEMVE Predict 100.0   1E-38 1.1E-44  247.3   0.0  265   41-313    33-302 (349)
     469 tr|A0A096NTW4|A0A096NTW4_PAPAN 100.0 1.1E-38 1.1E-44  251.5   0.0  270   40-316   136-428 (442)
     470 tr|K1PQW2|K1PQW2_CRAGI Putativ 100.0 1.1E-38 1.1E-44  249.6   0.0  272   37-316    58-355 (437)
     471 tr|A7RF67|A7RF67_NEMVE Predict 100.0 1.1E-38 1.1E-44  250.6   0.0  277   36-317    19-315 (375)
     472 UniRef100_A0A087QSW5 5-hydroxy 100.0 1.1E-38 1.1E-44  255.4   0.0  268   41-316   182-516 (570)
     473 UniRef100_A0A087R2J6 Neuropept 100.0 1.2E-38 1.2E-44  263.0   0.0  264   41-312   217-517 (638)
     474 tr|W5MC67|W5MC67_LEPOC Pyroglu 100.0 1.2E-38 1.2E-44  250.2   0.0  267   40-312    57-357 (441)
     475 UniRef100_A0A6S7I697 Neuropept 100.0 1.2E-38 1.2E-44  246.0   0.0  275   40-319    47-360 (374)
     476 UniRef100_A0A2B4SAD4 5-hydroxy 100.0 1.2E-38 1.2E-44  253.7   0.0  277   31-317    41-340 (376)
     477 tr|A0A2C9K1H0|A0A2C9K1H0_BIOGL 100.0 1.2E-38 1.2E-44  258.6   0.0  260   44-313    13-295 (607)
     478 tr|A0A1S3NPB2|A0A1S3NPB2_SALSA 100.0 1.2E-38 1.2E-44  252.4   0.0  273   35-316    38-333 (443)
     479 UniRef100_A0A3M6TKY7 G_PROTEIN 100.0 1.2E-38 1.2E-44  265.6   0.0  260   41-313    60-339 (432)
     480 UniRef100_A0A0L8FP69 G_PROTEIN 100.0 1.3E-38 1.3E-44  252.2   0.0  264   41-316    53-343 (488)
     481 tr|Q9NHF3|Q9NHF3_APLCA Octopam 100.0 1.3E-38 1.3E-44  244.5   0.0  267   39-313    41-350 (394)
     482 UniRef100_A0A315VGZ0 Melanocor 100.0 1.3E-38 1.3E-44  252.9   0.0  291   31-321   374-664 (681)
     483 tr|A0A0P7Y9H4|A0A0P7Y9H4_9TELE 100.0 1.3E-38 1.3E-44  252.7   0.0  259   44-312    47-335 (485)
     484 tr|A0A2B4RGY6|A0A2B4RGY6_STYPI 100.0 1.3E-38 1.3E-44  251.5   0.0  267   41-315    11-297 (348)
     485 UniRef100_A0A034VDT7 Tyramine/ 100.0 1.3E-38 1.3E-44  273.0   0.0  268   42-317   291-718 (820)
     486 tr|W5JTF9|W5JTF9_ANODA Somatos 100.0 1.3E-38 1.4E-44  256.3   0.0  268   38-315    56-348 (526)
     487 UniRef100_A0A034WQT6 Tachykini 100.0 1.4E-38 1.4E-44  261.8   0.0  265   41-313   121-417 (694)
     488 UniRef100_A0A2B4RVY2 Melanopsi 100.0 1.4E-38 1.4E-44  258.0   0.0  268   35-313    62-354 (452)
     489 UniRef100_A0A060X7S9 B2 bradyk 100.0 1.4E-38 1.4E-44  259.9   0.0  260   44-316   121-407 (491)
     490 UniRef100_A0A067RKH6 Putative  100.0 1.4E-38 1.4E-44  263.1   0.0  268   40-313   100-411 (501)
     491 UniRef100_A0A1D2M255 Somatosta 100.0 1.4E-38 1.4E-44  246.8   0.0  264   37-311    36-320 (382)
     492 UniRef100_A0A0P7Y8S7 Nocicepti 100.0 1.4E-38 1.5E-44  248.4   0.0  287   12-312    95-404 (467)
     493 ERR1719341_586736              100.0 1.5E-38 1.5E-44  257.6   0.0  271   39-319    57-359 (513)
     494 UniRef100_A0A1S3IXU9 RYamide r 100.0 1.5E-38 1.5E-44  247.6   0.0  269   40-315    38-331 (438)
     495 UniRef100_A0A060XSS1 5-hydroxy 100.0 1.6E-38 1.5E-44  273.3   0.0  273   40-318   214-555 (704)
     496 tr|A0A182QHF8|A0A182QHF8_9DIPT 100.0 1.5E-38 1.6E-44  257.5   0.0  268   40-315   104-407 (581)
     497 tr|A0A087X8Q0|A0A087X8Q0_POEFO 100.0 1.5E-38 1.6E-44  254.1   0.0  262   44-315    14-309 (456)
     498 tr|A0A1A9ZM95|A0A1A9ZM95_GLOPL 100.0 1.6E-38 1.6E-44  250.5   0.0  267   41-315    99-394 (481)
     499 tr|L7LWW3|L7LWW3_9ACAR Putativ 100.0 1.6E-38 1.6E-44  260.1   0.0  171   39-215   113-297 (624)
     500 tr|C3XPE3|C3XPE3_BRAFL Unchara 100.0 1.6E-38 1.6E-44  274.9   0.0  266   41-317   741-1043(1421)
     
  > Uniprot already searched, skipping.
/projects/ilfgrid/apps/alphafold-2.2.0/prep_MSAs.sh: line 93: /bin/hmmbuild: No such file or directory
/projects/ilfgrid/apps/alphafold-2.2.0/prep_MSAs.sh: line 94: /bin/hmmsearch: No such file or directory
> Running chain B
  > Uniref90 already searched, skipping.
  > Mgnify already searched, skipping.
  > Running hhblits on bfd_uniref30
- 22:12:00.718 INFO: Searching 65983866 column state sequences.

- 22:12:01.801 INFO: Searching 29291635 column state sequences.

- 22:12:01.837 INFO: mc5r_human-3608/msas/B/chain_B.fasta is in A2M, A3M or FASTA format

- 22:12:01.837 INFO: Iteration 1

- 22:12:01.852 INFO: Prefiltering database

- 22:12:47.873 INFO: HMMs passed 1st prefilter (gapless profile-profile alignment)  : 106999

- 22:13:05.136 INFO: HMMs passed 1st prefilter (gapless profile-profile alignment)  : 80243

- 22:13:05.253 INFO: HMMs passed 2nd prefilter (gapped profile-profile alignment)   : 407

- 22:13:05.253 INFO: HMMs passed 2nd prefilter and not found in previous iterations : 407

- 22:13:05.253 INFO: Scoring 407 HMMs using HMM-HMM Viterbi alignment

- 22:13:05.313 INFO: Alternative alignment: 0

- 22:13:05.463 INFO: 407 alignments done

- 22:13:05.464 INFO: Alternative alignment: 1

- 22:13:05.478 INFO: 391 alignments done

- 22:13:05.479 INFO: Alternative alignment: 2

- 22:13:05.481 INFO: 40 alignments done

- 22:13:05.482 INFO: Alternative alignment: 3

- 22:13:05.483 INFO: 5 alignments done

- 22:13:05.583 INFO: Premerge done

- 22:13:05.583 INFO: Realigning 454 HMM-HMM alignments using Maximum Accuracy algorithm

- 22:13:05.698 INFO: 22 sequences belonging to 22 database HMMs found with an E-value < 0.001

- 22:13:05.698 INFO: Number of effective sequences of resulting query HMM: Neff = 4.46542

- 22:13:05.710 INFO: Iteration 2

- 22:13:05.710 INFO: Set premerge to 0! (premerge: 3 iteration: 2 hits.Size: 19)

- 22:13:05.718 INFO: Prefiltering database

- 22:13:42.731 INFO: HMMs passed 1st prefilter (gapless profile-profile alignment)  : 43542

- 22:13:58.762 INFO: HMMs passed 1st prefilter (gapless profile-profile alignment)  : 46072

- 22:13:58.839 INFO: HMMs passed 2nd prefilter (gapped profile-profile alignment)   : 207

- 22:13:58.839 INFO: HMMs passed 2nd prefilter and not found in previous iterations : 188

- 22:13:58.839 INFO: Scoring 188 HMMs using HMM-HMM Viterbi alignment

- 22:13:58.880 INFO: Alternative alignment: 0

- 22:13:58.898 INFO: 188 alignments done

- 22:13:58.899 INFO: Alternative alignment: 1

- 22:13:58.905 INFO: 176 alignments done

- 22:13:58.905 INFO: Alternative alignment: 2

- 22:13:58.907 INFO: 29 alignments done

- 22:13:58.907 INFO: Alternative alignment: 3

- 22:13:58.908 INFO: 8 alignments done

- 22:13:58.925 INFO: Realigning 226 HMM-HMM alignments using Maximum Accuracy algorithm

- 22:13:58.978 INFO: 45 sequences belonging to 45 database HMMs found with an E-value < 0.001

- 22:13:58.978 INFO: Number of effective sequences of resulting query HMM: Neff = 4.57856

- 22:13:58.982 INFO: Iteration 3

- 22:13:58.992 INFO: Prefiltering database

- 22:14:31.710 INFO: HMMs passed 1st prefilter (gapless profile-profile alignment)  : 42876

- 22:14:47.244 INFO: HMMs passed 1st prefilter (gapless profile-profile alignment)  : 43060

- 22:14:47.309 INFO: HMMs passed 2nd prefilter (gapped profile-profile alignment)   : 197

- 22:14:47.309 INFO: HMMs passed 2nd prefilter and not found in previous iterations : 155

- 22:14:47.309 INFO: Scoring 155 HMMs using HMM-HMM Viterbi alignment

- 22:14:47.354 INFO: Alternative alignment: 0

- 22:14:47.377 INFO: 155 alignments done

- 22:14:47.377 INFO: Alternative alignment: 1

- 22:14:47.382 INFO: 145 alignments done

- 22:14:47.382 INFO: Alternative alignment: 2

- 22:14:47.383 INFO: 15 alignments done

- 22:14:47.383 INFO: Alternative alignment: 3

- 22:14:47.384 INFO: 2 alignments done

- 22:14:47.401 INFO: Rescoring previously found HMMs with Viterbi algorithm

- 22:14:47.425 INFO: Alternative alignment: 0

- 22:14:47.427 INFO: 42 alignments done

- 22:14:47.427 INFO: Alternative alignment: 1

- 22:14:47.429 INFO: 42 alignments done

- 22:14:47.429 INFO: Alternative alignment: 2

- 22:14:47.431 INFO: 27 alignments done

- 22:14:47.431 INFO: Alternative alignment: 3

- 22:14:47.433 INFO: 11 alignments done

- 22:14:47.451 INFO: Premerge done

- 22:14:47.451 INFO: Realigning 213 HMM-HMM alignments using Maximum Accuracy algorithm

- 22:14:47.486 INFO: 45 sequences belonging to 45 database HMMs found with an E-value < 0.001

- 22:14:47.486 INFO: Number of effective sequences of resulting query HMM: Neff = 4.57856

     Query         &beta;-MSH gtp:3608
     Match_columns 18
     No_of_seqs    222 out of 638
     Neff          4.57856
     Searched_HMMs 532
     Date          Wed Mar  8 22:14:47 2023
     Command       hhblits -i mc5r_human-3608/msas/B/chain_B.fasta -cpu 4 -maxmem 20 -oa3m /projects/ilfgrid/people/nqz918/code/deorph/scripts/af_arman/af_jobs_af23/mc5r_human/3608//mc5r_human-3608/msas/B/bfd_uniref_hits.a3m -o /dev/null -n 3 -e 0.001 -maxseq 1000000 -realign_max 100000 -maxfilt 100000 -min_prefilter_hits 1000 -d /projects/ilfgrid/data/alphafold-genetic-databases///bfd/bfd_metaclust_clu_complete_id30_c90_final_seq.sorted_opt -d /projects/ilfgrid/data/alphafold-genetic-databases///uniref30/UniRef30_2021_03 
     
      No Hit                             Prob E-value P-value  Score    SS Cols Query HMM  Template HMM
       1 UniRef100_P01202 Melanotropin   98.9 2.9E-11   3E-17   48.1   0.0   17    2-18      2-18  (18)
       2 UniRef100_A0A384AVQ4 Adrenocor  98.5 2.1E-09 2.3E-15   57.4   0.0   17    2-18     65-81  (114)
       3 UniRef100_A0A0S7MFS2 Adrenocor  98.3 9.2E-09 1.3E-14   55.9   0.0   17    2-18     84-100 (137)
       4 UniRef100_A0A385LUI4 Adrenocor  98.3 1.6E-08 1.7E-14   47.5   0.0   18    1-18     13-30  (44)
       5 UniRef100_A0A6P3HIC3 Adrenocor  98.3 1.9E-08 2.2E-14   57.7   0.0   17    2-18    158-174 (207)
       6 tr|I3LKG8|I3LKG8_PIG Pro-opiom  98.2 4.9E-08 6.2E-14   59.4   0.0   17    2-18    332-348 (381)
       7 UniRef100_G1SQ55 Adrenocortico  98.1 7.7E-08 8.2E-14   50.2   0.0   17    2-18     39-55  (88)
       8 UniRef100_A0A060YDT3 Adrenocor  98.1 5.5E-08 8.4E-14   57.6   0.0   17    2-18    222-238 (310)
       9 UniRef100_Q7LZD2 Corticotropin  98.0 1.9E-07   2E-13   42.6   0.0   16    2-17     20-35  (35)
      10 tr|M7AWG0|M7AWG0_CHEMY Pro-opi  98.0 1.8E-07 2.1E-13   58.3   0.0   17    2-18    431-447 (480)
      11 UniRef100_A0A096N6S7 Adrenocor  98.0 2.2E-07 2.7E-13   56.8   0.0   17    2-18    295-311 (375)
      12 UniRef100_A0A097ZJL4 Adrenocor  97.9 2.9E-07 3.3E-13   53.2   0.0   17    2-18    161-177 (203)
      13 UniRef100_A0A291LMJ1 Adrenocor  97.9 3.8E-07 4.2E-13   49.6   0.0   17    2-18     70-86  (116)
      14 tr|A0A0F8CIL7|A0A0F8CIL7_LARCR  97.9   4E-07 5.4E-13   54.4   0.0   16    2-17    240-255 (291)
      15 UniRef100_A0A023WBK5 Adrenocor  97.9 4.7E-07 6.1E-13   53.7   0.0   17    2-18    210-226 (264)
      16 UniRef100_A0A087XBH8 Adrenocor  97.8 6.9E-07 8.9E-13   53.9   0.0   16    2-17    238-253 (310)
      17 UniRef100_P01206 Melanotropin   97.8 1.1E-06 1.2E-12   35.8   0.0   14    3-16      3-16  (18)
      18 UniRef100_A0A4X2JSQ9 Beta-endo  97.7 2.1E-06 2.2E-12   45.4   0.0   16    2-17     33-48  (90)
      19 tr|A0A147A4L2|A0A147A4L2_FUNHE  97.6 2.1E-06 2.9E-12   52.4   0.0   16    2-17    300-315 (351)
      20 UniRef100_V9QEE2 POMC (Fragmen  97.6 2.9E-06   3E-12   47.9   0.0   17    2-18    133-149 (155)
      21 UniRef100_A0A109NH87 Adrenocor  97.6 2.6E-06 3.1E-12   51.8   0.0   16    2-17    227-242 (314)
      22 UniRef100_P41589 Melanotropin   97.6 3.1E-06 3.2E-12   32.5   0.0   12    4-15      1-12  (13)
      23 UniRef100_A0A7J7EB80 Adrenocor  97.6 3.5E-06 3.7E-12   52.3   0.0   17    2-18    350-366 (399)
      24 UniRef100_A0A0A7CB01 Adrenocor  97.5 7.3E-06 7.5E-12   43.5   0.0   16    2-17     65-80  (90)
      25 UniRef100_A0A4X1TXQ0 Adrenocor  97.4 9.4E-06 9.7E-12   50.6   0.0   17    2-18    366-382 (415)
      26 UniRef100_G0LYC2 Adrenocortico  97.4 1.3E-05 1.4E-11   42.7   0.0   16    2-17     48-63  (91)
      27 UniRef100_A0A3B3IEF3 Adrenocor  97.4 1.2E-05 1.5E-11   48.6   0.0   16    2-17    224-239 (277)
      28 tr|A0A287ACZ2|A0A287ACZ2_PIG P  97.3 1.6E-05 1.9E-11   49.1   0.0   16    3-18    298-313 (346)
      29 UniRef100_M7AWG0 Adrenocortico  97.3 2.6E-05 2.7E-11   49.4   0.0   16    3-18    432-447 (480)
      30 tr|H0WAP1|H0WAP1_CAVPO Pro-opi  97.2 2.9E-05 3.2E-11   48.1   0.0   17    2-18    207-223 (342)
      31 UniRef100_P01207 Melanotropin   97.1 5.5E-05 5.6E-11   30.6   0.0   14    3-16      3-16  (16)
      32 UniRef100_UPI0008F9FE43 pro-op  97.1 5.6E-05 5.8E-11   43.3   0.0   16    2-17    135-150 (156)
      33 UniRef100_A0A218KE56 Adrenocor  97.0 8.2E-05   1E-10   44.8   0.0   14    4-17    198-211 (243)
      34 tr|A7Y489|A7Y489_SOLSO Proopio  96.9 0.00015 1.6E-10   42.5   0.0   16    2-17    143-158 (186)
      35 UniRef100_H0WAP1 Adrenocortico  96.9 0.00018 1.9E-10   44.8   0.0   16    2-17    207-222 (342)
      36 UniRef100_P41989 Melanotropin   96.8 0.00024 2.5E-10   26.7   0.0    9    5-13      1-9   (11)
      37 UniRef100_A0A4Z2BRR7 Adrenocor  96.8 0.00022 2.5E-10   43.0   0.0   15    2-16    174-188 (230)
      38 UniRef100_UPI0009B46B9B pro-op  96.8 0.00026 2.6E-10   44.4   0.0   16    2-17    262-277 (351)
      39 UniRef100_A0A193H5S4 Adrenocor  96.7 0.00029 3.3E-10   43.3   0.0   16    3-18    220-235 (273)
      40 UniRef100_P01196 Pro-opiomelan  96.7 0.00033 3.6E-10   33.5   0.0   12    4-15      1-12  (39)
      41 UniRef100_A0A5J5D981 Adrenocor  96.6 0.00047 4.9E-10   42.8   0.0   16    2-17    258-273 (311)
      42 UniRef100_V8NQ64 Met-enkephali  96.5 0.00086 8.9E-10   37.4   0.0   14    3-16     61-74  (111)
      43 UniRef100_A0A315WF50 Met-enkep  96.4  0.0011 1.1E-09   36.4   0.0   15    2-16     44-58  (96)
      44 UniRef100_Q4RR10 Adrenocortico  96.3  0.0015 1.6E-09   37.9   0.0   15    2-16    131-145 (150)
      45 tr|A0A1W6R7E2|A0A1W6R7E2_SMICR  96.3  0.0016 1.8E-09   41.8   0.0   17    2-18    350-366 (399)
      46 UniRef100_A0A665UJY1 Adrenocor  96.3  0.0018   2E-09   38.9   0.0   14    3-16    152-165 (196)
      47 UniRef100_UPI0018861576 pro-op  96.3  0.0019   2E-09   38.8   0.0   16    1-16    108-123 (203)
      48 UniRef100_A0A6F9BHY4 Adrenocor  96.1   0.003 3.1E-09   41.1   0.0   15    2-16    394-408 (446)
      49 UniRef100_A0A7J5XCN6 Adrenocor  96.1   0.003 3.4E-09   36.7   0.0   14    2-15     94-107 (143)
      50 UniRef100_Q2L6B0 Met-enkephali  96.1  0.0034 3.6E-09   38.3   0.0   15    3-17    105-119 (219)
      51 UniRef100_Q2L6A9 Adrenocortico  96.0  0.0035 3.8E-09   37.0   0.0   14    4-17    106-119 (160)
      52 UniRef100_A0A0H3ZG63 Adrenocor  95.9  0.0046 5.2E-09   35.5   0.0   13    3-15     59-71  (125)
      53 UniRef100_A0A6P7LN64 pro-opiom  95.9  0.0053 5.5E-09   38.2   0.0   16    3-18    110-125 (261)
      54 UniRef100_A0A670ZQ51 Met-enkep  95.9  0.0055 5.6E-09   33.1   0.0   13    4-16     30-42  (78)
      55 tr|Q91259|Q91259_PETMA Proopio  95.9  0.0054 5.8E-09   38.0   0.0   14    4-17    191-204 (245)
      56 UniRef100_A0A385LUC5 Proopiome  95.9  0.0057 5.9E-09   33.0   0.0   14    3-16     62-75  (77)
      57 tr|Q9PRN2|Q9PRN2_PETMA Unchara  95.9  0.0055   6E-09   38.5   0.0   15    3-17    151-165 (278)
      58 UniRef100_A0A5C6NRZ1 Adrenocor  95.8  0.0067 6.9E-09   38.1   0.0   15    2-16    224-238 (280)
      59 UniRef100_K7P8I7 Pro-opiomelan  95.8  0.0064   7E-09   34.5   0.0   13    1-13     99-111 (111)
      60 UniRef100_Q4RR10 Adrenocortico  95.8  0.0068 7.1E-09   35.6   0.0   15    3-17     57-71  (150)
      61 UniRef100_A0A6A4RWU4 Adrenocor  95.8  0.0071 7.3E-09   39.7   0.0   16    2-17    405-420 (458)
      62 UniRef100_UPI0012437925 pro-op  95.7  0.0092 9.4E-09   33.0   0.0   13    3-15     23-35  (92)
      63 UniRef100_A0A2Z5E3U0 Adrenocor  95.7  0.0094 9.9E-09   33.7   0.0   13    2-14     95-107 (107)
      64 UniRef100_A0A2Z5E3U0 Adrenocor  95.7  0.0094   1E-08   33.7   0.0   13    3-15     24-36  (107)
      65 UniRef100_A0A089FHF1 Adrenocor  95.7  0.0094   1E-08   34.4   0.0   14    3-16     94-107 (126)
      66 UniRef100_A0A142LW42 Adrenocor  95.6  0.0098 1.1E-08   34.4   0.0   13    3-15     45-57  (127)
      67 UniRef100_A0A3L8Q4A2 Adrenocor  95.6   0.011 1.2E-08   32.6   0.0   13    3-15     46-58  (89)
      68 UniRef100_A0A1A8G7U4 Adrenocor  95.6   0.012 1.2E-08   34.0   0.0   15    2-16     64-78  (127)
      69 tr|A0A146XQ11|A0A146XQ11_FUNHE  95.6   0.012 1.3E-08   36.8   0.0   15    1-15     81-95  (252)
      70 UniRef100_Q91259 Adrenocortico  95.5   0.013 1.3E-08   36.5   0.0   14    4-17    191-204 (245)
      71 UniRef100_A0A6P7LN64 pro-opiom  95.4   0.017 1.7E-08   36.3   0.0   14    4-17    166-179 (261)
      72 UniRef100_UPI0010A7E70C pro-op  95.4   0.017 1.8E-08   38.6   0.0   15    4-18    493-507 (540)
      73 UniRef100_Q91259 Adrenocortico  95.4   0.019 1.9E-08   35.9   0.0   14    3-16    107-120 (245)
      74 UniRef100_Q91258 Met-enkephali  95.3   0.022 2.3E-08   36.1   0.0   14    4-17    152-165 (278)
      75 UniRef100_R9TGC6 Adrenocortico  95.2   0.024 2.6E-08   34.6   0.0   13    4-16     99-111 (193)
      76 UniRef100_UPI00155EB259 pro-op  95.2   0.027 2.8E-08   33.2   0.0   14    3-16     38-51  (142)
      77 tr|Q91259|Q91259_PETMA Proopio  95.1    0.03 3.2E-08   35.2   0.0   13    4-16    108-120 (245)
      78 UniRef100_A0A5C6NRZ1 Adrenocor  95.1   0.032 3.3E-08   35.4   0.0   15    3-17    151-165 (280)
      79 UniRef100_K7QX41 Pro-opiomelan  95.0   0.038 3.9E-08   28.2   0.0   12    3-14     31-42  (49)
      80 UniRef100_A0A665UJY1 Adrenocor  94.8   0.045 4.8E-08   33.7   0.0   14    2-15     86-99  (196)
      81 UniRef100_A0A6A4RWU4 Adrenocor  94.8   0.053 5.4E-08   36.2   0.0   15    3-17    319-333 (458)
      82 tr|A0A1W6R7E2|A0A1W6R7E2_SMICR  94.6   0.067 7.2E-08   35.5   0.0   13    3-15    140-152 (399)
      83 tr|A0A1W6R7E2|A0A1W6R7E2_SMICR  94.5   0.073 7.8E-08   35.4   0.0   15    2-16    275-289 (399)
      84 UniRef100_A0A089FHF1 Adrenocor  94.3   0.087 9.5E-08   31.0   0.0   12    3-14     28-39  (126)
      85 UniRef100_A0A3Q3IMB2 Adrenocor  94.3   0.096 9.8E-08   32.9   0.0   13    4-16    107-119 (224)
      86 UniRef100_A0A1B1FEH1 Proopiome  94.2    0.11 1.1E-07   29.7   0.0   11    3-13     87-97  (98)
      87 UniRef100_A0A0A2CH99 Uncharact  93.9    0.15 1.5E-07   25.8   0.0   11    6-16     32-42  (43)
      88 UniRef100_Q2L6A9 Adrenocortico  93.8    0.16 1.7E-07   31.0   0.0   13    4-16     21-33  (160)
      89 UniRef100_A0A0S7IIQ3 COLI2 (Fr  93.8    0.17 1.7E-07   29.7   0.0   11    3-13    110-120 (120)
      90 UniRef100_A0A1B1FEH1 Proopiome  93.7    0.18 1.9E-07   28.9   0.0   12    3-14     21-32  (98)
      91 UniRef100_A0A6F9BHY4 Adrenocor  93.6     0.2 2.1E-07   33.8   0.0   13    3-15    312-324 (446)
      92 UniRef100_A0A3P4QD44 NPP domai  93.6    0.21 2.2E-07   29.3   0.0   12    3-14     70-81  (116)
      93 UniRef100_UPI0004F01464 pro-op  93.3    0.27 2.7E-07   29.6   0.0   11    3-13    129-139 (139)
      94 UniRef100_A0A6L2JH98 Uncharact  93.0    0.34 3.5E-07   29.9   0.0   11    4-14      3-13  (171)
      95 UniRef100_UPI0010A7E70C pro-op  92.9    0.37 3.8E-07   33.3   0.0   13    3-15    392-404 (540)
      96 ERR1719273_1327451              92.8    0.36 3.9E-07   29.7   0.0   12    4-15     59-70  (161)
      97 UniRef100_A0A6G6RE32 Uncharact  92.7    0.38 4.2E-07   28.7   0.0   12    7-18      1-12  (126)
      98 UniRef100_A0A3Q3DDB0 Pro-opiom  92.6    0.45 4.7E-07   30.7   0.0   11    5-15     86-96  (247)
      99 SRR4029434_1898424              92.5    0.43 4.8E-07   29.3   0.0   12    5-16     46-57  (155)
     100 UniRef100_A0A382SXC8 Uncharact  92.3    0.55 5.7E-07   22.5   0.0   11    3-13      7-17  (29)
     101 UniRef100_UPI001403D22C LOW QU  92.0    0.63 6.5E-07   29.2   0.0   12    3-14     61-72  (188)
     102 UniRef100_UPI0004F01464 pro-op  92.0    0.63 6.5E-07   28.2   0.0   11    4-14     79-89  (139)
     103 UniRef100_A0A382AVB5 Uncharact  91.4    0.85 9.2E-07   24.4   0.0   16    2-17     29-44  (55)
     104 UniRef100_UPI0014023B7C pro-op  91.3    0.94 9.6E-07   27.8   0.0   14    3-16    103-116 (147)
     105 ERR1712071_472160               91.1    0.95   1E-06   27.3   0.0   10    6-15      1-10  (124)
     106 UniRef100_UPI0018D4EE0A hypoth  91.0     1.1 1.1E-06   26.2   0.0   12    6-17     41-52  (97)
     107 UniRef100_A0A4Q0SY71 Uncharact  90.8     1.1 1.2E-06   27.5   0.0   10    6-15    129-138 (149)
     108 UniRef100_UPI0018F7F352 probab  90.7     1.2 1.2E-06   29.0   0.0   11    7-17    214-224 (241)
     109 UniRef100_A0A2R5GL51 Uncharact  90.7     1.2 1.3E-06   26.3   0.0   16    2-17     31-46  (107)
     110 UniRef100_A0A6J4SSH7 Uncharact  90.4     1.4 1.4E-06   23.8   0.0   12    3-14      3-14  (56)
     111 UniRef100_A0A2P5CI71 UDP-glucu  90.1     1.6 1.6E-06   26.4   0.0   10    6-15     52-61  (122)
     112 UniRef100_A0A7J7Q2K3 Uncharact  89.8     1.7 1.8E-06   25.6   0.0   12    6-17     42-53  (100)
     113 UniRef100_A0A0A9N080 Uncharact  89.7     1.8 1.8E-06   21.0   0.0   11    7-17      5-15  (29)
     114 SRR5262249_55925565             89.6     1.6 1.9E-06   29.0   0.0   12    5-16    244-255 (268)
     115 UniRef100_A0A0F9B267 Uncharact  89.6     1.9 1.9E-06   25.1   0.0   13    5-17     80-92  (92)
     116 UniRef100_A0A699S3M5 Uncharact  89.4       2 2.1E-06   22.2   0.0   10    8-17     32-41  (42)
     117 UniRef100_A0A2V8C3R6 Uncharact  89.4       2 2.1E-06   24.8   0.0   13    5-17     57-69  (85)
     118 UniRef100_A0A0A9M7K3 Uncharact  89.2     2.1 2.2E-06   20.9   0.0   11    7-17      6-16  (30)
     119 UniRef100_A0A522GT77 Uncharact  89.1     2.2 2.2E-06   27.0   0.0   12    7-18     54-65  (172)
     120 UniRef100_A0A066V983 Uncharact  88.6     2.4 2.6E-06   27.2   0.0   16    1-16    126-141 (187)
     121 UniRef100_A0A392PI30 Uncharact  88.5     2.6 2.7E-06   22.8   0.0   10    5-14     20-29  (54)
     122 UniRef100_A0A5F9CW27 NPP domai  88.4     2.8 2.8E-06   28.1   0.0   11    4-14     71-81  (285)
     123 UniRef100_A0A453LHC2 Uncharact  88.1       3 3.1E-06   24.7   0.0   12    4-15     55-66  (100)
     124 SRR6266576_1283274              88.0     2.7 3.1E-06   26.5   0.0   15    1-15      3-17  (160)
     125 UniRef100_J9FM23 Uncharacteriz  87.9     3.1 3.2E-06   24.4   0.0   10    7-16      1-10  (93)
     126 UniRef100_A0A7W0KES5 Uncharact  87.8     3.2 3.3E-06   22.2   0.0   13    5-17     24-36  (50)
     127 UniRef100_UPI0010A7E70C pro-op  87.8     3.2 3.3E-06   29.6   0.0   12    3-14    317-328 (540)
     128 ERR1700738_2008710              87.7       3 3.4E-06   26.0   0.0   16    1-16     52-67  (143)
     129 UniRef100_A0A671TIL7 Adrenocor  87.6     3.4 3.5E-06   26.2   0.0   15    1-15     95-109 (172)
     130 UniRef100_A0A7Z1RKQ3 Uncharact  87.4     3.6 3.7E-06   22.8   0.0   11    6-16     15-25  (62)
     131 SRR5499427_8482279              87.4     3.4 3.7E-06   27.4   0.0   13    5-17      8-20  (240)
     132 UniRef100_A0A385HTR1 Uncharact  87.3     3.7 3.8E-06   22.4   0.0   14    4-17     14-27  (55)
     133 tr|A0A178ZJT4|A0A178ZJT4_9EURO  87.3     3.3 3.8E-06   31.1   0.0   11    7-17    316-326 (882)
     134 UniRef100_A0A7S1WTZ1 Hypotheti  87.2     3.7 3.8E-06   25.7   0.0   12    6-17    110-121 (148)
     135 UniRef100_A0A323U798 Uncharact  87.2     3.8 3.9E-06   23.3   0.0   13    4-16     16-28  (72)
     136 UniRef100_A0A4Y1MTL4 Uncharact  87.1     3.8 3.9E-06   23.4   0.0   11    7-17     46-56  (75)
     137 ERR1019366_5256139              86.9     3.6 4.1E-06   28.2   0.0   14    3-16     40-53  (320)
     138 UniRef100_A0A419DHS3 Uncharact  86.6     4.3 4.4E-06   23.4   0.0   11    7-17      1-11  (80)
     139 UniRef100_A0A5N5TMV8 FERM doma  86.6     4.4 4.5E-06   28.6   0.0   15    3-17     99-113 (446)
     140 SRR4051794_16818205             86.5     4.2 4.6E-06   26.2   0.0   16    2-17     17-32  (180)
     141 UniRef100_A0A699MUL4 Reverse t  86.3     4.6 4.8E-06   23.8   0.0   11    7-17     56-66  (92)
     142 SRR6266446_5116399              85.8     4.8 5.3E-06   25.3   0.0   15    2-16    132-146 (146)
     143 UniRef100_A9NLQ0 Uncharacteriz  85.7     5.3 5.5E-06   24.5   0.0   14    3-16     20-33  (124)
     144 UniRef100_A0A2K1JBE0 Uncharact  85.6     5.5 5.6E-06   23.4   0.0   12    4-15     65-76  (88)
     145 UniRef100_A0A0F9ENZ9 Uncharact  85.5     5.5 5.7E-06   24.6   0.0   10    8-17    106-115 (130)
     146 SRR5207237_9666908              85.4     5.4 5.8E-06   24.7   0.0   14    3-16     89-102 (129)
     147 UniRef100_A0A0F2M5D3 Uncharact  85.3     5.7 5.9E-06   23.4   0.0   12    6-17     73-84  (89)
     148 UniRef100_A0A6A4KWQ2 Exostosin  85.1       6 6.2E-06   25.5   0.0   11    7-17    149-159 (180)
     149 SRR6266513_5295249              85.0     5.8 6.3E-06   24.9   0.0   11    6-16    123-133 (143)
     150 UniRef100_A0A2J7R4W6 Uncharact  84.8     6.3 6.5E-06   25.7   0.0   11    3-13    115-125 (198)
     151 UniRef100_A0A0T5Z8K0 Uncharact  84.6     6.6 6.8E-06   24.6   0.0   10    8-17     63-72  (140)
     152 UniRef100_A0A6J4X299 Uncharact  84.4     6.8   7E-06   20.1   0.0   14    1-14     16-29  (37)
     153 UniRef100_H6RN13 Uncharacteriz  84.2     7.1 7.3E-06   24.2   0.0   12    5-16     99-110 (129)
     154 UniRef100_UPI000D43A6E4 hypoth  84.2     7.2 7.4E-06   24.1   0.0   12    2-13     81-92  (126)
     155 UniRef100_G0CC15 Uncharacteriz  84.0     7.4 7.6E-06   21.7   0.0   15    2-16     37-51  (60)
     156 UniRef100_A0A3B8R2E7 HPt domai  83.9     7.5 7.7E-06   23.4   0.0   12    6-17     92-103 (103)
     157 SRR3954447_16094037             83.9     7.2 7.7E-06   26.4   0.0   15    1-15    214-228 (262)
     158 SRR3990172_7548611              83.8     7.4   8E-06   25.4   0.0   14    2-15    121-134 (188)
     159 SRR5678815_573596               83.6     7.7 8.2E-06   24.4   0.0   12    5-16     93-104 (139)
     160 SRR4051812_24616292             83.6     7.7 8.2E-06   26.3   0.0   14    1-14    255-268 (269)
     161 UniRef100_A0A1I5YWM8 Uncharact  83.5     8.1 8.3E-06   22.6   0.0   12    2-13     39-50  (83)
     162 UniRef100_A0A450STI2 Uncharact  83.3     8.4 8.6E-06   22.1   0.0   12    6-17     18-29  (71)
     163 UniRef100_A0A7R9TKI7 Hypotheti  83.2     8.5 8.7E-06   25.6   0.0   12    2-13     31-42  (228)
     164 UniRef100_A0A671TI61 NPP domai  83.1     8.6 8.9E-06   25.0   0.0   14    1-14     72-85  (183)
     165 UniRef100_A0A4X3P624 Uncharact  82.4     9.6 9.9E-06   23.0   0.0   16    1-16     48-63  (102)
     166 UniRef100_A0A6V7KYT1 FERM doma  82.3     9.8   1E-05   20.8   0.0   15    3-17     21-35  (51)
     167 UniRef100_A0A6P6SJN1 F-box pro  82.1     9.6   1E-05   26.1   0.0   14    3-16    204-217 (279)
     168 UniRef100_A0A178B0V3 Uncharact  81.6      11 1.1E-05   24.6   0.0   13    2-14     15-27  (186)
     169 UniRef100_A0A2I0VXH4 Regulator  81.4      11 1.2E-05   22.7   0.0   14    2-15     30-43  (99)
     170 UniRef100_A0A371ENB1 Reverse t  81.3      11 1.2E-05   24.2   0.0   14    4-17    150-163 (165)
     171 UniRef100_A0A086C3G2 Hemolysin  80.7      12 1.3E-05   23.9   0.0   17    2-18     89-105 (150)
     172 UniRef100_A0A1I5U2H0 Uncharact  80.6      13 1.3E-05   26.2   0.0   12    3-14     27-38  (361)
     173 UniRef100_UPI000369CB0B hypoth  80.5      13 1.3E-05   23.4   0.0   15    3-17     86-100 (131)
     174 UniRef100_A0A3N6R855 Uncharact  80.5      13 1.3E-05   22.2   0.0   14    4-17     11-24  (90)
     175 UniRef100_A0A367IM44 Uncharact  80.2      13 1.4E-05   22.4   0.0   10    2-11     87-96  (97)
     176 SRR5215212_9939378              79.5      13 1.5E-05   23.9   0.0   16    1-16     29-44  (155)
     177 UniRef100_A0A2K3KJ91 ABC trans  79.3      14 1.5E-05   22.0   0.0   12    2-13     37-48  (88)
     178 SRR5580704_1592698              79.2      15 1.6E-05   24.2   0.0   15    3-17    142-156 (183)
     179 UniRef100_F4PGT6 Uncharacteriz  79.2      15 1.6E-05   26.8   0.0   16    1-16    448-463 (514)
     180 UniRef100_A0A2I0VZI7 Photosyst  79.0      16 1.6E-05   21.1   0.0   14    4-17     24-37  (70)
     181 UniRef100_A0A7E6CF35 uncharact  78.9      16 1.6E-05   25.3   0.0   11    7-17    245-255 (291)
     182 UniRef100_A0A7W3IRB3 Uncharact  78.9      16 1.6E-05   21.8   0.0   13    4-16     51-63  (88)
     183 UniRef100_A0A3N6A5F6 Membrane   78.7      16 1.7E-05   22.8   0.0   12    3-14     30-41  (124)
     184 UniRef100_UPI0014941D2A AMP-bi  78.6      17 1.7E-05   20.3   0.0   13    4-16     44-56  (56)
     185 UniRef100_UPI001374845A hypoth  77.8      18 1.9E-05   22.5   0.0   13    2-14     32-44  (118)
     186 UniRef100_D9V418 Predicted pro  77.7      18 1.9E-05   20.4   0.0   13    2-14     39-51  (59)
     187 SRR3954454_10561367             77.6      18 1.9E-05   23.7   0.0   15    4-18     39-53  (168)
     188 UniRef100_A0A285RSP9 Uncharact  77.0      20   2E-05   20.9   0.0   16    2-17      3-18  (72)
     189 UniRef100_A0A0L8I6K2 Uncharact  76.7      21 2.1E-05   23.3   0.0   13    4-16     44-56  (167)
     190 UniRef100_A0A450ZAN5 Uncharact  76.7      21 2.1E-05   23.6   0.0   13    4-16    144-156 (183)
     191 UniRef100_D3R005 Uncharacteriz  76.1      22 2.3E-05   20.7   0.0   13    2-14     23-35  (72)
     192 UniRef100_B8PAL3 Predicted pro  75.8      23 2.3E-05   26.3   0.0   12    4-15     76-87  (549)
     193 UniRef100_A0A1Y1VGG5 Histone-f  75.7      23 2.4E-05   23.3   0.0   13    3-15    110-122 (173)
     194 ERR1700722_8883533              75.2      22 2.5E-05   23.2   0.0   15    2-16    143-157 (162)
     195 UniRef100_A0A0S7M9Y7 ABCA4 (Fr  75.1      24 2.5E-05   23.6   0.0   15    3-17     87-101 (203)
     196 UniRef100_A0A7S4MGC3 Hypotheti  75.1      24 2.5E-05   22.1   0.0   15    3-17     66-80  (121)
     197 UniRef100_UPI001A9B0700 hypoth  75.0      25 2.6E-05   23.5   0.0   15    3-17     96-110 (198)
     198 UniRef100_A0A0A2X3N4 Uncharact  74.5      26 2.7E-05   21.3   0.0   16    1-16     44-59  (93)
     199 UniRef100_A0A699Y781 Uncharact  73.6      28 2.9E-05   18.8   0.0   12    5-16     18-29  (44)
     200 UniRef100_A0A7W0VFY7 Uncharact  73.1      30 3.1E-05   23.1   0.0   15    3-17    104-118 (193)
     201 UniRef100_A0A424YGH3 LysM pept  72.9      30 3.1E-05   22.6   0.0   13    5-17    121-133 (160)
     202 UniRef100_A0A0V0PWW5 Uncharact  72.5      32 3.3E-05   25.0   0.0   14    2-15    308-321 (409)
     203 UniRef100_A0A6C0HF59 Uncharact  72.5      32 3.3E-05   21.7   0.0   13    1-13     81-93  (120)
     204 UniRef100_A0A0A9HM39 Uncharact  72.2      33 3.3E-05   22.0   0.0   13    5-17     95-107 (136)
     205 UniRef100_A0A1G1ZF94 Uncharact  67.1      50 5.2E-05   19.2   0.0   14    4-17     41-54  (64)
     206 UniRef100_A0A321L388 Uncharact  64.3      62 6.4E-05   19.8   0.0   16    1-16     15-30  (88)
     207 UniRef100_UPI00041F3E4B DDE tr  61.1      78   8E-05   19.1   0.0   15    3-17      6-20  (78)
     208 UniRef100_A0A2P2PHS9 Uncharact  61.0      79 8.1E-05   17.2   0.0   15    3-17     21-35  (40)
     209 UniRef100_A0A329AJS5 Uncharact  58.5      93 9.6E-05   21.0   0.0   15    2-16     16-30  (174)
     210 UniRef100_A0A510JDT9 Putative   56.8   1E+02 0.00011   19.2   0.0   15    3-17     36-50  (94)
     211 UniRef100_A0A314YSP1 NAC trans  55.3 1.1E+02 0.00012   18.8   0.0   14    4-17     62-75  (84)
     212 UniRef100_A0A3L8Q4A2 Adrenocor  47.2 1.9E+02 0.00019   18.2   0.0    8    7-14      1-8   (89)
     213 UniRef100_A0A385LUC5 Proopiome  40.8 2.7E+02 0.00028   17.3   0.0    7    8-14      1-7   (77)
     
  > Uniprot already searched, skipping.
/projects/ilfgrid/apps/alphafold-2.2.0/prep_MSAs.sh: line 93: /bin/hmmbuild: No such file or directory
/projects/ilfgrid/apps/alphafold-2.2.0/prep_MSAs.sh: line 94: /bin/hmmsearch: No such file or directory

>> Job finished at: Wed Mar  8 22:14:53 CET 2023

>> Runtime: 661 s
