>> Job started at: Thu Mar  9 02:30:37 CET 2023
   On Machine:     ilfgridgpun01fl.unicph.domain
   In directory:   /projects/ilfgrid/people/nqz918/code/deorph/scripts/af_arman/af_jobs_af23/ntr2_mouse/1578

>> GPU is 

Loaded miniconda shell environment for bash
> Running 'prep_MSAs.sh'
  > Alphafold-DB directory is set to /projects/ilfgrid/data/alphafold-genetic-databases//
  > Number of cores was set to set to 4
  > Max memory set to 20 GB
  > Output directory was set to /projects/ilfgrid/people/nqz918/code/deorph/scripts/af_arman/af_jobs_af23/ntr2_mouse/1578/
  > Input fastafile was set to /projects/ilfgrid/people/nqz918/code/deorph/scripts/af_arman/af_jobs_af23/ntr2_mouse/1578/ntr2_mouse-1578.fasta
> Splitting fastafile
> Running chain A
  > Uniref90 already searched, skipping.
  > Mgnify already searched, skipping.
  > Running hhblits on bfd_uniref30
- 02:30:55.285 INFO: Searching 65983866 column state sequences.

- 02:30:56.400 INFO: Searching 29291635 column state sequences.

- 02:30:56.445 INFO: ntr2_mouse-1578/msas/A/chain_A.fasta is in A2M, A3M or FASTA format

- 02:30:56.445 INFO: Iteration 1

- 02:30:56.592 INFO: Prefiltering database

- 02:32:15.650 INFO: HMMs passed 1st prefilter (gapless profile-profile alignment)  : 1622029

- 02:33:04.097 INFO: HMMs passed 1st prefilter (gapless profile-profile alignment)  : 764889

- 02:33:06.366 INFO: HMMs passed 2nd prefilter (gapped profile-profile alignment)   : 21582

- 02:33:06.366 INFO: HMMs passed 2nd prefilter and not found in previous iterations : 21582

- 02:33:06.366 INFO: Scoring 21582 HMMs using HMM-HMM Viterbi alignment

- 02:33:06.413 INFO: Alternative alignment: 0

- 02:33:07.215 INFO: 2000 alignments done

- 02:33:07.969 INFO: 4000 alignments done

- 02:33:08.867 INFO: 6000 alignments done

- 02:33:09.514 INFO: 8000 alignments done

- 02:33:10.110 INFO: 10000 alignments done

- 02:33:10.683 INFO: 12000 alignments done

- 02:33:11.272 INFO: 14000 alignments done

- 02:33:11.803 INFO: 16000 alignments done

- 02:33:12.283 INFO: 18000 alignments done

- 02:33:12.752 INFO: 20000 alignments done

- 02:33:13.160 INFO: 21582 alignments done

- 02:33:13.165 INFO: Alternative alignment: 1

- 02:33:19.370 INFO: 21515 alignments done

- 02:33:19.401 INFO: Alternative alignment: 2

- 02:33:21.675 INFO: 6161 alignments done

- 02:33:21.679 INFO: Alternative alignment: 3

- 02:33:22.116 INFO: 857 alignments done

- 02:33:22.764 INFO: Premerge done

- 02:33:22.765 INFO: Realigning 4566 HMM-HMM alignments using Maximum Accuracy algorithm

- 02:33:37.987 INFO: 4569 sequences belonging to 4569 database HMMs found with an E-value < 0.001

- 02:33:37.987 INFO: Number of effective sequences of resulting query HMM: Neff = 10.4991

- 02:33:38.178 INFO: Iteration 2

- 02:33:38.178 INFO: Set premerge to 0! (premerge: 3 iteration: 2 hits.Size: 4566)

- 02:33:38.311 INFO: Prefiltering database

- 02:35:15.580 INFO: HMMs passed 1st prefilter (gapless profile-profile alignment)  : 12960590

- 02:35:55.304 WARNING: Number of hits passing 2nd prefilter (reduced from 119412 to allowed maximum of 100000).
You can increase the allowed maximum using the -maxfilt <max> option.

- 02:36:35.613 INFO: HMMs passed 1st prefilter (gapless profile-profile alignment)  : 4004725

- 02:36:52.900 WARNING: Number of hits passing 2nd prefilter (reduced from 143264 to allowed maximum of 100000).
You can increase the allowed maximum using the -maxfilt <max> option.

- 02:36:53.305 WARNING: database contains sequences that exceed maximum allowed size (maxres = 20001). Max sequence length can be increased with parameter -maxres.

- 02:36:53.327 INFO: HMMs passed 2nd prefilter (gapped profile-profile alignment)   : 200000

- 02:36:53.327 INFO: HMMs passed 2nd prefilter and not found in previous iterations : 195476

- 02:36:53.327 INFO: Scoring 195476 HMMs using HMM-HMM Viterbi alignment

- 02:36:53.367 INFO: Alternative alignment: 0

- 02:36:53.963 INFO: 2000 alignments done

- 02:36:54.570 INFO: 4000 alignments done

- 02:36:55.190 INFO: 6000 alignments done

- 02:36:55.764 INFO: 8000 alignments done

- 02:36:56.347 INFO: 10000 alignments done

- 02:36:56.913 INFO: 12000 alignments done

- 02:36:57.478 INFO: 14000 alignments done

- 02:36:57.995 INFO: 16000 alignments done

- 02:36:58.473 INFO: 18000 alignments done

- 02:36:58.908 INFO: 20000 alignments done

- 02:36:59.322 INFO: 22000 alignments done

- 02:36:59.764 INFO: 24000 alignments done

- 02:37:00.600 INFO: 26000 alignments done

- 02:37:01.478 INFO: 28000 alignments done

- 02:37:01.480 INFO: Stop after DB-HHM: 28000 because early stop  18.1775 < filter cutoff 20

- 02:37:01.480 INFO: Alternative alignment: 1

- 02:37:05.091 INFO: 9885 alignments done

- 02:37:05.104 INFO: Alternative alignment: 2

- 02:37:05.589 INFO: 943 alignments done

- 02:37:05.589 INFO: Alternative alignment: 3

- 02:37:05.710 INFO: 174 alignments done

- 02:37:05.855 INFO: Realigning 7143 HMM-HMM alignments using Maximum Accuracy algorithm

- 02:37:31.331 INFO: 11712 sequences belonging to 11712 database HMMs found with an E-value < 0.001

- 02:37:31.331 INFO: Number of effective sequences of resulting query HMM: Neff = 11.2308

- 02:37:31.448 INFO: Iteration 3

- 02:37:31.576 INFO: Prefiltering database

- 02:38:52.799 INFO: HMMs passed 1st prefilter (gapless profile-profile alignment)  : 12522717

- 02:40:11.292 INFO: HMMs passed 1st prefilter (gapless profile-profile alignment)  : 3867197

- 02:40:27.710 WARNING: Number of hits passing 2nd prefilter (reduced from 119490 to allowed maximum of 100000).
You can increase the allowed maximum using the -maxfilt <max> option.

- 02:40:28.103 WARNING: database contains sequences that exceed maximum allowed size (maxres = 20001). Max sequence length can be increased with parameter -maxres.

- 02:40:28.103 INFO: HMMs passed 2nd prefilter (gapped profile-profile alignment)   : 171879

- 02:40:28.103 INFO: HMMs passed 2nd prefilter and not found in previous iterations : 160386

- 02:40:28.103 INFO: Scoring 160386 HMMs using HMM-HMM Viterbi alignment

- 02:40:28.142 INFO: Alternative alignment: 0

- 02:40:28.738 INFO: 2000 alignments done

- 02:40:29.312 INFO: 4000 alignments done

- 02:40:29.920 INFO: 6000 alignments done

- 02:40:30.512 INFO: 8000 alignments done

- 02:40:31.166 INFO: 10000 alignments done

- 02:40:31.838 INFO: 12000 alignments done

- 02:40:32.513 INFO: 14000 alignments done

- 02:40:33.388 INFO: 16000 alignments done

- 02:40:34.523 INFO: 18000 alignments done

- 02:40:36.058 INFO: 20000 alignments done

- 02:40:36.061 INFO: Stop after DB-HHM: 20000 because early stop  14.9597 < filter cutoff 20

- 02:40:36.061 INFO: Alternative alignment: 1

- 02:40:37.844 INFO: 4004 alignments done

- 02:40:37.847 INFO: Alternative alignment: 2

- 02:40:38.171 INFO: 521 alignments done

- 02:40:38.172 INFO: Alternative alignment: 3

- 02:40:38.268 INFO: 122 alignments done

- 02:40:38.353 INFO: Rescoring previously found HMMs with Viterbi algorithm

- 02:40:38.386 INFO: Alternative alignment: 0

- 02:40:39.047 INFO: 2000 alignments done

- 02:40:39.736 INFO: 4000 alignments done

- 02:40:40.411 INFO: 6000 alignments done

- 02:40:41.081 INFO: 8000 alignments done

- 02:40:41.714 INFO: 10000 alignments done

- 02:40:42.190 INFO: 11493 alignments done

- 02:40:42.196 INFO: Alternative alignment: 1

- 02:40:46.063 INFO: 11493 alignments done

- 02:40:46.085 INFO: Alternative alignment: 2

- 02:40:46.457 INFO: 769 alignments done

- 02:40:46.457 INFO: Alternative alignment: 3

- 02:40:46.535 INFO: 117 alignments done

- 02:40:46.753 INFO: Premerge done

- 02:40:46.754 INFO: Realigning 12132 HMM-HMM alignments using Maximum Accuracy algorithm

- 02:41:11.827 INFO: 12216 sequences belonging to 12216 database HMMs found with an E-value < 0.001

- 02:41:11.827 INFO: Number of effective sequences of resulting query HMM: Neff = 11.3082

     Query         ntr2_mouse P70310
     Match_columns 416
     No_of_seqs    1440 out of 197199
     Neff          11.3082
     Searched_HMMs 233716
     Date          Thu Mar  9 02:41:11 2023
     Command       hhblits -i ntr2_mouse-1578/msas/A/chain_A.fasta -cpu 4 -maxmem 20 -oa3m /projects/ilfgrid/people/nqz918/code/deorph/scripts/af_arman/af_jobs_af23/ntr2_mouse/1578//ntr2_mouse-1578/msas/A/bfd_uniref_hits.a3m -o /dev/null -n 3 -e 0.001 -maxseq 1000000 -realign_max 100000 -maxfilt 100000 -min_prefilter_hits 1000 -d /projects/ilfgrid/data/alphafold-genetic-databases///bfd/bfd_metaclust_clu_complete_id30_c90_final_seq.sorted_opt -d /projects/ilfgrid/data/alphafold-genetic-databases///uniref30/UniRef30_2021_03 
     
      No Hit                             Prob E-value P-value  Score    SS Cols Query HMM  Template HMM
       1 UniRef100_A0A096NJ67 Neurotens 100.0 2.4E-56 2.5E-62  376.4   0.0  414    1-415    30-443 (510)
       2 UniRef100_A0A1S3HKE5 allatosta 100.0 3.7E-53 3.7E-59  369.6   0.0  301   29-382    79-380 (462)
       3 UniRef100_A0A024FLF0 PQRFa pep 100.0 4.6E-52 4.7E-58  363.8   0.0  302   27-377    44-346 (413)
       4 UniRef100_A0A6P4Z4S7 G-protein 100.0 5.3E-52 5.4E-58  365.7   0.0  300   28-381    55-355 (417)
       5 UniRef100_A0A060X5Z5 G_PROTEIN 100.0 4.4E-51 4.5E-57  359.3   0.0  303   29-376    80-383 (522)
       6 tr|A0A1I8M930|A0A1I8M930_MUSDO 100.0   1E-50   1E-56  371.4   0.0  334   29-381   185-582 (963)
       7 UniRef100_A0A060VSP8 5-hydroxy 100.0   1E-50   1E-56  352.5   0.0  330   23-376    78-414 (479)
       8 UniRef100_A0A141CIT8 G protein 100.0 1.3E-50 1.3E-56  349.8   0.0  295   26-376    80-375 (488)
       9 UniRef100_A0A6P4Y4T1 galanin r 100.0 1.6E-50 1.7E-56  342.9   0.0  311   26-389    52-363 (410)
      10 UniRef100_A0A2B4S7K2 Histamine 100.0 2.1E-50 2.1E-56  346.8   0.0  301   26-376    26-326 (369)
      11 UniRef100_A0A369RW72 Octopamin 100.0 2.1E-50 2.1E-56  355.1   0.0  301   31-373    53-354 (412)
      12 UniRef100_A0A026X3T6 Allatosta 100.0   3E-50   3E-56  351.8   0.0  290   32-380   139-428 (540)
      13 UniRef100_A0A060VUW6 G_PROTEIN 100.0 3.3E-50 3.4E-56  365.0   0.0  327   30-381   115-443 (574)
      14 UniRef100_A0A0K0PUR1 Orphan G- 100.0 3.9E-50 3.9E-56  354.2   0.0  299   27-375   109-409 (530)
      15 UniRef100_A0A6P4XD29 neuropept 100.0 4.4E-50 4.5E-56  338.2   0.0  302   28-374    37-339 (385)
      16 UniRef100_A0A2B4RSM5 Neuropept 100.0 4.6E-50 4.7E-56  340.9   0.0  298   26-382    30-328 (417)
      17 UniRef100_A0A2G8KL37 Cholecyst 100.0 6.1E-50 6.3E-56  341.6   0.0  331   32-377    98-430 (493)
      18 UniRef100_A0A2B4SDF9 Neuropept 100.0 8.6E-50 8.7E-56  342.0   0.0  295   27-377    84-379 (455)
      19 tr|A0A0P7U387|A0A0P7U387_9TELE 100.0 9.1E-50 9.3E-56  340.8   0.0  288   30-378   126-416 (556)
      20 UniRef100_A0A0K0PUT9 Excitator 100.0 1.1E-49 1.1E-55  349.5   0.0  302   29-380   100-404 (474)
      21 UniRef100_A0A164MD49 Putative  100.0 1.2E-49 1.2E-55  342.0   0.0  329   33-376    50-394 (498)
      22 UniRef100_A0A1D2M4J2 Neuropept 100.0 1.2E-49 1.2E-55  343.8   0.0  302   31-381   125-427 (497)
      23 tr|M3ZFE6|M3ZFE6_XIPMA Somatos 100.0 1.5E-49 1.5E-55  337.4   0.0  287   30-379   102-391 (525)
      24 UniRef100_A0A1D1W534 G_PROTEIN 100.0   2E-49 2.1E-55  352.1   0.0  332   31-377    77-433 (492)
      25 UniRef100_A0A026WW28 Neuropept 100.0 2.4E-49 2.4E-55  350.0   0.0  298   27-378    83-381 (552)
      26 UniRef100_A0A0K0PUI9 Orphan G- 100.0 2.9E-49   3E-55  351.7   0.0  308   29-379    98-409 (534)
      27 UniRef100_A0A026WTK8 Tachykini 100.0 2.9E-49   3E-55  345.9   0.0  300   28-379    85-390 (556)
      28 UniRef100_A0A023F675 Putative  100.0   3E-49 3.1E-55  352.2   0.0  293   29-375   123-417 (530)
      29 UniRef100_A0A0K0PUX7 Orphan G- 100.0 3.9E-49   4E-55  344.8   0.0  290   30-376    60-353 (471)
      30 UniRef100_A0A060X1Q6 Somatosta 100.0 4.3E-49 4.4E-55  350.0   0.0  283   31-376   138-423 (604)
      31 UniRef100_A0A1N7TCF1 Galanin r 100.0 5.2E-49 5.3E-55  334.5   0.0  296   26-380    65-363 (407)
      32 UniRef100_A0A2B4SKX3 Cholecyst 100.0   6E-49 6.1E-55  333.5   0.0  337   27-385    66-420 (428)
      33 UniRef100_A0A154PKR3 Tachykini 100.0 6.7E-49 6.8E-55  339.6   0.0  297   28-377    72-374 (457)
      34 UniRef100_A0A0C9QBK4 GHSR_0 pr 100.0 7.1E-49 7.2E-55  356.0   0.0  304   29-375   169-472 (591)
      35 UniRef100_A0A061INJ6 Pyrogluta 100.0 7.5E-49 7.6E-55  352.5   0.0  311   28-379   148-460 (594)
      36 tr|A0A2C9JWF9|A0A2C9JWF9_BIOGL 100.0   9E-49 9.2E-55  337.5   0.0  310   29-385    62-373 (403)
      37 UniRef100_A0A026WK40 Cholecyst 100.0   1E-48 1.1E-54  353.5   0.0  333   33-380   155-546 (656)
      38 UniRef100_A0A068YB14 Neuropept 100.0 1.2E-48 1.3E-54  342.5   0.0  300   29-376    51-351 (448)
      39 UniRef100_A0A177B9B5 Rhodopsin 100.0 1.3E-48 1.3E-54  332.1   0.0  316   31-379    89-404 (464)
      40 UniRef100_A0A0K0PUV0 FVRIamide 100.0 1.3E-48 1.4E-54  337.9   0.0  323   30-376    50-377 (458)
      41 UniRef100_A0A077Z2H9 Putative  100.0 1.6E-48 1.7E-54  339.9   0.0  327   32-381    71-400 (477)
      42 UniRef100_A0A0K0PUL8 Allatosta 100.0   2E-48   2E-54  332.0   0.0  293   31-377    49-344 (396)
      43 UniRef100_A0A0P0YUU8 Cannabino 100.0 2.1E-48 2.2E-54  334.3   0.0  338   32-385    82-425 (496)
      44 UniRef100_A0A1I8HKX2 G_PROTEIN 100.0 2.1E-48 2.2E-54  333.6   0.0  338   28-389    36-423 (442)
      45 tr|C3XSP5|C3XSP5_BRAFL Unchara 100.0 2.6E-48 2.6E-54  320.0   0.0  314   20-380    15-329 (403)
      46 UniRef100_A0A026W5R0 Orexin re 100.0 3.1E-48 3.1E-54  342.4   0.0  312   31-378   116-427 (529)
      47 UniRef100_A0A060W5Z4 G_PROTEIN 100.0 3.3E-48 3.4E-54  340.9   0.0  285   31-379   189-476 (593)
      48 UniRef100_A0A087XDT1 Somatosta 100.0 3.7E-48 3.8E-54  337.1   0.0  291   31-384   167-460 (676)
      49 UniRef100_A0A2B4SKI0 Tachykini 100.0 3.8E-48 3.8E-54  346.9   0.0  299   27-379    86-392 (469)
      50 tr|A0A0F8ARD3|A0A0F8ARD3_LARCR 100.0 3.8E-48 3.9E-54  325.4   0.0  281   32-377    53-338 (464)
      51 tr|A0A1I8PIJ9|A0A1I8PIJ9_STOCA 100.0 4.3E-48 4.4E-54  341.1   0.0  305   27-384   164-474 (680)
      52 tr|E0D358|E0D358_HEMPU Dopamin 100.0 4.6E-48 4.7E-54  327.1   0.0  307   28-377    20-328 (435)
      53 tr|A0A1L8G1N6|A0A1L8G1N6_XENLA 100.0 4.8E-48 4.9E-54  326.8   0.0  288   28-379   112-400 (448)
      54 UniRef100_A0A068WVN8 Biogenic  100.0   5E-48   5E-54  346.5   0.0  334   26-379   114-509 (641)
      55 UniRef100_A0A0K0PUH1 Orphan G- 100.0 5.7E-48 5.9E-54  320.6   0.0  299   28-376    48-347 (413)
      56 UniRef100_A0A1V9XU68 Tyramine/ 100.0 6.4E-48 6.6E-54  329.1   0.0  309   28-380    48-356 (408)
      57 UniRef100_A0A6J8CLU9 HCRTR2 n= 100.0 7.3E-48 7.5E-54  324.3   0.0  306   32-376    52-357 (422)
      58 UniRef100_A0A061A7W5 G_PROTEIN 100.0   1E-47   1E-53  334.7   0.0  299   30-377    59-358 (473)
      59 UniRef100_A0A139WB32 Tachykini 100.0 1.4E-47 1.4E-53  325.5   0.0  299   28-378    39-343 (405)
      60 UniRef100_A0A1S3J712 QRFP-like 100.0 1.8E-47 1.8E-53  335.1   0.0  295   30-376    65-370 (507)
      61 UniRef100_A0A0L8I0T4 G_PROTEIN 100.0 1.9E-47   2E-53  331.8   0.0  332   33-382   134-501 (554)
      62 tr|A0A1W4ZX05|A0A1W4ZX05_9TELE 100.0   2E-47   2E-53  329.1   0.0  314   28-376    65-384 (480)
      63 UniRef100_A0A3M6U5X4 G_PROTEIN 100.0 2.4E-47 2.4E-53  314.2   0.0  302   12-376    18-319 (339)
      64 UniRef100_A0A087RJN6 Somatosta 100.0 2.4E-47 2.4E-53  333.3   0.0  285   29-376    57-342 (391)
      65 tr|A0A182G4E1|A0A182G4E1_AEDAL 100.0 2.6E-47 2.6E-53  331.3   0.0  308   28-380    63-373 (534)
      66 UniRef100_A0A7M7HFU8 G_PROTEIN 100.0 2.7E-47 2.7E-53  333.4   0.0  298   30-375    62-362 (423)
      67 UniRef100_A0A023F668 Putative  100.0 3.1E-47 3.2E-53  323.6   0.0  296   28-377    81-377 (484)
      68 tr|C3XVS5|C3XVS5_BRAFL Unchara 100.0 3.2E-47 3.3E-53  318.7   0.0  316    9-375    45-361 (425)
      69 UniRef100_A0A0K0PUH0 Orphan G- 100.0 3.3E-47 3.3E-53  341.5   0.0  328   31-372   135-468 (583)
      70 UniRef100_A0A1S3KA35 Alpha-1B  100.0 3.6E-47 3.7E-53  333.5   0.0  329   31-381    88-423 (551)
      71 UniRef100_A0A077YWL6 Somatosta 100.0 3.9E-47   4E-53  334.5   0.0  294   32-380    65-363 (446)
      72 UniRef100_A0A060WEJ5 G_PROTEIN 100.0 3.9E-47   4E-53  334.8   0.0  325   31-377   112-456 (544)
      73 UniRef100_A0A060X690 G_PROTEIN 100.0 4.2E-47 4.3E-53  317.5   0.0  289   31-378    45-336 (386)
      74 UniRef100_A0A068WW83 Allatosta 100.0 5.4E-47 5.5E-53  332.7   0.0  285   28-371    62-347 (432)
      75 UniRef100_A0A060X360 G_PROTEIN 100.0 5.5E-47 5.6E-53  323.4   0.0  291   31-379    98-390 (477)
      76 UniRef100_A0A060VVF8 G_PROTEIN 100.0 6.7E-47 6.8E-53  335.3   0.0  294   28-377   135-433 (511)
      77 UniRef100_A0A091EBV8 Type-1 an 100.0 6.9E-47   7E-53  341.4   0.0  284   27-374   342-627 (715)
      78 UniRef100_A0A210QEM7 Neuropept 100.0 7.3E-47 7.4E-53  320.1   0.0  298   29-377    47-346 (416)
      79 UniRef100_A0A1L8GQY3 Alpha-1B  100.0 7.7E-47 7.8E-53  324.2   0.0  325   28-381    42-372 (510)
      80 UniRef100_A0A1S3H6K0 neuropept 100.0 8.1E-47 8.2E-53  333.7   0.0  302   28-377    52-357 (470)
      81 UniRef100_A0A091DWF1 Somatosta 100.0 8.2E-47 8.4E-53  321.7   0.0  303    8-375   129-438 (523)
      82 UniRef100_A0A2B4S0J6 Somatosta 100.0 8.3E-47 8.4E-53  337.4   0.0  297   27-379    78-381 (457)
      83 UniRef100_A0A087X575 NPY-Y2 re 100.0 8.5E-47 8.7E-53  320.6   0.0  298   31-377    72-371 (426)
      84 UniRef100_A0A044T5H8 G_PROTEIN 100.0 9.1E-47 9.2E-53  334.7   0.0  324   28-378   241-569 (693)
      85 tr|A0A1A8LLP2|A0A1A8LLP2_9TELE 100.0   1E-46   1E-52  317.5   0.0  316   20-379    81-399 (455)
      86 UniRef100_A0A2B4RGU4 5-hydroxy 100.0   1E-46 1.1E-52  337.1   0.0  305   30-377    63-370 (478)
      87 UniRef100_A0A087UNN0 Neuropept 100.0 1.3E-46 1.3E-52  321.6   0.0  296   30-373    91-387 (470)
      88 UniRef100_A0A2G8L6L1 Putative  100.0 1.3E-46 1.3E-52  317.6   0.0  286   29-375    32-322 (407)
      89 tr|V8PD93|V8PD93_OPHHA Type-2  100.0 1.3E-46 1.3E-52  326.4   0.0  294   29-379    72-370 (412)
      90 UniRef100_A0A210QSD7 Octopamin 100.0 1.4E-46 1.4E-52  325.6   0.0  333   26-381    51-420 (423)
      91 UniRef100_A0A0L8I310 G_PROTEIN 100.0 1.5E-46 1.5E-52  328.3   0.0  331   30-384    43-375 (468)
      92 UniRef100_A0A087UP46 5-hydroxy 100.0 1.5E-46 1.5E-52  320.4   0.0  330   26-377    39-400 (472)
      93 tr|A0A1V4J9T1|A0A1V4J9T1_PATFA 100.0 1.5E-46 1.5E-52  310.8   0.0  295   30-382    66-360 (461)
      94 tr|A0A1L8G5A8|A0A1L8G5A8_XENLA 100.0 1.7E-46 1.7E-52  316.3   0.0  345   25-383    30-394 (431)
      95 UniRef100_A0A060XP11 G_PROTEIN 100.0 1.7E-46 1.8E-52  326.6   0.0  301   28-375    86-390 (497)
      96 UniRef100_A0A023F452 Putative  100.0 1.8E-46 1.9E-52  332.1   0.0  333   28-379   135-540 (660)
      97 UniRef100_A0A084VLD5 AGAP00422 100.0 1.8E-46 1.9E-52  327.7   0.0  329   28-379   239-597 (695)
      98 UniRef100_A0A060W9T7 G_PROTEIN 100.0   2E-46 2.1E-52  321.3   0.0  293   31-381   184-476 (616)
      99 UniRef100_A0A2B4RHY9 Pyrogluta 100.0 2.1E-46 2.1E-52  334.7   0.0  289   30-376    79-370 (455)
     100 UniRef100_A0A026WK16 Tachykini 100.0 2.5E-46 2.6E-52  328.3   0.0  300   27-378   177-482 (641)
     101 tr|S9YJE2|S9YJE2_CAMFR Somatos 100.0 2.6E-46 2.6E-52  311.5   0.0  288   29-376   109-399 (438)
     102 UniRef100_A0A034WDF0 Allatosta 100.0 2.7E-46 2.8E-52  324.8   0.0  290   31-375    94-383 (459)
     103 UniRef100_A0A1D1V5S1 G_PROTEIN 100.0 2.8E-46 2.9E-52  318.3   0.0  309   28-379    52-361 (484)
     104 UniRef100_A0A1V4KIE8 Beta-1 ad 100.0 3.1E-46 3.1E-52  343.0   0.0  306   36-375    33-347 (512)
     105 UniRef100_A0A151N382 Galanin r 100.0 3.5E-46 3.6E-52  302.5   0.0  293   30-381    28-320 (392)
     106 tr|A0A2B4RSD1|A0A2B4RSD1_STYPI 100.0 3.8E-46 3.9E-52  327.8   0.0  337   23-381    41-385 (430)
     107 UniRef100_A0A060WWU7 G_PROTEIN 100.0 4.1E-46 4.2E-52  320.3   0.0  317   30-378    66-383 (545)
     108 UniRef100_A0A0B4LHT6 RYamide r 100.0 4.5E-46 4.6E-52  325.1   0.0  300   28-376   110-410 (524)
     109 UniRef100_A0A0H3YI86 Pyrokinin 100.0 4.5E-46 4.6E-52  328.9   0.0  322   28-379    79-400 (510)
     110 UniRef100_A0A3M6T6P4 G_PROTEIN 100.0 4.7E-46 4.8E-52  322.2   0.0  297   30-380    53-357 (465)
     111 UniRef100_A0A1D1VDY3 G_PROTEIN 100.0 4.9E-46   5E-52  324.5   0.0  306   28-380   129-449 (557)
     112 UniRef100_A0A096NAQ2 Cholecyst 100.0 4.9E-46 5.1E-52  325.2   0.0  335   33-378   151-502 (617)
     113 tr|G3S2I3|G3S2I3_GORGO Opioid  100.0 5.6E-46 5.7E-52  313.9   0.0  287   28-375   158-447 (492)
     114 UniRef100_A0A026WCQ7 Tyramine  100.0 5.7E-46 5.8E-52  338.5   0.0  328   28-380   179-590 (665)
     115 tr|A0A218UB83|A0A218UB83_9PASE 100.0 6.2E-46 6.4E-52  324.3   0.0  327   30-383   191-518 (631)
     116 tr|A0A0P4XBU7|A0A0P4XBU7_9CRUS 100.0 6.8E-46 6.9E-52  327.6   0.0  298   29-375    57-413 (557)
     117 UniRef100_A0A146M155 Neuropept 100.0 7.6E-46 7.7E-52  319.3   0.0  304   33-375    54-360 (488)
     118 UniRef100_A0A0L8H201 G_PROTEIN 100.0 8.3E-46 8.5E-52  310.9   0.0  307   28-384    81-388 (461)
     119 tr|A0A146TP77|A0A146TP77_FUNHE 100.0 8.7E-46 8.8E-52  331.6   0.0  333   28-381    42-427 (522)
     120 UniRef100_A0A0L8GIM4 G_PROTEIN 100.0 8.8E-46 8.9E-52  329.3   0.0  303   30-380    94-398 (481)
     121 UniRef100_A0A0K0PUH3 Allatotro 100.0 8.9E-46 9.1E-52  312.1   0.0  311   29-379    65-375 (424)
     122 UniRef100_A0A1S3IX78 RYamide r 100.0 9.4E-46 9.6E-52  313.9   0.0  304   24-378    45-349 (444)
     123 UniRef100_A0A068YA15 Neuropept 100.0 9.4E-46 9.6E-52  318.6   0.0  326   28-378    68-396 (510)
     124 UniRef100_A0A2B4SVC4 Dopamine  100.0   1E-45 1.1E-51  313.9   0.0  277   30-376    53-329 (397)
     125 UniRef100_A0A087T336 Somatosta 100.0   1E-45 1.1E-51  314.9   0.0  287   31-376    76-366 (454)
     126 UniRef100_A0A3M6TKX3 G_PROTEIN 100.0 1.1E-45 1.1E-51  318.4   0.0  295   27-377    70-374 (427)
     127 tr|A0A2B4SUH3|A0A2B4SUH3_STYPI 100.0 1.2E-45 1.2E-51  314.0   0.0  311   30-382    23-336 (385)
     128 tr|K7GCC3|K7GCC3_PELSI Adrenoc 100.0 1.2E-45 1.2E-51  311.5   0.0  313   32-375    41-361 (488)
     129 tr|A0A0P7U0M1|A0A0P7U0M1_9TELE 100.0 1.2E-45 1.2E-51  306.8   0.0  303   32-378   101-412 (440)
     130 UniRef100_A0A060WAG3 G_PROTEIN 100.0 1.3E-45 1.3E-51  319.5   0.0  332   29-381   119-503 (550)
     131 UniRef100_A0A3M6UAU0 G_PROTEIN 100.0 1.3E-45 1.3E-51  321.2   0.0  306   31-389    34-341 (552)
     132 UniRef100_A0A0P5DAK4 Orexin re 100.0 1.3E-45 1.3E-51  317.3   0.0  325   32-377   106-430 (505)
     133 UniRef100_A0A2B4RPR9 Allatosta 100.0 1.3E-45 1.4E-51  322.8   0.0  290   29-374    44-341 (446)
     134 UniRef100_A0A2B4RHL7 Galanin r 100.0 1.4E-45 1.4E-51  306.1   0.0  277   32-376    32-309 (406)
     135 tr|A0A2B4RXD1|A0A2B4RXD1_STYPI 100.0 1.4E-45 1.5E-51  309.7   0.0  295   28-381    89-384 (416)
     136 UniRef100_A0A0L7KZ56 Neuropept 100.0 1.5E-45 1.5E-51  318.3   0.0  301   28-375    82-383 (509)
     137 UniRef100_A0A0K0PUK8 FMRFamide 100.0 1.5E-45 1.5E-51  326.3   0.0  296   28-374    54-350 (471)
     138 UniRef100_A0A2G8JR46 Putative  100.0 1.6E-45 1.6E-51  322.0   0.0  288   35-376    65-355 (411)
     139 UniRef100_A0A401NJB3 G_PROTEIN 100.0 1.7E-45 1.7E-51  316.1   0.0  310   32-375    41-357 (517)
     140 UniRef100_A0A2B4SC76 Substance 100.0 1.7E-45 1.7E-51  323.8   0.0  299   23-376    45-351 (461)
     141 UniRef100_A0A060XC03 Beta-2 ad 100.0 1.7E-45 1.7E-51  316.8   0.0  310   28-375    98-411 (548)
     142 UniRef100_UPI000B911B64 melato 100.0 1.9E-45 1.9E-51  317.4   0.0  315   32-377    28-344 (381)
     143 UniRef100_A0A087YCA9 Neurotens 100.0 1.9E-45 1.9E-51  315.7   0.0  328   19-377   112-442 (566)
     144 tr|A0A1W2W3E6|A0A1W2W3E6_CIOIN 100.0   2E-45 2.1E-51  311.4   0.0  294   30-379    55-353 (487)
     145 tr|A0A0N8JZL4|A0A0N8JZL4_9TELE 100.0   2E-45 2.1E-51  314.1   0.0  308   28-377   100-412 (482)
     146 UniRef100_A0A026W4S0 Neuromedi 100.0 2.1E-45 2.2E-51  323.4   0.0  319   30-380    71-391 (604)
     147 UniRef100_A0A7M7SYV2 G_PROTEIN 100.0 2.5E-45 2.5E-51  322.0   0.0  322   36-381    71-403 (630)
     148 UniRef100_A0A2B4S4U3 Beta-2 ad 100.0 2.5E-45 2.6E-51  305.2   0.0  295   31-379    27-323 (372)
     149 UniRef100_A0A2B4S7A4 Alpha-1A  100.0 2.6E-45 2.6E-51  311.8   0.0  274   30-379    37-311 (392)
     150 tr|A0A1D2MSE1|A0A1D2MSE1_ORCCI 100.0 2.7E-45 2.7E-51  326.2   0.0  304   26-379   104-408 (615)
     151 tr|W4Z2N2|W4Z2N2_STRPU Unchara 100.0 2.7E-45 2.8E-51  302.5   0.0  298   30-378    54-353 (406)
     152 UniRef100_A0A2H8TNJ5 Neuropept 100.0 2.8E-45 2.8E-51  316.5   0.0  294   32-375   155-451 (528)
     153 tr|A0A1U7TSJ4|A0A1U7TSJ4_TARSY 100.0   3E-45   3E-51  314.5   0.0  304   30-376   210-517 (600)
     154 tr|A0A2B4SID7|A0A2B4SID7_STYPI 100.0 3.3E-45 3.3E-51  319.7   0.0  296   27-377    26-327 (422)
     155 UniRef100_A0A1L8FNX2 G_PROTEIN 100.0 3.3E-45 3.3E-51  312.9   0.0  281   30-375    60-341 (400)
     156 UniRef100_A0A026WIP6 Cholecyst 100.0 3.3E-45 3.3E-51  329.5   0.0  343   29-381   167-533 (636)
     157 UniRef100_A0A060WMC3 Alpha-1D  100.0 3.3E-45 3.4E-51  315.1   0.0  320   32-381   110-436 (564)
     158 UniRef100_A0A0N1PGA0 Octopamin 100.0 3.3E-45 3.4E-51  319.6   0.0  328   32-375   107-490 (547)
     159 UniRef100_A0A1S3J8T4 5-hydroxy 100.0 3.5E-45 3.5E-51  317.2   0.0  302   27-379    95-398 (468)
     160 UniRef100_A0A0N0PF28 Orexin re 100.0 3.5E-45 3.6E-51  319.3   0.0  320   32-376   136-458 (588)
     161 UniRef100_A0A060ILH2 Neuromedi 100.0 3.6E-45 3.7E-51  318.3   0.0  304   33-380   177-480 (606)
     162 tr|A7SD89|A7SD89_NEMVE Predict 100.0 3.7E-45 3.8E-51  296.5   0.0  291   34-376    39-329 (355)
     163 UniRef100_A0A068AZY5 Octopamin 100.0 3.8E-45 3.8E-51  342.8   0.0  193   31-238   172-364 (723)
     164 UniRef100_A0A2B4R9G2 Melatonin 100.0   4E-45   4E-51  327.2   0.0  291   28-377    76-366 (461)
     165 UniRef100_A0A3M6TAE6 G_PROTEIN 100.0 4.2E-45 4.3E-51  313.7   0.0  276   30-375    89-366 (443)
     166 tr|E6ZEU6|E6ZEU6_DICLA Neurome 100.0 4.3E-45 4.4E-51  314.4   0.0  307   32-377    88-394 (461)
     167 tr|A0A0P7V5N2|A0A0P7V5N2_9TELE 100.0 4.4E-45 4.5E-51  310.6   0.0  306   31-375    90-399 (468)
     168 UniRef100_A0A087XFV2 5-hydroxy 100.0 4.5E-45 4.6E-51  313.3   0.0  319   29-384    80-403 (493)
     169 UniRef100_A0A067RG65 Neuropept 100.0 4.7E-45 4.8E-51  314.3   0.0  305   30-374    85-391 (509)
     170 tr|A0A147AMP5|A0A147AMP5_FUNHE 100.0   5E-45   5E-51  326.9   0.0  329   28-382    27-432 (475)
     171 UniRef100_A0A0K0PUE3 Orphan G- 100.0   5E-45 5.1E-51  318.5   0.0  317   29-379   113-430 (550)
     172 UniRef100_A0A061QHX0 Putative  100.0 5.4E-45 5.5E-51  322.9   0.0  325   32-377   132-507 (563)
     173 tr|A0A1A6H1L9|A0A1A6H1L9_NEOLE 100.0 5.6E-45 5.8E-51  299.8   0.0  377    1-415     1-377 (444)
     174 UniRef100_A0A2B4SE17 Substance 100.0 5.8E-45 5.8E-51  324.6   0.0  299   25-376    57-364 (467)
     175 tr|A0A1D1UXI1|A0A1D1UXI1_RAMVA 100.0 6.4E-45 6.5E-51  310.4   0.0  294   30-376    79-374 (499)
     176 tr|A0A0L0BYA7|A0A0L0BYA7_LUCCU 100.0 6.4E-45 6.5E-51  315.5   0.0  316   33-379   311-628 (678)
     177 UniRef100_A0A087YQK7 Adrenocep 100.0 6.4E-45 6.6E-51  317.4   0.0  308   37-376   134-450 (617)
     178 UniRef100_A0A2B4SQU8 Orexin re 100.0 6.6E-45 6.8E-51  300.0   0.0  313   31-383    35-352 (370)
     179 UniRef100_A0A6F9DEB9 5-hydroxy 100.0   7E-45 7.1E-51  314.4   0.0  333    1-376    26-358 (426)
     180 UniRef100_A0A0N7ZAP9 G_PROTEIN 100.0 7.3E-45 7.4E-51  312.2   0.0  294   31-380    75-369 (421)
     181 UniRef100_A0A067RTM0 Neuromedi 100.0 7.7E-45 7.9E-51  301.6   0.0  338    6-375     9-348 (382)
     182 UniRef100_A0A060X1U9 G_PROTEIN 100.0 7.8E-45   8E-51  318.7   0.0  320   30-381   136-461 (633)
     183 tr|A0A1D2NMB6|A0A1D2NMB6_ORCCI 100.0 8.2E-45 8.3E-51  312.2   0.0  298   27-376   146-449 (520)
     184 tr|A0A1S3W6N0|A0A1S3W6N0_ERIEU 100.0 8.3E-45 8.5E-51  312.6   0.0  318   33-383   132-449 (596)
     185 tr|W4YJK4|W4YJK4_STRPU Unchara 100.0 8.5E-45 8.6E-51  312.3   0.0  304   26-377    63-369 (446)
     186 tr|L7LZ94|L7LZ94_9ACAR Putativ 100.0 8.5E-45 8.7E-51  303.8   0.0  289   32-376   102-391 (438)
     187 UniRef100_A0A3B4VB96 Beta-2 ad 100.0 8.9E-45 9.1E-51  308.5   0.0  311   30-377    50-361 (464)
     188 UniRef100_UPI0003F07467 orexin 100.0 9.3E-45 9.5E-51  314.5   0.0  336   32-380    77-418 (535)
     189 tr|A0A146TL67|A0A146TL67_FUNHE 100.0 9.6E-45 9.7E-51  325.6   0.0  314   15-377    10-404 (442)
     190 UniRef100_A0A084WIC4 Short neu 100.0 9.6E-45 9.8E-51  314.4   0.0  296   30-377    90-386 (551)
     191 UniRef100_A0A023FH63 Putative  100.0 9.7E-45 9.9E-51  318.7   0.0  316   30-376   123-439 (563)
     192 UniRef100_A0A6P8HX63 probable  100.0 9.9E-45   1E-50  314.3   0.0  307   30-380    55-363 (407)
     193 UniRef100_A0A026W4F0 Octopamin 100.0   1E-44   1E-50  304.7   0.0  326   34-377    57-392 (445)
     194 UniRef100_A0A087XT11 Alpha-1B  100.0   1E-44   1E-50  312.5   0.0  326   28-381    75-408 (622)
     195 UniRef100_A0A016SJ65 Thyrolibe 100.0 1.1E-44 1.1E-50  317.7   0.0  314   30-375    81-394 (479)
     196 UniRef100_A0A068WKU9 Neuropept 100.0 1.1E-44 1.1E-50  310.3   0.0  295   29-375    69-365 (451)
     197 tr|A0A1S3IXU4|A0A1S3IXU4_LINUN 100.0 1.1E-44 1.1E-50  304.7   0.0  291   30-378    55-346 (440)
     198 UniRef100_A0A061QLL1 Putative  100.0 1.2E-44 1.2E-50  308.8   0.0  331   25-376    38-420 (424)
     199 tr|A0A091DWF1|A0A091DWF1_FUKDA 100.0 1.2E-44 1.3E-50  301.3   0.0  280   32-376   156-440 (483)
     200 UniRef100_A0A026WC04 Dopamine  100.0 1.3E-44 1.4E-50  303.9   0.0  322   29-376    74-396 (468)
     201 UniRef100_A0A023F4J9 Putative  100.0 1.4E-44 1.5E-50  318.3   0.0  326   34-376   158-491 (588)
     202 UniRef100_A0A210QT45 G-protein 100.0 1.4E-44 1.5E-50  306.7   0.0  301   32-379    58-359 (472)
     203 UniRef100_A0A3M6TPP0 G_PROTEIN 100.0 1.5E-44 1.6E-50  313.5   0.0  306   28-377    46-354 (424)
     204 UniRef100_A0A067RIW6 G_PROTEIN 100.0 1.6E-44 1.6E-50  321.3   0.0  329   31-380   183-549 (705)
     205 UniRef100_A0A210QHM7 G-protein 100.0 1.7E-44 1.7E-50  313.3   0.0  302   30-383    77-381 (492)
     206 UniRef100_A7RGN9 Predicted pro 100.0 1.7E-44 1.7E-50  295.8   0.0  301   14-376    12-313 (317)
     207 tr|A0A146YGA5|A0A146YGA5_FUNHE 100.0 1.8E-44 1.9E-50  320.8   0.0  314   25-376    23-339 (521)
     208 tr|A0A0K0PUV0|A0A0K0PUV0_PLADU 100.0 1.8E-44 1.9E-50  302.8   0.0  359   28-416    11-373 (373)
     209 UniRef100_A0A0S1YDA0 Neuropept 100.0   2E-44   2E-50  314.1   0.0  299   28-379    90-394 (509)
     210 UniRef100_A0A016UUZ5 G_PROTEIN 100.0   2E-44   2E-50  307.1   0.0  324   30-378    72-413 (486)
     211 UniRef100_A0A060W247 Cholecyst 100.0 2.1E-44 2.1E-50  314.9   0.0  337   32-379   127-478 (563)
     212 tr|A0A0L8FIS6|A0A0L8FIS6_OCTBM 100.0 2.2E-44 2.2E-50  307.6   0.0  321   33-377    91-420 (485)
     213 UniRef100_A0A3M6UME8 G_PROTEIN 100.0 2.2E-44 2.2E-50  305.7   0.0  289   27-376    34-323 (383)
     214 UniRef100_A0A0K0PUG3 Thyrolibe 100.0 2.2E-44 2.3E-50  316.4   0.0  308   30-375   212-519 (606)
     215 tr|A0A146U732|A0A146U732_FUNHE 100.0 2.3E-44 2.3E-50  332.0   0.0  350   28-402   187-574 (590)
     216 UniRef100_A0A087U880 Neuropept 100.0 2.3E-44 2.3E-50  305.5   0.0  298   26-375    62-361 (401)
     217 tr|A0A139WLV7|A0A139WLV7_TRICA 100.0 2.3E-44 2.3E-50  319.0   0.0  308   28-383   394-703 (792)
     218 UniRef100_A0A6S7JE64 Neuropept 100.0 2.4E-44 2.5E-50  305.8   0.0  293   26-377    28-321 (412)
     219 tr|W5MC67|W5MC67_LEPOC Pyroglu 100.0 2.5E-44 2.5E-50  300.2   0.0  315   28-383    49-365 (441)
     220 UniRef100_A0A060VTR1 G_PROTEIN 100.0 2.6E-44 2.7E-50  313.8   0.0  325   32-383   119-446 (619)
     221 UniRef100_A0A016T103 G_PROTEIN 100.0 2.7E-44 2.7E-50  321.2   0.0  318   38-379   116-477 (605)
     222 UniRef100_A0A060VP48 G_PROTEIN 100.0 2.7E-44 2.8E-50  325.5   0.0  297   29-376   151-449 (580)
     223 tr|A0A0P7TYE1|A0A0P7TYE1_9TELE 100.0 2.8E-44 2.8E-50  306.9   0.0  340   33-383   124-479 (507)
     224 UniRef100_A0A060X0R7 Uncharact 100.0 2.8E-44 2.8E-50  293.7   0.0  285   29-376    54-341 (383)
     225 tr|A0A2B4SNZ1|A0A2B4SNZ1_STYPI 100.0 2.8E-44 2.9E-50  309.2   0.0  287   31-377    30-319 (351)
     226 UniRef100_A0A060Y7B7 G_PROTEIN 100.0 2.8E-44 2.9E-50  314.8   0.0  328   28-378   111-550 (560)
     227 tr|W8B9D1|W8B9D1_CERCA 5-hydro 100.0 2.9E-44   3E-50  310.9   0.0  338   23-379   253-628 (664)
     228 tr|A0A287CUD4|A0A287CUD4_ICTTR 100.0 2.9E-44   3E-50  301.8   0.0  293   28-377    14-307 (478)
     229 tr|C7SLZ0|C7SLZ0_APLKU Seroton 100.0   3E-44   3E-50  311.7   0.0  326   28-379    68-426 (485)
     230 UniRef100_A0A061IN14 NK-3 rece 100.0   3E-44 3.1E-50  318.5   0.0  295   26-377   227-523 (662)
     231 UniRef100_A0A0K0PUK6 Orphan G- 100.0   3E-44 3.1E-50  302.1   0.0  301   29-379    63-375 (448)
     232 UniRef100_A0A6P8IFK2 neuromedi 100.0 3.2E-44 3.2E-50  299.8   0.0  299   26-380    19-324 (363)
     233 UniRef100_A0A1I7STM2 (pine woo 100.0 3.2E-44 3.3E-50  310.2   0.0  317   25-383    73-392 (430)
     234 UniRef100_A0A095ANA4 Dopamine  100.0 3.3E-44 3.4E-50  326.1   0.0  189   34-239   174-362 (674)
     235 UniRef100_A0A060X0P4 G_PROTEIN 100.0 3.4E-44 3.4E-50  315.5   0.0  298   28-379   134-433 (513)
     236 UniRef100_A0A678XEL8 Trace ami 100.0 3.4E-44 3.4E-50  311.9   0.0  306   28-377    51-356 (523)
     237 UniRef100_A0A0N0PEL7 Tachykini 100.0 3.4E-44 3.5E-50  305.4   0.0  303   29-383    52-360 (454)
     238 tr|A0A210R0K7|A0A210R0K7_MIZYE 100.0 3.6E-44 3.7E-50  302.5   0.0  336   28-380    69-428 (470)
     239 tr|A0A2B4SKI0|A0A2B4SKI0_STYPI 100.0 3.7E-44 3.8E-50  311.1   0.0  294   23-373    88-394 (458)
     240 UniRef100_A0A023F3V9 Putative  100.0 4.2E-44 4.3E-50  311.0   0.0  287   31-375   131-421 (574)
     241 UniRef100_A0A091R746 Beta-1 ad 100.0 4.4E-44 4.5E-50  309.8   0.0  308   36-375   138-450 (572)
     242 tr|A7SMQ7|A7SMQ7_NEMVE Predict 100.0 4.4E-44 4.5E-50  297.7   0.0  294   30-381     9-306 (358)
     243 tr|A0A1S3FWK5|A0A1S3FWK5_DIPOR 100.0 4.8E-44 4.9E-50  311.5   0.0  311   29-376   413-728 (786)
     244 tr|A0A2H1W6Q0|A0A2H1W6Q0_SPOFR 100.0 5.6E-44 5.7E-50  306.0   0.0  299   30-381    68-367 (466)
     245 UniRef100_A0A2G8KMT5 G_PROTEIN 100.0 5.7E-44 5.8E-50  303.4   0.0  287   34-375    38-325 (402)
     246 tr|A0A2B4S6X2|A0A2B4S6X2_STYPI 100.0 5.8E-44 5.9E-50  296.6   0.0  303   34-383    25-329 (379)
     247 UniRef100_A0A0P6J0T1 Putative  100.0 5.8E-44 5.9E-50  321.1   0.0  312   28-380    98-412 (735)
     248 tr|A7S585|A7S585_NEMVE Predict 100.0   6E-44 6.1E-50  301.9   0.0  310   25-388    17-337 (374)
     249 UniRef100_A0A016TS00 G_PROTEIN 100.0 6.4E-44 6.5E-50  319.8   0.0  337   33-381   113-557 (622)
     250 UniRef100_A0A084WFJ7 AGAP00011 100.0 6.7E-44 6.8E-50  310.5   0.0  288   31-371    86-374 (519)
     251 tr|A0A151NBW9|A0A151NBW9_ALLMI 100.0 6.7E-44 6.8E-50  304.7   0.0  313   28-380    76-394 (472)
     252 UniRef100_A0A3M6UKX8 G_PROTEIN 100.0   7E-44 7.1E-50  314.9   0.0  294   32-377   118-420 (487)
     253 tr|A0A2B4SAJ4|A0A2B4SAJ4_STYPI 100.0   7E-44 7.2E-50  305.7   0.0  290   29-373    25-329 (434)
     254 UniRef100_A0A2B4SVS8 Neuropept 100.0 7.4E-44 7.5E-50  314.2   0.0  299   28-382    84-387 (480)
     255 tr|A0A060XRS0|A0A060XRS0_ONCMY 100.0 7.4E-44 7.5E-50  318.5   0.0  327   29-381    52-379 (900)
     256 UniRef100_A0A226DFM2 Neuropept 100.0   8E-44 8.1E-50  307.5   0.0  297   29-375   102-401 (523)
     257 UniRef100_A0A1J1I7G5 CLUMA_CG0 100.0 8.1E-44 8.3E-50  305.0   0.0  295   28-376    72-372 (500)
     258 UniRef100_A0A0A7KUZ5 Opsin 5 n 100.0 8.6E-44 8.7E-50  306.6   0.0  294   32-380    52-347 (407)
     259 UniRef100_A0A2B4RXD1 Neuropept 100.0 8.6E-44 8.7E-50  306.5   0.0  296   29-382    91-387 (461)
     260 tr|A0A232F0R3|A0A232F0R3_9HYME 100.0 8.8E-44   9E-50  298.4   0.0  292   31-376   102-422 (458)
     261 tr|A0A183W5E7|A0A183W5E7_TRIRE 100.0 9.2E-44 9.4E-50  302.0   0.0  309   27-381    46-356 (503)
     262 UniRef100_F6ZHC8 Uncharacteriz 100.0 9.3E-44 9.5E-50  306.2   0.0  337   32-379    87-466 (520)
     263 UniRef100_A0A3M6TV84 G_PROTEIN 100.0   1E-43 1.1E-49  303.5   0.0  295   31-378    44-338 (405)
     264 tr|B4KC34|B4KC34_DROMO Unchara 100.0   1E-43 1.1E-49  315.1   0.0  297   28-375   188-490 (670)
     265 UniRef100_A0A182H1J6 G_PROTEIN 100.0   1E-43 1.1E-49  321.7   0.0  196   31-236   317-513 (1005)
     266 UniRef100_A0A061IAU9 Gastric r 100.0 1.1E-43 1.1E-49  307.5   0.0  298   29-380   111-409 (588)
     267 UniRef100_A0A2F0BNT3 Neurotens 100.0 1.1E-43 1.1E-49  297.8   0.0  376   12-415    92-470 (471)
     268 UniRef100_A0A067R4E0 Tachykini 100.0 1.1E-43 1.1E-49  300.0   0.0  321   26-397    43-367 (396)
     269 UniRef100_A0A067RDC3 Prolactin 100.0 1.1E-43 1.2E-49  307.2   0.0  295   27-376    59-355 (541)
     270 UniRef100_A0A7M7HKI1 G_PROTEIN 100.0 1.2E-43 1.2E-49  306.1   0.0  295   36-383    43-341 (418)
     271 tr|A0A067RDC3|A0A067RDC3_ZOONE 100.0 1.3E-43 1.3E-49  310.6   0.0  303   25-382    64-368 (506)
     272 UniRef100_A0A084VX67 AGAP00044 100.0 1.3E-43 1.3E-49  301.6   0.0  319   31-378    68-387 (444)
     273 tr|A0A182FRI7|A0A182FRI7_ANOAL 100.0 1.3E-43 1.3E-49  320.8   0.0  201   26-240   106-306 (677)
     274 UniRef100_A0A060VWI9 G_PROTEIN 100.0 1.3E-43 1.3E-49  308.3   0.0  315   36-376    64-393 (579)
     275 UniRef100_A0A0L8HHE2 G_PROTEIN 100.0 1.3E-43 1.4E-49  301.8   0.0  296   35-380     3-301 (385)
     276 tr|A0A218VDE9|A0A218VDE9_9PASE 100.0 1.3E-43 1.4E-49  299.1   0.0  288   26-377    17-307 (556)
     277 tr|R4J1H6|R4J1H6_SALSA Cholecy 100.0 1.4E-43 1.4E-49  296.9   0.0  333   31-379    45-408 (461)
     278 tr|A0A1A9ZAD8|A0A1A9ZAD8_GLOPL 100.0 1.4E-43 1.4E-49  303.1   0.0  302   28-381   118-425 (574)
     279 UniRef100_A0A0A1WLH2 Somatosta 100.0 1.5E-43 1.5E-49  311.7   0.0  290   29-376   213-506 (667)
     280 tr|A7RYQ3|A7RYQ3_NEMVE Predict 100.0 1.5E-43 1.5E-49  304.1   0.0  293   28-381    47-339 (367)
     281 UniRef100_A0A6P8HUK6 melatonin 100.0 1.5E-43 1.5E-49  291.6   0.0  307   26-384    21-327 (374)
     282 tr|H2Q292|H2Q292_PANTR Unchara 100.0 1.5E-43 1.6E-49  298.5   0.0  326   27-378    76-404 (492)
     283 tr|A0A182QHF8|A0A182QHF8_9DIPT 100.0 1.6E-43 1.7E-49  305.0   0.0  305   28-377    96-406 (581)
     284 UniRef100_A0A2B4RFH8 Neuropept 100.0 1.6E-43 1.7E-49  315.9   0.0  296   31-378    63-367 (439)
     285 UniRef100_A0A023F658 Putative  100.0 1.7E-43 1.7E-49  311.8   0.0  316   29-383    65-380 (580)
     286 tr|A0A1I8MQS0|A0A1I8MQS0_MUSDO 100.0 1.7E-43 1.7E-49  313.2   0.0  310   23-392   140-453 (572)
     287 UniRef100_A0A026VXG0 Octopamin 100.0 1.7E-43 1.8E-49  314.9   0.0  330   29-374    78-537 (647)
     288 tr|A0A0P5PA10|A0A0P5PA10_9CRUS 100.0 1.7E-43 1.8E-49  309.0   0.0  296   28-375   142-443 (705)
     289 UniRef100_A0A0C9RF21 CapaR_3 p 100.0 1.8E-43 1.8E-49  306.4   0.0  302   33-376    52-355 (532)
     290 tr|A0A212C668|A0A212C668_CEREH 100.0 1.8E-43 1.8E-49  301.5   0.0  325   29-377   216-556 (558)
     291 tr|A0A2B4RR50|A0A2B4RR50_STYPI 100.0 1.8E-43 1.8E-49  297.3   0.0  325   26-406    23-351 (411)
     292 UniRef100_A0A2S1WLX6 Putative  100.0 1.8E-43 1.8E-49  298.2   0.0  331   37-381    51-462 (475)
     293 UniRef100_A0A193KU97 GCR058 n= 100.0 1.8E-43 1.8E-49  293.6   0.0  303   33-377    26-331 (379)
     294 tr|A0A0S1YD80|A0A0S1YD80_CHISP 100.0 1.8E-43 1.9E-49  302.8   0.0  301   31-376   163-463 (513)
     295 UniRef100_A0A087QH91 Melanopsi 100.0   2E-43   2E-49  312.7   0.0  298   28-376    99-398 (629)
     296 tr|A0A218UWX7|A0A218UWX7_9PASE 100.0   2E-43 2.1E-49  301.9   0.0  300   29-377    37-340 (474)
     297 tr|A0A1L7H7D8|A0A1L7H7D8_SACKO 100.0   2E-43 2.1E-49  291.2   0.0  300   29-381    68-368 (424)
     298 UniRef100_A0A7M7JNF9 G_PROTEIN 100.0 2.4E-43 2.4E-49  308.6   0.0  322   28-381    82-403 (554)
     299 UniRef100_A0A6P4Z684 G-protein 100.0 2.4E-43 2.5E-49  296.2   0.0  300   31-381    50-350 (425)
     300 UniRef100_A0A6P4YBA8 delta-typ 100.0 2.4E-43 2.5E-49  299.4   0.0  289   31-381    49-343 (406)
     301 UniRef100_A0A061QLN0 Putative  100.0 2.6E-43 2.6E-49  320.9   0.0  330   32-376    88-602 (685)
     302 tr|A0A2D0SD29|A0A2D0SD29_ICTPU 100.0 2.7E-43 2.7E-49  298.7   0.0  304   32-377     4-308 (420)
     303 tr|E2AX14|E2AX14_CAMFO Neurope 100.0 2.7E-43 2.8E-49  309.3   0.0  319   29-380    74-395 (614)
     304 UniRef100_A0A060X6T3 G_PROTEIN 100.0 2.7E-43 2.8E-49  303.7   0.0  321   32-380    89-416 (550)
     305 tr|A0A1V4JMN9|A0A1V4JMN9_PATFA 100.0 2.8E-43 2.8E-49  300.0   0.0  330   32-378    92-422 (537)
     306 tr|A0A2B4R9G2|A0A2B4R9G2_STYPI 100.0 2.9E-43 2.9E-49  296.7   0.0  292   30-377    58-349 (378)
     307 ERR1719361_2001115             100.0 3.2E-43 3.2E-49  299.9   0.0  306   13-375     5-322 (415)
     308 tr|A0A1I8N820|A0A1I8N820_MUSDO 100.0 3.3E-43 3.4E-49  311.7   0.0  323   34-376   306-636 (880)
     309 tr|W4Z3I5|W4Z3I5_STRPU Unchara 100.0 3.5E-43 3.6E-49  296.4   0.0  329    8-376    24-392 (461)
     310 UniRef100_A0A067R841 G_PROTEIN 100.0 3.6E-43 3.7E-49  308.5   0.0  305   28-377   102-409 (526)
     311 tr|A0A147AZW9|A0A147AZW9_FUNHE 100.0 3.6E-43 3.7E-49  313.2   0.0  301   31-378    84-435 (468)
     312 UniRef100_A0A090MXE0 Thyrotrop 100.0 3.6E-43 3.7E-49  299.8   0.0  303   28-378    41-344 (444)
     313 UniRef100_A0A193KUI4 GCR044 n= 100.0 3.7E-43 3.8E-49  299.7   0.0  313   32-378    32-348 (508)
     314 UniRef100_A0A3M6T8F5 G_PROTEIN 100.0   4E-43   4E-49  317.4   0.0  298   27-377    96-395 (523)
     315 tr|A7RKH9|A7RKH9_NEMVE Predict 100.0   4E-43 4.1E-49  291.5   0.0  289   31-379    24-315 (336)
     316 UniRef100_A0A0L8H5P3 G_PROTEIN 100.0 4.1E-43 4.2E-49  302.8   0.0  301   28-376    70-371 (496)
     317 UniRef100_A0A023ETT6 Putative  100.0 4.3E-43 4.4E-49  303.2   0.0  290   30-375   151-444 (612)
     318 UniRef100_A0A3B4UE11 Si:zfos-1 100.0 4.4E-43 4.5E-49  290.2   0.0  288   31-381    64-354 (441)
     319 tr|A0A146NY53|A0A146NY53_FUNHE 100.0 4.6E-43 4.6E-49  301.2   0.0  307   32-377     6-317 (469)
     320 tr|A0A1I8FSG9|A0A1I8FSG9_9PLAT 100.0 4.7E-43 4.8E-49  299.3   0.0  331   30-380   105-451 (550)
     321 AntAceMinimDraft_8_1070364.sca 100.0 4.7E-43 4.8E-49  291.9   0.0  323   28-380    33-359 (406)
     322 ERR1719510_236906              100.0 5.1E-43 5.2E-49  309.9   0.0  300   30-384    80-380 (577)
     323 tr|A7RKP0|A7RKP0_NEMVE Predict 100.0 5.2E-43 5.3E-49  292.5   0.0  304   32-380     7-310 (350)
     324 UniRef100_A0A2G8KT39 Putative  100.0 5.4E-43 5.5E-49  301.4   0.0  321   34-412    46-373 (383)
     325 UniRef100_A0A2G8L4C9 Putative  100.0 5.5E-43 5.6E-49  311.8   0.0  323   32-371    70-443 (480)
     326 tr|A0A2B4SSL5|A0A2B4SSL5_STYPI 100.0 5.6E-43 5.7E-49  284.9   0.0  304   27-389    16-321 (344)
     327 UniRef100_A0A2B4SJV4 Galanin r 100.0 5.7E-43 5.7E-49  310.2   0.0  293   31-379    73-368 (444)
     328 UniRef100_A0A7M7G1H5 G_PROTEIN 100.0 5.8E-43 5.8E-49  304.8   0.0  295   34-380    39-336 (381)
     329 tr|A0A2G8KL37|A0A2G8KL37_STIJA 100.0   6E-43 6.1E-49  287.4   0.0  347   27-384    44-406 (439)
     330 UniRef100_A0A026X164 G-protein 100.0   6E-43 6.1E-49  310.2   0.0  307   31-377   117-423 (604)
     331 UniRef100_A0A6A7G2U4 Octopamin 100.0 6.1E-43 6.2E-49  300.9   0.0  330   31-376   169-510 (574)
     332 UniRef100_A0A0S1YDA1 Neuropept 100.0 6.2E-43 6.3E-49  298.2   0.0  339   29-377    63-413 (463)
     333 UniRef100_A0A0N1IB59 Orexin re 100.0 6.2E-43 6.3E-49  298.0   0.0  321   30-375   126-449 (546)
     334 UniRef100_A0A2G8JGQ1 Putative  100.0 6.4E-43 6.5E-49  304.7   0.0  337   29-407    54-398 (455)
     335 tr|A0A091CRU0|A0A091CRU0_FUKDA 100.0 6.5E-43 6.6E-49  312.0   0.0  285   29-376   405-691 (720)
     336 tr|A0A1S3L0J1|A0A1S3L0J1_SALSA 100.0 6.6E-43 6.8E-49  299.7   0.0  329   30-381    73-409 (533)
     337 UniRef100_A0A0S1YD99 Neuropept 100.0 6.8E-43 6.9E-49  290.3   0.0  313   27-395    70-389 (423)
     338 UniRef100_A0A132AJH3 7 transme 100.0 6.8E-43 6.9E-49  302.7   0.0  314   33-375    69-384 (447)
     339 tr|A0A146NR64|A0A146NR64_FUNHE 100.0 7.1E-43 7.3E-49  294.2   0.0  288   32-374   119-417 (449)
     340 tr|A0A226N2C0|A0A226N2C0_CALSU 100.0 7.2E-43 7.4E-49  297.5   0.0  296   32-377   224-520 (569)
     341 UniRef100_A0A210Q5D4 Neuropept 100.0 7.8E-43   8E-49  306.3   0.0  311   31-379    72-384 (596)
     342 tr|A0A2B4SIA2|A0A2B4SIA2_STYPI 100.0 7.9E-43   8E-49  295.2   0.0  302   29-377    55-360 (370)
     343 UniRef100_A0A1I8FSG9 G_PROTEIN 100.0   8E-43 8.1E-49  300.7   0.0  333   29-380   157-508 (576)
     344 tr|A0A2D0TBG0|A0A2D0TBG0_ICTPU 100.0 8.2E-43 8.4E-49  288.3   0.0  308   34-377    64-371 (429)
     345 tr|A0A1A8K3T1|A0A1A8K3T1_NOTKU 100.0 8.6E-43 8.8E-49  300.9   0.0  337   30-380    46-487 (621)
     346 UniRef100_A0A087R2J6 Neuropept 100.0 9.2E-43 9.4E-49  306.3   0.0  303   30-375   210-517 (638)
     347 UniRef100_A0A0K0PUX3 Orphan G- 100.0 9.3E-43 9.4E-49  305.9   0.0  289   30-374    58-347 (419)
     348 tr|A0A1S3FYW5|A0A1S3FYW5_DIPOR 100.0 9.3E-43 9.5E-49  284.3   0.0  290   33-380    70-361 (385)
     349 tr|T1KPP2|T1KPP2_TETUR Unchara 100.0 9.6E-43 9.8E-49  298.5   0.0  285   32-376   151-435 (477)
     350 UniRef100_E9HAW0 G_PROTEIN_REC 100.0 9.9E-43   1E-48  291.1   0.0  308   29-392    61-371 (393)
     351 tr|F7E6B1|F7E6B1_MONDO Tachyki 100.0 9.9E-43   1E-48  293.5   0.0  293   27-376    89-383 (475)
     352 tr|A0A2B4RGY6|A0A2B4RGY6_STYPI 100.0   1E-42   1E-48  293.3   0.0  307   32-396     6-316 (348)
     353 UniRef100_A0A060WGF3 B2 bradyk 100.0 1.1E-42 1.1E-48  312.8   0.0  295   30-379   157-453 (589)
     354 tr|J9JRI9|J9JRI9_ACYPI Unchara 100.0   1E-42 1.1E-48  294.2   0.0  297   28-376    30-332 (490)
     355 tr|A0A0P6IZB8|A0A0P6IZB8_9CRUS 100.0 1.1E-42 1.1E-48  299.8   0.0  294   32-379   202-496 (559)
     356 tr|A0A1I8PG61|A0A1I8PG61_STOCA 100.0 1.1E-42 1.1E-48  310.0   0.0  290   30-375   297-590 (716)
     357 UniRef100_A0A2B4SJE7 Orexin re 100.0 1.1E-42 1.1E-48  304.0   0.0  291   30-376   132-430 (517)
     358 UniRef100_A0A087QH27 C-C chemo 100.0 1.2E-42 1.2E-48  315.0   0.0  286   30-380   198-487 (591)
     359 UniRef100_A0A1S3IXU9 RYamide r 100.0 1.2E-42 1.3E-48  288.0   0.0  317   28-394    30-347 (438)
     360 UniRef100_UPI000219022F Endoly 100.0 1.2E-42 1.3E-48  292.8   0.0  282   33-376   201-485 (507)
     361 tr|A0A182L9N8|A0A182L9N8_9DIPT 100.0 1.3E-42 1.3E-48  300.4   0.0  293   30-379    86-384 (490)
     362 tr|A0A212EZN3|A0A212EZN3_DANPL 100.0 1.3E-42 1.3E-48  296.9   0.0  301   28-375    50-352 (488)
     363 UniRef100_A0A026VW91 Neuropept 100.0 1.3E-42 1.3E-48  293.8   0.0  299   27-375   183-484 (582)
     364 UniRef100_A0A6P4ZN87 somatosta 100.0 1.3E-42 1.4E-48  291.5   0.0  294   28-378    28-329 (391)
     365 UniRef100_A0A1D2M255 Somatosta 100.0 1.4E-42 1.4E-48  286.7   0.0  293   31-381    34-327 (382)
     366 UniRef100_A0A7M7KVC0 G_PROTEIN 100.0 1.4E-42 1.4E-48  306.3   0.0  308   33-373    64-374 (609)
     367 tr|A0A193KU92|A0A193KU92_SCHMD 100.0 1.4E-42 1.4E-48  296.1   0.0  332   28-379    53-408 (478)
     368 UniRef100_A0A3M6U2U1 G_PROTEIN 100.0 1.4E-42 1.4E-48  294.6   0.0  287   31-377    18-307 (352)
     369 tr|A7RNV5|A7RNV5_NEMVE Predict 100.0 1.4E-42 1.4E-48  290.0   0.0  309    8-374     6-323 (377)
     370 UniRef100_A0A6G8J3P5 Melanin-c 100.0 1.4E-42 1.5E-48  291.9   0.0  294   27-377    56-351 (460)
     371 tr|A0A2B4S1Z5|A0A2B4S1Z5_STYPI 100.0 1.4E-42 1.5E-48  300.1   0.0  278   29-381    22-302 (514)
     372 UniRef100_A0A060W5H6 G_PROTEIN 100.0 1.5E-42 1.5E-48  307.3   0.0  298   31-375    85-385 (528)
     373 UniRef100_A0A2B4SID7 Neuropept 100.0 1.5E-42 1.5E-48  299.3   0.0  302   22-376    71-378 (462)
     374 UniRef100_A0A034WCQ2 Octopamin 100.0 1.5E-42 1.5E-48  307.6   0.0  335   23-380   154-564 (618)
     375 UniRef100_A0A1L8HHP3 G_PROTEIN 100.0 1.5E-42 1.6E-48  288.8   0.0  291   29-376    42-338 (370)
     376 UniRef100_A0A060WAA0 NK-2 rece 100.0 1.6E-42 1.6E-48  291.6   0.0  293   27-376    67-363 (465)
     377 UniRef100_A0A3M6TNW8 G_PROTEIN 100.0 1.6E-42 1.6E-48  296.7   0.0  312   20-378    82-393 (453)
     378 UniRef100_A0A068FL22 Pheromone 100.0 1.6E-42 1.6E-48  294.6   0.0  318   26-379    76-394 (522)
     379 UniRef100_A0A0L8FWF7 G_PROTEIN 100.0 1.6E-42 1.7E-48  310.1   0.0  335   30-379    89-548 (576)
     380 tr|W5JTF9|W5JTF9_ANODA Somatos 100.0 1.7E-42 1.8E-48  297.2   0.0  294   30-379    52-349 (526)
     381 tr|U3U4G2|U3U4G2_NILLU Neurope 100.0 1.8E-42 1.8E-48  303.4   0.0  316   26-382    27-354 (496)
     382 UniRef100_A0A087YRI1 G_PROTEIN 100.0 1.8E-42 1.8E-48  298.4   0.0  291   32-376    80-371 (438)
     383 tr|A0A0V1MVC7|A0A0V1MVC7_9BILA 100.0 1.8E-42 1.8E-48  303.4   0.0  304   28-385    76-386 (598)
     384 UniRef100_A0A0S1YDN7 Diapause  100.0 1.8E-42 1.9E-48  300.6   0.0  320   29-388    97-419 (569)
     385 UniRef100_A0A0A1XP15 Neuropept 100.0 1.9E-42 1.9E-48  288.2   0.0  303   31-380    70-376 (421)
     386 tr|A0A210QNG6|A0A210QNG6_MIZYE 100.0 1.9E-42 1.9E-48  297.4   0.0  307   29-381    36-343 (498)
     387 UniRef100_A0A3M6T9C5 G_PROTEIN 100.0 1.9E-42 1.9E-48  298.8   0.0  308   25-385    51-367 (402)
     388 tr|A0A2B4S4U3|A0A2B4S4U3_STYPI 100.0 1.9E-42 1.9E-48  283.1   0.0  297   31-377    24-322 (359)
     389 UniRef100_A0A060VNF4 G_PROTEIN 100.0 1.9E-42   2E-48  303.1   0.0  292   29-375   127-429 (566)
     390 tr|A0A0P6C571|A0A0P6C571_9CRUS 100.0   2E-42   2E-48  294.3   0.0  333   32-376    55-444 (558)
     391 UniRef100_A0A6A4WEU8 5-hydroxy 100.0 2.1E-42 2.1E-48  299.0   0.0  328   32-379    67-441 (535)
     392 tr|A0A182U1B5|A0A182U1B5_9DIPT 100.0 2.1E-42 2.1E-48  301.4   0.0  303   26-375    33-341 (620)
     393 UniRef100_A0A060VRN9 G_PROTEIN 100.0 2.1E-42 2.2E-48  299.2   0.0  295   30-375   133-428 (496)
     394 UniRef100_A0A1S3HM77 pyrokinin 100.0 2.2E-42 2.3E-48  299.3   0.0  314   32-385    90-404 (573)
     395 UniRef100_A0A060VNZ0 G_PROTEIN 100.0 2.2E-42 2.3E-48  309.2   0.0  310   34-377   195-505 (710)
     396 tr|A0A218UTA6|A0A218UTA6_9PASE 100.0 2.3E-42 2.3E-48  303.6   0.0  358   33-412    58-475 (738)
     397 tr|A0A1W4X208|A0A1W4X208_AGRPL 100.0 2.3E-42 2.3E-48  291.1   0.0  296   29-376    91-392 (467)
     398 UniRef100_A0A2B4SYG2 5-hydroxy 100.0 2.3E-42 2.4E-48  290.1   0.0  289   28-375    25-314 (376)
     399 UniRef100_A0A023F664 Putative  100.0 2.3E-42 2.4E-48  294.9   0.0  304   30-378    78-381 (471)
     400 UniRef100_A0A060WN78 Muscarini 100.0 2.4E-42 2.4E-48  307.7   0.0  337   27-382   136-584 (611)
     401 UniRef100_A0A2P8Z628 Octopamin 100.0 2.4E-42 2.4E-48  292.7   0.0  324   34-375    52-414 (477)
     402 UniRef100_A0A067QQU1 Cholecyst 100.0 2.4E-42 2.5E-48  294.4   0.0  325   37-378     6-333 (404)
     403 UniRef100_A0A087REY1 NPY-Y2 re 100.0 2.4E-42 2.5E-48  300.8   0.0  291   30-376   184-477 (599)
     404 tr|A0A232F8D2|A0A232F8D2_9HYME 100.0 2.4E-42 2.5E-48  294.2   0.0  298   28-375    67-368 (478)
     405 UniRef100_A0A026W3I9 Neuropept 100.0 2.5E-42 2.6E-48  302.6   0.0  311   29-380    55-370 (599)
     406 UniRef100_A0A6F9DUB2 Somatosta 100.0 2.6E-42 2.7E-48  291.9   0.0  290   29-375    59-351 (467)
     407 UniRef100_A0A060YY06 G_PROTEIN 100.0 2.6E-42 2.7E-48  297.4   0.0  301   31-375   102-406 (490)
     408 tr|C3XVU5|C3XVU5_BRAFL Unchara 100.0 2.6E-42 2.7E-48  289.9   0.0  297   28-375    57-354 (439)
     409 tr|B4JN40|B4JN40_DROGR GH24210 100.0 2.7E-42 2.7E-48  292.3   0.0  287   33-374   117-405 (436)
     410 UniRef100_A0A3M6UBA2 G_PROTEIN 100.0 2.7E-42 2.8E-48  294.1   0.0  290   31-378    48-341 (383)
     411 UniRef100_A0A2B4RQG7 Somatosta 100.0 2.7E-42 2.8E-48  310.4   0.0  312   28-376    83-397 (541)
     412 tr|A0A2B4RYF4|A0A2B4RYF4_STYPI 100.0 2.7E-42 2.8E-48  289.1   0.0  287   30-376    22-310 (402)
     413 ERR1719232_11025               100.0 2.9E-42   3E-48  300.8   0.0  308   32-375    87-399 (559)
     414 tr|A0A183VWV4|A0A183VWV4_TRIRE 100.0   3E-42 3.1E-48  291.9   0.0  339   25-376    43-446 (509)
     415 UniRef100_A0A0K0PUL2 DH31-like 100.0 3.2E-42 3.2E-48  286.8   0.0  291   33-383    49-339 (375)
     416 UniRef100_A0A0K8WE72 5-hydroxy 100.0 3.3E-42 3.4E-48  303.0   0.0  333   28-379   264-626 (662)
     417 UniRef100_A0A0P5DS31 Neuropept 100.0 3.4E-42 3.5E-48  287.5   0.0  298   28-375    81-382 (482)
     418 UniRef100_A0A2G8KTA9 Putative  100.0 3.5E-42 3.5E-48  302.6   0.0  289   35-374    51-341 (445)
     419 tr|A0A1S3NPB2|A0A1S3NPB2_SALSA 100.0 3.4E-42 3.5E-48  290.5   0.0  294   26-376    33-330 (443)
     420 tr|A0A0P7V0U8|A0A0P7V0U8_9TELE 100.0 3.6E-42 3.7E-48  284.3   0.0  297   31-385    84-382 (439)
     421 tr|A0A1D1V6H4|A0A1D1V6H4_RAMVA 100.0 3.6E-42 3.7E-48  293.5   0.0  308   30-389    59-384 (498)
     422 tr|A0A1L8HND2|A0A1L8HND2_XENLA 100.0 3.8E-42 3.9E-48  292.4   0.0  310   30-386   126-436 (452)
     423 tr|A0A1S3JCV4|A0A1S3JCV4_LINUN 100.0 3.8E-42 3.9E-48  285.6   0.0  311   30-382    60-373 (414)
     424 tr|C3Z3H5|C3Z3H5_BRAFL Unchara 100.0 3.8E-42 3.9E-48  284.3   0.0  310   20-382    68-379 (405)
     425 SRR6218665_147192              100.0 3.9E-42   4E-48  293.0   0.0  301   27-377    95-396 (466)
     426 tr|K1PQM6|K1PQM6_CRAGI Putativ 100.0 4.4E-42 4.5E-48  289.1   0.0  329   25-395    83-413 (429)
     427 SRR6218665_1158703             100.0 4.5E-42 4.6E-48  290.8   0.0  305   26-378    30-335 (413)
     428 tr|L7LWW3|L7LWW3_9ACAR Putativ 100.0 4.6E-42 4.7E-48  299.5   0.0  193   30-239   108-300 (624)
     429 UniRef100_A0A060VV87 Kappa-typ 100.0 4.7E-42 4.8E-48  296.5   0.0  281   34-375   192-475 (586)
     430 UniRef100_A0A6P4Z5N5 muscarini 100.0 5.1E-42 5.1E-48  287.5   0.0  311   30-377    26-342 (357)
     431 tr|T1JSJ3|T1JSJ3_TETUR Unchara 100.0   5E-42 5.2E-48  301.9   0.0  328   33-379   248-646 (747)
     432 UniRef100_A0A087X781 Alpha-2Db 100.0 5.3E-42 5.5E-48  292.4   0.0  323   34-375    68-490 (495)
     433 UniRef100_A0A087RCY8 5-hydroxy 100.0 5.5E-42 5.6E-48  303.0   0.0  321   34-381   146-474 (567)
     434 tr|W4Z9U8|W4Z9U8_STRPU Unchara 100.0 5.5E-42 5.6E-48  283.8   0.0  308   26-375   101-409 (434)
     435 UniRef100_A0A0E3EKU4 Allatotro 100.0 5.5E-42 5.7E-48  291.9   0.0  300   32-377   131-431 (562)
     436 UniRef100_A0A060YTK2 Uncharact 100.0 5.5E-42 5.7E-48  287.0   0.0  290   32-376    84-377 (447)
     437 UniRef100_A0A060XSS1 5-hydroxy 100.0 5.6E-42 5.7E-48  315.0   0.0  334   29-381   207-555 (704)
     438 UniRef100_A0A1B6HDB2 G_PROTEIN 100.0 5.8E-42 5.9E-48  277.8   0.0  291   30-376     9-305 (360)
     439 tr|K1PEH3|K1PEH3_CRAGI Neurope 100.0 6.2E-42 6.4E-48  286.5   0.0  305   28-382    43-362 (411)
     440 UniRef100_A0A4D9EQQ5 Enolase-l 100.0 6.3E-42 6.5E-48  280.0   0.0  285   28-375   142-429 (472)
     441 UniRef100_A0A210PNG3 5-hydroxy 100.0 6.5E-42 6.6E-48  296.2   0.0  307   29-377    62-368 (427)
     442 UniRef100_A0A2R8PY66 5-hydroxy 100.0 6.5E-42 6.6E-48  279.3   0.0  304   29-379    53-356 (381)
     443 tr|Q8MX83|Q8MX83_APLCA G-prote 100.0 6.6E-42 6.8E-48  295.5   0.0  330   29-380   124-565 (567)
     444 UniRef100_A0A034VDT7 Tyramine/ 100.0 6.8E-42 6.9E-48  313.2   0.0  322   34-376   287-714 (820)
     445 UniRef100_A0A151NBW6 Beta-3 ad 100.0 6.8E-42 6.9E-48  291.2   0.0  307   29-375    27-338 (490)
     446 UniRef100_A0A0J9RYF2 G_PROTEIN 100.0 6.8E-42 6.9E-48  302.6   0.0  304   28-376   154-508 (761)
     447 tr|A7RRH0|A7RRH0_NEMVE Predict 100.0 6.9E-42 7.1E-48  303.9   0.0  296   28-379    22-317 (700)
     448 tr|A7SFG7|A7SFG7_NEMVE Predict 100.0 7.1E-42 7.3E-48  286.4   0.0  288   30-374    21-309 (364)
     449 UniRef100_A0A0P7U357 Apelin re 100.0 7.2E-42 7.3E-48  289.2   0.0  290   29-379    54-345 (401)
     450 tr|A0A151ITZ3|A0A151ITZ3_9HYME 100.0 7.2E-42 7.3E-48  292.9   0.0  314   32-377    67-419 (481)
     451 UniRef100_A0A0L8HMQ0 G_PROTEIN 100.0 7.6E-42 7.8E-48  297.0   0.0  305   29-380    45-350 (538)
     452 UniRef100_A0A023F665 Putative  100.0 7.7E-42 7.9E-48  300.7   0.0  302   28-376   139-448 (573)
     453 UniRef100_A0A084VAB3 Pk-1 rece 100.0 7.7E-42 7.9E-48  296.0   0.0  310   28-374    99-412 (552)
     454 tr|A0A146PN09|A0A146PN09_FUNHE 100.0 7.9E-42 7.9E-48  305.6   0.0  307   25-385    32-403 (432)
     455 tr|A0A0A1XP03|A0A0A1XP03_ZEUCU 100.0 7.8E-42   8E-48  306.9   0.0  308   33-380   235-542 (660)
     456 UniRef100_A0A0Q3PEJ5 Alpha-1B  100.0   8E-42 8.2E-48  295.0   0.0  322   32-382    62-389 (683)
     457 UniRef100_A0A016VJP9 G_PROTEIN 100.0   8E-42 8.2E-48  300.3   0.0  334   31-377   135-525 (650)
     458 UniRef100_A0A060X7S9 B2 bradyk 100.0 8.5E-42 8.6E-48  297.7   0.0  296   29-379   110-407 (491)
     459 tr|A7SIX0|A7SIX0_NEMVE Predict 100.0 8.5E-42 8.7E-48  286.1   0.0  311   23-389    15-330 (403)
     460 tr|A0A1W4X1F3|A0A1W4X1F3_AGRPL 100.0 8.9E-42 9.1E-48  291.3   0.0  297   29-375   130-429 (485)
     461 tr|A0A0P7XE55|A0A0P7XE55_9TELE 100.0 8.9E-42 9.1E-48  300.1   0.0  328   26-383    44-373 (782)
     462 tr|A0A147AXX1|A0A147AXX1_FUNHE 100.0 8.9E-42 9.1E-48  287.1   0.0  298   22-376    27-328 (490)
     463 UniRef100_A0A336LUR7 CSON00145 100.0 9.3E-42 9.6E-48  295.4   0.0  299   28-375    83-383 (670)
     464 tr|A0A195BRF4|A0A195BRF4_9HYME 100.0 9.4E-42 9.6E-48  292.3   0.0  346   28-394    68-465 (475)
     465 UniRef100_A0A0G3Y5J3 Peropsin  100.0 9.6E-42 9.7E-48  291.4   0.0  283   33-375    37-321 (363)
     466 UniRef100_A0A016UC02 G_PROTEIN 100.0 9.6E-42 9.8E-48  294.3   0.0  302   32-373   126-443 (523)
     467 tr|A0A2C9GPU2|A0A2C9GPU2_ANOAR 100.0 9.6E-42 9.9E-48  306.6   0.0  312   32-374   322-633 (818)
     468 UniRef100_D1LX82 Neuropeptide  100.0 9.7E-42 9.9E-48  295.6   0.0  294   34-380    56-351 (424)
     469 UniRef100_A0A059NTG2 C-like op 100.0 9.8E-42   1E-47  294.6   0.0  292   34-377    61-354 (427)
     470 UniRef100_A0A7M7G004 G_PROTEIN 100.0 9.9E-42   1E-47  292.0   0.0  334   28-379    34-371 (397)
     471 UniRef100_A0A3M6THF9 G_PROTEIN 100.0 9.9E-42   1E-47  297.5   0.0  284   28-379    56-340 (483)
     472 tr|A0A1U7SLA2|A0A1U7SLA2_TARSY 100.0 9.9E-42   1E-47  293.5   0.0  323   33-383   125-455 (601)
     473 UniRef100_A0A091M113 GH-releas 100.0 9.9E-42   1E-47  286.0   0.0  292   34-375    82-376 (478)
     474 tr|A0A1E1WD65|A0A1E1WD65_PECGO 100.0   1E-41   1E-47  299.8   0.0  325   30-379    97-530 (584)
     475 UniRef100_A0A077Z2V7 Neuropept 100.0   1E-41 1.1E-47  289.2   0.0  301   28-375    65-373 (451)
     476 tr|A0A147A4W2|A0A147A4W2_FUNHE 100.0   1E-41 1.1E-47  292.7   0.0  328   31-376    93-442 (502)
     477 UniRef100_A0A2B4S7Y2 Neuropept 100.0 1.1E-41 1.1E-47  300.8   0.0  290   29-374    78-368 (460)
     478 UniRef100_A0A034WQT6 Tachykini 100.0 1.1E-41 1.1E-47  298.7   0.0  303   30-379   114-420 (694)
     479 UniRef100_A0A0L8FP69 G_PROTEIN 100.0 1.1E-41 1.1E-47  287.2   0.0  286   34-375    50-339 (488)
     480 UniRef100_A0A3M6UKK8 G_PROTEIN 100.0 1.1E-41 1.1E-47  295.5   0.0  293   25-377    34-335 (406)
     481 UniRef100_A0A060VZ71 G_PROTEIN 100.0 1.1E-41 1.2E-47  302.9   0.0  303   31-375   227-533 (650)
     482 UniRef100_A0A060W161 G_PROTEIN 100.0 1.2E-41 1.2E-47  310.7   0.0  284   30-376   166-454 (574)
     483 UniRef100_A0A3M6TDR7 G_PROTEIN 100.0 1.2E-41 1.2E-47  299.0   0.0  278   31-374    73-350 (425)
     484 UniRef100_A0A0K0PUT0 Orphan G- 100.0 1.3E-41 1.3E-47  298.6   0.0  292   33-377    51-346 (400)
     485 tr|Q29XY7|Q29XY7_APLCA Dopamin 100.0 1.3E-41 1.3E-47  288.4   0.0  311   29-377    51-377 (450)
     486 SRR6218665_799277              100.0 1.3E-41 1.3E-47  281.7   0.0  292   31-375   123-417 (456)
     487 tr|A0A0P6B7K0|A0A0P6B7K0_9CRUS 100.0 1.3E-41 1.3E-47  299.6   0.0  337   32-378   112-488 (579)
     488 tr|A7RQG0|A7RQG0_NEMVE Predict 100.0 1.3E-41 1.3E-47  288.0   0.0  297   29-376    14-313 (351)
     489 tr|A0A1A8EW90|A0A1A8EW90_9TELE 100.0 1.3E-41 1.3E-47  285.6   0.0  289   28-375    40-331 (444)
     490 UniRef100_A0A6P3IMR0 somatosta 100.0 1.4E-41 1.4E-47  284.4   0.0  283   33-375   198-483 (524)
     491 tr|L9JDH9|L9JDH9_TUPCH Orexin  100.0 1.4E-41 1.4E-47  292.6   0.0  346   32-384   219-580 (621)
     492 tr|A0A0A7RC79|A0A0A7RC79_RHOPR 100.0 1.4E-41 1.5E-47  283.2   0.0  292   31-376    74-372 (404)
     493 UniRef100_A0A1D1W8Y5 Thyrolibe 100.0 1.5E-41 1.5E-47  294.9   0.0  327   29-375    89-415 (533)
     494 UniRef100_A0A0P7U0M1 Galanin r 100.0 1.5E-41 1.5E-47  281.0   0.0  317   31-404   139-460 (475)
     495 UniRef100_A0A2B4RSD1 Neuropept 100.0 1.5E-41 1.6E-47  300.3   0.0  321   27-378    41-366 (464)
     496 UniRef100_A0A151LYB3 G_PROTEIN 100.0 1.5E-41 1.6E-47  286.9   0.0  294   31-379    97-391 (435)
     497 UniRef100_A0A2G8K804 Putative  100.0 1.6E-41 1.6E-47  290.3   0.0  324   31-377    57-439 (451)
     498 UniRef100_A0A210PMD5 Neuropept 100.0 1.6E-41 1.6E-47  282.0   0.0  328   29-384    44-378 (445)
     499 UniRef100_A0A087QSW5 5-hydroxy 100.0 1.6E-41 1.6E-47  289.6   0.0  332   26-380   171-517 (570)
     500 tr|L8Y5L0|L8Y5L0_TUPCH Alpha-2 100.0 1.7E-41 1.7E-47  305.3   0.0  325   32-378   393-819 (823)
     
  > Uniprot already searched, skipping.
/projects/ilfgrid/apps/alphafold-2.2.0/prep_MSAs.sh: line 93: /bin/hmmbuild: No such file or directory
/projects/ilfgrid/apps/alphafold-2.2.0/prep_MSAs.sh: line 94: /bin/hmmsearch: No such file or directory
> Running chain B
  > Uniref90 already searched, skipping.
  > Mgnify already searched, skipping.
  > Running hhblits on bfd_uniref30
- 02:41:34.750 INFO: Searching 65983866 column state sequences.

- 02:41:35.801 INFO: Searching 29291635 column state sequences.

- 02:41:35.836 INFO: ntr2_mouse-1578/msas/B/chain_B.fasta is in A2M, A3M or FASTA format

- 02:41:35.836 INFO: Iteration 1

- 02:41:35.841 INFO: Prefiltering database

- 02:42:16.183 INFO: HMMs passed 1st prefilter (gapless profile-profile alignment)  : 1000

- 02:42:30.988 INFO: HMMs passed 1st prefilter (gapless profile-profile alignment)  : 7081

- 02:42:30.995 INFO: No HMMs pass prefilter => Stop searching!

     Query         neuromedin N gtp:1578
     Match_columns 6
     No_of_seqs    1 out of 1
     Neff          1
     Searched_HMMs 0
     Date          Thu Mar  9 02:42:30 2023
     Command       hhblits -i ntr2_mouse-1578/msas/B/chain_B.fasta -cpu 4 -maxmem 20 -oa3m /projects/ilfgrid/people/nqz918/code/deorph/scripts/af_arman/af_jobs_af23/ntr2_mouse/1578//ntr2_mouse-1578/msas/B/bfd_uniref_hits.a3m -o /dev/null -n 3 -e 0.001 -maxseq 1000000 -realign_max 100000 -maxfilt 100000 -min_prefilter_hits 1000 -d /projects/ilfgrid/data/alphafold-genetic-databases///bfd/bfd_metaclust_clu_complete_id30_c90_final_seq.sorted_opt -d /projects/ilfgrid/data/alphafold-genetic-databases///uniref30/UniRef30_2021_03 
     
      No Hit                             Prob E-value P-value  Score    SS Cols Query HMM  Template HMM
     
  > Uniprot already searched, skipping.
/projects/ilfgrid/apps/alphafold-2.2.0/prep_MSAs.sh: line 93: /bin/hmmbuild: No such file or directory
/projects/ilfgrid/apps/alphafold-2.2.0/prep_MSAs.sh: line 94: /bin/hmmsearch: No such file or directory

>> Job finished at: Thu Mar  9 02:42:35 CET 2023

>> Runtime: 718 s
