>> Job started at: Tue Mar  7 10:26:13 CET 2023
   On Machine:     ilfgridgpun01fl.unicph.domain
   In directory:   /projects/ilfgrid/people/nqz918/code/deorph/scripts/af_arman/af_jobs_af23/v1br_rat/2168

>> GPU is 

Loaded miniconda shell environment for bash
> Running 'prep_MSAs.sh'
  > Alphafold-DB directory is set to /projects/ilfgrid/data/alphafold-genetic-databases//
  > Number of cores was set to set to 2
  > Max memory set to 20 GB
  > Output directory was set to /projects/ilfgrid/people/nqz918/code/deorph/scripts/af_arman/af_jobs_af23/v1br_rat/2168/
  > Input fastafile was set to /projects/ilfgrid/people/nqz918/code/deorph/scripts/af_arman/af_jobs_af23/v1br_rat/2168/v1br_rat-2168.fasta
> Splitting fastafile
> Running chain A
  > Uniref90 already searched, skipping.
  > Mgnify already searched, skipping.
  > Running hhblits on bfd_uniref30
- 10:26:32.590 INFO: Searching 65983866 column state sequences.

- 10:26:33.981 INFO: Searching 29291635 column state sequences.

- 10:26:34.037 INFO: v1br_rat-2168/msas/A/chain_A.fasta is in A2M, A3M or FASTA format

- 10:26:34.037 INFO: Iteration 1

- 10:26:34.301 INFO: Prefiltering database

- 10:29:34.373 INFO: HMMs passed 1st prefilter (gapless profile-profile alignment)  : 1974199

- 10:30:59.933 INFO: HMMs passed 1st prefilter (gapless profile-profile alignment)  : 849221

- 10:31:05.145 INFO: HMMs passed 2nd prefilter (gapped profile-profile alignment)   : 30141

- 10:31:05.145 INFO: HMMs passed 2nd prefilter and not found in previous iterations : 30141

- 10:31:05.145 INFO: Scoring 30141 HMMs using HMM-HMM Viterbi alignment

- 10:31:05.190 INFO: Alternative alignment: 0

- 10:31:41.124 INFO: 2000 alignments done

- 10:32:16.659 INFO: 4000 alignments done

- 10:32:52.551 INFO: 6000 alignments done

- 10:33:35.726 INFO: 8000 alignments done

- 10:33:59.825 INFO: 10000 alignments done

- 10:34:26.419 INFO: 12000 alignments done

- 10:34:55.095 INFO: 14000 alignments done

- 10:35:05.750 INFO: 16000 alignments done

- 10:35:14.259 INFO: 18000 alignments done

- 10:35:21.573 INFO: 20000 alignments done

- 10:35:38.981 INFO: 22000 alignments done

- 10:35:46.365 INFO: 24000 alignments done

- 10:35:51.095 INFO: 26000 alignments done

- 10:35:55.694 INFO: 28000 alignments done

- 10:35:59.611 INFO: 30000 alignments done

- 10:36:00.343 INFO: 30141 alignments done

- 10:36:00.344 INFO: Alternative alignment: 1

- 10:36:18.250 INFO: 30070 alignments done

- 10:36:18.271 INFO: Alternative alignment: 2

- 10:36:23.259 INFO: 6919 alignments done

- 10:36:23.284 INFO: Alternative alignment: 3

- 10:36:24.416 INFO: 1174 alignments done

- 10:36:25.461 INFO: Premerge done

- 10:36:25.462 INFO: Realigning 10549 HMM-HMM alignments using Maximum Accuracy algorithm

- 10:38:16.037 INFO: 10552 sequences belonging to 10552 database HMMs found with an E-value < 0.001

- 10:38:16.037 INFO: Number of effective sequences of resulting query HMM: Neff = 9.74985

- 10:38:16.256 INFO: Iteration 2

- 10:38:16.256 INFO: Set premerge to 0! (premerge: 3 iteration: 2 hits.Size: 10549)

- 10:38:16.514 INFO: Prefiltering database

- 10:40:42.678 INFO: HMMs passed 1st prefilter (gapless profile-profile alignment)  : 10914466

- 10:42:49.006 INFO: HMMs passed 1st prefilter (gapless profile-profile alignment)  : 3518245

- 10:43:14.544 WARNING: Number of hits passing 2nd prefilter (reduced from 101671 to allowed maximum of 100000).
You can increase the allowed maximum using the -maxfilt <max> option.

- 10:43:14.752 WARNING: database contains sequences that exceed maximum allowed size (maxres = 20001). Max sequence length can be increased with parameter -maxres.

- 10:43:14.764 INFO: HMMs passed 2nd prefilter (gapped profile-profile alignment)   : 157027

- 10:43:14.764 INFO: HMMs passed 2nd prefilter and not found in previous iterations : 146650

- 10:43:14.764 INFO: Scoring 146650 HMMs using HMM-HMM Viterbi alignment

- 10:43:14.785 INFO: Alternative alignment: 0

- 10:43:22.497 INFO: 2000 alignments done

- 10:43:40.731 INFO: 4000 alignments done

- 10:43:54.534 INFO: 6000 alignments done

- 10:44:10.166 INFO: 8000 alignments done

- 10:44:27.056 INFO: 10000 alignments done

- 10:44:47.516 INFO: 12000 alignments done

- 10:45:07.105 INFO: 14000 alignments done

- 10:45:27.931 INFO: 16000 alignments done

- 10:45:49.131 INFO: 18000 alignments done

- 10:46:09.094 INFO: 20000 alignments done

- 10:46:28.015 INFO: 22000 alignments done

- 10:46:28.017 INFO: Stop after DB-HHM: 22000 because early stop  8.8717 < filter cutoff 20

- 10:46:28.017 INFO: Alternative alignment: 1

- 10:46:34.518 INFO: 9325 alignments done

- 10:46:34.524 INFO: Alternative alignment: 2

- 10:46:35.512 INFO: 994 alignments done

- 10:46:35.513 INFO: Alternative alignment: 3

- 10:46:35.741 INFO: 166 alignments done

- 10:46:35.899 INFO: Realigning 5247 HMM-HMM alignments using Maximum Accuracy algorithm

- 10:47:36.388 INFO: 15798 sequences belonging to 15798 database HMMs found with an E-value < 0.001

- 10:47:36.388 INFO: Number of effective sequences of resulting query HMM: Neff = 10.3021

- 10:47:36.519 INFO: Iteration 3

- 10:47:36.942 INFO: Prefiltering database

- 10:50:13.877 INFO: HMMs passed 1st prefilter (gapless profile-profile alignment)  : 10264494

- 10:52:28.021 INFO: HMMs passed 1st prefilter (gapless profile-profile alignment)  : 3327490

- 10:52:54.757 WARNING: database contains sequences that exceed maximum allowed size (maxres = 20001). Max sequence length can be increased with parameter -maxres.

- 10:52:54.757 INFO: HMMs passed 2nd prefilter (gapped profile-profile alignment)   : 148526

- 10:52:54.757 INFO: HMMs passed 2nd prefilter and not found in previous iterations : 132987

- 10:52:54.757 INFO: Scoring 132987 HMMs using HMM-HMM Viterbi alignment

- 10:52:54.779 INFO: Alternative alignment: 0

- 10:52:56.104 INFO: 2000 alignments done

- 10:52:57.330 INFO: 4000 alignments done

- 10:52:58.226 INFO: 6000 alignments done

- 10:52:59.088 INFO: 8000 alignments done

- 10:52:59.995 INFO: 10000 alignments done

- 10:53:01.462 INFO: 12000 alignments done

- 10:53:04.990 INFO: 14000 alignments done

- 10:53:08.962 INFO: 16000 alignments done

- 10:53:08.967 INFO: Stop after DB-HHM: 16000 because early stop  16.0622 < filter cutoff 20

- 10:53:08.967 INFO: Alternative alignment: 1

- 10:53:12.598 INFO: 4678 alignments done

- 10:53:12.612 INFO: Alternative alignment: 2

- 10:53:13.528 INFO: 631 alignments done

- 10:53:13.528 INFO: Alternative alignment: 3

- 10:53:13.792 INFO: 133 alignments done

- 10:53:13.909 INFO: Rescoring previously found HMMs with Viterbi algorithm

- 10:53:13.943 INFO: Alternative alignment: 0

- 10:53:15.404 INFO: 2000 alignments done

- 10:53:16.607 INFO: 4000 alignments done

- 10:53:17.832 INFO: 6000 alignments done

- 10:53:19.064 INFO: 8000 alignments done

- 10:53:20.287 INFO: 10000 alignments done

- 10:53:21.499 INFO: 12000 alignments done

- 10:53:22.730 INFO: 14000 alignments done

- 10:53:23.658 INFO: 15538 alignments done

- 10:53:23.662 INFO: Alternative alignment: 1

- 10:53:33.731 INFO: 15538 alignments done

- 10:53:33.759 INFO: Alternative alignment: 2

- 10:53:35.060 INFO: 1382 alignments done

- 10:53:35.062 INFO: Alternative alignment: 3

- 10:53:35.296 INFO: 186 alignments done

- 10:53:35.534 INFO: Premerge done

- 10:53:35.535 INFO: Realigning 16158 HMM-HMM alignments using Maximum Accuracy algorithm

- 10:54:43.490 INFO: 16213 sequences belonging to 16213 database HMMs found with an E-value < 0.001

- 10:54:43.491 INFO: Number of effective sequences of resulting query HMM: Neff = 10.3396

     Query         v1br_rat P48974
     Match_columns 425
     No_of_seqs    3011 out of 224712
     Neff          10.3396
     Searched_HMMs 172477
     Date          Tue Mar  7 10:54:43 2023
     Command       hhblits -i v1br_rat-2168/msas/A/chain_A.fasta -cpu 2 -maxmem 20 -oa3m /projects/ilfgrid/people/nqz918/code/deorph/scripts/af_arman/af_jobs_af23/v1br_rat/2168//v1br_rat-2168/msas/A/bfd_uniref_hits.a3m -o /dev/null -n 3 -e 0.001 -maxseq 1000000 -realign_max 100000 -maxfilt 100000 -min_prefilter_hits 1000 -d /projects/ilfgrid/data/alphafold-genetic-databases///bfd/bfd_metaclust_clu_complete_id30_c90_final_seq.sorted_opt -d /projects/ilfgrid/data/alphafold-genetic-databases///uniref30/UniRef30_2021_03 
     
      No Hit                             Prob E-value P-value  Score    SS Cols Query HMM  Template HMM
       1 UniRef100_A0A060XH94 G_PROTEIN 100.0 1.4E-81 1.5E-87  564.7   0.0  381   20-424   103-486 (542)
       2 tr|W4YZL0|W4YZL0_STRPU Unchara 100.0 1.1E-75 1.2E-81  517.6   0.0  407    1-425    23-461 (461)
       3 tr|A0A2D0T324|A0A2D0T324_ICTPU 100.0 1.4E-74 1.5E-80  506.5   0.0  368   19-419    44-414 (453)
       4 UniRef100_A0A060WIU8 G_PROTEIN 100.0 2.1E-72 2.2E-78  483.5   0.0  370   18-418    49-421 (458)
       5 UniRef100_A0A088DIX9 Vasotocin 100.0 3.2E-72 3.4E-78  502.6   0.0  367   22-414   137-506 (546)
       6 tr|A0A2G9RDH8|A0A2G9RDH8_LITCT 100.0 9.8E-71   1E-76  478.5   0.0  369   20-421    45-516 (520)
       7 tr|V8NBS5|V8NBS5_OPHHA Vasopre 100.0 2.4E-70 2.5E-76  472.2   0.0  369   21-414    97-468 (469)
       8 tr|A0A146VCE1|A0A146VCE1_FUNHE 100.0 2.3E-68 2.4E-74  483.7   0.0  355   18-388    33-413 (592)
       9 UniRef100_UPI00174A8E0E vasopr 100.0 9.9E-66   1E-71  441.0   0.0  412    1-416     1-414 (547)
      10 tr|A0A0P7TW44|A0A0P7TW44_9TELE 100.0 3.9E-65 4.1E-71  439.0   0.0  346   18-421    82-430 (434)
      11 UniRef100_A0A315VLZ3 G_PROTEIN 100.0 1.2E-64 1.3E-70  432.9   0.0  370   20-420    37-409 (529)
      12 UniRef100_A0A091G7A7 Vasopress 100.0 6.2E-64 6.6E-70  439.3   0.0  360   15-415    30-389 (398)
      13 UniRef100_A0A3Q7TQI5 Vasopress 100.0 7.7E-63   8E-69  431.8   0.0  369   28-420   182-552 (557)
      14 UniRef100_A0A068BDA2 Vasopress 100.0 9.6E-61 9.9E-67  404.9   0.0  368   28-420    49-418 (423)
      15 UniRef100_A0A060W145 G_PROTEIN 100.0 3.5E-60 3.6E-66  424.4   0.0  318   22-358   100-418 (567)
      16 tr|A0A060WJQ0|A0A060WJQ0_ONCMY 100.0 2.3E-59 2.4E-65  392.5   0.0  354   18-388    26-382 (428)
      17 UniRef100_UPI0011C0F453 arg8-v 100.0 1.4E-58 1.4E-64  401.3   0.0  380    8-418   210-592 (597)
      18 UniRef100_A0A6F9BCS3 G_PROTEIN 100.0 1.9E-58 1.9E-64  406.5   0.0  351   19-386   313-666 (697)
      19 UniRef100_UPI000E1DEBCC vasopr 100.0 3.1E-57 3.2E-63  393.9   0.0  369   24-417   230-602 (609)
      20 tr|Q5MZ03|Q5MZ03_TAKRU Vasotoc 100.0 1.1E-56 1.2E-62  381.4   0.0  345   18-382    13-359 (447)
      21 UniRef100_A0A088DHW5 Vasotocin 100.0 7.1E-56 7.5E-62  396.7   0.0  337   21-363    41-392 (463)
      22 tr|A0A1S3MHC2|A0A1S3MHC2_SALSA 100.0 1.5E-55 1.6E-61  402.3   0.0  331   25-360   100-589 (618)
      23 tr|L5M9C0|L5M9C0_MYODS Oxytoci 100.0 2.7E-55 2.8E-61  391.4   0.0  295   27-357   146-440 (482)
      24 UniRef100_A0A0L8G5L6 G_PROTEIN 100.0 4.7E-55   5E-61  400.6   0.0  316   27-359    60-381 (505)
      25 tr|A0A1V4J9P2|A0A1V4J9P2_PATFA 100.0 5.4E-55 5.6E-61  395.6   0.0  302   25-348   352-653 (688)
      26 UniRef100_A0A0K0PVK9 Vasotocin 100.0 1.2E-54 1.3E-60  398.1   0.0  321   27-352    54-381 (485)
      27 tr|T1JNT7|T1JNT7_STRMM Unchara 100.0 1.2E-54 1.3E-60  392.3   0.0  335   23-361    18-368 (471)
      28 UniRef100_A0A6P4Z4S7 G-protein 100.0 7.9E-54 8.6E-60  396.1   0.0  294   35-362    60-355 (417)
      29 UniRef100_A0A1S3HKE5 allatosta 100.0 2.3E-53 2.4E-59  389.7   0.0  292   35-359    83-377 (462)
      30 UniRef100_A0A164MD49 Putative  100.0 2.9E-53 3.1E-59  382.2   0.0  323   34-359    49-396 (498)
      31 UniRef100_UPI0018F49F6D LOW QU 100.0   9E-53 9.3E-59  378.3   0.0  402    4-425   455-860 (860)
      32 UniRef100_A0A0K0PUR1 Orphan G- 100.0 1.1E-52 1.2E-58  388.5   0.0  293   31-354   111-407 (530)
      33 UniRef100_A0A024FLF0 PQRFa pep 100.0 1.2E-52 1.3E-58  386.1   0.0  292   36-358    51-346 (413)
      34 UniRef100_A0A060WC63 G_PROTEIN 100.0 1.4E-52 1.5E-58  373.3   0.0  310   25-356   100-409 (459)
      35 UniRef100_A0A1D1W534 G_PROTEIN 100.0 1.4E-52 1.5E-58  390.4   0.0  325   34-361    78-436 (492)
      36 UniRef100_A0A2G8KL37 Cholecyst 100.0 1.6E-52 1.6E-58  375.3   0.0  321   36-360   100-432 (493)
      37 UniRef100_A0A060WAU0 G_PROTEIN 100.0 2.7E-52 2.9E-58  378.6   0.0  308   28-357   144-452 (529)
      38 UniRef100_A0A077Z2H9 Putative  100.0 2.8E-52   3E-58  381.3   0.0  340   37-384    74-422 (477)
      39 UniRef100_A0A026WK40 Cholecyst 100.0 8.5E-52 9.1E-58  391.5   0.0  324   35-361   155-546 (656)
      40 UniRef100_A0A141CIT8 G protein 100.0 1.2E-51 1.2E-57  374.3   0.0  294   33-361    85-379 (488)
      41 UniRef100_A0A1S3HEB7 cephaloto 100.0 1.5E-51 1.6E-57  370.1   0.0  318   26-348    62-398 (480)
      42 UniRef100_A0A023F675 Putative  100.0 6.2E-51 6.7E-57  380.9   0.0  289   36-359   128-420 (530)
      43 UniRef100_A0A6P4XD29 neuropept 100.0 8.3E-51 8.9E-57  360.2   0.0  290   35-354    42-338 (385)
      44 UniRef100_A0A026WTK8 Tachykini 100.0 8.9E-51 9.5E-57  373.0   0.0  291   37-360    92-390 (556)
      45 UniRef100_A0A2B4S7K2 Histamine 100.0   9E-51 9.7E-57  367.0   0.0  301   27-358    25-327 (369)
      46 UniRef100_A0A6P4Y4T1 galanin r 100.0 9.5E-51   1E-56  362.1   0.0  294   34-360    58-353 (410)
      47 UniRef100_A0A1N7TCF1 Galanin r 100.0   1E-50 1.1E-56  362.3   0.0  287   36-361    73-363 (407)
      48 UniRef100_A0A026W5R0 Orexin re 100.0 1.1E-50 1.2E-56  375.5   0.0  307   36-361   119-429 (529)
      49 UniRef100_A0A026X3T6 Allatosta 100.0 1.1E-50 1.2E-56  372.2   0.0  289   33-361   138-428 (540)
      50 UniRef100_A0A091NWL5 Vasopress 100.0 1.4E-50 1.4E-56  338.3   0.0  370   16-425    26-399 (399)
      51 UniRef100_A0A0K0PUI9 Orphan G- 100.0 1.5E-50 1.6E-56  377.9   0.0  301   32-360    99-409 (534)
      52 UniRef100_A0A177B9B5 Rhodopsin 100.0   2E-50 2.1E-56  360.3   0.0  304   36-356    92-400 (464)
      53 UniRef100_A0A061INJ6 Pyrogluta 100.0   2E-50 2.1E-56  380.4   0.0  296   36-357   154-457 (594)
      54 UniRef100_A0A1D2M4J2 Neuropept 100.0 2.9E-50   3E-56  365.2   0.0  293   34-359   126-424 (497)
      55 tr|Q25396|Q25396_LYMST Conopre 100.0 3.2E-50 3.4E-56  363.8   0.0  319   23-346    59-399 (462)
      56 UniRef100_A0A154PKR3 Tachykini 100.0 3.5E-50 3.7E-56  365.1   0.0  293   34-358    76-374 (457)
      57 tr|A0A1L8GHK0|A0A1L8GHK0_XENLA 100.0 3.6E-50 3.7E-56  340.6   0.0  308   21-350    31-338 (402)
      58 UniRef100_A0A0P0YUU8 Cannabino 100.0 4.7E-50 4.9E-56  361.7   0.0  322   38-360    86-419 (496)
      59 UniRef100_A0A087QH91 Melanopsi 100.0 5.2E-50 5.5E-56  370.8   0.0  317   36-384   105-427 (629)
      60 UniRef100_A0A096NAQ2 Cholecyst 100.0 5.7E-50   6E-56  366.6   0.0  323   34-357   150-500 (617)
      61 tr|A0A088DHW5|A0A088DHW5_PETMA 100.0 6.6E-50 6.8E-56  344.8   0.0  313   26-352    37-352 (431)
      62 UniRef100_A0A060VUW6 G_PROTEIN 100.0 7.4E-50   8E-56  380.8   0.0  315   33-359   116-440 (574)
      63 UniRef100_A0A0K0PUT9 Excitator 100.0 8.1E-50 8.7E-56  368.0   0.0  296   34-359   103-402 (474)
      64 UniRef100_A0A060VSP8 5-hydroxy 100.0 8.7E-50 9.3E-56  364.5   0.0  314   37-361    90-418 (479)
      65 UniRef100_A0A3L8Q8C8 G_PROTEIN 100.0 9.2E-50 9.5E-56  351.5   0.0  363   20-386    27-503 (672)
      66 tr|A0A1I8M930|A0A1I8M930_MUSDO 100.0 1.1E-49 1.1E-55  382.4   0.0  312   36-356   190-576 (963)
      67 UniRef100_A0A0K0PUL8 Allatosta 100.0 1.3E-49 1.4E-55  356.6   0.0  289   36-359    52-345 (396)
      68 UniRef100_A0A0K0PUX7 Orphan G- 100.0 1.3E-49 1.4E-55  365.3   0.0  287   36-359    64-355 (471)
      69 tr|A0A210Q294|A0A210Q294_MIZYE 100.0 1.4E-49 1.5E-55  350.4   0.0  321   27-352    40-364 (449)
      70 UniRef100_A0A060W5Z4 G_PROTEIN 100.0 1.6E-49 1.7E-55  366.4   0.0  282   34-359   190-475 (593)
      71 UniRef100_A0A026WW28 Neuropept 100.0   2E-49 2.1E-55  368.0   0.0  295   32-359    86-381 (552)
      72 tr|C3XSP5|C3XSP5_BRAFL Unchara 100.0   2E-49 2.1E-55  343.3   0.0  297   35-361    28-329 (403)
      73 tr|A0A0K0PUK7|A0A0K0PUK7_PLADU 100.0 2.7E-49 2.9E-55  358.6   0.0  326   25-359    24-366 (607)
      74 UniRef100_A0A060X5Z5 G_PROTEIN 100.0   3E-49 3.2E-55  365.6   0.0  297   36-358    85-384 (522)
      75 UniRef100_A0A369RW72 Octopamin 100.0 3.5E-49 3.8E-55  365.1   0.0  297   36-354    56-354 (412)
      76 tr|A0A0P7U387|A0A0P7U387_9TELE 100.0 4.2E-49 4.4E-55  353.9   0.0  282   36-358   130-415 (556)
      77 UniRef100_A0A2B4RSM5 Neuropept 100.0 4.3E-49 4.6E-55  352.3   0.0  293   28-360    30-326 (417)
      78 UniRef100_A0A060X1Q6 Somatosta 100.0 4.3E-49 4.6E-55  367.4   0.0  280   34-357   139-423 (604)
      79 UniRef100_A0A0K0PUH0 Orphan G- 100.0 4.6E-49 4.9E-55  370.7   0.0  313   37-353   139-468 (583)
      80 UniRef100_A0A2B4SDF9 Neuropept 100.0 5.9E-49 6.3E-55  354.2   0.0  291   36-361    91-382 (455)
      81 UniRef100_A0A210QEM7 Neuropept 100.0 9.5E-49   1E-54  348.3   0.0  290   37-360    53-348 (416)
      82 UniRef100_A0A0L8I310 G_PROTEIN 100.0 1.5E-48 1.6E-54  357.8   0.0  311   36-354    47-364 (468)
      83 UniRef100_A0A1S3J712 QRFP-like 100.0 1.6E-48 1.7E-54  358.7   0.0  288   37-356    70-369 (507)
      84 UniRef100_A0A139WB32 Tachykini 100.0 1.7E-48 1.9E-54  347.9   0.0  294   36-361    45-345 (405)
      85 UniRef100_A0A061A7W5 G_PROTEIN 100.0 1.8E-48   2E-54  356.5   0.0  294   36-359    63-359 (473)
      86 tr|M3ZFE6|M3ZFE6_XIPMA Somatos 100.0 1.9E-48   2E-54  347.6   0.0  280   36-358   106-389 (525)
      87 tr|A0A0F8ARD3|A0A0F8ARD3_LARCR 100.0 2.5E-48 2.6E-54  343.2   0.0  280   35-358    54-338 (464)
      88 UniRef100_A0A087UNN0 Neuropept 100.0 2.6E-48 2.7E-54  348.6   0.0  294   36-361    95-396 (470)
      89 UniRef100_A0A060WN43 G_PROTEIN 100.0 2.6E-48 2.7E-54  338.9   0.0  318   27-359    98-416 (493)
      90 UniRef100_A0A068WW83 Allatosta 100.0 2.6E-48 2.8E-54  358.1   0.0  280   33-352    65-347 (432)
      91 UniRef100_A0A0K0PUH1 Orphan G- 100.0 2.8E-48   3E-54  339.0   0.0  296   31-359    49-349 (413)
      92 UniRef100_A0A1D1UIJ7 G_PROTEIN 100.0   3E-48 3.2E-54  346.6   0.0  328   25-356    96-431 (540)
      93 tr|A0A1I8PIJ9|A0A1I8PIJ9_STOCA 100.0 3.3E-48 3.5E-54  358.7   0.0  291   37-360   172-469 (680)
      94 tr|A0A2C9JWF9|A0A2C9JWF9_BIOGL 100.0 3.3E-48 3.6E-54  351.2   0.0  299   34-360    65-367 (403)
      95 UniRef100_A0A087X575 NPY-Y2 re 100.0 3.4E-48 3.6E-54  345.8   0.0  296   33-358    72-371 (426)
      96 UniRef100_A0A077YWL6 Somatosta 100.0 3.6E-48 3.9E-54  358.1   0.0  291   36-361    67-363 (446)
      97 UniRef100_A0A6J8CLU9 HCRTR2 n= 100.0 3.8E-48   4E-54  342.8   0.0  305   35-361    53-361 (422)
      98 tr|A0A1W4ZX05|A0A1W4ZX05_9TELE 100.0 4.3E-48 4.6E-54  350.0   0.0  305   32-359    67-386 (480)
      99 UniRef100_A0A060X360 G_PROTEIN 100.0 4.4E-48 4.7E-54  346.8   0.0  286   36-360   101-390 (477)
     100 tr|A0A1L8G1N6|A0A1L8G1N6_XENLA 100.0 4.5E-48 4.7E-54  343.7   0.0  280   35-358   117-398 (448)
     101 UniRef100_B5UA19 Vasopressin/o 100.0 4.8E-48   5E-54  343.4   0.0  324   27-354    36-369 (486)
     102 UniRef100_A0A087XYR8 Opsin 4b  100.0 4.8E-48 5.1E-54  354.0   0.0  316   38-382   156-475 (694)
     103 UniRef100_A0A026VWL4 Cardioacc 100.0 4.8E-48 5.1E-54  357.1   0.0  299   37-353   119-417 (565)
     104 UniRef100_A0A2B4SKI0 Tachykini 100.0 5.1E-48 5.5E-54  363.4   0.0  290   35-358    92-390 (469)
     105 UniRef100_A0A068YB14 Neuropept 100.0 5.4E-48 5.8E-54  355.7   0.0  296   34-358    54-352 (448)
     106 UniRef100_A0A2B4RHL7 Galanin r 100.0 7.4E-48 7.7E-54  335.9   0.0  286   27-359    25-311 (406)
     107 tr|A0A0P7TYE1|A0A0P7TYE1_9TELE 100.0 7.4E-48 7.8E-54  344.8   0.0  329   32-361   121-476 (507)
     108 UniRef100_A0A210QT45 G-protein 100.0 7.9E-48 8.3E-54  342.7   0.0  323   10-359    34-358 (472)
     109 UniRef100_A0A1S3H6K0 neuropept 100.0 7.8E-48 8.4E-54  357.1   0.0  296   30-358    52-357 (470)
     110 UniRef100_A0A0C9QBK4 GHSR_0 pr 100.0   8E-48 8.6E-54  366.6   0.0  289   36-356   174-472 (591)
     111 UniRef100_A0A0K0PUH3 Allatotro 100.0 9.6E-48   1E-53  340.3   0.0  303   36-360    70-375 (424)
     112 tr|A0A0P7U0M1|A0A0P7U0M1_9TELE 100.0 9.7E-48   1E-53  335.4   0.0  299   36-359   103-412 (440)
     113 UniRef100_A0A0K0PUV0 FVRIamide 100.0 9.6E-48   1E-53  349.6   0.0  313   35-357    53-377 (458)
     114 UniRef100_A0A060X690 G_PROTEIN 100.0   1E-47 1.1E-53  337.7   0.0  289   32-359    44-336 (386)
     115 tr|A0A0N8JZL4|A0A0N8JZL4_9TELE 100.0 1.2E-47 1.2E-53  344.1   0.0  303   29-360    99-414 (482)
     116 tr|C3XVS5|C3XVS5_BRAFL Unchara 100.0 1.3E-47 1.3E-53  337.6   0.0  295   34-358    67-363 (425)
     117 UniRef100_A0A060W247 Cholecyst 100.0 1.5E-47 1.5E-53  350.9   0.0  326   33-359   126-477 (563)
     118 UniRef100_A0A091EBV8 Type-1 an 100.0 1.5E-47 1.6E-53  362.4   0.0  274   35-356   348-628 (715)
     119 tr|A0A210R0K7|A0A210R0K7_MIZYE 100.0 1.7E-47 1.8E-53  338.5   0.0  325   33-361    72-428 (470)
     120 UniRef100_A0A023F668 Putative  100.0 1.7E-47 1.8E-53  341.7   0.0  295   31-359    82-378 (484)
     121 tr|A0A2B4SUH3|A0A2B4SUH3_STYPI 100.0 1.9E-47   2E-53  341.3   0.0  300   33-359    24-332 (385)
     122 tr|A0A1U7TSJ4|A0A1U7TSJ4_TARSY 100.0 2.1E-47 2.2E-53  343.7   0.0  302   25-356   203-516 (600)
     123 tr|W4Z2N2|W4Z2N2_STRPU Unchara 100.0 2.3E-47 2.4E-53  330.8   0.0  293   36-359    58-353 (406)
     124 tr|Q25397|Q25397_LYMST Conopre 100.0 2.4E-47 2.5E-53  336.4   0.0  326   25-354    41-390 (520)
     125 UniRef100_A0A068FLK6 Arginine  100.0 2.9E-47   3E-53  326.5   0.0  308   27-359    53-360 (410)
     126 UniRef100_A0A0P5DAK4 Orexin re 100.0 3.4E-47 3.6E-53  343.4   0.0  313   36-358   108-430 (505)
     127 UniRef100_A0A034WDF0 Allatosta 100.0 3.6E-47 3.8E-53  347.0   0.0  289   36-361    97-388 (459)
     128 UniRef100_A0A2H8TNJ5 Neuropept 100.0 4.4E-47 4.6E-53  343.9   0.0  296   35-361   156-459 (528)
     129 tr|L7LZ94|L7LZ94_9ACAR Putativ 100.0 4.4E-47 4.7E-53  333.4   0.0  289   36-361   104-395 (438)
     130 tr|A0A182G4E1|A0A182G4E1_AEDAL 100.0 4.4E-47 4.7E-53  346.4   0.0  298   33-361    66-373 (534)
     131 UniRef100_A0A2B4SKX3 Cholecyst 100.0 4.7E-47   5E-53  338.9   0.0  323   29-361    66-415 (428)
     132 UniRef100_A0A1S3IX78 RYamide r 100.0 4.9E-47 5.1E-53  338.0   0.0  297   26-355    45-345 (444)
     133 UniRef100_UPI0003314895 oxytoc 100.0 5.3E-47 5.4E-53  334.6   0.0  323   21-362   240-565 (602)
     134 tr|A0A1W4XMZ2|A0A1W4XMZ2_AGRPL 100.0 5.4E-47 5.6E-53  330.3   0.0  311   24-352    19-335 (436)
     135 tr|R4J1H6|R4J1H6_SALSA Cholecy 100.0 5.5E-47 5.8E-53  332.9   0.0  329   33-362    45-410 (461)
     136 tr|U3U4G7|U3U4G7_NILLU Neurope 100.0 5.9E-47 6.2E-53  332.6   0.0  310   20-359    16-331 (446)
     137 UniRef100_A0A067QQU1 Cholecyst 100.0 6.2E-47 6.6E-53  338.2   0.0  340   39-383     6-354 (404)
     138 UniRef100_A0A026WIP6 Cholecyst 100.0 6.5E-47 6.9E-53  357.0   0.0  328   33-361   169-532 (636)
     139 UniRef100_A0A044T5H8 G_PROTEIN 100.0 6.7E-47   7E-53  352.0   0.0  313   37-360   248-570 (693)
     140 UniRef100_A0A087RJN6 Somatosta 100.0 7.1E-47 7.8E-53  347.2   0.0  279   36-357    62-342 (391)
     141 UniRef100_A0A026WK16 Tachykini 100.0 7.5E-47 7.9E-53  348.0   0.0  292   36-359   184-482 (641)
     142 tr|A0A1W2W3E6|A0A1W2W3E6_CIOIN 100.0 8.1E-47 8.5E-53  336.0   0.0  287   36-360    59-353 (487)
     143 UniRef100_A0A1V9XU68 Tyramine/ 100.0 8.2E-47 8.7E-53  339.1   0.0  302   32-359    50-354 (408)
     144 UniRef100_A0A0B4LHT6 RYamide r 100.0 8.3E-47 8.8E-53  346.3   0.0  287   37-356   117-409 (524)
     145 UniRef100_A0A1I8HKX2 G_PROTEIN 100.0   9E-47 9.6E-53  340.4   0.0  312   36-360    42-413 (442)
     146 UniRef100_A0A087XZI9 Arginine  100.0 9.3E-47 9.7E-53  333.7   0.0  331   26-361   109-492 (522)
     147 UniRef100_A0A3M6U5X4 G_PROTEIN 100.0 9.2E-47 9.7E-53  327.1   0.0  282   34-359    38-321 (339)
     148 UniRef100_A0A498LR15 TESPA1-li 100.0   1E-46 1.1E-52  347.2   0.0  312   20-350    28-340 (947)
     149 UniRef100_A0A3L8QCH5 G_PROTEIN 100.0 1.1E-46 1.1E-52  340.6   0.0  363   20-386   106-621 (882)
     150 UniRef100_A0A060VVF8 G_PROTEIN 100.0   1E-46 1.1E-52  350.9   0.0  280   35-356   140-431 (511)
     151 tr|V8PD93|V8PD93_OPHHA Type-2  100.0 1.1E-46 1.2E-52  343.5   0.0  280   35-356    76-366 (412)
     152 UniRef100_A0A075W0Y9 Melanopsi 100.0 1.2E-46 1.2E-52  345.0   0.0  318   38-384   118-440 (715)
     153 UniRef100_A0A0L7KZ56 Neuropept 100.0 1.2E-46 1.3E-52  341.2   0.0  288   36-356    88-383 (509)
     154 UniRef100_A0A3M6T6P4 G_PROTEIN 100.0 1.2E-46 1.3E-52  342.3   0.0  287   38-360    59-356 (465)
     155 UniRef100_A0A1D1VDY3 G_PROTEIN 100.0 1.2E-46 1.3E-52  344.5   0.0  292   36-359   135-447 (557)
     156 tr|E0D358|E0D358_HEMPU Dopamin 100.0 1.3E-46 1.3E-52  335.0   0.0  291   39-360    29-330 (435)
     157 tr|A0A1D1UXI1|A0A1D1UXI1_RAMVA 100.0 1.4E-46 1.5E-52  336.6   0.0  288   37-360    84-377 (499)
     158 UniRef100_A0A1V4KIE8 Beta-1 ad 100.0 1.5E-46 1.7E-52  362.0   0.0  310   39-359    34-350 (512)
     159 UniRef100_A0A1S3KA35 Alpha-1B  100.0 1.6E-46 1.7E-52  346.1   0.0  318   33-362    88-423 (551)
     160 tr|S9YJE2|S9YJE2_CAMFR Somatos 100.0 1.7E-46 1.8E-52  328.6   0.0  281   35-355   113-397 (438)
     161 UniRef100_A0A087XYG0 AVPR V2 n 100.0 1.7E-46 1.8E-52  347.3   0.0  328   27-359   170-598 (674)
     162 tr|A0A0P6C571|A0A0P6C571_9CRUS 100.0 2.2E-46 2.2E-52  333.8   0.0  320   37-357    58-444 (558)
     163 tr|A0A0P4XBU7|A0A0P4XBU7_9CRUS 100.0 2.2E-46 2.4E-52  347.2   0.0  294   31-355    57-412 (557)
     164 UniRef100_A0A091DWF1 Somatosta 100.0 2.4E-46 2.5E-52  335.2   0.0  284   30-356   151-438 (523)
     165 UniRef100_A0A087XDT1 Somatosta 100.0 2.4E-46 2.5E-52  342.3   0.0  278   36-356   170-451 (676)
     166 UniRef100_A0A0P4WBA5 G_PROTEIN 100.0 2.4E-46 2.5E-52  334.0   0.0  329   27-357    67-407 (506)
     167 tr|A0A151NBW9|A0A151NBW9_ALLMI 100.0 2.4E-46 2.5E-52  335.6   0.0  305   26-357    72-390 (472)
     168 UniRef100_A0A662YU35 Protein p 100.0 2.5E-46 2.6E-52  334.2   0.0  278   21-314    36-314 (765)
     169 UniRef100_A0A0L8HHE2 G_PROTEIN 100.0 2.8E-46   3E-52  334.1   0.0  290   39-361     5-302 (385)
     170 UniRef100_A0A023F8Q5 Putative  100.0 3.4E-46 3.5E-52  331.9   0.0  301   38-353    86-386 (463)
     171 UniRef100_A0A2B4S0J6 Somatosta 100.0 3.6E-46 3.9E-52  350.1   0.0  289   31-355    80-376 (457)
     172 UniRef100_A0A026WZ61 G_PROTEIN 100.0 3.9E-46   4E-52  326.7   0.0  311   26-356    65-380 (441)
     173 UniRef100_A0A060W9T7 G_PROTEIN 100.0 4.3E-46 4.5E-52  335.3   0.0  284   36-359   187-473 (616)
     174 UniRef100_A0A060WEJ5 G_PROTEIN 100.0 4.6E-46 4.9E-52  344.8   0.0  312   38-360   117-458 (544)
     175 UniRef100_A0A0N0PF28 Orexin re 100.0 4.8E-46   5E-52  340.8   0.0  306   36-354   138-455 (588)
     176 UniRef100_A0A2B4RHY9 Pyrogluta 100.0 4.8E-46 5.3E-52  349.1   0.0  287   32-358    79-371 (455)
     177 UniRef100_A0A2B4SVC4 Dopamine  100.0 5.1E-46 5.5E-52  332.0   0.0  274   32-357    53-329 (397)
     178 UniRef100_A0A1A8A5V9 Arginine  100.0 5.4E-46 5.6E-52  322.3   0.0  329   26-359    61-432 (451)
     179 UniRef100_A0A068WVN8 Biogenic  100.0 5.5E-46 5.8E-52  350.3   0.0  312   37-359   123-508 (641)
     180 tr|A0A0P5PA10|A0A0P5PA10_9CRUS 100.0 6.3E-46 6.6E-52  339.9   0.0  287   35-354   147-441 (705)
     181 UniRef100_A0A096P4D6 Opsin 4 n 100.0 6.3E-46 6.6E-52  339.9   0.0  320   38-386   140-465 (682)
     182 UniRef100_A0A182H1J6 G_PROTEIN 100.0 6.4E-46 6.7E-52  351.6   0.0  321   35-357   319-793 (1005)
     183 UniRef100_A0A556VY10 RING-type 100.0 6.6E-46 6.8E-52  333.5   0.0  322   20-359   451-774 (816)
     184 UniRef100_A0A2G8L6L1 Putative  100.0 6.6E-46   7E-52  329.6   0.0  278   37-359    38-325 (407)
     185 UniRef100_A0A401NJB3 G_PROTEIN 100.0 6.7E-46   7E-52  334.6   0.0  321   31-361    38-362 (517)
     186 UniRef100_A0A087T336 Somatosta 100.0 6.8E-46 7.2E-52  332.1   0.0  285   36-360    79-369 (454)
     187 UniRef100_A0A2G8JR46 Putative  100.0 7.2E-46 7.8E-52  340.6   0.0  289   37-358    65-356 (411)
     188 UniRef100_A0A1V9X0K3 Putative  100.0 7.6E-46 7.9E-52  330.8   0.0  323   27-354    67-412 (540)
     189 UniRef100_A0A210QYW2 Cardioacc 100.0 7.7E-46 8.3E-52  341.8   0.0  313   35-352    51-364 (499)
     190 UniRef100_A0A087YQK7 Adrenocep 100.0 8.3E-46 8.7E-52  338.9   0.0  310   39-359   134-452 (617)
     191 UniRef100_A0A0S1YDA0 Neuropept 100.0 8.6E-46 9.2E-52  338.6   0.0  293   36-361    96-395 (509)
     192 tr|A0A146TL67|A0A146TL67_FUNHE 100.0 8.9E-46 9.7E-52  348.6   0.0  293   28-359    20-405 (442)
     193 tr|A0A1A8LLP2|A0A1A8LLP2_9TELE 100.0 9.3E-46 9.8E-52  327.8   0.0  300   36-360    95-399 (455)
     194 UniRef100_A0A060X1U9 G_PROTEIN 100.0 9.3E-46 9.8E-52  340.5   0.0  310   36-359   140-458 (633)
     195 UniRef100_A0A084WIC4 Short neu 100.0 9.3E-46 9.8E-52  336.6   0.0  296   33-360    91-388 (551)
     196 tr|A0A1D2MSE1|A0A1D2MSE1_ORCCI 100.0 9.3E-46 9.9E-52  345.4   0.0  293   35-359   111-407 (615)
     197 tr|A0A218UB83|A0A218UB83_9PASE 100.0 9.4E-46 9.9E-52  339.3   0.0  312   36-361   195-515 (631)
     198 UniRef100_A0A1J1I7G5 CLUMA_CG0 100.0 9.7E-46   1E-51  332.6   0.0  290   38-359    80-374 (500)
     199 tr|A0A1V4J9T1|A0A1V4J9T1_PATFA 100.0 9.8E-46   1E-51  321.8   0.0  284   36-359    70-356 (461)
     200 UniRef100_A0A1D1V5S1 G_PROTEIN 100.0 9.8E-46   1E-51  331.2   0.0  305   32-361    54-362 (484)
     201 UniRef100_A0A0K0PUK8 FMRFamide 100.0 9.6E-46   1E-51  343.9   0.0  298   35-366    59-365 (471)
     202 UniRef100_A0A226DFM2 Neuropept 100.0   1E-45 1.1E-51  335.0   0.0  297   36-363   107-411 (523)
     203 tr|A0A1V4JMN9|A0A1V4JMN9_PATFA 100.0 1.1E-45 1.2E-51  330.1   0.0  315   35-354    93-417 (537)
     204 tr|A7SD89|A7SD89_NEMVE Predict 100.0 1.1E-45 1.2E-51  315.2   0.0  291   36-359    39-331 (355)
     205 UniRef100_A0A060XP11 G_PROTEIN 100.0 1.1E-45 1.2E-51  337.9   0.0  289   36-358    92-392 (497)
     206 UniRef100_A0A084WFJ7 AGAP00011 100.0 1.1E-45 1.2E-51  337.5   0.0  285   36-356    89-378 (519)
     207 tr|A0A1D2NMB6|A0A1D2NMB6_ORCCI 100.0 1.1E-45 1.2E-51  333.4   0.0  294   36-361   153-453 (520)
     208 tr|K7GCC3|K7GCC3_PELSI Adrenoc 100.0 1.2E-45 1.2E-51  327.3   0.0  314   38-359    45-364 (488)
     209 UniRef100_A0A060W5H6 G_PROTEIN 100.0 1.2E-45 1.2E-51  342.8   0.0  294   35-354    87-383 (528)
     210 UniRef100_A0A061IN14 NK-3 rece 100.0 1.3E-45 1.3E-51  343.2   0.0  292   35-361   234-526 (662)
     211 UniRef100_A0A1L8GQY3 Alpha-1B  100.0 1.3E-45 1.3E-51  332.9   0.0  314   36-361    48-371 (510)
     212 UniRef100_A0A026WCQ7 Tyramine  100.0 1.3E-45 1.4E-51  352.7   0.0  311   35-360   184-589 (665)
     213 UniRef100_A0A060Y125 G_PROTEIN 100.0 1.4E-45 1.5E-51  339.7   0.0  298   38-366   106-408 (681)
     214 tr|A0A2B4SID7|A0A2B4SID7_STYPI 100.0 1.4E-45 1.5E-51  338.3   0.0  292   31-359    28-328 (422)
     215 UniRef100_A0A060WWU7 G_PROTEIN 100.0 1.4E-45 1.5E-51  333.0   0.0  306   36-359    70-383 (545)
     216 UniRef100_F6ZHC8 Uncharacteriz 100.0 1.5E-45 1.5E-51  333.1   0.0  322   36-359    89-465 (520)
     217 tr|A0A2B4RXD1|A0A2B4RXD1_STYPI 100.0 1.5E-45 1.5E-51  325.7   0.0  289   31-358    90-381 (416)
     218 UniRef100_A0A2B4RGU4 5-hydroxy 100.0 1.4E-45 1.6E-51  346.5   0.0  300   33-358    64-370 (478)
     219 UniRef100_A0A061QHX0 Putative  100.0 1.5E-45 1.6E-51  342.7   0.0  310   37-356   135-505 (563)
     220 UniRef100_A0A060VP48 G_PROTEIN 100.0 1.5E-45 1.7E-51  349.9   0.0  293   33-357   153-449 (580)
     221 UniRef100_A0A0L8GIM4 G_PROTEIN 100.0 1.6E-45 1.7E-51  344.2   0.0  292   33-355    95-392 (481)
     222 tr|G1TA00|G1TA00_RABIT Vasopre 100.0 1.7E-45 1.8E-51  319.5   0.0  314   26-359   104-420 (446)
     223 UniRef100_A0A0L8H201 G_PROTEIN 100.0 1.7E-45 1.8E-51  324.9   0.0  290   36-358    87-382 (461)
     224 UniRef100_A0A0K0PUK6 Orphan G- 100.0 1.8E-45 1.9E-51  325.1   0.0  296   37-363    69-378 (448)
     225 UniRef100_A0A2B4S7A4 Alpha-1A  100.0 2.1E-45 2.2E-51  328.5   0.0  263   35-355    40-306 (392)
     226 UniRef100_A0A0N0PEL7 Tachykini 100.0 2.2E-45 2.3E-51  328.5   0.0  294   39-364    60-360 (454)
     227 UniRef100_A0A3M6UAU0 G_PROTEIN 100.0 2.2E-45 2.3E-51  335.9   0.0  289   36-356    37-327 (552)
     228 UniRef100_A0A2B4SQU8 Orexin re 100.0 2.4E-45 2.5E-51  318.3   0.0  304   36-361    38-349 (370)
     229 UniRef100_A7RGN9 Predicted pro 100.0 2.4E-45 2.6E-51  316.5   0.0  292   25-357    21-313 (317)
     230 UniRef100_A0A7M7HFU8 G_PROTEIN 100.0 2.4E-45 2.6E-51  337.7   0.0  295   32-358    62-364 (423)
     231 UniRef100_A0A7M7SYV2 G_PROTEIN 100.0 2.8E-45   3E-51  337.6   0.0  307   39-359    72-399 (630)
     232 tr|A0A0S1YD80|A0A0S1YD80_CHISP 100.0 2.9E-45 3.1E-51  329.4   0.0  295   36-359   166-465 (513)
     233 tr|A0A091DWF1|A0A091DWF1_FUKDA 100.0 3.3E-45 3.4E-51  320.3   0.0  279   34-356   156-439 (483)
     234 tr|A0A1L1UV54|A0A1L1UV54_IXOSC 100.0 3.2E-45 3.4E-51  325.5   0.0  336   20-358    23-363 (471)
     235 UniRef100_A0A2B4R9G2 Melatonin 100.0 3.3E-45 3.6E-51  344.1   0.0  291   28-358    74-366 (461)
     236 UniRef100_UPI000B911B64 melato 100.0 3.4E-45 3.7E-51  332.0   0.0  312   36-360    30-346 (381)
     237 UniRef100_A0A2B4RPR9 Allatosta 100.0 3.5E-45 3.7E-51  336.5   0.0  286   34-355    47-341 (446)
     238 UniRef100_A0A3M6UME8 G_PROTEIN 100.0 3.6E-45 3.9E-51  326.3   0.0  288   31-359    36-326 (383)
     239 UniRef100_A0A087XT11 Alpha-1B  100.0   4E-45 4.1E-51  330.7   0.0  313   35-359    80-405 (622)
     240 UniRef100_A0A091R746 Beta-1 ad 100.0 4.2E-45 4.4E-51  331.8   0.0  312   38-359   138-453 (572)
     241 UniRef100_A0A084VLD5 AGAP00422 100.0 4.4E-45 4.6E-51  335.1   0.0  309   39-358   248-595 (695)
     242 tr|W5MC67|W5MC67_LEPOC Pyroglu 100.0 4.5E-45 4.7E-51  320.2   0.0  299   36-359    55-360 (441)
     243 UniRef100_A0A068WKU9 Neuropept 100.0 4.7E-45   5E-51  328.4   0.0  287   36-356    74-365 (451)
     244 tr|A0A151IFQ2|A0A151IFQ2_9HYME 100.0 5.2E-45 5.5E-51  357.1   0.0  340   37-386    46-393 (1113)
     245 UniRef100_UPI0003F07467 orexin 100.0 5.5E-45 5.8E-51  331.9   0.0  318   36-355    79-412 (535)
     246 tr|A0A218UWX7|A0A218UWX7_9PASE 100.0 5.5E-45 5.8E-51  327.1   0.0  304   23-360    29-342 (474)
     247 tr|A0A139WLV7|A0A139WLV7_TRICA 100.0 5.9E-45 6.1E-51  338.4   0.0  299   30-359   394-698 (792)
     248 UniRef100_A0A2B4S4U3 Beta-2 ad 100.0 5.8E-45 6.2E-51  318.8   0.0  292   34-359    28-322 (372)
     249 UniRef100_A0A0X7YAU3 ACP recep 100.0 5.8E-45 6.2E-51  335.2   0.0  298   35-352    83-384 (492)
     250 tr|A0A232F0R3|A0A232F0R3_9HYME 100.0   6E-45 6.2E-51  320.8   0.0  282   37-359   106-424 (458)
     251 tr|A0A0L0BYA7|A0A0L0BYA7_LUCCU 100.0 6.5E-45 6.7E-51  331.1   0.0  305   39-359   315-627 (678)
     252 tr|W8C2A8|W8C2A8_CERCA Neurope 100.0 6.8E-45 7.2E-51  341.3   0.0  295   36-362   266-571 (827)
     253 UniRef100_A0A091CVE3 Cholecyst 100.0 7.1E-45 7.4E-51  320.2   0.0  331   35-366   113-468 (543)
     254 tr|A0A0L8FIS6|A0A0L8FIS6_OCTBM 100.0 7.2E-45 7.6E-51  326.2   0.0  314   39-360    95-422 (485)
     255 tr|G3S2I3|G3S2I3_GORGO Opioid  100.0 7.8E-45 8.1E-51  322.8   0.0  278   35-353   163-444 (492)
     256 UniRef100_A0A087R2J6 Neuropept 100.0 7.9E-45 8.3E-51  334.8   0.0  301   25-355   203-516 (638)
     257 tr|F1QGX5|F1QGX5_DANRE Melanop 100.0 7.9E-45 8.4E-51  333.3   0.0  320   38-386    80-405 (594)
     258 tr|A0A0P6IZB8|A0A0P6IZB8_9CRUS 100.0   8E-45 8.4E-51  328.2   0.0  290   36-360   204-496 (559)
     259 UniRef100_A0A023F452 Putative  100.0 8.2E-45 8.7E-51  337.8   0.0  313   39-359   144-539 (660)
     260 tr|A0A2H1W6Q0|A0A2H1W6Q0_SPOFR 100.0 8.7E-45 9.2E-51  326.6   0.0  297   35-363    71-368 (466)
     261 UniRef100_A0A662YRT1 Vasopress 100.0   9E-45 9.4E-51  301.5   0.0  301   71-417     1-301 (308)
     262 UniRef100_A0A034WA99 Cardioacc 100.0 1.1E-44 1.1E-50  330.8   0.0  293   38-353   248-540 (678)
     263 UniRef100_A0A151N382 Galanin r 100.0 1.1E-44 1.2E-50  309.4   0.0  287   36-362    32-320 (392)
     264 UniRef100_A0A146M155 Neuropept 100.0 1.2E-44 1.3E-50  328.0   0.0  293   37-356    56-360 (488)
     265 UniRef100_A0A3M6TPP0 G_PROTEIN 100.0 1.2E-44 1.3E-50  330.2   0.0  294   36-358    52-354 (424)
     266 UniRef100_A0A068AZY5 Octopamin 100.0 1.2E-44 1.3E-50  356.1   0.0  188   38-233   177-366 (723)
     267 tr|A0A2B4RSD1|A0A2B4RSD1_STYPI 100.0 1.2E-44 1.3E-50  334.8   0.0  322   29-360    45-383 (430)
     268 UniRef100_A0A2D0SMG1 melanopsi 100.0 1.3E-44 1.4E-50  328.6   0.0  300   38-366   102-404 (644)
     269 UniRef100_A0A026VW91 Neuropept 100.0 1.3E-44 1.4E-50  320.9   0.0  314   34-378   188-509 (582)
     270 tr|A0A2B4SNZ1|A0A2B4SNZ1_STYPI 100.0 1.3E-44 1.4E-50  327.1   0.0  281   36-358    33-319 (351)
     271 UniRef100_A0A060WMC3 Alpha-1D  100.0 1.4E-44 1.4E-50  327.1   0.0  312   38-361   114-435 (564)
     272 UniRef100_A0A023F3V9 Putative  100.0 1.5E-44 1.5E-50  329.5   0.0  284   36-358   134-423 (574)
     273 sp|Q804Q2|OPN4B_GADMO Melanops 100.0 1.5E-44 1.6E-50  327.7   0.0  303   31-362    15-320 (615)
     274 tr|B4KC34|B4KC34_DROMO Unchara 100.0 1.5E-44 1.6E-50  336.1   0.0  290   37-358   195-492 (670)
     275 tr|A0A1S3IXU4|A0A1S3IXU4_LINUN 100.0 1.5E-44 1.6E-50  319.5   0.0  291   34-363    57-350 (440)
     276 tr|A0A1V4JU97|A0A1V4JU97_PATFA 100.0 1.6E-44 1.7E-50  332.6   0.0  294   36-360    66-362 (615)
     277 tr|A0A0V1MVC7|A0A0V1MVC7_9BILA 100.0 1.6E-44 1.7E-50  331.6   0.0  292   36-361    82-381 (598)
     278 UniRef100_A0A060XC03 Beta-2 ad 100.0 1.8E-44 1.8E-50  326.4   0.0  306   33-356   101-411 (548)
     279 UniRef100_A0A016TS00 G_PROTEIN 100.0 1.8E-44 1.9E-50  339.3   0.0  319   37-361   115-556 (622)
     280 UniRef100_A0A023FH63 Putative  100.0 1.8E-44 1.9E-50  333.0   0.0  300   39-357   130-439 (563)
     281 UniRef100_A0A060VWI9 G_PROTEIN 100.0 1.8E-44 1.9E-50  329.1   0.0  318   35-359    61-395 (579)
     282 UniRef100_A0A0L8I0T4 G_PROTEIN 100.0 1.9E-44   2E-50  329.5   0.0  314   36-358   135-496 (554)
     283 tr|A0A182QHF8|A0A182QHF8_9DIPT 100.0 1.9E-44   2E-50  326.1   0.0  299   30-359    96-407 (581)
     284 UniRef100_A0A3M6TKX3 G_PROTEIN 100.0   2E-44 2.1E-50  326.6   0.0  287   36-358    77-374 (427)
     285 UniRef100_A0A087UP46 5-hydroxy 100.0 2.1E-44 2.2E-50  323.3   0.0  310   38-358    49-400 (472)
     286 tr|A0A1S3FYW5|A0A1S3FYW5_DIPOR 100.0 2.3E-44 2.4E-50  308.8   0.0  287   36-361    71-361 (385)
     287 UniRef100_A0A060VZ71 G_PROTEIN 100.0 2.3E-44 2.5E-50  335.4   0.0  302   25-355   219-532 (650)
     288 tr|T1KPP2|T1KPP2_TETUR Unchara 100.0 2.5E-44 2.6E-50  323.6   0.0  283   37-360   154-438 (477)
     289 tr|A0A147AZW9|A0A147AZW9_FUNHE 100.0 2.4E-44 2.6E-50  336.6   0.0  294   34-359    85-434 (468)
     290 UniRef100_A0A087U880 Neuropept 100.0 2.5E-44 2.7E-50  321.0   0.0  292   31-355    65-360 (401)
     291 UniRef100_A0A1L8FNX2 G_PROTEIN 100.0 2.6E-44 2.8E-50  323.3   0.0  276   36-357    64-342 (400)
     292 tr|A0A0K8WE96|A0A0K8WE96_BACLA 100.0 2.7E-44 2.8E-50  325.7   0.0  309   38-353   160-468 (540)
     293 UniRef100_A0A193KU97 GCR058 n= 100.0 2.7E-44 2.9E-50  313.9   0.0  295   36-357    27-330 (379)
     294 UniRef100_A0A3M6TAE6 G_PROTEIN 100.0 2.7E-44 2.9E-50  324.7   0.0  270   37-359    94-369 (443)
     295 tr|A0A2G8KL37|A0A2G8KL37_STIJA 100.0 2.9E-44   3E-50  310.2   0.0  328   35-364    50-405 (439)
     296 UniRef100_A0A068YA15 Neuropept 100.0 2.9E-44   3E-50  325.4   0.0  307   37-358    75-396 (510)
     297 UniRef100_A0A4Z2F4A3 [Arg8]-va 100.0   3E-44 3.1E-50  302.3   0.0  278   24-313    37-316 (424)
     298 UniRef100_A0A2G8KMT5 G_PROTEIN 100.0 3.1E-44 3.3E-50  320.6   0.0  296   23-354    26-323 (402)
     299 UniRef100_A0A0G2UQ37 Rhodopsin 100.0 3.2E-44 3.4E-50  323.5   0.0  292   36-354    97-391 (515)
     300 tr|W8B9D1|W8B9D1_CERCA 5-hydro 100.0 3.3E-44 3.5E-50  325.9   0.0  320   35-362   263-630 (664)
     301 UniRef100_A0A2B4SJE7 Orexin re 100.0 3.3E-44 3.5E-50  329.1   0.0  293   34-362   134-435 (517)
     302 UniRef100_A0A060VTR1 G_PROTEIN 100.0 3.6E-44 3.7E-50  328.6   0.0  309   36-358   121-440 (619)
     303 UniRef100_A0A060WAG3 G_PROTEIN 100.0 3.7E-44 3.9E-50  326.4   0.0  314   38-361   126-502 (550)
     304 UniRef100_A0A6G8J3P5 Melanin-c 100.0 3.7E-44 3.9E-50  316.6   0.0  288   35-360    62-353 (460)
     305 tr|A0A147A4W2|A0A147A4W2_FUNHE 100.0 3.8E-44   4E-50  322.8   0.0  328   35-364    95-449 (502)
     306 tr|A0A1W4X1F3|A0A1W4X1F3_AGRPL 100.0 3.8E-44 4.1E-50  320.9   0.0  312   36-378   135-454 (485)
     307 UniRef100_A0A2B4SC76 Substance 100.0   4E-44 4.3E-50  331.3   0.0  290   33-357    53-351 (461)
     308 tr|A0A218VDE9|A0A218VDE9_9PASE 100.0 4.3E-44 4.5E-50  317.3   0.0  281   30-354    19-303 (556)
     309 tr|A0A0N7KWU9|A0A0N7KWU9_LYMST 100.0 4.3E-44 4.5E-50  318.1   0.0  323   37-360    78-448 (494)
     310 UniRef100_A0A0S1YD99 Neuropept 100.0 4.4E-44 4.6E-50  312.6   0.0  292   36-361    77-375 (423)
     311 tr|A0A2B4SAJ4|A0A2B4SAJ4_STYPI 100.0 4.5E-44 4.7E-50  322.5   0.0  296   28-358    22-333 (434)
     312 tr|A0A1A9ZAD8|A0A1A9ZAD8_GLOPL 100.0 4.6E-44 4.9E-50  321.3   0.0  291   35-357   123-420 (574)
     313 UniRef100_A0A061IAU9 Gastric r 100.0 4.7E-44 4.9E-50  325.1   0.0  287   37-361   117-409 (588)
     314 tr|W4YJK4|W4YJK4_STRPU Unchara 100.0 4.7E-44   5E-50  323.5   0.0  296   36-361    71-372 (446)
     315 tr|C3XVU5|C3XVU5_BRAFL Unchara 100.0 5.1E-44 5.3E-50  315.3   0.0  293   31-356    58-354 (439)
     316 tr|A0A2B4SKI0|A0A2B4SKI0_STYPI 100.0 5.1E-44 5.4E-50  326.1   0.0  279   36-353    99-393 (458)
     317 UniRef100_A0A6P4Z684 G-protein 100.0 5.7E-44   6E-50  315.3   0.0  292   35-357    52-345 (425)
     318 tr|A0A1S3NPB2|A0A1S3NPB2_SALSA 100.0 5.9E-44 6.2E-50  316.3   0.0  290   36-360    41-333 (443)
     319 UniRef100_A0A132AJH3 7 transme 100.0 5.9E-44 6.3E-50  324.8   0.0  309   35-356    69-384 (447)
     320 UniRef100_A0A067R4E0 Tachykini 100.0 6.1E-44 6.4E-50  317.1   0.0  287   37-355    52-341 (396)
     321 ERR1719361_2001115             100.0 6.4E-44 6.9E-50  319.6   0.0  287   36-360    26-326 (415)
     322 tr|A7SMQ7|A7SMQ7_NEMVE Predict 100.0 6.5E-44 6.9E-50  312.2   0.0  288   35-362    12-306 (358)
     323 tr|F7E6B1|F7E6B1_MONDO Tachyki 100.0 6.7E-44   7E-50  315.7   0.0  291   36-361    96-387 (475)
     324 UniRef100_A0A016T103 G_PROTEIN 100.0 7.2E-44 7.7E-50  334.3   0.0  304   42-358   118-475 (605)
     325 UniRef100_A0A087REY1 NPY-Y2 re 100.0 7.4E-44 7.8E-50  325.5   0.0  289   34-360   186-480 (599)
     326 tr|A0A146TP77|A0A146TP77_FUNHE 100.0 7.2E-44 7.8E-50  335.6   0.0  312   38-359    50-424 (522)
     327 UniRef100_A0A1D1V379 G_PROTEIN 100.0 7.4E-44 7.8E-50  309.2   0.0  294   38-354    36-335 (343)
     328 tr|A0A146YGA5|A0A146YGA5_FUNHE 100.0 7.3E-44 7.9E-50  332.9   0.0  316   30-360    26-342 (521)
     329 tr|L9JDH9|L9JDH9_TUPCH Orexin  100.0 7.7E-44   8E-50  321.5   0.0  325   34-359   219-574 (621)
     330 tr|A0A1I8N820|A0A1I8N820_MUSDO 100.0 7.8E-44 8.1E-50  330.8   0.0  309   38-357   308-636 (880)
     331 tr|A0A060XRS0|A0A060XRS0_ONCMY 100.0 7.9E-44 8.3E-50  333.7   0.0  314   36-362    57-379 (900)
     332 UniRef100_A0A7M7HKI1 G_PROTEIN 100.0 7.8E-44 8.3E-50  322.9   0.0  286   38-359    43-336 (418)
     333 UniRef100_A0A026WC04 Dopamine  100.0 8.2E-44 8.6E-50  314.6   0.0  307   40-360    83-399 (468)
     334 UniRef100_A0A2B4RXD1 Neuropept 100.0 8.2E-44 8.7E-50  322.2   0.0  292   32-361    92-385 (461)
     335 UniRef100_A0A0P5DS31 Neuropept 100.0 8.6E-44   9E-50  311.9   0.0  296   35-361    86-390 (482)
     336 UniRef100_A0A210QHM7 G-protein 100.0 8.5E-44 9.1E-50  324.6   0.0  295   35-361    80-378 (492)
     337 tr|A0A0Q3X1E4|A0A0Q3X1E4_AMAAE 100.0 8.8E-44 9.2E-50  329.6   0.0  322   34-357   156-500 (789)
     338 UniRef100_A0A0N1PGA0 Octopamin 100.0 8.7E-44 9.2E-50  326.6   0.0  312   37-356   110-490 (547)
     339 UniRef100_A0A067RG65 Neuropept 100.0 8.8E-44 9.3E-50  322.2   0.0  289   37-356    90-392 (509)
     340 tr|A0A212EZN3|A0A212EZN3_DANPL 100.0 8.9E-44 9.3E-50  319.3   0.0  292   35-358    55-354 (488)
     341 UniRef100_A0A0A1WLH2 Somatosta 100.0   9E-44 9.4E-50  328.5   0.0  285   36-359   218-508 (667)
     342 UniRef100_A0A023F4J9 Putative  100.0   9E-44 9.6E-50  329.1   0.0  310   38-357   160-491 (588)
     343 UniRef100_A0A060YY06 G_PROTEIN 100.0 9.2E-44 9.7E-50  321.6   0.0  300   25-355    94-405 (490)
     344 tr|A0A146U732|A0A146U732_FUNHE 100.0 8.9E-44 9.8E-50  344.2   0.0  313   32-355   189-544 (590)
     345 tr|A0A1W4X208|A0A1W4X208_AGRPL 100.0 9.4E-44 9.8E-50  314.5   0.0  292   38-361    98-396 (467)
     346 UniRef100_A0A2B4SID7 Neuropept 100.0 9.3E-44 9.9E-50  322.2   0.0  291   33-356    80-377 (462)
     347 tr|J9JRI9|J9JRI9_ACYPI Unchara 100.0 9.6E-44   1E-49  315.6   0.0  290   38-359    38-334 (490)
     348 tr|A0A182FRI7|A0A182FRI7_ANOAL 100.0 9.4E-44   1E-49  337.4   0.0  191   37-235   115-308 (677)
     349 tr|A0A1S3NNV5|A0A1S3NNV5_SALSA 100.0 9.7E-44   1E-49  317.4   0.0  311   25-355    53-377 (499)
     350 UniRef100_A0A087R306 Hypocreti 100.0 9.8E-44   1E-49  321.4   0.0  316   36-358   152-479 (594)
     351 tr|A0A287CUD4|A0A287CUD4_ICTTR 100.0 9.9E-44   1E-49  313.9   0.0  283   37-359    21-308 (478)
     352 UniRef100_A0A2B4SE17 Substance 100.0 1.1E-43 1.1E-49  332.6   0.0  291   33-359    63-366 (467)
     353 tr|A0A0K0PUV0|A0A0K0PUV0_PLADU 100.0 1.1E-43 1.2E-49  313.6   0.0  317   32-361    13-336 (373)
     354 tr|A0A182U1B5|A0A182U1B5_9DIPT 100.0 1.2E-43 1.2E-49  324.4   0.0  293   35-359    40-344 (620)
     355 UniRef100_A0A060YTK2 Uncharact 100.0 1.2E-43 1.2E-49  312.0   0.0  289   30-358    80-378 (447)
     356 UniRef100_A0A060W200 G_PROTEIN 100.0 1.2E-43 1.2E-49  313.9   0.0  290   39-359    89-381 (500)
     357 UniRef100_A0A0N7ZAP9 G_PROTEIN 100.0 1.2E-43 1.3E-49  320.6   0.0  292   36-362    78-370 (421)
     358 UniRef100_A0A678XEL8 Trace ami 100.0 1.2E-43 1.3E-49  324.2   0.0  299   35-358    56-356 (523)
     359 UniRef100_A0A0P6J0T1 Putative  100.0 1.2E-43 1.3E-49  334.7   0.0  294   37-357   105-408 (735)
     360 tr|A0A091E8Z6|A0A091E8Z6_FUKDA 100.0 1.2E-43 1.3E-49  308.7   0.0  312   26-359   144-458 (484)
     361 UniRef100_A0A061QLN0 Putative  100.0 1.3E-43 1.3E-49  338.8   0.0  316   37-357    91-602 (685)
     362 UniRef100_A0A1S3F7I6 neuropept 100.0 1.3E-43 1.4E-49  329.2   0.0  302   25-355   241-554 (712)
     363 UniRef100_A0A2B4SVS8 Neuropept 100.0 1.4E-43 1.5E-49  328.2   0.0  293   31-359    85-383 (480)
     364 tr|A0A226N2C0|A0A226N2C0_CALSU 100.0 1.5E-43 1.6E-49  316.8   0.0  293   38-361   228-523 (569)
     365 UniRef100_A0A077KAM5 PQRFa pep 100.0 1.5E-43 1.6E-49  315.9   0.0  300   26-355   130-442 (539)
     366 UniRef100_A0A0E3EKU4 Allatotro 100.0 1.6E-43 1.7E-49  316.2   0.0  294   37-359   134-432 (562)
     367 tr|A0A0P7V5N2|A0A0P7V5N2_9TELE 100.0 1.7E-43 1.8E-49  316.6   0.0  300   39-356    95-399 (468)
     368 UniRef100_A0A3M6UKX8 G_PROTEIN 100.0 1.8E-43 1.9E-49  328.1   0.0  289   35-358   119-420 (487)
     369 UniRef100_A0A2B4RFH8 Neuropept 100.0 1.7E-43 1.9E-49  331.6   0.0  290   35-358    65-366 (439)
     370 UniRef100_A0A336LUR7 CSON00145 100.0 1.8E-43 1.9E-49  320.7   0.0  318   35-384    88-413 (670)
     371 UniRef100_A0A0K0PUG3 Thyrolibe 100.0   2E-43 2.1E-49  326.0   0.0  300   36-358   216-521 (606)
     372 UniRef100_A0A6P4ZPQ5 G-protein 100.0   2E-43 2.1E-49  307.0   0.0  284   31-354    39-325 (420)
     373 UniRef100_A0A061QLL1 Putative  100.0   2E-43 2.2E-49  316.9   0.0  310   38-358    49-421 (424)
     374 UniRef100_A0A210QSD7 Octopamin 100.0   2E-43 2.2E-49  322.1   0.0  311   37-359    60-417 (423)
     375 UniRef100_A0A0A7KUZ5 Opsin 5 n 100.0   2E-43 2.2E-49  319.9   0.0  288   37-358    55-344 (407)
     376 UniRef100_A0A6P4YBA8 delta-typ 100.0 2.1E-43 2.2E-49  315.2   0.0  282   34-358    50-339 (406)
     377 UniRef100_A0A087XFV2 5-hydroxy 100.0 2.1E-43 2.2E-49  318.7   0.0  297   36-358    85-396 (493)
     378 UniRef100_A0A0K0PUE3 Orphan G- 100.0 2.1E-43 2.3E-49  324.1   0.0  295   37-354   119-423 (550)
     379 UniRef100_A0A3M6T8F5 G_PROTEIN 100.0 2.1E-43 2.3E-49  335.0   0.0  300   27-359    94-396 (523)
     380 tr|A0A2B4SSL5|A0A2B4SSL5_STYPI 100.0 2.2E-43 2.3E-49  302.3   0.0  292   34-363    21-314 (344)
     381 ERR1719510_236906              100.0 2.2E-43 2.4E-49  327.7   0.0  292   37-362    85-377 (577)
     382 UniRef100_A0A016VJP9 G_PROTEIN 100.0 2.3E-43 2.4E-49  325.1   0.0  326   35-363   137-530 (650)
     383 UniRef100_A0A067RDC3 Prolactin 100.0 2.3E-43 2.4E-49  320.8   0.0  291   33-357    63-355 (541)
     384 tr|A0A0P6BPA6|A0A0P6BPA6_9CRUS 100.0 2.3E-43 2.4E-49  318.0   0.0  311   37-352    60-374 (574)
     385 tr|A0A147AMP5|A0A147AMP5_FUNHE 100.0 2.2E-43 2.4E-49  332.4   0.0  308   37-357    34-426 (475)
     386 UniRef100_A0A060X6T3 G_PROTEIN 100.0 2.3E-43 2.4E-49  319.5   0.0  310   38-359    93-414 (550)
     387 tr|A0A2C9GPU2|A0A2C9GPU2_ANOAR 100.0 2.3E-43 2.4E-49  332.1   0.0  310   36-359   324-637 (818)
     388 UniRef100_A0A3B4VB96 Beta-2 ad 100.0 2.4E-43 2.5E-49  315.3   0.0  296   41-356    59-359 (464)
     389 UniRef100_A0A1B0TJL6 Opsin Gq3 100.0 2.4E-43 2.6E-49  320.5   0.0  289   37-353    74-365 (589)
     390 UniRef100_A0A087YRI1 G_PROTEIN 100.0 2.5E-43 2.7E-49  319.0   0.0  293   36-362    82-376 (438)
     391 UniRef100_A0A067R2B6 G_PROTEIN 100.0 2.6E-43 2.8E-49  322.0   0.0  303   35-354    84-390 (510)
     392 UniRef100_A0A0H3YI86 Pyrokinin 100.0 2.7E-43 2.9E-49  327.4   0.0  300   37-358    86-398 (510)
     393 UniRef100_A0A2S1WLX6 Putative  100.0 2.9E-43   3E-49  312.2   0.0  312   40-359    52-459 (475)
     394 UniRef100_A0A6S7JE64 Neuropept 100.0 2.9E-43 3.1E-49  314.8   0.0  291   29-358    29-321 (412)
     395 UniRef100_A0A026W4F0 Octopamin 100.0   3E-43 3.2E-49  311.2   0.0  313   38-359    59-393 (445)
     396 tr|B4JN40|B4JN40_DROGR GH24210 100.0   3E-43 3.2E-49  313.2   0.0  288   37-360   119-410 (436)
     397 UniRef100_A0A6P8IFK2 neuromedi 100.0 3.1E-43 3.2E-49  309.4   0.0  287   36-358    27-321 (363)
     398 tr|A0A232F8D2|A0A232F8D2_9HYME 100.0 3.1E-43 3.3E-49  314.7   0.0  288   36-356    73-368 (478)
     399 UniRef100_A0A1S3IXU9 RYamide r 100.0 3.2E-43 3.4E-49  306.4   0.0  294   33-360    33-335 (438)
     400 tr|A0A1S3QV31|A0A1S3QV31_SALSA 100.0 3.3E-43 3.5E-49  316.5   0.0  289   38-358    82-371 (535)
     401 UniRef100_A0A0K2V3W2 Cardioacc 100.0 3.4E-43 3.6E-49  308.7   0.0  294   38-353    86-379 (465)
     402 UniRef100_A0A0S1YDA1 Neuropept 100.0 3.5E-43 3.7E-49  315.0   0.0  323   35-358    67-413 (463)
     403 UniRef100_A0A0L7QLJ1 Neuropept 100.0 3.6E-43 3.8E-49  305.9   0.0  312   36-378   129-448 (485)
     404 UniRef100_A0A0L8I1Y4 G_PROTEIN 100.0 3.8E-43 3.9E-49  306.9   0.0  314   37-359    55-373 (457)
     405 UniRef100_A0A315VEI8 G_PROTEIN 100.0 3.9E-43   4E-49  325.5   0.0  286   18-314   581-866 (1189)
     406 UniRef100_A0A224B198 Cholecyst 100.0 3.9E-43   4E-49  305.7   0.0  331   29-360   105-466 (534)
     407 tr|A0A1I8MRR4|A0A1I8MRR4_MUSDO 100.0   4E-43 4.1E-49  325.6   0.0  290   36-357   260-557 (819)
     408 tr|A0A1S3JCV4|A0A1S3JCV4_LINUN 100.0 4.1E-43 4.3E-49  306.3   0.0  304   35-362    63-372 (414)
     409 UniRef100_A0A060X0R7 Uncharact 100.0 4.2E-43 4.4E-49  302.0   0.0  278   35-355    58-339 (383)
     410 tr|A0A1I8PG61|A0A1I8PG61_STOCA 100.0 4.2E-43 4.4E-49  328.0   0.0  291   32-360   297-594 (716)
     411 tr|A7S585|A7S585_NEMVE Predict 100.0 4.4E-43 4.7E-49  312.2   0.0  296   31-361    21-328 (374)
     412 UniRef100_C3ZK20 G_PROTEIN_REC 100.0 4.5E-43 4.8E-49  315.3   0.0  302   39-361     5-324 (374)
     413 UniRef100_A0A151NBW6 Beta-3 ad 100.0 4.7E-43   5E-49  313.2   0.0  302   38-356    34-338 (490)
     414 UniRef100_A0A1A8LLZ9 Hypocreti 100.0 4.7E-43   5E-49  305.9   0.0  303   36-360    66-374 (413)
     415 UniRef100_A0A075W4G4 Melanopsi 100.0 4.8E-43   5E-49  319.1   0.0  315   40-382   137-457 (725)
     416 tr|A0A0K0PVN8|A0A0K0PVN8_PLADU 100.0 4.8E-43   5E-49  306.5   0.0  315   38-355    97-416 (501)
     417 tr|A0A146NY53|A0A146NY53_FUNHE 100.0 4.7E-43   5E-49  316.4   0.0  295   37-356     9-315 (469)
     418 UniRef100_A0A3M6TV84 G_PROTEIN 100.0 4.8E-43 5.1E-49  314.9   0.0  289   36-359    47-338 (405)
     419 UniRef100_A0A016SJ65 Thyrolibe 100.0 4.8E-43 5.2E-49  323.1   0.0  307   36-359    85-397 (479)
     420 UniRef100_A0A091L2D9 Orexin re 100.0 5.1E-43 5.4E-49  304.4   0.0  314   36-359    14-342 (386)
     421 UniRef100_A0A067RAQ2 Neuropept 100.0 5.5E-43 5.7E-49  309.4   0.0  294   36-361   102-402 (509)
     422 tr|A0A210QIB3|A0A210QIB3_MIZYE 100.0 5.5E-43 5.8E-49  312.3   0.0  304   33-363    94-403 (543)
     423 tr|A0A146NR64|A0A146NR64_FUNHE 100.0 5.8E-43 6.1E-49  309.8   0.0  280   35-354   120-416 (449)
     424 UniRef100_A0A1S3J8T4 5-hydroxy 100.0 5.9E-43 6.3E-49  319.1   0.0  289   35-355   101-393 (468)
     425 UniRef100_A0A1L8HHP3 G_PROTEIN 100.0 6.1E-43 6.5E-49  306.2   0.0  280   34-355    45-336 (370)
     426 tr|A0A151ITZ3|A0A151ITZ3_9HYME 100.0 6.2E-43 6.6E-49  314.4   0.0  307   36-360    69-421 (481)
     427 tr|H2Q292|H2Q292_PANTR Unchara 100.0 6.4E-43 6.7E-49  309.9   0.0  314   36-360    83-405 (492)
     428 tr|T1EGD8|T1EGD8_HELRO Unchara 100.0 6.6E-43   7E-49  310.2   0.0  326   26-354    10-369 (456)
     429 tr|A0A067RDC3|A0A067RDC3_ZOONE 100.0 6.5E-43   7E-49  321.6   0.0  296   33-362    70-367 (506)
     430 tr|A0A210QNG6|A0A210QNG6_MIZYE 100.0 6.7E-43 7.1E-49  315.3   0.0  297   35-359    40-340 (498)
     431 tr|A0A182L9N8|A0A182L9N8_9DIPT 100.0 6.7E-43 7.1E-49  317.3   0.0  288   38-360    92-384 (490)
     432 UniRef100_A0A060VNF4 G_PROTEIN 100.0 6.8E-43 7.2E-49  321.2   0.0  282   36-357   132-430 (566)
     433 SRR6218665_147192              100.0 6.9E-43 7.3E-49  312.6   0.0  305   28-361    94-399 (466)
     434 tr|A0A091CRU0|A0A091CRU0_FUKDA 100.0 7.3E-43 7.7E-49  327.0   0.0  275   35-356   409-690 (720)
     435 UniRef100_A0A023ETT6 Putative  100.0 7.6E-43 7.9E-49  316.8   0.0  287   36-359   155-447 (612)
     436 UniRef100_A0A061QLF1 Putative  100.0 7.8E-43 8.3E-49  315.4   0.0  292   39-355    67-363 (443)
     437 tr|W5JTF9|W5JTF9_ANODA Somatos 100.0   8E-43 8.4E-49  314.3   0.0  290   33-359    53-348 (526)
     438 UniRef100_A0A0L0C8S9 G_PROTEIN 100.0 8.1E-43 8.5E-49  325.6   0.0  325   31-357   215-652 (716)
     439 tr|A0A2C9KB37|A0A2C9KB37_BIOGL 100.0 8.2E-43 8.6E-49  309.2   0.0  317   39-357   106-466 (513)
     440 tr|A0A0Q3PK06|A0A0Q3PK06_AMAAE 100.0 8.3E-43 8.6E-49  328.1   0.0  300   26-355   515-827 (901)
     441 tr|W4Z9U8|W4Z9U8_STRPU Unchara 100.0 8.7E-43 9.1E-49  303.2   0.0  296   34-354   107-407 (434)
     442 UniRef100_A0A0L8G825 G_PROTEIN 100.0 8.7E-43 9.5E-49  323.2   0.0  286   34-347    73-362 (437)
     443 tr|A0A210QT45|A0A210QT45_MIZYE 100.0 9.2E-43 9.6E-49  299.7   0.0  302   32-355    35-338 (395)
     444 UniRef100_A0A084WSA4 AGAP00215 100.0   9E-43 9.6E-49  315.9   0.0  289   33-351    69-361 (443)
     445 tr|A0A1S3FWK5|A0A1S3FWK5_DIPOR 100.0 9.6E-43   1E-48  318.4   0.0  296   37-357   419-728 (786)
     446 tr|A0A2B4S1Z5|A0A2B4S1Z5_STYPI 100.0 9.5E-43   1E-48  316.5   0.0  265   36-359    27-299 (514)
     447 UniRef100_UPI000219022F Endoly 100.0 9.6E-43   1E-48  308.4   0.0  290   27-358   193-486 (507)
     448 UniRef100_A0A087X781 Alpha-2Db 100.0 9.6E-43   1E-48  311.9   0.0  308   40-355    72-489 (495)
     449 UniRef100_A0A060Y7B7 G_PROTEIN 100.0 9.8E-43   1E-48  320.7   0.0  308   36-355   117-546 (560)
     450 tr|T1KTS6|T1KTS6_TETUR Unchara 100.0   1E-42   1E-48  317.3   0.0  292   34-358   119-417 (587)
     451 UniRef100_A0A095ANA4 Dopamine  100.0   1E-42 1.1E-48  332.3   0.0  187   36-232   174-362 (674)
     452 tr|A0A1S3L0J1|A0A1S3L0J1_SALSA 100.0   1E-42 1.1E-48  313.7   0.0  309   36-356    77-403 (533)
     453 UniRef100_A0A026W3I9 Neuropept 100.0   1E-42 1.1E-48  320.1   0.0  292   37-356    61-365 (599)
     454 SRR6218665_799277              100.0 1.1E-42 1.1E-48  302.8   0.0  292   37-361   127-422 (456)
     455 UniRef100_A0A6P8HUK6 melatonin 100.0 1.1E-42 1.2E-48  301.6   0.0  297   29-358    22-320 (374)
     456 UniRef100_A0A0A1XP15 Neuropept 100.0 1.1E-42 1.2E-48  304.5   0.0  292   36-360    73-375 (421)
     457 UniRef100_A0A060VV87 Kappa-typ 100.0 1.2E-42 1.3E-48  315.1   0.0  278   36-354   192-473 (586)
     458 UniRef100_A0A0L8H5P3 G_PROTEIN 100.0 1.2E-42 1.3E-48  315.1   0.0  286   38-354    78-368 (496)
     459 tr|A0A2B4SDF9|A0A2B4SDF9_STYPI 100.0 1.2E-42 1.3E-48  297.4   0.0  291   36-361    38-329 (356)
     460 tr|A0A2B4S6X2|A0A2B4S6X2_STYPI 100.0 1.3E-42 1.4E-48  303.8   0.0  287   38-355    27-320 (379)
     461 tr|A7RKH9|A7RKH9_NEMVE Predict 100.0 1.3E-42 1.4E-48  303.6   0.0  283   34-359    25-314 (336)
     462 tr|A0A139WEA0|A0A139WEA0_TRICA 100.0 1.3E-42 1.4E-48  300.3   0.0  308   37-359    96-406 (464)
     463 tr|A0A0P6B7K0|A0A0P6B7K0_9CRUS 100.0 1.3E-42 1.4E-48  320.9   0.0  323   37-362   115-491 (579)
     464 tr|C3Z3H5|C3Z3H5_BRAFL Unchara 100.0 1.4E-42 1.4E-48  301.8   0.0  297   34-363    80-379 (405)
     465 UniRef100_A0A0L8FWF7 G_PROTEIN 100.0 1.4E-42 1.5E-48  325.9   0.0  314   39-361    96-549 (576)
     466 tr|A7SIX0|A7SIX0_NEMVE Predict 100.0 1.4E-42 1.5E-48  305.6   0.0  288   32-356    22-316 (403)
     467 SRR6218665_1158703             100.0 1.4E-42 1.5E-48  308.9   0.0  304   30-361    32-337 (413)
     468 tr|A7RKP0|A7RKP0_NEMVE Predict 100.0 1.5E-42 1.6E-48  304.9   0.0  303   34-362     7-311 (350)
     469 tr|A0A0P6C2B0|A0A0P6C2B0_9CRUS 100.0 1.5E-42 1.6E-48  319.0   0.0  322   35-357   169-531 (543)
     470 tr|A7RNV5|A7RNV5_NEMVE Predict 100.0 1.5E-42 1.6E-48  304.8   0.0  283   38-359    35-329 (377)
     471 tr|A0A0P5T2I6|A0A0P5T2I6_9CRUS 100.0 1.6E-42 1.7E-48  315.3   0.0  321   36-359    67-411 (542)
     472 UniRef100_A0A6F9DEB9 5-hydroxy 100.0 1.6E-42 1.8E-48  315.5   0.0  313   25-359    46-364 (426)
     473 UniRef100_A0A034WQT6 Tachykini 100.0 1.7E-42 1.8E-48  318.5   0.0  288   37-357   119-417 (694)
     474 UniRef100_A0A023F665 Putative  100.0 1.7E-42 1.8E-48  320.0   0.0  293   36-359   145-450 (573)
     475 UniRef100_A0A0L8HMQ0 G_PROTEIN 100.0 1.8E-42 1.9E-48  316.0   0.0  293   36-356    50-345 (538)
     476 UniRef100_A0A2T7PWH2 G_PROTEIN 100.0 1.8E-42 1.9E-48  309.7   0.0  308   36-353    43-352 (483)
     477 UniRef100_A0A060WGF3 B2 bradyk 100.0 1.8E-42 1.9E-48  326.8   0.0  281   36-356   161-449 (589)
     478 UniRef100_A0A026WM41 Dopamine  100.0 1.8E-42 1.9E-48  327.2   0.0  185   37-231   162-348 (659)
     479 UniRef100_A0A0K0PUQ9 Achatin r 100.0 1.8E-42   2E-48  319.6   0.0  294   39-355    56-354 (465)
     480 tr|T1KNR7|T1KNR7_TETUR Unchara 100.0 1.9E-42   2E-48  298.9   0.0  318   25-358    60-377 (433)
     481 ERR1712223_741947              100.0   2E-42 2.1E-48  310.2   0.0  320   38-360    92-442 (512)
     482 tr|A7SFG7|A7SFG7_NEMVE Predict 100.0   2E-42 2.1E-48  304.6   0.0  286   34-355    23-309 (364)
     483 tr|A0A2B4RYW3|A0A2B4RYW3_STYPI 100.0 2.1E-42 2.1E-48  336.7   0.0  287   36-361    41-329 (1580)
     484 UniRef100_A0A060WAA0 NK-2 rece 100.0 2.1E-42 2.2E-48  305.7   0.0  291   36-361    74-367 (465)
     485 UniRef100_A0A0C9RF21 CapaR_3 p 100.0 2.1E-42 2.2E-48  315.1   0.0  291   38-358    55-356 (532)
     486 UniRef100_A0A023F664 Putative  100.0 2.2E-42 2.3E-48  310.2   0.0  287   39-359    85-381 (471)
     487 UniRef100_A0A026W4S0 Neuromedi 100.0 2.2E-42 2.3E-48  320.2   0.0  296   37-355    76-385 (604)
     488 UniRef100_A0A087XKP0 Pyrogluta 100.0 2.2E-42 2.3E-48  309.6   0.0  298   37-359   147-451 (537)
     489 UniRef100_A0A026X164 G-protein 100.0 2.2E-42 2.3E-48  322.0   0.0  305   34-359   118-424 (604)
     490 tr|A0A1I8MQS0|A0A1I8MQS0_MUSDO 100.0 2.2E-42 2.4E-48  321.6   0.0  286   36-361   151-442 (572)
     491 UniRef100_A0A0N1IB59 Orexin re 100.0 2.3E-42 2.4E-48  309.4   0.0  305   38-355   132-448 (546)
     492 tr|A0A0L8I1Y4|A0A0L8I1Y4_OCTBM 100.0 2.4E-42 2.5E-48  297.1   0.0  314   38-357    45-361 (426)
     493 UniRef100_A0A0D9R0U9 Apelin re 100.0 2.4E-42 2.6E-48  308.5   0.0  285   35-358    62-363 (482)
     494 tr|A0A1D1W534|A0A1D1W534_RAMVA 100.0 2.5E-42 2.6E-48  306.5   0.0  323   35-359    56-427 (493)
     495 tr|I6R4U4|I6R4U4_9BILA Onychop 100.0 2.5E-42 2.6E-48  327.2   0.0  301   31-357   140-443 (873)
     496 UniRef100_A0A3M6U2U1 G_PROTEIN 100.0 2.5E-42 2.7E-48  308.2   0.0  281   36-358    21-307 (352)
     497 UniRef100_A0A0P7U357 Apelin re 100.0 2.5E-42 2.7E-48  306.9   0.0  285   35-366    58-351 (401)
     498 UniRef100_A0A0P7U0M1 Galanin r 100.0 2.7E-42 2.8E-48  299.9   0.0  289   36-362   142-438 (475)
     499 UniRef100_A0A1B6HDB2 G_PROTEIN 100.0 2.7E-42 2.9E-48  294.3   0.0  289   39-361    16-309 (360)
     500 UniRef100_A0A1B0CSF5 Putative  100.0 2.7E-42 2.9E-48  311.2   0.0  326   35-362    38-406 (474)
     
  > Uniprot already searched, skipping.
> Running chain B
  > Uniref90 already searched, skipping.
  > Mgnify already searched, skipping.
  > Running hhblits on bfd_uniref30
- 10:55:02.981 INFO: Searching 65983866 column state sequences.

- 10:55:03.869 INFO: Searching 29291635 column state sequences.

- 10:55:03.902 INFO: v1br_rat-2168/msas/B/chain_B.fasta is in A2M, A3M or FASTA format

- 10:55:03.902 INFO: Iteration 1

- 10:55:03.908 INFO: Prefiltering database

- 10:55:41.471 INFO: HMMs passed 1st prefilter (gapless profile-profile alignment)  : 63828

- 10:56:02.086 INFO: HMMs passed 1st prefilter (gapless profile-profile alignment)  : 69448

- 10:56:02.171 INFO: HMMs passed 2nd prefilter (gapped profile-profile alignment)   : 229

- 10:56:02.172 INFO: HMMs passed 2nd prefilter and not found in previous iterations : 229

- 10:56:02.172 INFO: Scoring 229 HMMs using HMM-HMM Viterbi alignment

- 10:56:02.194 INFO: Alternative alignment: 0

- 10:56:02.205 INFO: 229 alignments done

- 10:56:02.206 INFO: Alternative alignment: 1

- 10:56:02.215 INFO: 221 alignments done

- 10:56:02.215 INFO: Alternative alignment: 2

- 10:56:02.215 INFO: 3 alignments done

- 10:56:02.215 INFO: Alternative alignment: 3

- 10:56:02.290 INFO: Premerge done

- 10:56:02.290 INFO: Realigning 232 HMM-HMM alignments using Maximum Accuracy algorithm

- 10:56:02.327 INFO: 38 sequences belonging to 38 database HMMs found with an E-value < 0.001

- 10:56:02.327 INFO: Number of effective sequences of resulting query HMM: Neff = 6.30248

- 10:56:02.333 INFO: Iteration 2

- 10:56:02.333 INFO: Set premerge to 0! (premerge: 3 iteration: 2 hits.Size: 35)

- 10:56:02.343 INFO: Prefiltering database

- 10:56:49.757 INFO: HMMs passed 1st prefilter (gapless profile-profile alignment)  : 3048

- 10:57:08.219 INFO: HMMs passed 1st prefilter (gapless profile-profile alignment)  : 7371

- 10:57:08.235 INFO: HMMs passed 2nd prefilter (gapped profile-profile alignment)   : 47

- 10:57:08.235 INFO: HMMs passed 2nd prefilter and not found in previous iterations : 23

- 10:57:08.235 INFO: Scoring 23 HMMs using HMM-HMM Viterbi alignment

- 10:57:08.253 INFO: Alternative alignment: 0

- 10:57:08.254 INFO: 23 alignments done

- 10:57:08.254 INFO: Alternative alignment: 1

- 10:57:08.255 INFO: 19 alignments done

- 10:57:08.255 INFO: Alternative alignment: 2

- 10:57:08.255 INFO: 1 alignments done

- 10:57:08.255 INFO: Alternative alignment: 3

- 10:57:08.263 INFO: Realigning 22 HMM-HMM alignments using Maximum Accuracy algorithm

- 10:57:08.270 INFO: 47 sequences belonging to 47 database HMMs found with an E-value < 0.001

- 10:57:08.271 INFO: Number of effective sequences of resulting query HMM: Neff = 6.28874

- 10:57:08.273 INFO: Iteration 3

- 10:57:08.279 INFO: Prefiltering database

- 10:57:44.354 INFO: HMMs passed 1st prefilter (gapless profile-profile alignment)  : 2755

- 10:58:02.972 INFO: HMMs passed 1st prefilter (gapless profile-profile alignment)  : 6434

- 10:58:02.988 INFO: HMMs passed 2nd prefilter (gapped profile-profile alignment)   : 41

- 10:58:02.988 INFO: HMMs passed 2nd prefilter and not found in previous iterations : 10

- 10:58:02.988 INFO: Scoring 10 HMMs using HMM-HMM Viterbi alignment

- 10:58:03.006 INFO: Alternative alignment: 0

- 10:58:03.007 INFO: 10 alignments done

- 10:58:03.007 INFO: Alternative alignment: 1

- 10:58:03.007 INFO: 7 alignments done

- 10:58:03.007 INFO: Alternative alignment: 2

- 10:58:03.007 INFO: 1 alignments done

- 10:58:03.007 INFO: Alternative alignment: 3

- 10:58:03.015 INFO: Rescoring previously found HMMs with Viterbi algorithm

- 10:58:03.025 INFO: Alternative alignment: 0

- 10:58:03.027 INFO: 44 alignments done

- 10:58:03.027 INFO: Alternative alignment: 1

- 10:58:03.029 INFO: 41 alignments done

- 10:58:03.029 INFO: Alternative alignment: 2

- 10:58:03.029 INFO: Alternative alignment: 3

- 10:58:03.037 INFO: Premerge done

- 10:58:03.037 INFO: Realigning 53 HMM-HMM alignments using Maximum Accuracy algorithm

- 10:58:03.046 INFO: 47 sequences belonging to 47 database HMMs found with an E-value < 0.001

- 10:58:03.046 INFO: Number of effective sequences of resulting query HMM: Neff = 6.28874

     Query         vasopressin gtp:2168
     Match_columns 9
     No_of_seqs    48 out of 425
     Neff          6.28874
     Searched_HMMs 229
     Date          Tue Mar  7 10:58:03 2023
     Command       hhblits -i v1br_rat-2168/msas/B/chain_B.fasta -cpu 2 -maxmem 20 -oa3m /projects/ilfgrid/people/nqz918/code/deorph/scripts/af_arman/af_jobs_af23/v1br_rat/2168//v1br_rat-2168/msas/B/bfd_uniref_hits.a3m -o /dev/null -n 3 -e 0.001 -maxseq 1000000 -realign_max 100000 -maxfilt 100000 -min_prefilter_hits 1000 -d /projects/ilfgrid/data/alphafold-genetic-databases///bfd/bfd_metaclust_clu_complete_id30_c90_final_seq.sorted_opt -d /projects/ilfgrid/data/alphafold-genetic-databases///uniref30/UniRef30_2021_03 
     
      No Hit                             Prob E-value P-value  Score    SS Cols Query HMM  Template HMM
       1 UniRef100_P69128 Vasotocin n=2  98.5 2.5E-09 2.6E-15   28.8   0.0    9    1-9       1-9   (9)
       2 UniRef100_Q7LZD3 Hydrin 2 n=1   98.4 5.2E-09 5.4E-15   28.8   0.0    9    1-9       1-9   (10)
       3 UniRef100_P69043 Oxytocin n=5   98.1 6.9E-08 7.2E-14   26.1   0.0    9    1-9       1-9   (9)
       4 sp|P69058|OXYT_HYDCO Oxytocin   98.1 6.9E-08 7.2E-14   26.1   0.0    9    1-9       1-9   (9)
       5 UniRef100_P43000 Valitocin n=1  98.0 1.6E-07 1.6E-13   25.5   0.0    9    1-9       1-9   (9)
       6 UniRef100_P42994 Glumitocin n=  98.0 2.6E-07 2.7E-13   25.1   0.0    9    1-9       1-9   (9)
       7 UniRef100_P42999 Aspartocin n=  97.8   1E-06 1.1E-12   24.0   0.0    9    1-9       1-9   (9)
       8 UniRef100_P42993 Isotocin n=1   97.8 1.1E-06 1.1E-12   23.9   0.0    9    1-9       1-9   (9)
       9 UniRef100_P42995 Seritocin n=1  97.8 1.3E-06 1.3E-12   23.8   0.0    9    1-9       1-9   (9)
      10 UniRef100_P42996 Asvatocin n=1  97.7 2.3E-06 2.4E-12   23.4   0.0    9    1-9       1-9   (9)
      11 UniRef100_P42992 Vasotocin-neu  97.6 3.1E-06 3.2E-12   28.2   0.0    9    1-9       1-9   (27)
      12 UniRef100_A0A087QN40 Vasotocin  97.6 3.3E-06 4.1E-12   34.6   0.0    9    1-9      20-28  (131)
      13 UniRef100_P84502 Lys-conopress  97.4 1.3E-05 1.3E-11   22.0   0.0    9    1-9       1-9   (9)
      14 UniRef100_P80027 Cephalotocin   97.2 3.1E-05 3.2E-11   21.3   0.0    9    1-9       1-9   (9)
      15 UniRef100_P05487 Conopressin-S  97.1 5.2E-05 5.3E-11   20.9   0.0    9    1-9       1-9   (9)
      16 UniRef100_A0A060W4M5 Uncharact  97.1 4.2E-05 5.3E-11   33.6   0.0    9    1-9      70-78  (233)
      17 UniRef100_A0A091J9N4 Mesotocin  97.1 4.6E-05 5.4E-11   31.6   0.0    9    1-9      40-48  (127)
      18 UniRef100_P16339 Locupressin n  97.1 5.4E-05 5.6E-11   20.8   0.0    9    1-9       1-9   (9)
      19 UniRef100_A0A2I8B339 Oxytocin/  97.1 6.5E-05 7.6E-11   31.9   0.0    9    1-9      23-31  (155)
      20 tr|A0A087XPE6|A0A087XPE6_POEFO  97.0 7.2E-05 8.4E-11   32.1   0.0    9    1-9      38-46  (171)
      21 UniRef100_A0A0B4ZWU4 Oxytocin   97.0 8.6E-05 8.8E-11   24.2   0.0    9    1-9       2-10  (22)
      22 UniRef100_A0A0F7CSY3 Neurophys  97.0 9.7E-05   1E-10   26.5   0.0    9    1-9      20-28  (40)
      23 UniRef100_P42997 Phasvatocin n  97.0 0.00012 1.2E-10   20.2   0.0    9    1-9       1-9   (9)
      24 UniRef100_P86255 Conopressin-T  96.9 0.00016 1.6E-10   19.5   0.0    8    1-8       1-8   (8)
      25 UniRef100_S6BQ34 Arginine vaso  96.9 0.00017 1.8E-10   25.8   0.0    9    1-9      19-27  (39)
      26 tr|A0A218V8Z2|A0A218V8Z2_9PASE  96.7 0.00034 3.8E-10   31.7   0.0    9    1-9      20-28  (274)
      27 UniRef100_A0A0A0AAY3 Vasotocin  96.7 0.00038   4E-10   28.8   0.0    9    1-9      32-40  (110)
      28 UniRef100_Q63408 Rat prepro-ox  96.6 0.00047 4.8E-10   23.3   0.0    7    1-7      20-26  (26)
      29 UniRef100_P0DL76 Conopressin-T  96.6  0.0005 5.1E-10   19.1   0.0    8    1-8       1-8   (9)
      30 UniRef100_A0A091CQU3 Oxytocin-  96.6  0.0005 5.3E-10   26.9   0.0    9    1-9      20-28  (71)
      31 UniRef100_O46610 Arginine vaso  96.6 0.00057 5.8E-10   25.0   0.0    9    1-9       1-9   (43)
      32 UniRef100_A0A091F124 Mesotocin  96.5  0.0008   9E-10   29.9   0.0    9    1-9      56-64  (207)
      33 UniRef100_A0A553RLT8 Uncharact  96.5 0.00095 9.7E-10   28.5   0.0    9    1-9      55-63  (148)
      34 UniRef100_A0A3Q2I9B2 Oxytocin-  96.5 0.00087 9.9E-10   29.3   0.0    9    1-9      20-28  (172)
      35 tr|X5D8U4|X5D8U4_HUMAN Arginin  96.4  0.0011 1.2E-09   29.7   0.0    9    1-9      20-28  (222)
      36 UniRef100_A0A384D4E0 vasopress  96.4  0.0013 1.3E-09   26.2   0.0    9    1-9      20-28  (79)
      37 UniRef100_A0A3N0Z6Z0 Vasotocin  96.3  0.0014 1.5E-09   29.4   0.0    9    1-9      23-31  (224)
      38 UniRef100_Q91078 Vasotocin n=1  96.3  0.0015 1.6E-09   28.2   0.0    9    1-9      23-31  (157)
      39 UniRef100_A0A091GHA6 Vasotocin  96.3  0.0014 1.7E-09   29.0   0.0    9    1-9      41-49  (190)
      40 UniRef100_A0A6P3QUI8 vasopress  96.1  0.0026 2.8E-09   27.0   0.0    9    1-9      20-28  (128)
      41 UniRef100_A0A2I2U5X4 Arginine   96.1  0.0027 3.1E-09   27.9   0.0    9    1-9      24-32  (169)
      42 UniRef100_A0A0D9RLH7 Uncharact  96.0  0.0038 4.3E-09   28.3   0.0    9    1-9      54-62  (222)
      43 UniRef100_A0A3Q1GVY0 Vasotocin  96.0  0.0045 4.7E-09   27.9   0.0    9    1-9      20-28  (225)
      44 UniRef100_A0A4W5PGA2 Uncharact  95.9  0.0052 5.3E-09   26.3   0.0    9    1-9      15-23  (132)
      45 UniRef100_A0A5N3VIC6 Uncharact  95.8  0.0068   7E-09   26.2   0.0    9    1-9      20-28  (143)
      46 UniRef100_A0A218V8Z2 Vasotocin  95.7    0.01   1E-08   27.4   0.0    9    1-9      20-28  (274)
      47 UniRef100_A0A1I6R0I4 Uncharact  95.1   0.034 3.5E-08   20.9   0.0    8    1-8      35-42  (43)
      48 UniRef100_A0A3B8QIH4 Uncharact  95.0   0.038 3.9E-08   20.2   0.0    8    1-8      13-20  (36)
      49 UniRef100_A0A2W1N3V6 Uncharact  94.9   0.042 4.3E-08   18.4   0.0    9    1-9       8-16  (21)
      50 UniRef100_A0A218V8Z2 Vasotocin  94.5   0.072 7.5E-08   25.1   0.0    9    1-9     163-171 (274)
      51 UniRef100_A0A7N9IB30 Arginine   94.4   0.085 8.7E-08   24.6   0.0    9    1-9      20-28  (242)
      52 UniRef100_A0A0A9HH27 Uncharact  93.8    0.17 1.7E-07   21.5   0.0    8    1-8      35-42  (95)
      53 UniRef100_A0A182WNN8 Uncharact  92.0    0.64 6.6E-07   16.0   0.0    6    1-6      17-22  (22)
     
  > Uniprot already searched, skipping.

>> Job finished at: Tue Mar  7 10:58:07 CET 2023

>> Runtime: 1914 s
