>> Job started at: Tue Mar 21 09:18:17 CET 2023
   On Machine:     ilfgridgpun02fl.unicph.domain
   In directory:   /projects/ilfgrid/people/nqz918/code/deorph/scripts/af_arman/af_jobs_af23/rl3r2_mouse/6519

>> GPU is 5

Loaded miniconda shell environment for bash
E0321 09:18:23.558781 140453405525824 hmmsearch.py:64] Could not find hmmsearch database /projects/ilfgrid/data/alphafold-genetic-databases///pdb_seqres/pdb_seqres.txt
Traceback (most recent call last):
  File "/projects/ilfgrid/apps/alphafold-2.3.1/run_alphafold.py", line 441, in <module>
    app.run(main)
  File "/projects/ilfgrid/apps/alphafold-2.3.1/AF_2.3.1_conda_env/lib/python3.8/site-packages/absl/app.py", line 308, in run
    _run_main(main, args)
  File "/projects/ilfgrid/apps/alphafold-2.3.1/AF_2.3.1_conda_env/lib/python3.8/site-packages/absl/app.py", line 254, in _run_main
    sys.exit(main(argv))
  File "/projects/ilfgrid/apps/alphafold-2.3.1/run_alphafold.py", line 334, in main
    template_searcher = hmmsearch.Hmmsearch(
  File "/maps/projects/ilfgrid/apps/alphafold-2.3.1/alphafold/data/tools/hmmsearch.py", line 65, in __init__
    raise ValueError(f'Could not find hmmsearch database {database_path}')
ValueError: Could not find hmmsearch database /projects/ilfgrid/data/alphafold-genetic-databases///pdb_seqres/pdb_seqres.txt
cp: cannot stat '/projects/ilfgrid/people/nqz918/code/deorph/scripts/af_arman/af_jobs_af23/rl3r2_mouse/6519/rl3r2_mouse-6519/ranked_0.pdb': No such file or directory

>> Job finished at: Tue Mar 21 09:18:24 CET 2023

>> Runtime: 7 s
