>> Job started at: Thu Feb 23 04:33:10 CET 2023
   On Machine:     ilfgridgpun01fl.unicph.domain
   In directory:   /maps/projects/ilfgrid/people/nqz918/code/deorph/scripts/af_arman/af_jobs_af23/fpr2_human/1022

>> GPU is 

> Running 'prep_MSAs.sh'
  > Alphafold-DB directory is set to /projects/ilfgrid/data/alphafold-genetic-databases//
  > Number of cores was set to set to 2
  > Max memory set to 20 GB
  > Output directory was set to /maps/projects/ilfgrid/people/nqz918/code/deorph/scripts/af_arman/af_jobs_af23/fpr2_human/1022/
  > Input fastafile was set to /maps/projects/ilfgrid/people/nqz918/code/deorph/scripts/af_arman/af_jobs_af23/fpr2_human/1022/fpr2_human-1022.fasta
> Splitting fastafile
> Running chain A
  > Uniref90 already searched, skipping.
  > Mgnify already searched, skipping.
  > Running hhblits on bfd_uniref30
- 04:33:34.001 INFO: Searching 65983866 column state sequences.

- 04:33:35.416 INFO: Searching 29291635 column state sequences.

- 04:33:35.457 INFO: fpr2_human-1022/msas/A/chain_A.fasta is in A2M, A3M or FASTA format

- 04:33:35.458 INFO: Iteration 1

- 04:33:35.689 INFO: Prefiltering database

- 04:35:50.825 INFO: HMMs passed 1st prefilter (gapless profile-profile alignment)  : 3170373

- 04:37:10.494 INFO: HMMs passed 1st prefilter (gapless profile-profile alignment)  : 1383655

- 04:37:19.264 INFO: HMMs passed 2nd prefilter (gapped profile-profile alignment)   : 25674

- 04:37:19.265 INFO: HMMs passed 2nd prefilter and not found in previous iterations : 25674

- 04:37:19.265 INFO: Scoring 25674 HMMs using HMM-HMM Viterbi alignment

- 04:37:19.299 INFO: Alternative alignment: 0

- 04:37:20.872 INFO: 2000 alignments done

- 04:37:22.315 INFO: 4000 alignments done

- 04:37:23.664 INFO: 6000 alignments done

- 04:37:24.930 INFO: 8000 alignments done

- 04:37:26.057 INFO: 10000 alignments done

- 04:37:27.226 INFO: 12000 alignments done

- 04:37:28.359 INFO: 14000 alignments done

- 04:37:29.472 INFO: 16000 alignments done

- 04:37:30.600 INFO: 18000 alignments done

- 04:37:31.582 INFO: 20000 alignments done

- 04:37:32.441 INFO: 22000 alignments done

- 04:37:33.422 INFO: 24000 alignments done

- 04:37:34.267 INFO: 25674 alignments done

- 04:37:34.271 INFO: Alternative alignment: 1

- 04:37:48.682 INFO: 25578 alignments done

- 04:37:48.741 INFO: Alternative alignment: 2

- 04:37:52.885 INFO: 5847 alignments done

- 04:37:52.893 INFO: Alternative alignment: 3

- 04:37:53.673 INFO: 902 alignments done

- 04:37:54.439 INFO: Premerge done

- 04:37:54.444 INFO: Realigning 10102 HMM-HMM alignments using Maximum Accuracy algorithm

- 04:39:24.853 INFO: 10105 sequences belonging to 10105 database HMMs found with an E-value < 0.001

- 04:39:24.853 INFO: Number of effective sequences of resulting query HMM: Neff = 11.3747

- 04:39:25.112 INFO: Iteration 2

- 04:39:25.112 INFO: Set premerge to 0! (premerge: 3 iteration: 2 hits.Size: 10102)

- 04:39:25.326 INFO: Prefiltering database

- 04:43:35.526 INFO: HMMs passed 1st prefilter (gapless profile-profile alignment)  : 6680076

- 04:57:00.100 INFO: HMMs passed 1st prefilter (gapless profile-profile alignment)  : 3182883

- 04:57:21.246 INFO: HMMs passed 2nd prefilter (gapped profile-profile alignment)   : 71254

- 04:57:21.246 INFO: HMMs passed 2nd prefilter and not found in previous iterations : 61384

- 04:57:21.246 INFO: Scoring 61384 HMMs using HMM-HMM Viterbi alignment

- 04:57:21.267 INFO: Alternative alignment: 0

- 04:58:00.946 INFO: 2000 alignments done

- 04:58:57.051 INFO: 4000 alignments done

- 04:59:46.297 INFO: 6000 alignments done

- 05:00:34.514 INFO: 8000 alignments done

- 05:01:54.486 INFO: 10000 alignments done

- 05:02:57.059 INFO: 12000 alignments done

- 05:04:01.454 INFO: 14000 alignments done

- 05:04:01.461 INFO: Stop after DB-HHM: 14000 because early stop  17.6862 < filter cutoff 20

- 05:04:01.461 INFO: Alternative alignment: 1

- 05:05:16.251 INFO: 9411 alignments done

- 05:05:16.293 INFO: Alternative alignment: 2

- 05:05:17.679 INFO: 719 alignments done

- 05:05:17.680 INFO: Alternative alignment: 3

- 05:05:17.990 INFO: 125 alignments done

- 05:05:18.168 INFO: Realigning 5554 HMM-HMM alignments using Maximum Accuracy algorithm

- 05:06:21.368 INFO: 15657 sequences belonging to 15657 database HMMs found with an E-value < 0.001

- 05:06:21.368 INFO: Number of effective sequences of resulting query HMM: Neff = 11.8226

- 05:06:21.457 INFO: Iteration 3

- 05:06:21.669 INFO: Prefiltering database

- 05:09:23.551 INFO: HMMs passed 1st prefilter (gapless profile-profile alignment)  : 6069755

- 05:27:09.162 INFO: HMMs passed 1st prefilter (gapless profile-profile alignment)  : 2798113

- 05:27:26.422 INFO: HMMs passed 2nd prefilter (gapped profile-profile alignment)   : 69273

- 05:27:26.422 INFO: HMMs passed 2nd prefilter and not found in previous iterations : 53970

- 05:27:26.422 INFO: Scoring 53970 HMMs using HMM-HMM Viterbi alignment

- 05:27:26.442 INFO: Alternative alignment: 0

- 05:29:08.072 INFO: 2000 alignments done

- 05:30:42.087 INFO: 4000 alignments done

- 05:32:12.486 INFO: 6000 alignments done

- 05:33:39.026 INFO: 8000 alignments done

- 05:35:03.345 INFO: 10000 alignments done

- 05:35:35.806 INFO: 12000 alignments done

- 05:36:02.378 INFO: 14000 alignments done

- 05:36:32.439 INFO: 16000 alignments done

- 05:36:45.896 INFO: 18000 alignments done

- 05:36:51.185 INFO: 20000 alignments done

- 05:36:57.145 INFO: 22000 alignments done

- 05:37:09.473 INFO: 24000 alignments done

- 05:37:25.897 INFO: 26000 alignments done

- 05:37:39.180 INFO: 28000 alignments done

- 05:37:45.042 INFO: 30000 alignments done

- 05:37:52.749 INFO: 32000 alignments done

- 05:38:03.999 INFO: 34000 alignments done

- 05:39:08.780 INFO: 36000 alignments done

- 05:40:55.160 INFO: 38000 alignments done

- 05:41:38.368 INFO: 40000 alignments done

- 05:42:28.543 INFO: 42000 alignments done

- 05:43:02.977 INFO: 44000 alignments done

- 05:43:36.074 INFO: 46000 alignments done

- 05:44:07.332 INFO: 48000 alignments done

- 05:44:46.788 INFO: 50000 alignments done

- 05:45:19.876 INFO: 52000 alignments done

- 05:45:54.600 INFO: 53970 alignments done

- 05:45:54.605 INFO: Stop after DB-HHM: 53970 because early stop  15.8951 < filter cutoff 19.7

- 05:45:54.606 INFO: Alternative alignment: 1

- 05:51:07.819 INFO: 38266 alignments done

- 05:51:07.987 INFO: Alternative alignment: 2

- 05:52:39.746 INFO: 3534 alignments done

- 05:52:39.751 INFO: Alternative alignment: 3

- 05:52:40.835 INFO: 523 alignments done

- 05:52:41.452 INFO: Rescoring previously found HMMs with Viterbi algorithm

- 05:52:41.499 INFO: Alternative alignment: 0

- 05:52:52.055 INFO: 2000 alignments done

- 05:53:26.629 INFO: 4000 alignments done

- 05:54:09.507 INFO: 6000 alignments done

- 05:54:51.314 INFO: 8000 alignments done

- 05:55:29.335 INFO: 10000 alignments done

- 05:56:06.651 INFO: 12000 alignments done

- 05:56:49.115 INFO: 14000 alignments done

- 05:57:14.870 INFO: 15305 alignments done

- 05:57:14.875 INFO: Alternative alignment: 1

- 05:59:53.031 INFO: 15304 alignments done

- 05:59:53.090 INFO: Alternative alignment: 2

- 06:00:03.326 INFO: 1012 alignments done

- 06:00:03.327 INFO: Alternative alignment: 3

- 06:00:03.552 INFO: 145 alignments done

- 06:00:04.147 INFO: Premerge done

- 06:00:04.153 INFO: Realigning 35846 HMM-HMM alignments using Maximum Accuracy algorithm

- 06:24:32.297 INFO: 35983 sequences belonging to 35983 database HMMs found with an E-value < 0.001

- 06:24:32.298 INFO: Number of effective sequences of resulting query HMM: Neff = 11.9205

     Query         fpr2_human P25090
     Match_columns 351
     No_of_seqs    1467 out of 299708
     Neff          11.9205
     Searched_HMMs 79284
     Date          Thu Feb 23 06:24:32 2023
     Command       hhblits -i fpr2_human-1022/msas/A/chain_A.fasta -cpu 2 -maxmem 20 -oa3m /maps/projects/ilfgrid/people/nqz918/code/deorph/scripts/af_arman/af_jobs_af23/fpr2_human/1022//fpr2_human-1022/msas/A/bfd_uniref_hits.a3m -o /dev/null -n 3 -e 0.001 -maxseq 1000000 -realign_max 100000 -maxfilt 100000 -min_prefilter_hits 1000 -d /projects/ilfgrid/data/alphafold-genetic-databases///bfd/bfd_metaclust_clu_complete_id30_c90_final_seq.sorted_opt -d /projects/ilfgrid/data/alphafold-genetic-databases///uniref30/UniRef30_2021_03 
     
      No Hit                             Prob E-value P-value  Score    SS Cols Query HMM  Template HMM
       1 tr|A0A286XPK5|A0A286XPK5_CAVPO 100.0   1E-60   1E-66  369.5   0.0  351    1-351    66-416 (424)
       2 UniRef100_A0A1S3HKE5 allatosta 100.0 1.4E-50 1.4E-56  330.7   0.0  284   24-324    80-378 (462)
       3 UniRef100_A0A6P4Z4S7 G-protein 100.0 1.7E-50 1.6E-56  332.9   0.0  286   23-326    56-356 (417)
       4 UniRef100_A0A0K0PUX7 Orphan G- 100.0   3E-50   3E-56  328.7   0.0  284   24-321    60-354 (471)
       5 UniRef100_A0A060VVF8 G_PROTEIN 100.0 5.7E-50 5.5E-56  331.2   0.0  287   26-321   139-433 (511)
       6 UniRef100_A0A024R4J1 Formyl pe 100.0 9.4E-50 9.1E-56  341.0   0.0  292   25-329   171-463 (581)
       7 UniRef100_A0A026X3T6 Allatosta 100.0 1.2E-49 1.2E-55  325.7   0.0  279   26-324   139-428 (540)
       8 UniRef100_A0A1N7TCF1 Galanin r 100.0 1.2E-49 1.2E-55  316.4   0.0  285   24-324    69-363 (407)
       9 UniRef100_A0A024FLF0 PQRFa pep 100.0 1.4E-49 1.4E-55  325.6   0.0  279   26-321    49-346 (413)
      10 tr|V8PD93|V8PD93_OPHHA Type-2  100.0 1.4E-49 1.4E-55  321.8   0.0  291   23-323    72-370 (412)
      11 tr|A0A1L8G1N6|A0A1L8G1N6_XENLA 100.0 1.5E-49 1.5E-55  314.2   0.0  279   24-324   114-401 (448)
      12 UniRef100_A0A091EBV8 Type-1 an 100.0 1.6E-49 1.6E-55  334.9   0.0  282   24-319   345-628 (715)
      13 UniRef100_A0A087RJN6 Somatosta 100.0   2E-49 1.9E-55  323.2   0.0  276   24-320    58-342 (391)
      14 tr|A0A0P7U387|A0A0P7U387_9TELE 100.0   2E-49 2.1E-55  317.3   0.0  281   24-323   126-417 (556)
      15 UniRef100_A0A060X1Q6 Somatosta 100.0 2.3E-49 2.3E-55  329.0   0.0  277   25-320   138-423 (604)
      16 tr|M3ZFE6|M3ZFE6_XIPMA Somatos 100.0 3.3E-49 3.3E-55  314.1   0.0  280   23-323   101-391 (525)
      17 tr|G5BPN3|G5BPN3_HETGA C3a ana 100.0 3.6E-49 3.5E-55  322.7   0.0  323    6-337   122-579 (591)
      18 UniRef100_A0A026WTK8 Tachykini 100.0 5.4E-49 5.3E-55  322.2   0.0  286   26-325    89-392 (556)
      19 UniRef100_A0A1L8FNX2 G_PROTEIN 100.0 5.6E-49 5.5E-55  313.6   0.0  279   26-321    62-343 (400)
      20 UniRef100_A0A060W5Z4 G_PROTEIN 100.0 5.7E-49 5.6E-55  323.5   0.0  278   26-323   190-476 (593)
      21 UniRef100_A0A0K0PUR1 Orphan G- 100.0   6E-49 5.9E-55  324.3   0.0  280   24-319   112-409 (530)
      22 UniRef100_A0A023F675 Putative  100.0 9.3E-49 9.1E-55  326.4   0.0  280   24-320   124-418 (530)
      23 UniRef100_A0A6P4XD29 neuropept 100.0   1E-48 9.9E-55  308.8   0.0  276   25-317    40-338 (385)
      24 UniRef100_A0A2B4S7K2 Histamine 100.0   1E-48 9.9E-55  314.6   0.0  274   24-321    30-327 (369)
      25 UniRef100_A0A060WXX3 G-protein 100.0 1.1E-48   1E-54  325.1   0.0  302   23-328   156-460 (539)
      26 UniRef100_A0A077YWL6 Somatosta 100.0 1.3E-48 1.2E-54  321.2   0.0  285   26-324    65-363 (446)
      27 tr|V8NQN2|V8NQN2_OPHHA G-prote 100.0 1.4E-48 1.4E-54  323.1   0.0  295   24-329   301-595 (840)
      28 UniRef100_A0A060VSP8 5-hydroxy 100.0 1.9E-48 1.9E-54  316.8   0.0  277   23-325    84-419 (479)
      29 UniRef100_A0A060X690 G_PROTEIN 100.0 2.4E-48 2.4E-54  303.8   0.0  284   24-322    44-336 (386)
      30 UniRef100_A0A0K0PUL8 Allatosta 100.0 3.1E-48   3E-54  309.4   0.0  282   25-322    49-345 (396)
      31 UniRef100_A0A060X5Z5 G_PROTEIN 100.0 5.1E-48   5E-54  318.4   0.0  271   25-321    82-384 (522)
      32 tr|A0A1I8M930|A0A1I8M930_MUSDO 100.0 5.1E-48 5.1E-54  331.6   0.0  274   25-321   187-578 (963)
      33 tr|A0A0F8ARD3|A0A0F8ARD3_LARCR 100.0 5.2E-48 5.3E-54  303.9   0.0  277   26-321    53-338 (464)
      34 tr|A0A146TL67|A0A146TL67_FUNHE 100.0 5.7E-48 5.5E-54  322.8   0.0  295   24-323    24-406 (442)
      35 UniRef100_A0A6P4Y4T1 galanin r 100.0 6.7E-48 6.6E-54  306.3   0.0  283   24-323    56-353 (410)
      36 tr|C3XSP5|C3XSP5_BRAFL Unchara 100.0 8.3E-48 8.4E-54  297.0   0.0  284   24-325    25-330 (403)
      37 UniRef100_A0A087XDT1 Somatosta 100.0 1.1E-47 1.1E-53  313.2   0.0  281   23-324   165-456 (676)
      38 UniRef100_A0A369RW72 Octopamin 100.0 1.2E-47 1.1E-53  315.8   0.0  270   25-317    53-354 (412)
      39 UniRef100_A0A2G8L6L1 Putative  100.0 1.2E-47 1.2E-53  302.9   0.0  285   24-320    33-323 (407)
      40 UniRef100_A0A154PKR3 Tachykini 100.0 1.2E-47 1.2E-53  310.5   0.0  283   25-321    75-374 (457)
      41 UniRef100_A0A2B4SDF9 Neuropept 100.0 1.7E-47 1.7E-53  307.1   0.0  275   24-319    87-377 (455)
      42 UniRef100_A0A5F9DJL6 Formyl pe 100.0 1.8E-47 1.9E-53  290.3   0.0  349    1-349     1-349 (476)
      43 tr|S9YJE2|S9YJE2_CAMFR Somatos 100.0   2E-47   2E-53  297.8   0.0  282   24-321   110-400 (438)
      44 UniRef100_A0A141CIT8 G protein 100.0 2.1E-47   2E-53  309.2   0.0  281   24-324    84-379 (488)
      45 UniRef100_A0A0K0PUT9 Excitator 100.0 2.3E-47 2.2E-53  313.4   0.0  285   24-324   101-404 (474)
      46 UniRef100_A0A139WB32 Tachykini 100.0 2.4E-47 2.4E-53  303.1   0.0  285   26-324    43-345 (405)
      47 UniRef100_A0A060VUW6 G_PROTEIN 100.0 2.7E-47 2.7E-53  323.7   0.0  274   25-324   116-442 (574)
      48 UniRef100_A0A1D1W534 G_PROTEIN 100.0 2.7E-47 2.7E-53  316.7   0.0  284   23-323    75-435 (492)
      49 UniRef100_A0A026WW28 Neuropept 100.0 4.3E-47 4.2E-53  314.3   0.0  281   22-322    84-381 (552)
      50 tr|A0A151NSA8|A0A151NSA8_ALLMI 100.0 5.4E-47 5.3E-53  298.9   0.0  302   23-333    85-386 (406)
      51 UniRef100_A0A1D2M4J2 Neuropept 100.0 5.4E-47 5.4E-53  306.7   0.0  282   25-325   125-427 (497)
      52 UniRef100_A0A061I1T5 C3a anaph 100.0 5.6E-47 5.5E-53  321.7   0.0  302   23-328   132-536 (700)
      53 UniRef100_A0A210QEM7 Neuropept 100.0 6.5E-47 6.5E-53  299.7   0.0  284   26-324    50-349 (416)
      54 UniRef100_A0A0K0PUV0 FVRIamide 100.0 7.3E-47 7.2E-53  306.2   0.0  277   24-324    50-381 (458)
      55 tr|E0D358|E0D358_HEMPU Dopamin 100.0 7.4E-47 7.3E-53  299.4   0.0  271   28-324    26-331 (435)
      56 tr|G3S2I3|G3S2I3_GORGO Opioid  100.0 7.9E-47   8E-53  298.6   0.0  279   23-318   159-446 (492)
      57 UniRef100_A0A2B4SKI0 Tachykini 100.0 1.6E-46 1.5E-52  314.5   0.0  285   24-323    89-392 (469)
      58 UniRef100_A0A1L8GQY3 Alpha-1B  100.0 1.7E-46 1.7E-52  301.6   0.0  273   28-326    48-373 (510)
      59 UniRef100_A0A026W5R0 Orexin re 100.0 1.7E-46 1.7E-52  310.1   0.0  277   25-322   116-427 (529)
      60 UniRef100_A0A0C9QBK4 GHSR_0 pr 100.0 1.8E-46 1.8E-52  318.4   0.0  283   25-320   171-473 (591)
      61 UniRef100_A0A0K0PUI9 Orphan G- 100.0 1.8E-46 1.8E-52  312.6   0.0  281   24-323    99-409 (534)
      62 tr|V8NR81|V8NR81_OPHHA Chemoki 100.0 1.9E-46 1.9E-52  328.1   0.0  294   22-330   419-718 (879)
      63 UniRef100_A0A068YB14 Neuropept 100.0 2.2E-46 2.2E-52  307.2   0.0  283   24-323    52-354 (448)
      64 tr|C3XVS5|C3XVS5_BRAFL Unchara 100.0 2.2E-46 2.2E-52  293.7   0.0  282   24-324    65-366 (425)
      65 tr|A0A1I8PIJ9|A0A1I8PIJ9_STOCA 100.0 2.3E-46 2.3E-52  309.5   0.0  288   26-327   169-473 (680)
      66 UniRef100_A0A087T336 Somatosta 100.0 2.6E-46 2.6E-52  298.0   0.0  285   25-323    76-369 (454)
      67 UniRef100_A0A2B4RSM5 Neuropept 100.0 2.7E-46 2.7E-52  297.9   0.0  278   23-323    33-325 (417)
      68 tr|A0A2C9JWF9|A0A2C9JWF9_BIOGL 100.0 2.8E-46 2.7E-52  301.5   0.0  287   24-327    63-371 (403)
      69 UniRef100_A0A177B9B5 Rhodopsin 100.0 2.8E-46 2.8E-52  297.8   0.0  278   25-323    89-404 (464)
      70 UniRef100_A0A061INJ6 Pyrogluta 100.0 3.3E-46 3.2E-52  314.1   0.0  284   24-323   150-460 (594)
      71 UniRef100_A0A1S3KA35 Alpha-1B  100.0 3.4E-46 3.3E-52  306.5   0.0  275   26-325    89-423 (551)
      72 tr|A0A2G9R7F4|A0A2G9R7F4_LITCT 100.0 3.5E-46 3.5E-52  291.5   0.0  292   23-326    45-336 (408)
      73 UniRef100_A0A1S3J712 QRFP-like 100.0 5.3E-46 5.2E-52  305.0   0.0  285   29-323    70-373 (507)
      74 UniRef100_A0A151N382 Galanin r 100.0 5.7E-46 5.8E-52  282.3   0.0  285   21-325    25-320 (392)
      75 UniRef100_A0A091DWF1 Somatosta 100.0 6.2E-46 6.3E-52  296.4   0.0  276   26-320   155-439 (523)
      76 UniRef100_A0A2B4S4U3 Beta-2 ad 100.0 6.3E-46 6.3E-52  288.9   0.0  287   26-330    28-330 (372)
      77 UniRef100_A0A1L8FNZ4 G_PROTEIN 100.0 9.4E-46 9.3E-52  298.2   0.0  287   21-328    95-381 (429)
      78 UniRef100_A0A164MD49 Putative  100.0 9.6E-46 9.6E-52  298.1   0.0  278   27-321    50-395 (498)
      79 UniRef100_A0A060W9T7 G_PROTEIN 100.0   1E-45   1E-51  297.2   0.0  280   25-324   184-475 (616)
      80 tr|A0A0P7U113|A0A0P7U113_9TELE 100.0 1.1E-45 1.1E-51  294.5   0.0  285   23-328   144-428 (452)
      81 UniRef100_A0A068WW83 Allatosta 100.0 1.1E-45 1.1E-51  303.4   0.0  272   24-315    64-347 (432)
      82 UniRef100_A0A087QH27 C-C chemo 100.0 1.2E-45 1.2E-51  312.1   0.0  285   26-323   200-486 (591)
      83 UniRef100_A0A2B4SVC4 Dopamine  100.0 1.3E-45 1.2E-51  293.1   0.0  260   24-320    53-329 (397)
      84 tr|A0A146U732|A0A146U732_FUNHE 100.0 1.3E-45 1.3E-51  317.4   0.0  295   26-320   191-546 (590)
      85 tr|A0A218UB83|A0A218UB83_9PASE 100.0 1.3E-45 1.3E-51  301.9   0.0  276   26-327   193-518 (631)
      86 UniRef100_A0A2B4SKX3 Cholecyst 100.0 1.4E-45 1.4E-51  293.4   0.0  282   21-326    66-417 (428)
      87 UniRef100_A0A060WCZ6 G_PROTEIN 100.0 1.5E-45 1.5E-51  299.5   0.0  290   24-327   171-460 (574)
      88 tr|A0A218VDE9|A0A218VDE9_9PASE 100.0 1.5E-45 1.5E-51  291.1   0.0  280   24-323    21-309 (556)
      89 UniRef100_A0A026WK40 Cholecyst 100.0 1.7E-45 1.7E-51  311.7   0.0  279   28-324   156-546 (656)
      90 UniRef100_A0A077Z2H9 Putative  100.0 1.8E-45 1.8E-51  300.6   0.0  280   28-323    73-398 (477)
      91 tr|A0A146NR64|A0A146NR64_FUNHE 100.0 1.8E-45 1.8E-51  289.7   0.0  290   24-318   117-417 (449)
      92 UniRef100_A0A6J8CLU9 HCRTR2 n= 100.0 1.8E-45 1.8E-51  290.4   0.0  282   24-324    50-361 (422)
      93 UniRef100_A0A1S3H6K0 neuropept 100.0   2E-45 1.9E-51  303.9   0.0  285   24-323    54-359 (470)
      94 UniRef100_A0A1I8HKX2 G_PROTEIN 100.0 2.2E-45 2.2E-51  295.2   0.0  276   25-327    39-417 (442)
      95 UniRef100_A0A087X575 NPY-Y2 re 100.0 2.3E-45 2.3E-51  292.1   0.0  279   25-321    72-371 (426)
      96 UniRef100_A0A060X360 G_PROTEIN 100.0 2.3E-45 2.3E-51  293.7   0.0  280   26-323    99-390 (477)
      97 UniRef100_UPI00167F7E73 formyl 100.0 2.3E-45 2.4E-51  278.5   0.0  340    1-340   119-458 (467)
      98 UniRef100_A0A061A7W5 G_PROTEIN 100.0 2.4E-45 2.4E-51  299.5   0.0  273   25-321    60-358 (473)
      99 UniRef100_A0A087UNN0 Neuropept 100.0 2.7E-45 2.7E-51  293.6   0.0  275   25-317    92-387 (470)
     100 tr|L7LZ94|L7LZ94_9ACAR Putativ 100.0 2.7E-45 2.7E-51  287.2   0.0  282   24-323   100-394 (438)
     101 UniRef100_A0A2B4RGU4 5-hydroxy 100.0 2.9E-45 2.8E-51  306.5   0.0  276   24-321    63-370 (478)
     102 UniRef100_A0A0P7U357 Apelin re 100.0 2.9E-45 2.8E-51  289.3   0.0  284   24-325    55-347 (401)
     103 UniRef100_A0A060W714 Chemokine 100.0 2.9E-45 2.9E-51  300.2   0.0  289   23-330   118-406 (510)
     104 UniRef100_A0A2G8KL37 Cholecyst 100.0 2.9E-45 2.9E-51  293.7   0.0  281   27-324    99-433 (493)
     105 tr|A0A091CRU0|A0A091CRU0_FUKDA 100.0   3E-45   3E-51  305.7   0.0  284   25-324   407-695 (720)
     106 UniRef100_A0A1V9XU68 Tyramine/ 100.0 3.2E-45 3.2E-51  292.8   0.0  277   23-324    49-356 (408)
     107 UniRef100_A0A3M6U5X4 G_PROTEIN 100.0 3.3E-45 3.2E-51  282.5   0.0  273   24-320    36-319 (339)
     108 UniRef100_A0A023F3V9 Putative  100.0 3.4E-45 3.4E-51  297.4   0.0  284   24-320   130-422 (574)
     109 UniRef100_A0A2B4SC76 Substance 100.0 3.5E-45 3.4E-51  300.8   0.0  283   23-320    51-351 (461)
     110 tr|A0A0P4XBU7|A0A0P4XBU7_9CRUS 100.0 3.9E-45 3.8E-51  302.1   0.0  283   24-323    58-417 (557)
     111 UniRef100_A0A060YTK2 Uncharact 100.0 4.3E-45 4.3E-51  285.8   0.0  287   24-320    82-377 (447)
     112 UniRef100_A0A023F668 Putative  100.0 4.5E-45 4.5E-51  291.0   0.0  279   23-321    82-377 (484)
     113 UniRef100_A0A060WEJ5 G_PROTEIN 100.0 4.7E-45 4.7E-51  301.3   0.0  273   26-323   113-458 (544)
     114 UniRef100_A0A0L8I0T4 G_PROTEIN 100.0 4.9E-45 4.9E-51  297.0   0.0  275   26-322   133-497 (554)
     115 tr|A0A1W4YH71|A0A1W4YH71_9TELE 100.0   5E-45   5E-51  287.0   0.0  306   23-330    73-386 (410)
     116 tr|A0A1V4J9T1|A0A1V4J9T1_PATFA 100.0   5E-45 5.1E-51  283.0   0.0  282   23-324    65-358 (461)
     117 UniRef100_A0A2G8JR46 Putative  100.0 6.2E-45   6E-51  297.6   0.0  268   31-321    67-356 (411)
     118 UniRef100_A0A2B4S0J6 Somatosta 100.0 6.5E-45 6.3E-51  304.1   0.0  278   24-318    81-376 (457)
     119 tr|A0A091DWF1|A0A091DWF1_FUKDA 100.0 6.5E-45 6.6E-51  283.9   0.0  277   26-321   156-441 (483)
     120 UniRef100_A0A3M6T6P4 G_PROTEIN 100.0 6.9E-45 6.8E-51  294.8   0.0  282   27-323    56-356 (465)
     121 UniRef100_A0A2B4R9G2 Melatonin 100.0 7.6E-45 7.3E-51  304.0   0.0  276   24-323    78-368 (461)
     122 UniRef100_A0A060WWU7 G_PROTEIN 100.0 8.2E-45 8.3E-51  292.7   0.0  274   26-323    68-384 (545)
     123 UniRef100_A0A060WGF3 B2 bradyk 100.0 9.4E-45 9.2E-51  304.5   0.0  288   22-321   155-451 (589)
     124 UniRef100_A0A034WDF0 Allatosta 100.0 9.9E-45 9.8E-51  294.9   0.0  277   24-319    93-383 (459)
     125 tr|A0A1W4ZX05|A0A1W4ZX05_9TELE 100.0   1E-44 9.9E-51  292.7   0.0  283   25-323    68-387 (480)
     126 tr|A0A2B4SID7|A0A2B4SID7_STYPI 100.0 1.1E-44   1E-50  295.9   0.0  282   23-321    28-327 (422)
     127 UniRef100_A0A2B4RPR9 Allatosta 100.0 1.1E-44 1.1E-50  296.5   0.0  279   24-318    45-341 (446)
     128 UniRef100_A0A026WK16 Tachykini 100.0 1.1E-44 1.1E-50  298.1   0.0  282   26-322   182-482 (641)
     129 UniRef100_A0A3M6TKX3 G_PROTEIN 100.0 1.1E-44 1.1E-50  292.1   0.0  285   24-323    73-376 (427)
     130 UniRef100_A0A060X1U9 G_PROTEIN 100.0 1.5E-44 1.5E-50  296.9   0.0  272   27-324   139-460 (633)
     131 UniRef100_A0A044T5H8 G_PROTEIN 100.0 1.6E-44 1.6E-50  300.4   0.0  275   26-323   245-570 (693)
     132 UniRef100_A0A2B4RHL7 Galanin r 100.0 1.8E-44 1.8E-50  280.6   0.0  273   25-322    31-311 (406)
     133 UniRef100_A0A060X0R7 Uncharact 100.0 1.9E-44 1.9E-50  276.0   0.0  279   24-321    55-342 (383)
     134 UniRef100_A0A0K0PUH3 Allatotro 100.0 1.9E-44 1.9E-50  284.8   0.0  279   24-323    66-375 (424)
     135 UniRef100_A0A0A1WLH2 Somatosta 100.0   2E-44   2E-50  296.9   0.0  286   23-321   213-507 (667)
     136 tr|A0A147AMP5|A0A147AMP5_FUNHE 100.0 2.2E-44 2.1E-50  301.6   0.0  276   24-326    29-432 (475)
     137 UniRef100_A0A060X0P4 G_PROTEIN 100.0 2.1E-44 2.1E-50  296.2   0.0  284   24-321   136-431 (513)
     138 UniRef100_A0A060WMC3 Alpha-1D  100.0 2.4E-44 2.4E-50  290.3   0.0  272   28-325   112-436 (564)
     139 UniRef100_A0A0B4LHT6 RYamide r 100.0 2.4E-44 2.4E-50  294.4   0.0  280   23-320   111-410 (524)
     140 UniRef100_A0A0K0PUH1 Orphan G- 100.0 2.4E-44 2.4E-50  280.5   0.0  280   24-322    50-349 (413)
     141 UniRef100_A0A2H8TNJ5 Neuropept 100.0 2.5E-44 2.5E-50  290.9   0.0  282   26-323   155-455 (528)
     142 UniRef100_A0A1V4KIE8 Beta-1 ad 100.0 2.9E-44 2.7E-50  308.4   0.0  269   32-321    35-349 (512)
     143 UniRef100_A0A061ACA9 G_PROTEIN 100.0   3E-44   3E-50  299.0   0.0  276   26-315    95-373 (513)
     144 tr|A0A2B4SUH3|A0A2B4SUH3_STYPI 100.0 3.1E-44 3.1E-50  285.7   0.0  282   25-324    24-334 (385)
     145 UniRef100_A0A091DLS9 Chemokine 100.0 3.1E-44 3.1E-50  285.6   0.0  299   24-329   175-479 (511)
     146 UniRef100_A0A060VNF4 G_PROTEIN 100.0 3.2E-44 3.2E-50  293.9   0.0  291   25-320   129-430 (566)
     147 UniRef100_A0A210QT45 G-protein 100.0 3.2E-44 3.2E-50  285.2   0.0  282   25-323    57-359 (472)
     148 UniRef100_A0A6G8J3P5 Melanin-c 100.0 3.7E-44 3.8E-50  282.1   0.0  281   24-321    59-351 (460)
     149 UniRef100_A0A1L8HHP3 G_PROTEIN 100.0   4E-44   4E-50  278.8   0.0  288   25-321    44-339 (370)
     150 UniRef100_A0A087YSJ5 C5a anaph 100.0 4.1E-44   4E-50  294.7   0.0  293   23-329    96-388 (474)
     151 UniRef100_A0A2B4SVS8 Neuropept 100.0 4.1E-44   4E-50  295.2   0.0  281   23-322    85-383 (480)
     152 tr|A0A1D2NMB6|A0A1D2NMB6_ORCCI 100.0 4.1E-44 4.1E-50  288.4   0.0  288   26-327   151-456 (520)
     153 UniRef100_A0A060XP11 G_PROTEIN 100.0 4.2E-44 4.1E-50  292.0   0.0  272   26-321    90-392 (497)
     154 UniRef100_A0A059ZY04 Angiotens 100.0 4.2E-44 4.2E-50  297.4   0.0  286   25-322   167-455 (546)
     155 UniRef100_A0A060WAG3 G_PROTEIN 100.0 4.4E-44 4.4E-50  290.5   0.0  275   26-324   122-502 (550)
     156 UniRef100_A0A1D1VDY3 G_PROTEIN 100.0 4.5E-44 4.5E-50  292.5   0.0  298   24-324   131-449 (557)
     157 tr|A0A146TP77|A0A146TP77_FUNHE 100.0 4.6E-44 4.5E-50  299.8   0.0  276   26-325    46-427 (522)
     158 tr|A0A182G4E1|A0A182G4E1_AEDAL 100.0 4.6E-44 4.6E-50  291.6   0.0  283   22-324    63-373 (534)
     159 UniRef100_A0A0D9R0U9 Apelin re 100.0 5.3E-44 5.3E-50  284.1   0.0  292   25-321    60-363 (482)
     160 tr|A0A146ZV71|A0A146ZV71_FUNHE 100.0 5.5E-44 5.3E-50  294.5   0.0  288   25-326    28-315 (451)
     161 UniRef100_A0A060W161 G_PROTEIN 100.0 5.5E-44 5.3E-50  304.2   0.0  284   25-320   167-454 (574)
     162 UniRef100_A0A2B4S7A4 Alpha-1A  100.0 5.7E-44 5.6E-50  284.2   0.0  260   24-322    37-310 (392)
     163 tr|W4Z2N2|W4Z2N2_STRPU Unchara 100.0 6.3E-44 6.3E-50  276.0   0.0  283   23-322    53-353 (406)
     164 UniRef100_A0A060XC03 Beta-2 ad 100.0 6.5E-44 6.5E-50  287.8   0.0  276   25-320   101-412 (548)
     165 tr|A0A1D1UXI1|A0A1D1UXI1_RAMVA 100.0 7.3E-44 7.3E-50  284.8   0.0  281   24-323    79-377 (499)
     166 tr|A0A2B4SAJ4|A0A2B4SAJ4_STYPI 100.0 7.5E-44 7.4E-50  285.8   0.0  284   25-317    27-329 (434)
     167 UniRef100_A0A060VP48 G_PROTEIN 100.0 7.7E-44 7.5E-50  301.6   0.0  279   25-320   153-449 (580)
     168 UniRef100_A0A1S3IX78 RYamide r 100.0 7.6E-44 7.6E-50  283.2   0.0  283   23-323    50-350 (444)
     169 UniRef100_A0A1D1V5S1 G_PROTEIN 100.0 7.9E-44 7.9E-50  284.5   0.0  275   24-323    54-361 (484)
     170 UniRef100_A0A3M6TPP0 G_PROTEIN 100.0 8.9E-44 8.7E-50  288.8   0.0  280   24-321    48-354 (424)
     171 UniRef100_A0A6P4YBA8 delta-typ 100.0 9.6E-44 9.5E-50  282.3   0.0  284   25-324    49-342 (406)
     172 UniRef100_A0A7M7HFU8 G_PROTEIN 100.0   1E-43 9.7E-50  291.1   0.0  273   26-320    64-363 (423)
     173 UniRef100_A0A6P8IFK2 neuromedi 100.0   1E-43 9.9E-50  277.8   0.0  306    1-325     1-325 (363)
     174 UniRef100_A0A061IN14 NK-3 rece 100.0   1E-43   1E-49  295.1   0.0  277   29-324   236-526 (662)
     175 UniRef100_A0A024R2Q0 Chemokine 100.0 1.1E-43   1E-49  290.6   0.0  285   26-321   156-443 (499)
     176 UniRef100_A0A3B4VB96 Beta-2 ad 100.0 1.1E-43 1.1E-49  282.7   0.0  274   26-320    52-360 (464)
     177 UniRef100_A0A0K0PUK8 FMRFamide 100.0 1.2E-43 1.2E-49  294.0   0.0  277   27-318    59-350 (471)
     178 tr|S7PUA8|S7PUA8_MYOBR C-C che 100.0 1.2E-43 1.2E-49  293.5   0.0  284   25-321   281-566 (603)
     179 tr|A0A0N8JZL4|A0A0N8JZL4_9TELE 100.0 1.3E-43 1.3E-49  284.0   0.0  279   27-323   105-414 (482)
     180 tr|A0A226PQD6|A0A226PQD6_COLVI 100.0 1.3E-43 1.3E-49  294.4   0.0  301   24-326     5-306 (658)
     181 UniRef100_A0A0L8GIM4 G_PROTEIN 100.0 1.3E-43 1.3E-49  295.1   0.0  276   26-320    96-394 (481)
     182 tr|A0A1A8LLP2|A0A1A8LLP2_9TELE 100.0 1.3E-43 1.3E-49  280.2   0.0  274   27-323    94-399 (455)
     183 UniRef100_A0A0K0PUH0 Orphan G- 100.0 1.6E-43 1.5E-49  297.8   0.0  273   27-316   137-468 (583)
     184 UniRef100_A0A076YJT8 Chemokine 100.0 1.6E-43 1.6E-49  287.6   0.0  285   26-324   160-447 (493)
     185 UniRef100_A0A084VLD5 AGAP00422 100.0 1.6E-43 1.7E-49  290.3   0.0  271   27-323   244-597 (695)
     186 tr|A0A2B4SKI0|A0A2B4SKI0_STYPI 100.0 1.9E-43 1.9E-49  287.0   0.0  276   24-317    95-394 (458)
     187 UniRef100_A0A087UP46 5-hydroxy 100.0 1.9E-43 1.9E-49  282.6   0.0  269   28-321    47-400 (472)
     188 UniRef100_A0A7M7SYV2 G_PROTEIN 100.0 1.9E-43 1.9E-49  290.7   0.0  267   31-324    72-401 (630)
     189 UniRef100_A0A226DFM2 Neuropept 100.0 2.1E-43 2.1E-49  285.6   0.0  280   25-320   104-402 (523)
     190 UniRef100_A0A2G8KMT5 G_PROTEIN 100.0 2.2E-43 2.2E-49  280.6   0.0  265   28-320    38-326 (402)
     191 UniRef100_A0A2B4RHY9 Pyrogluta 100.0 2.4E-43 2.3E-49  294.9   0.0  275   25-321    80-371 (455)
     192 UniRef100_A0A060VPX8 G_PROTEIN 100.0 2.4E-43 2.3E-49  301.3   0.0  283   27-321   133-418 (527)
     193 tr|A0A232F0R3|A0A232F0R3_9HYME 100.0 2.4E-43 2.4E-49  277.1   0.0  294   24-323   101-425 (458)
     194 tr|A0A0P7V5N2|A0A0P7V5N2_9TELE 100.0 2.5E-43 2.5E-49  281.1   0.0  268   33-321    97-401 (468)
     195 UniRef100_A0A0P0YUU8 Cannabino 100.0 2.5E-43 2.5E-49  284.4   0.0  281   29-325    85-421 (496)
     196 tr|A0A0L0BYA7|A0A0L0BYA7_LUCCU 100.0 2.5E-43 2.6E-49  286.7   0.0  272   25-321   309-626 (678)
     197 UniRef100_A0A6P4ZPQ5 G-protein 100.0 2.6E-43 2.6E-49  272.9   0.0  281   22-319    38-327 (420)
     198 tr|A0A287CUD4|A0A287CUD4_ICTTR 100.0 2.8E-43 2.8E-49  277.3   0.0  274   25-323    17-309 (478)
     199 ERR1719361_2001115             100.0 2.9E-43 2.9E-49  280.8   0.0  291   24-321    22-324 (415)
     200 UniRef100_A0A060VV87 Kappa-typ 100.0   3E-43   3E-49  284.5   0.0  276   28-320   192-476 (586)
     201 UniRef100_A0A096NAQ2 Cholecyst 100.0 3.1E-43 3.1E-49  288.5   0.0  277   27-320   151-500 (617)
     202 tr|A0A1I8MQS0|A0A1I8MQS0_MUSDO 100.0 3.2E-43 3.2E-49  291.5   0.0  286   23-322   146-440 (572)
     203 UniRef100_UPI000B911B64 melato 100.0 3.4E-43 3.3E-49  284.0   0.0  273   25-322    27-345 (381)
     204 UniRef100_A0A0H3YI86 Pyrokinin 100.0 3.5E-43 3.5E-49  290.9   0.0  279   27-323    84-400 (510)
     205 tr|T1KPP2|T1KPP2_TETUR Unchara 100.0 3.7E-43 3.7E-49  281.7   0.0  278   25-322   150-437 (477)
     206 UniRef100_A0A2B4SJE7 Orexin re 100.0 3.7E-43 3.7E-49  287.2   0.0  280   25-320   133-430 (517)
     207 tr|A0A218UP03|A0A218UP03_9PASE 100.0 3.7E-43 3.8E-49  297.8   0.0  284   25-320   788-1073(1110)
     208 UniRef100_A0A0L7KZ56 Neuropept 100.0 3.8E-43 3.8E-49  284.3   0.0  277   24-319    84-383 (509)
     209 UniRef100_A0A026WIP6 Cholecyst 100.0 4.1E-43   4E-49  295.9   0.0  286   24-325   168-533 (636)
     210 UniRef100_A0A060VTR1 G_PROTEIN 100.0 4.2E-43 4.2E-49  287.1   0.0  272   27-324   120-443 (619)
     211 UniRef100_A0A087XT11 Alpha-1B  100.0 4.2E-43 4.2E-49  283.8   0.0  271   29-325    82-408 (622)
     212 UniRef100_A0A2B4SYG2 5-hydroxy 100.0 4.4E-43 4.4E-49  275.4   0.0  266   28-319    31-314 (376)
     213 UniRef100_A0A1J1I7G5 CLUMA_CG0 100.0 4.4E-43 4.5E-49  281.5   0.0  282   26-321    76-373 (500)
     214 tr|A0A1W2W3E6|A0A1W2W3E6_CIOIN 100.0 4.5E-43 4.6E-49  278.6   0.0  279   24-321    55-351 (487)
     215 tr|A0A146YGA5|A0A146YGA5_FUNHE 100.0 4.9E-43 4.8E-49  291.7   0.0  276   26-323    30-342 (521)
     216 tr|A0A2B4RXD1|A0A2B4RXD1_STYPI 100.0 5.2E-43 5.2E-49  275.9   0.0  280   23-323    90-382 (416)
     217 UniRef100_A0A068WVN8 Biogenic  100.0 5.4E-43 5.4E-49  294.7   0.0  275   26-323   120-509 (641)
     218 UniRef100_A0A0P5DAK4 Orexin re 100.0 5.8E-43 5.8E-49  282.2   0.0  275   26-321   106-430 (505)
     219 UniRef100_A0A060X7S9 B2 bradyk 100.0 6.1E-43   6E-49  285.0   0.0  284   28-323   115-407 (491)
     220 tr|A0A2B4S4U3|A0A2B4S4U3_STYPI 100.0 6.1E-43 6.2E-49  267.7   0.0  286   27-330    26-331 (359)
     221 UniRef100_A0A0L8I310 G_PROTEIN 100.0 6.6E-43 6.5E-49  286.3   0.0  277   28-320    47-367 (468)
     222 UniRef100_A0A3B4UE11 Si:zfos-1 100.0 6.4E-43 6.5E-49  271.1   0.0  280   24-324    63-353 (441)
     223 UniRef100_A0A0L8H201 G_PROTEIN 100.0   7E-43 7.1E-49  275.1   0.0  281   25-321    84-382 (461)
     224 tr|I3KRG5|I3KRG5_ORENI FGFR1 o 100.0 7.2E-43 7.1E-49  283.6   0.0  287   26-322   147-450 (489)
     225 tr|A0A060X5F3|A0A060X5F3_ONCMY 100.0 7.2E-43 7.1E-49  299.7   0.0  287   26-323   414-704 (840)
     226 tr|M3ZYH7|M3ZYH7_XIPMA Unchara 100.0 7.3E-43 7.2E-49  276.9   0.0  286   24-320    83-372 (397)
     227 UniRef100_A0A023F452 Putative  100.0 7.7E-43 7.7E-49  290.0   0.0  274   26-323   139-540 (660)
     228 UniRef100_A0A0S1YDA0 Neuropept 100.0 8.1E-43 8.1E-49  284.7   0.0  284   26-323    94-394 (509)
     229 UniRef100_A0A0N0PF28 Orexin re 100.0 8.3E-43 8.3E-49  285.5   0.0  274   26-320   136-458 (588)
     230 UniRef100_A0A401NJB3 G_PROTEIN 100.0 8.3E-43 8.4E-49  280.9   0.0  271   30-321    45-359 (517)
     231 tr|A0A0P7U0M1|A0A0P7U0M1_9TELE 100.0 8.3E-43 8.4E-49  272.0   0.0  279   26-323   101-413 (440)
     232 tr|A0A146PN09|A0A146PN09_FUNHE 100.0 8.8E-43 8.4E-49  291.0   0.0  288   24-325    37-399 (432)
     233 UniRef100_A0A023ETT6 Putative  100.0 8.4E-43 8.5E-49  282.5   0.0  282   26-320   153-445 (612)
     234 UniRef100_A7RGN9 Predicted pro 100.0 8.7E-43 8.6E-49  267.7   0.0  275   23-322    27-315 (317)
     235 UniRef100_A0A3M6UAU0 G_PROTEIN 100.0 8.8E-43 8.8E-49  284.7   0.0  276   26-320    35-328 (552)
     236 UniRef100_A0A0N7ZAP9 G_PROTEIN 100.0 9.2E-43 9.1E-49  280.2   0.0  280   25-325    75-370 (421)
     237 tr|A0A060XRS0|A0A060XRS0_ONCMY 100.0 9.1E-43 9.3E-49  292.2   0.0  273   27-325    56-379 (900)
     238 UniRef100_A0A084WIC4 Short neu 100.0 9.7E-43 9.7E-49  283.0   0.0  279   24-321    90-386 (551)
     239 tr|L9JWP3|L9JWP3_TUPCH C-C che 100.0 9.8E-43 9.8E-49  292.1   0.0  282   25-323   386-671 (702)
     240 UniRef100_A0A0L8HHE2 G_PROTEIN 100.0   1E-42 9.9E-49  277.4   0.0  278   31-323     5-301 (385)
     241 UniRef100_A0A4D9EQQ5 Enolase-l 100.0 9.8E-43   1E-48  266.8   0.0  279   23-320   143-430 (472)
     242 UniRef100_A0A068WKU9 Neuropept 100.0   1E-42   1E-48  279.3   0.0  276   25-319    71-365 (451)
     243 UniRef100_A0A0A7KUZ5 Opsin 5 n 100.0 1.1E-42 1.1E-48  280.6   0.0  275   25-319    51-342 (407)
     244 UniRef100_A0A067RDC3 Prolactin 100.0 1.1E-42 1.1E-48  282.0   0.0  279   22-320    60-355 (541)
     245 UniRef100_A0A0N1PGA0 Octopamin 100.0 1.2E-42 1.1E-48  284.7   0.0  273   25-321   106-492 (547)
     246 tr|A0A147AXX1|A0A147AXX1_FUNHE 100.0 1.1E-42 1.1E-48  273.9   0.0  288   21-320    32-328 (490)
     247 UniRef100_A0A2B4SQU8 Orexin re 100.0 1.2E-42 1.2E-48  268.8   0.0  282   27-326    37-351 (370)
     248 UniRef100_A0A6F9DEB9 5-hydroxy 100.0 1.3E-42 1.3E-48  281.2   0.0  272   22-320    51-358 (426)
     249 UniRef100_A0A210QHM7 G-protein 100.0 1.3E-42 1.3E-48  282.4   0.0  281   27-324    80-378 (492)
     250 UniRef100_A0A2B4SUJ0 Melatonin 100.0 1.4E-42 1.4E-48  276.5   0.0  275   27-323    28-316 (399)
     251 UniRef100_A0A3M6UME8 G_PROTEIN 100.0 1.5E-42 1.5E-48  275.8   0.0  271   23-317    36-320 (383)
     252 tr|A0A0K0PUV0|A0A0K0PUV0_PLADU 100.0 1.5E-42 1.5E-48  272.9   0.0  300   25-350    14-370 (373)
     253 tr|A7RYQ3|A7RYQ3_NEMVE Predict 100.0 1.5E-42 1.5E-48  278.6   0.0  276   24-325    49-339 (367)
     254 UniRef100_A0A193KU97 GCR058 n= 100.0 1.5E-42 1.5E-48  269.8   0.0  278   27-320    26-330 (379)
     255 UniRef100_A0A0N0PEL7 Tachykini 100.0 1.5E-42 1.5E-48  276.7   0.0  283   27-323    56-356 (454)
     256 UniRef100_A0A084WFJ7 AGAP00011 100.0 1.5E-42 1.5E-48  282.9   0.0  269   25-315    86-374 (519)
     257 tr|A0A218UWX7|A0A218UWX7_9PASE 100.0 1.6E-42 1.6E-48  277.7   0.0  281   25-324    39-343 (474)
     258 UniRef100_A0A1D2M255 Somatosta 100.0 1.6E-42 1.6E-48  268.0   0.0  283   26-326    35-328 (382)
     259 tr|A0A1D2MSE1|A0A1D2MSE1_ORCCI 100.0 1.6E-42 1.6E-48  289.1   0.0  280   25-323   109-408 (615)
     260 UniRef100_A0A6P3IMR0 somatosta 100.0 1.6E-42 1.7E-48  271.7   0.0  277   27-319   198-483 (524)
     261 tr|W4YJK4|W4YJK4_STRPU Unchara 100.0 1.7E-42 1.7E-48  279.3   0.0  274   26-324    69-372 (446)
     262 UniRef100_A0A6P8HUK6 melatonin 100.0 1.7E-42 1.7E-48  267.4   0.0  282   21-325    22-324 (374)
     263 UniRef100_A0A060VWI9 G_PROTEIN 100.0 1.7E-42 1.7E-48  282.4   0.0  270   31-320    65-393 (579)
     264 UniRef100_A0A3M6TAE6 G_PROTEIN 100.0 1.8E-42 1.8E-48  278.8   0.0  260   26-320    91-367 (443)
     265 UniRef100_A0A0K0PUK6 Orphan G- 100.0 1.8E-42 1.8E-48  273.2   0.0  291   28-324    68-376 (448)
     266 UniRef100_A0A091JZ06 Chemokine 100.0 1.8E-42 1.8E-48  270.4   0.0  306   24-350    63-368 (371)
     267 tr|A0A1I8PG61|A0A1I8PG61_STOCA 100.0 1.9E-42 1.9E-48  289.0   0.0  287   23-321   296-592 (716)
     268 UniRef100_A0A6P4Z684 G-protein 100.0 1.9E-42 1.9E-48  272.3   0.0  286   22-324    47-349 (425)
     269 UniRef100_A0A016SJ65 Thyrolibe 100.0   2E-42 1.9E-48  284.1   0.0  275   25-319    82-394 (479)
     270 tr|L5M4Z9|L5M4Z9_MYODS C-C che 100.0   2E-42   2E-48  278.4   0.0  282   29-321   272-555 (590)
     271 tr|A0A1U7TSJ4|A0A1U7TSJ4_TARSY 100.0   2E-42   2E-48  278.9   0.0  282   26-324   212-521 (600)
     272 tr|B4JN40|B4JN40_DROGR GH24210 100.0   2E-42   2E-48  274.3   0.0  276   27-319   117-406 (436)
     273 tr|A0A1S3FYW5|A0A1S3FYW5_DIPOR 100.0 2.1E-42 2.1E-48  264.5   0.0  281   26-324    69-361 (385)
     274 UniRef100_A0A6F9DUB2 Somatosta 100.0 2.2E-42 2.2E-48  273.8   0.0  283   26-319    62-351 (467)
     275 UniRef100_A0A210QSD7 Octopamin 100.0 2.4E-42 2.4E-48  280.5   0.0  276   23-324    54-419 (423)
     276 UniRef100_A0A3M6TV84 G_PROTEIN 100.0 2.4E-42 2.4E-48  276.3   0.0  273   26-322    45-338 (405)
     277 UniRef100_A0A023FH63 Putative  100.0 2.4E-42 2.4E-48  284.6   0.0  270   26-321   125-440 (563)
     278 UniRef100_A0A1S3J8T4 5-hydroxy 100.0 2.5E-42 2.5E-48  280.6   0.0  278   26-323   100-398 (468)
     279 tr|A0A210R0K7|A0A210R0K7_MIZYE 100.0 2.6E-42 2.6E-48  273.1   0.0  287   23-326    70-430 (470)
     280 UniRef100_A0A2B4RFH8 Neuropept 100.0 2.9E-42 2.8E-48  287.8   0.0  286   25-322    63-367 (439)
     281 UniRef100_A0A7M7HKI1 G_PROTEIN 100.0 2.9E-42 2.9E-48  278.4   0.0  273   32-324    45-338 (418)
     282 tr|A0A1S3IXU4|A0A1S3IXU4_LINUN 100.0 2.9E-42 2.9E-48  272.1   0.0  278   25-324    56-348 (440)
     283 UniRef100_A0A067RG65 Neuropept 100.0   3E-42   3E-48  278.5   0.0  279   26-319    87-392 (509)
     284 UniRef100_A0A3M6T8F5 G_PROTEIN 100.0 3.1E-42   3E-48  291.3   0.0  279   24-322    99-396 (523)
     285 UniRef100_A0A061IAU9 Gastric r 100.0   3E-42 3.1E-48  279.8   0.0  276   24-324   112-409 (588)
     286 UniRef100_A0A068YA15 Neuropept 100.0 3.1E-42 3.1E-48  278.5   0.0  283   27-321    73-395 (510)
     287 tr|A0A0P6IZB8|A0A0P6IZB8_9CRUS 100.0 3.1E-42 3.1E-48  278.2   0.0  281   25-323   201-496 (559)
     288 tr|A0A2B4RSD1|A0A2B4RSD1_STYPI 100.0 3.3E-42 3.2E-48  283.8   0.0  280   22-325    46-385 (430)
     289 tr|S7MFC9|S7MFC9_MYOBR Coiled- 100.0 3.4E-42 3.4E-48  291.8   0.0  294   23-329   648-942 (970)
     290 UniRef100_A0A060W5H6 G_PROTEIN 100.0 3.5E-42 3.4E-48  285.3   0.0  275   26-319    86-385 (528)
     291 UniRef100_A0A060VWE3 G_PROTEIN 100.0 3.6E-42 3.4E-48  290.9   0.0  281   25-318   144-429 (542)
     292 tr|A0A1A9ZAD8|A0A1A9ZAD8_GLOPL 100.0 3.5E-42 3.5E-48  276.2   0.0  281   27-321   123-421 (574)
     293 tr|K7GCC3|K7GCC3_PELSI Adrenoc 100.0 3.5E-42 3.5E-48  272.6   0.0  271   30-321    45-363 (488)
     294 UniRef100_UPI001560367F G-prot 100.0 3.5E-42 3.6E-48  256.2   0.0  289   23-330    25-315 (333)
     295 tr|A7S585|A7S585_NEMVE Predict 100.0 3.7E-42 3.6E-48  272.6   0.0  288   24-326    22-330 (374)
     296 tr|A0A0L8FIS6|A0A0L8FIS6_OCTBM 100.0 3.7E-42 3.7E-48  275.5   0.0  275   29-322    93-421 (485)
     297 UniRef100_A0A2B4SID7 Neuropept 100.0 3.8E-42 3.8E-48  277.8   0.0  282   23-321    78-379 (462)
     298 UniRef100_A0A026W4S0 Neuromedi 100.0 3.8E-42 3.8E-48  284.1   0.0  281   29-324    76-391 (604)
     299 UniRef100_A0A146M155 Neuropept 100.0 3.9E-42 3.9E-48  278.0   0.0  277   28-319    55-360 (488)
     300 UniRef100_A0A087YQK7 Adrenocep 100.0 4.1E-42 4.1E-48  281.4   0.0  270   31-321   134-451 (617)
     301 tr|A0A2B4S6X2|A0A2B4S6X2_STYPI 100.0 4.4E-42 4.3E-48  267.5   0.0  273   30-324    27-326 (379)
     302 tr|A0A0P5PA10|A0A0P5PA10_9CRUS 100.0 4.4E-42 4.5E-48  281.6   0.0  279   26-319   146-443 (705)
     303 tr|A0A1S3L0J1|A0A1S3L0J1_SALSA 100.0 4.5E-42 4.5E-48  276.1   0.0  271   27-323    76-407 (533)
     304 UniRef100_A0A0L8FP69 G_PROTEIN 100.0 4.6E-42 4.6E-48  271.2   0.0  280   29-321    51-341 (488)
     305 UniRef100_A0A0K0PUX3 Orphan G- 100.0 4.8E-42 4.7E-48  281.8   0.0  273   25-322    59-351 (419)
     306 tr|A0A1A8EW90|A0A1A8EW90_9TELE 100.0 4.9E-42 4.9E-48  269.8   0.0  280   24-319    42-331 (444)
     307 tr|A0A060W714|A0A060W714_ONCMY 100.0   5E-42   5E-48  265.7   0.0  291   25-334    54-345 (363)
     308 UniRef100_A0A6P8HVR8 galanin r 100.0 5.4E-42 5.4E-48  269.3   0.0  282   21-320    17-319 (381)
     309 UniRef100_A0A060X6T3 G_PROTEIN 100.0 5.4E-42 5.4E-48  277.2   0.0  270   29-324    92-416 (550)
     310 tr|K1QHX9|K1QHX9_CRAGI Somatos 100.0 5.7E-42 5.6E-48  276.3   0.0  284   22-320    44-338 (456)
     311 tr|A0A2H1W6Q0|A0A2H1W6Q0_SPOFR 100.0 5.7E-42 5.7E-48  275.2   0.0  280   24-322    68-364 (466)
     312 UniRef100_A0A061QLL1 Putative  100.0   6E-42   6E-48  273.9   0.0  271   26-321    45-421 (424)
     313 tr|B4KC34|B4KC34_DROMO Unchara 100.0 6.4E-42 6.4E-48  284.7   0.0  282   25-320   191-491 (670)
     314 UniRef100_A0A087U880 Neuropept 100.0 6.5E-42 6.5E-48  272.2   0.0  276   24-319    66-361 (401)
     315 tr|A0A0V1MVC7|A0A0V1MVC7_9BILA 100.0 6.5E-42 6.5E-48  280.9   0.0  287   25-325    79-382 (598)
     316 UniRef100_A0A026WC04 Dopamine  100.0 6.5E-42 6.6E-48  269.9   0.0  271   26-322    77-398 (468)
     317 tr|W5JTF9|W5JTF9_ANODA Somatos 100.0 6.6E-42 6.7E-48  275.1   0.0  287   25-324    53-350 (526)
     318 tr|W5MC67|W5MC67_LEPOC Pyroglu 100.0 6.8E-42 6.8E-48  267.9   0.0  286   25-325    52-363 (441)
     319 tr|A0A0P7TYE1|A0A0P7TYE1_9TELE 100.0 6.8E-42 6.8E-48  274.1   0.0  279   25-321   122-473 (507)
     320 UniRef100_A0A026WCQ7 Tyramine  100.0   7E-42 6.9E-48  292.2   0.0  270   27-324   184-590 (665)
     321 UniRef100_A0A6S7JE64 Neuropept 100.0 7.1E-42 7.1E-48  272.5   0.0  281   22-323    30-323 (412)
     322 tr|A0A0S1YD80|A0A0S1YD80_CHISP 100.0 7.1E-42 7.1E-48  274.7   0.0  277   26-323   164-466 (513)
     323 UniRef100_A0A026W4F0 Octopamin 100.0 7.1E-42 7.2E-48  269.7   0.0  274   26-323    55-394 (445)
     324 tr|A0A210QT45|A0A210QT45_MIZYE 100.0 7.2E-42 7.3E-48  262.1   0.0  276   25-318    36-338 (395)
     325 UniRef100_A0A060ILH2 Neuromedi 100.0 7.3E-42 7.4E-48  279.4   0.0  283   27-324   177-480 (606)
     326 UniRef100_A0A087QH91 Melanopsi 100.0 7.6E-42 7.6E-48  283.6   0.0  276   27-321   104-399 (629)
     327 tr|E6ZEU6|E6ZEU6_DICLA Neurome 100.0 8.3E-42 8.2E-48  275.7   0.0  283   26-323    88-396 (461)
     328 tr|A0A182L9N8|A0A182L9N8_9DIPT 100.0 8.4E-42 8.3E-48  276.5   0.0  283   26-323    88-384 (490)
     329 tr|A0A2B4R9G2|A0A2B4R9G2_STYPI 100.0 8.5E-42 8.4E-48  269.5   0.0  279   25-326    59-354 (378)
     330 UniRef100_A0A023F4J9 Putative  100.0 8.7E-42 8.7E-48  282.0   0.0  274   26-323   156-494 (588)
     331 UniRef100_A0A6P4ZN87 somatosta 100.0 8.9E-42 8.9E-48  268.3   0.0  287   24-322    30-329 (391)
     332 tr|A0A0P7V1N0|A0A0P7V1N0_9TELE 100.0 9.2E-42 9.4E-48  265.3   0.0  278   26-318   114-401 (436)
     333 UniRef100_A0A077Z2V7 Neuropept 100.0 9.4E-42 9.4E-48  271.0   0.0  284   25-319    68-373 (451)
     334 tr|A0A2D0SD29|A0A2D0SD29_ICTPU 100.0 9.5E-42 9.5E-48  271.0   0.0  267   28-319     6-306 (420)
     335 UniRef100_A0A2B4SJV4 Galanin r 100.0   1E-41 9.8E-48  282.6   0.0  279   25-323    73-368 (444)
     336 tr|A7SD89|A7SD89_NEMVE Predict 100.0   1E-41   1E-47  259.5   0.0  271   28-323    39-332 (355)
     337 tr|A0A226N2C0|A0A226N2C0_CALSU 100.0   1E-41   1E-47  272.4   0.0  275   25-324   223-523 (569)
     338 tr|A0A0S0WMT8|A0A0S0WMT8_DROME 100.0 1.1E-41 1.1E-47  273.6   0.0  285   23-320   142-435 (593)
     339 tr|A0A139WLV7|A0A139WLV7_TRICA 100.0 1.1E-41 1.1E-47  283.6   0.0  279   24-321   396-697 (792)
     340 UniRef100_A0A067RIW6 G_PROTEIN 100.0 1.1E-41 1.1E-47  284.5   0.0  277   26-325   184-550 (705)
     341 UniRef100_A0A2B4SE17 Substance 100.0 1.1E-41 1.1E-47  284.2   0.0  284   23-320    61-364 (467)
     342 tr|A0A1S3NPB2|A0A1S3NPB2_SALSA 100.0 1.1E-41 1.1E-47  269.2   0.0  277   29-322    42-332 (443)
     343 tr|A0A2B4RR50|A0A2B4RR50_STYPI 100.0 1.2E-41 1.1E-47  268.3   0.0  280   25-324    28-328 (411)
     344 UniRef100_A0A6P8HX63 probable  100.0 1.2E-41 1.2E-47  276.4   0.0  269   27-324    58-363 (407)
     345 tr|A0A146NY53|A0A146NY53_FUNHE 100.0 1.2E-41 1.2E-47  273.9   0.0  270   30-323    10-319 (469)
     346 tr|J9JRI9|J9JRI9_ACYPI Unchara 100.0 1.2E-41 1.2E-47  269.7   0.0  281   26-320    34-332 (490)
     347 UniRef100_F6SEF7 G_PROTEIN_REC 100.0 1.2E-41 1.2E-47  261.5   0.0  282   24-317    38-333 (337)
     348 tr|F7E6B1|F7E6B1_MONDO Tachyki 100.0 1.2E-41 1.3E-47  268.9   0.0  276   29-323    97-386 (475)
     349 tr|A0A091DQD0|A0A091DQD0_FUKDA 100.0 1.2E-41 1.3E-47  271.3   0.0  282   27-322   180-464 (499)
     350 UniRef100_A0A016T103 G_PROTEIN 100.0 1.3E-41 1.3E-47  284.9   0.0  263   34-323   118-477 (605)
     351 tr|A0A0A7RC79|A0A0A7RC79_RHOPR 100.0 1.3E-41 1.3E-47  265.4   0.0  288   25-324    74-376 (404)
     352 UniRef100_A0A0G3Y5J3 Peropsin  100.0 1.3E-41 1.3E-47  271.6   0.0  273   27-319    37-321 (363)
     353 UniRef100_A0A0P6J0T1 Putative  100.0 1.3E-41 1.3E-47  286.8   0.0  280   28-323   104-411 (735)
     354 UniRef100_A0A0G2UQ37 Rhodopsin 100.0 1.3E-41 1.3E-47  273.7   0.0  277   26-321    95-395 (515)
     355 tr|A0A182QHF8|A0A182QHF8_9DIPT 100.0 1.3E-41 1.3E-47  275.0   0.0  281   23-322    97-407 (581)
     356 tr|A0A147AUP2|A0A147AUP2_FUNHE 100.0 1.3E-41 1.3E-47  275.7   0.0  258   28-302   122-388 (482)
     357 tr|A0A147AZW9|A0A147AZW9_FUNHE 100.0 1.4E-41 1.4E-47  283.4   0.0  285   27-327    86-439 (468)
     358 UniRef100_A0A0S1YD99 Neuropept 100.0 1.5E-41 1.5E-47  264.7   0.0  282   28-324    77-375 (423)
     359 UniRef100_A0A0K0PUL2 DH31-like 100.0 1.5E-41 1.5E-47  264.8   0.0  278   26-324    48-336 (375)
     360 UniRef100_A0A087XFV2 5-hydroxy 100.0 1.5E-41 1.5E-47  273.5   0.0  287   25-327    82-402 (493)
     361 tr|A0A212C668|A0A212C668_CEREH 100.0 1.5E-41 1.6E-47  271.7   0.0  273   24-322   217-557 (558)
     362 tr|A0A2B4SNZ1|A0A2B4SNZ1_STYPI 100.0 1.7E-41 1.6E-47  273.3   0.0  277   24-323    29-321 (351)
     363 tr|A0A2B4SSL5|A0A2B4SSL5_STYPI 100.0 1.6E-41 1.6E-47  259.0   0.0  282   24-326    19-314 (344)
     364 UniRef100_A0A061QHX0 Putative  100.0 1.7E-41 1.7E-47  281.9   0.0  270   26-321   132-507 (563)
     365 tr|A0A0D9S2H8|A0A0D9S2H8_CHLSB 100.0 1.8E-41 1.8E-47  267.8   0.0  293   23-329    90-383 (406)
     366 UniRef100_UPI0001CB9B44 somato 100.0 1.8E-41 1.8E-47  255.3   0.0  282   26-323    27-318 (365)
     367 tr|A0A0P7V0U8|A0A0P7V0U8_9TELE 100.0 1.8E-41 1.8E-47  262.6   0.0  279   26-324    85-377 (439)
     368 UniRef100_A0A060WUQ6 G-protein 100.0 1.9E-41 1.9E-47  271.3   0.0  277   26-319   138-426 (502)
     369 tr|A0A147B295|A0A147B295_FUNHE 100.0 1.9E-41 1.9E-47  278.7   0.0  293   23-325   182-475 (508)
     370 tr|A0A232F8D2|A0A232F8D2_9HYME 100.0   2E-41   2E-47  270.3   0.0  280   24-321    69-370 (478)
     371 UniRef100_A0A678XEL8 Trace ami 100.0   2E-41   2E-47  276.2   0.0  276   26-323    55-358 (523)
     372 tr|A7RNV5|A7RNV5_NEMVE Predict 100.0 2.1E-41 2.1E-47  265.0   0.0  283   24-324    29-329 (377)
     373 tr|W8B9D1|W8B9D1_CERCA 5-hydro 100.0 2.1E-41 2.1E-47  275.2   0.0  275   26-323   262-628 (664)
     374 UniRef100_A0A2B4RXD1 Neuropept 100.0 2.2E-41 2.2E-47  273.2   0.0  281   24-325    92-386 (461)
     375 tr|C7SLZ0|C7SLZ0_APLKU Seroton 100.0 2.2E-41 2.2E-47  275.4   0.0  271   25-323    71-426 (485)
     376 UniRef100_A0A3M6UKG3 G_PROTEIN 100.0 2.3E-41 2.3E-47  263.3   0.0  278   24-319    22-319 (378)
     377 UniRef100_A0A1I8FSG9 G_PROTEIN 100.0 2.4E-41 2.4E-47  273.5   0.0  277   26-325   160-509 (576)
     378 tr|A7RKP0|A7RKP0_NEMVE Predict 100.0 2.4E-41 2.4E-47  264.6   0.0  275   27-325     8-311 (350)
     379 UniRef100_A0A3B5MNK7 G_PROTEIN 100.0 2.4E-41 2.5E-47  262.7   0.0  275   27-327    29-354 (455)
     380 UniRef100_A0A060X1T4 G_PROTEIN 100.0 2.5E-41 2.5E-47  278.0   0.0  293   24-320    88-407 (513)
     381 tr|A0A1I8FSG9|A0A1I8FSG9_9PLAT 100.0 2.5E-41 2.6E-47  270.8   0.0  274   29-325   110-452 (550)
     382 tr|A7SIX0|A7SIX0_NEMVE Predict 100.0 2.7E-41 2.7E-47  265.1   0.0  282   24-323    22-320 (403)
     383 AntAceMinimDraft_8_1070364.sca 100.0   3E-41   3E-47  263.5   0.0  283   23-326    34-361 (406)
     384 UniRef100_A0A091R746 Beta-1 ad 100.0   3E-41   3E-47  274.2   0.0  271   30-320   138-451 (572)
     385 tr|V8NTH6|V8NTH6_OPHHA N-arach 100.0 3.1E-41   3E-47  288.9   0.0  288   23-322    25-324 (785)
     386 UniRef100_A0A0Q3PEJ5 Alpha-1B  100.0   3E-41 3.1E-47  273.3   0.0  273   27-325    63-388 (683)
     387 UniRef100_A0A2B4RVY2 Melanopsi 100.0 3.1E-41 3.1E-47  273.3   0.0  280   17-320    53-354 (452)
     388 tr|H2Q292|H2Q292_PANTR Unchara 100.0 3.1E-41 3.1E-47  267.0   0.0  275   26-323    81-405 (492)
     389 tr|A7RRH0|A7RRH0_NEMVE Predict 100.0 3.3E-41 3.3E-47  280.7   0.0  276   24-323    24-317 (700)
     390 UniRef100_A0A060W9S7 Mu-type o 100.0 3.3E-41 3.3E-47  274.0   0.0  279   24-318   150-437 (605)
     391 tr|A0A2B4S1Z5|A0A2B4S1Z5_STYPI 100.0 3.4E-41 3.3E-47  273.3   0.0  264   24-324    23-301 (514)
     392 UniRef100_A0A210PNG3 5-hydroxy 100.0 3.5E-41 3.4E-47  272.9   0.0  277   26-325    65-372 (427)
     393 UniRef100_A0A060VRN9 G_PROTEIN 100.0 3.5E-41 3.5E-47  273.1   0.0  271   24-320   133-429 (496)
     394 UniRef100_UPI000219022F Endoly 100.0 3.5E-41 3.5E-47  266.4   0.0  273   31-323   205-488 (507)
     395 UniRef100_A0A3M6UKX8 G_PROTEIN 100.0 3.6E-41 3.5E-47  278.8   0.0  283   26-321   118-420 (487)
     396 tr|A0A2B4RXA7|A0A2B4RXA7_STYPI 100.0 3.6E-41 3.6E-47  265.0   0.0  250   39-325    16-277 (328)
     397 UniRef100_A0A1B0TJL6 Opsin Gq3 100.0 3.6E-41 3.7E-47  273.7   0.0  276   26-320    71-369 (589)
     398 UniRef100_A0A091P324 G_PROTEIN 100.0 3.6E-41 3.7E-47  255.2   0.0  292   29-330    49-341 (364)
     399 UniRef100_A0A087REY1 NPY-Y2 re 100.0 3.7E-41 3.7E-47  275.0   0.0  281   23-320   183-477 (599)
     400 tr|A0A067RDC3|A0A067RDC3_ZOONE 100.0 3.8E-41 3.8E-47  276.4   0.0  284   23-326    68-368 (506)
     401 UniRef100_A0A026VXG0 Octopamin 100.0 3.9E-41 3.9E-47  281.2   0.0  271   24-318    79-537 (647)
     402 UniRef100_A0A087YRI1 G_PROTEIN 100.0 3.9E-41 3.9E-47  271.7   0.0  268   28-320    82-371 (438)
     403 UniRef100_A0A060WAA0 NK-2 rece 100.0 4.1E-41 4.1E-47  265.4   0.0  283   28-327    74-370 (465)
     404 UniRef100_A0A060W3U5 G_PROTEIN 100.0 4.4E-41 4.3E-47  282.5   0.0  286   25-320   196-488 (591)
     405 tr|F1R2F3|F1R2F3_DANRE Neurope 100.0 4.3E-41 4.3E-47  277.0   0.0  280   24-317   400-688 (731)
     406 tr|G1T869|G1T869_RABIT B2 brad 100.0 4.4E-41 4.4E-47  265.4   0.0  293   20-324   106-409 (446)
     407 UniRef100_A0A1S3IXU9 RYamide r 100.0 4.5E-41 4.6E-47  261.4   0.0  284   24-325    32-334 (438)
     408 UniRef100_A0A0L7QPT9 Green-sen 100.0 4.9E-41 4.8E-47  271.6   0.0  272   25-318    80-359 (445)
     409 UniRef100_A0A6P8IPF1 5-hydroxy 100.0 4.8E-41 4.9E-47  261.8   0.0  279   27-324    58-364 (403)
     410 UniRef100_A0A1I7STM2 (pine woo 100.0   5E-41 4.9E-47  272.2   0.0  285   26-327    80-392 (430)
     411 tr|A0A183W5E7|A0A183W5E7_TRIRE 100.0 4.9E-41   5E-47  267.8   0.0  287   23-324    48-355 (503)
     412 UniRef100_A0A067R841 G_PROTEIN 100.0   5E-41   5E-47  276.3   0.0  284   24-321   104-409 (526)
     413 UniRef100_A0A087YR30 G_PROTEIN 100.0 5.1E-41 5.1E-47  272.7   0.0  278   25-324   100-379 (461)
     414 ERR1719341_586736              100.0 5.1E-41 5.1E-47  271.8   0.0  286   26-321    54-354 (513)
     415 tr|A0A131XUY2|A0A131XUY2_IXORI 100.0 5.1E-41 5.2E-47  266.5   0.0  281   24-320   159-445 (560)
     416 UniRef100_A0A061I5W2 G-protein 100.0 5.2E-41 5.2E-47  265.0   0.0  286   25-324    75-368 (435)
     417 UniRef100_A0A0S1YDA1 Neuropept 100.0 5.3E-41 5.3E-47  268.5   0.0  284   24-323    64-415 (463)
     418 UniRef100_A0A067R4E0 Tachykini 100.0 5.8E-41 5.7E-47  265.8   0.0  276   25-319    48-342 (396)
     419 ERR1719510_236906              100.0 5.8E-41 5.8E-47  278.2   0.0  283   25-326    81-378 (577)
     420 UniRef100_A0A087VAK8 Somatosta 100.0 5.8E-41 5.9E-47  254.3   0.0  282   24-324    59-351 (384)
     421 UniRef100_A0A2S1WLX6 Putative  100.0 6.1E-41 6.1E-47  265.4   0.0  133   33-165    53-187 (475)
     422 UniRef100_A0A6P8H485 beta-2 ad 100.0 6.5E-41 6.4E-47  270.8   0.0  278   25-323    56-360 (411)
     423 UniRef100_A0A060W247 Cholecyst 100.0 6.6E-41 6.5E-47  274.9   0.0  279   26-321   127-476 (563)
     424 tr|A0A1W4X208|A0A1W4X208_AGRPL 100.0 6.6E-41 6.7E-47  264.6   0.0  284   26-323    94-395 (467)
     425 tr|W4Z9U8|W4Z9U8_STRPU Unchara 100.0 6.8E-41 6.9E-47  259.9   0.0  283   23-323   104-413 (434)
     426 SRR6218665_147192              100.0 7.5E-41 7.5E-47  267.2   0.0  283   22-323    96-398 (466)
     427 UniRef100_A0A182H1J6 G_PROTEIN 100.0 7.4E-41 7.5E-47  284.7   0.0  190   28-230   320-512 (1005)
     428 tr|A0A1L8HND2|A0A1L8HND2_XENLA 100.0 7.6E-41 7.6E-47  266.5   0.0  285   26-327   128-433 (452)
     429 UniRef100_A0A0L8FWF7 G_PROTEIN 100.0 8.2E-41 8.1E-47  280.1   0.0  275   26-325    91-550 (576)
     430 tr|A0A147B307|A0A147B307_FUNHE 100.0 8.2E-41 8.3E-47  253.7   0.0  329    1-330    34-370 (391)
     431 UniRef100_A0A060VZU7 G_PROTEIN 100.0 8.4E-41 8.3E-47  275.2   0.0  291   22-320   140-444 (528)
     432 tr|R4J1H6|R4J1H6_SALSA Cholecy 100.0 8.3E-41 8.3E-47  262.9   0.0  281   26-324    46-409 (461)
     433 tr|A0A210QNG6|A0A210QNG6_MIZYE 100.0 8.5E-41 8.5E-47  269.2   0.0  283   24-325    37-343 (498)
     434 UniRef100_A0A1B6HDB2 G_PROTEIN 100.0 8.4E-41 8.5E-47  254.1   0.0  280   30-323    15-308 (360)
     435 tr|A0A151NBW9|A0A151NBW9_ALLMI 100.0 8.5E-41 8.5E-47  268.0   0.0  282   26-324    80-394 (472)
     436 tr|A0A1I8N820|A0A1I8N820_MUSDO 100.0 8.4E-41 8.6E-47  278.4   0.0  273   26-323   304-639 (880)
     437 tr|A0A087YRS5|A0A087YRS5_POEFO 100.0 8.6E-41 8.6E-47  262.0   0.0  277   26-316    57-339 (387)
     438 UniRef100_A0A034WCQ2 Octopamin 100.0 8.6E-41 8.6E-47  277.8   0.0  280   21-326   158-566 (618)
     439 tr|A0A0F8CMC2|A0A0F8CMC2_LARCR 100.0 8.8E-41 8.8E-47  275.0   0.0  293   24-326   335-647 (680)
     440 UniRef100_A0A087YQ33 Atypical  100.0 8.9E-41 8.9E-47  278.1   0.0  284   23-315   218-505 (611)
     441 UniRef100_A0A0K0PUG3 Thyrolibe 100.0 8.9E-41 8.9E-47  275.6   0.0  275   26-320   214-520 (606)
     442 tr|A0A0F8AVG0|A0A0F8AVG0_LARCR 100.0 8.8E-41 8.9E-47  265.9   0.0  275   28-318    57-340 (544)
     443 tr|A0A1A9ZM95|A0A1A9ZM95_GLOPL 100.0   9E-41 9.1E-47  262.8   0.0  285   28-325    96-397 (481)
     444 UniRef100_A0A6A7G2U4 Octopamin 100.0 9.1E-41 9.2E-47  269.8   0.0  274   27-323   171-513 (574)
     445 tr|A7SMQ7|A7SMQ7_NEMVE Predict 100.0   1E-40   1E-46  260.4   0.0  276   26-322    11-303 (358)
     446 UniRef100_A0A091DZ91 Kappa-typ 100.0   1E-40   1E-46  262.1   0.0  277   26-318    74-359 (471)
     447 UniRef100_A0A3M6TEA9 G_PROTEIN 100.0   1E-40   1E-46  270.7   0.0  276   25-320    46-342 (414)
     448 UniRef100_E9HAW0 G_PROTEIN_REC 100.0   1E-40   1E-46  261.5   0.0  275   26-321    64-356 (393)
     449 UniRef100_A0A7M7G1H5 G_PROTEIN 100.0 1.1E-40 1.1E-46  271.9   0.0  271   28-324    39-336 (381)
     450 UniRef100_A0A0P7Y8S7 Nocicepti 100.0 1.1E-40 1.1E-46  260.0   0.0  278   24-318   117-403 (467)
     451 UniRef100_A0A087YR24 Relaxin-3 100.0 1.1E-40 1.1E-46  277.7   0.0  289   25-321   207-515 (647)
     452 tr|U3U4G2|U3U4G2_NILLU Neurope 100.0 1.1E-40 1.1E-46  273.6   0.0  293   28-324    35-352 (496)
     453 tr|A0A1V4J9K1|A0A1V4J9K1_PATFA 100.0 1.1E-40 1.2E-46  279.2   0.0  282   24-324   318-610 (939)
     454 tr|V8NR81|V8NR81_OPHHA Chemoki 100.0 1.2E-40 1.2E-46  292.9   0.0  300   23-324    67-369 (879)
     455 UniRef100_A0A0L8H5P3 G_PROTEIN 100.0 1.2E-40 1.2E-46  269.5   0.0  267   26-319    74-370 (496)
     456 tr|A0A1V4KKE4|A0A1V4KKE4_PATFA 100.0 1.3E-40 1.3E-46  271.4   0.0  278   24-318   403-689 (724)
     457 tr|A0A1S3W6N0|A0A1S3W6N0_ERIEU 100.0 1.3E-40 1.3E-46  269.4   0.0  285   25-324   130-446 (596)
     458 UniRef100_A0A3M6UKK8 G_PROTEIN 100.0 1.4E-40 1.3E-46  270.1   0.0  277   24-320    39-334 (406)
     459 UniRef100_A0A0P7U0M1 Galanin r 100.0 1.3E-40 1.3E-46  258.3   0.0  279   26-321   140-434 (475)
     460 tr|A0A2B4RYF4|A0A2B4RYF4_STYPI 100.0 1.4E-40 1.4E-46  261.4   0.0  275   23-319    21-309 (402)
     461 UniRef100_A0A016UUZ5 G_PROTEIN 100.0 1.4E-40 1.4E-46  266.2   0.0  267   28-323    76-414 (486)
     462 tr|A0A2B4SIA2|A0A2B4SIA2_STYPI 100.0 1.4E-40 1.4E-46  263.7   0.0  277   25-323    57-362 (370)
     463 UniRef100_A0A3B4ZUM6 Mu-type o 100.0 1.4E-40 1.4E-46  266.5   0.0  279   24-318   168-455 (597)
     464 UniRef100_A0A2B4S7Y2 Neuropept 100.0 1.5E-40 1.5E-46  274.6   0.0  271   22-319    77-369 (460)
     465 tr|A0A0B2UYY4|A0A0B2UYY4_TOXCA 100.0 1.5E-40 1.5E-46  264.9   0.0  292   26-324    82-388 (437)
     466 UniRef100_A0A090MXE0 Thyrotrop 100.0 1.6E-40 1.6E-46  265.9   0.0  282   24-324    43-346 (444)
     467 UniRef100_A0A151NBW6 Beta-3 ad 100.0 1.6E-40 1.6E-46  265.1   0.0  272   28-319    32-338 (490)
     468 UniRef100_A0A068WTW9 Tachykini 100.0 1.6E-40 1.6E-46  264.3   0.0  276   28-323    47-361 (453)
     469 tr|A0A182FUW3|A0A182FUW3_ANOAL 100.0 1.6E-40 1.6E-46  272.7   0.0  281   26-319   195-484 (666)
     470 tr|A0A1S3FWK5|A0A1S3FWK5_DIPOR 100.0 1.6E-40 1.7E-46  272.0   0.0  272   26-323   416-731 (786)
     471 UniRef100_A0A132AJH3 7 transme 100.0 1.7E-40 1.7E-46  269.6   0.0  274   30-319    72-384 (447)
     472 UniRef100_F6ZHC8 Uncharacteriz 100.0 1.7E-40 1.7E-46  268.4   0.0  276   27-320    88-463 (520)
     473 UniRef100_A0A1S3HRK7 octopamin 100.0 1.8E-40 1.8E-46  270.3   0.0  271   27-320    65-349 (413)
     474 UniRef100_A0A060XSS1 5-hydroxy 100.0 1.8E-40 1.8E-46  285.6   0.0  278   28-325   212-555 (704)
     475 tr|C3Z5T5|C3Z5T5_BRAFL Unchara 100.0 1.8E-40 1.8E-46  254.0   0.0  283   24-321    35-328 (389)
     476 UniRef100_A0A0K0PUE3 Orphan G- 100.0 1.9E-40 1.9E-46  272.1   0.0  277   27-320   117-426 (550)
     477 UniRef100_A0A3M6T6Z7 G_PROTEIN 100.0 1.9E-40 1.9E-46  256.3   0.0  273   25-321    25-316 (362)
     478 tr|A0A218V410|A0A218V410_9PASE 100.0 1.9E-40 1.9E-46  255.0   0.0  285   29-323   102-394 (427)
     479 tr|A0A210QY69|A0A210QY69_MIZYE 100.0 1.9E-40 1.9E-46  255.5   0.0  284   25-324    85-380 (400)
     480 tr|A0A1V4JMN9|A0A1V4JMN9_PATFA 100.0 1.9E-40 1.9E-46  265.3   0.0  275   27-317    93-417 (537)
     481 tr|M7B6A0|M7B6A0_CHEMY p2Y pur 100.0   2E-40   2E-46  263.7   0.0  284   25-319   105-395 (423)
     482 UniRef100_A0A096MAY6 Alpha-1B  100.0   2E-40   2E-46  262.8   0.0  269   32-326    52-378 (489)
     483 UniRef100_A0A060YGE9 G_PROTEIN 100.0 2.1E-40   2E-46  270.9   0.0  281   26-321   149-434 (484)
     484 tr|C3XVU5|C3XVU5_BRAFL Unchara 100.0   2E-40 2.1E-46  261.1   0.0  276   25-320    60-355 (439)
     485 UniRef100_A0A026VW91 Neuropept 100.0   2E-40 2.1E-46  263.3   0.0  282   25-322   187-487 (582)
     486 tr|A0A146NUT9|A0A146NUT9_FUNHE 100.0 2.2E-40 2.1E-46  270.7   0.0  285   29-325    29-358 (423)
     487 tr|A0A2B4REF9|A0A2B4REF9_STYPI 100.0 2.3E-40 2.3E-46  291.8   0.0  293   26-327   925-1236(1279)
     488 UniRef100_A0A1A8C9F7 Chemokine 100.0 2.3E-40 2.3E-46  255.5   0.0  272   23-318    60-331 (384)
     489 UniRef100_A0A2G8KT39 Putative  100.0 2.3E-40 2.3E-46  267.0   0.0  274   30-324    48-344 (383)
     490 UniRef100_A0A0E3EKU4 Allatotro 100.0 2.4E-40 2.4E-46  264.5   0.0  275   28-323   133-433 (562)
     491 tr|A0A147A4W2|A0A147A4W2_FUNHE 100.0 2.4E-40 2.4E-46  266.4   0.0  282   26-325    94-447 (502)
     492 UniRef100_UPI0003F07467 orexin 100.0 2.4E-40 2.4E-46  269.5   0.0  281   22-320    73-414 (535)
     493 UniRef100_A0A0A1XP15 Neuropept 100.0 2.4E-40 2.5E-46  258.5   0.0  281   25-324    70-376 (421)
     494 UniRef100_A0A3M6V2D3 G_PROTEIN 100.0 2.5E-40 2.5E-46  262.5   0.0  276   26-325    50-338 (393)
     495 UniRef100_A0A060Y7B7 G_PROTEIN 100.0 2.7E-40 2.6E-46  272.0   0.0  271   26-322   115-550 (560)
     496 tr|K1PEH3|K1PEH3_CRAGI Neurope 100.0 2.7E-40 2.7E-46  259.3   0.0  292   29-326    50-362 (411)
     497 UniRef100_A0A026W3I9 Neuropept 100.0 2.7E-40 2.7E-46  271.7   0.0  280   29-323    61-369 (599)
     498 tr|A0A1V4KK28|A0A1V4KK28_PATFA 100.0 2.7E-40 2.8E-46  259.3   0.0  282   28-326   135-432 (478)
     499 tr|A0A091DLL4|A0A091DLL4_FUKDA 100.0 2.7E-40 2.8E-46  259.1   0.0  272   29-321    36-344 (474)
     500 UniRef100_A0A087X781 Alpha-2Db 100.0 2.9E-40 2.9E-46  264.2   0.0  267   30-320    70-491 (495)
     
  > Uniprot already searched, skipping.
> Running chain B
  > Uniref90 already searched, skipping.
  > Mgnify already searched, skipping.
  > Running hhblits on bfd_uniref30
- 06:25:11.194 INFO: Searching 65983866 column state sequences.

- 06:25:14.455 INFO: Searching 29291635 column state sequences.

- 06:25:14.525 INFO: fpr2_human-1022/msas/B/chain_B.fasta is in A2M, A3M or FASTA format

- 06:25:14.525 INFO: Iteration 1

- 06:25:14.536 INFO: Prefiltering database

- 06:26:27.841 INFO: HMMs passed 1st prefilter (gapless profile-profile alignment)  : 1000

- 06:26:49.326 INFO: HMMs passed 1st prefilter (gapless profile-profile alignment)  : 1000

- 06:26:49.345 INFO: No HMMs pass prefilter => Stop searching!

     Query         fMet-Leu-Phe gtp:1022
     Match_columns 3
     No_of_seqs    1 out of 1
     Neff          1
     Searched_HMMs 0
     Date          Thu Feb 23 06:26:49 2023
     Command       hhblits -i fpr2_human-1022/msas/B/chain_B.fasta -cpu 2 -maxmem 20 -oa3m /maps/projects/ilfgrid/people/nqz918/code/deorph/scripts/af_arman/af_jobs_af23/fpr2_human/1022//fpr2_human-1022/msas/B/bfd_uniref_hits.a3m -o /dev/null -n 3 -e 0.001 -maxseq 1000000 -realign_max 100000 -maxfilt 100000 -min_prefilter_hits 1000 -d /projects/ilfgrid/data/alphafold-genetic-databases///bfd/bfd_metaclust_clu_complete_id30_c90_final_seq.sorted_opt -d /projects/ilfgrid/data/alphafold-genetic-databases///uniref30/UniRef30_2021_03 
     
      No Hit                             Prob E-value P-value  Score    SS Cols Query HMM  Template HMM
     
  > Uniprot already searched, skipping.

>> Job finished at: Thu Feb 23 06:26:54 CET 2023

>> Runtime: 6824 s
