>> Job started at: Thu Mar  9 02:01:24 CET 2023
   On Machine:     ilfgridgpun01fl.unicph.domain
   In directory:   /projects/ilfgrid/people/nqz918/code/deorph/scripts/af_arman/af_jobs_af23/oprd_human/1623

>> GPU is 

Loaded miniconda shell environment for bash
> Running 'prep_MSAs.sh'
  > Alphafold-DB directory is set to /projects/ilfgrid/data/alphafold-genetic-databases//
  > Number of cores was set to set to 4
  > Max memory set to 20 GB
  > Output directory was set to /projects/ilfgrid/people/nqz918/code/deorph/scripts/af_arman/af_jobs_af23/oprd_human/1623/
  > Input fastafile was set to /projects/ilfgrid/people/nqz918/code/deorph/scripts/af_arman/af_jobs_af23/oprd_human/1623/oprd_human-1623.fasta
> Splitting fastafile
> Running chain A
  > Uniref90 already searched, skipping.
  > Mgnify already searched, skipping.
  > Running hhblits on bfd_uniref30
- 02:01:41.722 INFO: Searching 65983866 column state sequences.

- 02:01:42.763 INFO: Searching 29291635 column state sequences.

- 02:01:42.797 INFO: oprd_human-1623/msas/A/chain_A.fasta is in A2M, A3M or FASTA format

- 02:01:42.798 INFO: Iteration 1

- 02:01:42.912 INFO: Prefiltering database

- 02:03:01.363 INFO: HMMs passed 1st prefilter (gapless profile-profile alignment)  : 4598174

- 02:04:04.377 INFO: HMMs passed 1st prefilter (gapless profile-profile alignment)  : 1364507

- 02:04:09.120 INFO: HMMs passed 2nd prefilter (gapped profile-profile alignment)   : 36510

- 02:04:09.120 INFO: HMMs passed 2nd prefilter and not found in previous iterations : 36510

- 02:04:09.120 INFO: Scoring 36510 HMMs using HMM-HMM Viterbi alignment

- 02:04:09.185 INFO: Alternative alignment: 0

- 02:04:09.896 INFO: 2000 alignments done

- 02:04:10.503 INFO: 4000 alignments done

- 02:04:11.160 INFO: 6000 alignments done

- 02:04:12.440 INFO: 8000 alignments done

- 02:04:17.076 INFO: 10000 alignments done

- 02:04:17.777 INFO: 12000 alignments done

- 02:04:18.529 INFO: 14000 alignments done

- 02:04:19.208 INFO: 16000 alignments done

- 02:04:19.691 INFO: 18000 alignments done

- 02:04:20.145 INFO: 20000 alignments done

- 02:04:20.591 INFO: 22000 alignments done

- 02:04:21.036 INFO: 24000 alignments done

- 02:04:21.475 INFO: 26000 alignments done

- 02:04:21.964 INFO: 28000 alignments done

- 02:04:22.569 INFO: 30000 alignments done

- 02:04:23.764 INFO: 32000 alignments done

- 02:04:25.681 INFO: 34000 alignments done

- 02:04:30.362 INFO: 36000 alignments done

- 02:04:31.066 INFO: 36510 alignments done

- 02:04:31.067 INFO: Alternative alignment: 1

- 02:04:41.040 INFO: 36073 alignments done

- 02:04:41.144 INFO: Alternative alignment: 2

- 02:04:43.707 INFO: 7320 alignments done

- 02:04:43.717 INFO: Alternative alignment: 3

- 02:04:44.269 INFO: 1173 alignments done

- 02:04:45.019 INFO: Premerge done

- 02:04:45.022 INFO: Realigning 17837 HMM-HMM alignments using Maximum Accuracy algorithm

- 02:06:05.974 INFO: 17840 sequences belonging to 17840 database HMMs found with an E-value < 0.001

- 02:06:05.974 INFO: Number of effective sequences of resulting query HMM: Neff = 10.725

- 02:06:06.317 INFO: Iteration 2

- 02:06:06.317 INFO: Set premerge to 0! (premerge: 3 iteration: 2 hits.Size: 17837)

- 02:06:06.439 INFO: Prefiltering database

- 02:07:23.348 INFO: HMMs passed 1st prefilter (gapless profile-profile alignment)  : 7290191

- 02:08:17.509 INFO: HMMs passed 1st prefilter (gapless profile-profile alignment)  : 2978249

- 02:08:28.170 INFO: HMMs passed 2nd prefilter (gapped profile-profile alignment)   : 83655

- 02:08:28.170 INFO: HMMs passed 2nd prefilter and not found in previous iterations : 66361

- 02:08:28.170 INFO: Scoring 66361 HMMs using HMM-HMM Viterbi alignment

- 02:08:28.251 INFO: Alternative alignment: 0

- 02:08:29.004 INFO: 2000 alignments done

- 02:08:29.701 INFO: 4000 alignments done

- 02:08:30.442 INFO: 6000 alignments done

- 02:08:31.302 INFO: 8000 alignments done

- 02:08:34.034 INFO: 10000 alignments done

- 02:08:37.832 INFO: 12000 alignments done

- 02:08:37.834 INFO: Stop after DB-HHM: 12000 because early stop  11.2569 < filter cutoff 20

- 02:08:37.834 INFO: Alternative alignment: 1

- 02:08:41.128 INFO: 8901 alignments done

- 02:08:41.143 INFO: Alternative alignment: 2

- 02:08:41.580 INFO: 743 alignments done

- 02:08:41.581 INFO: Alternative alignment: 3

- 02:08:41.674 INFO: 114 alignments done

- 02:08:41.826 INFO: Realigning 3643 HMM-HMM alignments using Maximum Accuracy algorithm

- 02:08:59.836 INFO: 21483 sequences belonging to 21483 database HMMs found with an E-value < 0.001

- 02:08:59.836 INFO: Number of effective sequences of resulting query HMM: Neff = 11.2028

- 02:08:59.915 INFO: Iteration 3

- 02:09:00.028 INFO: Prefiltering database

- 02:10:11.298 INFO: HMMs passed 1st prefilter (gapless profile-profile alignment)  : 5763971

- 02:11:00.382 INFO: HMMs passed 1st prefilter (gapless profile-profile alignment)  : 2509231

- 02:11:09.365 INFO: HMMs passed 2nd prefilter (gapped profile-profile alignment)   : 80371

- 02:11:09.365 INFO: HMMs passed 2nd prefilter and not found in previous iterations : 59475

- 02:11:09.365 INFO: Scoring 59475 HMMs using HMM-HMM Viterbi alignment

- 02:11:09.407 INFO: Alternative alignment: 0

- 02:11:10.125 INFO: 2000 alignments done

- 02:11:10.848 INFO: 4000 alignments done

- 02:11:12.029 INFO: 6000 alignments done

- 02:11:13.368 INFO: 8000 alignments done

- 02:11:15.911 INFO: 10000 alignments done

- 02:11:15.916 INFO: Stop after DB-HHM: 10000 because early stop  8.96132 < filter cutoff 20

- 02:11:15.916 INFO: Alternative alignment: 1

- 02:11:18.275 INFO: 5804 alignments done

- 02:11:18.279 INFO: Alternative alignment: 2

- 02:11:18.582 INFO: 565 alignments done

- 02:11:18.582 INFO: Alternative alignment: 3

- 02:11:18.654 INFO: 92 alignments done

- 02:11:18.724 INFO: Rescoring previously found HMMs with Viterbi algorithm

- 02:11:18.764 INFO: Alternative alignment: 0

- 02:11:19.303 INFO: 2000 alignments done

- 02:11:19.848 INFO: 4000 alignments done

- 02:11:20.398 INFO: 6000 alignments done

- 02:11:20.933 INFO: 8000 alignments done

- 02:11:21.549 INFO: 10000 alignments done

- 02:11:22.152 INFO: 12000 alignments done

- 02:11:22.726 INFO: 14000 alignments done

- 02:11:23.281 INFO: 16000 alignments done

- 02:11:23.823 INFO: 18000 alignments done

- 02:11:24.357 INFO: 20000 alignments done

- 02:11:24.602 INFO: 20895 alignments done

- 02:11:24.606 INFO: Alternative alignment: 1

- 02:11:30.862 INFO: 20895 alignments done

- 02:11:30.879 INFO: Alternative alignment: 2

- 02:11:31.549 INFO: 1546 alignments done

- 02:11:31.550 INFO: Alternative alignment: 3

- 02:11:31.694 INFO: 239 alignments done

- 02:11:31.980 INFO: Premerge done

- 02:11:31.981 INFO: Realigning 21510 HMM-HMM alignments using Maximum Accuracy algorithm

- 02:12:13.029 INFO: 21735 sequences belonging to 21735 database HMMs found with an E-value < 0.001

- 02:12:13.029 INFO: Number of effective sequences of resulting query HMM: Neff = 11.3205

     Query         oprd_human P41143
     Match_columns 372
     No_of_seqs    1842 out of 249698
     Neff          11.3205
     Searched_HMMs 96289
     Date          Thu Mar  9 02:12:13 2023
     Command       hhblits -i oprd_human-1623/msas/A/chain_A.fasta -cpu 4 -maxmem 20 -oa3m /projects/ilfgrid/people/nqz918/code/deorph/scripts/af_arman/af_jobs_af23/oprd_human/1623//oprd_human-1623/msas/A/bfd_uniref_hits.a3m -o /dev/null -n 3 -e 0.001 -maxseq 1000000 -realign_max 100000 -maxfilt 100000 -min_prefilter_hits 1000 -d /projects/ilfgrid/data/alphafold-genetic-databases///bfd/bfd_metaclust_clu_complete_id30_c90_final_seq.sorted_opt -d /projects/ilfgrid/data/alphafold-genetic-databases///uniref30/UniRef30_2021_03 
     
      No Hit                             Prob E-value P-value  Score    SS Cols Query HMM  Template HMM
       1 tr|W5NXE0|W5NXE0_SHEEP Opioid  100.0 4.2E-67 4.3E-73  414.2   0.0  368    1-372     1-368 (431)
       2 UniRef100_A0A1A6FY77 G_PROTEIN 100.0 3.2E-65 3.2E-71  392.4   0.0  372    1-372     1-372 (372)
       3 UniRef100_A0A060W9S7 Mu-type o 100.0 8.5E-59 8.7E-65  390.7   0.0  335   35-370   138-472 (605)
       4 tr|A0A0P7V1N0|A0A0P7V1N0_9TELE 100.0 1.4E-58 1.4E-64  373.3   0.0  329   39-368   104-434 (436)
       5 UniRef100_A0A060X690 G_PROTEIN 100.0 3.8E-55 3.8E-61  357.5   0.0  301   47-347    44-345 (386)
       6 tr|G3S2I3|G3S2I3_GORGO Opioid  100.0 4.5E-55 4.6E-61  360.4   0.0  297   43-340   156-452 (492)
       7 UniRef100_A0A060VV87 Kappa-typ 100.0   4E-54 4.1E-60  361.9   0.0  289   51-340   192-480 (586)
       8 UniRef100_A0A091DZ91 Kappa-typ 100.0 3.2E-53 3.3E-59  345.9   0.0  324   45-370    70-394 (471)
       9 tr|A0A091E4L4|A0A091E4L4_FUKDA 100.0 3.2E-53 3.3E-59  369.3   0.0  326   47-372   729-1054(1054)
      10 tr|A0A1A8EW90|A0A1A8EW90_9TELE 100.0   1E-52 1.1E-58  343.8   0.0  295   44-339    39-335 (444)
      11 tr|A0A147AUP2|A0A147AUP2_FUNHE 100.0 1.6E-52 1.6E-58  353.4   0.0  305   51-357   122-469 (482)
      12 tr|A0A1V4KKE4|A0A1V4KKE4_PATFA 100.0 2.3E-52 2.4E-58  353.5   0.0  325   42-368   398-722 (724)
      13 UniRef100_A0A0K0PUX7 Orphan G- 100.0 2.4E-52 2.4E-58  357.1   0.0  292   47-338    60-355 (471)
      14 tr|A0A0P7U387|A0A0P7U387_9TELE 100.0 8.3E-52 8.5E-58  346.3   0.0  292   45-339   124-417 (556)
      15 UniRef100_A0A060X1Q6 Somatosta 100.0 8.4E-52 8.6E-58  359.4   0.0  288   47-337   137-424 (604)
      16 tr|A0A1L8G1N6|A0A1L8G1N6_XENLA 100.0 9.6E-52 9.8E-58  341.9   0.0  289   45-340   112-401 (448)
      17 UniRef100_A0A091EBV8 Type-1 an 100.0 1.1E-51 1.1E-57  364.0   0.0  313   45-367   343-662 (715)
      18 UniRef100_A0A091E4L4 YTH domai 100.0 1.5E-51 1.5E-57  352.7   0.0  330   43-372   725-1054(1054)
      19 tr|A0A0F8AVG0|A0A0F8AVG0_LARCR 100.0 2.4E-51 2.4E-57  339.6   0.0  288   52-339    58-345 (544)
      20 UniRef100_A0A060W5Z4 G_PROTEIN 100.0 4.5E-51 4.6E-57  351.5   0.0  287   48-339   189-476 (593)
      21 tr|M3ZFE6|M3ZFE6_XIPMA Somatos 100.0 6.9E-51   7E-57  338.8   0.0  290   45-339   100-391 (525)
      22 tr|A0A0F8ARD3|A0A0F8ARD3_LARCR 100.0 1.1E-50 1.1E-56  333.9   0.0  288   47-337    51-338 (464)
      23 UniRef100_A0A087QW50 Delta-typ 100.0 1.1E-50 1.1E-56  316.5   0.0  350   15-367    14-370 (400)
      24 UniRef100_A0A087RJN6 Somatosta 100.0 1.3E-50 1.3E-56  346.0   0.0  289   42-336    53-342 (391)
      25 UniRef100_A0A087XI41 Mu-type o 100.0 1.6E-50 1.6E-56  331.1   0.0  292   45-337   148-439 (537)
      26 UniRef100_A0A087XDT1 Somatosta 100.0 2.1E-50 2.1E-56  344.1   0.0  292   45-341   164-457 (676)
      27 UniRef100_A0A3B4ZUM6 Mu-type o 100.0 4.8E-50   5E-56  334.1   0.0  295   41-336   162-457 (597)
      28 UniRef100_A0A226PVL7 Mu-type o 100.0 5.3E-50 5.4E-56  325.5   0.0  327    8-336   110-444 (566)
      29 UniRef100_A0A498L8Y6 Delta-typ 100.0 9.6E-50 9.8E-56  326.4   0.0  337   30-367   175-556 (559)
      30 UniRef100_A0A1S3HKE5 allatosta 100.0 1.1E-49 1.1E-55  341.3   0.0  287   47-335    80-373 (462)
      31 UniRef100_A0A0P7Y8S7 Nocicepti 100.0 1.4E-49 1.4E-55  322.7   0.0  288   47-335   117-404 (467)
      32 UniRef100_A0A091DWF1 Somatosta 100.0   5E-49 5.1E-55  328.5   0.0  289   45-336   151-439 (523)
      33 UniRef100_A0A1N7TCF1 Galanin r 100.0 5.9E-49   6E-55  327.6   0.0  296   44-340    66-363 (407)
      34 tr|S7PTD0|S7PTD0_MYOBR Mu-type 100.0 6.7E-49 6.9E-55  315.7   0.0  329    6-336    21-403 (489)
      35 UniRef100_A0A6P4Z4S7 G-protein 100.0 7.4E-49 7.5E-55  339.1   0.0  292   46-340    56-354 (417)
      36 tr|A0A091DWF1|A0A091DWF1_FUKDA 100.0   1E-48 1.1E-54  319.0   0.0  289   48-339   155-443 (483)
      37 UniRef100_A0A087T336 Somatosta 100.0 1.6E-48 1.6E-54  325.2   0.0  293   46-338    74-368 (454)
      38 tr|S9YJE2|S9YJE2_CAMFR Somatos 100.0 1.9E-48 1.9E-54  317.8   0.0  293   45-338   108-401 (438)
      39 UniRef100_A0A087VQ23 Kappa-typ 100.0 2.1E-48 2.1E-54  326.1   0.0  324   45-370   258-581 (640)
      40 UniRef100_A0A077YWL6 Somatosta 100.0 2.8E-48 2.8E-54  334.6   0.0  291   49-339    65-362 (446)
      41 UniRef100_A0A026X3T6 Allatosta 100.0 3.7E-48 3.8E-54  332.3   0.0  287   49-339   139-427 (540)
      42 UniRef100_A0A023F675 Putative  100.0 3.8E-48 3.9E-54  338.3   0.0  291   46-338   123-420 (530)
      43 UniRef100_A0A024FLF0 PQRFa pep 100.0 7.3E-48 7.4E-54  331.1   0.0  288   46-337    46-346 (413)
      44 UniRef100_A0A2G8L6L1 Putative  100.0 1.4E-47 1.4E-53  317.1   0.0  288   47-338    33-325 (407)
      45 UniRef100_A0A026WTK8 Tachykini 100.0 1.5E-47 1.5E-53  328.9   0.0  290   45-336    85-387 (556)
      46 UniRef100_A0A0K0PUL8 Allatosta 100.0 1.6E-47 1.6E-53  320.2   0.0  291   47-338    48-345 (396)
      47 UniRef100_A0A060X0R7 Uncharact 100.0 1.7E-47 1.8E-53  306.2   0.0  291   45-338    53-343 (383)
      48 tr|A0A0R4J0Z2|A0A0R4J0Z2_MOUSE 100.0   2E-47 2.1E-53  304.4   0.0  292   45-337    64-355 (456)
      49 UniRef100_A0A0K0PUR1 Orphan G- 100.0 2.2E-47 2.3E-53  330.3   0.0  288   45-335   110-409 (530)
      50 UniRef100_A0A6P4Y4T1 galanin r 100.0 4.8E-47 4.9E-53  316.1   0.0  293   48-342    57-356 (410)
      51 UniRef100_A0A060VUW6 G_PROTEIN 100.0 5.3E-47 5.4E-53  337.4   0.0  284   46-339   114-441 (574)
      52 UniRef100_A0A141CIT8 G protein 100.0 5.4E-47 5.5E-53  321.6   0.0  290   45-338    82-377 (488)
      53 tr|A0A218VDE9|A0A218VDE9_9PASE 100.0   6E-47 6.2E-53  312.8   0.0  285   48-337    22-307 (556)
      54 UniRef100_A0A023F3V9 Putative  100.0 1.2E-46 1.2E-52  320.1   0.0  292   47-338   130-424 (574)
      55 UniRef100_A0A2B4S7K2 Histamine 100.0 1.3E-46 1.3E-52  317.5   0.0  284   45-337    28-327 (369)
      56 UniRef100_A0A2B4SDF9 Neuropept 100.0 1.5E-46 1.5E-52  316.4   0.0  286   44-334    84-376 (455)
      57 UniRef100_A0A164MD49 Putative  100.0 1.6E-46 1.7E-52  316.9   0.0  294   50-345    50-403 (498)
      58 tr|F1R2F3|F1R2F3_DANRE Neurope 100.0 2.1E-46 2.2E-52  321.6   0.0  294   45-338   398-693 (731)
      59 UniRef100_A0A060VSP8 5-hydroxy 100.0 2.2E-46 2.3E-52  319.7   0.0  284   45-338    83-416 (479)
      60 UniRef100_A0A087X575 NPY-Y2 re 100.0 2.5E-46 2.6E-52  311.6   0.0  287   48-337    72-371 (426)
      61 UniRef100_A0A060VVF8 G_PROTEIN 100.0 2.6E-46 2.6E-52  325.0   0.0  287   48-337   138-433 (511)
      62 UniRef100_A0A154PKR3 Tachykini 100.0 2.6E-46 2.7E-52  317.5   0.0  289   45-335    72-372 (457)
      63 UniRef100_A0A0K0PUT9 Excitator 100.0 3.2E-46 3.3E-52  321.6   0.0  294   46-340   100-404 (474)
      64 tr|V8PD93|V8PD93_OPHHA Type-2  100.0 3.4E-46 3.4E-52  317.4   0.0  286   49-338    75-369 (412)
      65 UniRef100_UPI001401E46F delta- 100.0 3.4E-46 3.5E-52  294.2   0.0  318   14-335    35-354 (440)
      66 UniRef100_A0A139WB32 Tachykini 100.0 5.5E-46 5.6E-52  309.8   0.0  289   48-338    42-343 (405)
      67 tr|A0A2C9JWF9|A0A2C9JWF9_BIOGL 100.0 8.4E-46 8.5E-52  313.3   0.0  292   48-341    64-369 (403)
      68 UniRef100_A0A0A1WLH2 Somatosta 100.0 8.9E-46 9.1E-52  318.9   0.0  294   45-338   212-508 (667)
      69 UniRef100_A0A026WW28 Neuropept 100.0 1.1E-45 1.1E-51  320.8   0.0  291   43-337    82-380 (552)
      70 tr|C3XVS5|C3XVS5_BRAFL Unchara 100.0 1.6E-45 1.6E-51  302.9   0.0  289   48-339    66-365 (425)
      71 UniRef100_A0A6P4XD29 neuropept 100.0 1.9E-45 1.9E-51  304.8   0.0  284   48-335    40-340 (385)
      72 UniRef100_A0A2B4RSM5 Neuropept 100.0 2.1E-45 2.1E-51  307.1   0.0  286   44-337    31-323 (417)
      73 UniRef100_A0A369RW72 Octopamin 100.0 2.2E-45 2.2E-51  317.4   0.0  280   46-333    51-354 (412)
      74 UniRef100_A0A2G8KL37 Cholecyst 100.0 2.6E-45 2.7E-51  307.9   0.0  289   47-337    96-430 (493)
      75 UniRef100_A0A0F8B4Z2 Mu-type o 100.0 3.5E-45 3.6E-51  292.5   0.0  294   42-336    57-351 (477)
      76 tr|A0A1I8PIJ9|A0A1I8PIJ9_STOCA 100.0 3.5E-45 3.6E-51  316.9   0.0  290   48-339   168-469 (680)
      77 UniRef100_A0A068WW83 Allatosta 100.0 3.8E-45 3.8E-51  314.8   0.0  282   45-331    62-347 (432)
      78 UniRef100_A0A0K0PUI9 Orphan G- 100.0 4.6E-45 4.6E-51  319.0   0.0  289   47-339    99-409 (534)
      79 UniRef100_A0A1D2M4J2 Neuropept 100.0 4.7E-45 4.8E-51  309.9   0.0  286   48-337   125-423 (497)
      80 UniRef100_A0A077Z2H9 Putative  100.0 5.6E-45 5.7E-51  312.0   0.0  288   45-334    67-393 (477)
      81 UniRef100_A0A060X5Z5 G_PROTEIN 100.0   7E-45 7.1E-51  314.7   0.0  278   49-337    83-384 (522)
      82 UniRef100_A0A061A7W5 G_PROTEIN 100.0 8.8E-45   9E-51  310.5   0.0  283   46-337    58-358 (473)
      83 UniRef100_A0A068YB14 Neuropept 100.0 1.1E-44 1.1E-50  311.9   0.0  289   43-335    48-350 (448)
      84 UniRef100_A0A0F8AVG0 Kappa-typ 100.0 1.1E-44 1.2E-50  299.2   0.0  301   30-335    86-386 (594)
      85 tr|C3XSP5|C3XSP5_BRAFL Unchara 100.0 1.3E-44 1.3E-50  293.2   0.0  294   43-339    21-328 (403)
      86 UniRef100_A0A1D1W534 G_PROTEIN 100.0 1.3E-44 1.3E-50  315.6   0.0  287   50-339    79-435 (492)
      87 UniRef100_A0A061INJ6 Pyrogluta 100.0 1.6E-44 1.6E-50  318.8   0.0  287   48-336   151-457 (594)
      88 UniRef100_A0A034WDF0 Allatosta 100.0 1.6E-44 1.7E-50  307.8   0.0  286   47-336    93-384 (459)
      89 UniRef100_A0A6P3IMR0 somatosta 100.0 1.6E-44 1.7E-50  295.9   0.0  292   46-338   194-486 (524)
      90 UniRef100_A0A210QEM7 Neuropept 100.0 1.7E-44 1.8E-50  300.1   0.0  289   47-338    48-347 (416)
      91 tr|A0A146TL67|A0A146TL67_FUNHE 100.0 1.8E-44 1.8E-50  317.1   0.0  293   44-338    21-405 (442)
      92 UniRef100_A0A4D9EQQ5 Enolase-l 100.0 1.9E-44   2E-50  289.0   0.0  290   46-338   143-432 (472)
      93 tr|A0A1I8M930|A0A1I8M930_MUSDO 100.0   2E-44 2.1E-50  324.4   0.0  284   47-339   186-580 (963)
      94 UniRef100_A0A2B4SKI0 Tachykini 100.0 2.9E-44 2.9E-50  315.8   0.0  287   48-338    90-391 (469)
      95 UniRef100_A0A060WEJ5 G_PROTEIN 100.0 2.9E-44 2.9E-50  310.9   0.0  282   48-338   112-457 (544)
      96 tr|A0A1I8MQS0|A0A1I8MQS0_MUSDO 100.0 3.4E-44 3.5E-50  311.2   0.0  294   45-338   145-440 (572)
      97 tr|W4Z2N2|W4Z2N2_STRPU Unchara 100.0 3.6E-44 3.7E-50  290.6   0.0  291   47-338    54-353 (406)
      98 UniRef100_A0A026W5R0 Orexin re 100.0 3.9E-44   4E-50  310.7   0.0  282   48-335   116-424 (529)
      99 UniRef100_A0A023F668 Putative  100.0 4.4E-44 4.5E-50  299.1   0.0  290   44-337    80-377 (484)
     100 tr|A0A1I8PG61|A0A1I8PG61_STOCA 100.0 4.4E-44 4.5E-50  312.4   0.0  293   46-338   296-593 (716)
     101 UniRef100_A0A6P4YBA8 delta-typ 100.0   5E-44 5.1E-50  297.6   0.0  290   46-338    47-340 (406)
     102 UniRef100_A0A0C9QBK4 GHSR_0 pr 100.0 5.2E-44 5.3E-50  318.4   0.0  289   46-337   169-474 (591)
     103 UniRef100_A0A6P4ZN87 somatosta 100.0 5.2E-44 5.3E-50  294.0   0.0  289   48-337    31-328 (391)
     104 UniRef100_A0A087UNN0 Neuropept 100.0 5.3E-44 5.4E-50  300.1   0.0  283   47-333    91-387 (470)
     105 UniRef100_A0A3B4UE11 Si:zfos-1 100.0 6.1E-44 6.3E-50  289.7   0.0  289   46-339    62-352 (441)
     106 UniRef100_A0A026WK40 Cholecyst 100.0 6.1E-44 6.3E-50  316.8   0.0  288   50-339   155-545 (656)
     107 UniRef100_A0A026WK16 Tachykini 100.0   7E-44 7.1E-50  307.2   0.0  289   48-338   181-482 (641)
     108 UniRef100_A0A177B9B5 Rhodopsin 100.0 7.2E-44 7.4E-50  298.0   0.0  284   49-338    90-403 (464)
     109 UniRef100_A0A0P7V1N0 Delta-typ 100.0 7.8E-44   8E-50  280.9   0.0  290   77-367   143-433 (436)
     110 UniRef100_A0A2B4S0J6 Somatosta 100.0 8.4E-44 8.5E-50  312.0   0.0  288   45-335    79-377 (457)
     111 UniRef100_A0A087VAK8 Somatosta 100.0 8.9E-44 9.1E-50  282.0   0.0  293   47-342    59-353 (384)
     112 UniRef100_A0A1V9XU68 Tyramine/ 100.0   9E-44 9.1E-50  298.5   0.0  287   44-340    47-356 (408)
     113 UniRef100_A0A060W9T7 G_PROTEIN 100.0 9.8E-44   1E-49  299.5   0.0  284   48-335   184-470 (616)
     114 tr|A0A146U732|A0A146U732_FUNHE 100.0 1.1E-43 1.1E-49  320.7   0.0  288   49-336   191-546 (590)
     115 tr|A0A1D1UXI1|A0A1D1UXI1_RAMVA 100.0   1E-43 1.1E-49  297.4   0.0  289   46-338    78-376 (499)
     116 tr|A0A0S0WMT8|A0A0S0WMT8_DROME 100.0 1.1E-43 1.1E-49  298.0   0.0  294   45-338   141-437 (593)
     117 UniRef100_A0A060X360 G_PROTEIN 100.0 1.1E-43 1.1E-49  297.9   0.0  287   48-338    98-389 (477)
     118 UniRef100_A0A087REY1 NPY-Y2 re 100.0 1.4E-43 1.4E-49  302.4   0.0  297   40-338   177-479 (599)
     119 UniRef100_A0A3M6U5X4 G_PROTEIN 100.0 1.4E-43 1.4E-49  287.0   0.0  301   22-335    15-318 (339)
     120 tr|L7LZ94|L7LZ94_9ACAR Putativ 100.0 1.4E-43 1.5E-49  291.0   0.0  289   47-338   100-393 (438)
     121 UniRef100_A0A1S3J712 QRFP-like 100.0 1.6E-43 1.6E-49  304.8   0.0  282   51-335    69-369 (507)
     122 UniRef100_A0A0K0PUV0 FVRIamide 100.0 1.7E-43 1.7E-49  301.0   0.0  280   46-334    49-375 (458)
     123 UniRef100_A0A1L8GQY3 Alpha-1B  100.0 1.7E-43 1.7E-49  298.3   0.0  290   45-345    42-376 (510)
     124 UniRef100_A0A6F9BXC0 G_PROTEIN 100.0 2.3E-43 2.4E-49  282.9   0.0  284   51-335    55-338 (502)
     125 UniRef100_A0A044T5H8 G_PROTEIN 100.0 2.9E-43   3E-49  306.8   0.0  285   46-338   242-569 (693)
     126 UniRef100_A0A6J8CLU9 HCRTR2 n= 100.0 3.1E-43 3.2E-49  291.4   0.0  288   48-340    51-361 (422)
     127 tr|A0A1W2W3E6|A0A1W2W3E6_CIOIN 100.0 3.2E-43 3.3E-49  292.7   0.0  294   41-337    49-351 (487)
     128 tr|A0A182G4E1|A0A182G4E1_AEDAL 100.0 3.3E-43 3.3E-49  300.4   0.0  287   46-337    64-370 (534)
     129 UniRef100_A0A087QH27 C-C chemo 100.0 3.3E-43 3.3E-49  312.0   0.0  282   46-336   197-483 (591)
     130 UniRef100_A0A0L8H201 G_PROTEIN 100.0 3.6E-43 3.7E-49  289.9   0.0  299   46-345    82-390 (461)
     131 tr|A0A1D2NMB6|A0A1D2NMB6_ORCCI 100.0 3.7E-43 3.8E-49  296.5   0.0  288   48-337   150-450 (520)
     132 tr|A0A2B4SID7|A0A2B4SID7_STYPI 100.0   4E-43 4.1E-49  300.7   0.0  290   45-337    27-327 (422)
     133 UniRef100_A0A023ETT6 Putative  100.0 4.1E-43 4.2E-49  297.5   0.0  292   47-338   151-447 (612)
     134 UniRef100_A0A1S3KA35 Alpha-1B  100.0 4.3E-43 4.4E-49  302.4   0.0  286   45-341    85-423 (551)
     135 tr|A0A1V4J9T1|A0A1V4J9T1_PATFA 100.0 4.7E-43 4.8E-49  285.2   0.0  286   47-336    66-354 (461)
     136 UniRef100_A0A3Q1GNK3 Kappa-typ 100.0 4.9E-43   5E-49  289.8   0.0  295   51-346   299-593 (616)
     137 UniRef100_A0A2G8JR46 Putative  100.0   5E-43   5E-49  300.6   0.0  280   51-337    64-356 (411)
     138 UniRef100_A0A0K0PUH1 Orphan G- 100.0   5E-43 5.1E-49  286.4   0.0  283   49-335    52-346 (413)
     139 UniRef100_A0A226DFM2 Neuropept 100.0 5.2E-43 5.3E-49  296.8   0.0  289   44-335   100-401 (523)
     140 UniRef100_A0A1D2M255 Somatosta 100.0 5.6E-43 5.8E-49  283.4   0.0  286   48-335    34-321 (382)
     141 tr|A0A147AMP5|A0A147AMP5_FUNHE 100.0 5.7E-43 5.8E-49  307.4   0.0  287   43-340    25-430 (475)
     142 UniRef100_A0A0B4LHT6 RYamide r 100.0 5.7E-43 5.8E-49  300.2   0.0  284   47-335   112-409 (524)
     143 tr|E0D358|E0D358_HEMPU Dopamin 100.0 6.5E-43 6.7E-49  290.9   0.0  280   48-339    23-330 (435)
     144 UniRef100_A0A3M6UAU0 G_PROTEIN 100.0 6.5E-43 6.7E-49  298.9   0.0  290   44-337    30-329 (552)
     145 UniRef100_A0A210QHM7 G-protein 100.0 7.8E-43   8E-49  297.2   0.0  291   46-338    76-376 (492)
     146 UniRef100_A0A1J1I7G5 CLUMA_CG0 100.0   8E-43 8.2E-49  293.3   0.0  290   46-337    73-373 (500)
     147 UniRef100_A0A2B4SKX3 Cholecyst 100.0 8.5E-43 8.6E-49  291.3   0.0  287   46-341    68-416 (428)
     148 UniRef100_A0A0S1YDA0 Neuropept 100.0 8.5E-43 8.6E-49  298.2   0.0  292   44-337    89-392 (509)
     149 UniRef100_A0A3M6UME8 G_PROTEIN 100.0 8.7E-43 8.9E-49  290.4   0.0  281   43-332    33-319 (383)
     150 UniRef100_A0A0L8FP69 G_PROTEIN 100.0 8.8E-43 9.1E-49  288.2   0.0  288   51-338    50-342 (488)
     151 UniRef100_A0A1L8FNX2 G_PROTEIN 100.0   9E-43 9.2E-49  292.4   0.0  277   47-332    60-338 (400)
     152 UniRef100_A0A0L8I310 G_PROTEIN 100.0 9.4E-43 9.5E-49  299.1   0.0  284   47-332    43-363 (468)
     153 tr|A0A0P4XBU7|A0A0P4XBU7_9CRUS 100.0 9.5E-43 9.7E-49  302.1   0.0  285   48-335    59-413 (557)
     154 UniRef100_A0A151N382 Galanin r 100.0 1.1E-42 1.1E-48  277.5   0.0  286   49-338    30-317 (392)
     155 UniRef100_A0A2B4RGU4 5-hydroxy 100.0 1.2E-42 1.2E-48  305.4   0.0  282   47-337    63-370 (478)
     156 UniRef100_A0A1I8HKX2 G_PROTEIN 100.0 1.2E-42 1.2E-48  293.4   0.0  290   45-345    36-419 (442)
     157 UniRef100_A0A2B4SQU8 Orexin re 100.0 1.2E-42 1.2E-48  281.6   0.0  320   18-341     5-350 (370)
     158 tr|A0A1W4ZX05|A0A1W4ZX05_9TELE 100.0 1.4E-42 1.4E-48  294.1   0.0  288   47-338    67-386 (480)
     159 UniRef100_A0A2B4RHL7 Galanin r 100.0 1.4E-42 1.4E-48  283.4   0.0  278   49-337    32-310 (406)
     160 UniRef100_A0A4W4DTE3 G_PROTEIN 100.0 1.4E-42 1.4E-48  286.8   0.0  288   50-338    53-343 (379)
     161 UniRef100_A0A084WIC4 Short neu 100.0 1.4E-42 1.5E-48  295.4   0.0  288   46-337    89-386 (551)
     162 tr|A0A0P5PA10|A0A0P5PA10_9CRUS 100.0 1.4E-42 1.5E-48  297.6   0.0  285   47-333   144-441 (705)
     163 UniRef100_A0A6G8J3P5 Melanin-c 100.0 1.5E-42 1.5E-48  286.3   0.0  288   47-337    59-351 (460)
     164 UniRef100_A0A0N0PEL7 Tachykini 100.0 1.5E-42 1.6E-48  289.9   0.0  288   48-337    54-354 (454)
     165 UniRef100_A0A0L8GIM4 G_PROTEIN 100.0 1.5E-42 1.6E-48  302.8   0.0  285   47-335    94-393 (481)
     166 tr|A0A1V4J9K1|A0A1V4J9K1_PATFA 100.0 1.7E-42 1.8E-48  303.1   0.0  290   47-339   318-609 (939)
     167 UniRef100_A0A060XC03 Beta-2 ad 100.0 1.7E-42 1.8E-48  293.0   0.0  290   45-338    98-414 (548)
     168 tr|A0A091CRU0|A0A091CRU0_FUKDA 100.0 1.8E-42 1.8E-48  303.2   0.0  281   46-338   405-693 (720)
     169 tr|A0A0P7U0M1|A0A0P7U0M1_9TELE 100.0 1.8E-42 1.9E-48  283.0   0.0  288   48-338   100-412 (440)
     170 UniRef100_A0A6P4ZPQ5 G-protein 100.0 1.9E-42 1.9E-48  281.1   0.0  283   47-333    40-325 (420)
     171 UniRef100_A0A060YB93 G_PROTEIN 100.0 1.9E-42   2E-48  279.7   0.0  305   30-341    41-347 (480)
     172 tr|T1JU75|T1JU75_TETUR Unchara 100.0 2.1E-42 2.2E-48  294.6   0.0  293   47-339   141-437 (728)
     173 UniRef100_A0A0L7KZ56 Neuropept 100.0 2.2E-42 2.3E-48  293.3   0.0  284   48-335    85-383 (509)
     174 UniRef100_A0A1L8HHP3 G_PROTEIN 100.0 2.3E-42 2.3E-48  282.3   0.0  287   47-336    43-338 (370)
     175 tr|K1QHX9|K1QHX9_CRAGI Somatos 100.0 2.3E-42 2.4E-48  291.9   0.0  292   45-337    44-339 (456)
     176 UniRef100_A0A0K0PUH0 Orphan G- 100.0 2.5E-42 2.5E-48  304.6   0.0  282   49-332   136-468 (583)
     177 UniRef100_A0A1V4KIE8 Beta-1 ad 100.0 2.6E-42 2.6E-48  311.0   0.0  280   54-338    34-350 (512)
     178 tr|T1KPP2|T1KPP2_TETUR Unchara 100.0 2.7E-42 2.8E-48  290.0   0.0  285   46-338   148-437 (477)
     179 UniRef100_A0A3Q3G3A9 Mu-type o 100.0 2.8E-42 2.9E-48  272.3   0.0  289   75-365    63-351 (407)
     180 UniRef100_A0A0K0PUH3 Allatotro 100.0 2.9E-42 2.9E-48  285.9   0.0  284   49-338    68-374 (424)
     181 UniRef100_A0A2H8TNJ5 Neuropept 100.0 2.9E-42 2.9E-48  292.6   0.0  288   45-335   151-451 (528)
     182 tr|J9JRI9|J9JRI9_ACYPI Unchara 100.0 2.9E-42 2.9E-48  286.1   0.0  288   47-336    32-332 (490)
     183 UniRef100_A0A061IN14 NK-3 rece 100.0 2.9E-42   3E-48  300.2   0.0  286   49-337   233-523 (662)
     184 tr|A0A131ZXP6|A0A131ZXP6_SARSC 100.0   3E-42 3.1E-48  284.0   0.0  292   48-339   121-414 (480)
     185 UniRef100_A0A087XT11 Alpha-1B  100.0 3.2E-42 3.3E-48  291.9   0.0  324   11-344    39-411 (622)
     186 tr|A0A0P7V5N2|A0A0P7V5N2_9TELE 100.0 3.3E-42 3.3E-48  288.0   0.0  299   35-339    77-403 (468)
     187 UniRef100_A0A0P5DAK4 Orexin re 100.0 3.3E-42 3.4E-48  291.2   0.0  283   49-337   106-430 (505)
     188 UniRef100_A0A024R2Q0 Chemokine 100.0 3.4E-42 3.5E-48  295.4   0.0  285   46-337   153-443 (499)
     189 UniRef100_A0A1D1V5S1 G_PROTEIN 100.0 3.5E-42 3.6E-48  288.4   0.0  290   39-338    46-360 (484)
     190 tr|A0A232F0R3|A0A232F0R3_9HYME 100.0 3.7E-42 3.8E-48  283.5   0.0  285   48-339   102-425 (458)
     191 UniRef100_A0A087YQK7 Adrenocep 100.0 3.7E-42 3.8E-48  294.8   0.0  280   54-338   134-452 (617)
     192 tr|A0A1U7TSJ4|A0A1U7TSJ4_TARSY 100.0 3.8E-42 3.9E-48  290.3   0.0  286   49-338   212-519 (600)
     193 UniRef100_A0A0P0YUU8 Cannabino 100.0 4.4E-42 4.5E-48  290.6   0.0  293   49-343    82-423 (496)
     194 UniRef100_A0A2B4S4U3 Beta-2 ad 100.0 4.5E-42 4.6E-48  280.9   0.0  287   49-339    28-323 (372)
     195 tr|A0A131XUY2|A0A131XUY2_IXORI 100.0 4.6E-42 4.7E-48  285.0   0.0  284   49-336   161-445 (560)
     196 UniRef100_A0A3M6T6P4 G_PROTEIN 100.0 4.7E-42 4.8E-48  292.2   0.0  287   49-339    55-356 (465)
     197 tr|A0A0L0C8J1|A0A0L0C8J1_LUCCU 100.0 4.7E-42 4.8E-48  292.4   0.0  291   48-338   224-519 (661)
     198 UniRef100_A0A060WMC3 Alpha-1D  100.0 4.9E-42   5E-48  290.4   0.0  283   49-341   110-436 (564)
     199 tr|A0A218UB83|A0A218UB83_9PASE 100.0   5E-42 5.1E-48  294.7   0.0  288   45-342   189-517 (631)
     200 tr|A0A147AZW9|A0A147AZW9_FUNHE 100.0 5.2E-42 5.3E-48  299.7   0.0  287   48-338    84-435 (468)
     201 tr|A0A182L9N8|A0A182L9N8_9DIPT 100.0 5.4E-42 5.5E-48  290.8   0.0  291   46-338    85-383 (490)
     202 UniRef100_A0A7M7SYV2 G_PROTEIN 100.0 5.4E-42 5.6E-48  295.7   0.0  273   52-336    70-397 (630)
     203 UniRef100_A0A060X0P4 G_PROTEIN 100.0 6.1E-42 6.2E-48  295.7   0.0  284   48-334   137-428 (513)
     204 UniRef100_A0A1S3H6K0 neuropept 100.0 6.4E-42 6.5E-48  297.3   0.0  281   48-332    55-351 (470)
     205 UniRef100_A0A2B4R9G2 Melatonin 100.0 6.5E-42 6.5E-48  300.8   0.0  283   46-337    77-366 (461)
     206 tr|A0A0S1YD80|A0A0S1YD80_CHISP 100.0 6.5E-42 6.6E-48  288.0   0.0  285   49-339   164-466 (513)
     207 UniRef100_A0A210QT45 G-protein 100.0 6.7E-42 6.9E-48  285.4   0.0  287   47-336    56-356 (472)
     208 UniRef100_UPI0018F2CE96 somato 100.0 6.7E-42 6.9E-48  280.5   0.0  326    4-335   242-568 (608)
     209 tr|A0A1A8LLP2|A0A1A8LLP2_9TELE 100.0 6.8E-42   7E-48  283.6   0.0  288   44-338    88-398 (455)
     210 tr|L5M4Z9|L5M4Z9_MYODS C-C che 100.0 7.1E-42 7.3E-48  288.2   0.0  310   48-369   268-586 (590)
     211 UniRef100_A0A3M6TKX3 G_PROTEIN 100.0 7.4E-42 7.5E-48  289.5   0.0  291   45-338    71-375 (427)
     212 tr|A0A0P6IZB8|A0A0P6IZB8_9CRUS 100.0 7.5E-42 7.7E-48  289.1   0.0  290   47-339   200-496 (559)
     213 tr|B4KC34|B4KC34_DROMO Unchara 100.0 7.6E-42 7.8E-48  297.6   0.0  286   48-335   191-490 (670)
     214 UniRef100_A0A060XMX0 NPY-Y2 re 100.0   8E-42 8.3E-48  279.4   0.0  292   41-338   115-415 (452)
     215 UniRef100_A0A060WWU7 G_PROTEIN 100.0 8.1E-42 8.3E-48  288.9   0.0  283   46-337    65-382 (545)
     216 UniRef100_A0A060VP48 G_PROTEIN 100.0 8.1E-42 8.3E-48  303.5   0.0  283   48-335   153-448 (580)
     217 tr|A7SD89|A7SD89_NEMVE Predict 100.0 8.3E-42 8.5E-48  272.5   0.0  282   48-338    36-331 (355)
     218 UniRef100_A0A068WVN8 Biogenic  100.0   9E-42 9.2E-48  301.2   0.0  287   43-338   114-508 (641)
     219 UniRef100_A0A3B4VB96 Beta-2 ad 100.0   9E-42 9.2E-48  285.1   0.0  286   48-338    51-362 (464)
     220 tr|W5JTF9|W5JTF9_ANODA Somatos 100.0 9.3E-42 9.5E-48  287.2   0.0  290   49-338    54-348 (526)
     221 UniRef100_A0A087U880 Neuropept 100.0 9.4E-42 9.5E-48  284.4   0.0  286   45-335    64-361 (401)
     222 tr|A0A2B4RXD1|A0A2B4RXD1_STYPI 100.0 9.4E-42 9.6E-48  281.9   0.0  288   46-339    90-382 (416)
     223 tr|A0A2H1W6Q0|A0A2H1W6Q0_SPOFR 100.0 9.8E-42   1E-47  286.9   0.0  290   45-338    66-364 (466)
     224 tr|A0A139WLV7|A0A139WLV7_TRICA 100.0 9.9E-42   1E-47  296.9   0.0  288   46-337   395-697 (792)
     225 UniRef100_A0A060XP11 G_PROTEIN 100.0   1E-41   1E-47  291.7   0.0  283   45-337    86-392 (497)
     226 UniRef100_A0A0K0PUK8 FMRFamide 100.0 1.2E-41 1.2E-47  296.0   0.0  283   48-334    57-350 (471)
     227 tr|A0A146NR64|A0A146NR64_FUNHE 100.0 1.2E-41 1.2E-47  281.5   0.0  288   49-338   119-421 (449)
     228 UniRef100_A0A2B4SVC4 Dopamine  100.0 1.3E-41 1.4E-47  283.9   0.0  267   48-336    54-329 (397)
     229 UniRef100_A0A210QSD7 Octopamin 100.0 1.4E-41 1.4E-47  289.6   0.0  285   47-341    55-420 (423)
     230 tr|A0A1W4X208|A0A1W4X208_AGRPL 100.0 1.4E-41 1.4E-47  281.0   0.0  289   47-337    92-393 (467)
     231 UniRef100_A0A2B4RPR9 Allatosta 100.0 1.4E-41 1.5E-47  292.2   0.0  286   46-335    44-342 (446)
     232 tr|A0A0L0BYA7|A0A0L0BYA7_LUCCU 100.0 1.4E-41 1.5E-47  289.7   0.0  283   46-338   307-627 (678)
     233 tr|V8NQN2|V8NQN2_OPHHA G-prote 100.0 1.6E-41 1.7E-47  295.3   0.0  280   48-336   302-586 (840)
     234 UniRef100_A0A2B4SVS8 Neuropept 100.0 1.6E-41 1.7E-47  293.7   0.0  289   45-338    84-383 (480)
     235 tr|A0A0N8JZL4|A0A0N8JZL4_9TELE 100.0 1.7E-41 1.7E-47  285.1   0.0  285   49-337   104-412 (482)
     236 UniRef100_A0A401NJB3 G_PROTEIN 100.0 1.8E-41 1.8E-47  286.4   0.0  285   49-338    41-360 (517)
     237 tr|S7PUA8|S7PUA8_MYOBR C-C che 100.0 1.9E-41 1.9E-47  294.1   0.0  282   46-336   279-565 (603)
     238 UniRef100_A0A096MAY6 Alpha-1B  100.0 1.9E-41   2E-47  281.1   0.0  316   15-341    13-377 (489)
     239 UniRef100_A0A146M155 Neuropept 100.0   2E-41   2E-47  287.1   0.0  288   46-335    50-360 (488)
     240 UniRef100_A0A0N1PGA0 Octopamin 100.0 2.1E-41 2.1E-47  290.8   0.0  282   45-335   103-490 (547)
     241 UniRef100_A0A060X1U9 G_PROTEIN 100.0 2.1E-41 2.1E-47  292.0   0.0  285   45-339   134-459 (633)
     242 tr|A0A060XRS0|A0A060XRS0_ONCMY 100.0 2.1E-41 2.2E-47  297.3   0.0  289   43-341    49-379 (900)
     243 UniRef100_A0A2B4SC76 Substance 100.0 2.3E-41 2.3E-47  292.4   0.0  288   45-336    50-351 (461)
     244 tr|A0A1V4KUV7|A0A1V4KUV7_PATFA 100.0 2.2E-41 2.3E-47  274.9   0.0  297   40-339   109-412 (450)
     245 UniRef100_A0A6S7JE64 Neuropept 100.0 2.3E-41 2.3E-47  282.6   0.0  287   45-337    30-321 (412)
     246 UniRef100_A0A026WIP6 Cholecyst 100.0 2.3E-41 2.4E-47  299.2   0.0  291   48-341   169-533 (636)
     247 UniRef100_A0A2B4RHY9 Pyrogluta 100.0 2.3E-41 2.4E-47  296.9   0.0  286   46-338    78-372 (455)
     248 tr|A0A146YGA5|A0A146YGA5_FUNHE 100.0 2.4E-41 2.5E-47  295.3   0.0  292   43-342    24-345 (521)
     249 UniRef100_A0A060WGF3 B2 bradyk 100.0 2.4E-41 2.5E-47  298.1   0.0  281   51-335   161-449 (589)
     250 UniRef100_A0A023F452 Putative  100.0 2.5E-41 2.6E-47  294.5   0.0  290   41-339   131-540 (660)
     251 tr|C3Z5T5|C3Z5T5_BRAFL Unchara 100.0 2.6E-41 2.7E-47  270.8   0.0  295   43-338    31-329 (389)
     252 UniRef100_A0A096NAQ2 Cholecyst 100.0 2.7E-41 2.7E-47  290.6   0.0  285   50-336   151-500 (617)
     253 UniRef100_A0A091G1I5 Somatosta 100.0 2.9E-41   3E-47  253.7   0.0  284   51-335     4-287 (296)
     254 UniRef100_A0A1S3IX78 RYamide r 100.0 3.1E-41 3.2E-47  281.6   0.0  285   47-335    51-346 (444)
     255 tr|A0A1D2MSE1|A0A1D2MSE1_ORCCI 100.0 3.2E-41 3.3E-47  294.9   0.0  287   46-336   107-405 (615)
     256 UniRef100_A0A059ZY04 Angiotens 100.0 3.2E-41 3.3E-47  294.1   0.0  281   48-338   167-455 (546)
     257 UniRef100_A0A060YTK2 Uncharact 100.0 3.2E-41 3.3E-47  277.3   0.0  292   44-337    79-378 (447)
     258 UniRef100_A0A0K0PUK6 Orphan G- 100.0 3.3E-41 3.3E-47  279.0   0.0  288   50-339    67-375 (448)
     259 tr|A0A1A9ZAD8|A0A1A9ZAD8_GLOPL 100.0 3.3E-41 3.4E-47  283.5   0.0  287   48-336   121-420 (574)
     260 UniRef100_A0A067RDC3 Prolactin 100.0 3.4E-41 3.5E-47  286.6   0.0  287   45-336    60-355 (541)
     261 UniRef100_UPI000B911B64 melato 100.0 3.6E-41 3.7E-47  285.7   0.0  280   49-338    28-345 (381)
     262 tr|A0A182QHF8|A0A182QHF8_9DIPT 100.0 3.9E-41   4E-47  285.2   0.0  290   43-336    94-405 (581)
     263 UniRef100_A0A0K0PUL2 DH31-like 100.0 3.9E-41   4E-47  275.1   0.0  288   47-340    46-336 (375)
     264 tr|A0A2B4SSL5|A0A2B4SSL5_STYPI 100.0 4.6E-41 4.7E-47  269.0   0.0  290   43-337    15-309 (344)
     265 UniRef100_A0A076YJT8 Chemokine 100.0 4.8E-41 4.9E-47  286.7   0.0  281   47-337   158-444 (493)
     266 tr|A0A1S3NPB2|A0A1S3NPB2_SALSA 100.0 4.9E-41   5E-47  278.4   0.0  287   49-337    39-331 (443)
     267 UniRef100_A0A1D1VDY3 G_PROTEIN 100.0 5.1E-41 5.2E-47  288.2   0.0  288   48-337   132-446 (557)
     268 tr|A0A212C668|A0A212C668_CEREH 100.0 5.3E-41 5.4E-47  281.4   0.0  283   45-337   215-556 (558)
     269 UniRef100_A0A084WFJ7 AGAP00011 100.0 5.4E-41 5.5E-47  287.2   0.0  278   46-331    84-374 (519)
     270 tr|A0A182FUW3|A0A182FUW3_ANOAL 100.0 5.5E-41 5.6E-47  288.3   0.0  292   48-339   194-488 (666)
     271 tr|A0A091DQD0|A0A091DQD0_FUKDA 100.0 5.7E-41 5.8E-47  280.3   0.0  309   47-368   177-494 (499)
     272 UniRef100_A0A1B6HDB2 G_PROTEIN 100.0 5.8E-41 5.9E-47  267.2   0.0  288   49-338    11-307 (360)
     273 UniRef100_A0A096NVS2 Somatosta 100.0   6E-41 6.1E-47  273.9   0.0  286   46-338   111-398 (483)
     274 UniRef100_A0A067RG65 Neuropept 100.0 6.1E-41 6.2E-47  284.0   0.0  289   47-337    85-394 (509)
     275 UniRef100_A0A2B4SID7 Neuropept 100.0 6.1E-41 6.3E-47  284.0   0.0  290   46-338    78-380 (462)
     276 UniRef100_A0A1S2ZMW0 LOW QUALI 100.0 6.2E-41 6.3E-47  274.3   0.0  286   48-338   169-455 (520)
     277 tr|W4YJK4|W4YJK4_STRPU Unchara 100.0 6.3E-41 6.4E-47  283.4   0.0  286   44-340    64-372 (446)
     278 tr|A0A218UWX7|A0A218UWX7_9PASE 100.0 6.4E-41 6.5E-47  281.6   0.0  286   48-337    39-340 (474)
     279 UniRef100_A0A068WKU9 Neuropept 100.0 6.4E-41 6.5E-47  282.2   0.0  286   45-335    68-365 (451)
     280 tr|A0A2B4SKI0|A0A2B4SKI0_STYPI 100.0 6.4E-41 6.6E-47  285.8   0.0  280   47-332    95-393 (458)
     281 UniRef100_A0A4W2H4G2 Somatosta 100.0 6.5E-41 6.7E-47  266.7   0.0  288   47-338    39-326 (463)
     282 UniRef100_A0A7M7HFU8 G_PROTEIN 100.0 6.6E-41 6.7E-47  288.3   0.0  285   46-337    61-364 (423)
     283 UniRef100_UPI0001CB9B44 somato 100.0 6.6E-41 6.8E-47  264.4   0.0  290   47-338    25-317 (365)
     284 tr|B4JN40|B4JN40_DROGR GH24210 100.0 6.7E-41 6.8E-47  278.6   0.0  286   48-335   115-406 (436)
     285 UniRef100_A0A2B4RFH8 Neuropept 100.0 6.9E-41   7E-47  293.3   0.0  290   48-338    63-367 (439)
     286 UniRef100_A0A091R746 Beta-1 ad 100.0 6.9E-41 7.1E-47  285.0   0.0  279   53-336   138-451 (572)
     287 tr|F7E6B1|F7E6B1_MONDO Tachyki 100.0   7E-41 7.2E-47  277.3   0.0  284   50-336    95-383 (475)
     288 UniRef100_A0A060VNF4 G_PROTEIN 100.0 7.1E-41 7.3E-47  287.8   0.0  288   48-337   129-431 (566)
     289 UniRef100_A0A6P4Z684 G-protein 100.0 7.1E-41 7.3E-47  276.4   0.0  287   47-336    49-345 (425)
     290 UniRef100_A0A3M6TPP0 G_PROTEIN 100.0 7.3E-41 7.5E-47  285.4   0.0  282   48-337    49-354 (424)
     291 UniRef100_E9HAW0 G_PROTEIN_REC 100.0 8.1E-41 8.2E-47  274.7   0.0  278   49-332    64-351 (393)
     292 UniRef100_A0A087UP46 5-hydroxy 100.0 8.1E-41 8.3E-47  280.8   0.0  282   47-338    43-401 (472)
     293 UniRef100_A0A0L8HHE2 G_PROTEIN 100.0 8.4E-41 8.6E-47  279.6   0.0  283   52-338     3-300 (385)
     294 UniRef100_A0A0N7ZAP9 G_PROTEIN 100.0 8.5E-41 8.7E-47  282.2   0.0  290   44-339    71-368 (421)
     295 UniRef100_A0A2B4SE17 Substance 100.0 9.5E-41 9.7E-47  292.2   0.0  290   45-336    60-364 (467)
     296 UniRef100_A0A2B4S7A4 Alpha-1A  100.0 9.8E-41   1E-46  279.1   0.0  265   48-336    38-308 (392)
     297 UniRef100_A0A016T103 G_PROTEIN 100.0   1E-40   1E-46  293.0   0.0  272   57-339   118-477 (605)
     298 UniRef100_A0A023FH63 Putative  100.0   1E-40   1E-46  288.3   0.0  281   45-336   121-439 (563)
     299 UniRef100_A0A0S1YD99 Neuropept 100.0 1.1E-40 1.1E-46  272.5   0.0  289   48-338    74-373 (423)
     300 UniRef100_A0A3M6TAE6 G_PROTEIN 100.0 1.1E-40 1.1E-46  281.8   0.0  272   47-338    89-369 (443)
     301 UniRef100_A0A084VLD5 AGAP00422 100.0 1.2E-40 1.2E-46  286.8   0.0  281   47-338   241-596 (695)
     302 tr|A0A2B4SUH3|A0A2B4SUH3_STYPI 100.0 1.2E-40 1.2E-46  278.6   0.0  285   47-339    23-333 (385)
     303 tr|A0A210QY69|A0A210QY69_MIZYE 100.0 1.2E-40 1.2E-46  268.7   0.0  293   46-340    83-380 (400)
     304 UniRef100_A0A060VPX8 G_PROTEIN 100.0 1.3E-40 1.3E-46  298.8   0.0  281   47-337   130-418 (527)
     305 UniRef100_L9LDH4 Mu-type opioi 100.0 1.3E-40 1.3E-46  264.9   0.0  261   76-337    15-275 (460)
     306 UniRef100_A7RGN9 Predicted pro 100.0 1.3E-40 1.3E-46  268.5   0.0  282   45-336    26-313 (317)
     307 tr|A0A0A7RC79|A0A0A7RC79_RHOPR 100.0 1.3E-40 1.3E-46  272.5   0.0  294   45-339    71-375 (404)
     308 UniRef100_A0A0N0PF28 Orexin re 100.0 1.3E-40 1.3E-46  285.9   0.0  276   50-332   137-454 (588)
     309 UniRef100_A0A193KU97 GCR058 n= 100.0 1.3E-40 1.4E-46  271.7   0.0  287   49-338    25-332 (379)
     310 tr|A0A1S3FYW5|A0A1S3FYW5_DIPOR 100.0 1.4E-40 1.4E-46  267.0   0.0  288   49-340    69-361 (385)
     311 UniRef100_A0A026W4S0 Neuromedi 100.0 1.4E-40 1.4E-46  288.1   0.0  291   43-338    67-389 (604)
     312 UniRef100_A0A1S3J8T4 5-hydroxy 100.0 1.4E-40 1.5E-46  283.6   0.0  288   45-336    96-395 (468)
     313 UniRef100_A0A6F9DUB2 Somatosta 100.0 1.6E-40 1.7E-46  276.0   0.0  289   45-335    58-351 (467)
     314 tr|A0A067RDC3|A0A067RDC3_ZOONE 100.0 1.7E-40 1.7E-46  285.8   0.0  295   41-339    63-365 (506)
     315 tr|K7GCC3|K7GCC3_PELSI Adrenoc 100.0 1.7E-40 1.7E-46  275.8   0.0  284   50-338    42-364 (488)
     316 UniRef100_A0A6P8IFK2 neuromedi 100.0 1.9E-40 1.9E-46  272.5   0.0  292   45-340    21-324 (363)
     317 tr|A0A0P7V0U8|A0A0P7V0U8_9TELE 100.0 1.9E-40 1.9E-46  269.3   0.0  289   47-339    83-376 (439)
     318 UniRef100_A0A060W5H6 G_PROTEIN 100.0 1.9E-40   2E-46  288.3   0.0  283   47-333    84-383 (528)
     319 tr|A0A060X5F3|A0A060X5F3_ONCMY 100.0   2E-40 2.1E-46  298.3   0.0  281   47-336   412-701 (840)
     320 tr|A0A1S3NAI3|A0A1S3NAI3_SALSA 100.0 2.1E-40 2.1E-46  270.6   0.0  294   41-338    87-387 (439)
     321 tr|A0A210R0K7|A0A210R0K7_MIZYE 100.0 2.1E-40 2.1E-46  275.1   0.0  290   48-340    72-428 (470)
     322 UniRef100_A0A0L8I0T4 G_PROTEIN 100.0 2.1E-40 2.1E-46  283.6   0.0  279   51-338   135-497 (554)
     323 UniRef100_A0A087QH91 Melanopsi 100.0 2.1E-40 2.1E-46  288.3   0.0  283   49-335   103-397 (629)
     324 UniRef100_A0A068YA15 Neuropept 100.0 2.2E-40 2.2E-46  280.9   0.0  290   43-334    66-392 (510)
     325 tr|A0A0V1MVC7|A0A0V1MVC7_9BILA 100.0 2.2E-40 2.2E-46  285.0   0.0  290   46-337    77-378 (598)
     326 tr|A0A226N7X5|A0A226N7X5_CALSU 100.0 2.2E-40 2.2E-46  265.3   0.0  288   49-337   128-417 (419)
     327 UniRef100_A0A0A7KUZ5 Opsin 5 n 100.0 2.5E-40 2.5E-46  280.2   0.0  280   51-335    54-342 (407)
     328 UniRef100_A0A0E3EKU4 Allatotro 100.0 2.7E-40 2.8E-46  276.6   0.0  282   51-338   133-432 (562)
     329 tr|A0A0R4IQ19|A0A0R4IQ19_DANRE 100.0 2.9E-40   3E-46  265.0   0.0  296   40-338    46-348 (384)
     330 tr|C3Z3H5|C3Z3H5_BRAFL Unchara 100.0 2.9E-40   3E-46  268.4   0.0  314   48-364    79-402 (405)
     331 tr|A0A1L8HND2|A0A1L8HND2_XENLA 100.0   3E-40   3E-46  275.8   0.0  293   46-340   125-430 (452)
     332 SRR6218665_799277              100.0   3E-40   3E-46  268.8   0.0  301   37-338   110-420 (456)
     333 UniRef100_F6SEF7 G_PROTEIN_REC 100.0 3.2E-40 3.2E-46  266.3   0.0  286   47-333    38-333 (337)
     334 UniRef100_A0A060VTR1 G_PROTEIN 100.0 3.2E-40 3.3E-46  283.4   0.0  285   45-340   115-443 (619)
     335 tr|R4J1H6|R4J1H6_SALSA Cholecy 100.0 3.3E-40 3.4E-46  271.9   0.0  287   49-338    46-407 (461)
     336 UniRef100_UPI000219022F Endoly 100.0 3.3E-40 3.4E-46  273.3   0.0  285   50-339   201-488 (507)
     337 UniRef100_A0A016SJ65 Thyrolibe 100.0 3.5E-40 3.6E-46  284.2   0.0  285   45-335    79-394 (479)
     338 tr|A0A2B4S6X2|A0A2B4S6X2_STYPI 100.0 3.5E-40 3.6E-46  269.5   0.0  283   48-340    22-326 (379)
     339 UniRef100_A0A218VDE9 Somatosta 100.0 3.5E-40 3.6E-46  268.1   0.0  288   45-337    19-307 (556)
     340 UniRef100_A0A060X6T3 G_PROTEIN 100.0 3.6E-40 3.7E-46  279.5   0.0  281   49-339    89-415 (550)
     341 UniRef100_A0A6P4YCQ0 somatosta 100.0 3.9E-40   4E-46  261.4   0.0  288   47-337    68-366 (428)
     342 tr|A0A0L8FIS6|A0A0L8FIS6_OCTBM 100.0   4E-40   4E-46  276.8   0.0  290   47-340    88-423 (485)
     343 UniRef100_A0A3M6T8F5 G_PROTEIN 100.0   4E-40 4.1E-46  292.3   0.0  288   46-338    98-396 (523)
     344 UniRef100_A0A7M7HKI1 G_PROTEIN 100.0 4.3E-40 4.4E-46  279.0   0.0  278   54-337    44-335 (418)
     345 UniRef100_A0A0H3YI86 Pyrokinin 100.0 4.3E-40 4.4E-46  286.2   0.0  289   45-339    79-400 (510)
     346 tr|A0A147AXX1|A0A147AXX1_FUNHE 100.0 4.4E-40 4.5E-46  272.1   0.0  287   47-337    35-329 (490)
     347 UniRef100_A0A068AZY5 Octopamin 100.0 4.4E-40 4.5E-46  303.1   0.0  191   41-238   165-357 (723)
     348 tr|A0A0P6B3L3|A0A0P6B3L3_9CRUS 100.0 4.4E-40 4.5E-46  276.6   0.0  291   48-338    31-413 (623)
     349 UniRef100_A0A2B4RXD1 Neuropept 100.0 4.6E-40 4.7E-46  278.5   0.0  286   47-338    92-383 (461)
     350 tr|A0A146PN09|A0A146PN09_FUNHE 100.0 5.3E-40 5.4E-46  288.1   0.0  288   48-338    38-396 (432)
     351 tr|A0A0P7U113|A0A0P7U113_9TELE 100.0 5.5E-40 5.6E-46  275.3   0.0  273   47-333   145-417 (452)
     352 tr|A0A2B4SAJ4|A0A2B4SAJ4_STYPI 100.0 5.6E-40 5.7E-46  276.9   0.0  283   47-333    26-329 (434)
     353 UniRef100_A0A067R841 G_PROTEIN 100.0 5.7E-40 5.8E-46  283.2   0.0  291   47-337   104-409 (526)
     354 ERR1719361_2001115             100.0 5.7E-40 5.8E-46  275.1   0.0  290   45-335    20-322 (415)
     355 UniRef100_A0A0D9R0U9 Apelin re 100.0 5.8E-40 5.9E-46  274.2   0.0  287   50-337    62-363 (482)
     356 UniRef100_A0A0P7U357 Apelin re 100.0 5.9E-40   6E-46  272.6   0.0  281   48-337    56-343 (401)
     357 UniRef100_A0A060Y7B7 G_PROTEIN 100.0 6.1E-40 6.2E-46  282.7   0.0  282   48-339   114-551 (560)
     358 UniRef100_A0A0P6J0T1 Putative  100.0 6.1E-40 6.3E-46  290.0   0.0  290   44-338    97-410 (735)
     359 UniRef100_A0A3M6TV84 G_PROTEIN 100.0 6.6E-40 6.7E-46  275.4   0.0  280   49-338    45-338 (405)
     360 UniRef100_A0A060WAA0 NK-2 rece 100.0 6.6E-40 6.7E-46  271.1   0.0  288   48-337    71-364 (465)
     361 UniRef100_A0A061IAU9 Gastric r 100.0 7.2E-40 7.4E-46  278.9   0.0  285   46-340   111-409 (588)
     362 tr|K1PQW2|K1PQW2_CRAGI Putativ 100.0 7.4E-40 7.6E-46  268.2   0.0  300   37-338    45-354 (437)
     363 tr|A0A2B4RYF4|A0A2B4RYF4_STYPI 100.0 7.6E-40 7.7E-46  269.7   0.0  283   48-336    23-310 (402)
     364 UniRef100_A0A061I5W2 G-protein 100.0 7.6E-40 7.8E-46  270.9   0.0  286   48-338    75-366 (435)
     365 tr|A0A226N2C0|A0A226N2C0_CALSU 100.0 7.8E-40   8E-46  274.3   0.0  288   47-344   222-527 (569)
     366 UniRef100_A0A151NBW6 Beta-3 ad 100.0 7.8E-40   8E-46  273.7   0.0  283   49-336    30-339 (490)
     367 tr|L9JWP3|L9JWP3_TUPCH C-C che 100.0 7.8E-40   8E-46  288.1   0.0  281   47-338   385-670 (702)
     368 UniRef100_A0A060W161 G_PROTEIN 100.0 8.1E-40 8.3E-46  292.8   0.0  281   47-336   166-454 (574)
     369 UniRef100_A0A1A7ZR65 Somatosta 100.0 8.2E-40 8.4E-46  258.1   0.0  289   45-337    45-333 (390)
     370 tr|A7S585|A7S585_NEMVE Predict 100.0 8.3E-40 8.5E-46  272.1   0.0  290   48-340    23-328 (374)
     371 UniRef100_A0A0G3Y5J3 Peropsin  100.0 8.4E-40 8.5E-46  274.3   0.0  285   49-338    36-324 (363)
     372 UniRef100_A0A3M6UKX8 G_PROTEIN 100.0 8.5E-40 8.7E-46  283.9   0.0  290   47-337   116-420 (487)
     373 tr|A0A2B4SNZ1|A0A2B4SNZ1_STYPI 100.0 8.6E-40 8.7E-46  276.5   0.0  283   48-338    30-320 (351)
     374 UniRef100_A0A1D2MZ73 Somatosta 100.0 8.7E-40 8.9E-46  271.4   0.0  293   46-338    65-382 (533)
     375 UniRef100_A0A026WC04 Dopamine  100.0   9E-40 9.3E-46  270.5   0.0  284   44-338    72-398 (468)
     376 tr|T1KTS6|T1KTS6_TETUR Unchara 100.0 9.1E-40 9.3E-46  278.9   0.0  286   46-334   116-415 (587)
     377 UniRef100_A0A1S3HRK7 octopamin 100.0 9.2E-40 9.4E-46  279.1   0.0  280   50-336    65-349 (413)
     378 tr|A0A2B4RSD1|A0A2B4RSD1_STYPI 100.0 9.5E-40 9.7E-46  282.7   0.0  287   44-339    45-383 (430)
     379 tr|M3ZYH7|M3ZYH7_XIPMA Unchara 100.0 9.6E-40 9.8E-46  272.2   0.0  284   47-338    83-374 (397)
     380 UniRef100_A0A678XEL8 Trace ami 100.0 9.6E-40 9.8E-46  279.4   0.0  281   51-338    57-357 (523)
     381 UniRef100_A0A026VXG0 Octopamin 100.0 9.7E-40 9.9E-46  285.9   0.0  282   44-334    76-537 (647)
     382 tr|A7RYQ3|A7RYQ3_NEMVE Predict 100.0   1E-39   1E-45  275.6   0.0  282   47-339    49-337 (367)
     383 tr|H2Q292|H2Q292_PANTR Unchara 100.0   1E-39   1E-45  271.0   0.0  285   46-338    78-404 (492)
     384 UniRef100_A0A0L0C965 Tachykini 100.0 1.1E-39 1.1E-45  276.3   0.0  288   48-337   119-418 (611)
     385 UniRef100_A0A023F4J9 Putative  100.0 1.1E-39 1.2E-45  282.6   0.0  282   45-335   152-490 (588)
     386 UniRef100_A0A3M6UBA2 G_PROTEIN 100.0 1.2E-39 1.2E-45  273.1   0.0  283   47-338    47-341 (383)
     387 tr|A0A0N0BC55|A0A0N0BC55_9HYME 100.0 1.3E-39 1.3E-45  273.4   0.0  291   48-339   204-495 (615)
     388 tr|A0A0N7ZC69|A0A0N7ZC69_9EUCA 100.0 1.3E-39 1.4E-45  262.8   0.0  319   49-368    66-400 (430)
     389 UniRef100_A0A060Y554 Urotensin 100.0 1.3E-39 1.4E-45  276.6   0.0  288   40-331    92-385 (493)
     390 tr|A0A0P7TYE1|A0A0P7TYE1_9TELE 100.0 1.4E-39 1.4E-45  273.7   0.0  285   51-337   125-473 (507)
     391 UniRef100_A0A553N720 G_PROTEIN 100.0 1.4E-39 1.4E-45  276.4   0.0  292   45-338   133-434 (595)
     392 UniRef100_A0A060WXX3 G-protein 100.0 1.4E-39 1.4E-45  285.2   0.0  281   47-335   157-451 (539)
     393 tr|A0A218UP03|A0A218UP03_9PASE 100.0 1.4E-39 1.4E-45  289.3   0.0  283   45-336   785-1073(1110)
     394 UniRef100_A0A0G2UQ37 Rhodopsin 100.0 1.4E-39 1.4E-45  274.8   0.0  281   49-333    95-391 (515)
     395 UniRef100_A0A060W247 Cholecyst 100.0 1.4E-39 1.5E-45  279.9   0.0  287   49-337   127-476 (563)
     396 UniRef100_A0A060YWD0 G_PROTEIN 100.0 1.6E-39 1.6E-45  276.2   0.0  290   48-338   171-463 (544)
     397 UniRef100_A0A2B4RZ41 Adenosine 100.0 1.7E-39 1.7E-45  273.8   0.0  264   47-335    46-310 (381)
     398 UniRef100_A0A068WTW9 Tachykini 100.0 1.7E-39 1.7E-45  271.1   0.0  286   45-335    41-357 (453)
     399 UniRef100_A0A060ILH2 Neuromedi 100.0 1.7E-39 1.8E-45  278.4   0.0  286   50-338   177-478 (606)
     400 UniRef100_A0A026WCQ7 Tyramine  100.0 1.7E-39 1.8E-45  291.2   0.0  279   48-339   182-589 (665)
     401 ERR1719341_586736              100.0 1.7E-39 1.8E-45  275.7   0.0  291   47-338    52-355 (513)
     402 UniRef100_A0A061ACA9 G_PROTEIN 100.0 1.8E-39 1.8E-45  284.3   0.0  270   51-331    97-373 (513)
     403 UniRef100_UPI0003F07467 orexin 100.0 1.8E-39 1.8E-45  277.2   0.0  286   45-333    73-411 (535)
     404 tr|A0A1S3L0J1|A0A1S3L0J1_SALSA 100.0 1.8E-39 1.8E-45  273.9   0.0  283   47-339    73-407 (533)
     405 tr|A0A2B4R9G2|A0A2B4R9G2_STYPI 100.0 1.9E-39 1.9E-45  269.1   0.0  280   48-335    59-347 (378)
     406 UniRef100_A0A315V7W7 Somatosta 100.0 1.8E-39 1.9E-45  265.7   0.0  290   47-337    71-360 (591)
     407 UniRef100_A0A485NPN3 Band 4.1  100.0 1.9E-39 1.9E-45  286.2   0.0  270   72-341    80-349 (1421)
     408 UniRef100_A0A0K0PUG3 Thyrolibe 100.0 1.9E-39   2E-45  280.6   0.0  288   45-338   210-522 (606)
     409 tr|A0A2B4S4U3|A0A2B4S4U3_STYPI 100.0   2E-39   2E-45  261.0   0.0  283   50-336    26-321 (359)
     410 UniRef100_A0A2B4SJE7 Orexin re 100.0   2E-39   2E-45  278.7   0.0  284   47-335   132-429 (517)
     411 tr|A0A151NBW9|A0A151NBW9_ALLMI 100.0   2E-39   2E-45  272.8   0.0  286   49-338    80-392 (472)
     412 UniRef100_A0A1I7STM2 (pine woo 100.0   2E-39   2E-45  275.8   0.0  294   43-338    74-387 (430)
     413 UniRef100_A0A2B4SJV4 Galanin r 100.0   2E-39   2E-45  282.4   0.0  283   49-336    74-365 (444)
     414 tr|A0A1A9ZM95|A0A1A9ZM95_GLOPL 100.0 2.1E-39 2.1E-45  267.5   0.0  289   49-338    94-394 (481)
     415 tr|A0A287CUD4|A0A287CUD4_ICTTR 100.0 2.1E-39 2.1E-45  268.2   0.0  283   46-338    15-308 (478)
     416 tr|A7SMQ7|A7SMQ7_NEMVE Predict 100.0 2.1E-39 2.1E-45  265.4   0.0  285   48-338    10-303 (358)
     417 ERR1719510_236906              100.0 2.1E-39 2.2E-45  281.9   0.0  288   48-339    81-375 (577)
     418 tr|A0A1S3IXU4|A0A1S3IXU4_LINUN 100.0 2.2E-39 2.2E-45  268.5   0.0  283   48-337    56-345 (440)
     419 UniRef100_A0A0Q3PEJ5 Alpha-1B  100.0 2.2E-39 2.3E-45  275.1   0.0  286   46-342    59-389 (683)
     420 UniRef100_A0A061QLL1 Putative  100.0 2.2E-39 2.3E-45  272.1   0.0  285   43-337    39-421 (424)
     421 tr|A0A091DB56|A0A091DB56_FUKDA 100.0 2.2E-39 2.3E-45  263.1   0.0  289   47-336   161-452 (454)
     422 tr|I3KRG5|I3KRG5_ORENI FGFR1 o 100.0 2.3E-39 2.4E-45  276.4   0.0  283   46-337   144-449 (489)
     423 UniRef100_A0A087QSW5 5-hydroxy 100.0 2.3E-39 2.4E-45  271.6   0.0  293   38-339   166-516 (570)
     424 UniRef100_A0A2I0LNT9 Opioid re 100.0 2.4E-39 2.4E-45  247.1   0.0  311    1-368     1-311 (313)
     425 tr|A0A1S2ZMW0|A0A1S2ZMW0_ERIEU 100.0 2.4E-39 2.5E-45  259.7   0.0  286   48-338   156-442 (490)
     426 UniRef100_A0A060VRN9 G_PROTEIN 100.0 2.4E-39 2.5E-45  275.3   0.0  281   44-335   130-428 (496)
     427 tr|A0A232F8D2|A0A232F8D2_9HYME 100.0 2.5E-39 2.5E-45  271.1   0.0  288   44-335    66-368 (478)
     428 UniRef100_A0A1D1UXI1 G_PROTEIN 100.0 2.5E-39 2.6E-45  269.1   0.0  289   46-338   132-430 (553)
     429 UniRef100_A0A060X7S9 B2 bradyk 100.0 2.6E-39 2.6E-45  277.1   0.0  283   52-338   116-406 (491)
     430 UniRef100_A0A060VWI9 G_PROTEIN 100.0 2.6E-39 2.7E-45  276.8   0.0  280   54-338    65-395 (579)
     431 UniRef100_A0A024R4J1 Formyl pe 100.0 2.7E-39 2.7E-45  291.9   0.0  279   48-335   171-453 (581)
     432 tr|A0A0P7XE55|A0A0P7XE55_9TELE 100.0 2.8E-39 2.9E-45  279.4   0.0  289   44-342    45-372 (782)
     433 UniRef100_A0A067R4E0 Tachykini 100.0   3E-39   3E-45  268.7   0.0  284   48-335    48-342 (396)
     434 UniRef100_A0A0C9RF21 CapaR_3 p 100.0 3.1E-39 3.2E-45  275.4   0.0  289   46-338    48-357 (532)
     435 tr|W5MC67|W5MC67_LEPOC Pyroglu 100.0 3.3E-39 3.3E-45  265.4   0.0  290   47-338    51-360 (441)
     436 UniRef100_A0A2G8KMT5 G_PROTEIN 100.0 3.3E-39 3.4E-45  269.8   0.0  271   53-335    40-325 (402)
     437 tr|A0A1I8N820|A0A1I8N820_MUSDO 100.0 3.5E-39 3.6E-45  281.4   0.0  281   45-335   300-635 (880)
     438 UniRef100_A0A060WAG3 G_PROTEIN 100.0 3.5E-39 3.6E-45  275.3   0.0  290   47-345   120-507 (550)
     439 UniRef100_A0A087YKS5 Tachykini 100.0 3.6E-39 3.7E-45  263.6   0.0  286   49-336    66-357 (454)
     440 tr|A0A061ILI5|A0A061ILI5_CRIGR 100.0 3.7E-39 3.7E-45  267.3   0.0  295   41-338   189-492 (528)
     441 tr|V8NTH6|V8NTH6_OPHHA N-arach 100.0 3.7E-39 3.8E-45  289.4   0.0  291   47-338    26-324 (785)
     442 UniRef100_A0A060XSH0 G_PROTEIN 100.0 3.8E-39 3.8E-45  283.3   0.0  288   47-338   144-435 (590)
     443 UniRef100_A0A060VWE3 G_PROTEIN 100.0 3.8E-39 3.9E-45  286.1   0.0  283   46-334   142-429 (542)
     444 UniRef100_A0A0B1TTF1 7 transme 100.0 3.9E-39   4E-45  272.6   0.0  290   45-337    59-357 (477)
     445 UniRef100_A0A087X9W8 G_PROTEIN 100.0 3.9E-39   4E-45  277.2   0.0  286   48-334   122-416 (547)
     446 UniRef100_A0A182H1J6 G_PROTEIN 100.0   4E-39 4.1E-45  287.1   0.0  194   46-241   315-511 (1005)
     447 UniRef100_UPI00140407B6 somato 100.0   4E-39 4.1E-45  255.5   0.0  294   33-337    24-318 (443)
     448 tr|A7SIX0|A7SIX0_NEMVE Predict 100.0 4.2E-39 4.3E-45  265.3   0.0  286   48-338    23-319 (403)
     449 tr|E6ZEU6|E6ZEU6_DICLA Neurome 100.0 4.4E-39 4.5E-45  272.9   0.0  287   49-338    88-395 (461)
     450 tr|A0A146TP77|A0A146TP77_FUNHE 100.0 4.5E-39 4.6E-45  283.7   0.0  286   46-340    43-426 (522)
     451 UniRef100_A0A2B4SYG2 5-hydroxy 100.0 4.6E-39 4.7E-45  265.7   0.0  277   48-335    28-314 (376)
     452 tr|C3XVU5|C3XVU5_BRAFL Unchara 100.0 4.6E-39 4.7E-45  265.8   0.0  284   47-336    59-355 (439)
     453 UniRef100_A0A026W4F0 Octopamin 100.0 4.6E-39 4.7E-45  266.4   0.0  280   48-336    54-391 (445)
     454 tr|A0A2D0SD29|A0A2D0SD29_ICTPU 100.0 4.8E-39 4.9E-45  268.4   0.0  279   49-337     4-308 (420)
     455 tr|A0A0K0PUV0|A0A0K0PUV0_PLADU 100.0 4.8E-39 4.9E-45  265.9   0.0  282   47-338    13-334 (373)
     456 UniRef100_A0A0P7U0M1 Galanin r 100.0   5E-39 5.1E-45  261.6   0.0  297   39-338   130-435 (475)
     457 tr|W8B9D1|W8B9D1_CERCA 5-hydro 100.0   5E-39 5.2E-45  274.0   0.0  284   48-339   261-628 (664)
     458 tr|F1R2F3|F1R2F3_DANRE Neurope 100.0 5.1E-39 5.2E-45  277.5   0.0  289   48-337    73-367 (731)
     459 tr|A0A1D1V6H4|A0A1D1V6H4_RAMVA 100.0 5.3E-39 5.4E-45  269.5   0.0  291   48-340    60-376 (498)
     460 UniRef100_A0A6P8HVR8 galanin r 100.0 5.4E-39 5.5E-45  265.1   0.0  289   43-337    16-320 (381)
     461 UniRef100_A0A077Z2V7 Neuropept 100.0 5.4E-39 5.5E-45  268.0   0.0  288   48-335    68-373 (451)
     462 UniRef100_A0A553Q836 G_PROTEIN 100.0 5.4E-39 5.6E-45  260.3   0.0  285   51-338    49-333 (536)
     463 tr|A0A1V4JMN9|A0A1V4JMN9_PATFA 100.0 5.5E-39 5.6E-45  269.4   0.0  280   50-333    93-417 (537)
     464 tr|A0A212EZN3|A0A212EZN3_DANPL 100.0   6E-39 6.1E-45  269.9   0.0  286   49-338    54-355 (488)
     465 UniRef100_A0A026X164 G-protein 100.0 6.1E-39 6.2E-45  279.8   0.0  281   49-340   118-426 (604)
     466 tr|A0A091DX38|A0A091DX38_FUKDA 100.0 6.1E-39 6.3E-45  279.9   0.0  288   47-338   140-429 (878)
     467 tr|A0A146NY53|A0A146NY53_FUNHE 100.0 6.2E-39 6.3E-45  271.1   0.0  277   51-335     8-315 (469)
     468 UniRef100_A0A061QHX0 Putative  100.0 6.2E-39 6.3E-45  279.8   0.0  280   48-338   131-508 (563)
     469 tr|A7RVQ0|A7RVQ0_NEMVE Predict 100.0 6.6E-39 6.7E-45  270.2   0.0  292   46-338    25-332 (398)
     470 UniRef100_A0A132AJH3 7 transme 100.0 6.7E-39 6.8E-45  273.1   0.0  280   53-335    72-384 (447)
     471 UniRef100_A0A026W3I9 Neuropept 100.0 6.7E-39 6.9E-45  276.2   0.0  290   44-338    53-368 (599)
     472 UniRef100_A0A3M6TDR7 G_PROTEIN 100.0 6.8E-39 6.9E-45  276.4   0.0  268   49-334    74-350 (425)
     473 tr|A0A151NSA8|A0A151NSA8_ALLMI 100.0 6.8E-39   7E-45  266.5   0.0  275   47-332    86-369 (406)
     474 UniRef100_A0A023F665 Putative  100.0 7.2E-39 7.3E-45  277.0   0.0  290   45-335   139-447 (573)
     475 UniRef100_A0A061I1T5 C3a anaph 100.0 7.3E-39 7.4E-45  286.7   0.0  279   49-335   135-527 (700)
     476 UniRef100_A0A4W3J4G3 Somatosta 100.0 7.5E-39 7.8E-45  256.3   0.0  288   48-338    42-329 (480)
     477 tr|A0A182FRI7|A0A182FRI7_ANOAL 100.0 7.6E-39 7.8E-45  284.8   0.0  185   47-238   110-297 (677)
     478 UniRef100_A0A087XFV2 5-hydroxy 100.0 8.1E-39 8.3E-45  270.5   0.0  291   44-338    78-397 (493)
     479 UniRef100_A0A060W714 Chemokine 100.0 8.5E-39 8.7E-45  275.9   0.0  279   45-335   117-395 (510)
     480 UniRef100_A0A0M4EKL7 Takr99D n 100.0 8.7E-39   9E-45  265.7   0.0  287   48-336   116-415 (571)
     481 UniRef100_A0A074ZKD6 G_PROTEIN 100.0 8.8E-39   9E-45  267.7   0.0  292   46-338   147-459 (521)
     482 tr|C7SLZ0|C7SLZ0_APLKU Seroton 100.0   9E-39 9.2E-45  273.1   0.0  285   42-338    65-425 (485)
     483 UniRef100_A0A084VAB3 Pk-1 rece 100.0 9.1E-39 9.3E-45  272.2   0.0  285   44-333    98-411 (552)
     484 UniRef100_A0A1B0TJL6 Opsin Gq3 100.0 9.1E-39 9.3E-45  272.3   0.0  279   50-332    72-365 (589)
     485 UniRef100_A0A3M6UKG3 G_PROTEIN 100.0 9.5E-39 9.7E-45  261.1   0.0  284   47-334    22-318 (378)
     486 UniRef100_A0A0L0C8J1 G_PROTEIN 100.0 9.8E-39   1E-44  271.2   0.0  294   45-338   271-569 (698)
     487 tr|A0A091DLL4|A0A091DLL4_FUKDA 100.0   1E-38   1E-44  262.4   0.0  288   47-339    31-346 (474)
     488 tr|A0A210QNG6|A0A210QNG6_MIZYE 100.0 1.1E-38 1.1E-44  269.7   0.0  290   47-340    37-342 (498)
     489 UniRef100_A0A023F664 Putative  100.0 1.1E-38 1.1E-44  268.0   0.0  287   49-338    80-381 (471)
     490 tr|A0A1S3FWK5|A0A1S3FWK5_DIPOR 100.0 1.1E-38 1.1E-44  273.7   0.0  285   44-339   411-731 (786)
     491 tr|K1PEH3|K1PEH3_CRAGI Neurope 100.0 1.1E-38 1.1E-44  262.5   0.0  284   52-337    50-357 (411)
     492 tr|A7RRH0|A7RRH0_NEMVE Predict 100.0 1.1E-38 1.1E-44  278.5   0.0  284   47-339    24-317 (700)
     493 UniRef100_A0A2G8JD30 Putative  100.0 1.1E-38 1.2E-44  254.8   0.0  284   50-337    25-316 (323)
     494 UniRef100_A0A060VZB5 G_PROTEIN 100.0 1.2E-38 1.2E-44  280.5   0.0  282   45-331   123-410 (533)
     495 UniRef100_A0A4Z2I5Z9 Somatosta 100.0 1.2E-38 1.3E-44  266.6   0.0  291   46-337   400-690 (729)
     496 tr|A0A1S3W6N0|A0A1S3W6N0_ERIEU 100.0 1.3E-38 1.3E-44  270.3   0.0  286   50-338   132-444 (596)
     497 UniRef100_A0A0L8HMQ0 G_PROTEIN 100.0 1.3E-38 1.3E-44  272.2   0.0  288   48-339    47-349 (538)
     498 SRR6218665_1286431             100.0 1.3E-38 1.4E-44  262.6   0.0  289   49-337    47-340 (477)
     499 tr|A0A1L7H7D8|A0A1L7H7D8_SACKO 100.0 1.4E-38 1.4E-44  258.6   0.0  283   45-340    67-367 (424)
     500 UniRef100_A0A091P8Q6 C-C chemo 100.0 1.4E-38 1.4E-44  256.2   0.0  280   52-339     3-287 (322)
     
  > Uniprot already searched, skipping.
/projects/ilfgrid/apps/alphafold-2.2.0/prep_MSAs.sh: line 93: /bin/hmmbuild: No such file or directory
/projects/ilfgrid/apps/alphafold-2.2.0/prep_MSAs.sh: line 94: /bin/hmmsearch: No such file or directory
> Running chain B
  > Uniref90 already searched, skipping.
  > Mgnify already searched, skipping.
  > Running hhblits on bfd_uniref30
- 02:12:36.976 INFO: Searching 65983866 column state sequences.

- 02:12:38.724 INFO: Searching 29291635 column state sequences.

- 02:12:38.757 INFO: oprd_human-1623/msas/B/chain_B.fasta is in A2M, A3M or FASTA format

- 02:12:38.757 INFO: Iteration 1

- 02:12:38.762 INFO: Prefiltering database

- 02:13:17.094 INFO: HMMs passed 1st prefilter (gapless profile-profile alignment)  : 1000

- 02:13:33.747 INFO: HMMs passed 1st prefilter (gapless profile-profile alignment)  : 4888

- 02:13:33.753 INFO: No HMMs pass prefilter => Stop searching!

     Query         endomorphin-1 gtp:1623
     Match_columns 4
     No_of_seqs    1 out of 1
     Neff          1
     Searched_HMMs 0
     Date          Thu Mar  9 02:13:33 2023
     Command       hhblits -i oprd_human-1623/msas/B/chain_B.fasta -cpu 4 -maxmem 20 -oa3m /projects/ilfgrid/people/nqz918/code/deorph/scripts/af_arman/af_jobs_af23/oprd_human/1623//oprd_human-1623/msas/B/bfd_uniref_hits.a3m -o /dev/null -n 3 -e 0.001 -maxseq 1000000 -realign_max 100000 -maxfilt 100000 -min_prefilter_hits 1000 -d /projects/ilfgrid/data/alphafold-genetic-databases///bfd/bfd_metaclust_clu_complete_id30_c90_final_seq.sorted_opt -d /projects/ilfgrid/data/alphafold-genetic-databases///uniref30/UniRef30_2021_03 
     
      No Hit                             Prob E-value P-value  Score    SS Cols Query HMM  Template HMM
     
  > Uniprot already searched, skipping.
/projects/ilfgrid/apps/alphafold-2.2.0/prep_MSAs.sh: line 93: /bin/hmmbuild: No such file or directory
/projects/ilfgrid/apps/alphafold-2.2.0/prep_MSAs.sh: line 94: /bin/hmmsearch: No such file or directory

>> Job finished at: Thu Mar  9 02:13:38 CET 2023

>> Runtime: 734 s
