>> Job started at: Thu Mar  9 10:42:09 CET 2023
   On Machine:     ilfgridgpun01fl.unicph.domain
   In directory:   /projects/ilfgrid/people/nqz918/code/deorph/scripts/af_arman/af_jobs_af23/ur2r_human/2156

>> GPU is 

Loaded miniconda shell environment for bash
> Running 'prep_MSAs.sh'
  > Alphafold-DB directory is set to /projects/ilfgrid/data/alphafold-genetic-databases//
  > Number of cores was set to set to 4
  > Max memory set to 20 GB
  > Output directory was set to /projects/ilfgrid/people/nqz918/code/deorph/scripts/af_arman/af_jobs_af23/ur2r_human/2156/
  > Input fastafile was set to /projects/ilfgrid/people/nqz918/code/deorph/scripts/af_arman/af_jobs_af23/ur2r_human/2156/ur2r_human-2156.fasta
> Splitting fastafile
> Running chain A
  > Uniref90 already searched, skipping.
  > Mgnify already searched, skipping.
  > Running hhblits on bfd_uniref30
- 10:42:32.598 INFO: Searching 65983866 column state sequences.

- 10:42:33.964 INFO: Searching 29291635 column state sequences.

- 10:42:34.001 INFO: ur2r_human-2156/msas/A/chain_A.fasta is in A2M, A3M or FASTA format

- 10:42:34.001 INFO: Iteration 1

- 10:42:34.153 INFO: Prefiltering database

- 10:43:55.884 INFO: HMMs passed 1st prefilter (gapless profile-profile alignment)  : 4491819

- 10:45:00.156 INFO: HMMs passed 1st prefilter (gapless profile-profile alignment)  : 1268838

- 10:45:08.330 INFO: HMMs passed 2nd prefilter (gapped profile-profile alignment)   : 34162

- 10:45:08.330 INFO: HMMs passed 2nd prefilter and not found in previous iterations : 34162

- 10:45:08.330 INFO: Scoring 34162 HMMs using HMM-HMM Viterbi alignment

- 10:45:08.377 INFO: Alternative alignment: 0

- 10:45:09.343 INFO: 2000 alignments done

- 10:45:11.119 INFO: 4000 alignments done

- 10:45:12.320 INFO: 6000 alignments done

- 10:45:24.024 INFO: 8000 alignments done

- 10:45:48.642 INFO: 10000 alignments done

- 10:45:52.622 INFO: 12000 alignments done

- 10:45:57.753 INFO: 14000 alignments done

- 10:46:00.186 INFO: 16000 alignments done

- 10:46:05.129 INFO: 18000 alignments done

- 10:46:09.135 INFO: 20000 alignments done

- 10:46:10.421 INFO: 22000 alignments done

- 10:46:11.343 INFO: 24000 alignments done

- 10:46:13.195 INFO: 26000 alignments done

- 10:46:14.184 INFO: 28000 alignments done

- 10:46:15.779 INFO: 30000 alignments done

- 10:46:19.087 INFO: 32000 alignments done

- 10:46:24.294 INFO: 34000 alignments done

- 10:46:24.324 INFO: Stop after DB-HHM: 34000 because early stop  18.7666 < filter cutoff 20

- 10:46:24.324 INFO: Alternative alignment: 1

- 10:46:33.976 INFO: 33187 alignments done

- 10:46:34.072 INFO: Alternative alignment: 2

- 10:46:36.511 INFO: 7032 alignments done

- 10:46:36.519 INFO: Alternative alignment: 3

- 10:46:37.018 INFO: 1009 alignments done

- 10:46:37.812 INFO: Premerge done

- 10:46:37.813 INFO: Realigning 11497 HMM-HMM alignments using Maximum Accuracy algorithm

- 10:47:39.477 INFO: 11500 sequences belonging to 11500 database HMMs found with an E-value < 0.001

- 10:47:39.478 INFO: Number of effective sequences of resulting query HMM: Neff = 9.81866

- 10:47:39.769 INFO: Iteration 2

- 10:47:39.769 INFO: Set premerge to 0! (premerge: 3 iteration: 2 hits.Size: 11497)

- 10:47:39.892 INFO: Prefiltering database

- 10:48:54.034 INFO: HMMs passed 1st prefilter (gapless profile-profile alignment)  : 16732888

- 10:50:18.683 INFO: HMMs passed 1st prefilter (gapless profile-profile alignment)  : 3688683

- 10:50:51.957 INFO: HMMs passed 2nd prefilter (gapped profile-profile alignment)   : 172338

- 10:50:51.957 INFO: HMMs passed 2nd prefilter and not found in previous iterations : 161076

- 10:50:51.957 INFO: Scoring 161076 HMMs using HMM-HMM Viterbi alignment

- 10:50:52.007 INFO: Alternative alignment: 0

- 10:50:52.813 INFO: 2000 alignments done

- 10:50:53.931 INFO: 4000 alignments done

- 10:50:54.621 INFO: 6000 alignments done

- 10:50:55.368 INFO: 8000 alignments done

- 10:50:57.479 INFO: 10000 alignments done

- 10:51:01.621 INFO: 12000 alignments done

- 10:51:13.985 INFO: 14000 alignments done

- 10:51:13.988 INFO: Stop after DB-HHM: 14000 because early stop  13.6388 < filter cutoff 20

- 10:51:13.988 INFO: Alternative alignment: 1

- 10:51:17.584 INFO: 9384 alignments done

- 10:51:17.598 INFO: Alternative alignment: 2

- 10:51:17.994 INFO: 794 alignments done

- 10:51:17.994 INFO: Alternative alignment: 3

- 10:51:18.081 INFO: 118 alignments done

- 10:51:18.158 INFO: Realigning 4936 HMM-HMM alignments using Maximum Accuracy algorithm

- 10:52:04.416 INFO: 16436 sequences belonging to 16436 database HMMs found with an E-value < 0.001

- 10:52:04.416 INFO: Number of effective sequences of resulting query HMM: Neff = 10.1699

- 10:52:04.516 INFO: Iteration 3

- 10:52:04.643 INFO: Prefiltering database

- 10:53:18.962 INFO: HMMs passed 1st prefilter (gapless profile-profile alignment)  : 17052767

- 10:54:06.613 WARNING: Number of hits passing 2nd prefilter (reduced from 107274 to allowed maximum of 100000).
You can increase the allowed maximum using the -maxfilt <max> option.

- 10:54:42.918 INFO: HMMs passed 1st prefilter (gapless profile-profile alignment)  : 3808022

- 10:54:57.169 INFO: HMMs passed 2nd prefilter (gapped profile-profile alignment)   : 188100

- 10:54:57.169 INFO: HMMs passed 2nd prefilter and not found in previous iterations : 171996

- 10:54:57.169 INFO: Scoring 171996 HMMs using HMM-HMM Viterbi alignment

- 10:54:57.227 INFO: Alternative alignment: 0

- 10:54:58.101 INFO: 2000 alignments done

- 10:54:58.942 INFO: 4000 alignments done

- 10:54:59.866 INFO: 6000 alignments done

- 10:55:01.650 INFO: 8000 alignments done

- 10:55:04.227 INFO: 10000 alignments done

- 10:55:04.239 INFO: Stop after DB-HHM: 10000 because early stop  19.9126 < filter cutoff 20

- 10:55:04.239 INFO: Alternative alignment: 1

- 10:55:06.553 INFO: 4786 alignments done

- 10:55:06.558 INFO: Alternative alignment: 2

- 10:55:06.843 INFO: 528 alignments done

- 10:55:06.843 INFO: Alternative alignment: 3

- 10:55:06.907 INFO: 84 alignments done

- 10:55:07.002 INFO: Rescoring previously found HMMs with Viterbi algorithm

- 10:55:07.052 INFO: Alternative alignment: 0

- 10:55:07.710 INFO: 2000 alignments done

- 10:55:08.365 INFO: 4000 alignments done

- 10:55:08.998 INFO: 6000 alignments done

- 10:55:09.595 INFO: 8000 alignments done

- 10:55:10.190 INFO: 10000 alignments done

- 10:55:10.765 INFO: 12000 alignments done

- 10:55:11.322 INFO: 14000 alignments done

- 10:55:11.901 INFO: 16000 alignments done

- 10:55:11.939 INFO: 16102 alignments done

- 10:55:11.940 INFO: Alternative alignment: 1

- 10:55:17.073 INFO: 16102 alignments done

- 10:55:17.099 INFO: Alternative alignment: 2

- 10:55:17.659 INFO: 1141 alignments done

- 10:55:17.690 INFO: Alternative alignment: 3

- 10:55:17.793 INFO: 158 alignments done

- 10:55:17.972 INFO: Premerge done

- 10:55:17.973 INFO: Realigning 16787 HMM-HMM alignments using Maximum Accuracy algorithm

- 10:55:56.888 INFO: 16834 sequences belonging to 16834 database HMMs found with an E-value < 0.001

- 10:55:56.888 INFO: Number of effective sequences of resulting query HMM: Neff = 10.2069

     Query         ur2r_human Q9UKP6
     Match_columns 389
     No_of_seqs    3170 out of 221993
     Neff          10.2069
     Searched_HMMs 220039
     Date          Thu Mar  9 10:55:57 2023
     Command       hhblits -i ur2r_human-2156/msas/A/chain_A.fasta -cpu 4 -maxmem 20 -oa3m /projects/ilfgrid/people/nqz918/code/deorph/scripts/af_arman/af_jobs_af23/ur2r_human/2156//ur2r_human-2156/msas/A/bfd_uniref_hits.a3m -o /dev/null -n 3 -e 0.001 -maxseq 1000000 -realign_max 100000 -maxfilt 100000 -min_prefilter_hits 1000 -d /projects/ilfgrid/data/alphafold-genetic-databases///bfd/bfd_metaclust_clu_complete_id30_c90_final_seq.sorted_opt -d /projects/ilfgrid/data/alphafold-genetic-databases///uniref30/UniRef30_2021_03 
     
      No Hit                             Prob E-value P-value  Score    SS Cols Query HMM  Template HMM
       1 UniRef100_A0A091DZ86 Urotensin 100.0   1E-70 1.1E-76  482.6   0.0  388    1-388   113-502 (543)
       2 tr|A0A1U7T905|A0A1U7T905_TARSY 100.0 7.9E-68 8.3E-74  463.3   0.0  387    1-388     1-389 (513)
       3 tr|A0A1A6H052|A0A1A6H052_NEOLE 100.0 3.7E-67 3.9E-73  459.3   0.0  384    1-384    47-434 (490)
       4 UniRef100_A0A1A6H052 Urotensin 100.0 7.2E-62 7.5E-68  426.1   0.0  386    1-386   143-532 (642)
       5 UniRef100_A0A1U7T905 Urotensin 100.0 1.5E-59 1.5E-65  408.7   0.0  386    1-387     1-388 (674)
       6 UniRef100_A0A060Y554 Urotensin 100.0 5.1E-59 5.5E-65  415.4   0.0  328   44-376    94-428 (493)
       7 UniRef100_A0A060X3E8 Urotensin 100.0 6.2E-56 6.4E-62  379.4   0.0  331   42-378    89-421 (461)
       8 UniRef100_A0A7J7SFI1 Urotensin 100.0 1.3E-55 1.4E-61  376.1   0.0  329    1-329    30-359 (427)
       9 UniRef100_A0A0P7YKB6 Urotensin 100.0 8.1E-54 8.4E-60  364.2   0.0  329   44-378    66-396 (474)
      10 UniRef100_A0A024FLF0 PQRFa pep 100.0 4.5E-53 4.9E-59  384.9   0.0  283   51-334    49-346 (413)
      11 tr|A0A060Y7L7|A0A060Y7L7_ONCMY 100.0 1.1E-52 1.2E-58  366.7   0.0  321   43-368    86-416 (428)
      12 UniRef100_A0A1S3HKE5 allatosta 100.0   2E-52 2.2E-58  379.8   0.0  284   51-335    82-377 (462)
      13 UniRef100_A0A444UEU9 Urotensin 100.0 6.1E-52 6.3E-58  353.3   0.0  364   10-379   159-524 (527)
      14 UniRef100_A0A6P4Z4S7 G-protein 100.0 7.5E-52 8.2E-58  379.3   0.0  285   51-336    59-353 (417)
      15 UniRef100_A0A141CIT8 G protein 100.0 1.2E-51 1.3E-57  370.6   0.0  286   50-336    85-378 (488)
      16 UniRef100_A0A026X3T6 Allatosta 100.0 1.4E-51 1.5E-57  374.5   0.0  285   51-336   139-427 (540)
      17 tr|A0A0P7U387|A0A0P7U387_9TELE 100.0 1.9E-51   2E-57  365.3   0.0  284   50-336   127-417 (556)
      18 UniRef100_A0A1N7TCF1 Galanin r 100.0 3.5E-51 3.7E-57  361.9   0.0  288   48-336    68-362 (407)
      19 UniRef100_A0A0K0PUR1 Orphan G- 100.0   4E-51 4.3E-57  374.6   0.0  285   50-335   113-412 (530)
      20 UniRef100_A0A6P4Y4T1 galanin r 100.0 4.9E-51 5.3E-57  360.6   0.0  285   51-336    58-353 (410)
      21 UniRef100_A0A060X690 G_PROTEIN 100.0 8.2E-51 8.7E-57  353.6   0.0  285   51-335    46-336 (386)
      22 UniRef100_A0A087RJN6 Somatosta 100.0 8.5E-51 9.3E-57  368.6   0.0  282   50-335    59-344 (391)
      23 UniRef100_A0A0K0PUX7 Orphan G- 100.0   1E-50 1.1E-56  368.8   0.0  286   51-336    62-356 (471)
      24 UniRef100_A0A6P4XD29 neuropept 100.0 1.5E-50 1.6E-56  355.4   0.0  284   51-335    41-343 (385)
      25 tr|M3ZFE6|M3ZFE6_XIPMA Somatos 100.0 2.6E-50 2.7E-56  356.1   0.0  282   50-336   103-391 (525)
      26 UniRef100_A0A060X1Q6 Somatosta 100.0 2.7E-50 2.9E-56  371.6   0.0  284   50-336   138-426 (604)
      27 UniRef100_A0A060W5Z4 G_PROTEIN 100.0   3E-50 3.2E-56  367.7   0.0  281   51-336   190-476 (593)
      28 UniRef100_A0A060YPK6 Urotensin 100.0   5E-50 5.3E-56  356.1   0.0  285   47-331   110-406 (470)
      29 UniRef100_A0A023F675 Putative  100.0 5.1E-50 5.5E-56  371.1   0.0  285   50-335   125-420 (530)
      30 UniRef100_A0A6I9YJY7 Urotensin 100.0   1E-49   1E-55  355.6   0.0  350   24-379   497-848 (851)
      31 tr|A0A1L8G1N6|A0A1L8G1N6_XENLA 100.0 1.6E-49 1.7E-55  349.5   0.0  282   50-336   115-400 (448)
      32 UniRef100_A0A077YWL6 Somatosta 100.0 1.6E-49 1.8E-55  363.1   0.0  285   52-336    66-362 (446)
      33 UniRef100_A0A2B4SDF9 Neuropept 100.0 1.9E-49   2E-55  354.1   0.0  285   48-334    86-379 (455)
      34 UniRef100_A0A0K0PUL8 Allatosta 100.0 2.1E-49 2.2E-55  352.0   0.0  284   52-336    51-346 (396)
      35 tr|A0A0F8ARD3|A0A0F8ARD3_LARCR 100.0 2.2E-49 2.4E-55  346.6   0.0  281   51-334    53-338 (464)
      36 UniRef100_A0A091EBV8 Type-1 an 100.0 2.7E-49 2.9E-55  370.3   0.0  275   51-332   347-628 (715)
      37 UniRef100_A0A2B4S7K2 Histamine 100.0 2.8E-49 3.1E-55  354.0   0.0  282   49-336    30-329 (369)
      38 UniRef100_A0A026WW28 Neuropept 100.0 4.8E-49 5.2E-55  362.0   0.0  286   49-335    86-381 (552)
      39 UniRef100_A0A026WTK8 Tachykini 100.0   5E-49 5.3E-55  358.4   0.0  284   52-336    90-390 (556)
      40 UniRef100_A0A060VUW6 G_PROTEIN 100.0 6.3E-49 6.9E-55  370.6   0.0  279   50-335   116-440 (574)
      41 UniRef100_A0A139WB32 Tachykini 100.0 7.5E-49 8.1E-55  346.9   0.0  285   51-336    43-344 (405)
      42 UniRef100_A0A1D2M4J2 Neuropept 100.0 7.7E-49 8.3E-55  352.8   0.0  284   51-335   126-424 (497)
      43 UniRef100_A0A154PKR3 Tachykini 100.0 8.7E-49 9.3E-55  352.8   0.0  282   51-333    76-373 (457)
      44 UniRef100_A0A026W5R0 Orexin re 100.0   9E-49 9.7E-55  359.5   0.0  282   52-335   118-427 (529)
      45 UniRef100_A0A087UNN0 Neuropept 100.0   1E-48 1.1E-54  348.0   0.0  278   52-330    94-387 (470)
      46 UniRef100_A0A2B4SKI0 Tachykini 100.0 1.6E-48 1.7E-54  362.9   0.0  283   52-335    92-391 (469)
      47 UniRef100_A0A0K0PUT9 Excitator 100.0 1.8E-48   2E-54  355.7   0.0  282   51-333   103-400 (474)
      48 tr|C3XVS5|C3XVS5_BRAFL Unchara 100.0   2E-48 2.1E-54  339.5   0.0  283   52-336    68-365 (425)
      49 UniRef100_A0A210QEM7 Neuropept 100.0 2.3E-48 2.5E-54  342.7   0.0  284   51-336    50-348 (416)
      50 UniRef100_A0A2B4RSM5 Neuropept 100.0 2.5E-48 2.6E-54  344.4   0.0  280   51-335    36-325 (417)
      51 UniRef100_A0A087XDT1 Somatosta 100.0 2.5E-48 2.7E-54  351.6   0.0  282   50-336   167-455 (676)
      52 UniRef100_A0A060X360 G_PROTEIN 100.0 3.1E-48 3.3E-54  344.6   0.0  284   52-336   100-390 (477)
      53 tr|A0A1V4J9T1|A0A1V4J9T1_PATFA 100.0 3.3E-48 3.5E-54  334.0   0.0  285   51-336    68-357 (461)
      54 UniRef100_A0A2G8L6L1 Putative  100.0 3.3E-48 3.5E-54  340.8   0.0  283   51-336    35-326 (407)
      55 UniRef100_A0A2G8KL37 Cholecyst 100.0 3.7E-48 3.9E-54  344.7   0.0  283   53-335   100-431 (493)
      56 UniRef100_A0A177B9B5 Rhodopsin 100.0 3.9E-48 4.2E-54  342.9   0.0  281   52-334    91-402 (464)
      57 UniRef100_A0A060VVF8 G_PROTEIN 100.0 4.1E-48 4.4E-54  356.5   0.0  282   52-335   140-434 (511)
      58 tr|A0A1W4ZX05|A0A1W4ZX05_9TELE 100.0 5.1E-48 5.4E-54  346.3   0.0  285   51-336    69-387 (480)
      59 tr|S9YJE2|S9YJE2_CAMFR Somatos 100.0 5.3E-48 5.6E-54  334.9   0.0  287   50-337   111-403 (438)
      60 tr|G3S2I3|G3S2I3_GORGO Opioid  100.0 5.6E-48 5.8E-54  339.3   0.0  285   50-335   161-450 (492)
      61 UniRef100_A0A061INJ6 Pyrogluta 100.0 6.2E-48 6.7E-54  360.3   0.0  282   52-333   153-457 (594)
      62 tr|C3XSP5|C3XSP5_BRAFL Unchara 100.0 7.2E-48 7.5E-54  331.2   0.0  285   51-336    27-328 (403)
      63 UniRef100_A0A060VSP8 5-hydroxy 100.0 8.1E-48 8.7E-54  348.6   0.0  279   51-336    87-417 (479)
      64 UniRef100_A0A0K0PUI9 Orphan G- 100.0 8.7E-48 9.4E-54  356.1   0.0  284   51-336   101-409 (534)
      65 tr|A0A1I8PIJ9|A0A1I8PIJ9_STOCA 100.0   9E-48 9.5E-54  352.6   0.0  284   52-336   170-469 (680)
      66 tr|A0A2C9JWF9|A0A2C9JWF9_BIOGL 100.0   1E-47 1.1E-53  344.8   0.0  285   51-336    65-367 (403)
      67 UniRef100_A0A087T336 Somatosta 100.0 1.2E-47 1.2E-53  340.0   0.0  285   52-336    78-369 (454)
      68 UniRef100_A0A369RW72 Octopamin 100.0 1.3E-47 1.4E-53  351.4   0.0  273   53-330    56-354 (412)
      69 UniRef100_A0A091DWF1 Somatosta 100.0 1.5E-47 1.6E-53  339.6   0.0  284   51-337   155-443 (523)
      70 UniRef100_A0A087X575 NPY-Y2 re 100.0 1.5E-47 1.6E-53  338.7   0.0  284   51-335    73-372 (426)
      71 tr|A0A091DWF1|A0A091DWF1_FUKDA 100.0 1.7E-47 1.8E-53  331.4   0.0  284   51-337   156-444 (483)
      72 UniRef100_A0A060W9T7 G_PROTEIN 100.0 2.4E-47 2.5E-53  340.2   0.0  284   51-335   185-473 (616)
      73 tr|A0A1D1UXI1|A0A1D1UXI1_RAMVA 100.0 2.5E-47 2.6E-53  338.2   0.0  285   51-336    81-377 (499)
      74 tr|V8PD93|V8PD93_OPHHA Type-2  100.0 2.9E-47 3.1E-53  343.9   0.0  282   52-335    76-369 (412)
      75 UniRef100_A0A023F668 Putative  100.0   3E-47 3.2E-53  337.1   0.0  285   50-335    84-378 (484)
      76 UniRef100_A0A6J8CLU9 HCRTR2 n= 100.0 3.1E-47 3.2E-53  334.2   0.0  284   52-336    53-360 (422)
      77 tr|A0A1W2W3E6|A0A1W2W3E6_CIOIN 100.0 3.3E-47 3.5E-53  335.4   0.0  286   50-336    56-353 (487)
      78 UniRef100_A0A2B4RHL7 Galanin r 100.0 3.4E-47 3.6E-53  329.0   0.0  277   53-336    34-312 (406)
      79 UniRef100_A0A060X5Z5 G_PROTEIN 100.0 3.6E-47 3.9E-53  348.6   0.0  275   53-335    85-385 (522)
      80 UniRef100_A0A164MD49 Putative  100.0 3.8E-47   4E-53  340.4   0.0  283   54-336    52-397 (498)
      81 UniRef100_A0A2H8TNJ5 Neuropept 100.0   4E-47 4.2E-53  341.0   0.0  286   51-337   155-456 (528)
      82 UniRef100_A0A1D1W534 G_PROTEIN 100.0 4.7E-47 5.1E-53  350.8   0.0  284   53-336    80-435 (492)
      83 UniRef100_A0A077Z2H9 Putative  100.0 4.8E-47 5.2E-53  344.3   0.0  283   53-335    73-398 (477)
      84 UniRef100_A0A034WDF0 Allatosta 100.0 5.2E-47 5.6E-53  342.6   0.0  284   51-335    95-386 (459)
      85 UniRef100_A0A1S3J712 QRFP-like 100.0 5.6E-47 6.1E-53  345.4   0.0  278   55-333    71-370 (507)
      86 UniRef100_A0A2B4S0J6 Somatosta 100.0 5.6E-47 6.1E-53  351.7   0.0  280   50-331    82-376 (457)
      87 UniRef100_A0A061A7W5 G_PROTEIN 100.0 5.8E-47 6.3E-53  343.5   0.0  278   51-334    61-358 (473)
      88 tr|A0A0P4XBU7|A0A0P4XBU7_9CRUS 100.0 6.1E-47 6.5E-53  347.4   0.0  284   52-336    61-417 (557)
      89 UniRef100_A0A1S3H6K0 neuropept 100.0 6.1E-47 6.6E-53  347.8   0.0  277   52-329    57-351 (470)
      90 UniRef100_A0A151N382 Galanin r 100.0 8.9E-47 9.3E-53  319.3   0.0  284   52-336    31-318 (392)
      91 UniRef100_A0A068WW83 Allatosta 100.0 1.1E-46 1.2E-52  344.2   0.0  276   50-328    65-347 (432)
      92 UniRef100_A0A068YB14 Neuropept 100.0 1.2E-46 1.3E-52  343.7   0.0  284   51-335    54-353 (448)
      93 UniRef100_A0A026WK40 Cholecyst 100.0 1.2E-46 1.3E-52  353.8   0.0  284   53-336   156-545 (656)
      94 UniRef100_A0A0C9QBK4 GHSR_0 pr 100.0 1.3E-46 1.5E-52  354.7   0.0  281   52-332   173-472 (591)
      95 tr|A0A182G4E1|A0A182G4E1_AEDAL 100.0 1.6E-46 1.7E-52  339.7   0.0  285   51-336    67-372 (534)
      96 UniRef100_A0A1S3IX78 RYamide r 100.0 1.9E-46   2E-52  331.2   0.0  283   52-335    54-349 (444)
      97 UniRef100_A0A023F3V9 Putative  100.0 2.1E-46 2.2E-52  338.0   0.0  285   52-336   133-425 (574)
      98 UniRef100_A0A0K0PUH3 Allatotro 100.0 2.3E-46 2.4E-52  328.9   0.0  282   52-335    69-374 (424)
      99 tr|A0A1I8M930|A0A1I8M930_MUSDO 100.0 2.4E-46 2.5E-52  356.4   0.0  275   51-331   188-575 (963)
     100 UniRef100_A0A0K0PUH1 Orphan G- 100.0 2.4E-46 2.6E-52  324.4   0.0  283   52-335    53-349 (413)
     101 tr|W4Z2N2|W4Z2N2_STRPU Unchara 100.0 2.5E-46 2.6E-52  321.8   0.0  285   51-335    56-353 (406)
     102 UniRef100_A0A0B4LHT6 RYamide r 100.0 2.4E-46 2.6E-52  340.0   0.0  281   53-335   116-412 (524)
     103 tr|A0A0P7U0M1|A0A0P7U0M1_9TELE 100.0 3.3E-46 3.4E-52  323.3   0.0  284   52-336   102-413 (440)
     104 UniRef100_A0A0K0PUV0 FVRIamide 100.0 5.4E-46 5.8E-52  335.3   0.0  276   52-333    53-377 (458)
     105 UniRef100_A0A3M6T6P4 G_PROTEIN 100.0 6.1E-46 6.6E-52  334.6   0.0  279   56-335    60-355 (465)
     106 tr|L7LZ94|L7LZ94_9ACAR Putativ 100.0 6.8E-46 7.1E-52  323.4   0.0  284   52-336   103-394 (438)
     107 UniRef100_A0A6P4YBA8 delta-typ 100.0 7.2E-46 7.7E-52  327.5   0.0  280   53-336    52-341 (406)
     108 UniRef100_A0A1L8FNX2 G_PROTEIN 100.0 7.4E-46 7.9E-52  329.9   0.0  276   52-333    63-342 (400)
     109 tr|A0A146TL67|A0A146TL67_FUNHE 100.0 7.2E-46   8E-52  345.5   0.0  284   52-336    27-406 (442)
     110 UniRef100_A7RGN9 Predicted pro 100.0 8.1E-46 8.7E-52  316.6   0.0  281   46-333    25-313 (317)
     111 UniRef100_A0A3M6U5X4 G_PROTEIN 100.0 8.3E-46 8.9E-52  318.5   0.0  278   51-334    38-320 (339)
     112 UniRef100_A0A2B4SKX3 Cholecyst 100.0 8.7E-46 9.2E-52  327.9   0.0  276   55-336    75-414 (428)
     113 UniRef100_A0A068WKU9 Neuropept 100.0 8.7E-46 9.3E-52  329.9   0.0  277   52-332    73-365 (451)
     114 UniRef100_A0A044T5H8 G_PROTEIN 100.0   9E-46 9.5E-52  341.4   0.0  281   51-336   245-570 (693)
     115 UniRef100_A0A0L7KZ56 Neuropept 100.0 9.1E-46 9.7E-52  332.6   0.0  281   51-332    86-383 (509)
     116 UniRef100_A0A1V9XU68 Tyramine/ 100.0 9.1E-46 9.8E-52  329.4   0.0  277   53-336    54-355 (408)
     117 tr|A0A2B4RXD1|A0A2B4RXD1_STYPI 100.0 9.5E-46   1E-51  323.9   0.0  281   52-335    94-381 (416)
     118 UniRef100_A0A226DFM2 Neuropept 100.0   1E-45 1.1E-51  331.9   0.0  286   50-336   104-405 (523)
     119 tr|A0A0N8JZL4|A0A0N8JZL4_9TELE 100.0 1.1E-45 1.2E-51  328.7   0.0  285   51-336   104-414 (482)
     120 UniRef100_A0A0L8HHE2 G_PROTEIN 100.0 1.2E-45 1.2E-51  327.1   0.0  281   55-336     4-301 (385)
     121 UniRef100_A0A026WK16 Tachykini 100.0 1.5E-45 1.6E-51  336.5   0.0  282   51-333   182-480 (641)
     122 UniRef100_A0A060VP48 G_PROTEIN 100.0 1.6E-45 1.8E-51  346.1   0.0  282   52-334   155-450 (580)
     123 tr|A0A1U7TSJ4|A0A1U7TSJ4_TARSY 100.0 1.7E-45 1.8E-51  328.8   0.0  284   52-336   213-520 (600)
     124 UniRef100_A0A1S3KA35 Alpha-1B  100.0 1.8E-45   2E-51  336.0   0.0  279   51-336    89-421 (551)
     125 UniRef100_A0A0S1YDA0 Neuropept 100.0 2.3E-45 2.5E-51  332.7   0.0  284   52-336    95-394 (509)
     126 UniRef100_A0A1L8GQY3 Alpha-1B  100.0 2.8E-45 2.9E-51  327.8   0.0  282   47-335    42-369 (510)
     127 UniRef100_A0A2B4RPR9 Allatosta 100.0 2.7E-45 2.9E-51  333.8   0.0  283   51-335    47-345 (446)
     128 UniRef100_A0A060XP11 G_PROTEIN 100.0   3E-45 3.2E-51  332.0   0.0  280   48-334    87-392 (497)
     129 UniRef100_A0A1V4KIE8 Beta-1 ad 100.0 3.1E-45 3.4E-51  349.2   0.0  275   57-336    35-351 (512)
     130 UniRef100_A0A087U880 Neuropept 100.0 3.4E-45 3.6E-51  323.4   0.0  283   51-335    68-364 (401)
     131 tr|A0A218UJN6|A0A218UJN6_9PASE 100.0 3.8E-45 3.9E-51  309.5   0.0  324    1-378    53-379 (383)
     132 UniRef100_A0A2B4SC76 Substance 100.0 3.8E-45 4.2E-51  334.5   0.0  281   51-333    54-351 (461)
     133 tr|A0A146U732|A0A146U732_FUNHE 100.0   4E-45 4.4E-51  349.5   0.0  283   51-333   191-546 (590)
     134 UniRef100_A0A060X0R7 Uncharact 100.0 4.9E-45 5.2E-51  311.0   0.0  284   50-336    56-344 (383)
     135 tr|A0A1D2NMB6|A0A1D2NMB6_ORCCI 100.0 5.6E-45 5.9E-51  326.0   0.0  285   51-336   151-452 (520)
     136 UniRef100_A0A6P4ZPQ5 G-protein 100.0 5.7E-45   6E-51  313.8   0.0  278   51-330    42-325 (420)
     137 UniRef100_A0A0P5DAK4 Orexin re 100.0 5.8E-45 6.1E-51  326.4   0.0  281   52-334   107-430 (505)
     138 UniRef100_A0A060WWU7 G_PROTEIN 100.0 6.2E-45 6.6E-51  326.0   0.0  281   50-336    67-384 (545)
     139 tr|A0A1D2MSE1|A0A1D2MSE1_ORCCI 100.0 6.7E-45 7.2E-51  336.5   0.0  283   51-334   110-406 (615)
     140 UniRef100_A0A0P0YUU8 Cannabino 100.0 6.9E-45 7.3E-51  326.1   0.0  282   55-336    86-419 (496)
     141 tr|A0A218VDE9|A0A218VDE9_9PASE 100.0 7.4E-45 7.7E-51  319.3   0.0  279   51-334    23-307 (556)
     142 UniRef100_A0A061IN14 NK-3 rece 100.0   8E-45 8.5E-51  334.8   0.0  284   51-335   233-524 (662)
     143 UniRef100_A0A1D1V5S1 G_PROTEIN 100.0   9E-45 9.5E-51  322.3   0.0  280   51-337    56-362 (484)
     144 tr|A0A232F0R3|A0A232F0R3_9HYME 100.0 9.2E-45 9.7E-51  316.9   0.0  282   51-335   103-424 (458)
     145 UniRef100_A0A060X0P4 G_PROTEIN 100.0 9.8E-45 1.1E-50  331.6   0.0  281   51-331   138-428 (513)
     146 UniRef100_A0A0N0PF28 Orexin re 100.0   1E-44 1.1E-50  329.3   0.0  278   52-331   137-456 (588)
     147 tr|A0A0L0BYA7|A0A0L0BYA7_LUCCU 100.0 1.1E-44 1.1E-50  326.7   0.0  276   52-334   311-626 (678)
     148 UniRef100_A0A0L8GIM4 G_PROTEIN 100.0 1.1E-44 1.2E-50  335.3   0.0  278   52-330    97-391 (481)
     149 tr|A0A1I8MQS0|A0A1I8MQS0_MUSDO 100.0 1.1E-44 1.2E-50  333.4   0.0  286   51-336   149-441 (572)
     150 UniRef100_A0A0N0PEL7 Tachykini 100.0 1.1E-44 1.2E-50  321.1   0.0  283   53-337    57-357 (454)
     151 tr|A0A2B4SID7|A0A2B4SID7_STYPI 100.0 1.1E-44 1.2E-50  329.2   0.0  284   51-336    31-329 (422)
     152 tr|E0D358|E0D358_HEMPU Dopamin 100.0 1.2E-44 1.3E-50  319.7   0.0  276   52-336    25-330 (435)
     153 UniRef100_A0A0L8H201 G_PROTEIN 100.0 1.2E-44 1.3E-50  316.8   0.0  285   50-336    84-384 (461)
     154 UniRef100_A0A060XC03 Beta-2 ad 100.0 1.3E-44 1.3E-50  324.3   0.0  282   51-336   102-415 (548)
     155 UniRef100_A0A0L8I310 G_PROTEIN 100.0 1.3E-44 1.4E-50  329.4   0.0  276   55-330    49-364 (468)
     156 UniRef100_A0A060VV87 Kappa-typ 100.0 1.4E-44 1.5E-50  324.3   0.0  282   53-335   192-478 (586)
     157 UniRef100_A0A026WIP6 Cholecyst 100.0 1.5E-44 1.6E-50  338.1   0.0  286   51-336   170-531 (636)
     158 UniRef100_A0A3M6TKX3 G_PROTEIN 100.0 1.5E-44 1.6E-50  324.3   0.0  286   49-336    73-376 (427)
     159 tr|T1KPP2|T1KPP2_TETUR Unchara 100.0 1.6E-44 1.7E-50  321.8   0.0  282   51-336   151-438 (477)
     160 tr|A0A0P5PA10|A0A0P5PA10_9CRUS 100.0 1.7E-44 1.8E-50  327.8   0.0  276   54-330   149-441 (705)
     161 UniRef100_A0A2G8JR46 Putative  100.0 1.6E-44 1.8E-50  328.6   0.0  275   55-334    66-356 (411)
     162 UniRef100_A0A060WEJ5 G_PROTEIN 100.0 1.7E-44 1.8E-50  331.4   0.0  278   52-336   114-458 (544)
     163 tr|A0A1A8LLP2|A0A1A8LLP2_9TELE 100.0 1.7E-44 1.8E-50  317.2   0.0  280   50-336    92-399 (455)
     164 UniRef100_A0A2B4RFH8 Neuropept 100.0 1.7E-44 1.9E-50  334.6   0.0  282   53-335    66-367 (439)
     165 UniRef100_A0A087YQK7 Adrenocep 100.0 1.8E-44 1.9E-50  327.3   0.0  277   55-336   133-453 (617)
     166 tr|A0A218UB83|A0A218UB83_9PASE 100.0   2E-44 2.1E-50  327.8   0.0  281   49-336   191-514 (631)
     167 UniRef100_A0A210QT45 G-protein 100.0 2.1E-44 2.2E-50  318.5   0.0  284   51-336    58-359 (472)
     168 UniRef100_A0A2B4RGU4 5-hydroxy 100.0   2E-44 2.2E-50  335.4   0.0  279   52-335    66-371 (478)
     169 UniRef100_A0A2B4SE17 Substance 100.0 2.2E-44 2.4E-50  333.5   0.0  284   51-335    64-366 (467)
     170 tr|A0A1S3FYW5|A0A1S3FYW5_DIPOR 100.0 2.4E-44 2.5E-50  306.2   0.0  281   55-336    73-360 (385)
     171 UniRef100_A0A0A1WLH2 Somatosta 100.0 2.7E-44 2.8E-50  328.8   0.0  285   52-336   217-509 (667)
     172 UniRef100_A0A0N7ZAP9 G_PROTEIN 100.0 2.6E-44 2.8E-50  321.6   0.0  285   49-336    74-368 (421)
     173 UniRef100_A0A087REY1 NPY-Y2 re 100.0 2.8E-44 2.9E-50  325.2   0.0  284   52-336   187-480 (599)
     174 UniRef100_A0A6P8IFK2 neuromedi 100.0 2.8E-44   3E-50  312.9   0.0  284   51-336    25-323 (363)
     175 UniRef100_A0A023ETT6 Putative  100.0 2.9E-44   3E-50  322.8   0.0  284   53-336   155-448 (612)
     176 UniRef100_A0A2B4SVC4 Dopamine  100.0 2.9E-44 3.1E-50  318.1   0.0  260   55-333    59-329 (397)
     177 tr|C3XVU5|C3XVU5_BRAFL Unchara 100.0   3E-44 3.1E-50  314.0   0.0  283   51-336    61-358 (439)
     178 tr|A0A1A8EW90|A0A1A8EW90_9TELE 100.0   3E-44 3.2E-50  313.7   0.0  283   50-333    43-332 (444)
     179 UniRef100_A0A060WMC3 Alpha-1D  100.0 3.4E-44 3.6E-50  321.7   0.0  278   52-336   111-434 (564)
     180 UniRef100_A0A1I8HKX2 G_PROTEIN 100.0 3.5E-44 3.7E-50  321.1   0.0  278   51-336    40-413 (442)
     181 tr|B4KC34|B4KC34_DROMO Unchara 100.0 3.8E-44   4E-50  330.3   0.0  280   52-332   193-490 (670)
     182 UniRef100_A0A7M7SYV2 G_PROTEIN 100.0   4E-44 4.2E-50  327.1   0.0  273   56-336    72-400 (630)
     183 UniRef100_A0A084WIC4 Short neu 100.0 4.3E-44 4.5E-50  323.1   0.0  285   51-336    92-388 (551)
     184 UniRef100_A0A3M6UME8 G_PROTEIN 100.0 4.3E-44 4.7E-50  316.7   0.0  280   51-336    39-327 (383)
     185 tr|A0A0S1YD80|A0A0S1YD80_CHISP 100.0 4.5E-44 4.7E-50  319.1   0.0  283   52-336   165-466 (513)
     186 UniRef100_A0A6P4Z684 G-protein 100.0 4.6E-44 4.8E-50  313.1   0.0  285   51-336    51-348 (425)
     187 tr|A0A218UWX7|A0A218UWX7_9PASE 100.0 4.7E-44 4.9E-50  318.4   0.0  285   51-336    40-342 (474)
     188 UniRef100_A0A6G8J3P5 Melanin-c 100.0 4.8E-44   5E-50  313.2   0.0  285   50-336    60-353 (460)
     189 UniRef100_A0A1D1VDY3 G_PROTEIN 100.0 4.8E-44 5.1E-50  324.9   0.0  281   54-335   136-447 (557)
     190 UniRef100_A0A087XT11 Alpha-1B  100.0   5E-44 5.2E-50  320.8   0.0  282   47-335    75-405 (622)
     191 UniRef100_UPI0001CB9B44 somato 100.0 5.1E-44 5.4E-50  299.4   0.0  283   54-336    30-318 (365)
     192 UniRef100_A0A0L8I0T4 G_PROTEIN 100.0 5.2E-44 5.5E-50  323.6   0.0  277   52-334   134-496 (554)
     193 UniRef100_A0A2B4S4U3 Beta-2 ad 100.0 5.3E-44 5.6E-50  310.2   0.0  281   54-336    31-323 (372)
     194 tr|K1QHX9|K1QHX9_CRAGI Somatos 100.0 5.3E-44 5.7E-50  320.2   0.0  285   50-335    47-340 (456)
     195 tr|A0A1S3IXU4|A0A1S3IXU4_LINUN 100.0 5.7E-44   6E-50  313.2   0.0  282   51-336    57-347 (440)
     196 UniRef100_A0A060YTK2 Uncharact 100.0 5.7E-44   6E-50  311.2   0.0  283   52-335    85-379 (447)
     197 UniRef100_A0A0K0PUH0 Orphan G- 100.0 5.6E-44 6.1E-50  333.8   0.0  276   53-329   138-468 (583)
     198 UniRef100_A0A6S7JE64 Neuropept 100.0 5.7E-44 6.1E-50  316.3   0.0  283   51-336    34-323 (412)
     199 tr|A0A2B4SKI0|A0A2B4SKI0_STYPI 100.0 5.7E-44 6.1E-50  322.6   0.0  276   51-331    97-395 (458)
     200 UniRef100_A0A0N1PGA0 Octopamin 100.0 5.9E-44 6.3E-50  324.6   0.0  276   52-334   108-492 (547)
     201 UniRef100_A0A026VW91 Neuropept 100.0 6.2E-44 6.4E-50  314.0   0.0  286   51-337   188-489 (582)
     202 UniRef100_A0A0K0PUK8 FMRFamide 100.0   6E-44 6.6E-50  328.9   0.0  279   52-331    59-350 (471)
     203 UniRef100_A0A6P4ZN87 somatosta 100.0 6.3E-44 6.7E-50  311.9   0.0  284   52-336    33-330 (391)
     204 UniRef100_A0A060X1U9 G_PROTEIN 100.0 6.9E-44 7.3E-50  325.5   0.0  278   48-332   135-455 (633)
     205 tr|A0A1S3NPB2|A0A1S3NPB2_SALSA 100.0 7.1E-44 7.5E-50  313.1   0.0  285   51-336    39-333 (443)
     206 tr|A0A151NBW9|A0A151NBW9_ALLMI 100.0 7.2E-44 7.7E-50  317.1   0.0  284   52-336    81-393 (472)
     207 UniRef100_A0A096NAQ2 Cholecyst 100.0 7.6E-44 8.1E-50  324.3   0.0  279   55-333   154-500 (617)
     208 tr|A0A1I8PG61|A0A1I8PG61_STOCA 100.0 8.2E-44 8.7E-50  329.4   0.0  286   51-336   299-594 (716)
     209 UniRef100_A0A210QSD7 Octopamin 100.0 8.7E-44 9.4E-50  321.3   0.0  280   50-336    56-418 (423)
     210 tr|A0A131XUY2|A0A131XUY2_IXORI 100.0 9.1E-44 9.4E-50  312.9   0.0  280   53-335   163-447 (560)
     211 tr|A0A0P6IZB8|A0A0P6IZB8_9CRUS 100.0 9.6E-44   1E-49  318.5   0.0  285   51-336   202-496 (559)
     212 tr|W4YJK4|W4YJK4_STRPU Unchara 100.0 9.7E-44   1E-49  318.5   0.0  282   47-336    65-371 (446)
     213 UniRef100_A0A3M6UAU0 G_PROTEIN 100.0   1E-43 1.1E-49  322.4   0.0  283   52-335    36-330 (552)
     214 UniRef100_A0A084WFJ7 AGAP00011 100.0 9.9E-44 1.1E-49  322.0   0.0  277   52-333    88-379 (519)
     215 UniRef100_A0A023FH63 Putative  100.0   1E-43 1.1E-49  325.1   0.0  276   51-334   125-440 (563)
     216 tr|A0A0P7V5N2|A0A0P7V5N2_9TELE 100.0   1E-43 1.1E-49  315.1   0.0  279   52-336    92-403 (468)
     217 UniRef100_A0A193KU97 GCR058 n= 100.0   1E-43 1.1E-49  307.6   0.0  284   52-336    26-333 (379)
     218 UniRef100_A0A401NJB3 G_PROTEIN 100.0   1E-43 1.1E-49  317.9   0.0  280   52-336    42-361 (517)
     219 tr|A0A139WLV7|A0A139WLV7_TRICA 100.0 1.1E-43 1.1E-49  327.1   0.0  283   51-336   398-699 (792)
     220 UniRef100_A0A1J1I7G5 CLUMA_CG0 100.0 1.1E-43 1.1E-49  316.8   0.0  283   52-335    77-374 (500)
     221 UniRef100_A0A1D2M255 Somatosta 100.0 1.1E-43 1.2E-49  305.5   0.0  283   53-335    37-324 (382)
     222 UniRef100_A0A067RDC3 Prolactin 100.0 1.1E-43 1.2E-49  319.7   0.0  284   50-334    63-356 (541)
     223 UniRef100_A0A2B4RHY9 Pyrogluta 100.0 1.1E-43 1.2E-49  330.0   0.0  279   52-335    82-372 (455)
     224 tr|F7E6B1|F7E6B1_MONDO Tachyki 100.0 1.2E-43 1.3E-49  311.3   0.0  284   51-335    94-385 (475)
     225 tr|A0A0P7V0U8|A0A0P7V0U8_9TELE 100.0 1.3E-43 1.3E-49  305.1   0.0  285   51-336    85-376 (439)
     226 UniRef100_A0A3B4UE11 Si:zfos-1 100.0 1.3E-43 1.3E-49  305.9   0.0  281   51-336    65-352 (441)
     227 UniRef100_A0A096MAY6 Alpha-1B  100.0 1.3E-43 1.4E-49  311.7   0.0  283   47-336    42-375 (489)
     228 UniRef100_A0A016T103 G_PROTEIN 100.0 1.3E-43 1.4E-49  329.4   0.0  271   58-336   117-477 (605)
     229 tr|A0A067RDC3|A0A067RDC3_ZOONE 100.0 1.3E-43 1.4E-49  323.0   0.0  287   49-336    69-365 (506)
     230 tr|A0A147AZW9|A0A147AZW9_FUNHE 100.0 1.3E-43 1.5E-49  328.3   0.0  285   51-336    85-435 (468)
     231 tr|A0A091CRU0|A0A091CRU0_FUKDA 100.0 1.5E-43 1.6E-49  328.3   0.0  278   51-336   408-694 (720)
     232 tr|A0A2B4SUH3|A0A2B4SUH3_STYPI 100.0 1.5E-43 1.6E-49  314.0   0.0  276   55-335    29-332 (385)
     233 UniRef100_A0A084VLD5 AGAP00422 100.0 1.6E-43 1.6E-49  322.2   0.0  277   51-335   243-596 (695)
     234 tr|S7PUA8|S7PUA8_MYOBR C-C che 100.0 1.6E-43 1.7E-49  325.2   0.0  277   51-335   282-567 (603)
     235 UniRef100_A0A0K0PUK6 Orphan G- 100.0 1.7E-43 1.8E-49  310.3   0.0  283   53-336    68-375 (448)
     236 UniRef100_A0A087QH27 C-C chemo 100.0 1.6E-43 1.8E-49  332.8   0.0  277   51-335   200-485 (591)
     237 tr|A7SD89|A7SD89_NEMVE Predict 100.0 1.7E-43 1.8E-49  299.7   0.0  277   54-336    40-332 (355)
     238 UniRef100_A0A023F4J9 Putative  100.0 1.7E-43 1.8E-49  324.2   0.0  283   47-336   152-494 (588)
     239 UniRef100_A0A210QHM7 G-protein 100.0 1.7E-43 1.8E-49  319.7   0.0  285   51-336    79-377 (492)
     240 tr|A0A1A9ZAD8|A0A1A9ZAD8_GLOPL 100.0 1.9E-43   2E-49  314.7   0.0  281   52-333   123-420 (574)
     241 UniRef100_A0A3M6TPP0 G_PROTEIN 100.0 1.8E-43   2E-49  319.5   0.0  278   52-334    51-354 (424)
     242 UniRef100_A0A3M6UKX8 G_PROTEIN 100.0 1.9E-43 2.1E-49  324.6   0.0  283   52-334   119-420 (487)
     243 UniRef100_A0A026W4F0 Octopamin 100.0 2.1E-43 2.2E-49  309.4   0.0  280   50-335    54-393 (445)
     244 UniRef100_A0A3B4VB96 Beta-2 ad 100.0 2.1E-43 2.3E-49  312.8   0.0  277   52-333    53-360 (464)
     245 tr|A0A146NR64|A0A146NR64_FUNHE 100.0 2.2E-43 2.3E-49  309.7   0.0  282   52-334   120-420 (449)
     246 tr|A0A182QHF8|A0A182QHF8_9DIPT 100.0 2.2E-43 2.3E-49  316.6   0.0  284   51-335   100-407 (581)
     247 UniRef100_A0A2B4R9G2 Melatonin 100.0 2.2E-43 2.5E-49  328.6   0.0  278   52-335    81-367 (461)
     248 UniRef100_A0A4D9EQQ5 Enolase-l 100.0 2.6E-43 2.7E-49  300.3   0.0  285   50-337   145-434 (472)
     249 ERR1719361_2001115             100.0 2.5E-43 2.7E-49  313.0   0.0  287   50-337    23-327 (415)
     250 tr|A0A212EZN3|A0A212EZN3_DANPL 100.0 2.6E-43 2.7E-49  313.6   0.0  284   52-336    55-356 (488)
     251 tr|A0A232F8D2|A0A232F8D2_9HYME 100.0 2.6E-43 2.7E-49  312.4   0.0  282   51-335    71-371 (478)
     252 tr|V8NQN2|V8NQN2_OPHHA G-prote 100.0 2.6E-43 2.7E-49  324.2   0.0  273   52-333   304-586 (840)
     253 tr|A7S585|A7S585_NEMVE Predict 100.0 2.6E-43 2.8E-49  310.7   0.0  283   52-336    25-327 (374)
     254 UniRef100_A0A2B4S7A4 Alpha-1A  100.0 2.7E-43 2.9E-49  312.4   0.0  259   54-333    42-308 (392)
     255 tr|A0A060XRS0|A0A060XRS0_ONCMY 100.0 3.1E-43 3.2E-49  326.7   0.0  283   47-336    51-377 (900)
     256 UniRef100_A0A2B4SVS8 Neuropept 100.0   3E-43 3.3E-49  322.8   0.0  283   51-335    88-383 (480)
     257 UniRef100_A0A068WVN8 Biogenic  100.0 3.6E-43 3.8E-49  328.5   0.0  279   51-335   120-508 (641)
     258 UniRef100_A0A024FLZ5 PQRFa pep 100.0 3.9E-43 4.1E-49  308.6   0.0  330    1-334     5-351 (416)
     259 tr|B4JN40|B4JN40_DROGR GH24210 100.0 3.9E-43 4.2E-49  309.7   0.0  283   52-335   117-409 (436)
     260 UniRef100_A0A026WCQ7 Tyramine  100.0   4E-43 4.3E-49  332.7   0.0  275   52-336   184-589 (665)
     261 UniRef100_A0A060VTR1 G_PROTEIN 100.0 4.1E-43 4.3E-49  318.9   0.0  281   48-335   116-441 (619)
     262 UniRef100_A0A0S1YD99 Neuropept 100.0 4.1E-43 4.3E-49  304.1   0.0  281   53-336    77-374 (423)
     263 UniRef100_A0A3M6TAE6 G_PROTEIN 100.0   4E-43 4.3E-49  314.3   0.0  267   52-335    92-369 (443)
     264 tr|K7GCC3|K7GCC3_PELSI Adrenoc 100.0 4.1E-43 4.3E-49  308.9   0.0  280   52-336    42-365 (488)
     265 tr|J9JRI9|J9JRI9_ACYPI Unchara 100.0 4.3E-43 4.5E-49  308.9   0.0  284   52-336    35-335 (490)
     266 tr|A0A1V4KUV7|A0A1V4KUV7_PATFA 100.0 4.4E-43 4.6E-49  302.3   0.0  283   52-336   119-412 (450)
     267 UniRef100_A0A023F452 Putative  100.0 4.8E-43 5.1E-49  323.3   0.0  281   49-335   137-539 (660)
     268 UniRef100_A0A024R2Q0 Chemokine 100.0 4.8E-43 5.2E-49  319.0   0.0  279   51-335   156-444 (499)
     269 UniRef100_A0A2B4RXD1 Neuropept 100.0 4.9E-43 5.2E-49  314.3   0.0  282   52-336    95-384 (461)
     270 tr|A0A2H1W6Q0|A0A2H1W6Q0_SPOFR 100.0 5.3E-43 5.6E-49  312.6   0.0  286   51-337    70-366 (466)
     271 tr|A0A287CUD4|A0A287CUD4_ICTTR 100.0 5.4E-43 5.6E-49  306.7   0.0  281   49-336    16-309 (478)
     272 tr|A0A147AUP2|A0A147AUP2_FUNHE 100.0 5.5E-43 5.9E-49  315.4   0.0  264   53-317   122-390 (482)
     273 tr|A0A0F8AVG0|A0A0F8AVG0_LARCR 100.0 5.8E-43   6E-49  309.0   0.0  282   53-335    57-344 (544)
     274 UniRef100_A0A0A7KUZ5 Opsin 5 n 100.0 5.6E-43 6.1E-49  314.1   0.0  277   53-332    54-342 (407)
     275 UniRef100_A0A0L8H5P3 G_PROTEIN 100.0 5.8E-43 6.1E-49  314.3   0.0  278   49-335    72-373 (496)
     276 UniRef100_A0A2B4SQU8 Orexin re 100.0 6.3E-43 6.6E-49  301.1   0.0  281   52-336    37-348 (370)
     277 tr|W5JTF9|W5JTF9_ANODA Somatos 100.0 6.7E-43   7E-49  312.0   0.0  285   52-336    55-349 (526)
     278 tr|A0A131ZXP6|A0A131ZXP6_SARSC 100.0 6.9E-43 7.2E-49  305.5   0.0  284   53-336   124-414 (480)
     279 UniRef100_A0A067RG65 Neuropept 100.0   7E-43 7.5E-49  313.6   0.0  282   52-334    88-394 (509)
     280 UniRef100_A0A0H3YI86 Pyrokinin 100.0   7E-43 7.6E-49  321.6   0.0  278   52-332    84-396 (510)
     281 UniRef100_A0A6P3IMR0 somatosta 100.0 7.5E-43 7.8E-49  304.1   0.0  284   52-336   198-487 (524)
     282 UniRef100_A0A1L8HHP3 G_PROTEIN 100.0 7.3E-43 7.8E-49  303.0   0.0  283   51-335    45-340 (370)
     283 tr|J9K651|J9K651_ACYPI Unchara 100.0 7.4E-43 7.8E-49  304.7   0.0  285   52-337    90-390 (440)
     284 UniRef100_A0A7M7HFU8 G_PROTEIN 100.0 7.3E-43   8E-49  318.5   0.0  278   52-334    65-364 (423)
     285 UniRef100_A0A060X6T3 G_PROTEIN 100.0 7.7E-43 8.1E-49  313.3   0.0  278   52-336    90-415 (550)
     286 UniRef100_A0A060VNF4 G_PROTEIN 100.0 8.1E-43 8.6E-49  317.7   0.0  283   51-334   130-431 (566)
     287 tr|A0A0V1MVC7|A0A0V1MVC7_9BILA 100.0 8.5E-43   9E-49  317.6   0.0  284   52-336    81-380 (598)
     288 tr|A0A0L8FIS6|A0A0L8FIS6_OCTBM 100.0 8.8E-43 9.3E-49  310.3   0.0  281   53-336    92-422 (485)
     289 tr|A0A2B4SAJ4|A0A2B4SAJ4_STYPI 100.0 8.8E-43 9.4E-49  311.5   0.0  275   53-330    30-329 (434)
     290 UniRef100_A0A026VXG0 Octopamin 100.0 9.6E-43   1E-48  322.5   0.0  278   47-331    77-537 (647)
     291 tr|A0A0S0WMT8|A0A0S0WMT8_DROME 100.0   1E-42 1.1E-48  310.1   0.0  285   52-336   146-438 (593)
     292 UniRef100_A0A059ZY04 Angiotens 100.0   1E-42 1.1E-48  321.7   0.0  276   52-335   169-455 (546)
     293 UniRef100_A0A087X781 Alpha-2Db 100.0 1.1E-42 1.1E-48  308.8   0.0  277   52-334    67-492 (495)
     294 UniRef100_A0A087R2J6 Neuropept 100.0 1.2E-42 1.3E-48  317.8   0.0  281   52-335   213-520 (638)
     295 tr|T1KTS6|T1KTS6_TETUR Unchara 100.0 1.2E-42 1.3E-48  313.8   0.0  280   51-332   119-416 (587)
     296 UniRef100_A0A087UP46 5-hydroxy 100.0 1.2E-42 1.3E-48  309.4   0.0  278   51-335    45-401 (472)
     297 tr|A0A182L9N8|A0A182L9N8_9DIPT 100.0 1.2E-42 1.3E-48  312.7   0.0  282   52-335    89-383 (490)
     298 UniRef100_A0A0P5DS31 Neuropept 100.0 1.3E-42 1.4E-48  302.1   0.0  286   51-337    85-387 (482)
     299 UniRef100_A0A7M7HKI1 G_PROTEIN 100.0 1.3E-42 1.4E-48  312.0   0.0  278   55-335    43-336 (418)
     300 UniRef100_A0A0P7U0M1 Galanin r 100.0 1.4E-42 1.4E-48  299.2   0.0  285   51-336   140-436 (475)
     301 tr|A0A1W4X208|A0A1W4X208_AGRPL 100.0 1.5E-42 1.6E-48  304.4   0.0  283   52-335    95-394 (467)
     302 tr|A0A1S3L0J1|A0A1S3L0J1_SALSA 100.0 1.5E-42 1.6E-48  309.8   0.0  274   52-332    76-403 (533)
     303 tr|L5M4Z9|L5M4Z9_MYODS C-C che 100.0 1.5E-42 1.6E-48  309.9   0.0  278   52-336   270-557 (590)
     304 tr|A0A2D0SD29|A0A2D0SD29_ICTPU 100.0 1.5E-42 1.6E-48  306.6   0.0  274   52-332     5-306 (420)
     305 UniRef100_A0A146M155 Neuropept 100.0 1.6E-42 1.7E-48  311.7   0.0  281   53-334    55-362 (488)
     306 tr|T1JU75|T1JU75_TETUR Unchara 100.0 1.6E-42 1.7E-48  313.1   0.0  284   52-335   144-436 (728)
     307 UniRef100_A0A087QH91 Melanopsi 100.0 1.6E-42 1.7E-48  319.3   0.0  280   52-335   104-400 (629)
     308 UniRef100_A0A016TS00 G_PROTEIN 100.0 1.6E-42 1.8E-48  323.2   0.0  279   54-336   115-555 (622)
     309 UniRef100_A0A182H1J6 G_PROTEIN 100.0 1.7E-42 1.8E-48  325.8   0.0  283   53-335   320-795 (1005)
     310 UniRef100_A0A0L8FP69 G_PROTEIN 100.0 1.7E-42 1.8E-48  304.2   0.0  281   56-336    53-343 (488)
     311 ERR1719510_236906              100.0 1.8E-42 1.9E-48  318.8   0.0  284   52-336    83-375 (577)
     312 UniRef100_A0A068AZY5 Octopamin 100.0 1.7E-42 1.9E-48  337.5   0.0  184   51-238   173-359 (723)
     313 UniRef100_A0A091R746 Beta-1 ad 100.0 1.9E-42   2E-48  312.2   0.0  277   54-335   137-453 (572)
     314 tr|A0A2B4SSL5|A0A2B4SSL5_STYPI 100.0   2E-42 2.1E-48  294.1   0.0  283   52-336    22-311 (344)
     315 tr|A0A0R4IQ19|A0A0R4IQ19_DANRE 100.0   2E-42 2.1E-48  294.6   0.0  284   52-336    56-349 (384)
     316 tr|A0A210QY69|A0A210QY69_MIZYE 100.0   2E-42 2.1E-48  296.2   0.0  284   51-336    86-379 (400)
     317 UniRef100_A0A060XMX0 NPY-Y2 re 100.0   2E-42 2.1E-48  300.3   0.0  283   52-335   124-415 (452)
     318 UniRef100_A0A1S3J8T4 5-hydroxy 100.0 2.1E-42 2.3E-48  312.6   0.0  282   49-333    98-395 (468)
     319 UniRef100_A0A060Y7B7 G_PROTEIN 100.0 2.2E-42 2.3E-48  315.5   0.0  278   51-335   115-550 (560)
     320 UniRef100_E9HAW0 G_PROTEIN_REC 100.0 2.4E-42 2.5E-48  301.2   0.0  319    7-330    17-352 (393)
     321 UniRef100_A0A060W161 G_PROTEIN 100.0 2.3E-42 2.5E-48  327.3   0.0  279   49-335   166-456 (574)
     322 tr|A0A1I8N820|A0A1I8N820_MUSDO 100.0 2.5E-42 2.6E-48  318.2   0.0  283   46-335   299-638 (880)
     323 UniRef100_A0A061IAU9 Gastric r 100.0 2.5E-42 2.6E-48  311.3   0.0  281   49-336   112-408 (588)
     324 UniRef100_A0A3M6T9C5 G_PROTEIN 100.0 2.5E-42 2.7E-48  310.4   0.0  286   51-336    58-361 (402)
     325 UniRef100_A0A060W9S7 Mu-type o 100.0 2.6E-42 2.7E-48  311.2   0.0  285   49-333   150-439 (605)
     326 tr|A0A226N2C0|A0A226N2C0_CALSU 100.0 2.6E-42 2.7E-48  306.3   0.0  284   51-337   224-523 (569)
     327 UniRef100_A0A0N1IB59 Orexin re 100.0 2.6E-42 2.8E-48  306.4   0.0  279   53-333   130-450 (546)
     328 UniRef100_UPI0003F07467 orexin 100.0 2.8E-42   3E-48  311.7   0.0  278   53-330    79-411 (535)
     329 tr|A7RVQ0|A7RVQ0_NEMVE Predict 100.0 2.8E-42 3.1E-48  307.9   0.0  284   52-335    29-332 (398)
     330 tr|A7RNV5|A7RNV5_NEMVE Predict 100.0 2.9E-42 3.1E-48  300.4   0.0  270   56-330    36-322 (377)
     331 tr|A7SIX0|A7SIX0_NEMVE Predict 100.0   3E-42 3.1E-48  301.0   0.0  283   52-335    25-319 (403)
     332 tr|C3Z3H5|C3Z3H5_BRAFL Unchara 100.0   3E-42 3.2E-48  297.2   0.0  284   52-336    81-376 (405)
     333 tr|A0A0A7RC79|A0A0A7RC79_RHOPR 100.0   3E-42 3.2E-48  299.4   0.0  284   51-335    75-374 (404)
     334 tr|A0A1V4J9K1|A0A1V4J9K1_PATFA 100.0 3.1E-42 3.2E-48  319.2   0.0  283   51-336   320-609 (939)
     335 UniRef100_A0A076YJT8 Chemokine 100.0 3.1E-42 3.3E-48  311.8   0.0  276   51-335   160-445 (493)
     336 tr|A0A151ITZ3|A0A151ITZ3_9HYME 100.0 3.2E-42 3.4E-48  307.2   0.0  284   52-336    68-421 (481)
     337 tr|A0A1W4X1F3|A0A1W4X1F3_AGRPL 100.0 3.3E-42 3.5E-48  306.0   0.0  286   51-337   133-434 (485)
     338 UniRef100_UPI000219022F Endoly 100.0 3.4E-42 3.6E-48  302.3   0.0  280   52-336   201-488 (507)
     339 tr|H2Q292|H2Q292_PANTR Unchara 100.0 3.5E-42 3.7E-48  302.7   0.0  282   50-336    80-405 (492)
     340 UniRef100_A0A061QHX0 Putative  100.0 3.5E-42 3.8E-48  317.7   0.0  278   51-336   132-509 (563)
     341 tr|A0A147AMP5|A0A147AMP5_FUNHE 100.0 3.5E-42 3.9E-48  321.1   0.0  277   52-336    32-429 (475)
     342 tr|A0A1I8MRR4|A0A1I8MRR4_MUSDO 100.0 3.8E-42 3.9E-48  316.4   0.0  284   51-336   258-560 (819)
     343 UniRef100_A0A0P7Y8S7 Nocicepti 100.0 3.8E-42   4E-48  297.9   0.0  281   51-332   119-404 (467)
     344 UniRef100_A0A0D9R0U9 Apelin re 100.0 3.8E-42   4E-48  304.5   0.0  283   52-334    62-363 (482)
     345 UniRef100_A0A060WGF3 B2 bradyk 100.0 3.8E-42 4.1E-48  321.5   0.0  279   53-332   161-449 (589)
     346 tr|W5MC67|W5MC67_LEPOC Pyroglu 100.0 3.9E-42 4.1E-48  299.6   0.0  282   52-333    54-358 (441)
     347 UniRef100_A0A2B4RZ41 Adenosine 100.0 3.9E-42 4.2E-48  307.2   0.0  263   53-335    50-313 (381)
     348 tr|A0A0L0C8J1|A0A0L0C8J1_LUCCU 100.0 4.1E-42 4.3E-48  310.4   0.0  284   52-335   226-519 (661)
     349 tr|A0A096NTW4|A0A096NTW4_PAPAN 100.0 4.1E-42 4.3E-48  300.8   0.0  283   52-335   133-427 (442)
     350 UniRef100_A0A2B4SJE7 Orexin re 100.0   4E-42 4.3E-48  312.8   0.0  282   51-335   134-432 (517)
     351 UniRef100_A0A067R4E0 Tachykini 100.0 4.2E-42 4.5E-48  303.0   0.0  280   52-332    50-342 (396)
     352 tr|A0A1L8HND2|A0A1L8HND2_XENLA 100.0 4.3E-42 4.6E-48  304.2   0.0  285   50-335   127-428 (452)
     353 UniRef100_A0A067R841 G_PROTEIN 100.0 4.4E-42 4.7E-48  314.0   0.0  284   50-334   105-409 (526)
     354 UniRef100_A0A0A1XP15 Neuropept 100.0 4.5E-42 4.8E-48  298.2   0.0  283   52-335    72-374 (421)
     355 UniRef100_A0A060WAA0 NK-2 rece 100.0 4.5E-42 4.8E-48  301.0   0.0  285   51-336    72-366 (465)
     356 UniRef100_A0A0E3EKU4 Allatotro 100.0 4.6E-42 4.8E-48  304.4   0.0  281   54-336   134-433 (562)
     357 UniRef100_A0A6A7G2U4 Octopamin 100.0 4.9E-42 5.1E-48  307.6   0.0  285   47-336   166-513 (574)
     358 tr|A0A1V4KKE4|A0A1V4KKE4_PATFA 100.0   5E-42 5.2E-48  309.8   0.0  281   51-332   405-690 (724)
     359 tr|A0A1V4JMN9|A0A1V4JMN9_PATFA 100.0 5.1E-42 5.3E-48  304.6   0.0  278   52-330    93-417 (537)
     360 UniRef100_A0A132AJH3 7 transme 100.0 5.1E-42 5.5E-48  309.5   0.0  278   55-332    72-384 (447)
     361 UniRef100_UPI000B911B64 melato 100.0 5.1E-42 5.5E-48  308.8   0.0  276   53-335    30-345 (381)
     362 UniRef100_A0A034WQT6 Tachykini 100.0 5.5E-42 5.8E-48  312.4   0.0  283   52-335   117-419 (694)
     363 UniRef100_A0A026WC04 Dopamine  100.0 5.6E-42 5.9E-48  300.7   0.0  278   51-336    77-399 (468)
     364 tr|A0A2B4RYF4|A0A2B4RYF4_STYPI 100.0 5.6E-42 5.9E-48  299.5   0.0  279   53-335    26-312 (402)
     365 tr|W8C2A8|W8C2A8_CERCA Neurope 100.0 5.7E-42   6E-48  319.2   0.0  283   52-337   265-567 (827)
     366 tr|R4J1H6|R4J1H6_SALSA Cholecy 100.0   6E-42 6.3E-48  299.4   0.0  282   55-336    50-408 (461)
     367 UniRef100_A0A1S3F7I6 neuropept 100.0 5.9E-42 6.3E-48  315.5   0.0  282   53-336   252-559 (712)
     368 UniRef100_A0A060WAG3 G_PROTEIN 100.0   6E-42 6.4E-48  309.5   0.0  278   53-336   124-501 (550)
     369 tr|A0A2C9GPU2|A0A2C9GPU2_ANOAR 100.0 6.1E-42 6.4E-48  319.7   0.0  282   53-336   324-638 (818)
     370 tr|A0A091DX38|A0A091DX38_FUKDA 100.0 6.2E-42 6.4E-48  315.6   0.0  285   51-336   142-430 (878)
     371 UniRef100_A0A2G8KMT5 G_PROTEIN 100.0   6E-42 6.5E-48  303.5   0.0  268   56-332    41-325 (402)
     372 tr|A0A2B4RSD1|A0A2B4RSD1_STYPI 100.0 6.2E-42 6.7E-48  314.0   0.0  278   53-336    52-383 (430)
     373 UniRef100_A0A1B6HDB2 G_PROTEIN 100.0 6.5E-42 6.8E-48  289.7   0.0  282   53-336    13-308 (360)
     374 UniRef100_A0A016SJ65 Thyrolibe 100.0 6.3E-42 6.8E-48  312.8   0.0  281   52-335    84-397 (479)
     375 UniRef100_A0A336LUR7 CSON00145 100.0 6.9E-42 7.2E-48  308.0   0.0  285   51-337    87-388 (670)
     376 UniRef100_A0A060VWI9 G_PROTEIN 100.0 7.2E-42 7.6E-48  309.8   0.0  276   56-336    65-396 (579)
     377 UniRef100_F6SEF7 G_PROTEIN_REC 100.0 7.2E-42 7.7E-48  292.9   0.0  280   50-330    39-333 (337)
     378 tr|A0A210R0K7|A0A210R0K7_MIZYE 100.0 7.3E-42 7.7E-48  301.0   0.0  283   53-335    75-426 (470)
     379 tr|A0A182U1B5|A0A182U1B5_9DIPT 100.0 7.5E-42 7.8E-48  310.0   0.0  284   51-335    39-344 (620)
     380 UniRef100_A0A067RAQ2 Neuropept 100.0 7.8E-42 8.1E-48  299.7   0.0  286   50-336    99-398 (509)
     381 UniRef100_A0A091DZ91 Kappa-typ 100.0   8E-42 8.4E-48  298.1   0.0  282   52-334    75-362 (471)
     382 UniRef100_A0A068YA15 Neuropept 100.0 8.5E-42   9E-48  306.9   0.0  280   50-329    71-390 (510)
     383 tr|A0A1A8K3T1|A0A1A8K3T1_NOTKU 100.0 9.3E-42 9.8E-48  306.6   0.0  281   50-336    47-486 (621)
     384 UniRef100_A0A060X7S9 B2 bradyk 100.0 9.4E-42   1E-47  309.5   0.0  283   53-336   115-407 (491)
     385 tr|A0A1S3NAI3|A0A1S3NAI3_SALSA 100.0 9.6E-42   1E-47  295.5   0.0  284   52-336    96-388 (439)
     386 UniRef100_A0A0K0PUL2 DH31-like 100.0 9.5E-42   1E-47  296.2   0.0  282   51-335    48-334 (375)
     387 UniRef100_A0A0P7U357 Apelin re 100.0 9.5E-42   1E-47  300.6   0.0  281   51-336    57-345 (401)
     388 UniRef100_A0A678XEL8 Trace ami 100.0 9.6E-42   1E-47  309.1   0.0  277   55-335    59-357 (523)
     389 tr|A0A0P6C571|A0A0P6C571_9CRUS 100.0   1E-41   1E-47  302.1   0.0  283   53-335    57-446 (558)
     390 UniRef100_A0A061ACA9 G_PROTEIN 100.0 9.8E-42 1.1E-47  316.3   0.0  274   53-334    97-384 (513)
     391 tr|A0A060X5F3|A0A060X5F3_ONCMY 100.0 1.1E-41 1.2E-47  324.4   0.0  278   51-336   414-704 (840)
     392 UniRef100_A0A060YY06 G_PROTEIN 100.0 1.1E-41 1.2E-47  305.6   0.0  279   53-332   105-406 (490)
     393 tr|A0A146PN09|A0A146PN09_FUNHE 100.0 1.1E-41 1.2E-47  316.5   0.0  285   51-335    39-396 (432)
     394 tr|A0A0L7QUK8|A0A0L7QUK8_9HYME 100.0 1.2E-41 1.3E-47  313.4   0.0  284   52-336   202-500 (806)
     395 tr|A0A182FRI7|A0A182FRI7_ANOAL 100.0 1.2E-41 1.3E-47  320.2   0.0  180   53-236   114-297 (677)
     396 tr|I3KRG5|I3KRG5_ORENI FGFR1 o 100.0 1.3E-41 1.4E-47  307.5   0.0  278   52-337   148-452 (489)
     397 tr|W8B9D1|W8B9D1_CERCA 5-hydro 100.0 1.4E-41 1.4E-47  306.6   0.0  281   51-336   262-628 (664)
     398 tr|A0A091DQD0|A0A091DQD0_FUKDA 100.0 1.4E-41 1.5E-47  301.3   0.0  279   51-336   179-465 (499)
     399 UniRef100_A0A6P8HX63 probable  100.0 1.4E-41 1.5E-47  307.3   0.0  274   52-336    58-362 (407)
     400 tr|A0A1A9ZM95|A0A1A9ZM95_GLOPL 100.0 1.5E-41 1.5E-47  297.1   0.0  284   53-336    96-395 (481)
     401 UniRef100_A0A068WTW9 Tachykini 100.0 1.5E-41 1.5E-47  300.6   0.0  282   53-335    47-360 (453)
     402 UniRef100_A0A2B4SID7 Neuropept 100.0 1.4E-41 1.5E-47  305.4   0.0  283   51-335    81-380 (462)
     403 UniRef100_A0A0L7QLJ1 Neuropept 100.0 1.5E-41 1.6E-47  293.6   0.0  285   52-337   128-428 (485)
     404 UniRef100_A0A060VZ71 G_PROTEIN 100.0 1.5E-41 1.6E-47  314.1   0.0  281   53-335   230-536 (650)
     405 UniRef100_A0A3M6T8F5 G_PROTEIN 100.0 1.5E-41 1.6E-47  319.4   0.0  281   52-335   102-396 (523)
     406 tr|A0A2B4SNZ1|A0A2B4SNZ1_STYPI 100.0 1.5E-41 1.7E-47  304.7   0.0  277   53-335    33-320 (351)
     407 UniRef100_A0A061QLL1 Putative  100.0 1.7E-41 1.8E-47  302.2   0.0  278   51-335    45-422 (424)
     408 tr|C3Z617|C3Z617_BRAFL Unchara 100.0 1.7E-41 1.8E-47  292.0   0.0  281   52-333    34-338 (426)
     409 UniRef100_A0A087VAK8 Somatosta 100.0 1.8E-41 1.8E-47  286.3   0.0  282   51-335    61-349 (384)
     410 UniRef100_A0A060VPX8 G_PROTEIN 100.0 1.7E-41 1.8E-47  322.7   0.0  275   51-334   132-418 (527)
     411 tr|A0A0P7TYE1|A0A0P7TYE1_9TELE 100.0 1.8E-41 1.9E-47  302.2   0.0  282   55-336   127-475 (507)
     412 tr|A0A0P7V1N0|A0A0P7V1N0_9TELE 100.0 1.8E-41 1.9E-47  293.5   0.0  286   50-335   113-405 (436)
     413 tr|A0A146TP77|A0A146TP77_FUNHE 100.0 1.7E-41 1.9E-47  316.6   0.0  277   53-336    48-425 (522)
     414 SRR6218665_799277              100.0 1.9E-41   2E-47  292.7   0.0  285   51-336   124-421 (456)
     415 tr|A0A1S3F7I6|A0A1S3F7I6_DIPOR 100.0 1.9E-41   2E-47  298.7   0.0  285   51-336   166-466 (543)
     416 UniRef100_A0A0S1YDA1 Neuropept 100.0 1.9E-41   2E-47  301.4   0.0  284   51-334    66-413 (463)
     417 tr|W4Z3I5|W4Z3I5_STRPU Unchara 100.0   2E-41 2.1E-47  298.2   0.0  285   47-334    44-393 (461)
     418 UniRef100_A0A151NBW6 Beta-3 ad 100.0   2E-41 2.1E-47  300.4   0.0  280   52-336    31-342 (490)
     419 UniRef100_A0A553N720 G_PROTEIN 100.0   2E-41 2.1E-47  304.6   0.0  287   48-335   134-434 (595)
     420 tr|C3Z5T5|C3Z5T5_BRAFL Unchara 100.0 2.1E-41 2.2E-47  288.4   0.0  289   47-336    33-330 (389)
     421 UniRef100_A0A060XSH0 G_PROTEIN 100.0   2E-41 2.2E-47  315.2   0.0  285   49-335   144-435 (590)
     422 UniRef100_A0A077KAM5 PQRFa pep 100.0 2.1E-41 2.2E-47  300.0   0.0  284   52-336   139-447 (539)
     423 UniRef100_A0A6P4YCQ0 somatosta 100.0 2.2E-41 2.3E-47  285.1   0.0  280   52-333    71-365 (428)
     424 tr|A0A212C668|A0A212C668_CEREH 100.0 2.2E-41 2.3E-47  300.9   0.0  276   52-334   220-556 (558)
     425 tr|A0A210QNG6|A0A210QNG6_MIZYE 100.0 2.2E-41 2.4E-47  303.0   0.0  283   52-336    40-341 (498)
     426 UniRef100_A0A340X578 LOW QUALI 100.0 2.3E-41 2.4E-47  305.3   0.0  282   51-333   236-521 (656)
     427 UniRef100_A0A1S3IXU9 RYamide r 100.0 2.3E-41 2.4E-47  292.7   0.0  282   53-335    36-331 (438)
     428 tr|A0A091DLL4|A0A091DLL4_FUKDA 100.0 2.3E-41 2.4E-47  294.6   0.0  280   52-336    34-346 (474)
     429 UniRef100_A0A060W247 Cholecyst 100.0 2.3E-41 2.4E-47  308.3   0.0  281   54-334   130-476 (563)
     430 tr|A0A0P7XE55|A0A0P7XE55_9TELE 100.0 2.5E-41 2.6E-47  309.1   0.0  283   47-336    46-369 (782)
     431 UniRef100_A0A087XFV2 5-hydroxy 100.0 2.4E-41 2.6E-47  302.9   0.0  283   50-336    82-398 (493)
     432 tr|A0A139WEA0|A0A139WEA0_TRICA 100.0 2.6E-41 2.7E-47  290.1   0.0  283   51-335    93-406 (464)
     433 tr|A0A1S3NNV5|A0A1S3NNV5_SALSA 100.0 2.8E-41 2.9E-47  299.5   0.0  283   53-336    64-382 (499)
     434 UniRef100_A0A023F665 Putative  100.0 2.7E-41 2.9E-47  309.3   0.0  285   49-333   141-448 (573)
     435 UniRef100_A0A074ZKD6 G_PROTEIN 100.0 2.9E-41 3.1E-47  299.4   0.0  284   52-336   151-460 (521)
     436 tr|L9JWP3|L9JWP3_TUPCH C-C che 100.0 2.9E-41 3.1E-47  314.6   0.0  278   51-336   387-671 (702)
     437 tr|A0A182FUW3|A0A182FUW3_ANOAL 100.0   3E-41 3.1E-47  307.3   0.0  284   53-336   197-488 (666)
     438 UniRef100_A0A0G3Y5J3 Peropsin  100.0 2.9E-41 3.2E-47  300.4   0.0  282   51-335    36-324 (363)
     439 UniRef100_A0A060W5H6 G_PROTEIN 100.0   3E-41 3.2E-47  311.1   0.0  278   51-332    86-385 (528)
     440 UniRef100_A0A0L8FWF7 G_PROTEIN 100.0   3E-41 3.3E-47  314.0   0.0  280   50-336    90-548 (576)
     441 UniRef100_A0A0K0PUE3 Orphan G- 100.0 3.2E-41 3.4E-47  307.3   0.0  281   47-330   112-423 (550)
     442 UniRef100_A0A1I8FSG9 G_PROTEIN 100.0 3.2E-41 3.4E-47  302.9   0.0  281   50-336   159-507 (576)
     443 UniRef100_A0A0L8HMQ0 G_PROTEIN 100.0 3.3E-41 3.5E-47  305.1   0.0  280   51-332    48-345 (538)
     444 tr|A0A0K0PUV0|A0A0K0PUV0_PLADU 100.0 3.3E-41 3.6E-47  295.7   0.0  275   54-335    18-334 (373)
     445 tr|A0A2B4S4U3|A0A2B4S4U3_STYPI 100.0 3.4E-41 3.6E-47  287.9   0.0  278   55-336    29-324 (359)
     446 UniRef100_A0A0P6J0T1 Putative  100.0 3.5E-41 3.7E-47  315.4   0.0  284   48-333    99-408 (735)
     447 tr|A0A218UP03|A0A218UP03_9PASE 100.0 3.6E-41 3.8E-47  316.4   0.0  277   50-334   788-1074(1110)
     448 tr|A0A1D2N5F0|A0A1D2N5F0_ORCCI 100.0 3.8E-41 3.9E-47  300.0   0.0  285   51-336    54-350 (559)
     449 tr|A0A1S2ZIZ2|A0A1S2ZIZ2_ERIEU 100.0 3.8E-41   4E-47  300.8   0.0  281   51-336   200-533 (620)
     450 tr|A0A1U7SLA2|A0A1U7SLA2_TARSY 100.0 4.1E-41 4.3E-47  301.6   0.0  277   53-336   126-451 (601)
     451 UniRef100_A0A0L0C965 Tachykini 100.0 4.2E-41 4.4E-47  301.9   0.0  282   52-335   121-419 (611)
     452 UniRef100_A0A1S3QIU7 Urotensin 100.0 4.3E-41 4.5E-47  284.1   0.0  277   48-324    39-329 (357)
     453 tr|W4Z9U8|W4Z9U8_STRPU Unchara 100.0 4.3E-41 4.5E-47  290.5   0.0  284   52-336   108-413 (434)
     454 UniRef100_A0A016UUZ5 G_PROTEIN 100.0 4.3E-41 4.5E-47  299.2   0.0  275   51-335    74-413 (486)
     455 UniRef100_A0A6P8HUK6 melatonin 100.0 4.3E-41 4.6E-47  289.5   0.0  281   51-336    27-322 (374)
     456 tr|A7RKP0|A7RKP0_NEMVE Predict 100.0 4.3E-41 4.6E-47  293.3   0.0  276   55-336    11-309 (350)
     457 UniRef100_A0A2B4SJV4 Galanin r 100.0 4.3E-41 4.7E-47  310.4   0.0  278   53-333    76-365 (444)
     458 tr|A0A1S3FWK5|A0A1S3FWK5_DIPOR 100.0 4.8E-41   5E-47  304.9   0.0  278   51-336   416-731 (786)
     459 UniRef100_A0A2S1WLX6 Putative  100.0 4.8E-41   5E-47  295.8   0.0  275   56-335    51-459 (475)
     460 UniRef100_A0A034WCQ2 Octopamin 100.0 5.3E-41 5.7E-47  309.8   0.0  277   52-335   164-562 (618)
     461 UniRef100_A0A2I0LST6 Beta-2 ad 100.0 5.5E-41 5.8E-47  304.5   0.0  310   14-336    40-382 (621)
     462 UniRef100_A0A1D1UXI1 G_PROTEIN 100.0 5.6E-41 5.8E-47  295.7   0.0  285   51-336   135-431 (553)
     463 UniRef100_A0A7M7G1H5 G_PROTEIN 100.0 5.7E-41 6.2E-47  304.5   0.0  275   53-336    39-335 (381)
     464 tr|A0A147AXX1|A0A147AXX1_FUNHE 100.0 6.1E-41 6.4E-47  294.1   0.0  285   50-336    36-331 (490)
     465 tr|A0A061ILI5|A0A061ILI5_CRIGR 100.0 6.1E-41 6.4E-47  294.6   0.0  284   52-336   198-493 (528)
     466 tr|K1PEH3|K1PEH3_CRAGI Neurope 100.0 6.1E-41 6.4E-47  292.6   0.0  280   55-335    51-358 (411)
     467 ERR1719341_586736              100.0 6.3E-41 6.7E-47  301.6   0.0  284   51-335    54-355 (513)
     468 tr|E6ZEU6|E6ZEU6_DICLA Neurome 100.0 6.3E-41 6.8E-47  301.2   0.0  284   53-336    90-396 (461)
     469 tr|M7AFW2|M7AFW2_CHEMY Urotens 100.0 6.5E-41 6.8E-47  288.8   0.0  281   89-373     4-292 (446)
     470 tr|A0A146YGA5|A0A146YGA5_FUNHE 100.0 6.4E-41 6.9E-47  310.6   0.0  278   56-337    35-343 (521)
     471 UniRef100_A0A060YB93 G_PROTEIN 100.0 6.9E-41 7.2E-47  287.8   0.0  282   50-336    57-345 (480)
     472 tr|A0A0N7ZC69|A0A0N7ZC69_9EUCA 100.0 6.9E-41 7.2E-47  286.8   0.0  284   52-335    67-357 (430)
     473 tr|A0A2B4SDF9|A0A2B4SDF9_STYPI 100.0 6.9E-41 7.2E-47  284.6   0.0  284   48-335    33-327 (356)
     474 tr|A0A0P6B7K0|A0A0P6B7K0_9CRUS 100.0 6.8E-41 7.3E-47  307.0   0.0  283   52-336   113-489 (579)
     475 UniRef100_A0A3M6THF9 G_PROTEIN 100.0 6.8E-41 7.3E-47  304.2   0.0  266   51-332    60-336 (483)
     476 UniRef100_A0A6P8HVR8 galanin r 100.0 6.9E-41 7.4E-47  293.2   0.0  279   53-335    24-321 (381)
     477 tr|A7RYQ3|A7RYQ3_NEMVE Predict 100.0 7.2E-41 7.8E-47  299.9   0.0  277   52-336    52-337 (367)
     478 tr|A0A2B4S6X2|A0A2B4S6X2_STYPI 100.0 7.4E-41 7.8E-47  290.5   0.0  274   55-335    27-324 (379)
     479 tr|C7SLZ0|C7SLZ0_APLKU Seroton 100.0 7.4E-41 7.9E-47  303.1   0.0  278   49-335    70-425 (485)
     480 tr|A0A147BFV4|A0A147BFV4_IXORI 100.0 7.5E-41 7.9E-47  287.8   0.0  282   53-335    42-335 (402)
     481 ERR550534_208423               100.0 7.7E-41   8E-47  298.2   0.0  284   51-335    87-399 (568)
     482 UniRef100_A0A096NT18 Galanin r 100.0 7.9E-41 8.2E-47  285.6   0.0  284   51-335    94-381 (459)
     483 UniRef100_A0A077Z2V7 Neuropept 100.0   8E-41 8.4E-47  295.8   0.0  282   54-335    72-376 (451)
     484 UniRef100_A0A6F9DUB2 Somatosta 100.0 8.1E-41 8.6E-47  294.9   0.0  281   51-332    62-351 (467)
     485 tr|A0A218UTA6|A0A218UTA6_9PASE 100.0 8.4E-41 8.8E-47  305.6   0.0  278   52-336    58-445 (738)
     486 tr|A0A1S3JCV4|A0A1S3JCV4_LINUN 100.0 8.5E-41 8.9E-47  289.7   0.0  285   51-336    62-370 (414)
     487 UniRef100_A0A087XI41 Mu-type o 100.0 8.6E-41   9E-47  292.3   0.0  281   51-332   152-437 (537)
     488 UniRef100_A0A087YKS5 Tachykini 100.0 8.7E-41   9E-47  289.7   0.0  284   51-335    66-359 (454)
     489 UniRef100_A0A3Q0GLD8 galanin r 100.0   9E-41 9.3E-47  286.7   0.0  285   51-336   151-440 (499)
     490 UniRef100_A0A024R4J1 Formyl pe 100.0 8.5E-41 9.4E-47  319.4   0.0  273   53-334   174-455 (581)
     491 tr|A0A1V4KK28|A0A1V4KK28_PATFA 100.0 9.1E-41 9.5E-47  291.3   0.0  283   53-336   135-429 (478)
     492 UniRef100_A0A087R306 Hypocreti 100.0 9.3E-41 9.7E-47  300.0   0.0  283   52-335   151-480 (594)
     493 UniRef100_A0A4W4DTE3 G_PROTEIN 100.0 9.6E-41   1E-46  293.6   0.0  280   56-336    57-344 (379)
     494 UniRef100_A0A060VRN9 G_PROTEIN 100.0 9.8E-41   1E-46  301.0   0.0  274   52-333   136-429 (496)
     495 tr|A0A1D1V6H4|A0A1D1V6H4_RAMVA 100.0   1E-40 1.1E-46  296.8   0.0  283   52-336    62-375 (498)
     496 UniRef100_A0A2B4S7Y2 Neuropept 100.0   1E-40 1.1E-46  306.6   0.0  274   52-334    82-371 (460)
     497 UniRef100_A0A0C9RF21 CapaR_3 p 100.0   1E-40 1.1E-46  301.5   0.0  282   53-335    53-357 (532)
     498 tr|F1R2F3|F1R2F3_DANRE Neurope 100.0 1.1E-40 1.1E-46  304.7   0.0  284   51-334   402-692 (731)
     499 UniRef100_A0A0Q3PEJ5 Alpha-1B  100.0 1.1E-40 1.1E-46  299.8   0.0  279   50-335    61-385 (683)
     500 tr|A0A2B4R9G2|A0A2B4R9G2_STYPI 100.0 1.1E-40 1.2E-46  293.5   0.0  277   53-334    62-349 (378)
     
  > Uniprot already searched, skipping.
/projects/ilfgrid/apps/alphafold-2.2.0/prep_MSAs.sh: line 93: /bin/hmmbuild: No such file or directory
/projects/ilfgrid/apps/alphafold-2.2.0/prep_MSAs.sh: line 94: /bin/hmmsearch: No such file or directory
> Running chain B
  > Uniref90 already searched, skipping.
  > Mgnify already searched, skipping.
  > Running hhblits on bfd_uniref30
- 10:56:19.399 INFO: Searching 65983866 column state sequences.

- 10:56:20.431 INFO: Searching 29291635 column state sequences.

- 10:56:20.465 INFO: ur2r_human-2156/msas/B/chain_B.fasta is in A2M, A3M or FASTA format

- 10:56:20.466 INFO: Iteration 1

- 10:56:20.472 INFO: Prefiltering database

- 10:56:57.769 INFO: HMMs passed 1st prefilter (gapless profile-profile alignment)  : 26186

- 10:57:14.928 INFO: HMMs passed 1st prefilter (gapless profile-profile alignment)  : 34820

- 10:57:14.960 INFO: HMMs passed 2nd prefilter (gapped profile-profile alignment)   : 118

- 10:57:14.960 INFO: HMMs passed 2nd prefilter and not found in previous iterations : 118

- 10:57:14.960 INFO: Scoring 118 HMMs using HMM-HMM Viterbi alignment

- 10:57:15.003 INFO: Alternative alignment: 0

- 10:57:15.841 INFO: 118 alignments done

- 10:57:15.842 INFO: Alternative alignment: 1

- 10:57:15.845 INFO: 117 alignments done

- 10:57:15.846 INFO: Alternative alignment: 2

- 10:57:15.846 INFO: Alternative alignment: 3

- 10:57:15.920 INFO: Premerge done

- 10:57:15.920 INFO: Realigning 118 HMM-HMM alignments using Maximum Accuracy algorithm

- 10:57:16.211 INFO: 65 sequences belonging to 65 database HMMs found with an E-value < 0.001

- 10:57:16.211 INFO: Number of effective sequences of resulting query HMM: Neff = 10.0473

- 10:57:16.215 INFO: Iteration 2

- 10:57:16.215 INFO: Set premerge to 0! (premerge: 3 iteration: 2 hits.Size: 62)

- 10:57:16.219 INFO: Prefiltering database

- 10:57:54.017 INFO: HMMs passed 1st prefilter (gapless profile-profile alignment)  : 1000

- 10:58:10.504 INFO: HMMs passed 1st prefilter (gapless profile-profile alignment)  : 1000

- 10:58:10.515 INFO: No HMMs pass prefilter => Stop searching!

     Query         urotensin II-related peptide gtp:2156
     Match_columns 8
     No_of_seqs    52 out of 578
     Neff          10.0473
     Searched_HMMs 118
     Date          Thu Mar  9 10:58:10 2023
     Command       hhblits -i ur2r_human-2156/msas/B/chain_B.fasta -cpu 4 -maxmem 20 -oa3m /projects/ilfgrid/people/nqz918/code/deorph/scripts/af_arman/af_jobs_af23/ur2r_human/2156//ur2r_human-2156/msas/B/bfd_uniref_hits.a3m -o /dev/null -n 3 -e 0.001 -maxseq 1000000 -realign_max 100000 -maxfilt 100000 -min_prefilter_hits 1000 -d /projects/ilfgrid/data/alphafold-genetic-databases///bfd/bfd_metaclust_clu_complete_id30_c90_final_seq.sorted_opt -d /projects/ilfgrid/data/alphafold-genetic-databases///uniref30/UniRef30_2021_03 
     
      No Hit                             Prob E-value P-value  Score    SS Cols Query HMM  Template HMM
     
  > Uniprot already searched, skipping.
/projects/ilfgrid/apps/alphafold-2.2.0/prep_MSAs.sh: line 93: /bin/hmmbuild: No such file or directory
/projects/ilfgrid/apps/alphafold-2.2.0/prep_MSAs.sh: line 94: /bin/hmmsearch: No such file or directory

>> Job finished at: Thu Mar  9 10:58:14 CET 2023

>> Runtime: 965 s
