>> Job started at: Wed Feb 22 16:14:48 CET 2023
   On Machine:     ilfgridgpun01fl.unicph.domain
   In directory:   /maps/projects/ilfgrid/people/nqz918/code/deorph/scripts/af_arman/af_jobs_af23/fpr1_mouse/1026

>> GPU is 

> Running 'prep_MSAs.sh'
  > Alphafold-DB directory is set to /projects/ilfgrid/data/alphafold-genetic-databases//
  > Number of cores was set to set to 2
  > Max memory set to 20
  > Output directory was set to /maps/projects/ilfgrid/people/nqz918/code/deorph/scripts/af_arman/af_jobs_af23/fpr1_mouse/1026/
  > Input fastafile was set to /maps/projects/ilfgrid/people/nqz918/code/deorph/scripts/af_arman/af_jobs_af23/fpr1_mouse/1026/fpr1_mouse-1026.fasta
> Splitting fastafile
> Running chain A
  > Uniref90 already searched, skipping.
  > Mgnify already searched, skipping.
  > Running hhblits on bfd_uniref30
- 16:15:05.139 INFO: Searching 65983866 column state sequences.

- 16:15:06.181 INFO: Searching 29291635 column state sequences.

- 16:15:06.216 INFO: fpr1_mouse-1026/msas/A/chain_A.fasta is in A2M, A3M or FASTA format

- 16:15:06.217 INFO: Iteration 1

- 16:15:06.430 INFO: Prefiltering database

- 16:18:11.708 INFO: HMMs passed 1st prefilter (gapless profile-profile alignment)  : 1675428

- 16:19:27.350 INFO: HMMs passed 1st prefilter (gapless profile-profile alignment)  : 916977

- 16:19:32.490 INFO: HMMs passed 2nd prefilter (gapped profile-profile alignment)   : 27609

- 16:19:32.490 INFO: HMMs passed 2nd prefilter and not found in previous iterations : 27609

- 16:19:32.490 INFO: Scoring 27609 HMMs using HMM-HMM Viterbi alignment

- 16:19:32.513 INFO: Alternative alignment: 0

- 16:20:25.701 INFO: 2000 alignments done

- 16:20:57.600 INFO: 4000 alignments done

- 16:21:24.074 INFO: 6000 alignments done

- 16:22:03.219 INFO: 8000 alignments done

- 16:22:26.473 INFO: 10000 alignments done

- 16:23:21.899 INFO: 12000 alignments done

- 16:23:34.640 INFO: 14000 alignments done

- 16:23:44.234 INFO: 16000 alignments done

- 16:23:51.422 INFO: 18000 alignments done

- 16:24:09.172 INFO: 20000 alignments done

- 16:24:12.461 INFO: 22000 alignments done

- 16:24:16.184 INFO: 24000 alignments done

- 16:24:22.512 INFO: 26000 alignments done

- 16:24:27.575 INFO: 27609 alignments done

- 16:24:27.579 INFO: Alternative alignment: 1

- 16:24:45.180 INFO: 27564 alignments done

- 16:24:45.213 INFO: Alternative alignment: 2

- 16:24:50.410 INFO: 6682 alignments done

- 16:24:50.417 INFO: Alternative alignment: 3

- 16:24:51.503 INFO: 1024 alignments done

- 16:24:52.619 INFO: Premerge done

- 16:24:52.620 INFO: Realigning 10886 HMM-HMM alignments using Maximum Accuracy algorithm

- 16:25:54.018 INFO: 10889 sequences belonging to 10889 database HMMs found with an E-value < 0.001

- 16:25:54.019 INFO: Number of effective sequences of resulting query HMM: Neff = 11.0599

- 16:25:54.227 INFO: Iteration 2

- 16:25:54.227 INFO: Set premerge to 0! (premerge: 3 iteration: 2 hits.Size: 10886)

- 16:25:54.452 INFO: Prefiltering database

- 16:28:25.246 INFO: HMMs passed 1st prefilter (gapless profile-profile alignment)  : 4476416

- 16:29:54.697 INFO: HMMs passed 1st prefilter (gapless profile-profile alignment)  : 2421293

- 16:30:10.759 INFO: HMMs passed 2nd prefilter (gapped profile-profile alignment)   : 57555

- 16:30:10.759 INFO: HMMs passed 2nd prefilter and not found in previous iterations : 46937

- 16:30:10.759 INFO: Scoring 46937 HMMs using HMM-HMM Viterbi alignment

- 16:30:10.783 INFO: Alternative alignment: 0

- 16:30:14.789 INFO: 2000 alignments done

- 16:30:20.184 INFO: 4000 alignments done

- 16:30:25.130 INFO: 6000 alignments done

- 16:30:51.920 INFO: 8000 alignments done

- 16:32:45.247 INFO: 10000 alignments done

- 16:34:58.076 INFO: 12000 alignments done

- 16:37:10.610 INFO: 14000 alignments done

- 16:38:16.356 INFO: 16000 alignments done

- 16:38:45.407 INFO: 18000 alignments done

- 16:38:59.136 INFO: 20000 alignments done

- 16:39:05.215 INFO: 22000 alignments done

- 16:39:09.309 INFO: 24000 alignments done

- 16:39:12.718 INFO: 26000 alignments done

- 16:39:15.413 INFO: 28000 alignments done

- 16:39:18.110 INFO: 30000 alignments done

- 16:39:20.482 INFO: 32000 alignments done

- 16:39:22.893 INFO: 34000 alignments done

- 16:39:34.649 INFO: 36000 alignments done

- 16:39:47.495 INFO: 38000 alignments done

- 16:39:57.918 INFO: 40000 alignments done

- 16:40:10.464 INFO: 42000 alignments done

- 16:40:22.238 INFO: 44000 alignments done

- 16:40:36.105 INFO: 46000 alignments done

- 16:40:41.984 INFO: 46937 alignments done

- 16:40:41.990 INFO: Alternative alignment: 1

- 16:44:00.754 INFO: 42168 alignments done

- 16:44:00.872 INFO: Alternative alignment: 2

- 16:44:26.766 INFO: 3754 alignments done

- 16:44:26.771 INFO: Alternative alignment: 3

- 16:44:27.656 INFO: 545 alignments done

- 16:44:28.161 INFO: Realigning 24923 HMM-HMM alignments using Maximum Accuracy algorithm

- 17:02:35.351 INFO: 35806 sequences belonging to 35806 database HMMs found with an E-value < 0.001

- 17:02:35.352 INFO: Number of effective sequences of resulting query HMM: Neff = 11.867

- 17:02:35.679 INFO: Iteration 3

- 17:02:36.031 INFO: Prefiltering database

- 17:08:11.903 INFO: HMMs passed 1st prefilter (gapless profile-profile alignment)  : 3964179

- 17:10:21.483 INFO: HMMs passed 1st prefilter (gapless profile-profile alignment)  : 2014505

- 17:10:33.560 INFO: HMMs passed 2nd prefilter (gapped profile-profile alignment)   : 58102

- 17:10:33.560 INFO: HMMs passed 2nd prefilter and not found in previous iterations : 23273

- 17:10:33.560 INFO: Scoring 23273 HMMs using HMM-HMM Viterbi alignment

- 17:10:33.586 INFO: Alternative alignment: 0

- 17:11:14.761 INFO: 2000 alignments done

- 17:11:52.541 INFO: 4000 alignments done

- 17:12:58.965 INFO: 6000 alignments done

- 17:13:52.938 INFO: 8000 alignments done

- 17:14:09.743 INFO: 10000 alignments done

- 17:14:27.811 INFO: 12000 alignments done

- 17:15:07.049 INFO: 14000 alignments done

- 17:15:43.487 INFO: 16000 alignments done

- 17:16:27.361 INFO: 18000 alignments done

- 17:17:37.455 INFO: 20000 alignments done

- 17:18:25.763 INFO: 22000 alignments done

- 17:18:45.721 INFO: 23273 alignments done

- 17:18:45.726 INFO: Alternative alignment: 1

- 17:24:23.995 INFO: 19217 alignments done

- 17:24:24.062 INFO: Alternative alignment: 2

- 17:25:06.080 INFO: 2008 alignments done

- 17:25:06.083 INFO: Alternative alignment: 3

- 17:25:06.746 INFO: 276 alignments done

- 17:25:07.071 INFO: Rescoring previously found HMMs with Viterbi algorithm

- 17:25:07.137 INFO: Alternative alignment: 0

- 17:25:28.060 INFO: 2000 alignments done

- 17:25:35.550 INFO: 4000 alignments done

- 17:25:39.366 INFO: 6000 alignments done

- 17:25:52.940 INFO: 8000 alignments done

- 17:26:06.865 INFO: 10000 alignments done

- 17:26:20.392 INFO: 12000 alignments done

- 17:26:29.664 INFO: 14000 alignments done

- 17:26:32.600 INFO: 16000 alignments done

- 17:26:34.162 INFO: 18000 alignments done

- 17:26:35.691 INFO: 20000 alignments done

- 17:26:37.189 INFO: 22000 alignments done

- 17:26:38.564 INFO: 24000 alignments done

- 17:26:39.948 INFO: 26000 alignments done

- 17:26:41.188 INFO: 28000 alignments done

- 17:26:42.228 INFO: 30000 alignments done

- 17:26:44.125 INFO: 32000 alignments done

- 17:26:46.228 INFO: 34000 alignments done

- 17:26:47.148 INFO: 34833 alignments done

- 17:26:47.150 INFO: Alternative alignment: 1

- 17:27:06.866 INFO: 34833 alignments done

- 17:27:06.968 INFO: Alternative alignment: 2

- 17:27:09.546 INFO: 2749 alignments done

- 17:27:09.549 INFO: Alternative alignment: 3

- 17:27:10.048 INFO: 412 alignments done

- 17:27:10.800 INFO: Premerge done

- 17:27:10.804 INFO: Realigning 35281 HMM-HMM alignments using Maximum Accuracy algorithm

- 17:29:21.203 INFO: 36579 sequences belonging to 36579 database HMMs found with an E-value < 0.001

- 17:29:21.204 INFO: Number of effective sequences of resulting query HMM: Neff = 11.9342

     Query         fpr1_mouse P33766
     Match_columns 364
     No_of_seqs    1433 out of 297290
     Neff          11.9342
     Searched_HMMs 62946
     Date          Wed Feb 22 17:29:21 2023
     Command       hhblits -i fpr1_mouse-1026/msas/A/chain_A.fasta -cpu 2 -maxmem 20 -oa3m /maps/projects/ilfgrid/people/nqz918/code/deorph/scripts/af_arman/af_jobs_af23/fpr1_mouse/1026//fpr1_mouse-1026/msas/A/bfd_uniref_hits.a3m -o /dev/null -n 3 -e 0.001 -maxseq 1000000 -realign_max 100000 -maxfilt 100000 -min_prefilter_hits 1000 -d /projects/ilfgrid/data/alphafold-genetic-databases///bfd/bfd_metaclust_clu_complete_id30_c90_final_seq.sorted_opt -d /projects/ilfgrid/data/alphafold-genetic-databases///uniref30/UniRef30_2021_03 
     
      No Hit                             Prob E-value P-value  Score    SS Cols Query HMM  Template HMM
       1 tr|A0A286XPK5|A0A286XPK5_CAVPO 100.0 6.7E-51 6.7E-57  317.7   0.0  343    1-354    66-409 (424)
       2 tr|G5BPN3|G5BPN3_HETGA C3a ana 100.0 4.8E-49 4.8E-55  323.6   0.0  341    1-352   108-584 (591)
       3 UniRef100_A0A6P4Z4S7 G-protein 100.0 1.5E-48 1.5E-54  323.3   0.0  288   30-337    55-357 (417)
       4 UniRef100_A0A1S3HKE5 allatosta 100.0 4.7E-48 4.6E-54  317.9   0.0  287   31-334    79-378 (462)
       5 UniRef100_A0A024FLF0 PQRFa pep 100.0 2.2E-47 2.1E-53  314.7   0.0  284   32-331    47-346 (413)
       6 UniRef100_A0A0K0PUX7 Orphan G- 100.0 8.2E-47   8E-53  310.7   0.0  287   31-331    59-354 (471)
       7 UniRef100_A0A026X3T6 Allatosta 100.0 8.5E-47 8.4E-53  310.9   0.0  280   33-334   138-428 (540)
       8 UniRef100_A0A1N7TCF1 Galanin r 100.0   1E-46   1E-52  301.6   0.0  287   30-334    67-363 (407)
       9 UniRef100_A0A6P4Y4T1 galanin r 100.0 1.2E-46 1.2E-52  300.8   0.0  290   27-333    51-353 (410)
      10 tr|V8PD93|V8PD93_OPHHA Type-2  100.0 1.4E-46 1.4E-52  306.4   0.0  290   32-333    73-370 (412)
      11 UniRef100_A0A060X5Z5 G_PROTEIN 100.0 1.6E-46 1.6E-52  311.4   0.0  273   33-331    82-384 (522)
      12 UniRef100_A0A091EBV8 Type-1 an 100.0 2.6E-46 2.6E-52  317.6   0.0  282   31-329   344-628 (715)
      13 UniRef100_A0A2B4S7K2 Histamine 100.0 2.8E-46 2.7E-52  302.4   0.0  276   30-331    28-327 (369)
      14 UniRef100_A0A0K0PUR1 Orphan G- 100.0   3E-46   3E-52  310.3   0.0  283   31-329   111-409 (530)
      15 UniRef100_A0A060X1Q6 Somatosta 100.0 3.3E-46 3.2E-52  312.3   0.0  278   33-331   138-424 (604)
      16 UniRef100_A0A023F675 Putative  100.0 3.4E-46 3.3E-52  313.1   0.0  286   30-331   122-419 (530)
      17 tr|A0A0P7U387|A0A0P7U387_9TELE 100.0 3.5E-46 3.5E-52  300.6   0.0  281   32-333   126-417 (556)
      18 tr|A0A1L8G1N6|A0A1L8G1N6_XENLA 100.0 3.7E-46 3.6E-52  296.9   0.0  281   30-334   112-401 (448)
      19 UniRef100_A0A369RW72 Octopamin 100.0   4E-46 3.9E-52  308.6   0.0  270   33-327    53-354 (412)
      20 UniRef100_A0A060VVF8 G_PROTEIN 100.0 4.5E-46 4.4E-52  310.3   0.0  289   32-331   137-433 (511)
      21 UniRef100_A0A0K0PUT9 Excitator 100.0 5.6E-46 5.5E-52  307.0   0.0  287   30-334    99-404 (474)
      22 UniRef100_A0A060VSP8 5-hydroxy 100.0 6.1E-46   6E-52  304.1   0.0  278   30-334    83-418 (479)
      23 UniRef100_A0A077YWL6 Somatosta 100.0 7.3E-46 7.1E-52  306.9   0.0  288   33-334    64-363 (446)
      24 tr|M3ZFE6|M3ZFE6_XIPMA Somatos 100.0 7.8E-46 7.9E-52  296.7   0.0  280   31-333   101-391 (525)
      25 UniRef100_A0A141CIT8 G protein 100.0 9.8E-46 9.7E-52  301.2   0.0  282   31-334    83-379 (488)
      26 UniRef100_A0A060W5Z4 G_PROTEIN 100.0   1E-45   1E-51  306.3   0.0  278   34-333   190-476 (593)
      27 tr|A0A2C9JWF9|A0A2C9JWF9_BIOGL 100.0 1.3E-45 1.3E-51  299.2   0.0  293   31-339    62-373 (403)
      28 UniRef100_A0A154PKR3 Tachykini 100.0 1.4E-45 1.4E-51  300.3   0.0  286   32-331    74-374 (457)
      29 tr|V8NQN2|V8NQN2_OPHHA G-prote 100.0   2E-45   2E-51  306.3   0.0  294   33-339   302-595 (840)
      30 UniRef100_A0A026WTK8 Tachykini 100.0 2.6E-45 2.5E-51  302.7   0.0  289   33-334    88-391 (556)
      31 UniRef100_A0A060WXX3 G-protein 100.0 3.1E-45 3.1E-51  306.6   0.0  303   31-338   156-460 (539)
      32 UniRef100_A0A026WW28 Neuropept 100.0 3.2E-45 3.2E-51  305.0   0.0  282   29-332    83-381 (552)
      33 UniRef100_A0A087RJN6 Somatosta 100.0 3.5E-45 3.4E-51  300.6   0.0  278   31-331    57-343 (391)
      34 UniRef100_A0A024R4J1 Formyl pe 100.0 3.9E-45 3.8E-51  315.2   0.0  292   33-339   171-463 (581)
      35 UniRef100_A0A6P4XD29 neuropept 100.0 4.7E-45 4.6E-51  290.0   0.0  281   31-327    38-338 (385)
      36 tr|A0A1I8M930|A0A1I8M930_MUSDO 100.0 6.1E-45 6.1E-51  314.8   0.0  278   33-334   187-581 (963)
      37 UniRef100_A0A060X690 G_PROTEIN 100.0 6.2E-45 6.2E-51  286.6   0.0  285   31-332    43-336 (386)
      38 UniRef100_A0A210QEM7 Neuropept 100.0 6.5E-45 6.5E-51  290.1   0.0  288   33-334    49-349 (416)
      39 UniRef100_A0A0K0PUL8 Allatosta 100.0 6.8E-45 6.6E-51  292.2   0.0  287   31-332    47-345 (396)
      40 UniRef100_A0A068YB14 Neuropept 100.0 7.7E-45 7.5E-51  299.9   0.0  285   31-333    51-354 (448)
      41 UniRef100_A0A2B4SDF9 Neuropept 100.0 8.3E-45 8.2E-51  293.5   0.0  276   31-329    86-377 (455)
      42 UniRef100_A0A2B4SKI0 Tachykini 100.0 8.8E-45 8.5E-51  305.9   0.0  286   31-333    88-392 (469)
      43 UniRef100_A0A060VUW6 G_PROTEIN 100.0   1E-44   1E-50  310.1   0.0  274   33-334   116-442 (574)
      44 UniRef100_A0A061I1T5 C3a anaph 100.0   1E-44   1E-50  310.0   0.0  303   30-338   131-536 (700)
      45 tr|C3XSP5|C3XSP5_BRAFL Unchara 100.0   1E-44   1E-50  281.6   0.0  286   32-334    25-329 (403)
      46 tr|A0A0F8ARD3|A0A0F8ARD3_LARCR 100.0 1.2E-44 1.2E-50  286.8   0.0  277   34-331    53-338 (464)
      47 tr|A0A151NSA8|A0A151NSA8_ALLMI 100.0 1.4E-44 1.4E-50  286.9   0.0  309   30-349    84-392 (406)
      48 UniRef100_A0A139WB32 Tachykini 100.0 1.5E-44 1.5E-50  289.0   0.0  288   34-334    43-345 (405)
      49 UniRef100_A0A1L8FNX2 G_PROTEIN 100.0 1.5E-44 1.5E-50  290.3   0.0  279   32-329    60-341 (400)
      50 UniRef100_A0A2G8L6L1 Putative  100.0 1.6E-44 1.6E-50  287.0   0.0  288   31-332    32-325 (407)
      51 tr|E0D358|E0D358_HEMPU Dopamin 100.0 1.7E-44 1.7E-50  287.8   0.0  274   36-334    26-331 (435)
      52 tr|A0A1I8PIJ9|A0A1I8PIJ9_STOCA 100.0 1.9E-44 1.9E-50  300.0   0.0  289   35-336   170-472 (680)
      53 UniRef100_A0A2G8KL37 Cholecyst 100.0 1.9E-44 1.9E-50  290.5   0.0  284   32-333    96-432 (493)
      54 UniRef100_A0A061A7W5 G_PROTEIN 100.0 2.2E-44 2.2E-50  295.5   0.0  277   31-331    58-358 (473)
      55 UniRef100_A0A2B4RSM5 Neuropept 100.0 2.7E-44 2.6E-50  288.2   0.0  279   30-333    32-325 (417)
      56 UniRef100_A0A1D2M4J2 Neuropept 100.0 3.4E-44 3.4E-50  292.4   0.0  285   33-335   125-427 (497)
      57 UniRef100_A0A0K0PUI9 Orphan G- 100.0 3.6E-44 3.5E-50  300.8   0.0  285   31-333    98-409 (534)
      58 UniRef100_A0A068WW83 Allatosta 100.0 3.8E-44 3.7E-50  296.1   0.0  276   30-327    62-350 (432)
      59 UniRef100_A0A087T336 Somatosta 100.0   4E-44   4E-50  287.2   0.0  285   33-333    76-369 (454)
      60 UniRef100_A0A0K0PUV0 FVRIamide 100.0 4.3E-44 4.2E-50  292.0   0.0  278   31-334    49-381 (458)
      61 UniRef100_A0A1D1W534 G_PROTEIN 100.0 5.3E-44 5.1E-50  299.2   0.0  284   31-333    75-435 (492)
      62 tr|A0A2G9R7F4|A0A2G9R7F4_LITCT 100.0 5.5E-44 5.5E-50  280.8   0.0  297   28-338    42-338 (408)
      63 UniRef100_A0A087XDT1 Somatosta 100.0 5.6E-44 5.7E-50  293.5   0.0  281   31-334   165-456 (676)
      64 tr|A0A146TL67|A0A146TL67_FUNHE 100.0   6E-44 5.7E-50  301.0   0.0  299   31-334    23-407 (442)
      65 tr|G3S2I3|G3S2I3_GORGO Opioid  100.0 5.9E-44 5.9E-50  284.1   0.0  281   30-329   158-447 (492)
      66 UniRef100_A0A3M6U5X4 G_PROTEIN 100.0 6.1E-44   6E-50  276.9   0.0  282   30-337    34-326 (339)
      67 UniRef100_A0A1I8HKX2 G_PROTEIN 100.0 6.3E-44 6.3E-50  288.5   0.0  277   32-337    38-417 (442)
      68 UniRef100_A0A2B4SVC4 Dopamine  100.0 6.4E-44 6.3E-50  285.1   0.0  262   30-330    51-329 (397)
      69 UniRef100_A0A1S3KA35 Alpha-1B  100.0 6.6E-44 6.5E-50  294.9   0.0  277   32-335    87-423 (551)
      70 UniRef100_A0A061INJ6 Pyrogluta 100.0 7.1E-44   7E-50  302.0   0.0  288   31-333   149-460 (594)
      71 UniRef100_A0A0C9QBK4 GHSR_0 pr 100.0 7.3E-44 7.1E-50  304.6   0.0  288   31-331   169-474 (591)
      72 UniRef100_A0A177B9B5 Rhodopsin 100.0 7.5E-44 7.4E-50  285.7   0.0  283   31-333    87-404 (464)
      73 UniRef100_A0A3M6T6P4 G_PROTEIN 100.0 8.6E-44 8.4E-50  290.1   0.0  284   33-333    54-356 (465)
      74 tr|S9YJE2|S9YJE2_CAMFR Somatos 100.0 8.8E-44 8.9E-50  279.2   0.0  285   32-334   110-403 (438)
      75 UniRef100_A0A2B4S0J6 Somatosta 100.0 9.6E-44 9.2E-50  298.9   0.0  281   30-329    79-377 (457)
      76 UniRef100_A0A1S3H6K0 neuropept 100.0   1E-43 9.9E-50  295.5   0.0  281   31-326    53-351 (470)
      77 UniRef100_A0A026W5R0 Orexin re 100.0 1.1E-43   1E-49  295.5   0.0  282   31-332   114-427 (529)
      78 UniRef100_A0A1V9XU68 Tyramine/ 100.0 1.2E-43 1.2E-49  285.4   0.0  279   30-334    48-356 (408)
      79 tr|C3XVS5|C3XVS5_BRAFL Unchara 100.0 1.5E-43 1.5E-49  279.6   0.0  286   32-338    65-370 (425)
      80 tr|A0A2B4SID7|A0A2B4SID7_STYPI 100.0   2E-43 1.9E-49  290.2   0.0  286   30-331    27-327 (422)
      81 UniRef100_A0A1L8GQY3 Alpha-1B  100.0   2E-43   2E-49  285.7   0.0  275   33-335    45-372 (510)
      82 tr|A0A091CRU0|A0A091CRU0_FUKDA 100.0 2.1E-43 2.1E-49  296.5   0.0  286   32-334   406-695 (720)
      83 UniRef100_A0A6J8CLU9 HCRTR2 n= 100.0 2.2E-43 2.2E-49  280.3   0.0  286   31-334    49-361 (422)
      84 UniRef100_A0A060W9T7 G_PROTEIN 100.0 2.2E-43 2.2E-49  285.5   0.0  282   30-333   181-474 (616)
      85 UniRef100_A0A2B4SKX3 Cholecyst 100.0 2.3E-43 2.3E-49  282.4   0.0  283   29-337    66-418 (428)
      86 UniRef100_A0A023F668 Putative  100.0 2.3E-43 2.3E-49  282.8   0.0  280   30-331    81-377 (484)
      87 UniRef100_A0A0P7U357 Apelin re 100.0 2.5E-43 2.4E-49  280.0   0.0  284   31-335    54-347 (401)
      88 UniRef100_A0A164MD49 Putative  100.0 2.5E-43 2.5E-49  286.0   0.0  279   35-332    50-396 (498)
      89 UniRef100_A0A151N382 Galanin r 100.0 2.7E-43 2.7E-49  269.3   0.0  284   30-335    26-320 (392)
      90 tr|A0A146NR64|A0A146NR64_FUNHE 100.0 3.1E-43 3.1E-49  278.7   0.0  293   31-329   116-418 (449)
      91 tr|A0A1W4ZX05|A0A1W4ZX05_9TELE 100.0 3.5E-43 3.5E-49  285.4   0.0  287   31-332    66-386 (480)
      92 UniRef100_A0A060X360 G_PROTEIN 100.0 3.6E-43 3.5E-49  282.9   0.0  283   32-333    97-390 (477)
      93 UniRef100_A0A1S3J712 QRFP-like 100.0 3.7E-43 3.7E-49  290.2   0.0  289   36-333    69-373 (507)
      94 UniRef100_A0A087X575 NPY-Y2 re 100.0   4E-43 3.9E-49  281.0   0.0  282   33-331    72-371 (426)
      95 UniRef100_A0A060WGF3 B2 bradyk 100.0 4.3E-43 4.2E-49  296.4   0.0  286   32-331   157-451 (589)
      96 UniRef100_A0A023F3V9 Putative  100.0 4.5E-43 4.5E-49  286.8   0.0  284   31-329   129-421 (574)
      97 UniRef100_A0A087QH27 C-C chemo 100.0 5.1E-43 4.9E-49  298.2   0.0  286   32-333   198-486 (591)
      98 UniRef100_A0A077Z2H9 Putative  100.0 5.4E-43 5.3E-49  287.9   0.0  282   36-333    73-398 (477)
      99 UniRef100_A0A091DWF1 Somatosta 100.0 5.7E-43 5.7E-49  281.3   0.0  279   33-332   154-441 (523)
     100 tr|A0A218UB83|A0A218UB83_9PASE 100.0 6.4E-43 6.4E-49  288.0   0.0  280   30-337   189-518 (631)
     101 UniRef100_A0A059ZY04 Angiotens 100.0   7E-43 6.8E-49  291.9   0.0  285   33-332   167-455 (546)
     102 UniRef100_A0A087UNN0 Neuropept 100.0 6.9E-43 6.9E-49  281.5   0.0  279   32-327    91-387 (470)
     103 tr|V8NR81|V8NR81_OPHHA Chemoki 100.0 7.7E-43 7.5E-49  307.9   0.0  300   30-343   419-721 (879)
     104 UniRef100_A0A2B4R9G2 Melatonin 100.0 8.2E-43 7.8E-49  293.7   0.0  277   31-333    77-368 (461)
     105 UniRef100_A0A2B4RGU4 5-hydroxy 100.0 9.3E-43 8.9E-49  293.5   0.0  276   32-331    63-370 (478)
     106 UniRef100_A0A2B4RPR9 Allatosta 100.0 9.6E-43 9.3E-49  286.9   0.0  280   31-328    44-341 (446)
     107 tr|A0A182G4E1|A0A182G4E1_AEDAL 100.0   1E-42 9.9E-49  285.4   0.0  289   27-334    60-373 (534)
     108 UniRef100_A0A060WWU7 G_PROTEIN 100.0 1.1E-42 1.1E-48  282.1   0.0  276   35-333    69-384 (545)
     109 UniRef100_A0A060WEJ5 G_PROTEIN 100.0 1.2E-42 1.2E-48  288.9   0.0  274   33-333   112-458 (544)
     110 UniRef100_A0A226DFM2 Neuropept 100.0 1.6E-42 1.6E-48  282.0   0.0  285   31-330   102-402 (523)
     111 tr|S7PUA8|S7PUA8_MYOBR C-C che 100.0 1.6E-42 1.6E-48  288.4   0.0  285   32-332   280-567 (603)
     112 UniRef100_A0A0K0PUH1 Orphan G- 100.0 1.6E-42 1.6E-48  271.9   0.0  283   32-332    50-349 (413)
     113 UniRef100_A0A044T5H8 G_PROTEIN 100.0 1.7E-42 1.7E-48  290.1   0.0  278   32-334   243-571 (693)
     114 tr|A0A1V4J9T1|A0A1V4J9T1_PATFA 100.0 1.8E-42 1.8E-48  270.4   0.0  284   29-334    63-358 (461)
     115 tr|A0A146U732|A0A146U732_FUNHE 100.0 1.9E-42 1.8E-48  300.1   0.0  296   33-330   190-546 (590)
     116 tr|A0A0P7U113|A0A0P7U113_9TELE 100.0   2E-42   2E-48  277.6   0.0  285   31-338   144-428 (452)
     117 UniRef100_A0A060X1U9 G_PROTEIN 100.0 2.3E-42 2.3E-48  285.8   0.0  274   33-334   137-460 (633)
     118 UniRef100_A0A034WDF0 Allatosta 100.0 2.6E-42 2.6E-48  282.7   0.0  283   30-330    91-384 (459)
     119 UniRef100_A0A060W714 Chemokine 100.0 3.3E-42 3.2E-48  284.2   0.0  288   31-339   118-405 (510)
     120 UniRef100_A0A2G8JR46 Putative  100.0 3.5E-42 3.4E-48  283.4   0.0  268   39-331    67-356 (411)
     121 UniRef100_A0A7M7HFU8 G_PROTEIN 100.0 3.8E-42 3.7E-48  283.5   0.0  274   34-331    64-364 (423)
     122 UniRef100_A0A026WK40 Cholecyst 100.0   4E-42 3.9E-48  293.4   0.0  280   36-334   156-546 (656)
     123 UniRef100_A0A060WMC3 Alpha-1D  100.0 4.1E-42 4.1E-48  279.1   0.0  274   34-335   110-436 (564)
     124 UniRef100_A0A1L8FNZ4 G_PROTEIN 100.0 4.3E-42 4.2E-48  279.1   0.0  287   28-337    94-380 (429)
     125 UniRef100_A0A2H8TNJ5 Neuropept 100.0 4.8E-42 4.8E-48  279.4   0.0  284   33-331   154-453 (528)
     126 tr|A0A091DWF1|A0A091DWF1_FUKDA 100.0 4.8E-42 4.8E-48  269.6   0.0  279   34-333   156-443 (483)
     127 UniRef100_A0A060X0P4 G_PROTEIN 100.0   5E-42 4.9E-48  284.1   0.0  281   31-328   135-428 (513)
     128 UniRef100_A0A2B4S4U3 Beta-2 ad 100.0   5E-42   5E-48  269.0   0.0  280   35-334    29-324 (372)
     129 UniRef100_A0A060WCZ6 G_PROTEIN 100.0 5.2E-42 5.2E-48  280.7   0.0  290   32-337   171-460 (574)
     130 tr|A0A218UP03|A0A218UP03_9PASE 100.0 5.2E-42 5.3E-48  292.5   0.0  285   32-331   787-1074(1110)
     131 tr|W4Z2N2|W4Z2N2_STRPU Unchara 100.0 5.8E-42 5.8E-48  266.6   0.0  285   29-332    51-353 (406)
     132 tr|A0A0P4XBU7|A0A0P4XBU7_9CRUS 100.0   6E-42 5.9E-48  285.2   0.0  286   32-333    58-417 (557)
     133 tr|A0A0L0BYA7|A0A0L0BYA7_LUCCU 100.0 5.9E-42   6E-48  280.2   0.0  276   33-332   309-627 (678)
     134 tr|A0A218VDE9|A0A218VDE9_9PASE 100.0 6.3E-42 6.4E-48  272.4   0.0  279   31-331    20-307 (556)
     135 UniRef100_A0A087YSJ5 C5a anaph 100.0 8.1E-42 7.9E-48  283.1   0.0  292   31-338    96-387 (474)
     136 UniRef100_A0A0L8I0T4 G_PROTEIN 100.0 7.9E-42 7.9E-48  280.2   0.0  277   34-333   133-498 (554)
     137 UniRef100_A0A0K0PUH3 Allatotro 100.0 7.9E-42 7.9E-48  271.7   0.0  283   31-333    65-375 (424)
     138 tr|A0A2B4SUH3|A0A2B4SUH3_STYPI 100.0 8.9E-42 8.8E-48  273.4   0.0  285   31-334    22-334 (385)
     139 tr|L7LZ94|L7LZ94_9ACAR Putativ 100.0   9E-42   9E-48  269.2   0.0  286   30-334    98-395 (438)
     140 UniRef100_A0A0P0YUU8 Cannabino 100.0 9.2E-42 9.2E-48  277.0   0.0  285   37-337    85-423 (496)
     141 tr|A0A1A8LLP2|A0A1A8LLP2_9TELE 100.0 9.3E-42 9.3E-48  271.3   0.0  277   32-333    91-399 (455)
     142 tr|A0A1W4YH71|A0A1W4YH71_9TELE 100.0 9.7E-42 9.6E-48  270.2   0.0  305   31-338    73-384 (410)
     143 UniRef100_A0A060XP11 G_PROTEIN 100.0 1.1E-41   1E-47  279.7   0.0  275   34-331    90-392 (497)
     144 UniRef100_A0A0L8H201 G_PROTEIN 100.0 1.1E-41 1.1E-47  269.9   0.0  287   31-333    82-384 (461)
     145 UniRef100_A0A0A1WLH2 Somatosta 100.0 1.2E-41 1.2E-47  282.4   0.0  285   30-329   212-505 (667)
     146 UniRef100_A0A0L8I310 G_PROTEIN 100.0 1.2E-41 1.2E-47  280.5   0.0  278   35-328    46-365 (468)
     147 UniRef100_A0A060X0R7 Uncharact 100.0 1.2E-41 1.2E-47  262.2   0.0  282   31-333    54-344 (383)
     148 UniRef100_A0A1D1VDY3 G_PROTEIN 100.0 1.3E-41 1.3E-47  280.0   0.0  298   31-333   130-448 (557)
     149 tr|A0A0P7V5N2|A0A0P7V5N2_9TELE 100.0 1.3E-41 1.3E-47  272.9   0.0  276   33-332    90-402 (468)
     150 UniRef100_A0A026WK16 Tachykini 100.0 1.4E-41 1.4E-47  281.7   0.0  284   35-332   183-482 (641)
     151 UniRef100_A0A1V4KIE8 Beta-1 ad 100.0 1.5E-41 1.5E-47  293.7   0.0  269   40-331    35-349 (512)
     152 UniRef100_A0A2B4RHL7 Galanin r 100.0 1.5E-41 1.5E-47  266.1   0.0  274   32-332    30-311 (406)
     153 tr|A0A1D2NMB6|A0A1D2NMB6_ORCCI 100.0 1.5E-41 1.5E-47  275.4   0.0  292   33-337   150-456 (520)
     154 UniRef100_A0A060VP48 G_PROTEIN 100.0 1.6E-41 1.5E-47  289.5   0.0  283   32-330   152-449 (580)
     155 tr|A0A1W2W3E6|A0A1W2W3E6_CIOIN 100.0 1.5E-41 1.5E-47  271.5   0.0  280   32-332    55-352 (487)
     156 UniRef100_A0A0L8GIM4 G_PROTEIN 100.0 1.8E-41 1.8E-47  284.2   0.0  282   31-330    93-394 (481)
     157 UniRef100_A0A0D9R0U9 Apelin re 100.0 1.9E-41 1.9E-47  271.2   0.0  295   30-331    57-363 (482)
     158 UniRef100_A0A1L8HHP3 G_PROTEIN 100.0 1.9E-41 1.9E-47  265.5   0.0  292   30-332    41-340 (370)
     159 UniRef100_A0A0B4LHT6 RYamide r 100.0 2.1E-41 2.1E-47  279.1   0.0  281   33-330   113-410 (524)
     160 UniRef100_A0A6P4YBA8 delta-typ 100.0 2.1E-41 2.1E-47  270.7   0.0  284   32-333    48-341 (406)
     161 UniRef100_A0A061IN14 NK-3 rece 100.0 2.2E-41 2.2E-47  283.1   0.0  278   35-333   234-525 (662)
     162 tr|A0A1D1UXI1|A0A1D1UXI1_RAMVA 100.0 2.3E-41 2.4E-47  272.1   0.0  286   30-333    77-377 (499)
     163 UniRef100_A0A024R2Q0 Chemokine 100.0 2.5E-41 2.4E-47  278.5   0.0  286   33-332   155-444 (499)
     164 tr|A0A2B4RXD1|A0A2B4RXD1_STYPI 100.0 2.5E-41 2.5E-47  268.0   0.0  284   30-336    89-385 (416)
     165 UniRef100_A0A060YTK2 Uncharact 100.0 2.5E-41 2.5E-47  266.5   0.0  290   30-331    80-378 (447)
     166 UniRef100_A0A0S1YDA0 Neuropept 100.0 2.6E-41 2.6E-47  277.6   0.0  286   33-331    93-392 (509)
     167 tr|A0A146PN09|A0A146PN09_FUNHE 100.0 2.9E-41 2.8E-47  283.7   0.0  288   30-334    35-398 (432)
     168 UniRef100_A0A1D1V5S1 G_PROTEIN 100.0 2.8E-41 2.8E-47  271.6   0.0  276   32-333    54-361 (484)
     169 UniRef100_A0A2B4S7A4 Alpha-1A  100.0 2.9E-41 2.9E-47  270.5   0.0  261   32-333    37-311 (392)
     170 UniRef100_A0A068WVN8 Biogenic  100.0   3E-41   3E-47  286.0   0.0  276   33-333   119-509 (641)
     171 UniRef100_A0A084WIC4 Short neu 100.0   3E-41   3E-47  275.9   0.0  281   31-331    89-386 (551)
     172 tr|M3ZYH7|M3ZYH7_XIPMA Unchara 100.0 3.1E-41 3.1E-47  269.2   0.0  289   31-333    82-375 (397)
     173 UniRef100_A0A060WAG3 G_PROTEIN 100.0 3.1E-41 3.1E-47  275.8   0.0  276   33-334   121-502 (550)
     174 UniRef100_A0A060W161 G_PROTEIN 100.0 3.3E-41 3.2E-47  289.2   0.0  285   32-330   166-454 (574)
     175 UniRef100_A0A2B4SUJ0 Melatonin 100.0 3.5E-41 3.5E-47  270.0   0.0  277   33-333    26-316 (399)
     176 UniRef100_A0A7M7SYV2 G_PROTEIN 100.0 3.5E-41 3.5E-47  279.1   0.0  269   36-333    69-400 (630)
     177 UniRef100_A0A060X7S9 B2 bradyk 100.0 3.6E-41 3.6E-47  276.3   0.0  285   36-334   115-408 (491)
     178 tr|A0A147AZW9|A0A147AZW9_FUNHE 100.0 3.9E-41 3.8E-47  282.3   0.0  283   34-334    85-436 (468)
     179 tr|A7SD89|A7SD89_NEMVE Predict 100.0 3.9E-41   4E-47  257.5   0.0  272   36-334    39-333 (355)
     180 UniRef100_A0A2B4RFH8 Neuropept 100.0 4.2E-41   4E-47  282.6   0.0  286   33-332    63-367 (439)
     181 UniRef100_A0A2B4SQU8 Orexin re 100.0   4E-41   4E-47  261.7   0.0  282   35-336    37-351 (370)
     182 UniRef100_A0A6P4ZN87 somatosta 100.0 4.2E-41 4.2E-47  265.9   0.0  299   31-343    29-340 (391)
     183 UniRef100_A0A210QT45 G-protein 100.0 4.3E-41 4.3E-47  269.2   0.0  285   32-333    56-359 (472)
     184 UniRef100_A0A060VNF4 G_PROTEIN 100.0 4.3E-41 4.3E-47  277.4   0.0  294   31-330   127-430 (566)
     185 UniRef100_A0A2B4SC76 Substance 100.0 4.6E-41 4.4E-47  278.7   0.0  283   31-330    51-351 (461)
     186 UniRef100_A0A3M6TPP0 G_PROTEIN 100.0 4.8E-41 4.7E-47  274.8   0.0  281   30-331    46-354 (424)
     187 UniRef100_A0A091DLS9 Chemokine 100.0 4.7E-41 4.8E-47  269.2   0.0  301   31-341   174-481 (511)
     188 tr|A0A147AMP5|A0A147AMP5_FUNHE 100.0   5E-41 4.8E-47  283.5   0.0  292   32-336    29-432 (475)
     189 UniRef100_A0A3M6TAE6 G_PROTEIN 100.0 4.9E-41 4.8E-47  272.1   0.0  262   33-331    90-368 (443)
     190 UniRef100_A0A0K0PUK8 FMRFamide 100.0   5E-41 4.8E-47  280.3   0.0  278   33-328    57-350 (471)
     191 tr|A0A146TP77|A0A146TP77_FUNHE 100.0 5.5E-41 5.3E-47  283.4   0.0  279   32-336    44-428 (522)
     192 UniRef100_A0A060VPX8 G_PROTEIN 100.0 5.8E-41 5.6E-47  288.7   0.0  285   33-331   131-418 (527)
     193 tr|W4YJK4|W4YJK4_STRPU Unchara 100.0 5.8E-41 5.8E-47  272.0   0.0  281   30-334    65-372 (446)
     194 UniRef100_A0A3M6TKX3 G_PROTEIN 100.0 5.9E-41 5.8E-47  272.5   0.0  290   30-336    71-379 (427)
     195 UniRef100_A0A061ACA9 G_PROTEIN 100.0   6E-41 5.8E-47  281.4   0.0  275   34-325    95-373 (513)
     196 tr|L5M4Z9|L5M4Z9_MYODS C-C che 100.0 5.8E-41 5.8E-47  271.5   0.0  282   36-331   271-555 (590)
     197 tr|A0A1I8MQS0|A0A1I8MQS0_MUSDO 100.0 5.9E-41 5.8E-47  279.9   0.0  286   30-331   145-439 (572)
     198 UniRef100_A0A1S3IX78 RYamide r 100.0 6.1E-41   6E-47  268.4   0.0  285   31-332    50-349 (444)
     199 UniRef100_A0A060XC03 Beta-2 ad 100.0 6.2E-41 6.2E-47  272.4   0.0  280   30-331    98-413 (548)
     200 UniRef100_A0A076YJT8 Chemokine 100.0 6.3E-41 6.2E-47  274.3   0.0  284   33-333   159-446 (493)
     201 tr|A0A0P7U0M1|A0A0P7U0M1_9TELE 100.0 6.2E-41 6.2E-47  263.0   0.0  282   34-333   101-413 (440)
     202 tr|I3KRG5|I3KRG5_ORENI FGFR1 o 100.0 6.4E-41 6.3E-47  274.0   0.0  287   33-329   146-447 (489)
     203 UniRef100_A0A087XT11 Alpha-1B  100.0 6.7E-41 6.8E-47  272.7   0.0  274   35-336    80-409 (622)
     204 UniRef100_A0A3M6UAU0 G_PROTEIN 100.0 6.8E-41 6.8E-47  275.3   0.0  278   34-332    35-330 (552)
     205 tr|L9JWP3|L9JWP3_TUPCH C-C che 100.0 7.2E-41 7.2E-47  282.6   0.0  282   32-331   385-669 (702)
     206 UniRef100_A0A3B4VB96 Beta-2 ad 100.0 7.2E-41 7.2E-47  268.4   0.0  274   34-330    52-360 (464)
     207 UniRef100_A0A0N7ZAP9 G_PROTEIN 100.0 7.4E-41 7.3E-47  270.9   0.0  281   32-335    74-370 (421)
     208 UniRef100_A0A6P8IFK2 neuromedi 100.0 7.6E-41 7.5E-47  263.4   0.0  282   35-335    26-325 (363)
     209 UniRef100_A0A0N0PF28 Orexin re 100.0 7.6E-41 7.6E-47  275.7   0.0  279   32-330   134-458 (588)
     210 tr|A0A146YGA5|A0A146YGA5_FUNHE 100.0 8.2E-41   8E-47  280.2   0.0  278   33-334    29-343 (521)
     211 UniRef100_A0A096NAQ2 Cholecyst 100.0 8.3E-41 8.3E-47  276.1   0.0  280   35-330   151-500 (617)
     212 UniRef100_A0A0K0PUH0 Orphan G- 100.0 8.5E-41 8.3E-47  283.3   0.0  275   35-326   137-468 (583)
     213 UniRef100_A0A210QHM7 G-protein 100.0 8.4E-41 8.3E-47  273.6   0.0  287   32-334    77-378 (492)
     214 UniRef100_A0A2B4SVS8 Neuropept 100.0 8.8E-41 8.6E-47  277.5   0.0  282   30-332    84-383 (480)
     215 UniRef100_A0A2G8KMT5 G_PROTEIN 100.0 8.8E-41 8.7E-47  267.5   0.0  267   35-331    37-327 (402)
     216 tr|A0A0P6IZB8|A0A0P6IZB8_9CRUS 100.0 8.7E-41 8.7E-47  271.4   0.0  287   31-334   199-497 (559)
     217 UniRef100_A0A026WIP6 Cholecyst 100.0 9.1E-41 8.9E-47  283.7   0.0  289   31-335   167-533 (636)
     218 UniRef100_A0A2B4RHY9 Pyrogluta 100.0 9.6E-41 9.2E-47  281.2   0.0  277   32-333    79-373 (455)
     219 tr|A0A2B4RSD1|A0A2B4RSD1_STYPI 100.0 9.6E-41 9.3E-47  276.8   0.0  280   30-335    46-385 (430)
     220 UniRef100_A0A084VLD5 AGAP00422 100.0 9.7E-41 9.8E-47  275.8   0.0  272   33-332   242-596 (695)
     221 UniRef100_A0A023FH63 Putative  100.0   1E-40   1E-46  276.6   0.0  272   34-330   125-439 (563)
     222 UniRef100_A0A6G8J3P5 Melanin-c 100.0   1E-40 1.1E-46  264.4   0.0  281   32-331    59-351 (460)
     223 UniRef100_A0A060VTR1 G_PROTEIN 100.0 1.1E-40 1.1E-46  274.6   0.0  275   33-335   118-444 (619)
     224 UniRef100_A0A067RDC3 Prolactin 100.0 1.1E-40 1.1E-46  272.0   0.0  279   30-330    60-355 (541)
     225 tr|A0A0N8JZL4|A0A0N8JZL4_9TELE 100.0 1.2E-40 1.2E-46  268.8   0.0  284   33-333   103-414 (482)
     226 UniRef100_A0A0N1PGA0 Octopamin 100.0 1.2E-40 1.2E-46  274.6   0.0  276   33-331   106-492 (547)
     227 UniRef100_A0A0N0PEL7 Tachykini 100.0 1.2E-40 1.2E-46  267.4   0.0  286   35-333    56-356 (454)
     228 UniRef100_A0A2B4SYG2 5-hydroxy 100.0 1.3E-40 1.2E-46  263.2   0.0  276   33-336    28-321 (376)
     229 UniRef100_A0A0L7KZ56 Neuropept 100.0 1.3E-40 1.3E-46  271.4   0.0  280   32-329    84-383 (509)
     230 tr|A0A2B4SAJ4|A0A2B4SAJ4_STYPI 100.0 1.3E-40 1.3E-46  269.0   0.0  286   32-327    26-329 (434)
     231 UniRef100_A0A6P4Z684 G-protein 100.0 1.3E-40 1.3E-46  263.6   0.0  286   31-333    48-348 (425)
     232 UniRef100_A0A3M6T8F5 G_PROTEIN 100.0 1.4E-40 1.3E-46  283.2   0.0  281   31-333    98-397 (523)
     233 UniRef100_A0A3M6UME8 G_PROTEIN 100.0 1.4E-40 1.3E-46  266.2   0.0  274   30-329    35-322 (383)
     234 UniRef100_A0A1J1I7G5 CLUMA_CG0 100.0 1.5E-40 1.5E-46  268.7   0.0  283   35-331    77-373 (500)
     235 UniRef100_UPI000B911B64 melato 100.0 1.5E-40 1.5E-46  270.4   0.0  273   32-331    26-344 (381)
     236 UniRef100_A0A087REY1 NPY-Y2 re 100.0 1.5E-40 1.5E-46  273.0   0.0  286   31-332   183-479 (599)
     237 UniRef100_A0A7M7HKI1 G_PROTEIN 100.0 1.5E-40 1.5E-46  270.1   0.0  273   39-333    44-337 (418)
     238 UniRef100_A0A087UP46 5-hydroxy 100.0 1.5E-40 1.5E-46  267.8   0.0  271   35-332    46-401 (472)
     239 UniRef100_A0A1D2M255 Somatosta 100.0 1.6E-40 1.6E-46  258.5   0.0  296   33-348    34-340 (382)
     240 tr|B4JN40|B4JN40_DROGR GH24210 100.0 1.6E-40 1.6E-46  265.1   0.0  283   32-330   114-407 (436)
     241 UniRef100_A0A2B4SID7 Neuropept 100.0 1.6E-40 1.6E-46  270.0   0.0  287   30-333    77-381 (462)
     242 tr|W5JTF9|W5JTF9_ANODA Somatos 100.0 1.6E-40 1.6E-46  268.6   0.0  290   29-333    49-349 (526)
     243 UniRef100_A0A060VWE3 G_PROTEIN 100.0 1.7E-40 1.6E-46  282.5   0.0  283   32-328   143-429 (542)
     244 tr|A0A232F0R3|A0A232F0R3_9HYME 100.0 1.6E-40 1.6E-46  262.8   0.0  298   30-333    99-425 (458)
     245 UniRef100_A0A068WKU9 Neuropept 100.0 1.8E-40 1.8E-46  268.1   0.0  279   33-329    71-365 (451)
     246 UniRef100_A0A087QH91 Melanopsi 100.0 1.9E-40 1.9E-46  276.9   0.0  278   33-331   102-399 (629)
     247 UniRef100_A0A087XFV2 5-hydroxy 100.0 1.9E-40 1.9E-46  268.7   0.0  282   32-338    81-403 (493)
     248 UniRef100_A0A6P4ZPQ5 G-protein 100.0 1.9E-40   2E-46  258.5   0.0  280   30-328    38-326 (420)
     249 tr|A0A1I8PG61|A0A1I8PG61_STOCA 100.0 2.1E-40 2.1E-46  278.5   0.0  286   31-329   296-590 (716)
     250 UniRef100_A0A060W5H6 G_PROTEIN 100.0 2.2E-40 2.2E-46  276.3   0.0  276   33-329    85-385 (528)
     251 UniRef100_A0A0H3YI86 Pyrokinin 100.0 2.2E-40 2.2E-46  276.2   0.0  285   32-333    81-400 (510)
     252 tr|A0A2B4SKI0|A0A2B4SKI0_STYPI 100.0 2.4E-40 2.4E-46  270.8   0.0  275   32-326    95-393 (458)
     253 tr|A0A0L8FIS6|A0A0L8FIS6_OCTBM 100.0 2.4E-40 2.4E-46  266.7   0.0  276   37-333    93-422 (485)
     254 UniRef100_A0A6F9DUB2 Somatosta 100.0 2.4E-40 2.4E-46  263.7   0.0  287   31-331    59-353 (467)
     255 UniRef100_A0A210QSD7 Octopamin 100.0 2.5E-40 2.5E-46  270.4   0.0  279   30-336    53-421 (423)
     256 tr|A0A060X5F3|A0A060X5F3_ONCMY 100.0 2.6E-40 2.5E-46  285.9   0.0  290   32-333   412-704 (840)
     257 UniRef100_A0A6S7JE64 Neuropept 100.0 2.7E-40 2.6E-46  265.0   0.0  280   30-332    30-322 (412)
     258 UniRef100_A0A016SJ65 Thyrolibe 100.0 2.7E-40 2.7E-46  273.3   0.0  279   32-329    81-394 (479)
     259 UniRef100_A0A060VRN9 G_PROTEIN 100.0 2.7E-40 2.7E-46  269.5   0.0  304   32-360   133-460 (496)
     260 UniRef100_A0A0P5DAK4 Orexin re 100.0 2.8E-40 2.8E-46  268.5   0.0  280   32-331   104-430 (505)
     261 UniRef100_A0A3B4UE11 Si:zfos-1 100.0 2.8E-40 2.8E-46  258.0   0.0  278   33-333    64-352 (441)
     262 UniRef100_A0A2B4SE17 Substance 100.0 3.2E-40 3.1E-46  277.2   0.0  284   30-330    60-364 (467)
     263 UniRef100_A0A2B4RXD1 Neuropept 100.0 3.1E-40 3.1E-46  268.1   0.0  282   31-335    91-386 (461)
     264 UniRef100_A0A023F452 Putative  100.0 3.1E-40 3.1E-46  276.4   0.0  295   32-333   137-540 (660)
     265 tr|A0A060XRS0|A0A060XRS0_ONCMY 100.0 3.2E-40 3.3E-46  278.8   0.0  274   34-335    55-379 (900)
     266 UniRef100_A7RGN9 Predicted pro 100.0 3.3E-40 3.3E-46  255.0   0.0  276   29-331    25-314 (317)
     267 UniRef100_A0A026W4F0 Octopamin 100.0 3.4E-40 3.4E-46  261.7   0.0  275   33-332    54-393 (445)
     268 UniRef100_A0A023ETT6 Putative  100.0 3.5E-40 3.5E-46  269.0   0.0  283   32-329   151-444 (612)
     269 UniRef100_A0A5F9DJL6 Formyl pe 100.0 3.5E-40 3.6E-46  252.7   0.0  343    1-354     1-344 (476)
     270 tr|A0A147AXX1|A0A147AXX1_FUNHE 100.0 3.7E-40 3.8E-46  261.3   0.0  291   28-333    31-331 (490)
     271 UniRef100_A0A026WC04 Dopamine  100.0 3.7E-40 3.8E-46  261.5   0.0  283   26-333    69-399 (468)
     272 tr|A0A0P7TYE1|A0A0P7TYE1_9TELE 100.0 3.9E-40 3.9E-46  265.6   0.0  286   32-333   121-475 (507)
     273 tr|A0A091DQD0|A0A091DQD0_FUKDA 100.0 4.2E-40 4.2E-46  264.0   0.0  283   33-332   178-464 (499)
     274 UniRef100_A0A1S3J8T4 5-hydroxy 100.0 4.4E-40 4.3E-46  269.3   0.0  279   32-333    98-398 (468)
     275 UniRef100_A0A401NJB3 G_PROTEIN 100.0 4.6E-40 4.6E-46  266.8   0.0  276   33-331    40-359 (517)
     276 UniRef100_A0A0K0PUX3 Orphan G- 100.0 4.7E-40 4.6E-46  271.8   0.0  273   32-331    58-350 (419)
     277 tr|A0A218UWX7|A0A218UWX7_9PASE 100.0 4.6E-40 4.6E-46  265.3   0.0  286   31-334    37-343 (474)
     278 UniRef100_A0A3M6TV84 G_PROTEIN 100.0 4.8E-40 4.7E-46  264.8   0.0  275   32-332    43-338 (405)
     279 UniRef100_A0A0K0PUK6 Orphan G- 100.0 4.8E-40 4.8E-46  261.1   0.0  295   35-334    67-376 (448)
     280 tr|T1KPP2|T1KPP2_TETUR Unchara 100.0 4.9E-40 4.9E-46  265.5   0.0  284   30-333   147-438 (477)
     281 UniRef100_A0A0L8HHE2 G_PROTEIN 100.0 5.2E-40 5.1E-46  263.6   0.0  281   39-334     5-302 (385)
     282 tr|A0A1S3IXU4|A0A1S3IXU4_LINUN 100.0 5.1E-40 5.1E-46  261.0   0.0  279   32-334    55-348 (440)
     283 tr|A7RYQ3|A7RYQ3_NEMVE Predict 100.0 5.4E-40 5.2E-46  265.7   0.0  276   31-334    48-338 (367)
     284 tr|A0A226PQD6|A0A226PQD6_COLVI 100.0 5.3E-40 5.3E-46  274.9   0.0  302   32-337     5-307 (658)
     285 UniRef100_A0A067R841 G_PROTEIN 100.0 5.5E-40 5.4E-46  271.8   0.0  294   26-331    98-409 (526)
     286 UniRef100_A0A061QLL1 Putative  100.0 5.9E-40 5.9E-46  264.1   0.0  275   31-331    42-421 (424)
     287 UniRef100_A0A026W4S0 Neuromedi 100.0 6.6E-40 6.6E-46  272.6   0.0  283   37-334    76-391 (604)
     288 tr|A0A1D2MSE1|A0A1D2MSE1_ORCCI 100.0 6.8E-40 6.7E-46  275.3   0.0  284   32-333   108-408 (615)
     289 UniRef100_A0A060W247 Cholecyst 100.0 6.8E-40 6.7E-46  270.4   0.0  283   33-331   126-476 (563)
     290 UniRef100_A0A2B4SJE7 Orexin re 100.0 6.9E-40 6.8E-46  270.0   0.0  282   32-331   132-431 (517)
     291 tr|G1T869|G1T869_RABIT B2 brad 100.0 6.8E-40 6.9E-46  260.1   0.0  293   30-334   108-409 (446)
     292 tr|E6ZEU6|E6ZEU6_DICLA Neurome 100.0   7E-40 6.9E-46  266.2   0.0  286   34-333    88-396 (461)
     293 UniRef100_A0A6P8HUK6 melatonin 100.0 6.9E-40 6.9E-46  254.5   0.0  282   30-336    23-325 (374)
     294 tr|A0A0P5PA10|A0A0P5PA10_9CRUS 100.0 7.2E-40 7.3E-46  270.3   0.0  282   33-328   145-442 (705)
     295 UniRef100_A0A096MAY6 Alpha-1B  100.0 7.4E-40 7.5E-46  260.9   0.0  271   38-336    50-378 (489)
     296 ERR1719361_2001115             100.0 7.8E-40 7.7E-46  263.0   0.0  290   30-331    20-324 (415)
     297 tr|A0A146ZV71|A0A146ZV71_FUNHE 100.0   8E-40 7.8E-46  272.0   0.0  287   34-336    29-315 (451)
     298 UniRef100_UPI0001CB9B44 somato 100.0   8E-40 8.1E-46  247.7   0.0  288   28-332    21-317 (365)
     299 UniRef100_A0A087U880 Neuropept 100.0 8.5E-40 8.3E-46  261.8   0.0  281   30-329    64-361 (401)
     300 UniRef100_A0A146M155 Neuropept 100.0 1.1E-39 1.1E-45  265.6   0.0  279   36-329    55-360 (488)
     301 tr|A0A1U7TSJ4|A0A1U7TSJ4_TARSY 100.0 1.1E-39 1.1E-45  264.8   0.0  287   31-333   209-520 (600)
     302 UniRef100_A0A0G3Y5J3 Peropsin  100.0 1.2E-39 1.1E-45  262.1   0.0  273   35-329    37-321 (363)
     303 UniRef100_A0A0K0PUG3 Thyrolibe 100.0 1.1E-39 1.1E-45  270.6   0.0  281   33-332   213-522 (606)
     304 UniRef100_A0A6P8GZ41 substance 100.0 1.2E-39 1.1E-45  255.5   0.0  299   30-351    38-354 (386)
     305 tr|A0A0P7V0U8|A0A0P7V0U8_9TELE 100.0 1.2E-39 1.2E-45  254.0   0.0  307   31-359    82-408 (439)
     306 tr|A0A131XUY2|A0A131XUY2_IXORI 100.0 1.2E-39 1.2E-45  260.2   0.0  283   31-331   158-446 (560)
     307 UniRef100_A0A0L8FP69 G_PROTEIN 100.0 1.2E-39 1.2E-45  259.2   0.0  284   36-332    50-342 (488)
     308 tr|A0A287CUD4|A0A287CUD4_ICTTR 100.0 1.3E-39 1.3E-45  258.5   0.0  277   33-333    17-309 (478)
     309 tr|A0A2D0SD29|A0A2D0SD29_ICTPU 100.0 1.3E-39 1.3E-45  260.5   0.0  271   35-329     5-306 (420)
     310 tr|A0A1S3L0J1|A0A1S3L0J1_SALSA 100.0 1.3E-39 1.3E-45  263.6   0.0  273   34-334    75-408 (533)
     311 UniRef100_A0A060VV87 Kappa-typ 100.0 1.3E-39 1.3E-45  265.3   0.0  276   36-330   192-476 (586)
     312 UniRef100_A0A061I5W2 G-protein 100.0 1.3E-39 1.3E-45  258.5   0.0  300   31-347    73-381 (435)
     313 tr|W5MC67|W5MC67_LEPOC Pyroglu 100.0 1.3E-39 1.3E-45  256.6   0.0  290   32-335    51-363 (441)
     314 tr|A7RNV5|A7RNV5_NEMVE Predict 100.0 1.4E-39 1.4E-45  256.3   0.0  286   28-333    25-328 (377)
     315 UniRef100_A0A0A7KUZ5 Opsin 5 n 100.0 1.5E-39 1.4E-45  264.3   0.0  275   33-329    51-342 (407)
     316 UniRef100_A0A2S1WLX6 Putative  100.0 1.4E-39 1.4E-45  259.0   0.0  275   40-334    52-461 (475)
     317 tr|H2Q292|H2Q292_PANTR Unchara 100.0 1.4E-39 1.5E-45  259.0   0.0  282   32-338    79-410 (492)
     318 UniRef100_A0A016T103 G_PROTEIN 100.0 1.5E-39 1.5E-45  274.3   0.0  264   42-334   118-478 (605)
     319 tr|A0A2H1W6Q0|A0A2H1W6Q0_SPOFR 100.0 1.5E-39 1.5E-45  262.9   0.0  282   31-333    67-365 (466)
     320 tr|A0A139WLV7|A0A139WLV7_TRICA 100.0 1.5E-39 1.5E-45  272.5   0.0  285   31-333   395-699 (792)
     321 tr|A7S585|A7S585_NEMVE Predict 100.0 1.6E-39 1.5E-45  259.4   0.0  289   31-337    21-331 (374)
     322 UniRef100_A0A067RG65 Neuropept 100.0 1.6E-39 1.6E-45  264.5   0.0  281   35-329    88-392 (509)
     323 UniRef100_UPI0003F07467 orexin 100.0 1.6E-39 1.6E-45  266.2   0.0  285   30-331    73-415 (535)
     324 tr|K7GCC3|K7GCC3_PELSI Adrenoc 100.0 1.6E-39 1.6E-45  259.2   0.0  276   33-331    40-363 (488)
     325 UniRef100_A0A193KU97 GCR058 n= 100.0 1.6E-39 1.6E-45  254.6   0.0  281   36-331    27-331 (379)
     326 tr|A0A060W714|A0A060W714_ONCMY 100.0 1.7E-39 1.7E-45  253.2   0.0  288   34-342    55-343 (363)
     327 UniRef100_A0A091P324 G_PROTEIN 100.0 1.7E-39 1.7E-45  247.5   0.0  293   37-340    49-341 (364)
     328 tr|A0A067RDC3|A0A067RDC3_ZOONE 100.0 1.9E-39 1.9E-45  268.0   0.0  286   30-337    67-369 (506)
     329 UniRef100_E9HAW0 G_PROTEIN_REC 100.0 1.9E-39 1.9E-45  255.8   0.0  281   33-333    63-358 (393)
     330 UniRef100_A0A2B4SJV4 Galanin r 100.0   2E-39 1.9E-45  270.8   0.0  279   33-333    73-368 (444)
     331 UniRef100_A0A060WAA0 NK-2 rece 100.0   2E-39   2E-45  257.3   0.0  283   35-336    73-369 (465)
     332 tr|A0A1S3FYW5|A0A1S3FYW5_DIPOR 100.0 2.1E-39 2.1E-45  249.7   0.0  283   33-334    68-361 (385)
     333 UniRef100_A0A6P8HVR8 galanin r 100.0 2.1E-39 2.1E-45  256.3   0.0  281   30-330    18-319 (381)
     334 UniRef100_A0A060X6T3 G_PROTEIN 100.0 2.2E-39 2.2E-45  263.8   0.0  272   35-334    90-416 (550)
     335 UniRef100_A0A026WCQ7 Tyramine  100.0 2.2E-39 2.2E-45  278.9   0.0  272   33-334   182-590 (665)
     336 UniRef100_A0A0S1YD99 Neuropept 100.0 2.2E-39 2.2E-45  254.1   0.0  288   35-336    76-377 (423)
     337 UniRef100_A0A084WFJ7 AGAP00011 100.0 2.2E-39 2.2E-45  266.3   0.0  272   33-325    86-374 (519)
     338 tr|A0A2B4SIA2|A0A2B4SIA2_STYPI 100.0 2.3E-39 2.2E-45  258.3   0.0  281   33-334    57-363 (370)
     339 tr|A0A1A8EW90|A0A1A8EW90_9TELE 100.0 2.3E-39 2.3E-45  256.4   0.0  283   31-330    41-332 (444)
     340 UniRef100_A0A077Z2V7 Neuropept 100.0 2.4E-39 2.4E-45  259.0   0.0  285   32-329    67-373 (451)
     341 tr|A0A218UPZ1|A0A218UPZ1_9PASE 100.0 2.4E-39 2.4E-45  260.3   0.0  285   31-329   213-501 (534)
     342 tr|A0A1I8FSG9|A0A1I8FSG9_9PLAT 100.0 2.4E-39 2.4E-45  261.0   0.0  278   34-336   107-453 (550)
     343 tr|A7RRH0|A7RRH0_NEMVE Predict 100.0 2.5E-39 2.5E-45  271.2   0.0  277   31-333    23-317 (700)
     344 UniRef100_A0A210PNG3 5-hydroxy 100.0 2.5E-39 2.5E-45  263.7   0.0  282   31-335    62-372 (427)
     345 tr|A0A1L8HND2|A0A1L8HND2_XENLA 100.0 2.5E-39 2.5E-45  259.3   0.0  292   31-339   125-435 (452)
     346 UniRef100_A0A3M6T6Z7 G_PROTEIN 100.0 2.6E-39 2.6E-45  251.3   0.0  277   32-334    24-319 (362)
     347 UniRef100_A0A087YQK7 Adrenocep 100.0 2.8E-39 2.8E-45  266.6   0.0  271   39-332   134-452 (617)
     348 UniRef100_A0A3M6UKX8 G_PROTEIN 100.0   3E-39 2.9E-45  269.2   0.0  286   31-331   115-420 (487)
     349 UniRef100_A0A067R4E0 Tachykini 100.0   3E-39 2.9E-45  257.6   0.0  282   32-331    47-344 (396)
     350 tr|C7SLZ0|C7SLZ0_APLKU Seroton 100.0   3E-39   3E-45  264.7   0.0  272   32-333    70-426 (485)
     351 tr|A0A0A7RC79|A0A0A7RC79_RHOPR 100.0 2.9E-39   3E-45  253.8   0.0  301   31-342    72-384 (404)
     352 tr|J9JRI9|J9JRI9_ACYPI Unchara 100.0 2.9E-39   3E-45  257.8   0.0  284   35-331    35-333 (490)
     353 UniRef100_A0A068YA15 Neuropept 100.0   3E-39   3E-45  263.0   0.0  285   35-331    73-395 (510)
     354 tr|A0A226N2C0|A0A226N2C0_CALSU 100.0 2.9E-39   3E-45  260.0   0.0  280   32-335   222-524 (569)
     355 tr|A0A210QNG6|A0A210QNG6_MIZYE 100.0   3E-39   3E-45  261.8   0.0  287   30-334    35-342 (498)
     356 tr|A0A182QHF8|A0A182QHF8_9DIPT 100.0 3.1E-39 3.1E-45  262.9   0.0  285   30-332    96-407 (581)
     357 UniRef100_A0A2B4S7Y2 Neuropept 100.0 3.3E-39 3.2E-45  268.3   0.0  270   30-328    77-368 (460)
     358 tr|A0A212C668|A0A212C668_CEREH 100.0 3.2E-39 3.2E-45  260.1   0.0  274   30-331   215-556 (558)
     359 UniRef100_A0A3M6TNW8 G_PROTEIN 100.0 3.3E-39 3.2E-45  260.5   0.0  272   35-332    95-393 (453)
     360 tr|A0A2B4SNZ1|A0A2B4SNZ1_STYPI 100.0 3.4E-39 3.3E-45  261.7   0.0  278   31-333    28-321 (351)
     361 tr|A0A2B4R9G2|A0A2B4R9G2_STYPI 100.0 3.4E-39 3.3E-45  256.5   0.0  281   31-336    57-354 (378)
     362 tr|A0A0S1YD80|A0A0S1YD80_CHISP 100.0 3.4E-39 3.4E-45  261.0   0.0  281   33-333   163-466 (513)
     363 UniRef100_A0A090MXE0 Thyrotrop 100.0 3.4E-39 3.4E-45  259.7   0.0  287   27-334    38-346 (444)
     364 UniRef100_A0A023F4J9 Putative  100.0 3.5E-39 3.5E-45  268.4   0.0  274   34-332   156-493 (588)
     365 tr|A0A0S0WMT8|A0A0S0WMT8_DROME 100.0 3.5E-39 3.6E-45  260.7   0.0  285   30-329   141-434 (593)
     366 tr|A0A0K0PUV0|A0A0K0PUV0_PLADU 100.0 3.7E-39 3.7E-45  255.5   0.0  276   31-333    12-335 (373)
     367 tr|F7E6B1|F7E6B1_MONDO Tachyki 100.0 3.7E-39 3.7E-45  256.5   0.0  275   36-331    96-384 (475)
     368 tr|W8B9D1|W8B9D1_CERCA 5-hydro 100.0 3.7E-39 3.7E-45  263.8   0.0  280   30-333   258-628 (664)
     369 tr|A0A146NY53|A0A146NY53_FUNHE 100.0 3.8E-39 3.8E-45  261.2   0.0  274   36-332     8-318 (469)
     370 UniRef100_A0A061QHX0 Putative  100.0 3.9E-39 3.8E-45  269.7   0.0  274   33-332   131-508 (563)
     371 UniRef100_A0A061IAU9 Gastric r 100.0 3.8E-39 3.8E-45  263.6   0.0  280   31-334   111-409 (588)
     372 UniRef100_A0A4D9EQQ5 Enolase-l 100.0 3.8E-39 3.9E-45  248.8   0.0  282   30-332   142-432 (472)
     373 tr|A0A182L9N8|A0A182L9N8_9DIPT 100.0 4.1E-39 4.1E-45  262.7   0.0  282   35-333    89-384 (490)
     374 tr|A0A183W5E7|A0A183W5E7_TRIRE 100.0 4.2E-39 4.3E-45  258.3   0.0  289   30-335    47-356 (503)
     375 tr|B4KC34|B4KC34_DROMO Unchara 100.0 4.6E-39 4.5E-45  269.6   0.0  284   34-330   192-491 (670)
     376 tr|A0A1A9ZAD8|A0A1A9ZAD8_GLOPL 100.0 4.6E-39 4.6E-45  260.0   0.0  286   35-333   123-423 (574)
     377 UniRef100_A0A678XEL8 Trace ami 100.0 4.7E-39 4.7E-45  264.1   0.0  279   33-333    54-358 (523)
     378 UniRef100_A0A060VWI9 G_PROTEIN 100.0 4.8E-39 4.8E-45  264.1   0.0  271   39-330    65-393 (579)
     379 UniRef100_A0A087YR30 G_PROTEIN 100.0 4.9E-39 4.8E-45  262.8   0.0  279   32-334    99-379 (461)
     380 UniRef100_A0A0L8H5P3 G_PROTEIN 100.0 5.1E-39 5.1E-45  261.7   0.0  273   32-330    72-371 (496)
     381 UniRef100_A0A026X164 G-protein 100.0 5.1E-39 5.1E-45  269.0   0.0  279   31-337   115-429 (604)
     382 tr|A0A2B4S4U3|A0A2B4S4U3_STYPI 100.0 5.1E-39 5.1E-45  247.9   0.0  283   35-337    26-328 (359)
     383 UniRef100_A0A7M7G1H5 G_PROTEIN 100.0 5.6E-39 5.4E-45  263.6   0.0  271   36-334    39-336 (381)
     384 UniRef100_A0A0L7QPT9 Green-sen 100.0 5.5E-39 5.4E-45  261.4   0.0  272   33-328    80-359 (445)
     385 tr|A0A210R0K7|A0A210R0K7_MIZYE 100.0 5.5E-39 5.5E-45  256.0   0.0  285   31-334    70-428 (470)
     386 tr|S7MFC9|S7MFC9_MYOBR Coiled- 100.0 5.6E-39 5.6E-45  274.2   0.0  294   31-338   648-941 (970)
     387 UniRef100_A0A0A1XP15 Neuropept 100.0 5.6E-39 5.7E-45  252.2   0.0  287   33-337    70-379 (421)
     388 tr|A0A1S3NPB2|A0A1S3NPB2_SALSA 100.0 5.7E-39 5.7E-45  255.5   0.0  279   35-332    40-332 (443)
     389 tr|A0A183VWV4|A0A183VWV4_TRIRE 100.0 5.7E-39 5.8E-45  256.6   0.0  281   30-334    46-450 (509)
     390 UniRef100_A0A6P8HX63 probable  100.0   6E-39 5.8E-45  262.5   0.0  273   31-334    54-363 (407)
     391 UniRef100_A0A091R746 Beta-1 ad 100.0 5.9E-39 5.9E-45  262.5   0.0  272   38-330   138-451 (572)
     392 UniRef100_A0A060XMX0 NPY-Y2 re 100.0   6E-39 6.1E-45  252.2   0.0  285   31-332   120-415 (452)
     393 UniRef100_A0A067RIW6 G_PROTEIN 100.0 6.4E-39 6.4E-45  269.8   0.0  277   34-334   184-549 (705)
     394 tr|A0A147B295|A0A147B295_FUNHE 100.0 6.5E-39 6.4E-45  265.6   0.0  296   30-337   181-477 (508)
     395 UniRef100_A0A6P8IPF1 5-hydroxy 100.0 6.5E-39 6.5E-45  251.5   0.0  279   35-334    58-364 (403)
     396 UniRef100_A0A0G2UQ37 Rhodopsin 100.0 6.6E-39 6.6E-45  259.9   0.0  276   33-329    94-393 (515)
     397 UniRef100_A0A060W3U5 G_PROTEIN 100.0 6.8E-39 6.7E-45  271.1   0.0  288   33-330   196-488 (591)
     398 tr|A0A0D9S2H8|A0A0D9S2H8_CHLSB 100.0 6.9E-39 6.8E-45  254.8   0.0  293   31-338    90-382 (406)
     399 UniRef100_A0A6F9DEB9 5-hydroxy 100.0   7E-39 6.8E-45  261.6   0.0  273   29-330    50-358 (426)
     400 UniRef100_A0A060WUQ6 G-protein 100.0 6.9E-39 6.9E-45  258.2   0.0  279   32-329   136-426 (502)
     401 tr|A7RKP0|A7RKP0_NEMVE Predict 100.0 7.4E-39 7.3E-45  252.3   0.0  276   34-335     7-311 (350)
     402 UniRef100_A0A3M6TDR7 G_PROTEIN 100.0 7.6E-39 7.4E-45  264.8   0.0  260   33-328    73-350 (425)
     403 tr|A0A1S3FWK5|A0A1S3FWK5_DIPOR 100.0 7.4E-39 7.5E-45  263.9   0.0  277   33-334   415-732 (786)
     404 tr|A0A1I8N820|A0A1I8N820_MUSDO 100.0 7.4E-39 7.5E-45  268.5   0.0  276   33-332   303-638 (880)
     405 UniRef100_A0A026VXG0 Octopamin 100.0 7.8E-39 7.7E-45  269.2   0.0  273   31-328    78-537 (647)
     406 UniRef100_A0A3M6TEA9 G_PROTEIN 100.0 8.8E-39 8.6E-45  261.1   0.0  278   31-330    44-342 (414)
     407 UniRef100_A0A3M6UBA2 G_PROTEIN 100.0   9E-39 8.8E-45  256.8   0.0  276   31-332    46-341 (383)
     408 UniRef100_A0A182H1J6 G_PROTEIN 100.0 8.8E-39 8.9E-45  273.9   0.0  189   38-241   322-512 (1005)
     409 tr|R4J1H6|R4J1H6_SALSA Cholecy 100.0 8.9E-39 8.9E-45  253.0   0.0  288   31-334    43-409 (461)
     410 tr|A0A1S3JCV4|A0A1S3JCV4_LINUN 100.0   9E-39   9E-45  250.4   0.0  289   32-334    60-371 (414)
     411 UniRef100_A0A1S3HRK7 octopamin 100.0 9.6E-39 9.3E-45  261.8   0.0  276   30-330    60-349 (413)
     412 tr|A0A151NBW9|A0A151NBW9_ALLMI 100.0 9.3E-39 9.3E-45  257.9   0.0  287   32-334    78-394 (472)
     413 SRR6218665_147192              100.0 9.4E-39 9.4E-45  256.8   0.0  284   30-333    96-398 (466)
     414 UniRef100_A0A6A7G2U4 Octopamin 100.0 9.4E-39 9.5E-45  259.7   0.0  276   32-331   168-511 (574)
     415 UniRef100_A0A060ILH2 Neuromedi 100.0 9.6E-39 9.7E-45  263.0   0.0  286   35-334   177-480 (606)
     416 UniRef100_A0A0P6J0T1 Putative  100.0 9.7E-39 9.7E-45  271.4   0.0  280   35-333   103-411 (735)
     417 UniRef100_A0A1I8FSG9 G_PROTEIN 100.0   1E-38   1E-44  259.9   0.0  279   32-334   158-508 (576)
     418 tr|A0A2B4RSX7|A0A2B4RSX7_STYPI 100.0 1.1E-38   1E-44  254.7   0.0  278   31-335    55-365 (389)
     419 UniRef100_A0A2G8KT39 Putative  100.0 1.1E-38 1.1E-44  258.9   0.0  275   38-335    48-345 (383)
     420 UniRef100_A0A087YQ33 Atypical  100.0 1.1E-38 1.1E-44  267.3   0.0  284   30-325   217-505 (611)
     421 tr|A0A1V4JMN9|A0A1V4JMN9_PATFA 100.0 1.1E-38 1.1E-44  256.7   0.0  280   33-327    91-417 (537)
     422 UniRef100_A0A0L8FWF7 G_PROTEIN 100.0 1.2E-38 1.1E-44  269.0   0.0  279   33-335    90-550 (576)
     423 UniRef100_A0A023F658 Putative  100.0 1.1E-38 1.1E-44  265.4   0.0  287   34-336    68-379 (580)
     424 tr|V8NTH6|V8NTH6_OPHHA N-arach 100.0 1.2E-38 1.2E-44  274.9   0.0  288   30-332    24-324 (785)
     425 UniRef100_A0A068WTW9 Tachykini 100.0 1.2E-38 1.2E-44  255.2   0.0  278   35-332    46-360 (453)
     426 UniRef100_A0A0Q3PEJ5 Alpha-1B  100.0 1.2E-38 1.2E-44  259.9   0.0  276   33-336    61-389 (683)
     427 tr|A0A0V1MVC7|A0A0V1MVC7_9BILA 100.0 1.3E-38 1.2E-44  263.5   0.0  287   33-334    79-381 (598)
     428 tr|A0A232F8D2|A0A232F8D2_9HYME 100.0 1.3E-38 1.3E-44  256.0   0.0  283   32-331    69-370 (478)
     429 tr|K1QHX9|K1QHX9_CRAGI Somatos 100.0 1.3E-38 1.3E-44  258.8   0.0  285   30-329    44-337 (456)
     430 UniRef100_A0A6P3IMR0 somatosta 100.0 1.3E-38 1.3E-44  251.6   0.0  279   35-331   198-485 (524)
     431 tr|T1JU75|T1JU75_TETUR Unchara 100.0 1.3E-38 1.4E-44  261.3   0.0  286   32-331   141-435 (728)
     432 UniRef100_A0A0S1YDA1 Neuropept 100.0 1.4E-38 1.4E-44  256.3   0.0  286   31-331    63-413 (463)
     433 UniRef100_A0A060X1T4 G_PROTEIN 100.0 1.4E-38 1.4E-44  263.6   0.0  292   31-330    87-407 (513)
     434 tr|A0A2B4RR50|A0A2B4RR50_STYPI 100.0 1.4E-38 1.4E-44  252.6   0.0  281   32-334    27-328 (411)
     435 UniRef100_F6SEF7 G_PROTEIN_REC 100.0 1.4E-38 1.4E-44  246.3   0.0  281   31-328    37-334 (337)
     436 tr|A7SIX0|A7SIX0_NEMVE Predict 100.0 1.6E-38 1.6E-44  251.2   0.0  282   32-333    22-320 (403)
     437 UniRef100_A0A060WQA6 G_PROTEIN 100.0 1.6E-38 1.6E-44  265.5   0.0  286   31-332   142-431 (539)
     438 UniRef100_A0A091JZ06 Chemokine 100.0 1.6E-38 1.6E-44  250.2   0.0  300   32-354    63-362 (371)
     439 tr|A0A226MZ92|A0A226MZ92_CALSU 100.0 1.6E-38 1.6E-44  253.0   0.0  282   33-330   144-428 (463)
     440 UniRef100_A0A2B4RVY2 Melanopsi 100.0 1.6E-38 1.6E-44  259.3   0.0  271   35-331    64-355 (452)
     441 tr|A0A2B4S6X2|A0A2B4S6X2_STYPI 100.0 1.6E-38 1.6E-44  249.3   0.0  275   38-334    27-326 (379)
     442 tr|A0A218VDY5|A0A218VDY5_9PASE 100.0 1.6E-38 1.6E-44  250.8   0.0  285   31-332    37-330 (395)
     443 UniRef100_A0A6P4Z5N5 muscarini 100.0 1.7E-38 1.7E-44  250.9   0.0  273   32-333    26-344 (357)
     444 UniRef100_A0A553N720 G_PROTEIN 100.0 1.7E-38 1.7E-44  259.1   0.0  285   31-330   134-432 (595)
     445 tr|K1PEH3|K1PEH3_CRAGI Neurope 100.0 1.7E-38 1.7E-44  250.7   0.0  295   36-335    49-361 (411)
     446 ERR1719510_236906              100.0 1.8E-38 1.8E-44  265.2   0.0  285   32-337    80-379 (577)
     447 UniRef100_A0A091M113 GH-releas 100.0 1.8E-38 1.9E-44  251.3   0.0  284   38-333    84-380 (478)
     448 UniRef100_A0A132AJH3 7 transme 100.0   2E-38 1.9E-44  259.3   0.0  279   36-329    70-384 (447)
     449 tr|A0A1W4X208|A0A1W4X208_AGRPL 100.0 1.9E-38 1.9E-44  252.3   0.0  285   35-332    95-394 (467)
     450 tr|U3U4G2|U3U4G2_NILLU Neurope 100.0   2E-38   2E-44  262.0   0.0  296   35-336    34-354 (496)
     451 UniRef100_A0A2R8PY66 5-hydroxy 100.0   2E-38   2E-44  244.2   0.0  283   33-340    55-363 (381)
     452 UniRef100_UPI001560367F G-prot 100.0   2E-38   2E-44  237.7   0.0  290   30-338    24-313 (333)
     453 tr|A0A1V4K609|A0A1V4K609_PATFA 100.0   2E-38   2E-44  246.5   0.0  259   30-329   116-375 (403)
     454 UniRef100_UPI00167F7E73 formyl 100.0   2E-38 2.1E-44  242.8   0.0  338    1-349   119-457 (467)
     455 tr|W4Z9U8|W4Z9U8_STRPU Unchara 100.0 2.1E-38 2.1E-44  247.7   0.0  287   30-333   103-413 (434)
     456 tr|A0A0F8CMC2|A0A0F8CMC2_LARCR 100.0 2.1E-38 2.1E-44  262.6   0.0  289   31-329   334-640 (680)
     457 UniRef100_A0A3M6UKG3 G_PROTEIN 100.0 2.3E-38 2.3E-44  248.2   0.0  282   29-330    19-320 (378)
     458 UniRef100_A0A060XSH0 G_PROTEIN 100.0 2.4E-38 2.3E-44  267.3   0.0  286   34-334   146-437 (590)
     459 UniRef100_A0A0K8WE72 5-hydroxy 100.0 2.3E-38 2.3E-44  263.1   0.0  274   34-331   268-624 (662)
     460 UniRef100_A0A060Y7B7 G_PROTEIN 100.0 2.4E-38 2.4E-44  262.2   0.0  273   34-334   115-552 (560)
     461 UniRef100_A0A6P8H485 beta-2 ad 100.0 2.6E-38 2.6E-44  257.5   0.0  281   31-333    54-360 (411)
     462 tr|A0A151P2Y8|A0A151P2Y8_ALLMI 100.0 2.6E-38 2.6E-44  261.2   0.0  286   32-331   299-588 (615)
     463 SRR6218665_1158703             100.0 2.7E-38 2.6E-44  252.6   0.0  285   30-332    32-335 (413)
     464 tr|A0A0L0C8J1|A0A0L0C8J1_LUCCU 100.0 2.6E-38 2.7E-44  259.4   0.0  283   34-329   225-516 (661)
     465 tr|W4XZB8|W4XZB8_STRPU Unchara 100.0 2.7E-38 2.7E-44  251.8   0.0  267   34-330    19-309 (400)
     466 tr|A7SMQ7|A7SMQ7_NEMVE Predict 100.0 2.7E-38 2.7E-44  248.3   0.0  277   34-333    11-304 (358)
     467 UniRef100_A0A2B4RQG7 Somatosta 100.0   3E-38 2.9E-44  268.0   0.0  280   31-329    84-396 (541)
     468 UniRef100_A0A060WI70 G_PROTEIN 100.0 2.9E-38 2.9E-44  260.5   0.0  290   30-333   104-404 (514)
     469 tr|A0A060XH49|A0A060XH49_ONCMY 100.0 2.9E-38 2.9E-44  271.9   0.0  272   42-334    56-386 (945)
     470 UniRef100_A0A2G8L4C9 Putative  100.0   3E-38 2.9E-44  265.4   0.0  270   35-326    71-444 (480)
     471 UniRef100_D1LX82 Neuropeptide  100.0   3E-38   3E-44  258.1   0.0  280   37-334    57-351 (424)
     472 UniRef100_A0A060YGE9 G_PROTEIN 100.0   3E-38   3E-44  259.9   0.0  280   32-329   147-432 (484)
     473 tr|A0A131ZXP6|A0A131ZXP6_SARSC 100.0 2.9E-38   3E-44  250.5   0.0  286   33-334   121-415 (480)
     474 ERR1719341_586736              100.0   3E-38   3E-44  257.5   0.0  293   30-332    50-355 (513)
     475 tr|A0A096NTW4|A0A096NTW4_PAPAN 100.0 3.1E-38 3.1E-44  250.2   0.0  282   34-333   132-428 (442)
     476 UniRef100_UPI000219022F Endoly 100.0 3.1E-38 3.1E-44  251.4   0.0  274   37-332   203-487 (507)
     477 tr|A0A1V4KK28|A0A1V4KK28_PATFA 100.0 3.1E-38 3.2E-44  249.2   0.0  279   36-334   135-430 (478)
     478 tr|A0A1D1V6H4|A0A1D1V6H4_RAMVA 100.0 3.2E-38 3.2E-44  254.2   0.0  307   32-344    59-386 (498)
     479 UniRef100_A0A023F665 Putative  100.0 3.2E-38 3.2E-44  262.1   0.0  291   27-330   136-448 (573)
     480 tr|A0A147AUP2|A0A147AUP2_FUNHE 100.0 3.3E-38 3.2E-44  257.9   0.0  258   36-312   122-388 (482)
     481 UniRef100_A0A068FL22 Pheromone 100.0 3.2E-38 3.2E-44  253.4   0.0  284   35-333    83-394 (522)
     482 UniRef100_F6ZHC8 Uncharacteriz 100.0 3.2E-38 3.2E-44  256.9   0.0  282   32-330    85-463 (520)
     483 UniRef100_A0A0K0PUL2 DH31-like 100.0 3.3E-38 3.3E-44  247.8   0.0  278   33-333    47-335 (375)
     484 tr|A0A1A9ZM95|A0A1A9ZM95_GLOPL 100.0 3.3E-38 3.3E-44  250.0   0.0  289   36-337    96-399 (481)
     485 UniRef100_A0A087R2J6 Neuropept 100.0 3.5E-38 3.5E-44  262.0   0.0  285   32-333   210-521 (638)
     486 tr|A0A0P7W6Q5|A0A0P7W6Q5_9TELE 100.0 3.5E-38 3.6E-44  249.7   0.0  298   31-346   138-441 (460)
     487 UniRef100_A0A016T4B6 G_PROTEIN 100.0 3.7E-38 3.6E-44  265.9   0.0  288   25-329    93-426 (585)
     488 tr|A0A0R4IQ19|A0A0R4IQ19_DANRE 100.0 3.6E-38 3.6E-44  242.9   0.0  286   32-334    53-350 (384)
     489 tr|A7SX62|A7SX62_NEMVE Predict 100.0 3.7E-38 3.7E-44  241.4   0.0  281   40-358    24-332 (335)
     490 UniRef100_A0A016UUZ5 G_PROTEIN 100.0 3.8E-38 3.8E-44  253.8   0.0  267   35-332    75-413 (486)
     491 tr|A0A182FUW3|A0A182FUW3_ANOAL 100.0 3.8E-38 3.9E-44  260.5   0.0  283   32-329   193-484 (666)
     492 AntAceMinimDraft_8_1070364.sca 100.0 3.9E-38 3.9E-44  247.7   0.0  282   30-334    33-359 (406)
     493 UniRef100_A0A087X781 Alpha-2Db 100.0   4E-38   4E-44  253.6   0.0  270   38-331    70-492 (495)
     494 tr|A0A2B4REF9|A0A2B4REF9_STYPI 100.0   4E-38   4E-44  279.6   0.0  295   33-337   924-1236(1279)
     495 tr|A0A2B4RXA7|A0A2B4RXA7_STYPI 100.0 4.1E-38   4E-44  249.5   0.0  251   47-336    16-278 (328)
     496 UniRef100_A0A2G8JGQ1 Putative  100.0 4.1E-38   4E-44  259.0   0.0  283   28-335    51-374 (455)
     497 UniRef100_A0A060XSS1 5-hydroxy 100.0 4.2E-38 4.1E-44  272.9   0.0  281   34-335   210-555 (704)
     498 tr|C3Z3H5|C3Z3H5_BRAFL Unchara 100.0 4.1E-38 4.2E-44  245.7   0.0  291   30-336    76-379 (405)
     499 UniRef100_A0A087YRI1 G_PROTEIN 100.0 4.5E-38 4.4E-44  255.8   0.0  270   35-331    81-372 (438)
     500 UniRef100_A0A2G8KTA9 Putative  100.0 4.8E-38 4.7E-44  260.5   0.0  264   37-330    51-343 (445)
     
  > Uniprot already searched, skipping.
> Running chain B
  > Uniref90 already searched, skipping.
  > Mgnify already searched, skipping.
  > Running hhblits on bfd_uniref30
- 17:29:48.661 INFO: Searching 65983866 column state sequences.

- 17:29:49.776 INFO: Searching 29291635 column state sequences.

- 17:29:49.815 INFO: fpr1_mouse-1026/msas/B/chain_B.fasta is in A2M, A3M or FASTA format

- 17:29:49.815 INFO: Iteration 1

- 17:29:49.825 INFO: Prefiltering database

- 17:30:39.455 INFO: HMMs passed 1st prefilter (gapless profile-profile alignment)  : 7407

- 17:31:01.529 INFO: HMMs passed 1st prefilter (gapless profile-profile alignment)  : 13510

- 17:31:01.565 INFO: HMMs passed 2nd prefilter (gapped profile-profile alignment)   : 3

- 17:31:01.565 INFO: HMMs passed 2nd prefilter and not found in previous iterations : 3

- 17:31:01.565 INFO: Scoring 3 HMMs using HMM-HMM Viterbi alignment

- 17:31:01.594 INFO: Alternative alignment: 0

- 17:31:01.703 INFO: 3 alignments done

- 17:31:01.703 INFO: Alternative alignment: 1

- 17:31:01.703 INFO: 3 alignments done

- 17:31:01.703 INFO: Alternative alignment: 2

- 17:31:01.703 INFO: Alternative alignment: 3

- 17:31:01.728 INFO: Premerge done

- 17:31:01.728 INFO: Realigning 6 HMM-HMM alignments using Maximum Accuracy algorithm

- 17:31:01.735 INFO: 2 sequences belonging to 2 database HMMs found with an E-value < 0.001

- 17:31:01.735 INFO: Number of effective sequences of resulting query HMM: Neff = 1

- 17:31:01.738 INFO: Iteration 2

- 17:31:01.743 INFO: Prefiltering database

- 17:31:49.307 INFO: HMMs passed 1st prefilter (gapless profile-profile alignment)  : 7407

- 17:32:08.509 INFO: HMMs passed 1st prefilter (gapless profile-profile alignment)  : 13510

- 17:32:08.528 INFO: HMMs passed 2nd prefilter (gapped profile-profile alignment)   : 3

- 17:32:08.528 INFO: HMMs passed 2nd prefilter and not found in previous iterations : 2

- 17:32:08.528 INFO: Scoring 2 HMMs using HMM-HMM Viterbi alignment

- 17:32:08.548 INFO: Alternative alignment: 0

- 17:32:08.549 INFO: 2 alignments done

- 17:32:08.549 INFO: Alternative alignment: 1

- 17:32:08.549 INFO: 1 alignments done

- 17:32:08.549 INFO: Alternative alignment: 2

- 17:32:08.549 INFO: Alternative alignment: 3

- 17:32:08.558 INFO: No new hits found in iteration 2 => Stop searching

- 17:32:08.558 INFO: Rescoring previously found HMMs with Viterbi algorithm

- 17:32:08.579 INFO: Alternative alignment: 0

- 17:32:08.579 INFO: 1 alignments done

- 17:32:08.579 INFO: Alternative alignment: 1

- 17:32:08.579 INFO: 1 alignments done

- 17:32:08.579 INFO: Alternative alignment: 2

- 17:32:08.579 INFO: Alternative alignment: 3

- 17:32:08.602 INFO: Premerge done

- 17:32:08.602 INFO: Realigning 4 HMM-HMM alignments using Maximum Accuracy algorithm

- 17:32:08.608 INFO: 2 sequences belonging to 2 database HMMs found with an E-value < 0.001

- 17:32:08.608 INFO: Number of effective sequences of resulting query HMM: Neff = 1

     Query         spinorphin gtp:1026
     Match_columns 7
     No_of_seqs    1 out of 2
     Neff          1
     Searched_HMMs 3
     Date          Wed Feb 22 17:32:08 2023
     Command       hhblits -i fpr1_mouse-1026/msas/B/chain_B.fasta -cpu 2 -maxmem 20 -oa3m /maps/projects/ilfgrid/people/nqz918/code/deorph/scripts/af_arman/af_jobs_af23/fpr1_mouse/1026//fpr1_mouse-1026/msas/B/bfd_uniref_hits.a3m -o /dev/null -n 3 -e 0.001 -maxseq 1000000 -realign_max 100000 -maxfilt 100000 -min_prefilter_hits 1000 -d /projects/ilfgrid/data/alphafold-genetic-databases///bfd/bfd_metaclust_clu_complete_id30_c90_final_seq.sorted_opt -d /projects/ilfgrid/data/alphafold-genetic-databases///uniref30/UniRef30_2021_03 
     
      No Hit                             Prob E-value P-value  Score    SS Cols Query HMM  Template HMM
       1 UniRef100_P84814 Opioid peptid  97.2 4.5E-05 4.7E-11   26.2   0.0    7    1-7       1-7   (9)
       2 UniRef100_A0A2D5RFK3 Uncharact  92.9    0.37 3.8E-07   23.7   0.0    7    1-7      16-22  (59)
     
  > Uniprot already searched, skipping.

>> Job finished at: Wed Feb 22 17:32:13 CET 2023

>> Runtime: 4645 s
