>> Job started at: Mon Feb 27 17:58:20 CET 2023
   On Machine:     ilfgridgpun02fl.unicph.domain
   In directory:   /projects/ilfgrid/people/nqz918/code/deorph/scripts/af_arman/af_jobs_af23/xcr1_human/4447

>> GPU is 2

Loaded miniconda shell environment for bash
I0227 17:58:28.802510 139761394767680 templates.py:857] Using precomputed obsolete pdbs /projects/ilfgrid/data/alphafold-genetic-databases//pdb_mmcif/obsolete.dat.
E0227 17:58:28.815533 139761394767680 hhblits.py:82] Could not find HHBlits database /projects/ilfgrid/data/alphafold-genetic-databases//bfd/bfd_metaclust_clu_complete_id30_c90_final_seq.sorted_opt
Traceback (most recent call last):
  File "/projects/ilfgrid/apps/alphafold-2.3.1/run_alphafold.py", line 432, in <module>
    app.run(main)
  File "/projects/ilfgrid/apps/alphafold-2.3.1/AF_2.3.1_conda_env/lib/python3.8/site-packages/absl/app.py", line 308, in run
    _run_main(main, args)
  File "/projects/ilfgrid/apps/alphafold-2.3.1/AF_2.3.1_conda_env/lib/python3.8/site-packages/absl/app.py", line 254, in _run_main
    sys.exit(main(argv))
  File "/projects/ilfgrid/apps/alphafold-2.3.1/run_alphafold.py", line 348, in main
    monomer_data_pipeline = pipeline.DataPipeline(
  File "/maps/projects/ilfgrid/apps/alphafold-2.3.1/alphafold/data/pipeline.py", line 138, in __init__
    self.hhblits_bfd_uniref_runner = hhblits.HHBlits(
  File "/maps/projects/ilfgrid/apps/alphafold-2.3.1/alphafold/data/tools/hhblits.py", line 83, in __init__
    raise ValueError(f'Could not find HHBlits database {database_path}')
ValueError: Could not find HHBlits database /projects/ilfgrid/data/alphafold-genetic-databases//bfd/bfd_metaclust_clu_complete_id30_c90_final_seq.sorted_opt

>> Job finished at: Mon Feb 27 17:58:29 CET 2023

>> Runtime: 9 s
