>> Job started at: Wed Mar  8 21:06:49 CET 2023
   On Machine:     ilfgridgpun01fl.unicph.domain
   In directory:   /projects/ilfgrid/people/nqz918/code/deorph/scripts/af_arman/af_jobs_af23/nmur1_human/1469

>> GPU is 

Loaded miniconda shell environment for bash
> Running 'prep_MSAs.sh'
  > Alphafold-DB directory is set to /projects/ilfgrid/data/alphafold-genetic-databases//
  > Number of cores was set to set to 4
  > Max memory set to 20 GB
  > Output directory was set to /projects/ilfgrid/people/nqz918/code/deorph/scripts/af_arman/af_jobs_af23/nmur1_human/1469/
  > Input fastafile was set to /projects/ilfgrid/people/nqz918/code/deorph/scripts/af_arman/af_jobs_af23/nmur1_human/1469/nmur1_human-1469.fasta
> Splitting fastafile
> Running chain A
  > Uniref90 already searched, skipping.
  > Mgnify already searched, skipping.
  > Running hhblits on bfd_uniref30
- 21:07:10.604 INFO: Searching 65983866 column state sequences.

- 21:07:11.675 INFO: Searching 29291635 column state sequences.

- 21:07:11.714 INFO: nmur1_human-1469/msas/A/chain_A.fasta is in A2M, A3M or FASTA format

- 21:07:11.714 INFO: Iteration 1

- 21:07:11.859 INFO: Prefiltering database

- 21:08:40.939 INFO: HMMs passed 1st prefilter (gapless profile-profile alignment)  : 2423765

- 21:09:31.698 INFO: HMMs passed 1st prefilter (gapless profile-profile alignment)  : 984246

- 21:09:35.017 INFO: HMMs passed 2nd prefilter (gapped profile-profile alignment)   : 35705

- 21:09:35.017 INFO: HMMs passed 2nd prefilter and not found in previous iterations : 35705

- 21:09:35.017 INFO: Scoring 35705 HMMs using HMM-HMM Viterbi alignment

- 21:09:35.066 INFO: Alternative alignment: 0

- 21:09:35.880 INFO: 2000 alignments done

- 21:09:36.597 INFO: 4000 alignments done

- 21:09:37.387 INFO: 6000 alignments done

- 21:09:38.256 INFO: 8000 alignments done

- 21:09:39.596 INFO: 10000 alignments done

- 21:09:40.760 INFO: 12000 alignments done

- 21:09:41.489 INFO: 14000 alignments done

- 21:09:42.083 INFO: 16000 alignments done

- 21:09:42.600 INFO: 18000 alignments done

- 21:09:43.138 INFO: 20000 alignments done

- 21:09:43.730 INFO: 22000 alignments done

- 21:09:44.312 INFO: 24000 alignments done

- 21:09:44.903 INFO: 26000 alignments done

- 21:09:45.483 INFO: 28000 alignments done

- 21:09:46.077 INFO: 30000 alignments done

- 21:09:46.685 INFO: 32000 alignments done

- 21:09:47.596 INFO: 34000 alignments done

- 21:09:49.366 INFO: 35705 alignments done

- 21:09:49.372 INFO: Alternative alignment: 1

- 21:10:01.194 INFO: 35299 alignments done

- 21:10:01.272 INFO: Alternative alignment: 2

- 21:10:04.595 INFO: 8882 alignments done

- 21:10:04.602 INFO: Alternative alignment: 3

- 21:10:05.356 INFO: 1527 alignments done

- 21:10:06.205 INFO: Premerge done

- 21:10:06.207 INFO: Realigning 16502 HMM-HMM alignments using Maximum Accuracy algorithm

- 21:11:46.972 INFO: 16505 sequences belonging to 16505 database HMMs found with an E-value < 0.001

- 21:11:46.973 INFO: Number of effective sequences of resulting query HMM: Neff = 10.1245

- 21:11:47.232 INFO: Iteration 2

- 21:11:47.232 INFO: Set premerge to 0! (premerge: 3 iteration: 2 hits.Size: 16502)

- 21:11:47.375 INFO: Prefiltering database

- 21:13:13.787 INFO: HMMs passed 1st prefilter (gapless profile-profile alignment)  : 11429065

- 21:14:30.250 INFO: HMMs passed 1st prefilter (gapless profile-profile alignment)  : 3424052

- 21:14:44.483 INFO: HMMs passed 2nd prefilter (gapped profile-profile alignment)   : 105538

- 21:14:44.483 INFO: HMMs passed 2nd prefilter and not found in previous iterations : 89439

- 21:14:44.483 INFO: Scoring 89439 HMMs using HMM-HMM Viterbi alignment

- 21:14:44.531 INFO: Alternative alignment: 0

- 21:14:45.309 INFO: 2000 alignments done

- 21:14:46.010 INFO: 4000 alignments done

- 21:14:46.770 INFO: 6000 alignments done

- 21:14:47.900 INFO: 8000 alignments done

- 21:14:49.075 INFO: 10000 alignments done

- 21:14:50.901 INFO: 12000 alignments done

- 21:14:55.120 INFO: 14000 alignments done

- 21:14:58.042 INFO: 16000 alignments done

- 21:14:58.044 INFO: Stop after DB-HHM: 16000 because early stop  17.1353 < filter cutoff 20

- 21:14:58.044 INFO: Alternative alignment: 1

- 21:15:01.511 INFO: 7717 alignments done

- 21:15:01.519 INFO: Alternative alignment: 2

- 21:15:01.955 INFO: 788 alignments done

- 21:15:01.955 INFO: Alternative alignment: 3

- 21:15:02.052 INFO: 131 alignments done

- 21:15:02.157 INFO: Realigning 3761 HMM-HMM alignments using Maximum Accuracy algorithm

- 21:15:47.558 INFO: 20264 sequences belonging to 20264 database HMMs found with an E-value < 0.001

- 21:15:47.558 INFO: Number of effective sequences of resulting query HMM: Neff = 10.3666

- 21:15:47.655 INFO: Iteration 3

- 21:15:47.873 INFO: Prefiltering database

- 21:17:13.376 INFO: HMMs passed 1st prefilter (gapless profile-profile alignment)  : 11544411

- 21:18:32.648 INFO: HMMs passed 1st prefilter (gapless profile-profile alignment)  : 3489489

- 21:18:47.895 INFO: HMMs passed 2nd prefilter (gapped profile-profile alignment)   : 106571

- 21:18:47.895 INFO: HMMs passed 2nd prefilter and not found in previous iterations : 86762

- 21:18:47.895 INFO: Scoring 86762 HMMs using HMM-HMM Viterbi alignment

- 21:18:47.934 INFO: Alternative alignment: 0

- 21:18:48.686 INFO: 2000 alignments done

- 21:18:49.568 INFO: 4000 alignments done

- 21:18:50.167 INFO: 6000 alignments done

- 21:18:50.643 INFO: 8000 alignments done

- 21:18:51.230 INFO: 10000 alignments done

- 21:18:52.131 INFO: 12000 alignments done

- 21:18:54.650 INFO: 14000 alignments done

- 21:18:54.652 INFO: Stop after DB-HHM: 14000 because early stop  17.8847 < filter cutoff 20

- 21:18:54.652 INFO: Alternative alignment: 1

- 21:18:56.541 INFO: 4645 alignments done

- 21:18:56.557 INFO: Alternative alignment: 2

- 21:18:56.924 INFO: 565 alignments done

- 21:18:56.925 INFO: Alternative alignment: 3

- 21:18:57.017 INFO: 111 alignments done

- 21:18:57.089 INFO: Rescoring previously found HMMs with Viterbi algorithm

- 21:18:57.127 INFO: Alternative alignment: 0

- 21:18:57.784 INFO: 2000 alignments done

- 21:18:58.448 INFO: 4000 alignments done

- 21:18:59.110 INFO: 6000 alignments done

- 21:18:59.757 INFO: 8000 alignments done

- 21:19:00.425 INFO: 10000 alignments done

- 21:19:01.085 INFO: 12000 alignments done

- 21:19:01.766 INFO: 14000 alignments done

- 21:19:02.437 INFO: 16000 alignments done

- 21:19:03.074 INFO: 18000 alignments done

- 21:19:03.668 INFO: 19807 alignments done

- 21:19:03.672 INFO: Alternative alignment: 1

- 21:19:10.647 INFO: 19807 alignments done

- 21:19:10.683 INFO: Alternative alignment: 2

- 21:19:11.632 INFO: 1878 alignments done

- 21:19:11.635 INFO: Alternative alignment: 3

- 21:19:11.843 INFO: 297 alignments done

- 21:19:12.132 INFO: Premerge done

- 21:19:12.133 INFO: Realigning 20452 HMM-HMM alignments using Maximum Accuracy algorithm

- 21:20:02.915 INFO: 20503 sequences belonging to 20503 database HMMs found with an E-value < 0.001

- 21:20:02.915 INFO: Number of effective sequences of resulting query HMM: Neff = 10.3793

     Query         nmur1_human Q9HB89
     Match_columns 426
     No_of_seqs    3464 out of 248049
     Neff          10.3793
     Searched_HMMs 113923
     Date          Wed Mar  8 21:20:03 2023
     Command       hhblits -i nmur1_human-1469/msas/A/chain_A.fasta -cpu 4 -maxmem 20 -oa3m /projects/ilfgrid/people/nqz918/code/deorph/scripts/af_arman/af_jobs_af23/nmur1_human/1469//nmur1_human-1469/msas/A/bfd_uniref_hits.a3m -o /dev/null -n 3 -e 0.001 -maxseq 1000000 -realign_max 100000 -maxfilt 100000 -min_prefilter_hits 1000 -d /projects/ilfgrid/data/alphafold-genetic-databases///bfd/bfd_metaclust_clu_complete_id30_c90_final_seq.sorted_opt -d /projects/ilfgrid/data/alphafold-genetic-databases///uniref30/UniRef30_2021_03 
     
      No Hit                             Prob E-value P-value  Score    SS Cols Query HMM  Template HMM
       1 tr|F1SMV4|F1SMV4_PIG Uncharact 100.0 4.1E-92 4.3E-98  614.5   0.0  421    1-426   131-553 (553)
       2 UniRef100_A0A060VNZ0 G_PROTEIN 100.0 3.4E-91 3.6E-97  641.5   0.0  420    1-426   134-559 (710)
       3 UniRef100_A0A060IQ50 Neuromedi 100.0 1.5E-90 1.6E-96  619.7   0.0  421    1-426   150-572 (675)
       4 tr|S7Q447|S7Q447_MYOBR Neurome 100.0 1.4E-87 1.5E-93  587.6   0.0  414    2-426    95-550 (568)
       5 tr|A0A1S3W6N0|A0A1S3W6N0_ERIEU 100.0 6.4E-86 6.7E-92  585.9   0.0  419    1-425    72-492 (596)
       6 tr|A0A1V4KM91|A0A1V4KM91_PATFA 100.0 2.3E-80 2.4E-86  537.4   0.0  408    1-416    94-507 (526)
       7 UniRef100_S7Q447 Neuromedin-U  100.0 9.4E-79 9.7E-85  528.2   0.0  414    2-426    95-550 (605)
       8 UniRef100_A0A060YXR8 G_PROTEIN 100.0 1.2E-75 1.3E-81  514.5   0.0  411    1-424    61-472 (512)
       9 tr|A0A0P7VFP4|A0A0P7VFP4_9TELE 100.0 3.1E-75 3.2E-81  517.5   0.0  402    2-416   163-569 (579)
      10 UniRef100_A0A060ILH2 Neuromedi 100.0 1.5E-73 1.6E-79  513.7   0.0  326   39-378   155-480 (606)
      11 tr|A0A2D0TBG0|A0A2D0TBG0_ICTPU 100.0 1.5E-70 1.6E-76  469.9   0.0  330   41-377    43-373 (429)
      12 UniRef100_A0A087XJS0 Neuromedi 100.0 1.3E-66 1.4E-72  457.8   0.0  339   36-377   103-442 (534)
      13 tr|E6ZEU6|E6ZEU6_DICLA Neurome 100.0 1.4E-66 1.5E-72  464.8   0.0  334   37-379    65-398 (461)
      14 tr|A0A060VN07|A0A060VN07_ONCMY 100.0 1.4E-64 1.5E-70  435.1   0.0  363   35-401    33-396 (457)
      15 UniRef100_A0A2Y9MNX7 neuromedi 100.0 1.1E-61 1.2E-67  411.0   0.0  377    1-413     1-382 (416)
      16 tr|A0A0F8CE51|A0A0F8CE51_LARCR 100.0 4.3E-61 4.5E-67  413.0   0.0  338   35-377    42-381 (473)
      17 UniRef100_A0A0P7VFP4 Neuromedi 100.0 5.2E-61 5.4E-67  413.8   0.0  391    2-406   163-561 (579)
      18 UniRef100_A0A0K0PUE3 Orphan G- 100.0 7.8E-57 8.2E-63  409.0   0.0  327   39-371    90-423 (550)
      19 UniRef100_A0A146M155 Neuropept 100.0 4.8E-56 5.1E-62  399.0   0.0  327   39-375    30-362 (488)
      20 UniRef100_A0A067RG65 Neuropept 100.0 7.9E-56 8.3E-62  397.2   0.0  328   38-376    63-395 (509)
      21 UniRef100_UPI00064A27CF neurom 100.0 9.2E-56 9.5E-62  380.1   0.0  376   38-423    26-403 (553)
      22 UniRef100_A0A0H3YI86 Pyrokinin 100.0 1.8E-55 1.9E-61  405.4   0.0  324   51-377    72-400 (510)
      23 UniRef100_UPI000351128C LOW QU 100.0 1.1E-54 1.1E-60  375.0   0.0  423    2-426   116-572 (572)
      24 UniRef100_A0A0C9RF21 CapaR_3 p 100.0 1.1E-54 1.1E-60  392.0   0.0  325   41-377    30-358 (532)
      25 UniRef100_A0A4Z2GNW8 Neuromedi 100.0 1.4E-54 1.5E-60  385.8   0.0  335   35-374   393-728 (788)
      26 UniRef100_A0A5J5DJV9 G_PROTEIN 100.0 2.7E-54 2.8E-60  381.7   0.0  315   50-377    41-355 (735)
      27 UniRef100_UPI0007AC8E25 neurom 100.0 2.8E-54 2.9E-60  378.2   0.0  332   36-377   299-630 (668)
      28 UniRef100_A0A5C6NZ61 Neuromedi 100.0 4.9E-54   5E-60  373.3   0.0  341   35-377   221-561 (608)
      29 UniRef100_A0A068YA15 Neuropept 100.0 7.8E-54 8.3E-60  384.7   0.0  318   52-371    62-391 (510)
      30 UniRef100_A0A193KUI4 GCR044 n= 100.0 2.1E-53 2.2E-59  377.9   0.0  333   39-377     9-349 (508)
      31 UniRef100_A0A026W4S0 Neuromedi 100.0 1.2E-52 1.2E-58  385.4   0.0  314   58-376    71-389 (604)
      32 UniRef100_A0A6P4XD29 neuropept 100.0 1.2E-52 1.3E-58  370.7   0.0  299   59-372    40-339 (385)
      33 UniRef100_A0A024FLF0 PQRFa pep 100.0 1.4E-52 1.5E-58  384.8   0.0  296   61-375    50-346 (413)
      34 UniRef100_A0A0P6J0T1 Putative  100.0 3.9E-52 4.1E-58  389.6   0.0  314   50-376    90-410 (735)
      35 UniRef100_A0A0K0PUR1 Orphan G- 100.0 6.7E-52 7.2E-58  382.4   0.0  299   59-377   113-413 (530)
      36 UniRef100_A0A1S3HKE5 allatosta 100.0   7E-52 7.5E-58  379.2   0.0  290   64-376    86-376 (462)
      37 UniRef100_A0A023F658 Putative  100.0 1.1E-51 1.1E-57  379.3   0.0  308   59-377    67-376 (580)
      38 UniRef100_A0A067RTM0 Neuromedi 100.0 3.2E-51 3.3E-57  355.3   0.0  319   51-374    25-349 (382)
      39 UniRef100_A0A026W5R0 Orexin re 100.0 3.7E-51   4E-57  377.5   0.0  325   38-372    94-423 (529)
      40 UniRef100_A0A210Q5D4 Neuropept 100.0 4.3E-51 4.5E-57  373.6   0.0  323   42-375    53-382 (596)
      41 ERR1719232_11025               100.0 5.9E-51 6.3E-57  370.3   0.0  326   41-374    66-400 (559)
      42 tr|A0A0A1XP03|A0A0A1XP03_ZEUCU 100.0 6.7E-51 7.1E-57  380.6   0.0  328   39-378   211-542 (660)
      43 UniRef100_A0A023F675 Putative  100.0 6.7E-51 7.2E-57  379.8   0.0  290   63-376   129-420 (530)
      44 UniRef100_A0A177B9B5 Rhodopsin 100.0 7.2E-51 7.6E-57  362.2   0.0  326   38-376    67-403 (464)
      45 UniRef100_A0A6P4Z4S7 G-protein 100.0 7.5E-51 8.1E-57  375.8   0.0  291   65-379    64-355 (417)
      46 UniRef100_A0A0A1XP03 Neuropept 100.0 1.3E-50 1.4E-56  368.8   0.0  326   40-377   215-543 (661)
      47 UniRef100_A0A141CIT8 G protein 100.0 1.4E-50 1.5E-56  366.4   0.0  288   61-377    87-378 (488)
      48 UniRef100_A0A026X3T6 Allatosta 100.0 1.5E-50 1.6E-56  370.5   0.0  288   61-377   140-427 (540)
      49 tr|A0A0P7U387|A0A0P7U387_9TELE 100.0   2E-50   2E-56  361.3   0.0  286   61-377   129-417 (556)
      50 UniRef100_A0A026W3I9 Neuropept 100.0 2.3E-50 2.4E-56  368.2   0.0  306   59-377    57-369 (599)
      51 UniRef100_A0A0C9QBK4 GHSR_0 pr 100.0 2.3E-50 2.4E-56  382.7   0.0  297   61-373   173-472 (591)
      52 UniRef100_A0A7M7KVC0 G_PROTEIN 100.0 2.5E-50 2.6E-56  370.5   0.0  324   44-372    45-375 (609)
      53 UniRef100_A0A210PMD5 Neuropept 100.0 2.7E-50 2.9E-56  348.9   0.0  342   40-381    25-377 (445)
      54 UniRef100_A0A7M7JNF9 G_PROTEIN 100.0 5.1E-50 5.4E-56  365.7   0.0  316   50-376    74-400 (554)
      55 tr|E2AX14|E2AX14_CAMFO Neurope 100.0 5.9E-50 6.2E-56  366.5   0.0  311   58-373    75-390 (614)
      56 UniRef100_A0A0K0PUI9 Orphan G- 100.0 6.5E-50 6.9E-56  372.7   0.0  304   61-377   102-409 (534)
      57 UniRef100_A0A6P4Y4T1 galanin r 100.0 8.2E-50 8.7E-56  355.3   0.0  290   65-377    63-353 (410)
      58 UniRef100_A0A077Z2H9 Putative  100.0 1.1E-49 1.2E-55  363.8   0.0  309   59-374    70-395 (477)
      59 UniRef100_A0A026WTK8 Tachykini 100.0 1.1E-49 1.2E-55  365.1   0.0  290   62-376    91-389 (556)
      60 UniRef100_A0A1S3HM77 pyrokinin 100.0 1.3E-49 1.4E-55  359.1   0.0  324   41-377    69-398 (573)
      61 UniRef100_A0A0K0PUL8 Allatosta 100.0 1.3E-49 1.4E-55  355.6   0.0  289   64-376    54-345 (396)
      62 UniRef100_A0A084VAB3 Pk-1 rece 100.0 1.5E-49 1.6E-55  358.7   0.0  311   51-371    92-411 (552)
      63 UniRef100_A0A060X1Q6 Somatosta 100.0 1.6E-49 1.7E-55  369.3   0.0  282   61-375   140-424 (604)
      64 UniRef100_A0A061INJ6 Pyrogluta 100.0 1.6E-49 1.7E-55  373.6   0.0  301   62-374   154-457 (594)
      65 tr|E2BGR8|E2BGR8_HARSA Neurope 100.0 2.5E-49 2.6E-55  349.0   0.0  332   37-378    16-351 (533)
      66 UniRef100_A0A4Z2HBY8 Neuromedi 100.0 2.6E-49 2.7E-55  357.9   0.0  292   41-377   181-476 (932)
      67 UniRef100_A0A164MD49 Putative  100.0   3E-49 3.2E-55  355.9   0.0  305   64-378    53-398 (498)
      68 tr|M3ZFE6|M3ZFE6_XIPMA Somatos 100.0 3.5E-49 3.6E-55  351.3   0.0  283   62-377   106-391 (525)
      69 UniRef100_A0A0K0PUH0 Orphan G- 100.0 3.5E-49 3.8E-55  370.5   0.0  309   58-370   134-468 (583)
      70 UniRef100_A0A1N7TCF1 Galanin r 100.0 4.5E-49 4.8E-55  351.2   0.0  286   64-378    75-363 (407)
      71 UniRef100_A0A154PKR3 Tachykini 100.0 4.8E-49 5.1E-55  356.9   0.0  288   62-375    78-374 (457)
      72 tr|U3U4G2|U3U4G2_NILLU Neurope 100.0 5.5E-49 5.8E-55  359.6   0.0  309   57-377    30-351 (496)
      73 tr|J9K383|J9K383_ACYPI Unchara 100.0 5.6E-49 5.8E-55  345.9   0.0  332   39-380    16-353 (502)
      74 UniRef100_A0A060W5Z4 G_PROTEIN 100.0   6E-49 6.4E-55  361.9   0.0  283   61-377   191-476 (593)
      75 UniRef100_A0A0J9RZK1 Uncharact 100.0 7.4E-49 7.7E-55  345.2   0.0  327   40-376    56-386 (530)
      76 UniRef100_A0A210QEM7 Neuropept 100.0 7.7E-49 8.2E-55  347.9   0.0  298   58-377    48-348 (416)
      77 tr|A0A0F8ARD3|A0A0F8ARD3_LARCR 100.0   9E-49 9.5E-55  345.0   0.0  282   61-375    54-338 (464)
      78 UniRef100_A0A402FHG8 G_PROTEIN 100.0 9.6E-49 9.9E-55  335.1   0.0  291    4-299   116-415 (453)
      79 UniRef100_A0A1D1W534 G_PROTEIN 100.0 1.1E-48 1.1E-54  364.2   0.0  308   60-377    78-435 (492)
      80 UniRef100_A0A0S1YDN7 Diapause  100.0 1.1E-48 1.1E-54  354.3   0.0  311   51-373    89-406 (569)
      81 tr|C3XSP5|C3XSP5_BRAFL Unchara 100.0 1.1E-48 1.2E-54  338.0   0.0  295   65-378    32-329 (403)
      82 UniRef100_A0A068FL22 Pheromone 100.0 1.8E-48 1.8E-54  345.7   0.0  313   53-373    75-390 (522)
      83 UniRef100_A0A2G8KL37 Cholecyst 100.0 1.8E-48 1.9E-54  349.0   0.0  309   63-381   101-436 (493)
      84 UniRef100_A0A1D2M4J2 Neuropept 100.0 1.8E-48 1.9E-54  352.9   0.0  297   59-374   125-422 (497)
      85 UniRef100_A0A2B4SDF9 Neuropept 100.0 1.8E-48   2E-54  350.2   0.0  286   64-375    93-379 (455)
      86 UniRef100_A0A2B4S7K2 Histamine 100.0 2.1E-48 2.3E-54  351.0   0.0  294   62-376    34-328 (369)
      87 UniRef100_A0A0K0PUX7 Orphan G- 100.0 2.3E-48 2.4E-54  356.5   0.0  287   63-376    65-355 (471)
      88 UniRef100_A0A060X690 G_PROTEIN 100.0 2.3E-48 2.5E-54  340.8   0.0  287   62-377    48-337 (386)
      89 UniRef100_A0A6J8CLU9 HCRTR2 n= 100.0 2.4E-48 2.5E-54  343.2   0.0  317   48-378    42-361 (422)
      90 UniRef100_A0A060VSP8 5-hydroxy 100.0 2.6E-48 2.8E-54  354.2   0.0  303   61-380    88-420 (479)
      91 UniRef100_A0A0P0YUU8 Cannabino 100.0   3E-48 3.1E-54  349.5   0.0  315   59-381    81-423 (496)
      92 tr|A0A1W4ZX05|A0A1W4ZX05_9TELE 100.0 3.1E-48 3.3E-54  350.0   0.0  311   59-376    68-386 (480)
      93 tr|A0A1L8G1N6|A0A1L8G1N6_XENLA 100.0 3.2E-48 3.4E-54  343.7   0.0  281   64-378   120-401 (448)
      94 UniRef100_A0A060VUW6 G_PROTEIN 100.0 3.2E-48 3.5E-54  369.0   0.0  299   61-377   118-441 (574)
      95 tr|A0A2C9JWF9|A0A2C9JWF9_BIOGL 100.0 3.9E-48 4.1E-54  349.9   0.0  296   65-377    70-367 (403)
      96 UniRef100_A0A369RW72 Octopamin 100.0 3.9E-48 4.2E-54  357.5   0.0  293   62-371    56-354 (412)
      97 UniRef100_A0A1S3J712 QRFP-like 100.0 4.2E-48 4.5E-54  355.2   0.0  288   64-373    71-369 (507)
      98 UniRef100_A0A026WW28 Neuropept 100.0 4.4E-48 4.7E-54  358.4   0.0  294   59-376    87-381 (552)
      99 UniRef100_A0A2R5LDD7 Putative  100.0 4.8E-48 5.1E-54  335.9   0.0  331   39-379    27-361 (419)
     100 UniRef100_A0A2B4RSM5 Neuropept 100.0 4.9E-48 5.2E-54  344.8   0.0  281   64-373    40-321 (417)
     101 UniRef100_A0A139WB32 Tachykini 100.0 4.9E-48 5.3E-54  344.1   0.0  292   62-378    45-345 (405)
     102 tr|A0A1I8M930|A0A1I8M930_MUSDO 100.0 5.1E-48 5.3E-54  370.3   0.0  297   63-373   191-576 (963)
     103 UniRef100_A0A1J1IM35 CLUMA_CG0 100.0 5.2E-48 5.4E-54  347.6   0.0  328   39-377   100-432 (643)
     104 tr|A0A210QAT3|A0A210QAT3_MIZYE 100.0 5.2E-48 5.4E-54  343.3   0.0  328   41-378    38-370 (512)
     105 tr|A0A182JGG2|A0A182JGG2_9DIPT 100.0 5.6E-48 5.9E-54  359.6   0.0  330   39-377    96-428 (746)
     106 tr|A0A0S1YD80|A0A0S1YD80_CHISP 100.0 5.7E-48   6E-54  345.5   0.0  324   36-377   139-466 (513)
     107 UniRef100_A0A2H8TNJ5 Neuropept 100.0 6.1E-48 6.4E-54  348.4   0.0  302   61-381   156-459 (528)
     108 UniRef100_A0A026WK40 Cholecyst 100.0 6.4E-48 6.8E-54  364.9   0.0  298   64-378   158-546 (656)
     109 UniRef100_A0A1D1VDY3 G_PROTEIN 100.0 6.7E-48 7.1E-54  351.8   0.0  298   63-377   136-448 (557)
     110 UniRef100_A0A091M113 GH-releas 100.0 7.2E-48 7.5E-54  337.4   0.0  299   59-377    79-380 (478)
     111 UniRef100_A0A026W2V1 Neuropept 100.0 7.5E-48 7.9E-54  354.5   0.0  325   46-377    87-416 (589)
     112 tr|A0A182MG56|A0A182MG56_9DIPT 100.0   8E-48 8.5E-54  360.1   0.0  320   45-376    81-407 (751)
     113 UniRef100_A0A0K0PUH3 Allatotro 100.0   1E-47 1.1E-53  339.3   0.0  325   39-375    46-373 (424)
     114 tr|A0A0C9QDT4|A0A0C9QDT4_9HYME 100.0   1E-47 1.1E-53  349.5   0.0  311   58-377    40-359 (582)
     115 UniRef100_A0A0P5DAK4 Orexin re 100.0 1.1E-47 1.1E-53  345.7   0.0  326   39-374    84-429 (505)
     116 UniRef100_A0A091EBV8 Type-1 an 100.0 1.1E-47 1.2E-53  362.5   0.0  290   47-373   335-628 (715)
     117 tr|A0A0N8EK17|A0A0N8EK17_9CRUS 100.0 1.2E-47 1.2E-53  348.1   0.0  313   58-378    51-371 (664)
     118 UniRef100_A0A087UNN0 Neuropept 100.0 1.4E-47 1.5E-53  343.1   0.0  291   62-371    95-387 (470)
     119 UniRef100_A0A060X5Z5 G_PROTEIN 100.0 1.5E-47 1.6E-53  353.6   0.0  294   65-375    88-384 (522)
     120 tr|A0A0P4XBU7|A0A0P4XBU7_9CRUS 100.0 1.6E-47 1.7E-53  353.8   0.0  300   59-377    59-417 (557)
     121 UniRef100_A0A087X575 NPY-Y2 re 100.0 1.7E-47 1.8E-53  340.6   0.0  296   61-375    74-371 (426)
     122 UniRef100_A0A0L8I310 G_PROTEIN 100.0   2E-47 2.1E-53  349.7   0.0  309   59-374    44-367 (468)
     123 UniRef100_A0A060VVF8 G_PROTEIN 100.0   2E-47 2.1E-53  354.7   0.0  289   61-377   140-435 (511)
     124 UniRef100_A0A0K0PUT9 Excitator 100.0 2.1E-47 2.2E-53  351.5   0.0  294   64-377   107-403 (474)
     125 tr|A0A0A1XIV8|A0A0A1XIV8_ZEUCU 100.0 2.2E-47 2.3E-53  353.1   0.0  309   48-377    67-380 (796)
     126 UniRef100_A0A077YWL6 Somatosta 100.0 2.1E-47 2.3E-53  352.3   0.0  291   63-378    68-363 (446)
     127 tr|A0A1I8PIJ9|A0A1I8PIJ9_STOCA 100.0 2.4E-47 2.5E-53  352.4   0.0  293   62-380   171-472 (680)
     128 UniRef100_A0A068WW83 Allatosta 100.0 2.5E-47 2.6E-53  350.9   0.0  276   65-369    71-347 (432)
     129 tr|A0A0N8JZL4|A0A0N8JZL4_9TELE 100.0 2.8E-47 2.9E-53  340.9   0.0  305   60-377   104-414 (482)
     130 UniRef100_A0A2B4SKI0 Tachykini 100.0 3.3E-47 3.6E-53  357.1   0.0  287   64-375    95-390 (469)
     131 UniRef100_A0A226DFM2 Neuropept 100.0 3.6E-47 3.8E-53  343.3   0.0  304   59-381   104-409 (523)
     132 tr|A0A1U7TSJ4|A0A1U7TSJ4_TARSY 100.0 4.7E-47 4.9E-53  340.7   0.0  305   58-376   210-519 (600)
     133 UniRef100_A0A0N0PF28 Orexin re 100.0 4.7E-47 4.9E-53  346.4   0.0  327   36-371   111-455 (588)
     134 tr|A0A1B0AGN9|A0A1B0AGN9_GLOPL 100.0 5.1E-47 5.3E-53  350.6   0.0  295   58-373   166-463 (845)
     135 UniRef100_A0A068YB14 Neuropept 100.0 5.5E-47 5.9E-53  348.4   0.0  294   61-373    55-350 (448)
     136 UniRef100_A0A087X9W8 G_PROTEIN 100.0 5.6E-47 5.9E-53  346.2   0.0  293   58-372   121-416 (547)
     137 tr|V8PD93|V8PD93_OPHHA Type-2  100.0 5.5E-47 5.9E-53  344.6   0.0  284   65-377    80-370 (412)
     138 UniRef100_A0A0K0PUH1 Orphan G- 100.0 5.9E-47 6.2E-53  330.1   0.0  299   59-377    51-350 (413)
     139 tr|A0A154NZ86|A0A154NZ86_9HYME 100.0 6.9E-47 7.2E-53  369.0   0.0  321   43-377    20-344 (1309)
     140 UniRef100_A0A0B4LHT6 RYamide r 100.0 8.2E-47 8.7E-53  345.4   0.0  293   62-374   116-410 (524)
     141 UniRef100_A0A182FSI7 G_PROTEIN 100.0 8.6E-47   9E-53  346.5   0.0  324   43-377   108-436 (716)
     142 UniRef100_A0A091DWF1 Somatosta 100.0 8.6E-47   9E-53  337.0   0.0  281   63-376   158-441 (523)
     143 UniRef100_A0A016UC02 G_PROTEIN 100.0 8.7E-47 9.1E-53  340.1   0.0  302   58-374   124-446 (523)
     144 tr|S9YJE2|S9YJE2_CAMFR Somatos 100.0   9E-47 9.4E-53  329.4   0.0  287   61-377   113-402 (438)
     145 UniRef100_A0A023F668 Putative  100.0 9.3E-47 9.8E-53  336.2   0.0  294   59-376    84-378 (484)
     146 UniRef100_A0A087XDT1 Somatosta 100.0 9.5E-47 9.9E-53  344.0   0.0  281   64-377   172-455 (676)
     147 UniRef100_A0A0K0PUV0 FVRIamide 100.0   1E-46 1.1E-52  342.2   0.0  294   62-371    54-374 (458)
     148 UniRef100_A0A034WDF0 Allatosta 100.0 1.1E-46 1.1E-52  343.1   0.0  289   64-377    99-387 (459)
     149 tr|A0A2B4SUH3|A0A2B4SUH3_STYPI 100.0 1.3E-46 1.4E-52  335.3   0.0  300   64-378    29-334 (385)
     150 UniRef100_A0A2B4RGU4 5-hydroxy 100.0 1.7E-46 1.9E-52  351.7   0.0  303   59-375    64-370 (478)
     151 UniRef100_A0A087RJN6 Somatosta 100.0 1.8E-46 1.9E-52  343.8   0.0  283   61-376    61-344 (391)
     152 tr|L7LZ94|L7LZ94_9ACAR Putativ 100.0 1.9E-46   2E-52  328.7   0.0  288   63-377   105-394 (438)
     153 ERR1719500_2347268             100.0 2.3E-46 2.4E-52  331.5   0.0  319   45-373    21-349 (456)
     154 tr|A0A1L8G5A8|A0A1L8G5A8_XENLA 100.0 2.3E-46 2.4E-52  330.9   0.0  315   60-378    37-391 (431)
     155 UniRef100_A0A016SJ65 Thyrolibe 100.0 2.7E-46 2.9E-52  343.1   0.0  305   62-375    85-396 (479)
     156 UniRef100_A0A2B4SKX3 Cholecyst 100.0 2.7E-46 2.9E-52  333.2   0.0  297   64-377    75-414 (428)
     157 tr|A0A1U7TJB8|A0A1U7TJB8_TARSY 100.0   3E-46 3.1E-52  331.5   0.0  296   63-377   265-563 (585)
     158 UniRef100_A0A2G8L6L1 Putative  100.0 3.5E-46 3.8E-52  330.4   0.0  285   61-376    36-325 (407)
     159 UniRef100_A0A087T336 Somatosta 100.0 3.6E-46 3.8E-52  333.0   0.0  286   62-376    79-368 (454)
     160 UniRef100_A0A0E3EKU4 Allatotro 100.0 3.9E-46 4.1E-52  331.6   0.0  325   36-377   106-433 (562)
     161 UniRef100_A0A2B4S0J6 Somatosta 100.0 4.3E-46 4.6E-52  348.8   0.0  286   61-372    84-376 (457)
     162 tr|A0A182G4E1|A0A182G4E1_AEDAL 100.0 4.4E-46 4.7E-52  339.2   0.0  298   61-377    68-372 (534)
     163 tr|A0A146TL67|A0A146TL67_FUNHE 100.0 4.6E-46   5E-52  349.7   0.0  295   62-377    28-406 (442)
     164 UniRef100_A0A0L8GIM4 G_PROTEIN 100.0   5E-46 5.4E-52  346.5   0.0  295   61-372    97-392 (481)
     165 UniRef100_A0A061A7W5 G_PROTEIN 100.0 5.1E-46 5.4E-52  340.0   0.0  295   62-377    63-360 (473)
     166 UniRef100_A0A670I9A3 G_PROTEIN 100.0 5.5E-46 5.7E-52  312.3   0.0  243   22-264    10-253 (431)
     167 tr|E0D358|E0D358_HEMPU Dopamin 100.0 5.6E-46 5.9E-52  330.1   0.0  297   65-377    29-330 (435)
     168 tr|A0A1V4J9T1|A0A1V4J9T1_PATFA 100.0 5.7E-46   6E-52  322.4   0.0  288   61-377    69-357 (461)
     169 UniRef100_A0A1S3H6K0 neuropept 100.0 6.7E-46 7.1E-52  343.7   0.0  291   60-370    56-351 (470)
     170 UniRef100_A0A096NAQ2 Cholecyst 100.0 7.3E-46 7.7E-52  339.4   0.0  305   64-374   154-500 (617)
     171 UniRef100_A0A0R3P3H8 Uncharact 100.0 7.5E-46 7.8E-52  319.4   0.0  302   64-376     9-311 (426)
     172 tr|G3S2I3|G3S2I3_GORGO Opioid  100.0 8.3E-46 8.7E-52  327.9   0.0  284   60-374   162-448 (492)
     173 UniRef100_UPI0003F07467 orexin 100.0 8.4E-46 8.9E-52  336.2   0.0  308   59-372    76-412 (535)
     174 UniRef100_A0A026WIP6 Cholecyst 100.0 8.5E-46   9E-52  348.8   0.0  315   59-379   169-533 (636)
     175 UniRef100_A0A0K0PUK6 Orphan G- 100.0 9.8E-46   1E-51  326.0   0.0  294   64-377    70-375 (448)
     176 UniRef100_A0A2B4SC76 Substance 100.0 1.1E-45 1.1E-51  340.6   0.0  289   61-374    55-351 (461)
     177 UniRef100_A0A060W9T7 G_PROTEIN 100.0 1.1E-45 1.1E-51  332.0   0.0  287   61-376   186-473 (616)
     178 tr|A0A1D1VAA2|A0A1D1VAA2_RAMVA 100.0 1.2E-45 1.3E-51  328.9   0.0  361   35-397    47-429 (593)
     179 tr|A0A232F0R3|A0A232F0R3_9HYME 100.0 1.2E-45 1.3E-51  324.2   0.0  291   62-377   105-425 (458)
     180 tr|E9IKY0|E9IKY0_SOLIN Unchara 100.0 1.2E-45 1.3E-51  330.0   0.0  319   41-373    19-341 (469)
     181 tr|A0A1D1UXI1|A0A1D1UXI1_RAMVA 100.0 1.4E-45 1.5E-51  329.5   0.0  291   64-377    85-377 (499)
     182 tr|A0A146YGA5|A0A146YGA5_FUNHE 100.0 1.4E-45 1.5E-51  343.3   0.0  301   65-381    35-346 (521)
     183 tr|A0A1V4JMN9|A0A1V4JMN9_PATFA 100.0 1.4E-45 1.5E-51  328.6   0.0  318   49-372    83-418 (537)
     184 UniRef100_A0A0K0PUG3 Thyrolibe 100.0 1.4E-45 1.5E-51  338.9   0.0  304   63-376   217-522 (606)
     185 UniRef100_A0A026WK16 Tachykini 100.0 1.5E-45 1.6E-51  338.8   0.0  290   62-376   184-482 (641)
     186 tr|C3XVS5|C3XVS5_BRAFL Unchara 100.0 1.5E-45 1.6E-51  323.9   0.0  294   64-377    71-365 (425)
     187 UniRef100_A0A068WVN8 Biogenic  100.0 1.6E-45 1.8E-51  346.3   0.0  303   61-378   121-510 (641)
     188 UniRef100_A0A151N382 Galanin r 100.0   2E-45 2.1E-51  313.0   0.0  285   65-378    35-319 (392)
     189 UniRef100_A0A2G8JR46 Putative  100.0 2.2E-45 2.3E-51  336.7   0.0  287   65-375    67-356 (411)
     190 UniRef100_A0A0L8H201 G_PROTEIN 100.0 2.4E-45 2.5E-51  323.2   0.0  303   60-381    85-388 (461)
     191 tr|A0A0K0PUE3|A0A0K0PUE3_PLADU 100.0 2.6E-45 2.7E-51  321.5   0.0  326   46-375    39-369 (478)
     192 UniRef100_A0A0A7AME6 GH-releas 100.0 2.6E-45 2.7E-51  316.5   0.0  296   62-377    60-359 (438)
     193 UniRef100_A0A2B4RPR9 Allatosta 100.0 2.7E-45 2.9E-51  336.3   0.0  287   61-373    48-342 (446)
     194 UniRef100_A0A060VP48 G_PROTEIN 100.0 3.6E-45 3.8E-51  346.6   0.0  291   63-374   157-449 (580)
     195 UniRef100_A0A087T1X2 Neuromedi 100.0 3.7E-45 3.9E-51  328.3   0.0  324   45-377    68-397 (445)
     196 UniRef100_A0A6P9B2T6 neuromedi 100.0 3.9E-45   4E-51  295.1   0.0  267  153-425     1-275 (277)
     197 UniRef100_A0A7M7HFU8 G_PROTEIN 100.0 3.8E-45 4.1E-51  335.6   0.0  295   61-375    65-364 (423)
     198 UniRef100_A0A3M6TPP0 G_PROTEIN 100.0   4E-45 4.2E-51  332.4   0.0  301   60-375    50-354 (424)
     199 tr|A0A2B4SID7|A0A2B4SID7_STYPI 100.0 4.2E-45 4.5E-51  334.4   0.0  290   61-376    32-328 (422)
     200 UniRef100_A0A3M6T6P4 G_PROTEIN 100.0 4.3E-45 4.6E-51  331.6   0.0  282   65-374    60-353 (465)
     201 tr|W4Z2N2|W4Z2N2_STRPU Unchara 100.0 4.4E-45 4.6E-51  316.1   0.0  293   64-377    60-354 (406)
     202 UniRef100_A0A2B4RHY9 Pyrogluta 100.0 4.5E-45 4.8E-51  341.9   0.0  288   61-377    82-373 (455)
     203 UniRef100_A0A182FBP5 G_PROTEIN 100.0 4.6E-45 4.8E-51  332.6   0.0  300   58-375    77-379 (620)
     204 UniRef100_A0A060X360 G_PROTEIN 100.0 4.7E-45 4.9E-51  327.0   0.0  285   64-377   103-390 (477)
     205 UniRef100_A0A2B4R9G2 Melatonin 100.0 4.7E-45 5.1E-51  342.3   0.0  291   56-375    76-366 (461)
     206 tr|A0A1W2W3E6|A0A1W2W3E6_CIOIN 100.0   5E-45 5.2E-51  324.0   0.0  288   63-377    60-353 (487)
     207 UniRef100_A0A0L7KZ56 Neuropept 100.0 5.8E-45 6.1E-51  329.8   0.0  293   58-373    84-383 (509)
     208 UniRef100_A0A210QT45 G-protein 100.0 6.1E-45 6.4E-51  323.8   0.0  294   65-375    63-357 (472)
     209 UniRef100_A0A026VW91 Neuropept 100.0 6.6E-45 6.9E-51  321.9   0.0  299   61-381   189-492 (582)
     210 tr|A7SD89|A7SD89_NEMVE Predict 100.0 6.9E-45 7.2E-51  309.7   0.0  289   65-377    42-332 (355)
     211 UniRef100_A0A1V9XU68 Tyramine/ 100.0 6.9E-45 7.4E-51  326.2   0.0  296   64-377    56-355 (408)
     212 tr|A0A2C9GPU2|A0A2C9GPU2_ANOAR 100.0 7.5E-45 7.9E-51  341.1   0.0  327   36-372   297-633 (818)
     213 UniRef100_A0A7M7HKI1 G_PROTEIN 100.0 7.5E-45   8E-51  328.4   0.0  289   64-377    43-337 (418)
     214 UniRef100_A0A1S3IX78 RYamide r 100.0   8E-45 8.4E-51  323.3   0.0  287   63-372    56-345 (444)
     215 tr|A0A1A8LLP2|A0A1A8LLP2_9TELE 100.0 8.3E-45 8.7E-51  321.1   0.0  317   61-393    94-414 (455)
     216 tr|A0A091DWF1|A0A091DWF1_FUKDA 100.0 8.4E-45 8.8E-51  317.0   0.0  282   63-377   159-443 (483)
     217 tr|A0A2B4RXD1|A0A2B4RXD1_STYPI 100.0 8.7E-45 9.2E-51  320.1   0.0  286   63-377    96-382 (416)
     218 UniRef100_A0A087U880 Neuropept 100.0 9.8E-45   1E-50  322.7   0.0  290   61-372    69-360 (401)
     219 tr|A0A1S3HM77|A0A1S3HM77_LINUN 100.0   1E-44   1E-50  321.3   0.0  330   45-374    73-409 (550)
     220 UniRef100_A0A044T5H8 G_PROTEIN 100.0   1E-44 1.1E-50  336.9   0.0  302   62-378   247-571 (693)
     221 tr|B4KA85|B4KA85_DROMO Unchara 100.0 1.2E-44 1.2E-50  330.0   0.0  296   59-375   119-420 (681)
     222 UniRef100_A0A2B4SVC4 Dopamine  100.0 1.2E-44 1.2E-50  322.7   0.0  270   65-374    60-329 (397)
     223 UniRef100_A0A023F664 Putative  100.0 1.2E-44 1.2E-50  323.5   0.0  295   65-377    85-382 (471)
     224 UniRef100_A0A2B4RHL7 Galanin r 100.0 1.2E-44 1.2E-50  315.5   0.0  275   65-377    37-312 (406)
     225 UniRef100_A0A1S3F7I6 neuropept 100.0 1.2E-44 1.3E-50  335.0   0.0  338   15-373   213-555 (712)
     226 tr|A0A151NBW9|A0A151NBW9_ALLMI 100.0 1.3E-44 1.4E-50  323.8   0.0  307   60-377    80-393 (472)
     227 UniRef100_A0A0L8HHE2 G_PROTEIN 100.0 1.5E-44 1.6E-50  322.4   0.0  291   65-378     5-302 (385)
     228 UniRef100_A0A060WEJ5 G_PROTEIN 100.0 1.6E-44 1.7E-50  333.9   0.0  296   64-376   117-457 (544)
     229 tr|C3XVU5|C3XVU5_BRAFL Unchara 100.0 1.6E-44 1.7E-50  317.5   0.0  295   59-374    60-355 (439)
     230 UniRef100_T1JJP1 G_PROTEIN_REC 100.0 1.8E-44 1.9E-50  309.6   0.0  318   41-375    35-359 (450)
     231 tr|A0A1B0CG71|A0A1B0CG71_LUTLO 100.0 1.8E-44 1.9E-50  326.6   0.0  313   52-377    96-414 (687)
     232 UniRef100_A0A3M6U5X4 G_PROTEIN 100.0 1.8E-44 1.9E-50  312.3   0.0  277   64-374    42-319 (339)
     233 tr|A0A146U732|A0A146U732_FUNHE 100.0 1.9E-44   2E-50  348.0   0.0  305   65-376   196-548 (590)
     234 UniRef100_A0A084WIC4 Short neu 100.0 2.4E-44 2.5E-50  326.9   0.0  296   60-377    92-388 (551)
     235 UniRef100_A0A0S1YDA0 Neuropept 100.0 2.6E-44 2.7E-50  328.4   0.0  291   61-377    95-394 (509)
     236 tr|A0A210R0K7|A0A210R0K7_MIZYE 100.0 2.9E-44   3E-50  317.7   0.0  303   62-374    75-424 (470)
     237 UniRef100_A0A060X1U9 G_PROTEIN 100.0 2.9E-44   3E-50  330.1   0.0  299   60-376   138-458 (633)
     238 UniRef100_A0A067RHU8 Neuropept 100.0   3E-44 3.1E-50  327.8   0.0  308   59-375   122-435 (694)
     239 UniRef100_A0A1D1W8Y5 Thyrolibe 100.0   3E-44 3.2E-50  326.0   0.0  306   61-375    93-417 (533)
     240 tr|A0A218UB83|A0A218UB83_9PASE 100.0   3E-44 3.2E-50  328.9   0.0  303   61-381   194-518 (631)
     241 tr|A0A146NR64|A0A146NR64_FUNHE 100.0 3.2E-44 3.4E-50  316.7   0.0  289   61-376   120-421 (449)
     242 UniRef100_A0A6J8CDP5 NMUR1 n=1 100.0 3.4E-44 3.5E-50  313.7   0.0  324   41-377    48-377 (476)
     243 UniRef100_A0A1L8GQY3 Alpha-1B  100.0 3.6E-44 3.7E-50  323.0   0.0  297   65-379    51-372 (510)
     244 UniRef100_A0A1S3KA35 Alpha-1B  100.0 3.6E-44 3.8E-50  330.1   0.0  301   62-379    91-423 (551)
     245 UniRef100_A0A060WWU7 G_PROTEIN 100.0 3.6E-44 3.8E-50  323.4   0.0  305   61-377    69-384 (545)
     246 UniRef100_A0A087R2J6 Neuropept 100.0 3.7E-44 3.8E-50  329.7   0.0  300   62-375   214-519 (638)
     247 UniRef100_A0A060VV87 Kappa-typ 100.0 3.7E-44 3.9E-50  323.8   0.0  282   63-375   193-477 (586)
     248 tr|R4J1H6|R4J1H6_SALSA Cholecy 100.0 4.2E-44 4.4E-50  314.4   0.0  307   65-377    51-408 (461)
     249 UniRef100_A0A060XP11 G_PROTEIN 100.0 4.2E-44 4.4E-50  327.1   0.0  293   64-375    94-392 (497)
     250 UniRef100_A0A3M6UME8 G_PROTEIN 100.0 4.4E-44 4.7E-50  318.7   0.0  277   63-370    42-319 (383)
     251 UniRef100_A0A0P5DS31 Neuropept 100.0 4.6E-44 4.8E-50  312.7   0.0  303   58-381    83-390 (482)
     252 UniRef100_A0A061IN14 NK-3 rece 100.0 5.4E-44 5.7E-50  331.8   0.0  286   61-376   234-524 (662)
     253 UniRef100_A0A2B4RFH8 Neuropept 100.0 5.3E-44 5.8E-50  334.1   0.0  292   63-376    67-367 (439)
     254 tr|W4YJK4|W4YJK4_STRPU Unchara 100.0 5.5E-44 5.9E-50  322.2   0.0  298   61-377    70-371 (446)
     255 UniRef100_A0A060YTK2 Uncharact 100.0 5.6E-44 5.9E-50  313.1   0.0  291   59-376    83-379 (447)
     256 UniRef100_A0A193KU97 GCR058 n= 100.0 5.6E-44 5.9E-50  311.1   0.0  303   62-377    27-333 (379)
     257 UniRef100_A0A060X0R7 Uncharact 100.0 5.8E-44 6.1E-50  306.3   0.0  282   63-377    60-344 (383)
     258 UniRef100_A0A087UP46 5-hydroxy 100.0 5.8E-44 6.1E-50  319.8   0.0  297   64-377    49-402 (472)
     259 UniRef100_A0A0N0PEL7 Tachykini 100.0 5.8E-44 6.1E-50  318.7   0.0  290   63-377    58-356 (454)
     260 UniRef100_A0A084WFJ7 AGAP00011 100.0 5.8E-44 6.1E-50  325.7   0.0  287   60-370    87-375 (519)
     261 UniRef100_A0A067QYB7 Neuropept 100.0 6.3E-44 6.5E-50  315.1   0.0  317   41-378    20-345 (524)
     262 tr|A0A2H1W6Q0|A0A2H1W6Q0_SPOFR 100.0 6.3E-44 6.7E-50  320.4   0.0  296   60-378    70-366 (466)
     263 tr|A0A151ITZ3|A0A151ITZ3_9HYME 100.0 6.6E-44 6.9E-50  319.7   0.0  331   38-376    44-420 (481)
     264 tr|A0A0P6IZB8|A0A0P6IZB8_9CRUS 100.0 6.7E-44   7E-50  321.6   0.0  291   63-377   205-496 (559)
     265 UniRef100_A0A060W247 Cholecyst 100.0 6.7E-44 7.1E-50  326.6   0.0  305   64-375   131-476 (563)
     266 tr|T1KPP2|T1KPP2_TETUR Unchara 100.0 6.9E-44 7.2E-50  320.0   0.0  286   62-377   153-438 (477)
     267 tr|A0A0P7TYE1|A0A0P7TYE1_9TELE 100.0   7E-44 7.4E-50  319.1   0.0  305   64-375   127-473 (507)
     268 UniRef100_A0A068WKU9 Neuropept 100.0   7E-44 7.4E-50  320.2   0.0  291   61-373    73-365 (451)
     269 tr|A0A1W4X1F3|A0A1W4X1F3_AGRPL 100.0 7.2E-44 7.6E-50  318.4   0.0  303   60-381   133-437 (485)
     270 UniRef100_A0A1D1V5S1 G_PROTEIN 100.0   8E-44 8.4E-50  318.5   0.0  301   62-378    58-362 (484)
     271 UniRef100_A0A1V4KIE8 Beta-1 ad 100.0 8.3E-44 9.1E-50  342.7   0.0  296   68-377    37-351 (512)
     272 UniRef100_A0A2B4SE17 Substance 100.0 8.5E-44 9.2E-50  332.4   0.0  290   63-376    67-366 (467)
     273 UniRef100_A0A2H8TIR2 Neuropept 100.0 9.2E-44 9.5E-50  316.8   0.0  311   51-372    30-361 (572)
     274 tr|A0A182W0C5|A0A182W0C5_9DIPT 100.0 9.3E-44 9.7E-50  322.0   0.0  296   59-372    84-418 (658)
     275 tr|W5MC67|W5MC67_LEPOC Pyroglu 100.0 9.5E-44 9.9E-50  311.3   0.0  302   62-378    55-362 (441)
     276 UniRef100_A0A034VP96 Neuromedi 100.0 9.5E-44 9.9E-50  319.2   0.0  316   52-377    96-495 (555)
     277 UniRef100_A0A068PBK8 GH-releas 100.0 9.6E-44   1E-49  311.5   0.0  296   61-377   148-448 (496)
     278 tr|A0A1D2MSE1|A0A1D2MSE1_ORCCI 100.0 9.7E-44   1E-49  331.4   0.0  299   59-377   109-408 (615)
     279 UniRef100_A0A084VLD5 AGAP00422 100.0 9.8E-44   1E-49  325.7   0.0  297   62-377   245-597 (695)
     280 UniRef100_A0A2B4S7A4 Alpha-1A  100.0 9.9E-44 1.1E-49  317.2   0.0  266   65-376    44-310 (392)
     281 tr|A0A1D2NMB6|A0A1D2NMB6_ORCCI 100.0   1E-43 1.1E-49  320.3   0.0  292   61-377   152-452 (520)
     282 UniRef100_A0A087YQK7 Adrenocep 100.0 1.1E-43 1.2E-49  324.6   0.0  304   64-379   133-455 (617)
     283 UniRef100_A0A3M6UAU0 G_PROTEIN 100.0 1.1E-43 1.2E-49  324.3   0.0  294   65-381    40-335 (552)
     284 UniRef100_A0A023FH63 Putative  100.0 1.1E-43 1.2E-49  327.1   0.0  301   63-375   128-440 (563)
     285 UniRef100_A0A2B4SVS8 Neuropept 100.0 1.1E-43 1.2E-49  328.1   0.0  291   59-376    87-383 (480)
     286 tr|W8C2A8|W8C2A8_CERCA Neurope 100.0 1.1E-43 1.2E-49  332.5   0.0  305   60-381   264-570 (827)
     287 UniRef100_A0A2U9PFV7 Neuropept 100.0 1.2E-43 1.2E-49  318.7   0.0  320   52-376    50-375 (597)
     288 tr|A0A0P6C571|A0A0P6C571_9CRUS 100.0 1.3E-43 1.3E-49  315.8   0.0  306   60-375    55-445 (558)
     289 UniRef100_A0A060YY06 G_PROTEIN 100.0 1.3E-43 1.4E-49  319.8   0.0  298   60-373   103-406 (490)
     290 UniRef100_A0A087YCA9 Neurotens 100.0 1.4E-43 1.4E-49  319.1   0.0  305   61-372   126-439 (566)
     291 UniRef100_A0A026WCQ7 Tyramine  100.0 1.3E-43 1.4E-49  338.5   0.0  297   64-380   187-592 (665)
     292 UniRef100_A0A2B4SQU8 Orexin re 100.0 1.4E-43 1.5E-49  306.8   0.0  304   61-381    37-352 (370)
     293 tr|B4JN40|B4JN40_DROGR GH24210 100.0 1.5E-43 1.6E-49  314.3   0.0  286   64-374   120-407 (436)
     294 tr|A0A0P7U0M1|A0A0P7U0M1_9TELE 100.0 1.5E-43 1.6E-49  309.0   0.0  299   64-377   105-413 (440)
     295 UniRef100_A0A0K0PUK8 FMRFamide 100.0 1.5E-43 1.6E-49  328.9   0.0  286   61-372    59-350 (471)
     296 UniRef100_A0A401NJB3 G_PROTEIN 100.0 1.5E-43 1.6E-49  318.9   0.0  302   63-378    44-362 (517)
     297 UniRef100_A0A1L8HHP3 G_PROTEIN 100.0 1.6E-43 1.7E-49  309.0   0.0  286   62-375    47-339 (370)
     298 UniRef100_A0A0N1IB59 Orexin re 100.0 1.7E-43 1.8E-49  315.7   0.0  327   37-372   104-448 (546)
     299 tr|A0A2B4RSD1|A0A2B4RSD1_STYPI 100.0 1.7E-43 1.8E-49  326.6   0.0  302   61-379    51-385 (430)
     300 UniRef100_UPI000B911B64 melato 100.0 1.7E-43 1.8E-49  320.5   0.0  298   61-375    29-344 (381)
     301 UniRef100_A0A1I8HKX2 G_PROTEIN 100.0 1.7E-43 1.8E-49  319.0   0.0  298   61-377    41-413 (442)
     302 tr|A0A2B4SAJ4|A0A2B4SAJ4_STYPI 100.0 1.7E-43 1.8E-49  318.0   0.0  286   61-371    29-329 (434)
     303 UniRef100_A0A060XC03 Beta-2 ad 100.0 1.8E-43 1.9E-49  319.1   0.0  304   61-377   103-415 (548)
     304 UniRef100_A0A132AJH3 7 transme 100.0 1.9E-43   2E-49  320.8   0.0  305   64-373    72-384 (447)
     305 UniRef100_A0A336LUR7 CSON00145 100.0 1.9E-43   2E-49  319.8   0.0  304   59-381    86-391 (670)
     306 UniRef100_A0A1S3HIF3 pyrokinin 100.0   2E-43   2E-49  302.0   0.0  331   38-373    23-362 (496)
     307 tr|A0A147A4W2|A0A147A4W2_FUNHE 100.0 1.9E-43   2E-49  317.5   0.0  307   64-377    98-445 (502)
     308 UniRef100_A0A0P7VCC4 Motilin r 100.0   2E-43 2.1E-49  308.4   0.0  297   58-375   121-420 (495)
     309 UniRef100_A0A060VZ71 G_PROTEIN 100.0 2.2E-43 2.3E-49  328.2   0.0  303   59-374   227-534 (650)
     310 UniRef100_A0A2B4SJE7 Orexin re 100.0 2.3E-43 2.4E-49  323.0   0.0  290   60-375   134-431 (517)
     311 UniRef100_A0A0L8I0T4 G_PROTEIN 100.0 2.4E-43 2.5E-49  321.7   0.0  301   63-376   136-497 (554)
     312 tr|B4KC34|B4KC34_DROMO Unchara 100.0 2.5E-43 2.6E-49  327.4   0.0  288   62-373   194-490 (670)
     313 tr|A0A2B4SNZ1|A0A2B4SNZ1_STYPI 100.0 2.4E-43 2.6E-49  318.3   0.0  285   61-376    32-320 (351)
     314 tr|A0A1L8DJT5|A0A1L8DJT5_9DIPT 100.0 2.5E-43 2.6E-49  312.3   0.0  327   40-377   105-436 (586)
     315 tr|K1PEH3|K1PEH3_CRAGI Neurope 100.0 2.6E-43 2.7E-49  308.9   0.0  297   64-380    51-362 (411)
     316 tr|A0A2B4SKI0|A0A2B4SKI0_STYPI 100.0 2.5E-43 2.7E-49  320.8   0.0  277   63-370   100-393 (458)
     317 UniRef100_A0A1J1HQR4 CLUMA_CG0 100.0 2.6E-43 2.7E-49  316.3   0.0  299   54-373    75-376 (584)
     318 tr|A0A232F8D2|A0A232F8D2_9HYME 100.0 2.6E-43 2.7E-49  314.4   0.0  297   61-377    72-372 (478)
     319 UniRef100_A0A0N7ZAP9 G_PROTEIN 100.0 2.6E-43 2.8E-49  317.6   0.0  291   61-378    77-369 (421)
     320 UniRef100_A0A0A1XIV8 Neuromedi 100.0 2.6E-43 2.8E-49  326.9   0.0  296   59-375   164-462 (823)
     321 UniRef100_A0A3M6TAE6 G_PROTEIN 100.0 2.6E-43 2.8E-49  317.7   0.0  276   59-375    90-368 (443)
     322 UniRef100_A0A0J7KX73 Neuromedi 100.0 2.7E-43 2.8E-49  305.1   0.0  298   58-372    60-357 (383)
     323 UniRef100_A0A678XEL8 Trace ami 100.0 2.7E-43 2.8E-49  321.1   0.0  299   66-378    61-359 (523)
     324 UniRef100_A0A023F452 Putative  100.0 2.7E-43 2.9E-49  327.2   0.0  304   61-378   140-541 (660)
     325 UniRef100_A0A060X0P4 G_PROTEIN 100.0 2.7E-43 2.9E-49  324.7   0.0  283   61-370   139-426 (513)
     326 UniRef100_A0A210QSD7 Octopamin 100.0 2.8E-43 2.9E-49  320.4   0.0  301   60-378    57-419 (423)
     327 UniRef100_A0A087REY1 NPY-Y2 re 100.0 2.9E-43   3E-49  320.9   0.0  292   59-376   185-479 (599)
     328 UniRef100_A0A1J1I7G5 CLUMA_CG0 100.0 2.9E-43   3E-49  316.2   0.0  290   62-375    78-373 (500)
     329 UniRef100_A0A091L2D9 Orexin re 100.0 2.9E-43 3.1E-49  305.0   0.0  320   50-376     4-342 (386)
     330 UniRef100_A0A6P8IFK2 neuromedi 100.0   3E-43 3.1E-49  308.6   0.0  290   62-377    27-323 (363)
     331 tr|A0A1S3IXU4|A0A1S3IXU4_LINUN 100.0 3.2E-43 3.3E-49  310.6   0.0  285   63-375    60-345 (440)
     332 tr|A0A0V1MVC7|A0A0V1MVC7_9BILA 100.0 3.2E-43 3.3E-49  322.5   0.0  287   64-377    84-380 (598)
     333 tr|A0A0L8FIS6|A0A0L8FIS6_OCTBM 100.0 3.3E-43 3.4E-49  315.0   0.0  298   65-377    95-422 (485)
     334 ERR1719361_2001115             100.0 3.3E-43 3.5E-49  314.3   0.0  285   65-376    29-325 (415)
     335 UniRef100_A0A023F3V9 Putative  100.0 3.4E-43 3.6E-49  320.0   0.0  285   61-373   133-421 (574)
     336 tr|T1HL69|T1HL69_RHOPR Unchara 100.0 3.5E-43 3.6E-49  316.4   0.0  311   53-376    51-369 (611)
     337 UniRef100_A0A7M7SYV2 G_PROTEIN 100.0 3.4E-43 3.6E-49  323.4   0.0  290   66-374    73-397 (630)
     338 UniRef100_A0A067R841 G_PROTEIN 100.0 3.4E-43 3.7E-49  323.3   0.0  296   65-375   111-409 (526)
     339 UniRef100_F6ZHC8 Uncharacteriz 100.0 3.5E-43 3.7E-49  317.2   0.0  308   62-375    89-464 (520)
     340 tr|A0A0P5PA10|A0A0P5PA10_9CRUS 100.0 3.6E-43 3.7E-49  321.5   0.0  284   64-372   150-442 (705)
     341 tr|A0A218UWX7|A0A218UWX7_9PASE 100.0 3.6E-43 3.8E-49  314.9   0.0  292   63-376    43-341 (474)
     342 UniRef100_A0A3M6T8F5 G_PROTEIN 100.0 3.6E-43 3.8E-49  332.7   0.0  301   54-376    95-396 (523)
     343 UniRef100_A0A6S7JE64 Neuropept 100.0 3.8E-43   4E-49  313.3   0.0  314   64-412    38-358 (412)
     344 UniRef100_A0A6P4Z684 G-protein 100.0 3.9E-43 4.1E-49  309.3   0.0  292   65-377    56-348 (425)
     345 tr|A0A139WLV7|A0A139WLV7_TRICA 100.0   4E-43 4.2E-49  325.7   0.0  299   60-375   398-697 (792)
     346 UniRef100_A0A016T103 G_PROTEIN 100.0 4.4E-43 4.6E-49  328.4   0.0  291   68-377   118-477 (605)
     347 tr|A0A1S3F7I6|A0A1S3F7I6_DIPOR 100.0 4.5E-43 4.7E-49  310.5   0.0  296   57-375   163-464 (543)
     348 UniRef100_A0A1S3J8T4 5-hydroxy 100.0 4.5E-43 4.8E-49  319.1   0.0  289   64-374   104-395 (468)
     349 tr|A0A0P6B7K0|A0A0P6B7K0_9CRUS 100.0 4.5E-43 4.8E-49  323.1   0.0  332   38-378    89-490 (579)
     350 tr|L9JDH9|L9JDH9_TUPCH Orexin  100.0 4.8E-43   5E-49  315.7   0.0  325   47-377   208-575 (621)
     351 UniRef100_A0A067RBR9 Thyrotrop 100.0 4.8E-43 5.1E-49  312.6   0.0  288   65-371    62-353 (452)
     352 UniRef100_A0A023F665 Putative  100.0 4.9E-43 5.2E-49  322.6   0.0  293   65-374   148-448 (573)
     353 UniRef100_A0A060WMC3 Alpha-1D  100.0 5.1E-43 5.3E-49  316.4   0.0  298   62-378   112-435 (564)
     354 tr|A0A218VDE9|A0A218VDE9_9PASE 100.0 5.2E-43 5.4E-49  309.8   0.0  282   61-377    24-309 (556)
     355 UniRef100_A0A1Y1JX37 G_PROTEIN 100.0 5.3E-43 5.5E-49  317.3   0.0  324   52-377   106-464 (654)
     356 UniRef100_A0A4S2KBY6 Uncharact 100.0 5.3E-43 5.5E-49  329.8   0.0  331   38-377   139-473 (1096)
     357 tr|A0A210QNG6|A0A210QNG6_MIZYE 100.0 5.3E-43 5.6E-49  315.1   0.0  301   61-378    40-342 (498)
     358 tr|A0A1L8F7V6|A0A1L8F7V6_XENLA 100.0 5.8E-43   6E-49  296.4   0.0  300   59-377    29-330 (377)
     359 UniRef100_A0A067R4E0 Tachykini 100.0 5.8E-43 6.1E-49  310.3   0.0  295   59-374    48-343 (396)
     360 tr|K7GCC3|K7GCC3_PELSI Adrenoc 100.0 5.9E-43 6.2E-49  309.8   0.0  301   64-378    45-366 (488)
     361 UniRef100_A0A068AZY5 Octopamin 100.0 5.7E-43 6.2E-49  343.7   0.0  187   61-259   174-360 (723)
     362 UniRef100_A0A087XFV2 5-hydroxy 100.0 6.6E-43   7E-49  314.7   0.0  304   62-378    85-399 (493)
     363 tr|A0A1S3FYW5|A0A1S3FYW5_DIPOR 100.0 6.8E-43 7.1E-49  299.2   0.0  286   64-378    73-361 (385)
     364 tr|B2ZFY2|B2ZFY2_DERVA Pyrokin 100.0   7E-43 7.2E-49  306.6   0.0  334   41-377    40-413 (523)
     365 UniRef100_UPI000FFFA3EB LOW QU 100.0 7.3E-43 7.5E-49  299.8   0.0  307   52-373    17-323 (514)
     366 UniRef100_A0A060VNF4 G_PROTEIN 100.0 7.1E-43 7.5E-49  320.3   0.0  287   61-375   131-431 (566)
     367 tr|A0A1S3NNV5|A0A1S3NNV5_SALSA 100.0 7.6E-43   8E-49  311.1   0.0  310   61-375    63-380 (499)
     368 tr|J9K651|J9K651_ACYPI Unchara 100.0 7.8E-43 8.1E-49  306.5   0.0  302   60-381    89-393 (440)
     369 tr|A0A147AZW9|A0A147AZW9_FUNHE 100.0 7.6E-43 8.2E-49  326.0   0.0  298   63-377    88-435 (468)
     370 tr|A0A1I8MRR4|A0A1I8MRR4_MUSDO 100.0 8.3E-43 8.7E-49  322.8   0.0  305   60-381   258-564 (819)
     371 UniRef100_A0A0K0PUL2 DH31-like 100.0 8.4E-43 8.9E-49  304.4   0.0  283   65-377    53-335 (375)
     372 UniRef100_A0A0L8HMQ0 G_PROTEIN 100.0 8.9E-43 9.4E-49  317.1   0.0  297   62-375    50-347 (538)
     373 tr|A0A0A7RC79|A0A0A7RC79_RHOPR 100.0 9.4E-43 9.8E-49  304.3   0.0  290   64-377    79-375 (404)
     374 UniRef100_A0A087XT11 Alpha-1B  100.0 9.5E-43 9.9E-49  314.9   0.0  300   61-378    80-407 (622)
     375 tr|A0A0F8AVG0|A0A0F8AVG0_LARCR 100.0   1E-42 1.1E-48  309.3   0.0  284   62-375    57-343 (544)
     376 UniRef100_A0A0L7QLJ1 Neuropept 100.0   1E-42 1.1E-48  302.3   0.0  301   62-381   129-431 (485)
     377 UniRef100_A0A026WC04 Dopamine  100.0 1.1E-42 1.1E-48  306.9   0.0  302   63-377    80-399 (468)
     378 ERR1719341_586736              100.0 1.1E-42 1.2E-48  314.8   0.0  287   65-376    59-355 (513)
     379 UniRef100_A0A077KAM5 PQRFa pep 100.0 1.1E-42 1.2E-48  309.8   0.0  299   61-374   139-444 (539)
     380 UniRef100_A0A1L8FNX2 G_PROTEIN 100.0 1.1E-42 1.2E-48  312.3   0.0  274   63-371    65-339 (400)
     381 tr|A0A0P7V5N2|A0A0P7V5N2_9TELE 100.0 1.1E-42 1.2E-48  310.7   0.0  297   67-377    97-403 (468)
     382 UniRef100_A0A1A8LLZ9 Hypocreti 100.0 1.1E-42 1.2E-48  302.8   0.0  316   49-376    55-373 (413)
     383 tr|A0A1A9ZAD8|A0A1A9ZAD8_GLOPL 100.0 1.2E-42 1.2E-48  311.7   0.0  289   62-375   124-421 (574)
     384 UniRef100_A0A3B4VB96 Beta-2 ad 100.0 1.2E-42 1.3E-48  310.1   0.0  293   65-375    57-361 (464)
     385 UniRef100_A0A060VRN9 G_PROTEIN 100.0 1.2E-42 1.3E-48  315.1   0.0  291   61-375   136-430 (496)
     386 UniRef100_A0A0S1YDA1 Neuropept 100.0 1.2E-42 1.3E-48  310.8   0.0  308   62-375    68-413 (463)
     387 UniRef100_A0A3M6TKX3 G_PROTEIN 100.0 1.2E-42 1.3E-48  314.5   0.0  289   61-377    76-376 (427)
     388 tr|W4Z9U8|W4Z9U8_STRPU Unchara 100.0 1.3E-42 1.3E-48  301.4   0.0  307   59-377   106-413 (434)
     389 UniRef100_A7RGN9 Predicted pro 100.0 1.3E-42 1.3E-48  299.3   0.0  279   64-374    34-313 (317)
     390 tr|A0A146NY53|A0A146NY53_FUNHE 100.0 1.3E-42 1.3E-48  312.9   0.0  302   65-377    11-319 (469)
     391 UniRef100_A0A067RKH6 Putative  100.0 1.4E-42 1.5E-48  320.9   0.0  315   58-374    94-411 (501)
     392 tr|V9P4J1|V9P4J1_AEDAE PBAN re 100.0 1.5E-42 1.5E-48  311.9   0.0  315   51-375    80-410 (638)
     393 UniRef100_A0A210QKJ1 Pyrogluta 100.0 1.6E-42 1.6E-48  304.0   0.0  303   59-377    54-359 (424)
     394 UniRef100_A0A0A1WLH2 Somatosta 100.0 1.6E-42 1.6E-48  319.7   0.0  285   61-373   217-505 (667)
     395 UniRef100_A0A067QQU1 Cholecyst 100.0 1.5E-42 1.6E-48  310.0   0.0  302   62-375     3-332 (404)
     396 UniRef100_A0A087QH91 Melanopsi 100.0 1.6E-42 1.7E-48  321.6   0.0  292   63-375   106-399 (629)
     397 UniRef100_A0A091R746 Beta-1 ad 100.0 1.7E-42 1.8E-48  314.4   0.0  300   64-376   138-453 (572)
     398 UniRef100_A0A4S2KBY6 Uncharact 100.0 1.8E-42 1.9E-48  326.3   0.0  324   40-377   647-974 (1096)
     399 tr|A0A0L0BYA7|A0A0L0BYA7_LUCCU 100.0 1.8E-42 1.9E-48  314.8   0.0  302   61-376   311-627 (678)
     400 tr|A0A1I8PG61|A0A1I8PG61_STOCA 100.0 1.8E-42 1.9E-48  323.0   0.0  289   60-374   299-591 (716)
     401 tr|C3Z617|C3Z617_BRAFL Unchara 100.0 1.8E-42 1.9E-48  299.5   0.0  302   59-372    32-336 (426)
     402 UniRef100_A0A087R306 Hypocreti 100.0   2E-42 2.1E-48  312.4   0.0  321   48-375   140-479 (594)
     403 UniRef100_A0A2G8KMT5 G_PROTEIN 100.0   2E-42 2.1E-48  308.6   0.0  282   66-373    42-325 (402)
     404 UniRef100_A0A182H1J6 G_PROTEIN 100.0 2.1E-42 2.2E-48  327.7   0.0  186   65-260   323-512 (1005)
     405 tr|A0A1A8EW90|A0A1A8EW90_9TELE 100.0 2.1E-42 2.2E-48  304.4   0.0  286   60-374    44-332 (444)
     406 tr|A0A1Y1JX37|A0A1Y1JX37_PHOPY 100.0 2.1E-42 2.2E-48  305.9   0.0  320   52-373    37-391 (561)
     407 tr|J9JRI9|J9JRI9_ACYPI Unchara 100.0 2.1E-42 2.2E-48  306.5   0.0  288   63-375    37-333 (490)
     408 tr|U3U4E1|U3U4E1_NILLU Neurope 100.0 2.1E-42 2.2E-48  317.5   0.0  335   38-380   129-473 (606)
     409 UniRef100_UPI000219022F Endoly 100.0 2.2E-42 2.3E-48  305.3   0.0  285   64-377   204-488 (507)
     410 AntAceMinimDraft_8_1070364.sca 100.0 2.3E-42 2.4E-48  301.9   0.0  303   64-379    41-360 (406)
     411 tr|A0A212EZN3|A0A212EZN3_DANPL 100.0 2.3E-42 2.4E-48  309.6   0.0  298   59-377    53-356 (488)
     412 ERR1711953_324056              100.0 2.4E-42 2.4E-48  302.7   0.0  324   40-375    37-366 (481)
     413 UniRef100_A0A3B4UE11 Si:zfos-1 100.0 2.4E-42 2.5E-48  299.9   0.0  284   59-377    66-352 (441)
     414 UniRef100_A0A2B4SID7 Neuropept 100.0 2.5E-42 2.6E-48  312.3   0.0  295   60-377    81-381 (462)
     415 UniRef100_A0A6J1S1B8 neuropept 100.0 2.6E-42 2.7E-48  299.2   0.0  322   40-375    42-368 (560)
     416 tr|A0A182QHF8|A0A182QHF8_9DIPT 100.0 2.6E-42 2.7E-48  311.9   0.0  299   59-374    99-405 (581)
     417 tr|A0A2D0SD29|A0A2D0SD29_ICTPU 100.0 2.7E-42 2.8E-48  307.1   0.0  301   64-376     8-309 (420)
     418 UniRef100_A0A0L0C7I5 G_PROTEIN 100.0 2.8E-42 2.9E-48  307.4   0.0  310   47-371    85-409 (496)
     419 UniRef100_A0A6P4ZN87 somatosta 100.0 2.8E-42 2.9E-48  303.8   0.0  287   64-378    36-331 (391)
     420 UniRef100_A0A0N1PGA0 Octopamin 100.0 2.8E-42   3E-48  316.2   0.0  301   63-375   110-492 (547)
     421 UniRef100_A0A0D9R0U9 Apelin re 100.0 2.9E-42   3E-48  307.2   0.0  287   63-375    64-363 (482)
     422 tr|A0A2B4S6X2|A0A2B4S6X2_STYPI 100.0   3E-42 3.1E-48  300.8   0.0  293   65-377    28-325 (379)
     423 UniRef100_A0A060VTR1 G_PROTEIN 100.0   3E-42 3.1E-48  315.5   0.0  300   62-379   121-444 (619)
     424 UniRef100_A0A061QHX0 Putative  100.0   3E-42 3.2E-48  320.5   0.0  305   60-380   132-512 (563)
     425 UniRef100_A0A2B4RXD1 Neuropept 100.0   3E-42 3.2E-48  311.5   0.0  286   64-377    98-384 (461)
     426 UniRef100_A0A067RDC3 Prolactin 100.0   3E-42 3.2E-48  312.8   0.0  292   59-374    63-355 (541)
     427 UniRef100_A0A6P8ZQ13 pyrokinin 100.0 3.1E-42 3.3E-48  310.2   0.0  297   58-373    80-381 (573)
     428 UniRef100_A0A0S1YD99 Neuropept 100.0 3.6E-42 3.7E-48  300.1   0.0  292   62-381    77-378 (423)
     429 tr|A0A1L8HND2|A0A1L8HND2_XENLA 100.0 3.7E-42 3.9E-48  306.6   0.0  296   65-377   133-429 (452)
     430 UniRef100_A0A7M7G1H5 G_PROTEIN 100.0 3.7E-42   4E-48  314.4   0.0  293   63-378    40-336 (381)
     431 tr|F7E6B1|F7E6B1_MONDO Tachyki 100.0 3.8E-42   4E-48  304.1   0.0  288   61-375    95-384 (475)
     432 UniRef100_A0A060X6T3 G_PROTEIN 100.0 3.9E-42   4E-48  310.9   0.0  299   61-377    90-415 (550)
     433 tr|A0A060XRS0|A0A060XRS0_ONCMY 100.0 3.9E-42   4E-48  321.9   0.0  301   61-379    56-379 (900)
     434 tr|A0A182L9N8|A0A182L9N8_9DIPT 100.0   4E-42 4.2E-48  311.6   0.0  285   63-377    91-384 (490)
     435 tr|A7SMQ7|A7SMQ7_NEMVE Predict 100.0   4E-42 4.3E-48  300.4   0.0  286   63-377    14-304 (358)
     436 tr|A0A1S2ZLN8|A0A1S2ZLN8_ERIEU 100.0 4.2E-42 4.3E-48  306.8   0.0  300   59-377    37-363 (506)
     437 UniRef100_A0A3M6TV84 G_PROTEIN 100.0 4.1E-42 4.4E-48  308.2   0.0  283   70-376    55-338 (405)
     438 UniRef100_A0A0L8I1Y4 G_PROTEIN 100.0 4.2E-42 4.4E-48  299.7   0.0  311   59-377    51-374 (457)
     439 UniRef100_A0A3M6UKX8 G_PROTEIN 100.0 4.2E-42 4.5E-48  318.4   0.0  290   63-375   121-420 (487)
     440 UniRef100_A0A6P4YBA8 delta-typ 100.0 4.3E-42 4.6E-48  306.2   0.0  282   65-378    55-342 (406)
     441 tr|A0A0B2UYY4|A0A0B2UYY4_TOXCA 100.0 4.5E-42 4.7E-48  306.1   0.0  291   63-377    85-387 (437)
     442 tr|A0A182U1B5|A0A182U1B5_9DIPT 100.0 4.6E-42 4.8E-48  313.5   0.0  296   59-375    38-343 (620)
     443 UniRef100_A0A210QHM7 G-protein 100.0 4.5E-42 4.8E-48  312.9   0.0  294   61-376    80-376 (492)
     444 ERR1719458_10285               100.0 4.6E-42 4.9E-48  314.7   0.0  330   45-377    53-420 (609)
     445 tr|A0A0N7KWU9|A0A0N7KWU9_LYMST 100.0 4.7E-42 4.9E-48  304.7   0.0  312   59-379    74-450 (494)
     446 UniRef100_A0A067RAQ2 Neuropept 100.0 4.9E-42 5.1E-48  302.7   0.0  300   61-381   101-402 (509)
     447 SRR6218665_147192              100.0 5.2E-42 5.5E-48  306.3   0.0  299   61-381   101-402 (466)
     448 UniRef100_A0A6J2JT67 pyrokinin 100.0 5.5E-42 5.7E-48  292.7   0.0  314   51-377    21-342 (436)
     449 UniRef100_A0A6P8HX63 probable  100.0 5.4E-42 5.8E-48  312.1   0.0  299   60-380    57-365 (407)
     450 tr|A0A0Q3PK06|A0A0Q3PK06_AMAAE 100.0 5.8E-42   6E-48  321.8   0.0  299   62-374   525-829 (901)
     451 tr|A7SIX0|A7SIX0_NEMVE Predict 100.0 5.8E-42 6.1E-48  301.1   0.0  295   61-381    25-324 (403)
     452 tr|A0A1S3FWK5|A0A1S3FWK5_DIPOR 100.0 5.9E-42 6.1E-48  312.6   0.0  301   64-377   420-731 (786)
     453 tr|A0A1S3J712|A0A1S3J712_LINUN 100.0 5.9E-42 6.1E-48  298.5   0.0  299   63-381    75-387 (437)
     454 UniRef100_A0A0A1XP15 Neuropept 100.0 5.9E-42 6.2E-48  299.3   0.0  298   58-376    69-374 (421)
     455 tr|A0A091CRU0|A0A091CRU0_FUKDA 100.0 5.9E-42 6.2E-48  320.3   0.0  281   61-377   409-694 (720)
     456 tr|A0A2B4SIA2|A0A2B4SIA2_STYPI 100.0 5.9E-42 6.3E-48  304.2   0.0  302   59-377    57-362 (370)
     457 tr|A0A0L7QUK8|A0A0L7QUK8_9HYME 100.0 6.2E-42 6.4E-48  317.5   0.0  297   61-376   202-499 (806)
     458 UniRef100_A0A024FLZ5 PQRFa pep 100.0 6.1E-42 6.5E-48  303.2   0.0  293   59-373    56-349 (416)
     459 UniRef100_A0A023F4J9 Putative  100.0 6.2E-42 6.5E-48  316.5   0.0  298   64-373   160-490 (588)
     460 UniRef100_A0A443QV83 Neuromedi 100.0 6.3E-42 6.6E-48  293.0   0.0  320   47-373     9-347 (404)
     461 ERR1719510_236906              100.0 6.4E-42 6.8E-48  317.5   0.0  296   58-378    80-376 (577)
     462 UniRef100_A0A1I7STM2 (pine woo 100.0 6.5E-42 6.9E-48  310.7   0.0  306   58-377    78-388 (430)
     463 tr|W8B9D1|W8B9D1_CERCA 5-hydro 100.0 6.7E-42   7E-48  310.5   0.0  304   61-378   263-629 (664)
     464 tr|A0A0K2TJR3|A0A0K2TJR3_LEPSM 100.0 6.7E-42   7E-48  296.1   0.0  297   66-378    60-359 (402)
     465 tr|W4Y131|W4Y131_STRPU Unchara 100.0 6.8E-42 7.1E-48  297.6   0.0  295   64-374    58-354 (424)
     466 UniRef100_A0A0L8FP69 G_PROTEIN 100.0 7.1E-42 7.4E-48  302.3   0.0  284   65-375    53-341 (488)
     467 tr|A0A147AUP2|A0A147AUP2_FUNHE 100.0   7E-42 7.4E-48  310.6   0.0  264   62-356   122-388 (482)
     468 UniRef100_A0A0L7L982 Neuropept 100.0 7.2E-42 7.5E-48  297.9   0.0  288   61-375    82-369 (398)
     469 UniRef100_A0A060WAG3 G_PROTEIN 100.0 7.2E-42 7.6E-48  311.1   0.0  302   63-380   125-504 (550)
     470 UniRef100_A0A034WQT6 Tachykini 100.0 7.4E-42 7.7E-48  313.7   0.0  296   58-374   114-417 (694)
     471 tr|A0A1I8MAM1|A0A1I8MAM1_MUSDO 100.0 7.5E-42 7.8E-48  323.2   0.0  297   64-375   276-574 (1063)
     472 UniRef100_D1LX82 Neuropeptide  100.0 7.5E-42   8E-48  310.6   0.0  290   65-378    59-351 (424)
     473 tr|A7S585|A7S585_NEMVE Predict 100.0 7.6E-42 8.1E-48  303.7   0.0  289   65-378    29-328 (374)
     474 UniRef100_A0A6G8J3P5 Melanin-c 100.0 7.8E-42 8.2E-48  301.5   0.0  284   65-375    66-351 (460)
     475 tr|A0A226N2C0|A0A226N2C0_CALSU 100.0   8E-42 8.3E-48  305.2   0.0  295   62-377   226-522 (569)
     476 tr|A0A1X9PQN0|A0A1X9PQN0_MAMBR 100.0 8.2E-42 8.5E-48  297.8   0.0  308   58-374    37-348 (477)
     477 ERR1712012_978406              100.0 8.2E-42 8.6E-48  302.4   0.0  292   72-371     1-299 (464)
     478 UniRef100_A0A087YRI1 G_PROTEIN 100.0 8.1E-42 8.6E-48  308.7   0.0  291   62-376    82-373 (438)
     479 tr|A7SX62|A7SX62_NEMVE Predict 100.0 8.5E-42   9E-48  291.0   0.0  276   71-379    29-304 (335)
     480 UniRef100_A0A060XSS1 5-hydroxy 100.0 8.5E-42 9.1E-48  328.4   0.0  304   65-379   215-555 (704)
     481 UniRef100_A0A0C9PI89 TRHR prot 100.0 9.2E-42 9.6E-48  296.0   0.0  317   66-404    74-394 (449)
     482 UniRef100_A0A2S1WLX6 Putative  100.0 9.2E-42 9.6E-48  302.1   0.0  298   69-377    55-460 (475)
     483 tr|G3R6B9|G3R6B9_GORGO Neurope 100.0 9.6E-42   1E-47  300.9   0.0  305   63-381   150-460 (522)
     484 tr|O93414|O93414_9TELE Orphan  100.0 9.9E-42   1E-47  309.2   0.0  143   60-203    38-180 (559)
     485 tr|A7RYQ3|A7RYQ3_NEMVE Predict 100.0   1E-41 1.1E-47  307.4   0.0  288   59-377    50-337 (367)
     486 UniRef100_A0A016UUZ5 G_PROTEIN 100.0   1E-41 1.1E-47  305.0   0.0  295   62-377    76-414 (486)
     487 UniRef100_A0A6P3IMR0 somatosta 100.0 1.1E-41 1.1E-47  298.7   0.0  284   63-376   200-486 (524)
     488 tr|A0A0S1YDP4|A0A0S1YDP4_CHISP 100.0 1.1E-41 1.2E-47  302.7   0.0  335   42-379    27-366 (490)
     489 UniRef100_A0A2B4S4U3 Beta-2 ad 100.0 1.2E-41 1.2E-47  297.9   0.0  284   66-377    34-323 (372)
     490 tr|A0A0P7V0U8|A0A0P7V0U8_9TELE 100.0 1.2E-41 1.3E-47  294.9   0.0  289   61-378    86-377 (439)
     491 tr|A0A1W4X208|A0A1W4X208_AGRPL 100.0 1.3E-41 1.3E-47  300.6   0.0  289   62-375    96-393 (467)
     492 tr|A7RRH0|A7RRH0_NEMVE Predict 100.0 1.3E-41 1.4E-47  316.3   0.0  293   59-377    25-317 (700)
     493 tr|A0A1S3NPB2|A0A1S3NPB2_SALSA 100.0 1.4E-41 1.4E-47  301.0   0.0  288   62-376    41-332 (443)
     494 tr|T1KTS6|T1KTS6_TETUR Unchara 100.0 1.4E-41 1.4E-47  309.3   0.0  289   63-377   122-420 (587)
     495 UniRef100_A0A084WCX2 AGAP00493 100.0 1.4E-41 1.5E-47  308.5   0.0  287   65-375    99-388 (474)
     496 UniRef100_A0A4D9EQQ5 Enolase-l 100.0 1.4E-41 1.5E-47  291.4   0.0  284   61-377   147-433 (472)
     497 UniRef100_A0A023ETT6 Putative  100.0 1.5E-41 1.5E-47  307.9   0.0  286   63-374   156-445 (612)
     498 tr|C7SLZ0|C7SLZ0_APLKU Seroton 100.0 1.5E-41 1.6E-47  309.6   0.0  299   63-381    75-430 (485)
     499 tr|A0A0P0YUU8|A0A0P0YUU8_LYMST 100.0 1.5E-41 1.6E-47  296.2   0.0  314   60-381    61-400 (478)
     500 UniRef100_A0A026WJE1 Neuropept 100.0 1.5E-41 1.6E-47  311.2   0.0  303   62-375   120-440 (606)
     
  > Uniprot already searched, skipping.
/projects/ilfgrid/apps/alphafold-2.2.0/prep_MSAs.sh: line 93: /bin/hmmbuild: No such file or directory
/projects/ilfgrid/apps/alphafold-2.2.0/prep_MSAs.sh: line 94: /bin/hmmsearch: No such file or directory
> Running chain B
  > Uniref90 already searched, skipping.
  > Mgnify already searched, skipping.
  > Running hhblits on bfd_uniref30
- 21:20:30.051 INFO: Searching 65983866 column state sequences.

- 21:20:31.263 INFO: Searching 29291635 column state sequences.

- 21:20:31.316 INFO: nmur1_human-1469/msas/B/chain_B.fasta is in A2M, A3M or FASTA format

- 21:20:31.316 INFO: Iteration 1

- 21:20:31.328 INFO: Prefiltering database

- 21:21:14.011 INFO: HMMs passed 1st prefilter (gapless profile-profile alignment)  : 238580

- 21:21:32.828 INFO: HMMs passed 1st prefilter (gapless profile-profile alignment)  : 161902

- 21:21:32.977 INFO: HMMs passed 2nd prefilter (gapped profile-profile alignment)   : 944

- 21:21:32.977 INFO: HMMs passed 2nd prefilter and not found in previous iterations : 944

- 21:21:32.977 INFO: Scoring 944 HMMs using HMM-HMM Viterbi alignment

- 21:21:33.026 INFO: Alternative alignment: 0

- 21:21:33.843 INFO: 944 alignments done

- 21:21:33.846 INFO: Alternative alignment: 1

- 21:21:33.889 INFO: 846 alignments done

- 21:21:33.891 INFO: Alternative alignment: 2

- 21:21:33.892 INFO: 2 alignments done

- 21:21:33.892 INFO: Alternative alignment: 3

- 21:21:34.051 INFO: Premerge done

- 21:21:34.051 INFO: Realigning 500 HMM-HMM alignments using Maximum Accuracy algorithm

- 21:21:34.229 INFO: 7 sequences belonging to 7 database HMMs found with an E-value < 0.001

- 21:21:34.229 INFO: Number of effective sequences of resulting query HMM: Neff = 4.55823

- 21:21:34.252 INFO: Iteration 2

- 21:21:34.252 INFO: Set premerge to 0! (premerge: 3 iteration: 2 hits.Size: 4)

- 21:21:34.269 INFO: Prefiltering database

- 21:22:14.982 INFO: HMMs passed 1st prefilter (gapless profile-profile alignment)  : 91165

- 21:22:32.856 INFO: HMMs passed 1st prefilter (gapless profile-profile alignment)  : 61522

- 21:22:32.919 INFO: HMMs passed 2nd prefilter (gapped profile-profile alignment)   : 226

- 21:22:32.919 INFO: HMMs passed 2nd prefilter and not found in previous iterations : 222

- 21:22:32.919 INFO: Scoring 222 HMMs using HMM-HMM Viterbi alignment

- 21:22:32.966 INFO: Alternative alignment: 0

- 21:22:33.088 INFO: 222 alignments done

- 21:22:33.088 INFO: Alternative alignment: 1

- 21:22:33.092 INFO: 89 alignments done

- 21:22:33.093 INFO: Alternative alignment: 2

- 21:22:33.093 INFO: Alternative alignment: 3

- 21:22:33.114 INFO: Realigning 154 HMM-HMM alignments using Maximum Accuracy algorithm

- 21:22:33.182 INFO: 37 sequences belonging to 37 database HMMs found with an E-value < 0.001

- 21:22:33.182 INFO: Number of effective sequences of resulting query HMM: Neff = 6.35961

- 21:22:33.187 INFO: Iteration 3

- 21:22:33.200 INFO: Prefiltering database

- 21:23:12.315 INFO: HMMs passed 1st prefilter (gapless profile-profile alignment)  : 33234

- 21:23:31.241 INFO: HMMs passed 1st prefilter (gapless profile-profile alignment)  : 38183

- 21:23:31.288 INFO: HMMs passed 2nd prefilter (gapped profile-profile alignment)   : 122

- 21:23:31.288 INFO: HMMs passed 2nd prefilter and not found in previous iterations : 88

- 21:23:31.288 INFO: Scoring 88 HMMs using HMM-HMM Viterbi alignment

- 21:23:31.334 INFO: Alternative alignment: 0

- 21:23:31.449 INFO: 88 alignments done

- 21:23:31.449 INFO: Alternative alignment: 1

- 21:23:31.451 INFO: 23 alignments done

- 21:23:31.451 INFO: Alternative alignment: 2

- 21:23:31.451 INFO: Alternative alignment: 3

- 21:23:31.469 INFO: Rescoring previously found HMMs with Viterbi algorithm

- 21:23:31.495 INFO: Alternative alignment: 0

- 21:23:31.497 INFO: 34 alignments done

- 21:23:31.497 INFO: Alternative alignment: 1

- 21:23:31.499 INFO: 34 alignments done

- 21:23:31.499 INFO: Alternative alignment: 2

- 21:23:31.499 INFO: Alternative alignment: 3

- 21:23:31.517 INFO: Premerge done

- 21:23:31.517 INFO: Realigning 101 HMM-HMM alignments using Maximum Accuracy algorithm

- 21:23:31.540 INFO: 38 sequences belonging to 38 database HMMs found with an E-value < 0.001

- 21:23:31.540 INFO: Number of effective sequences of resulting query HMM: Neff = 6.378

     Query         neuromedin U-23 gtp:1469
     Match_columns 23
     No_of_seqs    101 out of 346
     Neff          6.378
     Searched_HMMs 1175
     Date          Wed Mar  8 21:23:31 2023
     Command       hhblits -i nmur1_human-1469/msas/B/chain_B.fasta -cpu 4 -maxmem 20 -oa3m /projects/ilfgrid/people/nqz918/code/deorph/scripts/af_arman/af_jobs_af23/nmur1_human/1469//nmur1_human-1469/msas/B/bfd_uniref_hits.a3m -o /dev/null -n 3 -e 0.001 -maxseq 1000000 -realign_max 100000 -maxfilt 100000 -min_prefilter_hits 1000 -d /projects/ilfgrid/data/alphafold-genetic-databases///bfd/bfd_metaclust_clu_complete_id30_c90_final_seq.sorted_opt -d /projects/ilfgrid/data/alphafold-genetic-databases///uniref30/UniRef30_2021_03 
     
      No Hit                             Prob E-value P-value  Score    SS Cols Query HMM  Template HMM
       1 UniRef100_P34965 Neuromedin-U-  98.8 5.6E-11 5.8E-17   47.9   0.0   22    2-23      3-25  (25)
       2 UniRef100_P20056 Neuromedin-U-  98.8 1.3E-10 1.4E-16   47.1   0.0   22    2-23      3-25  (25)
       3 UniRef100_P34962 Neuromedin-U-  98.6 7.1E-10 7.4E-16   45.0   0.0   22    2-23      3-25  (25)
       4 UniRef100_A0A060IPQ4 Neuromedi  98.4 4.3E-09 5.5E-15   59.6   0.0   22    2-23    185-207 (251)
       5 UniRef100_A0A091HTY9 Neuromedi  98.3 1.8E-08 2.1E-14   55.2   0.0   22    2-23    143-165 (176)
       6 tr|F6V218|F6V218_MONDO Unchara  98.3 2.1E-08 2.4E-14   57.5   0.0   22    2-23    239-261 (269)
       7 tr|G9M932|G9M932_CYPCA Prepron  98.2 4.3E-08 5.2E-14   54.4   0.0   21    3-23    161-182 (190)
       8 UniRef100_A0A4D9EW92 Putative   98.1 7.7E-08 8.7E-14   55.4   0.0   22    2-23    243-265 (274)
       9 UniRef100_A0A2F0BEY6 Neuromedi  98.1   1E-07 1.1E-13   49.0   0.0   22    2-23     73-95  (103)
      10 UniRef100_A0A160PB14 Preproneu  98.1   1E-07 1.2E-13   53.0   0.0   21    3-23    150-171 (189)
      11 UniRef100_A0A5F4W912 NMU domai  98.0 1.4E-07 1.6E-13   55.6   0.0   22    2-23    271-293 (337)
      12 UniRef100_A0A1V4JG27 Neuromedi  98.0 1.8E-07   2E-13   51.2   0.0   22    2-23    135-157 (169)
      13 UniRef100_A0A096NG85 Neuromedi  98.0   2E-07 2.1E-13   51.5   0.0   22    2-23    141-163 (180)
      14 UniRef100_A0A7K9ENV7 NMU prote  97.9 3.7E-07 3.9E-13   46.6   0.0   20    4-23     67-87  (95)
      15 UniRef100_A0A2I4D2U2 neuromedi  97.9 3.9E-07 4.3E-13   47.7   0.0   21    3-23     85-106 (114)
      16 UniRef100_A0A6P7WVP6 neuromedi  97.9 5.1E-07 5.3E-13   50.2   0.0   22    2-23    159-181 (190)
      17 UniRef100_A0A3B4ACC3 NMU domai  97.8 6.4E-07 6.6E-13   46.6   0.0   20    4-23     82-102 (110)
      18 UniRef100_A0A3B4VPY6 NMU domai  97.8 7.3E-07 7.5E-13   47.3   0.0   20    4-23    101-121 (129)
      19 UniRef100_A0A6P5JIR5 neuromedi  97.8   9E-07 9.2E-13   51.6   0.0   22    2-23    285-307 (315)
      20 UniRef100_A0A669PMC2 Neuromedi  97.8 8.6E-07 9.3E-13   50.2   0.0   22    2-23    186-208 (216)
      21 UniRef100_A0A060XQ73 NMU domai  97.7 1.5E-06 1.6E-12   43.8   0.0   20    4-23     58-78  (86)
      22 UniRef100_A0A668A9J1 NMU domai  97.7 1.7E-06 1.7E-12   45.7   0.0   20    4-23     92-112 (120)
      23 UniRef100_H3BWE3 NMU domain-co  97.7 2.1E-06 2.2E-12   40.8   0.0   21    2-22     36-57  (57)
      24 UniRef100_A0A3B5LH67 NMU domai  97.6 4.1E-06 4.5E-12   45.0   0.0   20    4-23    103-123 (131)
      25 UniRef100_A0A2I2U341 Neuromedi  97.5 6.2E-06 6.4E-12   44.8   0.0   22    2-23    116-138 (146)
      26 UniRef100_UPI0010F58E08 neurom  97.5 6.8E-06   7E-12   47.7   0.0   22    2-23    241-263 (271)
      27 UniRef100_A0A3P8Q158 Neuromedi  97.5 8.4E-06 8.7E-12   46.6   0.0   21    3-23    200-221 (229)
      28 UniRef100_A0A2I0MMA9 Neuromedi  97.4 9.9E-06   1E-11   48.9   0.0   22    2-23    385-407 (415)
      29 UniRef100_UPI001B3AD1CE UPI001  97.4 1.1E-05 1.1E-11   46.2   0.0   20    4-23    201-221 (229)
      30 UniRef100_P34966 Neuromedin-U-  97.3 1.7E-05 1.7E-11   26.8   0.0    9   15-23      1-9   (9)
      31 UniRef100_UPI0013F195A3 neurom  97.2 2.9E-05   3E-11   46.1   0.0   22    2-23    292-314 (322)
      32 UniRef100_UPI0006708644 neurom  97.2 4.3E-05 4.4E-11   44.5   0.0   22    2-23    225-247 (255)
      33 UniRef100_A0A6P4X8W0 neuromedi  97.2 4.1E-05 4.5E-11   45.3   0.0   22    2-23    252-274 (282)
      34 UniRef100_A0A1L8HL83 NMU domai  96.8 0.00023 2.4E-10   40.2   0.0   20    3-23    150-169 (177)
      35 UniRef100_UPI000C7EE7C9 neurom  96.7 0.00037 3.8E-10   39.3   0.0   22    2-23    141-163 (169)
      36 UniRef100_A0A3B4ZVM3 Neuromedi  96.2  0.0024 2.4E-09   36.9   0.0   19    5-23    162-181 (189)
      37 UniRef100_UPI00054063C7 neurom  95.8  0.0068   7E-09   36.7   0.0   21    3-23    247-268 (276)
      38 UniRef100_A0A087QYF6 Neuromedi  95.8  0.0069 7.4E-09   32.8   0.0   17    4-20     84-101 (101)
      39 UniRef100_A0A354S5Q2 NMU domai  95.2   0.024 2.5E-08   21.8   0.0   10   13-22      2-11  (14)
      40 UniRef100_A0A6J0TI47 neuromedi  95.2   0.026 2.8E-08   33.2   0.0   21    3-23    154-175 (183)
      41 UniRef100_S9XFK6 NMU domain-co  95.1    0.03 3.1E-08   32.0   0.0   21    2-22     51-72  (147)
      42 UniRef100_A0A4P9CFW7 Uncharact  94.7   0.059   6E-08   21.7   0.0   11   12-22      4-14  (17)
      43 UniRef100_A0A315URI8 NMU domai  94.4   0.087   9E-08   31.8   0.0   18    4-21    153-171 (219)
      44 UniRef100_A0A452TL32 Neuromedi  93.2    0.29   3E-07   28.6   0.0   20    2-21    102-122 (149)
      45 UniRef100_U6CXT8 Neuromedin U   93.1    0.32 3.3E-07   28.5   0.0   18    3-20    133-151 (151)
      46 UniRef100_A0A4V6NA42 NMU domai  91.9    0.69 7.1E-07   20.2   0.0   11   12-22      5-15  (23)
      47 UniRef100_A0A4Q9H9B7 NMU domai  90.9     1.1 1.2E-06   21.1   0.0   11   12-22     12-22  (33)
      48 UniRef100_A0A0A9LB98 Uncharact  88.1     2.9   3E-06   16.7   0.0   11   12-22      3-13  (14)
      49 UniRef100_A0A3C0UR98 AAA-ATPas  87.7     3.3 3.4E-06   19.1   0.0   14    9-22      9-23  (28)
      50 UniRef100_A0A2D4J5G8 Uncharact  85.1       6 6.1E-06   23.0   0.0   18    5-22      8-25  (106)
      51 UniRef100_A0A7I0B3X1 NMU domai  84.0     7.4 7.6E-06   17.0   0.0   16    5-20      3-18  (20)
      52 UniRef100_A0A3D4GLL1 NMU domai  79.2      15 1.6E-05   23.3   0.0   13   10-22     41-53  (187)
      53 UniRef100_A0A4C1T0E5 Uncharact  77.0      20   2E-05   23.5   0.0   16    7-22    151-167 (236)
      54 UniRef100_A0A654GLJ0 OCIA doma  73.4      29   3E-05   24.1   0.0   11   12-22    190-200 (364)
      55 SRR5260370_1165512              73.1      28 3.1E-05   22.4   0.0   18    5-22     25-42  (178)
      56 ERR1740124_356048               69.0      41 4.4E-05   20.9   0.0   11   12-22    111-121 (127)
      57 UniRef100_A0A0A9TU90 Uncharact  67.8      47 4.9E-05   16.9   0.0   20    1-20      9-28  (38)
      58 ERR1039457_6158667              62.6      68 7.2E-05   20.3   0.0   20    4-23     57-76  (135)
      59 UniRef100_UPI001904B036 hypoth  62.4      71 7.4E-05   18.1   0.0   11   12-22     27-37  (67)
      60 UniRef100_B4IRZ6 GL26940 n=1 T  61.9      74 7.6E-05   18.2   0.0   11    1-11     35-45  (72)
      61 UniRef100_A0A0P1ARJ4 Uncharact  61.6      76 7.8E-05   18.8   0.0   18    5-22     20-37  (87)
      62 tr|A0A1F6PKC0|A0A1F6PKC0_9BACT  61.0      77 8.1E-05   21.3   0.0   20    4-23      6-25  (220)
      63 UniRef100_A0A7S1X1Z6 Hypotheti  54.5 1.2E+02 0.00012   19.6   0.0   16    7-22    140-155 (155)
      64 UniRef100_A0A6J5T3I1 Uncharact  53.4 1.3E+02 0.00013   16.8   0.0   21    2-22     21-41  (56)
      65 UniRef100_A0A6M2A5B9 Uncharact  51.2 1.5E+02 0.00015   17.3   0.0   20    3-22      4-23  (72)
      66 UniRef100_A0A7S4UEU7 Hypotheti  51.0 1.5E+02 0.00015   19.9   0.0   22    2-23     43-64  (193)
      67 UniRef100_Q2B910 Uncharacteriz  49.4 1.7E+02 0.00017   14.2   0.0   12    2-13      3-15  (26)
      68 UniRef100_UPI0005A54455 hypoth  48.2 1.8E+02 0.00018   17.0   0.0   13    3-15     54-66  (72)
      69 UniRef100_A0A7J6PCX9 Uncharact  46.4   2E+02  0.0002   19.4   0.0   14    9-22      9-22  (192)
      70 UniRef100_A0A5J5B2D9 Uncharact  46.3   2E+02  0.0002   19.7   0.0   16    1-16    145-161 (215)
      71 UniRef100_A0A3N6NS15 AAA_16 do  46.0   2E+02 0.00021   17.9   0.0   14    5-18     16-29  (107)
      72 UniRef100_W2SM42 Uncharacteriz  45.9   2E+02 0.00021   16.7   0.0   20    2-21     16-35  (69)
      73 ERR1719319_539374               45.5 2.1E+02 0.00021   18.5   0.0   20    3-22     46-65  (133)
      74 UniRef100_A0A258ZAV4 Uncharact  45.0 2.1E+02 0.00022   16.6   0.0   14    7-20     48-61  (69)
      75 ERR1719427_1500458              44.9 2.1E+02 0.00022   19.1   0.0   21    2-22     48-68  (162)
      76 UniRef100_A0A0C4EMF1 Uncharact  43.7 2.3E+02 0.00024   19.8   0.0   12   10-21    145-156 (247)
      77 UniRef100_A0A1A9ZHS0 Uncharact  43.2 2.4E+02 0.00025   16.6   0.0   16    6-21     52-67  (71)
      78 UniRef100_A0A2H6F8Q8 Uncharact  42.7 2.5E+02 0.00025   16.1   0.0   16    4-19     30-45  (60)
      79 UniRef100_A0A1X7BMI1 Prolyl ol  41.8 2.6E+02 0.00027   21.8   0.0   21    3-23    415-435 (668)
      80 UniRef100_A0A1H4SB12 Uncharact  41.2 2.6E+02 0.00028   15.3   0.0   14    9-22     16-29  (45)
      81 UniRef100_A0A7S2GZ33 Hypotheti  40.3 2.8E+02 0.00029   17.7   0.0   11    1-11     69-79  (120)
      82 UniRef100_A0A099D137 Uncharact  39.3 2.8E+02 0.00031   17.1   0.0   16    7-22     56-71  (88)
      83 UniRef100_A0A7J6QFQ3 Uncharact  38.3 3.2E+02 0.00033   19.2   0.0   13   10-22    123-135 (243)
      84 SRR5919109_801501               36.5 3.4E+02 0.00037   17.8   0.0   20    3-22    100-119 (133)
      85 UniRef100_A0A4P9Y8A5 Uncharact  35.8 3.7E+02 0.00038   20.0   0.0   18    3-20    308-325 (377)
      86 UniRef100_A0A5B2Z874 Uncharact  35.7 3.8E+02 0.00039   15.6   0.0   19    2-20     38-56  (61)
      87 UniRef100_A0A0C4FC37 Uncharact  35.4 3.8E+02 0.00039   20.3   0.0   13    9-21    303-315 (445)
      88 UniRef100_A0A1H8M5W3 Uncharact  35.0 3.9E+02  0.0004   14.3   0.0   18    4-21     16-33  (38)
      89 UniRef100_UPI00192ED44C hypoth  33.9 4.2E+02 0.00043   17.6   0.0   10    2-11     46-55  (148)
      90 UniRef100_K1PPN9 Uncharacteriz  33.3 4.3E+02 0.00045   17.8   0.0   16    7-22     51-66  (156)
      91 UniRef100_A0A316SUE9 Uncharact  33.1 4.4E+02 0.00045   16.6   0.0   11    1-11     44-54  (98)
      92 UniRef100_A0A5F8AEX7 Uncharact  26.8 6.6E+02 0.00068   16.2   0.0   11   11-21     16-26  (108)
      93 SRR5262249_56325039             26.4 6.5E+02  0.0007   16.8   0.0   17    6-22    102-118 (129)
      94 UniRef100_A0A061SBC0 Uncharact  26.2 6.9E+02 0.00071   18.3   0.0   18    2-19    157-174 (275)
      95 UniRef100_A0A485K857 Aste57867  25.0 7.5E+02 0.00078   16.3   0.0   21    2-22     10-30  (120)
      96 UniRef100_A0A7S0A9E0 Hypotheti  23.8 8.2E+02 0.00085   17.8   0.0   17    2-18     96-112 (257)
      97 UniRef100_A0A399EGH5 Uncharact  23.2 8.6E+02 0.00088   14.7   0.0   19    1-19     26-44  (69)
      98 UniRef100_A0A4C1SN11 Uncharact  21.7 9.6E+02 0.00099   15.8   0.0   14    8-21     78-91  (113)
      99 UniRef100_UPI0002DCF3A2 hypoth  21.4 9.8E+02   0.001   14.4   0.0   13    3-15      5-17  (65)
     100 UniRef100_A0A3Q3E952 DUF4537 d  20.9   1E+03  0.0011   16.3   0.0   19    5-23     18-36  (148)
     101 SRR5262245_8824031              20.0   1E+03  0.0011   16.3   0.0   21    2-22     93-113 (137)
     
  > Uniprot already searched, skipping.
/projects/ilfgrid/apps/alphafold-2.2.0/prep_MSAs.sh: line 93: /bin/hmmbuild: No such file or directory
/projects/ilfgrid/apps/alphafold-2.2.0/prep_MSAs.sh: line 94: /bin/hmmsearch: No such file or directory

>> Job finished at: Wed Mar  8 21:23:36 CET 2023

>> Runtime: 1007 s
