>> Job started at: Wed Mar  1 09:52:23 CET 2023
   On Machine:     ilfgridgpun02fl.unicph.domain
   In directory:   /projects/ilfgrid/people/nqz918/code/deorph/scripts/af_arman/af_jobs_af23/ccr3_human/772

>> GPU is 1

Loaded miniconda shell environment for bash
I0301 09:52:31.522954 139775798003520 templates.py:857] Using precomputed obsolete pdbs /projects/ilfgrid/data/alphafold-genetic-databases///pdb_mmcif/obsolete.dat.
E0301 09:52:31.529161 139775798003520 jackhmmer.py:75] Could not find Jackhmmer database /projects/ilfgrid/data/alphafold-genetic-databases///mgnify/mgy_clusters_2018_12.fa
Traceback (most recent call last):
  File "/projects/ilfgrid/apps/alphafold-2.3.1/run_alphafold.py", line 432, in <module>
    app.run(main)
  File "/projects/ilfgrid/apps/alphafold-2.3.1/AF_2.3.1_conda_env/lib/python3.8/site-packages/absl/app.py", line 308, in run
    _run_main(main, args)
  File "/projects/ilfgrid/apps/alphafold-2.3.1/AF_2.3.1_conda_env/lib/python3.8/site-packages/absl/app.py", line 254, in _run_main
    sys.exit(main(argv))
  File "/projects/ilfgrid/apps/alphafold-2.3.1/run_alphafold.py", line 348, in main
    monomer_data_pipeline = pipeline.DataPipeline(
  File "/maps/projects/ilfgrid/apps/alphafold-2.3.1/alphafold/data/pipeline.py", line 141, in __init__
    self.jackhmmer_mgnify_runner = jackhmmer.Jackhmmer(
  File "/maps/projects/ilfgrid/apps/alphafold-2.3.1/alphafold/data/tools/jackhmmer.py", line 76, in __init__
    raise ValueError(f'Could not find Jackhmmer database {database_path}')
ValueError: Could not find Jackhmmer database /projects/ilfgrid/data/alphafold-genetic-databases///mgnify/mgy_clusters_2018_12.fa
cp: cannot stat '/projects/ilfgrid/people/nqz918/code/deorph/scripts/af_arman/af_jobs_af23/ccr3_human/772/ccr3_human-772/ranked_0.pdb': No such file or directory

>> Job finished at: Wed Mar  1 09:52:32 CET 2023

>> Runtime: 9 s
