>> Job started at: Wed Mar  8 10:53:58 CET 2023
   On Machine:     ilfgridgpun01fl.unicph.domain
   In directory:   /projects/ilfgrid/people/nqz918/code/deorph/scripts/af_arman/af_jobs_af23/v1ar_human/2176

>> GPU is 

Loaded miniconda shell environment for bash
> Running 'prep_MSAs.sh'
  > Alphafold-DB directory is set to /projects/ilfgrid/data/alphafold-genetic-databases//
  > Number of cores was set to set to 4
  > Max memory set to 20 GB
  > Output directory was set to /projects/ilfgrid/people/nqz918/code/deorph/scripts/af_arman/af_jobs_af23/v1ar_human/2176/
  > Input fastafile was set to /projects/ilfgrid/people/nqz918/code/deorph/scripts/af_arman/af_jobs_af23/v1ar_human/2176/v1ar_human-2176.fasta
> Splitting fastafile
> Running chain A
  > Uniref90 already searched, skipping.
  > Mgnify already searched, skipping.
  > Running hhblits on bfd_uniref30
- 10:54:13.748 INFO: Searching 65983866 column state sequences.

- 10:54:14.655 INFO: Searching 29291635 column state sequences.

- 10:54:14.691 INFO: v1ar_human-2176/msas/A/chain_A.fasta is in A2M, A3M or FASTA format

- 10:54:14.691 INFO: Iteration 1

- 10:54:14.894 INFO: Prefiltering database

- 10:55:36.512 INFO: HMMs passed 1st prefilter (gapless profile-profile alignment)  : 2936520

- 10:56:43.384 INFO: HMMs passed 1st prefilter (gapless profile-profile alignment)  : 1125470

- 10:56:51.724 INFO: HMMs passed 2nd prefilter (gapped profile-profile alignment)   : 31346

- 10:56:51.724 INFO: HMMs passed 2nd prefilter and not found in previous iterations : 31346

- 10:56:51.724 INFO: Scoring 31346 HMMs using HMM-HMM Viterbi alignment

- 10:56:51.797 INFO: Alternative alignment: 0

- 10:56:52.569 INFO: 2000 alignments done

- 10:56:53.305 INFO: 4000 alignments done

- 10:57:06.529 INFO: 6000 alignments done

- 10:57:44.623 INFO: 8000 alignments done

- 10:58:09.688 INFO: 10000 alignments done

- 10:58:32.416 INFO: 12000 alignments done

- 10:58:53.847 INFO: 14000 alignments done

- 10:59:06.073 INFO: 16000 alignments done

- 10:59:13.634 INFO: 18000 alignments done

- 10:59:19.781 INFO: 20000 alignments done

- 10:59:28.420 INFO: 22000 alignments done

- 10:59:42.827 INFO: 24000 alignments done

- 10:59:47.221 INFO: 26000 alignments done

- 10:59:50.859 INFO: 28000 alignments done

- 10:59:53.764 INFO: 30000 alignments done

- 10:59:55.913 INFO: 31346 alignments done

- 10:59:55.915 INFO: Alternative alignment: 1

- 11:00:07.829 INFO: 31118 alignments done

- 11:00:07.865 INFO: Alternative alignment: 2

- 11:00:10.787 INFO: 7737 alignments done

- 11:00:10.809 INFO: Alternative alignment: 3

- 11:00:11.393 INFO: 1285 alignments done

- 11:00:12.242 INFO: Premerge done

- 11:00:12.244 INFO: Realigning 11009 HMM-HMM alignments using Maximum Accuracy algorithm

- 11:01:31.434 INFO: 11012 sequences belonging to 11012 database HMMs found with an E-value < 0.001

- 11:01:31.434 INFO: Number of effective sequences of resulting query HMM: Neff = 10.3053

- 11:01:31.646 INFO: Iteration 2

- 11:01:31.646 INFO: Set premerge to 0! (premerge: 3 iteration: 2 hits.Size: 11009)

- 11:01:31.848 INFO: Prefiltering database

- 11:02:54.004 INFO: HMMs passed 1st prefilter (gapless profile-profile alignment)  : 12630820

- 11:04:10.369 INFO: HMMs passed 1st prefilter (gapless profile-profile alignment)  : 4237503

- 11:04:49.655 WARNING: Number of hits passing 2nd prefilter (reduced from 130158 to allowed maximum of 100000).
You can increase the allowed maximum using the -maxfilt <max> option.

- 11:04:50.006 INFO: HMMs passed 2nd prefilter (gapped profile-profile alignment)   : 194067

- 11:04:50.006 INFO: HMMs passed 2nd prefilter and not found in previous iterations : 183267

- 11:04:50.006 INFO: Scoring 183267 HMMs using HMM-HMM Viterbi alignment

- 11:04:50.072 INFO: Alternative alignment: 0

- 11:05:01.540 INFO: 2000 alignments done

- 11:05:24.570 INFO: 4000 alignments done

- 11:05:38.425 INFO: 6000 alignments done

- 11:05:53.779 INFO: 8000 alignments done

- 11:06:07.536 INFO: 10000 alignments done

- 11:06:24.781 INFO: 12000 alignments done

- 11:06:42.335 INFO: 14000 alignments done

- 11:06:58.024 INFO: 16000 alignments done

- 11:06:58.027 INFO: Stop after DB-HHM: 16000 because early stop  17.27 < filter cutoff 20

- 11:06:58.027 INFO: Alternative alignment: 1

- 11:07:01.626 INFO: 8665 alignments done

- 11:07:01.635 INFO: Alternative alignment: 2

- 11:07:02.049 INFO: 836 alignments done

- 11:07:02.050 INFO: Alternative alignment: 3

- 11:07:02.132 INFO: 118 alignments done

- 11:07:02.227 INFO: Realigning 5088 HMM-HMM alignments using Maximum Accuracy algorithm

- 11:07:49.598 INFO: 16100 sequences belonging to 16100 database HMMs found with an E-value < 0.001

- 11:07:49.598 INFO: Number of effective sequences of resulting query HMM: Neff = 10.6677

- 11:07:49.698 INFO: Iteration 3

- 11:07:49.910 INFO: Prefiltering database

- 11:09:09.775 INFO: HMMs passed 1st prefilter (gapless profile-profile alignment)  : 12526674

- 11:10:25.636 INFO: HMMs passed 1st prefilter (gapless profile-profile alignment)  : 4191012

- 11:11:00.291 WARNING: Number of hits passing 2nd prefilter (reduced from 123559 to allowed maximum of 100000).
You can increase the allowed maximum using the -maxfilt <max> option.

- 11:11:00.533 INFO: HMMs passed 2nd prefilter (gapped profile-profile alignment)   : 185754

- 11:11:00.533 INFO: HMMs passed 2nd prefilter and not found in previous iterations : 169944

- 11:11:00.533 INFO: Scoring 169944 HMMs using HMM-HMM Viterbi alignment

- 11:11:00.591 INFO: Alternative alignment: 0

- 11:11:01.730 INFO: 2000 alignments done

- 11:11:02.592 INFO: 4000 alignments done

- 11:11:03.900 INFO: 6000 alignments done

- 11:11:05.960 INFO: 8000 alignments done

- 11:11:09.263 INFO: 10000 alignments done

- 11:11:13.784 INFO: 12000 alignments done

- 11:11:13.787 INFO: Stop after DB-HHM: 12000 because early stop  19.551 < filter cutoff 20

- 11:11:13.787 INFO: Alternative alignment: 1

- 11:11:16.204 INFO: 4538 alignments done

- 11:11:16.216 INFO: Alternative alignment: 2

- 11:11:16.505 INFO: 570 alignments done

- 11:11:16.505 INFO: Alternative alignment: 3

- 11:11:16.586 INFO: 108 alignments done

- 11:11:16.694 INFO: Rescoring previously found HMMs with Viterbi algorithm

- 11:11:16.735 INFO: Alternative alignment: 0

- 11:11:17.369 INFO: 2000 alignments done

- 11:11:17.988 INFO: 4000 alignments done

- 11:11:18.621 INFO: 6000 alignments done

- 11:11:19.268 INFO: 8000 alignments done

- 11:11:19.887 INFO: 10000 alignments done

- 11:11:20.496 INFO: 12000 alignments done

- 11:11:21.105 INFO: 14000 alignments done

- 11:11:21.660 INFO: 15810 alignments done

- 11:11:21.662 INFO: Alternative alignment: 1

- 11:11:27.002 INFO: 15810 alignments done

- 11:11:27.012 INFO: Alternative alignment: 2

- 11:11:27.624 INFO: 1272 alignments done

- 11:11:27.630 INFO: Alternative alignment: 3

- 11:11:27.755 INFO: 189 alignments done

- 11:11:28.028 INFO: Premerge done

- 11:11:28.029 INFO: Realigning 16425 HMM-HMM alignments using Maximum Accuracy algorithm

- 11:12:08.267 INFO: 16495 sequences belonging to 16495 database HMMs found with an E-value < 0.001

- 11:12:08.267 INFO: Number of effective sequences of resulting query HMM: Neff = 10.7154

     Query         v1ar_human P37288
     Match_columns 418
     No_of_seqs    2899 out of 232647
     Neff          10.7154
     Searched_HMMs 210352
     Date          Wed Mar  8 11:12:08 2023
     Command       hhblits -i v1ar_human-2176/msas/A/chain_A.fasta -cpu 4 -maxmem 20 -oa3m /projects/ilfgrid/people/nqz918/code/deorph/scripts/af_arman/af_jobs_af23/v1ar_human/2176//v1ar_human-2176/msas/A/bfd_uniref_hits.a3m -o /dev/null -n 3 -e 0.001 -maxseq 1000000 -realign_max 100000 -maxfilt 100000 -min_prefilter_hits 1000 -d /projects/ilfgrid/data/alphafold-genetic-databases///bfd/bfd_metaclust_clu_complete_id30_c90_final_seq.sorted_opt -d /projects/ilfgrid/data/alphafold-genetic-databases///uniref30/UniRef30_2021_03 
     
      No Hit                             Prob E-value P-value  Score    SS Cols Query HMM  Template HMM
       1 tr|V8NBS5|V8NBS5_OPHHA Vasopre 100.0 1.3E-84 1.3E-90  547.8   0.0  408    1-408    55-469 (469)
       2 UniRef100_A0A088DIX9 Vasotocin 100.0 1.4E-84 1.4E-90  569.2   0.0  416    1-418    94-516 (546)
       3 UniRef100_A0A3Q7TQI5 Vasopress 100.0 1.9E-84 1.9E-90  553.6   0.0  418    1-418   138-557 (557)
       4 UniRef100_A0A068BDA2 Vasopress 100.0 2.2E-82 2.3E-88  522.9   0.0  418    1-418     5-423 (423)
       5 tr|A0A2G9RDH8|A0A2G9RDH8_LITCT 100.0 6.4E-75 6.6E-81  494.1   0.0  408    1-417     1-519 (520)
       6 tr|A0A2D0T324|A0A2D0T324_ICTPU 100.0 3.2E-74 3.4E-80  494.0   0.0  364   37-409    45-411 (453)
       7 UniRef100_A0A060WIU8 G_PROTEIN 100.0 7.2E-74 7.4E-80  482.4   0.0  374   38-417    52-427 (458)
       8 UniRef100_A0A091G7A7 Vasopress 100.0   2E-72   2E-78  481.7   0.0  364   37-418    35-398 (398)
       9 UniRef100_A0A060XH94 G_PROTEIN 100.0 2.2E-72 2.2E-78  496.1   0.0  371   38-411   104-480 (542)
      10 tr|A0A146VCE1|A0A146VCE1_FUNHE 100.0 3.5E-67 3.7E-73  466.7   0.0  344   37-383    35-398 (592)
      11 UniRef100_UPI000E1DEBCC vasopr 100.0 2.4E-66 2.5E-72  440.7   0.0  378   39-418   228-609 (609)
      12 tr|A0A0P7TW44|A0A0P7TW44_9TELE 100.0 1.3E-63 1.3E-69  421.1   0.0  347   37-416    84-432 (434)
      13 UniRef100_A0A315VLZ3 G_PROTEIN 100.0 1.5E-63 1.6E-69  417.7   0.0  368   37-410    37-406 (529)
      14 tr|L5M9C0|L5M9C0_MYODS Oxytoci 100.0 1.1E-60 1.2E-66  416.4   0.0  298   40-366   143-440 (482)
      15 UniRef100_A0A060W145 G_PROTEIN 100.0 1.5E-60 1.6E-66  418.2   0.0  319   38-367   100-418 (567)
      16 tr|W4YZL0|W4YZL0_STRPU Unchara 100.0 3.9E-58 4.1E-64  399.9   0.0  328   38-371    39-395 (461)
      17 tr|A0A060WJQ0|A0A060WJQ0_ONCMY 100.0 2.3E-57 2.4E-63  372.9   0.0  349   38-390    29-377 (428)
      18 UniRef100_A0A6F9BCS3 G_PROTEIN 100.0 1.7E-56 1.7E-62  386.8   0.0  349   38-390   315-663 (697)
      19 tr|Q5MZ03|Q5MZ03_TAKRU Vasotoc 100.0 5.1E-56 5.2E-62  369.8   0.0  332   37-374    15-346 (447)
      20 UniRef100_A0A088DHW5 Vasotocin 100.0 5.3E-56 5.6E-62  389.5   0.0  324   41-370    45-390 (463)
      21 UniRef100_UPI0011C0F453 arg8-v 100.0 8.5E-56 8.8E-62  376.7   0.0  349   38-389   223-571 (597)
      22 UniRef100_A0A0K0PVK9 Vasotocin 100.0 4.6E-55 4.8E-61  392.9   0.0  313   43-361    53-381 (485)
      23 UniRef100_A0A0L8G5L6 G_PROTEIN 100.0 1.1E-54 1.2E-60  390.3   0.0  316   44-368    60-381 (505)
      24 tr|A0A1V4J9P2|A0A1V4J9P2_PATFA 100.0 1.9E-54   2E-60  384.4   0.0  302   41-356   351-652 (688)
      25 tr|T1JNT7|T1JNT7_STRMM Unchara 100.0 4.6E-54 4.8E-60  380.9   0.0  326   41-370    19-368 (471)
      26 UniRef100_A0A6P4Z4S7 G-protein 100.0 7.1E-54 7.5E-60  388.5   0.0  297   49-371    57-355 (417)
      27 tr|A0A1S3MHC2|A0A1S3MHC2_SALSA 100.0 8.7E-54   9E-60  383.4   0.0  326   40-370    98-590 (618)
      28 UniRef100_A0A1S3HKE5 allatosta 100.0 1.3E-53 1.4E-59  383.4   0.0  293   50-367    81-375 (462)
      29 UniRef100_A0A2G8KL37 Cholecyst 100.0 1.6E-53 1.7E-59  373.8   0.0  315   52-368    99-431 (493)
      30 UniRef100_A0A024FLF0 PQRFa pep 100.0 1.9E-53   2E-59  383.5   0.0  301   45-367    43-346 (413)
      31 UniRef100_A0A0K0PUR1 Orphan G- 100.0 2.5E-53 2.6E-59  384.9   0.0  295   46-363   109-407 (530)
      32 UniRef100_A0A164MD49 Putative  100.0 1.3E-52 1.4E-58  370.5   0.0  315   51-368    49-396 (498)
      33 UniRef100_A0A1D1W534 G_PROTEIN 100.0 2.7E-52 2.9E-58  380.9   0.0  317   50-369    77-435 (492)
      34 UniRef100_A0A026W5R0 Orexin re 100.0 3.2E-52 3.3E-58  377.8   0.0  307   50-368   116-427 (529)
      35 UniRef100_A0A026WK40 Cholecyst 100.0 3.2E-52 3.4E-58  386.6   0.0  317   51-370   154-546 (656)
      36 UniRef100_A0A060WC63 G_PROTEIN 100.0 3.7E-52 3.8E-58  363.2   0.0  313   39-365    97-409 (459)
      37 UniRef100_A0A141CIT8 G protein 100.0 6.3E-52 6.6E-58  368.5   0.0  300   43-369    78-378 (488)
      38 UniRef100_A0A6P4Y4T1 galanin r 100.0 1.2E-51 1.3E-57  360.2   0.0  299   47-370    54-354 (410)
      39 UniRef100_A0A177B9B5 Rhodopsin 100.0 2.6E-51 2.7E-57  358.5   0.0  311   48-365    87-400 (464)
      40 UniRef100_A0A060WAU0 G_PROTEIN 100.0 2.6E-51 2.8E-57  364.9   0.0  308   45-366   144-452 (529)
      41 UniRef100_A0A154PKR3 Tachykini 100.0 4.2E-51 4.4E-57  363.5   0.0  297   47-367    72-374 (457)
      42 UniRef100_A0A023F675 Putative  100.0 4.6E-51 4.8E-57  374.2   0.0  292   50-368   125-420 (530)
      43 UniRef100_A0A2B4S7K2 Histamine 100.0 6.4E-51 6.8E-57  360.5   0.0  308   42-372    23-332 (369)
      44 UniRef100_A0A026WTK8 Tachykini 100.0   8E-51 8.3E-57  366.0   0.0  292   52-368    90-389 (556)
      45 UniRef100_A0A1N7TCF1 Galanin r 100.0 1.2E-50 1.2E-56  354.7   0.0  289   51-370    71-363 (407)
      46 UniRef100_A0A1S3HEB7 cephaloto 100.0 1.2E-50 1.3E-56  357.1   0.0  311   42-357    61-398 (480)
      47 tr|A0A1L8GHK0|A0A1L8GHK0_XENLA 100.0 1.5E-50 1.5E-56  335.9   0.0  308   38-359    31-338 (402)
      48 UniRef100_A0A077Z2H9 Putative  100.0 1.5E-50 1.6E-56  362.8   0.0  313   54-367    74-396 (477)
      49 UniRef100_A0A026X3T6 Allatosta 100.0 1.6E-50 1.7E-56  363.8   0.0  288   50-369   138-427 (540)
      50 UniRef100_A0A0K0PUL8 Allatosta 100.0 1.9E-50   2E-56  354.5   0.0  292   50-368    49-345 (396)
      51 UniRef100_A0A6P4XD29 neuropept 100.0 2.1E-50 2.2E-56  350.4   0.0  296   46-363    36-338 (385)
      52 UniRef100_A0A061INJ6 Pyrogluta 100.0 2.8E-50   3E-56  372.0   0.0  297   53-366   154-457 (594)
      53 UniRef100_A0A0K0PUI9 Orphan G- 100.0 4.1E-50 4.3E-56  367.6   0.0  303   47-369    97-409 (534)
      54 tr|A0A088DHW5|A0A088DHW5_PETMA 100.0 5.7E-50 5.9E-56  338.1   0.0  316   40-361    34-352 (431)
      55 UniRef100_A0A0P0YUU8 Cannabino 100.0 6.2E-50 6.5E-56  353.7   0.0  314   55-371    86-421 (496)
      56 UniRef100_A0A2B4SDF9 Neuropept 100.0 6.7E-50   7E-56  353.0   0.0  293   51-370    89-382 (455)
      57 UniRef100_A0A1D2M4J2 Neuropept 100.0 7.5E-50 7.9E-56  355.3   0.0  298   46-367   121-423 (497)
      58 UniRef100_A0A060VSP8 5-hydroxy 100.0 8.4E-50 8.8E-56  357.3   0.0  307   52-370    88-418 (479)
      59 tr|A0A1U7TSJ4|A0A1U7TSJ4_TARSY 100.0   9E-50 9.4E-56  351.6   0.0  303   40-364   201-515 (600)
      60 UniRef100_A0A0K0PUT9 Excitator 100.0 9.7E-50   1E-55  360.2   0.0  300   48-369   100-403 (474)
      61 UniRef100_UPI0003314895 oxytoc 100.0 1.1E-49 1.2E-55  344.1   0.0  325   37-370   240-564 (602)
      62 tr|Q25396|Q25396_LYMST Conopre 100.0 1.1E-49 1.2E-55  353.1   0.0  310   40-355    59-399 (462)
      63 UniRef100_A0A026WW28 Neuropept 100.0 1.4E-49 1.4E-55  361.8   0.0  296   47-368    84-381 (552)
      64 tr|A0A1I8PIJ9|A0A1I8PIJ9_STOCA 100.0 1.7E-49 1.7E-55  360.0   0.0  296   51-370   169-470 (680)
      65 tr|A0A210Q294|A0A210Q294_MIZYE 100.0 1.7E-49 1.8E-55  342.9   0.0  317   41-360    37-363 (449)
      66 tr|C3XSP5|C3XSP5_BRAFL Unchara 100.0 1.9E-49   2E-55  336.5   0.0  297   52-370    28-329 (403)
      67 UniRef100_A0A060VUW6 G_PROTEIN 100.0 1.9E-49   2E-55  370.6   0.0  308   49-368   115-440 (574)
      68 UniRef100_A0A1S3J712 QRFP-like 100.0   2E-49   2E-55  357.4   0.0  290   53-366    69-370 (507)
      69 UniRef100_A0A096NAQ2 Cholecyst 100.0   2E-49 2.1E-55  355.9   0.0  315   51-366   150-500 (617)
      70 UniRef100_A0A210QEM7 Neuropept 100.0 2.2E-49 2.2E-55  345.1   0.0  296   48-369    47-348 (416)
      71 UniRef100_A0A6J8CLU9 HCRTR2 n= 100.0 2.5E-49 2.7E-55  343.0   0.0  312   44-370    45-361 (422)
      72 UniRef100_A0A139WB32 Tachykini 100.0 2.9E-49 3.1E-55  345.6   0.0  295   52-370    44-345 (405)
      73 UniRef100_A0A2B4SKI0 Tachykini 100.0 3.1E-49 3.3E-55  364.0   0.0  294   48-367    88-390 (469)
      74 UniRef100_A0A060W5Z4 G_PROTEIN 100.0 3.2E-49 3.4E-55  357.3   0.0  282   51-368   190-475 (593)
      75 UniRef100_A0A369RW72 Octopamin 100.0 3.2E-49 3.4E-55  358.1   0.0  301   48-363    51-354 (412)
      76 UniRef100_A0A662YRT1 Vasopress 100.0 5.2E-49 5.3E-55  319.3   0.0  308   88-418     1-308 (308)
      77 tr|A0A0K0PUK7|A0A0K0PUK7_PLADU 100.0 5.5E-49 5.7E-55  349.7   0.0  319   42-368    24-366 (607)
      78 tr|A0A0P7U387|A0A0P7U387_9TELE 100.0   7E-49 7.2E-55  345.5   0.0  284   51-367   128-415 (556)
      79 UniRef100_A0A2B4RSM5 Neuropept 100.0 7.8E-49 8.1E-55  343.7   0.0  291   48-369    33-326 (417)
      80 tr|A0A0N8JZL4|A0A0N8JZL4_9TELE 100.0   8E-49 8.3E-55  344.4   0.0  306   41-367    94-412 (482)
      81 UniRef100_A0A060X5Z5 G_PROTEIN 100.0 7.9E-49 8.3E-55  355.7   0.0  299   50-367    82-384 (522)
      82 UniRef100_A0A087UNN0 Neuropept 100.0 8.1E-49 8.4E-55  344.8   0.0  297   49-369    91-395 (470)
      83 tr|A0A1I8M930|A0A1I8M930_MUSDO 100.0 8.4E-49 8.8E-55  369.2   0.0  305   52-365   189-576 (963)
      84 UniRef100_A0A0K0PUX7 Orphan G- 100.0 8.6E-49   9E-55  352.9   0.0  292   48-368    59-355 (471)
      85 UniRef100_A0A060X1Q6 Somatosta 100.0   1E-48 1.1E-54  357.8   0.0  282   49-366   137-423 (604)
      86 tr|A0A1W4ZX05|A0A1W4ZX05_9TELE 100.0 1.1E-48 1.1E-54  346.8   0.0  311   41-366    59-384 (480)
      87 UniRef100_B5UA19 Vasopressin/o 100.0 1.1E-48 1.1E-54  340.4   0.0  319   41-363    33-369 (486)
      88 tr|A0A2C9JWF9|A0A2C9JWF9_BIOGL 100.0 1.1E-48 1.2E-54  347.1   0.0  301   50-370    64-368 (403)
      89 UniRef100_A0A2H8TNJ5 Neuropept 100.0 1.2E-48 1.3E-54  346.6   0.0  294   47-363   151-449 (528)
      90 tr|L7LZ94|L7LZ94_9ACAR Putativ 100.0 1.3E-48 1.4E-54  335.9   0.0  294   48-370    99-395 (438)
      91 UniRef100_A0A060X360 G_PROTEIN 100.0 1.3E-48 1.4E-54  343.0   0.0  286   52-368   100-389 (477)
      92 UniRef100_A0A0P5DAK4 Orexin re 100.0 1.6E-48 1.7E-54  344.8   0.0  311   53-367   108-430 (505)
      93 tr|A0A0P4XBU7|A0A0P4XBU7_9CRUS 100.0   2E-48 2.1E-54  353.3   0.0  300   41-363    50-411 (557)
      94 UniRef100_A0A0K0PUH1 Orphan G- 100.0 2.2E-48 2.3E-54  332.8   0.0  302   42-367    43-348 (413)
      95 tr|M3ZFE6|M3ZFE6_XIPMA Somatos 100.0 2.4E-48 2.4E-54  340.1   0.0  282   51-367   104-389 (525)
      96 UniRef100_A0A068YB14 Neuropept 100.0 2.4E-48 2.5E-54  350.9   0.0  299   48-367    51-352 (448)
      97 UniRef100_A0A0K0PUH0 Orphan G- 100.0 2.9E-48   3E-54  358.3   0.0  307   54-362   139-468 (583)
      98 tr|A0A210R0K7|A0A210R0K7_MIZYE 100.0   3E-48 3.1E-54  336.3   0.0  325   43-370    65-428 (470)
      99 UniRef100_A0A0L8I310 G_PROTEIN 100.0   3E-48 3.1E-54  348.8   0.0  310   53-364    47-365 (468)
     100 UniRef100_A0A498LR15 TESPA1-li 100.0   3E-48 3.1E-54  350.3   0.0  336   15-361     7-342 (947)
     101 UniRef100_A0A1S3H6K0 neuropept 100.0 3.2E-48 3.4E-54  352.4   0.0  303   41-367    46-357 (470)
     102 UniRef100_A0A0K0PUH3 Allatotro 100.0   4E-48 4.2E-54  335.7   0.0  306   50-369    67-375 (424)
     103 UniRef100_A0A026WK16 Tachykini 100.0 4.9E-48 5.1E-54  348.6   0.0  293   52-368   183-482 (641)
     104 UniRef100_A0A061A7W5 G_PROTEIN 100.0   5E-48 5.3E-54  346.6   0.0  295   51-367    61-358 (473)
     105 tr|A0A0P7TYE1|A0A0P7TYE1_9TELE 100.0 6.4E-48 6.7E-54  338.3   0.0  323   46-369   118-475 (507)
     106 UniRef100_A0A0C9QBK4 GHSR_0 pr 100.0 6.9E-48 7.3E-54  359.9   0.0  294   48-365   169-472 (591)
     107 UniRef100_A0A060X690 G_PROTEIN 100.0 7.2E-48 7.5E-54  331.8   0.0  295   42-367    37-335 (386)
     108 tr|A0A0F8ARD3|A0A0F8ARD3_LARCR 100.0 8.1E-48 8.4E-54  333.2   0.0  280   51-366    53-337 (464)
     109 tr|A0A1L8G1N6|A0A1L8G1N6_XENLA 100.0 8.2E-48 8.6E-54  335.2   0.0  282   51-368   116-399 (448)
     110 tr|A0A1V4JMN9|A0A1V4JMN9_PATFA 100.0 9.1E-48 9.4E-54  336.3   0.0  315   47-363    88-417 (537)
     111 UniRef100_A0A087X575 NPY-Y2 re 100.0 9.1E-48 9.5E-54  336.2   0.0  295   50-367    72-371 (426)
     112 UniRef100_A0A1D1UIJ7 G_PROTEIN 100.0 9.5E-48 9.9E-54  336.7   0.0  319   42-364    96-430 (540)
     113 UniRef100_A0A0K0PUV0 FVRIamide 100.0 1.2E-47 1.3E-53  342.0   0.0  306   51-366    52-377 (458)
     114 tr|A0A182G4E1|A0A182G4E1_AEDAL 100.0 1.4E-47 1.5E-53  342.6   0.0  303   43-369    59-372 (534)
     115 UniRef100_A0A077YWL6 Somatosta 100.0 1.5E-47 1.6E-53  347.1   0.0  292   52-370    66-363 (446)
     116 tr|A0A0P7U0M1|A0A0P7U0M1_9TELE 100.0 1.6E-47 1.7E-53  327.3   0.0  300   52-368   102-412 (440)
     117 UniRef100_A0A3M6T6P4 G_PROTEIN 100.0 1.9E-47   2E-53  340.5   0.0  290   54-370    58-357 (465)
     118 UniRef100_A0A060W247 Cholecyst 100.0   2E-47 2.1E-53  343.0   0.0  317   50-367   126-476 (563)
     119 UniRef100_A0A034WDF0 Allatosta 100.0 2.1E-47 2.2E-53  341.5   0.0  291   50-369    94-387 (459)
     120 UniRef100_A0A0B4LHT6 RYamide r 100.0 2.1E-47 2.2E-53  343.1   0.0  290   51-365   114-409 (524)
     121 UniRef100_A0A1D1VDY3 G_PROTEIN 100.0 2.2E-47 2.3E-53  342.4   0.0  293   52-367   134-446 (557)
     122 UniRef100_A0A026WIP6 Cholecyst 100.0 2.3E-47 2.4E-53  353.0   0.0  321   49-370   168-532 (636)
     123 UniRef100_A0A2B4SKX3 Cholecyst 100.0 3.1E-47 3.2E-53  333.2   0.0  316   45-370    65-415 (428)
     124 UniRef100_A0A026VWL4 Cardioacc 100.0 3.2E-47 3.4E-53  344.8   0.0  299   54-362   119-417 (565)
     125 tr|A0A1W2W3E6|A0A1W2W3E6_CIOIN 100.0 3.4E-47 3.5E-53  331.6   0.0  288   51-368    57-352 (487)
     126 UniRef100_A0A0L8HHE2 G_PROTEIN 100.0 3.7E-47 3.9E-53  332.7   0.0  290   56-370     5-302 (385)
     127 tr|U3U4G7|U3U4G7_NILLU Neurope 100.0   4E-47 4.1E-53  326.9   0.0  306   41-368    20-331 (446)
     128 tr|A0A1D2NMB6|A0A1D2NMB6_ORCCI 100.0 4.4E-47 4.6E-53  335.4   0.0  295   52-370   152-453 (520)
     129 UniRef100_A0A2B4S0J6 Somatosta 100.0 4.4E-47 4.7E-53  349.1   0.0  291   46-364    78-376 (457)
     130 UniRef100_A0A0N0PF28 Orexin re 100.0 4.7E-47 4.9E-53  340.4   0.0  310   51-363   136-455 (588)
     131 UniRef100_A0A068WW83 Allatosta 100.0 4.8E-47 5.1E-53  342.9   0.0  283   47-361    62-347 (432)
     132 UniRef100_A0A023F668 Putative  100.0 5.5E-47 5.8E-53  331.7   0.0  296   47-368    81-378 (484)
     133 tr|V8PD93|V8PD93_OPHHA Type-2  100.0 5.7E-47   6E-53  338.5   0.0  283   49-365    73-366 (412)
     134 UniRef100_A0A210QT45 G-protein 100.0 5.9E-47 6.2E-53  330.4   0.0  310   40-368    47-358 (472)
     135 UniRef100_A0A556VY10 RING-type 100.0 6.4E-47 6.6E-53  333.3   0.0  322   38-368   453-774 (816)
     136 UniRef100_A0A091EBV8 Type-1 an 100.0 6.5E-47 6.8E-53  351.4   0.0  276   50-365   346-628 (715)
     137 tr|G3S2I3|G3S2I3_GORGO Opioid  100.0 6.7E-47 6.9E-53  328.9   0.0  282   48-362   159-444 (492)
     138 UniRef100_A0A2B4RHY9 Pyrogluta 100.0 6.9E-47 7.3E-53  347.7   0.0  290   47-368    77-372 (455)
     139 UniRef100_A0A2B4RHL7 Galanin r 100.0   7E-47 7.3E-53  323.2   0.0  282   47-367    28-310 (406)
     140 UniRef100_A0A068FLK6 Arginine  100.0 7.1E-47 7.3E-53  317.6   0.0  306   43-364    52-357 (410)
     141 UniRef100_A0A1S3IX78 RYamide r 100.0   7E-47 7.3E-53  330.2   0.0  297   42-363    44-344 (444)
     142 UniRef100_A0A0L7KZ56 Neuropept 100.0 7.6E-47   8E-53  335.7   0.0  294   48-365    83-383 (509)
     143 UniRef100_A0A1V9XU68 Tyramine/ 100.0 8.4E-47 8.8E-53  332.2   0.0  310   43-370    44-356 (408)
     144 UniRef100_A0A060WN43 G_PROTEIN 100.0 8.7E-47   9E-53  323.0   0.0  323   41-370    95-418 (493)
     145 UniRef100_A0A087RJN6 Somatosta 100.0 8.5E-47   9E-53  339.8   0.0  281   50-365    59-341 (391)
     146 tr|R4J1H6|R4J1H6_SALSA Cholecy 100.0 8.8E-47 9.1E-53  325.0   0.0  320   51-371    46-410 (461)
     147 tr|A0A1W4XMZ2|A0A1W4XMZ2_AGRPL 100.0 9.1E-47 9.4E-53  322.2   0.0  310   41-360    19-334 (436)
     148 UniRef100_A0A226DFM2 Neuropept 100.0 9.9E-47   1E-52  334.6   0.0  291   50-363   104-399 (523)
     149 UniRef100_A0A060VVF8 G_PROTEIN 100.0   1E-46 1.1E-52  344.1   0.0  284   48-365   136-431 (511)
     150 UniRef100_A0A1L8GQY3 Alpha-1B  100.0 1.2E-46 1.2E-52  332.7   0.0  304   51-368    46-369 (510)
     151 tr|C3XVS5|C3XVS5_BRAFL Unchara 100.0 1.2E-46 1.3E-52  324.8   0.0  298   49-368    65-364 (425)
     152 UniRef100_A0A026WZ61 G_PROTEIN 100.0 1.2E-46 1.3E-52  323.1   0.0  313   41-365    63-380 (441)
     153 tr|A0A2B4SID7|A0A2B4SID7_STYPI 100.0 1.3E-46 1.3E-52  338.1   0.0  293   47-368    27-328 (422)
     154 UniRef100_A0A1S3KA35 Alpha-1B  100.0 1.3E-46 1.3E-52  339.9   0.0  313   47-371    85-423 (551)
     155 UniRef100_A0A0P4WBA5 G_PROTEIN 100.0 1.3E-46 1.4E-52  328.9   0.0  325   41-367    64-408 (506)
     156 UniRef100_A0A1V4KIE8 Beta-1 ad 100.0 1.7E-46 1.8E-52  354.7   0.0  307   56-370    34-352 (512)
     157 UniRef100_A0A210QYW2 Cardioacc 100.0 1.8E-46 1.8E-52  339.0   0.0  309   51-360    50-363 (499)
     158 tr|A0A151NBW9|A0A151NBW9_ALLMI 100.0 2.1E-46 2.2E-52  329.2   0.0  306   42-366    71-390 (472)
     159 tr|Q25397|Q25397_LYMST Conopre 100.0 2.1E-46 2.2E-52  323.9   0.0  316   41-360    40-387 (520)
     160 tr|A0A1D2MSE1|A0A1D2MSE1_ORCCI 100.0 2.2E-46 2.3E-52  342.6   0.0  302   43-368   102-407 (615)
     161 UniRef100_A0A0K0PUK8 FMRFamide 100.0 2.3E-46 2.4E-52  341.1   0.0  298   47-370    54-360 (471)
     162 UniRef100_A0A060W9T7 G_PROTEIN 100.0 2.5E-46 2.6E-52  330.2   0.0  285   52-368   186-473 (616)
     163 UniRef100_A0A662YU35 Protein p 100.0 2.6E-46 2.7E-52  327.7   0.0  280   38-324    36-315 (765)
     164 UniRef100_A0A0K0PUK6 Orphan G- 100.0 2.7E-46 2.8E-52  323.6   0.0  294   54-370    69-376 (448)
     165 UniRef100_A0A2G8JR46 Putative  100.0 2.9E-46   3E-52  336.3   0.0  289   54-367    65-356 (411)
     166 tr|A0A0P5PA10|A0A0P5PA10_9CRUS 100.0 3.3E-46 3.4E-52  335.0   0.0  291   49-363   144-441 (705)
     167 UniRef100_A0A026VW91 Neuropept 100.0 3.7E-46 3.8E-52  324.0   0.0  298   49-369   186-491 (582)
     168 tr|E0D358|E0D358_HEMPU Dopamin 100.0 3.7E-46 3.8E-52  325.4   0.0  292   55-369    28-330 (435)
     169 tr|W4Z2N2|W4Z2N2_STRPU Unchara 100.0 3.7E-46 3.9E-52  316.9   0.0  295   51-368    56-353 (406)
     170 UniRef100_A0A0N0PEL7 Tachykini 100.0 3.9E-46   4E-52  326.4   0.0  293   53-369    57-356 (454)
     171 tr|A0A0S1YD80|A0A0S1YD80_CHISP 100.0 4.1E-46 4.2E-52  328.1   0.0  299   51-369   164-466 (513)
     172 UniRef100_A0A0S1YDA0 Neuropept 100.0 4.3E-46 4.4E-52  333.8   0.0  295   51-369    94-394 (509)
     173 UniRef100_A0A087XZI9 Arginine  100.0 4.5E-46 4.7E-52  322.9   0.0  323   42-369   108-491 (522)
     174 UniRef100_A0A182H1J6 G_PROTEIN 100.0 4.6E-46 4.7E-52  345.9   0.0  315   50-366   317-793 (1005)
     175 tr|A0A1D1UXI1|A0A1D1UXI1_RAMVA 100.0 4.9E-46 5.1E-52  326.5   0.0  289   52-368    82-376 (499)
     176 tr|A0A2B4RXD1|A0A2B4RXD1_STYPI 100.0 5.1E-46 5.3E-52  321.9   0.0  293   45-368    87-382 (416)
     177 UniRef100_A0A0L8H201 G_PROTEIN 100.0 5.1E-46 5.3E-52  321.5   0.0  296   50-370    84-385 (461)
     178 UniRef100_A0A087XDT1 Somatosta 100.0 5.3E-46 5.5E-52  333.4   0.0  279   52-365   169-451 (676)
     179 UniRef100_A0A3M6U5X4 G_PROTEIN 100.0 5.9E-46 6.1E-52  315.6   0.0  284   48-367    35-320 (339)
     180 UniRef100_A0A091DWF1 Somatosta 100.0   6E-46 6.3E-52  326.0   0.0  285   47-366   151-439 (523)
     181 tr|A0A1V4J9T1|A0A1V4J9T1_PATFA 100.0 6.6E-46 6.9E-52  316.3   0.0  285   52-368    69-356 (461)
     182 tr|K7GCC3|K7GCC3_PELSI Adrenoc 100.0 6.8E-46 7.1E-52  322.2   0.0  315   47-369    37-365 (488)
     183 UniRef100_A0A1S3F7I6 neuropept 100.0 7.2E-46 7.5E-52  337.1   0.0  305   40-364   239-554 (712)
     184 UniRef100_A0A2B4SVS8 Neuropept 100.0 7.6E-46   8E-52  336.0   0.0  297   46-370    83-385 (480)
     185 UniRef100_A0A0L8GIM4 G_PROTEIN 100.0 8.3E-46 8.7E-52  339.1   0.0  295   47-364    92-392 (481)
     186 UniRef100_A7RGN9 Predicted pro 100.0 8.5E-46 8.9E-52  312.6   0.0  293   41-366    20-313 (317)
     187 UniRef100_A0A061IN14 NK-3 rece 100.0 8.7E-46   9E-52  337.6   0.0  301   42-369   224-525 (662)
     188 UniRef100_A0A044T5H8 G_PROTEIN 100.0 8.9E-46 9.3E-52  338.0   0.0  307   52-368   246-569 (693)
     189 UniRef100_A0A087XYG0 AVPR V2 n 100.0 9.2E-46 9.6E-52  336.0   0.0  324   41-369   167-599 (674)
     190 UniRef100_A0A060VP48 G_PROTEIN 100.0 9.5E-46   1E-51  344.4   0.0  295   49-367   152-450 (580)
     191 UniRef100_A0A2B4SVC4 Dopamine  100.0 9.9E-46   1E-51  323.5   0.0  279   44-366    48-329 (397)
     192 UniRef100_UPI00174A8E0E vasopr 100.0   1E-45 1.1E-51  313.5   0.0  330   38-369    21-359 (547)
     193 UniRef100_A0A1D1V5S1 G_PROTEIN 100.0   1E-45 1.1E-51  324.4   0.0  304   49-369    54-361 (484)
     194 UniRef100_A0A7M7HFU8 G_PROTEIN 100.0 1.1E-45 1.1E-51  333.2   0.0  295   49-367    62-364 (423)
     195 tr|A0A2B4SUH3|A0A2B4SUH3_STYPI 100.0 1.2E-45 1.3E-51  323.3   0.0  299   51-368    25-332 (385)
     196 UniRef100_A0A060WEJ5 G_PROTEIN 100.0 1.5E-45 1.6E-51  334.7   0.0  305   53-368   115-457 (544)
     197 tr|A0A147A4W2|A0A147A4W2_FUNHE 100.0 1.6E-45 1.6E-51  324.9   0.0  319   52-372    95-448 (502)
     198 UniRef100_A0A084WIC4 Short neu 100.0 1.7E-45 1.8E-51  328.3   0.0  298   47-368    88-387 (551)
     199 UniRef100_A0A2B4R9G2 Melatonin 100.0 1.7E-45 1.8E-51  339.2   0.0  294   42-367    71-366 (461)
     200 UniRef100_UPI0003F07467 orexin 100.0 1.9E-45 1.9E-51  328.2   0.0  311   52-364    78-412 (535)
     201 tr|A0A1L1UV54|A0A1L1UV54_IXOSC 100.0 1.9E-45   2E-51  320.3   0.0  325   41-367    28-363 (471)
     202 UniRef100_A0A084WFJ7 AGAP00011 100.0   2E-45 2.1E-51  329.2   0.0  286   49-362    85-375 (519)
     203 tr|A0A1A9ZAD8|A0A1A9ZAD8_GLOPL 100.0   2E-45 2.1E-51  323.3   0.0  292   51-366   122-420 (574)
     204 UniRef100_A0A1V9X0K3 Putative  100.0 2.3E-45 2.4E-51  321.3   0.0  319   40-363    63-412 (540)
     205 UniRef100_A0A087R2J6 Neuropept 100.0 2.4E-45 2.5E-51  331.5   0.0  303   41-364   202-516 (638)
     206 UniRef100_A0A087R306 Hypocreti 100.0 2.6E-45 2.7E-51  324.8   0.0  317   49-367   148-479 (594)
     207 UniRef100_A0A068WVN8 Biogenic  100.0 2.7E-45 2.8E-51  339.0   0.0  306   51-367   120-507 (641)
     208 UniRef100_A0A4Z2F4A3 [Arg8]-va 100.0 2.9E-45 2.9E-51  302.0   0.0  285   38-324    34-318 (424)
     209 UniRef100_A0A023F8Q5 Putative  100.0 2.8E-45   3E-51  319.6   0.0  301   55-362    86-386 (463)
     210 UniRef100_A0A3M6TKX3 G_PROTEIN 100.0 2.9E-45   3E-51  325.3   0.0  291   49-367    73-374 (427)
     211 UniRef100_A0A067QQU1 Cholecyst 100.0 3.1E-45 3.2E-51  321.0   0.0  310   56-366     6-332 (404)
     212 tr|B4KC34|B4KC34_DROMO Unchara 100.0 3.3E-45 3.4E-51  333.8   0.0  292   52-367   193-492 (670)
     213 UniRef100_A0A2B4SQU8 Orexin re 100.0 3.3E-45 3.4E-51  311.0   0.0  305   53-370    38-349 (370)
     214 UniRef100_A0A2G8L6L1 Putative  100.0 3.3E-45 3.5E-51  318.7   0.0  280   52-368    36-325 (407)
     215 UniRef100_A0A2B4RPR9 Allatosta 100.0 3.5E-45 3.6E-51  329.8   0.0  289   48-364    44-341 (446)
     216 tr|A0A212EZN3|A0A212EZN3_DANPL 100.0 3.7E-45 3.8E-51  321.4   0.0  303   43-369    46-356 (488)
     217 tr|W5MC67|W5MC67_LEPOC Pyroglu 100.0 3.8E-45 3.9E-51  314.2   0.0  300   53-369    55-361 (441)
     218 UniRef100_A0A1A8A5V9 Arginine  100.0 3.8E-45   4E-51  310.8   0.0  321   42-367    60-431 (451)
     219 tr|A0A1A8LLP2|A0A1A8LLP2_9TELE 100.0 3.9E-45   4E-51  317.5   0.0  306   47-369    89-399 (455)
     220 UniRef100_A0A0X7YAU3 ACP recep 100.0 4.1E-45 4.3E-51  329.4   0.0  300   52-362    83-385 (492)
     221 UniRef100_A0A1L8FNX2 G_PROTEIN 100.0 4.1E-45 4.3E-51  321.7   0.0  276   53-366    64-342 (400)
     222 tr|A0A146TL67|A0A146TL67_FUNHE 100.0 4.3E-45 4.5E-51  337.4   0.0  293   45-368    20-405 (442)
     223 UniRef100_A0A1J1I7G5 CLUMA_CG0 100.0 4.5E-45 4.7E-51  321.8   0.0  290   54-368    79-374 (500)
     224 tr|A0A2H1W6Q0|A0A2H1W6Q0_SPOFR 100.0 4.6E-45 4.8E-51  321.8   0.0  298   49-371    68-367 (466)
     225 UniRef100_A0A091R746 Beta-1 ad 100.0 4.8E-45   5E-51  324.9   0.0  308   55-368   138-453 (572)
     226 tr|A0A0V1MVC7|A0A0V1MVC7_9BILA 100.0 5.3E-45 5.5E-51  328.1   0.0  299   44-369    73-380 (598)
     227 tr|A0A218UB83|A0A218UB83_9PASE 100.0 5.4E-45 5.6E-51  328.0   0.0  308   50-369   192-514 (631)
     228 UniRef100_A0A2B4S4U3 Beta-2 ad 100.0 5.4E-45 5.7E-51  312.5   0.0  297   45-367    22-321 (372)
     229 UniRef100_A0A068WKU9 Neuropept 100.0 5.7E-45 5.9E-51  321.3   0.0  291   49-365    70-365 (451)
     230 tr|A0A182QHF8|A0A182QHF8_9DIPT 100.0 5.8E-45   6E-51  323.0   0.0  304   42-368    91-407 (581)
     231 tr|A0A1S3IXU4|A0A1S3IXU4_LINUN 100.0   6E-45 6.2E-51  315.5   0.0  292   48-370    54-348 (440)
     232 UniRef100_A0A1I8HKX2 G_PROTEIN 100.0 6.2E-45 6.5E-51  322.3   0.0  306   51-369    40-413 (442)
     233 UniRef100_A0A401NJB3 G_PROTEIN 100.0 6.4E-45 6.6E-51  321.9   0.0  316   47-370    37-362 (517)
     234 tr|S9YJE2|S9YJE2_CAMFR Somatos 100.0 6.4E-45 6.7E-51  312.5   0.0  284   49-364   110-397 (438)
     235 tr|A0A0L0BYA7|A0A0L0BYA7_LUCCU 100.0 6.5E-45 6.7E-51  324.6   0.0  306   53-368   312-627 (678)
     236 UniRef100_A0A061QHX0 Putative  100.0 6.4E-45 6.7E-51  331.9   0.0  307   51-367   132-507 (563)
     237 UniRef100_A0A7M7SYV2 G_PROTEIN 100.0 6.5E-45 6.8E-51  328.7   0.0  299   55-366    71-397 (630)
     238 tr|A0A1W4X1F3|A0A1W4X1F3_AGRPL 100.0 6.8E-45 7.1E-51  319.1   0.0  297   50-369   132-436 (485)
     239 tr|A0A0K8WE96|A0A0K8WE96_BACLA 100.0 7.1E-45 7.4E-51  322.8   0.0  302   55-361   160-467 (540)
     240 UniRef100_A0A0P5DS31 Neuropept 100.0 7.5E-45 7.8E-51  312.0   0.0  299   48-369    82-389 (482)
     241 UniRef100_A0A2B4RGU4 5-hydroxy 100.0 7.4E-45 7.9E-51  335.1   0.0  302   48-367    62-370 (478)
     242 UniRef100_A0A151N382 Galanin r 100.0 7.8E-45   8E-51  304.0   0.0  287   52-370    31-319 (392)
     243 UniRef100_A0A087T336 Somatosta 100.0 7.9E-45 8.2E-51  318.9   0.0  285   52-368    78-368 (454)
     244 UniRef100_A0A0S1YD99 Neuropept 100.0 7.9E-45 8.2E-51  310.7   0.0  293   52-370    76-375 (423)
     245 tr|A0A1S3FYW5|A0A1S3FYW5_DIPOR 100.0   8E-45 8.3E-51  305.2   0.0  288   52-370    70-361 (385)
     246 UniRef100_A0A3M6UAU0 G_PROTEIN 100.0 8.1E-45 8.4E-51  325.8   0.0  297   46-365    30-327 (552)
     247 UniRef100_A0A2G8KMT5 G_PROTEIN 100.0 8.4E-45 8.8E-51  317.6   0.0  286   52-364    37-324 (402)
     248 UniRef100_A0A060XP11 G_PROTEIN 100.0 8.5E-45 8.9E-51  325.7   0.0  290   52-367    91-392 (497)
     249 tr|A0A0P6IZB8|A0A0P6IZB8_9CRUS 100.0 8.5E-45 8.9E-51  321.6   0.0  292   51-369   202-496 (559)
     250 tr|A0A2B4SAJ4|A0A2B4SAJ4_STYPI 100.0 8.8E-45 9.2E-51  320.4   0.0  296   44-366    21-332 (434)
     251 UniRef100_A0A087U880 Neuropept 100.0 8.9E-45 9.3E-51  317.2   0.0  297   43-364    60-360 (401)
     252 tr|A0A151ITZ3|A0A151ITZ3_9HYME 100.0 9.1E-45 9.5E-51  319.4   0.0  306   53-368    69-420 (481)
     253 ERR1719510_236906              100.0 9.3E-45 9.8E-51  330.0   0.0  298   49-372    80-378 (577)
     254 UniRef100_A0A087QH91 Melanopsi 100.0 9.5E-45 9.9E-51  330.2   0.0  297   50-368   102-400 (629)
     255 UniRef100_A0A3M6UME8 G_PROTEIN 100.0 9.5E-45 9.9E-51  317.2   0.0  289   47-368    35-326 (383)
     256 tr|A0A2B4SKI0|A0A2B4SKI0_STYPI 100.0 9.5E-45   1E-50  324.1   0.0  289   51-368    97-402 (458)
     257 UniRef100_A0A140F312 Arg8-vaso 100.0 9.7E-45   1E-50  280.4   0.0  224  194-418     4-227 (227)
     258 UniRef100_A0A060VZ71 G_PROTEIN 100.0 9.9E-45   1E-50  331.2   0.0  302   41-363   218-531 (650)
     259 UniRef100_A0A084VLD5 AGAP00422 100.0   1E-44   1E-50  326.3   0.0  301   55-366   247-594 (695)
     260 tr|A0A0P6C571|A0A0P6C571_9CRUS 100.0   1E-44 1.1E-50  317.0   0.0  312   54-366    58-444 (558)
     261 UniRef100_A0A060X1U9 G_PROTEIN 100.0   1E-44 1.1E-50  327.2   0.0  305   51-367   138-457 (633)
     262 UniRef100_A0A2B4S7A4 Alpha-1A  100.0   1E-44 1.1E-50  317.6   0.0  266   51-366    39-308 (392)
     263 tr|A7SD89|A7SD89_NEMVE Predict 100.0 1.1E-44 1.1E-50  303.0   0.0  304   41-369    27-332 (355)
     264 tr|A0A232F0R3|A0A232F0R3_9HYME 100.0 1.1E-44 1.2E-50  312.7   0.0  284   52-368   104-424 (458)
     265 UniRef100_A0A193KU97 GCR058 n= 100.0 1.1E-44 1.2E-50  309.7   0.0  297   51-366    25-330 (379)
     266 tr|G1TA00|G1TA00_RABIT Vasopre 100.0 1.2E-44 1.2E-50  308.0   0.0  316   41-368   102-420 (446)
     267 UniRef100_A0A060VWI9 G_PROTEIN 100.0 1.2E-44 1.3E-50  323.8   0.0  309   52-367    61-394 (579)
     268 UniRef100_A0A091L2D9 Orexin re 100.0 1.3E-44 1.3E-50  307.7   0.0  315   52-368    13-342 (386)
     269 UniRef100_A0A210QHM7 G-protein 100.0 1.3E-44 1.3E-50  323.3   0.0  296   52-371    80-379 (492)
     270 tr|A0A146U732|A0A146U732_FUNHE 100.0 1.3E-44 1.3E-50  343.2   0.0  312   46-364   186-544 (590)
     271 UniRef100_A0A067R4E0 Tachykini 100.0 1.4E-44 1.4E-50  314.6   0.0  290   51-364    49-341 (396)
     272 tr|A0A091DWF1|A0A091DWF1_FUKDA 100.0 1.4E-44 1.4E-50  310.1   0.0  284   46-365   151-439 (483)
     273 tr|A0A146YGA5|A0A146YGA5_FUNHE 100.0 1.4E-44 1.5E-50  330.9   0.0  310   47-368    26-341 (521)
     274 UniRef100_F6ZHC8 Uncharacteriz 100.0 1.4E-44 1.5E-50  320.3   0.0  312   53-366    89-463 (520)
     275 tr|L9JDH9|L9JDH9_TUPCH Orexin  100.0 1.5E-44 1.6E-50  319.5   0.0  322   47-369   215-575 (621)
     276 UniRef100_A0A3M6TAE6 G_PROTEIN 100.0 1.5E-44 1.6E-50  319.7   0.0  270   53-367    93-368 (443)
     277 tr|J9K651|J9K651_ACYPI Unchara 100.0 1.6E-44 1.6E-50  311.2   0.0  294   48-364    86-384 (440)
     278 UniRef100_A0A026WCQ7 Tyramine  100.0 1.6E-44 1.7E-50  338.7   0.0  304   51-369   183-589 (665)
     279 tr|A0A139WLV7|A0A139WLV7_TRICA 100.0 1.7E-44 1.8E-50  328.9   0.0  300   46-368   393-698 (792)
     280 UniRef100_A0A6P8IFK2 neuromedi 100.0 1.7E-44 1.8E-50  310.6   0.0  287   52-366    26-320 (363)
     281 UniRef100_A0A034WA99 Cardioacc 100.0 1.7E-44 1.8E-50  323.0   0.0  293   55-362   248-540 (678)
     282 UniRef100_A0A2B4SC76 Substance 100.0 1.7E-44 1.8E-50  327.0   0.0  293   46-365    49-350 (461)
     283 UniRef100_A0A087YQK7 Adrenocep 100.0 1.8E-44 1.9E-50  323.9   0.0  306   56-369   134-453 (617)
     284 UniRef100_A0A060WMC3 Alpha-1D  100.0 1.9E-44 1.9E-50  319.8   0.0  303   54-368   113-433 (564)
     285 UniRef100_A0A146M155 Neuropept 100.0   2E-44 2.1E-50  320.0   0.0  294   53-365    55-360 (488)
     286 tr|W8C2A8|W8C2A8_CERCA Neurope 100.0 2.1E-44 2.2E-50  331.6   0.0  290   51-364   264-561 (827)
     287 tr|A0A218UWX7|A0A218UWX7_9PASE 100.0 2.3E-44 2.4E-50  316.8   0.0  297   46-369    35-342 (474)
     288 UniRef100_A0A0E3EKU4 Allatotro 100.0 2.5E-44 2.5E-50  314.9   0.0  296   52-367   132-431 (562)
     289 UniRef100_A0A060YY06 G_PROTEIN 100.0 2.5E-44 2.6E-50  318.7   0.0  300   42-364    94-405 (490)
     290 UniRef100_A0A087XT11 Alpha-1B  100.0 2.6E-44 2.6E-50  319.2   0.0  307   50-368    78-405 (622)
     291 tr|A0A2B4RSD1|A0A2B4RSD1_STYPI 100.0 2.6E-44 2.7E-50  326.0   0.0  315   45-369    44-383 (430)
     292 tr|A0A1S3NNV5|A0A1S3NNV5_SALSA 100.0 2.8E-44 2.9E-50  314.4   0.0  312   41-364    52-377 (499)
     293 tr|A0A2G8KL37|A0A2G8KL37_STIJA 100.0 2.9E-44   3E-50  303.9   0.0  317   51-369    49-401 (439)
     294 UniRef100_A0A2B4RXD1 Neuropept 100.0 3.1E-44 3.2E-50  318.4   0.0  291   48-368    91-383 (461)
     295 UniRef100_A0A060WWU7 G_PROTEIN 100.0 3.1E-44 3.2E-50  318.2   0.0  306   52-368    69-383 (545)
     296 tr|A0A2C9GPU2|A0A2C9GPU2_ANOAR 100.0 3.1E-44 3.2E-50  331.4   0.0  310   53-367   324-636 (818)
     297 UniRef100_A0A068YA15 Neuropept 100.0 3.1E-44 3.2E-50  318.7   0.0  307   53-367    74-396 (510)
     298 UniRef100_A0A068AZY5 Octopamin 100.0 3.1E-44 3.3E-50  346.4   0.0  190   52-249   174-365 (723)
     299 tr|J9JRI9|J9JRI9_ACYPI Unchara 100.0 3.3E-44 3.4E-50  312.1   0.0  292   53-368    36-334 (490)
     300 UniRef100_A0A0L7QLJ1 Neuropept 100.0 3.4E-44 3.5E-50  305.9   0.0  297   50-369   126-430 (485)
     301 UniRef100_A0A0L8I0T4 G_PROTEIN 100.0 3.4E-44 3.6E-50  321.3   0.0  307   53-367   135-496 (554)
     302 UniRef100_A0A1A8LLZ9 Hypocreti 100.0   4E-44 4.1E-50  306.1   0.0  305   48-368    61-373 (413)
     303 UniRef100_A0A067R2B6 G_PROTEIN 100.0   4E-44 4.2E-50  320.7   0.0  306   51-364    83-391 (510)
     304 UniRef100_A0A2B4SE17 Substance 100.0   4E-44 4.2E-50  328.7   0.0  292   48-367    61-365 (467)
     305 UniRef100_A0A336LUR7 CSON00145 100.0 4.1E-44 4.2E-50  318.6   0.0  294   48-364    84-382 (670)
     306 UniRef100_A0A023FH63 Putative  100.0 4.1E-44 4.3E-50  324.1   0.0  299   55-365   129-438 (563)
     307 ERR1719361_2001115             100.0 4.2E-44 4.4E-50  314.3   0.0  290   49-368    22-325 (415)
     308 tr|A0A1S3NPB2|A0A1S3NPB2_SALSA 100.0 4.5E-44 4.7E-50  310.7   0.0  299   43-368    31-332 (443)
     309 UniRef100_A0A084WSA4 AGAP00215 100.0 4.5E-44 4.7E-50  317.7   0.0  292   46-359    65-360 (443)
     310 tr|A0A0L8FIS6|A0A0L8FIS6_OCTBM 100.0 4.5E-44 4.7E-50  314.8   0.0  311   53-369    92-422 (485)
     311 UniRef100_A0A0N7ZAP9 G_PROTEIN 100.0 4.8E-44   5E-50  316.5   0.0  299   44-369    69-368 (421)
     312 UniRef100_A0A0N1IB59 Orexin re 100.0   5E-44 5.2E-50  313.5   0.0  310   52-364   129-448 (546)
     313 tr|C3XVU5|C3XVU5_BRAFL Unchara 100.0 5.2E-44 5.4E-50  308.9   0.0  301   41-365    51-354 (439)
     314 UniRef100_A0A087UP46 5-hydroxy 100.0 5.4E-44 5.6E-50  314.4   0.0  302   55-367    49-400 (472)
     315 UniRef100_A0A016SJ65 Thyrolibe 100.0 5.5E-44 5.8E-50  322.6   0.0  312   47-367    79-396 (479)
     316 UniRef100_A0A077KAM5 PQRFa pep 100.0 5.9E-44 6.1E-50  312.2   0.0  303   41-364   128-442 (539)
     317 UniRef100_A0A0N1PGA0 Octopamin 100.0 6.2E-44 6.4E-50  321.1   0.0  307   51-365   107-490 (547)
     318 tr|W8B9D1|W8B9D1_CERCA 5-hydro 100.0 6.3E-44 6.6E-50  317.8   0.0  312   51-369   262-628 (664)
     319 UniRef100_A0A023F452 Putative  100.0 6.3E-44 6.6E-50  325.6   0.0  307   53-367   141-538 (660)
     320 UniRef100_UPI000B911B64 melato 100.0 6.3E-44 6.6E-50  317.4   0.0  305   51-367    28-344 (381)
     321 UniRef100_A0A3M6TPP0 G_PROTEIN 100.0 6.6E-44 6.9E-50  319.0   0.0  295   52-367    51-354 (424)
     322 UniRef100_A0A1D1V379 G_PROTEIN 100.0 6.6E-44 6.9E-50  303.1   0.0  294   55-363    36-335 (343)
     323 tr|A0A1W4X208|A0A1W4X208_AGRPL 100.0 6.9E-44 7.2E-50  309.0   0.0  291   54-368    97-394 (467)
     324 tr|A0A2B4SNZ1|A0A2B4SNZ1_STYPI 100.0 6.8E-44 7.2E-50  316.1   0.0  286   48-367    28-319 (351)
     325 tr|F7E6B1|F7E6B1_MONDO Tachyki 100.0   7E-44 7.2E-50  309.3   0.0  291   51-368    94-385 (475)
     326 tr|A0A0P6B7K0|A0A0P6B7K0_9CRUS 100.0 7.1E-44 7.4E-50  322.6   0.0  313   53-369   114-489 (579)
     327 UniRef100_A0A0S1YDA1 Neuropept 100.0 8.1E-44 8.4E-50  312.6   0.0  318   49-367    64-413 (463)
     328 UniRef100_A0A060XC03 Beta-2 ad 100.0 8.2E-44 8.5E-50  315.8   0.0  311   47-367    98-413 (548)
     329 tr|T1KPP2|T1KPP2_TETUR Unchara 100.0 8.3E-44 8.7E-50  313.9   0.0  284   52-368   152-437 (477)
     330 tr|A0A182U1B5|A0A182U1B5_9DIPT 100.0 8.6E-44   9E-50  318.8   0.0  301   43-367    31-343 (620)
     331 tr|A0A060XRS0|A0A060XRS0_ONCMY 100.0 9.9E-44   1E-49  326.7   0.0  308   51-370    55-378 (900)
     332 UniRef100_A0A091CVE3 Cholecyst 100.0   1E-43   1E-49  306.9   0.0  323   47-370   108-463 (543)
     333 UniRef100_A0A3M6UKX8 G_PROTEIN 100.0   1E-43 1.1E-49  323.2   0.0  291   51-367   118-420 (487)
     334 tr|W4YJK4|W4YJK4_STRPU Unchara 100.0   1E-43 1.1E-49  314.9   0.0  306   42-369    60-371 (446)
     335 UniRef100_A0A2B4SJE7 Orexin re 100.0   1E-43 1.1E-49  319.5   0.0  292   50-369   133-433 (517)
     336 UniRef100_A0A7M7HKI1 G_PROTEIN 100.0 1.1E-43 1.2E-49  315.4   0.0  289   54-370    42-338 (418)
     337 tr|T1KNR7|T1KNR7_TETUR Unchara 100.0 1.2E-43 1.2E-49  300.0   0.0  321   39-367    57-377 (433)
     338 UniRef100_A0A6S7JE64 Neuropept 100.0 1.2E-43 1.2E-49  310.8   0.0  291   46-367    29-321 (412)
     339 tr|A7SMQ7|A7SMQ7_NEMVE Predict 100.0 1.3E-43 1.4E-49  304.0   0.0  286   52-369    12-304 (358)
     340 tr|B4JN40|B4JN40_DROGR GH24210 100.0 1.3E-43 1.4E-49  309.1   0.0  286   54-367   119-408 (436)
     341 UniRef100_A0A067RDC3 Prolactin 100.0 1.4E-43 1.4E-49  315.8   0.0  295   46-366    59-355 (541)
     342 UniRef100_A0A067RG65 Neuropept 100.0 1.4E-43 1.4E-49  314.6   0.0  289   54-365    90-392 (509)
     343 UniRef100_UPI00064361F4 vasopr 100.0 1.4E-43 1.5E-49  299.8   0.0  278   90-368     2-279 (530)
     344 UniRef100_A0A026WC04 Dopamine  100.0 1.5E-43 1.5E-49  306.8   0.0  302   56-367    82-397 (468)
     345 UniRef100_A0A060X6T3 G_PROTEIN 100.0 1.5E-43 1.6E-49  314.3   0.0  303   54-368    92-414 (550)
     346 UniRef100_A0A0H3YI86 Pyrokinin 100.0 1.5E-43 1.6E-49  322.7   0.0  302   54-367    86-398 (510)
     347 UniRef100_A0A087XFV2 5-hydroxy 100.0 1.6E-43 1.6E-49  313.1   0.0  300   51-367    83-396 (493)
     348 UniRef100_A0A026W6M2 Gonadotro 100.0 1.6E-43 1.6E-49  314.8   0.0  292   44-357    82-377 (492)
     349 tr|A0A091CRU0|A0A091CRU0_FUKDA 100.0 1.6E-43 1.6E-49  324.9   0.0  276   51-365   408-690 (720)
     350 UniRef100_A0A3M6T8F5 G_PROTEIN 100.0 1.7E-43 1.8E-49  329.1   0.0  303   41-368    91-396 (523)
     351 tr|A0A0P6BPA6|A0A0P6BPA6_9CRUS 100.0 1.7E-43 1.8E-49  312.5   0.0  301   55-360    61-373 (574)
     352 tr|A7S585|A7S585_NEMVE Predict 100.0 1.7E-43 1.8E-49  308.3   0.0  296   46-368    19-326 (374)
     353 UniRef100_A0A132AJH3 7 transme 100.0 1.7E-43 1.8E-49  315.4   0.0  309   51-365    68-384 (447)
     354 UniRef100_A0A6G8J3P5 Melanin-c 100.0 1.8E-43 1.9E-49  306.1   0.0  289   50-368    60-352 (460)
     355 tr|A0A147AZW9|A0A147AZW9_FUNHE 100.0 1.8E-43 1.9E-49  324.3   0.0  294   51-368    85-434 (468)
     356 tr|A0A0P5T2I6|A0A0P5T2I6_9CRUS 100.0   2E-43 2.1E-49  314.7   0.0  313   52-368    66-411 (542)
     357 UniRef100_A0A0A7KUZ5 Opsin 5 n 100.0   2E-43 2.1E-49  313.6   0.0  291   51-367    52-344 (407)
     358 tr|T1KTS6|T1KTS6_TETUR Unchara 100.0   2E-43 2.1E-49  315.4   0.0  301   41-366   109-416 (587)
     359 tr|A0A182L9N8|A0A182L9N8_9DIPT 100.0 2.2E-43 2.3E-49  314.0   0.0  289   53-368    90-383 (490)
     360 UniRef100_A0A068WTW9 Tachykini 100.0 2.2E-43 2.3E-49  308.3   0.0  289   53-367    47-359 (453)
     361 UniRef100_A0A0K0PUG3 Thyrolibe 100.0 2.3E-43 2.4E-49  319.2   0.0  309   45-367   208-521 (606)
     362 UniRef100_A0A060VTR1 G_PROTEIN 100.0 2.3E-43 2.4E-49  317.1   0.0  306   49-366   117-439 (619)
     363 UniRef100_A0A023F3V9 Putative  100.0 2.4E-43 2.5E-49  315.4   0.0  286   50-366   131-422 (574)
     364 UniRef100_A0A6P4Z684 G-protein 100.0 2.4E-43 2.5E-49  305.1   0.0  293   51-366    51-345 (425)
     365 tr|T1EGD8|T1EGD8_HELRO Unchara 100.0 2.4E-43 2.5E-49  306.6   0.0  318   44-364    11-370 (456)
     366 tr|A0A0Q3PK06|A0A0Q3PK06_AMAAE 100.0 2.5E-43 2.6E-49  325.3   0.0  302   41-364   513-827 (901)
     367 tr|A0A232F8D2|A0A232F8D2_9HYME 100.0 2.6E-43 2.7E-49  308.9   0.0  289   51-364    71-367 (478)
     368 UniRef100_A0A016VJP9 G_PROTEIN 100.0 2.6E-43 2.7E-49  318.4   0.0  320   50-372   135-530 (650)
     369 tr|A0A0A7RC79|A0A0A7RC79_RHOPR 100.0 2.7E-43 2.8E-49  302.1   0.0  289   52-367    76-373 (404)
     370 UniRef100_A0A087REY1 NPY-Y2 re 100.0 2.7E-43 2.8E-49  315.6   0.0  290   51-369   186-480 (599)
     371 UniRef100_A0A016T103 G_PROTEIN 100.0 2.7E-43 2.8E-49  324.1   0.0  296   59-367   118-475 (605)
     372 UniRef100_A0A016TS00 G_PROTEIN 100.0 2.7E-43 2.8E-49  325.1   0.0  313   51-369   112-555 (622)
     373 tr|A0A218VDE9|A0A218VDE9_9PASE 100.0 2.8E-43 2.9E-49  306.0   0.0  278   50-363    22-303 (556)
     374 UniRef100_A0A0A1XP15 Neuropept 100.0 2.9E-43 3.1E-49  301.8   0.0  298   48-369    68-375 (421)
     375 tr|A0A2B4SSL5|A0A2B4SSL5_STYPI 100.0   3E-43 3.1E-49  295.3   0.0  290   51-370    21-312 (344)
     376 UniRef100_A0A023F4J9 Putative  100.0 3.4E-43 3.5E-49  319.0   0.0  305   53-365   158-490 (588)
     377 tr|A7RKH9|A7RKH9_NEMVE Predict 100.0 3.3E-43 3.5E-49  300.9   0.0  286   49-369    23-315 (336)
     378 tr|A0A2B4RYF4|A0A2B4RYF4_STYPI 100.0 3.4E-43 3.6E-49  303.3   0.0  291   46-367    19-311 (402)
     379 UniRef100_A0A060WAG3 G_PROTEIN 100.0 3.5E-43 3.7E-49  313.9   0.0  307   53-369   124-501 (550)
     380 tr|A0A210QNG6|A0A210QNG6_MIZYE 100.0 3.6E-43 3.7E-49  310.7   0.0  304   46-369    34-341 (498)
     381 tr|A0A0Q3X1E4|A0A0Q3X1E4_AMAAE 100.0 3.9E-43 4.1E-49  319.1   0.0  317   48-366   153-500 (789)
     382 UniRef100_A0A2B4RFH8 Neuropept 100.0 3.9E-43 4.1E-49  322.8   0.0  291   51-367    64-366 (439)
     383 UniRef100_A0A0K0PUQ9 Achatin r 100.0   4E-43 4.2E-49  317.4   0.0  297   56-367    56-357 (465)
     384 UniRef100_A0A061QLF1 Putative  100.0 4.3E-43 4.4E-49  310.7   0.0  294   55-365    66-364 (443)
     385 UniRef100_A0A2B4SID7 Neuropept 100.0 4.5E-43 4.7E-49  311.5   0.0  295   46-365    76-377 (462)
     386 UniRef100_A0A060X0R7 Uncharact 100.0 4.7E-43 4.9E-49  295.5   0.0  283   47-364    53-339 (383)
     387 tr|K1PEH3|K1PEH3_CRAGI Neurope 100.0 4.8E-43   5E-49  301.9   0.0  291   52-368    48-358 (411)
     388 UniRef100_A0A678XEL8 Trace ami 100.0 4.8E-43   5E-49  314.0   0.0  302   49-367    53-356 (523)
     389 UniRef100_A0A067RAQ2 Neuropept 100.0 4.9E-43 5.1E-49  303.5   0.0  290   51-364   100-393 (509)
     390 tr|A0A067RDC3|A0A067RDC3_ZOONE 100.0   5E-43 5.3E-49  316.0   0.0  298   47-370    67-366 (506)
     391 tr|A0A0N7KWU9|A0A0N7KWU9_LYMST 100.0 5.1E-43 5.3E-49  305.3   0.0  316   54-370    78-449 (494)
     392 tr|A0A1I8N820|A0A1I8N820_MUSDO 100.0 5.3E-43 5.4E-49  319.3   0.0  304   53-365   306-635 (880)
     393 UniRef100_A0A026W4F0 Octopamin 100.0 5.6E-43 5.8E-49  303.3   0.0  308   51-366    55-391 (445)
     394 UniRef100_A0A1L8HHP3 G_PROTEIN 100.0 5.6E-43 5.8E-49  300.2   0.0  284   46-364    40-336 (370)
     395 tr|A0A146NR64|A0A146NR64_FUNHE 100.0 5.6E-43 5.8E-49  303.6   0.0  280   51-362   119-415 (449)
     396 UniRef100_A0A6P4YBA8 delta-typ 100.0 5.6E-43 5.9E-49  306.2   0.0  284   51-369    50-341 (406)
     397 UniRef100_A0A060YTK2 Uncharact 100.0 5.7E-43 5.9E-49  301.6   0.0  291   45-367    78-378 (447)
     398 tr|A0A182FRI7|A0A182FRI7_ANOAL 100.0 5.7E-43   6E-49  325.8   0.0  192   52-251   113-307 (677)
     399 UniRef100_A0A060VV87 Kappa-typ 100.0 5.9E-43 6.1E-49  310.8   0.0  276   53-361   192-471 (586)
     400 tr|A0A0K2TJR3|A0A0K2TJR3_LEPSM 100.0 5.9E-43 6.2E-49  297.1   0.0  300   48-367    51-356 (402)
     401 tr|A0A1I8MRR4|A0A1I8MRR4_MUSDO 100.0   6E-43 6.2E-49  318.3   0.0  293   50-366   257-557 (819)
     402 tr|A0A146NY53|A0A146NY53_FUNHE 100.0   6E-43 6.3E-49  309.5   0.0  295   53-365     8-315 (469)
     403 UniRef100_A0A1S3IXU9 RYamide r 100.0 6.5E-43 6.8E-49  298.3   0.0  296   48-368    31-334 (438)
     404 tr|A0A091E8Z6|A0A091E8Z6_FUKDA 100.0 6.8E-43   7E-49  298.1   0.0  314   41-368   142-458 (484)
     405 UniRef100_UPI000219022F Endoly 100.0 6.8E-43 7.1E-49  303.1   0.0  298   38-369   187-488 (507)
     406 UniRef100_A0A060W5H6 G_PROTEIN 100.0 6.9E-43 7.3E-49  318.4   0.0  299   47-363    82-383 (528)
     407 UniRef100_A0A0P7U0M1 Galanin r 100.0   7E-43 7.3E-49  297.4   0.0  287   52-368   141-435 (475)
     408 ERR1719341_586736              100.0 7.4E-43 7.7E-49  310.4   0.0  289   52-368    55-355 (513)
     409 tr|A0A0P7V5N2|A0A0P7V5N2_9TELE 100.0 7.4E-43 7.7E-49  306.3   0.0  299   58-366    97-400 (468)
     410 UniRef100_A0A087YRI1 G_PROTEIN 100.0 7.6E-43   8E-49  309.6   0.0  291   53-369    82-374 (438)
     411 tr|A0A2C9KB37|A0A2C9KB37_BIOGL 100.0 7.9E-43 8.2E-49  303.2   0.0  310   55-366   105-466 (513)
     412 UniRef100_A0A3M6U2U1 G_PROTEIN 100.0 7.8E-43 8.2E-49  305.0   0.0  282   52-367    20-307 (352)
     413 tr|A0A1A9ZM95|A0A1A9ZM95_GLOPL 100.0 8.2E-43 8.5E-49  301.2   0.0  293   55-370    98-396 (481)
     414 UniRef100_A0A060VNF4 G_PROTEIN 100.0 8.2E-43 8.5E-49  314.4   0.0  284   51-366   130-430 (566)
     415 tr|A0A1D1V6H4|A0A1D1V6H4_RAMVA 100.0 8.5E-43 8.9E-49  306.1   0.0  305   40-368    50-374 (498)
     416 UniRef100_A0A060WAA0 NK-2 rece 100.0 8.7E-43   9E-49  301.9   0.0  303   41-370    62-367 (465)
     417 UniRef100_A0A1B6HDB2 G_PROTEIN 100.0 8.8E-43 9.1E-49  291.1   0.0  289   56-370    16-309 (360)
     418 tr|A0A1V4KK28|A0A1V4KK28_PATFA 100.0   9E-43 9.3E-49  299.9   0.0  294   53-371   135-431 (478)
     419 UniRef100_A0A023F664 Putative  100.0 9.8E-43   1E-48  306.1   0.0  292   51-368    80-381 (471)
     420 UniRef100_A0A1D2MAK0 Neuropept 100.0   1E-42   1E-48  299.4   0.0  297   49-367    79-382 (428)
     421 UniRef100_A0A210QSD7 Octopamin 100.0 9.9E-43   1E-48  311.4   0.0  307   51-369    57-418 (423)
     422 tr|A0A139WEA0|A0A139WEA0_TRICA 100.0   1E-42 1.1E-48  294.9   0.0  309   53-368    95-406 (464)
     423 UniRef100_A0A0P6J0T1 Putative  100.0   1E-42 1.1E-48  322.2   0.0  295   54-367   105-410 (735)
     424 UniRef100_A0A0L0C8S9 G_PROTEIN 100.0 1.1E-42 1.1E-48  318.5   0.0  317   48-366   215-652 (716)
     425 tr|U3U4E1|U3U4E1_NILLU Neurope 100.0 1.1E-42 1.1E-48  313.9   0.0  313   52-371   153-472 (606)
     426 UniRef100_A0A315VEI8 G_PROTEIN 100.0 1.2E-42 1.2E-48  316.4   0.0  285   37-324   583-867 (1189)
     427 UniRef100_A0A0A1WLH2 Somatosta 100.0 1.2E-42 1.2E-48  315.1   0.0  288   50-368   215-508 (667)
     428 UniRef100_A0A0K0PUE3 Orphan G- 100.0 1.2E-42 1.2E-48  313.1   0.0  293   54-363   119-423 (550)
     429 UniRef100_A0A060VRN9 G_PROTEIN 100.0 1.2E-42 1.2E-48  309.7   0.0  288   50-365   134-428 (496)
     430 tr|C3Z3H5|C3Z3H5_BRAFL Unchara 100.0 1.2E-42 1.2E-48  296.0   0.0  296   51-371    80-378 (405)
     431 tr|C3Z617|C3Z617_BRAFL Unchara 100.0 1.2E-42 1.2E-48  295.3   0.0  303   41-363    23-335 (426)
     432 tr|A0A0K0PUV0|A0A0K0PUV0_PLADU 100.0 1.2E-42 1.2E-48  301.1   0.0  308   51-370    15-336 (373)
     433 UniRef100_A0A0L8I1Y4 G_PROTEIN 100.0 1.2E-42 1.3E-48  297.7   0.0  310   55-368    56-373 (457)
     434 SRR6218665_147192              100.0 1.3E-42 1.3E-48  304.7   0.0  309   41-370    90-399 (466)
     435 tr|A7RNV5|A7RNV5_NEMVE Predict 100.0 1.3E-42 1.3E-48  299.1   0.0  287   53-370    33-331 (377)
     436 tr|A0A0P6C2B0|A0A0P6C2B0_9CRUS 100.0 1.3E-42 1.4E-48  313.0   0.0  317   49-366   166-531 (543)
     437 UniRef100_A0A034WQT6 Tachykini 100.0 1.4E-42 1.4E-48  312.9   0.0  292   51-366   116-417 (694)
     438 UniRef100_A0A061QLN0 Putative  100.0 1.4E-42 1.4E-48  325.5   0.0  311   51-366    88-602 (685)
     439 tr|G3R6B9|G3R6B9_GORGO Neurope 100.0 1.4E-42 1.5E-48  300.7   0.0  300   43-364   139-451 (522)
     440 UniRef100_L5M9C0 Oxytocin rece 100.0 1.4E-42 1.5E-48  290.7   0.0  302   38-368   140-442 (482)
     441 tr|A0A2B4SDF9|A0A2B4SDF9_STYPI 100.0 1.6E-42 1.6E-48  290.7   0.0  293   51-370    36-329 (356)
     442 UniRef100_A0A0L8G825 G_PROTEIN 100.0 1.6E-42 1.7E-48  315.2   0.0  289   48-355    70-361 (437)
     443 UniRef100_A0A2B4S7Y2 Neuropept 100.0 1.6E-42 1.7E-48  314.9   0.0  294   46-366    76-370 (460)
     444 tr|E6ZEU6|E6ZEU6_DICLA Neurome 100.0 1.6E-42 1.7E-48  307.8   0.0  294   54-365    91-392 (461)
     445 UniRef100_A0A061QLL1 Putative  100.0 1.7E-42 1.8E-48  304.9   0.0  304   53-367    47-421 (424)
     446 UniRef100_A0A061I9J2 Neuropept 100.0 1.7E-42 1.8E-48  304.3   0.0  287   55-357   111-397 (484)
     447 UniRef100_A0A060WGF3 B2 bradyk 100.0 1.8E-42 1.9E-48  320.4   0.0  285   49-365   157-449 (589)
     448 tr|A0A0L7QUK8|A0A0L7QUK8_9HYME 100.0 1.9E-42 1.9E-48  315.5   0.0  292   49-365   199-496 (806)
     449 UniRef100_A0A0L8H5P3 G_PROTEIN 100.0 1.9E-42   2E-48  307.6   0.0  289   53-363    76-368 (496)
     450 tr|A0A210QT45|A0A210QT45_MIZYE 100.0   2E-42   2E-48  291.7   0.0  302   49-364    35-338 (395)
     451 UniRef100_A0A2T7PWH2 G_PROTEIN 100.0   2E-42 2.1E-48  303.3   0.0  299   55-361    45-351 (483)
     452 tr|A0A1S3F7I6|A0A1S3F7I6_DIPOR 100.0   2E-42 2.1E-48  301.2   0.0  293   44-366   159-463 (543)
     453 tr|A0A151IFQ2|A0A151IFQ2_9HYME 100.0   2E-42 2.1E-48  333.1   0.0  314   55-369    47-373 (1113)
     454 SRR6218665_799277              100.0 2.1E-42 2.1E-48  295.0   0.0  292   54-370   127-422 (456)
     455 UniRef100_A0A0G2UQ37 Rhodopsin 100.0 2.1E-42 2.2E-48  305.9   0.0  297   48-363    92-391 (515)
     456 UniRef100_A0A224B198 Cholecyst 100.0 2.2E-42 2.2E-48  295.2   0.0  325   43-368   102-465 (534)
     457 UniRef100_A0A3M7QMF5 Substance 100.0 2.2E-42 2.2E-48  296.3   0.0  333   10-366    30-372 (458)
     458 UniRef100_A0A087QH27 C-C chemo 100.0 2.2E-42 2.3E-48  322.4   0.0  273   53-365   202-482 (591)
     459 UniRef100_A0A3M6TV84 G_PROTEIN 100.0 2.3E-42 2.4E-48  304.4   0.0  294   48-368    42-338 (405)
     460 tr|A0A2B4S6X2|A0A2B4S6X2_STYPI 100.0 2.3E-42 2.4E-48  296.1   0.0  289   54-365    26-321 (379)
     461 tr|A0A226N2C0|A0A226N2C0_CALSU 100.0 2.4E-42 2.4E-48  303.2   0.0  293   50-369   223-522 (569)
     462 UniRef100_A0A059ZY04 Angiotens 100.0 2.4E-42 2.5E-48  316.2   0.0  281   48-368   165-455 (546)
     463 UniRef100_A0A2G8KTA9 Putative  100.0 2.4E-42 2.6E-48  312.5   0.0  287   54-367    51-343 (445)
     464 UniRef100_A0A060X0P4 G_PROTEIN 100.0 2.5E-42 2.6E-48  313.0   0.0  281   51-364   138-428 (513)
     465 UniRef100_A0A087XKP0 Pyrogluta 100.0 2.6E-42 2.6E-48  303.1   0.0  298   54-368   147-451 (537)
     466 tr|W4Z9U8|W4Z9U8_STRPU Unchara 100.0 2.6E-42 2.7E-48  294.2   0.0  299   49-364   105-408 (434)
     467 tr|A0A2B4RYW3|A0A2B4RYW3_STYPI 100.0 2.7E-42 2.8E-48  329.8   0.0  293   48-371    36-330 (1580)
     468 tr|A0A1L8HND2|A0A1L8HND2_XENLA 100.0 2.7E-42 2.8E-48  302.0   0.0  298   52-368   129-428 (452)
     469 UniRef100_A0A0L8HMQ0 G_PROTEIN 100.0 2.8E-42 2.9E-48  308.5   0.0  296   51-366    48-346 (538)
     470 tr|A0A0L8I1Y4|A0A0L8I1Y4_OCTBM 100.0 2.9E-42   3E-48  290.6   0.0  313   55-368    45-363 (426)
     471 tr|A0A1S3L0J1|A0A1S3L0J1_SALSA 100.0 2.9E-42   3E-48  304.7   0.0  305   49-365    73-403 (533)
     472 UniRef100_A0A6P4ZPQ5 G-protein 100.0   3E-42 3.1E-48  293.9   0.0  284   47-363    38-325 (420)
     473 ERR1712223_741947              100.0   3E-42 3.1E-48  302.9   0.0  309   56-367    93-440 (512)
     474 UniRef100_C3ZK20 G_PROTEIN_REC 100.0 3.1E-42 3.2E-48  303.8   0.0  303   56-370     5-324 (374)
     475 UniRef100_A0A0P7U357 Apelin re 100.0 3.1E-42 3.2E-48  300.2   0.0  281   49-368    55-344 (401)
     476 SRR6218665_1158703             100.0 3.1E-42 3.3E-48  300.6   0.0  306   44-369    29-336 (413)
     477 tr|A0A1S3JCV4|A0A1S3JCV4_LINUN 100.0 3.2E-42 3.4E-48  294.7   0.0  308   50-373    61-374 (414)
     478 tr|A0A1I8PG61|A0A1I8PG61_STOCA 100.0 3.4E-42 3.5E-48  315.8   0.0  293   46-368   294-593 (716)
     479 UniRef100_A0A024FLZ5 PQRFa pep 100.0 3.4E-42 3.6E-48  299.4   0.0  295   43-364    49-348 (416)
     480 tr|A7SIX0|A7SIX0_NEMVE Predict 100.0 3.5E-42 3.6E-48  297.1   0.0  289   49-365    22-316 (403)
     481 tr|A0A1D2MMS7|A0A1D2MMS7_ORCCI 100.0 3.5E-42 3.6E-48  309.9   0.0  280   52-368   124-405 (612)
     482 UniRef100_A0A016T4B6 G_PROTEIN 100.0 3.5E-42 3.7E-48  316.7   0.0  312   53-368   104-429 (585)
     483 tr|A0A146TP77|A0A146TP77_FUNHE 100.0 3.6E-42 3.8E-48  318.1   0.0  306   53-368    48-424 (522)
     484 UniRef100_A0A026VXG0 Octopamin 100.0 3.6E-42 3.8E-48  315.6   0.0  307   51-364    81-537 (647)
     485 UniRef100_A0A151NBW6 Beta-3 ad 100.0 3.7E-42 3.8E-48  301.6   0.0  302   55-365    34-338 (490)
     486 UniRef100_A0A060W161 G_PROTEIN 100.0 3.6E-42 3.8E-48  323.1   0.0  276   51-365   168-453 (574)
     487 UniRef100_A0A0D9R0U9 Apelin re 100.0 3.7E-42 3.8E-48  301.2   0.0  287   50-367    60-363 (482)
     488 UniRef100_A0A095ANA4 Dopamine  100.0 3.7E-42 3.9E-48  322.1   0.0  187   53-249   174-362 (674)
     489 UniRef100_D1LX82 Neuropeptide  100.0 3.8E-42   4E-48  307.0   0.0  285   53-370    56-351 (424)
     490 UniRef100_L5M918 Orexin recept 100.0   4E-42 4.2E-48  312.0   0.0  193   53-247    71-268 (659)
     491 tr|C7SLZ0|C7SLZ0_APLKU Seroton 100.0 4.7E-42 4.9E-48  307.3   0.0  300   54-367    75-424 (485)
     492 UniRef100_A0A076YJT8 Chemokine 100.0 4.7E-42   5E-48  307.4   0.0  273   51-364   160-441 (493)
     493 UniRef100_A0A061IAU9 Gastric r 100.0 4.8E-42   5E-48  306.2   0.0  291   50-370   113-409 (588)
     494 UniRef100_A0A0K0PUX3 Orphan G- 100.0 4.8E-42   5E-48  310.6   0.0  293   41-363    50-346 (419)
     495 UniRef100_A0A0K8WE72 5-hydroxy 100.0 4.9E-42   5E-48  310.8   0.0  303   54-364   271-621 (662)
     496 UniRef100_A0A2S1WLX6 Putative  100.0 4.9E-42 5.1E-48  298.4   0.0  305   57-369    52-460 (475)
     497 UniRef100_A0A1S3J8T4 5-hydroxy 100.0   5E-42 5.2E-48  307.0   0.0  296   46-364    95-393 (468)
     498 UniRef100_A0A087X781 Alpha-2Db 100.0 5.6E-42 5.8E-48  301.0   0.0  302   56-365    71-490 (495)
     499 UniRef100_A0A1B0CSF5 Putative  100.0 5.6E-42 5.9E-48  303.0   0.0  318   52-371    38-406 (474)
     500 tr|A0A1D1W534|A0A1D1W534_RAMVA 100.0 5.7E-42 5.9E-48  298.2   0.0  316   51-368    55-427 (493)
     
  > Uniprot already searched, skipping.
> Running chain B
  > Uniref90 already searched, skipping.
  > Mgnify already searched, skipping.
  > Running hhblits on bfd_uniref30
- 11:12:28.797 INFO: Searching 65983866 column state sequences.

- 11:12:29.797 INFO: Searching 29291635 column state sequences.

- 11:12:29.833 INFO: v1ar_human-2176/msas/B/chain_B.fasta is in A2M, A3M or FASTA format

- 11:12:29.834 INFO: Iteration 1

- 11:12:29.840 INFO: Prefiltering database

- 11:13:12.825 INFO: HMMs passed 1st prefilter (gapless profile-profile alignment)  : 36004

- 11:13:28.608 INFO: HMMs passed 1st prefilter (gapless profile-profile alignment)  : 53329

- 11:13:28.719 INFO: HMMs passed 2nd prefilter (gapped profile-profile alignment)   : 148

- 11:13:28.719 INFO: HMMs passed 2nd prefilter and not found in previous iterations : 148

- 11:13:28.719 INFO: Scoring 148 HMMs using HMM-HMM Viterbi alignment

- 11:13:28.759 INFO: Alternative alignment: 0

- 11:13:28.908 INFO: 148 alignments done

- 11:13:28.909 INFO: Alternative alignment: 1

- 11:13:28.912 INFO: 147 alignments done

- 11:13:28.913 INFO: Alternative alignment: 2

- 11:13:28.913 INFO: 1 alignments done

- 11:13:28.913 INFO: Alternative alignment: 3

- 11:13:28.999 INFO: Premerge done

- 11:13:28.999 INFO: Realigning 151 HMM-HMM alignments using Maximum Accuracy algorithm

- 11:13:29.040 INFO: 49 sequences belonging to 49 database HMMs found with an E-value < 0.001

- 11:13:29.040 INFO: Number of effective sequences of resulting query HMM: Neff = 5.70906

- 11:13:29.049 INFO: Iteration 2

- 11:13:29.049 INFO: Set premerge to 0! (premerge: 3 iteration: 2 hits.Size: 46)

- 11:13:29.055 INFO: Prefiltering database

- 11:14:02.684 INFO: HMMs passed 1st prefilter (gapless profile-profile alignment)  : 3721

- 11:14:20.985 INFO: HMMs passed 1st prefilter (gapless profile-profile alignment)  : 8116

- 11:14:20.989 INFO: HMMs passed 2nd prefilter (gapped profile-profile alignment)   : 44

- 11:14:20.989 INFO: HMMs passed 2nd prefilter and not found in previous iterations : 14

- 11:14:20.989 INFO: Scoring 14 HMMs using HMM-HMM Viterbi alignment

- 11:14:21.020 INFO: Alternative alignment: 0

- 11:14:21.021 INFO: 14 alignments done

- 11:14:21.021 INFO: Alternative alignment: 1

- 11:14:21.022 INFO: 7 alignments done

- 11:14:21.022 INFO: Alternative alignment: 2

- 11:14:21.022 INFO: Alternative alignment: 3

- 11:14:21.037 INFO: Realigning 11 HMM-HMM alignments using Maximum Accuracy algorithm

- 11:14:21.047 INFO: 51 sequences belonging to 51 database HMMs found with an E-value < 0.001

- 11:14:21.047 INFO: Number of effective sequences of resulting query HMM: Neff = 5.66914

- 11:14:21.049 INFO: Iteration 3

- 11:14:21.056 INFO: Prefiltering database

- 11:14:56.283 INFO: HMMs passed 1st prefilter (gapless profile-profile alignment)  : 3127

- 11:15:11.507 INFO: HMMs passed 1st prefilter (gapless profile-profile alignment)  : 6720

- 11:15:11.511 INFO: HMMs passed 2nd prefilter (gapped profile-profile alignment)   : 40

- 11:15:11.512 INFO: HMMs passed 2nd prefilter and not found in previous iterations : 11

- 11:15:11.512 INFO: Scoring 11 HMMs using HMM-HMM Viterbi alignment

- 11:15:11.545 INFO: Alternative alignment: 0

- 11:15:11.546 INFO: 11 alignments done

- 11:15:11.546 INFO: Alternative alignment: 1

- 11:15:11.546 INFO: 8 alignments done

- 11:15:11.546 INFO: Alternative alignment: 2

- 11:15:11.547 INFO: 1 alignments done

- 11:15:11.547 INFO: Alternative alignment: 3

- 11:15:11.562 INFO: Rescoring previously found HMMs with Viterbi algorithm

- 11:15:11.585 INFO: Alternative alignment: 0

- 11:15:11.587 INFO: 48 alignments done

- 11:15:11.587 INFO: Alternative alignment: 1

- 11:15:11.588 INFO: 47 alignments done

- 11:15:11.588 INFO: Alternative alignment: 2

- 11:15:11.588 INFO: Alternative alignment: 3

- 11:15:11.604 INFO: Premerge done

- 11:15:11.604 INFO: Realigning 58 HMM-HMM alignments using Maximum Accuracy algorithm

- 11:15:11.622 INFO: 51 sequences belonging to 51 database HMMs found with an E-value < 0.001

- 11:15:11.622 INFO: Number of effective sequences of resulting query HMM: Neff = 5.66914

     Query         oxytocin gtp:2176
     Match_columns 9
     No_of_seqs    48 out of 455
     Neff          5.66914
     Searched_HMMs 148
     Date          Wed Mar  8 11:15:11 2023
     Command       hhblits -i v1ar_human-2176/msas/B/chain_B.fasta -cpu 4 -maxmem 20 -oa3m /projects/ilfgrid/people/nqz918/code/deorph/scripts/af_arman/af_jobs_af23/v1ar_human/2176//v1ar_human-2176/msas/B/bfd_uniref_hits.a3m -o /dev/null -n 3 -e 0.001 -maxseq 1000000 -realign_max 100000 -maxfilt 100000 -min_prefilter_hits 1000 -d /projects/ilfgrid/data/alphafold-genetic-databases///bfd/bfd_metaclust_clu_complete_id30_c90_final_seq.sorted_opt -d /projects/ilfgrid/data/alphafold-genetic-databases///uniref30/UniRef30_2021_03 
     
      No Hit                             Prob E-value P-value  Score    SS Cols Query HMM  Template HMM
       1 UniRef100_P69128 Vasotocin n=2  98.2 3.8E-08 3.9E-14   27.8   0.0    9    1-9       1-9   (9)
       2 UniRef100_Q7LZD3 Hydrin 2 n=1   98.1 7.6E-08 7.8E-14   27.8   0.0    9    1-9       1-9   (10)
       3 UniRef100_P69043 Oxytocin n=5   98.0 2.9E-07   3E-13   26.1   0.0    9    1-9       1-9   (9)
       4 sp|P69058|OXYT_HYDCO Oxytocin   98.0 2.9E-07   3E-13   26.1   0.0    9    1-9       1-9   (9)
       5 UniRef100_P43000 Valitocin n=1  97.9 4.8E-07 4.9E-13   25.7   0.0    9    1-9       1-9   (9)
       6 UniRef100_P42994 Glumitocin n=  97.8 1.3E-06 1.3E-12   24.9   0.0    9    1-9       1-9   (9)
       7 UniRef100_P42995 Seritocin n=1  97.7 1.8E-06 1.8E-12   24.6   0.0    9    1-9       1-9   (9)
       8 UniRef100_P42999 Aspartocin n=  97.6 2.8E-06 2.8E-12   24.2   0.0    9    1-9       1-9   (9)
       9 UniRef100_P42996 Asvatocin n=1  97.6 4.5E-06 4.6E-12   23.8   0.0    9    1-9       1-9   (9)
      10 UniRef100_P42993 Isotocin n=1   97.5 6.8E-06   7E-12   23.5   0.0    9    1-9       1-9   (9)
      11 UniRef100_P84502 Lys-conopress  97.3 2.6E-05 2.6E-11   22.4   0.0    9    1-9       1-9   (9)
      12 UniRef100_P42992 Vasotocin-neu  97.2 2.9E-05   3E-11   27.2   0.0    9    1-9       1-9   (27)
      13 UniRef100_A0A087QN40 Vasotocin  97.2 3.1E-05 3.9E-11   33.4   0.0    9    1-9      20-28  (131)
      14 UniRef100_P80027 Cephalotocin   97.2 4.2E-05 4.3E-11   22.0   0.0    9    1-9       1-9   (9)
      15 UniRef100_P42997 Phasvatocin n  96.8  0.0002   2E-10   20.7   0.0    9    1-9       1-9   (9)
      16 UniRef100_P86255 Conopressin-T  96.8  0.0002   2E-10   20.2   0.0    8    1-8       1-8   (8)
      17 UniRef100_P05487 Conopressin-S  96.8 0.00023 2.4E-10   20.6   0.0    9    1-9       1-9   (9)
      18 UniRef100_A0A091J9N4 Mesotocin  96.8  0.0002 2.4E-10   31.2   0.0    9    1-9      40-48  (127)
      19 UniRef100_A0A0B4ZWU4 Oxytocin   96.8 0.00024 2.4E-10   24.3   0.0    9    1-9       2-10  (22)
      20 UniRef100_P16339 Locupressin n  96.8 0.00028 2.9E-10   20.4   0.0    9    1-9       1-9   (9)
      21 UniRef100_A0A0F7CSY3 Neurophys  96.8  0.0003 3.1E-10   26.5   0.0    9    1-9      20-28  (40)
      22 UniRef100_A0A060W4M5 Uncharact  96.7 0.00029 3.8E-10   32.6   0.0    9    1-9      70-78  (233)
      23 UniRef100_A0A2I8B339 Oxytocin/  96.6 0.00042   5E-10   31.0   0.0    9    1-9      23-31  (155)
      24 tr|A0A087XPE6|A0A087XPE6_POEFO  96.6 0.00055 6.5E-10   31.0   0.0    9    1-9      38-46  (171)
      25 UniRef100_Q63408 Rat prepro-ox  96.4  0.0011 1.1E-09   23.5   0.0    7    1-7      20-26  (26)
      26 UniRef100_S6BQ34 Arginine vaso  96.4  0.0014 1.4E-09   24.8   0.0    9    1-9      19-27  (39)
      27 UniRef100_P42998 Annetocin n=1  96.3  0.0014 1.4E-09   19.1   0.0    9    1-9       1-9   (9)
      28 UniRef100_A0A091CQU3 Oxytocin-  96.3  0.0015 1.6E-09   26.9   0.0    9    1-9      20-28  (71)
      29 tr|A0A1S3KZC8|A0A1S3KZC8_SALSA  96.3  0.0013 1.6E-09   30.5   0.0    9    1-9      71-79  (207)
      30 UniRef100_P0DL76 Conopressin-T  96.3  0.0017 1.8E-09   18.9   0.0    8    1-8       1-8   (9)
      31 tr|A0A218V8Z2|A0A218V8Z2_9PASE  96.3  0.0017   2E-09   31.0   0.0    9    1-9      20-28  (274)
      32 UniRef100_A0A0A0AAY3 Vasotocin  96.2  0.0021 2.3E-09   28.0   0.0    9    1-9      32-40  (110)
      33 UniRef100_A0A3Q2I9B2 Oxytocin-  96.1  0.0031 3.6E-09   28.9   0.0    9    1-9      20-28  (172)
      34 UniRef100_A0A091F124 Mesotocin  96.0  0.0035 4.1E-09   29.3   0.0    9    1-9      56-64  (207)
      35 UniRef100_A0A087QN41 Mesotocin  96.0  0.0036 4.1E-09   28.0   0.0    9    1-9      20-28  (132)
      36 UniRef100_O46610 Arginine vaso  96.0   0.004 4.1E-09   24.0   0.0    9    1-9       1-9   (43)
      37 UniRef100_A0A091GHA6 Vasotocin  95.9  0.0047 5.7E-09   28.7   0.0    9    1-9      41-49  (190)
      38 UniRef100_A0A485PBH7 Vasopress  95.9  0.0057   6E-09   26.5   0.0    9    1-9      20-28  (101)
      39 UniRef100_A0A553RLT8 Uncharact  95.9  0.0061 6.3E-09   27.6   0.0    9    1-9      55-63  (148)
      40 UniRef100_A0A087XPE6 Oxytocin/  95.9  0.0056 6.3E-09   28.7   0.0    9    1-9      64-72  (201)
      41 tr|X5D8U4|X5D8U4_HUMAN Arginin  95.8  0.0063   7E-09   28.8   0.0    9    1-9      20-28  (222)
      42 tr|L5JY74|L5JY74_PTEAL Vasopre  95.8  0.0066 7.1E-09   28.2   0.0    9    1-9      20-28  (182)
      43 UniRef100_A0A384D4E0 vasopress  95.7  0.0088 9.1E-09   25.2   0.0    9    1-9      20-28  (79)
      44 UniRef100_A0A3N0Z6Z0 Vasotocin  95.7  0.0086 9.2E-09   28.4   0.0    9    1-9      23-31  (224)
      45 UniRef100_Q91078 Vasotocin n=1  95.7  0.0095 9.7E-09   27.2   0.0    9    1-9      23-31  (157)
      46 UniRef100_A0A6P3QUI8 vasopress  95.6   0.012 1.3E-08   26.4   0.0    9    1-9      20-28  (128)
      47 tr|S9Y5C4|S9Y5C4_CAMFR Unchara  95.5   0.013 1.3E-08   27.4   0.0    9    1-9      76-84  (185)
      48 UniRef100_A0A3Q0GA10 mesotocin  95.4   0.017 1.9E-08   26.9   0.0    9    1-9      62-70  (171)
      49 UniRef100_S9Y5C4 Uncharacteriz  95.3   0.024 2.4E-08   26.6   0.0    9    1-9      76-84  (185)
      50 UniRef100_A0A3Q1GVY0 Vasotocin  95.2   0.026 2.7E-08   26.9   0.0    9    1-9      20-28  (225)
      51 UniRef100_A0A4W5PGA2 Uncharact  95.2   0.028 2.8E-08   25.4   0.0    9    1-9      15-23  (132)
      52 UniRef100_A0A5E4A6C0 Uncharact  94.9   0.042 4.3E-08   25.7   0.0    9    1-9      20-28  (173)
      53 UniRef100_A0A218V8Z2 Vasotocin  94.7   0.056 5.7E-08   26.5   0.0    9    1-9      20-28  (274)
      54 UniRef100_A0A4W3IAX1 Uncharact  94.7   0.057 5.8E-08   26.2   0.0    9    1-9      20-28  (244)
      55 UniRef100_A0A5F4C3C7 Oxytocin/  94.6   0.064 6.5E-08   26.1   0.0    9    1-9      76-84  (251)
      56 UniRef100_A0A2U3VSE3 LOW QUALI  94.6   0.071 7.3E-08   25.6   0.0    9    1-9     111-119 (216)
      57 UniRef100_A0A3B8QIH4 Uncharact  94.5   0.075 7.8E-08   20.4   0.0    8    1-8      13-20  (36)
      58 UniRef100_A0A218V8Z2 Vasotocin  93.9    0.15 1.6E-07   25.3   0.0    9    1-9     163-171 (274)
     
  > Uniprot already searched, skipping.

>> Job finished at: Wed Mar  8 11:15:14 CET 2023

>> Runtime: 1276 s
