>> Job started at: Wed Feb 22 22:07:40 CET 2023
   On Machine:     ilfgridgpun01fl.unicph.domain
   In directory:   /maps/projects/ilfgrid/people/nqz918/code/deorph/scripts/af_arman/af_jobs_af23/5ht1b_human/137

>> GPU is 

> Running 'prep_MSAs.sh'
  > Alphafold-DB directory is set to /projects/ilfgrid/data/alphafold-genetic-databases//
  > Number of cores was set to set to 2
  > Max memory set to 20 GB
  > Output directory was set to /maps/projects/ilfgrid/people/nqz918/code/deorph/scripts/af_arman/af_jobs_af23/5ht1b_human/137/
  > Input fastafile was set to /maps/projects/ilfgrid/people/nqz918/code/deorph/scripts/af_arman/af_jobs_af23/5ht1b_human/137/5ht1b_human-137.fasta
> Splitting fastafile
> Running chain A
  > Uniref90 already searched, skipping.
  > Mgnify already searched, skipping.
  > Running hhblits on bfd_uniref30
- 22:08:03.542 INFO: Searching 65983866 column state sequences.

- 22:08:05.722 INFO: Searching 29291635 column state sequences.

- 22:08:05.769 INFO: 5ht1b_human-137/msas/A/chain_A.fasta is in A2M, A3M or FASTA format

- 22:08:05.770 INFO: Iteration 1

- 22:08:06.024 INFO: Prefiltering database

- 22:10:50.766 INFO: HMMs passed 1st prefilter (gapless profile-profile alignment)  : 3361993

- 22:12:16.803 INFO: HMMs passed 1st prefilter (gapless profile-profile alignment)  : 1334387

- 22:12:24.741 INFO: HMMs passed 2nd prefilter (gapped profile-profile alignment)   : 36695

- 22:12:24.741 INFO: HMMs passed 2nd prefilter and not found in previous iterations : 36695

- 22:12:24.741 INFO: Scoring 36695 HMMs using HMM-HMM Viterbi alignment

- 22:12:24.763 INFO: Alternative alignment: 0

- 22:12:34.697 INFO: 2000 alignments done

- 22:12:48.535 INFO: 4000 alignments done

- 22:13:02.739 INFO: 6000 alignments done

- 22:13:25.976 INFO: 8000 alignments done

- 22:14:25.760 INFO: 10000 alignments done

- 22:14:34.527 INFO: 12000 alignments done

- 22:15:01.958 INFO: 14000 alignments done

- 22:15:25.298 INFO: 16000 alignments done

- 22:15:35.025 INFO: 18000 alignments done

- 22:15:39.495 INFO: 20000 alignments done

- 22:15:43.114 INFO: 22000 alignments done

- 22:15:48.140 INFO: 24000 alignments done

- 22:15:51.890 INFO: 26000 alignments done

- 22:16:03.254 INFO: 28000 alignments done

- 22:16:11.948 INFO: 30000 alignments done

- 22:16:23.969 INFO: 32000 alignments done

- 22:16:34.110 INFO: 34000 alignments done

- 22:16:44.664 INFO: 36000 alignments done

- 22:16:48.615 INFO: 36695 alignments done

- 22:16:48.616 INFO: Alternative alignment: 1

- 22:17:25.415 INFO: 35911 alignments done

- 22:17:25.555 INFO: Alternative alignment: 2

- 22:17:32.279 INFO: 9583 alignments done

- 22:17:32.288 INFO: Alternative alignment: 3

- 22:17:33.747 INFO: 1629 alignments done

- 22:17:34.664 INFO: Premerge done

- 22:17:34.665 INFO: Realigning 17043 HMM-HMM alignments using Maximum Accuracy algorithm

- 22:19:57.082 INFO: 17045 sequences belonging to 17045 database HMMs found with an E-value < 0.001

- 22:19:57.083 INFO: Number of effective sequences of resulting query HMM: Neff = 11.2659

- 22:19:57.395 INFO: Iteration 2

- 22:19:57.395 INFO: Set premerge to 0! (premerge: 3 iteration: 2 hits.Size: 17042)

- 22:19:57.635 INFO: Prefiltering database

- 22:23:30.777 INFO: HMMs passed 1st prefilter (gapless profile-profile alignment)  : 22241416

- 22:25:57.306 WARNING: Number of hits passing 2nd prefilter (reduced from 381613 to allowed maximum of 100000).
You can increase the allowed maximum using the -maxfilt <max> option.

- 22:27:05.525 INFO: HMMs passed 1st prefilter (gapless profile-profile alignment)  : 5967556

- 22:28:02.737 WARNING: Number of hits passing 2nd prefilter (reduced from 361355 to allowed maximum of 100000).
You can increase the allowed maximum using the -maxfilt <max> option.

- 22:28:04.787 WARNING: database contains sequences that exceed maximum allowed size (maxres = 20001). Max sequence length can be increased with parameter -maxres.

- 22:28:04.797 INFO: HMMs passed 2nd prefilter (gapped profile-profile alignment)   : 200000

- 22:28:04.798 INFO: HMMs passed 2nd prefilter and not found in previous iterations : 183426

- 22:28:04.798 INFO: Scoring 183426 HMMs using HMM-HMM Viterbi alignment

- 22:28:04.827 INFO: Alternative alignment: 0

- 22:29:01.964 INFO: 2000 alignments done

- 22:29:57.179 INFO: 4000 alignments done

- 22:30:53.251 INFO: 6000 alignments done

- 22:31:52.294 INFO: 8000 alignments done

- 22:32:49.693 INFO: 10000 alignments done

- 22:33:50.943 INFO: 12000 alignments done

- 22:34:32.061 INFO: 14000 alignments done

- 22:35:12.692 INFO: 16000 alignments done

- 22:35:56.193 INFO: 18000 alignments done

- 22:36:46.970 INFO: 20000 alignments done

- 22:37:20.652 INFO: 22000 alignments done

- 22:37:51.293 INFO: 24000 alignments done

- 22:38:27.454 INFO: 26000 alignments done

- 22:39:06.292 INFO: 28000 alignments done

- 22:39:46.045 INFO: 30000 alignments done

- 22:40:22.039 INFO: 32000 alignments done

- 22:41:34.858 INFO: 34000 alignments done

- 22:43:21.052 INFO: 36000 alignments done

- 22:45:07.840 INFO: 38000 alignments done

- 22:47:07.815 INFO: 40000 alignments done

- 22:47:07.820 INFO: Stop after DB-HHM: 40000 because early stop  14.2206 < filter cutoff 20

- 22:47:07.827 INFO: Alternative alignment: 1

- 22:50:14.544 INFO: 7162 alignments done

- 22:50:14.553 INFO: Alternative alignment: 2

- 22:50:16.020 INFO: 711 alignments done

- 22:50:16.021 INFO: Alternative alignment: 3

- 22:50:16.318 INFO: 124 alignments done

- 22:50:16.573 INFO: Realigning 4169 HMM-HMM alignments using Maximum Accuracy algorithm

- 22:51:34.588 INFO: 21214 sequences belonging to 21214 database HMMs found with an E-value < 0.001

- 22:51:34.588 INFO: Number of effective sequences of resulting query HMM: Neff = 11.6323

- 22:51:34.747 INFO: Iteration 3

- 22:51:35.037 INFO: Prefiltering database

- 22:57:03.673 INFO: HMMs passed 1st prefilter (gapless profile-profile alignment)  : 20019760

- 23:06:05.502 WARNING: Number of hits passing 2nd prefilter (reduced from 286389 to allowed maximum of 100000).
You can increase the allowed maximum using the -maxfilt <max> option.

- 23:07:40.227 INFO: HMMs passed 1st prefilter (gapless profile-profile alignment)  : 5454267

- 23:08:43.765 WARNING: Number of hits passing 2nd prefilter (reduced from 303454 to allowed maximum of 100000).
You can increase the allowed maximum using the -maxfilt <max> option.

- 23:08:47.800 INFO: HMMs passed 2nd prefilter (gapped profile-profile alignment)   : 200000

- 23:08:47.800 INFO: HMMs passed 2nd prefilter and not found in previous iterations : 179304

- 23:08:47.800 INFO: Scoring 179304 HMMs using HMM-HMM Viterbi alignment

- 23:08:47.839 INFO: Alternative alignment: 0

- 23:09:59.413 INFO: 2000 alignments done

- 23:11:08.779 INFO: 4000 alignments done

- 23:12:08.316 INFO: 6000 alignments done

- 23:13:04.665 INFO: 8000 alignments done

- 23:13:53.745 INFO: 10000 alignments done

- 23:14:28.107 INFO: 12000 alignments done

- 23:15:09.972 INFO: 14000 alignments done

- 23:15:54.146 INFO: 16000 alignments done

- 23:16:39.701 INFO: 18000 alignments done

- 23:17:28.365 INFO: 20000 alignments done

- 23:18:37.660 INFO: 22000 alignments done

- 23:20:33.068 INFO: 24000 alignments done

- 23:22:18.121 INFO: 26000 alignments done

- 23:23:51.540 INFO: 28000 alignments done

- 23:25:44.527 INFO: 30000 alignments done

- 23:27:08.629 INFO: 32000 alignments done

- 23:27:08.634 INFO: Stop after DB-HHM: 32000 because early stop  16.5012 < filter cutoff 20

- 23:27:08.638 INFO: Alternative alignment: 1

- 23:29:07.381 INFO: 3390 alignments done

- 23:29:07.416 INFO: Alternative alignment: 2

- 23:29:11.688 INFO: 438 alignments done

- 23:29:11.688 INFO: Alternative alignment: 3

- 23:29:11.875 INFO: 90 alignments done

- 23:29:12.110 INFO: Rescoring previously found HMMs with Viterbi algorithm

- 23:29:12.159 INFO: Alternative alignment: 0

- 23:29:16.435 INFO: 2000 alignments done

- 23:29:28.775 INFO: 4000 alignments done

- 23:29:35.583 INFO: 6000 alignments done

- 23:29:41.492 INFO: 8000 alignments done

- 23:29:47.108 INFO: 10000 alignments done

- 23:29:52.249 INFO: 12000 alignments done

- 23:30:00.963 INFO: 14000 alignments done

- 23:30:09.068 INFO: 16000 alignments done

- 23:30:16.322 INFO: 18000 alignments done

- 23:30:23.870 INFO: 20000 alignments done

- 23:30:26.344 INFO: 20698 alignments done

- 23:30:26.347 INFO: Alternative alignment: 1

- 23:30:45.872 INFO: 20697 alignments done

- 23:30:45.914 INFO: Alternative alignment: 2

- 23:30:48.085 INFO: 1612 alignments done

- 23:30:48.086 INFO: Alternative alignment: 3

- 23:30:48.402 INFO: 253 alignments done

- 23:30:48.954 INFO: Premerge done

- 23:30:48.956 INFO: Realigning 21251 HMM-HMM alignments using Maximum Accuracy algorithm

- 23:33:50.791 INFO: 21457 sequences belonging to 21457 database HMMs found with an E-value < 0.001

- 23:33:50.792 INFO: Number of effective sequences of resulting query HMM: Neff = 11.6455

     Query         5ht1b_human P28222
     Match_columns 390
     No_of_seqs    1873 out of 248310
     Neff          11.6455
     Searched_HMMs 225042
     Date          Wed Feb 22 23:33:50 2023
     Command       hhblits -i 5ht1b_human-137/msas/A/chain_A.fasta -cpu 2 -maxmem 20 -oa3m /maps/projects/ilfgrid/people/nqz918/code/deorph/scripts/af_arman/af_jobs_af23/5ht1b_human/137//5ht1b_human-137/msas/A/bfd_uniref_hits.a3m -o /dev/null -n 3 -e 0.001 -maxseq 1000000 -realign_max 100000 -maxfilt 100000 -min_prefilter_hits 1000 -d /projects/ilfgrid/data/alphafold-genetic-databases///bfd/bfd_metaclust_clu_complete_id30_c90_final_seq.sorted_opt -d /projects/ilfgrid/data/alphafold-genetic-databases///uniref30/UniRef30_2021_03 
     
      No Hit                             Prob E-value P-value  Score    SS Cols Query HMM  Template HMM
       1 tr|A0A147AMP5|A0A147AMP5_FUNHE 100.0   3E-72 2.9E-78  479.9   0.0  343   45-390    27-429 (475)
       2 tr|A0A212C668|A0A212C668_CEREH 100.0 8.6E-66 8.7E-72  419.5   0.0  386    3-390   172-558 (558)
       3 UniRef100_A0A060WTK6 5-hydroxy 100.0   6E-64 6.1E-70  401.6   0.0  343   45-390    86-429 (503)
       4 UniRef100_A0A060VSP8 5-hydroxy 100.0   3E-61   3E-67  402.4   0.0  332   46-389    84-416 (479)
       5 UniRef100_A0A087QSW5 5-hydroxy 100.0 2.5E-60 2.5E-66  387.9   0.0  358   31-390   157-516 (570)
       6 UniRef100_A0A060WEJ5 G_PROTEIN 100.0 2.6E-59 2.6E-65  395.9   0.0  337   48-388   112-456 (544)
       7 UniRef100_A0A212C668 5-hydroxy 100.0 5.3E-58 5.4E-64  363.6   0.0  382    6-389   175-557 (558)
       8 tr|A0A218UVQ4|A0A218UVQ4_9PASE 100.0   2E-57 2.1E-63  352.8   0.0  359   26-385    14-372 (464)
       9 tr|A0A1I8M930|A0A1I8M930_MUSDO 100.0 1.7E-54 1.7E-60  382.4   0.0  340   47-389   186-578 (963)
      10 tr|A0A0P7X2T7|A0A0P7X2T7_9TELE 100.0 2.4E-54 2.4E-60  341.9   0.0  342   44-390    42-390 (463)
      11 UniRef100_A0A060VUW6 G_PROTEIN 100.0 3.5E-54 3.4E-60  376.9   0.0  323   48-389   116-440 (574)
      12 UniRef100_A0A093CV14 5-hydroxy 100.0 5.8E-54 5.9E-60  325.3   0.0  359    4-372     3-361 (376)
      13 UniRef100_A0A060WAG3 G_PROTEIN 100.0 6.2E-54 6.2E-60  357.4   0.0  343   47-390   120-501 (550)
      14 UniRef100_A0A2B4S7K2 Histamine 100.0 1.1E-53 1.1E-59  353.9   0.0  297   46-388    29-327 (369)
      15 UniRef100_A0A1I8HKX2 G_PROTEIN 100.0 1.4E-53 1.4E-59  352.3   0.0  371   16-390     8-413 (442)
      16 UniRef100_A0A068WVN8 Biogenic  100.0 1.5E-53 1.5E-59  368.3   0.0  340   48-390   119-509 (641)
      17 tr|A0A146TP77|A0A146TP77_FUNHE 100.0 2.5E-53 2.4E-59  365.8   0.0  342   48-390    45-425 (522)
      18 UniRef100_A0A060X5Z5 G_PROTEIN 100.0 3.2E-53 3.1E-59  359.9   0.0  299   48-388    82-384 (522)
      19 UniRef100_A0A087UP46 5-hydroxy 100.0 1.2E-52 1.2E-58  344.7   0.0  339   49-389    45-401 (472)
      20 UniRef100_A0A023F452 Putative  100.0 1.8E-52 1.8E-58  356.9   0.0  342   48-390   138-540 (660)
      21 UniRef100_A0A084VLD5 AGAP00422 100.0   2E-52   2E-58  352.1   0.0  336   49-390   243-597 (695)
      22 UniRef100_A0A061A7W5 G_PROTEIN 100.0   2E-52   2E-58  351.0   0.0  295   48-388    60-358 (473)
      23 UniRef100_A0A061QHX0 Putative  100.0 2.8E-52 2.8E-58  355.5   0.0  337   49-388   132-507 (563)
      24 UniRef100_A0A068AZY5 Octopamin 100.0 4.3E-52 4.2E-58  375.0   0.0  339   48-388   172-652 (723)
      25 UniRef100_A0A1V9XU68 Tyramine/ 100.0 6.3E-52 6.3E-58  341.0   0.0  302   47-389    50-354 (408)
      26 UniRef100_A0A1S3KA35 Alpha-1B  100.0 6.4E-52 6.4E-58  350.4   0.0  330   49-389    89-420 (551)
      27 UniRef100_A0A061QLL1 Putative  100.0 6.4E-52 6.4E-58  340.0   0.0  340   47-388    43-421 (424)
      28 UniRef100_A0A026WCQ7 Tyramine  100.0 9.7E-52 9.6E-58  362.5   0.0  336   48-389   182-588 (665)
      29 UniRef100_UPI000A1C49D8 5-hydr 100.0 1.1E-51 1.1E-57  326.8   0.0  339   48-389   189-529 (533)
      30 UniRef100_A0A369RW72 Octopamin 100.0 1.7E-51 1.6E-57  349.4   0.0  300   48-384    53-354 (412)
      31 UniRef100_A0A6P4Z4S7 G-protein 100.0 2.3E-51 2.2E-57  349.4   0.0  288   48-389    58-352 (417)
      32 UniRef100_A0A016T103 G_PROTEIN 100.0 2.7E-51 2.7E-57  352.4   0.0  331   55-388   116-475 (605)
      33 tr|W8B9D1|W8B9D1_CERCA 5-hydro 100.0 4.4E-51 4.5E-57  340.3   0.0  340   48-390   261-628 (664)
      34 UniRef100_A0A1L8GQY3 Alpha-1B  100.0 4.7E-51 4.7E-57  337.7   0.0  322   49-389    46-369 (510)
      35 tr|A0A218UB83|A0A218UB83_9PASE 100.0 4.8E-51 4.9E-57  343.6   0.0  320   48-389   192-513 (631)
      36 UniRef100_A0A044T5H8 G_PROTEIN 100.0 7.7E-51 7.8E-57  347.9   0.0  321   47-389   243-569 (693)
      37 tr|E0D358|E0D358_HEMPU Dopamin 100.0 9.5E-51 9.6E-57  331.3   0.0  293   50-389    25-329 (435)
      38 UniRef100_A0A024FLF0 PQRFa pep 100.0 1.1E-50   1E-56  343.3   0.0  287   48-388    48-346 (413)
      39 UniRef100_A0A1S3HKE5 allatosta 100.0 1.3E-50 1.3E-56  341.9   0.0  283   48-386    81-373 (462)
      40 UniRef100_A0A141CIT8 G protein 100.0 1.4E-50 1.4E-56  337.9   0.0  290   45-389    82-377 (488)
      41 tr|A0A182FRI7|A0A182FRI7_ANOAL 100.0 1.8E-50 1.8E-56  351.7   0.0  195   48-243   111-307 (677)
      42 UniRef100_A0A087XT11 Alpha-1B  100.0 2.2E-50 2.2E-56  335.1   0.0  324   49-389    79-405 (622)
      43 UniRef100_A0A060X1U9 G_PROTEIN 100.0 2.3E-50 2.3E-56  340.8   0.0  321   47-389   136-458 (633)
      44 UniRef100_A0A1V4KIE8 Beta-1 ad 100.0 2.5E-50 2.4E-56  356.6   0.0  308   54-388    34-349 (512)
      45 UniRef100_A0A060Y7B7 G_PROTEIN 100.0 2.5E-50 2.5E-56  339.9   0.0  338   49-388   115-549 (560)
      46 tr|A0A0P7U387|A0A0P7U387_9TELE 100.0 3.1E-50 3.1E-56  332.2   0.0  283   48-388   127-415 (556)
      47 UniRef100_A0A060WMC3 Alpha-1D  100.0 3.3E-50 3.3E-56  333.6   0.0  323   49-389   110-433 (564)
      48 UniRef100_A0A026W4F0 Octopamin 100.0 3.3E-50 3.4E-56  325.4   0.0  328   51-389    57-393 (445)
      49 UniRef100_A0A210QSD7 Octopamin 100.0 3.4E-50 3.4E-56  335.6   0.0  340   48-390    56-418 (423)
      50 UniRef100_A0A0L8I0T4 G_PROTEIN 100.0 3.8E-50 3.8E-56  336.5   0.0  335   50-388   134-496 (554)
      51 UniRef100_A0A1D1W534 G_PROTEIN 100.0 4.6E-50 4.5E-56  344.0   0.0  335   49-388    78-433 (492)
      52 tr|M3ZFE6|M3ZFE6_XIPMA Somatos 100.0 5.9E-50   6E-56  328.4   0.0  282   47-388   102-389 (525)
      53 UniRef100_A0A023F675 Putative  100.0 6.3E-50 6.2E-56  344.3   0.0  283   48-386   125-417 (530)
      54 tr|A0A1A8LLP2|A0A1A8LLP2_9TELE 100.0 6.7E-50 6.8E-56  324.9   0.0  303   46-388    90-397 (455)
      55 UniRef100_A0A7M7SYV2 G_PROTEIN 100.0 7.3E-50 7.4E-56  338.0   0.0  326   54-389    72-399 (630)
      56 UniRef100_A0A0K0PUR1 Orphan G- 100.0 7.5E-50 7.4E-56  340.5   0.0  291   45-389   110-413 (530)
      57 UniRef100_A0A2S1WLX6 Putative  100.0 8.2E-50 8.3E-56  324.2   0.0  332   55-389    52-459 (475)
      58 UniRef100_A0A026X3T6 Allatosta 100.0 8.5E-50 8.5E-56  337.3   0.0  283   49-388   139-425 (540)
      59 tr|C7SLZ0|C7SLZ0_APLKU Seroton 100.0   9E-50   9E-56  333.4   0.0  337   49-389    72-425 (485)
      60 UniRef100_A0A060X1Q6 Somatosta 100.0 9.7E-50 9.7E-56  342.1   0.0  279   48-387   138-423 (604)
      61 tr|A7SD89|A7SD89_NEMVE Predict 100.0   1E-49   1E-55  311.4   0.0  291   51-388    39-330 (355)
      62 UniRef100_A0A0N1PGA0 Octopamin 100.0 1.2E-49 1.2E-55  335.1   0.0  336   49-386   107-490 (547)
      63 tr|A0A0L0BYA7|A0A0L0BYA7_LUCCU 100.0 1.1E-49 1.2E-55  332.8   0.0  310   49-388   310-626 (678)
      64 UniRef100_A0A154PKR3 Tachykini 100.0 1.3E-49 1.2E-55  332.3   0.0  283   48-386    75-372 (457)
      65 UniRef100_A0A023F4J9 Putative  100.0 1.3E-49 1.3E-55  337.5   0.0  326   51-389   158-493 (588)
      66 UniRef100_A0A1D1V5S1 G_PROTEIN 100.0 1.3E-49 1.4E-55  326.7   0.0  303   45-388    52-359 (484)
      67 UniRef100_A0A060VTR1 G_PROTEIN 100.0 1.4E-49 1.4E-55  334.3   0.0  323   48-389   118-441 (619)
      68 UniRef100_A0A060WWU7 G_PROTEIN 100.0 1.5E-49 1.5E-55  329.6   0.0  308   48-389    67-383 (545)
      69 UniRef100_A0A026WW28 Neuropept 100.0 1.5E-49 1.5E-55  339.4   0.0  289   46-387    85-379 (552)
      70 UniRef100_A0A060XC03 Beta-2 ad 100.0 1.6E-49 1.6E-55  329.6   0.0  308   45-387    98-412 (548)
      71 UniRef100_A0A2B4SVC4 Dopamine  100.0 1.7E-49 1.7E-55  324.9   0.0  275   48-387    54-329 (397)
      72 UniRef100_A0A087YQK7 Adrenocep 100.0 1.9E-49 1.9E-55  333.4   0.0  312   53-388   133-451 (617)
      73 UniRef100_A0A6A7G2U4 Octopamin 100.0 1.9E-49   2E-55  328.6   0.0  332   48-390   169-513 (574)
      74 UniRef100_A0A0K0PUV0 FVRIamide 100.0   2E-49   2E-55  331.2   0.0  323   48-385    51-375 (458)
      75 UniRef100_A0A023FH63 Putative  100.0   2E-49   2E-55  335.7   0.0  306   49-387   125-439 (563)
      76 UniRef100_A0A6A4WEU8 5-hydroxy 100.0 2.7E-49 2.7E-55  329.0   0.0  341   48-390    66-441 (535)
      77 tr|K7GCC3|K7GCC3_PELSI Adrenoc 100.0 3.2E-49 3.3E-55  321.3   0.0  317   48-388    40-363 (488)
      78 UniRef100_A0A060W5Z4 G_PROTEIN 100.0 3.7E-49 3.7E-55  335.1   0.0  279   48-388   189-474 (593)
      79 UniRef100_A0A087X781 Alpha-2Db 100.0 4.2E-49 4.2E-55  323.3   0.0  335   51-386    68-490 (495)
      80 UniRef100_A0A068YB14 Neuropept 100.0 4.7E-49 4.6E-55  333.3   0.0  289   47-386    52-350 (448)
      81 UniRef100_A0A401NJB3 G_PROTEIN 100.0 4.7E-49 4.8E-55  326.0   0.0  312   48-387    40-358 (517)
      82 UniRef100_A0A0K0PUL8 Allatosta 100.0 5.7E-49 5.7E-55  323.8   0.0  285   48-388    49-344 (396)
      83 UniRef100_A0A164MD49 Putative  100.0 5.8E-49 5.8E-55  326.5   0.0  334   50-387    50-394 (498)
      84 UniRef100_A0A026WTK8 Tachykini 100.0 6.1E-49 6.1E-55  332.4   0.0  285   48-388    88-388 (556)
      85 tr|A0A060XRS0|A0A060XRS0_ONCMY 100.0 7.8E-49 7.9E-55  338.1   0.0  320   48-389    54-376 (900)
      86 UniRef100_A0A034UYU1 5-hydroxy 100.0 8.2E-49 8.3E-55  338.7   0.0  337   49-388   229-644 (694)
      87 UniRef100_A0A026WK40 Cholecyst 100.0 8.9E-49 8.8E-55  342.1   0.0  339   51-389   156-544 (656)
      88 UniRef100_A0A2B4SKI0 Tachykini 100.0   9E-49 8.8E-55  338.7   0.0  286   48-388    90-390 (469)
      89 UniRef100_A0A060XP11 G_PROTEIN 100.0   1E-48   1E-54  328.7   0.0  290   48-387    89-391 (497)
      90 UniRef100_A0A0P0YUU8 Cannabino 100.0 9.9E-49   1E-54  325.0   0.0  326   50-389    83-418 (496)
      91 UniRef100_A0A034VDT7 Tyramine/ 100.0   1E-48   1E-54  344.7   0.0  336   51-387   287-714 (820)
      92 tr|A0A1S3L0J1|A0A1S3L0J1_SALSA 100.0 1.1E-48 1.1E-54  323.0   0.0  327   50-389    76-406 (533)
      93 UniRef100_A0A016TS00 G_PROTEIN 100.0 1.2E-48 1.2E-54  337.6   0.0  337   50-389   113-554 (622)
      94 tr|A0A0F8ARD3|A0A0F8ARD3_LARCR 100.0 1.2E-48 1.3E-54  317.2   0.0  278   49-387    53-337 (464)
      95 UniRef100_A0A026W5R0 Orexin re 100.0 1.3E-48 1.3E-54  333.1   0.0  302   45-387   113-425 (529)
      96 UniRef100_A0A095ANA4 Dopamine  100.0 1.3E-48 1.3E-54  342.1   0.0  187   54-242   177-363 (674)
      97 UniRef100_A0A0L8FWF7 G_PROTEIN 100.0 1.4E-48 1.4E-54  336.1   0.0  339   48-388    90-546 (576)
      98 UniRef100_A0A091EBV8 Type-1 an 100.0 1.5E-48 1.5E-54  340.1   0.0  272   47-385   345-627 (715)
      99 UniRef100_A0A2B4SDF9 Neuropept 100.0 1.5E-48 1.5E-54  323.3   0.0  287   45-385    85-376 (455)
     100 UniRef100_A0A0K0PUX7 Orphan G- 100.0 1.7E-48 1.6E-54  329.4   0.0  281   48-387    61-353 (471)
     101 UniRef100_A0A060X6T3 G_PROTEIN 100.0 1.7E-48 1.7E-54  323.8   0.0  322   50-389    90-414 (550)
     102 UniRef100_A0A3B4VB96 Beta-2 ad 100.0 1.8E-48 1.8E-54  319.2   0.0  303   49-388    52-361 (464)
     103 UniRef100_A0A0K0PUI9 Orphan G- 100.0 1.9E-48 1.8E-54  335.0   0.0  294   48-389   100-408 (534)
     104 UniRef100_A0A060VWI9 G_PROTEIN 100.0 1.8E-48 1.8E-54  326.4   0.0  321   53-387    64-393 (579)
     105 UniRef100_A0A2B4S4U3 Beta-2 ad 100.0 1.8E-48 1.9E-54  312.4   0.0  287   49-387    28-320 (372)
     106 UniRef100_A0A3M6U5X4 G_PROTEIN 100.0   2E-48   2E-54  309.5   0.0  280   46-384    35-316 (339)
     107 UniRef100_A0A6P4XD29 neuropept 100.0   2E-48   2E-54  317.2   0.0  284   48-384    40-338 (385)
     108 UniRef100_A0A177B9B5 Rhodopsin 100.0   2E-48 2.1E-54  319.7   0.0  307   46-389    87-403 (464)
     109 tr|H2Q292|H2Q292_PANTR Unchara 100.0 2.2E-48 2.2E-54  316.1   0.0  320   47-389    79-404 (492)
     110 UniRef100_A0A061QLN0 Putative  100.0 2.3E-48 2.3E-54  341.1   0.0  335   50-387    89-602 (685)
     111 UniRef100_A0A2G8KL37 Cholecyst 100.0 2.3E-48 2.3E-54  321.0   0.0  318   50-388    99-430 (493)
     112 tr|A0A146ZQA7|A0A146ZQA7_FUNHE 100.0 2.3E-48 2.4E-54  316.9   0.0  343   47-390    78-462 (549)
     113 tr|A0A2B4SUH3|A0A2B4SUH3_STYPI 100.0 2.6E-48 2.6E-54  318.4   0.0  294   50-389    26-332 (385)
     114 UniRef100_A0A061INJ6 Pyrogluta 100.0 2.7E-48 2.7E-54  337.2   0.0  295   46-387   149-457 (594)
     115 UniRef100_A0A1N7TCF1 Galanin r 100.0 2.8E-48 2.8E-54  318.9   0.0  283   48-388    70-360 (407)
     116 UniRef100_A0A1D2M4J2 Neuropept 100.0   3E-48   3E-54  324.1   0.0  286   48-388   125-423 (497)
     117 UniRef100_A0A091R746 Beta-1 ad 100.0   3E-48   3E-54  323.8   0.0  306   52-386   137-450 (572)
     118 UniRef100_A0A077Z2H9 Putative  100.0 3.2E-48 3.2E-54  326.7   0.0  312   50-385    72-393 (477)
     119 UniRef100_A0A026WC04 Dopamine  100.0 3.3E-48 3.3E-54  314.2   0.0  312   47-387    75-396 (468)
     120 tr|A0A1I8N820|A0A1I8N820_MUSDO 100.0 3.8E-48 3.9E-54  331.0   0.0  324   51-389   306-638 (880)
     121 UniRef100_A0A087RJN6 Somatosta 100.0   4E-48 3.9E-54  326.4   0.0  278   48-386    59-341 (391)
     122 UniRef100_A0A087XDT1 Somatosta 100.0 5.1E-48 5.2E-54  325.2   0.0  282   47-388   166-453 (676)
     123 tr|A0A1L8G1N6|A0A1L8G1N6_XENLA 100.0 5.2E-48 5.2E-54  315.6   0.0  280   47-388   114-398 (448)
     124 tr|A0A0P7V5N2|A0A0P7V5N2_9TELE 100.0   6E-48 6.1E-54  316.6   0.0  304   49-388    91-401 (468)
     125 UniRef100_A0A023F668 Putative  100.0 7.1E-48 7.2E-54  316.4   0.0  290   46-388    82-377 (484)
     126 UniRef100_A0A026VXG0 Octopamin 100.0 7.2E-48 7.2E-54  330.6   0.0  337   48-385    80-537 (647)
     127 tr|Q8MX83|Q8MX83_APLCA G-prote 100.0 7.5E-48 7.5E-54  320.2   0.0  338   49-389   127-563 (567)
     128 UniRef100_A0A026WM41 Dopamine  100.0 8.4E-48 8.4E-54  333.6   0.0  189   53-243   163-351 (659)
     129 UniRef100_A0A087XFV2 5-hydroxy 100.0 8.6E-48 8.7E-54  318.4   0.0  302   47-389    81-397 (493)
     130 UniRef100_A0A2P8Z628 Octopamin 100.0 1.1E-47 1.1E-53  313.2   0.0  335   50-387    51-415 (477)
     131 UniRef100_A0A077YWL6 Somatosta 100.0 1.2E-47 1.2E-53  326.2   0.0  283   49-388    65-360 (446)
     132 UniRef100_A0A2B4RGU4 5-hydroxy 100.0 1.2E-47 1.2E-53  331.2   0.0  300   47-388    63-370 (478)
     133 UniRef100_A0A0K8WE72 5-hydroxy 100.0 1.3E-47 1.3E-53  324.9   0.0  335   50-390   269-626 (662)
     134 tr|W4Z3I5|W4Z3I5_STRPU Unchara 100.0 1.3E-47 1.3E-53  311.6   0.0  300   46-388    45-393 (461)
     135 tr|A0A0P7UV63|A0A0P7UV63_9TELE 100.0 1.3E-47 1.3E-53  308.3   0.0  335   47-387   139-483 (486)
     136 tr|A0A1I8FSG9|A0A1I8FSG9_9PLAT 100.0 1.4E-47 1.4E-53  315.4   0.0  335   50-389   108-449 (550)
     137 UniRef100_A0A6A4TQM3 5-hydroxy 100.0 1.4E-47 1.4E-53  332.4   0.0  339   46-388    34-373 (1464)
     138 UniRef100_A0A678XEL8 Trace ami 100.0 1.5E-47 1.6E-53  321.0   0.0  297   48-388    54-356 (523)
     139 UniRef100_A0A139WB32 Tachykini 100.0 1.6E-47 1.6E-53  314.1   0.0  284   49-388    43-342 (405)
     140 UniRef100_A0A0K0PUT9 Excitator 100.0 1.7E-47 1.7E-53  324.6   0.0  294   47-389   101-402 (474)
     141 UniRef100_A0A6P4Y4T1 galanin r 100.0 1.7E-47 1.7E-53  314.0   0.0  285   49-388    58-351 (410)
     142 UniRef100_UPI000219022F Endoly 100.0 1.7E-47 1.8E-53  310.6   0.0  280   49-388   200-486 (507)
     143 UniRef100_A0A087X575 NPY-Y2 re 100.0 1.8E-47 1.8E-53  313.6   0.0  288   48-388    72-371 (426)
     144 UniRef100_A0A2B4S7A4 Alpha-1A  100.0 1.9E-47 1.9E-53  313.5   0.0  267   49-386    39-307 (392)
     145 tr|A0A218UTA6|A0A218UTA6_9PASE 100.0 2.1E-47 2.1E-53  323.4   0.0  335   51-387    59-442 (738)
     146 UniRef100_A0A067RIW6 G_PROTEIN 100.0 2.1E-47 2.2E-53  327.9   0.0  339   48-388   183-546 (705)
     147 UniRef100_A0A2B4R9G2 Melatonin 100.0 2.9E-47 2.8E-53  328.9   0.0  289   46-388    77-366 (461)
     148 tr|A0A1I8PIJ9|A0A1I8PIJ9_STOCA 100.0 2.8E-47 2.8E-53  325.0   0.0  285   49-389   169-468 (680)
     149 UniRef100_A0A034WCQ2 Octopamin 100.0 2.9E-47 2.9E-53  325.4   0.0  339   48-389   162-562 (618)
     150 UniRef100_A0A087UNN0 Neuropept 100.0 2.9E-47 2.9E-53  314.5   0.0  283   47-384    91-387 (470)
     151 UniRef100_A0A060X690 G_PROTEIN 100.0 3.1E-47 3.1E-53  307.5   0.0  282   47-387    44-334 (386)
     152 tr|L7LWW3|L7LWW3_9ACAR Putativ 100.0 3.2E-47 3.2E-53  319.9   0.0  189   52-242   113-301 (624)
     153 tr|L8Y5L0|L8Y5L0_TUPCH Alpha-2 100.0 3.4E-47 3.4E-53  329.7   0.0  336   50-388   394-818 (823)
     154 tr|W4YJK4|W4YJK4_STRPU Unchara 100.0 3.9E-47 3.9E-53  315.2   0.0  295   47-387    67-368 (446)
     155 UniRef100_A0A016UUZ5 G_PROTEIN 100.0 3.8E-47 3.9E-53  312.3   0.0  331   50-389    75-413 (486)
     156 UniRef100_UPI000B911B64 melato 100.0 4.1E-47 4.1E-53  316.2   0.0  314   50-389    29-345 (381)
     157 tr|A0A1U7TSJ4|A0A1U7TSJ4_TARSY 100.0 4.2E-47 4.3E-53  314.8   0.0  321   17-390   180-520 (600)
     158 tr|S9YJE2|S9YJE2_CAMFR Somatos 100.0 4.7E-47 4.7E-53  305.2   0.0  282   47-387   110-399 (438)
     159 tr|A0A0A7DQA3|A0A0A7DQA3_PINFU 100.0 4.8E-47 4.8E-53  313.4   0.0  335   49-387    82-465 (471)
     160 UniRef100_A0A6P4Z5N5 muscarini 100.0 5.4E-47 5.4E-53  305.7   0.0  312   51-387    30-341 (357)
     161 tr|C3XSP5|C3XSP5_BRAFL Unchara 100.0 5.3E-47 5.4E-53  301.9   0.0  291   48-389    26-327 (403)
     162 tr|A0A1A8K3T1|A0A1A8K3T1_NOTKU 100.0 5.4E-47 5.5E-53  315.3   0.0  339   50-389    49-485 (621)
     163 UniRef100_A0A2B4RSM5 Neuropept 100.0 5.7E-47 5.7E-53  311.6   0.0  285   44-386    31-321 (417)
     164 UniRef100_A0A0B4LHT6 RYamide r 100.0 6.2E-47 6.2E-53  319.3   0.0  286   46-386   111-409 (524)
     165 UniRef100_A0A026WK16 Tachykini 100.0 6.4E-47 6.4E-53  320.9   0.0  286   48-389   181-482 (641)
     166 UniRef100_A0A2B4SKX3 Cholecyst 100.0 6.5E-47 6.5E-53  310.6   0.0  331   47-390    69-414 (428)
     167 UniRef100_A0A210QEM7 Neuropept 100.0 6.5E-47 6.5E-53  309.5   0.0  284   48-388    49-346 (416)
     168 UniRef100_A0A6P8HX63 probable  100.0 7.3E-47 7.2E-53  316.0   0.0  301   49-389    57-361 (407)
     169 tr|A0A0L8FIS6|A0A0L8FIS6_OCTBM 100.0 7.3E-47 7.3E-53  311.4   0.0  321   52-388    93-420 (485)
     170 UniRef100_A0A087T336 Somatosta 100.0 7.3E-47 7.3E-53  310.9   0.0  280   50-388    78-367 (454)
     171 UniRef100_A0A3M6TAE6 G_PROTEIN 100.0 7.8E-47 7.8E-53  313.2   0.0  272   49-387    91-367 (443)
     172 UniRef100_A0A2G8L6L1 Putative  100.0   9E-47   9E-53  307.8   0.0  277   48-387    34-323 (407)
     173 UniRef100_A0A6G1QFM6 5-hydroxy 100.0 9.2E-47 9.5E-53  301.3   0.0  340   49-390   216-565 (565)
     174 tr|A0A2C9JWF9|A0A2C9JWF9_BIOGL 100.0 9.7E-47 9.6E-53  314.2   0.0  293   48-389    64-366 (403)
     175 UniRef100_A0A1S3H6K0 neuropept 100.0   1E-46   1E-52  321.7   0.0  290   45-389    52-358 (470)
     176 tr|A0A1I8PF57|A0A1I8PF57_STOCA 100.0   1E-46   1E-52  324.4   0.0  338   50-390   384-748 (784)
     177 tr|C3XVS5|C3XVS5_BRAFL Unchara 100.0 1.1E-46 1.1E-52  304.9   0.0  292   49-388    67-363 (425)
     178 tr|A0A1E1WD65|A0A1E1WD65_PECGO 100.0 1.1E-46 1.1E-52  319.1   0.0  338   48-389    98-529 (584)
     179 UniRef100_A0A096MAY6 Alpha-1B  100.0 1.3E-46 1.4E-52  306.2   0.0  324   50-389    47-374 (489)
     180 UniRef100_A0A0C9QBK4 GHSR_0 pr 100.0 1.6E-46 1.6E-52  329.5   0.0  288   47-387   170-473 (591)
     181 UniRef100_A0A060WN78 Muscarini 100.0 1.6E-46 1.6E-52  322.4   0.0  340   47-388   139-579 (611)
     182 UniRef100_A0A0K0PUH1 Orphan G- 100.0 1.6E-46 1.7E-52  301.6   0.0  286   47-387    50-347 (413)
     183 ERR1719270_744271              100.0 1.7E-46 1.7E-52  316.1   0.0  329   50-388    11-354 (568)
     184 UniRef100_C3ZK20 G_PROTEIN_REC 100.0 1.8E-46 1.8E-52  309.2   0.0  305   53-387     4-320 (374)
     185 tr|A0A1S3GY13|A0A1S3GY13_LINUN 100.0 1.8E-46 1.8E-52  309.3   0.0  338   50-389    81-441 (521)
     186 tr|A0A0P4XBU7|A0A0P4XBU7_9CRUS 100.0 1.8E-46 1.8E-52  320.0   0.0  288   48-389    59-416 (557)
     187 UniRef100_A0A0L8GIM4 G_PROTEIN 100.0   2E-46   2E-52  321.9   0.0  287   47-388    94-394 (481)
     188 UniRef100_A0A151NBW6 Beta-3 ad 100.0   2E-46   2E-52  307.4   0.0  301   49-386    30-338 (490)
     189 UniRef100_A0A091DWF1 Somatosta 100.0   2E-46 2.1E-52  308.7   0.0  278   49-387   155-439 (523)
     190 UniRef100_A0A060VVF8 G_PROTEIN 100.0 2.3E-46 2.3E-52  320.8   0.0  278   49-388   139-433 (511)
     191 UniRef100_A0A3M6TPP0 G_PROTEIN 100.0 2.4E-46 2.4E-52  313.4   0.0  293   49-388    50-354 (424)
     192 UniRef100_A0A096NAQ2 Cholecyst 100.0 2.4E-46 2.4E-52  316.2   0.0  330   50-387   151-500 (617)
     193 UniRef100_A0A1S3J712 QRFP-like 100.0 2.5E-46 2.5E-52  317.0   0.0  280   52-386    70-369 (507)
     194 tr|A0A182G4E1|A0A182G4E1_AEDAL 100.0 2.5E-46 2.5E-52  314.3   0.0  288   48-388    66-370 (534)
     195 tr|G3S2I3|G3S2I3_GORGO Opioid  100.0 2.5E-46 2.5E-52  305.4   0.0  280   46-384   159-445 (492)
     196 tr|A0A193KU92|A0A193KU92_SCHMD 100.0 2.5E-46 2.6E-52  307.6   0.0  335   47-389    55-407 (478)
     197 tr|A0A182Q776|A0A182Q776_9DIPT 100.0 2.6E-46 2.7E-52  318.6   0.0  192   50-242   117-310 (645)
     198 tr|A0A1B3P5X7|A0A1B3P5X7_HOMAM 100.0 2.7E-46 2.7E-52  300.6   0.0  338   48-389    49-408 (452)
     199 UniRef100_A0A061IAU9 Gastric r 100.0 2.8E-46 2.8E-52  312.3   0.0  288   47-388   112-406 (588)
     200 UniRef100_A0A0L8H5P3 G_PROTEIN 100.0 2.9E-46 2.9E-52  310.9   0.0  297   46-389    71-373 (496)
     201 UniRef100_A0A074ZQD9 G_PROTEIN 100.0   3E-46 2.9E-52  339.3   0.0  191   50-242    67-264 (670)
     202 tr|A0A287CUD4|A0A287CUD4_ICTTR 100.0 2.9E-46 2.9E-52  303.0   0.0  285   48-388    17-307 (478)
     203 UniRef100_A0A044UZ46 G_PROTEIN 100.0   3E-46   3E-52  305.4   0.0  335   49-388    54-438 (451)
     204 UniRef100_A0A1I8FYJ6 G_PROTEIN 100.0 3.7E-46 3.8E-52  303.7   0.0  336   50-389    47-389 (500)
     205 tr|A0A226N2C0|A0A226N2C0_CALSU 100.0 3.9E-46   4E-52  306.4   0.0  291   47-388   222-520 (569)
     206 UniRef100_A0A060X360 G_PROTEIN 100.0   4E-46   4E-52  307.6   0.0  281   49-388    99-388 (477)
     207 UniRef100_A0A2B4S0J6 Somatosta 100.0 4.1E-46   4E-52  321.6   0.0  289   45-388    79-379 (457)
     208 tr|A0A1W2W3E6|A0A1W2W3E6_CIOIN 100.0 4.3E-46 4.3E-52  304.9   0.0  287   47-388    55-351 (487)
     209 UniRef100_A0A6J8CLU9 HCRTR2 n= 100.0 4.6E-46 4.6E-52  303.2   0.0  297   48-389    51-359 (422)
     210 UniRef100_A0A060VRN9 G_PROTEIN 100.0 4.6E-46 4.6E-52  310.4   0.0  288   46-386   132-428 (496)
     211 UniRef100_A0A060VP48 G_PROTEIN 100.0 4.7E-46 4.7E-52  325.2   0.0  283   48-385   153-447 (580)
     212 UniRef100_A0A1S3IHJ3 5-hydroxy 100.0 4.7E-46 4.8E-52  298.2   0.0  335   50-388    71-415 (416)
     213 tr|A0A1W0XC36|A0A1W0XC36_HYPDU 100.0 4.7E-46 4.8E-52  310.6   0.0  339   50-389    29-394 (722)
     214 tr|V8PD93|V8PD93_OPHHA Type-2  100.0 4.9E-46 4.9E-52  311.9   0.0  275   50-387    76-367 (412)
     215 UniRef100_A0A670XMG6 G_PROTEIN 100.0 4.8E-46 4.9E-52  296.8   0.0  318   51-386    53-370 (473)
     216 tr|A0A1B3P987|A0A1B3P987_CANBE 100.0   5E-46   5E-52  306.4   0.0  339   50-390   108-460 (476)
     217 UniRef100_A0A3M6T6P4 G_PROTEIN 100.0 5.1E-46 5.1E-52  311.1   0.0  284   50-388    56-354 (465)
     218 tr|A0A1S3FWK5|A0A1S3FWK5_DIPOR 100.0 5.1E-46 5.2E-52  312.9   0.0  299   48-387   415-728 (786)
     219 UniRef100_A0A0K0PUH0 Orphan G- 100.0 5.2E-46 5.2E-52  322.7   0.0  318   50-383   137-468 (583)
     220 UniRef100_A0A0L7KZ56 Neuropept 100.0 5.4E-46 5.4E-52  310.1   0.0  285   47-386    84-383 (509)
     221 UniRef100_A0A2H8TNJ5 Neuropept 100.0 5.4E-46 5.4E-52  310.0   0.0  288   47-388   153-453 (528)
     222 UniRef100_A0A2B4RHL7 Galanin r 100.0 5.7E-46 5.7E-52  298.0   0.0  274   49-387    32-309 (406)
     223 UniRef100_A0A3B5MNK7 G_PROTEIN 100.0 6.1E-46 6.2E-52  296.7   0.0  322   48-389    27-349 (455)
     224 UniRef100_A0A0Q3PEJ5 Alpha-1B  100.0 6.2E-46 6.3E-52  309.2   0.0  321   49-389    62-385 (683)
     225 tr|A0A0N8JZL4|A0A0N8JZL4_9TELE 100.0 7.3E-46 7.3E-52  306.1   0.0  291   48-390   103-414 (482)
     226 tr|A0A0P7XE55|A0A0P7XE55_9TELE 100.0 7.8E-46 7.9E-52  314.3   0.0  319   48-389    49-368 (782)
     227 tr|A0A1S2ZIZ2|A0A1S2ZIZ2_ERIEU 100.0 8.7E-46 8.9E-52  306.3   0.0  325   48-387   199-530 (620)
     228 tr|M7BJE0|M7BJE0_CHEMY 5-hydro 100.0 8.9E-46   9E-52  316.3   0.0  308   53-389   275-593 (685)
     229 UniRef100_A0A0P5DAK4 Orexin re 100.0 9.9E-46 9.9E-52  307.4   0.0  317   46-388   103-430 (505)
     230 tr|A0A0L0C0N1|A0A0L0C0N1_LUCCU 100.0   1E-45   1E-51  313.3   0.0  337   50-389   316-670 (707)
     231 UniRef100_A0A087YQ73 Alpha-2Db 100.0 1.1E-45 1.1E-51  313.9   0.0  335   51-387   220-604 (684)
     232 tr|A0A147AVH6|A0A147AVH6_FUNHE 100.0 1.1E-45 1.1E-51  311.5   0.0  333   51-386   194-618 (618)
     233 tr|A0A2D0SD29|A0A2D0SD29_ICTPU 100.0 1.1E-45 1.1E-51  302.3   0.0  294   49-386     4-306 (420)
     234 tr|A0A1W0WKL8|A0A1W0WKL8_HYPDU 100.0 1.1E-45 1.1E-51  321.4   0.0  189   53-241    93-296 (679)
     235 UniRef100_A0A1I8FSG9 G_PROTEIN 100.0 1.1E-45 1.2E-51  307.2   0.0  337   46-385   157-502 (576)
     236 UniRef100_A0A3M6UAU0 G_PROTEIN 100.0 1.2E-45 1.2E-51  310.7   0.0  289   48-388    34-329 (552)
     237 UniRef100_A0A0L0BTW0 Dopamine  100.0 1.3E-45 1.3E-51  322.0   0.0  189   53-243   456-644 (972)
     238 tr|A0A0P7U0M1|A0A0P7U0M1_9TELE 100.0 1.3E-45 1.3E-51  296.3   0.0  294   49-388   101-411 (440)
     239 tr|A0A061IHH7|A0A061IHH7_CRIGR 100.0 1.4E-45 1.4E-51  330.3   0.0  293   47-387   618-918 (934)
     240 tr|A0A091DWF1|A0A091DWF1_FUKDA 100.0 1.5E-45 1.5E-51  296.5   0.0  278   49-387   156-440 (483)
     241 tr|A0A1U7SLA2|A0A1U7SLA2_TARSY 100.0 1.7E-45 1.8E-51  305.5   0.0  323   50-389   125-450 (601)
     242 UniRef100_A0A2G8L4C9 Putative  100.0 1.8E-45 1.8E-51  316.1   0.0  333   49-383    70-444 (480)
     243 UniRef100_A0A3M6TV84 G_PROTEIN 100.0 1.8E-45 1.8E-51  303.3   0.0  284   56-389    52-338 (405)
     244 UniRef100_A0A060X727 G_PROTEIN 100.0 1.9E-45 1.9E-51  297.9   0.0  333   50-387    90-468 (496)
     245 tr|R4J1H6|R4J1H6_SALSA Cholecy 100.0   2E-45   2E-51  297.3   0.0  339   49-388    46-406 (461)
     246 UniRef100_A0A068WW83 Allatosta 100.0 2.3E-45 2.2E-51  311.8   0.0  278   46-382    63-347 (432)
     247 tr|A0A1W4ZX05|A0A1W4ZX05_9TELE 100.0 2.3E-45 2.3E-51  306.0   0.0  296   48-389    68-386 (480)
     248 tr|A0A091DLL4|A0A091DLL4_FUKDA 100.0 2.3E-45 2.4E-51  295.7   0.0  307   46-388    30-344 (474)
     249 tr|T1JSJ3|T1JSJ3_TETUR Unchara 100.0 2.4E-45 2.4E-51  311.7   0.0  338   49-389   247-645 (747)
     250 UniRef100_A0A0N7ZAP9 G_PROTEIN 100.0 2.5E-45 2.5E-51  304.3   0.0  288   47-388    74-366 (421)
     251 UniRef100_A0A060X9D7 G_PROTEIN 100.0 2.5E-45 2.6E-51  299.5   0.0  335   51-387    53-459 (469)
     252 UniRef100_A0A034WDF0 Allatosta 100.0 2.6E-45 2.6E-51  308.1   0.0  281   49-386    95-383 (459)
     253 UniRef100_A0A0K0PUK8 FMRFamide 100.0 2.7E-45 2.7E-51  313.6   0.0  284   47-385    56-350 (471)
     254 tr|A0A182F973|A0A182F973_ANOAL 100.0 2.7E-45 2.7E-51  300.7   0.0  334   50-390   161-506 (556)
     255 UniRef100_A0A2D0RHY1 Alpha-1B  100.0 2.9E-45 2.9E-51  300.9   0.0  317   50-389   116-433 (562)
     256 tr|A0A210R0K7|A0A210R0K7_MIZYE 100.0 2.9E-45 2.9E-51  298.6   0.0  339   48-388    72-425 (470)
     257 tr|A0A0P7TYE1|A0A0P7TYE1_9TELE 100.0 2.9E-45 2.9E-51  302.2   0.0  334   50-388   124-473 (507)
     258 UniRef100_A0A060W9T7 G_PROTEIN 100.0 3.1E-45 3.1E-51  303.9   0.0  281   48-387   184-471 (616)
     259 tr|A0A146TL67|A0A146TL67_FUNHE 100.0 3.2E-45 3.1E-51  317.3   0.0  138   50-188    27-165 (442)
     260 UniRef100_A0A2B4SQU8 Orexin re 100.0 3.1E-45 3.1E-51  291.7   0.0  331   19-389     6-347 (370)
     261 UniRef100_A0A060W247 Cholecyst 100.0 3.2E-45 3.2E-51  309.2   0.0  331   49-388   127-476 (563)
     262 UniRef100_A0A1S3J8T4 5-hydroxy 100.0 3.3E-45 3.3E-51  306.6   0.0  292   47-387    98-395 (468)
     263 tr|A0A2B4S6X2|A0A2B4S6X2_STYPI 100.0 3.3E-45 3.3E-51  293.5   0.0  287   53-388    27-323 (379)
     264 tr|A0A1W4UDX1|A0A1W4UDX1_DROFC 100.0 3.3E-45 3.3E-51  327.5   0.0  189   53-243   482-670 (1014)
     265 tr|Q9NHF3|Q9NHF3_APLCA Octopam 100.0 3.4E-45 3.4E-51  288.3   0.0  304   50-386    39-349 (394)
     266 tr|A0A0K0PUV0|A0A0K0PUV0_PLADU 100.0 3.4E-45 3.4E-51  296.6   0.0  319   48-389    14-334 (373)
     267 tr|A0A091DJ75|A0A091DJ75_FUKDA 100.0 3.8E-45 3.9E-51  292.5   0.0  323   57-386   108-486 (486)
     268 UniRef100_A0A026WIP6 Cholecyst 100.0 4.1E-45 4.1E-51  317.9   0.0  337   48-389   169-530 (636)
     269 tr|A0A1V4J9T1|A0A1V4J9T1_PATFA 100.0 4.1E-45 4.2E-51  292.4   0.0  282   48-388    67-355 (461)
     270 UniRef100_A0A087QH91 Melanopsi 100.0 4.3E-45 4.3E-51  312.2   0.0  292   48-388   102-399 (629)
     271 UniRef100_A0A084WIC4 Short neu 100.0 4.8E-45 4.8E-51  305.6   0.0  287   47-386    90-384 (551)
     272 tr|A0A183VWV4|A0A183VWV4_TRIRE 100.0   5E-45 5.1E-51  298.0   0.0  338   48-388    49-447 (509)
     273 tr|L7LZ94|L7LZ94_9ACAR Putativ 100.0 5.1E-45 5.2E-51  294.9   0.0  283   49-387   102-391 (438)
     274 UniRef100_A0A2G8K804 Putative  100.0 5.3E-45 5.4E-51  300.4   0.0  337   49-388    58-439 (451)
     275 UniRef100_A0A084WFJ7 AGAP00011 100.0 5.7E-45 5.7E-51  306.4   0.0  281   45-382    83-374 (519)
     276 UniRef100_A0A2R8PY66 5-hydroxy 100.0 5.7E-45 5.8E-51  286.7   0.0  296   49-389    56-355 (381)
     277 tr|A0A2B4S4U3|A0A2B4S4U3_STYPI 100.0 5.8E-45 5.9E-51  287.3   0.0  290   50-387    26-321 (359)
     278 tr|A0A1D1UXI1|A0A1D1UXI1_RAMVA 100.0 5.8E-45 5.9E-51  300.3   0.0  285   47-387    79-374 (499)
     279 UniRef100_A0A0L8I310 G_PROTEIN 100.0 6.2E-45 6.2E-51  307.7   0.0  307   51-383    47-363 (468)
     280 UniRef100_A0A2B4RHY9 Pyrogluta 100.0 6.4E-45 6.2E-51  314.3   0.0  285   47-388    79-371 (455)
     281 UniRef100_A0A2G8JR46 Putative  100.0 6.7E-45 6.6E-51  307.4   0.0  284   53-388    66-356 (411)
     282 tr|Q2V625|Q2V625_PANIN Type 1  100.0 7.6E-45 7.8E-51  307.0   0.0  341   48-389   231-621 (688)
     283 UniRef100_A0A0K0PUH3 Allatotro 100.0 7.9E-45 7.9E-51  296.2   0.0  299   46-388    65-373 (424)
     284 tr|B3MHI9|B3MHI9_DROAN Unchara 100.0 8.2E-45 8.2E-51  323.0   0.0  192   50-243   237-431 (856)
     285 UniRef100_A0A2P2I1E8 5-hydroxy 100.0 8.3E-45 8.5E-51  293.8   0.0  333   51-389   138-483 (521)
     286 UniRef100_A0A0N0PF28 Orexin re 100.0 9.3E-45 9.3E-51  306.2   0.0  317   46-389   133-461 (588)
     287 UniRef100_A0A182M0B5 G_PROTEIN 100.0 9.5E-45 9.6E-51  287.2   0.0  318   57-386    29-353 (371)
     288 tr|A0A0P5PA10|A0A0P5PA10_9CRUS 100.0 9.8E-45 9.9E-51  306.3   0.0  282   48-385   145-442 (705)
     289 UniRef100_A0A2B4RPR9 Allatosta 100.0   1E-44   1E-50  306.5   0.0  284   47-385    45-341 (446)
     290 UniRef100_A0A060WGM3 G_PROTEIN 100.0 1.1E-44   1E-50  314.9   0.0  290   48-387   143-440 (537)
     291 UniRef100_A0A2G8KMT5 G_PROTEIN 100.0 1.1E-44 1.1E-50  297.3   0.0  282   54-386    41-325 (402)
     292 tr|A0A147A4W2|A0A147A4W2_FUNHE 100.0 1.1E-44 1.1E-50  300.1   0.0  337   49-388    94-443 (502)
     293 tr|A0A060XH49|A0A060XH49_ONCMY 100.0 1.1E-44 1.1E-50  318.4   0.0  318   57-387    56-382 (945)
     294 tr|A0A1U7TU97|A0A1U7TU97_TARSY 100.0 1.2E-44 1.2E-50  298.5   0.0  335   52-387    97-525 (597)
     295 tr|A0A1L7H7D8|A0A1L7H7D8_SACKO 100.0 1.2E-44 1.3E-50  288.2   0.0  290   47-389    69-365 (424)
     296 UniRef100_A0A0A7KUZ5 Opsin 5 n 100.0 1.3E-44 1.3E-50  300.9   0.0  288   48-388    51-344 (407)
     297 tr|A0A2B4R9G2|A0A2B4R9G2_STYPI 100.0 1.3E-44 1.3E-50  294.2   0.0  288   47-387    58-348 (378)
     298 UniRef100_A0A2B4SC76 Substance 100.0 1.4E-44 1.4E-50  307.4   0.0  287   46-387    51-351 (461)
     299 UniRef100_UPI000B9126F2 D(1) d 100.0 1.4E-44 1.4E-50  290.0   0.0  294   49-389    17-319 (463)
     300 UniRef100_A0A6P4YBA8 delta-typ 100.0 1.4E-44 1.4E-50  296.3   0.0  283   48-389    49-340 (406)
     301 UniRef100_A0A0L8GAM8 G_PROTEIN 100.0 1.4E-44 1.4E-50  316.3   0.0  331   54-388   105-523 (567)
     302 UniRef100_A0A7M7HFU8 G_PROTEIN 100.0 1.5E-44 1.4E-50  305.8   0.0  293   48-387    63-363 (423)
     303 tr|R7TI62|R7TI62_CAPTE Unchara 100.0 1.5E-44 1.5E-50  295.4   0.0  328   51-385    32-359 (360)
     304 UniRef100_A0A151N382 Galanin r 100.0 1.5E-44 1.5E-50  283.5   0.0  283   49-388    30-316 (392)
     305 UniRef100_A0A210PNG3 5-hydroxy 100.0 1.5E-44 1.5E-50  301.5   0.0  301   48-389    64-369 (427)
     306 UniRef100_A0A061IN14 NK-3 rece 100.0 1.5E-44 1.5E-50  309.7   0.0  282   51-388   235-523 (662)
     307 tr|A0A154P9K2|A0A154P9K2_9HYME 100.0 1.5E-44 1.5E-50  294.3   0.0  330   50-389    51-388 (553)
     308 tr|B4N4F8|B4N4F8_DROWI Unchara 100.0 1.6E-44 1.6E-50  312.2   0.0  193   49-242   127-321 (639)
     309 UniRef100_A0A2B4SVS8 Neuropept 100.0 1.8E-44 1.8E-50  307.2   0.0  286   47-387    86-381 (480)
     310 UniRef100_A0A3M6UBA2 G_PROTEIN 100.0 1.8E-44 1.8E-50  296.6   0.0  285   49-388    49-340 (383)
     311 tr|A0A2B4RXA7|A0A2B4RXA7_STYPI 100.0 1.9E-44 1.9E-50  292.3   0.0  252   62-387    16-272 (328)
     312 UniRef100_A0A067RDC3 Prolactin 100.0   2E-44   2E-50  301.4   0.0  291   44-387    59-355 (541)
     313 tr|A0A146NY53|A0A146NY53_FUNHE 100.0   2E-44   2E-50  298.9   0.0  293   52-387     9-316 (469)
     314 UniRef100_A0A077K7C8 Dopamine  100.0 2.1E-44 2.1E-50  303.7   0.0  327   59-388    99-464 (502)
     315 UniRef100_UPI0003F07467 orexin 100.0 2.1E-44 2.2E-50  301.9   0.0  329   48-388    76-415 (535)
     316 UniRef100_A0A0T6BC49 G protein 100.0 2.1E-44 2.2E-50  289.3   0.0  318   66-387     4-368 (393)
     317 UniRef100_A0A146M155 Neuropept 100.0 2.4E-44 2.4E-50  299.9   0.0  288   50-386    54-360 (488)
     318 tr|A0A0L8GS86|A0A0L8GS86_OCTBM 100.0 2.3E-44 2.4E-50  287.0   0.0  339   47-389    89-474 (489)
     319 tr|C3XPE3|C3XPE3_BRAFL Unchara 100.0 2.4E-44 2.5E-50  320.3   0.0  299   44-388   731-1040(1421)
     320 tr|A0A182FPD0|A0A182FPD0_ANOAL 100.0 2.5E-44 2.5E-50  299.2   0.0  336   49-390   254-601 (636)
     321 tr|A0A1D2NMB6|A0A1D2NMB6_ORCCI 100.0 2.5E-44 2.5E-50  298.9   0.0  283   49-387   151-449 (520)
     322 UniRef100_A0A226DFM2 Neuropept 100.0 2.5E-44 2.6E-50  300.1   0.0  287   47-387   103-402 (523)
     323 tr|W4Z2N2|W4Z2N2_STRPU Unchara 100.0 2.6E-44 2.6E-50  287.0   0.0  291   47-387    54-351 (406)
     324 tr|Q29XY7|Q29XY7_APLCA Dopamin 100.0 2.6E-44 2.6E-50  294.0   0.0  300   46-387    51-376 (450)
     325 UniRef100_A0A6F9DEB9 5-hydroxy 100.0 2.8E-44 2.8E-50  300.2   0.0  303   48-387    54-358 (426)
     326 UniRef100_A0A060W5H6 G_PROTEIN 100.0 2.8E-44 2.8E-50  307.2   0.0  294   46-384    83-383 (528)
     327 UniRef100_A0A1S3IX78 RYamide r 100.0 2.9E-44 2.9E-50  294.8   0.0  290   45-389    49-349 (444)
     328 UniRef100_A0A3M6TKX3 G_PROTEIN 100.0 2.9E-44 2.9E-50  299.3   0.0  286   45-386    71-372 (427)
     329 UniRef100_A0A210QHM7 G-protein 100.0   3E-44   3E-50  301.3   0.0  285   49-388    79-375 (492)
     330 UniRef100_A0A023F3V9 Putative  100.0   3E-44   3E-50  301.5   0.0  280   49-387   132-422 (574)
     331 UniRef100_A0A3M6T8F5 G_PROTEIN 100.0 3.2E-44 3.2E-50  313.2   0.0  292   46-388    98-395 (523)
     332 tr|A0A1A9YSZ7|A0A1A9YSZ7_GLOFF 100.0 3.4E-44 3.5E-50  305.9   0.0  323   50-387   249-578 (750)
     333 UniRef100_A0A0N0PEL7 Tachykini 100.0 3.5E-44 3.5E-50  295.1   0.0  285   49-389    55-355 (454)
     334 UniRef100_A0A0N1IPC8 Octopamin 100.0 3.4E-44 3.5E-50  291.5   0.0  314   53-390   124-445 (522)
     335 UniRef100_A0A151LYB3 G_PROTEIN 100.0 3.6E-44 3.6E-50  292.2   0.0  285   53-388   102-389 (435)
     336 tr|A7RYQ3|A7RYQ3_NEMVE Predict 100.0 3.7E-44 3.6E-50  297.3   0.0  287   47-389    49-336 (367)
     337 tr|K1RR88|K1RR88_CRAGI 5-hydro 100.0 3.9E-44   4E-50  285.9   0.0  314   24-389    28-352 (407)
     338 UniRef100_A0A2B4RFH8 Neuropept 100.0 4.3E-44 4.2E-50  308.6   0.0  285   48-387    63-365 (439)
     339 tr|W5MSP8|W5MSP8_LEPOC Adrenoc 100.0 4.1E-44 4.2E-50  286.5   0.0  309   48-387    79-394 (460)
     340 tr|C1L3G5|C1L3G5_PERAM Seroton 100.0 4.4E-44 4.4E-50  306.2   0.0  191   51-243   151-345 (683)
     341 UniRef100_A0A0L8H0K2 G_PROTEIN 100.0 4.3E-44 4.5E-50  287.5   0.0  340   48-388    45-432 (517)
     342 tr|A0A147A9P7|A0A147A9P7_FUNHE 100.0 4.4E-44 4.5E-50  294.7   0.0  319   54-388    19-343 (523)
     343 UniRef100_A0A026X5N4 Putative  100.0 4.6E-44 4.7E-50  302.7   0.0  337   51-389    78-546 (633)
     344 tr|A0A218UWX7|A0A218UWX7_9PASE 100.0 4.8E-44 4.9E-50  295.4   0.0  283   48-387    39-339 (474)
     345 tr|A0A147AQT9|A0A147AQT9_FUNHE 100.0 4.9E-44   5E-50  296.9   0.0  339   48-389    91-466 (633)
     346 tr|A0A195BRF4|A0A195BRF4_9HYME 100.0 5.1E-44 5.1E-50  295.5   0.0  333   49-389    72-449 (475)
     347 tr|A0A218VDE9|A0A218VDE9_9PASE 100.0   5E-44 5.1E-50  291.7   0.0  280   47-388    21-307 (556)
     348 UniRef100_A0A026X164 G-protein 100.0 5.2E-44 5.2E-50  306.2   0.0  302   49-388   118-423 (604)
     349 tr|A0A182QHF8|A0A182QHF8_9DIPT 100.0 5.3E-44 5.3E-50  297.7   0.0  288   46-386    97-404 (581)
     350 tr|A0A147AZW9|A0A147AZW9_FUNHE 100.0 5.5E-44 5.4E-50  307.4   0.0  285   49-389    85-435 (468)
     351 UniRef100_A0A087YRI1 G_PROTEIN 100.0 5.5E-44 5.5E-50  297.1   0.0  287   51-387    82-371 (438)
     352 UniRef100_A0A060YIH0 Histamine 100.0 5.7E-44 5.6E-50  318.0   0.0  338   49-388   153-624 (697)
     353 UniRef100_A0A3M6TNW8 G_PROTEIN 100.0 5.7E-44 5.7E-50  295.0   0.0  293   49-389    94-393 (453)
     354 tr|A0A139WLV7|A0A139WLV7_TRICA 100.0 5.7E-44 5.8E-50  306.2   0.0  290   46-388   395-697 (792)
     355 tr|A0A2B4SID7|A0A2B4SID7_STYPI 100.0 5.9E-44 5.8E-50  301.4   0.0  283   46-387    28-326 (422)
     356 UniRef100_A0A1B6DVC9 G_PROTEIN 100.0 5.7E-44 5.8E-50  294.7   0.0  322   53-388   121-449 (542)
     357 UniRef100_A0A075A2Q4 G_PROTEIN 100.0 5.8E-44 5.8E-50  309.9   0.0  188   52-240    76-292 (668)
     358 tr|A0A151NBW9|A0A151NBW9_ALLMI 100.0 6.2E-44 6.3E-50  294.7   0.0  292   49-390    80-393 (472)
     359 UniRef100_A0A087XUD9 Dopamine  100.0 6.4E-44 6.4E-50  294.7   0.0  307   48-388    78-404 (510)
     360 UniRef100_A0A0S1YDA0 Neuropept 100.0 6.6E-44 6.6E-50  300.5   0.0  285   48-388    93-392 (509)
     361 UniRef100_A0A068WKU9 Neuropept 100.0 6.7E-44 6.7E-50  295.3   0.0  284   47-386    70-365 (451)
     362 tr|E0VHA7|E0VHA7_PEDHC Class A 100.0 7.6E-44 7.7E-50  288.5   0.0  338   49-389    62-439 (493)
     363 tr|A0A232F0R3|A0A232F0R3_9HYME 100.0 7.6E-44 7.7E-50  288.7   0.0  281   48-388   102-423 (458)
     364 UniRef100_A0A1D1VDY3 G_PROTEIN 100.0 7.8E-44 7.8E-50  300.7   0.0  286   49-389   133-447 (557)
     365 tr|Q6VUB7|Q6VUB7_BRAFL Dopamin 100.0 8.5E-44 8.7E-50  277.8   0.0  292   48-388    38-338 (394)
     366 tr|A0A146U732|A0A146U732_FUNHE 100.0   9E-44 8.8E-50  317.0   0.0  309   49-387   191-546 (590)
     367 tr|B4M0I5|B4M0I5_DROVI Unchara 100.0 8.7E-44 8.8E-50  289.2   0.0  309   50-388   106-421 (506)
     368 UniRef100_A0A060X0R7 Uncharact 100.0 8.9E-44   9E-50  281.1   0.0  280   48-388    56-342 (383)
     369 tr|A7RMJ9|A7RMJ9_NEMVE Predict 100.0 9.1E-44 9.2E-50  285.0   0.0  330   50-385    24-373 (394)
     370 tr|A0A146NR64|A0A146NR64_FUNHE 100.0 9.6E-44 9.7E-50  289.2   0.0  276   49-385   119-417 (449)
     371 UniRef100_F6ZHC8 Uncharacteriz 100.0 9.7E-44 9.8E-50  295.9   0.0  339   49-387    87-463 (520)
     372 tr|A0A1A9ZAD8|A0A1A9ZAD8_GLOPL 100.0 9.8E-44   1E-49  293.9   0.0  284   49-388   122-421 (574)
     373 UniRef100_A0A3B4UE11 Si:zfos-1 100.0 9.9E-44   1E-49  284.2   0.0  280   48-387    64-349 (441)
     374 tr|A0A2B4RXD1|A0A2B4RXD1_STYPI 100.0 1.1E-43 1.1E-49  288.8   0.0  284   46-388    90-380 (416)
     375 UniRef100_A0A2S2NH35 Putative  100.0 1.1E-43 1.1E-49  278.8   0.0  317   49-388    36-354 (389)
     376 tr|A0A2H1W6Q0|A0A2H1W6Q0_SPOFR 100.0 1.1E-43 1.1E-49  294.0   0.0  288   47-387    68-362 (466)
     377 UniRef100_A0A0K0PUX3 Orphan G- 100.0 1.2E-43 1.2E-49  300.8   0.0  283   49-384    60-346 (419)
     378 tr|Q8MTW6|Q8MTW6_SPISO Putativ 100.0 1.2E-43 1.2E-49  284.9   0.0  305   50-387    37-349 (388)
     379 UniRef100_A0A1B0DP81 Serotonin 100.0 1.2E-43 1.2E-49  306.7   0.0  334   54-390   182-558 (652)
     380 tr|A7RRH0|A7RRH0_NEMVE Predict 100.0 1.2E-43 1.2E-49  304.3   0.0  291   48-389    25-316 (700)
     381 tr|W5MC67|W5MC67_LEPOC Pyroglu 100.0 1.2E-43 1.3E-49  286.2   0.0  299   44-389    48-360 (441)
     382 tr|A0A1D2MSE1|A0A1D2MSE1_ORCCI 100.0 1.3E-43 1.3E-49  305.3   0.0  286   47-387   108-405 (615)
     383 UniRef100_A0A2B4SYG2 5-hydroxy 100.0 1.3E-43 1.3E-49  287.4   0.0  281   50-386    30-314 (376)
     384 UniRef100_A0A060VV87 Kappa-typ 100.0 1.3E-43 1.3E-49  295.8   0.0  275   51-384   192-473 (586)
     385 tr|T1KPP2|T1KPP2_TETUR Unchara 100.0 1.3E-43 1.3E-49  293.5   0.0  279   49-387   151-435 (477)
     386 tr|Q32Z81|Q32Z81_PENMO 5-HT1 r 100.0 1.3E-43 1.3E-49  296.4   0.0  334   51-387   209-580 (591)
     387 UniRef100_A0A084VX67 AGAP00044 100.0 1.3E-43 1.3E-49  291.4   0.0  311   50-386    70-384 (444)
     388 UniRef100_A0A132AJH3 7 transme 100.0 1.3E-43 1.3E-49  296.5   0.0  301   51-386    70-384 (447)
     389 UniRef100_A0A060VNF4 G_PROTEIN 100.0 1.3E-43 1.3E-49  299.8   0.0  278   49-387   130-430 (566)
     390 UniRef100_A0A6P8H485 beta-2 ad 100.0 1.4E-43 1.4E-49  295.2   0.0  295   47-387    55-357 (411)
     391 tr|A0A2B4SKI0|A0A2B4SKI0_STYPI 100.0 1.4E-43 1.4E-49  297.2   0.0  279   48-383    96-393 (458)
     392 UniRef100_A0A0H3YI86 Pyrokinin 100.0 1.4E-43 1.4E-49  303.0   0.0  306   46-388    80-398 (510)
     393 tr|A0A226PTD4|A0A226PTD4_COLVI 100.0 1.4E-43 1.4E-49  289.6   0.0  330   51-386   112-516 (516)
     394 tr|A0A1U7SEA3|A0A1U7SEA3_ALLSI 100.0 1.4E-43 1.4E-49  293.5   0.0  321   50-389   110-432 (567)
     395 UniRef100_A0A087U880 Neuropept 100.0 1.4E-43 1.4E-49  290.6   0.0  286   45-385    64-360 (401)
     396 tr|A0A2B4RSD1|A0A2B4RSD1_STYPI 100.0 1.5E-43 1.5E-49  301.3   0.0  329   45-389    46-382 (430)
     397 tr|A7S585|A7S585_NEMVE Predict 100.0 1.5E-43 1.5E-49  289.4   0.0  286   48-389    23-326 (374)
     398 UniRef100_A0A3M6UME8 G_PROTEIN 100.0 1.6E-43 1.6E-49  290.4   0.0  285   44-387    34-324 (383)
     399 UniRef100_A0A034VIK4 Octopamin 100.0 1.6E-43 1.6E-49  300.2   0.0  321   50-389   296-627 (782)
     400 UniRef100_A0A016SJ65 Thyrolibe 100.0 1.6E-43 1.6E-49  299.9   0.0  303   47-386    81-394 (479)
     401 UniRef100_A0A6P8HUK6 melatonin 100.0 1.6E-43 1.6E-49  281.6   0.0  295   47-389    25-321 (374)
     402 UniRef100_A0A087RCY8 5-hydroxy 100.0 1.6E-43 1.6E-49  301.9   0.0  318   53-389   148-471 (567)
     403 UniRef100_A0A087REY1 NPY-Y2 re 100.0 1.6E-43 1.6E-49  297.7   0.0  282   47-388   184-478 (599)
     404 UniRef100_A0A2B4SE17 Substance 100.0 1.8E-43 1.8E-49  304.5   0.0  287   45-386    60-363 (467)
     405 tr|A7RKP0|A7RKP0_NEMVE Predict 100.0 1.9E-43 1.9E-49  285.1   0.0  297   50-387     8-306 (350)
     406 tr|B4KC34|B4KC34_DROMO Unchara 100.0 1.8E-43 1.9E-49  303.2   0.0  281   49-385   192-489 (670)
     407 UniRef100_A0A0K0PUL2 DH31-like 100.0   2E-43   2E-49  283.8   0.0  285   48-389    47-334 (375)
     408 UniRef100_A0A1J1I7G5 CLUMA_CG0 100.0   2E-43 2.1E-49  292.5   0.0  283   49-387    76-372 (500)
     409 tr|A0A146YGA5|A0A146YGA5_FUNHE 100.0 2.1E-43 2.1E-49  303.5   0.0  308   46-388    27-340 (521)
     410 UniRef100_A0A087QH27 C-C chemo 100.0 2.2E-43 2.2E-49  308.9   0.0  271   48-386   199-482 (591)
     411 tr|A0A2B4S1Z5|A0A2B4S1Z5_STYPI 100.0 2.2E-43 2.2E-49  294.9   0.0  268   48-389    24-299 (514)
     412 tr|W8BEK7|W8BEK7_CERCA 5-hydro 100.0 2.4E-43 2.5E-49  294.7   0.0  335   50-387   172-641 (652)
     413 tr|A0A147AYJ0|A0A147AYJ0_FUNHE 100.0 2.5E-43 2.6E-49  285.1   0.0  333   50-387    31-397 (497)
     414 UniRef100_A0A2B4RZ41 Adenosine 100.0 2.7E-43 2.7E-49  291.7   0.0  262   48-387    47-311 (381)
     415 tr|A0A1V4JMN9|A0A1V4JMN9_PATFA 100.0 2.7E-43 2.7E-49  290.2   0.0  315   47-389    90-421 (537)
     416 UniRef100_A0A3M6T5D0 G_PROTEIN 100.0 2.7E-43 2.7E-49  292.4   0.0  270   47-388    50-323 (402)
     417 tr|A0A2B4RR50|A0A2B4RR50_STYPI 100.0 2.7E-43 2.7E-49  286.2   0.0  293   45-388    25-325 (411)
     418 UniRef100_A0A067RG65 Neuropept 100.0 2.8E-43 2.8E-49  293.5   0.0  287   49-385    87-391 (509)
     419 tr|A0A1I8P5D7|A0A1I8P5D7_STOCA 100.0 2.9E-43   3E-49  303.6   0.0  187   50-237   285-474 (785)
     420 UniRef100_A0A060X0P4 G_PROTEIN 100.0   3E-43   3E-49  299.3   0.0  279   48-385   137-428 (513)
     421 UniRef100_A0A0L8H201 G_PROTEIN 100.0 3.1E-43 3.1E-49  285.9   0.0  286   48-386    84-380 (461)
     422 UniRef100_A0A0A1WLH2 Somatosta 100.0 3.1E-43 3.2E-49  299.4   0.0  281   48-387   215-506 (667)
     423 UniRef100_A0A1D2M255 Somatosta 100.0 3.2E-43 3.2E-49  280.5   0.0  281   49-386    35-321 (382)
     424 UniRef100_A0A060XSS1 5-hydroxy 100.0 3.3E-43 3.2E-49  312.1   0.0  334   51-388   212-551 (704)
     425 tr|A0A067RDC3|A0A067RDC3_ZOONE 100.0 3.3E-43 3.3E-49  297.7   0.0  293   45-390    67-365 (506)
     426 UniRef100_A0A1L8FNX2 G_PROTEIN 100.0 3.7E-43 3.7E-49  290.4   0.0  272   49-385    62-340 (400)
     427 tr|T1IQI9|T1IQI9_STRMM Unchara 100.0 3.7E-43 3.8E-49  290.9   0.0  336   49-389   125-479 (514)
     428 tr|S7PUA8|S7PUA8_MYOBR C-C che 100.0 3.9E-43 3.9E-49  300.0   0.0  269   49-385   282-563 (603)
     429 UniRef100_A0A3M6THF9 G_PROTEIN 100.0 4.1E-43 4.1E-49  295.6   0.0  274   48-388    59-338 (483)
     430 UniRef100_A0A182H1J6 G_PROTEIN 100.0 4.1E-43 4.2E-49  307.6   0.0  191   50-240   319-515 (1005)
     431 UniRef100_A0A0K0PUK6 Orphan G- 100.0 4.3E-43 4.3E-49  285.5   0.0  283   51-388    68-373 (448)
     432 tr|A0A2B4SAJ4|A0A2B4SAJ4_STYPI 100.0 4.4E-43 4.4E-49  290.7   0.0  282   47-384    26-329 (434)
     433 tr|A7SFG7|A7SFG7_NEMVE Predict 100.0 4.6E-43 4.6E-49  283.4   0.0  282   49-385    23-309 (364)
     434 UniRef100_A0A6P8IFK2 neuromedi 100.0 4.6E-43 4.6E-49  283.1   0.0  286   49-389    25-322 (363)
     435 UniRef100_A0A3M6UKX8 G_PROTEIN 100.0 4.7E-43 4.7E-49  299.3   0.0  285   49-388   118-420 (487)
     436 UniRef100_A0A183R5R0 G_PROTEIN 100.0 4.7E-43 4.8E-49  280.7   0.0  321   64-387     2-344 (362)
     437 UniRef100_A0A094ZEU9 Putative  100.0 4.8E-43 4.8E-49  307.5   0.0  189   50-240    61-250 (680)
     438 UniRef100_A0A443S3K7 Histamine 100.0 4.9E-43   5E-49  282.4   0.0  336   51-388     5-387 (420)
     439 UniRef100_A0A7M7G004 G_PROTEIN 100.0 5.1E-43 5.1E-49  289.5   0.0  324   49-387    38-368 (397)
     440 UniRef100_A0A087YRJ8 Trace ami 100.0 5.4E-43 5.4E-49  292.3   0.0  284   49-386   119-402 (491)
     441 UniRef100_A0A0U2M149 Alpha-1B  100.0 5.3E-43 5.4E-49  294.6   0.0  329   50-389    85-418 (773)
     442 UniRef100_A0A060W2A7 G_PROTEIN 100.0 5.5E-43 5.6E-49  294.7   0.0  305   47-388   124-448 (600)
     443 UniRef100_A0A3M6TDR7 G_PROTEIN 100.0 5.8E-43 5.7E-49  296.6   0.0  275   49-385    74-350 (425)
     444 tr|A0A210PJ23|A0A210PJ23_MIZYE 100.0 5.9E-43 5.9E-49  290.0   0.0  338   49-389   131-515 (543)
     445 UniRef100_A0A1D1UQ64 G_PROTEIN 100.0 5.9E-43   6E-49  279.4   0.0  287   48-389    43-334 (366)
     446 UniRef100_A0A0P7XS52 Trace ami 100.0 6.2E-43 6.2E-49  304.4   0.0  293   47-387   355-655 (726)
     447 UniRef100_A0A210QT45 G-protein 100.0 6.2E-43 6.2E-49  287.1   0.0  290   49-387    58-356 (472)
     448 tr|A7SX62|A7SX62_NEMVE Predict 100.0 6.2E-43 6.3E-49  274.0   0.0  271   57-387    26-299 (335)
     449 tr|B4PPR4|B4PPR4_DROYA Unchara 100.0 6.3E-43 6.3E-49  302.4   0.0  136   51-186    22-157 (758)
     450 UniRef100_A0A7M7HKI1 G_PROTEIN 100.0 6.4E-43 6.4E-49  291.4   0.0  281   53-386    43-333 (418)
     451 tr|A0A0V1MVC7|A0A0V1MVC7_9BILA 100.0 6.7E-43 6.8E-49  295.8   0.0  284   48-389    79-379 (598)
     452 UniRef100_UPI0005227546 5-hydr 100.0 6.7E-43 6.9E-49  272.9   0.0  312   50-390   142-454 (455)
     453 tr|A0A1I8MQS0|A0A1I8MQS0_MUSDO 100.0 7.3E-43 7.3E-49  299.0   0.0  283   48-389   148-440 (572)
     454 UniRef100_A0A2I0T2T7 Beta-3 ad 100.0 7.5E-43 7.6E-49  287.4   0.0  303   48-388   119-429 (640)
     455 UniRef100_A0A084VLD1 AGAP00422 100.0 7.5E-43 7.7E-49  284.9   0.0  327   49-389   218-552 (590)
     456 tr|A0A091CRU0|A0A091CRU0_FUKDA 100.0 7.7E-43 7.8E-49  301.3   0.0  273   48-388   407-692 (720)
     457 UniRef100_A0A0A9Y8Q3 Dopamine  100.0 7.9E-43   8E-49  283.4   0.0  329   54-387    36-378 (482)
     458 UniRef100_A0A193KU97 GCR058 n= 100.0   8E-43 8.1E-49  280.0   0.0  290   50-388    26-331 (379)
     459 UniRef100_A0A060YTK2 Uncharact 100.0   8E-43 8.1E-49  282.1   0.0  277   50-387    85-377 (447)
     460 UniRef100_A0A3M6V2D3 G_PROTEIN 100.0 8.2E-43 8.2E-49  285.1   0.0  285   48-389    49-335 (393)
     461 tr|A0A2B4SNZ1|A0A2B4SNZ1_STYPI 100.0 8.6E-43 8.4E-49  290.0   0.0  283   48-389    30-320 (351)
     462 UniRef100_A0A034WVS6 Octopamin 100.0 8.3E-43 8.5E-49  287.3   0.0  305   49-388   250-566 (622)
     463 tr|A0A0P6C571|A0A0P6C571_9CRUS 100.0 8.4E-43 8.5E-49  286.7   0.0  337   49-387    55-444 (558)
     464 tr|B4JN40|B4JN40_DROGR GH24210 100.0 8.6E-43 8.7E-49  285.3   0.0  280   50-386   117-406 (436)
     465 tr|A0A183BHD3|A0A183BHD3_GLOPA 100.0 8.6E-43 8.7E-49  289.4   0.0  337   51-389    87-574 (579)
     466 tr|A0A0P6IZB8|A0A0P6IZB8_9CRUS 100.0 8.9E-43   9E-49  290.3   0.0  284   49-388   202-494 (559)
     467 UniRef100_A0A1A6GX28 G_PROTEIN 100.0 9.3E-43 9.4E-49  280.4   0.0  309   62-389   100-409 (430)
     468 tr|A0A0S1YD80|A0A0S1YD80_CHISP 100.0 9.3E-43 9.4E-49  288.7   0.0  292   47-388   162-464 (513)
     469 UniRef100_A0A6P8IPF1 5-hydroxy 100.0   1E-42   1E-48  279.6   0.0  297   51-388    59-361 (403)
     470 tr|E3MCC9|E3MCC9_CAERE CRE-SER 100.0   1E-42   1E-48  289.6   0.0  337   50-388   127-540 (553)
     471 UniRef100_A7RGN9 Predicted pro 100.0   1E-42   1E-48  276.0   0.0  283   46-388    27-314 (317)
     472 UniRef100_UPI000B9103E9 histam 100.0   1E-42   1E-48  282.3   0.0  331   47-386    29-367 (380)
     473 AntAceMinimDraft_8_1070364.sca 100.0 1.1E-42 1.1E-48  280.0   0.0  313   48-388    36-356 (406)
     474 UniRef100_A0A090LN14 Tyramine/ 100.0 1.1E-42 1.1E-48  290.6   0.0  336   50-387   147-528 (558)
     475 tr|B3LYB5|B3LYB5_DROAN Unchara 100.0 1.1E-42 1.1E-48  288.2   0.0  309   50-385   130-447 (567)
     476 UniRef100_A0A0S1YD99 Neuropept 100.0 1.3E-42 1.3E-48  279.1   0.0  283   49-388    75-372 (423)
     477 tr|A0A182L9N8|A0A182L9N8_9DIPT 100.0 1.3E-42 1.3E-48  290.2   0.0  285   49-389    88-383 (490)
     478 UniRef100_A0A068YA15 Neuropept 100.0 1.4E-42 1.4E-48  289.6   0.0  307   46-388    69-395 (510)
     479 tr|I2FKE9|I2FKE9_GRYBI Dopamin 100.0 1.4E-42 1.4E-48  286.8   0.0  305   47-385    38-355 (485)
     480 tr|A0A1I8PG61|A0A1I8PG61_STOCA 100.0 1.4E-42 1.4E-48  299.1   0.0  282   47-387   297-591 (716)
     481 tr|A0A1W2W6Z4|A0A1W2W6Z4_CIOIN 100.0 1.4E-42 1.4E-48  294.4   0.0  292   48-387    97-397 (629)
     482 tr|E6ZEU6|E6ZEU6_DICLA Neurome 100.0 1.5E-42 1.5E-48  289.1   0.0  293   49-386    88-392 (461)
     483 tr|A0A158QEV0|A0A158QEV0_HYMDI 100.0 1.5E-42 1.5E-48  306.3   0.0  187   48-237    48-234 (820)
     484 tr|T1IJG8|T1IJG8_STRMM Unchara 100.0 1.6E-42 1.6E-48  292.4   0.0  335   52-387    88-566 (602)
     485 UniRef100_A0A0D9R0U9 Apelin re 100.0 1.6E-42 1.6E-48  284.7   0.0  279   49-387    61-362 (482)
     486 tr|H2KTM2|H2KTM2_CLOSI 5-hydro 100.0 1.6E-42 1.6E-48  283.6   0.0  340   47-389    69-465 (530)
     487 tr|A0A088AFE3|A0A088AFE3_APIME 100.0 1.6E-42 1.7E-48  290.9   0.0  311   46-385   196-515 (576)
     488 tr|A0A232F8D2|A0A232F8D2_9HYME 100.0 1.7E-42 1.7E-48  285.3   0.0  286   46-386    68-368 (478)
     489 tr|A0A0U2M149|A0A0U2M149_SACKO 100.0 1.7E-42 1.7E-48  292.0   0.0  325   51-389    86-419 (774)
     490 tr|F7E6B1|F7E6B1_MONDO Tachyki 100.0 1.7E-42 1.8E-48  282.3   0.0  284   48-387    92-383 (475)
     491 UniRef100_A0A023ETT6 Putative  100.0 1.7E-42 1.8E-48  289.7   0.0  282   49-387   153-445 (612)
     492 UniRef100_A0A060WGF3 B2 bradyk 100.0 1.8E-42 1.8E-48  300.9   0.0  276   50-386   160-449 (589)
     493 UniRef100_A0A060VZ71 G_PROTEIN 100.0 1.9E-42 1.9E-48  297.5   0.0  290   48-389   227-536 (650)
     494 tr|A0A2B4SIA2|A0A2B4SIA2_STYPI 100.0 1.9E-42 1.9E-48  283.0   0.0  293   47-386    56-358 (370)
     495 SRR6218665_1315447             100.0 1.9E-42 1.9E-48  279.3   0.0  334   52-389    79-427 (473)
     496 tr|A0A1S3FYW5|A0A1S3FYW5_DIPOR 100.0 1.9E-42 1.9E-48  273.1   0.0  280   50-388    70-358 (385)
     497 UniRef100_A0A0L8HHE2 G_PROTEIN 100.0 2.1E-42 2.1E-48  284.7   0.0  278   53-386     4-297 (385)
     498 UniRef100_A0A067QRP7 G_PROTEIN 100.0 2.1E-42 2.1E-48  280.9   0.0  333   49-387    77-436 (481)
     499 UniRef100_A0A369SHZ1 5-hydroxy 100.0 2.2E-42 2.2E-48  281.4   0.0  294   52-387    30-330 (375)
     500 UniRef100_A0A6G8J3P5 Melanin-c 100.0 2.2E-42 2.3E-48  281.1   0.0  284   48-387    60-350 (460)
     
  > Uniprot already searched, skipping.
> Running chain B
  > Uniref90 already searched, skipping.
  > Mgnify already searched, skipping.
  > Running hhblits on bfd_uniref30
- 23:34:32.945 INFO: Searching 65983866 column state sequences.

- 23:34:34.767 INFO: Searching 29291635 column state sequences.

- 23:34:34.815 INFO: 5ht1b_human-137/msas/B/chain_B.fasta is in A2M, A3M or FASTA format

- 23:34:34.815 INFO: Iteration 1

- 23:34:34.822 INFO: Prefiltering database

- 23:35:40.339 INFO: HMMs passed 1st prefilter (gapless profile-profile alignment)  : 1000

- 23:36:11.210 INFO: HMMs passed 1st prefilter (gapless profile-profile alignment)  : 1000

- 23:36:11.214 INFO: No HMMs pass prefilter => Stop searching!

     Query         5-HT-moduline gtp:137
     Match_columns 4
     No_of_seqs    1 out of 1
     Neff          1
     Searched_HMMs 0
     Date          Wed Feb 22 23:36:11 2023
     Command       hhblits -i 5ht1b_human-137/msas/B/chain_B.fasta -cpu 2 -maxmem 20 -oa3m /maps/projects/ilfgrid/people/nqz918/code/deorph/scripts/af_arman/af_jobs_af23/5ht1b_human/137//5ht1b_human-137/msas/B/bfd_uniref_hits.a3m -o /dev/null -n 3 -e 0.001 -maxseq 1000000 -realign_max 100000 -maxfilt 100000 -min_prefilter_hits 1000 -d /projects/ilfgrid/data/alphafold-genetic-databases///bfd/bfd_metaclust_clu_complete_id30_c90_final_seq.sorted_opt -d /projects/ilfgrid/data/alphafold-genetic-databases///uniref30/UniRef30_2021_03 
     
      No Hit                             Prob E-value P-value  Score    SS Cols Query HMM  Template HMM
     
  > Uniprot already searched, skipping.

>> Job finished at: Wed Feb 22 23:36:16 CET 2023

>> Runtime: 5316 s
