>> Job started at: Thu Mar  9 01:36:20 CET 2023
   On Machine:     ilfgridgpun01fl.unicph.domain
   In directory:   /projects/ilfgrid/people/nqz918/code/deorph/scripts/af_arman/af_jobs_af23/ntr2_human/3625

>> GPU is 

Loaded miniconda shell environment for bash
> Running 'prep_MSAs.sh'
  > Alphafold-DB directory is set to /projects/ilfgrid/data/alphafold-genetic-databases//
  > Number of cores was set to set to 4
  > Max memory set to 20 GB
  > Output directory was set to /projects/ilfgrid/people/nqz918/code/deorph/scripts/af_arman/af_jobs_af23/ntr2_human/3625/
  > Input fastafile was set to /projects/ilfgrid/people/nqz918/code/deorph/scripts/af_arman/af_jobs_af23/ntr2_human/3625/ntr2_human-3625.fasta
> Splitting fastafile
> Running chain A
  > Uniref90 already searched, skipping.
  > Mgnify already searched, skipping.
  > Running hhblits on bfd_uniref30
- 01:36:40.715 INFO: Searching 65983866 column state sequences.

- 01:36:41.685 INFO: Searching 29291635 column state sequences.

- 01:36:41.719 INFO: ntr2_human-3625/msas/A/chain_A.fasta is in A2M, A3M or FASTA format

- 01:36:41.719 INFO: Iteration 1

- 01:36:41.844 INFO: Prefiltering database

- 01:38:03.710 INFO: HMMs passed 1st prefilter (gapless profile-profile alignment)  : 1982817

- 01:38:55.176 INFO: HMMs passed 1st prefilter (gapless profile-profile alignment)  : 911848

- 01:38:58.000 INFO: HMMs passed 2nd prefilter (gapped profile-profile alignment)   : 19448

- 01:38:58.000 INFO: HMMs passed 2nd prefilter and not found in previous iterations : 19448

- 01:38:58.000 INFO: Scoring 19448 HMMs using HMM-HMM Viterbi alignment

- 01:38:58.064 INFO: Alternative alignment: 0

- 01:38:58.849 INFO: 2000 alignments done

- 01:38:59.603 INFO: 4000 alignments done

- 01:39:02.012 INFO: 6000 alignments done

- 01:39:02.833 INFO: 8000 alignments done

- 01:39:03.639 INFO: 10000 alignments done

- 01:39:04.311 INFO: 12000 alignments done

- 01:39:04.906 INFO: 14000 alignments done

- 01:39:05.512 INFO: 16000 alignments done

- 01:39:07.051 INFO: 18000 alignments done

- 01:39:09.180 INFO: 19448 alignments done

- 01:39:09.182 INFO: Alternative alignment: 1

- 01:39:15.443 INFO: 19372 alignments done

- 01:39:15.483 INFO: Alternative alignment: 2

- 01:39:17.344 INFO: 5386 alignments done

- 01:39:17.349 INFO: Alternative alignment: 3

- 01:39:17.702 INFO: 778 alignments done

- 01:39:18.891 INFO: Premerge done

- 01:39:18.893 INFO: Realigning 3960 HMM-HMM alignments using Maximum Accuracy algorithm

- 01:39:31.977 INFO: 3963 sequences belonging to 3963 database HMMs found with an E-value < 0.001

- 01:39:31.977 INFO: Number of effective sequences of resulting query HMM: Neff = 10.4664

- 01:39:32.123 INFO: Iteration 2

- 01:39:32.123 INFO: Set premerge to 0! (premerge: 3 iteration: 2 hits.Size: 3960)

- 01:39:32.249 INFO: Prefiltering database

- 01:40:51.973 INFO: HMMs passed 1st prefilter (gapless profile-profile alignment)  : 12151614

- 01:41:29.952 WARNING: Number of hits passing 2nd prefilter (reduced from 100229 to allowed maximum of 100000).
You can increase the allowed maximum using the -maxfilt <max> option.

- 01:42:09.356 INFO: HMMs passed 1st prefilter (gapless profile-profile alignment)  : 3825255

- 01:42:24.863 WARNING: Number of hits passing 2nd prefilter (reduced from 130353 to allowed maximum of 100000).
You can increase the allowed maximum using the -maxfilt <max> option.

- 01:42:25.262 INFO: HMMs passed 2nd prefilter (gapped profile-profile alignment)   : 200000

- 01:42:25.262 INFO: HMMs passed 2nd prefilter and not found in previous iterations : 196077

- 01:42:25.262 INFO: Scoring 196077 HMMs using HMM-HMM Viterbi alignment

- 01:42:25.309 INFO: Alternative alignment: 0

- 01:42:26.007 INFO: 2000 alignments done

- 01:42:26.702 INFO: 4000 alignments done

- 01:42:27.427 INFO: 6000 alignments done

- 01:42:28.151 INFO: 8000 alignments done

- 01:42:28.786 INFO: 10000 alignments done

- 01:42:29.643 INFO: 12000 alignments done

- 01:42:30.484 INFO: 14000 alignments done

- 01:42:31.214 INFO: 16000 alignments done

- 01:42:32.330 INFO: 18000 alignments done

- 01:42:34.328 INFO: 20000 alignments done

- 01:42:36.157 INFO: 22000 alignments done

- 01:42:38.339 INFO: 24000 alignments done

- 01:42:41.133 INFO: 26000 alignments done

- 01:42:43.692 INFO: 28000 alignments done

- 01:42:43.695 INFO: Stop after DB-HHM: 28000 because early stop  14.3979 < filter cutoff 20

- 01:42:43.695 INFO: Alternative alignment: 1

- 01:42:47.474 INFO: 10283 alignments done

- 01:42:47.499 INFO: Alternative alignment: 2

- 01:42:48.017 INFO: 1001 alignments done

- 01:42:48.018 INFO: Alternative alignment: 3

- 01:42:48.139 INFO: 175 alignments done

- 01:42:48.270 INFO: Realigning 7337 HMM-HMM alignments using Maximum Accuracy algorithm

- 01:43:13.272 INFO: 11299 sequences belonging to 11299 database HMMs found with an E-value < 0.001

- 01:43:13.273 INFO: Number of effective sequences of resulting query HMM: Neff = 11.4223

- 01:43:13.397 INFO: Iteration 3

- 01:43:13.524 INFO: Prefiltering database

- 01:44:31.505 INFO: HMMs passed 1st prefilter (gapless profile-profile alignment)  : 12549933

- 01:45:48.099 INFO: HMMs passed 1st prefilter (gapless profile-profile alignment)  : 4003134

- 01:46:04.377 WARNING: Number of hits passing 2nd prefilter (reduced from 132157 to allowed maximum of 100000).
You can increase the allowed maximum using the -maxfilt <max> option.

- 01:46:04.698 WARNING: database contains sequences that exceed maximum allowed size (maxres = 20001). Max sequence length can be increased with parameter -maxres.

- 01:46:04.717 INFO: HMMs passed 2nd prefilter (gapped profile-profile alignment)   : 182649

- 01:46:04.717 INFO: HMMs passed 2nd prefilter and not found in previous iterations : 171580

- 01:46:04.717 INFO: Scoring 171580 HMMs using HMM-HMM Viterbi alignment

- 01:46:04.753 INFO: Alternative alignment: 0

- 01:46:05.525 INFO: 2000 alignments done

- 01:46:06.236 INFO: 4000 alignments done

- 01:46:06.970 INFO: 6000 alignments done

- 01:46:07.628 INFO: 8000 alignments done

- 01:46:08.294 INFO: 10000 alignments done

- 01:46:09.160 INFO: 12000 alignments done

- 01:46:10.238 INFO: 14000 alignments done

- 01:46:12.016 INFO: 16000 alignments done

- 01:46:13.784 INFO: 18000 alignments done

- 01:46:16.055 INFO: 20000 alignments done

- 01:46:18.399 INFO: 22000 alignments done

- 01:46:18.401 INFO: Stop after DB-HHM: 22000 because early stop  14.2212 < filter cutoff 20

- 01:46:18.401 INFO: Alternative alignment: 1

- 01:46:20.476 INFO: 4059 alignments done

- 01:46:20.478 INFO: Alternative alignment: 2

- 01:46:20.898 INFO: 518 alignments done

- 01:46:20.898 INFO: Alternative alignment: 3

- 01:46:21.008 INFO: 110 alignments done

- 01:46:21.097 INFO: Rescoring previously found HMMs with Viterbi algorithm

- 01:46:21.123 INFO: Alternative alignment: 0

- 01:46:22.024 INFO: 2000 alignments done

- 01:46:22.909 INFO: 4000 alignments done

- 01:46:23.795 INFO: 6000 alignments done

- 01:46:25.183 INFO: 8000 alignments done

- 01:46:26.115 INFO: 10000 alignments done

- 01:46:26.512 INFO: 11069 alignments done

- 01:46:26.513 INFO: Alternative alignment: 1

- 01:46:30.291 INFO: 11069 alignments done

- 01:46:30.300 INFO: Alternative alignment: 2

- 01:46:30.683 INFO: 759 alignments done

- 01:46:30.684 INFO: Alternative alignment: 3

- 01:46:30.762 INFO: 110 alignments done

- 01:46:30.982 INFO: Premerge done

- 01:46:30.982 INFO: Realigning 11749 HMM-HMM alignments using Maximum Accuracy algorithm

- 01:46:56.155 INFO: 11833 sequences belonging to 11833 database HMMs found with an E-value < 0.001

- 01:46:56.155 INFO: Number of effective sequences of resulting query HMM: Neff = 11.4549

     Query         ntr2_human O95665
     Match_columns 410
     No_of_seqs    1441 out of 194074
     Neff          11.4549
     Searched_HMMs 232065
     Date          Thu Mar  9 01:46:56 2023
     Command       hhblits -i ntr2_human-3625/msas/A/chain_A.fasta -cpu 4 -maxmem 20 -oa3m /projects/ilfgrid/people/nqz918/code/deorph/scripts/af_arman/af_jobs_af23/ntr2_human/3625//ntr2_human-3625/msas/A/bfd_uniref_hits.a3m -o /dev/null -n 3 -e 0.001 -maxseq 1000000 -realign_max 100000 -maxfilt 100000 -min_prefilter_hits 1000 -d /projects/ilfgrid/data/alphafold-genetic-databases///bfd/bfd_metaclust_clu_complete_id30_c90_final_seq.sorted_opt -d /projects/ilfgrid/data/alphafold-genetic-databases///uniref30/UniRef30_2021_03 
     
      No Hit                             Prob E-value P-value  Score    SS Cols Query HMM  Template HMM
       1 UniRef100_A0A096NJ67 Neurotens 100.0 2.4E-55 2.4E-61  365.8   0.0  407    1-407    30-436 (510)
       2 UniRef100_A0A1S3HKE5 allatosta 100.0 1.3E-52 1.3E-58  361.5   0.0  299   30-381    80-379 (462)
       3 UniRef100_A0A024FLF0 PQRFa pep 100.0 1.3E-52 1.3E-58  362.4   0.0  303   26-377    43-346 (413)
       4 UniRef100_A0A6P4Z4S7 G-protein 100.0 4.9E-52 4.9E-58  361.2   0.0  300   28-381    55-355 (417)
       5 UniRef100_A0A2B4S7K2 Histamine 100.0 1.9E-51 1.9E-57  348.5   0.0  305   23-377    23-327 (369)
       6 UniRef100_A0A026X3T6 Allatosta 100.0 2.3E-51 2.3E-57  354.0   0.0  290   32-380   139-428 (540)
       7 UniRef100_A0A0K0PUR1 Orphan G- 100.0 2.9E-51 2.9E-57  356.4   0.0  299   27-375   109-409 (530)
       8 tr|A0A1I8M930|A0A1I8M930_MUSDO 100.0 3.1E-51 3.2E-57  370.0   0.0  341   29-389   185-589 (963)
       9 UniRef100_A0A6P4Y4T1 galanin r 100.0 5.6E-51 5.6E-57  341.2   0.0  304   26-382    52-356 (410)
      10 UniRef100_A0A060X5Z5 G_PROTEIN 100.0 5.8E-51 5.8E-57  354.0   0.0  304   29-377    80-384 (522)
      11 UniRef100_A0A141CIT8 G protein 100.0 8.4E-51 8.5E-57  346.5   0.0  297   26-378    80-377 (488)
      12 UniRef100_A0A060VSP8 5-hydroxy 100.0 1.3E-50 1.3E-56  347.3   0.0  329   24-377    79-415 (479)
      13 UniRef100_A0A2G8KL37 Cholecyst 100.0 1.3E-50 1.3E-56  341.1   0.0  331   32-377    98-430 (493)
      14 UniRef100_A0A2B4RSM5 Neuropept 100.0 1.7E-50 1.7E-56  339.0   0.0  298   25-381    29-327 (417)
      15 UniRef100_A0A1D2M4J2 Neuropept 100.0 1.7E-50 1.7E-56  344.4   0.0  303   30-381   124-427 (497)
      16 UniRef100_A0A369RW72 Octopamin 100.0 1.8E-50 1.8E-56  350.8   0.0  301   31-373    53-354 (412)
      17 UniRef100_A0A060VUW6 G_PROTEIN 100.0 2.2E-50 2.2E-56  361.4   0.0  327   30-381   115-443 (574)
      18 UniRef100_A0A2B4SDF9 Neuropept 100.0 2.3E-50 2.3E-56  341.0   0.0  296   25-376    82-378 (455)
      19 tr|M3ZFE6|M3ZFE6_XIPMA Somatos 100.0 2.3E-50 2.3E-56  337.8   0.0  287   30-379   102-391 (525)
      20 tr|A0A0P7U387|A0A0P7U387_9TELE 100.0 2.6E-50 2.6E-56  339.7   0.0  289   30-379   126-417 (556)
      21 UniRef100_A0A6P4XD29 neuropept 100.0 4.8E-50 4.9E-56  333.5   0.0  302   28-374    37-339 (385)
      22 UniRef100_A0A060X1Q6 Somatosta 100.0   6E-50   6E-56  350.8   0.0  283   31-376   138-423 (604)
      23 UniRef100_A0A026WW28 Neuropept 100.0   6E-50 6.1E-56  349.1   0.0  298   27-378    83-381 (552)
      24 UniRef100_A0A164MD49 Putative  100.0 7.7E-50 7.8E-56  338.7   0.0  329   33-376    50-394 (498)
      25 UniRef100_A0A2B4SKX3 Cholecyst 100.0 8.3E-50 8.4E-56  334.2   0.0  335   26-382    65-417 (428)
      26 UniRef100_A0A0K0PUT9 Excitator 100.0 8.9E-50   9E-56  345.4   0.0  302   29-380   100-404 (474)
      27 UniRef100_A0A1I8HKX2 G_PROTEIN 100.0 9.7E-50 9.7E-56  337.2   0.0  348   26-397    34-431 (442)
      28 UniRef100_A0A1D1W534 G_PROTEIN 100.0 9.8E-50 9.8E-56  349.5   0.0  334   31-379    77-435 (492)
      29 UniRef100_A0A026WTK8 Tachykini 100.0 1.1E-49 1.2E-55  343.9   0.0  303   27-381    84-392 (556)
      30 UniRef100_A0A023F675 Putative  100.0 1.3E-49 1.3E-55  349.9   0.0  293   29-375   123-417 (530)
      31 UniRef100_A0A0C9QBK4 GHSR_0 pr 100.0 1.4E-49 1.4E-55  355.8   0.0  305   28-375   168-472 (591)
      32 UniRef100_A0A154PKR3 Tachykini 100.0 1.4E-49 1.4E-55  339.2   0.0  297   28-377    72-374 (457)
      33 UniRef100_A0A1N7TCF1 Galanin r 100.0 1.4E-49 1.4E-55  333.4   0.0  295   27-380    66-363 (407)
      34 UniRef100_A0A060W5Z4 G_PROTEIN 100.0 1.7E-49 1.8E-55  344.3   0.0  285   31-379   189-476 (593)
      35 tr|A0A1L8G1N6|A0A1L8G1N6_XENLA 100.0   2E-49 2.1E-55  330.5   0.0  290   28-381   112-402 (448)
      36 UniRef100_A0A0K0PUL8 Allatosta 100.0 2.8E-49 2.8E-55  332.7   0.0  295   30-378    48-345 (396)
      37 UniRef100_A0A061INJ6 Pyrogluta 100.0 2.9E-49 2.9E-55  350.6   0.0  312   27-379   147-460 (594)
      38 UniRef100_A0A1V9XU68 Tyramine/ 100.0 3.4E-49 3.4E-55  332.3   0.0  312   26-381    46-357 (408)
      39 UniRef100_A0A0K0PUX7 Orphan G- 100.0 3.6E-49 3.6E-55  340.5   0.0  290   31-377    61-354 (471)
      40 UniRef100_A0A0K0PUI9 Orphan G- 100.0 3.9E-49 3.9E-55  346.5   0.0  307   30-379    99-409 (534)
      41 UniRef100_A0A026W5R0 Orexin re 100.0 4.5E-49 4.5E-55  343.1   0.0  312   31-378   116-427 (529)
      42 UniRef100_A0A177B9B5 Rhodopsin 100.0 4.6E-49 4.7E-55  330.4   0.0  317   30-379    88-404 (464)
      43 UniRef100_A0A026WK40 Cholecyst 100.0 4.9E-49 4.9E-55  351.1   0.0  333   33-380   155-546 (656)
      44 tr|A0A2C9JWF9|A0A2C9JWF9_BIOGL 100.0 5.6E-49 5.6E-55  334.4   0.0  307   31-384    64-372 (403)
      45 tr|A0A1I8PIJ9|A0A1I8PIJ9_STOCA 100.0 6.5E-49 6.6E-55  341.8   0.0  308   26-386   163-476 (680)
      46 UniRef100_A0A139WB32 Tachykini 100.0 7.2E-49 7.3E-55  328.7   0.0  301   28-380    39-345 (405)
      47 UniRef100_A0A087XDT1 Somatosta 100.0 7.5E-49 7.6E-55  337.0   0.0  288   31-381   167-457 (676)
      48 UniRef100_A0A0K0PUV0 FVRIamide 100.0 9.2E-49 9.2E-55  334.5   0.0  324   30-376    50-377 (458)
      49 tr|C3XSP5|C3XSP5_BRAFL Unchara 100.0 1.3E-48 1.3E-54  317.5   0.0  308   27-381    22-330 (403)
      50 UniRef100_A0A068YB14 Neuropept 100.0 1.3E-48 1.3E-54  337.8   0.0  301   29-377    51-352 (448)
      51 tr|A0A0F8ARD3|A0A0F8ARD3_LARCR 100.0 1.4E-48 1.4E-54  323.7   0.0  282   32-376    53-337 (464)
      52 UniRef100_A0A061A7W5 G_PROTEIN 100.0 1.7E-48 1.7E-54  335.1   0.0  299   30-377    59-358 (473)
      53 UniRef100_A0A077Z2H9 Putative  100.0 1.7E-48 1.7E-54  335.3   0.0  327   32-381    71-400 (477)
      54 UniRef100_A0A0P0YUU8 Cannabino 100.0   2E-48   2E-54  330.1   0.0  338   32-386    82-426 (496)
      55 UniRef100_A0A2B4SKI0 Tachykini 100.0 2.3E-48 2.3E-54  343.7   0.0  301   25-379    84-392 (469)
      56 UniRef100_A0A0K0PUH0 Orphan G- 100.0 2.4E-48 2.4E-54  344.2   0.0  328   31-372   135-468 (583)
      57 tr|E0D358|E0D358_HEMPU Dopamin 100.0 2.7E-48 2.7E-54  324.2   0.0  305   32-379    24-330 (435)
      58 UniRef100_A0A087RJN6 Somatosta 100.0 3.5E-48 3.5E-54  334.0   0.0  285   29-376    57-342 (391)
      59 UniRef100_A0A087X575 NPY-Y2 re 100.0 3.4E-48 3.5E-54  324.6   0.0  298   31-377    72-371 (426)
      60 UniRef100_A0A060X690 G_PROTEIN 100.0 3.5E-48 3.5E-54  319.6   0.0  287   32-377    46-335 (386)
      61 tr|A0A1W4ZX05|A0A1W4ZX05_9TELE 100.0 3.6E-48 3.7E-54  329.2   0.0  311   31-376    68-384 (480)
      62 UniRef100_A0A3M6U5X4 G_PROTEIN 100.0 5.9E-48   6E-54  313.5   0.0  293   21-376    27-319 (339)
      63 UniRef100_A0A068WVN8 Biogenic  100.0 6.6E-48 6.7E-54  341.4   0.0  333   27-379   115-509 (641)
      64 UniRef100_A0A0K0PUH1 Orphan G- 100.0 8.5E-48 8.7E-54  315.4   0.0  299   28-376    48-347 (413)
      65 UniRef100_A0A068WW83 Allatosta 100.0 9.5E-48 9.5E-54  332.9   0.0  285   28-371    62-347 (432)
      66 UniRef100_A0A1S3J712 QRFP-like 100.0 9.9E-48   1E-53  332.3   0.0  295   30-376    65-370 (507)
      67 UniRef100_A0A091DWF1 Somatosta 100.0 1.1E-47 1.2E-53  322.6   0.0  308    4-375   126-438 (523)
      68 UniRef100_A0A060VVF8 G_PROTEIN 100.0 1.2E-47 1.2E-53  335.6   0.0  294   27-377   134-433 (511)
      69 UniRef100_A0A023F668 Putative  100.0 1.3E-47 1.3E-53  321.7   0.0  298   27-378    80-378 (484)
      70 tr|S9YJE2|S9YJE2_CAMFR Somatos 100.0 1.3E-47 1.3E-53  314.8   0.0  289   28-376   108-399 (438)
      71 UniRef100_A0A1S3H6K0 neuropept 100.0 1.4E-47 1.4E-53  334.0   0.0  306   26-379    50-359 (470)
      72 UniRef100_A0A060W9T7 G_PROTEIN 100.0 1.4E-47 1.4E-53  324.2   0.0  293   31-381   184-476 (616)
      73 tr|A0A182G4E1|A0A182G4E1_AEDAL 100.0 1.5E-47 1.5E-53  328.4   0.0  308   28-380    63-373 (534)
      74 UniRef100_A0A7M7HFU8 G_PROTEIN 100.0 1.6E-47 1.6E-53  330.3   0.0  298   30-375    62-362 (423)
      75 tr|A0A1V4J9T1|A0A1V4J9T1_PATFA 100.0 1.8E-47 1.8E-53  312.0   0.0  294   30-381    66-359 (461)
      76 UniRef100_A0A060WEJ5 G_PROTEIN 100.0 1.9E-47 1.9E-53  332.5   0.0  326   31-378   112-457 (544)
      77 UniRef100_A0A210QEM7 Neuropept 100.0   2E-47   2E-53  319.2   0.0  299   28-377    46-346 (416)
      78 UniRef100_A0A060X360 G_PROTEIN 100.0   2E-47   2E-53  321.8   0.0  292   31-380    98-391 (477)
      79 UniRef100_A0A077YWL6 Somatosta 100.0 2.2E-47 2.2E-53  331.8   0.0  294   32-380    65-363 (446)
      80 UniRef100_A0A087UNN0 Neuropept 100.0 2.3E-47 2.3E-53  321.8   0.0  296   30-373    91-387 (470)
      81 tr|A0A0P4XBU7|A0A0P4XBU7_9CRUS 100.0 2.4E-47 2.4E-53  332.3   0.0  300   28-376    56-414 (557)
      82 UniRef100_A0A6J8CLU9 HCRTR2 n= 100.0 2.3E-47 2.4E-53  317.2   0.0  308   31-377    51-358 (422)
      83 UniRef100_A0A0L8I0T4 G_PROTEIN 100.0 2.4E-47 2.4E-53  327.0   0.0  328   33-379   134-498 (554)
      84 UniRef100_A0A044T5H8 G_PROTEIN 100.0 2.7E-47 2.7E-53  333.6   0.0  325   28-379   241-570 (693)
      85 UniRef100_A0A091EBV8 Type-1 an 100.0   3E-47   3E-53  339.3   0.0  284   27-374   342-627 (715)
      86 tr|V8PD93|V8PD93_OPHHA Type-2  100.0 3.1E-47 3.1E-53  325.9   0.0  295   28-379    71-370 (412)
      87 UniRef100_A0A1S3KA35 Alpha-1B  100.0 3.1E-47 3.1E-53  329.6   0.0  323   32-381    89-423 (551)
      88 UniRef100_A0A1D1V5S1 G_PROTEIN 100.0 3.3E-47 3.3E-53  319.7   0.0  313   27-382    51-364 (484)
      89 UniRef100_A0A2B4RHY9 Pyrogluta 100.0 4.2E-47 4.2E-53  334.7   0.0  292   28-377    77-371 (455)
      90 UniRef100_A0A1L8GQY3 Alpha-1B  100.0 4.2E-47 4.3E-53  321.6   0.0  323   28-381    42-372 (510)
      91 UniRef100_A0A2B4RGU4 5-hydroxy 100.0 4.6E-47 4.6E-53  334.9   0.0  305   30-377    63-370 (478)
      92 UniRef100_A0A2B4SVC4 Dopamine  100.0 4.7E-47 4.7E-53  317.7   0.0  279   28-376    51-329 (397)
      93 UniRef100_A0A2B4S0J6 Somatosta 100.0 6.2E-47 6.1E-53  333.8   0.0  296   26-377    77-379 (457)
      94 UniRef100_A0A026WK16 Tachykini 100.0 6.3E-47 6.4E-53  327.8   0.0  301   26-378   176-482 (641)
      95 tr|C3XVS5|C3XVS5_BRAFL Unchara 100.0 7.6E-47 7.8E-53  312.3   0.0  301   28-378    63-364 (425)
      96 tr|A0A2B4RSD1|A0A2B4RSD1_STYPI 100.0 8.2E-47 8.2E-53  327.6   0.0  337   23-381    41-385 (430)
      97 UniRef100_A0A060WWU7 G_PROTEIN 100.0 8.6E-47 8.7E-53  320.2   0.0  317   30-378    66-383 (545)
      98 UniRef100_A0A084VLD5 AGAP00422 100.0 8.6E-47 8.8E-53  325.6   0.0  329   28-379   239-597 (695)
      99 UniRef100_A0A060XP11 G_PROTEIN 100.0   9E-47 9.1E-53  324.1   0.0  301   28-375    86-390 (497)
     100 UniRef100_A0A0L8I310 G_PROTEIN 100.0 9.5E-47 9.5E-53  325.3   0.0  330   31-384    44-375 (468)
     101 UniRef100_A0A2G8L6L1 Putative  100.0 1.2E-46 1.2E-52  313.7   0.0  287   29-376    32-323 (407)
     102 UniRef100_A0A0H3YI86 Pyrokinin 100.0 1.2E-46 1.2E-52  328.2   0.0  322   28-379    79-400 (510)
     103 tr|A0A1W2W3E6|A0A1W2W3E6_CIOIN 100.0 1.2E-46 1.3E-52  314.5   0.0  296   30-381    55-355 (487)
     104 UniRef100_A0A210QSD7 Octopamin 100.0 1.3E-46 1.3E-52  321.6   0.0  333   27-382    52-421 (423)
     105 UniRef100_A0A3M6TKX3 G_PROTEIN 100.0 1.3E-46 1.3E-52  319.7   0.0  314    8-377    49-374 (427)
     106 UniRef100_A0A3M6T6P4 G_PROTEIN 100.0 1.4E-46 1.4E-52  321.1   0.0  297   29-379    52-356 (465)
     107 UniRef100_A0A026WCQ7 Tyramine  100.0 1.5E-46 1.5E-52  337.9   0.0  330   28-382   179-592 (665)
     108 UniRef100_A0A034WDF0 Allatosta 100.0 1.7E-46 1.7E-52  321.8   0.0  290   31-375    94-383 (459)
     109 tr|A0A1A8LLP2|A0A1A8LLP2_9TELE 100.0 1.7E-46 1.7E-52  312.1   0.0  310   25-378    86-398 (455)
     110 UniRef100_A0A023F452 Putative  100.0 1.8E-46 1.8E-52  328.0   0.0  333   28-379   135-540 (660)
     111 UniRef100_A0A096NAQ2 Cholecyst 100.0 1.8E-46 1.9E-52  323.6   0.0  332   33-376   151-500 (617)
     112 UniRef100_A0A2B4SQU8 Orexin re 100.0 1.9E-46 1.9E-52  304.8   0.0  315   31-385    35-354 (370)
     113 tr|A0A2B4RXD1|A0A2B4RXD1_STYPI 100.0 1.9E-46   2E-52  310.8   0.0  294   27-379    88-382 (416)
     114 UniRef100_A0A0K0PUH3 Allatotro 100.0   2E-46   2E-52  311.8   0.0  312   28-379    64-375 (424)
     115 tr|A0A091DWF1|A0A091DWF1_FUKDA 100.0 2.3E-46 2.3E-52  307.5   0.0  281   32-377   156-441 (483)
     116 UniRef100_A0A087UP46 5-hydroxy 100.0 2.3E-46 2.3E-52  315.2   0.0  330   27-378    40-401 (472)
     117 UniRef100_A0A1D1VDY3 G_PROTEIN 100.0 2.4E-46 2.4E-52  322.1   0.0  307   28-381   129-450 (557)
     118 UniRef100_A0A087XFV2 5-hydroxy 100.0 2.5E-46 2.5E-52  316.7   0.0  320   29-386    80-405 (493)
     119 UniRef100_UPI000B911B64 melato 100.0 2.5E-46 2.5E-52  318.4   0.0  315   32-377    28-344 (381)
     120 UniRef100_A0A0L8H201 G_PROTEIN 100.0 2.6E-46 2.7E-52  309.8   0.0  300   28-377    81-382 (461)
     121 UniRef100_A0A151N382 Galanin r 100.0 2.7E-46 2.7E-52  299.2   0.0  292   31-381    29-320 (392)
     122 UniRef100_A0A087T336 Somatosta 100.0 3.3E-46 3.3E-52  313.7   0.0  288   31-377    76-367 (454)
     123 UniRef100_A0A2H8TNJ5 Neuropept 100.0 3.6E-46 3.6E-52  317.7   0.0  306   32-387   155-465 (528)
     124 UniRef100_A0A0B4LHT6 RYamide r 100.0 3.8E-46 3.8E-52  321.5   0.0  301   28-377   110-411 (524)
     125 UniRef100_A0A068YA15 Neuropept 100.0   4E-46   4E-52  316.7   0.0  327   27-378    67-396 (510)
     126 tr|A0A218UB83|A0A218UB83_9PASE 100.0 4.6E-46 4.7E-52  321.0   0.0  329   28-383   189-518 (631)
     127 tr|A0A0N8JZL4|A0A0N8JZL4_9TELE 100.0 4.8E-46 4.9E-52  313.7   0.0  308   30-379   102-414 (482)
     128 UniRef100_A0A0L7KZ56 Neuropept 100.0 5.3E-46 5.3E-52  316.8   0.0  303   26-375    80-383 (509)
     129 UniRef100_A0A2G8JR46 Putative  100.0 5.7E-46 5.6E-52  320.6   0.0  289   35-377    65-356 (411)
     130 UniRef100_A0A2B4RHL7 Galanin r 100.0 5.7E-46 5.8E-52  304.4   0.0  279   31-377    31-310 (406)
     131 UniRef100_A0A2B4SC76 Substance 100.0 5.9E-46 5.9E-52  322.4   0.0  312   10-376    29-351 (461)
     132 UniRef100_A0A060ILH2 Neuromedi 100.0 6.5E-46 6.6E-52  318.8   0.0  303   33-379   177-479 (606)
     133 tr|A0A1D1UXI1|A0A1D1UXI1_RAMVA 100.0 6.6E-46 6.7E-52  312.2   0.0  296   29-378    78-376 (499)
     134 UniRef100_A0A060WAG3 G_PROTEIN 100.0 6.7E-46 6.7E-52  317.2   0.0  331   30-381   120-503 (550)
     135 UniRef100_A0A1V4KIE8 Beta-1 ad 100.0 7.3E-46 7.2E-52  336.3   0.0  308   37-376    34-348 (512)
     136 UniRef100_A0A1S3J8T4 5-hydroxy 100.0 7.3E-46 7.4E-52  317.2   0.0  300   28-378    96-397 (468)
     137 UniRef100_A0A0P5DAK4 Orexin re 100.0 7.3E-46 7.4E-52  314.8   0.0  324   32-377   106-430 (505)
     138 UniRef100_A0A087YCA9 Neurotens 100.0 7.3E-46 7.4E-52  314.1   0.0  350   23-403   116-469 (566)
     139 tr|A0A146YGA5|A0A146YGA5_FUNHE 100.0 7.7E-46 7.7E-52  325.1   0.0  317   24-376    22-339 (521)
     140 tr|A0A146TP77|A0A146TP77_FUNHE 100.0 8.1E-46 8.1E-52  327.5   0.0  331   31-382    45-428 (522)
     141 UniRef100_A0A2B4RPR9 Allatosta 100.0 8.3E-46 8.3E-52  319.8   0.0  290   29-374    44-341 (446)
     142 UniRef100_A0A0L8GIM4 G_PROTEIN 100.0 8.9E-46 8.9E-52  325.0   0.0  303   29-379    93-397 (481)
     143 UniRef100_A0A026WIP6 Cholecyst 100.0 9.1E-46 9.1E-52  328.8   0.0  342   30-381   168-533 (636)
     144 UniRef100_A0A0N0PF28 Orexin re 100.0 9.2E-46 9.4E-52  318.7   0.0  316   31-374   135-456 (588)
     145 UniRef100_A0A3M6UAU0 G_PROTEIN 100.0 1.2E-45 1.2E-51  317.4   0.0  295   31-378    34-330 (552)
     146 tr|A0A1D2MSE1|A0A1D2MSE1_ORCCI 100.0 1.2E-45 1.2E-51  324.1   0.0  304   26-379   104-408 (615)
     147 UniRef100_A0A7M7SYV2 G_PROTEIN 100.0 1.2E-45 1.2E-51  319.7   0.0  322   36-381    71-403 (630)
     148 UniRef100_A0A067RG65 Neuropept 100.0 1.3E-45 1.3E-51  313.6   0.0  304   30-374    85-391 (509)
     149 tr|A0A2B4SUH3|A0A2B4SUH3_STYPI 100.0 1.4E-45 1.4E-51  309.4   0.0  312   29-381    22-335 (385)
     150 UniRef100_A0A061QLL1 Putative  100.0 1.4E-45 1.4E-51  310.3   0.0  332   24-376    37-420 (424)
     151 tr|A0A1L8G5A8|A0A1L8G5A8_XENLA 100.0 1.4E-45 1.4E-51  306.9   0.0  343   28-384    33-395 (431)
     152 UniRef100_A0A1S3IX78 RYamide r 100.0 1.4E-45 1.4E-51  308.8   0.0  305   24-379    45-350 (444)
     153 UniRef100_A0A0N1PGA0 Octopamin 100.0 1.4E-45 1.5E-51  317.7   0.0  328   32-375   107-490 (547)
     154 UniRef100_A0A0K0PUK8 FMRFamide 100.0 1.5E-45 1.5E-51  322.1   0.0  296   28-374    54-350 (471)
     155 UniRef100_A0A146M155 Neuropept 100.0 1.4E-45 1.5E-51  313.6   0.0  304   32-375    53-360 (488)
     156 UniRef100_A0A060X0R7 Uncharact 100.0 1.5E-45 1.5E-51  297.0   0.0  286   29-377    54-342 (383)
     157 tr|E6ZEU6|E6ZEU6_DICLA Neurome 100.0 1.6E-45 1.6E-51  312.9   0.0  307   32-377    88-394 (461)
     158 UniRef100_A0A026W4S0 Neuromedi 100.0 1.6E-45 1.6E-51  320.1   0.0  321   28-380    69-391 (604)
     159 tr|A0A147AMP5|A0A147AMP5_FUNHE 100.0 1.7E-45 1.7E-51  325.5   0.0  330   27-382    26-432 (475)
     160 UniRef100_A0A060W247 Cholecyst 100.0 1.8E-45 1.8E-51  317.4   0.0  335   32-377   127-476 (563)
     161 UniRef100_A0A3M6UME8 G_PROTEIN 100.0 1.8E-45 1.8E-51  308.1   0.0  302   10-372    17-319 (383)
     162 UniRef100_A0A023FH63 Putative  100.0 1.8E-45 1.8E-51  319.1   0.0  316   30-376   123-439 (563)
     163 UniRef100_A0A1L8FNX2 G_PROTEIN 100.0 1.8E-45 1.8E-51  310.3   0.0  281   30-375    60-341 (400)
     164 UniRef100_A7RGN9 Predicted pro 100.0   2E-45   2E-51  297.2   0.0  303   13-377    11-314 (317)
     165 tr|A0A0L0BYA7|A0A0L0BYA7_LUCCU 100.0   2E-45   2E-51  314.6   0.0  317   32-379   310-628 (678)
     166 tr|A0A1U7TSJ4|A0A1U7TSJ4_TARSY 100.0   2E-45 2.1E-51  311.5   0.0  304   31-377   211-518 (600)
     167 UniRef100_A0A2B4S7A4 Alpha-1A  100.0   2E-45 2.1E-51  308.4   0.0  273   30-378    37-310 (392)
     168 tr|A7SD89|A7SD89_NEMVE Predict 100.0 2.1E-45 2.1E-51  294.0   0.0  291   34-376    39-329 (355)
     169 tr|G3S2I3|G3S2I3_GORGO Opioid  100.0 2.1E-45 2.1E-51  306.5   0.0  286   28-374   158-446 (492)
     170 tr|A0A146U732|A0A146U732_FUNHE 100.0 2.2E-45 2.2E-51  334.2   0.0  327   27-377   186-547 (590)
     171 tr|W4Z2N2|W4Z2N2_STRPU Unchara 100.0 2.2E-45 2.3E-51  299.1   0.0  296   30-376    54-351 (406)
     172 UniRef100_A0A2B4R9G2 Melatonin 100.0 2.3E-45 2.3E-51  324.5   0.0  291   28-377    76-366 (461)
     173 UniRef100_A0A060XC03 Beta-2 ad 100.0 2.5E-45 2.5E-51  311.8   0.0  310   28-375    98-411 (548)
     174 UniRef100_A0A087XT11 Alpha-1B  100.0 2.5E-45 2.6E-51  312.1   0.0  327   28-382    75-409 (622)
     175 tr|A0A1S3W6N0|A0A1S3W6N0_ERIEU 100.0 2.7E-45 2.7E-51  311.6   0.0  315   33-380   132-446 (596)
     176 UniRef100_A0A060WMC3 Alpha-1D  100.0 2.7E-45 2.7E-51  311.6   0.0  320   32-381   110-436 (564)
     177 UniRef100_A0A068WKU9 Neuropept 100.0   3E-45   3E-51  309.6   0.0  296   28-375    68-365 (451)
     178 UniRef100_A0A0K0PUK6 Orphan G- 100.0 3.2E-45 3.3E-51  303.8   0.0  304   28-381    62-377 (448)
     179 UniRef100_UPI0003F07467 orexin 100.0 3.6E-45 3.7E-51  313.0   0.0  336   32-380    77-418 (535)
     180 tr|A0A0P7U0M1|A0A0P7U0M1_9TELE 100.0 3.7E-45 3.7E-51  300.1   0.0  303   32-379   101-413 (440)
     181 UniRef100_A0A067RTM0 Neuromedi 100.0 4.1E-45 4.1E-51  299.3   0.0  339    4-374     7-347 (382)
     182 tr|A0A2B4SID7|A0A2B4SID7_STYPI 100.0 4.2E-45 4.2E-51  314.9   0.0  296   28-378    27-328 (422)
     183 tr|A0A151NBW9|A0A151NBW9_ALLMI 100.0 4.5E-45 4.5E-51  307.7   0.0  314   28-381    76-395 (472)
     184 UniRef100_A0A023F3V9 Putative  100.0 4.5E-45 4.6E-51  312.8   0.0  289   30-376   130-422 (574)
     185 UniRef100_A0A016SJ65 Thyrolibe 100.0 4.7E-45 4.7E-51  315.7   0.0  313   31-375    82-394 (479)
     186 UniRef100_A0A061QHX0 Putative  100.0 4.6E-45 4.7E-51  319.2   0.0  325   32-377   132-507 (563)
     187 UniRef100_A0A210QT45 G-protein 100.0 4.6E-45 4.7E-51  305.6   0.0  304   30-380    56-360 (472)
     188 UniRef100_A0A087YQK7 Adrenocep 100.0 4.7E-45 4.8E-51  314.2   0.0  308   37-376   134-450 (617)
     189 UniRef100_A0A023F4J9 Putative  100.0 4.8E-45 4.9E-51  317.1   0.0  325   34-376   158-491 (588)
     190 UniRef100_A0A0A1WLH2 Somatosta 100.0 4.8E-45 4.9E-51  316.7   0.0  294   25-376   209-506 (667)
     191 tr|A0A2B4SKI0|A0A2B4SKI0_STYPI 100.0 4.9E-45 4.9E-51  312.3   0.0  291   28-375    93-396 (458)
     192 UniRef100_A0A026WC04 Dopamine  100.0   5E-45   5E-51  302.5   0.0  325   27-377    72-397 (468)
     193 UniRef100_A0A060X1U9 G_PROTEIN 100.0   5E-45 5.1E-51  315.9   0.0  327   30-382   136-462 (633)
     194 UniRef100_A0A6P8HX63 probable  100.0 5.1E-45 5.1E-51  311.9   0.0  305   32-380    57-363 (407)
     195 UniRef100_A0A0S1YDA0 Neuropept 100.0 5.1E-45 5.1E-51  313.6   0.0  299   28-379    90-394 (509)
     196 UniRef100_A0A210QHM7 G-protein 100.0 5.4E-45 5.5E-51  312.2   0.0  301   29-381    76-379 (492)
     197 UniRef100_A0A068AZY5 Octopamin 100.0 5.6E-45 5.6E-51  337.4   0.0  192   32-238   173-364 (723)
     198 UniRef100_A0A3M6TPP0 G_PROTEIN 100.0 5.7E-45 5.8E-51  312.0   0.0  306   28-377    46-354 (424)
     199 UniRef100_A0A084WIC4 Short neu 100.0 5.8E-45 5.9E-51  311.7   0.0  296   30-377    90-386 (551)
     200 UniRef100_A0A060VTR1 G_PROTEIN 100.0 5.8E-45 5.9E-51  313.8   0.0  326   31-383   118-446 (619)
     201 tr|A0A146TL67|A0A146TL67_FUNHE 100.0 6.1E-45   6E-51  322.6   0.0  299   32-378    26-405 (442)
     202 UniRef100_A0A2B4SE17 Substance 100.0 6.1E-45 6.1E-51  320.2   0.0  299   25-376    57-364 (467)
     203 UniRef100_A0A0K0PUE3 Orphan G- 100.0 6.1E-45 6.2E-51  313.9   0.0  314   28-375   112-425 (550)
     204 UniRef100_A0A6P8IFK2 neuromedi 100.0 6.2E-45 6.3E-51  299.9   0.0  301   25-381    18-325 (363)
     205 tr|A0A147AZW9|A0A147AZW9_FUNHE 100.0 6.4E-45 6.4E-51  319.9   0.0  325   18-389    71-447 (468)
     206 tr|A0A0L8FIS6|A0A0L8FIS6_OCTBM 100.0 6.6E-45 6.7E-51  306.6   0.0  321   33-377    91-420 (485)
     207 tr|A0A0P7V5N2|A0A0P7V5N2_9TELE 100.0   7E-45 7.1E-51  305.4   0.0  307   31-376    90-400 (468)
     208 UniRef100_A0A0K0PUG3 Thyrolibe 100.0 7.1E-45 7.2E-51  315.3   0.0  308   31-376   213-520 (606)
     209 tr|A0A139WLV7|A0A139WLV7_TRICA 100.0 7.3E-45 7.4E-51  318.0   0.0  305   28-380   394-700 (792)
     210 tr|K7GCC3|K7GCC3_PELSI Adrenoc 100.0 7.4E-45 7.5E-51  302.8   0.0  319   28-376    37-362 (488)
     211 tr|A0A0P7TYE1|A0A0P7TYE1_9TELE 100.0 7.6E-45 7.7E-51  306.2   0.0  337   32-379   123-475 (507)
     212 tr|A0A232F0R3|A0A232F0R3_9HYME 100.0 7.6E-45 7.7E-51  300.6   0.0  307   31-392   102-437 (458)
     213 tr|W4YJK4|W4YJK4_STRPU Unchara 100.0 8.2E-45 8.3E-51  308.3   0.0  303   28-376    65-368 (446)
     214 UniRef100_A0A060X0P4 G_PROTEIN 100.0 8.4E-45 8.4E-51  315.1   0.0  293   28-374   134-428 (513)
     215 UniRef100_A0A026W4F0 Octopamin 100.0 8.6E-45 8.7E-51  301.1   0.0  326   34-376    57-391 (445)
     216 UniRef100_A0A0L8HHE2 G_PROTEIN 100.0 8.7E-45 8.7E-51  304.8   0.0  293   35-376     3-298 (385)
     217 UniRef100_A0A3B4VB96 Beta-2 ad 100.0 8.7E-45 8.8E-51  304.5   0.0  308   31-378    51-362 (464)
     218 tr|A0A1D2NMB6|A0A1D2NMB6_ORCCI 100.0 8.8E-45 8.9E-51  308.0   0.0  299   27-377   146-450 (520)
     219 UniRef100_A0A016T103 G_PROTEIN 100.0 9.6E-45 9.7E-51  319.8   0.0  316   40-379   118-477 (605)
     220 tr|A0A2B4SNZ1|A0A2B4SNZ1_STYPI 100.0 9.8E-45 9.8E-51  307.8   0.0  287   31-377    30-319 (351)
     221 tr|W5MC67|W5MC67_LEPOC Pyroglu 100.0 9.6E-45 9.8E-51  298.7   0.0  315   28-382    49-364 (441)
     222 UniRef100_A0A1I7STM2 (pine woo 100.0 9.9E-45   1E-50  309.3   0.0  316   26-383    74-392 (430)
     223 tr|A0A067RDC3|A0A067RDC3_ZOONE 100.0   1E-44   1E-50  313.2   0.0  304   24-382    63-368 (506)
     224 UniRef100_A0A016UUZ5 G_PROTEIN 100.0   1E-44   1E-50  304.8   0.0  324   30-379    72-414 (486)
     225 UniRef100_A0A060VP48 G_PROTEIN 100.0   1E-44 1.1E-50  323.9   0.0  299   27-376   149-449 (580)
     226 UniRef100_A0A2G8KMT5 G_PROTEIN 100.0   1E-44 1.1E-50  303.7   0.0  287   34-375    38-325 (402)
     227 tr|L7LZ94|L7LZ94_9ACAR Putativ 100.0   1E-44 1.1E-50  299.4   0.0  290   32-377   102-392 (438)
     228 UniRef100_A0A401NJB3 G_PROTEIN 100.0   1E-44 1.1E-50  307.3   0.0  312   31-376    40-358 (517)
     229 tr|W8B9D1|W8B9D1_CERCA 5-hydro 100.0 1.1E-44 1.1E-50  309.6   0.0  337   24-379   254-628 (664)
     230 UniRef100_A0A226DFM2 Neuropept 100.0 1.2E-44 1.3E-50  308.4   0.0  296   30-375   103-401 (523)
     231 tr|B4KC34|B4KC34_DROMO Unchara 100.0 1.3E-44 1.3E-50  316.7   0.0  298   27-375   187-490 (670)
     232 UniRef100_A0A067RIW6 G_PROTEIN 100.0 1.3E-44 1.3E-50  317.8   0.0  330   30-380   182-549 (705)
     233 tr|A0A060XRS0|A0A060XRS0_ONCMY 100.0 1.3E-44 1.4E-50  319.1   0.0  326   30-381    53-379 (900)
     234 UniRef100_A0A2B4SVS8 Neuropept 100.0 1.4E-44 1.4E-50  314.6   0.0  300   28-383    84-388 (480)
     235 UniRef100_A0A061IN14 NK-3 rece 100.0 1.4E-44 1.4E-50  316.5   0.0  296   26-378   227-524 (662)
     236 UniRef100_A0A1J1I7G5 CLUMA_CG0 100.0 1.5E-44 1.5E-50  305.5   0.0  297   27-377    71-373 (500)
     237 UniRef100_A0A2B4RXD1 Neuropept 100.0 1.6E-44 1.6E-50  306.8   0.0  293   30-380    92-385 (461)
     238 UniRef100_A0A087U880 Neuropept 100.0 1.7E-44 1.7E-50  302.3   0.0  299   25-375    61-361 (401)
     239 tr|A0A1S3FWK5|A0A1S3FWK5_DIPOR 100.0 1.8E-44 1.8E-50  310.1   0.0  311   29-376   413-728 (786)
     240 UniRef100_A0A0N7ZAP9 G_PROTEIN 100.0 1.8E-44 1.9E-50  305.8   0.0  294   32-381    76-370 (421)
     241 tr|A0A287CUD4|A0A287CUD4_ICTTR 100.0 2.1E-44 2.1E-50  298.7   0.0  293   28-377    14-307 (478)
     242 UniRef100_A0A678XEL8 Trace ami 100.0 2.3E-44 2.3E-50  309.0   0.0  308   27-378    50-357 (523)
     243 tr|A7SMQ7|A7SMQ7_NEMVE Predict 100.0 2.3E-44 2.4E-50  295.3   0.0  301   28-386     7-311 (358)
     244 tr|A0A210R0K7|A0A210R0K7_MIZYE 100.0 2.6E-44 2.6E-50  299.4   0.0  336   29-380    70-428 (470)
     245 tr|A0A2H1W6Q0|A0A2H1W6Q0_SPOFR 100.0 2.7E-44 2.7E-50  303.9   0.0  300   29-381    67-367 (466)
     246 UniRef100_A0A2B4RFH8 Neuropept 100.0 2.8E-44 2.8E-50  316.5   0.0  298   29-378    61-367 (439)
     247 UniRef100_A0A3M6TV84 G_PROTEIN 100.0 2.9E-44 2.9E-50  302.8   0.0  296   30-378    43-338 (405)
     248 UniRef100_A0A6G8J3P5 Melanin-c 100.0 2.8E-44 2.9E-50  298.0   0.0  294   27-377    56-351 (460)
     249 UniRef100_A0A0N0PEL7 Tachykini 100.0 2.9E-44 2.9E-50  301.8   0.0  298   32-381    55-358 (454)
     250 tr|A0A183W5E7|A0A183W5E7_TRIRE 100.0 3.2E-44 3.2E-50  300.9   0.0  308   28-381    47-356 (503)
     251 UniRef100_A0A060Y7B7 G_PROTEIN 100.0 3.2E-44 3.3E-50  310.5   0.0  328   28-378   111-550 (560)
     252 UniRef100_A0A095ANA4 Dopamine  100.0 3.3E-44 3.3E-50  322.0   0.0  190   33-239   173-362 (674)
     253 UniRef100_A0A7M7HKI1 G_PROTEIN 100.0 3.3E-44 3.3E-50  305.4   0.0  294   35-381    42-339 (418)
     254 tr|J9JRI9|J9JRI9_ACYPI Unchara 100.0 3.3E-44 3.4E-50  299.1   0.0  301   25-377    27-333 (490)
     255 tr|A0A1A9ZAD8|A0A1A9ZAD8_GLOPL 100.0 3.3E-44 3.4E-50  302.9   0.0  305   27-383   117-427 (574)
     256 UniRef100_A0A193KU97 GCR058 n= 100.0 3.4E-44 3.4E-50  293.9   0.0  303   33-377    26-331 (379)
     257 tr|H2Q292|H2Q292_PANTR Unchara 100.0 3.4E-44 3.5E-50  298.5   0.0  326   28-379    77-405 (492)
     258 tr|A0A0P5PA10|A0A0P5PA10_9CRUS 100.0 3.4E-44 3.5E-50  309.4   0.0  295   28-374   142-442 (705)
     259 UniRef100_A0A182H1J6 G_PROTEIN 100.0 3.6E-44 3.7E-50  320.6   0.0  198   30-237   316-514 (1005)
     260 tr|A0A218UWX7|A0A218UWX7_9PASE 100.0 3.9E-44 3.9E-50  302.3   0.0  302   27-377    35-340 (474)
     261 tr|A0A2B4S6X2|A0A2B4S6X2_STYPI 100.0 3.9E-44   4E-50  293.7   0.0  302   34-382    25-328 (379)
     262 tr|A0A182FRI7|A0A182FRI7_ANOAL 100.0   4E-44   4E-50  319.9   0.0  201   26-240   106-306 (677)
     263 UniRef100_A0A3M6TAE6 G_PROTEIN 100.0 4.3E-44 4.4E-50  303.7   0.0  276   30-375    89-366 (443)
     264 tr|W5JTF9|W5JTF9_ANODA Somatos 100.0 4.4E-44 4.5E-50  302.8   0.0  295   29-379    51-349 (526)
     265 UniRef100_A0A2S1WLX6 Putative  100.0 4.4E-44 4.5E-50  297.9   0.0  329   36-378    50-459 (475)
     266 UniRef100_A0A026VXG0 Octopamin 100.0 4.5E-44 4.5E-50  314.5   0.0  330   29-374    78-537 (647)
     267 UniRef100_A0A0K0PUX3 Orphan G- 100.0 5.1E-44 5.1E-50  309.6   0.0  289   30-374    58-347 (419)
     268 UniRef100_A0A026X164 G-protein 100.0 5.2E-44 5.2E-50  312.7   0.0  306   31-377   117-423 (604)
     269 tr|A0A146NR64|A0A146NR64_FUNHE 100.0 5.2E-44 5.3E-50  296.9   0.0  288   32-374   119-417 (449)
     270 UniRef100_A0A7M7KVC0 G_PROTEIN 100.0 5.2E-44 5.3E-50  311.0   0.0  339    2-373    13-374 (609)
     271 tr|A0A2B4SAJ4|A0A2B4SAJ4_STYPI 100.0 5.3E-44 5.4E-50  302.4   0.0  291   28-373    24-329 (434)
     272 tr|C7SLZ0|C7SLZ0_APLKU Seroton 100.0 5.4E-44 5.5E-50  306.2   0.0  326   28-379    68-426 (485)
     273 UniRef100_A0A0P6J0T1 Putative  100.0 5.5E-44 5.6E-50  317.2   0.0  313   27-380    97-412 (735)
     274 UniRef100_A0A6S7JE64 Neuropept 100.0 5.8E-44 5.8E-50  299.6   0.0  292   27-377    29-321 (412)
     275 UniRef100_A0A060X6T3 G_PROTEIN 100.0 5.8E-44 5.9E-50  303.8   0.0  322   32-381    89-417 (550)
     276 UniRef100_A0A060VWI9 G_PROTEIN 100.0 5.8E-44 5.9E-50  306.5   0.0  316   36-377    64-394 (579)
     277 UniRef100_A0A3M6UKX8 G_PROTEIN 100.0 5.9E-44 5.9E-50  311.2   0.0  296   30-377   116-420 (487)
     278 tr|A0A2D0SD29|A0A2D0SD29_ICTPU 100.0 5.9E-44   6E-50  298.7   0.0  304   32-377     4-308 (420)
     279 UniRef100_A0A6P4Z684 G-protein 100.0 5.9E-44   6E-50  295.8   0.0  299   30-379    49-348 (425)
     280 UniRef100_A0A193KUI4 GCR044 n= 100.0 6.1E-44 6.2E-50  300.4   0.0  314   31-378    31-348 (508)
     281 UniRef100_A0A0K0PUL2 DH31-like 100.0 6.4E-44 6.5E-50  292.7   0.0  315   33-407    49-363 (375)
     282 UniRef100_A0A7M7JNF9 G_PROTEIN 100.0 6.6E-44 6.7E-50  308.0   0.0  334   16-381    69-403 (554)
     283 UniRef100_A0A084WFJ7 AGAP00011 100.0 6.7E-44 6.8E-50  306.5   0.0  287   32-371    87-374 (519)
     284 tr|A0A0S1YD80|A0A0S1YD80_CHISP 100.0 6.7E-44 6.9E-50  301.5   0.0  301   32-377   164-464 (513)
     285 UniRef100_A0A6F9DEB9 5-hydroxy 100.0 7.5E-44 7.5E-50  304.3   0.0  309   27-376    50-358 (426)
     286 tr|A0A218VDE9|A0A218VDE9_9PASE 100.0 7.4E-44 7.6E-50  296.8   0.0  289   25-377    16-307 (556)
     287 tr|A0A091CRU0|A0A091CRU0_FUKDA 100.0 7.5E-44 7.6E-50  313.8   0.0  290   28-380   404-695 (720)
     288 tr|A0A1S3IXU4|A0A1S3IXU4_LINUN 100.0 7.6E-44 7.7E-50  295.9   0.0  291   30-378    55-346 (440)
     289 UniRef100_A0A6P4YBA8 delta-typ 100.0 7.8E-44 7.9E-50  298.3   0.0  293   31-385    49-347 (406)
     290 UniRef100_A0A061QLN0 Putative  100.0   8E-44 8.1E-50  320.1   0.0  330   32-376    88-602 (685)
     291 UniRef100_A0A0A7KUZ5 Opsin 5 n 100.0 8.2E-44 8.3E-50  302.8   0.0  292   32-378    52-345 (407)
     292 tr|A0A1I8MQS0|A0A1I8MQS0_MUSDO 100.0 8.3E-44 8.4E-50  311.1   0.0  296   23-377   140-439 (572)
     293 tr|A0A2B4RR50|A0A2B4RR50_STYPI 100.0 8.4E-44 8.5E-50  295.3   0.0  307   26-385    23-333 (411)
     294 tr|A0A232F8D2|A0A232F8D2_9HYME 100.0 9.1E-44 9.3E-50  298.7   0.0  299   28-376    67-369 (478)
     295 tr|A0A0K0PUV0|A0A0K0PUV0_PLADU 100.0 9.8E-44 9.9E-50  294.6   0.0  325   26-380     9-336 (373)
     296 tr|A0A1S3L0J1|A0A1S3L0J1_SALSA 100.0 9.8E-44   1E-49  300.8   0.0  327   31-381    74-409 (533)
     297 tr|A0A1I8N820|A0A1I8N820_MUSDO 100.0   1E-43   1E-49  311.0   0.0  323   34-376   306-636 (880)
     298 tr|A0A212C668|A0A212C668_CEREH 100.0   1E-43   1E-49  299.1   0.0  326   28-377   215-556 (558)
     299 UniRef100_A0A3M6T8F5 G_PROTEIN 100.0 1.1E-43 1.1E-49  316.9   0.0  298   28-378    97-396 (523)
     300 tr|A7S585|A7S585_NEMVE Predict 100.0 1.1E-43 1.1E-49  296.5   0.0  304   25-382    17-330 (374)
     301 UniRef100_A0A091R746 Beta-1 ad 100.0 1.1E-43 1.1E-49  303.6   0.0  309   35-375   137-450 (572)
     302 tr|A0A1I8FSG9|A0A1I8FSG9_9PLAT 100.0 1.1E-43 1.1E-49  299.2   0.0  333   28-381   103-452 (550)
     303 tr|A0A1W4X208|A0A1W4X208_AGRPL 100.0 1.1E-43 1.2E-49  294.9   0.0  298   28-377    90-393 (467)
     304 UniRef100_A0A7M7G1H5 G_PROTEIN 100.0 1.2E-43 1.2E-49  305.0   0.0  328    1-380     5-336 (381)
     305 UniRef100_A0A061IAU9 Gastric r 100.0 1.2E-43 1.2E-49  303.3   0.0  298   29-380   111-409 (588)
     306 UniRef100_A0A060WGF3 B2 bradyk 100.0 1.2E-43 1.2E-49  314.6   0.0  293   31-378   158-452 (589)
     307 tr|A7RKH9|A7RKH9_NEMVE Predict 100.0 1.3E-43 1.3E-49  290.5   0.0  290   31-380    24-316 (336)
     308 UniRef100_A0A023ETT6 Putative  100.0 1.3E-43 1.3E-49  302.5   0.0  293   28-376   149-445 (612)
     309 UniRef100_A0A0C9RF21 CapaR_3 p 100.0 1.3E-43 1.3E-49  303.3   0.0  304   32-377    51-356 (532)
     310 UniRef100_D1LX82 Neuropeptide  100.0 1.3E-43 1.3E-49  302.9   0.0  292   35-380    57-351 (424)
     311 UniRef100_A0A1I8FSG9 G_PROTEIN 100.0 1.3E-43 1.3E-49  301.5   0.0  333   29-381   157-509 (576)
     312 tr|E2AX14|E2AX14_CAMFO Neurope 100.0 1.4E-43 1.4E-49  307.2   0.0  320   28-380    73-395 (614)
     313 UniRef100_A0A0S1YD99 Neuropept 100.0 1.4E-43 1.5E-49  290.4   0.0  300   27-381    70-376 (423)
     314 UniRef100_A0A067RDC3 Prolactin 100.0 1.5E-43 1.5E-49  302.6   0.0  295   28-376    60-355 (541)
     315 UniRef100_A0A060W5H6 G_PROTEIN 100.0 1.5E-43 1.5E-49  309.4   0.0  299   29-374    83-384 (528)
     316 tr|A0A1I8PG61|A0A1I8PG61_STOCA 100.0 1.6E-43 1.6E-49  311.2   0.0  293   28-376   295-591 (716)
     317 UniRef100_A0A067R4E0 Tachykini 100.0 1.6E-43 1.6E-49  295.2   0.0  304   25-379    42-346 (396)
     318 tr|A0A1S3FYW5|A0A1S3FYW5_DIPOR 100.0 1.6E-43 1.7E-49  284.9   0.0  292   32-381    69-362 (385)
     319 tr|R4J1H6|R4J1H6_SALSA Cholecy 100.0 1.6E-43 1.7E-49  292.6   0.0  334   33-379    47-408 (461)
     320 UniRef100_A0A0L8FWF7 G_PROTEIN 100.0 1.7E-43 1.7E-49  312.2   0.0  333   32-379    91-548 (576)
     321 ERR1719361_2001115             100.0 1.7E-43 1.7E-49  297.6   0.0  306   14-376     6-323 (415)
     322 tr|A0A2B4R9G2|A0A2B4R9G2_STYPI 100.0 1.7E-43 1.7E-49  294.1   0.0  292   30-377    58-349 (378)
     323 UniRef100_A0A0A1XP15 Neuropept 100.0 1.7E-43 1.8E-49  290.4   0.0  312   30-388    69-384 (421)
     324 tr|A0A1S3NPB2|A0A1S3NPB2_SALSA 100.0 1.9E-43 1.9E-49  294.1   0.0  295   26-377    33-331 (443)
     325 tr|C3XVU5|C3XVU5_BRAFL Unchara 100.0 1.9E-43   2E-49  292.7   0.0  294   32-376    61-355 (439)
     326 tr|A0A0P7V0U8|A0A0P7V0U8_9TELE 100.0 1.9E-43   2E-49  287.8   0.0  307   32-396    85-393 (439)
     327 UniRef100_A0A0L8H5P3 G_PROTEIN 100.0 2.1E-43 2.1E-49  300.6   0.0  302   28-377    70-372 (496)
     328 UniRef100_A0A4D9EQQ5 Enolase-l 100.0   2E-43 2.1E-49  284.7   0.0  285   29-376   143-430 (472)
     329 tr|A0A226N2C0|A0A226N2C0_CALSU 100.0 2.1E-43 2.1E-49  296.9   0.0  296   33-378   225-521 (569)
     330 UniRef100_A0A016TS00 G_PROTEIN 100.0 2.2E-43 2.2E-49  312.5   0.0  336   33-380   113-556 (622)
     331 UniRef100_A0A084VX67 AGAP00044 100.0 2.2E-43 2.2E-49  296.4   0.0  319   30-377    67-386 (444)
     332 UniRef100_UPI000219022F Endoly 100.0 2.2E-43 2.3E-49  293.4   0.0  283   33-377   201-486 (507)
     333 UniRef100_A0A067R841 G_PROTEIN 100.0 2.3E-43 2.4E-49  305.6   0.0  302   31-377   105-409 (526)
     334 UniRef100_A0A087QH91 Melanopsi 100.0 2.3E-43 2.4E-49  308.3   0.0  302   25-377    96-399 (629)
     335 tr|A0A1L7H7D8|A0A1L7H7D8_SACKO 100.0 2.3E-43 2.4E-49  287.1   0.0  300   29-381    68-368 (424)
     336 UniRef100_A0A6P4ZN87 somatosta 100.0 2.4E-43 2.5E-49  292.0   0.0  294   27-377    27-328 (391)
     337 tr|A0A1V4JMN9|A0A1V4JMN9_PATFA 100.0 2.5E-43 2.5E-49  296.5   0.0  331   32-379    92-423 (537)
     338 UniRef100_A0A0S1YDA1 Neuropept 100.0 2.6E-43 2.6E-49  296.6   0.0  340   30-381    64-417 (463)
     339 UniRef100_A0A0G3Y5J3 Peropsin  100.0 2.8E-43 2.8E-49  296.6   0.0  284   32-375    36-321 (363)
     340 tr|A0A2B4RYF4|A0A2B4RYF4_STYPI 100.0 2.8E-43 2.9E-49  291.0   0.0  292   25-376    17-310 (402)
     341 UniRef100_A0A2B4SJV4 Galanin r 100.0 2.9E-43 2.9E-49  308.0   0.0  293   31-379    73-368 (444)
     342 UniRef100_A0A6P8HUK6 melatonin 100.0 2.9E-43   3E-49  286.2   0.0  307   26-384    21-327 (374)
     343 UniRef100_A0A026VW91 Neuropept 100.0   3E-43 3.1E-49  293.8   0.0  296   30-375   186-484 (582)
     344 UniRef100_F6ZHC8 Uncharacteriz 100.0   3E-43 3.1E-49  299.3   0.0  334   32-377    87-464 (520)
     345 tr|A0A182L9N8|A0A182L9N8_9DIPT 100.0 3.1E-43 3.1E-49  300.1   0.0  295   29-380    85-385 (490)
     346 UniRef100_A0A068FL22 Pheromone 100.0 3.3E-43 3.3E-49  294.8   0.0  318   26-379    76-394 (522)
     347 UniRef100_A0A060WAA0 NK-2 rece 100.0 3.3E-43 3.4E-49  291.7   0.0  295   26-377    66-364 (465)
     348 UniRef100_A0A3B4UE11 Si:zfos-1 100.0 3.4E-43 3.5E-49  287.1   0.0  285   32-379    65-352 (441)
     349 UniRef100_A0A023F658 Putative  100.0 3.5E-43 3.5E-49  305.9   0.0  316   27-381    63-378 (580)
     350 tr|A0A182QHF8|A0A182QHF8_9DIPT 100.0 3.6E-43 3.6E-49  299.1   0.0  305   29-378    97-407 (581)
     351 UniRef100_A0A060VNF4 G_PROTEIN 100.0 3.6E-43 3.7E-49  303.6   0.0  292   29-375   127-429 (566)
     352 UniRef100_A0A034WCQ2 Octopamin 100.0 3.6E-43 3.7E-49  307.4   0.0  334   25-381   156-565 (618)
     353 tr|A7RYQ3|A7RYQ3_NEMVE Predict 100.0 3.7E-43 3.7E-49  297.8   0.0  295   28-383    47-341 (367)
     354 UniRef100_A0A087YRI1 G_PROTEIN 100.0 3.9E-43 3.9E-49  298.4   0.0  291   32-376    80-371 (438)
     355 tr|A0A0P6C571|A0A0P6C571_9CRUS 100.0 3.9E-43   4E-49  294.7   0.0  333   32-376    55-444 (558)
     356 UniRef100_A0A2G8L4C9 Putative  100.0   4E-43   4E-49  308.7   0.0  325   32-372    70-444 (480)
     357 tr|A0A2B4SSL5|A0A2B4SSL5_STYPI 100.0 4.2E-43 4.2E-49  281.9   0.0  301   26-385    15-317 (344)
     358 tr|A0A2B4SIA2|A0A2B4SIA2_STYPI 100.0 4.2E-43 4.3E-49  292.9   0.0  307   28-380    54-363 (370)
     359 UniRef100_A0A2P8Z628 Octopamin 100.0 4.2E-43 4.3E-49  293.3   0.0  327   33-375    51-414 (477)
     360 tr|A0A146NY53|A0A146NY53_FUNHE 100.0 4.3E-43 4.3E-49  297.5   0.0  308   32-377     6-317 (469)
     361 UniRef100_A0A2B4SYG2 5-hydroxy 100.0 4.3E-43 4.3E-49  290.6   0.0  289   28-375    25-314 (376)
     362 tr|A7RKP0|A7RKP0_NEMVE Predict 100.0 4.3E-43 4.4E-49  289.1   0.0  303   32-379     7-309 (350)
     363 tr|F7E6B1|F7E6B1_MONDO Tachyki 100.0 4.3E-43 4.4E-49  291.8   0.0  294   26-376    88-383 (475)
     364 tr|W4Z3I5|W4Z3I5_STRPU Unchara 100.0 4.3E-43 4.4E-49  292.1   0.0  315   28-376    44-392 (461)
     365 UniRef100_A0A3M6U2U1 G_PROTEIN 100.0 4.4E-43 4.4E-49  293.6   0.0  287   31-377    18-307 (352)
     366 UniRef100_A0A060VRN9 G_PROTEIN 100.0 4.4E-43 4.5E-49  299.4   0.0  296   30-376   133-429 (496)
     367 UniRef100_A0A087REY1 NPY-Y2 re 100.0 4.4E-43 4.5E-49  301.4   0.0  291   30-376   184-477 (599)
     368 UniRef100_A0A210Q5D4 Neuropept 100.0 4.6E-43 4.6E-49  303.8   0.0  311   31-379    72-384 (596)
     369 UniRef100_A0A0K8WE72 5-hydroxy 100.0 4.6E-43 4.7E-49  304.4   0.0  333   28-379   264-626 (662)
     370 tr|A0A193KU92|A0A193KU92_SCHMD 100.0 4.8E-43 4.9E-49  295.0   0.0  332   28-379    53-408 (478)
     371 UniRef100_A0A6A4WEU8 5-hydroxy 100.0 4.9E-43 4.9E-49  298.9   0.0  330   32-381    67-443 (535)
     372 tr|A0A2B4S1Z5|A0A2B4S1Z5_STYPI 100.0   5E-43 5.1E-49  299.0   0.0  283   29-386    22-307 (514)
     373 UniRef100_A0A087R2J6 Neuropept 100.0 5.1E-43 5.1E-49  304.0   0.0  301   32-375   212-517 (638)
     374 tr|A7RNV5|A7RNV5_NEMVE Predict 100.0 5.4E-43 5.5E-49  288.6   0.0  286   31-374    30-323 (377)
     375 AntAceMinimDraft_8_1070364.sca 100.0 5.5E-43 5.6E-49  287.7   0.0  337   14-381    19-360 (406)
     376 tr|K1PEH3|K1PEH3_CRAGI Neurope 100.0 6.1E-43 6.2E-49  288.6   0.0  303   27-379    42-359 (411)
     377 UniRef100_A0A060VNZ0 G_PROTEIN 100.0 6.5E-43 6.6E-49  308.6   0.0  310   34-377   195-505 (710)
     378 tr|A0A0V1MVC7|A0A0V1MVC7_9BILA 100.0 6.7E-43 6.8E-49  302.1   0.0  301   30-384    78-385 (598)
     379 tr|A0A1A8K3T1|A0A1A8K3T1_NOTKU 100.0 6.7E-43 6.9E-49  297.7   0.0  337   32-382    48-489 (621)
     380 ERR1719510_236906              100.0   7E-43 7.1E-49  305.1   0.0  300   26-380    76-376 (577)
     381 UniRef100_A0A067QQU1 Cholecyst 100.0 7.2E-43 7.2E-49  293.7   0.0  322   37-377     6-332 (404)
     382 UniRef100_A0A026W3I9 Neuropept 100.0 7.3E-43 7.4E-49  301.9   0.0  314   27-381    53-371 (599)
     383 UniRef100_A0A0L8HMQ0 G_PROTEIN 100.0 7.5E-43 7.6E-49  299.3   0.0  311   29-386    45-356 (538)
     384 tr|A0A0P6IZB8|A0A0P6IZB8_9CRUS 100.0   8E-43 8.2E-49  296.7   0.0  295   32-380   202-497 (559)
     385 UniRef100_A0A2B4SJE7 Orexin re 100.0 8.1E-43 8.2E-49  300.9   0.0  293   28-376   130-430 (517)
     386 UniRef100_A0A2B4SID7 Neuropept 100.0 8.4E-43 8.4E-49  297.0   0.0  301   23-376    72-378 (462)
     387 UniRef100_A0A3M6TNW8 G_PROTEIN 100.0 8.7E-43 8.8E-49  294.4   0.0  304   28-378    90-393 (453)
     388 tr|A0A1U7SLA2|A0A1U7SLA2_TARSY 100.0 9.1E-43 9.3E-49  295.9   0.0  327   33-387   125-459 (601)
     389 UniRef100_A0A090MXE0 Thyrotrop 100.0 9.2E-43 9.3E-49  293.5   0.0  305   28-380    41-346 (444)
     390 UniRef100_A0A0E3EKU4 Allatotro 100.0 9.6E-43 9.8E-49  292.7   0.0  300   32-377   131-431 (562)
     391 tr|A0A2D0TBG0|A0A2D0TBG0_ICTPU 100.0 9.8E-43   1E-48  284.1   0.0  308   34-377    64-371 (429)
     392 tr|A0A0P7XE55|A0A0P7XE55_9TELE 100.0   1E-42   1E-48  302.1   0.0  328   26-382    44-372 (782)
     393 UniRef100_A0A1D2M255 Somatosta 100.0   1E-42   1E-48  283.6   0.0  301   29-387    32-333 (382)
     394 UniRef100_A0A6P3IMR0 somatosta 100.0   1E-42   1E-48  287.4   0.0  284   33-376   198-484 (524)
     395 tr|T1KPP2|T1KPP2_TETUR Unchara 100.0   1E-42   1E-48  294.4   0.0  285   32-376   151-435 (477)
     396 tr|A0A2G8KL37|A0A2G8KL37_STIJA 100.0   1E-42 1.1E-48  282.3   0.0  338   31-379    48-401 (439)
     397 tr|V8NQN2|V8NQN2_OPHHA G-prote 100.0 1.1E-42 1.1E-48  304.5   0.0  282   29-377   300-587 (840)
     398 UniRef100_A0A087QH27 C-C chemo 100.0 1.1E-42 1.1E-48  311.2   0.0  287   28-379   196-486 (591)
     399 tr|U3U4G2|U3U4G2_NILLU Neurope 100.0 1.1E-42 1.1E-48  300.8   0.0  318   24-382    25-354 (496)
     400 UniRef100_A0A6F9DUB2 Somatosta 100.0 1.1E-42 1.1E-48  290.3   0.0  292   28-376    58-352 (467)
     401 tr|A0A210QNG6|A0A210QNG6_MIZYE 100.0 1.1E-42 1.1E-48  294.9   0.0  308   30-383    37-345 (498)
     402 tr|A0A212EZN3|A0A212EZN3_DANPL 100.0 1.1E-42 1.2E-48  293.4   0.0  302   27-375    49-352 (488)
     403 UniRef100_A0A2B4S7Y2 Neuropept 100.0 1.2E-42 1.2E-48  302.8   0.0  292   28-375    77-369 (460)
     404 UniRef100_A0A0N1IB59 Orexin re 100.0 1.2E-42 1.2E-48  292.5   0.0  322   29-374   125-448 (546)
     405 UniRef100_A0A132AJH3 7 transme 100.0 1.3E-42 1.3E-48  297.2   0.0  314   34-375    70-384 (447)
     406 UniRef100_A0A1S3HM77 pyrokinin 100.0 1.3E-42 1.3E-48  296.9   0.0  315   32-386    90-405 (573)
     407 tr|A0A151ITZ3|A0A151ITZ3_9HYME 100.0 1.3E-42 1.3E-48  293.4   0.0  314   32-377    67-419 (481)
     408 tr|A0A2B4RGY6|A0A2B4RGY6_STYPI 100.0 1.4E-42 1.4E-48  288.7   0.0  290   32-379     6-298 (348)
     409 UniRef100_E9HAW0 G_PROTEIN_REC 100.0 1.4E-42 1.4E-48  286.5   0.0  298   29-382    61-361 (393)
     410 UniRef100_A0A087RCY8 5-hydroxy 100.0 1.4E-42 1.4E-48  302.7   0.0  328   33-381   145-474 (567)
     411 UniRef100_UPI0001CB9B44 somato 100.0 1.4E-42 1.4E-48  275.0   0.0  314   27-397    22-337 (365)
     412 tr|W4Z9U8|W4Z9U8_STRPU Unchara 100.0 1.4E-42 1.4E-48  283.4   0.0  310   25-376   100-410 (434)
     413 UniRef100_A0A6P4Z5N5 muscarini 100.0 1.5E-42 1.5E-48  286.8   0.0  313   30-377    26-342 (357)
     414 tr|A0A1D1V6H4|A0A1D1V6H4_RAMVA 100.0 1.5E-42 1.5E-48  292.0   0.0  301   28-379    57-375 (498)
     415 tr|A0A0A1XP03|A0A0A1XP03_ZEUCU 100.0 1.5E-42 1.5E-48  307.5   0.0  309   32-380   234-542 (660)
     416 SRR6218665_147192              100.0 1.5E-42 1.5E-48  291.6   0.0  303   27-379    95-398 (466)
     417 UniRef100_A0A0D9R0U9 Apelin re 100.0 1.5E-42 1.5E-48  290.9   0.0  292   31-375    60-361 (482)
     418 tr|S7PUA8|S7PUA8_MYOBR C-C che 100.0 1.7E-42 1.8E-48  302.5   0.0  285   27-376   277-565 (603)
     419 tr|A0A183VWV4|A0A183VWV4_TRIRE 100.0 1.8E-42 1.8E-48  289.5   0.0  341   24-377    42-447 (509)
     420 UniRef100_A0A1B6HDB2 G_PROTEIN 100.0 1.8E-42 1.8E-48  277.0   0.0  295   30-380     9-309 (360)
     421 UniRef100_A0A087X781 Alpha-2Db 100.0 1.9E-42   2E-48  291.2   0.0  323   34-375    68-490 (495)
     422 UniRef100_A0A2B4RQG7 Somatosta 100.0   2E-42   2E-48  307.2   0.0  312   27-375    82-396 (541)
     423 UniRef100_A0A060X7S9 B2 bradyk 100.0 2.1E-42 2.1E-48  297.5   0.0  296   29-379   110-407 (491)
     424 UniRef100_A0A016UC02 G_PROTEIN 100.0 2.1E-42 2.2E-48  294.4   0.0  303   32-374   126-444 (523)
     425 UniRef100_A0A0K0PUT0 Orphan G- 100.0 2.2E-42 2.2E-48  299.3   0.0  295   32-379    50-348 (400)
     426 tr|A0A182U1B5|A0A182U1B5_9DIPT 100.0 2.2E-42 2.3E-48  297.4   0.0  303   26-375    33-341 (620)
     427 UniRef100_A0A077Z2V7 Neuropept 100.0 2.2E-42 2.3E-48  289.3   0.0  302   27-375    64-373 (451)
     428 tr|T1JSJ3|T1JSJ3_TETUR Unchara 100.0 2.3E-42 2.4E-48  300.1   0.0  328   33-379   248-646 (747)
     429 tr|Q29XY7|Q29XY7_APLCA Dopamin 100.0 2.4E-42 2.4E-48  288.9   0.0  314   27-378    49-378 (450)
     430 tr|A0A1S3JCV4|A0A1S3JCV4_LINUN 100.0 2.4E-42 2.5E-48  283.1   0.0  309   31-381    61-372 (414)
     431 UniRef100_A0A3M6THF9 G_PROTEIN 100.0 2.5E-42 2.5E-48  297.3   0.0  285   27-379    55-340 (483)
     432 ERR1719232_11025               100.0 2.5E-42 2.6E-48  297.3   0.0  308   32-375    87-399 (559)
     433 tr|A0A2B4S4U3|A0A2B4S4U3_STYPI 100.0 2.6E-42 2.6E-48  278.6   0.0  297   31-377    24-322 (359)
     434 UniRef100_A0A060YY06 G_PROTEIN 100.0 2.7E-42 2.7E-48  293.5   0.0  300   32-375   103-406 (490)
     435 tr|A0A147A4W2|A0A147A4W2_FUNHE 100.0 2.7E-42 2.7E-48  292.4   0.0  328   32-377    94-443 (502)
     436 Marorgknorr_s2lv_2_1036014.sca 100.0 2.7E-42 2.7E-48  288.3   0.0  317   29-394    26-348 (366)
     437 SRR6218665_1158703             100.0 2.7E-42 2.7E-48  288.3   0.0  304   27-378    31-335 (413)
     438 UniRef100_A0A2G8KT39 Putative  100.0 2.7E-42 2.7E-48  293.3   0.0  292   34-380    46-344 (383)
     439 UniRef100_A0A1L8HHP3 G_PROTEIN 100.0 2.8E-42 2.8E-48  283.5   0.0  289   31-376    44-338 (370)
     440 UniRef100_A0A060YTK2 Uncharact 100.0 2.9E-42   3E-48  284.9   0.0  290   32-376    84-377 (447)
     441 tr|A0A1S3NNV5|A0A1S3NNV5_SALSA 100.0   3E-42 3.1E-48  289.5   0.0  311   32-375    62-378 (499)
     442 tr|L7LWW3|L7LWW3_9ACAR Putativ 100.0   3E-42 3.1E-48  296.8   0.0  193   30-239   108-300 (624)
     443 UniRef100_A0A3M6UBA2 G_PROTEIN 100.0 3.1E-42 3.1E-48  290.0   0.0  290   31-378    48-341 (383)
     444 UniRef100_A0A210PMD5 Neuropept 100.0 3.1E-42 3.2E-48  282.4   0.0  348    8-383    18-377 (445)
     445 tr|A7SIX0|A7SIX0_NEMVE Predict 100.0 3.2E-42 3.2E-48  284.8   0.0  298   30-383    22-324 (403)
     446 UniRef100_A0A060WN78 Muscarini 100.0 3.2E-42 3.3E-48  303.0   0.0  336   28-382   137-584 (611)
     447 UniRef100_A0A084VAB3 Pk-1 rece 100.0 3.2E-42 3.3E-48  294.5   0.0  312   27-374    98-412 (552)
     448 UniRef100_A0A2G8KTA9 Putative  100.0 3.3E-42 3.3E-48  298.8   0.0  289   35-374    51-341 (445)
     449 UniRef100_A0A024FLZ5 PQRFa pep 100.0 3.3E-42 3.3E-48  287.0   0.0  299   25-375    50-349 (416)
     450 tr|K1PQM6|K1PQM6_CRAGI Putativ 100.0 3.3E-42 3.4E-48  286.0   0.0  311   30-382    88-399 (429)
     451 UniRef100_A0A2G8K804 Putative  100.0 3.4E-42 3.4E-48  290.5   0.0  324   31-377    57-439 (451)
     452 UniRef100_A0A3M6T9C5 G_PROTEIN 100.0 3.4E-42 3.4E-48  293.4   0.0  304   25-381    51-363 (402)
     453 UniRef100_A0A6P8H485 beta-2 ad 100.0 3.5E-42 3.5E-48  293.3   0.0  302   29-376    54-357 (411)
     454 tr|B4JN40|B4JN40_DROGR GH24210 100.0 3.5E-42 3.5E-48  287.8   0.0  286   33-373   117-404 (436)
     455 UniRef100_A0A0Q3PEJ5 Alpha-1B  100.0 3.5E-42 3.6E-48  293.4   0.0  322   32-382    62-389 (683)
     456 UniRef100_A0A084WCX2 AGAP00493 100.0 3.8E-42 3.8E-48  293.9   0.0  293   31-377    93-388 (474)
     457 UniRef100_A0A059ZY04 Angiotens 100.0 3.8E-42 3.9E-48  302.0   0.0  287   27-378   163-455 (546)
     458 UniRef100_A0A060W161 G_PROTEIN 100.0   4E-42   4E-48  309.7   0.0  284   30-376   166-454 (574)
     459 UniRef100_A0A0P7U357 Apelin re 100.0   4E-42 4.1E-48  286.9   0.0  291   29-380    54-346 (401)
     460 UniRef100_A0A067RAQ2 Neuropept 100.0   4E-42 4.1E-48  285.6   0.0  297   28-375    96-394 (509)
     461 tr|A0A2C9GPU2|A0A2C9GPU2_ANOAR 100.0 4.1E-42 4.2E-48  305.1   0.0  317   31-378   321-638 (818)
     462 UniRef100_A0A2B4RSD1 Neuropept 100.0 4.2E-42 4.2E-48  299.8   0.0  322   26-378    40-366 (464)
     463 tr|A0A147AXX1|A0A147AXX1_FUNHE 100.0 4.2E-42 4.3E-48  285.4   0.0  298   22-376    27-328 (490)
     464 UniRef100_A0A024R2Q0 Chemokine 100.0 4.2E-42 4.3E-48  297.0   0.0  289   27-378   151-444 (499)
     465 SRR6218665_799277              100.0 4.2E-42 4.3E-48  280.9   0.0  292   32-376   124-418 (456)
     466 UniRef100_A0A091M113 GH-releas 100.0 4.3E-42 4.4E-48  284.5   0.0  293   33-375    81-376 (478)
     467 tr|A0A096NTW4|A0A096NTW4_PAPAN 100.0 4.5E-42 4.6E-48  284.6   0.0  295   32-379   132-428 (442)
     468 UniRef100_A0A023F664 Putative  100.0 4.5E-42 4.6E-48  289.5   0.0  304   30-378    78-381 (471)
     469 UniRef100_A0A6P8IPF1 5-hydroxy 100.0 4.6E-42 4.7E-48  281.8   0.0  309   31-382    56-366 (403)
     470 UniRef100_A0A3B5MNK7 G_PROTEIN 100.0 4.6E-42 4.7E-48  280.9   0.0  331   26-383    22-354 (455)
     471 tr|A0A146PN09|A0A146PN09_FUNHE 100.0 4.8E-42 4.8E-48  303.0   0.0  306   26-385    33-403 (432)
     472 UniRef100_A0A087QSW5 5-hydroxy 100.0 4.7E-42 4.8E-48  289.1   0.0  334   26-381   171-518 (570)
     473 tr|A7RRH0|A7RRH0_NEMVE Predict 100.0 4.9E-42 4.9E-48  301.0   0.0  296   28-379    22-317 (700)
     474 UniRef100_A0A0S1YDN7 Diapause  100.0 4.9E-42   5E-48  294.2   0.0  316   27-382    95-413 (569)
     475 UniRef100_A0A0A1XP03 Neuropept 100.0 5.1E-42 5.2E-48  296.2   0.0  304   33-377   238-541 (661)
     476 UniRef100_A0A024R4J1 Formyl pe 100.0 5.3E-42 5.3E-48  311.5   0.0  286   31-382   171-460 (581)
     477 UniRef100_A0A7M7G004 G_PROTEIN 100.0 5.3E-42 5.3E-48  289.8   0.0  343   28-388    34-379 (397)
     478 UniRef100_A0A060XSS1 5-hydroxy 100.0 5.3E-42 5.4E-48  311.2   0.0  337   29-381   207-555 (704)
     479 tr|A0A1W4X1F3|A0A1W4X1F3_AGRPL 100.0 5.3E-42 5.4E-48  288.9   0.0  296   30-375   131-429 (485)
     480 tr|K1RR88|K1RR88_CRAGI 5-hydro 100.0 5.4E-42 5.5E-48  279.9   0.0  297   28-381    52-355 (407)
     481 UniRef100_A0A0L8H8I0 G_PROTEIN 100.0 5.5E-42 5.5E-48  301.3   0.0  292   27-374    67-360 (466)
     482 tr|W4XZB8|W4XZB8_STRPU Unchara 100.0 5.6E-42 5.6E-48  285.6   0.0  290   32-376    19-309 (400)
     483 UniRef100_A0A2B4R4X2 Neuropept 100.0 5.7E-42 5.7E-48  295.3   0.0  290   30-375    30-320 (413)
     484 tr|A0A1W2W6Z4|A0A1W2W6Z4_CIOIN 100.0 6.1E-42 6.2E-48  296.8   0.0  305   29-379    95-400 (629)
     485 tr|A0A1I8PF57|A0A1I8PF57_STOCA 100.0 6.2E-42 6.3E-48  301.9   0.0  330   31-379   382-748 (784)
     486 tr|Q8MX83|Q8MX83_APLCA G-prote 100.0 6.5E-42 6.6E-48  291.8   0.0  329   31-381   126-566 (567)
     487 UniRef100_A0A016VJP9 G_PROTEIN 100.0 6.5E-42 6.6E-48  297.0   0.0  334   31-378   135-526 (650)
     488 UniRef100_A0A059NTG2 C-like op 100.0 6.9E-42 6.9E-48  291.7   0.0  293   33-377    60-354 (427)
     489 UniRef100_A0A151NBW6 Beta-3 ad 100.0 6.8E-42 6.9E-48  287.5   0.0  312   26-375    24-338 (490)
     490 tr|A0A0P6B7K0|A0A0P6B7K0_9CRUS 100.0 6.9E-42   7E-48  297.4   0.0  335   32-376   112-486 (579)
     491 UniRef100_A0A060VZ71 G_PROTEIN 100.0 6.9E-42   7E-48  300.4   0.0  302   32-375   228-533 (650)
     492 tr|A7RVQ0|A7RVQ0_NEMVE Predict 100.0 7.1E-42 7.1E-48  289.5   0.0  302   24-376    20-330 (398)
     493 tr|M7BJE0|M7BJE0_CHEMY 5-hydro 100.0 7.2E-42 7.3E-48  299.3   0.0  316   36-378   275-593 (685)
     494 tr|A0A0A7RC79|A0A0A7RC79_RHOPR 100.0 7.3E-42 7.4E-48  281.2   0.0  291   32-376    75-372 (404)
     495 tr|C3Z3H5|C3Z3H5_BRAFL Unchara 100.0 7.9E-42 8.1E-48  278.9   0.0  314   28-394    76-392 (405)
     496 tr|A7RQG0|A7RQG0_NEMVE Predict 100.0 8.1E-42 8.1E-48  285.5   0.0  295   31-376    16-313 (351)
     497 UniRef100_A0A2B4SUJ0 Melatonin 100.0 8.2E-42 8.3E-48  287.2   0.0  290   32-379    27-316 (399)
     498 UniRef100_A0A1S3F7I6 neuropept 100.0 8.2E-42 8.3E-48  298.9   0.0  303   32-376   250-556 (712)
     499 UniRef100_A0A060VV87 Kappa-typ 100.0 8.2E-42 8.3E-48  291.3   0.0  281   34-375   192-475 (586)
     500 UniRef100_A0A067RKH6 Putative  100.0 8.6E-42 8.6E-48  297.6   0.0  312   32-375    96-410 (501)
     
  > Uniprot already searched, skipping.
/projects/ilfgrid/apps/alphafold-2.2.0/prep_MSAs.sh: line 93: /bin/hmmbuild: No such file or directory
/projects/ilfgrid/apps/alphafold-2.2.0/prep_MSAs.sh: line 94: /bin/hmmsearch: No such file or directory
> Running chain B
  > Uniref90 already searched, skipping.
  > Mgnify already searched, skipping.
  > Running hhblits on bfd_uniref30
- 01:47:18.302 INFO: Searching 65983866 column state sequences.

- 01:47:19.299 INFO: Searching 29291635 column state sequences.

- 01:47:19.340 INFO: ntr2_human-3625/msas/B/chain_B.fasta is in A2M, A3M or FASTA format

- 01:47:19.340 INFO: Iteration 1

- 01:47:19.345 INFO: Prefiltering database

- 01:48:02.719 INFO: HMMs passed 1st prefilter (gapless profile-profile alignment)  : 1000

- 01:48:18.048 INFO: HMMs passed 1st prefilter (gapless profile-profile alignment)  : 2159

- 01:48:18.051 INFO: No HMMs pass prefilter => Stop searching!

     Query         neuromedin N gtp:3625
     Match_columns 5
     No_of_seqs    1 out of 1
     Neff          1
     Searched_HMMs 0
     Date          Thu Mar  9 01:48:18 2023
     Command       hhblits -i ntr2_human-3625/msas/B/chain_B.fasta -cpu 4 -maxmem 20 -oa3m /projects/ilfgrid/people/nqz918/code/deorph/scripts/af_arman/af_jobs_af23/ntr2_human/3625//ntr2_human-3625/msas/B/bfd_uniref_hits.a3m -o /dev/null -n 3 -e 0.001 -maxseq 1000000 -realign_max 100000 -maxfilt 100000 -min_prefilter_hits 1000 -d /projects/ilfgrid/data/alphafold-genetic-databases///bfd/bfd_metaclust_clu_complete_id30_c90_final_seq.sorted_opt -d /projects/ilfgrid/data/alphafold-genetic-databases///uniref30/UniRef30_2021_03 
     
      No Hit                             Prob E-value P-value  Score    SS Cols Query HMM  Template HMM
     
  > Uniprot already searched, skipping.
/projects/ilfgrid/apps/alphafold-2.2.0/prep_MSAs.sh: line 93: /bin/hmmbuild: No such file or directory
/projects/ilfgrid/apps/alphafold-2.2.0/prep_MSAs.sh: line 94: /bin/hmmsearch: No such file or directory

>> Job finished at: Thu Mar  9 01:48:22 CET 2023

>> Runtime: 722 s
