>> Job started at: Thu Mar  9 08:30:17 CET 2023
   On Machine:     ilfgridgpun01fl.unicph.domain
   In directory:   /projects/ilfgrid/people/nqz918/code/deorph/scripts/af_arman/af_jobs_af23/oxyr_human/2176

>> GPU is 

Loaded miniconda shell environment for bash
> Running 'prep_MSAs.sh'
  > Alphafold-DB directory is set to /projects/ilfgrid/data/alphafold-genetic-databases//
  > Number of cores was set to set to 4
  > Max memory set to 20 GB
  > Output directory was set to /projects/ilfgrid/people/nqz918/code/deorph/scripts/af_arman/af_jobs_af23/oxyr_human/2176/
  > Input fastafile was set to /projects/ilfgrid/people/nqz918/code/deorph/scripts/af_arman/af_jobs_af23/oxyr_human/2176/oxyr_human-2176.fasta
> Splitting fastafile
> Running chain A
  > Uniref90 already searched, skipping.
  > Mgnify already searched, skipping.
  > Running hhblits on bfd_uniref30
- 08:30:36.173 INFO: Searching 65983866 column state sequences.

- 08:30:37.310 INFO: Searching 29291635 column state sequences.

- 08:30:37.345 INFO: oxyr_human-2176/msas/A/chain_A.fasta is in A2M, A3M or FASTA format

- 08:30:37.346 INFO: Iteration 1

- 08:30:37.462 INFO: Prefiltering database

- 08:32:01.124 INFO: HMMs passed 1st prefilter (gapless profile-profile alignment)  : 4187554

- 08:33:04.129 INFO: HMMs passed 1st prefilter (gapless profile-profile alignment)  : 1368295

- 08:33:14.012 INFO: HMMs passed 2nd prefilter (gapped profile-profile alignment)   : 31273

- 08:33:14.012 INFO: HMMs passed 2nd prefilter and not found in previous iterations : 31273

- 08:33:14.012 INFO: Scoring 31273 HMMs using HMM-HMM Viterbi alignment

- 08:33:14.067 INFO: Alternative alignment: 0

- 08:33:14.911 INFO: 2000 alignments done

- 08:33:15.688 INFO: 4000 alignments done

- 08:33:16.521 INFO: 6000 alignments done

- 08:33:21.271 INFO: 8000 alignments done

- 08:33:22.140 INFO: 10000 alignments done

- 08:33:23.067 INFO: 12000 alignments done

- 08:33:23.756 INFO: 14000 alignments done

- 08:33:24.272 INFO: 16000 alignments done

- 08:33:24.787 INFO: 18000 alignments done

- 08:33:25.325 INFO: 20000 alignments done

- 08:33:25.882 INFO: 22000 alignments done

- 08:33:26.429 INFO: 24000 alignments done

- 08:33:26.932 INFO: 26000 alignments done

- 08:33:28.040 INFO: 28000 alignments done

- 08:33:30.662 INFO: 30000 alignments done

- 08:33:32.806 INFO: 31273 alignments done

- 08:33:32.810 INFO: Alternative alignment: 1

- 08:33:41.554 INFO: 30306 alignments done

- 08:33:41.624 INFO: Alternative alignment: 2

- 08:33:44.141 INFO: 7087 alignments done

- 08:33:44.197 INFO: Alternative alignment: 3

- 08:33:44.732 INFO: 1143 alignments done

- 08:33:45.468 INFO: Premerge done

- 08:33:45.471 INFO: Realigning 9954 HMM-HMM alignments using Maximum Accuracy algorithm

- 08:34:30.252 INFO: 9957 sequences belonging to 9957 database HMMs found with an E-value < 0.001

- 08:34:30.254 INFO: Number of effective sequences of resulting query HMM: Neff = 10.4849

- 08:34:30.509 INFO: Iteration 2

- 08:34:30.509 INFO: Set premerge to 0! (premerge: 3 iteration: 2 hits.Size: 9954)

- 08:34:30.631 INFO: Prefiltering database

- 08:35:50.319 INFO: HMMs passed 1st prefilter (gapless profile-profile alignment)  : 8874954

- 08:36:53.632 INFO: HMMs passed 1st prefilter (gapless profile-profile alignment)  : 3282988

- 08:37:06.277 INFO: HMMs passed 2nd prefilter (gapped profile-profile alignment)   : 123397

- 08:37:06.277 INFO: HMMs passed 2nd prefilter and not found in previous iterations : 113610

- 08:37:06.277 INFO: Scoring 113610 HMMs using HMM-HMM Viterbi alignment

- 08:37:06.325 INFO: Alternative alignment: 0

- 08:37:07.213 INFO: 2000 alignments done

- 08:37:08.218 INFO: 4000 alignments done

- 08:37:08.913 INFO: 6000 alignments done

- 08:37:09.499 INFO: 8000 alignments done

- 08:37:10.276 INFO: 10000 alignments done

- 08:37:10.993 INFO: 12000 alignments done

- 08:37:12.447 INFO: 14000 alignments done

- 08:37:14.343 INFO: 16000 alignments done

- 08:37:17.930 INFO: 18000 alignments done

- 08:37:24.273 INFO: 20000 alignments done

- 08:37:24.276 INFO: Stop after DB-HHM: 20000 because early stop  15.592 < filter cutoff 20

- 08:37:24.276 INFO: Alternative alignment: 1

- 08:37:27.658 INFO: 9192 alignments done

- 08:37:27.667 INFO: Alternative alignment: 2

- 08:37:28.157 INFO: 868 alignments done

- 08:37:28.158 INFO: Alternative alignment: 3

- 08:37:28.256 INFO: 133 alignments done

- 08:37:28.457 INFO: Realigning 5065 HMM-HMM alignments using Maximum Accuracy algorithm

- 08:37:58.936 INFO: 15020 sequences belonging to 15020 database HMMs found with an E-value < 0.001

- 08:37:58.937 INFO: Number of effective sequences of resulting query HMM: Neff = 10.9578

- 08:37:59.052 INFO: Iteration 3

- 08:37:59.179 INFO: Prefiltering database

- 08:39:20.707 INFO: HMMs passed 1st prefilter (gapless profile-profile alignment)  : 8229639

- 08:40:21.369 INFO: HMMs passed 1st prefilter (gapless profile-profile alignment)  : 3089241

- 08:40:34.334 INFO: HMMs passed 2nd prefilter (gapped profile-profile alignment)   : 120395

- 08:40:34.334 INFO: HMMs passed 2nd prefilter and not found in previous iterations : 105636

- 08:40:34.334 INFO: Scoring 105636 HMMs using HMM-HMM Viterbi alignment

- 08:40:34.376 INFO: Alternative alignment: 0

- 08:40:35.043 INFO: 2000 alignments done

- 08:40:35.706 INFO: 4000 alignments done

- 08:40:36.212 INFO: 6000 alignments done

- 08:40:36.749 INFO: 8000 alignments done

- 08:40:37.546 INFO: 10000 alignments done

- 08:40:38.510 INFO: 12000 alignments done

- 08:40:38.513 INFO: Stop after DB-HHM: 12000 because early stop  19.9169 < filter cutoff 20

- 08:40:38.513 INFO: Alternative alignment: 1

- 08:40:40.165 INFO: 4485 alignments done

- 08:40:40.179 INFO: Alternative alignment: 2

- 08:40:40.451 INFO: 539 alignments done

- 08:40:40.452 INFO: Alternative alignment: 3

- 08:40:40.520 INFO: 93 alignments done

- 08:40:40.630 INFO: Rescoring previously found HMMs with Viterbi algorithm

- 08:40:40.673 INFO: Alternative alignment: 0

- 08:40:41.294 INFO: 2000 alignments done

- 08:40:41.905 INFO: 4000 alignments done

- 08:40:42.522 INFO: 6000 alignments done

- 08:40:43.122 INFO: 8000 alignments done

- 08:40:43.730 INFO: 10000 alignments done

- 08:40:44.328 INFO: 12000 alignments done

- 08:40:44.925 INFO: 14000 alignments done

- 08:40:45.152 INFO: 14761 alignments done

- 08:40:45.154 INFO: Alternative alignment: 1

- 08:40:49.863 INFO: 14760 alignments done

- 08:40:49.886 INFO: Alternative alignment: 2

- 08:40:50.359 INFO: 1024 alignments done

- 08:40:50.360 INFO: Alternative alignment: 3

- 08:40:50.453 INFO: 142 alignments done

- 08:40:50.670 INFO: Premerge done

- 08:40:50.671 INFO: Realigning 15353 HMM-HMM alignments using Maximum Accuracy algorithm

- 08:41:24.732 INFO: 15486 sequences belonging to 15486 database HMMs found with an E-value < 0.001

- 08:41:24.732 INFO: Number of effective sequences of resulting query HMM: Neff = 10.9873

     Query         oxyr_human P30559
     Match_columns 389
     No_of_seqs    1562 out of 218358
     Neff          10.9873
     Searched_HMMs 139083
     Date          Thu Mar  9 08:41:24 2023
     Command       hhblits -i oxyr_human-2176/msas/A/chain_A.fasta -cpu 4 -maxmem 20 -oa3m /projects/ilfgrid/people/nqz918/code/deorph/scripts/af_arman/af_jobs_af23/oxyr_human/2176//oxyr_human-2176/msas/A/bfd_uniref_hits.a3m -o /dev/null -n 3 -e 0.001 -maxseq 1000000 -realign_max 100000 -maxfilt 100000 -min_prefilter_hits 1000 -d /projects/ilfgrid/data/alphafold-genetic-databases///bfd/bfd_metaclust_clu_complete_id30_c90_final_seq.sorted_opt -d /projects/ilfgrid/data/alphafold-genetic-databases///uniref30/UniRef30_2021_03 
     
      No Hit                             Prob E-value P-value  Score    SS Cols Query HMM  Template HMM
       1 UniRef100_A0A060W145 G_PROTEIN 100.0 6.6E-64 6.8E-70  427.0   0.0  381    4-388    76-459 (567)
       2 tr|L5M9C0|L5M9C0_MYODS Oxytoci 100.0 2.2E-54 2.3E-60  367.6   0.0  344   22-388   137-481 (482)
       3 tr|A0A1L8GHK0|A0A1L8GHK0_XENLA 100.0 2.5E-54 2.5E-60  348.2   0.0  370   12-388    17-396 (402)
       4 UniRef100_A0A060XH94 G_PROTEIN 100.0 6.1E-54 6.3E-60  370.9   0.0  319   25-349   104-431 (542)
       5 UniRef100_UPI0003314895 oxytoc 100.0 4.2E-52 4.3E-58  349.3   0.0  382    5-389   220-602 (602)
       6 UniRef100_A0A088DIX9 Vasotocin 100.0 5.5E-52 5.7E-58  357.3   0.0  320   29-350   140-468 (546)
       7 tr|W4YZL0|W4YZL0_STRPU Unchara 100.0   6E-52 6.1E-58  352.3   0.0  342    2-351    22-394 (461)
       8 tr|A0A2D0T324|A0A2D0T324_ICTPU 100.0   5E-51 5.1E-57  343.9   0.0  312   29-350    49-369 (453)
       9 UniRef100_A0A2B4S7K2 Histamine 100.0 5.1E-50 5.3E-56  345.0   0.0  298   33-349    26-327 (369)
      10 UniRef100_A0A024FLF0 PQRFa pep 100.0 6.3E-50 6.5E-56  351.1   0.0  285   40-346    50-344 (413)
      11 UniRef100_A0A6P4Z4S7 G-protein 100.0 9.5E-50 9.8E-56  352.1   0.0  290   38-351    58-354 (417)
      12 tr|V8NBS5|V8NBS5_OPHHA Vasopre 100.0 1.1E-49 1.1E-55  330.4   0.0  325   25-350    96-430 (469)
      13 UniRef100_L5M9C0 Oxytocin rece 100.0 1.2E-49 1.3E-55  323.2   0.0  366    1-388   116-481 (482)
      14 UniRef100_A0A556VY10 RING-type 100.0 1.6E-49 1.6E-55  340.3   0.0  372   12-388   439-815 (816)
      15 tr|A0A1S3MHC2|A0A1S3MHC2_SALSA 100.0 5.7E-49 5.9E-55  343.6   0.0  326   31-356   101-595 (618)
      16 tr|A0A2G9RDH8|A0A2G9RDH8_LITCT 100.0 9.7E-49   1E-54  327.6   0.0  319   25-350    45-469 (520)
      17 UniRef100_A0A1S3HKE5 allatosta 100.0 1.1E-48 1.2E-54  342.6   0.0  287   39-350    82-377 (462)
      18 UniRef100_A0A369RW72 Octopamin 100.0 1.6E-48 1.6E-54  343.9   0.0  296   39-344    54-354 (412)
      19 UniRef100_A0A0L8G5L6 G_PROTEIN 100.0 1.6E-48 1.6E-54  341.9   0.0  311   32-349    60-381 (505)
      20 UniRef100_A0A0K0PUR1 Orphan G- 100.0 2.3E-48 2.4E-54  343.6   0.0  286   37-344   112-407 (530)
      21 UniRef100_A0A141CIT8 G protein 100.0 2.4E-48 2.5E-54  336.7   0.0  296   27-346    74-374 (488)
      22 tr|A0A146VCE1|A0A146VCE1_FUNHE 100.0 3.8E-48 3.9E-54  338.1   0.0  317   29-350    39-384 (592)
      23 UniRef100_A0A1D1W534 G_PROTEIN 100.0 4.9E-48   5E-54  343.9   0.0  311   39-350    78-435 (492)
      24 UniRef100_A0A060VUW6 G_PROTEIN 100.0 5.7E-48 5.9E-54  351.0   0.0  302   38-346   116-437 (574)
      25 UniRef100_A0A0K0PVK9 Vasotocin 100.0 6.8E-48   7E-54  338.1   0.0  308   33-341    55-380 (485)
      26 UniRef100_A0A060VSP8 5-hydroxy 100.0 6.9E-48 7.1E-54  335.9   0.0  302   41-349    89-415 (479)
      27 UniRef100_A0A060WIU8 G_PROTEIN 100.0 7.3E-48 7.5E-54  318.9   0.0  319   23-350    50-377 (458)
      28 UniRef100_A0A6P4XD29 neuropept 100.0 7.5E-48 7.8E-54  325.7   0.0  285   38-343    40-337 (385)
      29 UniRef100_A0A164MD49 Putative  100.0 8.4E-48 8.7E-54  331.5   0.0  309   39-348    49-395 (498)
      30 UniRef100_A0A1N7TCF1 Galanin r 100.0 9.4E-48 9.7E-54  327.6   0.0  285   39-351    71-363 (407)
      31 UniRef100_A0A088DHW5 Vasotocin 100.0 9.7E-48   1E-53  329.4   0.0  316   33-349    49-388 (463)
      32 UniRef100_A0A026WW28 Neuropept 100.0 1.3E-47 1.4E-53  339.6   0.0  293   35-349    84-381 (552)
      33 tr|A0A1I8M930|A0A1I8M930_MUSDO 100.0 1.7E-47 1.7E-53  351.0   0.0  303   39-347   188-577 (963)
      34 tr|A0A1V4J9P2|A0A1V4J9P2_PATFA 100.0 2.5E-47 2.5E-53  331.1   0.0  296   33-337   355-652 (688)
      35 UniRef100_A0A026W5R0 Orexin re 100.0 4.7E-47 4.8E-53  335.5   0.0  297   41-349   119-427 (529)
      36 UniRef100_A0A177B9B5 Rhodopsin 100.0 4.9E-47 5.1E-53  323.3   0.0  300   40-346    91-400 (464)
      37 UniRef100_A0A2G8KL37 Cholecyst 100.0   5E-47 5.2E-53  324.8   0.0  308   41-349   100-431 (493)
      38 UniRef100_A0A154PKR3 Tachykini 100.0 5.9E-47 6.1E-53  328.3   0.0  286   39-348    76-374 (457)
      39 UniRef100_A0A023F675 Putative  100.0 7.1E-47 7.3E-53  337.8   0.0  282   39-346   126-417 (530)
      40 UniRef100_A0A1D2M4J2 Neuropept 100.0 7.2E-47 7.5E-53  327.6   0.0  286   39-347   126-422 (497)
      41 UniRef100_A0A026WK40 Cholecyst 100.0 7.9E-47 8.1E-53  342.0   0.0  309   40-349   155-544 (656)
      42 UniRef100_A0A026WTK8 Tachykini 100.0 8.9E-47 9.2E-53  331.2   0.0  284   41-348    91-388 (556)
      43 UniRef100_A0A498LR15 TESPA1-li 100.0 9.2E-47 9.4E-53  332.0   0.0  331   11-345    15-345 (947)
      44 UniRef100_A0A060X5Z5 G_PROTEIN 100.0 1.1E-46 1.1E-52  332.8   0.0  291   41-346    85-382 (522)
      45 UniRef100_A0A026X3T6 Allatosta 100.0 1.4E-46 1.4E-52  329.9   0.0  281   38-347   138-424 (540)
      46 UniRef100_A0A0K0PUI9 Orphan G- 100.0 1.4E-46 1.4E-52  335.4   0.0  294   39-351   101-409 (534)
      47 UniRef100_A0A0K0PUT9 Excitator 100.0 1.5E-46 1.5E-52  330.6   0.0  295   38-351   102-404 (474)
      48 UniRef100_A0A0K0PUX7 Orphan G- 100.0 1.6E-46 1.7E-52  329.2   0.0  297   22-347    44-353 (471)
      49 UniRef100_A0A060W5Z4 G_PROTEIN 100.0   2E-46   2E-52  330.5   0.0  279   39-349   190-474 (593)
      50 UniRef100_A0A060X690 G_PROTEIN 100.0 2.1E-46 2.1E-52  314.1   0.0  290   35-354    42-340 (386)
      51 UniRef100_A0A2B4RSM5 Neuropept 100.0 2.1E-46 2.2E-52  319.8   0.0  289   33-348    30-324 (417)
      52 tr|A0A0P7U387|A0A0P7U387_9TELE 100.0 2.2E-46 2.2E-52  321.3   0.0  283   40-351   129-417 (556)
      53 UniRef100_A0A2B4SDF9 Neuropept 100.0 2.4E-46 2.4E-52  322.0   0.0  287   39-348    89-379 (455)
      54 UniRef100_A0A061INJ6 Pyrogluta 100.0 2.5E-46 2.6E-52  337.0   0.0  291   40-347   153-457 (594)
      55 UniRef100_A0A210QEM7 Neuropept 100.0 2.6E-46 2.6E-52  317.5   0.0  287   40-351    51-349 (416)
      56 UniRef100_A0A0K0PUV0 FVRIamide 100.0   3E-46 3.1E-52  324.2   0.0  303   40-347    53-377 (458)
      57 UniRef100_A0A6P4Y4T1 galanin r 100.0   3E-46 3.1E-52  318.3   0.0  286   38-348    57-351 (410)
      58 tr|M3ZFE6|M3ZFE6_XIPMA Somatos 100.0 3.5E-46 3.6E-52  318.0   0.0  282   38-350   103-390 (525)
      59 tr|A0A1W4ZX05|A0A1W4ZX05_9TELE 100.0 3.9E-46   4E-52  321.8   0.0  294   39-346    69-383 (480)
      60 UniRef100_A0A023F668 Putative  100.0 6.9E-46 7.1E-52  316.2   0.0  291   36-348    82-377 (484)
      61 tr|T1JNT7|T1JNT7_STRMM Unchara 100.0 8.1E-46 8.4E-52  320.6   0.0  319   32-351    22-368 (471)
      62 UniRef100_A0A060X1Q6 Somatosta 100.0 8.2E-46 8.5E-52  330.0   0.0  279   38-349   138-424 (604)
      63 UniRef100_A0A1L8GQY3 Alpha-1B  100.0 8.3E-46 8.6E-52  318.6   0.0  326   12-348    20-368 (510)
      64 UniRef100_A0A1S3HEB7 cephaloto 100.0 8.7E-46   9E-52  318.3   0.0  314   23-336    53-396 (480)
      65 UniRef100_A0A2B4SKI0 Tachykini 100.0 8.9E-46 9.2E-52  332.2   0.0  287   38-348    90-390 (469)
      66 UniRef100_A0A077Z2H9 Putative  100.0 9.8E-46   1E-51  323.4   0.0  308   42-350    74-398 (477)
      67 tr|A0A1L8G1N6|A0A1L8G1N6_XENLA 100.0 1.3E-45 1.3E-51  313.1   0.0  280   38-349   115-398 (448)
      68 UniRef100_A0A060WC63 G_PROTEIN 100.0 1.8E-45 1.8E-51  313.6   0.0  308   32-349   102-411 (459)
      69 UniRef100_A0A0K0PUL8 Allatosta 100.0 1.8E-45 1.9E-51  314.9   0.0  284   40-350    51-345 (396)
      70 UniRef100_A0A1S3KA35 Alpha-1B  100.0 1.8E-45 1.9E-51  323.5   0.0  304   38-349    88-419 (551)
      71 UniRef100_A0A061A7W5 G_PROTEIN 100.0 1.9E-45 1.9E-51  321.4   0.0  289   40-349    62-358 (473)
      72 UniRef100_A0A060WAU0 G_PROTEIN 100.0 2.1E-45 2.2E-51  319.3   0.0  306   33-348   144-452 (529)
      73 UniRef100_A0A068YB14 Neuropept 100.0 2.2E-45 2.3E-51  323.0   0.0  314   14-346    26-350 (448)
      74 UniRef100_A0A6J8CLU9 HCRTR2 n= 100.0 2.4E-45 2.4E-51  310.2   0.0  299   39-351    52-361 (422)
      75 UniRef100_A0A087UNN0 Neuropept 100.0 2.4E-45 2.5E-51  314.6   0.0  281   41-344    95-387 (470)
      76 UniRef100_A0A087RJN6 Somatosta 100.0 2.9E-45   3E-51  320.9   0.0  276   39-344    60-339 (391)
      77 UniRef100_A0A139WB32 Tachykini 100.0   3E-45 3.1E-51  312.2   0.0  286   40-349    44-343 (405)
      78 UniRef100_A0A0K0PUH3 Allatotro 100.0 3.2E-45 3.3E-51  309.5   0.0  300   39-350    68-375 (424)
      79 tr|A0A0F8ARD3|A0A0F8ARD3_LARCR 100.0 3.3E-45 3.4E-51  308.8   0.0  272   40-343    54-333 (464)
      80 tr|A0A0P4XBU7|A0A0P4XBU7_9CRUS 100.0 3.7E-45 3.8E-51  323.5   0.0  285   36-342    57-409 (557)
      81 tr|A0A1I8PIJ9|A0A1I8PIJ9_STOCA 100.0 4.1E-45 4.3E-51  323.2   0.0  286   41-349   171-468 (680)
      82 UniRef100_A0A1S3H6K0 neuropept 100.0 4.2E-45 4.3E-51  323.5   0.0  286   35-343    52-351 (470)
      83 UniRef100_A0A1V9XU68 Tyramine/ 100.0 5.3E-45 5.4E-51  312.3   0.0  299   38-351    51-355 (408)
      84 tr|A0A2C9JWF9|A0A2C9JWF9_BIOGL 100.0 6.9E-45 7.1E-51  314.6   0.0  295   38-351    64-368 (403)
      85 UniRef100_A0A1S3J712 QRFP-like 100.0 7.3E-45 7.5E-51  319.6   0.0  283   42-346    70-369 (507)
      86 UniRef100_A0A1D1V5S1 G_PROTEIN 100.0 8.3E-45 8.5E-51  310.3   0.0  297   38-351    55-361 (484)
      87 UniRef100_A0A060X360 G_PROTEIN 100.0 8.5E-45 8.8E-51  311.0   0.0  280   40-348   100-388 (477)
      88 UniRef100_A0A3M6U5X4 G_PROTEIN 100.0 9.6E-45 9.9E-51  299.9   0.0  281   37-348    36-320 (339)
      89 UniRef100_A0A2H8TNJ5 Neuropept 100.0 9.7E-45   1E-50  313.8   0.0  280   41-342   157-447 (528)
      90 UniRef100_A0A0K0PUH1 Orphan G- 100.0 1.1E-44 1.1E-50  302.3   0.0  281   38-341    51-341 (413)
      91 UniRef100_A0A2B4S0J6 Somatosta 100.0 1.1E-44 1.2E-50  324.2   0.0  287   35-345    79-376 (457)
      92 UniRef100_A0A2B4SKX3 Cholecyst 100.0 1.3E-44 1.3E-50  308.5   0.0  308   35-348    67-412 (428)
      93 UniRef100_A0A096NAQ2 Cholecyst 100.0 1.3E-44 1.3E-50  317.1   0.0  308   39-347   150-500 (617)
      94 UniRef100_A0A087X575 NPY-Y2 re 100.0 1.4E-44 1.5E-50  308.0   0.0  290   38-348    72-371 (426)
      95 tr|A0A182G4E1|A0A182G4E1_AEDAL 100.0 1.7E-44 1.7E-50  314.7   0.0  293   37-351    65-373 (534)
      96 UniRef100_A0A3M6T6P4 G_PROTEIN 100.0 1.9E-44 1.9E-50  313.0   0.0  283   43-349    59-355 (465)
      97 tr|A0A0N8JZL4|A0A0N8JZL4_9TELE 100.0 2.1E-44 2.2E-50  308.6   0.0  282   40-341   105-405 (482)
      98 UniRef100_A0A1S3IX78 RYamide r 100.0 2.5E-44 2.6E-50  306.0   0.0  304   15-341    29-341 (444)
      99 UniRef100_A0A060WEJ5 G_PROTEIN 100.0 2.5E-44 2.6E-50  318.0   0.0  302   41-349   115-456 (544)
     100 UniRef100_A0A0L7KZ56 Neuropept 100.0 2.6E-44 2.7E-50  311.2   0.0  283   41-346    88-383 (509)
     101 UniRef100_A0A060XC03 Beta-2 ad 100.0 2.9E-44   3E-50  310.0   0.0  310   36-351    99-415 (548)
     102 tr|C3XSP5|C3XSP5_BRAFL Unchara 100.0 2.9E-44   3E-50  297.5   0.0  288   39-348    27-326 (403)
     103 UniRef100_A0A087XZI9 Arginine  100.0 3.1E-44 3.2E-50  303.4   0.0  332   23-356   103-497 (522)
     104 UniRef100_A0A1I8HKX2 G_PROTEIN 100.0 3.1E-44 3.2E-50  309.2   0.0  303   39-350    40-412 (442)
     105 UniRef100_A0A091EBV8 Type-1 an 100.0 3.2E-44 3.3E-50  324.8   0.0  269   39-345   347-627 (715)
     106 UniRef100_A0A0K0PUH0 Orphan G- 100.0 3.4E-44 3.5E-50  322.9   0.0  301   42-343   139-468 (583)
     107 UniRef100_A0A2B4S4U3 Beta-2 ad 100.0 3.4E-44 3.6E-50  299.3   0.0  290   39-350    28-323 (372)
     108 tr|C3XVS5|C3XVS5_BRAFL Unchara 100.0 3.5E-44 3.6E-50  301.6   0.0  286   38-342    66-357 (425)
     109 tr|Q25396|Q25396_LYMST Conopre 100.0 3.6E-44 3.7E-50  310.2   0.0  304   33-336    64-399 (462)
     110 UniRef100_A0A0P0YUU8 Cannabino 100.0 3.7E-44 3.8E-50  309.4   0.0  308   43-351    86-420 (496)
     111 UniRef100_A0A026VWL4 Cardioacc 100.0 3.9E-44   4E-50  316.5   0.0  295   41-341   118-415 (565)
     112 tr|A0A2B4SUH3|A0A2B4SUH3_STYPI 100.0 3.9E-44   4E-50  305.5   0.0  291   39-348    25-331 (385)
     113 UniRef100_A0A087YQK7 Adrenocep 100.0 3.9E-44 4.1E-50  313.1   0.0  304   44-352   134-454 (617)
     114 UniRef100_A0A087XDT1 Somatosta 100.0 4.3E-44 4.4E-50  312.9   0.0  279   39-348   168-452 (676)
     115 UniRef100_A0A0L8I310 G_PROTEIN 100.0 5.4E-44 5.6E-50  313.2   0.0  303   41-344    47-364 (468)
     116 UniRef100_A0A7M7SYV2 G_PROTEIN 100.0 5.7E-44 5.9E-50  314.1   0.0  295   45-347    73-397 (630)
     117 tr|A0A1U7TSJ4|A0A1U7TSJ4_TARSY 100.0 6.2E-44 6.3E-50  307.2   0.0  295   25-340   197-510 (600)
     118 UniRef100_A0A0P5DAK4 Orexin re 100.0 6.2E-44 6.3E-50  307.9   0.0  305   42-348   109-430 (505)
     119 UniRef100_A0A401NJB3 G_PROTEIN 100.0 6.2E-44 6.4E-50  307.3   0.0  308   38-350    40-360 (517)
     120 UniRef100_A0A3M6UAU0 G_PROTEIN 100.0 6.3E-44 6.5E-50  311.5   0.0  288   39-347    35-327 (552)
     121 UniRef100_A0A2B4RHY9 Pyrogluta 100.0 6.8E-44   7E-50  319.3   0.0  284   37-348    79-370 (455)
     122 UniRef100_A0A061IN14 NK-3 rece 100.0 7.1E-44 7.4E-50  316.6   0.0  284   41-348   235-523 (662)
     123 UniRef100_A0A0N0PF28 Orexin re 100.0 7.2E-44 7.5E-50  311.8   0.0  304   40-344   137-455 (588)
     124 tr|E0D358|E0D358_HEMPU Dopamin 100.0 7.3E-44 7.6E-50  302.9   0.0  286   41-346    26-326 (435)
     125 tr|A0A0P7TYE1|A0A0P7TYE1_9TELE 100.0 7.5E-44 7.7E-50  304.9   0.0  315   37-352   121-477 (507)
     126 UniRef100_A0A060WMC3 Alpha-1D  100.0 7.9E-44 8.1E-50  307.4   0.0  298   41-346   112-430 (564)
     127 UniRef100_A0A068WW83 Allatosta 100.0 8.1E-44 8.3E-50  313.6   0.0  275   38-342    65-347 (432)
     128 UniRef100_A0A044T5H8 G_PROTEIN 100.0 8.5E-44 8.7E-50  316.7   0.0  301   41-350   247-569 (693)
     129 UniRef100_A0A087XT11 Alpha-1B  100.0 9.2E-44 9.5E-50  307.3   0.0  300   40-346    80-402 (622)
     130 UniRef100_A0A026WK16 Tachykini 100.0 1.1E-43 1.1E-49  312.7   0.0  282   41-346   184-478 (641)
     131 UniRef100_A0A1D1VDY3 G_PROTEIN 100.0 1.1E-43 1.1E-49  310.7   0.0  285   41-347   135-445 (557)
     132 UniRef100_A0A060VVF8 G_PROTEIN 100.0 1.1E-43 1.2E-49  315.7   0.0  270   40-342   140-427 (511)
     133 UniRef100_A0A0B4LHT6 RYamide r 100.0 1.1E-43 1.2E-49  311.0   0.0  280   42-344   117-407 (524)
     134 UniRef100_A0A091DWF1 Somatosta 100.0 1.2E-43 1.3E-49  303.4   0.0  281   36-349   152-440 (523)
     135 UniRef100_A0A2G8JR46 Putative  100.0 1.3E-43 1.3E-49  310.8   0.0  286   41-349    64-356 (411)
     136 tr|A0A2B4SID7|A0A2B4SID7_STYPI 100.0 1.4E-43 1.4E-49  310.2   0.0  286   37-349    29-328 (422)
     137 UniRef100_A0A060XP11 G_PROTEIN 100.0 1.4E-43 1.4E-49  309.4   0.0  286   40-349    91-392 (497)
     138 UniRef100_A0A077YWL6 Somatosta 100.0 1.4E-43 1.4E-49  313.0   0.0  282   40-349    66-360 (446)
     139 UniRef100_A0A087QH91 Melanopsi 100.0 1.4E-43 1.4E-49  314.0   0.0  293   38-348   102-399 (629)
     140 tr|A0A210R0K7|A0A210R0K7_MIZYE 100.0 1.5E-43 1.5E-49  299.5   0.0  311   38-349    72-426 (470)
     141 UniRef100_A0A3Q7TQI5 Vasopress 100.0 1.5E-43 1.6E-49  298.5   0.0  317   33-349   182-507 (557)
     142 tr|A0A0L8FIS6|A0A0L8FIS6_OCTBM 100.0 1.5E-43 1.6E-49  303.1   0.0  308   42-351    93-422 (485)
     143 tr|A0A2B4RXD1|A0A2B4RXD1_STYPI 100.0 1.7E-43 1.8E-49  298.2   0.0  288   35-350    89-382 (416)
     144 UniRef100_A0A091G7A7 Vasopress 100.0 1.8E-43 1.8E-49  298.3   0.0  308   25-350    36-350 (398)
     145 tr|A0A2B4SKI0|A0A2B4SKI0_STYPI 100.0 1.9E-43   2E-49  307.3   0.0  281   39-343    97-393 (458)
     146 UniRef100_A0A0C9QBK4 GHSR_0 pr 100.0 1.9E-43   2E-49  321.8   0.0  284   39-347   172-472 (591)
     147 UniRef100_A0A068WVN8 Biogenic  100.0 1.9E-43   2E-49  318.1   0.0  298   40-346   121-505 (641)
     148 UniRef100_A0A0L8I0T4 G_PROTEIN 100.0   2E-43 2.1E-49  308.0   0.0  303   41-349   135-497 (554)
     149 UniRef100_A0A2B4RGU4 5-hydroxy 100.0   2E-43 2.1E-49  316.8   0.0  296   37-348    63-369 (478)
     150 UniRef100_A0A1A8A5V9 Arginine  100.0   2E-43 2.1E-49  292.5   0.0  332   22-355    54-438 (451)
     151 UniRef100_A0A2B4SVC4 Dopamine  100.0 2.3E-43 2.4E-49  300.6   0.0  272   37-347    53-329 (397)
     152 UniRef100_A0A0K0PUK8 FMRFamide 100.0 2.3E-43 2.4E-49  313.0   0.0  282   38-342    57-347 (471)
     153 UniRef100_A0A3M6TKX3 G_PROTEIN 100.0 2.4E-43 2.5E-49  304.7   0.0  284   41-348    77-374 (427)
     154 UniRef100_A0A084WFJ7 AGAP00011 100.0 2.4E-43 2.5E-49  307.6   0.0  279   39-341    87-373 (519)
     155 UniRef100_A0A2B4R9G2 Melatonin 100.0 2.5E-43 2.6E-49  316.2   0.0  289   33-348    74-366 (461)
     156 tr|V8PD93|V8PD93_OPHHA Type-2  100.0 2.6E-43 2.7E-49  306.9   0.0  272   38-342    74-362 (412)
     157 tr|W4Z2N2|W4Z2N2_STRPU Unchara 100.0 2.7E-43 2.7E-49  291.8   0.0  305   22-347    39-351 (406)
     158 tr|S9YJE2|S9YJE2_CAMFR Somatos 100.0 2.7E-43 2.8E-49  294.6   0.0  281   39-349   112-400 (438)
     159 UniRef100_A0A2B4RPR9 Allatosta 100.0 2.8E-43 2.9E-49  309.0   0.0  284   38-345    46-341 (446)
     160 UniRef100_A0A1V4KIE8 Beta-1 ad 100.0 2.9E-43   3E-49  324.0   0.0  303   44-351    34-351 (512)
     161 UniRef100_A0A2B4RHL7 Galanin r 100.0   3E-43 3.1E-49  293.3   0.0  277   37-347    30-309 (406)
     162 UniRef100_A0A060X1U9 G_PROTEIN 100.0 3.5E-43 3.6E-49  309.1   0.0  299   39-344   138-453 (633)
     163 tr|A0A060XRS0|A0A060XRS0_ONCMY 100.0 3.5E-43 3.6E-49  314.6   0.0  300   40-346    56-373 (900)
     164 UniRef100_A0A210QT45 G-protein 100.0 3.6E-43 3.7E-49  299.1   0.0  306   25-349    44-358 (472)
     165 tr|A7SD89|A7SD89_NEMVE Predict 100.0 3.6E-43 3.7E-49  286.1   0.0  288   40-347    38-329 (355)
     166 tr|A0A0P7TW44|A0A0P7TW44_9TELE 100.0 3.8E-43 3.9E-49  291.4   0.0  271   27-305    86-362 (434)
     167 tr|A0A218UB83|A0A218UB83_9PASE 100.0 3.8E-43   4E-49  307.8   0.0  300   39-347   193-510 (631)
     168 UniRef100_A0A084VLD5 AGAP00422 100.0 3.9E-43   4E-49  308.0   0.0  294   44-344   248-591 (695)
     169 UniRef100_A0A026WCQ7 Tyramine  100.0   4E-43 4.2E-49  320.6   0.0  299   40-349   184-587 (665)
     170 UniRef100_A0A084WIC4 Short neu 100.0 4.3E-43 4.5E-49  304.9   0.0  290   38-348    91-386 (551)
     171 tr|A0A0K0PUK7|A0A0K0PUK7_PLADU 100.0 4.5E-43 4.7E-49  304.5   0.0  308   32-339    26-359 (607)
     172 tr|A0A0K0PUV0|A0A0K0PUV0_PLADU 100.0 5.3E-43 5.4E-49  294.9   0.0  308   37-350    13-335 (373)
     173 UniRef100_A0A016T103 G_PROTEIN 100.0 5.5E-43 5.7E-49  313.4   0.0  294   47-349   118-475 (605)
     174 UniRef100_A0A2B4SC76 Substance 100.0 5.5E-43 5.7E-49  308.7   0.0  285   37-344    52-348 (461)
     175 tr|L7LZ94|L7LZ94_9ACAR Putativ 100.0 5.8E-43   6E-49  293.8   0.0  284   41-351   104-395 (438)
     176 tr|A0A151NBW9|A0A151NBW9_ALLMI 100.0 5.9E-43 6.1E-49  299.7   0.0  301   23-341    63-384 (472)
     177 tr|A0A210Q294|A0A210Q294_MIZYE 100.0 6.3E-43 6.5E-49  295.0   0.0  307   33-339    41-361 (449)
     178 tr|A0A1D2MSE1|A0A1D2MSE1_ORCCI 100.0 6.3E-43 6.5E-49  311.9   0.0  288   40-350   111-408 (615)
     179 UniRef100_A0A210QHM7 G-protein 100.0 6.6E-43 6.8E-49  304.1   0.0  289   40-351    80-378 (492)
     180 UniRef100_A0A0L8HHE2 G_PROTEIN 100.0 6.6E-43 6.8E-49  298.2   0.0  284   44-351     5-302 (385)
     181 tr|A0A1A8LLP2|A0A1A8LLP2_9TELE 100.0 7.1E-43 7.3E-49  295.6   0.0  299   39-351    93-399 (455)
     182 UniRef100_A0A060WN43 G_PROTEIN 100.0 7.7E-43 7.9E-49  291.4   0.0  316   33-351    99-417 (493)
     183 UniRef100_A0A060WWU7 G_PROTEIN 100.0 7.7E-43   8E-49  301.2   0.0  300   40-348    69-381 (545)
     184 tr|A0A146TL67|A0A146TL67_FUNHE 100.0 7.8E-43   8E-49  313.8   0.0  280   36-346    23-402 (442)
     185 UniRef100_A0A060VP48 G_PROTEIN 100.0 7.8E-43 8.1E-49  316.5   0.0  289   38-349   153-451 (580)
     186 tr|K7GCC3|K7GCC3_PELSI Adrenoc 100.0 8.1E-43 8.3E-49  295.4   0.0  308   41-352    43-366 (488)
     187 UniRef100_A0A2B4S7A4 Alpha-1A  100.0 8.1E-43 8.4E-49  297.6   0.0  265   39-348    39-309 (392)
     188 tr|A0A091DWF1|A0A091DWF1_FUKDA 100.0 8.5E-43 8.8E-49  291.4   0.0  302   15-349   131-441 (483)
     189 UniRef100_A7RGN9 Predicted pro 100.0 8.9E-43 9.2E-49  286.7   0.0  284   34-346    25-312 (317)
     190 UniRef100_A0A060VWI9 G_PROTEIN 100.0 9.9E-43   1E-48  303.5   0.0  307   39-349    60-394 (579)
     191 tr|A0A0L0BYA7|A0A0L0BYA7_LUCCU 100.0   1E-42   1E-48  302.7   0.0  300   42-347   313-625 (678)
     192 tr|A0A0P7U0M1|A0A0P7U0M1_9TELE 100.0   1E-42 1.1E-48  290.5   0.0  290   40-346   102-409 (440)
     193 UniRef100_A0A061QHX0 Putative  100.0 1.1E-42 1.2E-48  309.0   0.0  301   41-349   134-507 (563)
     194 UniRef100_A0A7M7HFU8 G_PROTEIN 100.0 1.1E-42 1.2E-48  305.4   0.0  292   37-346    62-362 (423)
     195 UniRef100_A0A087UP46 5-hydroxy 100.0 1.1E-42 1.2E-48  297.9   0.0  301   42-349    48-400 (472)
     196 tr|W4YJK4|W4YJK4_STRPU Unchara 100.0 1.2E-42 1.2E-48  300.0   0.0  292   40-351    70-371 (446)
     197 UniRef100_A0A3M6UME8 G_PROTEIN 100.0 1.2E-42 1.2E-48  296.0   0.0  289   35-350    35-326 (383)
     198 UniRef100_A0A0L8GIM4 G_PROTEIN 100.0 1.2E-42 1.2E-48  310.1   0.0  284   39-344    96-391 (481)
     199 tr|G3S2I3|G3S2I3_GORGO Opioid  100.0 1.2E-42 1.2E-48  294.9   0.0  276   39-345   162-445 (492)
     200 tr|A0A2B4SAJ4|A0A2B4SAJ4_STYPI 100.0 1.2E-42 1.2E-48  298.8   0.0  289   36-347    25-332 (434)
     201 UniRef100_A0A068AZY5 Octopamin 100.0 1.3E-42 1.3E-48  326.3   0.0  186   41-232   175-364 (723)
     202 UniRef100_A0A2B4SVS8 Neuropept 100.0 1.4E-42 1.4E-48  306.7   0.0  288   37-348    86-382 (480)
     203 UniRef100_A0A023F3V9 Putative  100.0 1.5E-42 1.5E-48  302.2   0.0  281   39-348   132-423 (574)
     204 tr|A0A146YGA5|A0A146YGA5_FUNHE 100.0 1.5E-42 1.6E-48  309.2   0.0  313   36-351    27-342 (521)
     205 tr|A0A0P7V5N2|A0A0P7V5N2_9TELE 100.0 1.7E-42 1.8E-48  295.9   0.0  300   46-351    97-403 (468)
     206 UniRef100_A0A2G8L6L1 Putative  100.0 1.7E-42 1.8E-48  293.9   0.0  273   41-347    37-323 (407)
     207 UniRef100_A0A060W5H6 G_PROTEIN 100.0 1.7E-42 1.8E-48  307.2   0.0  292   38-342    85-381 (528)
     208 UniRef100_A0A061IAU9 Gastric r 100.0 1.8E-42 1.8E-48  300.6   0.0  286   39-352   114-409 (588)
     209 UniRef100_A0A034WDF0 Allatosta 100.0 1.8E-42 1.9E-48  302.1   0.0  278   41-346    97-383 (459)
     210 tr|A0A146U732|A0A146U732_FUNHE 100.0   2E-42 2.1E-48  319.5   0.0  301   38-341   190-540 (590)
     211 UniRef100_A0A315VLZ3 G_PROTEIN 100.0   2E-42 2.1E-48  285.1   0.0  314   29-349    41-363 (529)
     212 UniRef100_A0A0S1YDA0 Neuropept 100.0 2.1E-42 2.1E-48  302.3   0.0  288   40-350    95-394 (509)
     213 UniRef100_A0A0N0PEL7 Tachykini 100.0 2.1E-42 2.2E-48  295.3   0.0  284   42-348    58-354 (454)
     214 UniRef100_A0A226DFM2 Neuropept 100.0 2.1E-42 2.2E-48  299.5   0.0  281   41-343   107-398 (523)
     215 tr|A0A1D2NMB6|A0A1D2NMB6_ORCCI 100.0 2.1E-42 2.2E-48  298.3   0.0  286   41-349   153-451 (520)
     216 UniRef100_A0A023F8Q5 Putative  100.0 2.2E-42 2.3E-48  293.8   0.0  297   42-341    85-384 (463)
     217 UniRef100_A0A0N7ZAP9 G_PROTEIN 100.0 2.2E-42 2.3E-48  297.8   0.0  288   40-349    77-367 (421)
     218 tr|A0A088DHW5|A0A088DHW5_PETMA 100.0 2.2E-42 2.3E-48  285.3   0.0  304   33-342    39-352 (431)
     219 UniRef100_A0A068BDA2 Vasopress 100.0 2.2E-42 2.3E-48  281.6   0.0  318   33-351    49-375 (423)
     220 UniRef100_A0A060W247 Cholecyst 100.0 2.3E-42 2.3E-48  303.0   0.0  310   38-348   126-476 (563)
     221 UniRef100_A0A146M155 Neuropept 100.0 2.5E-42 2.6E-48  298.7   0.0  287   41-346    55-360 (488)
     222 UniRef100_A0A091R746 Beta-1 ad 100.0 2.5E-42 2.6E-48  299.7   0.0  300   43-347   138-450 (572)
     223 UniRef100_A0A4Z2J3Y3 Isotocin  100.0 2.8E-42 2.9E-48  270.3   0.0  283    1-388     1-284 (290)
     224 UniRef100_A0A087T336 Somatosta 100.0 2.9E-42 2.9E-48  295.0   0.0  280   41-350    79-369 (454)
     225 tr|A0A210QNG6|A0A210QNG6_MIZYE 100.0   3E-42 3.1E-48  296.8   0.0  292   39-348    39-339 (498)
     226 UniRef100_UPI000B911B64 melato 100.0 3.2E-42 3.3E-48  298.4   0.0  302   40-349    29-344 (381)
     227 UniRef100_A0A026WIP6 Cholecyst 100.0 3.3E-42 3.4E-48  310.9   0.0  310   38-349   169-529 (636)
     228 UniRef100_A0A060VZ71 G_PROTEIN 100.0 3.3E-42 3.5E-48  306.6   0.0  305   15-339   203-526 (650)
     229 UniRef100_A0A068WKU9 Neuropept 100.0 3.6E-42 3.7E-48  295.8   0.0  282   41-346    74-365 (451)
     230 UniRef100_A0A1A8AVB1 Oxytocin  100.0 3.7E-42 3.8E-48  267.4   0.0  268  117-388     3-270 (280)
     231 tr|W5MC67|W5MC67_LEPOC Pyroglu 100.0   4E-42 4.1E-48  288.1   0.0  296   39-351    53-362 (441)
     232 UniRef100_A0A0N1PGA0 Octopamin 100.0   4E-42 4.1E-48  301.4   0.0  300   41-346   109-490 (547)
     233 tr|A0A0S1YD80|A0A0S1YD80_CHISP 100.0   4E-42 4.1E-48  295.4   0.0  292   40-350   165-465 (513)
     234 UniRef100_A0A060VTR1 G_PROTEIN 100.0 4.1E-42 4.2E-48  301.0   0.0  298   39-343   119-435 (619)
     235 UniRef100_A0A023F452 Putative  100.0 4.3E-42 4.4E-48  305.5   0.0  301   41-348   141-537 (660)
     236 UniRef100_A0A023FH63 Putative  100.0 4.4E-42 4.5E-48  302.9   0.0  295   42-344   128-436 (563)
     237 tr|A0A182QHF8|A0A182QHF8_9DIPT 100.0 4.9E-42 5.1E-48  296.7   0.0  293   35-348    96-406 (581)
     238 UniRef100_A0A1L8FNX2 G_PROTEIN 100.0   5E-42 5.1E-48  294.4   0.0  270   41-345    64-340 (400)
     239 tr|A0A1W2W3E6|A0A1W2W3E6_CIOIN 100.0   5E-42 5.2E-48  292.0   0.0  283   39-347    57-350 (487)
     240 tr|R4J1H6|R4J1H6_SALSA Cholecy 100.0 5.5E-42 5.7E-48  288.2   0.0  314   38-352    45-410 (461)
     241 UniRef100_A0A060WAG3 G_PROTEIN 100.0 5.6E-42 5.8E-48  298.1   0.0  300   41-346   124-497 (550)
     242 tr|A0A2H1W6Q0|A0A2H1W6Q0_SPOFR 100.0 5.6E-42 5.8E-48  294.6   0.0  291   38-349    69-364 (466)
     243 UniRef100_A0A0K0PUK6 Orphan G- 100.0 5.7E-42 5.9E-48  289.4   0.0  286   42-350    69-374 (448)
     244 tr|A0A139WLV7|A0A139WLV7_TRICA 100.0   6E-42 6.2E-48  304.5   0.0  293   35-348   394-697 (792)
     245 tr|A0A2B4SNZ1|A0A2B4SNZ1_STYPI 100.0   6E-42 6.2E-48  295.6   0.0  281   39-349    31-319 (351)
     246 tr|A0A1I8N820|A0A1I8N820_MUSDO 100.0 6.1E-42 6.3E-48  304.3   0.0  297   42-344   307-633 (880)
     247 tr|A0A1D1UXI1|A0A1D1UXI1_RAMVA 100.0 6.8E-42   7E-48  293.0   0.0  282   41-350    83-376 (499)
     248 UniRef100_A0A3M6TAE6 G_PROTEIN 100.0 6.8E-42 7.1E-48  295.1   0.0  264   42-346    94-366 (443)
     249 UniRef100_A0A0A7KUZ5 Opsin 5 n 100.0   7E-42 7.3E-48  295.6   0.0  286   40-346    53-342 (407)
     250 tr|A0A1S3FYW5|A0A1S3FYW5_DIPOR 100.0 7.2E-42 7.4E-48  280.1   0.0  278   40-346    70-356 (385)
     251 UniRef100_A0A2B4SYG2 5-hydroxy 100.0 7.3E-42 7.5E-48  287.9   0.0  279   40-344    30-312 (376)
     252 UniRef100_A0A087R2J6 Neuropept 100.0 7.7E-42   8E-48  301.1   0.0  295   25-340   197-511 (638)
     253 UniRef100_A0A061QLL1 Putative  100.0 7.8E-42 8.1E-48  292.6   0.0  303   41-350    47-422 (424)
     254 UniRef100_A0A087U880 Neuropept 100.0 7.8E-42 8.1E-48  291.1   0.0  286   36-344    65-359 (401)
     255 UniRef100_A0A0X7YAU3 ACP recep 100.0 7.9E-42 8.1E-48  300.3   0.0  293   40-341    83-383 (492)
     256 tr|A0A2B4RSD1|A0A2B4RSD1_STYPI 100.0   8E-42 8.3E-48  301.6   0.0  308   33-346    44-379 (430)
     257 UniRef100_A0A3M6T8F5 G_PROTEIN 100.0 8.4E-42 8.6E-48  309.3   0.0  296   33-348    95-395 (523)
     258 UniRef100_A0A060W9T7 G_PROTEIN 100.0 8.7E-42   9E-48  294.2   0.0  277   40-346   186-470 (616)
     259 UniRef100_A0A087XFV2 5-hydroxy 100.0 9.4E-42 9.7E-48  294.0   0.0  295   39-348    83-395 (493)
     260 UniRef100_A0A193KU97 GCR058 n= 100.0 9.6E-42 9.9E-48  284.3   0.0  293   40-350    26-332 (379)
     261 UniRef100_A0A0L8H201 G_PROTEIN 100.0 9.9E-42   1E-47  287.7   0.0  291   40-354    86-387 (461)
     262 UniRef100_UPI0003F07467 orexin 100.0 1.1E-41 1.1E-47  296.6   0.0  309   40-350    78-418 (535)
     263 tr|A0A1V4JMN9|A0A1V4JMN9_PATFA 100.0 1.1E-41 1.1E-47  291.2   0.0  302   41-343    94-416 (537)
     264 tr|A0A1S3NNV5|A0A1S3NNV5_SALSA 100.0 1.1E-41 1.1E-47  290.6   0.0  306   23-339    45-371 (499)
     265 UniRef100_A0A2G8KMT5 G_PROTEIN 100.0 1.1E-41 1.1E-47  290.4   0.0  284   41-346    38-325 (402)
     266 tr|A0A0P5PA10|A0A0P5PA10_9CRUS 100.0 1.1E-41 1.2E-47  298.5   0.0  287   41-350   148-450 (705)
     267 tr|A0A146NY53|A0A146NY53_FUNHE 100.0 1.2E-41 1.2E-47  293.3   0.0  290   40-343     7-312 (469)
     268 UniRef100_A0A0A1XP15 Neuropept 100.0 1.2E-41 1.2E-47  284.2   0.0  291   41-354    73-379 (421)
     269 UniRef100_A0A210QYW2 Cardioacc 100.0 1.2E-41 1.2E-47  300.1   0.0  299   39-339    50-361 (499)
     270 UniRef100_B5UA19 Vasopressin/o 100.0 1.2E-41 1.3E-47  289.6   0.0  313   33-346    37-370 (486)
     271 UniRef100_A0A067RDC3 Prolactin 100.0 1.3E-41 1.3E-47  295.4   0.0  291   35-347    60-355 (541)
     272 tr|A0A232F8D2|A0A232F8D2_9HYME 100.0 1.3E-41 1.3E-47  290.4   0.0  317   12-352    40-377 (478)
     273 UniRef100_A0A060X6T3 G_PROTEIN 100.0 1.3E-41 1.4E-47  294.1   0.0  296   42-344    92-409 (550)
     274 UniRef100_A0A060YY06 G_PROTEIN 100.0 1.4E-41 1.4E-47  293.6   0.0  296   25-342    88-402 (490)
     275 UniRef100_F6ZHC8 Uncharacteriz 100.0 1.5E-41 1.5E-47  293.5   0.0  309   41-350    89-466 (520)
     276 UniRef100_A0A2B4SJE7 Orexin re 100.0 1.5E-41 1.5E-47  297.6   0.0  287   38-347   133-430 (517)
     277 tr|A0A287CUD4|A0A287CUD4_ICTTR 100.0 1.5E-41 1.5E-47  286.5   0.0  282   39-350    18-308 (478)
     278 tr|A7SMQ7|A7SMQ7_NEMVE Predict 100.0 1.5E-41 1.6E-47  283.7   0.0  285   39-350    11-304 (358)
     279 tr|A0A218VDE9|A0A218VDE9_9PASE 100.0 1.6E-41 1.6E-47  287.6   0.0  279   38-348    22-306 (556)
     280 tr|A0A1A9ZAD8|A0A1A9ZAD8_GLOPL 100.0 1.6E-41 1.6E-47  291.4   0.0  284   40-347   123-419 (574)
     281 UniRef100_A0A1D1V379 G_PROTEIN 100.0 1.6E-41 1.6E-47  281.1   0.0  289   43-342    36-333 (343)
     282 tr|A0A218UWX7|A0A218UWX7_9PASE 100.0 1.6E-41 1.7E-47  291.2   0.0  290   36-350    37-342 (474)
     283 UniRef100_A0A067R4E0 Tachykini 100.0 1.6E-41 1.7E-47  287.9   0.0  279   43-344    53-340 (396)
     284 tr|A0A1S3IXU4|A0A1S3IXU4_LINUN 100.0 1.6E-41 1.7E-47  286.8   0.0  303   18-348    35-345 (440)
     285 UniRef100_A0A210QSD7 Octopamin 100.0 1.7E-41 1.8E-47  295.3   0.0  303   40-350    58-417 (423)
     286 tr|A0A147AZW9|A0A147AZW9_FUNHE 100.0 1.7E-41 1.8E-47  303.0   0.0  288   40-350    86-435 (468)
     287 UniRef100_A0A026VW91 Neuropept 100.0 1.8E-41 1.9E-47  287.6   0.0  280   40-341   189-479 (582)
     288 UniRef100_A0A068FLK6 Arginine  100.0 1.8E-41 1.9E-47  278.1   0.0  307   32-350    53-361 (410)
     289 UniRef100_A0A6P8IFK2 neuromedi 100.0 1.9E-41   2E-47  284.3   0.0  281   40-344    26-317 (363)
     290 UniRef100_A0A060X0R7 Uncharact 100.0   2E-41   2E-47  278.3   0.0  303   14-350    32-343 (383)
     291 UniRef100_A0A1D1UIJ7 G_PROTEIN 100.0   2E-41   2E-47  290.0   0.0  302   33-335    99-420 (540)
     292 UniRef100_A0A060VRN9 G_PROTEIN 100.0   2E-41   2E-47  293.9   0.0  286   40-347   136-428 (496)
     293 UniRef100_A0A0G2UQ37 Rhodopsin 100.0 2.1E-41 2.2E-47  291.6   0.0  300   38-351    94-401 (515)
     294 tr|A0A1W4X1F3|A0A1W4X1F3_AGRPL 100.0 2.2E-41 2.3E-47  289.6   0.0  280   41-342   135-425 (485)
     295 UniRef100_A0A2B4SE17 Substance 100.0 2.5E-41 2.5E-47  302.2   0.0  285   38-346    63-363 (467)
     296 UniRef100_A0A067RIW6 G_PROTEIN 100.0 2.6E-41 2.7E-47  301.8   0.0  300   40-345   185-543 (705)
     297 UniRef100_A0A068YA15 Neuropept 100.0 2.6E-41 2.7E-47  292.4   0.0  301   41-348    74-396 (510)
     298 UniRef100_A0A678XEL8 Trace ami 100.0 2.6E-41 2.7E-47  294.9   0.0  295   39-348    55-355 (523)
     299 tr|A0A212EZN3|A0A212EZN3_DANPL 100.0 2.7E-41 2.8E-47  289.6   0.0  285   41-348    56-354 (488)
     300 tr|A0A146TP77|A0A146TP77_FUNHE 100.0 2.8E-41 2.9E-47  303.7   0.0  301   41-348    48-422 (522)
     301 UniRef100_A0A067RG65 Neuropept 100.0 2.8E-41 2.9E-47  292.2   0.0  286   41-348    89-393 (509)
     302 tr|A0A1S3FWK5|A0A1S3FWK5_DIPOR 100.0 2.8E-41 2.9E-47  295.1   0.0  294   41-349   418-729 (786)
     303 UniRef100_A0A6G8J3P5 Melanin-c 100.0 2.9E-41 2.9E-47  285.0   0.0  283   39-348    61-351 (460)
     304 tr|A0A1V4J9T1|A0A1V4J9T1_PATFA 100.0 2.9E-41   3E-47  281.0   0.0  277   40-346    69-353 (461)
     305 UniRef100_A0A023F4J9 Putative  100.0   3E-41 3.1E-47  298.4   0.0  296   42-344   159-488 (588)
     306 UniRef100_A0A6P4YBA8 delta-typ 100.0 3.1E-41 3.2E-47  287.5   0.0  281   38-348    49-339 (406)
     307 UniRef100_A0A0A1WLH2 Somatosta 100.0 3.2E-41 3.3E-47  297.8   0.0  281   40-349   217-508 (667)
     308 UniRef100_A0A2B4S7Y2 Neuropept 100.0 3.2E-41 3.3E-47  298.2   0.0  276   36-332    78-357 (460)
     309 tr|A7RKP0|A7RKP0_NEMVE Predict 100.0 3.2E-41 3.3E-47  282.7   0.0  300   39-351     7-310 (350)
     310 UniRef100_A0A3M6TPP0 G_PROTEIN 100.0 3.3E-41 3.4E-47  293.8   0.0  287   40-346    51-352 (424)
     311 UniRef100_A0A0S1YD99 Neuropept 100.0 3.3E-41 3.4E-47  281.3   0.0  281   41-346    77-369 (423)
     312 ERR1719510_236906              100.0 3.3E-41 3.4E-47  299.1   0.0  288   41-351    84-376 (577)
     313 tr|A0A232F0R3|A0A232F0R3_9HYME 100.0 3.6E-41 3.8E-47  283.7   0.0  275   41-347   105-422 (458)
     314 UniRef100_A0A084WSA4 AGAP00215 100.0 3.7E-41 3.8E-47  291.4   0.0  285   36-340    67-360 (443)
     315 UniRef100_A0A096MAY6 Alpha-1B  100.0 3.7E-41 3.8E-47  285.4   0.0  323   20-350    24-374 (489)
     316 tr|C3XVU5|C3XVU5_BRAFL Unchara 100.0 4.3E-41 4.4E-47  283.4   0.0  291   32-343    54-351 (439)
     317 tr|A0A147AMP5|A0A147AMP5_FUNHE 100.0 4.3E-41 4.4E-47  302.5   0.0  296   40-344    32-422 (475)
     318 tr|A0A0P6BPA6|A0A0P6BPA6_9CRUS 100.0 4.4E-41 4.5E-47  289.7   0.0  299   41-340    59-372 (574)
     319 UniRef100_A0A182H1J6 G_PROTEIN 100.0 4.6E-41 4.7E-47  305.3   0.0  192   41-233   320-516 (1005)
     320 UniRef100_A0A6P8HX63 probable  100.0 4.7E-41 4.9E-47  292.4   0.0  294   43-350    61-362 (407)
     321 tr|A0A091CRU0|A0A091CRU0_FUKDA 100.0 4.8E-41 4.9E-47  300.8   0.0  270   39-346   408-690 (720)
     322 UniRef100_A0A0L8H5P3 G_PROTEIN 100.0 4.8E-41 4.9E-47  290.9   0.0  285   41-345    76-369 (496)
     323 UniRef100_A0A016TS00 G_PROTEIN 100.0 4.9E-41   5E-47  302.1   0.0  306   40-348   113-553 (622)
     324 UniRef100_A0A0L7QLJ1 Neuropept 100.0   5E-41 5.1E-47  279.4   0.0  282   41-344   129-421 (485)
     325 UniRef100_A0A3B4VB96 Beta-2 ad 100.0   5E-41 5.2E-47  286.8   0.0  296   43-348    56-360 (464)
     326 UniRef100_A0A6F9DEB9 5-hydroxy 100.0   5E-41 5.2E-47  291.6   0.0  302   36-348    52-362 (426)
     327 UniRef100_A0A2B4RXD1 Neuropept 100.0 5.1E-41 5.2E-47  290.3   0.0  286   37-349    92-383 (461)
     328 tr|A0A1S3NPB2|A0A1S3NPB2_SALSA 100.0 5.1E-41 5.2E-47  284.3   0.0  284   42-349    42-332 (443)
     329 tr|A0A226N2C0|A0A226N2C0_CALSU 100.0 5.1E-41 5.3E-47  287.2   0.0  291   39-350   224-521 (569)
     330 UniRef100_A0A026W4F0 Octopamin 100.0 5.2E-41 5.4E-47  283.5   0.0  298   42-345    58-389 (445)
     331 tr|B4KC34|B4KC34_DROMO Unchara 100.0 5.3E-41 5.4E-47  298.8   0.0  281   43-347   196-491 (670)
     332 tr|A0A2B4RR50|A0A2B4RR50_STYPI 100.0 5.5E-41 5.7E-47  283.3   0.0  293   38-350    28-327 (411)
     333 UniRef100_A0A034WA99 Cardioacc 100.0 5.5E-41 5.7E-47  293.2   0.0  299   43-352   248-554 (678)
     334 UniRef100_A0A087YRI1 G_PROTEIN 100.0 5.6E-41 5.8E-47  289.9   0.0  287   41-348    82-372 (438)
     335 UniRef100_A0A7M7HKI1 G_PROTEIN 100.0 5.9E-41   6E-47  290.3   0.0  283   44-351    44-338 (418)
     336 UniRef100_A0A2B4RFH8 Neuropept 100.0 5.9E-41 6.1E-47  300.2   0.0  285   39-348    64-365 (439)
     337 UniRef100_A0A0K0PUX3 Orphan G- 100.0   6E-41 6.2E-47  295.2   0.0  287   33-344    54-346 (419)
     338 tr|F7E6B1|F7E6B1_MONDO Tachyki 100.0 6.2E-41 6.4E-47  283.6   0.0  281   43-347    98-383 (475)
     339 UniRef100_A0A0N1IB59 Orexin re 100.0 6.3E-41 6.5E-47  286.7   0.0  304   41-345   130-448 (546)
     340 UniRef100_A0A0K0PUE3 Orphan G- 100.0 6.4E-41 6.6E-47  294.0   0.0  289   41-344   118-423 (550)
     341 UniRef100_A0A132AJH3 7 transme 100.0 6.5E-41 6.7E-47  291.2   0.0  298   41-343    70-381 (447)
     342 tr|A0A067RDC3|A0A067RDC3_ZOONE 100.0 6.6E-41 6.8E-47  294.4   0.0  294   36-351    68-366 (506)
     343 tr|A0A2C9GPU2|A0A2C9GPU2_ANOAR 100.0 7.1E-41 7.4E-47  301.5   0.0  305   41-348   324-636 (818)
     344 UniRef100_A0A060WAA0 NK-2 rece 100.0 7.4E-41 7.6E-47  282.4   0.0  284   42-349    75-365 (465)
     345 UniRef100_A0A016T4B6 G_PROTEIN 100.0 7.7E-41 7.9E-47  299.7   0.0  309   40-349   103-429 (585)
     346 UniRef100_A0A3M6UKX8 G_PROTEIN 100.0 7.8E-41   8E-47  296.5   0.0  285   40-348   119-420 (487)
     347 UniRef100_A0A087XYG0 AVPR V2 n 100.0 7.8E-41 8.1E-47  296.6   0.0  317   33-350   171-598 (674)
     348 ERR1719361_2001115             100.0 7.8E-41 8.1E-47  286.2   0.0  284   40-350    25-326 (415)
     349 UniRef100_A0A6P4ZPQ5 G-protein 100.0 8.1E-41 8.4E-47  277.6   0.0  277   37-343    40-324 (420)
     350 UniRef100_A0A068WTW9 Tachykini 100.0 8.4E-41 8.6E-47  284.6   0.0  280   43-347    49-358 (453)
     351 tr|A0A091DLL4|A0A091DLL4_FUKDA 100.0 8.6E-41 8.8E-47  280.0   0.0  312   33-352    27-347 (474)
     352 UniRef100_A0A067R2B6 G_PROTEIN 100.0 8.7E-41   9E-47  291.7   0.0  303   39-347    83-393 (510)
     353 UniRef100_A0A060YTK2 Uncharact 100.0 9.1E-41 9.4E-47  280.6   0.0  278   39-347    84-377 (447)
     354 UniRef100_UPI000219022F Endoly 100.0 9.2E-41 9.4E-47  282.5   0.0  295   27-351   188-488 (507)
     355 UniRef100_A0A0L8FWF7 G_PROTEIN 100.0 9.4E-41 9.7E-47  299.4   0.0  303   43-352    95-549 (576)
     356 UniRef100_A0A0K0PUG3 Thyrolibe 100.0 9.5E-41 9.8E-47  294.6   0.0  299   38-348   213-520 (606)
     357 tr|A0A0K8WE96|A0A0K8WE96_BACLA 100.0 9.8E-41   1E-46  289.2   0.0  298   42-340   159-465 (540)
     358 tr|W8B9D1|W8B9D1_CERCA 5-hydro 100.0 9.8E-41   1E-46  290.1   0.0  304   40-350   263-627 (664)
     359 tr|A0A182U1B5|A0A182U1B5_9DIPT 100.0 9.9E-41   1E-46  291.7   0.0  285   40-347    40-342 (620)
     360 UniRef100_A0A6P8HUK6 melatonin 100.0 9.9E-41   1E-46  276.2   0.0  291   36-346    24-318 (374)
     361 tr|A0A1S3L0J1|A0A1S3L0J1_SALSA 100.0   1E-40   1E-46  287.3   0.0  299   41-346    77-403 (533)
     362 tr|A0A2D0SD29|A0A2D0SD29_ICTPU 100.0   1E-40 1.1E-46  284.1   0.0  288   41-346     6-305 (420)
     363 tr|A0A1W4X208|A0A1W4X208_AGRPL 100.0   1E-40 1.1E-46  282.0   0.0  285   42-349    97-394 (467)
     364 UniRef100_A0A2S1WLX6 Putative  100.0   1E-40 1.1E-46  282.6   0.0  297   45-348    52-458 (475)
     365 UniRef100_A0A2B4R4X2 Neuropept 100.0   1E-40 1.1E-46  291.9   0.0  291   38-350    31-327 (413)
     366 UniRef100_A0A016SJ65 Thyrolibe 100.0 1.1E-40 1.1E-46  293.5   0.0  303   38-346    82-394 (479)
     367 tr|A0A182FRI7|A0A182FRI7_ANOAL 100.0 1.2E-40 1.2E-46  302.4   0.0  186   42-235   115-307 (677)
     368 tr|A0A1W4XMZ2|A0A1W4XMZ2_AGRPL 100.0 1.2E-40 1.2E-46  278.1   0.0  304   30-341    20-334 (436)
     369 UniRef100_A0A034VIK4 Octopamin 100.0 1.2E-40 1.2E-46  293.2   0.0  341   41-387   297-675 (782)
     370 UniRef100_A0A060WGF3 B2 bradyk 100.0 1.2E-40 1.2E-46  300.3   0.0  275   39-344   159-447 (589)
     371 tr|C3XPE3|C3XPE3_BRAFL Unchara 100.0 1.2E-40 1.3E-46  307.3   0.0  328    3-351   700-1043(1421)
     372 tr|W8C2A8|W8C2A8_CERCA Neurope 100.0 1.3E-40 1.3E-46  299.2   0.0  280   41-342   266-558 (827)
     373 tr|A0A182L9N8|A0A182L9N8_9DIPT 100.0 1.3E-40 1.3E-46  288.8   0.0  280   43-346    92-380 (490)
     374 UniRef100_A0A0L7QPT9 Green-sen 100.0 1.3E-40 1.4E-46  288.3   0.0  274   38-341    80-355 (445)
     375 tr|A7RKH9|A7RKH9_NEMVE Predict 100.0 1.3E-40 1.4E-46  277.5   0.0  284   37-349    23-314 (336)
     376 UniRef100_A0A1S3F7I6 neuropept 100.0 1.4E-40 1.4E-46  295.5   0.0  307   14-340   224-549 (712)
     377 UniRef100_A0A060VNF4 G_PROTEIN 100.0 1.4E-40 1.5E-46  292.2   0.0  278   39-348   130-430 (566)
     378 tr|A0A2B4SSL5|A0A2B4SSL5_STYPI 100.0 1.4E-40 1.5E-46  272.0   0.0  287   38-350    20-311 (344)
     379 UniRef100_A0A0E3EKU4 Allatotro 100.0 1.4E-40 1.5E-46  284.1   0.0  286   43-348   135-430 (562)
     380 UniRef100_A0A1S3IXU9 RYamide r 100.0 1.4E-40 1.5E-46  276.7   0.0  291   38-351    33-336 (438)
     381 tr|A0A0P6IZB8|A0A0P6IZB8_9CRUS 100.0 1.5E-40 1.5E-46  287.5   0.0  282   41-349   204-494 (559)
     382 tr|A0A146NR64|A0A146NR64_FUNHE 100.0 1.5E-40 1.6E-46  281.1   0.0  272   39-341   119-413 (449)
     383 UniRef100_A0A0P5DS31 Neuropept 100.0 1.5E-40 1.6E-46  278.5   0.0  279   41-341    87-377 (482)
     384 UniRef100_A0A026VXG0 Octopamin 100.0 1.6E-40 1.7E-46  296.8   0.0  299   41-345    83-537 (647)
     385 UniRef100_A0A2B4SQU8 Orexin re 100.0 1.7E-40 1.8E-46  275.3   0.0  295   41-346    38-344 (370)
     386 UniRef100_A0A2B4SID7 Neuropept 100.0 1.7E-40 1.8E-46  287.5   0.0  285   37-344    79-375 (462)
     387 tr|C7SLZ0|C7SLZ0_APLKU Seroton 100.0 1.7E-40 1.8E-46  289.4   0.0  294   44-346    77-422 (485)
     388 tr|A0A147A4W2|A0A147A4W2_FUNHE 100.0 1.8E-40 1.8E-46  285.8   0.0  309   40-349    95-444 (502)
     389 UniRef100_A0A026W6M2 Gonadotro 100.0 1.8E-40 1.8E-46  287.9   0.0  281   37-337    87-376 (492)
     390 UniRef100_A0A1J1I7G5 CLUMA_CG0 100.0 1.8E-40 1.8E-46  285.6   0.0  283   43-348    80-373 (500)
     391 tr|A7RNV5|A7RNV5_NEMVE Predict 100.0 1.8E-40 1.8E-46  278.4   0.0  285   41-350    33-330 (377)
     392 UniRef100_A0A369RVS4 Rhodopsin 100.0 1.8E-40 1.9E-46  287.3   0.0  289   39-348    47-337 (391)
     393 tr|A0A2B4S4U3|A0A2B4S4U3_STYPI 100.0 1.8E-40 1.9E-46  272.5   0.0  288   40-346    26-319 (359)
     394 tr|A7RYQ3|A7RYQ3_NEMVE Predict 100.0 1.9E-40   2E-46  286.0   0.0  288   33-349    45-336 (367)
     395 tr|A7SFG7|A7SFG7_NEMVE Predict 100.0   2E-40   2E-46  278.6   0.0  278   39-339    23-303 (364)
     396 UniRef100_A0A2B4RVY2 Melanopsi 100.0   2E-40 2.1E-46  287.7   0.0  298   28-348    52-354 (452)
     397 UniRef100_A0A026WC04 Dopamine  100.0 2.1E-40 2.1E-46  280.0   0.0  296   44-346    82-395 (468)
     398 UniRef100_A0A151NBW6 Beta-3 ad 100.0 2.1E-40 2.1E-46  283.0   0.0  299   41-347    32-338 (490)
     399 UniRef100_A0A060Y7B7 G_PROTEIN 100.0 2.1E-40 2.1E-46  291.7   0.0  303   37-348   113-548 (560)
     400 UniRef100_A0A0L8G825 G_PROTEIN 100.0 2.1E-40 2.1E-46  293.4   0.0  283   40-335    74-360 (437)
     401 tr|W4XZB8|W4XZB8_STRPU Unchara 100.0 2.1E-40 2.2E-46  280.7   0.0  285   39-345    19-307 (400)
     402 tr|A0A0V1MVC7|A0A0V1MVC7_9BILA 100.0 2.2E-40 2.3E-46  291.1   0.0  279   37-340    78-370 (598)
     403 UniRef100_A0A0H3YI86 Pyrokinin 100.0 2.2E-40 2.3E-46  294.2   0.0  297   41-348    85-398 (510)
     404 UniRef100_A0A016UUZ5 G_PROTEIN 100.0 2.3E-40 2.3E-46  283.6   0.0  296   44-350    79-413 (486)
     405 UniRef100_A0A3B4UE11 Si:zfos-1 100.0 2.3E-40 2.4E-46  275.3   0.0  278   39-347    65-348 (441)
     406 tr|J9JRI9|J9JRI9_ACYPI Unchara 100.0 2.4E-40 2.4E-46  280.9   0.0  285   41-348    36-333 (490)
     407 tr|A0A1A8EW90|A0A1A8EW90_9TELE 100.0 2.4E-40 2.5E-46  278.9   0.0  278   38-345    43-329 (444)
     408 tr|A0A0P6B7K0|A0A0P6B7K0_9CRUS 100.0 2.5E-40 2.6E-46  292.1   0.0  307   44-351   117-490 (579)
     409 UniRef100_A0A6P8HBY1 neuropept 100.0 2.5E-40 2.6E-46  287.0   0.0  306   18-348    10-321 (416)
     410 UniRef100_A0A087QH27 C-C chemo 100.0 2.6E-40 2.7E-46  300.5   0.0  267   40-344   201-480 (591)
     411 tr|E6ZEU6|E6ZEU6_DICLA Neurome 100.0 2.6E-40 2.7E-46  286.1   0.0  292   41-349    90-394 (461)
     412 tr|A0A060WJQ0|A0A060WJQ0_ONCMY 100.0 2.7E-40 2.7E-46  267.0   0.0  320   23-350    27-356 (428)
     413 UniRef100_A0A077KAM5 PQRFa pep 100.0 2.8E-40 2.9E-46  282.0   0.0  297   23-340   121-437 (539)
     414 UniRef100_A0A026X164 G-protein 100.0 2.9E-40   3E-46  293.9   0.0  302   39-350   118-425 (604)
     415 UniRef100_A0A023ETT6 Putative  100.0 3.1E-40 3.2E-46  286.6   0.0  284   39-349   153-447 (612)
     416 UniRef100_C3ZK20 G_PROTEIN_REC 100.0 3.1E-40 3.2E-46  283.4   0.0  296   45-350     6-323 (374)
     417 UniRef100_A0A336LUR7 CSON00145 100.0 3.2E-40 3.3E-46  286.6   0.0  279   41-341    89-378 (670)
     418 UniRef100_A0A087WZ80 NK-2 rece 100.0 3.2E-40 3.3E-46  275.8   0.0  285   43-350    89-380 (474)
     419 UniRef100_A0A3M6U2U1 G_PROTEIN 100.0 3.3E-40 3.4E-46  281.1   0.0  280   40-348    20-307 (352)
     420 UniRef100_A0A2D0RHY1 Alpha-1B  100.0 3.3E-40 3.4E-46  281.8   0.0  301   41-348   117-432 (562)
     421 UniRef100_A0A1S3J8T4 5-hydroxy 100.0 3.3E-40 3.5E-46  287.6   0.0  295   34-348    95-395 (468)
     422 UniRef100_A0A060VV87 Kappa-typ 100.0 3.5E-40 3.6E-46  285.8   0.0  275   41-346   192-474 (586)
     423 tr|W5JTF9|W5JTF9_ANODA Somatos 100.0 3.5E-40 3.7E-46  283.9   0.0  285   38-349    53-348 (526)
     424 tr|U3U4G7|U3U4G7_NILLU Neurope 100.0 3.9E-40   4E-46  277.2   0.0  294   32-347    23-329 (446)
     425 tr|L7LWW3|L7LWW3_9ACAR Putativ 100.0 3.9E-40   4E-46  288.3   0.0  184   42-233   113-300 (624)
     426 UniRef100_A0A6P4Z684 G-protein 100.0   4E-40 4.1E-46  278.0   0.0  287   39-348    51-346 (425)
     427 UniRef100_A0A060X0P4 G_PROTEIN 100.0 4.1E-40 4.2E-46  290.9   0.0  271   39-340   138-423 (513)
     428 UniRef100_A0A0K0NTY8 Adipokine 100.0 4.1E-40 4.3E-46  290.9   0.0  302   40-344    83-395 (530)
     429 UniRef100_A0A024FLZ5 PQRFa pep 100.0 4.1E-40 4.3E-46  279.0   0.0  298   19-341    37-344 (416)
     430 UniRef100_A0A087REY1 NPY-Y2 re 100.0 4.3E-40 4.4E-46  287.7   0.0  280   39-346   186-476 (599)
     431 tr|A0A212C668|A0A212C668_CEREH 100.0 4.3E-40 4.4E-46  282.0   0.0  301   40-348   220-555 (558)
     432 UniRef100_A0A2G8JD30 Putative  100.0 4.3E-40 4.5E-46  268.5   0.0  283   41-346    26-313 (323)
     433 UniRef100_A0A026WZ61 G_PROTEIN 100.0 4.4E-40 4.6E-46  276.1   0.0  306   32-348    66-381 (441)
     434 tr|T1KPP2|T1KPP2_TETUR Unchara 100.0 4.5E-40 4.6E-46  283.1   0.0  274   41-347   153-435 (477)
     435 tr|B4JN40|B4JN40_DROGR GH24210 100.0 4.6E-40 4.7E-46  279.7   0.0  280   41-347   118-407 (436)
     436 UniRef100_A0A6A7G2U4 Octopamin 100.0 4.6E-40 4.8E-46  284.2   0.0  301   40-346   171-509 (574)
     437 tr|A0A0P6C571|A0A0P6C571_9CRUS 100.0 4.6E-40 4.8E-46  280.9   0.0  304   42-346    58-443 (558)
     438 UniRef100_A0A6S7JE64 Neuropept 100.0 4.7E-40 4.9E-46  280.9   0.0  282   37-346    32-319 (412)
     439 UniRef100_A0A096P4D6 Opsin 4 n 100.0 4.8E-40   5E-46  288.5   0.0  293   40-348   137-435 (682)
     440 UniRef100_A0A087XYR8 Opsin 4b  100.0 4.8E-40   5E-46  289.0   0.0  291   39-346   152-448 (694)
     441 tr|A0A1I8MRR4|A0A1I8MRR4_MUSDO 100.0 4.8E-40   5E-46  291.9   0.0  283   41-345   260-555 (819)
     442 tr|A0A151ITZ3|A0A151ITZ3_9HYME 100.0 4.9E-40 5.1E-46  282.5   0.0  299   41-349    69-420 (481)
     443 UniRef100_A0A059ZY04 Angiotens 100.0   5E-40 5.1E-46  293.2   0.0  271   38-346   167-452 (546)
     444 UniRef100_A0A023F665 Putative  100.0 5.2E-40 5.4E-46  289.9   0.0  297   30-350   135-451 (573)
     445 AntAceMinimDraft_8_1070364.sca 100.0 5.4E-40 5.6E-46  274.8   0.0  313   35-354    33-361 (406)
     446 UniRef100_A0A1B6HDB2 G_PROTEIN 100.0 5.5E-40 5.7E-46  267.4   0.0  282   45-349    17-307 (360)
     447 UniRef100_A0A0L8HMQ0 G_PROTEIN 100.0 5.6E-40 5.8E-46  286.3   0.0  288   41-346    50-345 (538)
     448 tr|A7S585|A7S585_NEMVE Predict 100.0   6E-40 6.2E-46  278.9   0.0  284   37-344    22-321 (374)
     449 tr|A7SBY6|A7SBY6_NEMVE Predict 100.0   6E-40 6.2E-46  289.7   0.0  289   37-349    19-310 (467)
     450 tr|A0A2B4RYF4|A0A2B4RYF4_STYPI 100.0 6.1E-40 6.3E-46  276.1   0.0  277   37-340    22-303 (402)
     451 tr|A0A1I8PG61|A0A1I8PG61_STOCA 100.0 6.1E-40 6.3E-46  293.3   0.0  284   37-349   297-593 (716)
     452 UniRef100_A0A034WCQ2 Octopamin 100.0 6.2E-40 6.4E-46  291.8   0.0  298   41-346   165-559 (618)
     453 UniRef100_A0A0K0PUQ9 Achatin r 100.0 6.2E-40 6.4E-46  289.1   0.0  288   44-346    56-354 (465)
     454 SRR6218665_147192              100.0 6.3E-40 6.4E-46  280.4   0.0  295   33-347    94-395 (466)
     455 UniRef100_A0A6P8IPF1 5-hydroxy 100.0 6.4E-40 6.5E-46  273.8   0.0  297   41-348    59-360 (403)
     456 UniRef100_A0A6P4Z5N5 muscarini 100.0 6.4E-40 6.6E-46  275.8   0.0  302   38-348    27-341 (357)
     457 UniRef100_A0A1I8FSG9 G_PROTEIN 100.0 6.6E-40 6.8E-46  283.8   0.0  304   41-351   162-508 (576)
     458 UniRef100_A0A151LYB3 G_PROTEIN 100.0   7E-40 7.2E-46  277.8   0.0  286   40-347    99-388 (435)
     459 UniRef100_A0A3M6UBA2 G_PROTEIN 100.0 7.1E-40 7.3E-46  280.3   0.0  286   39-350    49-341 (383)
     460 UniRef100_A0A3M6TNW8 G_PROTEIN 100.0 7.1E-40 7.3E-46  281.5   0.0  289   40-349    95-393 (453)
     461 UniRef100_A0A0L8GAM8 G_PROTEIN 100.0 7.1E-40 7.3E-46  297.9   0.0  322   41-373   102-545 (567)
     462 UniRef100_A0A3M6UKG3 G_PROTEIN 100.0 7.8E-40   8E-46  273.1   0.0  291   37-346    22-318 (378)
     463 UniRef100_A0A6F9BCS3 G_PROTEIN 100.0 7.9E-40 8.1E-46  278.0   0.0  314   29-349   318-641 (697)
     464 UniRef100_A0A2T7PWH2 G_PROTEIN 100.0 7.9E-40 8.1E-46  279.7   0.0  301   38-340    40-349 (483)
     465 UniRef100_A0A061I9J2 Neuropept 100.0 7.9E-40 8.2E-46  280.2   0.0  283   42-336   110-395 (484)
     466 tr|A7RVQ0|A7RVQ0_NEMVE Predict 100.0 7.9E-40 8.2E-46  281.6   0.0  286   38-347    27-330 (398)
     467 tr|A0A1S2ZIZ2|A0A1S2ZIZ2_ERIEU 100.0   8E-40 8.2E-46  281.7   0.0  304   42-351   203-533 (620)
     468 tr|Q8MX83|Q8MX83_APLCA G-prote 100.0 8.1E-40 8.4E-46  283.5   0.0  300   42-348   130-562 (567)
     469 UniRef100_A0A1B0TJL6 Opsin Gq3 100.0 8.2E-40 8.5E-46  284.5   0.0  291   38-343    70-365 (589)
     470 UniRef100_A0A3M6TV84 G_PROTEIN 100.0 8.6E-40 8.9E-46  280.7   0.0  290   38-350    44-338 (405)
     471 UniRef100_A0A087R306 Hypocreti 100.0 8.7E-40 8.9E-46  283.0   0.0  307   41-348   152-479 (594)
     472 tr|T1KTS6|T1KTS6_TETUR Unchara 100.0 8.7E-40   9E-46  284.9   0.0  281   41-344   121-414 (587)
     473 UniRef100_A0A091L2D9 Orexin re 100.0 8.8E-40 9.1E-46  271.4   0.0  309   41-349    14-342 (386)
     474 tr|A0A0Q3PK06|A0A0Q3PK06_AMAAE 100.0 8.8E-40 9.1E-46  294.5   0.0  279   41-340   525-822 (901)
     475 UniRef100_A0A061QLF1 Putative  100.0 8.8E-40 9.1E-46  282.3   0.0  287   43-342    66-360 (443)
     476 UniRef100_A0A0P4WBA5 G_PROTEIN 100.0 8.8E-40 9.1E-46  279.5   0.0  319   32-350    67-410 (506)
     477 tr|A0A147AVH6|A0A147AVH6_FUNHE 100.0 9.2E-40 9.5E-46  286.6   0.0  298   41-346   194-618 (618)
     478 UniRef100_A0A2G8KTA9 Putative  100.0 9.3E-40 9.6E-46  288.1   0.0  285   42-348    51-343 (445)
     479 tr|A0A0P5T2I6|A0A0P5T2I6_9CRUS 100.0 9.7E-40   1E-45  283.9   0.0  307   42-349    68-411 (542)
     480 UniRef100_A0A060WF22 G_PROTEIN 100.0 9.8E-40   1E-45  288.0   0.0  282   41-348   126-410 (505)
     481 tr|A0A210QIB3|A0A210QIB3_MIZYE 100.0 9.8E-40   1E-45  278.7   0.0  299   37-349    93-399 (543)
     482 tr|A0A0Q3X1E4|A0A0Q3X1E4_AMAAE 100.0 9.9E-40   1E-45  289.7   0.0  303   40-343   157-497 (789)
     483 UniRef100_A0A2B4RR57 Pyrogluta 100.0 9.9E-40   1E-45  273.7   0.0  288   40-346    47-346 (403)
     484 tr|A7S169|A7S169_NEMVE Predict 100.0   1E-39   1E-45  273.3   0.0  297   25-348     4-305 (347)
     485 UniRef100_A0A060W161 G_PROTEIN 100.0   1E-39 1.1E-45  298.6   0.0  270   39-346   168-453 (574)
     486 UniRef100_A0A034UYU1 5-hydroxy 100.0   1E-39 1.1E-45  293.9   0.0  302   42-350   232-645 (694)
     487 tr|A0A0L7QUK8|A0A0L7QUK8_9HYME 100.0 1.1E-39 1.1E-45  290.1   0.0  284   39-345   201-495 (806)
     488 UniRef100_A0A3M6TEA9 G_PROTEIN 100.0 1.1E-39 1.1E-45  283.7   0.0  284   41-347    49-342 (414)
     489 UniRef100_A0A0Q3PEJ5 Alpha-1B  100.0 1.1E-39 1.2E-45  282.6   0.0  297   41-346    64-382 (683)
     490 tr|Q5MZ03|Q5MZ03_TAKRU Vasotoc 100.0 1.2E-39 1.2E-45  266.8   0.0  316   25-349    16-340 (447)
     491 UniRef100_A0A034WQT6 Tachykini 100.0 1.2E-39 1.2E-45  286.6   0.0  283   42-347   119-417 (694)
     492 tr|A7RRH0|A7RRH0_NEMVE Predict 100.0 1.2E-39 1.3E-45  290.4   0.0  289   34-347    21-314 (700)
     493 tr|A0A061IHH7|A0A061IHH7_CRIGR 100.0 1.2E-39 1.3E-45  303.4   0.0  281   41-342   622-913 (934)
     494 tr|A7S3S6|A7S3S6_NEMVE Predict 100.0 1.3E-39 1.3E-45  281.5   0.0  285   34-335    17-305 (365)
     495 tr|A0A193KU92|A0A193KU92_SCHMD 100.0 1.3E-39 1.3E-45  279.1   0.0  301   38-347    56-405 (478)
     496 UniRef100_A0A0K2V3W2 Cardioacc 100.0 1.3E-39 1.3E-45  273.5   0.0  288   43-340    86-376 (465)
     497 tr|A0A2B4S6X2|A0A2B4S6X2_STYPI 100.0 1.3E-39 1.3E-45  272.1   0.0  283   41-345    25-320 (379)
     498 tr|A0A0P7XE55|A0A0P7XE55_9TELE 100.0 1.3E-39 1.4E-45  287.3   0.0  302   40-348    51-367 (782)
     499 tr|L9JDH9|L9JDH9_TUPCH Orexin  100.0 1.4E-39 1.4E-45  281.3   0.0  310   40-350   220-575 (621)
     500 SRR6218665_1158703             100.0 1.4E-39 1.4E-45  276.7   0.0  296   36-350    33-336 (413)
     
  > Uniprot already searched, skipping.
/projects/ilfgrid/apps/alphafold-2.2.0/prep_MSAs.sh: line 93: /bin/hmmbuild: No such file or directory
/projects/ilfgrid/apps/alphafold-2.2.0/prep_MSAs.sh: line 94: /bin/hmmsearch: No such file or directory
> Running chain B
  > Uniref90 already searched, skipping.
  > Mgnify already searched, skipping.
  > Running hhblits on bfd_uniref30
- 08:41:49.409 INFO: Searching 65983866 column state sequences.

- 08:41:50.577 INFO: Searching 29291635 column state sequences.

- 08:41:50.614 INFO: oxyr_human-2176/msas/B/chain_B.fasta is in A2M, A3M or FASTA format

- 08:41:50.614 INFO: Iteration 1

- 08:41:50.621 INFO: Prefiltering database

- 08:42:27.893 INFO: HMMs passed 1st prefilter (gapless profile-profile alignment)  : 36004

- 08:42:54.369 INFO: HMMs passed 1st prefilter (gapless profile-profile alignment)  : 53329

- 08:42:54.415 INFO: HMMs passed 2nd prefilter (gapped profile-profile alignment)   : 148

- 08:42:54.415 INFO: HMMs passed 2nd prefilter and not found in previous iterations : 148

- 08:42:54.415 INFO: Scoring 148 HMMs using HMM-HMM Viterbi alignment

- 08:42:54.462 INFO: Alternative alignment: 0

- 08:42:54.616 INFO: 148 alignments done

- 08:42:54.616 INFO: Alternative alignment: 1

- 08:42:54.620 INFO: 147 alignments done

- 08:42:54.620 INFO: Alternative alignment: 2

- 08:42:54.620 INFO: 1 alignments done

- 08:42:54.620 INFO: Alternative alignment: 3

- 08:42:54.694 INFO: Premerge done

- 08:42:54.694 INFO: Realigning 151 HMM-HMM alignments using Maximum Accuracy algorithm

- 08:42:54.752 INFO: 49 sequences belonging to 49 database HMMs found with an E-value < 0.001

- 08:42:54.752 INFO: Number of effective sequences of resulting query HMM: Neff = 5.70906

- 08:42:54.755 INFO: Iteration 2

- 08:42:54.755 INFO: Set premerge to 0! (premerge: 3 iteration: 2 hits.Size: 46)

- 08:42:54.759 INFO: Prefiltering database

- 08:43:38.942 INFO: HMMs passed 1st prefilter (gapless profile-profile alignment)  : 3721

- 08:43:57.708 INFO: HMMs passed 1st prefilter (gapless profile-profile alignment)  : 8116

- 08:43:57.730 INFO: HMMs passed 2nd prefilter (gapped profile-profile alignment)   : 44

- 08:43:57.730 INFO: HMMs passed 2nd prefilter and not found in previous iterations : 14

- 08:43:57.730 INFO: Scoring 14 HMMs using HMM-HMM Viterbi alignment

- 08:43:57.770 INFO: Alternative alignment: 0

- 08:43:57.771 INFO: 14 alignments done

- 08:43:57.771 INFO: Alternative alignment: 1

- 08:43:57.771 INFO: 8 alignments done

- 08:43:57.771 INFO: Alternative alignment: 2

- 08:43:57.772 INFO: 1 alignments done

- 08:43:57.772 INFO: Alternative alignment: 3

- 08:43:57.788 INFO: Realigning 12 HMM-HMM alignments using Maximum Accuracy algorithm

- 08:43:57.799 INFO: 50 sequences belonging to 50 database HMMs found with an E-value < 0.001

- 08:43:57.799 INFO: Number of effective sequences of resulting query HMM: Neff = 5.6898

- 08:43:57.801 INFO: Iteration 3

- 08:43:57.808 INFO: Prefiltering database

- 08:44:47.553 INFO: HMMs passed 1st prefilter (gapless profile-profile alignment)  : 3092

- 08:45:06.781 INFO: HMMs passed 1st prefilter (gapless profile-profile alignment)  : 6658

- 08:45:06.798 INFO: HMMs passed 2nd prefilter (gapped profile-profile alignment)   : 40

- 08:45:06.798 INFO: HMMs passed 2nd prefilter and not found in previous iterations : 12

- 08:45:06.798 INFO: Scoring 12 HMMs using HMM-HMM Viterbi alignment

- 08:45:06.841 INFO: Alternative alignment: 0

- 08:45:06.842 INFO: 12 alignments done

- 08:45:06.842 INFO: Alternative alignment: 1

- 08:45:06.843 INFO: 9 alignments done

- 08:45:06.843 INFO: Alternative alignment: 2

- 08:45:06.843 INFO: Alternative alignment: 3

- 08:45:06.858 INFO: Rescoring previously found HMMs with Viterbi algorithm

- 08:45:06.888 INFO: Alternative alignment: 0

- 08:45:06.890 INFO: 47 alignments done

- 08:45:06.890 INFO: Alternative alignment: 1

- 08:45:06.891 INFO: 46 alignments done

- 08:45:06.891 INFO: Alternative alignment: 2

- 08:45:06.891 INFO: Alternative alignment: 3

- 08:45:06.907 INFO: Premerge done

- 08:45:06.907 INFO: Realigning 57 HMM-HMM alignments using Maximum Accuracy algorithm

- 08:45:06.921 INFO: 51 sequences belonging to 51 database HMMs found with an E-value < 0.001

- 08:45:06.921 INFO: Number of effective sequences of resulting query HMM: Neff = 5.66914

     Query         oxytocin gtp:2176
     Match_columns 9
     No_of_seqs    48 out of 455
     Neff          5.66914
     Searched_HMMs 148
     Date          Thu Mar  9 08:45:06 2023
     Command       hhblits -i oxyr_human-2176/msas/B/chain_B.fasta -cpu 4 -maxmem 20 -oa3m /projects/ilfgrid/people/nqz918/code/deorph/scripts/af_arman/af_jobs_af23/oxyr_human/2176//oxyr_human-2176/msas/B/bfd_uniref_hits.a3m -o /dev/null -n 3 -e 0.001 -maxseq 1000000 -realign_max 100000 -maxfilt 100000 -min_prefilter_hits 1000 -d /projects/ilfgrid/data/alphafold-genetic-databases///bfd/bfd_metaclust_clu_complete_id30_c90_final_seq.sorted_opt -d /projects/ilfgrid/data/alphafold-genetic-databases///uniref30/UniRef30_2021_03 
     
      No Hit                             Prob E-value P-value  Score    SS Cols Query HMM  Template HMM
       1 UniRef100_P69128 Vasotocin n=2  98.2 3.9E-08 4.1E-14   27.7   0.0    9    1-9       1-9   (9)
       2 UniRef100_Q7LZD3 Hydrin 2 n=1   98.1 7.9E-08 8.1E-14   27.7   0.0    9    1-9       1-9   (10)
       3 UniRef100_P69043 Oxytocin n=5   98.0 2.9E-07 2.9E-13   26.1   0.0    9    1-9       1-9   (9)
       4 sp|P69058|OXYT_HYDCO Oxytocin   98.0 2.9E-07 2.9E-13   26.1   0.0    9    1-9       1-9   (9)
       5 UniRef100_P43000 Valitocin n=1  97.9 4.7E-07 4.8E-13   25.7   0.0    9    1-9       1-9   (9)
       6 UniRef100_P42994 Glumitocin n=  97.7 1.3E-06 1.3E-12   24.8   0.0    9    1-9       1-9   (9)
       7 UniRef100_P42995 Seritocin n=1  97.7 1.6E-06 1.7E-12   24.6   0.0    9    1-9       1-9   (9)
       8 UniRef100_P42999 Aspartocin n=  97.6 2.8E-06 2.8E-12   24.2   0.0    9    1-9       1-9   (9)
       9 UniRef100_P42996 Asvatocin n=1  97.6 4.5E-06 4.6E-12   23.8   0.0    9    1-9       1-9   (9)
      10 UniRef100_P42993 Isotocin n=1   97.5 6.8E-06   7E-12   23.5   0.0    9    1-9       1-9   (9)
      11 UniRef100_P84502 Lys-conopress  97.3 2.6E-05 2.7E-11   22.3   0.0    9    1-9       1-9   (9)
      12 UniRef100_P42992 Vasotocin-neu  97.2   3E-05 3.1E-11   27.1   0.0    9    1-9       1-9   (27)
      13 UniRef100_A0A087QN40 Vasotocin  97.2 3.2E-05 4.1E-11   33.3   0.0    9    1-9      20-28  (131)
      14 UniRef100_P80027 Cephalotocin   97.2 4.1E-05 4.2E-11   22.0   0.0    9    1-9       1-9   (9)
      15 UniRef100_P42997 Phasvatocin n  96.9 0.00019   2E-10   20.7   0.0    9    1-9       1-9   (9)
      16 UniRef100_P86255 Conopressin-T  96.8  0.0002   2E-10   20.2   0.0    8    1-8       1-8   (8)
      17 UniRef100_A0A0B4ZWU4 Oxytocin   96.8 0.00023 2.4E-10   24.3   0.0    9    1-9       2-10  (22)
      18 UniRef100_A0A091J9N4 Mesotocin  96.8  0.0002 2.4E-10   31.1   0.0    9    1-9      40-48  (127)
      19 UniRef100_P05487 Conopressin-S  96.8 0.00026 2.7E-10   20.4   0.0    9    1-9       1-9   (9)
      20 UniRef100_A0A0F7CSY3 Neurophys  96.8  0.0003 3.1E-10   26.4   0.0    9    1-9      20-28  (40)
      21 UniRef100_A0A060W4M5 Uncharact  96.7  0.0003 3.9E-10   32.5   0.0    9    1-9      70-78  (233)
      22 UniRef100_P16339 Locupressin n  96.7 0.00038 3.9E-10   20.1   0.0    9    1-9       1-9   (9)
      23 UniRef100_A0A2I8B339 Oxytocin/  96.6 0.00045 5.3E-10   30.9   0.0    9    1-9      23-31  (155)
      24 tr|A0A087XPE6|A0A087XPE6_POEFO  96.6 0.00057 6.8E-10   30.9   0.0    9    1-9      38-46  (171)
      25 UniRef100_Q63408 Rat prepro-ox  96.4  0.0011 1.1E-09   23.4   0.0    7    1-7      20-26  (26)
      26 UniRef100_P42998 Annetocin n=1  96.4  0.0014 1.4E-09   19.1   0.0    9    1-9       1-9   (9)
      27 UniRef100_S6BQ34 Arginine vaso  96.4  0.0014 1.4E-09   24.7   0.0    9    1-9      19-27  (39)
      28 UniRef100_A0A091CQU3 Oxytocin-  96.3  0.0015 1.5E-09   26.9   0.0    9    1-9      20-28  (71)
      29 tr|A0A1S3KZC8|A0A1S3KZC8_SALSA  96.3  0.0013 1.6E-09   30.4   0.0    9    1-9      71-79  (207)
      30 UniRef100_P0DL76 Conopressin-T  96.3  0.0017 1.8E-09   18.9   0.0    8    1-8       1-8   (9)
      31 tr|A0A218V8Z2|A0A218V8Z2_9PASE  96.2  0.0018   2E-09   31.0   0.0    9    1-9      20-28  (274)
      32 UniRef100_A0A0A0AAY3 Vasotocin  96.2  0.0022 2.4E-09   27.9   0.0    9    1-9      32-40  (110)
      33 UniRef100_A0A3Q2I9B2 Oxytocin-  96.1  0.0032 3.6E-09   28.9   0.0    9    1-9      20-28  (172)
      34 UniRef100_A0A091F124 Mesotocin  96.0  0.0036 4.2E-09   29.3   0.0    9    1-9      56-64  (207)
      35 UniRef100_A0A087QN41 Mesotocin  96.0  0.0037 4.2E-09   27.9   0.0    9    1-9      20-28  (132)
      36 UniRef100_O46610 Arginine vaso  96.0  0.0041 4.2E-09   24.0   0.0    9    1-9       1-9   (43)
      37 UniRef100_A0A091GHA6 Vasotocin  95.9  0.0047 5.7E-09   28.6   0.0    9    1-9      41-49  (190)
      38 UniRef100_A0A485PBH7 Vasopress  95.9  0.0056 5.9E-09   26.5   0.0    9    1-9      20-28  (101)
      39 UniRef100_A0A087XPE6 Oxytocin/  95.8  0.0058 6.5E-09   28.6   0.0    9    1-9      64-72  (201)
      40 UniRef100_A0A553RLT8 Uncharact  95.8  0.0063 6.5E-09   27.5   0.0    9    1-9      55-63  (148)
      41 tr|X5D8U4|X5D8U4_HUMAN Arginin  95.8  0.0064 7.1E-09   28.8   0.0    9    1-9      20-28  (222)
      42 tr|L5JY74|L5JY74_PTEAL Vasopre  95.8  0.0066 7.2E-09   28.1   0.0    9    1-9      20-28  (182)
      43 UniRef100_A0A384D4E0 vasopress  95.7   0.009 9.2E-09   25.2   0.0    9    1-9      20-28  (79)
      44 UniRef100_A0A3N0Z6Z0 Vasotocin  95.7   0.009 9.6E-09   28.3   0.0    9    1-9      23-31  (224)
      45 UniRef100_Q91078 Vasotocin n=1  95.7  0.0098   1E-08   27.1   0.0    9    1-9      23-31  (157)
      46 tr|S9Y5C4|S9Y5C4_CAMFR Unchara  95.5   0.013 1.3E-08   27.3   0.0    9    1-9      76-84  (185)
      47 UniRef100_A0A6P3QUI8 vasopress  95.5   0.013 1.4E-08   26.3   0.0    9    1-9      20-28  (128)
      48 UniRef100_A0A3Q0GA10 mesotocin  95.4   0.017 1.9E-08   26.9   0.0    9    1-9      62-70  (171)
      49 UniRef100_S9Y5C4 Uncharacteriz  95.3   0.023 2.4E-08   26.5   0.0    9    1-9      76-84  (185)
      50 UniRef100_A0A3Q1GVY0 Vasotocin  95.2   0.027 2.8E-08   26.9   0.0    9    1-9      20-28  (225)
      51 UniRef100_A0A4W5PGA2 Uncharact  95.1   0.028 2.9E-08   25.4   0.0    9    1-9      15-23  (132)
      52 UniRef100_A0A5E4A6C0 Uncharact  94.9   0.042 4.3E-08   25.6   0.0    9    1-9      20-28  (173)
      53 UniRef100_A0A4W3IAX1 Uncharact  94.7   0.056 5.8E-08   26.2   0.0    9    1-9      20-28  (244)
      54 UniRef100_A0A218V8Z2 Vasotocin  94.7   0.058 5.9E-08   26.4   0.0    9    1-9      20-28  (274)
      55 UniRef100_A0A5F4C3C7 Oxytocin/  94.6   0.063 6.5E-08   26.1   0.0    9    1-9      76-84  (251)
      56 UniRef100_A0A2U3VSE3 LOW QUALI  94.6    0.07 7.2E-08   25.6   0.0    9    1-9     111-119 (216)
      57 UniRef100_A0A3B8QIH4 Uncharact  94.5   0.074 7.7E-08   20.4   0.0    8    1-8      13-20  (36)
     
  > Uniprot already searched, skipping.
/projects/ilfgrid/apps/alphafold-2.2.0/prep_MSAs.sh: line 93: /bin/hmmbuild: No such file or directory
/projects/ilfgrid/apps/alphafold-2.2.0/prep_MSAs.sh: line 94: /bin/hmmsearch: No such file or directory

>> Job finished at: Thu Mar  9 08:45:10 CET 2023

>> Runtime: 893 s
