>> Job started at: Thu Feb 23 09:09:59 CET 2023
   On Machine:     ilfgridgpun01fl.unicph.domain
   In directory:   /projects/ilfgrid/people/nqz918/code/deorph/scripts/af_arman/af_jobs_af23/gasr_human/864

>> GPU is 

> Running 'prep_MSAs.sh'
  > Alphafold-DB directory is set to /projects/ilfgrid/data/alphafold-genetic-databases//
  > Number of cores was set to set to 2
  > Max memory set to 20 GB
  > Output directory was set to /projects/ilfgrid/people/nqz918/code/deorph/scripts/af_arman/af_jobs_af23/gasr_human/864/
  > Input fastafile was set to /projects/ilfgrid/people/nqz918/code/deorph/scripts/af_arman/af_jobs_af23/gasr_human/864/gasr_human-864.fasta
> Splitting fastafile
> Running chain A
  > Uniref90 already searched, skipping.
  > Mgnify already searched, skipping.
  > Running hhblits on bfd_uniref30
- 09:10:30.282 INFO: Searching 65983866 column state sequences.

- 09:10:33.018 INFO: Searching 29291635 column state sequences.

- 09:10:33.068 INFO: gasr_human-864/msas/A/chain_A.fasta is in A2M, A3M or FASTA format

- 09:10:33.068 INFO: Iteration 1

- 09:10:33.410 INFO: Prefiltering database

- 09:17:32.199 INFO: HMMs passed 1st prefilter (gapless profile-profile alignment)  : 3831434

- 09:19:39.895 INFO: HMMs passed 1st prefilter (gapless profile-profile alignment)  : 1216626

- 09:19:48.496 INFO: HMMs passed 2nd prefilter (gapped profile-profile alignment)   : 38421

- 09:19:48.496 INFO: HMMs passed 2nd prefilter and not found in previous iterations : 38421

- 09:19:48.496 INFO: Scoring 38421 HMMs using HMM-HMM Viterbi alignment

- 09:19:48.529 INFO: Alternative alignment: 0

- 09:21:45.624 INFO: 2000 alignments done

- 09:23:23.660 INFO: 4000 alignments done

- 09:25:17.887 INFO: 6000 alignments done

- 09:25:55.590 INFO: 8000 alignments done

- 09:26:57.155 INFO: 10000 alignments done

- 09:27:45.461 INFO: 12000 alignments done

- 09:28:13.873 INFO: 14000 alignments done

- 09:28:56.749 INFO: 16000 alignments done

- 09:29:34.877 INFO: 18000 alignments done

- 09:29:46.877 INFO: 20000 alignments done

- 09:30:01.427 INFO: 22000 alignments done

- 09:30:12.444 INFO: 24000 alignments done

- 09:30:18.831 INFO: 26000 alignments done

- 09:30:27.428 INFO: 28000 alignments done

- 09:30:46.296 INFO: 30000 alignments done

- 09:31:19.723 INFO: 32000 alignments done

- 09:31:53.058 INFO: 34000 alignments done

- 09:32:16.195 INFO: 36000 alignments done

- 09:32:38.163 INFO: 38000 alignments done

- 09:32:43.221 INFO: 38421 alignments done

- 09:32:43.224 INFO: Stop after DB-HHM: 38421 because early stop  1.48933 < filter cutoff 4.21

- 09:32:43.226 INFO: Alternative alignment: 1

- 09:37:02.723 INFO: 37395 alignments done

- 09:37:02.902 INFO: Alternative alignment: 2

- 09:39:13.782 INFO: 12001 alignments done

- 09:39:13.807 INFO: Alternative alignment: 3

- 09:39:22.738 INFO: 2158 alignments done

- 09:39:24.914 INFO: Premerge done

- 09:39:24.917 INFO: Realigning 16311 HMM-HMM alignments using Maximum Accuracy algorithm

- 09:57:40.773 INFO: 16314 sequences belonging to 16314 database HMMs found with an E-value < 0.001

- 09:57:40.774 INFO: Number of effective sequences of resulting query HMM: Neff = 10.1444

- 09:57:41.723 INFO: Iteration 2

- 09:57:41.724 INFO: Set premerge to 0! (premerge: 3 iteration: 2 hits.Size: 16311)

- 09:57:42.076 INFO: Prefiltering database

- 10:07:14.877 INFO: HMMs passed 1st prefilter (gapless profile-profile alignment)  : 14594255

- 10:46:17.171 WARNING: Number of hits passing 2nd prefilter (reduced from 177377 to allowed maximum of 100000).
You can increase the allowed maximum using the -maxfilt <max> option.

- 10:48:15.374 INFO: HMMs passed 1st prefilter (gapless profile-profile alignment)  : 4329820

- 10:49:02.166 WARNING: Number of hits passing 2nd prefilter (reduced from 210224 to allowed maximum of 100000).
You can increase the allowed maximum using the -maxfilt <max> option.

- 10:49:02.608 WARNING: database contains sequences that exceed maximum allowed size (maxres = 20001). Max sequence length can be increased with parameter -maxres.

- 10:49:02.630 INFO: HMMs passed 2nd prefilter (gapped profile-profile alignment)   : 200000

- 10:49:02.630 INFO: HMMs passed 2nd prefilter and not found in previous iterations : 184037

- 10:49:02.630 INFO: Scoring 184037 HMMs using HMM-HMM Viterbi alignment

- 10:49:02.668 INFO: Alternative alignment: 0

- 10:50:05.809 INFO: 2000 alignments done

- 10:51:03.407 INFO: 4000 alignments done

- 10:52:06.157 INFO: 6000 alignments done

- 10:52:59.734 INFO: 8000 alignments done

- 10:53:55.045 INFO: 10000 alignments done

- 10:54:35.523 INFO: 12000 alignments done

- 10:55:15.069 INFO: 14000 alignments done

- 10:56:16.782 INFO: 16000 alignments done

- 10:57:06.145 INFO: 18000 alignments done

- 10:57:41.590 INFO: 20000 alignments done

- 10:58:40.891 INFO: 22000 alignments done

- 10:59:51.323 INFO: 24000 alignments done

- 10:59:51.326 INFO: Stop after DB-HHM: 24000 because early stop  15.6647 < filter cutoff 20

- 10:59:51.326 INFO: Alternative alignment: 1

- 11:01:18.808 INFO: 7268 alignments done

- 11:01:18.820 INFO: Alternative alignment: 2

- 11:01:20.541 INFO: 927 alignments done

- 11:01:20.542 INFO: Alternative alignment: 3

- 11:01:20.905 INFO: 155 alignments done

- 11:01:21.092 INFO: Realigning 3910 HMM-HMM alignments using Maximum Accuracy algorithm

- 11:02:52.228 INFO: 20224 sequences belonging to 20224 database HMMs found with an E-value < 0.001

- 11:02:52.228 INFO: Number of effective sequences of resulting query HMM: Neff = 10.5051

- 11:02:52.561 INFO: Iteration 3

- 11:02:52.990 INFO: Prefiltering database

- 11:20:30.631 INFO: HMMs passed 1st prefilter (gapless profile-profile alignment)  : 14839917

- 11:30:30.701 WARNING: Number of hits passing 2nd prefilter (reduced from 179879 to allowed maximum of 100000).
You can increase the allowed maximum using the -maxfilt <max> option.

- 11:31:46.081 INFO: HMMs passed 1st prefilter (gapless profile-profile alignment)  : 4277173

- 11:32:27.356 WARNING: Number of hits passing 2nd prefilter (reduced from 201804 to allowed maximum of 100000).
You can increase the allowed maximum using the -maxfilt <max> option.

- 11:32:28.055 WARNING: database contains sequences that exceed maximum allowed size (maxres = 20001). Max sequence length can be increased with parameter -maxres.

- 11:32:28.055 INFO: HMMs passed 2nd prefilter (gapped profile-profile alignment)   : 200000

- 11:32:28.055 INFO: HMMs passed 2nd prefilter and not found in previous iterations : 180168

- 11:32:28.055 INFO: Scoring 180168 HMMs using HMM-HMM Viterbi alignment

- 11:32:28.096 INFO: Alternative alignment: 0

- 11:33:47.240 INFO: 2000 alignments done

- 11:35:03.565 INFO: 4000 alignments done

- 11:36:08.790 INFO: 6000 alignments done

- 11:37:24.823 INFO: 8000 alignments done

- 11:38:34.447 INFO: 10000 alignments done

- 11:39:40.696 INFO: 12000 alignments done

- 11:40:52.904 INFO: 14000 alignments done

- 11:42:16.834 INFO: 16000 alignments done

- 11:44:02.321 INFO: 18000 alignments done

- 11:45:44.025 INFO: 20000 alignments done

- 11:47:27.428 INFO: 22000 alignments done

- 11:49:16.609 INFO: 24000 alignments done

- 11:49:16.615 INFO: Stop after DB-HHM: 24000 because early stop  14.1804 < filter cutoff 20

- 11:49:16.615 INFO: Alternative alignment: 1

- 11:49:49.452 INFO: 4263 alignments done

- 11:49:49.458 INFO: Alternative alignment: 2

- 11:49:50.844 INFO: 712 alignments done

- 11:49:50.845 INFO: Alternative alignment: 3

- 11:49:51.145 INFO: 153 alignments done

- 11:49:51.318 INFO: Rescoring previously found HMMs with Viterbi algorithm

- 11:49:51.356 INFO: Alternative alignment: 0

- 11:49:56.492 INFO: 2000 alignments done

- 11:49:58.592 INFO: 4000 alignments done

- 11:50:00.273 INFO: 6000 alignments done

- 11:50:01.850 INFO: 8000 alignments done

- 11:50:03.362 INFO: 10000 alignments done

- 11:50:04.823 INFO: 12000 alignments done

- 11:50:06.289 INFO: 14000 alignments done

- 11:50:07.711 INFO: 16000 alignments done

- 11:50:09.124 INFO: 18000 alignments done

- 11:50:10.451 INFO: 19829 alignments done

- 11:50:10.455 INFO: Alternative alignment: 1

- 11:50:25.590 INFO: 19828 alignments done

- 11:50:25.650 INFO: Alternative alignment: 2

- 11:50:27.857 INFO: 2016 alignments done

- 11:50:27.859 INFO: Alternative alignment: 3

- 11:50:28.285 INFO: 291 alignments done

- 11:50:28.629 INFO: Premerge done

- 11:50:28.635 INFO: Realigning 20587 HMM-HMM alignments using Maximum Accuracy algorithm

- 11:52:05.007 INFO: 20627 sequences belonging to 20627 database HMMs found with an E-value < 0.001

- 11:52:05.008 INFO: Number of effective sequences of resulting query HMM: Neff = 10.5251

     Query         gasr_human P32239
     Match_columns 447
     No_of_seqs    2586 out of 246099
     Neff          10.5251
     Searched_HMMs 224922
     Date          Thu Feb 23 11:52:05 2023
     Command       hhblits -i gasr_human-864/msas/A/chain_A.fasta -cpu 2 -maxmem 20 -oa3m /projects/ilfgrid/people/nqz918/code/deorph/scripts/af_arman/af_jobs_af23/gasr_human/864//gasr_human-864/msas/A/bfd_uniref_hits.a3m -o /dev/null -n 3 -e 0.001 -maxseq 1000000 -realign_max 100000 -maxfilt 100000 -min_prefilter_hits 1000 -d /projects/ilfgrid/data/alphafold-genetic-databases///bfd/bfd_metaclust_clu_complete_id30_c90_final_seq.sorted_opt -d /projects/ilfgrid/data/alphafold-genetic-databases///uniref30/UniRef30_2021_03 
     
      No Hit                             Prob E-value P-value  Score    SS Cols Query HMM  Template HMM
       1 tr|A0A0P7TYE1|A0A0P7TYE1_9TELE 100.0 4.8E-79   5E-85  539.3   0.0  427    1-446    45-506 (507)
       2 UniRef100_A0A060W247 Cholecyst 100.0 4.6E-75 4.8E-81  526.5   0.0  382   48-446   121-511 (563)
       3 UniRef100_A0A224B198 Cholecyst 100.0 6.4E-72 6.6E-78  479.9   0.0  427    1-446    60-511 (534)
       4 UniRef100_A0A096NAQ2 Cholecyst 100.0   8E-72 8.3E-78  506.2   0.0  379   54-447   150-539 (617)
       5 tr|A0A0Q3X1E4|A0A0Q3X1E4_AMAAE 100.0 4.7E-70 4.9E-76  498.8   0.0  426    3-447    92-537 (789)
       6 tr|R4J1H6|R4J1H6_SALSA Cholecy 100.0 1.1E-67 1.2E-73  459.4   0.0  393   38-446    30-460 (461)
       7 tr|A0A210R0K7|A0A210R0K7_MIZYE 100.0   2E-65 2.1E-71  448.9   0.0  386   49-445    68-457 (470)
       8 UniRef100_A0A060VXE3 G_PROTEIN 100.0 8.2E-64 8.5E-70  426.8   0.0  433    1-446     1-460 (462)
       9 tr|A0A147A4W2|A0A147A4W2_FUNHE 100.0 1.4E-62 1.5E-68  438.0   0.0  344   47-409    87-443 (502)
      10 UniRef100_A0A091CVE3 Cholecyst 100.0 1.7E-62 1.8E-68  428.0   0.0  383   49-446   107-497 (543)
      11 UniRef100_A0A315W8H2 G_PROTEIN 100.0   3E-60 3.1E-66  423.5   0.0  381   53-446   258-697 (756)
      12 UniRef100_A0A5C6PRS2 Cholecyst 100.0 1.3E-58 1.3E-64  397.5   0.0  375   53-446   162-548 (549)
      13 UniRef100_A0A5C6N9A1 Cholecyst 100.0 3.7E-58 3.8E-64  402.4   0.0  427    1-446     1-664 (665)
      14 UniRef100_A0A1D1W534 G_PROTEIN 100.0   2E-57 2.2E-63  422.1   0.0  349   54-411    78-435 (492)
      15 tr|A0A151MLB5|A0A151MLB5_ALLMI 100.0 2.9E-57   3E-63  414.4   0.0  346   48-415   491-838 (839)
      16 UniRef100_A0A6I8NTR3 G_PROTEIN 100.0 2.9E-57   3E-63  402.4   0.0  387   48-446   263-654 (658)
      17 UniRef100_UPI000A1C289A cholec 100.0   5E-57 5.2E-63  387.4   0.0  374   55-445     3-393 (542)
      18 tr|L9KFJ4|L9KFJ4_TUPCH Cholecy 100.0 7.5E-57 7.7E-63  393.7   0.0  374   49-446    36-416 (585)
      19 UniRef100_A0A164MD49 Putative  100.0   1E-56 1.1E-62  403.6   0.0  345   53-410    48-396 (498)
      20 UniRef100_A0A2G8KL37 Cholecyst 100.0 2.6E-56 2.7E-62  398.6   0.0  333   53-409    97-430 (493)
      21 UniRef100_A0A026WK40 Cholecyst 100.0 2.6E-56 2.8E-62  421.3   0.0  361   54-415   154-549 (656)
      22 UniRef100_A0A151MLB5 Cholecyst 100.0 1.1E-55 1.2E-61  404.4   0.0  376   50-446   523-902 (903)
      23 UniRef100_A0A315W6M2 Cholecyst 100.0 3.6E-55 3.7E-61  377.3   0.0  400   28-443   129-543 (557)
      24 UniRef100_A0A060WUW0 Cholecyst 100.0   8E-55 8.3E-61  362.2   0.0  299  135-447     5-311 (317)
      25 UniRef100_A0A1S3HKE5 allatosta 100.0 8.9E-54 9.5E-60  392.2   0.0  295   51-409    79-375 (462)
      26 UniRef100_A0A024FLF0 PQRFa pep 100.0 3.2E-53 3.4E-59  389.8   0.0  296   51-409    46-346 (413)
      27 UniRef100_UPI00155FEC9D cholec 100.0 4.7E-53 4.8E-59  367.6   0.0  374   50-444   218-599 (605)
      28 UniRef100_A0A6P4Z4S7 G-protein 100.0 6.9E-53 7.4E-59  390.0   0.0  296   51-410    56-352 (417)
      29 UniRef100_A0A0K0PUR1 Orphan G- 100.0 7.3E-53 7.8E-59  389.5   0.0  292   52-407   112-409 (530)
      30 UniRef100_A0A026W5R0 Orexin re 100.0 9.3E-53 9.8E-59  388.7   0.0  311   51-413   114-430 (529)
      31 UniRef100_A0A7M4FL26 Cholecyst 100.0 1.3E-52 1.3E-58  366.2   0.0  372   50-446   250-627 (628)
      32 UniRef100_A0A6P4Y4T1 galanin r 100.0 2.5E-52 2.7E-58  371.6   0.0  297   50-410    54-352 (410)
      33 UniRef100_A0A141CIT8 G protein 100.0 2.8E-52   3E-58  378.0   0.0  294   51-409    83-376 (488)
      34 UniRef100_A0A177B9B5 Rhodopsin 100.0 3.7E-52 3.9E-58  370.8   0.0  313   53-415    89-408 (464)
      35 UniRef100_A0A6P4XD29 neuropept 100.0 6.2E-52 6.5E-58  366.9   0.0  296   53-410    40-343 (385)
      36 UniRef100_F6ZHC8 Uncharacteriz 100.0 7.1E-52 7.4E-58  372.6   0.0  354   54-410    87-465 (520)
      37 UniRef100_A0A026WW28 Neuropept 100.0 1.2E-51 1.3E-57  382.3   0.0  296   52-410    86-381 (552)
      38 UniRef100_A0A023F675 Putative  100.0 1.8E-51   2E-57  384.3   0.0  294   51-410   123-420 (530)
      39 UniRef100_A0A0K0PUI9 Orphan G- 100.0 2.5E-51 2.6E-57  382.9   0.0  302   51-411    98-409 (534)
      40 UniRef100_A0A026WTK8 Tachykini 100.0 4.4E-51 4.6E-57  374.8   0.0  294   51-409    86-388 (556)
      41 UniRef100_A0A154PKR3 Tachykini 100.0 4.5E-51 4.7E-57  370.5   0.0  293   52-409    74-374 (457)
      42 UniRef100_A0A2B4SDF9 Neuropept 100.0 4.6E-51 4.8E-57  367.3   0.0  293   53-410    88-380 (455)
      43 UniRef100_A0A0K0PUL8 Allatosta 100.0 7.5E-51 7.9E-57  364.1   0.0  295   50-410    46-345 (396)
      44 UniRef100_A0A026X3T6 Allatosta 100.0 1.5E-50 1.6E-56  371.3   0.0  290   54-412   139-428 (540)
      45 UniRef100_A0A068YB14 Neuropept 100.0 1.5E-50 1.6E-56  372.1   0.0  303   53-415    53-358 (448)
      46 UniRef100_A0A1D2M4J2 Neuropept 100.0 1.9E-50   2E-56  366.2   0.0  293   53-409   125-423 (497)
      47 UniRef100_A0A0Q3X1E4 Cholecyst 100.0 2.5E-50 2.6E-56  359.9   0.0  375   51-444   153-534 (789)
      48 UniRef100_A0A061INJ6 Pyrogluta 100.0 2.6E-50 2.7E-56  379.7   0.0  300   53-408   151-457 (594)
      49 tr|A0A0P7U387|A0A0P7U387_9TELE 100.0 2.9E-50   3E-56  360.9   0.0  289   53-411   127-417 (556)
      50 UniRef100_A0A060VUW6 G_PROTEIN 100.0   4E-50 4.3E-56  382.6   0.0  321   53-411   116-441 (574)
      51 UniRef100_A0A674GTU0 Cholecyst 100.0 4.2E-50 4.3E-56  343.5   0.0  347   48-417    51-400 (513)
      52 UniRef100_A0A2B4S7K2 Histamine 100.0 5.4E-50 5.8E-56  361.9   0.0  299   51-409    29-327 (369)
      53 UniRef100_A0A210QEM7 Neuropept 100.0 6.4E-50 6.7E-56  355.2   0.0  292   53-410    49-347 (416)
      54 UniRef100_A0A060VSP8 5-hydroxy 100.0 6.4E-50 6.8E-56  365.2   0.0  329   54-409    87-415 (479)
      55 UniRef100_A0A1N7TCF1 Galanin r 100.0 6.8E-50 7.1E-56  357.0   0.0  293   52-412    69-363 (407)
      56 UniRef100_A0A1S3J712 QRFP-like 100.0 7.2E-50 7.6E-56  367.3   0.0  292   52-407    65-369 (507)
      57 UniRef100_A0A0K0PUH3 Allatotro 100.0 8.9E-50 9.3E-56  352.6   0.0  304   53-411    67-375 (424)
      58 UniRef100_A0A182H1J6 G_PROTEIN 100.0   9E-50 9.3E-56  377.0   0.0  358   52-409   316-794 (1005)
      59 tr|A0A1I8M930|A0A1I8M930_MUSDO 100.0 1.1E-49 1.2E-55  382.3   0.0  348   54-409   188-578 (963)
      60 UniRef100_A0A0K0PUX7 Orphan G- 100.0 1.4E-49 1.5E-55  364.9   0.0  291   52-410    60-355 (471)
      61 UniRef100_A0A0K0PUT9 Excitator 100.0 1.4E-49 1.5E-55  366.2   0.0  299   51-408   100-400 (474)
      62 UniRef100_A0A060W5Z4 G_PROTEIN 100.0 1.5E-49 1.6E-55  366.4   0.0  284   54-410   190-475 (593)
      63 UniRef100_A0A139WB32 Tachykini 100.0 1.6E-49 1.7E-55  354.0   0.0  295   53-412    42-345 (405)
      64 UniRef100_A0A1S3GQE7 Cholecyst 100.0 1.6E-49 1.7E-55  341.0   0.0  395   50-447    47-448 (448)
      65 tr|M3ZFE6|M3ZFE6_XIPMA Somatos 100.0 1.7E-49 1.7E-55  353.9   0.0  287   53-411   103-391 (525)
      66 tr|C3XSP5|C3XSP5_BRAFL Unchara 100.0 1.8E-49 1.8E-55  343.3   0.0  301   53-415    26-332 (403)
      67 UniRef100_A0A0B4LHT6 RYamide r 100.0 1.8E-49 1.9E-55  363.2   0.0  294   51-410   111-412 (524)
      68 UniRef100_A0A023F668 Putative  100.0 1.8E-49 1.9E-55  353.7   0.0  295   53-410    84-378 (484)
      69 UniRef100_A0A060X1Q6 Somatosta 100.0 2.1E-49 2.2E-55  369.3   0.0  285   53-409   138-424 (604)
      70 tr|A0A1W4ZX05|A0A1W4ZX05_9TELE 100.0 3.2E-49 3.4E-55  356.9   0.0  301   54-409    69-385 (480)
      71 UniRef100_A0A087UNN0 Neuropept 100.0 3.3E-49 3.4E-55  354.0   0.0  289   53-405    92-387 (470)
      72 UniRef100_A0A0P5DAK4 Orexin re 100.0 3.6E-49 3.8E-55  355.6   0.0  326   53-415   105-436 (505)
      73 tr|A0A1I8PIJ9|A0A1I8PIJ9_STOCA 100.0 3.8E-49   4E-55  364.7   0.0  295   51-410   166-468 (680)
      74 UniRef100_A0A060X5Z5 G_PROTEIN 100.0 4.8E-49 5.1E-55  364.1   0.0  298   55-409    84-384 (522)
      75 UniRef100_A0A2B4RSM5 Neuropept 100.0   6E-49 6.3E-55  351.2   0.0  289   52-409    34-323 (417)
      76 tr|C3XVS5|C3XVS5_BRAFL Unchara 100.0 6.1E-49 6.4E-55  345.3   0.0  301   51-410    64-364 (425)
      77 UniRef100_A0A087X575 NPY-Y2 re 100.0 6.3E-49 6.6E-55  350.0   0.0  295   53-409    72-371 (426)
      78 UniRef100_A0A077Z2H9 Putative  100.0 6.4E-49 6.8E-55  359.6   0.0  320   55-408    72-395 (477)
      79 UniRef100_A0A2H8TNJ5 Neuropept 100.0   9E-49 9.4E-55  354.3   0.0  290   54-406   155-450 (528)
      80 tr|A0A0F8ARD3|A0A0F8ARD3_LARCR 100.0 9.8E-49   1E-54  345.3   0.0  285   53-409    52-338 (464)
      81 UniRef100_A0A087Y1S0 Cholecyst 100.0 1.1E-48 1.2E-54  334.4   0.0  341   47-409    38-386 (447)
      82 UniRef100_A0A2B4RHL7 Galanin r 100.0 1.1E-48 1.2E-54  340.4   0.0  281   53-410    31-311 (406)
      83 tr|A0A0P4XBU7|A0A0P4XBU7_9CRUS 100.0 1.2E-48 1.3E-54  361.7   0.0  294   51-407    57-413 (557)
      84 tr|A0A1L8G1N6|A0A1L8G1N6_XENLA 100.0 1.5E-48 1.6E-54  346.4   0.0  286   51-409   113-398 (448)
      85 UniRef100_A0A091EBV8 Type-1 an 100.0 1.7E-48 1.8E-54  368.7   0.0  280   51-407   344-628 (715)
      86 tr|A0A0N8JZL4|A0A0N8JZL4_9TELE 100.0 1.8E-48 1.9E-54  348.9   0.0  295   54-409   104-412 (482)
      87 UniRef100_A0A2B4SKX3 Cholecyst 100.0 1.9E-48 1.9E-54  347.3   0.0  343   51-411    68-414 (428)
      88 UniRef100_A0A6J8CLU9 HCRTR2 n= 100.0   2E-48 2.1E-54  344.2   0.0  305   52-411    50-360 (422)
      89 UniRef100_A0A026WK16 Tachykini 100.0 2.1E-48 2.2E-54  357.8   0.0  311   35-410   162-482 (641)
      90 tr|A0A1U7TSJ4|A0A1U7TSJ4_TARSY 100.0 2.3E-48 2.4E-54  349.5   0.0  294   53-408   211-517 (600)
      91 tr|A0A182G4E1|A0A182G4E1_AEDAL 100.0 2.5E-48 2.6E-54  354.2   0.0  297   51-410    64-371 (534)
      92 UniRef100_A0A0K0PUH1 Orphan G- 100.0 2.9E-48 3.1E-54  338.5   0.0  293   53-409    51-348 (413)
      93 tr|A0A2C9JWF9|A0A2C9JWF9_BIOGL 100.0 3.4E-48 3.6E-54  351.0   0.0  300   52-410    63-366 (403)
      94 UniRef100_A0A2B4SKI0 Tachykini 100.0 3.7E-48   4E-54  364.3   0.0  295   51-410    88-391 (469)
      95 UniRef100_A0A060X360 G_PROTEIN 100.0 3.9E-48 4.1E-54  346.8   0.0  291   53-412    98-391 (477)
      96 UniRef100_A0A1D1VDY3 G_PROTEIN 100.0 5.6E-48 5.9E-54  352.9   0.0  296   51-410   130-447 (557)
      97 UniRef100_A0A061A7W5 G_PROTEIN 100.0 5.9E-48 6.2E-54  353.1   0.0  297   53-410    60-359 (473)
      98 UniRef100_A0A0L7QLJ1 Neuropept 100.0 6.7E-48 6.9E-54  334.2   0.0  324   53-443   126-455 (485)
      99 UniRef100_A0A077YWL6 Somatosta 100.0 6.6E-48 7.1E-54  356.4   0.0  293   54-412    65-363 (446)
     100 UniRef100_A0A1S3H6K0 neuropept 100.0 7.6E-48 8.1E-54  357.1   0.0  293   53-409    55-357 (470)
     101 UniRef100_A0A0K0PUH0 Orphan G- 100.0 7.8E-48 8.2E-54  362.6   0.0  326   53-404   135-468 (583)
     102 UniRef100_A0A060X690 G_PROTEIN 100.0 8.3E-48 8.7E-54  337.9   0.0  289   53-409    45-335 (386)
     103 tr|A0A0P7U0M1|A0A0P7U0M1_9TELE 100.0 8.8E-48 9.2E-54  335.2   0.0  311   53-412   100-414 (440)
     104 UniRef100_A0A3Q2XUA4 Cholecyst 100.0   1E-47   1E-53  335.1   0.0  339   47-405    41-388 (545)
     105 UniRef100_A0A369RW72 Octopamin 100.0   1E-47 1.1E-53  355.7   0.0  300   55-405    55-354 (412)
     106 tr|A0A2G8KL37|A0A2G8KL37_STIJA 100.0   1E-47 1.1E-53  330.4   0.0  349   51-410    46-400 (439)
     107 UniRef100_A0A1V9XU68 Tyramine/ 100.0 1.3E-47 1.4E-53  343.9   0.0  304   54-413    52-357 (408)
     108 UniRef100_A0A1S3IX78 RYamide r 100.0 1.4E-47 1.5E-53  341.0   0.0  302   50-415    49-354 (444)
     109 tr|A0A2B4SUH3|A0A2B4SUH3_STYPI 100.0 1.5E-47 1.6E-53  341.6   0.0  328   54-445    25-361 (385)
     110 UniRef100_A0A068WVN8 Biogenic  100.0 1.6E-47 1.7E-53  360.3   0.0  358   51-418   117-516 (641)
     111 UniRef100_A0A087XDT1 Somatosta 100.0 1.8E-47 1.8E-53  349.3   0.0  287   52-410   166-454 (676)
     112 UniRef100_A0A084WIC4 Short neu 100.0 1.8E-47 1.9E-53  347.2   0.0  296   53-410    91-387 (551)
     113 UniRef100_A0A026VW91 Neuropept 100.0 1.9E-47   2E-53  338.0   0.0  324   53-443   187-516 (582)
     114 UniRef100_A0A087RJN6 Somatosta 100.0 2.1E-47 2.3E-53  350.5   0.0  285   53-409    59-343 (391)
     115 tr|W4Z2N2|W4Z2N2_STRPU Unchara 100.0 2.6E-47 2.7E-53  330.0   0.0  302   53-415    55-357 (406)
     116 UniRef100_A0A0K0PUV0 FVRIamide 100.0 2.7E-47 2.8E-53  346.6   0.0  331   53-412    51-381 (458)
     117 UniRef100_A0A0L0C8S9 G_PROTEIN 100.0 3.1E-47 3.3E-53  354.1   0.0  354   55-408   219-652 (716)
     118 UniRef100_A0A0C9QBK4 GHSR_0 pr 100.0 3.2E-47 3.4E-53  362.7   0.0  292   53-407   171-472 (591)
     119 tr|A0A1D1UXI1|A0A1D1UXI1_RAMVA 100.0 3.4E-47 3.6E-53  340.1   0.0  292   53-411    80-377 (499)
     120 UniRef100_A0A068WW83 Allatosta 100.0 3.4E-47 3.6E-53  350.8   0.0  284   51-403    63-347 (432)
     121 UniRef100_A0A0P0YUU8 Cannabino 100.0 3.7E-47 3.8E-53  343.2   0.0  330   57-410    85-418 (496)
     122 UniRef100_A0A0L8I0T4 G_PROTEIN 100.0 3.7E-47 3.9E-53  346.5   0.0  350   53-417   132-505 (554)
     123 UniRef100_A0A226DFM2 Neuropept 100.0 3.8E-47   4E-53  343.8   0.0  291   54-407   105-401 (523)
     124 UniRef100_A0A1I8HKX2 G_PROTEIN 100.0 4.1E-47 4.3E-53  342.4   0.0  346   53-409    39-411 (442)
     125 UniRef100_A0A084WFJ7 AGAP00011 100.0 4.2E-47 4.4E-53  346.4   0.0  293   54-414    87-385 (519)
     126 UniRef100_A0A0L8HHE2 G_PROTEIN 100.0 4.5E-47 4.8E-53  338.7   0.0  290   58-412     4-302 (385)
     127 UniRef100_A0A044T5H8 G_PROTEIN 100.0 4.9E-47 5.1E-53  352.8   0.0  326   51-411   242-570 (693)
     128 UniRef100_A0A0N0PF28 Orexin re 100.0 5.5E-47 5.7E-53  346.6   0.0  315   53-406   135-456 (588)
     129 UniRef100_A0A0L8I310 G_PROTEIN 100.0 5.6E-47 5.9E-53  347.6   0.0  321   55-410    46-369 (468)
     130 tr|A0A147AZW9|A0A147AZW9_FUNHE 100.0 5.6E-47   6E-53  353.8   0.0  319   54-440    85-460 (468)
     131 tr|A0A151NBW9|A0A151NBW9_ALLMI 100.0 5.9E-47 6.2E-53  339.1   0.0  297   54-409    80-391 (472)
     132 UniRef100_A0A0L8GIM4 G_PROTEIN 100.0 6.7E-47 7.1E-53  353.1   0.0  296   52-410    94-396 (481)
     133 tr|A0A1D1W534|A0A1D1W534_RAMVA 100.0 7.4E-47 7.7E-53  334.1   0.0  358   52-413    53-430 (493)
     134 UniRef100_A0A210QT45 G-protein 100.0 7.6E-47   8E-53  336.2   0.0  305   54-416    58-364 (472)
     135 UniRef100_A0A1S3KA35 Alpha-1B  100.0 8.1E-47 8.5E-53  347.8   0.0  331   55-413    90-423 (551)
     136 UniRef100_A0A193KU97 GCR058 n= 100.0 8.2E-47 8.6E-53  328.8   0.0  298   54-409    25-331 (379)
     137 UniRef100_A0A0K0PUK8 FMRFamide 100.0 8.3E-47 8.8E-53  350.8   0.0  291   53-407    57-351 (471)
     138 UniRef100_A0A7M7SYV2 G_PROTEIN 100.0 8.9E-47 9.3E-53  347.1   0.0  336   56-415    69-405 (630)
     139 UniRef100_A0A2G8L6L1 Putative  100.0   9E-47 9.5E-53  334.7   0.0  312   24-410     7-325 (407)
     140 UniRef100_A0A0L7KZ56 Neuropept 100.0 9.2E-47 9.7E-53  341.7   0.0  293   53-409    85-385 (509)
     141 UniRef100_A0A0K0PUK6 Orphan G- 100.0   1E-46 1.1E-52  332.4   0.0  295   52-410    64-374 (448)
     142 UniRef100_A0A034WDF0 Allatosta 100.0   1E-46 1.1E-52  343.9   0.0  290   53-410    94-386 (459)
     143 tr|L7LZ94|L7LZ94_9ACAR Putativ 100.0 1.1E-46 1.1E-52  330.7   0.0  295   52-412   100-395 (438)
     144 UniRef100_A0A210QHM7 G-protein 100.0 1.3E-46 1.4E-52  342.4   0.0  294   53-410    78-376 (492)
     145 UniRef100_A0A060WEJ5 G_PROTEIN 100.0 1.3E-46 1.4E-52  348.1   0.0  339   54-409   113-456 (544)
     146 tr|A0A1V4JMN9|A0A1V4JMN9_PATFA 100.0 1.5E-46 1.5E-52  335.3   0.0  317   53-409    91-420 (537)
     147 tr|S9YJE2|S9YJE2_CAMFR Somatos 100.0 1.6E-46 1.6E-52  328.4   0.0  288   53-409   111-400 (438)
     148 UniRef100_A0A060VP48 G_PROTEIN 100.0 1.6E-46 1.7E-52  356.5   0.0  292   53-408   153-449 (580)
     149 tr|A0A2C9KB37|A0A2C9KB37_BIOGL 100.0 1.7E-46 1.8E-52  331.6   0.0  347   56-409   103-467 (513)
     150 tr|A0A218UWX7|A0A218UWX7_9PASE 100.0 1.7E-46 1.8E-52  336.3   0.0  291   53-409    39-340 (474)
     151 UniRef100_A0A0S1YDA0 Neuropept 100.0 1.8E-46 1.9E-52  342.8   0.0  299   52-415    92-398 (509)
     152 tr|A0A1V4J9T1|A0A1V4J9T1_PATFA 100.0   2E-46 2.1E-52  325.6   0.0  297   53-418    67-364 (461)
     153 UniRef100_A0A060WMC3 Alpha-1D  100.0   2E-46 2.1E-52  338.4   0.0  327   54-415   110-438 (564)
     154 tr|A0A0L0BYA7|A0A0L0BYA7_LUCCU 100.0 2.1E-46 2.2E-52  340.2   0.0  314   56-414   312-631 (678)
     155 UniRef100_A0A091DWF1 Somatosta 100.0 2.2E-46 2.2E-52  335.1   0.0  285   53-409   154-440 (523)
     156 UniRef100_A0A2G8JR46 Putative  100.0 2.2E-46 2.4E-52  343.8   0.0  291   56-409    64-356 (411)
     157 UniRef100_A0A061IN14 NK-3 rece 100.0 2.5E-46 2.6E-52  347.7   0.0  295   50-410   229-524 (662)
     158 UniRef100_A0A084VLD5 AGAP00422 100.0 2.7E-46 2.8E-52  342.7   0.0  344   53-410   242-596 (695)
     159 tr|A0A218UB83|A0A218UB83_9PASE 100.0 2.7E-46 2.8E-52  342.6   0.0  317   54-410   193-513 (631)
     160 tr|A0A1W2W3E6|A0A1W2W3E6_CIOIN 100.0 2.8E-46   3E-52  332.3   0.0  292   53-410    56-352 (487)
     161 tr|A0A2B4RXD1|A0A2B4RXD1_STYPI 100.0 3.2E-46 3.3E-52  329.4   0.0  290   53-411    92-382 (416)
     162 UniRef100_A0A087T336 Somatosta 100.0 3.6E-46 3.8E-52  333.6   0.0  291   51-410    74-368 (454)
     163 tr|A0A182QHF8|A0A182QHF8_9DIPT 100.0 3.6E-46 3.8E-52  336.8   0.0  297   52-410    98-407 (581)
     164 tr|F6ZHC8|F6ZHC8_CIOIN Unchara 100.0 3.6E-46 3.8E-52  331.4   0.0  355   54-410    90-468 (527)
     165 tr|A0A2H1W6Q0|A0A2H1W6Q0_SPOFR 100.0 3.7E-46 3.9E-52  335.0   0.0  296   53-410    69-364 (466)
     166 UniRef100_A0A336LUR7 CSON00145 100.0 3.8E-46 3.9E-52  337.5   0.0  325   53-444    86-416 (670)
     167 UniRef100_A0A2B4SVC4 Dopamine  100.0 3.9E-46 4.1E-52  332.5   0.0  275   53-408    54-329 (397)
     168 UniRef100_A0A2B4S0J6 Somatosta 100.0 4.3E-46 4.6E-52  349.7   0.0  290   53-408    82-378 (457)
     169 UniRef100_A0A060VVF8 G_PROTEIN 100.0 4.7E-46   5E-52  346.6   0.0  288   50-409   135-433 (511)
     170 tr|A0A1A8LLP2|A0A1A8LLP2_9TELE 100.0   5E-46 5.2E-52  329.1   0.0  303   53-409    92-397 (455)
     171 UniRef100_A0A1L8GQY3 Alpha-1B  100.0 5.1E-46 5.3E-52  335.2   0.0  320   56-411    48-370 (510)
     172 tr|E0D358|E0D358_HEMPU Dopamin 100.0 5.3E-46 5.6E-52  330.7   0.0  294   55-410    25-329 (435)
     173 UniRef100_A0A2B4RPR9 Allatosta 100.0 5.3E-46 5.6E-52  341.6   0.0  288   53-406    46-341 (446)
     174 tr|V8PD93|V8PD93_OPHHA Type-2  100.0 5.5E-46 5.9E-52  338.9   0.0  287   51-409    72-368 (412)
     175 UniRef100_A0A023FH63 Putative  100.0 6.1E-46 6.4E-52  342.3   0.0  307   54-409   125-440 (563)
     176 UniRef100_A0A1D1V5S1 G_PROTEIN 100.0 6.6E-46 6.9E-52  332.0   0.0  307   53-415    55-365 (484)
     177 UniRef100_A0A3M6TKX3 G_PROTEIN 100.0 7.1E-46 7.5E-52  335.6   0.0  294   51-410    72-375 (427)
     178 tr|A0A0P6IZB8|A0A0P6IZB8_9CRUS 100.0 7.9E-46 8.3E-52  334.3   0.0  295   53-413   201-498 (559)
     179 UniRef100_A0A3M6T6P4 G_PROTEIN 100.0 8.2E-46 8.6E-52  336.9   0.0  293   53-410    54-355 (465)
     180 UniRef100_A0A087YQK7 Adrenocep 100.0 8.3E-46 8.7E-52  338.7   0.0  321   54-410   127-452 (617)
     181 tr|A0A1W4X1F3|A0A1W4X1F3_AGRPL 100.0 8.3E-46 8.7E-52  331.0   0.0  319   53-438   132-456 (485)
     182 UniRef100_A0A060WWU7 G_PROTEIN 100.0 8.7E-46 9.1E-52  334.1   0.0  309   53-410    67-383 (545)
     183 UniRef100_A7RGN9 Predicted pro 100.0 8.8E-46 9.3E-52  318.7   0.0  288   50-408    26-313 (317)
     184 UniRef100_A0A087U880 Neuropept 100.0 8.8E-46 9.3E-52  329.7   0.0  291   51-406    65-360 (401)
     185 tr|A0A0P5PA10|A0A0P5PA10_9CRUS 100.0 9.3E-46 9.7E-52  338.6   0.0  289   53-406   145-442 (705)
     186 tr|A0A1D2NMB6|A0A1D2NMB6_ORCCI 100.0 9.3E-46 9.8E-52  333.7   0.0  296   50-410   147-451 (520)
     187 tr|A0A139WLV7|A0A139WLV7_TRICA 100.0   1E-45 1.1E-51  343.2   0.0  295   52-409   396-697 (792)
     188 UniRef100_A0A0N0PEL7 Tachykini 100.0 1.1E-45 1.2E-51  330.0   0.0  293   53-410    54-355 (454)
     189 UniRef100_A0A067RDC3 Prolactin 100.0 1.1E-45 1.2E-51  335.1   0.0  293   53-408    63-355 (541)
     190 tr|A0A151ITZ3|A0A151ITZ3_9HYME 100.0 1.1E-45 1.2E-51  331.3   0.0  315   53-418    66-428 (481)
     191 tr|A0A146TL67|A0A146TL67_FUNHE 100.0 1.1E-45 1.2E-51  348.1   0.0  304   33-411    10-406 (442)
     192 UniRef100_A0A060XP11 G_PROTEIN 100.0 1.2E-45 1.2E-51  337.6   0.0  292   53-409    89-392 (497)
     193 UniRef100_A0A060W9T7 G_PROTEIN 100.0 1.2E-45 1.2E-51  332.3   0.0  289   53-410   184-473 (616)
     194 UniRef100_A0A1J1I7G5 CLUMA_CG0 100.0 1.2E-45 1.3E-51  331.7   0.0  293   52-409    74-373 (500)
     195 UniRef100_A0A026WCQ7 Tyramine  100.0 1.2E-45 1.3E-51  353.0   0.0  348   51-410   180-588 (665)
     196 UniRef100_A0A068AZY5 Octopamin 100.0 1.2E-45 1.3E-51  363.0   0.0  195   53-252   172-366 (723)
     197 UniRef100_A0A1V4KIE8 Beta-1 ad 100.0 1.3E-45 1.4E-51  355.9   0.0  311   61-409    36-349 (512)
     198 UniRef100_A0A0N1PGA0 Octopamin 100.0 1.4E-45 1.5E-51  338.0   0.0  347   54-409   107-492 (547)
     199 UniRef100_A0A3M6U5X4 G_PROTEIN 100.0 1.4E-45 1.5E-51  319.5   0.0  286   52-410    36-321 (339)
     200 UniRef100_A0A1B0CSF5 Putative  100.0 1.4E-45 1.5E-51  331.5   0.0  355   55-415    38-408 (474)
     201 tr|A0A0S1YD80|A0A0S1YD80_CHISP 100.0 1.4E-45 1.5E-51  331.1   0.0  297   53-410   163-465 (513)
     202 UniRef100_A0A060X1U9 G_PROTEIN 100.0 1.5E-45 1.6E-51  339.0   0.0  317   55-410   139-458 (633)
     203 UniRef100_A0A023F452 Putative  100.0 1.5E-45 1.6E-51  342.5   0.0  352   51-411   136-540 (660)
     204 tr|A0A1A9ZAD8|A0A1A9ZAD8_GLOPL 100.0   2E-45   2E-51  329.6   0.0  294   52-410   120-422 (574)
     205 tr|B4KC34|B4KC34_DROMO Unchara 100.0 2.1E-45 2.2E-51  341.6   0.0  291   53-408   191-491 (670)
     206 UniRef100_A0A087R2J6 Neuropept 100.0 2.1E-45 2.2E-51  338.3   0.0  292   54-407   212-517 (638)
     207 tr|A0A232F0R3|A0A232F0R3_9HYME 100.0 2.2E-45 2.3E-51  323.2   0.0  306   53-410   102-424 (458)
     208 tr|A0A2B4SID7|A0A2B4SID7_STYPI 100.0 2.1E-45 2.3E-51  337.0   0.0  295   51-414    28-332 (422)
     209 UniRef100_UPI0003F07467 orexin 100.0 2.5E-45 2.7E-51  333.8   0.0  339   53-412    76-418 (535)
     210 tr|A0A091DWF1|A0A091DWF1_FUKDA 100.0 2.6E-45 2.7E-51  320.5   0.0  285   53-409   155-441 (483)
     211 tr|E2BFW0|E2BFW0_HARSA Cholecy 100.0 2.6E-45 2.7E-51  334.1   0.0  359   51-409    78-536 (630)
     212 UniRef100_A0A3M6UAU0 G_PROTEIN 100.0 2.6E-45 2.8E-51  335.3   0.0  298   50-409    31-329 (552)
     213 tr|W8C2A8|W8C2A8_CERCA Neurope 100.0 2.7E-45 2.8E-51  343.8   0.0  316   54-437   264-588 (827)
     214 tr|A0A1S3IXU4|A0A1S3IXU4_LINUN 100.0 2.7E-45 2.9E-51  323.8   0.0  291   53-411    56-347 (440)
     215 tr|A0A182FRI7|A0A182FRI7_ANOAL 100.0 2.8E-45   3E-51  347.5   0.0  197   50-252   108-306 (677)
     216 UniRef100_A0A0L8H201 G_PROTEIN 100.0   3E-45 3.1E-51  323.0   0.0  296   50-407    81-380 (461)
     217 UniRef100_A0A401NJB3 G_PROTEIN 100.0 3.1E-45 3.3E-51  330.1   0.0  312   58-409    45-359 (517)
     218 UniRef100_A0A087UP46 5-hydroxy 100.0 3.3E-45 3.4E-51  328.1   0.0  339   53-410    44-401 (472)
     219 UniRef100_A0A2B4RGU4 5-hydroxy 100.0 3.2E-45 3.4E-51  344.3   0.0  302   53-410    64-371 (478)
     220 UniRef100_A0A6P4Z684 G-protein 100.0 3.3E-45 3.5E-51  322.5   0.0  296   52-409    49-346 (425)
     221 UniRef100_A0A0S1YD99 Neuropept 100.0 3.4E-45 3.6E-51  318.9   0.0  299   46-410    67-373 (423)
     222 UniRef100_A0A3M6TPP0 G_PROTEIN 100.0 3.4E-45 3.6E-51  333.6   0.0  298   53-409    49-354 (424)
     223 UniRef100_A0A068WKU9 Neuropept 100.0 3.4E-45 3.6E-51  329.0   0.0  287   54-407    72-365 (451)
     224 ERR1719427_52047               100.0 3.7E-45 3.9E-51  324.3   0.0  354   54-415    99-473 (528)
     225 UniRef100_A0A087REY1 NPY-Y2 re 100.0 4.2E-45 4.4E-51  333.2   0.0  288   54-410   186-479 (599)
     226 UniRef100_A0A060WAG3 G_PROTEIN 100.0 4.6E-45 4.8E-51  331.9   0.0  349   54-409   122-499 (550)
     227 UniRef100_A0A060VZ71 G_PROTEIN 100.0 4.9E-45 5.1E-51  339.7   0.0  293   53-406   227-532 (650)
     228 tr|A0A210QNG6|A0A210QNG6_MIZYE 100.0   5E-45 5.3E-51  328.4   0.0  301   51-410    36-340 (498)
     229 UniRef100_A0A061QLL1 Putative  100.0 5.2E-45 5.5E-51  326.6   0.0  349   53-409    44-421 (424)
     230 UniRef100_A0A060XC03 Beta-2 ad 100.0 5.7E-45   6E-51  329.2   0.0  313   50-409    98-413 (548)
     231 tr|A0A067RDC3|A0A067RDC3_ZOONE 100.0 5.6E-45   6E-51  334.7   0.0  297   52-411    69-365 (506)
     232 UniRef100_A0A061QHX0 Putative  100.0 5.8E-45 6.1E-51  338.8   0.0  347   54-410   132-508 (563)
     233 tr|A0A146YGA5|A0A146YGA5_FUNHE 100.0 5.9E-45 6.2E-51  340.0   0.0  313   53-410    29-341 (521)
     234 UniRef100_A0A016T103 G_PROTEIN 100.0 6.1E-45 6.4E-51  341.3   0.0  338   62-411   118-477 (605)
     235 UniRef100_A0A2B4R9G2 Melatonin 100.0 6.2E-45 6.7E-51  342.4   0.0  288   53-409    79-366 (461)
     236 UniRef100_A0A2B4SC76 Substance 100.0 6.8E-45 7.2E-51  336.2   0.0  293   51-408    51-351 (461)
     237 UniRef100_A0A151N382 Galanin r 100.0 7.1E-45 7.3E-51  310.1   0.0  295   53-416    29-323 (392)
     238 tr|A0A0P6B7K0|A0A0P6B7K0_9CRUS 100.0 7.2E-45 7.5E-51  335.3   0.0  343   51-411   109-489 (579)
     239 tr|A0A1D2MSE1|A0A1D2MSE1_ORCCI 100.0 8.2E-45 8.7E-51  339.1   0.0  293   53-409   109-406 (615)
     240 UniRef100_A0A0L8HMQ0 G_PROTEIN 100.0 8.3E-45 8.7E-51  330.6   0.0  300   51-409    45-347 (538)
     241 UniRef100_A0A023F4J9 Putative  100.0 8.4E-45 8.9E-51  335.6   0.0  329   56-410   158-493 (588)
     242 tr|A0A0L8FIS6|A0A0L8FIS6_OCTBM 100.0 8.6E-45   9E-51  325.4   0.0  323   56-410    92-421 (485)
     243 UniRef100_A0A0P5DS31 Neuropept 100.0 8.8E-45 9.1E-51  317.6   0.0  292   53-407    84-382 (482)
     244 UniRef100_A0A023F3V9 Putative  100.0 8.8E-45 9.2E-51  330.7   0.0  288   53-408   131-422 (574)
     245 UniRef100_A0A7M7HFU8 G_PROTEIN 100.0 8.7E-45 9.3E-51  334.0   0.0  297   53-408    63-363 (423)
     246 tr|W5MC67|W5MC67_LEPOC Pyroglu 100.0 8.9E-45 9.3E-51  318.0   0.0  303   53-411    52-361 (441)
     247 UniRef100_A0A026WIP6 Cholecyst 100.0 9.4E-45   1E-50  342.8   0.0  350   53-413   169-533 (636)
     248 UniRef100_A0A026W4F0 Octopamin 100.0   1E-44   1E-50  320.0   0.0  334   56-416    57-398 (445)
     249 tr|A0A2B4RSD1|A0A2B4RSD1_STYPI 100.0   1E-44 1.1E-50  335.2   0.0  333   52-409    48-381 (430)
     250 UniRef100_A0A060Y7B7 G_PROTEIN 100.0 1.1E-44 1.2E-50  333.1   0.0  348   53-410   114-550 (560)
     251 UniRef100_A0A2B4S4U3 Beta-2 ad 100.0 1.1E-44 1.2E-50  316.8   0.0  295   53-410    27-322 (372)
     252 tr|A0A0P6C2B0|A0A0P6C2B0_9CRUS 100.0 1.2E-44 1.2E-50  332.3   0.0  350   56-408   170-531 (543)
     253 UniRef100_A0A016TS00 G_PROTEIN 100.0 1.2E-44 1.3E-50  340.4   0.0  352   54-411   112-555 (622)
     254 tr|A0A0P7V5N2|A0A0P7V5N2_9TELE 100.0 1.2E-44 1.3E-50  323.5   0.0  313   50-410    87-402 (468)
     255 tr|A0A232F8D2|A0A232F8D2_9HYME 100.0 1.2E-44 1.3E-50  323.1   0.0  291   52-408    69-369 (478)
     256 tr|A0A146TP77|A0A146TP77_FUNHE 100.0 1.2E-44 1.3E-50  340.7   0.0  347   54-410    46-424 (522)
     257 tr|A7SD89|A7SD89_NEMVE Predict 100.0 1.3E-44 1.4E-50  308.4   0.0  292   55-409    38-330 (355)
     258 UniRef100_A0A060YY06 G_PROTEIN 100.0 1.3E-44 1.4E-50  326.7   0.0  291   54-407   103-406 (490)
     259 UniRef100_A0A060X0R7 Uncharact 100.0 1.4E-44 1.4E-50  310.5   0.0  291   50-412    53-345 (383)
     260 UniRef100_A0A0N7ZAP9 G_PROTEIN 100.0 1.3E-44 1.4E-50  326.3   0.0  296   53-413    75-370 (421)
     261 UniRef100_A0A3B4VB96 Beta-2 ad 100.0 1.4E-44 1.5E-50  322.7   0.0  310   50-408    48-360 (464)
     262 UniRef100_UPI000B911B64 melato 100.0 1.4E-44 1.5E-50  328.0   0.0  323   54-415    28-350 (381)
     263 tr|J9JRI9|J9JRI9_ACYPI Unchara 100.0 1.5E-44 1.6E-50  320.2   0.0  295   51-410    31-334 (490)
     264 UniRef100_A0A2B4SQU8 Orexin re 100.0 1.5E-44 1.6E-50  313.1   0.0  308   53-410    35-347 (370)
     265 SRR6218665_147192              100.0 1.5E-44 1.6E-50  322.6   0.0  308   50-417    96-404 (466)
     266 tr|A0A1S3K8V1|A0A1S3K8V1_LINUN 100.0 1.5E-44 1.6E-50  314.8   0.0  338   55-416    71-409 (485)
     267 tr|A0A0P6C571|A0A0P6C571_9CRUS 100.0 1.6E-44 1.6E-50  321.9   0.0  356   54-409    55-445 (558)
     268 tr|G3S2I3|G3S2I3_GORGO Opioid  100.0 1.6E-44 1.7E-50  320.5   0.0  281   55-405   163-445 (492)
     269 UniRef100_A0A026WC04 Dopamine  100.0 1.7E-44 1.8E-50  318.4   0.0  313   54-410    77-398 (468)
     270 tr|W4YJK4|W4YJK4_STRPU Unchara 100.0 1.7E-44 1.8E-50  326.0   0.0  303   52-415    67-375 (446)
     271 tr|C7SLZ0|C7SLZ0_APLKU Seroton 100.0 1.8E-44 1.9E-50  328.8   0.0  355   50-418    68-433 (485)
     272 UniRef100_A0A060VWI9 G_PROTEIN 100.0 1.8E-44 1.9E-50  328.9   0.0  326   58-409    64-394 (579)
     273 UniRef100_A0A2B4S7A4 Alpha-1A  100.0 1.9E-44   2E-50  322.2   0.0  271   53-410    38-310 (392)
     274 SRR6218665_1158703             100.0   2E-44 2.1E-50  320.1   0.0  300   52-411    34-336 (413)
     275 tr|A0A2C9GPU2|A0A2C9GPU2_ANOAR 100.0   2E-44 2.1E-50  339.0   0.0  310   53-408   321-635 (818)
     276 tr|K7GCC3|K7GCC3_PELSI Adrenoc 100.0   2E-44 2.1E-50  319.4   0.0  316   58-409    45-363 (488)
     277 tr|A0A0V1MVC7|A0A0V1MVC7_9BILA 100.0 2.1E-44 2.2E-50  330.7   0.0  293   51-410    77-379 (598)
     278 UniRef100_A0A016VJP9 G_PROTEIN 100.0 2.4E-44 2.5E-50  331.2   0.0  358   52-410   134-526 (650)
     279 UniRef100_A0A060VTR1 G_PROTEIN 100.0 2.9E-44 3.1E-50  328.9   0.0  319   54-410   119-441 (619)
     280 UniRef100_A0A0N1IB59 Orexin re 100.0   3E-44 3.1E-50  320.9   0.0  315   53-406   127-448 (546)
     281 UniRef100_A0A087R306 Hypocreti 100.0   3E-44 3.2E-50  324.4   0.0  318   53-410   149-480 (594)
     282 UniRef100_A0A3B4UE11 Si:zfos-1 100.0 3.1E-44 3.2E-50  311.8   0.0  309   30-410    40-351 (441)
     283 UniRef100_L9KFJ4 Cholecystokin 100.0 3.2E-44 3.2E-50  316.7   0.0  326   50-393    37-367 (638)
     284 UniRef100_A0A061QLN0 Putative  100.0 3.1E-44 3.3E-50  342.8   0.0  352   53-408    87-602 (685)
     285 tr|A0A0L7QUK8|A0A0L7QUK8_9HYME 100.0 3.3E-44 3.4E-50  332.8   0.0  293   52-410   199-499 (806)
     286 UniRef100_A0A3M6TAE6 G_PROTEIN 100.0 3.5E-44 3.7E-50  323.8   0.0  273   54-408    91-367 (443)
     287 tr|A0A1S3NNV5|A0A1S3NNV5_SALSA 100.0 3.5E-44 3.7E-50  319.9   0.0  302   54-407    62-378 (499)
     288 tr|T1KPP2|T1KPP2_TETUR Unchara 100.0 3.9E-44 4.1E-50  322.1   0.0  286   53-411   150-438 (477)
     289 tr|C3XVU5|C3XVU5_BRAFL Unchara 100.0 4.2E-44 4.4E-50  315.5   0.0  294   53-408    60-355 (439)
     290 UniRef100_A0A2S1WLX6 Putative  100.0 4.3E-44 4.5E-50  316.9   0.0  349   56-410    48-459 (475)
     291 UniRef100_A0A2B4RHY9 Pyrogluta 100.0 4.2E-44 4.5E-50  336.4   0.0  288   53-409    80-371 (455)
     292 tr|A0A1S3FYW5|A0A1S3FYW5_DIPOR 100.0 4.6E-44 4.7E-50  306.5   0.0  291   52-411    67-360 (385)
     293 tr|A0A1L8HND2|A0A1L8HND2_XENLA 100.0 4.5E-44 4.8E-50  319.0   0.0  301   53-411   127-429 (452)
     294 UniRef100_A0A6P7SWT3 Cholecyst 100.0 4.8E-44   5E-50  308.1   0.0  339   50-410   151-494 (528)
     295 tr|A0A146U732|A0A146U732_FUNHE 100.0 4.8E-44 5.1E-50  346.3   0.0  317   53-408   190-546 (590)
     296 UniRef100_A0A0L8H5P3 G_PROTEIN 100.0 4.9E-44 5.1E-50  323.7   0.0  292   53-406    73-369 (496)
     297 UniRef100_A0A3M6UME8 G_PROTEIN 100.0   5E-44 5.3E-50  319.0   0.0  286   53-409    38-325 (383)
     298 UniRef100_A0A0E3EKU4 Allatotro 100.0 5.1E-44 5.3E-50  319.0   0.0  296   53-409   130-431 (562)
     299 UniRef100_A0A678XEL8 Trace ami 100.0 5.2E-44 5.5E-50  326.2   0.0  306   53-414    54-361 (523)
     300 tr|A0A210QT45|A0A210QT45_MIZYE 100.0 5.3E-44 5.6E-50  306.6   0.0  312   53-417    36-349 (395)
     301 tr|B5DNP6|B5DNP6_DROPS Unchara 100.0 5.4E-44 5.6E-50  325.0   0.0  354   55-410   142-560 (625)
     302 UniRef100_A0A6S7JE64 Neuropept 100.0 5.5E-44 5.8E-50  319.0   0.0  290   51-409    31-321 (412)
     303 UniRef100_A0A1S3F7I6 neuropept 100.0 5.6E-44 5.9E-50  331.4   0.0  294   53-407   249-555 (712)
     304 UniRef100_A0A095ANA4 Dopamine  100.0 5.7E-44   6E-50  340.6   0.0  191   56-253   174-364 (674)
     305 UniRef100_A0A132AJH3 7 transme 100.0 5.8E-44 6.1E-50  324.7   0.0  313   51-407    65-384 (447)
     306 tr|A0A1W4X208|A0A1W4X208_AGRPL 100.0   6E-44 6.2E-50  315.4   0.0  292   53-409    93-393 (467)
     307 UniRef100_A0A091R746 Beta-1 ad 100.0   6E-44 6.2E-50  324.3   0.0  313   58-410   138-453 (572)
     308 tr|L9JDH9|L9JDH9_TUPCH Orexin  100.0 6.1E-44 6.4E-50  321.8   0.0  352   53-415   218-580 (621)
     309 tr|A0A2B4SKI0|A0A2B4SKI0_STYPI 100.0 6.2E-44 6.5E-50  325.4   0.0  284   53-404    96-393 (458)
     310 tr|A0A147AMP5|A0A147AMP5_FUNHE 100.0 6.2E-44 6.6E-50  336.1   0.0  332   56-409    33-427 (475)
     311 UniRef100_A0A0A1WLH2 Somatosta 100.0 6.5E-44 6.8E-50  329.2   0.0  290   53-410   215-508 (667)
     312 UniRef100_A0A1I8FSG9 G_PROTEIN 100.0 6.6E-44 6.9E-50  322.4   0.0  342   53-411   159-507 (576)
     313 UniRef100_A0A067RIW6 G_PROTEIN 100.0 6.7E-44   7E-50  333.0   0.0  344   53-410   183-547 (705)
     314 UniRef100_A0A067RG65 Neuropept 100.0 6.9E-44 7.3E-50  322.6   0.0  292   56-406    89-391 (509)
     315 tr|A0A2B4SSL5|A0A2B4SSL5_STYPI 100.0   7E-44 7.3E-50  304.8   0.0  291   53-411    20-311 (344)
     316 UniRef100_A0A024FLZ5 PQRFa pep 100.0   7E-44 7.3E-50  315.7   0.0  289   53-407    56-349 (416)
     317 UniRef100_A0A146M155 Neuropept 100.0   7E-44 7.3E-50  322.9   0.0  294   57-407    56-360 (488)
     318 tr|F7E6B1|F7E6B1_MONDO Tachyki 100.0 7.1E-44 7.4E-50  315.2   0.0  293   51-409    91-384 (475)
     319 tr|A0A1I8MRR4|A0A1I8MRR4_MUSDO 100.0 7.3E-44 7.6E-50  330.2   0.0  292   54-409   258-558 (819)
     320 UniRef100_A0A0J9RYF2 G_PROTEIN 100.0 7.6E-44 7.9E-50  329.8   0.0  298   50-409   154-509 (761)
     321 tr|A0A218VDE9|A0A218VDE9_9PASE 100.0 7.8E-44 8.1E-50  315.3   0.0  283   53-408    22-306 (556)
     322 tr|A0A0L0C8S9|A0A0L0C8S9_LUCCU 100.0 8.2E-44 8.5E-50  330.0   0.0  197   55-251   101-300 (719)
     323 tr|U3U4E1|U3U4E1_NILLU Neurope 100.0 8.8E-44 9.2E-50  327.0   0.0  312   53-412   151-471 (606)
     324 tr|A0A0P5T2I6|A0A0P5T2I6_9CRUS 100.0 9.7E-44   1E-49  322.8   0.0  330   53-410    64-411 (542)
     325 UniRef100_A0A077KAM5 PQRFa pep 100.0 9.8E-44   1E-49  316.8   0.0  292   54-407   138-443 (539)
     326 tr|A0A060XRS0|A0A060XRS0_ONCMY 100.0   1E-43   1E-49  332.9   0.0  322   55-413    56-379 (900)
     327 tr|A0A182L9N8|A0A182L9N8_9DIPT 100.0   1E-43 1.1E-49  322.4   0.0  291   54-410    88-383 (490)
     328 tr|A0A1S3FWK5|A0A1S3FWK5_DIPOR 100.0   1E-43 1.1E-49  324.3   0.0  302   53-410   415-730 (786)
     329 UniRef100_A0A087X781 Alpha-2Db 100.0 1.1E-43 1.1E-49  317.5   0.0  343   56-407    68-490 (495)
     330 tr|W8B9D1|W8B9D1_CERCA 5-hydro 100.0 1.1E-43 1.1E-49  322.4   0.0  350   53-414   261-631 (664)
     331 UniRef100_A0A087XT11 Alpha-1B  100.0 1.1E-43 1.2E-49  321.3   0.0  324   56-411    81-406 (622)
     332 tr|A0A1S3NPB2|A0A1S3NPB2_SALSA 100.0 1.1E-43 1.2E-49  314.2   0.0  293   51-409    36-331 (443)
     333 UniRef100_A0A067RAQ2 Neuropept 100.0 1.2E-43 1.2E-49  313.1   0.0  290   54-407   100-394 (509)
     334 UniRef100_A0A210QSD7 Octopamin 100.0 1.2E-43 1.2E-49  323.5   0.0  345   53-410    56-417 (423)
     335 UniRef100_A0A2B4RXD1 Neuropept 100.0 1.2E-43 1.3E-49  320.9   0.0  291   52-410    92-383 (461)
     336 UniRef100_A0A060X6T3 G_PROTEIN 100.0 1.2E-43 1.3E-49  320.9   0.0  322   57-411    92-415 (550)
     337 tr|A0A182U1B5|A0A182U1B5_9DIPT 100.0 1.3E-43 1.3E-49  323.9   0.0  294   53-410    38-344 (620)
     338 tr|A0A226N2C0|A0A226N2C0_CALSU 100.0 1.4E-43 1.4E-49  316.7   0.0  295   54-410   224-521 (569)
     339 tr|A0A1S3L0J1|A0A1S3L0J1_SALSA 100.0 1.4E-43 1.4E-49  318.9   0.0  330   53-409    74-405 (533)
     340 tr|A0A154PLJ2|A0A154PLJ2_9HYME 100.0 1.4E-43 1.4E-49  314.5   0.0  364   52-415    58-488 (597)
     341 tr|B4JN40|B4JN40_DROGR GH24210 100.0 1.4E-43 1.4E-49  315.0   0.0  290   54-410   116-409 (436)
     342 UniRef100_A0A087XFV2 5-hydroxy 100.0 1.4E-43 1.5E-49  319.4   0.0  307   52-409    81-396 (493)
     343 UniRef100_A0A1S3IXU9 RYamide r 100.0 1.5E-43 1.5E-49  308.0   0.0  291   53-407    33-328 (438)
     344 UniRef100_A0A6P4YBA8 delta-typ 100.0 1.5E-43 1.6E-49  315.9   0.0  285   53-409    49-339 (406)
     345 UniRef100_A0A016SJ65 Thyrolibe 100.0 1.5E-43 1.6E-49  326.2   0.0  307   53-407    82-394 (479)
     346 tr|A0A183W5E7|A0A183W5E7_TRIRE 100.0 1.6E-43 1.6E-49  315.6   0.0  299   53-411    50-354 (503)
     347 UniRef100_A0A6P8IFK2 neuromedi 100.0 1.6E-43 1.7E-49  310.8   0.0  292   53-410    24-322 (363)
     348 tr|A0A0R4IQ19|A0A0R4IQ19_DANRE 100.0 1.7E-43 1.7E-49  303.0   0.0  291   54-412    55-350 (384)
     349 tr|A0A194QL20|A0A194QL20_PAPMA 100.0 1.8E-43 1.8E-49  309.2   0.0  359   56-416    42-415 (517)
     350 tr|W4Z9U8|W4Z9U8_STRPU Unchara 100.0 1.8E-43 1.8E-49  307.0   0.0  302   53-410   106-412 (434)
     351 tr|A0A1L7H7D8|A0A1L7H7D8_SACKO 100.0 1.8E-43 1.8E-49  306.2   0.0  295   53-415    70-370 (424)
     352 UniRef100_A0A2B4SVS8 Neuropept 100.0 1.7E-43 1.8E-49  327.5   0.0  298   53-416    87-389 (480)
     353 tr|J9K651|J9K651_ACYPI Unchara 100.0 1.8E-43 1.9E-49  310.8   0.0  291   54-407    89-385 (440)
     354 UniRef100_A0A060YTK2 Uncharact 100.0   2E-43 2.1E-49  310.2   0.0  290   51-410    81-379 (447)
     355 tr|L5JUA4|L5JUA4_PTEAL Neurope 100.0 2.1E-43 2.2E-49  315.8   0.0  292   53-409    34-337 (509)
     356 UniRef100_A0A068YA15 Neuropept 100.0 2.1E-43 2.2E-49  319.6   0.0  308   57-409    75-395 (510)
     357 UniRef100_A0A060XMX0 NPY-Y2 re 100.0 2.2E-43 2.3E-49  308.4   0.0  288   54-410   123-415 (452)
     358 tr|W5JTF9|W5JTF9_ANODA Somatos 100.0 2.2E-43 2.3E-49  317.6   0.0  304   35-410    41-348 (526)
     359 UniRef100_A0A1B6HDB2 G_PROTEIN 100.0 2.3E-43 2.4E-49  300.2   0.0  291   54-409    11-306 (360)
     360 UniRef100_A0A023ETT6 Putative  100.0 2.3E-43 2.4E-49  319.8   0.0  292   53-410   152-447 (612)
     361 UniRef100_A0A060WAA0 NK-2 rece 100.0 2.3E-43 2.4E-49  311.2   0.0  294   50-409    68-364 (465)
     362 tr|A0A2B4SAJ4|A0A2B4SAJ4_STYPI 100.0 2.4E-43 2.5E-49  317.7   0.0  290   53-408    27-332 (434)
     363 tr|A0A0Q3PK06|A0A0Q3PK06_AMAAE 100.0 2.6E-43 2.7E-49  331.4   0.0  292   54-407   523-828 (901)
     364 tr|K1PEH3|K1PEH3_CRAGI Neurope 100.0 2.7E-43 2.8E-49  309.3   0.0  292   51-409    44-357 (411)
     365 tr|A0A1I8N820|A0A1I8N820_MUSDO 100.0 2.7E-43 2.8E-49  327.2   0.0  324   56-408   306-636 (880)
     366 UniRef100_A0A0A1XP15 Neuropept 100.0 2.8E-43 2.9E-49  307.8   0.0  293   54-410    71-374 (421)
     367 UniRef100_A0A087QH91 Melanopsi 100.0 3.1E-43 3.3E-49  326.8   0.0  298   51-409   100-399 (629)
     368 UniRef100_A0A026WM41 Dopamine  100.0 3.1E-43 3.3E-49  332.1   0.0  192   54-252   159-350 (659)
     369 ERR1719361_2001115             100.0 3.3E-43 3.5E-49  314.9   0.0  291   53-410    23-325 (415)
     370 UniRef100_A0A034WQT6 Tachykini 100.0 3.5E-43 3.7E-49  322.7   0.0  291   54-408   116-417 (694)
     371 UniRef100_A0A067QQU1 Cholecyst 100.0 3.7E-43 3.9E-49  314.4   0.0  321   59-409     6-332 (404)
     372 UniRef100_A0A0K0PUG3 Thyrolibe 100.0 3.8E-43 3.9E-49  324.1   0.0  302   53-408   213-520 (606)
     373 UniRef100_A0A0L0C965 Tachykini 100.0 3.9E-43 4.1E-49  317.1   0.0  294   52-410   118-419 (611)
     374 UniRef100_A0A067R4E0 Tachykini 100.0   4E-43 4.2E-49  311.8   0.0  291   54-408    49-343 (396)
     375 UniRef100_A0A060VRN9 G_PROTEIN 100.0   4E-43 4.2E-49  318.7   0.0  287   54-408   135-429 (496)
     376 ERR1719510_236906              100.0   4E-43 4.3E-49  325.9   0.0  296   53-412    81-376 (577)
     377 tr|T1KTS6|T1KTS6_TETUR Unchara 100.0 4.1E-43 4.3E-49  319.5   0.0  290   52-406   117-415 (587)
     378 UniRef100_A0A2B4SE17 Substance 100.0 4.1E-43 4.3E-49  328.8   0.0  293   52-408    62-364 (467)
     379 UniRef100_A0A026VXG0 Octopamin 100.0 4.5E-43 4.7E-49  327.7   0.0  190   54-248    81-276 (647)
     380 UniRef100_UPI000719D376 galani 100.0 4.6E-43 4.8E-49  305.0   0.0  335   52-443    62-415 (418)
     381 UniRef100_A0A016T4B6 G_PROTEIN 100.0 4.6E-43 4.9E-49  328.7   0.0  321   53-408   101-427 (585)
     382 UniRef100_A0A6A7G2U4 Octopamin 100.0 4.8E-43   5E-49  316.4   0.0  330   55-409   171-511 (574)
     383 UniRef100_A0A087QH27 C-C chemo 100.0 4.8E-43 5.1E-49  333.3   0.0  284   51-414   197-489 (591)
     384 tr|A0A1I8PG61|A0A1I8PG61_STOCA 100.0 4.9E-43 5.1E-49  327.4   0.0  291   52-410   297-593 (716)
     385 UniRef100_A0A026WJE1 Neuropept 100.0 4.9E-43 5.2E-49  321.4   0.0  302   53-410   117-441 (606)
     386 tr|A0A287CUD4|A0A287CUD4_ICTTR 100.0   5E-43 5.2E-49  309.2   0.0  291   54-415    18-313 (478)
     387 UniRef100_A0A1S3J8T4 5-hydroxy 100.0 4.9E-43 5.2E-49  319.5   0.0  295   53-408    99-395 (468)
     388 UniRef100_A0A3Q1MXL3 Cholecyst 100.0 5.1E-43 5.3E-49  298.7   0.0  352   49-415    50-410 (463)
     389 UniRef100_A0A091L2D9 Orexin re 100.0 5.1E-43 5.4E-49  303.9   0.0  323   54-417    12-347 (386)
     390 tr|G3R6B9|G3R6B9_GORGO Neurope 100.0 5.3E-43 5.5E-49  309.1   0.0  291   55-407   148-452 (522)
     391 UniRef100_A0A151NBW6 Beta-3 ad 100.0 5.5E-43 5.7E-49  312.6   0.0  306   54-407    30-338 (490)
     392 UniRef100_E9HAW0 G_PROTEIN_REC 100.0 5.5E-43 5.8E-49  307.4   0.0  288   53-408    63-355 (393)
     393 UniRef100_A0A1A8LLZ9 Hypocreti 100.0 5.6E-43 5.8E-49  305.0   0.0  303   53-411    63-374 (413)
     394 tr|A0A2H1WMM8|A0A2H1WMM8_SPOFR 100.0 5.7E-43   6E-49  304.9   0.0  297   51-410    31-327 (462)
     395 UniRef100_A0A3M6T8F5 G_PROTEIN 100.0 5.6E-43   6E-49  332.3   0.0  296   53-410   100-396 (523)
     396 tr|A0A0A7RC79|A0A0A7RC79_RHOPR 100.0 5.8E-43   6E-49  306.0   0.0  292   53-410    74-374 (404)
     397 UniRef100_A0A1B0CPY1 G_PROTEIN 100.0   6E-43 6.2E-49  306.9   0.0  294   53-408    73-370 (488)
     398 UniRef100_A0A1L8FNX2 G_PROTEIN 100.0 6.1E-43 6.4E-49  314.5   0.0  282   53-409    61-343 (400)
     399 UniRef100_A0A061IAU9 Gastric r 100.0 6.5E-43 6.8E-49  317.7   0.0  290   54-412   114-409 (588)
     400 UniRef100_A0A6G8J3P5 Melanin-c 100.0 6.8E-43 7.1E-49  308.5   0.0  293   51-409    58-351 (460)
     401 UniRef100_A0A2G8KMT5 G_PROTEIN 100.0 7.1E-43 7.4E-49  311.9   0.0  287   56-407    38-325 (402)
     402 tr|A0A2B4S6X2|A0A2B4S6X2_STYPI 100.0 7.2E-43 7.6E-49  304.9   0.0  294   55-410    24-324 (379)
     403 tr|A7S585|A7S585_NEMVE Predict 100.0 7.2E-43 7.6E-49  310.6   0.0  309   31-410     7-326 (374)
     404 tr|A0A091CRU0|A0A091CRU0_FUKDA 100.0 7.3E-43 7.7E-49  326.9   0.0  281   51-409   405-692 (720)
     405 tr|A0A212EZN3|A0A212EZN3_DANPL 100.0 7.8E-43 8.1E-49  313.1   0.0  293   53-409    53-354 (488)
     406 tr|H2Q292|H2Q292_PANTR Unchara 100.0 8.2E-43 8.5E-49  308.9   0.0  341   32-411    63-405 (492)
     407 UniRef100_A0A0P7U0M1 Galanin r 100.0 8.3E-43 8.6E-49  302.6   0.0  294   53-415   139-440 (475)
     408 tr|A0A210QVM6|A0A210QVM6_MIZYE 100.0 8.6E-43 8.9E-49  301.6   0.0  302   49-407    75-382 (413)
     409 SRR6218665_799277              100.0 9.2E-43 9.6E-49  302.7   0.0  296   54-412   124-422 (456)
     410 tr|A0A1I8MQS0|A0A1I8MQS0_MUSDO 100.0 9.3E-43 9.9E-49  324.0   0.0  290   52-410   147-440 (572)
     411 UniRef100_A0A0H3YI86 Pyrokinin 100.0 9.7E-43   1E-48  323.8   0.0  311   56-416    85-405 (510)
     412 UniRef100_UPI000219022F Endoly 100.0 9.9E-43   1E-48  307.9   0.0  281   58-409   204-486 (507)
     413 tr|K1PQW2|K1PQW2_CRAGI Putativ 100.0 9.9E-43   1E-48  304.5   0.0  295   53-411    56-355 (437)
     414 tr|C3Z617|C3Z617_BRAFL Unchara 100.0   1E-42 1.1E-48  301.5   0.0  298   51-407    30-337 (426)
     415 UniRef100_A0A034WCQ2 Octopamin 100.0   1E-42 1.1E-48  323.8   0.0  347   51-406   160-558 (618)
     416 UniRef100_D1LX82 Neuropeptide  100.0 1.1E-42 1.1E-48  316.6   0.0  282   56-410    56-349 (424)
     417 tr|A0A0V1MAM9|A0A0V1MAM9_9BILA 100.0 1.1E-42 1.2E-48  334.6   0.0  347   53-410   120-505 (1561)
     418 UniRef100_A0A0L8FWF7 G_PROTEIN 100.0 1.1E-42 1.2E-48  326.5   0.0  354   55-416    92-553 (576)
     419 tr|A0A1I8FSG9|A0A1I8FSG9_9PLAT 100.0 1.2E-42 1.2E-48  311.6   0.0  341   53-411   106-450 (550)
     420 UniRef100_A0A4D9EQQ5 Enolase-l 100.0 1.2E-42 1.2E-48  298.2   0.0  289   49-409   141-431 (472)
     421 tr|A0A147BFV4|A0A147BFV4_IXORI 100.0 1.2E-42 1.2E-48  300.7   0.0  313   30-410    20-335 (402)
     422 UniRef100_A0A060W5H6 G_PROTEIN 100.0 1.2E-42 1.2E-48  323.2   0.0  300   51-406    83-384 (528)
     423 UniRef100_A0A034VDT7 Tyramine/ 100.0 1.2E-42 1.3E-48  333.4   0.0  343   57-407   288-713 (820)
     424 UniRef100_A0A2B4RFH8 Neuropept 100.0 1.2E-42 1.3E-48  326.2   0.0  294   53-410    63-367 (439)
     425 tr|C3Z3H5|C3Z3H5_BRAFL Unchara 100.0 1.3E-42 1.3E-48  301.6   0.0  296   52-411    78-376 (405)
     426 tr|W4Z3I5|W4Z3I5_STRPU Unchara 100.0 1.3E-42 1.3E-48  307.8   0.0  304   53-409    47-393 (461)
     427 tr|B0WGI0|B0WGI0_CULQU Sulfaki 100.0 1.3E-42 1.4E-48  327.1   0.0  205   50-254   321-539 (1037)
     428 tr|A0A061IHH7|A0A061IHH7_CRIGR 100.0 1.3E-42 1.4E-48  338.0   0.0  294   53-409   619-919 (934)
     429 tr|A0A1D2N5F0|A0A1D2N5F0_ORCCI 100.0 1.4E-42 1.4E-48  311.3   0.0  296   53-410    53-349 (559)
     430 tr|A0A0P4XKN0|A0A0P4XKN0_9CRUS 100.0 1.4E-42 1.5E-48  317.2   0.0  359   54-412   134-589 (657)
     431 UniRef100_A0A0K0PUE3 Orphan G- 100.0 1.4E-42 1.5E-48  318.7   0.0  297   55-405   117-423 (550)
     432 tr|A0A2B4RYF4|A0A2B4RYF4_STYPI 100.0 1.4E-42 1.5E-48  305.5   0.0  290   51-409    21-311 (402)
     433 tr|A0A0K0PUJ3|A0A0K0PUJ3_PLADU 100.0 1.5E-42 1.5E-48  303.8   0.0  322   31-411    29-351 (475)
     434 UniRef100_C3ZK20 G_PROTEIN_REC 100.0 1.5E-42 1.6E-48  311.8   0.0  307   58-410     4-322 (374)
     435 tr|A0A212C668|A0A212C668_CEREH 100.0 1.6E-42 1.7E-48  310.4   0.0  333   55-409   220-556 (558)
     436 UniRef100_A0A1I8FYJ6 G_PROTEIN 100.0 1.7E-42 1.7E-48  307.2   0.0  354   35-410    32-389 (500)
     437 tr|A0A2B4RR50|A0A2B4RR50_STYPI 100.0 1.7E-42 1.7E-48  306.3   0.0  294   53-409    28-325 (411)
     438 tr|A0A210QY69|A0A210QY69_MIZYE 100.0 1.8E-42 1.9E-48  298.6   0.0  293   50-410    82-378 (400)
     439 UniRef100_A0A6P3IMR0 somatosta 100.0 1.9E-42 1.9E-48  303.8   0.0  287   53-408   196-484 (524)
     440 UniRef100_A0A7M7HKI1 G_PROTEIN 100.0 1.9E-42   2E-48  313.9   0.0  286   59-409    44-335 (418)
     441 tr|L7LWW3|L7LWW3_9ACAR Putativ 100.0 1.9E-42   2E-48  316.6   0.0  191   54-251   110-300 (624)
     442 tr|A0A1A8K3T1|A0A1A8K3T1_NOTKU 100.0 2.2E-42 2.3E-48  313.1   0.0  349   53-410    47-485 (621)
     443 tr|A0A2B4SNZ1|A0A2B4SNZ1_STYPI 100.0 2.2E-42 2.3E-48  313.0   0.0  287   53-410    30-320 (351)
     444 UniRef100_A0A3M6UKX8 G_PROTEIN 100.0 2.2E-42 2.4E-48  320.9   0.0  293   53-409   117-420 (487)
     445 UniRef100_A0A6P4ZPQ5 G-protein 100.0 2.3E-42 2.4E-48  300.2   0.0  283   53-406    41-326 (420)
     446 UniRef100_A0A182Q9T1 G_PROTEIN 100.0 2.4E-42 2.4E-48  320.3   0.0  310   54-409   311-625 (812)
     447 tr|A0A1S3F7I6|A0A1S3F7I6_DIPOR 100.0 2.6E-42 2.7E-48  306.3   0.0  284   54-407   166-462 (543)
     448 UniRef100_A0A6P4Z5N5 muscarini 100.0 2.7E-42 2.9E-48  303.7   0.0  314   55-410    29-343 (357)
     449 UniRef100_A0A1D2MAK0 Neuropept 100.0 2.9E-42   3E-48  302.4   0.0  296   53-411    80-384 (428)
     450 tr|A0A0K2TJR3|A0A0K2TJR3_LEPSM 100.0 2.9E-42   3E-48  298.6   0.0  298   51-408    51-355 (402)
     451 UniRef100_A0A2B4S7Y2 Neuropept 100.0 2.9E-42 3.1E-48  319.6   0.0  291   53-408    80-370 (460)
     452 UniRef100_A0A016T6N3 G_PROTEIN 100.0   3E-42 3.1E-48  311.2   0.0  351   53-408    61-435 (520)
     453 tr|A0A061ILI5|A0A061ILI5_CRIGR 100.0 3.2E-42 3.3E-48  304.7   0.0  293   54-414   197-496 (528)
     454 UniRef100_A0A6P8HX63 probable  100.0 3.1E-42 3.3E-48  314.3   0.0  300   56-411    59-362 (407)
     455 AntAceMinimDraft_8_1070364.sca 100.0 3.2E-42 3.3E-48  301.5   0.0  321   53-414    36-361 (406)
     456 UniRef100_A0A0A7KUZ5 Opsin 5 n 100.0 3.4E-42 3.6E-48  312.1   0.0  292   54-409    52-344 (407)
     457 UniRef100_A0A1I7STM2 (pine woo 100.0 3.4E-42 3.6E-48  313.1   0.0  304   54-411    80-388 (430)
     458 tr|K1QHX9|K1QHX9_CRAGI Somatos 100.0 3.5E-42 3.7E-48  311.5   0.0  288   53-409    47-339 (456)
     459 tr|A7S8R9|A7S8R9_NEMVE Predict 100.0 3.5E-42 3.7E-48  308.6   0.0  319   52-417    23-346 (398)
     460 UniRef100_A0A0B1TTF1 7 transme 100.0 3.6E-42 3.7E-48  311.0   0.0  293   52-410    61-358 (477)
     461 tr|A0A1S3JCV4|A0A1S3JCV4_LINUN 100.0 3.6E-42 3.8E-48  300.2   0.0  303   52-410    60-369 (414)
     462 tr|A0A096NTW4|A0A096NTW4_PAPAN 100.0 3.7E-42 3.9E-48  303.3   0.0  296   54-413   132-430 (442)
     463 tr|A0A2D0SD29|A0A2D0SD29_ICTPU 100.0 3.7E-42 3.9E-48  306.7   0.0  295   54-407     4-306 (420)
     464 tr|E6ZEU6|E6ZEU6_DICLA Neurome 100.0 3.8E-42   4E-48  311.6   0.0  301   56-411    90-396 (461)
     465 UniRef100_A0A1D2M255 Somatosta 100.0 3.9E-42   4E-48  298.4   0.0  290   53-409    34-323 (382)
     466 UniRef100_A0A068WTW9 Tachykini 100.0 3.9E-42 4.1E-48  306.5   0.0  288   55-409    46-359 (453)
     467 tr|A0A1A9ZM95|A0A1A9ZM95_GLOPL 100.0 3.9E-42 4.1E-48  302.8   0.0  294   53-410    93-394 (481)
     468 tr|V8NQN2|V8NQN2_OPHHA G-prote 100.0 4.4E-42 4.6E-48  319.2   0.0  280   53-409   302-587 (840)
     469 tr|A0A2B4R9G2|A0A2B4R9G2_STYPI 100.0 4.3E-42 4.6E-48  304.5   0.0  288   53-407    59-347 (378)
     470 UniRef100_A0A087RCY8 5-hydroxy 100.0 4.4E-42 4.6E-48  318.6   0.0  324   56-410   146-471 (567)
     471 UniRef100_A0A2B4SJE7 Orexin re 100.0 4.4E-42 4.6E-48  315.4   0.0  291   53-409   133-431 (517)
     472 UniRef100_A0A087YRI1 G_PROTEIN 100.0 4.4E-42 4.6E-48  311.0   0.0  290   56-410    82-373 (438)
     473 tr|A0A1V4KUV7|A0A1V4KUV7_PATFA 100.0 4.5E-42 4.6E-48  298.3   0.0  287   54-410   118-411 (450)
     474 tr|A0A139WEA0|A0A139WEA0_TRICA 100.0 4.6E-42 4.8E-48  296.6   0.0  310   54-411    93-407 (464)
     475 tr|A0A146NY53|A0A146NY53_FUNHE 100.0 4.6E-42 4.8E-48  310.0   0.0  298   54-408     6-316 (469)
     476 UniRef100_A0A034UYU1 5-hydroxy 100.0 4.7E-42 4.9E-48  323.3   0.0  346   56-410   231-645 (694)
     477 tr|A0A026VW91|A0A026VW91_OOCBI 100.0   5E-42 5.2E-48  315.9   0.0  315   53-442   179-607 (642)
     478 tr|W4Y131|W4Y131_STRPU Unchara 100.0 5.3E-42 5.5E-48  298.7   0.0  294   53-410    53-356 (424)
     479 UniRef100_A0A060X0P4 G_PROTEIN 100.0 5.5E-42 5.8E-48  317.0   0.0  284   53-406   137-428 (513)
     480 UniRef100_A0A0K8WE72 5-hydroxy 100.0 5.7E-42 5.9E-48  316.4   0.0  339   54-409   268-624 (662)
     481 UniRef100_A0A2G8JD30 Putative  100.0 5.8E-42 6.1E-48  292.5   0.0  292   54-408    24-315 (323)
     482 UniRef100_A0A060XSS1 5-hydroxy 100.0 5.8E-42 6.2E-48  330.4   0.0  340   53-411   209-553 (704)
     483 tr|A0A146NR64|A0A146NR64_FUNHE 100.0 5.9E-42 6.2E-48  303.2   0.0  284   53-406   118-417 (449)
     484 UniRef100_A0A026W4S0 Neuromedi 100.0   6E-42 6.3E-48  317.2   0.0  299   58-410    77-389 (604)
     485 tr|A0A1S3H6K0|A0A1S3H6K0_LINUN 100.0 6.1E-42 6.4E-48  300.7   0.0  295   53-411    57-358 (447)
     486 UniRef100_A0A0S1YDA1 Neuropept 100.0 6.1E-42 6.4E-48  307.0   0.0  344   53-415    65-418 (463)
     487 UniRef100_A0A0X7YAU3 ACP recep 100.0 6.2E-42 6.6E-48  315.6   0.0  301   53-404    81-385 (492)
     488 UniRef100_A0A553N720 G_PROTEIN 100.0 6.4E-42 6.7E-48  310.3   0.0  295   53-412   136-436 (595)
     489 tr|A0A0P7XE55|A0A0P7XE55_9TELE 100.0 6.4E-42 6.7E-48  315.5   0.0  321   53-412    49-370 (782)
     490 tr|A0A0P7V0U8|A0A0P7V0U8_9TELE 100.0 6.4E-42 6.7E-48  297.0   0.0  290   53-411    84-376 (439)
     491 tr|T1JSJ3|T1JSJ3_TETUR Unchara 100.0 6.4E-42 6.7E-48  315.8   0.0  351   53-409   246-644 (747)
     492 tr|A7RYQ3|A7RYQ3_NEMVE Predict 100.0 6.3E-42 6.7E-48  309.4   0.0  287   52-409    49-335 (367)
     493 UniRef100_A0A0L8FP69 G_PROTEIN 100.0 6.5E-42 6.7E-48  303.0   0.0  285   57-409    51-341 (488)
     494 tr|A0A2B4SDF9|A0A2B4SDF9_STYPI 100.0 6.6E-42 6.9E-48  292.6   0.0  294   52-410    34-327 (356)
     495 UniRef100_A0A060VV87 Kappa-typ 100.0 6.8E-42 7.1E-48  310.1   0.0  281   56-406   192-474 (586)
     496 tr|A0A2B4S4U3|A0A2B4S4U3_STYPI 100.0 6.8E-42 7.1E-48  294.1   0.0  296   53-407    24-320 (359)
     497 tr|A0A2B4RYW3|A0A2B4RYW3_STYPI 100.0 7.2E-42 7.5E-48  333.1   0.0  287   55-410    40-327 (1580)
     498 UniRef100_A0A1L8HHP3 G_PROTEIN 100.0 7.2E-42 7.6E-48  299.3   0.0  295   51-417    42-347 (370)
     499 UniRef100_A0A060VNF4 G_PROTEIN 100.0 7.3E-42 7.6E-48  314.4   0.0  286   53-408   129-430 (566)
     500 UniRef100_A0A087XKP0 Pyrogluta 100.0 7.4E-42 7.7E-48  306.0   0.0  302   53-410   143-451 (537)
     
  > Uniprot already searched, skipping.
> Running chain B
  > Uniref90 already searched, skipping.
  > Mgnify already searched, skipping.
  > Running hhblits on bfd_uniref30
- 11:52:32.922 INFO: Searching 65983866 column state sequences.

- 11:52:34.758 INFO: Searching 29291635 column state sequences.

- 11:52:34.798 INFO: gasr_human-864/msas/B/chain_B.fasta is in A2M, A3M or FASTA format

- 11:52:34.799 INFO: Iteration 1

- 11:52:34.806 INFO: Prefiltering database

- 11:53:26.987 INFO: HMMs passed 1st prefilter (gapless profile-profile alignment)  : 11453

- 11:53:56.451 INFO: HMMs passed 1st prefilter (gapless profile-profile alignment)  : 24154

- 11:53:56.493 INFO: HMMs passed 2nd prefilter (gapped profile-profile alignment)   : 49

- 11:53:56.493 INFO: HMMs passed 2nd prefilter and not found in previous iterations : 49

- 11:53:56.493 INFO: Scoring 49 HMMs using HMM-HMM Viterbi alignment

- 11:53:56.523 INFO: Alternative alignment: 0

- 11:53:56.768 INFO: 49 alignments done

- 11:53:56.768 INFO: Alternative alignment: 1

- 11:53:56.771 INFO: 48 alignments done

- 11:53:56.771 INFO: Alternative alignment: 2

- 11:53:56.771 INFO: Alternative alignment: 3

- 11:53:56.814 INFO: Premerge done

- 11:53:56.814 INFO: Realigning 49 HMM-HMM alignments using Maximum Accuracy algorithm

- 11:53:56.856 INFO: 33 sequences belonging to 33 database HMMs found with an E-value < 0.001

- 11:53:56.856 INFO: Number of effective sequences of resulting query HMM: Neff = 3.31021

- 11:53:56.859 INFO: Iteration 2

- 11:53:56.859 INFO: Set premerge to 0! (premerge: 3 iteration: 2 hits.Size: 30)

- 11:53:56.865 INFO: Prefiltering database

- 11:54:41.207 INFO: HMMs passed 1st prefilter (gapless profile-profile alignment)  : 2716

- 11:55:02.262 INFO: HMMs passed 1st prefilter (gapless profile-profile alignment)  : 8396

- 11:55:02.284 INFO: HMMs passed 2nd prefilter (gapped profile-profile alignment)   : 16

- 11:55:02.284 INFO: HMMs passed 2nd prefilter and not found in previous iterations : 2

- 11:55:02.284 INFO: Scoring 2 HMMs using HMM-HMM Viterbi alignment

- 11:55:02.305 INFO: Alternative alignment: 0

- 11:55:02.305 INFO: 2 alignments done

- 11:55:02.305 INFO: Alternative alignment: 1

- 11:55:02.305 INFO: 1 alignments done

- 11:55:02.305 INFO: Alternative alignment: 2

- 11:55:02.305 INFO: Alternative alignment: 3

- 11:55:02.314 INFO: No new hits found in iteration 2 => Stop searching

- 11:55:02.314 INFO: Rescoring previously found HMMs with Viterbi algorithm

- 11:55:02.330 INFO: Alternative alignment: 0

- 11:55:02.333 INFO: 30 alignments done

- 11:55:02.333 INFO: Alternative alignment: 1

- 11:55:02.335 INFO: 30 alignments done

- 11:55:02.335 INFO: Alternative alignment: 2

- 11:55:02.335 INFO: Alternative alignment: 3

- 11:55:02.344 INFO: Realigning 31 HMM-HMM alignments using Maximum Accuracy algorithm

- 11:55:02.358 INFO: 33 sequences belonging to 33 database HMMs found with an E-value < 0.001

- 11:55:02.358 INFO: Number of effective sequences of resulting query HMM: Neff = 3.31021

     Query         CCK-8 gtp:864
     Match_columns 8
     No_of_seqs    23 out of 267
     Neff          3.31021
     Searched_HMMs 49
     Date          Thu Feb 23 11:55:02 2023
     Command       hhblits -i gasr_human-864/msas/B/chain_B.fasta -cpu 2 -maxmem 20 -oa3m /projects/ilfgrid/people/nqz918/code/deorph/scripts/af_arman/af_jobs_af23/gasr_human/864//gasr_human-864/msas/B/bfd_uniref_hits.a3m -o /dev/null -n 3 -e 0.001 -maxseq 1000000 -realign_max 100000 -maxfilt 100000 -min_prefilter_hits 1000 -d /projects/ilfgrid/data/alphafold-genetic-databases///bfd/bfd_metaclust_clu_complete_id30_c90_final_seq.sorted_opt -d /projects/ilfgrid/data/alphafold-genetic-databases///uniref30/UniRef30_2021_03 
     
      No Hit                             Prob E-value P-value  Score    SS Cols Query HMM  Template HMM
       1 UniRef100_P68125 Cholecystokin  98.2 3.1E-08 3.2E-14   30.6   0.0    8    1-8       1-8   (8)
       2 sp|P68125|CCKN_DASVI Cholecyst  98.2 3.1E-08 3.2E-14   30.6   0.0    8    1-8       1-8   (8)
       3 UniRef100_Q7LZC5 Caerulein-lik  97.4 1.5E-05 1.5E-11   26.1   0.0    8    1-8       3-10  (10)
       4 sp|C0HKK7|CAE_XENBM Caerulein   97.3 2.7E-05 2.7E-11   25.6   0.0    8    1-8       3-10  (10)
       5 UniRef100_P86506 Caerulein 1.1  97.3 2.7E-05 2.7E-11   25.6   0.0    8    1-8       3-10  (10)
       6 UniRef100_A0A068LHT1 Cholecyst  97.2 1.8E-05   3E-11   38.3   0.0    8    1-8     172-179 (198)
       7 tr|A0A1V4J4Z7|A0A1V4J4Z7_PATFA  97.1 4.1E-05 5.5E-11   37.6   0.0    8    1-8     158-165 (177)
       8 tr|A0A1S3RZH7|A0A1S3RZH7_SALSA  97.0 8.7E-05 1.2E-10   36.9   0.0    8    1-8     182-189 (202)
       9 UniRef100_A0A7L0E8I9 CCKN prot  96.9 0.00013 1.4E-10   32.7   0.0    8    1-8      48-55  (67)
      10 tr|A0A0Q3PRR0|A0A0Q3PRR0_AMAAE  96.9 0.00012 1.5E-10   36.7   0.0    8    1-8     180-187 (199)
      11 UniRef100_Q7LZC4 Phyllocaerule  96.8 0.00023 2.3E-10   23.1   0.0    8    1-8       2-9   (9)
      12 UniRef100_P86625 [Arg4]-Phyllo  96.8 0.00025 2.6E-10   23.0   0.0    8    1-8       2-9   (9)
      13 UniRef100_A0A1V4J4Z7 Cholecyst  96.8  0.0002 2.6E-10   35.7   0.0    8    1-8     164-171 (183)
      14 UniRef100_A0A1S3RZH7 cholecyst  96.7 0.00034 4.5E-10   35.4   0.0    8    1-8     189-196 (208)
      15 UniRef100_A0A161AR14 Cholecyst  96.7 0.00042 4.7E-10   32.4   0.0    8    1-8      72-79  (91)
      16 UniRef100_Q9TS44 Cholecystokin  96.6 0.00054 5.8E-10   30.9   0.0    8    1-8      51-58  (66)
      17 UniRef100_A0A2J8PB29 Cholecyst  96.6  0.0006 6.8E-10   34.3   0.0    8    1-8     157-164 (176)
      18 UniRef100_UPI00105695FC cholec  96.5 0.00068   7E-10   32.4   0.0    8    1-8      88-95  (107)
      19 UniRef100_A0A3Q7SM61 Cholecyst  96.5 0.00081 8.7E-10   31.2   0.0    8    1-8      63-70  (82)
      20 UniRef100_A0A5F5PVM8 Cholecyst  96.4  0.0012 1.3E-09   34.3   0.0    8    1-8     205-212 (224)
      21 UniRef100_UPI001402821E cholec  96.3  0.0018 1.8E-09   32.5   0.0    8    1-8     135-142 (154)
      22 UniRef100_A0A0M3SBK1 Cholecyst  96.2  0.0018   2E-09   27.9   0.0    8    1-8      27-34  (46)
      23 UniRef100_A0A662YUD6 Cholecyst  96.2  0.0021 2.2E-09   33.2   0.0    8    1-8     193-200 (211)
      24 UniRef100_A0A0Q3PRR0 Cholecyst  96.1  0.0031 3.2E-09   32.5   0.0    8    1-8     180-187 (199)
      25 UniRef100_A0A3L7HMX1 Cholecyst  96.0  0.0042 4.3E-09   32.5   0.0    8    1-8     203-210 (222)
      26 UniRef100_A0A6J3CIG9 cholecyst  96.0  0.0045 4.6E-09   32.9   0.0    8    1-8     243-250 (262)
      27 UniRef100_A0A060YTT7 Gastrin d  95.8  0.0057 7.1E-09   30.1   0.0    8    1-8     109-116 (129)
      28 UniRef100_A0A2U3WWY7 Cholecyst  95.5   0.014 1.5E-08   33.0   0.0    8    1-8     470-477 (489)
      29 UniRef100_A0A402EQ12 Gastrin d  95.5   0.014 1.5E-08   32.4   0.0    8    1-8     374-381 (393)
      30 UniRef100_A0A4W5KY40 Gastrin d  95.5   0.014 1.5E-08   27.0   0.0    8    1-8      50-57  (69)
      31 UniRef100_A0A5B7K3U1 Uncharact  92.4    0.51 5.3E-07   21.7   0.0    6    2-7       7-12  (52)
     
  > Uniprot already searched, skipping.

>> Job finished at: Thu Feb 23 11:55:07 CET 2023

>> Runtime: 9908 s
