>> Job started at: Thu Mar  9 08:44:47 CET 2023
   On Machine:     ilfgridgpun01fl.unicph.domain
   In directory:   /projects/ilfgrid/people/nqz918/code/deorph/scripts/af_arman/af_jobs_af23/ssr1_human/2007

>> GPU is 

Loaded miniconda shell environment for bash
> Running 'prep_MSAs.sh'
  > Alphafold-DB directory is set to /projects/ilfgrid/data/alphafold-genetic-databases//
  > Number of cores was set to set to 4
  > Max memory set to 20 GB
  > Output directory was set to /projects/ilfgrid/people/nqz918/code/deorph/scripts/af_arman/af_jobs_af23/ssr1_human/2007/
  > Input fastafile was set to /projects/ilfgrid/people/nqz918/code/deorph/scripts/af_arman/af_jobs_af23/ssr1_human/2007/ssr1_human-2007.fasta
> Splitting fastafile
> Running chain A
  > Uniref90 already searched, skipping.
  > Mgnify already searched, skipping.
  > Running hhblits on bfd_uniref30
- 08:45:07.550 INFO: Searching 65983866 column state sequences.

- 08:45:08.769 INFO: Searching 29291635 column state sequences.

- 08:45:08.804 INFO: ssr1_human-2007/msas/A/chain_A.fasta is in A2M, A3M or FASTA format

- 08:45:08.804 INFO: Iteration 1

- 08:45:08.925 INFO: Prefiltering database

- 08:46:29.924 INFO: HMMs passed 1st prefilter (gapless profile-profile alignment)  : 9544559

- 08:47:56.584 INFO: HMMs passed 1st prefilter (gapless profile-profile alignment)  : 2330229

- 08:48:13.829 INFO: HMMs passed 2nd prefilter (gapped profile-profile alignment)   : 112012

- 08:48:13.829 INFO: HMMs passed 2nd prefilter and not found in previous iterations : 112012

- 08:48:13.829 INFO: Scoring 112012 HMMs using HMM-HMM Viterbi alignment

- 08:48:13.904 INFO: Alternative alignment: 0

- 08:48:14.863 INFO: 2000 alignments done

- 08:48:15.668 INFO: 4000 alignments done

- 08:48:16.318 INFO: 6000 alignments done

- 08:48:16.880 INFO: 8000 alignments done

- 08:48:17.437 INFO: 10000 alignments done

- 08:48:18.054 INFO: 12000 alignments done

- 08:48:18.797 INFO: 14000 alignments done

- 08:48:19.691 INFO: 16000 alignments done

- 08:48:19.698 INFO: Stop after DB-HHM: 16000 because early stop  5.9005 < filter cutoff 20

- 08:48:19.698 INFO: Alternative alignment: 1

- 08:48:23.451 INFO: 13287 alignments done

- 08:48:23.472 INFO: Alternative alignment: 2

- 08:48:24.406 INFO: 2118 alignments done

- 08:48:24.408 INFO: Alternative alignment: 3

- 08:48:24.631 INFO: 348 alignments done

- 08:48:25.271 INFO: Premerge done

- 08:48:25.275 INFO: Realigning 5281 HMM-HMM alignments using Maximum Accuracy algorithm

- 08:48:57.292 INFO: 5284 sequences belonging to 5284 database HMMs found with an E-value < 0.001

- 08:48:57.294 INFO: Number of effective sequences of resulting query HMM: Neff = 10.1005

- 08:48:57.438 INFO: Iteration 2

- 08:48:57.438 INFO: Set premerge to 0! (premerge: 3 iteration: 2 hits.Size: 5281)

- 08:48:57.567 INFO: Prefiltering database

- 08:50:21.126 INFO: HMMs passed 1st prefilter (gapless profile-profile alignment)  : 8694771

- 08:52:01.582 INFO: HMMs passed 1st prefilter (gapless profile-profile alignment)  : 3443622

- 08:52:31.170 INFO: HMMs passed 2nd prefilter (gapped profile-profile alignment)   : 115822

- 08:52:31.170 INFO: HMMs passed 2nd prefilter and not found in previous iterations : 110673

- 08:52:31.170 INFO: Scoring 110673 HMMs using HMM-HMM Viterbi alignment

- 08:52:31.217 INFO: Alternative alignment: 0

- 08:52:31.965 INFO: 2000 alignments done

- 08:52:32.695 INFO: 4000 alignments done

- 08:52:33.385 INFO: 6000 alignments done

- 08:52:33.971 INFO: 8000 alignments done

- 08:52:34.530 INFO: 10000 alignments done

- 08:52:35.050 INFO: 12000 alignments done

- 08:52:35.582 INFO: 14000 alignments done

- 08:52:36.200 INFO: 16000 alignments done

- 08:52:36.202 INFO: Stop after DB-HHM: 16000 because early stop  10.5649 < filter cutoff 20

- 08:52:36.202 INFO: Alternative alignment: 1

- 08:52:39.184 INFO: 8881 alignments done

- 08:52:39.206 INFO: Alternative alignment: 2

- 08:52:39.651 INFO: 810 alignments done

- 08:52:39.651 INFO: Alternative alignment: 3

- 08:52:39.758 INFO: 135 alignments done

- 08:52:39.900 INFO: Realigning 3594 HMM-HMM alignments using Maximum Accuracy algorithm

- 08:53:06.641 INFO: 8878 sequences belonging to 8878 database HMMs found with an E-value < 0.001

- 08:53:06.641 INFO: Number of effective sequences of resulting query HMM: Neff = 10.5675

- 08:53:06.810 INFO: Iteration 3

- 08:53:07.013 INFO: Prefiltering database

- 08:54:22.367 INFO: HMMs passed 1st prefilter (gapless profile-profile alignment)  : 8668037

- 08:55:27.543 INFO: HMMs passed 1st prefilter (gapless profile-profile alignment)  : 3358898

- 08:55:55.051 INFO: HMMs passed 2nd prefilter (gapped profile-profile alignment)   : 108561

- 08:55:55.051 INFO: HMMs passed 2nd prefilter and not found in previous iterations : 99853

- 08:55:55.051 INFO: Scoring 99853 HMMs using HMM-HMM Viterbi alignment

- 08:55:55.115 INFO: Alternative alignment: 0

- 08:55:55.987 INFO: 2000 alignments done

- 08:55:56.880 INFO: 4000 alignments done

- 08:55:57.401 INFO: 6000 alignments done

- 08:55:57.869 INFO: 8000 alignments done

- 08:55:58.300 INFO: 10000 alignments done

- 08:55:58.780 INFO: 12000 alignments done

- 08:55:58.782 INFO: Stop after DB-HHM: 12000 because early stop  14.8792 < filter cutoff 20

- 08:55:58.782 INFO: Alternative alignment: 1

- 08:56:00.752 INFO: 6184 alignments done

- 08:56:00.760 INFO: Alternative alignment: 2

- 08:56:01.122 INFO: 649 alignments done

- 08:56:01.123 INFO: Alternative alignment: 3

- 08:56:01.228 INFO: 122 alignments done

- 08:56:01.300 INFO: Rescoring previously found HMMs with Viterbi algorithm

- 08:56:01.331 INFO: Alternative alignment: 0

- 08:56:02.021 INFO: 2000 alignments done

- 08:56:02.719 INFO: 4000 alignments done

- 08:56:03.421 INFO: 6000 alignments done

- 08:56:04.064 INFO: 8000 alignments done

- 08:56:04.283 INFO: 8707 alignments done

- 08:56:04.287 INFO: Alternative alignment: 1

- 08:56:07.130 INFO: 8707 alignments done

- 08:56:07.142 INFO: Alternative alignment: 2

- 08:56:07.462 INFO: 636 alignments done

- 08:56:07.462 INFO: Alternative alignment: 3

- 08:56:07.533 INFO: 101 alignments done

- 08:56:07.657 INFO: Premerge done

- 08:56:07.660 INFO: Realigning 9171 HMM-HMM alignments using Maximum Accuracy algorithm

- 08:56:30.185 INFO: 9240 sequences belonging to 9240 database HMMs found with an E-value < 0.001

- 08:56:30.185 INFO: Number of effective sequences of resulting query HMM: Neff = 10.6238

     Query         ssr1_human P30872
     Match_columns 391
     No_of_seqs    2739 out of 148928
     Neff          10.6238
     Searched_HMMs 199492
     Date          Thu Mar  9 08:56:30 2023
     Command       hhblits -i ssr1_human-2007/msas/A/chain_A.fasta -cpu 4 -maxmem 20 -oa3m /projects/ilfgrid/people/nqz918/code/deorph/scripts/af_arman/af_jobs_af23/ssr1_human/2007//ssr1_human-2007/msas/A/bfd_uniref_hits.a3m -o /dev/null -n 3 -e 0.001 -maxseq 1000000 -realign_max 100000 -maxfilt 100000 -min_prefilter_hits 1000 -d /projects/ilfgrid/data/alphafold-genetic-databases///bfd/bfd_metaclust_clu_complete_id30_c90_final_seq.sorted_opt -d /projects/ilfgrid/data/alphafold-genetic-databases///uniref30/UniRef30_2021_03 
     
      No Hit                             Prob E-value P-value  Score    SS Cols Query HMM  Template HMM
       1 tr|A0A1L8G1N6|A0A1L8G1N6_XENLA 100.0 9.2E-68 9.6E-74  453.5   0.0  343   46-390   104-448 (448)
       2 tr|A0A218VDE9|A0A218VDE9_9PASE 100.0 2.4E-63 2.4E-69  424.9   0.0  347   45-391    10-377 (556)
       3 tr|A0A1S2ZMW0|A0A1S2ZMW0_ERIEU 100.0 7.8E-61   8E-67  395.9   0.0  385    2-391   106-490 (490)
       4 tr|A0A0P7U387|A0A0P7U387_9TELE 100.0 8.3E-56 8.6E-62  385.5   0.0  289   55-344   125-417 (556)
       5 tr|M3ZFE6|M3ZFE6_XIPMA Somatos 100.0 3.1E-55 3.2E-61  379.7   0.0  288   56-346   102-393 (525)
       6 tr|A0A0F8ARD3|A0A0F8ARD3_LARCR 100.0 6.7E-54   7E-60  367.5   0.0  283   57-342    52-338 (464)
       7 tr|S9YJE2|S9YJE2_CAMFR Somatos 100.0 2.4E-52 2.5E-58  354.7   0.0  293   54-346   108-404 (438)
       8 tr|A0A091DWF1|A0A091DWF1_FUKDA 100.0 2.6E-50 2.7E-56  342.2   0.0  287   56-345   154-444 (483)
       9 tr|G3S2I3|G3S2I3_GORGO Opioid  100.0 1.8E-49 1.9E-55  342.1   0.0  289   53-342   157-449 (492)
      10 ERR1719309_538082              100.0 1.4E-48 1.5E-54  342.6   0.0  318   22-343    28-369 (441)
      11 tr|C3XVS5|C3XVS5_BRAFL Unchara 100.0 1.8E-48 1.9E-54  333.6   0.0  289   55-346    64-367 (425)
      12 tr|A0A1I8PIJ9|A0A1I8PIJ9_STOCA 100.0 1.2E-47 1.2E-53  345.8   0.0  286   58-345   169-470 (680)
      13 tr|V8PD93|V8PD93_OPHHA Type-2  100.0 1.7E-47 1.8E-53  339.2   0.0  285   56-344    73-370 (412)
      14 tr|C3XSP5|C3XSP5_BRAFL Unchara 100.0 1.8E-47 1.9E-53  322.7   0.0  290   55-346    24-330 (403)
      15 tr|A0A0P4XBU7|A0A0P4XBU7_9CRUS 100.0 2.7E-47 2.9E-53  343.6   0.0  289   52-343    54-416 (557)
      16 tr|A0A2C9JWF9|A0A2C9JWF9_BIOGL 100.0 6.4E-47 6.8E-53  333.7   0.0  290   57-347    64-370 (403)
      17 tr|A0A146TL67|A0A146TL67_FUNHE 100.0 7.3E-47 7.9E-53  345.9   0.0  291   53-345    21-407 (442)
      18 tr|A0A1I8PG61|A0A1I8PG61_STOCA 100.0 8.4E-47 8.7E-53  342.7   0.0  290   53-342   294-592 (716)
      19 tr|A0A1I8M930|A0A1I8M930_MUSDO 100.0 9.1E-47 9.6E-53  353.1   0.0  279   55-340   185-576 (963)
      20 tr|L7LZ94|L7LZ94_9ACAR Putativ 100.0 1.2E-46 1.3E-52  322.0   0.0  287   54-343    98-393 (438)
      21 tr|I6R4U4|I6R4U4_9BILA Onychop 100.0 1.5E-46 1.6E-52  345.7   0.0  295   44-340   129-443 (873)
      22 ERR1719348_1105958             100.0 1.6E-46 1.7E-52  323.2   0.0  309   27-338    84-414 (442)
      23 tr|A0A210QIB3|A0A210QIB3_MIZYE 100.0 1.9E-46   2E-52  325.1   0.0  293   44-338    81-391 (543)
      24 tr|A0A1I8MQS0|A0A1I8MQS0_MUSDO 100.0 2.1E-46 2.2E-52  338.4   0.0  289   52-341   143-439 (572)
      25 tr|A0A0F8AVG0|A0A0F8AVG0_LARCR 100.0 2.4E-46 2.4E-52  323.9   0.0  297   44-342    41-343 (544)
      26 tr|A0A1A8EW90|A0A1A8EW90_9TELE 100.0   3E-46 3.1E-52  320.0   0.0  285   54-338    40-329 (444)
      27 tr|A0A1W2W3E6|A0A1W2W3E6_CIOIN 100.0 5.2E-46 5.4E-52  322.1   0.0  287   53-342    52-351 (487)
      28 tr|A0A147AUP2|A0A147AUP2_FUNHE 100.0 6.2E-46 6.5E-52  328.0   0.0  263   60-323   122-388 (482)
      29 tr|A0A0N8JZL4|A0A0N8JZL4_9TELE 100.0 6.9E-46 7.3E-52  324.1   0.0  291   50-344    96-414 (482)
      30 tr|W5JTF9|W5JTF9_ANODA Somatos 100.0 7.1E-46 7.4E-52  324.6   0.0  288   53-340    49-345 (526)
      31 tr|A0A0S0WMT8|A0A0S0WMT8_DROME 100.0 2.1E-45 2.2E-51  321.1   0.0  287   54-340   141-434 (593)
      32 tr|A0A1V4J9K1|A0A1V4J9K1_PATFA 100.0 2.2E-45 2.3E-51  333.8   0.0  287   56-345   318-610 (939)
      33 tr|A0A1U7TSJ4|A0A1U7TSJ4_TARSY 100.0 2.4E-45 2.5E-51  322.1   0.0  290   50-343   204-519 (600)
      34 tr|A0A1W4ZX05|A0A1W4ZX05_9TELE 100.0 3.1E-45 3.2E-51  323.0   0.0  283   56-342    67-385 (480)
      35 ERR1711971_636625              100.0 3.5E-45 3.6E-51  313.4   0.0  302   33-339     7-332 (443)
      36 tr|A0A182G4E1|A0A182G4E1_AEDAL 100.0 3.7E-45 3.9E-51  325.2   0.0  283   53-340    62-368 (534)
      37 tr|A0A1D1UXI1|A0A1D1UXI1_RAMVA 100.0   5E-45 5.3E-51  318.1   0.0  288   54-344    77-377 (499)
      38 tr|A0A0L0C8J1|A0A0L0C8J1_LUCCU 100.0 6.3E-45 6.6E-51  322.4   0.0  285   58-342   225-518 (661)
      39 tr|A0A0S1YD80|A0A0S1YD80_CHISP 100.0 7.8E-45 8.1E-51  318.1   0.0  285   57-346   163-468 (513)
      40 tr|E0D358|E0D358_HEMPU Dopamin 100.0 7.8E-45 8.2E-51  315.1   0.0  277   60-344    26-330 (435)
      41 tr|A0A1V4J9T1|A0A1V4J9T1_PATFA 100.0 8.5E-45 8.8E-51  307.8   0.0  282   53-338    63-351 (461)
      42 tr|K1PPZ4|K1PPZ4_CRAGI Rhodops 100.0 8.9E-45 9.2E-51  317.9   0.0  303   33-337    23-343 (519)
      43 tr|A0A131ZXP6|A0A131ZXP6_SARSC 100.0   1E-44 1.1E-50  310.8   0.0  285   57-342   121-412 (480)
      44 tr|A0A232F0R3|A0A232F0R3_9HYME 100.0 1.2E-44 1.3E-50  310.4   0.0  283   54-342    99-423 (458)
      45 tr|K1QHX9|K1QHX9_CRAGI Somatos 100.0 1.3E-44 1.3E-50  318.3   0.0  292   51-342    41-339 (456)
      46 tr|A0A131XUY2|A0A131XUY2_IXORI 100.0 1.5E-44 1.6E-50  312.0   0.0  280   57-341   160-445 (560)
      47 tr|A0A1V4KKE4|A0A1V4KKE4_PATFA 100.0 1.6E-44 1.6E-50  319.9   0.0  284   56-340   403-690 (724)
      48 tr|W4Z2N2|W4Z2N2_STRPU Unchara 100.0 1.6E-44 1.7E-50  305.2   0.0  288   52-341    50-351 (406)
      49 tr|A0A2B4SID7|A0A2B4SID7_STYPI 100.0 1.7E-44 1.8E-50  322.3   0.0  286   53-340    26-325 (422)
      50 tr|J9JXD7|J9JXD7_ACYPI Unchara 100.0   2E-44 2.1E-50  320.9   0.0  294   44-338   208-510 (627)
      51 tr|A0A2H1W6Q0|A0A2H1W6Q0_SPOFR 100.0 2.1E-44 2.2E-50  315.5   0.0  286   53-342    65-364 (466)
      52 tr|A0A1A8LLP2|A0A1A8LLP2_9TELE 100.0 2.3E-44 2.4E-50  310.8   0.0  290   54-347    89-402 (455)
      53 tr|F1R2F3|F1R2F3_DANRE Neurope 100.0 2.3E-44 2.4E-50  322.4   0.0  284   55-338   399-688 (731)
      54 tr|A0A146U732|A0A146U732_FUNHE 100.0 2.2E-44 2.4E-50  338.7   0.0  283   57-339   190-544 (590)
      55 tr|A0A1D2NMB6|A0A1D2NMB6_ORCCI 100.0 2.5E-44 2.6E-50  316.3   0.0  284   56-341   149-449 (520)
      56 tr|A0A0P7V1N0|A0A0P7V1N0_9TELE 100.0 2.9E-44   3E-50  304.7   0.0  282   57-338   113-400 (436)
      57 tr|A0A182FUW3|A0A182FUW3_ANOAL 100.0   3E-44 3.1E-50  320.7   0.0  290   53-342   190-486 (666)
      58 tr|A0A0P6IZB8|A0A0P6IZB8_9CRUS 100.0 4.4E-44 4.6E-50  315.0   0.0  289   54-344   198-496 (559)
      59 tr|A0A139WLV7|A0A139WLV7_TRICA 100.0 4.5E-44 4.7E-50  323.9   0.0  284   53-340   393-695 (792)
      60 tr|A0A0P7U0M1|A0A0P7U0M1_9TELE 100.0 5.1E-44 5.3E-50  304.4   0.0  285   56-343    99-412 (440)
      61 tr|T1JU75|T1JU75_TETUR Unchara 100.0 7.2E-44 7.4E-50  316.0   0.0  287   56-342   141-435 (728)
      62 tr|A7SD89|A7SD89_NEMVE Predict 100.0 8.6E-44 8.9E-50  295.9   0.0  278   61-344    40-332 (355)
      63 tr|A0A2B4RXD1|A0A2B4RXD1_STYPI 100.0 8.7E-44 9.1E-50  306.3   0.0  279   54-339    89-377 (416)
      64 tr|A0A287CUD4|A0A287CUD4_ICTTR 100.0 8.9E-44 9.3E-50  305.9   0.0  285   54-345    14-310 (478)
      65 tr|A0A2B4SKI0|A0A2B4SKI0_STYPI 100.0 9.2E-44 9.7E-50  315.6   0.0  280   56-337    95-393 (458)
      66 tr|A0A0L8FIS6|A0A0L8FIS6_OCTBM 100.0   1E-43 1.1E-49  310.4   0.0  285   60-346    92-424 (485)
      67 tr|A0A218UB83|A0A218UB83_9PASE 100.0 1.1E-43 1.1E-49  317.5   0.0  284   55-346   190-516 (631)
      68 ERR1711953_780469              100.0 1.1E-43 1.2E-49  323.6   0.0  317   25-344   208-550 (568)
      69 tr|B4JN40|B4JN40_DROGR GH24210 100.0 1.2E-43 1.2E-49  307.3   0.0  285   56-342   114-408 (436)
      70 tr|A0A226N2C0|A0A226N2C0_CALSU 100.0 1.2E-43 1.3E-49  309.0   0.0  321   55-386   221-561 (569)
      71 ERR1719361_2001115             100.0 1.4E-43 1.5E-49  308.9   0.0  307   56-362    22-345 (415)
      72 tr|T1KPP2|T1KPP2_TETUR Unchara 100.0 1.4E-43 1.5E-49  310.3   0.0  284   54-344   147-438 (477)
      73 tr|C3Z5T5|C3Z5T5_BRAFL Unchara 100.0 1.7E-43 1.7E-49  295.3   0.0  291   54-344    33-330 (389)
      74 tr|K7GCC3|K7GCC3_PELSI Adrenoc 100.0 1.8E-43 1.9E-49  305.5   0.0  286   57-344    40-365 (488)
      75 tr|A0A151NBW9|A0A151NBW9_ALLMI 100.0 1.8E-43 1.9E-49  309.0   0.0  290   53-346    75-395 (472)
      76 tr|A0A0P7V5N2|A0A0P7V5N2_9TELE 100.0 1.9E-43   2E-49  307.9   0.0  288   55-345    88-404 (468)
      77 tr|A0A146NR64|A0A146NR64_FUNHE 100.0 1.9E-43   2E-49  304.4   0.0  285   56-342   117-420 (449)
      78 ERR1719474_1284658             100.0   2E-43 2.1E-49  323.7   0.0  307   29-338   384-712 (739)
      79 tr|A0A2B4SNZ1|A0A2B4SNZ1_STYPI 100.0 1.9E-43 2.1E-49  310.9   0.0  281   57-342    30-319 (351)
      80 tr|A0A091CRU0|A0A091CRU0_FUKDA 100.0 2.5E-43 2.6E-49  321.3   0.0  278   54-343   404-693 (720)
      81 tr|V8NQN2|V8NQN2_OPHHA G-prote 100.0 2.7E-43 2.8E-49  318.7   0.0  278   55-341   300-586 (840)
      82 tr|A0A210R0K7|A0A210R0K7_MIZYE 100.0 2.8E-43   3E-49  304.1   0.0  288   53-342    68-426 (470)
      83 ERR1719317_36737               100.0 3.8E-43   4E-49  310.2   0.0  312   24-338    46-378 (459)
      84 tr|J9K651|J9K651_ACYPI Unchara 100.0 4.5E-43 4.7E-49  300.5   0.0  292   54-348    85-393 (440)
      85 tr|A0A1V4JMN9|A0A1V4JMN9_PATFA 100.0 4.6E-43 4.8E-49  305.5   0.0  292   45-341    80-420 (537)
      86 tr|A0A0P7TYE1|A0A0P7TYE1_9TELE 100.0 5.4E-43 5.6E-49  306.0   0.0  284   58-343   123-475 (507)
      87 tr|A7SMQ7|A7SMQ7_NEMVE Predict 100.0 5.4E-43 5.7E-49  298.3   0.0  289   54-346     7-307 (358)
      88 tr|A0A1W4X208|A0A1W4X208_AGRPL 100.0   6E-43 6.2E-49  301.3   0.0  281   58-340    94-391 (467)
      89 ERR1719150_2693072             100.0 6.3E-43 6.6E-49  299.2   0.0  318   25-346    66-408 (423)
      90 tr|A0A218UWX7|A0A218UWX7_9PASE 100.0 6.3E-43 6.6E-49  305.8   0.0  283   56-342    38-340 (474)
      91 tr|A0A0P5PA10|A0A0P5PA10_9CRUS 100.0 6.3E-43 6.6E-49  312.3   0.0  285   58-344   146-451 (705)
      92 tr|A0A1L8HND2|A0A1L8HND2_XENLA 100.0 6.4E-43 6.7E-49  303.8   0.0  287   55-343   125-428 (452)
      93 tr|A0A1S3FYW5|A0A1S3FYW5_DIPOR 100.0 6.5E-43 6.8E-49  292.1   0.0  285   57-344    68-360 (385)
      94 tr|A0A146YGA5|A0A146YGA5_FUNHE 100.0 6.7E-43 7.1E-49  317.8   0.0  286   57-346    29-344 (521)
      95 tr|A0A1D2MSE1|A0A1D2MSE1_ORCCI 100.0 7.1E-43 7.4E-49  317.9   0.0  280   57-340   109-404 (615)
      96 tr|A0A1A9ZAD8|A0A1A9ZAD8_GLOPL 100.0 7.2E-43 7.4E-49  305.6   0.0  282   58-341   122-420 (574)
      97 tr|A0A2B4SSL5|A0A2B4SSL5_STYPI 100.0 7.4E-43 7.8E-49  291.1   0.0  286   56-346    19-314 (344)
      98 tr|W4YJK4|W4YJK4_STRPU Unchara 100.0 9.5E-43   1E-48  306.8   0.0  286   53-345    64-372 (446)
      99 tr|A0A0A7RC79|A0A0A7RC79_RHOPR 100.0 1.1E-42 1.2E-48  296.5   0.0  291   54-344    71-375 (404)
     100 tr|A0A182QHF8|A0A182QHF8_9DIPT 100.0 1.2E-42 1.3E-48  306.5   0.0  281   54-338    96-402 (581)
     101 tr|B4KC34|B4KC34_DROMO Unchara 100.0 1.3E-42 1.3E-48  315.0   0.0  281   58-340   192-490 (670)
     102 tr|A0A0L0BYA7|A0A0L0BYA7_LUCCU 100.0 1.4E-42 1.5E-48  308.0   0.0  279   57-342   309-626 (678)
     103 tr|A0A147AZW9|A0A147AZW9_FUNHE 100.0 1.5E-42 1.6E-48  316.0   0.0  280   57-340    84-431 (468)
     104 tr|C3XVU5|C3XVU5_BRAFL Unchara 100.0   2E-42 2.1E-48  297.3   0.0  281   54-341    57-355 (439)
     105 tr|A0A2B4R9G2|A0A2B4R9G2_STYPI 100.0 2.1E-42 2.2E-48  298.4   0.0  280   54-338    56-345 (378)
     106 tr|E6ZEU6|E6ZEU6_DICLA Neurome 100.0 2.1E-42 2.2E-48  304.9   0.0  285   58-346    88-398 (461)
     107 tr|S7PUA8|S7PUA8_MYOBR C-C che 100.0 2.2E-42 2.3E-48  312.4   0.0  273   56-338   280-562 (603)
     108 tr|A0A067RDC3|A0A067RDC3_ZOONE 100.0 2.2E-42 2.3E-48  309.7   0.0  284   52-340    65-361 (506)
     109 tr|A0A0N0BC55|A0A0N0BC55_9HYME 100.0 2.6E-42 2.7E-48  301.3   0.0  287   53-341   200-492 (615)
     110 tr|A0A0V1MVC7|A0A0V1MVC7_9BILA 100.0   3E-42 3.1E-48  308.7   0.0  289   50-340    71-376 (598)
     111 tr|A0A2B4SUH3|A0A2B4SUH3_STYPI 100.0 3.3E-42 3.4E-48  300.2   0.0  277   59-343    26-332 (385)
     112 tr|A0A1V4KUV7|A0A1V4KUV7_PATFA 100.0 3.5E-42 3.6E-48  291.5   0.0  286   56-343   116-411 (450)
     113 SRR6218665_799277              100.0 3.6E-42 3.7E-48  291.7   0.0  290   54-343   120-420 (456)
     114 tr|B4N448|B4N448_DROWI Unchara 100.0 4.5E-42 4.6E-48  292.4   0.0  312   54-365    77-403 (502)
     115 tr|A0A0H5B8K8|A0A0H5B8K8_9MOLL 100.0 4.5E-42 4.6E-48  298.6   0.0  302   43-346    26-350 (570)
     116 tr|A0A232F8D2|A0A232F8D2_9HYME 100.0 4.5E-42 4.7E-48  299.3   0.0  282   53-338    66-366 (478)
     117 tr|A7RYQ3|A7RYQ3_NEMVE Predict 100.0   5E-42 5.3E-48  301.7   0.0  283   54-344    47-337 (367)
     118 tr|A0A182L9N8|A0A182L9N8_9DIPT 100.0 5.1E-42 5.4E-48  303.4   0.0  282   58-342    88-382 (490)
     119 tr|L9JDH9|L9JDH9_TUPCH Orexin  100.0 5.5E-42 5.7E-48  301.7   0.0  316   19-340   182-571 (621)
     120 tr|A0A0R4IQ19|A0A0R4IQ19_DANRE 100.0 6.7E-42   7E-48  286.0   0.0  289   54-346    51-351 (384)
     121 tr|A0A0K0PUV0|A0A0K0PUV0_PLADU 100.0 6.9E-42 7.2E-48  294.4   0.0  277   58-339    15-330 (373)
     122 tr|A0A1V4JU97|A0A1V4JU97_PATFA 100.0 7.5E-42 7.8E-48  307.1   0.0  287   53-342    59-360 (615)
     123 tr|W8B9D1|W8B9D1_CERCA 5-hydro 100.0 8.2E-42 8.5E-48  302.6   0.0  295   54-355   258-639 (664)
     124 tr|A0A0N7KWU9|A0A0N7KWU9_LYMST 100.0 8.7E-42   9E-48  295.8   0.0  327   60-388    77-493 (494)
     125 ERR1719341_586736              100.0 8.8E-42 9.2E-48  301.6   0.0  294   50-343    46-355 (513)
     126 tr|F7E6B1|F7E6B1_MONDO Tachyki 100.0 8.8E-42 9.2E-48  294.6   0.0  285   53-341    89-383 (475)
     127 tr|A0A1S3IXU4|A0A1S3IXU4_LINUN 100.0 9.2E-42 9.6E-48  294.3   0.0  275   57-339    56-342 (440)
     128 tr|A0A0P6HXT6|A0A0P6HXT6_9CRUS 100.0   1E-41 1.1E-47  294.1   0.0  323   16-340   107-443 (447)
     129 tr|A0A2B4SAJ4|A0A2B4SAJ4_STYPI 100.0 1.1E-41 1.1E-47  299.3   0.0  279   57-338    27-329 (434)
     130 tr|C7SLZ0|C7SLZ0_APLKU Seroton 100.0 1.1E-41 1.2E-47  302.8   0.0  278   57-344    71-426 (485)
     131 sp|Q804Q2|OPN4B_GADMO Melanops 100.0 1.2E-41 1.3E-47  301.2   0.0  280   56-338    16-312 (615)
     132 ERR1719360_58639               100.0 1.3E-41 1.4E-47  299.9   0.0  318   25-344    61-402 (421)
     133 tr|A0A210QNG6|A0A210QNG6_MIZYE 100.0 1.3E-41 1.4E-47  299.0   0.0  291   54-346    35-343 (498)
     134 tr|R4J1H6|R4J1H6_SALSA Cholecy 100.0 1.4E-41 1.4E-47  291.8   0.0  288   53-342    41-407 (461)
     135 tr|M3ZYH7|M3ZYH7_XIPMA Unchara 100.0 1.5E-41 1.6E-47  294.9   0.0  281   54-342    81-373 (397)
     136 tr|W5MC67|W5MC67_LEPOC Pyroglu 100.0 1.6E-41 1.6E-47  290.6   0.0  281   56-338    51-355 (441)
     137 tr|A0A147A4W2|A0A147A4W2_FUNHE 100.0 1.7E-41 1.7E-47  298.0   0.0  290   53-344    89-446 (502)
     138 tr|A0A232F826|A0A232F826_9HYME 100.0 1.7E-41 1.8E-47  294.3   0.0  306   30-338    72-433 (459)
     139 tr|A7SIX0|A7SIX0_NEMVE Predict 100.0 1.7E-41 1.8E-47  291.0   0.0  286   57-346    23-322 (403)
     140 tr|A0A060XRS0|A0A060XRS0_ONCMY 100.0 1.8E-41 1.9E-47  310.0   0.0  283   56-346    53-379 (900)
     141 tr|A0A210QY69|A0A210QY69_MIZYE 100.0 1.9E-41   2E-47  285.1   0.0  289   55-344    83-379 (400)
     142 tr|A0A0L7QUK8|A0A0L7QUK8_9HYME 100.0 2.2E-41 2.3E-47  306.4   0.0  284   54-341   197-497 (806)
     143 tr|A0A2D0SD29|A0A2D0SD29_ICTPU 100.0 2.2E-41 2.3E-47  294.0   0.0  277   58-341     4-307 (420)
     144 tr|A0A060X5F3|A0A060X5F3_ONCMY 100.0 2.3E-41 2.5E-47  316.8   0.0  278   55-341   411-701 (840)
     145 tr|A0A0P6B3L3|A0A0P6B3L3_9CRUS 100.0 2.5E-41 2.5E-47  295.8   0.0  287   56-342    30-412 (623)
     146 tr|A0A0N7ZC69|A0A0N7ZC69_9EUCA 100.0 2.5E-41 2.5E-47  284.2   0.0  284   56-340    64-354 (430)
     147 tr|A0A147AXX1|A0A147AXX1_FUNHE 100.0 2.5E-41 2.6E-47  291.1   0.0  287   52-343    31-330 (490)
     148 tr|J9JRI9|J9JRI9_ACYPI Unchara 100.0 2.5E-41 2.6E-47  292.7   0.0  280   59-340    35-331 (490)
     149 tr|A0A2B4RSD1|A0A2B4RSD1_STYPI 100.0 2.5E-41 2.7E-47  304.7   0.0  285   53-346    45-385 (430)
     150 tr|A0A1S3L0J1|A0A1S3L0J1_SALSA 100.0 2.9E-41   3E-47  296.5   0.0  280   55-342    72-405 (533)
     151 tr|A0A147AMP5|A0A147AMP5_FUNHE 100.0   3E-41 3.2E-47  309.6   0.0  279   58-344    31-429 (475)
     152 tr|A0A212EZN3|A0A212EZN3_DANPL 100.0 3.1E-41 3.3E-47  295.3   0.0  284   56-343    52-355 (488)
     153 tr|W4Z9U8|W4Z9U8_STRPU Unchara 100.0 3.2E-41 3.3E-47  286.0   0.0  290   53-344   102-413 (434)
     154 tr|C3Z3H5|C3Z3H5_BRAFL Unchara 100.0 3.4E-41 3.5E-47  285.5   0.0  284   56-341    78-373 (405)
     155 tr|A0A2B4S4U3|A0A2B4S4U3_STYPI 100.0 3.7E-41 3.8E-47  282.4   0.0  289   55-345    22-325 (359)
     156 tr|A0A0R4J0Z2|A0A0R4J0Z2_MOUSE 100.0 3.8E-41 3.9E-47  280.9   0.0  283   55-338    65-351 (456)
     157 tr|A0A2B4RYF4|A0A2B4RYF4_STYPI 100.0 3.8E-41   4E-47  289.1   0.0  278   57-340    23-309 (402)
     158 tr|A0A1I8N820|A0A1I8N820_MUSDO 100.0   4E-41 4.1E-47  305.2   0.0  276   56-338   302-633 (880)
     159 tr|A0A139WEA0|A0A139WEA0_TRICA 100.0   4E-41 4.1E-47  283.7   0.0  281   57-342    92-406 (464)
     160 SRR6218665_147192              100.0 4.3E-41 4.4E-47  293.4   0.0  283   53-339    95-393 (466)
     161 tr|A0A1S3NPB2|A0A1S3NPB2_SALSA 100.0 4.3E-41 4.5E-47  290.7   0.0  284   56-342    37-331 (443)
     162 tr|A7RNV5|A7RNV5_NEMVE Predict 100.0 4.7E-41 4.9E-47  287.7   0.0  277   59-338    32-322 (377)
     163 tr|A0A146TP77|A0A146TP77_FUNHE 100.0 5.2E-41 5.5E-47  308.2   0.0  283   56-345    44-426 (522)
     164 tr|A0A2C9GPU2|A0A2C9GPU2_ANOAR 100.0 5.3E-41 5.5E-47  308.3   0.0  279   58-341   322-636 (818)
     165 tr|A0A0P6C571|A0A0P6C571_9CRUS 100.0 5.6E-41 5.8E-47  292.2   0.0  282   58-341    55-444 (558)
     166 tr|A0A226N7X5|A0A226N7X5_CALSU 100.0 5.7E-41 5.9E-47  280.1   0.0  288   53-341   123-416 (419)
     167 tr|A0A091E4L4|A0A091E4L4_FUKDA 100.0 5.8E-41   6E-47  306.5   0.0  287   55-342   728-1019(1054)
     168 ERR1740131_704262              100.0 5.8E-41 6.1E-47  288.6   0.0  310   25-338    76-408 (432)
     169 tr|K1PQW2|K1PQW2_CRAGI Putativ 100.0 6.1E-41 6.3E-47  286.2   0.0  290   47-338    46-349 (437)
     170 tr|A0A2B4S6X2|A0A2B4S6X2_STYPI 100.0 6.1E-41 6.3E-47  285.7   0.0  275   60-344    25-325 (379)
     171 tr|I3KRG5|I3KRG5_ORENI FGFR1 o 100.0 6.5E-41 6.8E-47  297.8   0.0  279   53-340   142-447 (489)
     172 tr|C3YFL4|C3YFL4_BRAFL Unchara 100.0 6.8E-41   7E-47  290.4   0.0  289   55-343    90-385 (591)
     173 tr|A7RRH0|A7RRH0_NEMVE Predict 100.0 6.8E-41 7.1E-47  304.1   0.0  284   54-344    22-317 (700)
     174 tr|A7RKH9|A7RKH9_NEMVE Predict 100.0 6.8E-41 7.2E-47  285.2   0.0  280   59-343    26-314 (336)
     175 tr|A0A0B2UYY4|A0A0B2UYY4_TOXCA 100.0   7E-41 7.3E-47  291.5   0.0  289   55-344    79-387 (437)
     176 tr|A7S585|A7S585_NEMVE Predict 100.0 7.2E-41 7.6E-47  290.3   0.0  287   54-343    20-326 (374)
     177 tr|A0A1S3FWK5|A0A1S3FWK5_DIPOR 100.0 7.4E-41 7.7E-47  298.4   0.0  280   57-343   415-730 (786)
     178 tr|W8C2A8|W8C2A8_CERCA Neurope 100.0 7.5E-41 7.8E-47  306.6   0.0  287   56-346   262-568 (827)
     179 ERR1719510_236906              100.0 7.5E-41 7.9E-47  303.0   0.0  283   56-342    80-373 (577)
     180 tr|A0A210QT45|A0A210QT45_MIZYE 100.0 7.7E-41   8E-47  280.5   0.0  278   58-338    37-337 (395)
     181 tr|A0A182FRI7|A0A182FRI7_ANOAL 100.0 7.7E-41 8.1E-47  309.6   0.0  186   56-248   110-297 (677)
     182 tr|A0A1S3F7I6|A0A1S3F7I6_DIPOR 100.0 7.9E-41 8.2E-47  289.6   0.0  287   53-344   161-466 (543)
     183 tr|A0A218UP03|A0A218UP03_9PASE 100.0 7.9E-41 8.2E-47  309.0   0.0  277   54-340   785-1072(1110)
     184 tr|A0A183W5E7|A0A183W5E7_TRIRE 100.0 8.1E-41 8.5E-47  291.1   0.0  283   54-340    47-350 (503)
     185 tr|A0A1V4KK28|A0A1V4KK28_PATFA 100.0 8.3E-41 8.6E-47  286.3   0.0  278   60-340   135-425 (478)
     186 tr|A0A0P7V0U8|A0A0P7V0U8_9TELE 100.0 8.3E-41 8.6E-47  283.0   0.0  284   56-343    83-375 (439)
     187 tr|L5M4Z9|L5M4Z9_MYODS C-C che 100.0 8.3E-41 8.6E-47  293.8   0.0  275   58-341   269-554 (590)
     188 tr|A0A183TGM8|A0A183TGM8_SCHSO 100.0 8.8E-41 9.2E-47  289.9   0.0  309   54-362    60-396 (446)
     189 tr|A0A146NY53|A0A146NY53_FUNHE 100.0 9.1E-41 9.5E-47  294.0   0.0  277   60-342     8-317 (469)
     190 tr|H2Q292|H2Q292_PANTR Unchara 100.0 9.4E-41 9.8E-47  288.7   0.0  280   54-342    77-403 (492)
     191 tr|A0A2B4RR50|A0A2B4RR50_STYPI 100.0   1E-40 1.1E-46  287.7   0.0  290   52-343    23-326 (411)
     192 tr|A0A1S3QV31|A0A1S3QV31_SALSA 100.0   1E-40 1.1E-46  292.8   0.0  278   57-338    77-367 (535)
     193 tr|A7RKP0|A7RKP0_NEMVE Predict 100.0 1.1E-40 1.1E-46  285.6   0.0  278   58-340     7-305 (350)
     194 tr|A0A1S3NNV5|A0A1S3NNV5_SALSA 100.0 1.1E-40 1.1E-46  290.5   0.0  283   54-340    58-378 (499)
     195 tr|A0A1D1V6H4|A0A1D1V6H4_RAMVA 100.0 1.1E-40 1.2E-46  291.2   0.0  281   56-338    59-369 (498)
     196 tr|A0A091DLL4|A0A091DLL4_FUKDA 100.0 1.2E-40 1.2E-46  285.1   0.0  289   56-346    31-348 (474)
     197 tr|A0A0Q3PK06|A0A0Q3PK06_AMAAE 100.0 1.2E-40 1.2E-46  305.8   0.0  288   50-341   515-829 (901)
     198 tr|A0A2B4RGY6|A0A2B4RGY6_STYPI 100.0 1.2E-40 1.3E-46  287.6   0.0  282   58-344     6-298 (348)
     199 tr|A0A1W4X1F3|A0A1W4X1F3_AGRPL 100.0 1.3E-40 1.4E-46  290.8   0.0  288   56-346   131-435 (485)
     200 tr|A0A151ITZ3|A0A151ITZ3_9HYME 100.0 1.4E-40 1.5E-46  291.6   0.0  284   55-343    64-420 (481)
     201 tr|C3ZMP9|C3ZMP9_BRAFL Unchara 100.0 1.5E-40 1.6E-46  278.1   0.0  290   55-344    27-324 (401)
     202 tr|A0A226ENA2|A0A226ENA2_FOLCA 100.0 1.5E-40 1.6E-46  290.5   0.0  286   56-342    72-405 (566)
     203 tr|A0A1L7H7D8|A0A1L7H7D8_SACKO 100.0 1.5E-40 1.6E-46  281.2   0.0  286   52-346    65-368 (424)
     204 tr|M3YYC3|M3YYC3_MUSPF Melanin 100.0 1.5E-40 1.6E-46  280.9   0.0  287   54-341   109-402 (426)
     205 tr|B4NHE1|B4NHE1_DROWI Unchara 100.0 1.5E-40 1.6E-46  293.6   0.0  288   52-343   143-455 (565)
     206 tr|L9JWP3|L9JWP3_TUPCH C-C che 100.0 1.5E-40 1.6E-46  304.6   0.0  275   57-342   386-669 (702)
     207 tr|A0A1A8K3T1|A0A1A8K3T1_NOTKU 100.0 1.6E-40 1.7E-46  293.6   0.0  284   58-348    48-490 (621)
     208 tr|G3R6B9|G3R6B9_GORGO Neurope 100.0 1.7E-40 1.8E-46  286.3   0.0  284   55-342   144-454 (522)
     209 tr|A0A224ANI4|A0A224ANI4_9EUPU 100.0 1.7E-40 1.8E-46  292.5   0.0  302   35-338    24-343 (544)
     210 tr|A0A091DQD0|A0A091DQD0_FUKDA 100.0 1.8E-40 1.9E-46  289.2   0.0  276   57-342   178-463 (499)
     211 tr|A0A2B4RXA7|A0A2B4RXA7_STYPI 100.0 1.8E-40   2E-46  285.8   0.0  254   71-346    16-277 (328)
     212 tr|A0A1S2ZIZ2|A0A1S2ZIZ2_ERIEU 100.0 1.9E-40   2E-46  291.2   0.0  286   56-343   198-532 (620)
     213 tr|T1KTS6|T1KTS6_TETUR Unchara 100.0 2.1E-40 2.1E-46  294.6   0.0  285   56-342   117-418 (587)
     214 tr|A0A1V4K609|A0A1V4K609_PATFA 100.0 2.2E-40 2.2E-46  279.8   0.0  260   54-341   116-376 (403)
     215 tr|C3Z617|C3Z617_BRAFL Unchara 100.0 2.2E-40 2.3E-46  280.1   0.0  280   56-339    31-336 (426)
     216 tr|A0A1D2N5F0|A0A1D2N5F0_ORCCI 100.0 2.3E-40 2.4E-46  289.8   0.0  286   53-342    49-349 (559)
     217 tr|A0A151NSA8|A0A151NSA8_ALLMI 100.0 2.4E-40 2.6E-46  286.7   0.0  277   55-342    85-374 (406)
     218 tr|A0A212C668|A0A212C668_CEREH 100.0 2.5E-40 2.6E-46  289.2   0.0  277   58-342   219-556 (558)
     219 tr|A0A2B4STD8|A0A2B4STD8_STYPI 100.0 2.5E-40 2.6E-46  297.3   0.0  281   54-340    94-382 (524)
     220 tr|A0A1I8PF57|A0A1I8PF57_STOCA 100.0 2.6E-40 2.7E-46  301.9   0.0  294   55-355   380-759 (784)
     221 tr|A0A182RSI1|A0A182RSI1_ANOFN 100.0 2.6E-40 2.7E-46  311.5   0.0  306   31-339   556-881 (1309)
     222 tr|A7S169|A7S169_NEMVE Predict 100.0 2.7E-40 2.8E-46  282.4   0.0  281   60-344    20-308 (347)
     223 tr|A0A146PN09|A0A146PN09_FUNHE 100.0 2.8E-40 2.9E-46  302.2   0.0  283   54-340    35-393 (432)
     224 tr|G1T869|G1T869_RABIT B2 brad 100.0   3E-40 3.1E-46  285.0   0.0  276   59-338   113-402 (446)
     225 tr|A0A2B4S1Z5|A0A2B4S1Z5_STYPI 100.0 3.2E-40 3.3E-46  292.5   0.0  267   55-345    22-301 (514)
     226 tr|A7SFM3|A7SFM3_NEMVE Predict 100.0 3.3E-40 3.5E-46  290.4   0.0  286   56-343    36-338 (356)
     227 SRR6218665_1286431             100.0 3.9E-40   4E-46  283.0   0.0  288   54-342    43-340 (477)
     228 tr|A7RVQ0|A7RVQ0_NEMVE Predict 100.0 3.8E-40   4E-46  289.4   0.0  285   55-341    25-330 (398)
     229 tr|A0A091DB56|A0A091DB56_FUKDA 100.0 4.1E-40 4.3E-46  278.6   0.0  292   50-341   155-452 (454)
     230 tr|A0A0K0PVS0|A0A0K0PVS0_PLADU 100.0 4.3E-40 4.4E-46  279.0   0.0  319   55-383    44-375 (382)
     231 tr|A0A096NTW4|A0A096NTW4_PAPAN 100.0 4.4E-40 4.6E-46  283.2   0.0  279   58-339   132-423 (442)
     232 tr|W4Z3I5|W4Z3I5_STRPU Unchara 100.0 4.4E-40 4.6E-46  284.7   0.0  287   56-342    46-393 (461)
     233 tr|A0A1A9ZM95|A0A1A9ZM95_GLOPL 100.0 4.6E-40 4.8E-46  282.8   0.0  284   59-343    95-394 (481)
     234 tr|A0A0P6B7K0|A0A0P6B7K0_9CRUS 100.0 4.8E-40   5E-46  296.3   0.0  282   56-342   110-487 (579)
     235 tr|A0A182U1B5|A0A182U1B5_9DIPT 100.0 4.8E-40   5E-46  293.4   0.0  279   56-338    37-339 (620)
     236 tr|K1PEH3|K1PEH3_CRAGI Neurope 100.0 5.2E-40 5.4E-46  281.8   0.0  290   51-342    39-357 (411)
     237 SRR6218665_1158703             100.0 5.2E-40 5.5E-46  285.1   0.0  284   54-341    32-333 (413)
     238 tr|A0A182PR95|A0A182PR95_9DIPT 100.0 5.4E-40 5.6E-46  303.3   0.0  309   31-342   790-1118(1144)
     239 tr|A0A1S3W6N0|A0A1S3W6N0_ERIEU 100.0 6.1E-40 6.4E-46  289.8   0.0  281   59-342   132-443 (596)
     240 tr|S7PTD0|S7PTD0_MYOBR Mu-type 100.0 6.3E-40 6.6E-46  276.5   0.0  283   55-338    69-400 (489)
     241 tr|W8BXQ8|W8BXQ8_CERCA Somatos 100.0 6.5E-40 6.7E-46  281.6   0.0  286   56-341   147-441 (574)
     242 tr|A7SFG7|A7SFG7_NEMVE Predict 100.0 6.5E-40 6.9E-46  281.4   0.0  277   58-339    23-309 (364)
     243 tr|A0A061IHH7|A0A061IHH7_CRIGR 100.0   7E-40 7.4E-46  310.9   0.0  283   55-344   617-921 (934)
     244 tr|A0A0C6FZE9|A0A0C6FZE9_9ODON 100.0 7.2E-40 7.4E-46  288.5   0.0  297   44-343   148-465 (611)
     245 tr|A0A2C9JTE5|A0A2C9JTE5_BIOGL 100.0 7.1E-40 7.4E-46  279.0   0.0  294   50-347    45-352 (422)
     246 tr|F1QGX5|F1QGX5_DANRE Melanop 100.0 7.3E-40 7.6E-46  293.6   0.0  280   57-338    75-370 (594)
     247 tr|A0A164NX67|A0A164NX67_9CRUS 100.0 7.6E-40 7.9E-46  303.6   0.0  293   44-338   601-934 (1101)
     248 tr|A0A061ILI5|A0A061ILI5_CRIGR 100.0 7.7E-40   8E-46  282.7   0.0  284   57-342   196-491 (528)
     249 tr|W4Y131|W4Y131_STRPU Unchara 100.0 8.3E-40 8.6E-46  278.2   0.0  273   62-339    58-352 (424)
     250 tr|L5JUA4|L5JUA4_PTEAL Neurope 100.0 8.4E-40 8.8E-46  285.8   0.0  284   56-343    33-338 (509)
     251 tr|A0A1W2W6Z4|A0A1W2W6Z4_CIOIN 100.0 8.7E-40 9.1E-46  293.7   0.0  278   57-342    97-398 (629)
     252 tr|A7S8R9|A7S8R9_NEMVE Predict 100.0 8.8E-40 9.3E-46  285.9   0.0  280   54-338    21-334 (398)
     253 tr|A0A1W0XC38|A0A1W0XC38_HYPDU 100.0 9.5E-40 9.9E-46  283.8   0.0  290   52-341    37-371 (534)
     254 tr|W5NXE0|W5NXE0_SHEEP Opioid  100.0 9.7E-40   1E-45  273.0   0.0  286   54-340    41-331 (431)
     255 tr|K1PQM6|K1PQM6_CRAGI Putativ 100.0 9.7E-40   1E-45  281.8   0.0  290   56-347    88-399 (429)
     256 tr|L8Y5L0|L8Y5L0_TUPCH Alpha-2 100.0 9.8E-40   1E-45  300.4   0.0  277   59-344   394-820 (823)
     257 tr|A0A2G9R7F4|A0A2G9R7F4_LITCT 100.0   1E-39 1.1E-45  280.1   0.0  277   54-340    44-329 (408)
     258 tr|A0A2B4RYW3|A0A2B4RYW3_STYPI 100.0   1E-39 1.1E-45  310.2   0.0  275   60-342    41-326 (1580)
     259 tr|A0A091DBP5|A0A091DBP5_FUKDA 100.0 1.1E-39 1.1E-45  305.1   0.0  275   56-340   580-865 (894)
     260 tr|A0A1I8HW07|A0A1I8HW07_9PLAT 100.0 1.1E-39 1.1E-45  294.4   0.0  287   53-344   212-512 (891)
     261 tr|A0A2B4REF9|A0A2B4REF9_STYPI 100.0 1.1E-39 1.1E-45  312.8   0.0  286   55-342   922-1230(1279)
     262 tr|A0A232F760|A0A232F760_9HYME 100.0 1.1E-39 1.2E-45  289.0   0.0  305   33-340   262-586 (614)
     263 tr|A0A1I8MRR4|A0A1I8MRR4_MUSDO 100.0 1.1E-39 1.2E-45  295.4   0.0  283   58-344   258-560 (819)
     264 tr|A0A1S3NAI3|A0A1S3NAI3_SALSA 100.0 1.2E-39 1.2E-45  277.7   0.0  284   56-342    93-386 (439)
     265 tr|A0A1W0WKP0|A0A1W0WKP0_HYPDU 100.0 1.2E-39 1.3E-45  287.1   0.0  280   56-338    74-372 (624)
     266 tr|W4YH96|W4YH96_STRPU Unchara 100.0 1.2E-39 1.3E-45  271.7   0.0  283   52-342    30-324 (394)
     267 tr|A0A1D2MMS7|A0A1D2MMS7_ORCCI 100.0 1.3E-39 1.3E-45  291.8   0.0  270   57-338   122-400 (612)
     268 tr|A0A2B4SAU9|A0A2B4SAU9_STYPI 100.0 1.4E-39 1.4E-45  304.0   0.0  284   57-345    22-318 (850)
     269 tr|A0A218V410|A0A218V410_9PASE 100.0 1.4E-39 1.4E-45  273.5   0.0  284   55-342    96-392 (427)
     270 tr|A0A210QVM6|A0A210QVM6_MIZYE 100.0 1.5E-39 1.5E-45  275.0   0.0  289   56-346    78-388 (413)
     271 tr|A0A1I8FSG9|A0A1I8FSG9_9PLAT 100.0 1.5E-39 1.5E-45  284.8   0.0  281   58-345   107-451 (550)
     272 tr|V8NTH6|V8NTH6_OPHHA N-arach 100.0 1.5E-39 1.5E-45  304.1   0.0  284   56-341    26-322 (785)
     273 tr|A0A1U7SLA2|A0A1U7SLA2_TARSY 100.0 1.5E-39 1.5E-45  286.7   0.0  277   60-344   126-451 (601)
     274 tr|A0A0P7U113|A0A0P7U113_9TELE 100.0 1.6E-39 1.7E-45  284.3   0.0  269   56-338   145-417 (452)
     275 tr|A7RQG0|A7RQG0_NEMVE Predict 100.0 1.7E-39 1.8E-45  281.9   0.0  286   56-346    15-318 (351)
     276 tr|A0A193KU92|A0A193KU92_SCHMD 100.0 1.7E-39 1.8E-45  284.0   0.0  279   54-342    53-406 (478)
     277 ERR1719323_733875              100.0 1.8E-39 1.9E-45  273.2   0.0  314   55-374    33-355 (398)
     278 tr|A0A0C6G514|A0A0C6G514_ANAPR 100.0 1.9E-39 1.9E-45  285.8   0.0  298   44-344   160-482 (632)
     279 tr|A0A1S3H6K0|A0A1S3H6K0_LINUN 100.0 1.9E-39   2E-45  278.3   0.0  286   54-343    54-357 (447)
     280 tr|A0A2B4SIA2|A0A2B4SIA2_STYPI 100.0 1.9E-39   2E-45  281.6   0.0  284   52-342    52-360 (370)
     281 ERR550534_208423               100.0 1.9E-39   2E-45  284.4   0.0  280   57-338    86-394 (568)
     282 tr|A0A151P2Y8|A0A151P2Y8_ALLMI 100.0   2E-39 2.1E-45  290.5   0.0  279   55-343   298-589 (615)
     283 tr|A0A2B4SHS9|A0A2B4SHS9_STYPI 100.0   2E-39 2.1E-45  291.4   0.0  285   54-342    24-325 (566)
     284 tr|D6WD17|D6WD17_TRICA Natalis 100.0 2.2E-39 2.3E-45  283.7   0.0  287   58-346    47-349 (429)
     285 tr|W4Y502|W4Y502_STRPU Unchara 100.0 2.3E-39 2.4E-45  283.1   0.0  271   62-344   112-389 (422)
     286 tr|A0A091DX38|A0A091DX38_FUKDA 100.0 2.3E-39 2.4E-45  294.0   0.0  281   56-340   140-426 (878)
     287 tr|A0A2B4RSX7|A0A2B4RSX7_STYPI 100.0 2.5E-39 2.6E-45  281.0   0.0  285   55-346    55-365 (389)
     288 tr|A0A147BFV4|A0A147BFV4_IXORI 100.0 2.6E-39 2.7E-45  273.4   0.0  285   55-343    37-335 (402)
     289 tr|U3U4E1|U3U4E1_NILLU Neurope 100.0 2.9E-39   3E-45  290.3   0.0  283   57-344   151-470 (606)
     290 tr|A0A2B4RHV8|A0A2B4RHV8_STYPI 100.0   3E-39 3.1E-45  278.1   0.0  287   52-345   110-402 (421)
     291 tr|A0A151IYN3|A0A151IYN3_9HYME 100.0   3E-39 3.1E-45  289.7   0.0  287   29-338   208-511 (609)
     292 tr|A0A218V371|A0A218V371_9PASE 100.0 3.2E-39 3.3E-45  282.2   0.0  292   52-345   258-560 (606)
     293 tr|Q29XY7|Q29XY7_APLCA Dopamin 100.0 3.2E-39 3.3E-45  280.6   0.0  281   54-341    50-376 (450)
     294 tr|A7RYR4|A7RYR4_NEMVE Predict 100.0 3.2E-39 3.4E-45  285.6   0.0  282   58-346    21-311 (352)
     295 tr|A0A2G8KL37|A0A2G8KL37_STIJA 100.0 3.3E-39 3.4E-45  272.3   0.0  286   55-343    46-400 (439)
     296 ERR1712223_125737              100.0 3.3E-39 3.4E-45  285.6   0.0  284   57-340    76-407 (585)
     297 tr|E2AX14|E2AX14_CAMFO Neurope 100.0 3.5E-39 3.6E-45  290.4   0.0  275   59-338    78-388 (614)
     298 tr|A0A2H1WMM8|A0A2H1WMM8_SPOFR 100.0 3.7E-39 3.9E-45  274.7   0.0  282   54-340    30-324 (462)
     299 tr|M7BJE0|M7BJE0_CHEMY 5-hydro 100.0 3.8E-39   4E-45  292.4   0.0  274   62-342   275-593 (685)
     300 tr|A0A210QTN0|A0A210QTN0_MIZYE 100.0   4E-39 4.2E-45  271.4   0.0  287   57-345    49-362 (384)
     301 Marorgknorr_s2lv_2_1036014.sca 100.0   4E-39 4.2E-45  279.8   0.0  291   55-345    26-334 (366)
     302 tr|A0A2D0TBG0|A0A2D0TBG0_ICTPU 100.0 4.2E-39 4.4E-45  273.3   0.0  281   61-345    65-374 (429)
     303 tr|C3ZEF4|C3ZEF4_BRAFL Unchara 100.0 4.2E-39 4.4E-45  272.1   0.0  282   54-343    31-317 (319)
     304 tr|A0A1D1W534|A0A1D1W534_RAMVA 100.0 4.5E-39 4.6E-45  278.8   0.0  326   14-342    10-426 (493)
     305 tr|C3XPE3|C3XPE3_BRAFL Unchara 100.0 4.7E-39 4.8E-45  302.9   0.0  277   57-340   735-1038(1421)
     306 tr|W4XVA2|W4XVA2_STRPU Unchara 100.0   5E-39 5.3E-45  288.9   0.0  286   50-344    60-373 (519)
     307 tr|T1K8Z9|T1K8Z9_TETUR Unchara 100.0   6E-39 6.2E-45  276.3   0.0  284   58-343   115-415 (485)
     308 tr|A0A218UTA6|A0A218UTA6_9PASE 100.0 6.1E-39 6.3E-45  288.8   0.0  277   60-343    59-444 (738)
     309 tr|A0A218UPZ1|A0A218UPZ1_9PASE 100.0 6.1E-39 6.4E-45  280.3   0.0  279   52-339   210-500 (534)
     310 tr|A0A087UNN0|A0A087UNN0_9ARAC 100.0 6.3E-39 6.6E-45  273.8   0.0  283   52-338    46-347 (438)
     311 tr|A0A0P5UEY8|A0A0P5UEY8_9CRUS 100.0 7.1E-39 7.5E-45  278.0   0.0  307   28-338    72-402 (433)
     312 tr|A0A1S3JCV4|A0A1S3JCV4_LINUN 100.0 7.3E-39 7.6E-45  273.0   0.0  288   56-346    60-372 (414)
     313 tr|A0A210Q372|A0A210Q372_MIZYE 100.0 7.6E-39 7.9E-45  279.0   0.0  289   55-347    52-359 (439)
     314 tr|A0A0K2TJR3|A0A0K2TJR3_LEPSM 100.0 8.4E-39 8.7E-45  270.8   0.0  286   57-344    53-358 (402)
     315 tr|A0A1L8EQV9|A0A1L8EQV9_XENLA 100.0 8.5E-39 8.8E-45  279.3   0.0  288   55-343   210-502 (549)
     316 tr|W4XZB8|W4XZB8_STRPU Unchara 100.0 9.5E-39 9.9E-45  276.7   0.0  271   60-339    21-307 (400)
     317 tr|A0A0P0UP67|A0A0P0UP67_LETCA 100.0   1E-38 1.1E-44  275.5   0.0  278   59-338    66-360 (568)
     318 tr|A0A218V2X0|A0A218V2X0_9PASE 100.0   1E-38 1.1E-44  287.6   0.0  279   60-342   119-408 (720)
     319 sp|Q4R1I4|OPN4_BRABE Melanopsi 100.0 1.1E-38 1.1E-44  283.2   0.0  287   53-341    80-387 (706)
     320 tr|Q6VUB7|Q6VUB7_BRAFL Dopamin 100.0 1.1E-38 1.1E-44  265.0   0.0  298   54-361    35-361 (394)
     321 tr|W4Z105|W4Z105_STRPU Unchara 100.0 1.2E-38 1.2E-44  272.4   0.0  292   57-353    65-366 (433)
     322 tr|K1RR88|K1RR88_CRAGI 5-hydro 100.0 1.2E-38 1.3E-44  270.5   0.0  289   56-347    54-356 (407)
     323 tr|A0A218VDY5|A0A218VDY5_9PASE 100.0 1.3E-38 1.4E-44  273.4   0.0  284   54-343    36-330 (395)
     324 tr|A0A0L0C0N1|A0A0L0C0N1_LUCCU 100.0 1.4E-38 1.4E-44  286.5   0.0  278   58-342   315-669 (707)
     325 tr|A0A1W0XC36|A0A1W0XC36_HYPDU 100.0 1.4E-38 1.4E-44  282.2   0.0  280   59-346    29-397 (722)
     326 tr|A0A182GK28|A0A182GK28_AEDAL 100.0 1.4E-38 1.4E-44  277.8   0.0  282   54-344    34-320 (506)
     327 tr|A0A0P7XE55|A0A0P7XE55_9TELE 100.0 1.4E-38 1.5E-44  286.6   0.0  283   56-346    48-371 (782)
     328 tr|K1QBA5|K1QBA5_CRAGI Neurope 100.0 1.4E-38 1.5E-44  270.6   0.0  284   60-345    33-342 (401)
     329 tr|A0A1D2MEE0|A0A1D2MEE0_ORCCI 100.0 1.4E-38 1.5E-44  291.3   0.0  292   44-338   453-785 (980)
     330 tr|A0A0K0PVN8|A0A0K0PVN8_PLADU 100.0 1.5E-38 1.6E-44  271.7   0.0  281   56-338    91-415 (501)
     331 tr|V8NR81|V8NR81_OPHHA Chemoki 100.0 1.5E-38 1.6E-44  305.4   0.0  279   54-341   419-708 (879)
     332 tr|A0A182FPD0|A0A182FPD0_ANOAL 100.0 1.6E-38 1.6E-44  280.8   0.0  295   53-354   249-611 (636)
     333 tr|A0A0Q3X582|A0A0Q3X582_AMAAE 100.0 1.6E-38 1.7E-44  284.8   0.0  281   56-342    79-385 (504)
     334 tr|A0A0P6C2B0|A0A0P6C2B0_9CRUS 100.0 1.7E-38 1.7E-44  285.3   0.0  281   62-344   172-534 (543)
     335 tr|A0A0K0PUJ3|A0A0K0PUJ3_PLADU 100.0 1.8E-38 1.8E-44  271.9   0.0  277   56-340    51-347 (475)
     336 tr|T1JSJ3|T1JSJ3_TETUR Unchara 100.0 1.8E-38 1.9E-44  286.2   0.0  282   54-342   243-644 (747)
     337 tr|A0A1W4YH71|A0A1W4YH71_9TELE 100.0 1.8E-38 1.9E-44  274.4   0.0  281   54-341    72-376 (410)
     338 SRR6218665_1050351             100.0 1.9E-38   2E-44  275.1   0.0  275   57-340    75-364 (398)
     339 tr|A0A1J1HLH3|A0A1J1HLH3_9DIPT 100.0 2.1E-38 2.2E-44  274.1   0.0  285   53-341    55-358 (431)
     340 tr|A0A226MZ92|A0A226MZ92_CALSU 100.0 2.2E-38 2.3E-44  274.2   0.0  277   55-341   142-428 (463)
     341 tr|U3U4G2|U3U4G2_NILLU Neurope 100.0 2.2E-38 2.3E-44  284.6   0.0  284   58-342    33-349 (496)
     342 tr|A0A0Q3X1E4|A0A0Q3X1E4_AMAAE 100.0 2.5E-38 2.6E-44  286.7   0.0  282   57-340   155-500 (789)
     343 tr|A0A1B0AIB5|A0A1B0AIB5_GLOPL 100.0 2.6E-38 2.7E-44  279.6   0.0  285   53-339   235-526 (676)
     344 tr|L7LWW3|L7LWW3_9ACAR Putativ 100.0 2.6E-38 2.7E-44  282.8   0.0  184   59-251   111-295 (624)
     345 tr|A0A1S3L7M2|A0A1S3L7M2_SALSA 100.0 2.6E-38 2.7E-44  266.5   0.0  285   55-340    73-364 (407)
     346 tr|A0A1S3KDE4|A0A1S3KDE4_LINUN 100.0 2.7E-38 2.8E-44  278.9   0.0  278   56-337   128-423 (537)
     347 tr|A0A0F8CMC2|A0A0F8CMC2_LARCR 100.0 2.8E-38 2.9E-44  284.2   0.0  275   55-338   334-638 (680)
     348 ERR1719232_11025               100.0 2.8E-38   3E-44  282.7   0.0  280   59-338    88-397 (559)
     349 tr|A0A061HVK8|A0A061HVK8_CRIGR 100.0 2.9E-38   3E-44  272.5   0.0  280   52-337   117-409 (437)
     350 tr|A7SGB7|A7SGB7_NEMVE Predict 100.0 2.9E-38 3.1E-44  271.5   0.0  273   57-338    16-301 (353)
     351 tr|A0A0P5T2I6|A0A0P5T2I6_9CRUS 100.0   3E-38 3.1E-44  280.6   0.0  279   58-341    65-409 (542)
     352 tr|A0A1U7TU97|A0A1U7TU97_TARSY 100.0 3.2E-38 3.3E-44  276.6   0.0  280   59-345    95-529 (597)
     353 tr|A0A1U7SEA3|A0A1U7SEA3_ALLSI 100.0 3.3E-38 3.4E-44  277.7   0.0  283   57-347   108-436 (567)
     354 tr|A0A1B0FNF0|A0A1B0FNF0_GLOMM 100.0 3.3E-38 3.4E-44  275.3   0.0  298   44-342   186-487 (561)
     355 ERR1712212_382792              100.0 3.4E-38 3.6E-44  272.7   0.0  307   33-342    69-395 (426)
     356 tr|A0A195BV81|A0A195BV81_9HYME 100.0 3.4E-38 3.6E-44  279.9   0.0  291   44-338   107-415 (614)
     357 tr|A0A1S3GY13|A0A1S3GY13_LINUN 100.0 3.5E-38 3.6E-44  276.8   0.0  280   58-344    80-442 (521)
     358 tr|A0A060XH49|A0A060XH49_ONCMY 100.0 3.6E-38 3.8E-44  293.9   0.0  280   66-346    56-387 (945)
     359 tr|A0A2B4SI88|A0A2B4SI88_STYPI 100.0 3.7E-38 3.8E-44  289.1   0.0  283   55-341   420-721 (784)
     360 ERR1712223_1933683             100.0 3.8E-38   4E-44  274.4   0.0  284   55-338    74-390 (562)
     361 tr|A7SBY6|A7SBY6_NEMVE Predict 100.0 3.8E-38   4E-44  284.4   0.0  277   56-342    19-309 (467)
     362 tr|A0A1I8NNA2|A0A1I8NNA2_STOCA 100.0 3.9E-38   4E-44  280.4   0.0  285   54-342    85-434 (672)
     363 tr|T1L051|T1L051_TETUR Unchara 100.0 3.9E-38   4E-44  278.8   0.0  286   53-342    88-387 (598)
     364 ERR1719204_1244905             100.0   4E-38 4.2E-44  274.7   0.0  286   50-338    80-380 (473)
     365 tr|A0A1S3J712|A0A1S3J712_LINUN 100.0 4.2E-38 4.4E-44  268.5   0.0  284   58-343    72-382 (437)
     366 SRR6218665_348164              100.0 4.2E-38 4.4E-44  278.3   0.0  285   54-338    24-348 (434)
     367 tr|S7P1V3|S7P1V3_MYOBR CX3C ch 100.0 4.3E-38 4.5E-44  270.8   0.0  270   56-339   149-429 (475)
     368 tr|A0A2B4SUU8|A0A2B4SUU8_STYPI 100.0 4.3E-38 4.5E-44  282.1   0.0  281   57-344    19-312 (557)
     369 tr|T1F6Z4|T1F6Z4_HELRO Unchara 100.0 4.4E-38 4.6E-44  275.2   0.0  287   56-346    94-392 (517)
     370 tr|A0A2B4SDF9|A0A2B4SDF9_STYPI 100.0 4.8E-38   5E-44  262.8   0.0  279   57-343    35-327 (356)
     371 tr|A0A147AVH6|A0A147AVH6_FUNHE 100.0 4.8E-38   5E-44  281.7   0.0  271   61-340   195-618 (618)
     372 tr|A7SX62|A7SX62_NEMVE Predict 100.0   5E-38 5.2E-44  262.1   0.0  256   67-344    27-302 (335)
     373 tr|A0A0A1XIV8|A0A0A1XIV8_ZEUCU 100.0   5E-38 5.2E-44  285.7   0.0  281   59-345    82-381 (796)
     374 AntAceMinimDraft_8_1070364.sca 100.0 5.2E-38 5.4E-44  268.8   0.0  282   54-343    33-357 (406)
     375 tr|A0A0K0PUI1|A0A0K0PUI1_PLADU 100.0 5.7E-38 5.9E-44  274.6   0.0  290   54-345    59-359 (583)
     376 tr|A0A0A1XP03|A0A0A1XP03_ZEUCU 100.0 5.7E-38 5.9E-44  288.8   0.0  282   59-345   235-542 (660)
     377 tr|A0A0P5DFU5|A0A0P5DFU5_9CRUS 100.0 5.7E-38   6E-44  272.5   0.0  287   52-341    66-363 (481)
     378 tr|A0A1S3JHZ2|A0A1S3JHZ2_LINUN 100.0   6E-38 6.2E-44  276.2   0.0  279   59-340   183-472 (566)
     379 tr|A0A1E1WD65|A0A1E1WD65_PECGO 100.0   6E-38 6.2E-44  282.8   0.0  277   56-342    97-528 (584)
     380 tr|A0A147AYJ0|A0A147AYJ0_FUNHE 100.0 6.1E-38 6.3E-44  269.6   0.0  286   56-343    28-399 (497)
     381 tr|V8NRN8|V8NRN8_OPHHA Histami 100.0 6.2E-38 6.4E-44  268.3   0.0  284   56-346    14-316 (432)
     382 tr|A0A091DQF5|A0A091DQF5_FUKDA 100.0 6.4E-38 6.7E-44  274.3   0.0  275   55-338   169-453 (508)
     383 tr|A0A2B4RYN6|A0A2B4RYN6_STYPI 100.0 6.9E-38 7.2E-44  288.6   0.0  276   58-338     8-302 (881)
     384 tr|A0A1S3K8V1|A0A1S3K8V1_LINUN 100.0 7.4E-38 7.6E-44  267.3   0.0  283   59-342    71-402 (485)
     385 tr|M7AM95|M7AM95_CHEMY Melanin 100.0 7.9E-38 8.2E-44  261.8   0.0  287   54-341    54-347 (397)
     386 tr|A0A2G5UN52|A0A2G5UN52_9PELO 100.0 7.9E-38 8.2E-44  283.9   0.0  285   56-343    71-524 (628)
     387 tr|A7T2F5|A7T2F5_NEMVE Predict 100.0   8E-38 8.3E-44  262.1   0.0  280   60-344     8-297 (378)
     388 tr|W5MSP8|W5MSP8_LEPOC Adrenoc 100.0 8.1E-38 8.4E-44  266.2   0.0  289   54-344    76-397 (460)
     389 tr|A0A182TQN5|A0A182TQN5_9DIPT 100.0 8.1E-38 8.4E-44  277.5   0.0  287   56-345   131-497 (613)
     390 tr|A0A2C9KB37|A0A2C9KB37_BIOGL 100.0 8.3E-38 8.6E-44  271.0   0.0  278   64-343   107-468 (513)
     391 tr|A0A0L8I1Y4|A0A0L8I1Y4_OCTBM 100.0 8.3E-38 8.6E-44  262.8   0.0  282   56-339    39-359 (426)
     392 tr|A0A1B1SKD0|A0A1B1SKD0_9PETR 100.0 8.3E-38 8.6E-44  260.6   0.0  282   60-344    55-339 (356)
     393 ERR1719270_744271              100.0 8.7E-38 9.1E-44  280.1   0.0  276   60-342    12-354 (568)
     394 tr|A0A147A9P7|A0A147A9P7_FUNHE 100.0 8.8E-38 9.2E-44  273.6   0.0  281   61-345    17-346 (523)
     395 tr|A0A0V1MAM9|A0A0V1MAM9_9BILA 100.0 9.2E-38 9.5E-44  294.1   0.0  287   58-346   121-508 (1561)
     396 tr|A0A2B4SUB9|A0A2B4SUB9_STYPI 100.0 9.1E-38 9.6E-44  296.1   0.0  283   59-346     6-296 (758)
     397 tr|A0A147AQT9|A0A147AQT9_FUNHE 100.0 9.3E-38 9.6E-44  275.4   0.0  280   55-343    89-466 (633)
     398 tr|A0A0P6JFN0|A0A0P6JFN0_HETGA 100.0 9.2E-38 9.7E-44  277.8   0.0  282   54-340    91-402 (433)
     399 tr|A0A1S3J6Z0|A0A1S3J6Z0_LINUN 100.0 9.3E-38 9.7E-44  270.5   0.0  284   54-340    43-343 (464)
     400 tr|A0A183VWV4|A0A183VWV4_TRIRE 100.0 9.4E-38 9.8E-44  271.5   0.0  287   51-344    43-449 (509)
     401 tr|A0A0F8BCH4|A0A0F8BCH4_LARCR 100.0 9.6E-38   1E-43  279.3   0.0  282   52-343   327-617 (640)
     402 tr|A0A087YRS5|A0A087YRS5_POEFO 100.0 9.6E-38   1E-43  268.4   0.0  271   55-337    54-339 (387)
     403 tr|A0A075W2D3|A0A075W2D3_HIPHI 100.0 9.8E-38   1E-43  273.0   0.0  281   56-338    58-354 (567)
     404 tr|A0A2B4RWT1|A0A2B4RWT1_STYPI 100.0 9.7E-38   1E-43  274.9   0.0  286   57-344    13-310 (461)
     405 tr|A0A1U7TJB8|A0A1U7TJB8_TARSY 100.0 9.9E-38   1E-43  272.1   0.0  280   63-343   267-562 (585)
     406 tr|A0A1S3GZ10|A0A1S3GZ10_LINUN 100.0   1E-37   1E-43  266.2   0.0  293   45-339    24-363 (419)
     407 tr|A0A151IFQ2|A0A151IFQ2_9HYME 100.0   1E-37 1.1E-43  299.3   0.0  282   61-344    46-373 (1113)
     408 tr|A0A0R3NFZ1|A0A0R3NFZ1_DROPS 100.0   1E-37 1.1E-43  278.9   0.0  279   56-338   115-410 (536)
     409 tr|A9UMX5|A9UMX5_NEMVE Opsin O 100.0   1E-37 1.1E-43  273.9   0.0  283   57-343    10-305 (374)
     410 GraSoiStandDraft_4_1057263.sca 100.0   1E-37 1.1E-43  265.7   0.0  290   51-342    55-361 (395)
     411 ERR1719192_1793304             100.0 1.1E-37 1.1E-43  271.8   0.0  321   24-348    32-377 (422)
     412 tr|A0A1I8BP01|A0A1I8BP01_MELHA 100.0 1.1E-37 1.1E-43  275.7   0.0  284   53-346    85-465 (547)
     413 tr|A0A1D1V8Q5|A0A1D1V8Q5_RAMVA 100.0 1.1E-37 1.1E-43  270.3   0.0  302   36-339    86-418 (577)
     414 tr|A0A091DJ75|A0A091DJ75_FUKDA 100.0 1.1E-37 1.1E-43  265.5   0.0  264   65-340   107-486 (486)
     415 tr|A0A210QL65|A0A210QL65_MIZYE 100.0 1.1E-37 1.2E-43  264.8   0.0  285   57-345    51-350 (428)
     416 tr|Q9NHF3|Q9NHF3_APLCA Octopam 100.0 1.1E-37 1.2E-43  261.7   0.0  282   54-342    34-351 (394)
     417 tr|A7RMD8|A7RMD8_NEMVE Predict 100.0 1.1E-37 1.2E-43  262.5   0.0  284   57-346    19-326 (357)
     418 tr|B3S346|B3S346_TRIAD Unchara 100.0 1.1E-37 1.2E-43  270.4   0.0  284   55-346    16-316 (365)
     419 tr|A0A182MG56|A0A182MG56_9DIPT 100.0 1.2E-37 1.3E-43  286.5   0.0  280   58-343    98-407 (751)
     420 tr|A0A060W714|A0A060W714_ONCMY 100.0 1.3E-37 1.3E-43  264.6   0.0  271   58-339    55-329 (363)
     421 tr|F1R2F3|F1R2F3_DANRE Neurope 100.0 1.3E-37 1.4E-43  280.2   0.0  286   57-342    73-367 (731)
     422 ERR1712223_23408               100.0 1.4E-37 1.4E-43  267.5   0.0  284   57-342    47-352 (462)
     423 tr|A0A226PTD4|A0A226PTD4_COLVI 100.0 1.4E-37 1.4E-43  270.2   0.0  272   58-340   110-516 (516)
     424 tr|A0A1A6FZE4|A0A1A6FZE4_NEOLE 100.0 1.4E-37 1.5E-43  270.1   0.0  289   54-343   137-471 (531)
     425 tr|A0A2C9JHS9|A0A2C9JHS9_BIOGL 100.0 1.5E-37 1.5E-43  259.5   0.0  276   57-338    71-361 (376)
     426 tr|L5KAH3|L5KAH3_PTEAL G-prote 100.0 1.5E-37 1.6E-43  259.7   0.0  284   54-343    29-322 (391)
     427 tr|I2FKE9|I2FKE9_GRYBI Dopamin 100.0 1.5E-37 1.6E-43  272.8   0.0  275   57-338    39-354 (485)
     428 tr|A0A1A6G2V6|A0A1A6G2V6_NEOLE 100.0 1.5E-37 1.6E-43  265.6   0.0  275   55-339   129-414 (438)
     429 tr|A0A2B4RI42|A0A2B4RI42_STYPI 100.0 1.6E-37 1.7E-43  266.6   0.0  280   55-342    21-325 (367)
     430 ERR1712062_233158              100.0 1.8E-37 1.9E-43  271.9   0.0  278   58-338    72-364 (515)
     431 tr|A0A0N8EPB2|A0A0N8EPB2_9CRUS 100.0 1.8E-37 1.9E-43  266.5   0.0  281   57-342    64-410 (544)
     432 tr|W5M1V4|W5M1V4_LEPOC Unchara 100.0 1.9E-37   2E-43  269.0   0.0  286   54-342    35-332 (357)
     433 tr|A0A1A9YSZ7|A0A1A9YSZ7_GLOFF 100.0 1.9E-37   2E-43  280.8   0.0  275   57-338   247-575 (750)
     434 tr|A0A1S3JAY8|A0A1S3JAY8_LINUN 100.0 1.9E-37   2E-43  264.0   0.0  295   44-342     8-309 (396)
     435 KBSSwiStaDraftv2_1062776.scaff 100.0 1.9E-37   2E-43  271.3   0.0  281   58-343   143-434 (436)
     436 tr|A0A226PQD6|A0A226PQD6_COLVI 100.0   2E-37   2E-43  282.2   0.0  276   57-341     6-300 (658)
     437 tr|Q2V625|Q2V625_PANIN Type 1  100.0 2.1E-37 2.2E-43  278.1   0.0  282   57-345   231-623 (688)
     438 tr|V9I0H3|V9I0H3_TRICA CCHamid 100.0 2.1E-37 2.2E-43  265.9   0.0  288   55-344    25-332 (423)
     439 tr|A0A195CW68|A0A195CW68_9HYME 100.0 2.2E-37 2.3E-43  279.3   0.0  291   54-344    51-381 (698)
     440 tr|A0A1I8MAM1|A0A1I8MAM1_MUSDO 100.0 2.2E-37 2.3E-43  286.9   0.0  283   56-341   270-573 (1063)
     441 tr|A0A0U2M149|A0A0U2M149_SACKO 100.0 2.3E-37 2.4E-43  276.5   0.0  277   61-346    87-422 (774)
     442 tr|A0A195BRF4|A0A195BRF4_9HYME 100.0 2.4E-37 2.5E-43  272.0   0.0  283   57-346    71-452 (475)
     443 tr|A0A1W4WZV7|A0A1W4WZV7_AGRPL 100.0 2.5E-37 2.6E-43  261.1   0.0  284   58-342    37-342 (407)
     444 tr|A0A1S3JF34|A0A1S3JF34_LINUN 100.0 2.5E-37 2.6E-43  264.8   0.0  282   54-342    69-362 (395)
     445 tr|A0A210R670|A0A210R670_MIZYE 100.0 2.6E-37 2.7E-43  259.1   0.0  282   53-338    19-312 (384)
     446 tr|A0A1I8Q6N4|A0A1I8Q6N4_STOCA 100.0 2.7E-37 2.8E-43  284.7   0.0  292   50-344   435-911 (946)
     447 tr|A0A0K0PVP3|A0A0K0PVP3_PLADU 100.0 2.7E-37 2.8E-43  269.2   0.0  285   54-340    57-359 (459)
     448 tr|A0A0P7V0Y3|A0A0P7V0Y3_9TELE 100.0 2.6E-37 2.8E-43  269.6   0.0  286   53-343    56-356 (418)
     449 tr|Q8MX83|Q8MX83_APLCA G-prote 100.0 2.7E-37 2.8E-43  273.8   0.0  276   59-342   128-562 (567)
     450 tr|A0A1B0AGN9|A0A1B0AGN9_GLOPL 100.0 2.9E-37   3E-43  280.8   0.0  278   57-340   167-463 (845)
     451 tr|G5BPN3|G5BPN3_HETGA C3a ana 100.0   3E-37 3.1E-43  278.0   0.0  277   56-341   138-560 (591)
     452 tr|A0A154P9K2|A0A154P9K2_9HYME 100.0 3.1E-37 3.2E-43  267.4   0.0  274   57-338    49-383 (553)
     453 tr|A0A0P6HFQ7|A0A0P6HFQ7_9CRUS 100.0 3.2E-37 3.3E-43  269.3   0.0  286   54-342    40-386 (536)
     454 tr|A0A1I8Q180|A0A1I8Q180_STOCA 100.0 3.2E-37 3.3E-43  274.0   0.0  302   44-346   177-484 (657)
     455 tr|J9K383|J9K383_ACYPI Unchara 100.0 3.4E-37 3.5E-43  266.9   0.0  285   60-346    41-352 (502)
     456 tr|V4AC11|V4AC11_LOTGI Unchara 100.0 3.4E-37 3.5E-43  264.3   0.0  275   59-338    31-339 (407)
     457 tr|A0A151MLB5|A0A151MLB5_ALLMI 100.0 3.4E-37 3.5E-43  278.3   0.0  283   54-338   493-830 (839)
     458 tr|A0A182F973|A0A182F973_ANOAL 100.0 3.5E-37 3.6E-43  269.0   0.0  271   60-338   162-500 (556)
     459 tr|A0A1V9XEV7|A0A1V9XEV7_9ACAR 100.0 3.5E-37 3.6E-43  264.8   0.0  285   52-340   128-427 (502)
     460 tr|A0A147B171|A0A147B171_FUNHE 100.0 3.5E-37 3.7E-43  267.1   0.0  281   54-338    84-425 (463)
     461 tr|C3YFM9|C3YFM9_BRAFL Unchara 100.0 3.6E-37 3.7E-43  253.1   0.0  282   52-337    63-353 (356)
     462 tr|A0A218VDF3|A0A218VDF3_9PASE 100.0 3.6E-37 3.8E-43  273.7   0.0  285   55-343    83-401 (656)
     463 tr|V8NWN4|V8NWN4_OPHHA Neurome 100.0 3.7E-37 3.8E-43  268.1   0.0  286   52-341    41-391 (481)
     464 tr|A7S3S6|A7S3S6_NEMVE Predict 100.0 3.6E-37 3.8E-43  272.3   0.0  264   57-330    21-306 (365)
     465 tr|A0A226DFM2|A0A226DFM2_FOLCA 100.0 3.7E-37 3.8E-43  261.8   0.0  280   56-338   105-426 (486)
     466 tr|B4M0I5|B4M0I5_DROVI Unchara 100.0 3.9E-37   4E-43  266.2   0.0  277   54-338   101-417 (506)
     467 tr|F6WB19|F6WB19_MONDO Adrenoc 100.0 3.9E-37 4.1E-43  266.8   0.0  283   60-344   133-471 (569)
     468 tr|A0A2B4SGU1|A0A2B4SGU1_STYPI 100.0 3.9E-37 4.1E-43  267.4   0.0  287   56-343    51-359 (402)
     469 tr|A7S2E1|A7S2E1_NEMVE Predict 100.0 4.2E-37 4.4E-43  265.6   0.0  287   54-344    24-315 (375)
     470 tr|A7S1R7|A7S1R7_NEMVE Predict 100.0 4.4E-37 4.7E-43  267.3   0.0  286   51-342    24-325 (367)
     471 tr|A0A1S3KCK0|A0A1S3KCK0_LINUN 100.0 4.6E-37 4.7E-43  251.7   0.0  280   61-343    36-333 (359)
     472 tr|A0A154PLJ2|A0A154PLJ2_9HYME 100.0 4.7E-37 4.9E-43  267.3   0.0  284   58-343    60-482 (597)
     473 tr|A0A0M9A044|A0A0M9A044_9HYME 100.0 4.8E-37   5E-43  260.5   0.0  281   54-341    31-324 (489)
     474 tr|A0A0N0PF28|A0A0N0PF28_PAPXU 100.0 4.9E-37   5E-43  270.7   0.0  277   57-338   158-478 (580)
     475 tr|A0A0F8AXQ5|A0A0F8AXQ5_LARCR 100.0 4.9E-37 5.1E-43  259.5   0.0  283   57-342   113-405 (433)
     476 tr|U3JZV5|U3JZV5_FICAL Pyrimid 100.0   5E-37 5.3E-43  270.6   0.0  282   55-338   102-395 (412)
     477 tr|A0A0P7Y9H4|A0A0P7Y9H4_9TELE 100.0 5.1E-37 5.4E-43  266.6   0.0  277   59-341    40-336 (485)
     478 tr|A0A1L8G5A8|A0A1L8G5A8_XENLA 100.0 5.3E-37 5.5E-43  266.5   0.0  288   57-344    36-390 (431)
     479 tr|A0A2B4RQG2|A0A2B4RQG2_STYPI 100.0 5.4E-37 5.7E-43  284.6   0.0  289   50-340   391-691 (727)
     480 SRR6218665_741833              100.0 5.5E-37 5.8E-43  265.3   0.0  289   54-342    44-344 (426)
     481 tr|A7RMJ9|A7RMJ9_NEMVE Predict 100.0 5.6E-37 5.9E-43  261.8   0.0  276   59-342    24-376 (394)
     482 tr|A0A0Q3MBC6|A0A0Q3MBC6_AMAAE 100.0 5.7E-37 5.9E-43  282.4   0.0  281   57-344   524-823 (838)
     483 tr|A0A1W0WKL8|A0A1W0WKL8_HYPDU 100.0 5.8E-37 6.1E-43  283.6   0.0  181   62-248    93-288 (679)
     484 tr|F6R4F1|F6R4F1_MONDO Bombesi 100.0 5.9E-37 6.1E-43  258.6   0.0  285   61-346    50-353 (403)
     485 tr|W4XPQ6|W4XPQ6_STRPU Unchara 100.0   6E-37 6.3E-43  264.7   0.0  282   57-344   122-421 (461)
     486 tr|A0A0B2V6X7|A0A0B2V6X7_TOXCA 100.0   6E-37 6.3E-43  269.3   0.0  284   57-343    72-416 (491)
     487 tr|A0A0N4ZFH3|A0A0N4ZFH3_PARTI 100.0 6.2E-37 6.5E-43  273.3   0.0  284   57-343    99-419 (521)
     488 tr|A0A0K0PUK6|A0A0K0PUK6_PLADU 100.0 6.2E-37 6.5E-43  264.5   0.0  289   55-345    50-364 (405)
     489 tr|A0A194QDR7|A0A194QDR7_PAPXU 100.0 6.4E-37 6.7E-43  262.5   0.0  275   62-338    73-363 (468)
     490 tr|A0A1V4KM91|A0A1V4KM91_PATFA 100.0 6.6E-37 6.8E-43  264.4   0.0  286   57-345   156-471 (526)
     491 tr|E0VHA7|E0VHA7_PEDHC Class A 100.0 6.6E-37 6.8E-43  263.9   0.0  288   52-346    56-442 (493)
     492 tr|A0A1B0BU21|A0A1B0BU21_9MUSC 100.0 6.6E-37 6.9E-43  285.5   0.0  278   59-343   757-1156(1201)
     493 tr|A0A1D2NLE3|A0A1D2NLE3_ORCCI 100.0 6.7E-37 6.9E-43  263.8   0.0  281   56-338   112-401 (499)
     494 tr|A0A2B4SSZ0|A0A2B4SSZ0_STYPI 100.0 6.6E-37   7E-43  270.9   0.0  278   54-338    13-300 (381)
     495 tr|A0A2B4SS31|A0A2B4SS31_STYPI 100.0 6.8E-37 7.2E-43  262.6   0.0  280   56-342    20-316 (354)
     496 tr|A0A1W4UDX1|A0A1W4UDX1_DROFC 100.0 6.9E-37 7.2E-43  290.8   0.0  185   59-252   479-664 (1014)
     497 tr|A0A1S3K9Y2|A0A1S3K9Y2_LINUN 100.0   7E-37 7.3E-43  272.0   0.0  291   45-342   120-542 (585)
     498 tr|A0A146ZQA7|A0A146ZQA7_FUNHE 100.0 7.1E-37 7.4E-43  266.0   0.0  282   57-345    79-463 (549)
     499 tr|S7Q447|S7Q447_MYOBR Neurome 100.0 7.2E-37 7.4E-43  266.9   0.0  285   57-344   157-501 (568)
     500 tr|F6ZHC8|F6ZHC8_CIOIN Unchara 100.0 7.4E-37 7.6E-43  266.7   0.0  282   55-338    87-463 (527)
     
  > Uniprot already searched, skipping.
/projects/ilfgrid/apps/alphafold-2.2.0/prep_MSAs.sh: line 93: /bin/hmmbuild: No such file or directory
/projects/ilfgrid/apps/alphafold-2.2.0/prep_MSAs.sh: line 94: /bin/hmmsearch: No such file or directory
> Running chain B
  > Uniref90 already searched, skipping.
  > Mgnify already searched, skipping.
  > Running hhblits on bfd_uniref30
- 08:56:52.149 INFO: Searching 65983866 column state sequences.

- 08:56:53.133 INFO: Searching 29291635 column state sequences.

- 08:56:53.197 INFO: ssr1_human-2007/msas/B/chain_B.fasta is in A2M, A3M or FASTA format

- 08:56:53.197 INFO: Iteration 1

- 08:56:53.208 INFO: Prefiltering database

- 08:57:38.563 INFO: HMMs passed 1st prefilter (gapless profile-profile alignment)  : 114494

- 08:57:53.523 INFO: HMMs passed 1st prefilter (gapless profile-profile alignment)  : 127967

- 08:57:53.603 INFO: HMMs passed 2nd prefilter (gapped profile-profile alignment)   : 727

- 08:57:53.603 INFO: HMMs passed 2nd prefilter and not found in previous iterations : 727

- 08:57:53.603 INFO: Scoring 727 HMMs using HMM-HMM Viterbi alignment

- 08:57:53.656 INFO: Alternative alignment: 0

- 08:57:54.329 INFO: 727 alignments done

- 08:57:54.330 INFO: Alternative alignment: 1

- 08:57:54.355 INFO: 674 alignments done

- 08:57:54.356 INFO: Alternative alignment: 2

- 08:57:54.356 INFO: 2 alignments done

- 08:57:54.356 INFO: Alternative alignment: 3

- 08:57:54.507 INFO: Premerge done

- 08:57:54.507 INFO: Realigning 500 HMM-HMM alignments using Maximum Accuracy algorithm

- 08:57:54.587 INFO: 94 sequences belonging to 94 database HMMs found with an E-value < 0.001

- 08:57:54.587 INFO: Number of effective sequences of resulting query HMM: Neff = 5.65591

- 08:57:54.594 INFO: Iteration 2

- 08:57:54.594 INFO: Set premerge to 0! (premerge: 3 iteration: 2 hits.Size: 91)

- 08:57:54.599 INFO: Prefiltering database

- 08:58:33.565 INFO: HMMs passed 1st prefilter (gapless profile-profile alignment)  : 10169

- 08:58:49.685 INFO: HMMs passed 1st prefilter (gapless profile-profile alignment)  : 20448

- 08:58:49.705 INFO: HMMs passed 2nd prefilter (gapped profile-profile alignment)   : 143

- 08:58:49.705 INFO: HMMs passed 2nd prefilter and not found in previous iterations : 52

- 08:58:49.705 INFO: Scoring 52 HMMs using HMM-HMM Viterbi alignment

- 08:58:49.740 INFO: Alternative alignment: 0

- 08:58:49.743 INFO: 52 alignments done

- 08:58:49.743 INFO: Alternative alignment: 1

- 08:58:49.745 INFO: 45 alignments done

- 08:58:49.745 INFO: Alternative alignment: 2

- 08:58:49.745 INFO: Alternative alignment: 3

- 08:58:49.761 INFO: Realigning 50 HMM-HMM alignments using Maximum Accuracy algorithm

- 08:58:49.776 INFO: 100 sequences belonging to 100 database HMMs found with an E-value < 0.001

- 08:58:49.776 INFO: Number of effective sequences of resulting query HMM: Neff = 5.66878

- 08:58:49.779 INFO: Iteration 3

- 08:58:49.787 INFO: Prefiltering database

- 08:59:25.468 INFO: HMMs passed 1st prefilter (gapless profile-profile alignment)  : 11552

- 08:59:43.846 INFO: HMMs passed 1st prefilter (gapless profile-profile alignment)  : 23394

- 08:59:43.872 INFO: HMMs passed 2nd prefilter (gapped profile-profile alignment)   : 144

- 08:59:43.872 INFO: HMMs passed 2nd prefilter and not found in previous iterations : 47

- 08:59:43.872 INFO: Scoring 47 HMMs using HMM-HMM Viterbi alignment

- 08:59:43.908 INFO: Alternative alignment: 0

- 08:59:43.911 INFO: 47 alignments done

- 08:59:43.911 INFO: Alternative alignment: 1

- 08:59:43.913 INFO: 40 alignments done

- 08:59:43.913 INFO: Alternative alignment: 2

- 08:59:43.913 INFO: Alternative alignment: 3

- 08:59:43.930 INFO: Rescoring previously found HMMs with Viterbi algorithm

- 08:59:43.958 INFO: Alternative alignment: 0

- 08:59:43.963 INFO: 97 alignments done

- 08:59:43.963 INFO: Alternative alignment: 1

- 08:59:43.968 INFO: 97 alignments done

- 08:59:43.968 INFO: Alternative alignment: 2

- 08:59:43.968 INFO: 1 alignments done

- 08:59:43.968 INFO: Alternative alignment: 3

- 08:59:43.985 INFO: Premerge done

- 08:59:43.985 INFO: Realigning 142 HMM-HMM alignments using Maximum Accuracy algorithm

- 08:59:44.018 INFO: 100 sequences belonging to 100 database HMMs found with an E-value < 0.001

- 08:59:44.018 INFO: Number of effective sequences of resulting query HMM: Neff = 5.66878

     Query         cortistatin-14 gtp:2007
     Match_columns 14
     No_of_seqs    59 out of 709
     Neff          5.66878
     Searched_HMMs 735
     Date          Thu Mar  9 08:59:44 2023
     Command       hhblits -i ssr1_human-2007/msas/B/chain_B.fasta -cpu 4 -maxmem 20 -oa3m /projects/ilfgrid/people/nqz918/code/deorph/scripts/af_arman/af_jobs_af23/ssr1_human/2007//ssr1_human-2007/msas/B/bfd_uniref_hits.a3m -o /dev/null -n 3 -e 0.001 -maxseq 1000000 -realign_max 100000 -maxfilt 100000 -min_prefilter_hits 1000 -d /projects/ilfgrid/data/alphafold-genetic-databases///bfd/bfd_metaclust_clu_complete_id30_c90_final_seq.sorted_opt -d /projects/ilfgrid/data/alphafold-genetic-databases///uniref30/UniRef30_2021_03 
     
      No Hit                             Prob E-value P-value  Score    SS Cols Query HMM  Template HMM
       1 tr|A0A146ZVT9|A0A146ZVT9_FUNHE  98.9   2E-11 3.1E-17   59.7   0.0   13    1-13    200-212 (212)
       2 UniRef100_P61298 Somatostatin-  98.8 4.3E-11 4.5E-17   40.3   0.0   13    1-13      2-14  (14)
       3 UniRef100_A0A087XFN1 Somatosta  98.8 7.5E-11   1E-16   57.1   0.0   14    1-14    132-145 (172)
       4 UniRef100_A0A060WSN3 Somatosta  98.7 1.4E-10 1.9E-16   55.5   0.0   14    1-14    115-128 (151)
       5 UniRef100_P19209 Somatostatin   98.7 3.4E-10 3.7E-16   45.1   0.0   13    1-13     23-35  (35)
       6 UniRef100_A0A087QL45 Somatosta  98.6 5.5E-10 6.7E-16   52.7   0.0   14    1-14    111-124 (124)
       7 UniRef100_A0A060X6K9 Somatosta  98.6   6E-10 8.3E-16   53.0   0.0   14    1-14    115-128 (139)
       8 UniRef100_A0A226NAA4 Somatosta  98.6 1.2E-09 1.4E-15   51.4   0.0   13    1-13    106-118 (118)
       9 tr|A0A0N8JY49|A0A0N8JY49_9TELE  98.5 1.3E-09 1.6E-15   55.2   0.0   13    1-13    229-241 (241)
      10 UniRef100_A0A2I4D1W7 LOW QUALI  98.5 1.4E-09 1.9E-15   53.9   0.0   14    1-14    181-194 (198)
      11 UniRef100_A0A2I4D0V6 somatosta  98.5 1.6E-09   2E-15   51.4   0.0   13    1-13    116-128 (128)
      12 UniRef100_A0A3Q7Y4J1 LOW QUALI  98.5 2.9E-09 3.3E-15   51.7   0.0   14    1-14    141-154 (154)
      13 UniRef100_A0A141RAR9 Somatosta  98.5 3.3E-09 3.6E-15   47.6   0.0   13    1-13     66-78  (78)
      14 tr|A0A1U7U334|A0A1U7U334_TARSY  98.4 4.2E-09   5E-15   51.4   0.0   14    1-14    147-160 (160)
      15 UniRef100_P81029 Somatostatin-  98.4 8.6E-09 9.6E-15   39.8   0.0   13    1-13     16-28  (28)
      16 UniRef100_A0A087WT10 Centromer  98.3   1E-08 1.2E-14   51.0   0.0   14    1-14    172-185 (185)
      17 UniRef100_A0A3Q2VW15 Somatosta  98.3 9.4E-09 1.2E-14   48.6   0.0   13    1-13    107-119 (119)
      18 UniRef100_A0A2U3Z4T3 cortistat  98.3 1.3E-08 1.5E-14   45.6   0.0   14    1-14     62-75  (75)
      19 UniRef100_A0A091GBD6 Somatosta  98.3 1.5E-08 1.7E-14   48.2   0.0   13    1-13    110-122 (122)
      20 UniRef100_UPI0003C10D91 somato  98.3 1.6E-08 1.8E-14   48.2   0.0   13    1-13    111-123 (123)
      21 tr|G5C529|G5C529_HETGA Centrom  98.3 1.6E-08 2.2E-14   51.7   0.0   14    1-14    243-256 (256)
      22 UniRef100_A0A091VE35 Somatosta  98.3 2.2E-08 2.3E-14   45.0   0.0   13    1-13     64-76  (76)
      23 UniRef100_A0A060W609 Somatosta  98.2   3E-08 3.9E-14   48.4   0.0   14    1-14    141-154 (155)
      24 UniRef100_A0A444UQP3 Somatosta  98.2   4E-08 4.1E-14   41.7   0.0   13    1-13     38-50  (50)
      25 tr|G3IHY3|G3IHY3_CRIGR Cortist  98.2 4.4E-08 4.7E-14   46.2   0.0   14    1-14     97-110 (110)
      26 UniRef100_A0A3B3INN6 Somatosta  98.2 4.2E-08 4.7E-14   45.2   0.0   13    1-13     78-90  (90)
      27 UniRef100_A0A2D0SI52 somatosta  98.2 4.4E-08 5.1E-14   46.9   0.0   14    1-14    111-124 (126)
      28 UniRef100_A0A402E7E0 Somatosta  98.1 6.2E-08 6.9E-14   47.3   0.0   13    1-13    135-147 (147)
      29 tr|A0A2D0SI52|A0A2D0SI52_ICTPU  98.0 1.8E-07 2.2E-13   44.7   0.0   13    1-13    106-118 (118)
      30 tr|A0A0N8JVD0|A0A0N8JVD0_9TELE  97.9 2.9E-07 3.2E-13   49.5   0.0   13    1-13    379-391 (391)
      31 UniRef100_A0A4U1FM09 Somatosta  97.9 3.1E-07 3.2E-13   41.6   0.0   14    1-14     64-77  (77)
      32 tr|A0A146NV23|A0A146NV23_FUNHE  97.9   3E-07 3.2E-13   47.6   0.0   13    1-13    237-249 (249)
      33 tr|M4AJ16|M4AJ16_XIPMA Unchara  97.9 2.8E-07 3.3E-13   46.4   0.0   13    1-13    175-187 (187)
      34 UniRef100_A0A3B3ZLM2 Somatosta  97.9 3.5E-07 3.8E-13   43.0   0.0   13    1-13     90-102 (102)
      35 UniRef100_UPI00053CBDA5 somato  97.9 4.5E-07 4.8E-13   45.1   0.0   13    1-13    155-167 (167)
      36 UniRef100_A0A0N8JY49 Preprosom  97.9 4.7E-07 5.1E-13   46.7   0.0   13    1-13    229-241 (241)
      37 UniRef100_A0A665V8K9 Somatosta  97.9 4.7E-07 5.3E-13   45.2   0.0   13    1-13    160-172 (172)
      38 UniRef100_A0A3P8TK19 Cortistat  97.9 5.4E-07 5.9E-13   46.4   0.0   13    1-13    223-235 (235)
      39 UniRef100_UPI0003C4C3BE somato  97.9 5.8E-07 5.9E-13   43.7   0.0   13    1-13    126-138 (138)
      40 UniRef100_UPI0003C116E5 somato  97.8 6.5E-07 6.7E-13   41.3   0.0   13    1-13     76-88  (88)
      41 UniRef100_UPI0006B07F75 somato  97.8 6.6E-07 6.8E-13   42.9   0.0   13    1-13    110-122 (122)
      42 UniRef100_UPI0018646E67 somato  97.8 6.9E-07 7.1E-13   43.7   0.0   13    1-13    133-145 (145)
      43 UniRef100_A0A672GJY0 Somatosta  97.8 7.1E-07 7.5E-13   42.8   0.0   13    1-13    108-120 (120)
      44 UniRef100_A0A3Q2Q5F7 Somatosta  97.8 7.8E-07 8.5E-13   42.3   0.0   13    1-13     97-109 (109)
      45 UniRef100_A0A6I9L247 Centromer  97.8   1E-06 1.1E-12   44.7   0.0   14    1-14    188-201 (201)
      46 UniRef100_A0A674KAB8 Somatosta  97.8   1E-06 1.1E-12   43.0   0.0   13    1-13    125-137 (137)
      47 UniRef100_UPI0004D079D7 LOW QU  97.8   1E-06 1.1E-12   46.5   0.0   14    1-14    300-313 (313)
      48 UniRef100_A0A1B3IK53 Somatosta  97.8 1.1E-06 1.1E-12   43.4   0.0   13    1-13    142-154 (154)
      49 tr|G1RE55|G1RE55_NOMLE CENPS-C  97.8   1E-06 1.1E-12   45.7   0.0   14    1-14    231-244 (244)
      50 UniRef100_A0A1B3IKD4 Somatosta  97.8 1.1E-06 1.2E-12   43.1   0.0   13    1-13    136-148 (148)
      51 UniRef100_UPI0015AC43CE somato  97.8 1.1E-06 1.2E-12   43.0   0.0   13    1-13    131-143 (143)
      52 UniRef100_A0A060WU09 Somatosta  97.8 1.2E-06 1.2E-12   38.2   0.0   13    1-13     44-56  (56)
      53 UniRef100_UPI0011CF1945 somato  97.7 1.5E-06 1.5E-12   43.4   0.0   13    1-13    157-169 (169)
      54 UniRef100_A0A553NM23 Somatosta  97.7 1.5E-06 1.6E-12   43.9   0.0   13    1-13    183-195 (195)
      55 UniRef100_A0A5C6PEM7 Somatosta  97.7 1.6E-06 1.6E-12   43.1   0.0   13    1-13    150-162 (162)
      56 UniRef100_A0A1L8G9W6 Somatosta  97.7 1.8E-06 1.9E-12   42.8   0.0   13    1-13    145-157 (157)
      57 UniRef100_P09876 Somatostatin-  97.7 1.8E-06 1.9E-12   39.2   0.0   13    1-13     62-74  (74)
      58 UniRef100_A0A091DMT4 Centromer  97.7 1.7E-06   2E-12   43.6   0.0   14    1-14    153-166 (177)
      59 UniRef100_A0A2U4AZK3 cortistat  97.7 2.4E-06 2.5E-12   40.7   0.0   14    1-14     96-109 (109)
      60 UniRef100_UPI00188791FC somato  97.6 2.5E-06 2.6E-12   42.9   0.0   13    1-13    169-181 (181)
      61 UniRef100_A0A674PCY3 Somatosta  97.6 2.7E-06 2.7E-12   40.7   0.0   13    1-13    100-112 (112)
      62 UniRef100_UPI0011CFB20C LOW QU  97.6 3.8E-06 3.9E-12   42.8   0.0   13    1-13    186-198 (198)
      63 UniRef100_A0A0Q3LZK1 PABS doma  97.6 3.8E-06 4.1E-12   46.2   0.0   13    1-13    445-457 (457)
      64 UniRef100_UPI00117626D9 somato  97.6 4.1E-06 4.2E-12   41.6   0.0   13    1-13    142-154 (154)
      65 tr|A0A212CJG2|A0A212CJG2_CEREH  97.6 4.3E-06 4.6E-12   44.3   0.0   13    1-13    275-287 (287)
      66 UniRef100_UPI0003B68635 somato  97.6 4.6E-06 4.8E-12   41.2   0.0   13    1-13    134-146 (146)
      67 UniRef100_A0A670J145 Somatosta  97.5 4.6E-06 5.3E-12   41.2   0.0   14    1-14    121-134 (140)
      68 UniRef100_A0A674PF47 Somatosta  97.5 5.5E-06 5.7E-12   44.2   0.0   13    1-13    314-326 (326)
      69 ERR1712168_858629               97.5 5.8E-06 6.6E-12   40.7   0.0   14    1-14    123-136 (136)
      70 UniRef100_UPI001016DDBD somato  97.5 6.5E-06 7.1E-12   42.4   0.0   13    1-13    197-209 (209)
      71 UniRef100_A0A672JY70 Somatosta  97.4 9.1E-06 9.3E-12   38.3   0.0   13    1-13     84-96  (96)
      72 UniRef100_A0A6F9CFX3 Somatosta  97.4   1E-05   1E-11   38.2   0.0   13    1-13     85-97  (97)
      73 UniRef100_A0A3Q4BCM8 Somatosta  97.4 1.2E-05 1.2E-11   38.6   0.0   13    1-13     99-111 (111)
      74 UniRef100_A0A485NEF6 Centromer  97.3 1.5E-05 1.6E-11   42.0   0.0   14    1-14    245-258 (258)
      75 UniRef100_A0A3Q2XKD9 Somatosta  97.3 1.7E-05 1.7E-11   38.8   0.0   13    1-13    115-127 (127)
      76 UniRef100_A0A4W5L1S9 Somatosta  97.3 1.7E-05 1.8E-11   38.6   0.0   13    1-13    111-123 (123)
      77 UniRef100_A0A212CJG2 RTP2 n=2   97.3 1.8E-05 1.8E-11   42.0   0.0   13    1-13    275-287 (287)
      78 UniRef100_UPI00145A5038 somato  97.3 2.3E-05 2.4E-11   39.0   0.0   13    1-13    137-149 (149)
      79 UniRef100_V8N3Q0 Somatostatin   97.3 2.3E-05 2.4E-11   41.4   0.0   13    1-13    256-268 (268)
      80 tr|M7BZX2|M7BZX2_CHEMY B-cell   97.3 2.5E-05 2.7E-11   45.0   0.0   13    1-13    793-805 (805)
      81 UniRef100_A0A3B3Z827 Somatosta  97.2   3E-05 3.2E-11   38.0   0.0   13    1-13    112-124 (124)
      82 UniRef100_A0A0N8JVD0 Somatosta  97.2 3.5E-05 3.6E-11   42.1   0.0   13    1-13    379-391 (391)
      83 UniRef100_A0A444UK16 Somatosta  97.2 3.8E-05 3.9E-11   38.5   0.0   13    1-13    141-153 (153)
      84 UniRef100_UPI0018A0B526 somato  97.2 3.9E-05   4E-11   40.4   0.0   13    1-13    236-248 (248)
      85 UniRef100_A0A4Z2HSG6 Somatosta  97.1 4.9E-05   5E-11   37.6   0.0   12    1-12     92-103 (136)
      86 UniRef100_A0A6P7WU98 somatosta  97.1 4.8E-05   5E-11   36.9   0.0   12    2-13    102-113 (113)
      87 UniRef100_A0A3Q1G6L4 Somatosta  97.1 6.2E-05 6.3E-11   39.8   0.0   13    1-13    242-254 (254)
      88 UniRef100_A0A315VZZ0 Somatosta  97.0 8.4E-05 8.6E-11   41.0   0.0   13    1-13    382-394 (409)
      89 UniRef100_UPI000F602145 LOW QU  97.0   9E-05 9.3E-11   37.4   0.0   12    1-12    110-121 (156)
      90 UniRef100_A0A061IDI5 Exosome c  96.8 0.00025 2.7E-10   43.2   0.0   13    1-13   1409-1421(1421)
      91 UniRef100_A0A6M8VAU7 Somatosta  96.7 0.00035 3.6E-10   24.9   0.0   11    1-11      2-12  (15)
      92 UniRef100_A0A0Q3LZJ2 Non-speci  96.7 0.00037   4E-10   43.7   0.0   13    1-13   2413-2425(2425)
      93 UniRef100_A0A5C6PFK2 Somatosta  96.6 0.00051 5.3E-10   32.9   0.0   13    1-13     81-93  (93)
      94 UniRef100_UPI001A9873BE unchar  96.6 0.00054 5.6E-10   36.2   0.0   13    1-13    208-220 (220)
      95 UniRef100_UPI0009A43912 somato  96.5 0.00092 9.4E-10   33.7   0.0   13    1-13    126-138 (138)
      96 UniRef100_UPI0015AEF9F7 unchar  96.3  0.0017 1.8E-09   36.2   0.0   13    1-13    362-374 (374)
      97 UniRef100_A0A315V7L0 Somatosta  96.3  0.0018 1.8E-09   34.9   0.0   12    1-12    112-123 (247)
      98 UniRef100_A0A672ZYU3 Somatosta  96.3  0.0018 1.9E-09   31.7   0.0   13    1-13     88-100 (105)
      99 UniRef100_UPI001402F94C somato  96.2  0.0023 2.4E-09   32.9   0.0   13    1-13    147-159 (159)
     100 UniRef100_A0A6F9CIM6 Collagen   95.8  0.0069 7.1E-09   37.9   0.0   13    1-13   1590-1602(1602)
     101 tr|Q9DDE4|Q9DDE4_DANRE Somatos  95.8  0.0074 8.2E-09   30.1   0.0   13    1-13     95-107 (107)
     102 UniRef100_A0A667I8Z3 Somatosta  95.7  0.0087   9E-09   30.7   0.0   14    1-14    127-140 (140)
     103 UniRef100_A0A3B1J5E5 Somatosta  95.5   0.014 1.5E-08   28.7   0.0   13    1-13     85-97  (97)
     104 UniRef100_A0A3B4DB20 Somatosta  95.4   0.016 1.7E-08   29.3   0.0   13    1-13    103-115 (115)
     105 UniRef100_A0A0M4IUL0 Somatosta  95.4   0.014 1.7E-08   29.9   0.0   13    1-13    120-132 (132)
     106 UniRef100_A0A6J4Y2Q6 Uncharact  95.0   0.035 3.6E-08   25.3   0.0   11    3-13     43-53  (53)
     107 UniRef100_A0A3D2DIJ7 Somatosta  95.0   0.036 3.7E-08   23.7   0.0   10    1-10     21-30  (35)
     108 tr|A0A146U6Q8|A0A146U6Q8_FUNHE  94.6   0.054 6.4E-08   27.7   0.0   13    1-13    104-116 (116)
     109 UniRef100_A0A2P2N9Y1 Uncharact  94.5    0.08 8.2E-08   24.0   0.0   10    2-11     36-45  (49)
     110 UniRef100_X1R9C7 Uncharacteriz  94.5    0.08 8.2E-08   22.1   0.0   12    2-13      5-16  (30)
     111 UniRef100_A0A3Q2CNM4 Uncharact  94.4   0.086 8.8E-08   25.8   0.0   13    1-13     70-82  (82)
     112 UniRef100_A0A0M5KFL1 Somatosta  93.7    0.15 1.9E-07   26.4   0.0   13    1-13    109-121 (121)
     113 UniRef100_A0A6A4S9R0 Collagen   93.5    0.22 2.3E-07   32.0   0.0   14    1-14   1239-1252(1304)
     114 UniRef100_A0A1F6FFE0 Uncharact  93.5    0.22 2.3E-07   26.2   0.0   11    1-11     46-56  (136)
     115 UniRef100_A0A1S3QZP5 somatosta  93.5    0.22 2.3E-07   25.6   0.0   13    1-13    100-112 (112)
     116 UniRef100_A0A2V8XWK0 Uncharact  93.1    0.32 3.3E-07   24.2   0.0   12    2-13     22-33  (86)
     117 UniRef100_UPI000948A9FA hypoth  92.7    0.42 4.3E-07   24.0   0.0   12    1-12     45-56  (89)
     118 UniRef100_A0A1J1I5Y0 CLUMA_CG0  92.4    0.51 5.2E-07   22.5   0.0    9    1-9      17-25  (61)
     119 UniRef100_A0A315V5P3 Somatosta  91.9    0.69 7.1E-07   26.7   0.0   11    3-13    271-281 (281)
     120 UniRef100_A0A7C9CQN6 Uncharact  91.3     0.9 9.3E-07   23.3   0.0   13    2-14     46-58  (99)
     121 UniRef100_A0A284S9T7 Uncharact  91.3    0.94 9.7E-07   25.4   0.0   13    1-13     70-82  (207)
     122 UniRef100_A0A0K2TUB5 Uncharact  90.9     1.1 1.1E-06   21.4   0.0   10    4-13     42-51  (59)
     123 UniRef100_A0A0A9E7B0 Uncharact  90.7     1.2 1.2E-06   21.5   0.0   12    1-12      9-20  (63)
     124 UniRef100_A8RRW3 Uncharacteriz  90.6     1.2 1.3E-06   19.9   0.0   12    2-13     16-27  (39)
     125 UniRef100_T1DSI5 Uncharacteriz  90.2     1.5 1.5E-06   20.1   0.0   10    3-12     12-21  (44)
     126 UniRef100_A0A4W4FGG0 Uncharact  90.1     1.6 1.6E-06   22.9   0.0   13    1-13     96-108 (108)
     127 UniRef100_A0A0U5IB67 Uncharact  89.0     2.3 2.4E-06   21.7   0.0   12    1-12     41-52  (86)
     128 UniRef100_A0A3Q3GZ09 Uncharact  88.9     2.3 2.4E-06   22.5   0.0   13    1-13    102-114 (114)
     129 UniRef100_A0A060X4J9 Collagen   88.8     2.4 2.5E-06   25.4   0.0   13    1-13    340-352 (352)
     130 UniRef100_A0A6A0HBU3 Putative   88.8     2.4 2.5E-06   20.4   0.0   14    1-14     16-29  (58)
     131 UniRef100_UPI0011C38F4F hypoth  86.9       4 4.1E-06   21.8   0.0   11    3-13    106-116 (116)
     132 UniRef100_A0A7J7H1P9 Germin-li  86.6     4.4 4.5E-06   24.1   0.0   12    1-12    224-235 (285)
     133 UniRef100_A0A1X7UEW0 Uncharact  86.6     4.4 4.5E-06   21.0   0.0   13    1-13     49-61  (91)
     134 UniRef100_A0A1Y3MYB4 Uncharact  86.4     4.5 4.7E-06   21.6   0.0   11    1-11     37-47  (114)
     135 UniRef100_B9CN89 Uncharacteriz  84.5     6.7 6.9E-06   19.3   0.0   12    3-14     32-43  (61)
     136 UniRef100_A0A146L8T7 Uncharact  83.2     8.5 8.7E-06   20.7   0.0   12    1-12     92-103 (111)
     137 UniRef100_UPI00158722B9 spore   83.1     8.6 8.8E-06   21.9   0.0   13    1-13      4-16  (177)
     138 UniRef100_A0A2D8S9Z8 Uncharact  75.7      23 2.4E-05   18.1   0.0   12    2-13      2-13  (68)
     139 UniRef100_A0A183RFP9 Uncharact  75.3      24 2.5E-05   22.7   0.0   13    1-13    276-288 (479)
     140 UniRef100_A0A345N6W4 Uncharact  74.3      26 2.7E-05   19.2   0.0   12    2-13     19-30  (112)
     141 UniRef100_A0A3E0KBE9 Cu_amine_  72.3      32 3.3E-05   22.3   0.0   14    1-14     32-45  (481)
     142 UniRef100_A0A2S8TVT7 Uncharact  71.2      36 3.7E-05   18.3   0.0   13    1-13     14-26  (92)
     
  > Uniprot already searched, skipping.
/projects/ilfgrid/apps/alphafold-2.2.0/prep_MSAs.sh: line 93: /bin/hmmbuild: No such file or directory
/projects/ilfgrid/apps/alphafold-2.2.0/prep_MSAs.sh: line 94: /bin/hmmsearch: No such file or directory

>> Job finished at: Thu Mar  9 08:59:48 CET 2023

>> Runtime: 901 s
