>> Job started at: Wed Mar  8 11:19:07 CET 2023
   On Machine:     ilfgridgpun01fl.unicph.domain
   In directory:   /projects/ilfgrid/people/nqz918/code/deorph/scripts/af_arman/af_jobs_af23/kissr_rat/1284

>> GPU is 

Loaded miniconda shell environment for bash
> Running 'prep_MSAs.sh'
  > Alphafold-DB directory is set to /projects/ilfgrid/data/alphafold-genetic-databases//
  > Number of cores was set to set to 4
  > Max memory set to 20 GB
  > Output directory was set to /projects/ilfgrid/people/nqz918/code/deorph/scripts/af_arman/af_jobs_af23/kissr_rat/1284/
  > Input fastafile was set to /projects/ilfgrid/people/nqz918/code/deorph/scripts/af_arman/af_jobs_af23/kissr_rat/1284/kissr_rat-1284.fasta
> Splitting fastafile
> Running chain A
  > Uniref90 already searched, skipping.
  > Mgnify already searched, skipping.
  > Running hhblits on bfd_uniref30
- 11:19:24.527 INFO: Searching 65983866 column state sequences.

- 11:19:25.441 INFO: Searching 29291635 column state sequences.

- 11:19:25.474 INFO: kissr_rat-1284/msas/A/chain_A.fasta is in A2M, A3M or FASTA format

- 11:19:25.475 INFO: Iteration 1

- 11:19:25.601 INFO: Prefiltering database

- 11:20:38.132 INFO: HMMs passed 1st prefilter (gapless profile-profile alignment)  : 5889973

- 11:21:38.577 INFO: HMMs passed 1st prefilter (gapless profile-profile alignment)  : 1162254

- 11:21:42.523 INFO: HMMs passed 2nd prefilter (gapped profile-profile alignment)   : 38681

- 11:21:42.523 INFO: HMMs passed 2nd prefilter and not found in previous iterations : 38681

- 11:21:42.523 INFO: Scoring 38681 HMMs using HMM-HMM Viterbi alignment

- 11:21:42.579 INFO: Alternative alignment: 0

- 11:21:43.265 INFO: 2000 alignments done

- 11:21:43.908 INFO: 4000 alignments done

- 11:21:44.582 INFO: 6000 alignments done

- 11:21:50.568 INFO: 8000 alignments done

- 11:22:02.126 INFO: 10000 alignments done

- 11:22:02.131 INFO: Stop after DB-HHM: 10000 because early stop  13.724 < filter cutoff 20

- 11:22:02.131 INFO: Alternative alignment: 1

- 11:22:06.076 INFO: 9252 alignments done

- 11:22:06.097 INFO: Alternative alignment: 2

- 11:22:06.931 INFO: 1928 alignments done

- 11:22:06.932 INFO: Alternative alignment: 3

- 11:22:07.123 INFO: 299 alignments done

- 11:22:07.638 INFO: Premerge done

- 11:22:07.642 INFO: Realigning 4037 HMM-HMM alignments using Maximum Accuracy algorithm

- 11:22:44.250 INFO: 4040 sequences belonging to 4040 database HMMs found with an E-value < 0.001

- 11:22:44.250 INFO: Number of effective sequences of resulting query HMM: Neff = 9.72713

- 11:22:44.323 INFO: Iteration 2

- 11:22:44.323 INFO: Set premerge to 0! (premerge: 3 iteration: 2 hits.Size: 4037)

- 11:22:44.440 INFO: Prefiltering database

- 11:24:00.624 INFO: HMMs passed 1st prefilter (gapless profile-profile alignment)  : 24515296

- 11:25:04.222 WARNING: Number of hits passing 2nd prefilter (reduced from 200449 to allowed maximum of 100000).
You can increase the allowed maximum using the -maxfilt <max> option.

- 11:25:43.265 INFO: HMMs passed 1st prefilter (gapless profile-profile alignment)  : 5168940

- 11:26:01.211 WARNING: Number of hits passing 2nd prefilter (reduced from 125584 to allowed maximum of 100000).
You can increase the allowed maximum using the -maxfilt <max> option.

- 11:26:01.397 INFO: HMMs passed 2nd prefilter (gapped profile-profile alignment)   : 200000

- 11:26:01.397 INFO: HMMs passed 2nd prefilter and not found in previous iterations : 196027

- 11:26:01.397 INFO: Scoring 196027 HMMs using HMM-HMM Viterbi alignment

- 11:26:01.432 INFO: Alternative alignment: 0

- 11:26:04.994 INFO: 2000 alignments done

- 11:26:13.538 INFO: 4000 alignments done

- 11:26:17.316 INFO: 6000 alignments done

- 11:26:24.608 INFO: 8000 alignments done

- 11:27:03.302 INFO: 10000 alignments done

- 11:27:27.645 INFO: 12000 alignments done

- 11:27:51.826 INFO: 14000 alignments done

- 11:27:51.830 INFO: Stop after DB-HHM: 14000 because early stop  15.6201 < filter cutoff 20

- 11:27:51.830 INFO: Alternative alignment: 1

- 11:27:55.503 INFO: 8956 alignments done

- 11:27:55.512 INFO: Alternative alignment: 2

- 11:27:55.889 INFO: 785 alignments done

- 11:27:55.889 INFO: Alternative alignment: 3

- 11:27:55.972 INFO: 118 alignments done

- 11:27:56.072 INFO: Realigning 4818 HMM-HMM alignments using Maximum Accuracy algorithm

- 11:28:35.752 INFO: 8858 sequences belonging to 8858 database HMMs found with an E-value < 0.001

- 11:28:35.752 INFO: Number of effective sequences of resulting query HMM: Neff = 10.7397

- 11:28:35.825 INFO: Iteration 3

- 11:28:36.011 INFO: Prefiltering database

- 11:29:54.458 INFO: HMMs passed 1st prefilter (gapless profile-profile alignment)  : 23039027

- 11:30:57.299 WARNING: Number of hits passing 2nd prefilter (reduced from 146373 to allowed maximum of 100000).
You can increase the allowed maximum using the -maxfilt <max> option.

- 11:31:39.038 INFO: HMMs passed 1st prefilter (gapless profile-profile alignment)  : 4869485

- 11:31:56.206 WARNING: Number of hits passing 2nd prefilter (reduced from 112897 to allowed maximum of 100000).
You can increase the allowed maximum using the -maxfilt <max> option.

- 11:31:56.395 INFO: HMMs passed 2nd prefilter (gapped profile-profile alignment)   : 200000

- 11:31:56.395 INFO: HMMs passed 2nd prefilter and not found in previous iterations : 191283

- 11:31:56.395 INFO: Scoring 191283 HMMs using HMM-HMM Viterbi alignment

- 11:31:56.435 INFO: Alternative alignment: 0

- 11:32:02.826 INFO: 2000 alignments done

- 11:32:05.786 INFO: 4000 alignments done

- 11:32:18.755 INFO: 6000 alignments done

- 11:33:11.169 INFO: 8000 alignments done

- 11:34:01.320 INFO: 10000 alignments done

- 11:34:17.301 INFO: 12000 alignments done

- 11:34:34.863 INFO: 14000 alignments done

- 11:34:34.865 INFO: Stop after DB-HHM: 14000 because early stop  8.76445 < filter cutoff 20

- 11:34:34.865 INFO: Alternative alignment: 1

- 11:34:37.219 INFO: 5446 alignments done

- 11:34:37.229 INFO: Alternative alignment: 2

- 11:34:37.575 INFO: 541 alignments done

- 11:34:37.575 INFO: Alternative alignment: 3

- 11:34:37.667 INFO: 108 alignments done

- 11:34:37.752 INFO: Rescoring previously found HMMs with Viterbi algorithm

- 11:34:37.791 INFO: Alternative alignment: 0

- 11:34:38.678 INFO: 2000 alignments done

- 11:34:39.476 INFO: 4000 alignments done

- 11:34:40.169 INFO: 6000 alignments done

- 11:34:41.077 INFO: 8000 alignments done

- 11:34:41.826 INFO: 8715 alignments done

- 11:34:41.834 INFO: Alternative alignment: 1

- 11:34:45.337 INFO: 8715 alignments done

- 11:34:45.350 INFO: Alternative alignment: 2

- 11:34:45.719 INFO: 716 alignments done

- 11:34:45.720 INFO: Alternative alignment: 3

- 11:34:45.794 INFO: 107 alignments done

- 11:34:46.005 INFO: Premerge done

- 11:34:46.005 INFO: Realigning 9288 HMM-HMM alignments using Maximum Accuracy algorithm

- 11:35:11.941 INFO: 9361 sequences belonging to 9361 database HMMs found with an E-value < 0.001

- 11:35:11.941 INFO: Number of effective sequences of resulting query HMM: Neff = 10.8323

     Query         kissr_rat Q924U1
     Match_columns 396
     No_of_seqs    2391 out of 151894
     Neff          10.8323
     Searched_HMMs 265120
     Date          Wed Mar  8 11:35:12 2023
     Command       hhblits -i kissr_rat-1284/msas/A/chain_A.fasta -cpu 4 -maxmem 20 -oa3m /projects/ilfgrid/people/nqz918/code/deorph/scripts/af_arman/af_jobs_af23/kissr_rat/1284//kissr_rat-1284/msas/A/bfd_uniref_hits.a3m -o /dev/null -n 3 -e 0.001 -maxseq 1000000 -realign_max 100000 -maxfilt 100000 -min_prefilter_hits 1000 -d /projects/ilfgrid/data/alphafold-genetic-databases///bfd/bfd_metaclust_clu_complete_id30_c90_final_seq.sorted_opt -d /projects/ilfgrid/data/alphafold-genetic-databases///uniref30/UniRef30_2021_03 
     
      No Hit                             Prob E-value P-value  Score    SS Cols Query HMM  Template HMM
       1 tr|Q1KS50|Q1KS50_PIG G protein 100.0 6.6E-62 6.9E-68  398.0   0.0  396    1-396     1-399 (399)
       2 tr|A0A1L8HND2|A0A1L8HND2_XENLA 100.0   2E-52   2E-58  359.1   0.0  317   29-350   115-435 (452)
       3 tr|A0A0P7U387|A0A0P7U387_9TELE 100.0   2E-51 2.1E-57  356.5   0.0  291   38-344   124-417 (556)
       4 tr|M3ZFE6|M3ZFE6_XIPMA Somatos 100.0 1.1E-50 1.2E-56  349.7   0.0  292   37-345    99-392 (525)
       5 tr|C3XSP5|C3XSP5_BRAFL Unchara 100.0 6.4E-50 6.6E-56  335.0   0.0  305   37-349    22-333 (403)
       6 tr|A0A0F8ARD3|A0A0F8ARD3_LARCR 100.0 3.6E-49 3.7E-55  336.9   0.0  286   40-342    51-338 (464)
       7 tr|A0A1W2W3E6|A0A1W2W3E6_CIOIN 100.0 5.2E-49 5.4E-55  338.2   0.0  299   36-346    51-355 (487)
       8 tr|A0A1L8G1N6|A0A1L8G1N6_XENLA 100.0 5.8E-49   6E-55  337.7   0.0  294   35-348   109-404 (448)
       9 tr|C3XVS5|C3XVS5_BRAFL Unchara 100.0 1.5E-48 1.6E-54  331.9   0.0  305   35-346    60-367 (425)
      10 tr|W4Z2N2|W4Z2N2_STRPU Unchara 100.0 2.1E-48 2.2E-54  326.0   0.0  306   33-344    47-354 (406)
      11 tr|A0A2C9JWF9|A0A2C9JWF9_BIOGL 100.0 2.9E-48   3E-54  339.9   0.0  305   39-349    62-372 (403)
      12 tr|S9YJE2|S9YJE2_CAMFR Somatos 100.0 2.2E-47 2.3E-53  323.0   0.0  296   37-348   107-406 (438)
      13 tr|M7AII4|M7AII4_CHEMY G-prote 100.0 4.6E-47 4.8E-53  319.9   0.0  334    5-351     6-469 (485)
      14 tr|E0D358|E0D358_HEMPU Dopamin 100.0 6.8E-47 7.1E-53  325.5   0.0  291   41-344    23-330 (435)
      15 tr|A0A1V4J9T1|A0A1V4J9T1_PATFA 100.0 7.5E-47 7.8E-53  317.8   0.0  294   37-345    63-358 (461)
      16 tr|A0A1I8M930|A0A1I8M930_MUSDO 100.0 9.1E-47 9.5E-53  351.1   0.0  295   40-344   186-580 (963)
      17 tr|A0A1I8PIJ9|A0A1I8PIJ9_STOCA 100.0 1.2E-46 1.2E-52  337.4   0.0  298   41-350   168-475 (680)
      18 tr|A0A0N8JZL4|A0A0N8JZL4_9TELE 100.0 1.5E-46 1.5E-52  326.1   0.0  298   41-344   103-414 (482)
      19 tr|A0A091DWF1|A0A091DWF1_FUKDA 100.0 1.5E-46 1.6E-52  317.7   0.0  291   38-345   152-444 (483)
      20 tr|A0A0P7U0M1|A0A0P7U0M1_9TELE 100.0 2.2E-46 2.3E-52  316.4   0.0  301   39-344    98-413 (440)
      21 tr|A0A1D1UXI1|A0A1D1UXI1_RAMVA 100.0 2.3E-46 2.4E-52  324.2   0.0  295   37-345    76-378 (499)
      22 tr|A0A1U7TSJ4|A0A1U7TSJ4_TARSY 100.0 2.4E-46 2.5E-52  326.2   0.0  297   41-344   211-520 (600)
      23 tr|A0A182G4E1|A0A182G4E1_AEDAL 100.0   3E-46 3.1E-52  330.0   0.0  293   44-347    69-375 (534)
      24 tr|A0A1W4ZX05|A0A1W4ZX05_9TELE 100.0 3.3E-46 3.4E-52  327.0   0.0  303   42-347    69-390 (480)
      25 tr|G3S2I3|G3S2I3_GORGO Opioid  100.0 3.8E-46   4E-52  320.1   0.0  286   39-340   159-447 (492)
      26 tr|A0A218UB83|A0A218UB83_9PASE 100.0 4.5E-46 4.6E-52  330.4   0.0  317   16-348   172-518 (631)
      27 tr|L7LZ94|L7LZ94_9ACAR Putativ 100.0 8.4E-46 8.7E-52  314.9   0.0  296   41-347   101-397 (438)
      28 tr|V8PD93|V8PD93_OPHHA Type-2  100.0 9.5E-46 9.9E-52  326.3   0.0  291   38-344    71-370 (412)
      29 tr|A0A232F0R3|A0A232F0R3_9HYME 100.0 1.1E-45 1.1E-51  314.7   0.0  290   36-344    97-425 (458)
      30 tr|A0A0P4XBU7|A0A0P4XBU7_9CRUS 100.0 3.7E-45 3.9E-51  328.1   0.0  293   42-343    60-416 (557)
      31 tr|A0A1S3FYW5|A0A1S3FYW5_DIPOR 100.0 5.7E-45 5.9E-51  302.1   0.0  290   40-345    67-361 (385)
      32 tr|A7SD89|A7SD89_NEMVE Predict 100.0 6.3E-45 6.5E-51  300.5   0.0  291   44-344    39-332 (355)
      33 tr|R4J1H6|R4J1H6_SALSA Cholecy 100.0 1.1E-44 1.1E-50  308.4   0.0  310   36-348    40-412 (461)
      34 tr|A0A1A8LLP2|A0A1A8LLP2_9TELE 100.0 1.6E-44 1.6E-50  309.7   0.0  301   41-350    92-405 (455)
      35 tr|B4JN40|B4JN40_DROGR GH24210 100.0 2.3E-44 2.4E-50  309.6   0.0  288   40-341   114-407 (436)
      36 tr|A0A067RDC3|A0A067RDC3_ZOONE 100.0 2.7E-44 2.8E-50  319.7   0.0  328   11-348    40-369 (506)
      37 tr|A0A2B4RXD1|A0A2B4RXD1_STYPI 100.0 2.7E-44 2.8E-50  307.4   0.0  290   44-347    95-385 (416)
      38 tr|A0A2B4SID7|A0A2B4SID7_STYPI 100.0 2.9E-44 3.1E-50  318.9   0.0  290   38-343    27-328 (422)
      39 tr|A0A0P7TYE1|A0A0P7TYE1_9TELE 100.0 3.1E-44 3.2E-50  311.6   0.0  302   44-348   125-479 (507)
      40 tr|A0A2B4SUH3|A0A2B4SUH3_STYPI 100.0 3.2E-44 3.3E-50  310.5   0.0  300   41-347    24-336 (385)
      41 tr|A0A147AZW9|A0A147AZW9_FUNHE 100.0 3.5E-44 3.6E-50  324.4   0.0  292   42-344    85-435 (468)
      42 tr|A0A210R0K7|A0A210R0K7_MIZYE 100.0 3.9E-44   4E-50  307.4   0.0  303   40-345    71-428 (470)
      43 tr|A0A2B4SNZ1|A0A2B4SNZ1_STYPI 100.0   5E-44 5.3E-50  312.6   0.0  288   41-344    30-321 (351)
      44 tr|W4YJK4|W4YJK4_STRPU Unchara 100.0 5.3E-44 5.6E-50  312.5   0.0  301   34-346    61-373 (446)
      45 tr|A0A139WLV7|A0A139WLV7_TRICA 100.0   6E-44 6.2E-50  321.2   0.0  294   43-346   399-701 (792)
      46 tr|A0A0L8FIS6|A0A0L8FIS6_OCTBM 100.0 6.3E-44 6.5E-50  309.8   0.0  300   44-349    92-427 (485)
      47 tr|C3Z3H5|C3Z3H5_BRAFL Unchara 100.0 6.3E-44 6.5E-50  299.7   0.0  309   36-354    74-386 (405)
      48 tr|A0A0L0BYA7|A0A0L0BYA7_LUCCU 100.0 6.4E-44 6.6E-50  314.4   0.0  289   45-344   313-628 (678)
      49 tr|A0A2B4SKI0|A0A2B4SKI0_STYPI 100.0 7.6E-44 7.9E-50  314.2   0.0  316    8-344    69-403 (458)
      50 tr|T1KPP2|T1KPP2_TETUR Unchara 100.0 8.6E-44   9E-50  309.7   0.0  291   40-350   149-444 (477)
      51 tr|A0A2B4RSD1|A0A2B4RSD1_STYPI 100.0 8.6E-44 9.1E-50  318.3   0.0  300   42-350    50-389 (430)
      52 tr|A0A147A4W2|A0A147A4W2_FUNHE 100.0   1E-43 1.1E-49  309.5   0.0  316   36-355    88-456 (502)
      53 tr|A0A1I8MQS0|A0A1I8MQS0_MUSDO 100.0 1.1E-43 1.2E-49  319.3   0.0  292   39-344   146-441 (572)
      54 tr|A0A2H1W6Q0|A0A2H1W6Q0_SPOFR 100.0 1.1E-43 1.2E-49  309.1   0.0  297   42-348    70-369 (466)
      55 tr|A0A0P6IZB8|A0A0P6IZB8_9CRUS 100.0 1.2E-43 1.3E-49  310.3   0.0  293   41-346   201-498 (559)
      56 tr|A0A1D2NMB6|A0A1D2NMB6_ORCCI 100.0 1.5E-43 1.5E-49  309.6   0.0  298   40-349   149-457 (520)
      57 tr|A0A1I8PG61|A0A1I8PG61_STOCA 100.0 1.6E-43 1.6E-49  320.1   0.0  297   37-346   294-596 (716)
      58 tr|A0A182QHF8|A0A182QHF8_9DIPT 100.0 1.6E-43 1.7E-49  309.9   0.0  296   39-344    97-408 (581)
      59 tr|A0A1D2MSE1|A0A1D2MSE1_ORCCI 100.0 1.8E-43 1.8E-49  319.8   0.0  296   38-344   106-408 (615)
      60 tr|A0A146TL67|A0A146TL67_FUNHE 100.0 1.8E-43 1.9E-49  322.3   0.0  296   42-351    26-413 (442)
      61 tr|A0A1S3L0J1|A0A1S3L0J1_SALSA 100.0 1.9E-43   2E-49  307.9   0.0  313   19-346    56-409 (533)
      62 tr|A0A1S3IXU4|A0A1S3IXU4_LINUN 100.0 1.9E-43   2E-49  302.4   0.0  295   41-348    56-351 (440)
      63 tr|A0A218UWX7|A0A218UWX7_9PASE 100.0   2E-43 2.1E-49  306.9   0.0  290   43-345    41-343 (474)
      64 tr|W5MC67|W5MC67_LEPOC Pyroglu 100.0 2.5E-43 2.5E-49  299.4   0.0  305   43-348    54-365 (441)
      65 tr|A0A1A8EW90|A0A1A8EW90_9TELE 100.0 2.6E-43 2.7E-49  300.5   0.0  308   18-341    17-332 (444)
      66 tr|A0A0P7V0U8|A0A0P7V0U8_9TELE 100.0 2.9E-43 2.9E-49  295.6   0.0  295   37-346    80-378 (439)
      67 tr|A0A2B4S4U3|A0A2B4S4U3_STYPI 100.0 3.1E-43 3.2E-49  292.6   0.0  306   40-351    23-331 (359)
      68 tr|A0A287CUD4|A0A287CUD4_ICTTR 100.0 3.2E-43 3.3E-49  300.6   0.0  285   42-344    18-309 (478)
      69 tr|A0A218VDE9|A0A218VDE9_9PASE 100.0 3.2E-43 3.3E-49  301.8   0.0  284   39-342    20-307 (556)
      70 tr|A0A2B4S6X2|A0A2B4S6X2_STYPI 100.0 3.6E-43 3.8E-49  297.0   0.0  297   44-348    25-329 (379)
      71 tr|W8B9D1|W8B9D1_CERCA 5-hydro 100.0 3.7E-43 3.8E-49  309.0   0.0  309   38-355   258-639 (664)
      72 tr|A0A151NBW9|A0A151NBW9_ALLMI 100.0 3.8E-43 3.9E-49  305.2   0.0  298   44-345    82-394 (472)
      73 ERR1719361_2001115             100.0 4.2E-43 4.3E-49  304.1   0.0  292   39-344    21-326 (415)
      74 tr|A0A146U732|A0A146U732_FUNHE 100.0 4.9E-43 5.2E-49  328.0   0.0  300   41-342   190-547 (590)
      75 tr|A0A2B4SSL5|A0A2B4SSL5_STYPI 100.0 5.1E-43 5.3E-49  290.1   0.0  301   39-353    18-320 (344)
      76 tr|A0A210QNG6|A0A210QNG6_MIZYE 100.0 5.2E-43 5.4E-49  305.7   0.0  303   37-345    34-342 (498)
      77 tr|A0A0K0PUJ3|A0A0K0PUJ3_PLADU 100.0 6.8E-43   7E-49  296.3   0.0  304   38-348    49-355 (475)
      78 tr|A0A0S1YD80|A0A0S1YD80_CHISP 100.0 7.3E-43 7.6E-49  304.1   0.0  300   39-346   161-468 (513)
      79 tr|A0A0P5PA10|A0A0P5PA10_9CRUS 100.0 7.6E-43 7.8E-49  309.9   0.0  283   44-338   148-441 (705)
      80 tr|A0A232F8D2|A0A232F8D2_9HYME 100.0   9E-43 9.4E-49  301.6   0.0  295   41-347    70-375 (478)
      81 tr|A0A0P7V5N2|A0A0P7V5N2_9TELE 100.0 9.2E-43 9.6E-49  301.8   0.0  300   38-346    87-405 (468)
      82 tr|A0A147AMP5|A0A147AMP5_FUNHE 100.0 9.6E-43   1E-48  317.3   0.0  295   43-348    32-433 (475)
      83 tr|A0A060XRS0|A0A060XRS0_ONCMY 100.0 9.9E-43   1E-48  316.2   0.0  300   36-346    49-379 (900)
      84 tr|A7RYQ3|A7RYQ3_NEMVE Predict 100.0 1.1E-42 1.1E-48  303.9   0.0  290   39-346    48-339 (367)
      85 tr|A0A2B4R9G2|A0A2B4R9G2_STYPI 100.0 1.2E-42 1.3E-48  297.9   0.0  295   38-346    56-353 (378)
      86 tr|K7GCC3|K7GCC3_PELSI Adrenoc 100.0 1.3E-42 1.3E-48  298.5   0.0  295   45-347    44-368 (488)
      87 SRR6218665_799277              100.0 1.3E-42 1.4E-48  292.3   0.0  302   34-345   116-422 (456)
      88 tr|A0A0A7RC79|A0A0A7RC79_RHOPR 100.0 1.5E-42 1.5E-48  293.9   0.0  293   41-346    74-377 (404)
      89 tr|H2Q292|H2Q292_PANTR Unchara 100.0 1.5E-42 1.6E-48  297.5   0.0  307   38-352    77-413 (492)
      90 ERR1719341_586736              100.0 1.6E-42 1.7E-48  304.2   0.0  291   40-344    52-356 (513)
      91 SRR6218665_147192              100.0 1.7E-42 1.7E-48  300.0   0.0  308   38-352    96-406 (466)
      92 tr|A0A210QT45|A0A210QT45_MIZYE 100.0 1.7E-42 1.8E-48  288.2   0.0  294   41-339    36-338 (395)
      93 tr|W4Z9U8|W4Z9U8_STRPU Unchara 100.0 1.8E-42 1.9E-48  291.4   0.0  309   42-354   107-423 (434)
      94 tr|A0A1A9ZAD8|A0A1A9ZAD8_GLOPL 100.0 1.9E-42 1.9E-48  301.2   0.0  289   43-343   123-422 (574)
      95 tr|A0A226N2C0|A0A226N2C0_CALSU 100.0 1.9E-42   2E-48  299.8   0.0  300   40-348   222-526 (569)
      96 tr|C3XVU5|C3XVU5_BRAFL Unchara 100.0   2E-42 2.1E-48  295.5   0.0  294   43-341    62-355 (439)
      97 tr|A7S585|A7S585_NEMVE Predict 100.0   2E-42 2.1E-48  297.9   0.0  298   42-350    24-333 (374)
      98 tr|B4KC34|B4KC34_DROMO Unchara 100.0 2.1E-42 2.2E-48  311.8   0.0  287   43-341   193-491 (670)
      99 tr|A0A182U1B5|A0A182U1B5_9DIPT 100.0 2.6E-42 2.7E-48  305.5   0.0  296   37-343    34-344 (620)
     100 tr|W5JTF9|W5JTF9_ANODA Somatos 100.0 2.7E-42 2.8E-48  300.9   0.0  293   41-345    53-350 (526)
     101 tr|A0A091DX38|A0A091DX38_FUKDA 100.0 2.8E-42 2.9E-48  310.5   0.0  297   36-347   136-433 (878)
     102 tr|A0A1V4JMN9|A0A1V4JMN9_PATFA 100.0 3.2E-42 3.3E-48  298.6   0.0  295   42-338    92-417 (537)
     103 tr|A0A0L0C8J1|A0A0L0C8J1_LUCCU 100.0 3.4E-42 3.6E-48  303.6   0.0  291   42-345   225-521 (661)
     104 tr|A0A183W5E7|A0A183W5E7_TRIRE 100.0 3.4E-42 3.6E-48  297.6   0.0  306   43-352    52-362 (503)
     105 tr|A0A131XUY2|A0A131XUY2_IXORI 100.0 3.6E-42 3.8E-48  295.8   0.0  284   42-343   161-447 (560)
     106 tr|C7SLZ0|C7SLZ0_APLKU Seroton 100.0 3.7E-42 3.9E-48  303.9   0.0  305   36-352    66-434 (485)
     107 tr|A0A146YGA5|A0A146YGA5_FUNHE 100.0 3.7E-42 3.9E-48  311.2   0.0  297   44-348    32-346 (521)
     108 tr|A0A0P6C571|A0A0P6C571_9CRUS 100.0 4.1E-42 4.2E-48  297.3   0.0  300   40-341    53-444 (558)
     109 tr|A0A212C668|A0A212C668_CEREH 100.0 4.2E-42 4.3E-48  298.2   0.0  289   44-342   221-556 (558)
     110 tr|A7SMQ7|A7SMQ7_NEMVE Predict 100.0 4.2E-42 4.4E-48  291.1   0.0  290   41-344    10-304 (358)
     111 tr|A0A0K0PUV0|A0A0K0PUV0_PLADU 100.0 4.6E-42 4.8E-48  293.6   0.0  294   43-347    16-338 (373)
     112 tr|A0A1U7SLA2|A0A1U7SLA2_TARSY 100.0 5.8E-42   6E-48  299.6   0.0  297   41-348   123-455 (601)
     113 tr|A0A2D0SD29|A0A2D0SD29_ICTPU 100.0 5.8E-42 6.1E-48  295.7   0.0  288   42-340     4-306 (420)
     114 tr|A7RKH9|A7RKH9_NEMVE Predict 100.0 5.9E-42 6.1E-48  289.6   0.0  284   43-345    26-316 (336)
     115 tr|A0A2B4RYF4|A0A2B4RYF4_STYPI 100.0   6E-42 6.3E-48  292.0   0.0  289   42-344    24-313 (402)
     116 tr|A0A1S3FWK5|A0A1S3FWK5_DIPOR 100.0 6.2E-42 6.4E-48  303.3   0.0  301   39-351   413-738 (786)
     117 tr|A0A182FRI7|A0A182FRI7_ANOAL 100.0 6.5E-42 6.8E-48  314.7   0.0  195   35-234   105-302 (677)
     118 tr|K1QHX9|K1QHX9_CRAGI Somatos 100.0 6.5E-42 6.8E-48  299.8   0.0  286   41-342    47-339 (456)
     119 tr|A0A0F8AVG0|A0A0F8AVG0_LARCR 100.0 6.6E-42 6.8E-48  295.2   0.0  283   44-341    57-342 (544)
     120 tr|L9JDH9|L9JDH9_TUPCH Orexin  100.0 6.6E-42 6.9E-48  299.3   0.0  309   41-351   218-582 (621)
     121 tr|A0A1L7H7D8|A0A1L7H7D8_SACKO 100.0 7.1E-42 7.4E-48  287.2   0.0  318   34-366    63-388 (424)
     122 tr|A0A151ITZ3|A0A151ITZ3_9HYME 100.0 7.9E-42 8.2E-48  297.4   0.0  301   41-344    66-421 (481)
     123 tr|K1PEH3|K1PEH3_CRAGI Neurope 100.0 8.5E-42 8.8E-48  290.6   0.0  301   43-354    48-369 (411)
     124 tr|J9JRI9|J9JRI9_ACYPI Unchara 100.0 8.6E-42 8.9E-48  293.6   0.0  292   40-343    32-334 (490)
     125 tr|A0A1I8N820|A0A1I8N820_MUSDO 100.0 8.9E-42 9.2E-48  307.5   0.0  297   36-343   298-638 (880)
     126 tr|A0A1V4J9K1|A0A1V4J9K1_PATFA 100.0 9.2E-42 9.5E-48  309.1   0.0  293   38-345   316-610 (939)
     127 tr|A0A0V1MVC7|A0A0V1MVC7_9BILA 100.0 9.5E-42 9.9E-48  303.7   0.0  296   44-353    82-389 (598)
     128 tr|A0A182L9N8|A0A182L9N8_9DIPT 100.0 9.7E-42   1E-47  299.8   0.0  290   44-345    90-385 (490)
     129 tr|A0A147AUP2|A0A147AUP2_FUNHE 100.0   1E-41 1.1E-47  300.1   0.0  264   44-323   122-388 (482)
     130 tr|A0A183TGM8|A0A183TGM8_SCHSO 100.0 1.1E-41 1.1E-47  293.5   0.0  296   36-344    58-374 (446)
     131 tr|A0A131ZXP6|A0A131ZXP6_SARSC 100.0 1.2E-41 1.3E-47  290.7   0.0  293   44-350   124-420 (480)
     132 tr|A0A2B4SAJ4|A0A2B4SAJ4_STYPI 100.0 1.2E-41 1.3E-47  297.1   0.0  286   43-341    29-332 (434)
     133 tr|A0A0R4IQ19|A0A0R4IQ19_DANRE 100.0 1.2E-41 1.3E-47  282.7   0.0  293   39-346    52-351 (384)
     134 tr|A7SFG7|A7SFG7_NEMVE Predict 100.0 1.2E-41 1.3E-47  289.9   0.0  287   40-339    21-309 (364)
     135 tr|T1JU75|T1JU75_TETUR Unchara 100.0 1.2E-41 1.3E-47  300.3   0.0  292   40-345   141-438 (728)
     136 tr|A7RKP0|A7RKP0_NEMVE Predict 100.0 1.3E-41 1.4E-47  289.2   0.0  297   43-349     8-314 (350)
     137 tr|A0A210QY69|A0A210QY69_MIZYE 100.0 1.4E-41 1.5E-47  283.9   0.0  292   41-346    85-381 (400)
     138 tr|A0A0L7QUK8|A0A0L7QUK8_9HYME 100.0 1.6E-41 1.6E-47  305.6   0.0  288   44-343   203-499 (806)
     139 tr|A0A2B4RR50|A0A2B4RR50_STYPI 100.0 1.6E-41 1.6E-47  290.7   0.0  297   41-346    28-329 (411)
     140 tr|A0A146TP77|A0A146TP77_FUNHE 100.0 1.6E-41 1.7E-47  309.6   0.0  297   42-348    46-429 (522)
     141 tr|S7PUA8|S7PUA8_MYOBR C-C che 100.0 1.6E-41 1.7E-47  305.1   0.0  285   38-343   278-567 (603)
     142 tr|W4Z3I5|W4Z3I5_STRPU Unchara 100.0 1.6E-41 1.7E-47  291.4   0.0  302   35-342    41-393 (461)
     143 tr|A0A146NR64|A0A146NR64_FUNHE 100.0 1.7E-41 1.8E-47  290.9   0.0  288   38-340   115-418 (449)
     144 Marorgknorr_s2lv_2_1036014.sca 100.0 1.8E-41 1.8E-47  292.1   0.0  306   41-352    28-341 (366)
     145 ERR1719510_236906              100.0 1.8E-41 1.8E-47  305.1   0.0  299   41-351    81-382 (577)
     146 tr|A0A0S0WMT8|A0A0S0WMT8_DROME 100.0 1.8E-41 1.9E-47  295.3   0.0  292   39-344   142-438 (593)
     147 tr|A7SIX0|A7SIX0_NEMVE Predict 100.0 1.8E-41 1.9E-47  289.0   0.0  299   42-352    24-328 (403)
     148 tr|B4NHE1|B4NHE1_DROWI Unchara 100.0 1.9E-41   2E-47  297.3   0.0  290   42-341   149-453 (565)
     149 tr|A0A212EZN3|A0A212EZN3_DANPL 100.0 1.9E-41   2E-47  294.7   0.0  293   41-345    53-357 (488)
     150 tr|A0A1S3NNV5|A0A1S3NNV5_SALSA 100.0   2E-41   2E-47  293.2   0.0  298   44-344    64-382 (499)
     151 tr|F7E6B1|F7E6B1_MONDO Tachyki 100.0   2E-41 2.1E-47  290.6   0.0  300   32-345    86-387 (475)
     152 tr|A0A1S3JCV4|A0A1S3JCV4_LINUN 100.0 2.3E-41 2.4E-47  285.9   0.0  313   34-350    54-376 (414)
     153 tr|L5JUA4|L5JUA4_PTEAL Neurope 100.0 2.3E-41 2.4E-47  293.4   0.0  294   38-343    31-338 (509)
     154 tr|A7RRH0|A7RRH0_NEMVE Predict 100.0 2.4E-41 2.5E-47  305.1   0.0  293   39-344    23-317 (700)
     155 tr|A0A147BFV4|A0A147BFV4_IXORI 100.0 2.7E-41 2.8E-47  283.3   0.0  291   43-344    41-336 (402)
     156 tr|A0A146NY53|A0A146NY53_FUNHE 100.0 2.7E-41 2.8E-47  295.3   0.0  294   44-347     8-322 (469)
     157 tr|A0A2C9GPU2|A0A2C9GPU2_ANOAR 100.0 3.2E-41 3.3E-47  307.9   0.0  293   41-340   321-634 (818)
     158 tr|A0A1S3NPB2|A0A1S3NPB2_SALSA 100.0 3.3E-41 3.5E-47  289.5   0.0  299   32-344    31-333 (443)
     159 tr|A0A096NTW4|A0A096NTW4_PAPAN 100.0 3.5E-41 3.6E-47  287.9   0.0  290   44-344   134-428 (442)
     160 tr|A0A0B2UYY4|A0A0B2UYY4_TOXCA 100.0 3.7E-41 3.9E-47  291.3   0.0  292   42-344    82-387 (437)
     161 SRR6218665_1158703             100.0 3.8E-41   4E-47  290.1   0.0  298   40-344    34-336 (413)
     162 tr|C3Z617|C3Z617_BRAFL Unchara 100.0   4E-41 4.1E-47  282.7   0.0  294   43-340    34-337 (426)
     163 tr|A0A1S2ZIZ2|A0A1S2ZIZ2_ERIEU 100.0 4.2E-41 4.3E-47  293.4   0.0  295   45-347   203-536 (620)
     164 tr|A7RVQ0|A7RVQ0_NEMVE Predict 100.0 4.2E-41 4.4E-47  293.4   0.0  293   44-344    30-333 (398)
     165 tr|A0A2G8KL37|A0A2G8KL37_STIJA 100.0 4.4E-41 4.5E-47  281.5   0.0  316   38-355    45-412 (439)
     166 tr|A0A091CRU0|A0A091CRU0_FUKDA 100.0 4.8E-41   5E-47  305.0   0.0  286   38-345   404-695 (720)
     167 tr|A0A1D1V6H4|A0A1D1V6H4_RAMVA 100.0 4.9E-41 5.1E-47  291.5   0.0  296   43-349    62-380 (498)
     168 tr|A0A1A9ZM95|A0A1A9ZM95_GLOPL 100.0 5.4E-41 5.5E-47  286.6   0.0  295   43-348    95-399 (481)
     169 tr|A0A2B4RGY6|A0A2B4RGY6_STYPI 100.0   6E-41 6.3E-47  287.6   0.0  289   43-345     7-299 (348)
     170 tr|A0A0P5T2I6|A0A0P5T2I6_9CRUS 100.0 6.5E-41 6.7E-47  295.2   0.0  296   42-344    65-412 (542)
     171 tr|A0A1W4X208|A0A1W4X208_AGRPL 100.0   7E-41 7.3E-47  287.1   0.0  290   44-345    96-396 (467)
     172 tr|T1KTS6|T1KTS6_TETUR Unchara 100.0 7.3E-41 7.6E-47  295.6   0.0  291   39-341   116-417 (587)
     173 tr|A0A2B4SHS9|A0A2B4SHS9_STYPI 100.0 7.7E-41   8E-47  298.4   0.0  299   38-343    24-326 (566)
     174 tr|E6ZEU6|E6ZEU6_DICLA Neurome 100.0 7.8E-41 8.2E-47  293.5   0.0  300   43-345    89-397 (461)
     175 tr|M7BJE0|M7BJE0_CHEMY 5-hydro 100.0 7.9E-41 8.2E-47  301.3   0.0  287   43-343   273-593 (685)
     176 tr|A7RQG0|A7RQG0_NEMVE Predict 100.0 8.3E-41 8.6E-47  288.0   0.0  301   41-348    16-320 (351)
     177 tr|A0A210Q372|A0A210Q372_MIZYE 100.0   9E-41 9.3E-47  288.8   0.0  295   42-344    55-356 (439)
     178 tr|A0A0Q3PK06|A0A0Q3PK06_AMAAE 100.0 9.2E-41 9.5E-47  304.8   0.0  302   44-352   525-840 (901)
     179 tr|W4Y502|W4Y502_STRPU Unchara 100.0 9.6E-41   1E-46  289.6   0.0  279   47-348   113-393 (422)
     180 tr|A0A2B4SIA2|A0A2B4SIA2_STYPI 100.0 9.8E-41   1E-46  287.5   0.0  295   43-346    59-364 (370)
     181 tr|A0A0P7XE55|A0A0P7XE55_9TELE 100.0 1.1E-40 1.1E-46  298.0   0.0  314   35-359    43-384 (782)
     182 tr|A7S8R9|A7S8R9_NEMVE Predict 100.0 1.2E-40 1.2E-46  289.4   0.0  290   44-343    27-339 (398)
     183 tr|A7RNV5|A7RNV5_NEMVE Predict 100.0 1.2E-40 1.2E-46  283.5   0.0  281   44-339    33-323 (377)
     184 tr|W8C2A8|W8C2A8_CERCA Neurope 100.0 1.2E-40 1.2E-46  303.6   0.0  293   42-344   264-566 (827)
     185 tr|A7SGB7|A7SGB7_NEMVE Predict 100.0 1.2E-40 1.2E-46  283.9   0.0  299   38-348    13-311 (353)
     186 tr|A0A1W4X1F3|A0A1W4X1F3_AGRPL 100.0 1.3E-40 1.3E-46  289.1   0.0  295   43-346   134-435 (485)
     187 tr|A0A210QVM6|A0A210QVM6_MIZYE 100.0 1.3E-40 1.4E-46  279.4   0.0  305   41-347    79-389 (413)
     188 tr|A0A2B4SDF9|A0A2B4SDF9_STYPI 100.0 1.4E-40 1.4E-46  275.7   0.0  296   39-344    33-328 (356)
     189 tr|A0A2B4STD8|A0A2B4STD8_STYPI 100.0 1.4E-40 1.5E-46  297.1   0.0  286   41-344    97-386 (524)
     190 tr|V8NQN2|V8NQN2_OPHHA G-prote 100.0 1.6E-40 1.6E-46  299.5   0.0  280   39-341   300-586 (840)
     191 tr|A0A0K2TJR3|A0A0K2TJR3_LEPSM 100.0 1.6E-40 1.7E-46  279.0   0.0  294   41-341    53-355 (402)
     192 tr|W4XZB8|W4XZB8_STRPU Unchara 100.0 1.8E-40 1.9E-46  285.2   0.0  283   45-341    22-309 (400)
     193 tr|A0A061IHH7|A0A061IHH7_CRIGR 100.0 1.8E-40 1.9E-46  313.0   0.0  292   41-344   619-921 (934)
     194 tr|W4Y131|W4Y131_STRPU Unchara 100.0 1.9E-40 1.9E-46  280.2   0.0  296   41-344    53-357 (424)
     195 tr|A7SFM3|A7SFM3_NEMVE Predict 100.0 1.8E-40 1.9E-46  290.1   0.0  292   42-344    38-339 (356)
     196 tr|A0A2B4RHV8|A0A2B4RHV8_STYPI 100.0 1.9E-40 1.9E-46  283.5   0.0  299   33-351   107-408 (421)
     197 tr|A0A1V4KKE4|A0A1V4KKE4_PATFA 100.0   2E-40 2.1E-46  292.8   0.0  284   41-340   404-690 (724)
     198 tr|J9K651|J9K651_ACYPI Unchara 100.0   2E-40 2.1E-46  282.9   0.0  293   44-345    91-390 (440)
     199 tr|A0A182FUW3|A0A182FUW3_ANOAL 100.0 2.2E-40 2.3E-46  294.8   0.0  291   40-344   193-488 (666)
     200 tr|A0A2B4RYW3|A0A2B4RYW3_STYPI 100.0 2.3E-40 2.3E-46  313.0   0.0  289   44-346    41-330 (1580)
     201 tr|K1RR88|K1RR88_CRAGI 5-hydro 100.0 2.3E-40 2.4E-46  278.8   0.0  319   23-350    35-359 (407)
     202 tr|U3U4E1|U3U4E1_NILLU Neurope 100.0 2.4E-40 2.5E-46  295.2   0.0  299   42-347   152-473 (606)
     203 tr|A0A0N7ZC69|A0A0N7ZC69_9EUCA 100.0 2.5E-40 2.6E-46  276.5   0.0  289   43-346    67-360 (430)
     204 tr|L8Y5L0|L8Y5L0_TUPCH Alpha-2 100.0 2.5E-40 2.6E-46  302.4   0.0  291   42-344   393-820 (823)
     205 ERR550534_208423               100.0 2.6E-40 2.7E-46  287.9   0.0  299   42-352    87-408 (568)
     206 tr|A0A1V4KUV7|A0A1V4KUV7_PATFA 100.0 2.6E-40 2.7E-46  278.6   0.0  285   43-344   119-412 (450)
     207 tr|G3R6B9|G3R6B9_GORGO Neurope 100.0 2.9E-40   3E-46  283.1   0.0  302   44-352   149-464 (522)
     208 tr|A0A0P6B7K0|A0A0P6B7K0_9CRUS 100.0 2.9E-40   3E-46  295.9   0.0  302   40-348   110-493 (579)
     209 tr|A0A091DLL4|A0A091DLL4_FUKDA 100.0 2.9E-40   3E-46  280.9   0.0  295   44-346    35-348 (474)
     210 tr|F1R2F3|F1R2F3_DANRE Neurope 100.0   3E-40 3.1E-46  294.9   0.0  286   41-340   401-690 (731)
     211 tr|A0A1I8MRR4|A0A1I8MRR4_MUSDO 100.0 3.4E-40 3.5E-46  297.0   0.0  295   42-345   258-561 (819)
     212 tr|A0A1S3F7I6|A0A1S3F7I6_DIPOR 100.0 3.5E-40 3.6E-46  284.0   0.0  287   41-342   165-464 (543)
     213 tr|C3Z5T5|C3Z5T5_BRAFL Unchara 100.0 3.7E-40 3.8E-46  274.0   0.0  294   37-344    32-330 (389)
     214 tr|A0A1V4JU97|A0A1V4JU97_PATFA 100.0 3.9E-40 4.1E-46  294.5   0.0  296   42-344    64-362 (615)
     215 tr|A0A1W0WKP0|A0A1W0WKP0_HYPDU 100.0   4E-40 4.1E-46  288.4   0.0  289   39-338    73-372 (624)
     216 tr|A0A1I8FSG9|A0A1I8FSG9_9PLAT 100.0   4E-40 4.1E-46  286.5   0.0  293   43-345   108-451 (550)
     217 SRR6218665_1050351             100.0 4.2E-40 4.4E-46  283.3   0.0  287   41-342    75-366 (398)
     218 tr|A0A2B4RXA7|A0A2B4RXA7_STYPI 100.0 4.2E-40 4.4E-46  281.8   0.0  262   55-351    16-282 (328)
     219 tr|A0A2B4REF9|A0A2B4REF9_STYPI 100.0 4.5E-40 4.6E-46  313.7   0.0  305   41-355   924-1243(1279)
     220 tr|W4Z105|W4Z105_STRPU Unchara 100.0 4.7E-40 4.9E-46  279.0   0.0  301   38-351    62-364 (433)
     221 tr|A0A0P7V1N0|A0A0P7V1N0_9TELE 100.0 4.7E-40 4.9E-46  278.0   0.0  284   41-339   113-401 (436)
     222 tr|A0A0Q3X1E4|A0A0Q3X1E4_AMAAE 100.0 4.9E-40 5.1E-46  295.7   0.0  295   40-337   154-497 (789)
     223 tr|A0A1S3W6N0|A0A1S3W6N0_ERIEU 100.0   5E-40 5.1E-46  288.5   0.0  297   45-344   134-445 (596)
     224 tr|A0A061ILI5|A0A061ILI5_CRIGR 100.0 5.4E-40 5.6E-46  281.9   0.0  286   43-343   198-492 (528)
     225 tr|A0A1I8PF57|A0A1I8PF57_STOCA 100.0 5.9E-40 6.1E-46  297.9   0.0  321   37-366   378-770 (784)
     226 tr|A0A1D2N5F0|A0A1D2N5F0_ORCCI 100.0 6.1E-40 6.3E-46  285.5   0.0  296   42-347    54-353 (559)
     227 tr|W4YH96|W4YH96_STRPU Unchara 100.0 6.7E-40 6.9E-46  271.5   0.0  294   40-346    34-328 (394)
     228 tr|A0A151IFQ2|A0A151IFQ2_9HYME 100.0 6.8E-40 7.1E-46  312.0   0.0  303   44-348    45-377 (1113)
     229 tr|A0A0P6B3L3|A0A0P6B3L3_9CRUS 100.0 7.4E-40 7.7E-46  285.1   0.0  292   40-345    30-415 (623)
     230 tr|A0A1S3JF34|A0A1S3JF34_LINUN 100.0 7.6E-40 7.9E-46  278.0   0.0  296   42-348    73-368 (395)
     231 tr|A0A2H1WMM8|A0A2H1WMM8_SPOFR 100.0 7.6E-40 7.9E-46  277.0   0.0  295   40-343    32-327 (462)
     232 tr|A0A2B4S1Z5|A0A2B4S1Z5_STYPI 100.0 7.8E-40 8.1E-46  288.3   0.0  273   41-345    24-301 (514)
     233 tr|K1PQW2|K1PQW2_CRAGI Putativ 100.0 7.9E-40 8.1E-46  277.8   0.0  301   35-346    50-357 (437)
     234 tr|A0A091DQD0|A0A091DQD0_FUKDA 100.0 8.1E-40 8.4E-46  283.5   0.0  285   39-343   176-464 (499)
     235 ERR1719232_11025               100.0 8.1E-40 8.4E-46  290.5   0.0  297   43-340    88-399 (559)
     236 tr|A7RYR4|A7RYR4_NEMVE Predict 100.0 8.3E-40 8.7E-46  287.4   0.0  292   42-351    21-316 (352)
     237 tr|A0A0L8I1Y4|A0A0L8I1Y4_OCTBM 100.0 8.5E-40 8.7E-46  272.6   0.0  331   16-348    14-368 (426)
     238 tr|A0A139WEA0|A0A139WEA0_TRICA 100.0 8.7E-40   9E-46  274.1   0.0  303   42-351    93-414 (464)
     239 tr|A0A2B4SAU9|A0A2B4SAU9_STYPI 100.0 8.7E-40 9.1E-46  303.5   0.0  296   42-347    23-320 (850)
     240 tr|A0A0K0PUI1|A0A0K0PUI1_PLADU 100.0 8.9E-40 9.2E-46  283.8   0.0  294   41-348    62-362 (583)
     241 tr|A0A087UNN0|A0A087UNN0_9ARAC 100.0   1E-39 1.1E-45  276.7   0.0  300   39-349    49-358 (438)
     242 tr|A0A218UTA6|A0A218UTA6_9PASE 100.0   1E-39 1.1E-45  291.8   0.0  292   44-346    59-447 (738)
     243 sp|Q804Q2|OPN4B_GADMO Melanops 100.0 1.1E-39 1.1E-45  287.4   0.0  295   43-343    19-317 (615)
     244 tr|A0A1V4KK28|A0A1V4KK28_PATFA 100.0 1.1E-39 1.1E-45  277.8   0.0  296   44-349   135-434 (478)
     245 tr|A0A0P6HXT6|A0A0P6HXT6_9CRUS 100.0 1.1E-39 1.1E-45  280.2   0.0  288   42-341   152-444 (447)
     246 tr|A0A060X5F3|A0A060X5F3_ONCMY 100.0 1.2E-39 1.3E-45  303.9   0.0  284   40-344   412-704 (840)
     247 tr|A0A0K0PVS0|A0A0K0PVS0_PLADU 100.0 1.3E-39 1.3E-45  274.4   0.0  325   31-369    36-367 (382)
     248 tr|A7SX62|A7SX62_NEMVE Predict 100.0 1.3E-39 1.3E-45  269.6   0.0  277   50-347    26-305 (335)
     249 tr|A0A1A8K3T1|A0A1A8K3T1_NOTKU 100.0 1.3E-39 1.4E-45  286.3   0.0  299   40-348    46-490 (621)
     250 tr|Q9NHF3|Q9NHF3_APLCA Octopam 100.0 1.4E-39 1.5E-45  271.0   0.0  290   42-341    38-350 (394)
     251 tr|K1PQM6|K1PQM6_CRAGI Putativ 100.0 1.5E-39 1.5E-45  278.9   0.0  302   41-348    89-400 (429)
     252 tr|L5M4Z9|L5M4Z9_MYODS C-C che 100.0 1.6E-39 1.6E-45  284.3   0.0  285   40-344   267-557 (590)
     253 tr|A0A210QIB3|A0A210QIB3_MIZYE 100.0 1.7E-39 1.7E-45  281.3   0.0  291   42-338    95-391 (543)
     254 tr|A0A2B4RYN6|A0A2B4RYN6_STYPI 100.0 1.7E-39 1.8E-45  297.1   0.0  294   43-347     9-311 (881)
     255 tr|A0A146PN09|A0A146PN09_FUNHE 100.0 1.7E-39 1.8E-45  295.4   0.0  298   39-350    36-403 (432)
     256 tr|A0A210QTN0|A0A210QTN0_MIZYE 100.0 1.8E-39 1.9E-45  271.6   0.0  294   44-346    52-363 (384)
     257 tr|A0A1S3NAI3|A0A1S3NAI3_SALSA 100.0 1.9E-39   2E-45  274.7   0.0  286   42-343    95-387 (439)
     258 tr|W4XZS5|W4XZS5_STRPU Unchara 100.0   2E-39   2E-45  271.6   0.0  285   46-339    38-339 (399)
     259 tr|A0A1D2MMS7|A0A1D2MMS7_ORCCI 100.0   2E-39 2.1E-45  288.8   0.0  283   41-347   122-409 (612)
     260 tr|E2AX14|E2AX14_CAMFO Neurope 100.0   2E-39 2.1E-45  290.1   0.0  299   43-344    78-394 (614)
     261 tr|K1QBA5|K1QBA5_CRAGI Neurope 100.0   2E-39 2.1E-45  273.8   0.0  301   41-349    30-346 (401)
     262 tr|A0A193KU92|A0A193KU92_SCHMD 100.0   2E-39 2.1E-45  281.8   0.0  301   42-348    57-412 (478)
     263 tr|I6R4U4|I6R4U4_9BILA Onychop 100.0 2.1E-39 2.2E-45  298.2   0.0  300   36-341   137-443 (873)
     264 tr|A0A147AXX1|A0A147AXX1_FUNHE 100.0 2.3E-39 2.3E-45  277.6   0.0  291   38-344    33-331 (490)
     265 tr|A7S3S6|A7S3S6_NEMVE Predict 100.0 2.3E-39 2.4E-45  284.0   0.0  278   43-330    23-306 (365)
     266 tr|A0A0P6C2B0|A0A0P6C2B0_9CRUS 100.0 2.4E-39 2.5E-45  288.8   0.0  294   46-342   172-532 (543)
     267 tr|A0A2D0TBG0|A0A2D0TBG0_ICTPU 100.0 2.4E-39 2.5E-45  272.9   0.0  294   45-344    65-373 (429)
     268 tr|A7SBY6|A7SBY6_NEMVE Predict 100.0 2.4E-39 2.5E-45  290.1   0.0  293   39-343    18-310 (467)
     269 tr|L9JWP3|L9JWP3_TUPCH C-C che 100.0 2.4E-39 2.5E-45  295.2   0.0  284   38-344   383-671 (702)
     270 tr|L7LWW3|L7LWW3_9ACAR Putativ 100.0 2.7E-39 2.8E-45  287.2   0.0  185   45-235   113-298 (624)
     271 tr|A0A0P0YUU8|A0A0P0YUU8_LYMST 100.0 2.8E-39 2.9E-45  273.9   0.0  302   44-347    63-399 (478)
     272 tr|A0A0N7KWU9|A0A0N7KWU9_LYMST 100.0 3.3E-39 3.4E-45  278.5   0.0  302   44-347    77-451 (494)
     273 tr|C3XPE3|C3XPE3_BRAFL Unchara 100.0 3.4E-39 3.6E-45  302.1   0.0  295   40-347   734-1045(1421)
     274 SRR6218665_1286431             100.0 3.5E-39 3.7E-45  275.5   0.0  325   38-373    41-372 (477)
     275 tr|A0A2B4RSX7|A0A2B4RSX7_STYPI 100.0 3.7E-39 3.9E-45  278.1   0.0  298   38-346    54-365 (389)
     276 tr|I3KRG5|I3KRG5_ORENI FGFR1 o 100.0 3.8E-39   4E-45  285.1   0.0  283   40-343   145-450 (489)
     277 tr|A0A0P7U113|A0A0P7U113_9TELE 100.0 3.8E-39   4E-45  280.2   0.0  273   39-338   144-417 (452)
     278 tr|A7S169|A7S169_NEMVE Predict 100.0 3.9E-39   4E-45  273.8   0.0  288   41-343    17-307 (347)
     279 tr|A7SG00|A7SG00_NEMVE Predict 100.0 3.9E-39 4.1E-45  282.6   0.0  295   43-346    51-356 (427)
     280 tr|A0A1E1WD65|A0A1E1WD65_PECGO 100.0 4.2E-39 4.4E-45  288.3   0.0  315   38-364    95-550 (584)
     281 tr|A7RN94|A7RN94_NEMVE Predict 100.0 4.5E-39 4.7E-45  277.6   0.0  300   43-348    40-342 (366)
     282 tr|Q6VUB7|Q6VUB7_BRAFL Dopamin 100.0 4.7E-39 4.8E-45  265.3   0.0  290   42-345    39-341 (394)
     283 tr|A0A226ENA2|A0A226ENA2_FOLCA 100.0   5E-39 5.2E-45  279.6   0.0  307   36-345    68-408 (566)
     284 tr|A0A226N7X5|A0A226N7X5_CALSU 100.0 5.3E-39 5.5E-45  266.9   0.0  286   41-342   127-417 (419)
     285 tr|A0A0K0PVN8|A0A0K0PVN8_PLADU 100.0 5.5E-39 5.7E-45  272.6   0.0  298   41-340    92-417 (501)
     286 tr|B5DNP6|B5DNP6_DROPS Unchara 100.0 5.8E-39   6E-45  283.9   0.0  306   39-348   139-565 (625)
     287 tr|A0A1L8G5A8|A0A1L8G5A8_XENLA 100.0 6.1E-39 6.4E-45  276.4   0.0  312   41-352    36-398 (431)
     288 tr|A0A1I8NNA2|A0A1I8NNA2_STOCA 100.0 6.2E-39 6.4E-45  283.6   0.0  297   39-345    86-437 (672)
     289 tr|A0A1I8HW07|A0A1I8HW07_9PLAT 100.0 6.4E-39 6.6E-45  287.9   0.0  296   41-347   217-515 (891)
     290 tr|A0A218UP03|A0A218UP03_9PASE 100.0 6.4E-39 6.6E-45  295.1   0.0  282   39-341   786-1073(1110)
     291 tr|T1F6Z4|T1F6Z4_HELRO Unchara 100.0 6.4E-39 6.7E-45  278.5   0.0  297   44-352    98-398 (517)
     292 tr|A0A2C9KB37|A0A2C9KB37_BIOGL 100.0 6.5E-39 6.7E-45  275.9   0.0  300   48-350   107-475 (513)
     293 tr|C3Z7J8|C3Z7J8_BRAFL Unchara 100.0 6.5E-39 6.8E-45  277.9   0.0  306   41-349   144-464 (549)
     294 tr|K1PPZ4|K1PPZ4_CRAGI Rhodops 100.0 6.6E-39 6.9E-45  280.3   0.0  293   41-339    47-345 (519)
     295 tr|A0A2C9JHS9|A0A2C9JHS9_BIOGL 100.0 6.7E-39 6.9E-45  265.5   0.0  303   38-348    68-371 (376)
     296 tr|A0A147AVH6|A0A147AVH6_FUNHE 100.0 7.1E-39 7.4E-45  285.2   0.0  284   45-340   195-618 (618)
     297 tr|A0A2C9JTE5|A0A2C9JTE5_BIOGL 100.0 7.4E-39 7.7E-45  271.3   0.0  292   42-345    53-350 (422)
     298 tr|A0A1W2W6Z4|A0A1W2W6Z4_CIOIN 100.0 7.5E-39 7.8E-45  286.2   0.0  295   41-349    97-405 (629)
     299 tr|A0A1A9YSZ7|A0A1A9YSZ7_GLOFF 100.0 7.8E-39 8.1E-45  287.8   0.0  291   38-339   244-576 (750)
     300 tr|A0A1J1HLH3|A0A1J1HLH3_9DIPT 100.0 8.1E-39 8.4E-45  274.8   0.0  303   43-351    61-368 (431)
     301 tr|D6WD17|D6WD17_TRICA Natalis 100.0 8.2E-39 8.6E-45  278.5   0.0  296   42-349    47-352 (429)
     302 SRR6218665_348164              100.0 9.2E-39 9.6E-45  280.6   0.0  305   38-345    24-355 (434)
     303 tr|A0A1S3J712|A0A1S3J712_LINUN 100.0 9.3E-39 9.6E-45  270.7   0.0  299   37-344    67-383 (437)
     304 tr|A0A1S3H6K0|A0A1S3H6K0_LINUN 100.0 9.3E-39 9.6E-45  272.4   0.0  301   37-345    53-359 (447)
     305 tr|A0A147AQT9|A0A147AQT9_FUNHE 100.0 9.3E-39 9.6E-45  279.8   0.0  302   41-350    91-473 (633)
     306 tr|Q29XY7|Q29XY7_APLCA Dopamin 100.0   1E-38   1E-44  275.9   0.0  297   34-342    46-377 (450)
     307 tr|A0A2B4RI42|A0A2B4RI42_STYPI 100.0   1E-38 1.1E-44  272.0   0.0  292   44-345    26-328 (367)
     308 AntAceMinimDraft_8_1070364.sca 100.0   1E-38 1.1E-44  271.2   0.0  303   43-353    38-367 (406)
     309 tr|A0A0A1XP03|A0A0A1XP03_ZEUCU 100.0 1.1E-38 1.1E-44  291.7   0.0  298   41-345   233-542 (660)
     310 tr|T1JSJ3|T1JSJ3_TETUR Unchara 100.0 1.1E-38 1.1E-44  285.8   0.0  297   38-343   243-645 (747)
     311 tr|A0A1W4WZV7|A0A1W4WZV7_AGRPL 100.0 1.1E-38 1.2E-44  267.2   0.0  305   37-342    32-342 (407)
     312 tr|A0A183VWV4|A0A183VWV4_TRIRE 100.0 1.1E-38 1.2E-44  275.3   0.0  295   39-345    47-450 (509)
     313 tr|A0A1U7SEA3|A0A1U7SEA3_ALLSI 100.0 1.2E-38 1.2E-44  278.6   0.0  297   41-348   108-437 (567)
     314 tr|C3YFM9|C3YFM9_BRAFL Unchara 100.0 1.3E-38 1.3E-44  259.6   0.0  288   30-335    57-351 (356)
     315 tr|A0A0P6HFQ7|A0A0P6HFQ7_9CRUS 100.0 1.3E-38 1.3E-44  276.0   0.0  307   42-348    44-392 (536)
     316 tr|A0A016SN05|A0A016SN05_9BILA 100.0 1.3E-38 1.3E-44  272.8   0.0  327   38-372    46-378 (408)
     317 tr|A0A1D1W534|A0A1D1W534_RAMVA 100.0 1.3E-38 1.4E-44  274.2   0.0  302   39-344    52-428 (493)
     318 tr|A0A1S3KCK0|A0A1S3KCK0_LINUN 100.0 1.4E-38 1.5E-44  258.5   0.0  290   44-343    35-333 (359)
     319 tr|A0A0L0C0N1|A0A0L0C0N1_LUCCU 100.0 1.5E-38 1.6E-44  284.5   0.0  303   40-351   313-678 (707)
     320 tr|A0A182TQN5|A0A182TQN5_9DIPT 100.0 1.5E-38 1.6E-44  280.3   0.0  304   44-350   135-502 (613)
     321 tr|A7STC6|A7STC6_NEMVE Predict 100.0 1.5E-38 1.6E-44  273.3   0.0  297   41-343    18-333 (381)
     322 tr|A0A1W0XC36|A0A1W0XC36_HYPDU 100.0 1.6E-38 1.7E-44  280.1   0.0  300   40-348    26-399 (722)
     323 tr|A0A2B4RWT1|A0A2B4RWT1_STYPI 100.0 1.6E-38 1.7E-44  277.9   0.0  295   41-345    13-311 (461)
     324 tr|K7ISZ6|K7ISZ6_NASVI Unchara 100.0 1.8E-38 1.9E-44  271.8   0.0  308   34-346    85-403 (454)
     325 tr|A0A2C9K1H0|A0A2C9K1H0_BIOGL 100.0 1.9E-38   2E-44  279.4   0.0  291   47-348    10-302 (607)
     326 tr|A0A2B4SGU1|A0A2B4SGU1_STYPI 100.0 1.9E-38   2E-44  273.6   0.0  293   40-343    51-359 (402)
     327 tr|Q8MX83|Q8MX83_APLCA G-prote 100.0   2E-38 2.1E-44  279.0   0.0  290   44-345   129-565 (567)
     328 tr|A0A195BRF4|A0A195BRF4_9HYME 100.0   2E-38 2.1E-44  276.9   0.0  296   43-350    73-456 (475)
     329 tr|A0A218V2X0|A0A218V2X0_9PASE 100.0 2.1E-38 2.1E-44  284.0   0.0  293   43-350   118-416 (720)
     330 tr|A0A0P6JFN0|A0A0P6JFN0_HETGA 100.0 2.1E-38 2.1E-44  280.1   0.0  293   43-341    96-403 (433)
     331 tr|A0A0R3NFZ1|A0A0R3NFZ1_DROPS 100.0 2.1E-38 2.2E-44  281.4   0.0  284   44-339   119-411 (536)
     332 tr|I2FKE9|I2FKE9_GRYBI Dopamin 100.0 2.1E-38 2.2E-44  276.3   0.0  294   35-340    33-356 (485)
     333 tr|A0A2G5UN52|A0A2G5UN52_9PELO 100.0 2.2E-38 2.2E-44  285.7   0.0  311   36-347    67-528 (628)
     334 ERR1719204_1244905             100.0 2.2E-38 2.3E-44  274.6   0.0  298   37-341    83-383 (473)
     335 tr|A0A1A8ANJ7|A0A1A8ANJ7_NOTFU 100.0 2.2E-38 2.3E-44  268.8   0.0  327   38-379   102-436 (489)
     336 tr|A0A060XH49|A0A060XH49_ONCMY 100.0 2.3E-38 2.4E-44  293.5   0.0  292   50-349    56-390 (945)
     337 tr|A0A1I8Q6N4|A0A1I8Q6N4_STOCA 100.0 2.3E-38 2.4E-44  289.8   0.0  308   42-352   443-919 (946)
     338 tr|U3U4G2|U3U4G2_NILLU Neurope 100.0 2.4E-38 2.5E-44  282.7   0.0  304   43-347    34-354 (496)
     339 tr|A0A218V371|A0A218V371_9PASE 100.0 2.4E-38 2.5E-44  275.1   0.0  294   39-347   261-562 (606)
     340 tr|V4AC11|V4AC11_LOTGI Unchara 100.0 2.5E-38 2.6E-44  269.3   0.0  285   45-338    33-339 (407)
     341 tr|B3MYQ9|B3MYQ9_DROAN Unchara 100.0 2.6E-38 2.7E-44  282.1   0.0  288   44-343    42-398 (686)
     342 tr|A0A151NSA8|A0A151NSA8_ALLMI 100.0 2.6E-38 2.7E-44  272.7   0.0  275   38-338    84-370 (406)
     343 tr|W4XVA2|W4XVA2_STRPU Unchara 100.0 2.7E-38 2.9E-44  282.6   0.0  297   37-348    63-377 (519)
     344 tr|A0A195CW68|A0A195CW68_9HYME 100.0 2.8E-38 2.9E-44  283.2   0.0  310   34-347    47-384 (698)
     345 tr|A0A1B0AGN9|A0A1B0AGN9_GLOPL 100.0 2.8E-38 2.9E-44  285.5   0.0  298   40-344   166-467 (845)
     346 tr|A7RMJ9|A7RMJ9_NEMVE Predict 100.0   3E-38 3.1E-44  267.6   0.0  302   44-351    25-385 (394)
     347 ERR1719323_733875              100.0   3E-38 3.1E-44  264.3   0.0  293   37-343    31-324 (398)
     348 tr|W5MSP8|W5MSP8_LEPOC Adrenoc 100.0 3.1E-38 3.2E-44  267.0   0.0  295   43-345    81-398 (460)
     349 tr|A0A0Q3X582|A0A0Q3X582_AMAAE 100.0 3.1E-38 3.2E-44  281.3   0.0  292   43-347    82-390 (504)
     350 tr|A0A146ZQA7|A0A146ZQA7_FUNHE 100.0 3.1E-38 3.2E-44  272.5   0.0  296   43-348    81-466 (549)
     351 tr|V8NTH6|V8NTH6_OPHHA N-arach 100.0 3.3E-38 3.4E-44  293.7   0.0  291   41-344    27-325 (785)
     352 tr|A0A0H5B8K8|A0A0H5B8K8_9MOLL 100.0 3.3E-38 3.4E-44  273.5   0.0  344    7-362    12-365 (570)
     353 tr|T1JZK3|T1JZK3_TETUR Unchara 100.0 3.4E-38 3.5E-44  272.7   0.0  313   34-350    83-404 (441)
     354 tr|A0A2B4SS31|A0A2B4SS31_STYPI 100.0 3.5E-38 3.6E-44  268.6   0.0  295   43-351    23-325 (354)
     355 tr|A0A0N0BC55|A0A0N0BC55_9HYME 100.0 3.5E-38 3.6E-44  274.5   0.0  291   42-346   205-497 (615)
     356 tr|A0A147A9P7|A0A147A9P7_FUNHE 100.0 3.5E-38 3.7E-44  274.3   0.0  286   47-345    19-346 (523)
     357 tr|A0A1S3JHZ2|A0A1S3JHZ2_LINUN 100.0 3.6E-38 3.7E-44  275.9   0.0  291   43-344   183-476 (566)
     358 tr|A0A151MLB5|A0A151MLB5_ALLMI 100.0 3.6E-38 3.7E-44  282.8   0.0  302   37-341   492-833 (839)
     359 tr|T1K8Z9|T1K8Z9_TETUR Unchara 100.0 3.6E-38 3.7E-44  270.0   0.0  289   47-347   120-419 (485)
     360 tr|A0A091DJ75|A0A091DJ75_FUKDA 100.0 3.7E-38 3.8E-44  266.6   0.0  277   49-340   107-486 (486)
     361 tr|A0A2B4SBD9|A0A2B4SBD9_STYPI 100.0 3.7E-38 3.8E-44  266.5   0.0  277   43-345    63-343 (367)
     362 tr|A0A0Q3MBC6|A0A0Q3MBC6_AMAAE 100.0 3.9E-38   4E-44  288.2   0.0  288   44-344   527-823 (838)
     363 tr|A0A1S3GY13|A0A1S3GY13_LINUN 100.0   4E-38 4.1E-44  274.7   0.0  302   39-350    77-448 (521)
     364 tr|B4MKH9|B4MKH9_DROWI Unchara 100.0 4.1E-38 4.2E-44  273.3   0.0  297   40-346    78-433 (626)
     365 GraSoiStandDraft_4_1057263.sca 100.0 4.1E-38 4.2E-44  266.4   0.0  295   44-351    64-370 (395)
     366 ERR1719270_744271              100.0 4.1E-38 4.3E-44  280.5   0.0  289   44-342    12-354 (568)
     367 tr|A0A1B3P5X7|A0A1B3P5X7_HOMAM 100.0 4.1E-38 4.3E-44  267.9   0.0  302   34-345    42-410 (452)
     368 tr|Q2V625|Q2V625_PANIN Type 1  100.0 4.4E-38 4.5E-44  280.7   0.0  308   35-351   225-629 (688)
     369 tr|A0A0P5DFU5|A0A0P5DFU5_9CRUS 100.0 4.5E-38 4.7E-44  271.5   0.0  290   40-342    70-364 (481)
     370 tr|V9I0H3|V9I0H3_TRICA CCHamid 100.0 4.9E-38 5.1E-44  267.9   0.0  302   38-348    24-336 (423)
     371 tr|A0A1V9XEV7|A0A1V9XEV7_9ACAR 100.0 4.9E-38 5.1E-44  268.1   0.0  294   43-346   135-433 (502)
     372 tr|A0A147AYJ0|A0A147AYJ0_FUNHE 100.0 5.2E-38 5.3E-44  268.4   0.0  295   39-341    27-397 (497)
     373 tr|A0A182F973|A0A182F973_ANOAL 100.0 5.2E-38 5.4E-44  272.3   0.0  298   36-344   154-506 (556)
     374 tr|W4XPQ6|W4XPQ6_STRPU Unchara 100.0 5.2E-38 5.4E-44  269.3   0.0  297   44-346   125-423 (461)
     375 tr|A0A0B2V6X7|A0A0B2V6X7_TOXCA 100.0 5.3E-38 5.5E-44  274.0   0.0  299   43-347    74-420 (491)
     376 tr|B4M0I5|B4M0I5_DROVI Unchara 100.0 5.4E-38 5.6E-44  269.6   0.0  287   44-341   107-420 (506)
     377 tr|A0A0P7UV63|A0A0P7UV63_9TELE 100.0 5.5E-38 5.7E-44  267.5   0.0  294   39-342   138-484 (486)
     378 tr|M3ZYH7|M3ZYH7_XIPMA Unchara 100.0 5.6E-38 5.9E-44  271.6   0.0  288   40-347    83-378 (397)
     379 tr|A0A1W4UDX1|A0A1W4UDX1_DROFC 100.0 5.7E-38 5.9E-44  296.3   0.0  183   46-234   482-665 (1014)
     380 tr|A0A0N8EPB2|A0A0N8EPB2_9CRUS 100.0 5.8E-38 5.9E-44  267.9   0.0  298   41-345    64-413 (544)
     381 tr|B3S346|B3S346_TRIAD Unchara 100.0   6E-38 6.3E-44  270.4   0.0  295   41-348    18-318 (365)
     382 tr|A0A0P7Y9H4|A0A0P7Y9H4_9TELE 100.0 6.1E-38 6.3E-44  270.5   0.0  289   44-343    41-338 (485)
     383 tr|T1L051|T1L051_TETUR Unchara 100.0 6.1E-38 6.3E-44  275.9   0.0  292   43-344    94-389 (598)
     384 tr|C3ZEF4|C3ZEF4_BRAFL Unchara 100.0 6.1E-38 6.3E-44  263.6   0.0  296   23-342    16-316 (319)
     385 tr|A7RF67|A7RF67_NEMVE Predict 100.0 6.1E-38 6.4E-44  268.0   0.0  295   40-349    17-319 (375)
     386 tr|A0A1S3QV31|A0A1S3QV31_SALSA 100.0 6.3E-38 6.5E-44  274.2   0.0  289   42-340    78-369 (535)
     387 tr|G1T869|G1T869_RABIT B2 brad 100.0 6.7E-38 6.9E-44  269.2   0.0  292   42-347   112-411 (446)
     388 tr|A0A0F8AXQ5|A0A0F8AXQ5_LARCR 100.0 6.7E-38   7E-44  262.9   0.0  286   43-344   115-407 (433)
     389 tr|A0A2B4SUB9|A0A2B4SUB9_STYPI 100.0 6.9E-38 7.2E-44  295.3   0.0  289   43-348     6-298 (758)
     390 tr|Q8MTW6|Q8MTW6_SPISO Putativ 100.0 7.1E-38 7.4E-44  265.8   0.0  297   39-345    33-353 (388)
     391 tr|A0A1L8F837|A0A1L8F837_XENLA 100.0 7.6E-38 7.9E-44  261.9   0.0  288   47-346    30-320 (349)
     392 tr|A0A2B4S931|A0A2B4S931_STYPI 100.0 7.7E-38 8.1E-44  274.4   0.0  283   39-346    66-350 (398)
     393 tr|M3YYC3|M3YYC3_MUSPF Melanin 100.0 7.8E-38 8.1E-44  263.3   0.0  288   39-343   110-404 (426)
     394 tr|W4XUJ0|W4XUJ0_STRPU Unchara 100.0 7.8E-38 8.1E-44  277.2   0.0  296   46-347   268-565 (591)
     395 tr|A0A2B4S7Y2|A0A2B4S7Y2_STYPI 100.0 7.9E-38 8.2E-44  271.5   0.0  294   41-345    27-324 (365)
     396 tr|A0A1I8CW77|A0A1I8CW77_9BILA 100.0   8E-38 8.3E-44  298.0   0.0  306   38-345    34-394 (2500)
     397 tr|R7TI62|R7TI62_CAPTE Unchara 100.0   8E-38 8.4E-44  270.5   0.0  285   43-339    31-359 (360)
     398 tr|A0A0M9A044|A0A0M9A044_9HYME 100.0 8.2E-38 8.4E-44  263.4   0.0  294   41-345    34-328 (489)
     399 tr|A0A088AFE3|A0A088AFE3_APIME 100.0 8.2E-38 8.5E-44  276.9   0.0  296   38-345   195-521 (576)
     400 tr|A0A0R4I9M2|A0A0R4I9M2_DANRE 100.0 8.5E-38 8.8E-44  264.9   0.0  295   43-341    43-344 (455)
     401 tr|A0A1W3JCR6|A0A1W3JCR6_CIOIN 100.0 8.6E-38 8.9E-44  262.6   0.0  333   30-374    61-407 (472)
     402 tr|M7BMC3|M7BMC3_CHEMY Histami 100.0 9.2E-38 9.6E-44  282.2   0.0  293   41-342   332-697 (709)
     403 tr|A0A2B4SUU8|A0A2B4SUU8_STYPI 100.0 9.4E-38 9.7E-44  278.3   0.0  295   41-347    19-315 (557)
     404 tr|C3ZHH0|C3ZHH0_BRAFL Unchara 100.0 9.7E-38   1E-43  258.1   0.0  304   36-347    28-335 (395)
     405 tr|A0A0P7U4C3|A0A0P7U4C3_9TELE 100.0 9.8E-38   1E-43  271.4   0.0  299   45-348   133-473 (580)
     406 tr|J9K383|J9K383_ACYPI Unchara 100.0 9.8E-38   1E-43  268.4   0.0  298   44-347    41-353 (502)
     407 ERR1712062_233158              100.0   1E-37   1E-43  271.7   0.0  303   40-354    70-380 (515)
     408 tr|A7T2F5|A7T2F5_NEMVE Predict 100.0   1E-37 1.1E-43  259.7   0.0  288   45-347     9-300 (378)
     409 SRR6218665_598958              100.0   1E-37 1.1E-43  272.0   0.0  298   39-347    79-389 (463)
     410 tr|A0A2B4RYK8|A0A2B4RYK8_STYPI 100.0 1.1E-37 1.1E-43  284.9   0.0  292   43-342    25-331 (761)
     411 tr|A0A1W0XC38|A0A1W0XC38_HYPDU 100.0 1.1E-37 1.1E-43  269.6   0.0  303   41-344    42-374 (534)
     412 tr|A0A154P9K2|A0A154P9K2_9HYME 100.0 1.1E-37 1.1E-43  268.4   0.0  292   42-343    50-388 (553)
     413 tr|F1L269|F1L269_ASCSU Neurope 100.0 1.1E-37 1.2E-43  277.2   0.0  303   39-343    76-417 (554)
     414 tr|B4LIK1|B4LIK1_DROVI Unchara 100.0 1.1E-37 1.2E-43  270.4   0.0  308   37-352    91-407 (518)
     415 tr|A0A210QL65|A0A210QL65_MIZYE 100.0 1.1E-37 1.2E-43  263.1   0.0  299   41-351    51-355 (428)
     416 tr|A0A1S3K679|A0A1S3K679_LINUN 100.0 1.1E-37 1.2E-43  266.5   0.0  308   40-354    51-366 (379)
     417 tr|A0A1U7TU97|A0A1U7TU97_TARSY 100.0 1.2E-37 1.2E-43  271.5   0.0  289   45-343    97-527 (597)
     418 tr|A0A1U7TJB8|A0A1U7TJB8_TARSY 100.0 1.2E-37 1.2E-43  269.9   0.0  291   47-347   267-566 (585)
     419 tr|A0A1S3KDE4|A0A1S3KDE4_LINUN 100.0 1.2E-37 1.2E-43  273.2   0.0  291   39-337   127-423 (537)
     420 tr|A0A194QL20|A0A194QL20_PAPMA 100.0 1.2E-37 1.2E-43  265.1   0.0  292   47-341    45-407 (517)
     421 tr|A0A218V410|A0A218V410_9PASE 100.0 1.2E-37 1.3E-43  260.5   0.0  291   41-347    98-397 (427)
     422 tr|A0A182JGG2|A0A182JGG2_9DIPT 100.0 1.2E-37 1.3E-43  283.7   0.0  300   41-344   118-428 (746)
     423 tr|F6R4F1|F6R4F1_MONDO Bombesi 100.0 1.3E-37 1.3E-43  260.8   0.0  299   45-349    50-356 (403)
     424 tr|A0A1B0GAW6|A0A1B0GAW6_GLOMM 100.0 1.3E-37 1.4E-43  285.3   0.0  311   41-355   271-738 (763)
     425 tr|A0A2B4SI88|A0A2B4SI88_STYPI 100.0 1.5E-37 1.5E-43  283.6   0.0  297   39-345   420-725 (784)
     426 tr|E0VHA7|E0VHA7_PEDHC Class A 100.0 1.6E-37 1.7E-43  265.8   0.0  307   36-352    56-448 (493)
     427 tr|A0A2B4SSZ0|A0A2B4SSZ0_STYPI 100.0 1.6E-37 1.7E-43  273.0   0.0  286   42-341    17-303 (381)
     428 tr|W5NXE0|W5NXE0_SHEEP Opioid  100.0 1.7E-37 1.7E-43  258.3   0.0  288   40-342    43-333 (431)
     429 tr|E2BFW0|E2BFW0_HARSA Cholecy 100.0 1.7E-37 1.8E-43  275.5   0.0  297   44-343    83-537 (630)
     430 tr|T1G173|T1G173_HELRO Unchara 100.0 1.7E-37 1.8E-43  259.0   0.0  293   46-348    56-380 (413)
     431 tr|A0A182Q776|A0A182Q776_9DIPT 100.0 1.7E-37 1.8E-43  279.6   0.0  193   36-233   110-305 (645)
     432 tr|S9YLJ7|S9YLJ7_CAMFR Muscari 100.0 1.8E-37 1.8E-43  279.2   0.0  193   39-234    65-261 (659)
     433 tr|A0A0U2M149|A0A0U2M149_SACKO 100.0 1.8E-37 1.9E-43  275.5   0.0  294   44-348    86-424 (774)
     434 tr|A0A2G9R7F4|A0A2G9R7F4_LITCT 100.0 1.8E-37 1.9E-43  265.0   0.0  276   40-340    46-329 (408)
     435 tr|A0A147B3Y1|A0A147B3Y1_FUNHE 100.0 1.9E-37   2E-43  277.9   0.0  317   37-374   189-506 (517)
     436 ERR1712223_23408               100.0   2E-37 2.1E-43  264.8   0.0  294   38-343    44-353 (462)
     437 tr|A0A182FPD0|A0A182FPD0_ANOAL 100.0   2E-37 2.1E-43  272.3   0.0  314   41-367   253-624 (636)
     438 tr|A0A210PNT7|A0A210PNT7_MIZYE 100.0   2E-37 2.1E-43  270.8   0.0  294   45-341    71-416 (473)
     439 tr|V8NRN8|V8NRN8_OPHHA Histami 100.0   2E-37 2.1E-43  263.6   0.0  291   40-345    14-315 (432)
     440 tr|A7RU09|A7RU09_NEMVE Predict 100.0 2.1E-37 2.2E-43  269.2   0.0  300   42-353    26-337 (476)
     441 tr|T1IQI9|T1IQI9_STRMM Unchara 100.0 2.1E-37 2.2E-43  271.0   0.0  294   40-342   123-478 (514)
     442 tr|A0A182XXT9|A0A182XXT9_ANOST 100.0 2.1E-37 2.2E-43  266.1   0.0  290   45-347    77-397 (426)
     443 tr|A0A1I8P5D7|A0A1I8P5D7_STOCA 100.0 2.2E-37 2.3E-43  281.7   0.0  183   44-231   286-472 (785)
     444 tr|A0A0R4J0Z2|A0A0R4J0Z2_MOUSE 100.0 2.3E-37 2.3E-43  257.3   0.0  286   37-338    63-351 (456)
     445 tr|A0A0V1MAM9|A0A0V1MAM9_9BILA 100.0 2.3E-37 2.3E-43  290.0   0.0  299   43-348   122-510 (1561)
     446 tr|A0A2B4S130|A0A2B4S130_STYPI 100.0 2.2E-37 2.3E-43  261.3   0.0  293   43-344    35-359 (375)
     447 tr|A0A2B4RYQ1|A0A2B4RYQ1_STYPI 100.0 2.3E-37 2.4E-43  266.2   0.0  298   44-345    48-364 (418)
     448 tr|A0A1W0W985|A0A1W0W985_HYPDU 100.0 2.4E-37 2.5E-43  259.7   0.0  321    3-338    14-348 (475)
     449 tr|A0A141CIT8|A0A141CIT8_VARDE 100.0 2.4E-37 2.5E-43  264.5   0.0  291   41-343    84-381 (461)
     450 ERR1719273_2766967             100.0 2.5E-37 2.6E-43  262.0   0.0  292   42-344   116-413 (419)
     451 tr|A0A218VDY5|A0A218VDY5_9PASE 100.0 2.5E-37 2.6E-43  264.2   0.0  288   40-343    38-330 (395)
     452 tr|A0A2B4SSA0|A0A2B4SSA0_STYPI 100.0 2.5E-37 2.6E-43  264.8   0.0  301   36-347    60-371 (423)
     453 tr|L9KFJ4|L9KFJ4_TUPCH Cholecy 100.0 2.6E-37 2.6E-43  265.2   0.0  291   37-330    36-371 (585)
     454 tr|A0A0F8CMC2|A0A0F8CMC2_LARCR 100.0 2.7E-37 2.8E-43  276.5   0.0  290   38-348   333-648 (680)
     455 tr|A0A0P6BH55|A0A0P6BH55_9CRUS 100.0 2.7E-37 2.8E-43  269.6   0.0  293   43-339   123-483 (567)
     456 tr|A0A0K0PUK6|A0A0K0PUK6_PLADU 100.0 2.7E-37 2.8E-43  264.9   0.0  299   41-348    52-367 (405)
     457 tr|Q964E5|Q964E5_GIRTI Putativ 100.0 2.7E-37 2.8E-43  261.2   0.0  299   42-344    18-320 (402)
     458 tr|C3YFL4|C3YFL4_BRAFL Unchara 100.0 2.7E-37 2.8E-43  267.0   0.0  292   36-343    87-385 (591)
     459 tr|A0A182MG56|A0A182MG56_9DIPT 100.0 2.7E-37 2.8E-43  282.6   0.0  299   43-344    99-408 (751)
     460 tr|S7PTD0|S7PTD0_MYOBR Mu-type 100.0 2.8E-37 2.9E-43  259.3   0.0  286   37-338    67-400 (489)
     461 tr|A0A0N0PF28|A0A0N0PF28_PAPXU 100.0 2.9E-37   3E-43  270.4   0.0  292   43-341   160-481 (580)
     462 tr|A0A226PTD4|A0A226PTD4_COLVI 100.0   3E-37 3.1E-43  266.6   0.0  283   45-340   113-516 (516)
     463 tr|A0A1W4YH71|A0A1W4YH71_9TELE 100.0   3E-37 3.1E-43  265.4   0.0  282   41-341    75-376 (410)
     464 tr|F6ZHC8|F6ZHC8_CIOIN Unchara 100.0 3.1E-37 3.2E-43  267.3   0.0  299   44-346    92-471 (527)
     465 tr|A0A1S3K8V1|A0A1S3K8V1_LINUN 100.0 3.3E-37 3.4E-43  261.8   0.0  298   45-345    73-405 (485)
     466 tr|A0A1V4KM91|A0A1V4KM91_PATFA 100.0 3.4E-37 3.5E-43  264.4   0.0  310   44-356   159-482 (526)
     467 tr|A0A0N8EK17|A0A0N8EK17_9CRUS 100.0 3.5E-37 3.6E-43  273.3   0.0  296   45-345    56-371 (664)
     468 tr|A0A2D0Q8S1|A0A2D0Q8S1_ICTPU 100.0 3.6E-37 3.7E-43  271.6   0.0  292   41-342    66-465 (477)
     469 KBSSwiStaDraftv2_1062776.scaff 100.0 3.6E-37 3.8E-43  267.9   0.0  291   38-343   139-434 (436)
     470 tr|T1FXW9|T1FXW9_HELRO Unchara 100.0 3.7E-37 3.8E-43  267.0   0.0  293   43-342   154-454 (510)
     471 tr|A0A0P7UKW1|A0A0P7UKW1_9TELE 100.0 3.9E-37 4.1E-43  267.7   0.0  278   41-337    87-374 (448)
     472 tr|K1PQQ9|K1PQQ9_CRAGI Pyroglu 100.0 4.1E-37 4.2E-43  261.1   0.0  298   39-346    70-382 (406)
     473 tr|A7T260|A7T260_NEMVE Predict 100.0 4.3E-37 4.5E-43  259.4   0.0  300   40-369    26-325 (349)
     474 tr|A0A1S3T4I1|A0A1S3T4I1_SALSA 100.0 4.5E-37 4.6E-43  281.4   0.0  299   41-343    40-441 (675)
     475 tr|A0A1S3J6Z0|A0A1S3J6Z0_LINUN 100.0 4.5E-37 4.7E-43  264.7   0.0  300   38-345    43-348 (464)
     476 tr|A0A154P9X5|A0A154P9X5_9HYME 100.0 4.7E-37 4.8E-43  279.1   0.0  297   41-339    27-357 (692)
     477 tr|A0A0A1XIV8|A0A0A1XIV8_ZEUCU 100.0 4.7E-37 4.9E-43  277.9   0.0  294   43-343    82-379 (796)
     478 tr|A0A1B3P987|A0A1B3P987_CANBE 100.0 4.7E-37 4.9E-43  268.0   0.0  299   42-351   107-467 (476)
     479 tr|A0A0L8GS86|A0A0L8GS86_OCTBM 100.0 4.8E-37 4.9E-43  259.1   0.0  295   39-344    88-475 (489)
     480 tr|A0A0L0BR86|A0A0L0BR86_LUCCU 100.0   5E-37 5.2E-43  271.1   0.0  293   37-341   241-567 (614)
     481 tr|F6WB19|F6WB19_MONDO Adrenoc 100.0 5.1E-37 5.2E-43  264.4   0.0  294   46-347   135-474 (569)
     482 tr|A0A1W0XEP8|A0A1W0XEP8_HYPDU 100.0   5E-37 5.2E-43  264.9   0.0  302   41-347    63-374 (440)
     483 tr|A0A091E4L4|A0A091E4L4_FUKDA 100.0 5.1E-37 5.3E-43  279.9   0.0  288   39-341   728-1018(1054)
     484 tr|A7RMD8|A7RMD8_NEMVE Predict 100.0 5.1E-37 5.3E-43  256.9   0.0  292   44-346    22-326 (357)
     485 tr|A0A087X8Q0|A0A087X8Q0_POEFO 100.0 5.3E-37 5.5E-43  266.9   0.0  292   47-348    11-314 (456)
     486 tr|I3KN17|I3KN17_ORENI Adrenoc 100.0 5.6E-37 5.8E-43  259.5   0.0  297   40-347   124-458 (517)
     487 tr|T1H8Z5|T1H8Z5_RHOPR Unchara 100.0 5.9E-37 6.1E-43  261.8   0.0  291   42-344    83-384 (490)
     488 GraSoiStandDraft_28_1057319.sc 100.0 6.2E-37 6.5E-43  260.8   0.0  287   46-341    38-332 (333)
     489 tr|A0A210QHU6|A0A210QHU6_MIZYE 100.0 6.4E-37 6.7E-43  262.7   0.0  300   43-348    76-384 (448)
     490 tr|A0A1W0WKL8|A0A1W0WKL8_HYPDU 100.0 6.4E-37 6.7E-43  281.7   0.0  186   44-233    91-292 (679)
     491 tr|A0A182P8Z5|A0A182P8Z5_9DIPT 100.0 6.5E-37 6.7E-43  266.1   0.0  331   10-348    87-427 (503)
     492 tr|B4N4F8|B4N4F8_DROWI Unchara 100.0 6.8E-37 7.1E-43  279.7   0.0  194   36-234   121-317 (639)
     493 tr|A0A0A7DQA3|A0A0A7DQA3_PINFU 100.0   7E-37 7.2E-43  268.0   0.0  290   43-344    83-468 (471)
     494 tr|A0A151P2Y8|A0A151P2Y8_ALLMI 100.0 7.1E-37 7.4E-43  273.0   0.0  283   40-344   299-590 (615)
     495 tr|T1E1B3|T1E1B3_CUPSA Putativ 100.0 7.3E-37 7.5E-43  259.9   0.0  286   43-340    29-316 (488)
     496 tr|B3LYB5|B3LYB5_DROAN Unchara 100.0 7.7E-37   8E-43  267.6   0.0  290   40-341   127-449 (567)
     497 ERR1712223_125737              100.0 7.8E-37   8E-43  269.4   0.0  289   43-345    78-412 (585)
     498 tr|A0A0P7VFP4|A0A0P7VFP4_9TELE 100.0 8.1E-37 8.4E-43  268.3   0.0  298   44-347   227-538 (579)
     499 tr|A0A091DBP5|A0A091DBP5_FUKDA 100.0 8.1E-37 8.4E-43  284.8   0.0  280   40-341   580-866 (894)
     500 tr|A0A1D2MLL8|A0A1D2MLL8_ORCCI 100.0 8.2E-37 8.4E-43  257.5   0.0  295   44-344    93-395 (441)
     
  > Uniprot already searched, skipping.
> Running chain B
  > Uniref90 already searched, skipping.
  > Mgnify already searched, skipping.
  > Running hhblits on bfd_uniref30
- 11:35:43.446 INFO: Searching 65983866 column state sequences.

- 11:35:44.423 INFO: Searching 29291635 column state sequences.

- 11:35:44.457 INFO: kissr_rat-1284/msas/B/chain_B.fasta is in A2M, A3M or FASTA format

- 11:35:44.457 INFO: Iteration 1

- 11:35:44.471 INFO: Prefiltering database

- 11:36:22.274 INFO: HMMs passed 1st prefilter (gapless profile-profile alignment)  : 35512

- 11:36:40.248 INFO: HMMs passed 1st prefilter (gapless profile-profile alignment)  : 48169

- 11:36:40.285 INFO: HMMs passed 2nd prefilter (gapped profile-profile alignment)   : 104

- 11:36:40.285 INFO: HMMs passed 2nd prefilter and not found in previous iterations : 104

- 11:36:40.285 INFO: Scoring 104 HMMs using HMM-HMM Viterbi alignment

- 11:36:40.323 INFO: Alternative alignment: 0

- 11:36:40.465 INFO: 104 alignments done

- 11:36:40.465 INFO: Alternative alignment: 1

- 11:36:40.469 INFO: 101 alignments done

- 11:36:40.469 INFO: Alternative alignment: 2

- 11:36:40.469 INFO: Alternative alignment: 3

- 11:36:40.551 INFO: Premerge done

- 11:36:40.551 INFO: Realigning 104 HMM-HMM alignments using Maximum Accuracy algorithm

- 11:36:40.574 INFO: 28 sequences belonging to 28 database HMMs found with an E-value < 0.001

- 11:36:40.574 INFO: Number of effective sequences of resulting query HMM: Neff = 3.33061

- 11:36:40.578 INFO: Iteration 2

- 11:36:40.578 INFO: Set premerge to 0! (premerge: 3 iteration: 2 hits.Size: 25)

- 11:36:40.582 INFO: Prefiltering database

- 11:37:10.568 INFO: HMMs passed 1st prefilter (gapless profile-profile alignment)  : 22120

- 11:37:25.092 INFO: HMMs passed 1st prefilter (gapless profile-profile alignment)  : 31581

- 11:37:25.118 INFO: HMMs passed 2nd prefilter (gapped profile-profile alignment)   : 74

- 11:37:25.118 INFO: HMMs passed 2nd prefilter and not found in previous iterations : 49

- 11:37:25.118 INFO: Scoring 49 HMMs using HMM-HMM Viterbi alignment

- 11:37:25.162 INFO: Alternative alignment: 0

- 11:37:25.165 INFO: 49 alignments done

- 11:37:25.165 INFO: Alternative alignment: 1

- 11:37:25.166 INFO: 44 alignments done

- 11:37:25.166 INFO: Alternative alignment: 2

- 11:37:25.166 INFO: Alternative alignment: 3

- 11:37:25.182 INFO: Realigning 46 HMM-HMM alignments using Maximum Accuracy algorithm

- 11:37:25.197 INFO: 35 sequences belonging to 35 database HMMs found with an E-value < 0.001

- 11:37:25.197 INFO: Number of effective sequences of resulting query HMM: Neff = 3.3727

- 11:37:25.202 INFO: Iteration 3

- 11:37:25.210 INFO: Prefiltering database

- 11:37:59.832 INFO: HMMs passed 1st prefilter (gapless profile-profile alignment)  : 25826

- 11:38:15.293 INFO: HMMs passed 1st prefilter (gapless profile-profile alignment)  : 37617

- 11:38:15.322 INFO: HMMs passed 2nd prefilter (gapped profile-profile alignment)   : 86

- 11:38:15.322 INFO: HMMs passed 2nd prefilter and not found in previous iterations : 54

- 11:38:15.322 INFO: Scoring 54 HMMs using HMM-HMM Viterbi alignment

- 11:38:15.355 INFO: Alternative alignment: 0

- 11:38:15.358 INFO: 54 alignments done

- 11:38:15.358 INFO: Alternative alignment: 1

- 11:38:15.360 INFO: 49 alignments done

- 11:38:15.361 INFO: Alternative alignment: 2

- 11:38:15.361 INFO: Alternative alignment: 3

- 11:38:15.377 INFO: Rescoring previously found HMMs with Viterbi algorithm

- 11:38:15.402 INFO: Alternative alignment: 0

- 11:38:15.403 INFO: 32 alignments done

- 11:38:15.403 INFO: Alternative alignment: 1

- 11:38:15.405 INFO: 32 alignments done

- 11:38:15.405 INFO: Alternative alignment: 2

- 11:38:15.405 INFO: Alternative alignment: 3

- 11:38:15.421 INFO: Premerge done

- 11:38:15.421 INFO: Realigning 84 HMM-HMM alignments using Maximum Accuracy algorithm

- 11:38:15.439 INFO: 35 sequences belonging to 35 database HMMs found with an E-value < 0.001

- 11:38:15.439 INFO: Number of effective sequences of resulting query HMM: Neff = 3.3727

     Query         kisspeptin-13 gtp:1284
     Match_columns 13
     No_of_seqs    36 out of 214
     Neff          3.3727
     Searched_HMMs 142
     Date          Wed Mar  8 11:38:15 2023
     Command       hhblits -i kissr_rat-1284/msas/B/chain_B.fasta -cpu 4 -maxmem 20 -oa3m /projects/ilfgrid/people/nqz918/code/deorph/scripts/af_arman/af_jobs_af23/kissr_rat/1284//kissr_rat-1284/msas/B/bfd_uniref_hits.a3m -o /dev/null -n 3 -e 0.001 -maxseq 1000000 -realign_max 100000 -maxfilt 100000 -min_prefilter_hits 1000 -d /projects/ilfgrid/data/alphafold-genetic-databases///bfd/bfd_metaclust_clu_complete_id30_c90_final_seq.sorted_opt -d /projects/ilfgrid/data/alphafold-genetic-databases///uniref30/UniRef30_2021_03 
     
      No Hit                             Prob E-value P-value  Score    SS Cols Query HMM  Template HMM
       1 UniRef100_A0A140HPB7 Kisspepti  98.3 1.7E-08 2.4E-14   56.1   0.0   13    1-13    169-181 (228)
       2 UniRef100_A0A509GM05 Kiss1 met  97.8 8.5E-07 9.6E-13   48.3   0.0   13    1-13    108-120 (147)
       3 UniRef100_A0A077EWU9 Kisspepti  97.7 8.7E-07 1.4E-12   46.9   0.0   13    1-13    101-113 (139)
       4 UniRef100_A0A0S3J4N9 KISS1 n=1  97.7   2E-06 2.3E-12   46.9   0.0   13    1-13    113-125 (145)
       5 UniRef100_A0A3L7HKU6 KISS1 n=1  97.7 2.2E-06 2.5E-12   49.3   0.0   13    1-13    219-231 (247)
       6 tr|A0A2F0AYQ1|A0A2F0AYQ1_ESCRO  97.6 2.6E-06 2.8E-12   47.2   0.0   13    1-13    136-148 (166)
       7 UniRef100_A0A2H1X945 Kisspepti  97.6 3.4E-06 4.2E-12   45.9   0.0   12    2-13    121-132 (143)
       8 UniRef100_UPI00032AE5D1 metast  97.5 5.4E-06 5.7E-12   44.9   0.0   13    1-13     83-95  (132)
       9 UniRef100_A0A6J3R123 metastasi  97.5   6E-06 6.8E-12   47.7   0.0   13    1-13    213-225 (246)
      10 UniRef100_A0A3Q7RPK0 metastasi  97.4 8.7E-06   1E-11   46.4   0.0   13    1-13    168-180 (214)
      11 UniRef100_A0A674K4V3 Uncharact  97.4 1.3E-05 1.5E-11   45.2   0.0   13    1-13    158-170 (186)
      12 UniRef100_A0A2F0AYQ1 Metastasi  97.3 1.7E-05 1.7E-11   44.3   0.0   13    1-13    136-148 (166)
      13 tr|A0A288PH14|A0A288PH14_ALLSI  97.3 1.8E-05   2E-11   43.3   0.0   13    1-13    111-123 (138)
      14 UniRef100_B6IDD9 Kisspeptin (F  97.3   2E-05 2.1E-11   43.0   0.0   13    1-13    104-116 (131)
      15 UniRef100_A0A6P8PHU8 metastasi  97.3 2.1E-05 2.4E-11   42.9   0.0   13    1-13    107-119 (134)
      16 UniRef100_J9NWZ9 Kisspeptin n=  97.3 2.2E-05 2.4E-11   42.0   0.0   13    1-13     68-80  (111)
      17 UniRef100_UPI000854E4BC metast  97.3 2.6E-05 2.7E-11   43.3   0.0   13    1-13    128-140 (154)
      18 UniRef100_A0A3Q0CWZ5 metastasi  97.2 3.2E-05 3.3E-11   43.7   0.0   13    1-13    153-165 (180)
      19 tr|A0A0A7LYX4|A0A0A7LYX4_SEBSC  97.2   3E-05 3.7E-11   41.2   0.0   13    1-13     91-103 (109)
      20 UniRef100_A0A2K6FRM3 Uncharact  97.2 3.4E-05 3.8E-11   43.5   0.0   13    1-13    108-120 (176)
      21 UniRef100_A0A4W3JE04 Uncharact  97.1 5.5E-05 5.7E-11   41.3   0.0   12    2-13    106-117 (127)
      22 UniRef100_A0A401SVB3 Uncharact  97.1   6E-05 6.2E-11   39.6   0.0   12    2-13     72-83  (93)
      23 tr|A0A0D3LNQ5|A0A0D3LNQ5_LABRO  97.0   8E-05 9.4E-11   40.2   0.0   12    2-13     87-98  (116)
      24 UniRef100_UPI00155648A6 metast  97.0 0.00011 1.1E-10   43.0   0.0   13    1-13    209-221 (236)
      25 UniRef100_A0A0A0N478 Kisspepti  96.9 0.00015 1.8E-10   39.2   0.0   12    2-13     93-104 (116)
      26 UniRef100_A0A5F9D1Z3 Uncharact  96.8 0.00022 2.3E-10   42.0   0.0   12    2-13    216-227 (244)
      27 tr|A0A096N8I4|A0A096N8I4_PAPAN  96.8  0.0002 2.4E-10   40.6   0.0   13    1-13    131-143 (176)
      28 UniRef100_A0A7E6CZT4 metastasi  96.7 0.00041 4.6E-10   42.1   0.0   13    1-13    272-284 (329)
      29 UniRef100_A0A0M4IU70 Kisspepti  96.6 0.00067 6.9E-10   38.0   0.0   12    2-13    111-122 (143)
      30 UniRef100_A0A0M4J2Q6 Kisspepti  96.5 0.00069 7.1E-10   33.6   0.0   12    2-13     33-44  (54)
      31 UniRef100_A0A0G2STS1 Kisspepti  96.5 0.00063 7.2E-10   37.1   0.0   12    2-13     85-96  (114)
      32 UniRef100_A0A096N8I4 KiSS-1 me  96.2  0.0021 2.4E-09   36.3   0.0   12    2-13    110-121 (144)
      33 UniRef100_M7B5Q8 Angiotensinog  96.2  0.0024 2.4E-09   43.5   0.0   13    1-13    879-891 (1327)
      34 UniRef100_A0A087WP13 Pleckstri  96.0  0.0035 4.6E-09   43.4   0.0   13    1-13   1499-1511(1532)
      35 UniRef100_A0A3B4C3H0 Uncharact  95.5   0.015 1.6E-08   34.0   0.0   12    2-13    160-171 (173)
      36 UniRef100_UPI001A980EB2 unchar  95.1   0.031 3.1E-08   34.0   0.0   12    2-13    225-236 (238)
      37 UniRef100_A0A5A9NED9 Uncharact  94.1    0.13 1.3E-07   31.1   0.0   12    2-13     85-96  (196)
      38 UniRef100_A0A3Q1CSB6 Uncharact  94.0    0.14 1.4E-07   29.7   0.0   13    1-13    121-133 (135)
      39 UniRef100_A0A0M4J2I8 Kisspepti  93.7    0.19 1.9E-07   27.1   0.0   12    2-13     34-45  (74)
      40 UniRef100_A0A7S8IX37 Kisspepti  93.7    0.19   2E-07   26.6   0.0   10    4-13     39-48  (66)
      41 UniRef100_A0A1R3GPB8 Uncharact  93.1     0.3 3.1E-07   23.6   0.0   12    2-13      5-16  (35)
      42 UniRef100_X0V858 Uncharacteriz  93.1    0.32 3.3E-07   23.2   0.0   12    2-13      2-13  (32)
      43 SRR6266404_2292683              92.7    0.35 4.3E-07   29.2   0.0   12    1-12     17-28  (180)
      44 UniRef100_UPI0007403DE6 unchar  92.5    0.46 4.8E-07   27.1   0.0   12    2-13     67-78  (107)
      45 UniRef100_G8DU24 Transposase n  91.6    0.79 8.1E-07   24.2   0.0   10    3-12     25-34  (57)
      46 UniRef100_A0A2P2PHD6 Uncharact  91.5    0.83 8.5E-07   23.5   0.0    8    4-11      2-9   (48)
      47 UniRef100_A0A3N0YID0 Vesicle t  91.1    0.99   1E-06   30.0   0.0   12    2-13    210-221 (413)
      48 UniRef100_A0A553RI55 Uncharact  90.4     1.4 1.4E-06   27.9   0.0   11    3-13    201-211 (227)
      49 SRR2546426_769539               89.9     1.4 1.7E-06   26.9   0.0   11    2-12     16-26  (173)
      50 UniRef100_A0A1L8FNG4 Uncharact  89.9     1.7 1.7E-06   25.8   0.0   11    3-13     82-92  (129)
      51 UniRef100_A0A4Z2EEZ6 Uncharact  89.8     1.7 1.8E-06   25.4   0.0   12    2-13    101-112 (114)
      52 UniRef100_A0A1V6EZA7 Uncharact  89.6     1.8 1.9E-06   27.9   0.0   11    3-13    175-185 (273)
      53 UniRef100_A0A6V7HP49 Uncharact  89.5     1.9   2E-06   19.3   0.0   10    2-11      5-14  (20)
      54 UniRef100_UPI0004572AD4 metast  89.3     2.1 2.1E-06   25.5   0.0   12    2-13    102-113 (131)
      55 UniRef100_A0A1E4QD29 Uncharact  89.2     2.1 2.2E-06   21.7   0.0   10    3-12     18-27  (41)
      56 UniRef100_A0A6I8Q999 Uncharact  89.2     2.1 2.2E-06   26.1   0.0   11    3-13    110-120 (157)
      57 UniRef100_V8NH91 Uncharacteriz  88.9     2.3 2.4E-06   26.7   0.0   12    2-13    146-157 (204)
      58 SRR6185312_5934877              88.6     2.1 2.7E-06   26.6   0.0   10    3-12     47-56  (199)
      59 UniRef100_R7IA68 Anaerobic c4-  88.3     2.8 2.9E-06   25.6   0.0   11    2-12      3-13  (156)
      60 UniRef100_A0A151XIQ6 Uncharact  86.6     4.4 4.5E-06   21.2   0.0   10    2-11     27-36  (47)
      61 UniRef100_A0A1J3E6L2 Protein N  86.3     4.7 4.8E-06   23.4   0.0   10    2-11     31-40  (98)
      62 UniRef100_A0A0B1TNW1 Uncharact  85.8     5.2 5.3E-06   25.1   0.0   12    2-13    128-139 (178)
      63 UniRef100_A0A4Q9DI64 Uncharact  85.6     5.4 5.6E-06   23.9   0.0    9    2-10     35-43  (122)
      64 UniRef100_M2A579 Uncharacteriz  85.4     5.6 5.8E-06   20.6   0.0   11    2-12     18-28  (43)
      65 UniRef100_A0A1A8P5G5 Uncharact  84.7     5.9 6.7E-06   23.0   0.0   12    2-13     49-60  (95)
      66 UniRef100_A0A7N1A9P3 Uncharact  84.6     6.7 6.9E-06   22.3   0.0    9    2-10     14-22  (81)
      67 UniRef100_G7M145 Uncharacteriz  84.3     7.1 7.3E-06   24.6   0.0   11    2-12     45-55  (182)
      68 UniRef100_A0A0B2URK4 ANF_recep  83.7     7.8   8E-06   24.4   0.0   12    2-13     35-46  (174)
      69 UniRef100_UPI000FDE1D8F hypoth  82.0      10 1.1E-05   22.9   0.0   10    3-12     42-51  (120)
      70 UniRef100_UPI000A5BBCFC hypoth  81.0      12 1.2E-05   20.2   0.0   11    2-12     43-53  (53)
      71 UniRef100_A0A167NKC4 Alpha-gal  79.9      14 1.4E-05   24.6   0.0   10    3-12     33-42  (262)
      72 UniRef100_A0A3M7PV31 Uncharact  79.2      15 1.6E-05   22.2   0.0   10    1-10     36-45  (116)
      73 UniRef100_A0A4Q5NQ23 CapA fami  79.0      16 1.6E-05   25.9   0.0   12    2-13    418-429 (484)
      74 UniRef100_A0A1V5GG68 Uncharact  78.8      16 1.7E-05   22.2   0.0   10    2-11     38-47  (118)
      75 UniRef100_A0A2V1B2N3 Uncharact  77.4      19 1.9E-05   21.1   0.0   11    1-11     41-51  (88)
      76 UniRef100_A0A7Y3M7W7 Uncharact  77.4      19   2E-05   23.3   0.0   11    2-12     52-62  (196)
      77 UniRef100_A0A3B4DQ90 Uncharact  76.1      22 2.3E-05   23.6   0.0    7    2-8     217-223 (244)
      78 UniRef100_A0A0C2W9B4 Uncharact  68.7      44 4.5E-05   20.0   0.0   10    2-11     45-54  (93)
      79 UniRef100_UPI0003F067B5 galact  66.7      52 5.3E-05   23.9   0.0   11    2-12     36-46  (489)
      80 UniRef100_A0A7E4S3N7 Uncharact  65.3      58 5.9E-05   20.3   0.0   10    3-12     68-77  (119)
      81 UniRef100_A0A2K4X400 Uncharact  62.9      69 7.1E-05   18.0   0.0   11    2-12     22-32  (56)
      82 UniRef100_A0A387BGQ8 ABC trans  62.9      69 7.1E-05   21.7   0.0   11    2-12    125-135 (237)
      83 UniRef100_A0A1V4Z7K1 Uncharact  52.6 1.4E+02 0.00014   20.0   0.0   10    3-12      6-15  (179)
      84 UniRef100_A0A7S4LC52 Hypotheti  29.2 5.6E+02 0.00058   16.9   0.0   11    2-12     32-42  (120)
     
  > Uniprot already searched, skipping.

>> Job finished at: Wed Mar  8 11:38:18 CET 2023

>> Runtime: 1151 s
