>> Job started at: Thu Feb 23 11:51:09 CET 2023
   On Machine:     ilfgridgpun01fl.unicph.domain
   In directory:   /projects/ilfgrid/people/nqz918/code/deorph/scripts/af_arman/af_jobs_af23/grpr_mouse/613

>> GPU is 

> Running 'prep_MSAs.sh'
  > Alphafold-DB directory is set to /projects/ilfgrid/data/alphafold-genetic-databases//
  > Number of cores was set to set to 2
  > Max memory set to 20 GB
  > Output directory was set to /projects/ilfgrid/people/nqz918/code/deorph/scripts/af_arman/af_jobs_af23/grpr_mouse/613/
  > Input fastafile was set to /projects/ilfgrid/people/nqz918/code/deorph/scripts/af_arman/af_jobs_af23/grpr_mouse/613/grpr_mouse-613.fasta
> Splitting fastafile
> Running chain A
  > Uniref90 already searched, skipping.
  > Mgnify already searched, skipping.
  > Running hhblits on bfd_uniref30
- 11:51:32.693 INFO: Searching 65983866 column state sequences.

- 11:51:34.094 INFO: Searching 29291635 column state sequences.

- 11:51:34.136 INFO: grpr_mouse-613/msas/A/chain_A.fasta is in A2M, A3M or FASTA format

- 11:51:34.137 INFO: Iteration 1

- 11:51:34.392 INFO: Prefiltering database

- 11:54:18.952 INFO: HMMs passed 1st prefilter (gapless profile-profile alignment)  : 1317367

- 11:55:31.343 INFO: HMMs passed 1st prefilter (gapless profile-profile alignment)  : 737441

- 11:55:35.982 INFO: HMMs passed 2nd prefilter (gapped profile-profile alignment)   : 30363

- 11:55:35.982 INFO: HMMs passed 2nd prefilter and not found in previous iterations : 30363

- 11:55:35.982 INFO: Scoring 30363 HMMs using HMM-HMM Viterbi alignment

- 11:55:36.019 INFO: Alternative alignment: 0

- 11:55:37.758 INFO: 2000 alignments done

- 11:55:39.184 INFO: 4000 alignments done

- 11:55:40.759 INFO: 6000 alignments done

- 11:55:42.994 INFO: 8000 alignments done

- 11:55:59.862 INFO: 10000 alignments done

- 11:56:16.634 INFO: 12000 alignments done

- 11:56:42.510 INFO: 14000 alignments done

- 11:56:58.772 INFO: 16000 alignments done

- 11:57:10.183 INFO: 18000 alignments done

- 11:57:23.437 INFO: 20000 alignments done

- 11:57:38.315 INFO: 22000 alignments done

- 11:58:22.013 INFO: 24000 alignments done

- 11:58:45.408 INFO: 26000 alignments done

- 11:59:09.987 INFO: 28000 alignments done

- 11:59:28.369 INFO: 30000 alignments done

- 11:59:31.841 INFO: 30363 alignments done

- 11:59:31.843 INFO: Alternative alignment: 1

- 12:00:54.601 INFO: 30323 alignments done

- 12:00:54.678 INFO: Alternative alignment: 2

- 12:01:10.772 INFO: 5323 alignments done

- 12:01:10.849 INFO: Alternative alignment: 3

- 12:01:11.971 INFO: 788 alignments done

- 12:01:13.228 INFO: Premerge done

- 12:01:13.229 INFO: Realigning 13428 HMM-HMM alignments using Maximum Accuracy algorithm

- 12:03:03.882 INFO: 13431 sequences belonging to 13431 database HMMs found with an E-value < 0.001

- 12:03:03.883 INFO: Number of effective sequences of resulting query HMM: Neff = 10.9457

- 12:03:04.099 INFO: Iteration 2

- 12:03:04.099 INFO: Set premerge to 0! (premerge: 3 iteration: 2 hits.Size: 13428)

- 12:03:04.361 INFO: Prefiltering database

- 12:05:35.238 INFO: HMMs passed 1st prefilter (gapless profile-profile alignment)  : 5585152

- 12:07:22.157 INFO: HMMs passed 1st prefilter (gapless profile-profile alignment)  : 2570648

- 12:07:39.548 INFO: HMMs passed 2nd prefilter (gapped profile-profile alignment)   : 87235

- 12:07:39.548 INFO: HMMs passed 2nd prefilter and not found in previous iterations : 74078

- 12:07:39.548 INFO: Scoring 74078 HMMs using HMM-HMM Viterbi alignment

- 12:07:39.571 INFO: Alternative alignment: 0

- 12:07:41.096 INFO: 2000 alignments done

- 12:07:42.262 INFO: 4000 alignments done

- 12:07:43.371 INFO: 6000 alignments done

- 12:07:44.487 INFO: 8000 alignments done

- 12:08:10.642 INFO: 10000 alignments done

- 12:08:42.718 INFO: 12000 alignments done

- 12:09:13.731 INFO: 14000 alignments done

- 12:09:13.734 INFO: Stop after DB-HHM: 14000 because early stop  13.8607 < filter cutoff 20

- 12:09:13.734 INFO: Alternative alignment: 1

- 12:09:20.504 INFO: 8893 alignments done

- 12:09:20.520 INFO: Alternative alignment: 2

- 12:09:21.306 INFO: 755 alignments done

- 12:09:21.306 INFO: Alternative alignment: 3

- 12:09:21.476 INFO: 117 alignments done

- 12:09:21.568 INFO: Realigning 4810 HMM-HMM alignments using Maximum Accuracy algorithm

- 12:09:50.397 INFO: 18241 sequences belonging to 18241 database HMMs found with an E-value < 0.001

- 12:09:50.397 INFO: Number of effective sequences of resulting query HMM: Neff = 11.3179

- 12:09:50.489 INFO: Iteration 3

- 12:09:50.713 INFO: Prefiltering database

- 12:21:01.978 INFO: HMMs passed 1st prefilter (gapless profile-profile alignment)  : 5397539

- 12:22:45.457 INFO: HMMs passed 1st prefilter (gapless profile-profile alignment)  : 2358208

- 12:23:02.639 INFO: HMMs passed 2nd prefilter (gapped profile-profile alignment)   : 92906

- 12:23:02.639 INFO: HMMs passed 2nd prefilter and not found in previous iterations : 75015

- 12:23:02.639 INFO: Scoring 75015 HMMs using HMM-HMM Viterbi alignment

- 12:23:02.663 INFO: Alternative alignment: 0

- 12:23:32.371 INFO: 2000 alignments done

- 12:24:09.190 INFO: 4000 alignments done

- 12:24:52.959 INFO: 6000 alignments done

- 12:25:43.874 INFO: 8000 alignments done

- 12:26:35.892 INFO: 10000 alignments done

- 12:26:35.905 INFO: Stop after DB-HHM: 10000 because early stop  12.0736 < filter cutoff 20

- 12:26:35.905 INFO: Alternative alignment: 1

- 12:27:25.850 INFO: 4692 alignments done

- 12:27:25.857 INFO: Alternative alignment: 2

- 12:27:26.989 INFO: 498 alignments done

- 12:27:26.990 INFO: Alternative alignment: 3

- 12:27:27.263 INFO: 87 alignments done

- 12:27:27.377 INFO: Rescoring previously found HMMs with Viterbi algorithm

- 12:27:27.418 INFO: Alternative alignment: 0

- 12:28:41.552 INFO: 2000 alignments done

- 12:29:38.762 INFO: 4000 alignments done

- 12:30:31.547 INFO: 6000 alignments done

- 12:31:24.861 INFO: 8000 alignments done

- 12:32:07.315 INFO: 10000 alignments done

- 12:32:54.486 INFO: 12000 alignments done

- 12:33:35.315 INFO: 14000 alignments done

- 12:34:13.724 INFO: 16000 alignments done

- 12:34:45.081 INFO: 17890 alignments done

- 12:34:45.110 INFO: Alternative alignment: 1

- 12:36:23.491 INFO: 17890 alignments done

- 12:36:23.552 INFO: Alternative alignment: 2

- 12:36:25.680 INFO: 1238 alignments done

- 12:36:25.681 INFO: Alternative alignment: 3

- 12:36:25.929 INFO: 184 alignments done

- 12:36:26.178 INFO: Premerge done

- 12:36:26.179 INFO: Realigning 18509 HMM-HMM alignments using Maximum Accuracy algorithm

- 12:37:50.149 INFO: 18601 sequences belonging to 18601 database HMMs found with an E-value < 0.001

- 12:37:50.149 INFO: Number of effective sequences of resulting query HMM: Neff = 11.4101

     Query         grpr_mouse P21729
     Match_columns 384
     No_of_seqs    1435 out of 227274
     Neff          11.4101
     Searched_HMMs 97376
     Date          Thu Feb 23 12:37:50 2023
     Command       hhblits -i grpr_mouse-613/msas/A/chain_A.fasta -cpu 2 -maxmem 20 -oa3m /projects/ilfgrid/people/nqz918/code/deorph/scripts/af_arman/af_jobs_af23/grpr_mouse/613//grpr_mouse-613/msas/A/bfd_uniref_hits.a3m -o /dev/null -n 3 -e 0.001 -maxseq 1000000 -realign_max 100000 -maxfilt 100000 -min_prefilter_hits 1000 -d /projects/ilfgrid/data/alphafold-genetic-databases///bfd/bfd_metaclust_clu_complete_id30_c90_final_seq.sorted_opt -d /projects/ilfgrid/data/alphafold-genetic-databases///uniref30/UniRef30_2021_03 
     
      No Hit                             Prob E-value P-value  Score    SS Cols Query HMM  Template HMM
       1 UniRef100_A0A1S3AR81 gastrin-r 100.0   6E-65 6.1E-71  411.5   0.0  383    1-384     4-387 (410)
       2 UniRef100_A0A087QXE5 Gastrin-r 100.0 4.6E-64 4.7E-70  415.2   0.0  384    1-384    99-485 (570)
       3 tr|G1KTG8|G1KTG8_ANOCA Gastrin 100.0 3.4E-61 3.4E-67  390.4   0.0  378    1-378    53-432 (435)
       4 UniRef100_A0A060X0J2 G_PROTEIN 100.0 4.4E-56 4.5E-62  373.3   0.0  382    1-384    90-475 (554)
       5 UniRef100_A0A6P4Z4S7 G-protein 100.0 2.2E-53 2.2E-59  366.6   0.0  300   38-346    56-355 (417)
       6 UniRef100_A0A1S3HKE5 allatosta 100.0 1.9E-52 1.9E-58  357.9   0.0  297   39-343    80-376 (462)
       7 UniRef100_A0A024FLF0 PQRFa pep 100.0 5.5E-52 5.5E-58  356.0   0.0  299   38-342    46-346 (413)
       8 UniRef100_A0A023F675 Putative  100.0 2.1E-51 2.2E-57  358.2   0.0  299   37-343   122-420 (530)
       9 UniRef100_A0A0K0PUR1 Orphan G- 100.0 2.9E-51 2.9E-57  353.9   0.0  299   36-339   109-408 (530)
      10 tr|A0A2C9JWF9|A0A2C9JWF9_BIOGL 100.0 3.3E-51 3.3E-57  345.2   0.0  305   40-348    64-371 (403)
      11 UniRef100_A0A026X3T6 Allatosta 100.0 8.6E-51 8.7E-57  348.1   0.0  291   40-345   138-428 (540)
      12 UniRef100_A0A0K0PUT9 Excitator 100.0 1.1E-50 1.1E-56  348.5   0.0  301   38-345   100-404 (474)
      13 tr|A0A091D403|A0A091D403_FUKDA 100.0 1.1E-50 1.1E-56  345.2   0.0  381    1-384     1-400 (648)
      14 UniRef100_A0A2B4S7K2 Histamine 100.0   2E-50   2E-56  339.9   0.0  297   32-342    23-327 (369)
      15 UniRef100_A0A0K0PUL8 Allatosta 100.0 3.1E-50 3.1E-56  336.0   0.0  300   36-343    45-345 (396)
      16 UniRef100_A0A6P4Y4T1 galanin r 100.0   7E-50 7.1E-56  332.5   0.0  298   40-345    57-354 (410)
      17 UniRef100_A0A1N7TCF1 Galanin r 100.0   1E-49   1E-55  332.0   0.0  294   39-345    69-363 (407)
      18 UniRef100_A0A0K0PUX7 Orphan G- 100.0 1.2E-49 1.2E-55  341.0   0.0  295   39-344    60-356 (471)
      19 UniRef100_A0A141CIT8 G protein 100.0 1.4E-49 1.4E-55  336.8   0.0  295   39-344    84-378 (488)
      20 UniRef100_A0A6P4XD29 neuropept 100.0 1.8E-49 1.8E-55  328.0   0.0  301   37-340    37-340 (385)
      21 UniRef100_A0A0K0PUI9 Orphan G- 100.0 1.8E-49 1.9E-55  345.9   0.0  304   37-344    97-409 (534)
      22 tr|C3XSP5|C3XSP5_BRAFL Unchara 100.0   3E-49 3.1E-55  319.2   0.0  305   39-347    25-331 (403)
      23 UniRef100_A0A369RW72 Octopamin 100.0 3.1E-49 3.1E-55  340.8   0.0  287   39-338    52-354 (412)
      24 UniRef100_A0A210QEM7 Neuropept 100.0 3.2E-49 3.2E-55  327.5   0.0  302   40-349    49-353 (416)
      25 UniRef100_A0A154PKR3 Tachykini 100.0 3.6E-49 3.6E-55  334.5   0.0  296   40-342    75-374 (457)
      26 UniRef100_A0A026W5R0 Orexin re 100.0 4.2E-49 4.2E-55  340.7   0.0  299   39-343   115-427 (529)
      27 UniRef100_A0A177B9B5 Rhodopsin 100.0 4.2E-49 4.2E-55  328.4   0.0  299   39-343    88-403 (464)
      28 tr|A0A0P7U387|A0A0P7U387_9TELE 100.0 4.9E-49   5E-55  330.0   0.0  292   38-344   125-417 (556)
      29 UniRef100_A0A139WB32 Tachykini 100.0 5.4E-49 5.4E-55  327.3   0.0  300   40-345    42-345 (405)
      30 UniRef100_A0A026WTK8 Tachykini 100.0 6.1E-49 6.2E-55  337.2   0.0  298   40-343    88-389 (556)
      31 tr|A0A1A7XTS5|A0A1A7XTS5_9TELE 100.0 6.1E-49 6.2E-55  314.6   0.0  345   40-384    77-428 (428)
      32 UniRef100_A0A060VSP8 5-hydroxy 100.0 6.8E-49 6.9E-55  334.7   0.0  293   38-345    84-418 (479)
      33 UniRef100_A0A087X575 NPY-Y2 re 100.0 7.1E-49 7.2E-55  326.4   0.0  300   39-342    71-371 (426)
      34 UniRef100_A0A026WW28 Neuropept 100.0 8.2E-49 8.3E-55  339.7   0.0  297   37-343    84-381 (552)
      35 UniRef100_A0A060X5Z5 G_PROTEIN 100.0 9.7E-49 9.8E-55  338.0   0.0  293   37-342    79-384 (522)
      36 UniRef100_A0A060VUW6 G_PROTEIN 100.0 1.1E-48 1.1E-54  348.1   0.0  290   39-344   115-441 (574)
      37 UniRef100_A0A0L8H201 G_PROTEIN 100.0 1.2E-48 1.2E-54  321.2   0.0  306   39-349    83-389 (461)
      38 UniRef100_UPI0010FBBB4E unchar 100.0 1.5E-48 1.6E-54  326.5   0.0  381    3-383   403-787 (791)
      39 UniRef100_A0A2B4SDF9 Neuropept 100.0 1.8E-48 1.8E-54  327.5   0.0  292   39-342    87-379 (455)
      40 UniRef100_A0A077Z2H9 Putative  100.0   2E-48 2.1E-54  332.6   0.0  302   38-343    68-398 (477)
      41 UniRef100_A0A1D2M4J2 Neuropept 100.0   2E-48 2.1E-54  329.8   0.0  299   40-343   125-424 (497)
      42 UniRef100_A0A077YWL6 Somatosta 100.0 2.1E-48 2.1E-54  335.4   0.0  297   40-345    64-363 (446)
      43 UniRef100_A0A061INJ6 Pyrogluta 100.0 3.6E-48 3.7E-54  341.2   0.0  303   37-341   148-457 (594)
      44 UniRef100_A0A060X1Q6 Somatosta 100.0 3.6E-48 3.7E-54  337.4   0.0  287   39-342   137-424 (604)
      45 tr|M3ZFE6|M3ZFE6_XIPMA Somatos 100.0 4.9E-48   5E-54  322.1   0.0  290   39-345   102-392 (525)
      46 UniRef100_A0A6J8CLU9 HCRTR2 n= 100.0 5.1E-48 5.2E-54  318.9   0.0  307   33-345    43-361 (422)
      47 UniRef100_A0A068YB14 Neuropept 100.0 5.7E-48 5.8E-54  331.6   0.0  298   38-342    51-352 (448)
      48 UniRef100_A0A2G8KL37 Cholecyst 100.0 6.3E-48 6.4E-54  323.2   0.0  300   42-347    99-435 (493)
      49 UniRef100_A0A068WW83 Allatosta 100.0 8.5E-48 8.6E-54  330.8   0.0  285   37-336    62-347 (432)
      50 UniRef100_A0A2B4RSM5 Neuropept 100.0 1.1E-47 1.1E-53  320.4   0.0  292   38-344    33-326 (417)
      51 UniRef100_A0A060W5Z4 G_PROTEIN 100.0 1.3E-47 1.4E-53  330.6   0.0  287   40-344   189-476 (593)
      52 tr|A0A1V4J9T1|A0A1V4J9T1_PATFA 100.0 1.4E-47 1.4E-53  310.7   0.0  292   39-345    66-358 (461)
      53 UniRef100_A0A060X690 G_PROTEIN 100.0 1.4E-47 1.5E-53  314.0   0.0  294   40-346    45-339 (386)
      54 UniRef100_A0A1D1W534 G_PROTEIN 100.0 1.6E-47 1.6E-53  333.5   0.0  298   40-344    77-435 (492)
      55 tr|A0A1I8PIJ9|A0A1I8PIJ9_STOCA 100.0 1.7E-47 1.8E-53  330.8   0.0  300   41-347   169-472 (680)
      56 UniRef100_A0A0K0PUH1 Orphan G- 100.0 1.9E-47 1.9E-53  311.5   0.0  306   32-342    41-348 (413)
      57 UniRef100_A0A164MD49 Putative  100.0 1.9E-47 1.9E-53  322.4   0.0  298   42-346    50-399 (498)
      58 UniRef100_A0A034WDF0 Allatosta 100.0   2E-47 2.1E-53  325.1   0.0  298   36-344    90-387 (459)
      59 UniRef100_A0A061A7W5 G_PROTEIN 100.0 2.4E-47 2.4E-53  325.9   0.0  293   39-342    59-358 (473)
      60 UniRef100_A0A151N382 Galanin r 100.0 2.5E-47 2.6E-53  303.2   0.0  291   40-345    29-319 (392)
      61 UniRef100_A0A0C9QBK4 GHSR_0 pr 100.0 3.1E-47 3.1E-53  338.6   0.0  301   38-342   169-474 (591)
      62 UniRef100_A0A3M6UME8 G_PROTEIN 100.0 3.7E-47 3.7E-53  315.8   0.0  321    1-342     2-325 (383)
      63 UniRef100_A0A060X360 G_PROTEIN 100.0 3.7E-47 3.8E-53  318.1   0.0  291   40-344    98-390 (477)
      64 tr|F6R4F1|F6R4F1_MONDO Bombesi 100.0 4.1E-47 4.2E-53  304.7   0.0  309   42-350    48-357 (403)
      65 UniRef100_A0A060W9T7 G_PROTEIN 100.0 4.7E-47 4.9E-53  318.9   0.0  289   40-343   184-473 (616)
      66 tr|A0A1D1UXI1|A0A1D1UXI1_RAMVA 100.0   5E-47 5.1E-53  316.7   0.0  300   36-345    76-378 (499)
      67 tr|A0A1L8G1N6|A0A1L8G1N6_XENLA 100.0 5.4E-47 5.5E-53  314.4   0.0  289   38-345   113-401 (448)
      68 tr|A0A0F8ARD3|A0A0F8ARD3_LARCR 100.0 5.6E-47 5.7E-53  312.4   0.0  286   40-342    52-338 (464)
      69 UniRef100_A0A2B4SKI0 Tachykini 100.0 5.9E-47 5.9E-53  332.4   0.0  297   37-343    87-391 (469)
      70 UniRef100_A0A0P0YUU8 Cannabino 100.0 5.9E-47   6E-53  319.3   0.0  326   34-365    75-439 (496)
      71 UniRef100_A0A091EBV8 Type-1 an 100.0   6E-47 6.1E-53  334.9   0.0  281   38-340   344-628 (715)
      72 tr|C3XVS5|C3XVS5_BRAFL Unchara 100.0 6.1E-47 6.3E-53  310.9   0.0  304   34-347    60-368 (425)
      73 UniRef100_A0A087UNN0 Neuropept 100.0   8E-47 8.2E-53  316.5   0.0  299   39-344    91-395 (470)
      74 UniRef100_A0A087RJN6 Somatosta 100.0 8.6E-47 8.6E-53  323.2   0.0  290   35-342    54-343 (391)
      75 UniRef100_A0A0K0PUH3 Allatotro 100.0 8.7E-47 8.8E-53  311.9   0.0  301   39-345    66-376 (424)
      76 tr|A0A1I8M930|A0A1I8M930_MUSDO 100.0   1E-46 1.1E-52  338.9   0.0  296   39-347   186-583 (963)
      77 UniRef100_A0A1D2M255 Somatosta 100.0 1.2E-46 1.2E-52  304.0   0.0  324    1-344     1-325 (382)
      78 UniRef100_A0A087T336 Somatosta 100.0 1.2E-46 1.2E-52  314.1   0.0  292   40-344    76-369 (454)
      79 UniRef100_A0A1V9XU68 Tyramine/ 100.0 1.3E-46 1.3E-52  315.1   0.0  293   39-344    50-355 (408)
      80 UniRef100_A0A1S3J712 QRFP-like 100.0 1.3E-46 1.3E-52  323.2   0.0  292   42-340    68-369 (507)
      81 tr|A0A0P4XBU7|A0A0P4XBU7_9CRUS 100.0 1.3E-46 1.4E-52  325.4   0.0  298   38-339    57-412 (557)
      82 tr|L7LZ94|L7LZ94_9ACAR Putativ 100.0 1.7E-46 1.8E-52  307.6   0.0  298   39-347   100-397 (438)
      83 tr|A0A1W4ZX05|A0A1W4ZX05_9TELE 100.0 1.9E-46 1.9E-52  316.9   0.0  302   39-343    67-386 (480)
      84 UniRef100_A0A087XDT1 Somatosta 100.0 2.3E-46 2.3E-52  320.0   0.0  290   39-345   166-456 (676)
      85 tr|A0A1W2W3E6|A0A1W2W3E6_CIOIN 100.0 2.4E-46 2.5E-52  310.7   0.0  293   39-343    55-352 (487)
      86 tr|E0D358|E0D358_HEMPU Dopamin 100.0 2.5E-46 2.5E-52  310.6   0.0  302   31-344    14-330 (435)
      87 UniRef100_A0A0K0PUH0 Orphan G- 100.0 2.5E-46 2.6E-52  329.2   0.0  295   40-337   135-468 (583)
      88 tr|S9YJE2|S9YJE2_CAMFR Somatos 100.0 2.6E-46 2.7E-52  305.5   0.0  298   33-344   104-402 (438)
      89 UniRef100_A0A2H8TNJ5 Neuropept 100.0 2.7E-46 2.8E-52  316.3   0.0  300   36-339   150-450 (528)
      90 UniRef100_A0A0L8GIM4 G_PROTEIN 100.0 2.8E-46 2.8E-52  325.6   0.0  302   36-341    91-394 (481)
      91 UniRef100_A0A1S3H6K0 neuropept 100.0 2.8E-46 2.8E-52  323.7   0.0  296   36-337    51-351 (470)
      92 UniRef100_A0A2B4S4U3 Beta-2 ad 100.0 2.8E-46 2.8E-52  304.7   0.0  299   39-345    26-324 (372)
      93 UniRef100_A0A0K0PUV0 FVRIamide 100.0 3.1E-46 3.1E-52  317.2   0.0  289   39-341    50-377 (458)
      94 UniRef100_A0A067R841 G_PROTEIN 100.0 3.2E-46 3.2E-52  320.6   0.0  307   37-344   102-411 (526)
      95 tr|A0A0N8JZL4|A0A0N8JZL4_9TELE 100.0 4.4E-46 4.5E-52  311.8   0.0  302   38-342   101-412 (482)
      96 UniRef100_A0A026WK16 Tachykini 100.0 4.8E-46 4.8E-52  320.2   0.0  299   39-343   180-482 (641)
      97 tr|A0A232F0R3|A0A232F0R3_9HYME 100.0 4.9E-46   5E-52  305.5   0.0  293   39-344   101-425 (458)
      98 UniRef100_A0A023F668 Putative  100.0 5.1E-46 5.2E-52  310.2   0.0  297   37-343    81-378 (484)
      99 UniRef100_A0A026WK40 Cholecyst 100.0 5.5E-46 5.6E-52  329.6   0.0  297   42-345   155-546 (656)
     100 tr|W4Z2N2|W4Z2N2_STRPU Unchara 100.0 6.4E-46 6.5E-52  300.3   0.0  297   40-343    55-353 (406)
     101 UniRef100_A0A2B4SKX3 Cholecyst 100.0 7.1E-46 7.2E-52  309.1   0.0  295   38-347    68-417 (428)
     102 UniRef100_A0A060W8D4 G_PROTEIN 100.0 7.5E-46 7.6E-52  304.3   0.0  325   40-365   105-431 (480)
     103 tr|A0A1A8LLP2|A0A1A8LLP2_9TELE 100.0 8.2E-46 8.3E-52  306.2   0.0  298   36-346    88-401 (455)
     104 UniRef100_A0A3M6U5X4 G_PROTEIN 100.0 8.4E-46 8.5E-52  299.4   0.0  294   33-345    30-323 (339)
     105 UniRef100_A0A3M6T6P4 G_PROTEIN 100.0 9.7E-46 9.8E-52  314.0   0.0  294   42-345    56-357 (465)
     106 tr|A0A0P7U0M1|A0A0P7U0M1_9TELE 100.0   1E-45   1E-51  301.4   0.0  299   40-344   100-413 (440)
     107 tr|A0A182G4E1|A0A182G4E1_AEDAL 100.0 1.1E-45 1.1E-51  315.1   0.0  304   37-345    63-373 (534)
     108 UniRef100_A0A6P8HUK6 melatonin 100.0 1.2E-45 1.2E-51  297.9   0.0  332   40-384    26-371 (374)
     109 UniRef100_A0A060VVF8 G_PROTEIN 100.0 1.2E-45 1.2E-51  321.0   0.0  290   40-343   138-434 (511)
     110 UniRef100_A0A210QT45 G-protein 100.0 1.2E-45 1.2E-51  307.0   0.0  298   39-342    56-357 (472)
     111 UniRef100_A0A060VP48 G_PROTEIN 100.0 1.3E-45 1.3E-51  327.1   0.0  299   38-342   151-450 (580)
     112 UniRef100_A0A226DFM2 Neuropept 100.0 1.4E-45 1.4E-51  311.8   0.0  298   35-339    99-400 (523)
     113 UniRef100_A0A1V4KIE8 Beta-1 ad 100.0 1.6E-45 1.6E-51  331.4   0.0  290   45-345    33-352 (512)
     114 UniRef100_A0A2G8JR46 Putative  100.0 1.7E-45 1.7E-51  315.3   0.0  292   38-342    59-356 (411)
     115 UniRef100_A0A2G8L6L1 Putative  100.0 1.8E-45 1.8E-51  304.8   0.0  289   38-343    32-325 (407)
     116 UniRef100_A0A0L8HHE2 G_PROTEIN 100.0 1.8E-45 1.8E-51  306.7   0.0  295   44-345     3-302 (385)
     117 UniRef100_A0A0L8I310 G_PROTEIN 100.0 1.8E-45 1.9E-51  315.3   0.0  296   39-339    43-365 (468)
     118 UniRef100_A0A3M6TPP0 G_PROTEIN 100.0 1.9E-45 1.9E-51  312.6   0.0  294   38-342    47-354 (424)
     119 UniRef100_A0A2B4RHL7 Galanin r 100.0 2.1E-45 2.1E-51  299.3   0.0  282   41-345    32-313 (406)
     120 UniRef100_A0A023F3V9 Putative  100.0 2.1E-45 2.1E-51  312.7   0.0  292   38-341   129-422 (574)
     121 UniRef100_A0A1S3KA35 Alpha-1B  100.0 2.4E-45 2.4E-51  316.0   0.0  292   39-346    87-423 (551)
     122 tr|T1KPP2|T1KPP2_TETUR Unchara 100.0 2.7E-45 2.7E-51  307.6   0.0  293   36-344   146-438 (477)
     123 UniRef100_A0A146M155 Neuropept 100.0 2.7E-45 2.8E-51  309.8   0.0  304   39-343    51-363 (488)
     124 UniRef100_UPI000B911B64 melato 100.0 2.9E-45 2.9E-51  309.9   0.0  288   41-343    28-345 (381)
     125 UniRef100_A0A023F665 Putative  100.0   3E-45 3.1E-51  315.2   0.0  305   38-344   140-451 (573)
     126 UniRef100_A0A1D1VDY3 G_PROTEIN 100.0 3.1E-45 3.1E-51  313.3   0.0  299   40-344   132-448 (557)
     127 UniRef100_A0A1D1V5S1 G_PROTEIN 100.0 3.2E-45 3.3E-51  306.0   0.0  296   39-345    54-362 (484)
     128 tr|V8PD93|V8PD93_OPHHA Type-2  100.0 3.4E-45 3.4E-51  311.5   0.0  288   41-344    75-370 (412)
     129 UniRef100_A0A0N7ZAP9 G_PROTEIN 100.0 3.7E-45 3.8E-51  307.7   0.0  302   34-346    69-370 (421)
     130 UniRef100_A0A091DWF1 Somatosta 100.0 3.8E-45 3.9E-51  305.8   0.0  285   41-342   155-440 (523)
     131 UniRef100_A0A026WIP6 Cholecyst 100.0 3.9E-45 3.9E-51  322.4   0.0  304   39-346   168-533 (636)
     132 UniRef100_A0A060WEJ5 G_PROTEIN 100.0   4E-45 4.1E-51  316.1   0.0  289   40-343   112-457 (544)
     133 tr|B4JN40|B4JN40_DROGR GH24210 100.0 4.1E-45 4.2E-51  302.9   0.0  297   39-344   114-410 (436)
     134 UniRef100_A0A067RG65 Neuropept 100.0 4.6E-45 4.7E-51  308.2   0.0  303   36-340    82-392 (509)
     135 UniRef100_A0A2B4SVC4 Dopamine  100.0 4.7E-45 4.7E-51  303.9   0.0  279   35-341    49-329 (397)
     136 UniRef100_A0A6P4YBA8 delta-typ 100.0   5E-45 5.1E-51  303.3   0.0  291   40-347    49-344 (406)
     137 UniRef100_A0A044T5H8 G_PROTEIN 100.0 5.9E-45   6E-51  317.1   0.0  298   36-347   240-573 (693)
     138 UniRef100_A0A0P5DAK4 Orexin re 100.0   6E-45 6.1E-51  307.3   0.0  296   41-342   106-430 (505)
     139 UniRef100_A0A2B4RGU4 5-hydroxy 100.0 6.6E-45 6.7E-51  319.2   0.0  293   37-342    61-370 (478)
     140 tr|A7SD89|A7SD89_NEMVE Predict 100.0 6.7E-45 6.8E-51  289.5   0.0  298   32-344    28-332 (355)
     141 tr|A0A146TL67|A0A146TL67_FUNHE 100.0 6.9E-45 6.9E-51  319.7   0.0  297   40-345    25-407 (442)
     142 UniRef100_A0A0S1YDA0 Neuropept 100.0 7.2E-45 7.3E-51  310.5   0.0  302   39-347    92-397 (509)
     143 tr|A0A139WLV7|A0A139WLV7_TRICA 100.0 7.4E-45 7.6E-51  315.8   0.0  304   36-343   393-698 (792)
     144 UniRef100_A0A2B4R9G2 Melatonin 100.0 8.3E-45 8.4E-51  318.6   0.0  292   36-342    75-366 (461)
     145 UniRef100_A0A1I8HKX2 G_PROTEIN 100.0 8.3E-45 8.4E-51  306.0   0.0  291   39-346    38-415 (442)
     146 tr|A0A1D2MSE1|A0A1D2MSE1_ORCCI 100.0 8.7E-45 8.9E-51  316.6   0.0  301   39-344   108-408 (615)
     147 UniRef100_A0A2B4RPR9 Allatosta 100.0   9E-45 9.1E-51  311.3   0.0  291   39-340    45-342 (446)
     148 SRR6218665_348164              100.0 9.2E-45 9.3E-51  305.9   0.0  308   35-343    22-353 (434)
     149 UniRef100_A0A087UP46 5-hydroxy 100.0 9.2E-45 9.4E-51  303.8   0.0  299   32-345    36-403 (472)
     150 UniRef100_A0A1L8GQY3 Alpha-1B  100.0   1E-44   1E-50  305.4   0.0  292   40-347    45-373 (510)
     151 UniRef100_A0A016SJ65 Thyrolibe 100.0 1.1E-44 1.1E-50  311.3   0.0  304   34-344    76-398 (479)
     152 tr|G3S2I3|G3S2I3_GORGO Opioid  100.0 1.4E-44 1.4E-50  299.7   0.0  288   37-339   158-446 (492)
     153 UniRef100_A0A0K0PUK6 Orphan G- 100.0 1.5E-44 1.5E-50  298.1   0.0  302   40-347    65-378 (448)
     154 UniRef100_A0A401NJB3 G_PROTEIN 100.0 1.5E-44 1.5E-50  304.4   0.0  303   32-345    32-362 (517)
     155 tr|A0A1S3FYW5|A0A1S3FYW5_DIPOR 100.0 1.5E-44 1.5E-50  288.9   0.0  291   42-346    70-362 (385)
     156 UniRef100_A0A084WIC4 Short neu 100.0 1.6E-44 1.6E-50  306.9   0.0  299   38-344    89-388 (551)
     157 UniRef100_A0A068WVN8 Biogenic  100.0 1.6E-44 1.6E-50  318.1   0.0  298   34-346   113-511 (641)
     158 UniRef100_A0A0K0PUG3 Thyrolibe 100.0   2E-44 2.1E-50  310.4   0.0  302   35-343   208-522 (606)
     159 tr|A0A060W8D4|A0A060W8D4_ONCMY 100.0 2.2E-44 2.2E-50  294.1   0.0  338   40-383   114-454 (455)
     160 UniRef100_A0A7M7HFU8 G_PROTEIN 100.0 2.2E-44 2.2E-50  309.1   0.0  291   39-342    62-364 (423)
     161 UniRef100_A0A1L8FNX2 G_PROTEIN 100.0 2.3E-44 2.3E-50  301.8   0.0  309   10-340    29-341 (400)
     162 UniRef100_A0A087QH91 Melanopsi 100.0 2.3E-44 2.3E-50  312.3   0.0  295   40-343   102-400 (629)
     163 tr|A0A1U7TSJ4|A0A1U7TSJ4_TARSY 100.0 2.3E-44 2.3E-50  303.3   0.0  299   39-340   210-516 (600)
     164 UniRef100_A0A2B4S0J6 Somatosta 100.0 2.5E-44 2.5E-50  315.3   0.0  292   37-339    79-376 (457)
     165 UniRef100_A0A096NAQ2 Cholecyst 100.0 2.5E-44 2.6E-50  308.6   0.0  297   42-341   151-500 (617)
     166 UniRef100_A0A2B4RHY9 Pyrogluta 100.0 2.6E-44 2.6E-50  315.0   0.0  291   39-344    79-373 (455)
     167 UniRef100_A7RGN9 Predicted pro 100.0 2.7E-44 2.7E-50  289.0   0.0  308   17-341     5-313 (317)
     168 tr|A0A2B4SUH3|A0A2B4SUH3_STYPI 100.0 2.9E-44 2.9E-50  299.7   0.0  295   41-345    25-334 (385)
     169 UniRef100_A0A0N0PF28 Orexin re 100.0 3.1E-44 3.1E-50  307.5   0.0  296   38-339   133-456 (588)
     170 tr|A0A0P7TYE1|A0A0P7TYE1_9TELE 100.0 3.3E-44 3.3E-50  300.5   0.0  304   42-348   124-479 (507)
     171 tr|A0A146U732|A0A146U732_FUNHE 100.0 3.4E-44 3.4E-50  324.0   0.0  303   33-340   183-545 (590)
     172 UniRef100_A0A3M6UAU0 G_PROTEIN 100.0 3.6E-44 3.6E-50  306.4   0.0  302   32-342    26-329 (552)
     173 tr|A0A2B4SID7|A0A2B4SID7_STYPI 100.0 3.6E-44 3.6E-50  307.0   0.0  295   39-343    29-328 (422)
     174 tr|A0A091DWF1|A0A091DWF1_FUKDA 100.0   4E-44 4.1E-50  292.8   0.0  288   40-344   155-443 (483)
     175 UniRef100_A0A061IN14 NK-3 rece 100.0 4.1E-44 4.1E-50  311.5   0.0  300   34-344   225-525 (662)
     176 tr|A0A0P6IZB8|A0A0P6IZB8_9CRUS 100.0 4.2E-44 4.2E-50  302.3   0.0  298   39-345   200-497 (559)
     177 UniRef100_A0A3M6TAE6 G_PROTEIN 100.0 4.4E-44 4.5E-50  301.6   0.0  279   38-344    88-370 (443)
     178 UniRef100_A0A060XC03 Beta-2 ad 100.0 4.8E-44 4.9E-50  302.1   0.0  299   37-345    98-416 (548)
     179 UniRef100_A0A6G8J3P5 Melanin-c 100.0 4.8E-44 4.9E-50  294.8   0.0  294   40-344    60-353 (460)
     180 UniRef100_A0A0K0PUK8 FMRFamide 100.0   5E-44 5.1E-50  310.4   0.0  298   33-339    50-350 (471)
     181 UniRef100_A0A3M6TKX3 G_PROTEIN 100.0   5E-44 5.1E-50  302.2   0.0  297   37-345    71-377 (427)
     182 UniRef100_A0A0B4LHT6 RYamide r 100.0 5.1E-44 5.2E-50  306.5   0.0  303   33-340   105-409 (524)
     183 UniRef100_A0A6P4Z684 G-protein 100.0 5.3E-44 5.4E-50  294.2   0.0  296   40-341    50-345 (425)
     184 UniRef100_A0A210QSD7 Octopamin 100.0 5.5E-44 5.5E-50  303.7   0.0  293   38-346    54-420 (423)
     185 UniRef100_A0A060XP11 G_PROTEIN 100.0 5.8E-44 5.9E-50  305.1   0.0  293   39-342    88-392 (497)
     186 UniRef100_A0A0L7KZ56 Neuropept 100.0   6E-44 6.1E-50  302.5   0.0  300   39-343    84-386 (509)
     187 UniRef100_A0A023F452 Putative  100.0 6.2E-44 6.3E-50  310.3   0.0  299   34-344   132-540 (660)
     188 UniRef100_A0A060WWU7 G_PROTEIN 100.0 6.2E-44 6.4E-50  301.3   0.0  294   41-344    68-384 (545)
     189 UniRef100_A0A087XT11 Alpha-1B  100.0 6.6E-44 6.8E-50  301.7   0.0  294   38-347    76-409 (622)
     190 UniRef100_A0A2B4SE17 Substance 100.0 6.8E-44 6.9E-50  311.4   0.0  296   37-341    60-364 (467)
     191 UniRef100_A0A084WFJ7 AGAP00011 100.0 6.9E-44   7E-50  304.3   0.0  290   38-337    84-375 (519)
     192 UniRef100_A0A0A1WLH2 Somatosta 100.0   7E-44 7.1E-50  307.6   0.0  295   36-342   211-507 (667)
     193 tr|A0A2B4RXD1|A0A2B4RXD1_STYPI 100.0 7.1E-44 7.2E-50  294.0   0.0  294   37-345    89-383 (416)
     194 UniRef100_A0A1S3J8T4 5-hydroxy 100.0 7.4E-44 7.5E-50  303.1   0.0  295   37-341    96-395 (468)
     195 tr|K7GCC3|K7GCC3_PELSI Adrenoc 100.0 7.8E-44 7.9E-50  295.0   0.0  300   35-345    35-366 (488)
     196 UniRef100_A0A132AJH3 7 transme 100.0   8E-44 8.1E-50  302.2   0.0  296   43-340    70-384 (447)
     197 UniRef100_A0A026X164 G-protein 100.0 8.1E-44 8.2E-50  309.3   0.0  299   34-347   111-428 (604)
     198 UniRef100_A0A060X1U9 G_PROTEIN 100.0 8.2E-44 8.3E-50  306.4   0.0  289   39-343   136-458 (633)
     199 tr|A0A0A7RC79|A0A0A7RC79_RHOPR 100.0 8.4E-44 8.6E-50  290.4   0.0  298   39-344    73-375 (404)
     200 UniRef100_A0A2B4SQU8 Orexin re 100.0 8.6E-44 8.7E-50  288.0   0.0  296   41-347    36-351 (370)
     201 tr|A0A0L0BYA7|A0A0L0BYA7_LUCCU 100.0 8.6E-44 8.8E-50  302.8   0.0  295   39-345   308-629 (678)
     202 UniRef100_A0A060WMC3 Alpha-1D  100.0   1E-43   1E-49  300.3   0.0  290   41-346   110-436 (564)
     203 tr|A0A0P7V5N2|A0A0P7V5N2_9TELE 100.0   1E-43   1E-49  296.7   0.0  302   32-345    82-404 (468)
     204 UniRef100_A0A193KU97 GCR058 n= 100.0   1E-43 1.1E-49  289.3   0.0  303   39-344    23-333 (379)
     205 tr|A0A146YGA5|A0A146YGA5_FUNHE 100.0 1.1E-43 1.1E-49  309.6   0.0  296   41-348    30-346 (521)
     206 UniRef100_A0A068WKU9 Neuropept 100.0 1.1E-43 1.1E-49  298.3   0.0  297   37-340    68-365 (451)
     207 tr|A0A151NBW9|A0A151NBW9_ALLMI 100.0 1.2E-43 1.2E-49  297.4   0.0  331    8-341    44-390 (472)
     208 UniRef100_A0A1S3IX78 RYamide r 100.0 1.2E-43 1.2E-49  295.5   0.0  293   39-339    51-345 (444)
     209 UniRef100_A0A0C9RF21 CapaR_3 p 100.0 1.2E-43 1.3E-49  301.4   0.0  304   39-344    49-358 (532)
     210 tr|A0A182QHF8|A0A182QHF8_9DIPT 100.0 1.2E-43 1.3E-49  299.8   0.0  307   33-343    91-407 (581)
     211 UniRef100_A0A023FH63 Putative  100.0 1.3E-43 1.3E-49  305.8   0.0  294   36-341   120-439 (563)
     212 tr|A0A0S1YD80|A0A0S1YD80_CHISP 100.0 1.2E-43 1.3E-49  297.9   0.0  301   40-346   163-468 (513)
     213 UniRef100_A0A7M7HKI1 G_PROTEIN 100.0 1.4E-43 1.4E-49  299.6   0.0  291   44-345    42-338 (418)
     214 UniRef100_A0A067RDC3 Prolactin 100.0 1.4E-43 1.4E-49  300.7   0.0  295   37-341    60-355 (541)
     215 UniRef100_A0A060W5H6 G_PROTEIN 100.0 1.4E-43 1.4E-49  307.3   0.0  290   40-338    85-383 (528)
     216 tr|A0A0P7V0U8|A0A0P7V0U8_9TELE 100.0 1.5E-43 1.5E-49  286.7   0.0  291   39-344    83-376 (439)
     217 UniRef100_A0A210QHM7 G-protein 100.0 1.5E-43 1.5E-49  301.4   0.0  301   41-347    79-380 (492)
     218 UniRef100_UPI0003F07467 orexin 100.0 1.5E-43 1.6E-49  301.2   0.0  296   40-339    76-412 (535)
     219 UniRef100_A0A2B4SC76 Substance 100.0 1.6E-43 1.6E-49  305.5   0.0  296   36-341    49-351 (461)
     220 UniRef100_A0A026WC04 Dopamine  100.0 1.6E-43 1.6E-49  291.9   0.0  300   32-344    68-399 (468)
     221 tr|A0A1D2NMB6|A0A1D2NMB6_ORCCI 100.0 1.7E-43 1.7E-49  298.4   0.0  300   40-345   150-453 (520)
     222 UniRef100_A0A0L8H5P3 G_PROTEIN 100.0 1.7E-43 1.8E-49  299.0   0.0  292   35-339    68-369 (496)
     223 UniRef100_A0A2B4SVS8 Neuropept 100.0 1.9E-43 1.9E-49  305.4   0.0  296   37-344    84-384 (480)
     224 tr|A0A147AZW9|A0A147AZW9_FUNHE 100.0   2E-43   2E-49  308.4   0.0  302   37-343    81-434 (468)
     225 UniRef100_A0A1J1I7G5 CLUMA_CG0 100.0   2E-43 2.1E-49  296.8   0.0  296   40-343    75-374 (500)
     226 UniRef100_A0A1I7STM2 (pine woo 100.0 2.1E-43 2.1E-49  299.3   0.0  306   36-347    75-391 (430)
     227 UniRef100_A0A2B4S7A4 Alpha-1A  100.0 2.1E-43 2.1E-49  294.6   0.0  270   41-343    39-310 (392)
     228 UniRef100_A0A0N0PEL7 Tachykini 100.0 2.3E-43 2.4E-49  294.6   0.0  298   41-344    55-356 (454)
     229 UniRef100_A0A0L8I0T4 G_PROTEIN 100.0 2.3E-43 2.4E-49  301.1   0.0  290   43-344   135-498 (554)
     230 UniRef100_A0A087RI25 Bombesin  100.0 2.4E-43 2.4E-49  283.0   0.0  306   44-349    56-362 (414)
     231 UniRef100_A0A091R746 Beta-1 ad 100.0 2.6E-43 2.7E-49  299.2   0.0  290   44-343   137-453 (572)
     232 UniRef100_A0A087U880 Neuropept 100.0 2.7E-43 2.8E-49  293.3   0.0  295   38-339    65-360 (401)
     233 tr|A0A1A9ZAD8|A0A1A9ZAD8_GLOPL 100.0 2.7E-43 2.8E-49  295.6   0.0  297   40-342   121-421 (574)
     234 UniRef100_A0A087REY1 NPY-Y2 re 100.0 2.9E-43 2.9E-49  300.5   0.0  296   39-344   184-480 (599)
     235 tr|A0A1I8MQS0|A0A1I8MQS0_MUSDO 100.0 2.9E-43   3E-49  305.6   0.0  294   38-344   146-441 (572)
     236 UniRef100_A0A0K0PUL2 DH31-like 100.0 2.9E-43   3E-49  287.1   0.0  292   40-347    47-338 (375)
     237 tr|A0A2B4SKI0|A0A2B4SKI0_STYPI 100.0   3E-43   3E-49  299.6   0.0  319    6-337    57-393 (458)
     238 tr|A0A218UB83|A0A218UB83_9PASE 100.0 3.3E-43 3.3E-49  301.8   0.0  293   40-348   192-518 (631)
     239 UniRef100_A0A016T103 G_PROTEIN 100.0 3.3E-43 3.3E-49  308.1   0.0  292   36-344   105-477 (605)
     240 UniRef100_A0A0A7KUZ5 Opsin 5 n 100.0 3.5E-43 3.6E-49  296.9   0.0  291   40-340    51-342 (407)
     241 UniRef100_A0A0H3YI86 Pyrokinin 100.0 3.6E-43 3.6E-49  304.9   0.0  301   39-344    81-400 (510)
     242 UniRef100_A0A3B4VB96 Beta-2 ad 100.0 4.2E-43 4.3E-49  292.7   0.0  299   33-342    44-361 (464)
     243 UniRef100_A0A087XFV2 5-hydroxy 100.0 4.4E-43 4.5E-49  295.5   0.0  304   35-347    77-401 (493)
     244 UniRef100_A0A087YQK7 Adrenocep 100.0 4.9E-43   5E-49  300.1   0.0  292   44-346   132-455 (617)
     245 UniRef100_A0A6S7JE64 Neuropept 100.0 4.9E-43   5E-49  292.2   0.0  289   39-342    32-321 (412)
     246 UniRef100_A0A084VLD5 AGAP00422 100.0 5.1E-43 5.2E-49  300.8   0.0  293   36-344   238-597 (695)
     247 UniRef100_A0A068YA15 Neuropept 100.0 5.2E-43 5.3E-49  296.2   0.0  300   40-340    71-393 (510)
     248 UniRef100_A0A0P4WB73 G_PROTEIN 100.0 5.3E-43 5.4E-49  294.4   0.0  304   38-343    76-383 (473)
     249 tr|A0A0L8FIS6|A0A0L8FIS6_OCTBM 100.0 5.6E-43 5.8E-49  293.3   0.0  294   42-345    91-423 (485)
     250 UniRef100_A0A0S1YDA1 Neuropept 100.0 5.7E-43 5.8E-49  292.6   0.0  302   39-344    64-415 (463)
     251 UniRef100_A0A3M6UKX8 G_PROTEIN 100.0 5.8E-43 5.8E-49  303.0   0.0  294   41-342   118-420 (487)
     252 UniRef100_A0A7M7SYV2 G_PROTEIN 100.0 5.8E-43 5.9E-49  301.5   0.0  282   43-341    69-397 (630)
     253 UniRef100_A0A060W247 Cholecyst 100.0 5.9E-43   6E-49  300.1   0.0  299   41-342   127-476 (563)
     254 ERR1719341_586736              100.0   6E-43 6.1E-49  296.1   0.0  295   40-344    53-356 (513)
     255 tr|A0A2B4S4U3|A0A2B4S4U3_STYPI 100.0 6.1E-43 6.2E-49  280.4   0.0  295   40-342    24-322 (359)
     256 tr|A0A0P5PA10|A0A0P5PA10_9CRUS 100.0 6.1E-43 6.2E-49  299.9   0.0  293   40-338   145-441 (705)
     257 tr|F7E6B1|F7E6B1_MONDO Tachyki 100.0 6.6E-43 6.8E-49  288.9   0.0  298   35-343    87-385 (475)
     258 tr|A0A067RDC3|A0A067RDC3_ZOONE 100.0 7.1E-43 7.2E-49  300.0   0.0  303   35-347    65-368 (506)
     259 tr|A0A183TGM8|A0A183TGM8_SCHSO 100.0 7.1E-43 7.2E-49  290.0   0.0  307   32-344    55-374 (446)
     260 tr|A0A2C9GPU2|A0A2C9GPU2_ANOAR 100.0 7.1E-43 7.2E-49  307.6   0.0  302   33-341   313-635 (818)
     261 tr|W4Z9U8|W4Z9U8_STRPU Unchara 100.0 7.1E-43 7.3E-49  283.4   0.0  305   39-346   105-415 (434)
     262 tr|W4YJK4|W4YJK4_STRPU Unchara 100.0 7.4E-43 7.5E-49  294.7   0.0  295   39-345    67-372 (446)
     263 tr|A0A2H1W6Q0|A0A2H1W6Q0_SPOFR 100.0 7.6E-43 7.7E-49  293.4   0.0  298   39-345    68-366 (466)
     264 tr|W5JTF9|W5JTF9_ANODA Somatos 100.0 7.8E-43   8E-49  293.5   0.0  296   39-344    52-349 (526)
     265 UniRef100_A0A6P8IFK2 neuromedi 100.0 8.2E-43 8.3E-49  285.9   0.0  292   41-344    25-323 (363)
     266 UniRef100_A0A0P7U0M1 Galanin r 100.0 8.1E-43 8.4E-49  282.9   0.0  328   39-379   138-469 (475)
     267 tr|A0A218UWX7|A0A218UWX7_9PASE 100.0 8.2E-43 8.4E-49  292.5   0.0  300   38-344    37-342 (474)
     268 tr|A0A2C9JTE5|A0A2C9JTE5_BIOGL 100.0 8.3E-43 8.5E-49  284.0   0.0  328    8-343    15-348 (422)
     269 tr|J9K651|J9K651_ACYPI Unchara 100.0 8.5E-43 8.7E-49  286.4   0.0  299   36-340    84-385 (440)
     270 tr|A0A2B4SNZ1|A0A2B4SNZ1_STYPI 100.0 9.2E-43 9.2E-49  294.0   0.0  289   38-343    28-320 (351)
     271 UniRef100_A0A0P6J0T1 Putative  100.0 9.2E-43 9.4E-49  307.4   0.0  295   39-343   100-410 (735)
     272 tr|A0A147AMP5|A0A147AMP5_FUNHE 100.0 9.4E-43 9.5E-49  306.2   0.0  290   38-344    28-429 (475)
     273 tr|A0A146NR64|A0A146NR64_FUNHE 100.0 9.3E-43 9.5E-49  287.8   0.0  287   41-340   119-418 (449)
     274 tr|A0A1S3JCV4|A0A1S3JCV4_LINUN 100.0 9.3E-43 9.5E-49  283.6   0.0  304   40-346    61-372 (414)
     275 UniRef100_A0A026VW91 Neuropept 100.0 9.3E-43 9.5E-49  289.1   0.0  296   39-339   186-483 (582)
     276 UniRef100_A0A034W4Z0 (Phe13)-b 100.0 9.4E-43 9.6E-49  294.1   0.0  307   39-347    99-411 (517)
     277 tr|A0A1S3IXU4|A0A1S3IXU4_LINUN 100.0 9.5E-43 9.7E-49  287.7   0.0  290   40-344    56-347 (440)
     278 tr|E6ZEU6|E6ZEU6_DICLA Neurome 100.0 9.9E-43   1E-48  294.3   0.0  300   40-343    87-395 (461)
     279 tr|A0A210QNG6|A0A210QNG6_MIZYE 100.0   1E-42   1E-48  293.2   0.0  304   37-345    35-342 (498)
     280 tr|A0A151ITZ3|A0A151ITZ3_9HYME 100.0 1.1E-42 1.1E-48  291.9   0.0  300   40-343    66-420 (481)
     281 tr|A0A218VDE9|A0A218VDE9_9PASE 100.0 1.1E-42 1.1E-48  288.2   0.0  287   38-342    20-307 (556)
     282 tr|B4KC34|B4KC34_DROMO Unchara 100.0 1.1E-42 1.1E-48  302.7   0.0  297   40-341   191-491 (670)
     283 tr|A0A210R0K7|A0A210R0K7_MIZYE 100.0 1.1E-42 1.2E-48  288.1   0.0  298   41-345    73-428 (470)
     284 UniRef100_A0A060X0R7 Uncharact 100.0 1.2E-42 1.2E-48  279.1   0.0  292   36-344    52-344 (383)
     285 tr|J9JRI9|J9JRI9_ACYPI Unchara 100.0 1.3E-42 1.4E-48  287.9   0.0  296   41-342    34-333 (490)
     286 tr|W5MC67|W5MC67_LEPOC Pyroglu 100.0 1.4E-42 1.4E-48  284.5   0.0  305   39-345    51-362 (441)
     287 UniRef100_A0A2B4RFH8 Neuropept 100.0 1.4E-42 1.4E-48  303.8   0.0  295   40-343    63-367 (439)
     288 UniRef100_A0A060VWI9 G_PROTEIN 100.0 1.4E-42 1.4E-48  296.2   0.0  296   38-343    57-395 (579)
     289 tr|A0A212EZN3|A0A212EZN3_DANPL 100.0 1.4E-42 1.4E-48  290.9   0.0  302   38-344    51-356 (488)
     290 tr|A0A287CUD4|A0A287CUD4_ICTTR 100.0 1.6E-42 1.7E-48  286.0   0.0  292   39-343    16-308 (478)
     291 UniRef100_A0A090MXE0 Thyrotrop 100.0 1.7E-42 1.7E-48  290.1   0.0  323    9-340    12-341 (444)
     292 UniRef100_A0A6P8HVR8 galanin r 100.0 1.7E-42 1.7E-48  285.0   0.0  292   38-341    19-319 (381)
     293 UniRef100_A0A3M6T8F5 G_PROTEIN 100.0 1.7E-42 1.8E-48  306.9   0.0  300   35-343    95-396 (523)
     294 UniRef100_A0A060VNF4 G_PROTEIN 100.0 1.7E-42 1.8E-48  297.5   0.0  291   39-342   128-431 (566)
     295 UniRef100_A0A3M6TNW8 G_PROTEIN 100.0 1.9E-42 1.9E-48  290.5   0.0  290   39-343    92-393 (453)
     296 UniRef100_A0A0A1XP15 Neuropept 100.0 1.9E-42 1.9E-48  282.6   0.0  308   33-345    61-376 (421)
     297 tr|V8NQN2|V8NQN2_OPHHA G-prote 100.0 1.9E-42   2E-48  300.9   0.0  282   39-341   301-586 (840)
     298 UniRef100_A0A2B4SJV4 Galanin r 100.0   2E-42   2E-48  300.7   0.0  288   41-341    74-365 (444)
     299 tr|A0A2B4RYF4|A0A2B4RYF4_STYPI 100.0 1.9E-42   2E-48  284.4   0.0  288   41-342    24-311 (402)
     300 tr|A0A2B4S6X2|A0A2B4S6X2_STYPI 100.0   2E-42   2E-48  282.1   0.0  291   43-344    25-325 (379)
     301 UniRef100_A0A026WCQ7 Tyramine  100.0   2E-42 2.1E-48  309.6   0.0  288   40-346   182-591 (665)
     302 UniRef100_A0A023ETT6 Putative  100.0 2.3E-42 2.3E-48  293.1   0.0  294   40-343   152-447 (612)
     303 ERR1719361_2001115             100.0 2.4E-42 2.4E-48  288.9   0.0  293   39-343    22-325 (415)
     304 UniRef100_A0A068AZY5 Octopamin 100.0 2.5E-42 2.5E-48  317.7   0.0  188   38-236   170-357 (723)
     305 UniRef100_A0A060WAG3 G_PROTEIN 100.0 2.5E-42 2.6E-48  293.9   0.0  293   41-347   122-504 (550)
     306 UniRef100_A0A060VRN9 G_PROTEIN 100.0 2.5E-42 2.6E-48  292.9   0.0  295   34-340   128-428 (496)
     307 UniRef100_A0A060VTR1 G_PROTEIN 100.0 2.7E-42 2.7E-48  295.8   0.0  290   40-345   118-443 (619)
     308 tr|A0A1A8EW90|A0A1A8EW90_9TELE 100.0 2.7E-42 2.8E-48  284.0   0.0  295   33-340    36-331 (444)
     309 tr|A7SMQ7|A7SMQ7_NEMVE Predict 100.0 2.8E-42 2.8E-48  281.7   0.0  293   41-347    11-307 (358)
     310 UniRef100_A0A0N1PGA0 Octopamin 100.0 2.8E-42 2.9E-48  295.9   0.0  294   37-340   103-490 (547)
     311 UniRef100_A0A0S1YD99 Neuropept 100.0 2.9E-42 2.9E-48  281.3   0.0  300   40-347    74-377 (423)
     312 tr|A0A0R4IQ19|A0A0R4IQ19_DANRE 100.0 2.9E-42 2.9E-48  276.1   0.0  300   39-347    53-352 (384)
     313 tr|R4J1H6|R4J1H6_SALSA Cholecy 100.0 2.9E-42 2.9E-48  283.6   0.0  302   42-346    47-410 (461)
     314 UniRef100_A0A060VV87 Kappa-typ 100.0   3E-42   3E-48  292.0   0.0  284   43-341   192-476 (586)
     315 UniRef100_A0A067R4E0 Tachykini 100.0 3.2E-42 3.2E-48  285.8   0.0  299   38-342    46-344 (396)
     316 tr|A0A1W4X208|A0A1W4X208_AGRPL 100.0 3.3E-42 3.4E-48  284.6   0.0  296   41-342    94-393 (467)
     317 UniRef100_A0A023F4J9 Putative  100.0 3.4E-42 3.4E-48  297.8   0.0  292   39-340   154-490 (588)
     318 UniRef100_A0A026W4F0 Octopamin 100.0 3.5E-42 3.5E-48  284.2   0.0  294   39-342    53-392 (445)
     319 UniRef100_A0A061QLL1 Putative  100.0 3.5E-42 3.6E-48  288.3   0.0  298   32-343    36-422 (424)
     320 UniRef100_A0A087QH27 C-C chemo 100.0 3.6E-42 3.6E-48  305.7   0.0  283   39-343   198-485 (591)
     321 UniRef100_A0A0L8HMQ0 G_PROTEIN 100.0 3.6E-42 3.6E-48  293.2   0.0  330    9-344    10-349 (538)
     322 tr|A0A2B4SSL5|A0A2B4SSL5_STYPI 100.0 3.7E-42 3.7E-48  274.9   0.0  296   40-349    20-316 (344)
     323 tr|A0A0V1MVC7|A0A0V1MVC7_9BILA 100.0 3.7E-42 3.8E-48  295.6   0.0  294   40-343    79-379 (598)
     324 UniRef100_A0A061QHX0 Putative  100.0 3.8E-42 3.9E-48  299.3   0.0  291   40-344   131-509 (563)
     325 UniRef100_A0A6P4ZPQ5 G-protein 100.0 3.8E-42 3.9E-48  279.2   0.0  286   39-338    40-325 (420)
     326 tr|A0A2B4SAJ4|A0A2B4SAJ4_STYPI 100.0   4E-42 4.1E-48  289.4   0.0  292   39-340    26-331 (434)
     327 UniRef100_A0A0E3EKU4 Allatotro 100.0 4.2E-42 4.3E-48  287.0   0.0  299   40-345   130-434 (562)
     328 UniRef100_A0A6F9DEB9 5-hydroxy 100.0 4.7E-42 4.7E-48  291.5   0.0  315    5-339    18-356 (426)
     329 tr|V9I0H3|V9I0H3_TRICA CCHamid 100.0 4.7E-42 4.8E-48  281.3   0.0  311   39-351    26-339 (423)
     330 UniRef100_A0A060X0P4 G_PROTEIN 100.0 4.9E-42   5E-48  296.3   0.0  287   38-339   135-428 (513)
     331 tr|S7PUA8|S7PUA8_MYOBR C-C che 100.0 4.9E-42   5E-48  297.7   0.0  282   39-342   280-566 (603)
     332 tr|A0A1V4JMN9|A0A1V4JMN9_PATFA 100.0 4.9E-42   5E-48  287.0   0.0  299   42-343    93-422 (537)
     333 UniRef100_A0A0L8FP69 G_PROTEIN 100.0 5.4E-42 5.5E-48  283.5   0.0  290   43-342    50-341 (488)
     334 UniRef100_A0A060XMX0 NPY-Y2 re 100.0 5.4E-42 5.5E-48  280.2   0.0  295   39-343   121-415 (452)
     335 UniRef100_A0A336LUR7 CSON00145 100.0 5.5E-42 5.6E-48  291.1   0.0  298   39-340    85-383 (670)
     336 UniRef100_A0A068FL22 Pheromone 100.0 5.5E-42 5.7E-48  285.8   0.0  325   12-343    54-393 (522)
     337 tr|A0A2B4R9G2|A0A2B4R9G2_STYPI 100.0 5.7E-42 5.8E-48  283.4   0.0  295   33-339    52-346 (378)
     338 UniRef100_A0A060ILH2 Neuromedi 100.0 5.7E-42 5.8E-48  293.1   0.0  301   40-344   175-479 (606)
     339 UniRef100_A0A193KUI4 GCR044 n= 100.0 5.7E-42 5.8E-48  287.0   0.0  306   39-345    30-350 (508)
     340 SRR6218665_799277              100.0 5.7E-42 5.9E-48  278.4   0.0  306   33-345   116-422 (456)
     341 UniRef100_E9HAW0 G_PROTEIN_REC 100.0 5.9E-42   6E-48  281.1   0.0  294   36-339    59-353 (393)
     342 tr|A0A1L8HND2|A0A1L8HND2_XENLA 100.0   6E-42 6.1E-48  285.6   0.0  300   40-345   127-430 (452)
     343 tr|A0A1D1V6H4|A0A1D1V6H4_RAMVA 100.0   6E-42 6.2E-48  286.6   0.0  304   36-344    56-375 (498)
     344 UniRef100_A0A678XEL8 Trace ami 100.0 6.1E-42 6.2E-48  292.4   0.0  298   37-344    51-358 (523)
     345 tr|A0A1I8PG61|A0A1I8PG61_STOCA 100.0 6.4E-42 6.6E-48  299.3   0.0  295   38-343   296-593 (716)
     346 tr|A0A060XRS0|A0A060XRS0_ONCMY 100.0 6.5E-42 6.6E-48  300.5   0.0  292   39-346    53-379 (900)
     347 UniRef100_A0A087T988 G-protein 100.0   7E-42 7.1E-48  287.3   0.0  294   36-345    59-379 (402)
     348 tr|A0A183W5E7|A0A183W5E7_TRIRE 100.0 7.1E-42 7.2E-48  285.3   0.0  303   38-347    48-357 (503)
     349 UniRef100_A0A060YTK2 Uncharact 100.0 7.5E-42 7.6E-48  280.8   0.0  292   38-343    81-379 (447)
     350 tr|A0A1W4X1F3|A0A1W4X1F3_AGRPL 100.0 7.6E-42 7.7E-48  286.1   0.0  298   36-340   128-429 (485)
     351 tr|A0A0P6C571|A0A0P6C571_9CRUS 100.0 7.6E-42 7.8E-48  285.3   0.0  300   38-341    52-444 (558)
     352 UniRef100_A0A0K0PUE3 Orphan G- 100.0 7.8E-42 7.9E-48  293.2   0.0  299   39-342   114-430 (550)
     353 UniRef100_D1LX82 Neuropeptide  100.0 8.1E-42 8.2E-48  290.2   0.0  287   45-345    58-351 (424)
     354 UniRef100_A0A026W4S0 Neuromedi 100.0 8.3E-42 8.5E-48  295.5   0.0  300   40-343    72-389 (604)
     355 tr|A0A0K0PUV0|A0A0K0PUV0_PLADU 100.0 8.5E-42 8.6E-48  281.6   0.0  292   41-347    15-338 (373)
     356 UniRef100_A0A7M7G1H5 G_PROTEIN 100.0 8.7E-42 8.7E-48  291.7   0.0  286   43-345    39-336 (381)
     357 tr|A0A2B4RSD1|A0A2B4RSD1_STYPI 100.0 8.7E-42 8.8E-48  295.0   0.0  292   38-344    47-383 (430)
     358 UniRef100_A0A2S1WLX6 Putative  100.0 8.6E-42 8.8E-48  282.8   0.0  287   48-345    53-461 (475)
     359 UniRef100_A0A067RTM0 Neuromedi 100.0 8.9E-42 9.1E-48  278.4   0.0  300   40-340    35-348 (382)
     360 UniRef100_A0A061IAU9 Gastric r 100.0 9.6E-42 9.8E-48  290.0   0.0  297   38-345   111-409 (588)
     361 tr|A0A226N2C0|A0A226N2C0_CALSU 100.0 9.7E-42   1E-47  285.3   0.0  300   40-347   223-525 (569)
     362 UniRef100_A0A0G3Y5J3 Peropsin  100.0   1E-41   1E-47  285.5   0.0  288   42-343    37-324 (363)
     363 UniRef100_A0A2G8KMT5 G_PROTEIN 100.0   1E-41   1E-47  284.4   0.0  279   43-339    38-324 (402)
     364 UniRef100_A0A2B4SYG2 5-hydroxy 100.0   1E-41   1E-47  280.8   0.0  291   33-339    21-313 (376)
     365 tr|A0A182FRI7|A0A182FRI7_ANOAL 100.0   1E-41   1E-47  302.6   0.0  189   39-237   110-298 (677)
     366 UniRef100_A0A087R2J6 Neuropept 100.0 1.1E-41 1.1E-47  294.0   0.0  299   38-339   209-516 (638)
     367 UniRef100_A0A2B4SJE7 Orexin re 100.0 1.1E-41 1.1E-47  292.1   0.0  295   38-343   131-432 (517)
     368 UniRef100_A0A077Z2V7 Neuropept 100.0 1.1E-41 1.1E-47  283.5   0.0  298   36-339    64-372 (451)
     369 UniRef100_A0A0L7QPT9 Green-sen 100.0 1.1E-41 1.1E-47  288.4   0.0  288   32-339    72-359 (445)
     370 tr|A0A2B4RR50|A0A2B4RR50_STYPI 100.0 1.1E-41 1.1E-47  281.2   0.0  299   38-346    26-329 (411)
     371 tr|A7S585|A7S585_NEMVE Predict 100.0 1.1E-41 1.2E-47  282.8   0.0  302   36-347    19-330 (374)
     372 tr|K1PEH3|K1PEH3_CRAGI Neurope 100.0 1.2E-41 1.2E-47  279.4   0.0  295   42-344    48-359 (411)
     373 tr|A0A1S3FWK5|A0A1S3FWK5_DIPOR 100.0 1.2E-41 1.2E-47  291.4   0.0  299   35-345   410-732 (786)
     374 UniRef100_A0A060Y7B7 G_PROTEIN 100.0 1.2E-41 1.2E-47  292.9   0.0  294   35-344   109-551 (560)
     375 UniRef100_A0A1D1UQ64 G_PROTEIN 100.0 1.2E-41 1.2E-47  276.2   0.0  299   32-342    35-333 (366)
     376 SRR6218665_147192              100.0 1.2E-41 1.3E-47  284.4   0.0  301   38-346    97-400 (466)
     377 UniRef100_A0A0P5DS31 Neuropept 100.0 1.3E-41 1.3E-47  278.8   0.0  296   38-339    82-381 (482)
     378 UniRef100_A0A6P4ZN87 somatosta 100.0 1.3E-41 1.3E-47  280.2   0.0  295   38-344    29-330 (391)
     379 UniRef100_A0A0G2UQ37 Rhodopsin 100.0 1.3E-41 1.3E-47  286.7   0.0  290   40-338    94-391 (515)
     380 tr|A7RYQ3|A7RYQ3_NEMVE Predict 100.0 1.3E-41 1.3E-47  286.6   0.0  290   38-344    48-337 (367)
     381 tr|C7SLZ0|C7SLZ0_APLKU Seroton 100.0 1.3E-41 1.3E-47  289.9   0.0  298   33-348    64-430 (485)
     382 UniRef100_A0A060WAA0 NK-2 rece 100.0 1.3E-41 1.3E-47  280.7   0.0  299   36-345    66-367 (465)
     383 tr|K1PQM6|K1PQM6_CRAGI Putativ 100.0 1.3E-41 1.4E-47  280.7   0.0  326   15-347    59-399 (429)
     384 tr|A0A091CRU0|A0A091CRU0_FUKDA 100.0 1.4E-41 1.4E-47  297.9   0.0  283   38-342   405-692 (720)
     385 tr|L9JWP3|L9JWP3_TUPCH C-C che 100.0 1.4E-41 1.4E-47  298.8   0.0  280   40-340   386-667 (702)
     386 tr|A0A1I8N820|A0A1I8N820_MUSDO 100.0 1.4E-41 1.4E-47  295.9   0.0  298   33-341   296-636 (880)
     387 UniRef100_A0A1B0TJL6 Opsin Gq3 100.0 1.4E-41 1.5E-47  288.9   0.0  289   40-337    70-365 (589)
     388 tr|A0A1S3NPB2|A0A1S3NPB2_SALSA 100.0 1.5E-41 1.5E-47  281.3   0.0  299   34-343    31-332 (443)
     389 UniRef100_A0A0P7U357 Apelin re 100.0 1.5E-41 1.5E-47  281.7   0.0  288   39-347    55-348 (401)
     390 tr|T1KTS6|T1KTS6_TETUR Unchara 100.0 1.5E-41 1.6E-47  289.3   0.0  296   38-339   116-415 (587)
     391 SRR6218665_1158703             100.0 1.6E-41 1.6E-47  282.0   0.0  303   36-344    31-336 (413)
     392 UniRef100_A0A016T4B6 G_PROTEIN 100.0 1.6E-41 1.6E-47  297.6   0.0  298   38-342    99-428 (585)
     393 UniRef100_A0A024R2Q0 Chemokine 100.0 1.6E-41 1.7E-47  291.4   0.0  283   39-342   154-443 (499)
     394 tr|A0A232F8D2|A0A232F8D2_9HYME 100.0 1.6E-41 1.7E-47  283.7   0.0  300   36-340    66-368 (478)
     395 tr|A7SFM3|A7SFM3_NEMVE Predict 100.0 1.7E-41 1.7E-47  285.9   0.0  303   32-343    29-338 (356)
     396 UniRef100_A0A060VPX8 G_PROTEIN 100.0 1.7E-41 1.7E-47  304.5   0.0  282   40-342   131-418 (527)
     397 UniRef100_A0A060YY06 G_PROTEIN 100.0 1.8E-41 1.8E-47  286.7   0.0  298   40-340   102-406 (490)
     398 tr|A7SIX0|A7SIX0_NEMVE Predict 100.0 1.8E-41 1.8E-47  278.8   0.0  295   39-345    22-321 (403)
     399 UniRef100_A0A2G8JD30 Putative  100.0 1.8E-41 1.8E-47  270.3   0.0  294   40-342    23-316 (323)
     400 UniRef100_F6ZHC8 Uncharacteriz 100.0 1.8E-41 1.8E-47  286.8   0.0  301   42-345    88-467 (520)
     401 tr|A0A146TP77|A0A146TP77_FUNHE 100.0 1.9E-41 1.9E-47  298.4   0.0  290   42-345    47-426 (522)
     402 tr|W8B9D1|W8B9D1_CERCA 5-hydro 100.0 1.9E-41 1.9E-47  288.3   0.0  297   37-345   258-629 (664)
     403 tr|A0A096NTW4|A0A096NTW4_PAPAN 100.0 1.9E-41   2E-47  279.2   0.0  301   40-348   131-432 (442)
     404 tr|A0A210QY69|A0A210QY69_MIZYE 100.0   2E-41   2E-47  273.0   0.0  295   38-345    83-380 (400)
     405 UniRef100_A0A060WGF3 B2 bradyk 100.0 2.1E-41 2.1E-47  298.6   0.0  285   42-340   160-449 (589)
     406 UniRef100_A0A151NBW6 Beta-3 ad 100.0 2.1E-41 2.1E-47  282.8   0.0  291   41-341    30-339 (490)
     407 tr|W8C2A8|W8C2A8_CERCA Neurope 100.0 2.2E-41 2.2E-47  297.8   0.0  294   40-339   263-561 (827)
     408 UniRef100_A0A1L8HHP3 G_PROTEIN 100.0 2.2E-41 2.3E-47  276.6   0.0  287   40-340    44-337 (370)
     409 UniRef100_A0A3M6TDR7 G_PROTEIN 100.0 2.3E-41 2.3E-47  291.3   0.0  277   40-340    73-351 (425)
     410 tr|A0A182U1B5|A0A182U1B5_9DIPT 100.0 2.3E-41 2.4E-47  289.4   0.0  306   32-342    28-343 (620)
     411 tr|A0A146NY53|A0A146NY53_FUNHE 100.0 2.4E-41 2.4E-47  285.3   0.0  289   44-340     9-315 (469)
     412 tr|K7ISZ6|K7ISZ6_NASVI Unchara 100.0 2.4E-41 2.4E-47  278.7   0.0  329   11-344    63-401 (454)
     413 tr|A0A147A4W2|A0A147A4W2_FUNHE 100.0 2.4E-41 2.5E-47  284.8   0.0  301   42-346    95-447 (502)
     414 tr|A0A061IHH7|A0A061IHH7_CRIGR 100.0 2.4E-41 2.5E-47  308.0   0.0  295   36-342   615-919 (934)
     415 UniRef100_A0A026WJE1 Neuropept 100.0 2.5E-41 2.5E-47  290.2   0.0  302   39-342   116-440 (606)
     416 UniRef100_A0A060X6T3 G_PROTEIN 100.0 2.5E-41 2.6E-47  286.2   0.0  288   41-344    89-415 (550)
     417 tr|A0A182L9N8|A0A182L9N8_9DIPT 100.0 2.7E-41 2.7E-47  286.7   0.0  292   41-343    88-383 (490)
     418 tr|B4LIK1|B4LIK1_DROVI Unchara 100.0 2.8E-41 2.8E-47  281.9   0.0  304   39-346    94-401 (518)
     419 UniRef100_UPI0001CB9B44 somato 100.0 2.8E-41 2.9E-47  266.2   0.0  291   42-344    28-318 (365)
     420 UniRef100_A0A034WQT6 Tachykini 100.0 2.8E-41 2.9E-47  290.4   0.0  298   39-341   114-417 (694)
     421 tr|A0A212C668|A0A212C668_CEREH 100.0 2.9E-41 2.9E-47  282.9   0.0  289   38-342   216-556 (558)
     422 UniRef100_A0A1A8LLZ9 Hypocreti 100.0   3E-41   3E-47  275.1   0.0  307   40-349    63-379 (413)
     423 UniRef100_A0A6P8H157 QRFP-like 100.0   3E-41   3E-47  280.1   0.0  292   41-351    41-336 (351)
     424 UniRef100_A0A084WCX2 AGAP00493 100.0   3E-41   3E-47  286.6   0.0  291   36-342    89-388 (474)
     425 UniRef100_A0A0L8H8I0 G_PROTEIN 100.0 3.1E-41 3.1E-47  294.5   0.0  291   37-343    68-364 (466)
     426 tr|A0A210Q372|A0A210Q372_MIZYE 100.0 3.1E-41 3.1E-47  281.3   0.0  308   33-344    47-356 (439)
     427 UniRef100_A0A0D9R0U9 Apelin re 100.0 3.1E-41 3.2E-47  281.4   0.0  290   41-342    61-363 (482)
     428 UniRef100_A0A1B1JCE4 Adrenergi 100.0 3.1E-41 3.2E-47  285.7   0.0  299   34-344    51-349 (530)
     429 tr|K1QHX9|K1QHX9_CRAGI Somatos 100.0 3.3E-41 3.4E-47  285.0   0.0  291   40-342    47-339 (456)
     430 tr|A0A0L7QUK8|A0A0L7QUK8_9HYME 100.0 3.4E-41 3.5E-47  293.2   0.0  304   33-341   192-497 (806)
     431 UniRef100_A0A2G8KTA9 Putative  100.0 3.5E-41 3.5E-47  290.5   0.0  279   44-340    51-342 (445)
     432 UniRef100_A0A026VXG0 Octopamin 100.0 3.5E-41 3.5E-47  294.7   0.0  292   38-339    78-537 (647)
     433 tr|A0A0P6B7K0|A0A0P6B7K0_9CRUS 100.0 3.5E-41 3.5E-47  291.1   0.0  302   40-347   111-492 (579)
     434 tr|A0A1S3NNV5|A0A1S3NNV5_SALSA 100.0 3.5E-41 3.5E-47  281.5   0.0  298   39-339    60-377 (499)
     435 tr|A0A195CW68|A0A195CW68_9HYME 100.0 3.5E-41 3.6E-47  290.9   0.0  309   38-347    52-384 (698)
     436 UniRef100_A0A3M6T9C5 G_PROTEIN 100.0 3.6E-41 3.6E-47  285.4   0.0  302   37-347    54-364 (402)
     437 UniRef100_A0A068WTW9 Tachykini 100.0 3.6E-41 3.6E-47  280.7   0.0  300   35-342    39-359 (453)
     438 tr|A0A1S3W6N0|A0A1S3W6N0_ERIEU 100.0 3.7E-41 3.8E-47  285.2   0.0  302   40-343   130-444 (596)
     439 UniRef100_A0A6P8HX63 probable  100.0 3.8E-41 3.9E-47  286.7   0.0  287   41-347    57-365 (407)
     440 UniRef100_A0A016TS00 G_PROTEIN 100.0 3.8E-41 3.9E-47  296.5   0.0  302   37-345   108-556 (622)
     441 UniRef100_UPI000219022F Endoly 100.0 3.8E-41 3.9E-47  278.7   0.0  287   43-345   202-489 (507)
     442 UniRef100_A0A0K0PUX3 Orphan G- 100.0   4E-41   4E-47  290.0   0.0  283   40-338    59-346 (419)
     443 UniRef100_A0A2B4S7Y2 Neuropept 100.0 4.1E-41 4.1E-47  291.3   0.0  287   38-342    78-371 (460)
     444 UniRef100_A0A2G8JGQ1 Putative  100.0 4.2E-41 4.2E-47  287.8   0.0  298   32-345    49-373 (455)
     445 UniRef100_A0A091L2D9 Orexin re 100.0 4.2E-41 4.2E-47  273.0   0.0  298   43-343    14-342 (386)
     446 UniRef100_A0A6P8IPF1 5-hydroxy 100.0 4.2E-41 4.3E-47  274.6   0.0  298   36-342    52-361 (403)
     447 tr|A0A131ZXP6|A0A131ZXP6_SARSC 100.0 4.2E-41 4.3E-47  277.3   0.0  293   40-345   121-415 (480)
     448 UniRef100_A0A3M6TV84 G_PROTEIN 100.0 4.6E-41 4.6E-47  282.1   0.0  288   41-343    45-338 (405)
     449 tr|A0A182U973|A0A182U973_9DIPT 100.0 4.9E-41   5E-47  295.2   0.0  306   39-346   556-868 (1016)
     450 UniRef100_A0A059ZY04 Angiotens 100.0 5.1E-41 5.2E-47  293.0   0.0  285   37-343   164-455 (546)
     451 UniRef100_UPI0001CBB4DC allato 100.0 5.2E-41 5.3E-47  286.9   0.0  299   36-340    54-367 (431)
     452 tr|H2Q292|H2Q292_PANTR Unchara 100.0 5.3E-41 5.4E-47  278.2   0.0  299   35-347    75-408 (492)
     453 UniRef100_A0A087R306 Hypocreti 100.0 5.3E-41 5.5E-47  284.1   0.0  300   41-343   150-480 (594)
     454 UniRef100_A0A016UUZ5 G_PROTEIN 100.0 5.4E-41 5.5E-47  281.2   0.0  287   38-343    71-413 (486)
     455 UniRef100_A0A3M6THF9 G_PROTEIN 100.0 5.6E-41 5.6E-47  287.1   0.0  276   38-339    57-335 (483)
     456 ERR1719510_236906              100.0 5.5E-41 5.6E-47  291.5   0.0  299   39-347    80-378 (577)
     457 UniRef100_A0A026W3I9 Neuropept 100.0 5.8E-41 5.9E-47  288.5   0.0  297   40-343    57-368 (599)
     458 UniRef100_A0A1S3IXU9 RYamide r 100.0 5.8E-41   6E-47  273.0   0.0  301   33-339    26-327 (438)
     459 tr|A0A2D0TBG0|A0A2D0TBG0_ICTPU 100.0 5.9E-41   6E-47  272.3   0.0  301   41-343    62-372 (429)
     460 UniRef100_A0A3B4UE11 Si:zfos-1 100.0 5.9E-41 6.1E-47  272.7   0.0  288   40-344    64-352 (441)
     461 tr|A0A0F8AVG0|A0A0F8AVG0_LARCR 100.0   6E-41 6.2E-47  279.3   0.0  290   36-340    51-341 (544)
     462 UniRef100_A0A2B4RXD1 Neuropept 100.0 6.1E-41 6.2E-47  283.7   0.0  292   39-345    92-385 (461)
     463 UniRef100_A0A6S7GTF4 D(2) dopa 100.0 6.2E-41 6.3E-47  272.9   0.0  310   49-382    44-357 (359)
     464 UniRef100_A0A7M7GHY8 G_PROTEIN 100.0 6.4E-41 6.5E-47  288.1   0.0  298   36-345   124-425 (453)
     465 UniRef100_A0A1J0CN88 Xenopsin  100.0 6.5E-41 6.5E-47  285.0   0.0  296   34-339    74-370 (469)
     466 UniRef100_A0A3M6T6Z7 G_PROTEIN 100.0 6.4E-41 6.6E-47  271.1   0.0  294   37-344    22-318 (362)
     467 UniRef100_A0A1D1UXI1 G_PROTEIN 100.0 6.5E-41 6.7E-47  278.2   0.0  305   33-348   127-435 (553)
     468 tr|A7RKP0|A7RKP0_NEMVE Predict 100.0 6.6E-41 6.7E-47  274.8   0.0  293   41-347     7-312 (350)
     469 tr|A0A147AUP2|A0A147AUP2_FUNHE 100.0 6.8E-41 6.9E-47  284.7   0.0  266   43-323   122-388 (482)
     470 UniRef100_A0A067R423 Gustatory 100.0 7.1E-41 7.2E-47  279.0   0.0  294   36-345    50-350 (424)
     471 tr|A0A139WEA0|A0A139WEA0_TRICA 100.0 7.1E-41 7.2E-47  270.5   0.0  303   39-348    91-411 (464)
     472 tr|C3Z3H5|C3Z3H5_BRAFL Unchara 100.0 7.1E-41 7.3E-47  271.8   0.0  302   40-348    79-380 (405)
     473 UniRef100_A0A0N1IB59 Orexin re 100.0 7.2E-41 7.3E-47  280.3   0.0  294   40-339   127-448 (546)
     474 UniRef100_A0A2B4SID7 Neuropept 100.0 7.3E-41 7.4E-47  283.5   0.0  299   36-342    76-379 (462)
     475 UniRef100_A0A3M6T5D0 G_PROTEIN 100.0 7.5E-41 7.5E-47  282.4   0.0  275   39-347    50-328 (402)
     476 UniRef100_A0A087YAA7 Neuromedi 100.0 7.5E-41 7.7E-47  272.1   0.0  340   39-378   143-488 (495)
     477 UniRef100_A0A3M6UKG3 G_PROTEIN 100.0 7.6E-41 7.8E-47  272.9   0.0  293   38-339    21-318 (378)
     478 tr|A7SFG7|A7SFG7_NEMVE Predict 100.0   8E-41 8.1E-47  274.8   0.0  292   36-339    18-309 (364)
     479 tr|A0A2D0SD29|A0A2D0SD29_ICTPU 100.0 8.1E-41 8.2E-47  278.5   0.0  290   42-341     5-307 (420)
     480 Marorgknorr_s2lv_2_1036014.sca 100.0 8.2E-41 8.3E-47  277.8   0.0  307   33-346    21-335 (366)
     481 tr|A0A0S0WMT8|A0A0S0WMT8_DROME 100.0 8.2E-41 8.4E-47  281.2   0.0  291   39-341   143-435 (593)
     482 UniRef100_A0A553N720 G_PROTEIN 100.0 8.3E-41 8.4E-47  283.6   0.0  297   39-344   135-435 (595)
     483 UniRef100_A0A024FLZ5 PQRFa pep 100.0 8.3E-41 8.5E-47  277.0   0.0  293   40-340    56-349 (416)
     484 UniRef100_A0A084VAB3 Pk-1 rece 100.0 8.3E-41 8.5E-47  284.2   0.0  290   39-338   101-411 (552)
     485 UniRef100_A0A0S1YDN7 Diapause  100.0 8.4E-41 8.5E-47  284.9   0.0  327    4-340    58-406 (569)
     486 UniRef100_A0A060WGM3 G_PROTEIN 100.0 8.5E-41 8.6E-47  295.4   0.0  298   32-341   135-440 (537)
     487 UniRef100_A0A6P8H485 beta-2 ad 100.0 8.5E-41 8.6E-47  283.2   0.0  299   36-344    52-360 (411)
     488 UniRef100_A0A6A7G2U4 Octopamin 100.0 8.5E-41 8.7E-47  282.6   0.0  296   36-340   165-509 (574)
     489 UniRef100_A0A1B6HDB2 G_PROTEIN 100.0 8.6E-41 8.8E-47  266.0   0.0  293   42-344    12-308 (360)
     490 UniRef100_A0A3M6UBA2 G_PROTEIN 100.0 8.9E-41   9E-47  279.5   0.0  288   40-343    48-341 (383)
     491 UniRef100_K1Q092 Neuropeptide  100.0 9.5E-41 9.7E-47  276.3   0.0  291   39-342    84-374 (432)
     492 UniRef100_A0A060WXX3 G-protein 100.0 9.6E-41 9.7E-47  292.4   0.0  282   39-340   157-451 (539)
     493 UniRef100_A0A0X7YAU3 ACP recep 100.0 9.6E-41 9.7E-47  287.5   0.0  289   41-336    82-384 (492)
     494 UniRef100_A0A3Q0GLD8 galanin r 100.0 9.7E-41 9.9E-47  269.6   0.0  292   41-347   151-443 (499)
     495 tr|A0A1I8MRR4|A0A1I8MRR4_MUSDO 100.0 9.7E-41 9.9E-47  290.2   0.0  301   39-342   256-558 (819)
     496 tr|A0A0P7U113|A0A0P7U113_9TELE 100.0 9.9E-41   1E-46  279.6   0.0  272   40-338   146-417 (452)
     497 tr|A0A091DX38|A0A091DX38_FUKDA 100.0 9.8E-41   1E-46  290.7   0.0  290   40-344   141-430 (878)
     498 tr|A0A0K2TJR3|A0A0K2TJR3_LEPSM 100.0   1E-40   1E-46  270.2   0.0  302   39-342    52-356 (402)
     499 UniRef100_UPI000719D376 galani 100.0   1E-40   1E-46  271.6   0.0  301   45-347    68-376 (418)
     500 UniRef100_F6SEF7 G_PROTEIN_REC 100.0   1E-40   1E-46  268.9   0.0  312   15-339    13-334 (337)
     
  > Uniprot already searched, skipping.
> Running chain B
  > Uniref90 already searched, skipping.
  > Mgnify already searched, skipping.
  > Running hhblits on bfd_uniref30
- 12:38:41.195 INFO: Searching 65983866 column state sequences.

- 12:39:01.585 INFO: Searching 29291635 column state sequences.

- 12:39:03.917 INFO: grpr_mouse-613/msas/B/chain_B.fasta is in A2M, A3M or FASTA format

- 12:39:03.918 INFO: Iteration 1

- 12:39:03.930 INFO: Prefiltering database

- 12:39:54.708 INFO: HMMs passed 1st prefilter (gapless profile-profile alignment)  : 35463

- 12:40:17.691 INFO: HMMs passed 1st prefilter (gapless profile-profile alignment)  : 36606

- 12:40:17.818 INFO: HMMs passed 2nd prefilter (gapped profile-profile alignment)   : 97

- 12:40:17.818 INFO: HMMs passed 2nd prefilter and not found in previous iterations : 97

- 12:40:17.818 INFO: Scoring 97 HMMs using HMM-HMM Viterbi alignment

- 12:40:17.844 INFO: Alternative alignment: 0

- 12:40:17.853 INFO: 97 alignments done

- 12:40:17.853 INFO: Alternative alignment: 1

- 12:40:17.860 INFO: 97 alignments done

- 12:40:17.861 INFO: Alternative alignment: 2

- 12:40:17.861 INFO: 3 alignments done

- 12:40:17.861 INFO: Alternative alignment: 3

- 12:40:17.862 INFO: 1 alignments done

- 12:40:17.909 INFO: Premerge done

- 12:40:17.909 INFO: Realigning 102 HMM-HMM alignments using Maximum Accuracy algorithm

- 12:40:17.938 INFO: 55 sequences belonging to 55 database HMMs found with an E-value < 0.001

- 12:40:17.938 INFO: Number of effective sequences of resulting query HMM: Neff = 2.69871

- 12:40:17.941 INFO: Iteration 2

- 12:40:17.941 INFO: Set premerge to 0! (premerge: 3 iteration: 2 hits.Size: 52)

- 12:40:17.947 INFO: Prefiltering database

- 12:40:57.449 INFO: HMMs passed 1st prefilter (gapless profile-profile alignment)  : 23084

- 12:41:17.698 INFO: HMMs passed 1st prefilter (gapless profile-profile alignment)  : 26475

- 12:41:17.753 INFO: HMMs passed 2nd prefilter (gapped profile-profile alignment)   : 90

- 12:41:17.753 INFO: HMMs passed 2nd prefilter and not found in previous iterations : 38

- 12:41:17.753 INFO: Scoring 38 HMMs using HMM-HMM Viterbi alignment

- 12:41:17.771 INFO: Alternative alignment: 0

- 12:41:17.773 INFO: 38 alignments done

- 12:41:17.773 INFO: Alternative alignment: 1

- 12:41:17.775 INFO: 36 alignments done

- 12:41:17.775 INFO: Alternative alignment: 2

- 12:41:17.775 INFO: Alternative alignment: 3

- 12:41:17.784 INFO: Realigning 37 HMM-HMM alignments using Maximum Accuracy algorithm

- 12:41:17.794 INFO: 63 sequences belonging to 63 database HMMs found with an E-value < 0.001

- 12:41:17.795 INFO: Number of effective sequences of resulting query HMM: Neff = 2.72748

- 12:41:17.797 INFO: Iteration 3

- 12:41:17.806 INFO: Prefiltering database

- 12:42:00.634 INFO: HMMs passed 1st prefilter (gapless profile-profile alignment)  : 23381

- 12:42:21.546 INFO: HMMs passed 1st prefilter (gapless profile-profile alignment)  : 25882

- 12:42:21.605 INFO: HMMs passed 2nd prefilter (gapped profile-profile alignment)   : 102

- 12:42:21.605 INFO: HMMs passed 2nd prefilter and not found in previous iterations : 42

- 12:42:21.605 INFO: Scoring 42 HMMs using HMM-HMM Viterbi alignment

- 12:42:21.623 INFO: Alternative alignment: 0

- 12:42:21.625 INFO: 42 alignments done

- 12:42:21.625 INFO: Alternative alignment: 1

- 12:42:21.627 INFO: 39 alignments done

- 12:42:21.627 INFO: Alternative alignment: 2

- 12:42:21.627 INFO: Alternative alignment: 3

- 12:42:21.636 INFO: Rescoring previously found HMMs with Viterbi algorithm

- 12:42:21.650 INFO: Alternative alignment: 0

- 12:42:21.654 INFO: 60 alignments done

- 12:42:21.654 INFO: Alternative alignment: 1

- 12:42:21.658 INFO: 60 alignments done

- 12:42:21.658 INFO: Alternative alignment: 2

- 12:42:21.658 INFO: Alternative alignment: 3

- 12:42:21.667 INFO: Premerge done

- 12:42:21.667 INFO: Realigning 101 HMM-HMM alignments using Maximum Accuracy algorithm

- 12:42:21.684 INFO: 65 sequences belonging to 65 database HMMs found with an E-value < 0.001

- 12:42:21.684 INFO: Number of effective sequences of resulting query HMM: Neff = 2.62246

     Query         neuromedin B gtp:613
     Match_columns 10
     No_of_seqs    34 out of 399
     Neff          2.62246
     Searched_HMMs 133
     Date          Thu Feb 23 12:42:21 2023
     Command       hhblits -i grpr_mouse-613/msas/B/chain_B.fasta -cpu 2 -maxmem 20 -oa3m /projects/ilfgrid/people/nqz918/code/deorph/scripts/af_arman/af_jobs_af23/grpr_mouse/613//grpr_mouse-613/msas/B/bfd_uniref_hits.a3m -o /dev/null -n 3 -e 0.001 -maxseq 1000000 -realign_max 100000 -maxfilt 100000 -min_prefilter_hits 1000 -d /projects/ilfgrid/data/alphafold-genetic-databases///bfd/bfd_metaclust_clu_complete_id30_c90_final_seq.sorted_opt -d /projects/ilfgrid/data/alphafold-genetic-databases///uniref30/UniRef30_2021_03 
     
      No Hit                             Prob E-value P-value  Score    SS Cols Query HMM  Template HMM
       1 UniRef100_A0A0E9X7X9 Uncharact  98.2 2.6E-08 4.3E-14   50.2   0.0   10    1-10     53-62  (149)
       2 tr|A0A147A377|A0A147A377_FUNHE  98.1 6.5E-08 1.1E-13   49.0   0.0   10    1-10     73-82  (156)
       3 UniRef100_P84211 Bombesin-like  97.9 4.6E-07 4.7E-13   33.4   0.0   10    1-10      4-13  (13)
       4 UniRef100_P42991 Bombesin-like  97.9   5E-07 5.2E-13   33.3   0.0   10    1-10      4-13  (13)
       5 UniRef100_P08951 Ranatensin-C   97.8 6.8E-07   7E-13   31.9   0.0    9    2-10      3-11  (11)
       6 UniRef100_P86026 [Asn3,Lys6,Ph  97.8 7.5E-07 7.7E-13   32.4   0.0   10    1-10      3-12  (12)
       7 UniRef100_P08952 Ranatensin-R   97.8 8.6E-07 8.8E-13   34.3   0.0    9    2-10      9-17  (17)
       8 UniRef100_P08946 Rhodei-litori  97.8 9.6E-07 9.9E-13   30.3   0.0    9    2-10      1-9   (9)
       9 UniRef100_A0A2I4AU42 neuromedi  97.8 9.5E-07 1.2E-12   45.1   0.0   10    1-10     49-58  (128)
      10 UniRef100_A0A096MIQ2 Uncharact  97.7 1.2E-06 1.5E-12   45.2   0.0   10    1-10     53-62  (136)
      11 UniRef100_P01297 Neuromedin-B   97.7   2E-06 2.1E-12   37.1   0.0   10    1-10     23-32  (32)
      12 UniRef100_P08945 Litorin n=1 T  97.6 2.7E-06 2.8E-12   29.3   0.0    9    2-10      1-9   (9)
      13 UniRef100_A0A151MAA0 Neuromedi  97.6 2.4E-06 3.2E-12   46.0   0.0   10    1-10     85-94  (204)
      14 UniRef100_A0A061ICH4 NMB n=1 T  97.6 3.1E-06 3.9E-12   44.8   0.0   10    1-10     57-66  (168)
      15 UniRef100_A0A1A7W9V8 Neuromedi  97.5 4.6E-06 5.5E-12   45.1   0.0   10    1-10    101-110 (197)
      16 UniRef100_A0A0N8EUR5 Neuromedi  97.5 6.9E-06 8.2E-12   44.0   0.0   10    1-10     47-56  (177)
      17 UniRef100_A0A3Q3JHI2 Uncharact  97.4 1.2E-05 1.4E-11   41.7   0.0   10    1-10     50-59  (125)
      18 UniRef100_A0A212CSZ3 NMB n=1 T  97.4 1.2E-05 1.5E-11   43.5   0.0   10    1-10     47-56  (198)
      19 UniRef100_A0A0G4DIM2 Ranatensi  97.3 1.4E-05 1.7E-11   41.4   0.0   10    1-10     49-58  (129)
      20 UniRef100_A0A7L2A887 NMB prote  97.3 2.5E-05 2.6E-11   37.4   0.0   10    1-10     13-22  (62)
      21 UniRef100_A0A1D5PAZ6 Uncharact  97.2   4E-05 4.5E-11   40.9   0.0   10    1-10     46-55  (154)
      22 UniRef100_P23260 Neuromedin-C   97.1 4.8E-05 4.9E-11   27.0   0.0   10    1-10      1-10  (10)
      23 UniRef100_A0A091F5U3 Uncharact  97.1 4.7E-05 5.4E-11   39.0   0.0   10    1-10     18-27  (107)
      24 UniRef100_P84212 Bombesin-like  97.1 5.9E-05   6E-11   28.2   0.0   10    1-10      4-13  (13)
      25 UniRef100_UPI0003EBD3BA neurom  97.1   6E-05 6.1E-11   37.2   0.0   10    1-10     21-30  (76)
      26 UniRef100_UPI0007AD328A neurom  97.1 6.3E-05 6.5E-11   38.4   0.0   10    1-10     14-23  (100)
      27 UniRef100_A0A5J5D5W4 Uncharact  97.1 7.2E-05 7.4E-11   37.5   0.0   10    1-10     49-58  (86)
      28 UniRef100_P08944 Alytesin n=2   97.0 7.9E-05 8.1E-11   28.3   0.0   10    1-10      5-14  (14)
      29 UniRef100_A0A3B3HB94 Uncharact  97.0 8.2E-05 8.4E-11   38.0   0.0   10    1-10     46-55  (98)
      30 UniRef100_UPI0010A31B8B neurom  97.0 8.5E-05 8.8E-11   38.3   0.0   10    1-10     55-64  (108)
      31 UniRef100_P08989 Gastrin-relea  97.0 9.9E-05 1.2E-10   31.3   0.0   10    1-10     18-27  (27)
      32 UniRef100_A0A3B3HSG5 Uncharact  97.0 0.00011 1.2E-10   40.2   0.0   10    1-10     96-105 (182)
      33 UniRef100_A0A672PT95 Uncharact  96.9 0.00013 1.3E-10   38.7   0.0   10    1-10     39-48  (133)
      34 tr|L5L3S3|L5L3S3_PTEAL Neurome  96.9 0.00015 1.6E-10   41.0   0.0   10    1-10     47-56  (257)
      35 UniRef100_G1MQK3 Uncharacteriz  96.9 0.00015 1.6E-10   39.8   0.0   10    1-10     91-100 (189)
      36 UniRef100_A0A3B5BBY8 Uncharact  96.9 0.00018   2E-10   39.5   0.0   10    1-10     59-68  (189)
      37 UniRef100_UPI0019D44154 neurom  96.8 0.00021 2.2E-10   38.3   0.0   10    1-10     73-82  (147)
      38 tr|A0A0F8AZP6|A0A0F8AZP6_LARCR  96.8 0.00023 2.7E-10   37.8   0.0   10    1-10     49-58  (138)
      39 UniRef100_A0A091LIP6 Neuromedi  96.8 0.00027   3E-10   37.3   0.0   10    1-10     40-49  (128)
      40 UniRef100_UPI0007B40191 neurom  96.7 0.00033 3.4E-10   37.4   0.0   10    1-10     63-72  (136)
      41 UniRef100_UPI000B902FD3 neurom  96.7 0.00038 3.9E-10   37.9   0.0   10    1-10     90-99  (163)
      42 UniRef100_A0A4X2JXK7 Uncharact  96.6 0.00047 4.9E-10   38.1   0.0   10    1-10     50-59  (189)
      43 UniRef100_A0A553MYP3 Endopepti  96.6 0.00046   5E-10   39.7   0.0   10    1-10    198-207 (284)
      44 UniRef100_A0A2R8ZTY6 Neuromedi  96.6 0.00052 5.4E-10   37.9   0.0   10    1-10    111-120 (185)
      45 UniRef100_A0A1S3W3J9 neuromedi  96.6 0.00053 5.4E-10   37.2   0.0   10    1-10     37-46  (153)
      46 UniRef100_UPI0009071F30 neurom  96.6 0.00052 5.5E-10   38.2   0.0   10    1-10     50-59  (198)
      47 UniRef100_A0A2K6LQB0 Uncharact  96.6 0.00058   6E-10   38.1   0.0   10    1-10     47-56  (203)
      48 UniRef100_A0A3P8VXS2 Neuromedi  96.6 0.00058 6.1E-10   36.6   0.0   10    1-10     45-54  (139)
      49 UniRef100_A0A1S3LUW4 GRP-10 n=  96.5 0.00064 8.4E-10   37.2   0.0   10    1-10     60-69  (182)
      50 UniRef100_UPI001A9842D0 protei  96.5 0.00083 8.5E-10   38.1   0.0   10    1-10      5-14  (235)
      51 UniRef100_A0A287B814 Neuromedi  96.5 0.00094 9.8E-10   37.5   0.0   10    1-10    124-133 (212)
      52 UniRef100_A0A5F8GCH3 Uncharact  96.5 0.00097   1E-09   37.2   0.0   10    1-10     59-68  (196)
      53 UniRef100_A0A2D1UJ60 Bombesin   96.4 0.00099 1.2E-09   33.9   0.0    9    2-10     56-64  (91)
      54 UniRef100_A0A674CU48 Uncharact  96.4  0.0012 1.2E-09   35.5   0.0   10    1-10     51-60  (135)
      55 UniRef100_A0A6I9JY53 uncharact  96.4  0.0012 1.3E-09   37.4   0.0   10    1-10     47-56  (228)
      56 UniRef100_L5L3S3 Neuromedin-B   96.4  0.0013 1.4E-09   37.7   0.0   10    1-10     47-56  (257)
      57 UniRef100_A0A401Q1H0 Uncharact  96.3  0.0016 1.6E-09   38.4   0.0   10    1-10     50-59  (346)
      58 UniRef100_A0A493STU8 Uncharact  96.3  0.0016 1.6E-09   37.2   0.0   10    1-10    153-162 (241)
      59 UniRef100_UPI001443DC7A neurom  96.3  0.0017 1.7E-09   37.4   0.0   10    1-10     85-94  (261)
      60 UniRef100_A0A498LEF0 Tetraspan  96.2  0.0019   2E-09   38.3   0.0   10    1-10     57-66  (356)
      61 UniRef100_A0A661ZA63 Uncharact  96.2  0.0021 2.2E-09   25.1   0.0    8    3-10      2-9   (15)
      62 UniRef100_P01295 Gastrin-relea  96.2  0.0021 2.3E-09   27.9   0.0   10    1-10     19-28  (28)
      63 UniRef100_G1TEL7 Uncharacteriz  96.2  0.0022 2.3E-09   37.9   0.0   10    1-10     47-56  (343)
      64 UniRef100_A0A096MP90 GRP-10 n=  96.1  0.0027 3.3E-09   35.1   0.0   10    1-10     41-50  (177)
      65 UniRef100_L9KNU0 WD repeat-con  96.1  0.0034 3.5E-09   38.2   0.0   10    1-10     47-56  (460)
      66 UniRef100_A0A3B5K5H6 Uncharact  95.7  0.0083 8.6E-09   31.7   0.0   10    1-10     48-57  (104)
      67 UniRef100_A0A444V3T1 Protein K  95.7    0.01 1.1E-08   34.7   0.0   10    1-10     50-59  (269)
      68 UniRef100_A0A5E4BVT5 Uncharact  95.6   0.011 1.2E-08   32.7   0.0   10    1-10     47-56  (153)
      69 tr|Q4L0B7|Q4L0B7_BOMMX Proline  95.6   0.012 1.3E-08   32.6   0.0    9    2-10     52-60  (155)
      70 UniRef100_A0A556V7U0 GRP-10 n=  95.4   0.015 1.7E-08   32.1   0.0   10    1-10     42-51  (150)
      71 UniRef100_G1Q1B7 GRP-10 n=1 Ta  95.3   0.022 2.3E-08   29.4   0.0   10    1-10     31-40  (82)
      72 UniRef100_A0A671VN03 GRP-10 n=  95.0   0.035 3.6E-08   29.2   0.0   10    1-10     46-55  (92)
      73 UniRef100_Q4L0B7 Proline rich-  95.0   0.036 3.7E-08   31.0   0.0    9    2-10     52-60  (155)
      74 UniRef100_UPI0015B139DE gastri  94.7   0.054 5.6E-08   29.9   0.0   10    1-10     45-54  (134)
      75 UniRef100_A0A553R8W7 GRP-10 n=  94.4   0.085 8.7E-08   29.8   0.0   10    1-10     67-76  (159)
      76 UniRef100_A0A554KAT4 Uncharact  93.8    0.16 1.8E-07   23.9   0.0    8    2-9      14-21  (38)
      77 UniRef100_A0A0B4UIY8 Tubulin b  92.4     0.4 5.2E-07   29.0   0.0    9    1-9      39-47  (282)
      78 UniRef100_J4HRY8 Uncharacteriz  91.5    0.85 8.7E-07   19.0   0.0    9    1-9       4-12  (17)
      79 UniRef100_UPI000B8599E1 isocho  91.5    0.86 8.8E-07   23.1   0.0    9    1-9      32-40  (56)
      80 UniRef100_A0A2K5D216 Neuromedi  90.9       1 1.1E-06   26.2   0.0   10    1-10     47-56  (164)
      81 UniRef100_A0A2Z5G3J5 Uncharact  90.7     1.2 1.2E-06   21.8   0.0    8    2-9      21-28  (43)
      82 UniRef100_A0A498Q1Y0 Uncharact  90.4     1.4 1.4E-06   21.2   0.0    9    1-9       7-15  (38)
      83 UniRef100_A0A0F8ZJ93 Uncharact  90.1     1.5 1.6E-06   20.7   0.0    8    2-9       2-9   (34)
      84 UniRef100_A0A0F9HX27 Uncharact  90.0     1.5 1.7E-06   23.7   0.0    9    1-9      26-34  (84)
      85 UniRef100_A0A432FEG2 DUF4976 d  89.2     2.1 2.2E-06   22.7   0.0    7    3-9      13-19  (70)
      86 UniRef100_UPI001ADDDF67 hypoth  89.2     2.2 2.2E-06   23.3   0.0    9    1-9      48-56  (88)
      87 UniRef100_K7ETJ4 Tubulin domai  88.5     2.7 2.7E-06   23.0   0.0    8    1-8      31-38  (88)
      88 UniRef100_A0A0L0RV04 Tubulin d  88.2     2.9   3E-06   22.8   0.0    9    1-9      23-31  (84)
      89 UniRef100_A0A6G1PGZ3 Uncharact  88.1       3 3.1E-06   21.1   0.0    9    1-9       4-12  (49)
      90 UniRef100_UPI001356795D hypoth  87.9     3.1 3.2E-06   22.1   0.0    8    2-9      51-58  (68)
      91 UniRef100_A0A413LPS6 Uncharact  87.7     3.3 3.4E-06   21.8   0.0    9    2-10     21-29  (64)
      92 UniRef100_V2XCN0 Uncharacteriz  87.5     3.5 3.6E-06   23.8   0.0   10    1-10     56-65  (128)
      93 UniRef100_A0A6N3X4X8 Uncharact  87.2     3.7 3.8E-06   19.9   0.0    7    2-8      28-34  (37)
      94 UniRef100_A0A3D2EZI5 Uncharact  86.7     4.2 4.4E-06   26.0   0.0    9    1-9     268-276 (327)
      95 UniRef100_A0A2Z6A2X5 Cytochrom  86.6     4.3 4.4E-06   22.2   0.0    9    1-9      40-48  (82)
      96 UniRef100_A0A7C9CPM4 Uncharact  86.3     4.7 4.8E-06   22.7   0.0    8    2-9      55-62  (103)
      97 UniRef100_A0A381K328 Uncharact  85.8     5.2 5.3E-06   22.0   0.0    7    3-9      53-59  (84)
      98 UniRef100_A0A7C3RPQ7 Uncharact  85.6     5.4 5.6E-06   23.9   0.0    8    2-9      29-36  (170)
      99 UniRef100_UPI00111C059E hypoth  83.7     7.8   8E-06   20.7   0.0    9    1-9      55-63  (66)
     100 UniRef100_A0A6G1JYL4 Uncharact  77.9      18 1.9E-05   20.4   0.0    8    2-9      18-25  (88)
     101 UniRef100_A0A0S8KGK5 PSII_BNR   74.7      26 2.6E-05   21.7   0.0    8    2-9      43-50  (174)
     
  > Uniprot already searched, skipping.

>> Job finished at: Thu Feb 23 12:42:28 CET 2023

>> Runtime: 3079 s
