>> Job started at: Fri Feb 24 01:54:34 CET 2023
   On Machine:     ilfgridgpun02fl.unicph.domain
   In directory:   /projects/ilfgrid/people/nqz918/code/deorph/scripts/af_arman/af_jobs_af23/mc5r_human/1320

>> GPU is 

> Running 'prep_MSAs.sh'
  > Alphafold-DB directory is set to /projects/ilfgrid/data/alphafold-genetic-databases//
  > Number of cores was set to set to 2
  > Max memory set to 20 GB
  > Output directory was set to /projects/ilfgrid/people/nqz918/code/deorph/scripts/af_arman/af_jobs_af23/mc5r_human/1320/
  > Input fastafile was set to /projects/ilfgrid/people/nqz918/code/deorph/scripts/af_arman/af_jobs_af23/mc5r_human/1320/mc5r_human-1320.fasta
> Splitting fastafile
> Running chain A
  > Uniref90 already searched, skipping.
  > Mgnify already searched, skipping.
  > Running hhblits on bfd_uniref30
- 01:56:40.537 INFO: Searching 65983866 column state sequences.

- 01:56:42.355 INFO: Searching 29291635 column state sequences.

- 01:56:42.414 INFO: mc5r_human-1320/msas/A/chain_A.fasta is in A2M, A3M or FASTA format

- 01:56:42.415 INFO: Iteration 1

- 01:56:42.658 INFO: Prefiltering database

- 02:00:43.493 INFO: HMMs passed 1st prefilter (gapless profile-profile alignment)  : 1639092

- 02:02:48.733 INFO: HMMs passed 1st prefilter (gapless profile-profile alignment)  : 733100

- 02:02:56.972 INFO: HMMs passed 2nd prefilter (gapped profile-profile alignment)   : 27283

- 02:02:56.972 INFO: HMMs passed 2nd prefilter and not found in previous iterations : 27283

- 02:02:56.972 INFO: Scoring 27283 HMMs using HMM-HMM Viterbi alignment

- 02:02:57.030 INFO: Alternative alignment: 0

- 02:04:32.700 INFO: 2000 alignments done

- 02:10:13.194 INFO: 4000 alignments done

- 02:16:53.642 INFO: 6000 alignments done

- 02:19:31.141 INFO: 8000 alignments done

- 02:23:25.158 INFO: 10000 alignments done

- 02:27:37.760 INFO: 12000 alignments done

- 02:29:14.643 INFO: 14000 alignments done

- 02:31:22.965 INFO: 16000 alignments done

- 02:33:19.402 INFO: 18000 alignments done

- 02:35:26.755 INFO: 20000 alignments done

- 02:38:42.098 INFO: 22000 alignments done

- 02:42:05.818 INFO: 24000 alignments done

- 02:44:59.982 INFO: 26000 alignments done

- 02:46:52.826 INFO: 27283 alignments done

- 02:46:52.831 INFO: Alternative alignment: 1

- 02:50:58.817 INFO: 27238 alignments done

- 02:50:58.913 INFO: Alternative alignment: 2

- 02:51:06.556 INFO: 6406 alignments done

- 02:51:06.566 INFO: Alternative alignment: 3

- 02:51:08.265 INFO: 1101 alignments done

- 02:51:10.046 INFO: Premerge done

- 02:51:10.053 INFO: Realigning 10470 HMM-HMM alignments using Maximum Accuracy algorithm

- 02:54:31.503 INFO: 10473 sequences belonging to 10473 database HMMs found with an E-value < 0.001

- 02:54:31.504 INFO: Number of effective sequences of resulting query HMM: Neff = 10.7713

- 02:54:31.770 INFO: Iteration 2

- 02:54:31.770 INFO: Set premerge to 0! (premerge: 3 iteration: 2 hits.Size: 10470)

- 02:54:32.002 INFO: Prefiltering database

- 03:01:30.455 INFO: HMMs passed 1st prefilter (gapless profile-profile alignment)  : 3818046

- 03:06:22.885 INFO: HMMs passed 1st prefilter (gapless profile-profile alignment)  : 2218275

- 03:06:49.703 INFO: HMMs passed 2nd prefilter (gapped profile-profile alignment)   : 87161

- 03:06:49.703 INFO: HMMs passed 2nd prefilter and not found in previous iterations : 77034

- 03:06:49.703 INFO: Scoring 77034 HMMs using HMM-HMM Viterbi alignment

- 03:06:49.759 INFO: Alternative alignment: 0

- 03:09:30.561 INFO: 2000 alignments done

- 03:11:56.904 INFO: 4000 alignments done

- 03:14:51.823 INFO: 6000 alignments done

- 03:18:16.854 INFO: 8000 alignments done

- 03:22:11.323 INFO: 10000 alignments done

- 03:25:39.761 INFO: 12000 alignments done

- 03:29:09.650 INFO: 14000 alignments done

- 03:29:09.654 INFO: Stop after DB-HHM: 14000 because early stop  19.9856 < filter cutoff 20

- 03:29:09.687 INFO: Alternative alignment: 1

- 03:36:02.417 INFO: 7927 alignments done

- 03:36:02.448 INFO: Alternative alignment: 2

- 03:36:03.481 INFO: 604 alignments done

- 03:36:03.482 INFO: Alternative alignment: 3

- 03:36:03.673 INFO: 84 alignments done

- 03:36:03.861 INFO: Realigning 4751 HMM-HMM alignments using Maximum Accuracy algorithm

- 03:39:03.509 INFO: 15224 sequences belonging to 15224 database HMMs found with an E-value < 0.001

- 03:39:03.510 INFO: Number of effective sequences of resulting query HMM: Neff = 11.5751

- 03:39:03.635 INFO: Iteration 3

- 03:39:03.894 INFO: Prefiltering database

- 03:54:16.226 INFO: HMMs passed 1st prefilter (gapless profile-profile alignment)  : 3644091

- 03:59:52.369 INFO: HMMs passed 1st prefilter (gapless profile-profile alignment)  : 2253870

- 04:00:20.168 INFO: HMMs passed 2nd prefilter (gapped profile-profile alignment)   : 86549

- 04:00:20.168 INFO: HMMs passed 2nd prefilter and not found in previous iterations : 71737

- 04:00:20.168 INFO: Scoring 71737 HMMs using HMM-HMM Viterbi alignment

- 04:00:20.217 INFO: Alternative alignment: 0

- 04:01:24.306 INFO: 2000 alignments done

- 04:05:22.141 INFO: 4000 alignments done

- 04:11:10.163 INFO: 6000 alignments done

- 04:16:09.362 INFO: 8000 alignments done

- 04:21:08.671 INFO: 10000 alignments done

- 04:26:40.162 INFO: 12000 alignments done

- 04:32:15.726 INFO: 14000 alignments done

- 04:32:15.732 INFO: Stop after DB-HHM: 14000 because early stop  12.0752 < filter cutoff 20

- 04:32:15.732 INFO: Alternative alignment: 1

- 04:35:08.276 INFO: 4372 alignments done

- 04:35:08.303 INFO: Alternative alignment: 2

- 04:35:09.123 INFO: 441 alignments done

- 04:35:09.124 INFO: Alternative alignment: 3

- 04:35:09.313 INFO: 77 alignments done

- 04:35:09.448 INFO: Rescoring previously found HMMs with Viterbi algorithm

- 04:35:09.495 INFO: Alternative alignment: 0

- 04:43:15.841 INFO: 2000 alignments done

- 04:48:55.096 INFO: 4000 alignments done

- 04:54:35.016 INFO: 6000 alignments done

- 05:00:20.912 INFO: 8000 alignments done

- 05:05:54.054 INFO: 10000 alignments done

- 05:11:18.398 INFO: 12000 alignments done

- 05:16:44.377 INFO: 14000 alignments done

- 05:17:28.094 INFO: 14813 alignments done

- 05:17:28.096 INFO: Alternative alignment: 1

- 05:22:45.570 INFO: 14813 alignments done

- 05:22:45.614 INFO: Alternative alignment: 2

- 05:22:47.435 INFO: 1102 alignments done

- 05:22:47.437 INFO: Alternative alignment: 3

- 05:22:47.929 INFO: 217 alignments done

- 05:22:48.405 INFO: Premerge done

- 05:22:48.408 INFO: Realigning 15809 HMM-HMM alignments using Maximum Accuracy algorithm

- 05:25:02.548 INFO: 15873 sequences belonging to 15873 database HMMs found with an E-value < 0.001

- 05:25:02.549 INFO: Number of effective sequences of resulting query HMM: Neff = 11.6339

     Query         mc5r_human P33032
     Match_columns 325
     No_of_seqs    1444 out of 234934
     Neff          11.6339
     Searched_HMMs 93267
     Date          Fri Feb 24 05:25:02 2023
     Command       hhblits -i mc5r_human-1320/msas/A/chain_A.fasta -cpu 2 -maxmem 20 -oa3m /projects/ilfgrid/people/nqz918/code/deorph/scripts/af_arman/af_jobs_af23/mc5r_human/1320//mc5r_human-1320/msas/A/bfd_uniref_hits.a3m -o /dev/null -n 3 -e 0.001 -maxseq 1000000 -realign_max 100000 -maxfilt 100000 -min_prefilter_hits 1000 -d /projects/ilfgrid/data/alphafold-genetic-databases///bfd/bfd_metaclust_clu_complete_id30_c90_final_seq.sorted_opt -d /projects/ilfgrid/data/alphafold-genetic-databases///uniref30/UniRef30_2021_03 
     
      No Hit                             Prob E-value P-value  Score    SS Cols Query HMM  Template HMM
       1 tr|G5C090|G5C090_HETGA Melanoc 100.0 3.1E-52 3.1E-58  319.5   0.0  322    1-322     1-322 (394)
       2 UniRef100_A0A2B4S7K2 Histamine 100.0 6.4E-50 6.3E-56  320.8   0.0  275   30-314    26-327 (369)
       3 UniRef100_A0A060VSP8 5-hydroxy 100.0 8.1E-50 8.1E-56  324.1   0.0  268   41-317    92-418 (479)
       4 UniRef100_A0A060VUW6 G_PROTEIN 100.0 7.5E-49 7.4E-55  332.1   0.0  267   40-315   121-440 (574)
       5 UniRef100_A0A1S3HKE5 allatosta 100.0 1.1E-48 1.1E-54  319.2   0.0  266   38-311    84-372 (462)
       6 UniRef100_A0A060X5Z5 G_PROTEIN 100.0 2.1E-48 2.1E-54  320.0   0.0  262   43-314    90-384 (522)
       7 UniRef100_A0A369RW72 Octopamin 100.0 4.4E-48 4.3E-54  317.6   0.0  263   39-310    57-354 (412)
       8 UniRef100_A0A024FLF0 PQRFa pep 100.0 5.8E-48 5.7E-54  315.8   0.0  268   39-314    52-346 (413)
       9 tr|A0A1V4J8L8|A0A1V4J8L8_PATFA 100.0 5.8E-48 5.9E-54  295.3   0.0  290   30-319    95-384 (390)
      10 UniRef100_A0A2B4SVC4 Dopamine  100.0 6.2E-48 6.2E-54  305.6   0.0  262   44-313    63-329 (397)
      11 UniRef100_A0A2B4SKI0 Tachykini 100.0 8.1E-48   8E-54  321.2   0.0  274   38-314    93-390 (469)
      12 UniRef100_A0A059TX13 Melanocyt 100.0 1.2E-47 1.2E-53  310.1   0.0  284   31-314   133-416 (498)
      13 UniRef100_A0A6P4Z4S7 G-protein 100.0 1.3E-47 1.3E-53  315.5   0.0  273   38-316    61-353 (417)
      14 UniRef100_A0A0K0PUR1 Orphan G- 100.0 1.8E-47 1.8E-53  315.3   0.0  264   40-311   118-408 (530)
      15 UniRef100_A0A026X3T6 Allatosta 100.0 4.3E-47 4.3E-53  310.6   0.0  269   38-317   141-428 (540)
      16 tr|A0A1I8M930|A0A1I8M930_MUSDO 100.0 6.4E-47 6.5E-53  324.2   0.0  264   41-312   193-576 (963)
      17 UniRef100_A0A061A7W5 G_PROTEIN 100.0   8E-47   8E-53  307.4   0.0  267   40-314    65-358 (473)
      18 UniRef100_A0A2B4S7A4 Alpha-1A  100.0 8.8E-47 8.7E-53  299.5   0.0  268   37-313    39-308 (392)
      19 UniRef100_A0A141CIT8 G protein 100.0 1.6E-46 1.6E-52  303.8   0.0  269   40-316    90-378 (488)
      20 UniRef100_A0A6P4Y4T1 galanin r 100.0 1.7E-46 1.7E-52  298.2   0.0  273   37-317    59-354 (410)
      21 tr|A0A0P7U387|A0A0P7U387_9TELE 100.0 1.8E-46 1.8E-52  300.5   0.0  266   38-316   130-417 (556)
      22 UniRef100_A0A1N7TCF1 Galanin r 100.0 2.1E-46 2.1E-52  298.0   0.0  268   38-317    73-363 (407)
      23 UniRef100_A0A6P4XD29 neuropept 100.0 2.6E-46 2.6E-52  295.3   0.0  267   40-314    45-342 (385)
      24 UniRef100_A0A0K0PUX7 Orphan G- 100.0 2.8E-46 2.8E-52  305.5   0.0  264   40-315    66-355 (471)
      25 UniRef100_A0A060X1Q6 Somatosta 100.0   3E-46   3E-52  310.3   0.0  264   38-314   141-424 (604)
      26 UniRef100_A0A023F675 Putative  100.0 3.5E-46 3.5E-52  310.7   0.0  268   38-315   128-420 (530)
      27 UniRef100_A0A164MD49 Putative  100.0 3.6E-46 3.6E-52  300.2   0.0  275   35-315    48-396 (498)
      28 UniRef100_A0A026WW28 Neuropept 100.0 3.9E-46 3.9E-52  308.2   0.0  269   39-315    91-381 (552)
      29 UniRef100_A0A1D2M4J2 Neuropept 100.0 4.7E-46 4.7E-52  301.0   0.0  266   40-313   130-422 (497)
      30 UniRef100_A0A2B4RGU4 5-hydroxy 100.0 5.1E-46   5E-52  310.2   0.0  271   38-314    67-370 (478)
      31 UniRef100_A0A154PKR3 Tachykini 100.0 5.9E-46 5.9E-52  300.5   0.0  266   38-312    78-372 (457)
      32 UniRef100_A0A0K0PUT9 Excitator 100.0 8.7E-46 8.6E-52  303.8   0.0  272   38-316   105-403 (474)
      33 UniRef100_A0A3M6T6P4 G_PROTEIN 100.0 9.3E-46 9.3E-52  299.3   0.0  271   41-314    60-354 (465)
      34 UniRef100_A0A1V9XU68 Tyramine/ 100.0 9.9E-46 9.9E-52  295.3   0.0  268   42-318    58-357 (408)
      35 tr|A0A1L8G1N6|A0A1L8G1N6_XENLA 100.0   1E-45   1E-51  292.8   0.0  262   38-316   118-400 (448)
      36 UniRef100_A0A0K0PUV0 FVRIamide 100.0   1E-45   1E-51  299.2   0.0  263   38-310    54-374 (458)
      37 UniRef100_A0A026WTK8 Tachykini 100.0 1.1E-45 1.1E-51  302.8   0.0  267   40-315    93-389 (556)
      38 tr|A0A2B4SUH3|A0A2B4SUH3_STYPI 100.0 1.1E-45 1.1E-51  293.3   0.0  271   41-316    30-333 (385)
      39 UniRef100_A0A2G8JR46 Putative  100.0 1.1E-45 1.1E-51  301.2   0.0  268   39-314    65-356 (411)
      40 tr|M3ZFE6|M3ZFE6_XIPMA Somatos 100.0 1.2E-45 1.3E-51  294.0   0.0  268   37-317   105-392 (525)
      41 UniRef100_A0A1S3KA35 Alpha-1B  100.0 1.3E-45 1.3E-51  302.5   0.0  271   40-318    93-423 (551)
      42 UniRef100_A0A060X690 G_PROTEIN 100.0 1.5E-45 1.5E-51  288.5   0.0  294   10-315    19-336 (386)
      43 UniRef100_A0A0K0PUL8 Allatosta 100.0 1.5E-45 1.5E-51  294.1   0.0  267   39-315    53-345 (396)
      44 UniRef100_A0A1L8GQY3 Alpha-1B  100.0   2E-45   2E-51  295.3   0.0  267   43-318    53-372 (510)
      45 UniRef100_A0A3M6TAE6 G_PROTEIN 100.0 2.3E-45 2.3E-51  294.7   0.0  269   41-316    96-370 (443)
      46 tr|A0A2C9JWF9|A0A2C9JWF9_BIOGL 100.0 2.4E-45 2.3E-51  295.8   0.0  276   37-319    66-370 (403)
      47 UniRef100_A0A068YB14 Neuropept 100.0 2.5E-45 2.4E-51  300.7   0.0  274   39-320    57-358 (448)
      48 UniRef100_A0A2B4RSM5 Neuropept 100.0 3.1E-45 3.1E-51  291.7   0.0  266   38-311    38-320 (417)
      49 UniRef100_A0A0C9QBK4 GHSR_0 pr 100.0 3.3E-45 3.3E-51  310.2   0.0  273   40-316   176-476 (591)
      50 tr|E0D358|E0D358_HEMPU Dopamin 100.0 3.6E-45 3.6E-51  289.8   0.0  267   40-316    28-330 (435)
      51 UniRef100_A0A060XP11 G_PROTEIN 100.0 4.1E-45 4.1E-51  297.2   0.0  266   41-314    95-392 (497)
      52 UniRef100_A0A060W5Z4 G_PROTEIN 100.0 4.1E-45 4.1E-51  300.8   0.0  262   38-316   192-476 (593)
      53 UniRef100_A0A2B4SDF9 Neuropept 100.0 4.3E-45 4.3E-51  293.3   0.0  268   35-311    88-376 (455)
      54 UniRef100_A0A4W3JKC0 Melanocor 100.0 4.6E-45 4.7E-51  283.1   0.0  314    1-315     1-314 (450)
      55 UniRef100_A0A044T5H8 G_PROTEIN 100.0 4.9E-45 4.9E-51  302.8   0.0  273   40-318   249-572 (693)
      56 UniRef100_A0A068WW83 Allatosta 100.0 5.6E-45 5.5E-51  298.8   0.0  263   38-308    68-347 (432)
      57 UniRef100_A0A2B4S4U3 Beta-2 ad 100.0 5.9E-45 5.9E-51  283.4   0.0  274   35-316    27-323 (372)
      58 UniRef100_A0A087X575 NPY-Y2 re 100.0 6.1E-45 6.1E-51  289.4   0.0  267   40-314    77-371 (426)
      59 UniRef100_A0A060WEJ5 G_PROTEIN 100.0 6.5E-45 6.5E-51  299.9   0.0  264   42-314   119-456 (544)
      60 UniRef100_A0A1I8HKX2 G_PROTEIN 100.0 7.1E-45 7.1E-51  292.0   0.0  271   40-319    44-416 (442)
      61 UniRef100_A0A210QEM7 Neuropept 100.0 7.7E-45 7.7E-51  288.0   0.0  270   40-319    54-351 (416)
      62 UniRef100_A0A1S3J712 QRFP-like 100.0 8.9E-45 8.9E-51  297.5   0.0  265   40-312    71-369 (507)
      63 UniRef100_A0A7M7HFU8 G_PROTEIN 100.0 9.2E-45   9E-51  296.5   0.0  273   37-314    65-364 (423)
      64 UniRef100_A0A3M6TPP0 G_PROTEIN 100.0 9.5E-45 9.4E-51  293.8   0.0  269   41-314    55-354 (424)
      65 tr|A0A0F8ARD3|A0A0F8ARD3_LARCR 100.0 9.4E-45 9.6E-51  285.8   0.0  262   38-314    55-338 (464)
      66 UniRef100_A0A3M6TDR7 G_PROTEIN 100.0   1E-44   1E-50  296.4   0.0  264   41-312    79-351 (425)
      67 UniRef100_A0A077YWL6 Somatosta 100.0 1.1E-44 1.1E-50  297.9   0.0  270   38-317    67-363 (446)
      68 UniRef100_A0A2G8KL37 Cholecyst 100.0 1.2E-44 1.3E-50  289.8   0.0  271   38-314   100-430 (493)
      69 UniRef100_A0A061INJ6 Pyrogluta 100.0 1.4E-44 1.4E-50  303.9   0.0  268   40-313   156-457 (594)
      70 UniRef100_A0A026WK40 Cholecyst 100.0 1.4E-44 1.4E-50  305.6   0.0  276   38-319   156-548 (656)
      71 UniRef100_A0A2B4R9G2 Melatonin 100.0 1.5E-44 1.5E-50  301.6   0.0  269   38-315    82-367 (461)
      72 UniRef100_A0A0K0PUI9 Orphan G- 100.0 1.9E-44 1.9E-50  300.3   0.0  270   39-316   104-409 (534)
      73 UniRef100_A0A1D1W534 G_PROTEIN 100.0   2E-44   2E-50  299.5   0.0  273   38-316    80-435 (492)
      74 tr|A7SD89|A7SD89_NEMVE Predict 100.0   2E-44   2E-50  273.8   0.0  268   39-316    40-332 (355)
      75 UniRef100_A0A0K0PUH1 Orphan G- 100.0 2.2E-44 2.2E-50  280.6   0.0  268   40-315    56-349 (413)
      76 tr|C3XSP5|C3XSP5_BRAFL Unchara 100.0 2.3E-44 2.3E-50  278.3   0.0  273   37-316    28-328 (403)
      77 UniRef100_A0A2B4S0J6 Somatosta 100.0 2.4E-44 2.4E-50  300.0   0.0  269   38-311    85-376 (457)
      78 UniRef100_UPI000B911B64 melato 100.0 3.1E-44 3.1E-50  289.3   0.0  267   41-319    33-349 (381)
      79 UniRef100_A0A026W5R0 Orexin re 100.0 3.4E-44 3.4E-50  296.3   0.0  266   40-314   121-426 (529)
      80 tr|A0A1A6H0R7|A0A1A6H0R7_NEOLE 100.0 3.4E-44 3.4E-50  270.8   0.0  293   29-322    39-331 (369)
      81 UniRef100_A0A2B4SKX3 Cholecyst 100.0 3.8E-44 3.9E-50  285.1   0.0  272   39-318    74-416 (428)
      82 UniRef100_A0A177B9B5 Rhodopsin 100.0 4.1E-44 4.2E-50  285.5   0.0  267   41-316    95-404 (464)
      83 UniRef100_A0A0B4LHT6 RYamide r 100.0 4.6E-44 4.7E-50  292.3   0.0  265   41-312   119-409 (524)
      84 UniRef100_A0A2B4SE17 Substance 100.0   5E-44 4.9E-50  297.1   0.0  274   38-313    66-364 (467)
      85 tr|A0A218UB83|A0A218UB83_9PASE 100.0 5.2E-44 5.2E-50  292.4   0.0  270   41-319   198-517 (631)
      86 UniRef100_A0A060X1U9 G_PROTEIN 100.0 5.7E-44 5.8E-50  293.1   0.0  263   41-312   143-455 (633)
      87 tr|A0A1A8LLP2|A0A1A8LLP2_9TELE 100.0 6.2E-44 6.2E-50  281.7   0.0  264   41-315    98-398 (455)
      88 UniRef100_A0A2B4RPR9 Allatosta 100.0 6.5E-44 6.5E-50  291.6   0.0  269   38-311    49-341 (446)
      89 UniRef100_A0A139WB32 Tachykini 100.0 6.7E-44 6.7E-50  283.7   0.0  270   39-317    46-345 (405)
      90 UniRef100_A0A023FH63 Putative  100.0 8.1E-44 8.1E-50  292.5   0.0  264   41-314   130-440 (563)
      91 UniRef100_A0A068WVN8 Biogenic  100.0 8.6E-44 8.6E-50  298.7   0.0  269   41-315   125-508 (641)
      92 UniRef100_F1PAY0 Melanocortin  100.0 9.1E-44 9.4E-50  274.4   0.0  311    1-311    89-399 (538)
      93 tr|A0A1I8PIJ9|A0A1I8PIJ9_STOCA 100.0 9.5E-44 9.6E-50  294.0   0.0  270   40-318   173-471 (680)
      94 UniRef100_A0A1S3IX78 RYamide r 100.0   1E-43   1E-49  282.3   0.0  301    4-311    20-345 (444)
      95 UniRef100_A0A087RJN6 Somatosta 100.0 1.1E-43   1E-49  290.0   0.0  259   39-313    63-342 (391)
      96 tr|C3XVS5|C3XVS5_BRAFL Unchara 100.0   1E-43 1.1E-49  278.9   0.0  272   37-316    68-365 (425)
      97 UniRef100_A0A091EBV8 Type-1 an 100.0 1.1E-43 1.1E-49  300.0   0.0  253   40-312   351-628 (715)
      98 UniRef100_A0A1D1V5S1 G_PROTEIN 100.0 1.3E-43 1.3E-49  283.0   0.0  275   38-321    58-366 (484)
      99 UniRef100_A0A2G8L6L1 Putative  100.0 1.3E-43 1.3E-49  280.4   0.0  266   38-317    37-327 (407)
     100 UniRef100_A0A7M7SYV2 G_PROTEIN 100.0 1.4E-43 1.4E-49  291.1   0.0  263   43-314    74-398 (630)
     101 UniRef100_A0A026WK16 Tachykini 100.0 1.4E-43 1.4E-49  291.3   0.0  269   37-314   183-481 (641)
     102 tr|V8PD93|V8PD93_OPHHA Type-2  100.0 1.6E-43 1.6E-49  287.2   0.0  263   37-314    76-368 (412)
     103 UniRef100_A0A060WMC3 Alpha-1D  100.0 1.7E-43 1.7E-49  285.2   0.0  267   44-319   118-437 (564)
     104 UniRef100_A0A2G8KMT5 G_PROTEIN 100.0 1.7E-43 1.7E-49  280.9   0.0  259   41-311    41-324 (402)
     105 UniRef100_A0A1V4KIE8 Beta-1 ad 100.0 1.8E-43 1.7E-49  302.7   0.0  260   45-315    38-350 (512)
     106 UniRef100_A0A060VVF8 G_PROTEIN 100.0 1.8E-43 1.8E-49  293.1   0.0  263   37-313   140-432 (511)
     107 UniRef100_A0A087UNN0 Neuropept 100.0 1.8E-43 1.9E-49  283.1   0.0  263   41-310    98-387 (470)
     108 UniRef100_A0A7M7HKI1 G_PROTEIN 100.0 2.1E-43 2.1E-49  284.4   0.0  269   40-312    43-333 (418)
     109 UniRef100_A0A023F668 Putative  100.0 2.5E-43 2.5E-49  281.0   0.0  267   40-314    89-377 (484)
     110 tr|A0A2B4RXA7|A0A2B4RXA7_STYPI 100.0 2.6E-43 2.6E-49  276.4   0.0  251   49-315    16-274 (328)
     111 UniRef100_A0A087YRI1 G_PROTEIN 100.0 2.7E-43 2.7E-49  283.4   0.0  264   42-315    86-373 (438)
     112 tr|A0A2B4S6X2|A0A2B4S6X2_STYPI 100.0 2.7E-43 2.7E-49  273.8   0.0  267   38-312    25-321 (379)
     113 UniRef100_A0A087XDT1 Somatosta 100.0 2.7E-43 2.8E-49  287.8   0.0  267   38-317   170-456 (676)
     114 tr|A0A147AMP5|A0A147AMP5_FUNHE 100.0   3E-43 2.9E-49  294.3   0.0  265   42-316    37-429 (475)
     115 UniRef100_A0A060XC03 Beta-2 ad 100.0   3E-43 3.1E-49  283.7   0.0  268   40-317   106-416 (548)
     116 tr|S9YJE2|S9YJE2_CAMFR Somatos 100.0 3.3E-43 3.4E-49  274.6   0.0  272   38-322   114-408 (438)
     117 tr|A0A2B4SID7|A0A2B4SID7_STYPI 100.0 3.6E-43 3.6E-49  286.7   0.0  267   39-314    34-327 (422)
     118 UniRef100_A0A1D1VDY3 G_PROTEIN 100.0 3.8E-43 3.8E-49  286.8   0.0  270   40-316   137-448 (557)
     119 tr|A0A2B4S1Z5|A0A2B4S1Z5_STYPI 100.0 3.8E-43 3.8E-49  283.9   0.0  268   41-315    30-299 (514)
     120 tr|A0A1W4ZX05|A0A1W4ZX05_9TELE 100.0 3.8E-43 3.8E-49  283.4   0.0  268   41-315    74-386 (480)
     121 UniRef100_A0A2G8K507 Putative  100.0 4.4E-43 4.3E-49  289.1   0.0  270   38-314    41-333 (384)
     122 UniRef100_A0A678XEL8 Trace ami 100.0 4.4E-43 4.4E-49  285.2   0.0  267   40-316    59-358 (523)
     123 UniRef100_A0A2B4RHY9 Pyrogluta 100.0 4.8E-43 4.7E-49  292.4   0.0  269   40-316    85-373 (455)
     124 UniRef100_A0A060WWU7 G_PROTEIN 100.0 4.8E-43 4.8E-49  282.4   0.0  267   40-314    72-382 (545)
     125 UniRef100_A0A016T103 G_PROTEIN 100.0 4.9E-43 4.9E-49  292.5   0.0  263   45-316   119-477 (605)
     126 UniRef100_A0A3M6U5X4 G_PROTEIN 100.0 5.2E-43 5.2E-49  270.5   0.0  260   38-311    40-317 (339)
     127 tr|A0A0P7V5N2|A0A0P7V5N2_9TELE 100.0 5.3E-43 5.4E-49  279.0   0.0  267   41-318    95-405 (468)
     128 UniRef100_A0A2B4RHL7 Galanin r 100.0 5.5E-43 5.6E-49  272.4   0.0  262   38-316    34-312 (406)
     129 tr|A0A0P4XBU7|A0A0P4XBU7_9CRUS 100.0 6.3E-43 6.3E-49  288.9   0.0  266   41-314    65-415 (557)
     130 UniRef100_A0A077Z2H9 Putative  100.0 7.1E-43   7E-49  285.3   0.0  276   34-315    69-398 (477)
     131 UniRef100_A0A060VRN9 G_PROTEIN 100.0 7.1E-43 7.1E-49  282.3   0.0  259   44-312   143-428 (496)
     132 UniRef100_A0A0L8I0T4 G_PROTEIN 100.0 7.6E-43 7.7E-49  284.2   0.0  267   41-313   138-495 (554)
     133 tr|A7S585|A7S585_NEMVE Predict 100.0 7.7E-43 7.7E-49  276.0   0.0  277   37-316    25-327 (374)
     134 UniRef100_A0A3M6T5D0 G_PROTEIN 100.0 7.9E-43 7.8E-49  280.1   0.0  270   38-319    54-328 (402)
     135 UniRef100_A0A2B4RZ41 Adenosine 100.0   8E-43   8E-49  279.3   0.0  284   12-311    24-309 (381)
     136 UniRef100_A0A6J8CLU9 HCRTR2 n= 100.0 8.1E-43 8.1E-49  275.6   0.0  269   41-317    57-361 (422)
     137 UniRef100_A0A091DWF1 Somatosta 100.0 8.1E-43 8.2E-49  278.8   0.0  262   38-314   157-440 (523)
     138 UniRef100_A0A3M6UKX8 G_PROTEIN 100.0 8.9E-43 8.9E-49  287.5   0.0  275   38-314   120-420 (487)
     139 UniRef100_A0A087UP46 5-hydroxy 100.0 9.5E-43 9.6E-49  278.5   0.0  266   41-315    50-401 (472)
     140 UniRef100_A0A3M6TNW8 G_PROTEIN 100.0 9.9E-43   1E-48  278.5   0.0  270   40-315    98-393 (453)
     141 UniRef100_A0A210QT45 G-protein 100.0   1E-42   1E-48  276.7   0.0  302   10-321    35-364 (472)
     142 UniRef100_A0A087XFV2 5-hydroxy 100.0   1E-42   1E-48  279.7   0.0  268   42-319    89-401 (493)
     143 UniRef100_A0A060VTR1 G_PROTEIN 100.0   1E-42   1E-48  284.4   0.0  269   40-317   123-443 (619)
     144 UniRef100_A0A1S3H6K0 neuropept 100.0 1.1E-42 1.1E-48  287.4   0.0  264   38-309    58-351 (470)
     145 UniRef100_A0A146M155 Neuropept 100.0 1.2E-42 1.2E-48  280.5   0.0  268   41-313    58-361 (488)
     146 UniRef100_A0A060VP48 G_PROTEIN 100.0 1.3E-42 1.3E-48  293.7   0.0  266   40-312   158-448 (580)
     147 UniRef100_A0A3M6UBA2 G_PROTEIN 100.0 1.4E-42 1.4E-48  276.4   0.0  264   42-315    55-341 (383)
     148 tr|A0A0P5PA10|A0A0P5PA10_9CRUS 100.0 1.4E-42 1.4E-48  284.1   0.0  263   39-310   149-441 (705)
     149 UniRef100_A0A034WDF0 Allatosta 100.0 1.4E-42 1.4E-48  282.3   0.0  264   40-314    99-385 (459)
     150 UniRef100_A0A2B4RFH8 Neuropept 100.0 1.5E-42 1.4E-48  288.9   0.0  274   39-315    67-367 (439)
     151 UniRef100_A0A087YQK7 Adrenocep 100.0 1.5E-42 1.5E-48  283.5   0.0  263   42-315   135-452 (617)
     152 tr|A0A182G4E1|A0A182G4E1_AEDAL 100.0 1.5E-42 1.6E-48  282.5   0.0  270   40-317    71-373 (534)
     153 tr|A0A146NY53|A0A146NY53_FUNHE 100.0 1.7E-42 1.7E-48  278.4   0.0  259   44-312    14-315 (469)
     154 UniRef100_A0A0L8H201 G_PROTEIN 100.0 1.7E-42 1.7E-48  272.8   0.0  279   35-319    84-387 (461)
     155 UniRef100_A0A0P0YUU8 Cannabino 100.0 1.8E-42 1.8E-48  279.3   0.0  275   40-320    86-423 (496)
     156 UniRef100_A0A091R746 Beta-1 ad 100.0   2E-42   2E-48  280.4   0.0  264   41-315   139-453 (572)
     157 UniRef100_A0A3M6THF9 G_PROTEIN 100.0 2.1E-42 2.1E-48  281.7   0.0  269   38-311    62-335 (483)
     158 UniRef100_A0A210QSD7 Octopamin 100.0 2.1E-42 2.1E-48  280.4   0.0  268   42-319    63-421 (423)
     159 UniRef100_A0A060X360 G_PROTEIN 100.0 2.2E-42 2.2E-48  276.8   0.0  269   36-317    99-391 (477)
     160 tr|A0A146TL67|A0A146TL67_FUNHE 100.0 2.2E-42 2.2E-48  289.4   0.0  268   37-317    27-407 (442)
     161 UniRef100_A0A3M6UAU0 G_PROTEIN 100.0 2.2E-42 2.2E-48  282.0   0.0  267   38-312    37-327 (552)
     162 tr|G3S2I3|G3S2I3_GORGO Opioid  100.0 2.2E-42 2.2E-48  273.9   0.0  262   39-315   165-450 (492)
     163 tr|A0A060XRS0|A0A060XRS0_ONCMY 100.0 2.2E-42 2.2E-48  289.4   0.0  270   41-319    60-380 (900)
     164 UniRef100_A0A0L7KZ56 Neuropept 100.0 2.3E-42 2.3E-48  279.5   0.0  264   41-312    91-383 (509)
     165 UniRef100_A0A2B4SVS8 Neuropept 100.0 2.4E-42 2.3E-48  284.6   0.0  273   41-318    93-386 (480)
     166 UniRef100_A0A2H8TNJ5 Neuropept 100.0 2.3E-42 2.4E-48  279.4   0.0  263   41-311   160-450 (528)
     167 UniRef100_A0A0L8GIM4 G_PROTEIN 100.0 2.5E-42 2.5E-48  287.1   0.0  263   40-310   100-391 (481)
     168 UniRef100_A0A210QHM7 G-protein 100.0 2.6E-42 2.6E-48  280.3   0.0  270   38-315    81-376 (492)
     169 UniRef100_A0A401NJB3 G_PROTEIN 100.0 2.6E-42 2.7E-48  277.7   0.0  262   43-315    48-360 (517)
     170 UniRef100_A0A0S1YDA0 Neuropept 100.0 2.7E-42 2.7E-48  281.3   0.0  269   39-316    97-394 (509)
     171 UniRef100_A0A151N382 Galanin r 100.0 2.7E-42 2.7E-48  262.8   0.0  269   37-318    31-320 (392)
     172 UniRef100_A0A3M6TV84 G_PROTEIN 100.0 2.8E-42 2.8E-48  275.5   0.0  259   48-315    57-338 (405)
     173 UniRef100_A0A0N1PGA0 Octopamin 100.0   3E-42   3E-48  281.9   0.0  267   40-314   111-492 (547)
     174 UniRef100_A0A087XT11 Alpha-1B  100.0   3E-42 3.1E-48  278.6   0.0  268   42-318    85-408 (622)
     175 UniRef100_A0A6P8HX63 probable  100.0 3.1E-42 3.1E-48  279.2   0.0  264   44-317    65-363 (407)
     176 tr|A0A0L0BYA7|A0A0L0BYA7_LUCCU 100.0 3.1E-42 3.1E-48  280.1   0.0  263   42-313   316-625 (678)
     177 tr|A0A1D1UXI1|A0A1D1UXI1_RAMVA 100.0 3.6E-42 3.6E-48  275.1   0.0  267   40-316    85-377 (499)
     178 UniRef100_A0A1I8FSG9 G_PROTEIN 100.0 3.6E-42 3.7E-48  277.7   0.0  268   39-313   163-504 (576)
     179 UniRef100_A0A0K0PUK6 Orphan G- 100.0 3.7E-42 3.7E-48  271.2   0.0  274   39-320    69-379 (448)
     180 UniRef100_A0A059T4D1 Melanocor 100.0 3.7E-42 3.8E-48  256.3   0.0  308    6-313     8-315 (316)
     181 tr|W4YJK4|W4YJK4_STRPU Unchara 100.0 3.8E-42 3.9E-48  276.9   0.0  270   41-319    74-374 (446)
     182 tr|A0A0P7TYE1|A0A0P7TYE1_9TELE 100.0 4.2E-42 4.3E-48  274.9   0.0  270   39-314   126-473 (507)
     183 tr|A7RYQ3|A7RYQ3_NEMVE Predict 100.0 4.5E-42 4.4E-48  275.6   0.0  270   37-315    52-336 (367)
     184 UniRef100_A0A026WCQ7 Tyramine  100.0 4.6E-42 4.5E-48  292.6   0.0  271   38-316   185-589 (665)
     185 UniRef100_A0A087T336 Somatosta 100.0 4.6E-42 4.6E-48  274.2   0.0  266   39-316    80-369 (454)
     186 UniRef100_A0A7M7G1H5 G_PROTEIN 100.0 4.7E-42 4.7E-48  279.1   0.0  273   39-317    40-336 (381)
     187 tr|A0A1S3L0J1|A0A1S3L0J1_SALSA 100.0 5.2E-42 5.2E-48  275.4   0.0  266   40-314    79-405 (533)
     188 UniRef100_A0A3B4VB96 Beta-2 ad 100.0 5.3E-42 5.3E-48  273.1   0.0  261   43-314    59-361 (464)
     189 UniRef100_A0A060W9T7 G_PROTEIN 100.0 5.3E-42 5.4E-48  276.1   0.0  268   37-315   186-473 (616)
     190 tr|A0A232F0R3|A0A232F0R3_9HYME 100.0 5.5E-42 5.6E-48  269.4   0.0  262   40-315   107-424 (458)
     191 UniRef100_A0A023F4J9 Putative  100.0   6E-42   6E-48  282.4   0.0  265   40-312   160-490 (588)
     192 UniRef100_A0A060VWI9 G_PROTEIN 100.0 6.4E-42 6.5E-48  278.7   0.0  262   43-315    67-395 (579)
     193 UniRef100_A0A0K0PUH0 Orphan G- 100.0 6.6E-42 6.5E-48  287.6   0.0  264   40-309   140-468 (583)
     194 tr|A0A1V4J9T1|A0A1V4J9T1_PATFA 100.0 7.2E-42 7.3E-48  265.8   0.0  270   37-317    69-358 (461)
     195 UniRef100_A0A6P4YBA8 delta-typ 100.0 7.4E-42 7.4E-48  271.6   0.0  265   41-319    55-344 (406)
     196 tr|A0A146TP77|A0A146TP77_FUNHE 100.0 8.1E-42   8E-48  286.1   0.0  268   44-319    54-428 (522)
     197 tr|A0A1U7TSJ4|A0A1U7TSJ4_TARSY 100.0   8E-42 8.1E-48  275.2   0.0  271   41-319   217-523 (600)
     198 UniRef100_A0A3M6TKW1 G_PROTEIN 100.0 8.4E-42 8.4E-48  274.8   0.0  267   41-315    45-322 (389)
     199 UniRef100_A0A3M6T9C5 G_PROTEIN 100.0 8.6E-42 8.5E-48  275.3   0.0  280   39-319    61-364 (402)
     200 tr|A0A0N8JZL4|A0A0N8JZL4_9TELE 100.0 8.9E-42   9E-48  273.4   0.0  268   41-316   109-414 (482)
     201 UniRef100_A0A0L8I310 G_PROTEIN 100.0 9.5E-42 9.4E-48  279.2   0.0  263   41-309    50-363 (468)
     202 UniRef100_A0A2G8KTA9 Putative  100.0 1.1E-41   1E-47  279.6   0.0  267   41-315    53-345 (445)
     203 UniRef100_A0A2S1WLX6 Putative  100.0   1E-41 1.1E-47  269.4   0.0  275   41-320    51-464 (475)
     204 tr|A0A091DWF1|A0A091DWF1_FUKDA 100.0 1.1E-41 1.1E-47  266.3   0.0  264   38-316   158-443 (483)
     205 UniRef100_A0A061QHX0 Putative  100.0 1.1E-41 1.1E-47  282.4   0.0  263   43-315   139-508 (563)
     206 UniRef100_A0A026W4F0 Octopamin 100.0 1.2E-41 1.2E-47  268.3   0.0  267   41-315    60-393 (445)
     207 UniRef100_A0A060WAG3 G_PROTEIN 100.0 1.2E-41 1.2E-47  276.5   0.0  268   43-318   129-503 (550)
     208 UniRef100_A0A151LYB3 G_PROTEIN 100.0 1.2E-41 1.2E-47  269.0   0.0  260   44-313   106-388 (435)
     209 UniRef100_A0A0P5DAK4 Orexin re 100.0 1.2E-41 1.3E-47  274.4   0.0  262   44-314   114-430 (505)
     210 UniRef100_A0A096NAQ2 Cholecyst 100.0 1.2E-41 1.3E-47  279.0   0.0  270   38-313   152-500 (617)
     211 tr|A0A147AZW9|A0A147AZW9_FUNHE 100.0 1.3E-41 1.3E-47  283.0   0.0  265   39-312    88-431 (468)
     212 tr|A0A2B4SKI0|A0A2B4SKI0_STYPI 100.0 1.3E-41 1.3E-47  276.2   0.0  264   39-309   100-393 (458)
     213 tr|A0A146U732|A0A146U732_FUNHE 100.0 1.4E-41 1.3E-47  292.5   0.0  270   37-312   192-545 (590)
     214 tr|A0A2B4SNZ1|A0A2B4SNZ1_STYPI 100.0 1.4E-41 1.4E-47  273.3   0.0  266   41-316    36-321 (351)
     215 UniRef100_A0A3M6T8F5 G_PROTEIN 100.0 1.4E-41 1.4E-47  286.7   0.0  270   38-316   103-397 (523)
     216 tr|L7LZ94|L7LZ94_9ACAR Putativ 100.0 1.5E-41 1.5E-47  266.6   0.0  269   40-317   106-395 (438)
     217 tr|A0A1D5PF84|A0A1D5PF84_CHICK 100.0 1.6E-41 1.6E-47  256.5   0.0  286   30-316    33-318 (357)
     218 tr|A0A2B4SBD9|A0A2B4SBD9_STYPI 100.0 1.8E-41 1.8E-47  263.0   0.0  270   42-319    68-345 (367)
     219 UniRef100_A0A023F452 Putative  100.0 1.9E-41 1.9E-47  281.5   0.0  267   42-316   145-540 (660)
     220 UniRef100_B3RM94 G_PROTEIN_REC 100.0   2E-41   2E-47  259.3   0.0  269   39-320    39-324 (327)
     221 UniRef100_A0A068AZY5 Octopamin 100.0 2.1E-41 2.1E-47  296.5   0.0  166   42-213   179-360 (723)
     222 tr|A0A2B4SAJ4|A0A2B4SAJ4_STYPI 100.0 2.1E-41 2.1E-47  271.8   0.0  264   41-310    33-329 (434)
     223 UniRef100_A0A2B4SC76 Substance 100.0 2.2E-41 2.2E-47  278.6   0.0  271   38-313    56-351 (461)
     224 tr|A0A1S3FWK5|A0A1S3FWK5_DIPOR 100.0 2.1E-41 2.2E-47  276.7   0.0  265   43-317   423-732 (786)
     225 tr|A0A1S3IXU4|A0A1S3IXU4_LINUN 100.0 2.2E-41 2.2E-47  267.0   0.0  272   38-316    59-347 (440)
     226 UniRef100_A0A061IAU9 Gastric r 100.0 2.4E-41 2.4E-47  274.4   0.0  266   43-317   121-409 (588)
     227 tr|A0A0L8FIS6|A0A0L8FIS6_OCTBM 100.0 2.4E-41 2.5E-47  270.7   0.0  266   42-316    96-422 (485)
     228 UniRef100_A0A0N0PEL7 Tachykini 100.0 2.6E-41 2.6E-47  269.6   0.0  265   42-315    61-355 (454)
     229 UniRef100_A0A0K0PUK8 FMRFamide 100.0 2.7E-41 2.6E-47  279.8   0.0  266   38-311    60-350 (471)
     230 tr|A0A226N2C0|A0A226N2C0_CALSU 100.0 2.6E-41 2.7E-47  269.9   0.0  269   43-320   231-526 (569)
     231 tr|H2Q292|H2Q292_PANTR Unchara 100.0 2.6E-41 2.7E-47  267.2   0.0  274   40-319    85-408 (492)
     232 tr|A0A218UWX7|A0A218UWX7_9PASE 100.0 2.7E-41 2.7E-47  270.6   0.0  264   40-314    44-340 (474)
     233 UniRef100_A0A6P8IFK2 neuromedi 100.0 2.7E-41 2.7E-47  264.4   0.0  276   38-318    27-325 (363)
     234 UniRef100_A0A0K0PUX3 Orphan G- 100.0   3E-41 2.9E-47  276.8   0.0  259   42-310    66-346 (419)
     235 tr|A0A287CUD4|A0A287CUD4_ICTTR 100.0   3E-41   3E-47  266.0   0.0  265   42-316    24-309 (478)
     236 tr|A0A2B4S4U3|A0A2B4S4U3_STYPI 100.0   3E-41 3.1E-47  258.6   0.0  271   35-313    24-321 (359)
     237 UniRef100_A0A0N7ZAP9 G_PROTEIN 100.0 3.1E-41 3.1E-47  271.3   0.0  267   42-318    82-370 (421)
     238 tr|A0A061IHH7|A0A061IHH7_CRIGR 100.0 3.1E-41 3.1E-47  292.7   0.0  264   43-316   627-921 (934)
     239 tr|A7SX62|A7SX62_NEMVE Predict 100.0 3.2E-41 3.2E-47  256.5   0.0  266   46-317    28-303 (335)
     240 tr|A0A2B4RXD1|A0A2B4RXD1_STYPI 100.0 3.2E-41 3.3E-47  265.9   0.0  265   38-312    95-378 (416)
     241 UniRef100_A0A3M6TSJ5 G_PROTEIN 100.0 3.2E-41 3.3E-47  261.6   0.0  267   36-319    68-338 (409)
     242 UniRef100_A0A026WC04 Dopamine  100.0 3.3E-41 3.3E-47  265.9   0.0  266   42-317    83-400 (468)
     243 UniRef100_A0A0K0PUH3 Allatotro 100.0 3.4E-41 3.4E-47  266.7   0.0  267   40-315    72-374 (424)
     244 tr|T1KPP2|T1KPP2_TETUR Unchara 100.0 3.5E-41 3.5E-47  270.4   0.0  264   40-316   155-438 (477)
     245 UniRef100_A0A084VX67 AGAP00044 100.0 3.6E-41 3.6E-47  268.5   0.0  258   44-312    77-384 (444)
     246 UniRef100_A0A060X6T3 G_PROTEIN 100.0 3.6E-41 3.7E-47  272.2   0.0  266   42-316    95-415 (550)
     247 UniRef100_A0A2B4RA56 D(5)-like 100.0 3.7E-41 3.7E-47  276.0   0.0  263   40-310    83-354 (431)
     248 UniRef100_A0A067RG65 Neuropept 100.0 3.8E-41 3.8E-47  272.0   0.0  273   41-318    92-398 (509)
     249 UniRef100_A0A6P8H0A4 5-hydroxy 100.0 3.9E-41 3.9E-47  261.0   0.0  270   42-316    43-334 (346)
     250 UniRef100_A0A084VLD5 AGAP00422 100.0 3.8E-41 3.9E-47  276.3   0.0  263   42-314   249-595 (695)
     251 UniRef100_A0A2B4SJE7 Orexin re 100.0 4.4E-41 4.4E-47  275.0   0.0  269   40-314   138-431 (517)
     252 tr|A0A0P7U0M1|A0A0P7U0M1_9TELE 100.0 4.5E-41 4.6E-47  262.4   0.0  272   37-315   102-412 (440)
     253 UniRef100_A0A061IN14 NK-3 rece 100.0 4.6E-41 4.6E-47  279.4   0.0  271   37-316   234-525 (662)
     254 UniRef100_A0A087QH91 Melanopsi 100.0 4.7E-41 4.7E-47  278.6   0.0  268   38-314   105-399 (629)
     255 tr|A0A1I8N820|A0A1I8N820_MUSDO 100.0 4.8E-41 4.8E-47  279.3   0.0  265   40-313   308-636 (880)
     256 UniRef100_A0A226DFM2 Neuropept 100.0 4.9E-41   5E-47  271.9   0.0  264   41-312   110-401 (523)
     257 UniRef100_A0A0L8H5P3 G_PROTEIN 100.0 4.9E-41   5E-47  271.4   0.0  262   40-312    78-370 (496)
     258 UniRef100_A0A016SJ65 Thyrolibe 100.0 5.3E-41 5.2E-47  275.5   0.0  268   41-315    88-397 (479)
     259 UniRef100_A0A0A7EV57 Melanocor 100.0 5.5E-41 5.6E-47  249.3   0.0  294    1-294     2-295 (295)
     260 UniRef100_A0A2B4SJV4 Galanin r 100.0 5.8E-41 5.7E-47  277.7   0.0  270   38-313    76-365 (444)
     261 tr|K7GCC3|K7GCC3_PELSI Adrenoc 100.0 5.6E-41 5.7E-47  265.8   0.0  261   44-315    49-364 (488)
     262 tr|A0A146YGA5|A0A146YGA5_FUNHE 100.0 5.7E-41 5.7E-47  279.1   0.0  270   38-316    32-342 (521)
     263 tr|A7RVQ0|A7RVQ0_NEMVE Predict 100.0 5.9E-41 5.8E-47  268.9   0.0  276   37-313    29-330 (398)
     264 tr|A0A2B4SIA2|A0A2B4SIA2_STYPI 100.0 6.2E-41 6.2E-47  265.4   0.0  271   41-317    63-363 (370)
     265 UniRef100_A0A2G8JGQ1 Putative  100.0 6.5E-41 6.5E-47  273.1   0.0  279   37-320    58-376 (455)
     266 tr|A0A1D2MSE1|A0A1D2MSE1_ORCCI 100.0 6.5E-41 6.5E-47  279.3   0.0  266   40-313   114-405 (615)
     267 UniRef100_A0A2B4RXD1 Neuropept 100.0 6.6E-41 6.6E-47  270.2   0.0  273   38-318    96-386 (461)
     268 UniRef100_A0A060WGM3 G_PROTEIN 100.0 7.1E-41   7E-47  281.6   0.0  260   44-313   152-440 (537)
     269 UniRef100_A0A084WFJ7 AGAP00011 100.0 7.5E-41 7.5E-47  272.9   0.0  259   40-309    91-375 (519)
     270 UniRef100_A0A0L8H8I0 G_PROTEIN 100.0 7.7E-41 7.6E-47  278.0   0.0  263   43-315    79-364 (466)
     271 UniRef100_A0A068WKU9 Neuropept 100.0 7.6E-41 7.6E-47  268.6   0.0  263   42-312    78-365 (451)
     272 UniRef100_A0A3M6TEA9 G_PROTEIN 100.0   8E-41   8E-47  270.9   0.0  269   40-313    51-342 (414)
     273 tr|A0A1W2W3E6|A0A1W2W3E6_CIOIN 100.0   8E-41 8.1E-47  266.0   0.0  271   37-316    58-353 (487)
     274 UniRef100_A0A026WIP6 Cholecyst 100.0 8.2E-41 8.2E-47  281.8   0.0  273   40-318   174-533 (636)
     275 UniRef100_A7RGN9 Predicted pro 100.0 8.5E-41 8.6E-47  256.9   0.0  266   38-313    32-313 (317)
     276 UniRef100_A0A0H3YI86 Pyrokinin 100.0 9.4E-41 9.3E-47  276.4   0.0  276   41-321    88-405 (510)
     277 tr|A0A2D0SD29|A0A2D0SD29_ICTPU 100.0 9.4E-41 9.4E-47  265.2   0.0  261   42-311    10-305 (420)
     278 tr|A0A1A9ZAD8|A0A1A9ZAD8_GLOPL 100.0 9.6E-41 9.8E-47  267.9   0.0  272   33-313   119-420 (574)
     279 tr|A0A212C668|A0A212C668_CEREH 100.0 9.8E-41   1E-46  267.0   0.0  264   42-314   225-556 (558)
     280 UniRef100_A0A2B4SQU8 Orexin re 100.0   1E-40   1E-46  258.2   0.0  281   34-319    34-351 (370)
     281 UniRef100_A0A2B4SEF2 Beta-1 ad 100.0   1E-40   1E-46  265.8   0.0  264   40-314    75-344 (424)
     282 tr|A0A139WLV7|A0A139WLV7_TRICA 100.0   1E-40 1.1E-46  277.3   0.0  267   39-313   401-696 (792)
     283 UniRef100_A0A1J1I7G5 CLUMA_CG0 100.0 1.1E-40 1.1E-46  267.9   0.0  265   41-314    81-373 (500)
     284 AntAceMinimDraft_8_1070364.sca 100.0 1.1E-40 1.1E-46  260.4   0.0  275   38-317    39-359 (406)
     285 UniRef100_A0A2R8PY66 5-hydroxy 100.0 1.1E-40 1.1E-46  255.1   0.0  272   44-322    64-362 (381)
     286 UniRef100_A0A0S1YD99 Neuropept 100.0 1.1E-40 1.1E-46  259.9   0.0  265   40-315    79-373 (423)
     287 UniRef100_A0A023F3V9 Putative  100.0 1.1E-40 1.1E-46  271.5   0.0  264   39-314   135-423 (574)
     288 UniRef100_A0A6S7JE64 Neuropept 100.0 1.1E-40 1.1E-46  265.5   0.0  267   39-314    37-321 (412)
     289 UniRef100_A0A3M6UKK8 G_PROTEIN 100.0 1.2E-40 1.2E-46  270.0   0.0  265   39-312    44-333 (406)
     290 tr|A0A060XH49|A0A060XH49_ONCMY 100.0 1.2E-40 1.2E-46  284.0   0.0  264   44-318    56-387 (945)
     291 tr|A7SIX0|A7SIX0_NEMVE Predict 100.0 1.2E-40 1.2E-46  261.3   0.0  269   42-315    30-319 (403)
     292 tr|W4Z2N2|W4Z2N2_STRPU Unchara 100.0 1.2E-40 1.3E-46  258.2   0.0  272   38-315    58-353 (406)
     293 tr|V8P564|V8P564_OPHHA Melanoc 100.0 1.3E-40 1.3E-46  273.6   0.0  310    1-313   552-863 (864)
     294 UniRef100_A0A0K0PUG3 Thyrolibe 100.0 1.5E-40 1.5E-46  273.9   0.0  269   40-315   218-522 (606)
     295 UniRef100_A0A6A7G2U4 Octopamin 100.0 1.5E-40 1.5E-46  268.3   0.0  268   41-315   175-512 (574)
     296 tr|A0A1L7H7D8|A0A1L7H7D8_SACKO 100.0 1.6E-40 1.6E-46  257.1   0.0  264   43-318    78-368 (424)
     297 UniRef100_A0A1S3J8T4 5-hydroxy 100.0 1.6E-40 1.6E-46  269.9   0.0  267   38-313   102-395 (468)
     298 tr|A0A0S1YD80|A0A0S1YD80_CHISP 100.0 1.7E-40 1.7E-46  266.7   0.0  267   41-316   169-466 (513)
     299 UniRef100_A0A095ANA4 Dopamine  100.0 1.8E-40 1.8E-46  282.3   0.0  174   36-215   172-359 (674)
     300 tr|A0A1D2NMB6|A0A1D2NMB6_ORCCI 100.0 1.8E-40 1.8E-46  267.6   0.0  269   38-315   153-451 (520)
     301 tr|A0A1U7SK54|A0A1U7SK54_TARSY 100.0 1.8E-40 1.9E-46  283.4   0.0  284   30-313    32-316 (904)
     302 UniRef100_A0A0Q3PEJ5 Alpha-1B  100.0 1.9E-40   2E-46  268.5   0.0  265   43-316    69-386 (683)
     303 UniRef100_A0A060Y7B7 G_PROTEIN 100.0   2E-40   2E-46  272.3   0.0  269   42-318   121-553 (560)
     304 UniRef100_A0A6P8IPF1 5-hydroxy 100.0   2E-40 2.1E-46  258.3   0.0  264   43-315    64-362 (403)
     305 tr|W4XZB8|W4XZB8_STRPU Unchara 100.0 2.1E-40 2.1E-46  261.9   0.0  257   44-312    27-308 (400)
     306 tr|A0A1L8F837|A0A1L8F837_XENLA 100.0 2.2E-40 2.2E-46  254.5   0.0  263   44-316    33-318 (349)
     307 UniRef100_A0A3M6TKX3 G_PROTEIN 100.0 2.3E-40 2.3E-46  267.4   0.0  264   40-313    79-373 (427)
     308 UniRef100_A0A060W247 Cholecyst 100.0 2.3E-40 2.3E-46  271.3   0.0  272   37-314   128-476 (563)
     309 UniRef100_A0A026X164 G-protein 100.0 2.3E-40 2.3E-46  274.9   0.0  270   37-319   119-428 (604)
     310 UniRef100_A0A060X0R7 Uncharact 100.0 2.3E-40 2.3E-46  254.2   0.0  265   38-317    59-345 (383)
     311 UniRef100_A0A060W5H6 G_PROTEIN 100.0 2.4E-40 2.4E-46  274.1   0.0  260   42-310    92-383 (528)
     312 tr|A0A067RDC3|A0A067RDC3_ZOONE 100.0 2.4E-40 2.4E-46  271.4   0.0  272   39-318    74-367 (506)
     313 UniRef100_A0A061QLL1 Putative  100.0 2.7E-40 2.7E-46  264.4   0.0  266   41-315    50-422 (424)
     314 UniRef100_A0A087U880 Neuropept 100.0 2.7E-40 2.7E-46  263.0   0.0  263   40-311    72-360 (401)
     315 UniRef100_A0A0L8HHE2 G_PROTEIN 100.0 2.8E-40 2.8E-46  263.5   0.0  268   41-317     5-302 (385)
     316 UniRef100_UPI000219022F Endoly 100.0 2.7E-40 2.8E-46  261.3   0.0  259   43-316   207-488 (507)
     317 tr|A0A2B4R9G2|A0A2B4R9G2_STYPI 100.0 2.8E-40 2.8E-46  260.9   0.0  264   39-311    63-346 (378)
     318 UniRef100_A0A1S3HRK7 octopamin 100.0 3.1E-40 3.1E-46  268.5   0.0  262   43-313    71-349 (413)
     319 UniRef100_A0A026VXG0 Octopamin 100.0 3.1E-40 3.1E-46  275.4   0.0  264   40-311    85-537 (647)
     320 tr|W4Z3I5|W4Z3I5_STRPU Unchara 100.0 3.1E-40 3.2E-46  261.2   0.0  266   40-314    52-393 (461)
     321 tr|A7RNV5|A7RNV5_NEMVE Predict 100.0 3.2E-40 3.2E-46  258.4   0.0  261   43-311    38-323 (377)
     322 UniRef100_A0A151NBW6 Beta-3 ad 100.0 3.2E-40 3.3E-46  263.2   0.0  261   41-312    35-338 (490)
     323 tr|A0A2B4RSD1|A0A2B4RSD1_STYPI 100.0 3.4E-40 3.3E-46  271.7   0.0  267   40-314    54-381 (430)
     324 UniRef100_A0A6P4Z684 G-protein 100.0 3.3E-40 3.4E-46  259.9   0.0  291   17-313    30-345 (425)
     325 tr|A0A0P6IZB8|A0A0P6IZB8_9CRUS 100.0 3.4E-40 3.4E-46  266.4   0.0  269   40-318   206-498 (559)
     326 UniRef100_A0A193KU97 GCR058 n= 100.0 3.5E-40 3.5E-46  256.9   0.0  270   38-315    27-332 (379)
     327 tr|A0A1I8FSG9|A0A1I8FSG9_9PLAT 100.0 3.5E-40 3.5E-46  264.2   0.0  266   44-317   115-451 (550)
     328 tr|A0A151NBW9|A0A151NBW9_ALLMI 100.0 3.5E-40 3.5E-46  264.2   0.0  267   41-315    85-392 (472)
     329 UniRef100_A0A0A1XP15 Neuropept 100.0 3.7E-40 3.8E-46  257.3   0.0  268   41-316    76-375 (421)
     330 UniRef100_A0A6S7HDR1 5-hydroxy 100.0 3.8E-40 3.9E-46  258.6   0.0  272   41-315    42-349 (399)
     331 UniRef100_A0A3M6UME8 G_PROTEIN 100.0 3.9E-40 3.9E-46  262.1   0.0  264   38-314    41-325 (383)
     332 tr|A0A2B4S931|A0A2B4S931_STYPI 100.0   4E-40   4E-46  264.9   0.0  274   34-312    67-344 (398)
     333 UniRef100_A0A3M6UXY6 G_PROTEIN 100.0   4E-40   4E-46  261.1   0.0  264   41-315    45-312 (349)
     334 UniRef100_A0A1L8FNX2 G_PROTEIN 100.0   4E-40   4E-46  263.9   0.0  254   40-311    66-340 (400)
     335 UniRef100_A0A0C9RF21 CapaR_3 p 100.0 4.1E-40 4.1E-46  267.5   0.0  270   41-316    56-358 (532)
     336 UniRef100_A0A084WIC4 Short neu 100.0 4.1E-40 4.1E-46  267.8   0.0  268   40-315    96-387 (551)
     337 UniRef100_A0A067RIW6 G_PROTEIN 100.0 4.4E-40 4.5E-46  274.7   0.0  265   40-311   188-543 (705)
     338 UniRef100_UPI000B9126F2 D(1) d 100.0 4.4E-40 4.5E-46  256.5   0.0  265   41-316    22-320 (463)
     339 UniRef100_A0A2G8KT39 Putative  100.0 4.5E-40 4.5E-46  265.0   0.0  272   36-312    44-339 (383)
     340 UniRef100_A0A3B4UE11 Si:zfos-1 100.0 4.4E-40 4.5E-46  255.7   0.0  290   14-316    40-352 (441)
     341 ABNJ01.1.fsa_nt_gi|175437430|g 100.0 4.5E-40 4.5E-46  255.8   0.0  271   41-318    75-354 (362)
     342 UniRef100_A0A067RDC3 Prolactin 100.0 4.5E-40 4.5E-46  267.0   0.0  266   41-314    69-356 (541)
     343 UniRef100_A0A147B5F7 Adenosine 100.0 4.6E-40 4.7E-46  262.6   0.0  260   44-313    56-343 (492)
     344 UniRef100_A0A0A7KUZ5 Opsin 5 n 100.0 4.9E-40 4.9E-46  265.2   0.0  264   39-312    55-342 (407)
     345 UniRef100_A0A026X2D4 Alpha-1A  100.0 5.1E-40   5E-46  269.9   0.0  267   38-316    94-375 (461)
     346 tr|A0A0Q3X582|A0A0Q3X582_AMAAE 100.0 5.1E-40 5.1E-46  268.8   0.0  260   44-313    89-384 (504)
     347 tr|A7S8R9|A7S8R9_NEMVE Predict 100.0 5.2E-40 5.2E-46  262.4   0.0  272   38-317    27-341 (398)
     348 tr|A0A212EZN3|A0A212EZN3_DANPL 100.0 5.5E-40 5.6E-46  263.1   0.0  266   41-314    59-354 (488)
     349 tr|W8B9D1|W8B9D1_CERCA 5-hydro 100.0 6.3E-40 6.4E-46  266.6   0.0  268   42-316   268-628 (664)
     350 tr|A0A2B4RR50|A0A2B4RR50_STYPI 100.0 6.4E-40 6.4E-46  258.6   0.0  270   40-319    33-330 (411)
     351 UniRef100_UPI000A34DAF5 mRNA c 100.0 6.5E-40 6.7E-46  265.8   0.0  320    1-320   470-789 (863)
     352 tr|A7SFM3|A7SFM3_NEMVE Predict 100.0 6.8E-40 6.7E-46  263.2   0.0  278   37-319    39-342 (356)
     353 UniRef100_A0A0N0PF28 Orexin re 100.0 6.7E-40 6.8E-46  268.5   0.0  258   44-310   144-455 (588)
     354 UniRef100_A0A1L8HHP3 G_PROTEIN 100.0 6.7E-40 6.8E-46  255.8   0.0  264   39-316    48-341 (370)
     355 tr|A0A210R0K7|A0A210R0K7_MIZYE 100.0 6.8E-40 6.9E-46  259.6   0.0  269   38-312    75-423 (470)
     356 UniRef100_C3ZK20 G_PROTEIN_REC 100.0 6.9E-40 6.9E-46  262.3   0.0  263   42-315     6-322 (374)
     357 tr|A7SMQ7|A7SMQ7_NEMVE Predict 100.0 6.9E-40 6.9E-46  255.6   0.0  267   41-315    16-303 (358)
     358 tr|E6ZEU6|E6ZEU6_DICLA Neurome 100.0   7E-40   7E-46  264.6   0.0  271   40-315    92-395 (461)
     359 UniRef100_A0A087X781 Alpha-2Db 100.0 7.3E-40 7.4E-46  261.7   0.0  262   45-314    75-492 (495)
     360 UniRef100_A0A0L8FWF7 G_PROTEIN 100.0 7.5E-40 7.5E-46  274.0   0.0  270   43-321    98-553 (576)
     361 UniRef100_A0A087REY1 NPY-Y2 re 100.0 7.4E-40 7.5E-46  267.3   0.0  263   40-315   190-479 (599)
     362 UniRef100_A0A096MAY6 Alpha-1B  100.0 7.4E-40 7.5E-46  259.5   0.0  266   44-318    54-377 (489)
     363 UniRef100_A0A2R8QQ51 Trace ami 100.0 7.7E-40 7.7E-46  260.7   0.0  297    5-314    34-364 (459)
     364 UniRef100_A0A016TS00 G_PROTEIN 100.0 8.2E-40 8.2E-46  274.7   0.0  265   42-316   118-555 (622)
     365 tr|K1RR88|K1RR88_CRAGI 5-hydro 100.0 8.1E-40 8.3E-46  253.7   0.0  268   42-319    62-356 (407)
     366 tr|A0A1U7SLA2|A0A1U7SLA2_TARSY 100.0 8.2E-40 8.4E-46  264.0   0.0  263   45-316   133-451 (601)
     367 UniRef100_A0A067R4E0 Tachykini 100.0 8.5E-40 8.5E-46  259.1   0.0  263   41-311    54-341 (396)
     368 UniRef100_A0A2B4SUJ0 Melatonin 100.0 8.6E-40 8.6E-46  260.7   0.0  273   38-319    29-319 (399)
     369 UniRef100_A0A060VV87 Kappa-typ 100.0 8.4E-40 8.6E-46  264.8   0.0  266   38-316   192-479 (586)
     370 UniRef100_A0A2B4SYG2 5-hydroxy 100.0 8.8E-40 8.9E-46  257.2   0.0  260   40-311    33-313 (376)
     371 tr|A0A210QY69|A0A210QY69_MIZYE 100.0 9.4E-40 9.5E-46  251.7   0.0  272   38-320    88-383 (400)
     372 UniRef100_UPI000B90EEC3 octopa 100.0 9.4E-40 9.6E-46  251.2   0.0  265   44-317    71-375 (415)
     373 tr|A0A218VDE9|A0A218VDE9_9PASE 100.0 9.7E-40 9.9E-46  258.9   0.0  259   39-314    26-307 (556)
     374 tr|C7SLZ0|C7SLZ0_APLKU Seroton 100.0   1E-39   1E-45  265.7   0.0  265   43-316    79-426 (485)
     375 UniRef100_A0A0K0PUT0 Orphan G- 100.0   1E-39   1E-45  267.5   0.0  273   40-317    54-349 (400)
     376 UniRef100_A0A369SHZ1 5-hydroxy 100.0   1E-39   1E-45  257.6   0.0  268   41-315    32-332 (375)
     377 UniRef100_A0A6P8HUK6 melatonin 100.0 1.1E-39 1.1E-45  252.3   0.0  273   41-322    32-328 (374)
     378 UniRef100_A0A6P4Z5N5 muscarini 100.0 1.1E-39 1.1E-45  256.0   0.0  263   43-315    35-343 (357)
     379 UniRef100_A0A087T988 G-protein 100.0 1.1E-39 1.1E-45  261.5   0.0  268   38-318    66-380 (402)
     380 UniRef100_A0A060YTK2 Uncharact 100.0 1.2E-39 1.2E-45  256.0   0.0  266   37-315    85-379 (447)
     381 tr|M7BJE0|M7BJE0_CHEMY 5-hydro 100.0 1.2E-39 1.2E-45  270.6   0.0  261   44-315   279-593 (685)
     382 tr|C3XVU5|C3XVU5_BRAFL Unchara 100.0 1.2E-39 1.2E-45  256.7   0.0  267   39-313    64-355 (439)
     383 UniRef100_A0A182H1J6 G_PROTEIN 100.0 1.2E-39 1.2E-45  276.9   0.0  171   37-213   319-511 (1005)
     384 UniRef100_A0A6F9DEB9 5-hydroxy 100.0 1.3E-39 1.3E-45  264.0   0.0  258   42-312    61-357 (426)
     385 tr|Q6VUB7|Q6VUB7_BRAFL Dopamin 100.0 1.3E-39 1.3E-45  247.4   0.0  265   40-316    43-340 (394)
     386 tr|A0A182FRI7|A0A182FRI7_ANOAL 100.0 1.3E-39 1.3E-45  275.9   0.0  169   43-217   119-304 (677)
     387 UniRef100_A0A0K0PUL2 DH31-like 100.0 1.3E-39 1.3E-45  254.0   0.0  267   38-315    50-334 (375)
     388 tr|B4KC34|B4KC34_DROMO Unchara 100.0 1.4E-39 1.4E-45  270.7   0.0  263   41-312   197-490 (670)
     389 UniRef100_A0A087YRJ8 Trace ami 100.0 1.4E-39 1.5E-45  263.4   0.0  260   44-313   127-403 (491)
     390 UniRef100_A0A026WM41 Dopamine  100.0 1.6E-39 1.6E-45  274.0   0.0  171   38-214   161-345 (659)
     391 tr|R4J1H6|R4J1H6_SALSA Cholecy 100.0 1.7E-39 1.7E-45  255.6   0.0  272   38-315    48-407 (461)
     392 tr|A0A147AVH6|A0A147AVH6_FUNHE 100.0 1.7E-39 1.7E-45  266.1   0.0  267   37-312   193-618 (618)
     393 tr|B4JN40|B4JN40_DROGR GH24210 100.0 1.7E-39 1.7E-45  257.9   0.0  264   39-313   119-407 (436)
     394 UniRef100_A0A016UUZ5 G_PROTEIN 100.0 1.8E-39 1.8E-45  259.8   0.0  261   45-315    83-413 (486)
     395 UniRef100_A0A4W4DTE3 G_PROTEIN 100.0 1.8E-39 1.8E-45  256.4   0.0  267   38-317    54-345 (379)
     396 tr|A0A182XXT9|A0A182XXT9_ANOST 100.0 1.8E-39 1.8E-45  256.2   0.0  258   44-312    82-390 (426)
     397 tr|A0A2H1W6Q0|A0A2H1W6Q0_SPOFR 100.0 1.8E-39 1.8E-45  260.9   0.0  268   41-316    75-365 (466)
     398 UniRef100_A0A0A1WLH2 Somatosta 100.0 1.8E-39 1.9E-45  268.0   0.0  266   38-315   218-508 (667)
     399 UniRef100_A0A067R841 G_PROTEIN 100.0 1.9E-39 1.9E-45  266.9   0.0  273   36-314   106-409 (526)
     400 UniRef100_A0A6P8HVR8 galanin r 100.0   2E-39   2E-45  255.0   0.0  270   37-313    23-319 (381)
     401 tr|A0A232F8D2|A0A232F8D2_9HYME 100.0   2E-39   2E-45  259.0   0.0  266   41-313    76-369 (478)
     402 UniRef100_E9HAW0 G_PROTEIN_REC 100.0 2.1E-39 2.1E-45  254.2   0.0  259   39-309    67-351 (393)
     403 UniRef100_A0A077Z2V7 Neuropept 100.0 2.1E-39 2.1E-45  257.8   0.0  270   39-312    72-373 (451)
     404 tr|A0A1S3FYW5|A0A1S3FYW5_DIPOR 100.0 2.1E-39 2.2E-45  248.4   0.0  268   38-318    71-362 (385)
     405 UniRef100_A0A068YA15 Neuropept 100.0 2.1E-39 2.2E-45  262.2   0.0  265   41-310    77-391 (510)
     406 UniRef100_A0A2B4SID7 Neuropept 100.0 2.2E-39 2.2E-45  261.9   0.0  271   40-315    85-380 (462)
     407 UniRef100_A0A087XUD9 Dopamine  100.0 2.3E-39 2.3E-45  259.9   0.0  268   38-314    81-404 (510)
     408 tr|A0A0K0PUV0|A0A0K0PUV0_PLADU 100.0 2.4E-39 2.4E-45  255.1   0.0  269   38-317    17-336 (373)
     409 SRR6218665_147192              100.0 2.5E-39 2.5E-45  258.5   0.0  274   38-319   102-401 (466)
     410 UniRef100_A0A3B5MNK7 G_PROTEIN 100.0 2.5E-39 2.6E-45  251.7   0.0  263   43-314    35-348 (455)
     411 tr|A0A2B4REF9|A0A2B4REF9_STYPI 100.0 2.6E-39 2.6E-45  284.5   0.0  275   38-316   927-1232(1279)
     412 tr|J9JRI9|J9JRI9_ACYPI Unchara 100.0 2.6E-39 2.6E-45  256.7   0.0  265   41-314    39-333 (490)
     413 tr|A0A2B4SSL5|A0A2B4SSL5_STYPI 100.0 2.6E-39 2.6E-45  247.3   0.0  270   37-317    22-312 (344)
     414 UniRef100_A0A060WGF3 B2 bradyk 100.0 2.7E-39 2.7E-45  272.1   0.0  258   42-312   165-449 (589)
     415 UniRef100_A0A6G8J3P5 Melanin-c 100.0 2.7E-39 2.8E-45  255.3   0.0  267   38-314    63-351 (460)
     416 tr|A0A091DLL4|A0A091DLL4_FUKDA 100.0 2.8E-39 2.8E-45  253.4   0.0  264   42-316    39-346 (474)
     417 UniRef100_A0A068WTW9 Tachykini 100.0 2.8E-39 2.9E-45  257.2   0.0  264   41-314    50-359 (453)
     418 tr|A7RKH9|A7RKH9_NEMVE Predict 100.0 2.9E-39 2.9E-45  251.6   0.0  264   39-316    28-315 (336)
     419 SRR6218665_799277              100.0 2.9E-39   3E-45  251.2   0.0  269   40-315   128-420 (456)
     420 tr|F7E6B1|F7E6B1_MONDO Tachyki 100.0   3E-39 3.1E-45  255.6   0.0  268   39-315    97-385 (475)
     421 UniRef100_A0A0P7XS52 Trace ami 100.0 3.1E-39 3.1E-45  272.5   0.0  261   43-313   364-655 (726)
     422 tr|A0A0L7QUK8|A0A0L7QUK8_9HYME 100.0 3.4E-39 3.4E-45  268.3   0.0  267   41-314   206-498 (806)
     423 tr|A0A0P7XE55|A0A0P7XE55_9TELE 100.0 3.4E-39 3.4E-45  266.2   0.0  269   42-319    56-372 (782)
     424 UniRef100_A0A023WAQ6 Melanocor 100.0 3.5E-39 3.6E-45  234.7   0.0  266   48-313     2-267 (274)
     425 UniRef100_A0A060ILH2 Neuromedi 100.0 3.5E-39 3.6E-45  263.8   0.0  268   41-314   181-477 (606)
     426 UniRef100_A0A6P8H485 beta-2 ad 100.0 3.6E-39 3.6E-45  260.6   0.0  271   41-321    62-365 (411)
     427 UniRef100_A0A3M6TI37 G_PROTEIN 100.0 3.7E-39 3.7E-45  253.8   0.0  265   37-316    41-309 (339)
     428 tr|A7RRH0|A7RRH0_NEMVE Predict 100.0 3.7E-39 3.8E-45  268.4   0.0  271   37-316    27-317 (700)
     429 UniRef100_A0A087RCY8 5-hydroxy 100.0 3.8E-39 3.8E-45  266.8   0.0  275   37-316   145-472 (567)
     430 tr|L8Y5L0|L8Y5L0_TUPCH Alpha-2 100.0 3.8E-39 3.8E-45  271.7   0.0  263   44-316   401-820 (823)
     431 ERR1719361_2001115             100.0 3.8E-39 3.8E-45  257.6   0.0  268   40-317    28-327 (415)
     432 tr|A0A210QNG6|A0A210QNG6_MIZYE 100.0 3.9E-39   4E-45  259.6   0.0  309    1-317     1-342 (498)
     433 tr|A0A0A7RC79|A0A0A7RC79_RHOPR 100.0   4E-39   4E-45  251.8   0.0  269   39-317    78-376 (404)
     434 UniRef100_A0A2P8Z628 Octopamin 100.0   4E-39   4E-45  256.1   0.0  267   39-313    53-415 (477)
     435 UniRef100_F6ZHC8 Uncharacteriz 100.0   4E-39   4E-45  260.4   0.0  267   40-313    91-463 (520)
     436 tr|A0A0V1MVC7|A0A0V1MVC7_9BILA 100.0 4.1E-39 4.2E-45  264.5   0.0  263   42-315    86-379 (598)
     437 UniRef100_A0A6A4WEU8 5-hydroxy 100.0 4.4E-39 4.5E-45  260.9   0.0  268   40-315    71-440 (535)
     438 tr|A0A182L9N8|A0A182L9N8_9DIPT 100.0 4.5E-39 4.5E-45  260.8   0.0  264   42-314    94-382 (490)
     439 UniRef100_A0A1I7STM2 (pine woo 100.0 4.9E-39 4.9E-45  260.6   0.0  265   40-312    84-384 (430)
     440 UniRef100_A0A6P4ZN87 somatosta 100.0   5E-39   5E-45  253.1   0.0  268   38-315    34-329 (391)
     441 UniRef100_A0A084WCX2 AGAP00493 100.0   5E-39   5E-45  260.7   0.0  260   42-314   100-388 (474)
     442 tr|A7SFG7|A7SFG7_NEMVE Predict 100.0 5.2E-39 5.2E-45  252.2   0.0  265   37-311    24-309 (364)
     443 tr|A0A1I8MQS0|A0A1I8MQS0_MUSDO 100.0 5.2E-39 5.2E-45  266.8   0.0  265   39-315   152-440 (572)
     444 UniRef100_A0A2B4RYF4 Neuropept 100.0 5.2E-39 5.2E-45  247.6   0.0  267   37-313    31-314 (401)
     445 UniRef100_A0A3M6TID3 G_PROTEIN 100.0 5.3E-39 5.2E-45  253.0   0.0  256   42-309    42-298 (347)
     446 Marorgknorr_s2lv_2_1036014.sca 100.0 5.3E-39 5.3E-45  254.8   0.0  275   38-321    31-338 (366)
     447 UniRef100_A0A0E3EKU4 Allatotro 100.0 5.5E-39 5.6E-45  256.7   0.0  264   44-316   139-433 (562)
     448 UniRef100_A0A2D0RHY1 Alpha-1B  100.0 5.6E-39 5.7E-45  256.5   0.0  269   42-319   121-437 (562)
     449 tr|A0A1A8EW90|A0A1A8EW90_9TELE 100.0 6.4E-39 6.5E-45  252.6   0.0  262   39-313    47-332 (444)
     450 tr|A0A182U1B5|A0A182U1B5_9DIPT 100.0 6.7E-39 6.8E-45  262.1   0.0  268   40-315    43-344 (620)
     451 UniRef100_A0A1S3F7I6 neuropept 100.0 6.8E-39 6.9E-45  266.3   0.0  264   41-312   255-555 (712)
     452 UniRef100_A0A3M6UDU2 G_PROTEIN 100.0 7.6E-39 7.5E-45  260.8   0.0  269   38-311    41-329 (402)
     453 tr|A0A218UTA6|A0A218UTA6_9PASE 100.0 7.5E-39 7.6E-45  264.1   0.0  266   44-318    65-447 (738)
     454 tr|A0A146NR64|A0A146NR64_FUNHE 100.0 7.5E-39 7.6E-45  253.2   0.0  266   37-315   120-421 (449)
     455 tr|Q8MTW6|Q8MTW6_SPISO Putativ 100.0 7.8E-39 7.9E-45  249.8   0.0  270   38-315    38-351 (388)
     456 ERR1719510_236906              100.0   8E-39   8E-45  265.4   0.0  273   41-321    87-380 (577)
     457 UniRef100_A0A132AJH3 7 transme 100.0 8.4E-39 8.4E-45  259.7   0.0  265   40-312    72-384 (447)
     458 UniRef100_A0A2G8K804 Putative  100.0 8.5E-39 8.5E-45  256.2   0.0  268   41-315    63-440 (451)
     459 UniRef100_A0A0P6J0T1 Putative  100.0 8.7E-39 8.8E-45  269.7   0.0  266   41-311   107-406 (735)
     460 UniRef100_A0A2G8JD30 Putative  100.0 8.7E-39 8.8E-45  243.7   0.0  264   43-314    31-316 (323)
     461 UniRef100_A0A023ETT6 Putative  100.0 8.8E-39   9E-45  259.5   0.0  266   39-315   156-447 (612)
     462 tr|Q29XY7|Q29XY7_APLCA Dopamin 100.0   9E-39 9.1E-45  254.1   0.0  265   39-313    57-376 (450)
     463 tr|K1QHX9|K1QHX9_CRAGI Somatos 100.0 9.1E-39 9.1E-45  258.1   0.0  264   38-314    50-339 (456)
     464 tr|W4Z9U8|W4Z9U8_STRPU Unchara 100.0 9.1E-39 9.2E-45  248.4   0.0  272   39-318   110-415 (434)
     465 tr|A7RF67|A7RF67_NEMVE Predict 100.0 9.4E-39 9.4E-45  250.9   0.0  277   36-317    19-315 (375)
     466 UniRef100_A0A2B4SAD4 5-hydroxy 100.0   1E-38   1E-44  254.1   0.0  277   31-317    41-340 (376)
     467 UniRef100_A0A087R2J6 Neuropept 100.0   1E-38   1E-44  263.4   0.0  264   41-312   217-517 (638)
     468 tr|W5MC67|W5MC67_LEPOC Pyroglu 100.0   1E-38   1E-44  250.5   0.0  267   40-312    57-357 (441)
     469 tr|A0A096NTW4|A0A096NTW4_PAPAN 100.0   1E-38   1E-44  251.5   0.0  270   40-316   136-428 (442)
     470 tr|A0A1I8PG61|A0A1I8PG61_STOCA 100.0   1E-38   1E-44  266.8   0.0  266   38-315   301-593 (716)
     471 tr|A0A2C9K1H0|A0A2C9K1H0_BIOGL 100.0   1E-38   1E-44  258.9   0.0  260   44-313    13-295 (607)
     472 tr|K1PQW2|K1PQW2_CRAGI Putativ 100.0   1E-38   1E-44  249.7   0.0  272   37-316    58-355 (437)
     473 UniRef100_A0A060VNF4 G_PROTEIN 100.0   1E-38   1E-44  262.1   0.0  264   38-314   132-431 (566)
     474 tr|A0A0P7Y9H4|A0A0P7Y9H4_9TELE 100.0   1E-38 1.1E-44  253.3   0.0  259   44-312    47-335 (485)
     475 tr|A7T260|A7T260_NEMVE Predict 100.0 1.1E-38 1.1E-44  247.2   0.0  265   41-313    33-302 (349)
     476 UniRef100_A0A6S7I697 Neuropept 100.0 1.1E-38 1.1E-44  246.1   0.0  274   40-318    47-359 (374)
     477 UniRef100_A0A087QSW5 5-hydroxy 100.0 1.1E-38 1.1E-44  255.4   0.0  268   41-316   182-516 (570)
     478 tr|A0A1S3NPB2|A0A1S3NPB2_SALSA 100.0 1.1E-38 1.1E-44  252.5   0.0  273   35-316    38-333 (443)
     479 UniRef100_A0A023F665 Putative  100.0 1.2E-38 1.2E-44  262.9   0.0  272   36-313   143-448 (573)
     480 UniRef100_A0A0P7U357 Apelin re 100.0 1.2E-38 1.2E-44  252.8   0.0  263   40-315    61-344 (401)
     481 UniRef100_A0A0L8FP69 G_PROTEIN 100.0 1.2E-38 1.2E-44  252.3   0.0  264   41-316    53-343 (488)
     482 UniRef100_A0A315VGZ0 Melanocor 100.0 1.2E-38 1.2E-44  253.0   0.0  291   31-321   374-664 (681)
     483 tr|A0A087X8Q0|A0A087X8Q0_POEFO 100.0 1.2E-38 1.2E-44  254.6   0.0  262   44-315    14-309 (456)
     484 tr|A0A2B4RGY6|A0A2B4RGY6_STYPI 100.0 1.3E-38 1.2E-44  251.6   0.0  267   41-315    11-297 (348)
     485 UniRef100_A0A3M6TKY7 G_PROTEIN 100.0 1.3E-38 1.3E-44  265.5   0.0  260   41-313    60-339 (432)
     486 tr|Q9NHF3|Q9NHF3_APLCA Octopam 100.0 1.3E-38 1.3E-44  244.5   0.0  267   39-313    41-350 (394)
     487 UniRef100_A0A1D2M255 Somatosta 100.0 1.3E-38 1.3E-44  246.9   0.0  264   37-311    36-320 (382)
     488 UniRef100_A0A2B4RVY2 Melanopsi 100.0 1.3E-38 1.3E-44  258.1   0.0  268   35-313    62-354 (452)
     489 UniRef100_A0A067RKH6 Putative  100.0 1.3E-38 1.3E-44  263.1   0.0  268   40-313   100-411 (501)
     490 UniRef100_A0A034WQT6 Tachykini 100.0 1.4E-38 1.4E-44  261.7   0.0  265   41-313   121-417 (694)
     491 UniRef100_A0A060X7S9 B2 bradyk 100.0 1.4E-38 1.4E-44  259.9   0.0  260   44-316   121-407 (491)
     492 UniRef100_A0A1S3IXU9 RYamide r 100.0 1.4E-38 1.4E-44  247.7   0.0  269   40-315    38-331 (438)
     493 UniRef100_A0A0P7Y8S7 Nocicepti 100.0 1.4E-38 1.5E-44  248.3   0.0  287   12-312    95-404 (467)
     494 UniRef100_A0A6P8H157 QRFP-like 100.0 1.5E-38 1.5E-44  252.1   0.0  265   42-317    47-330 (351)
     495 tr|W5JTF9|W5JTF9_ANODA Somatos 100.0 1.5E-38 1.5E-44  256.1   0.0  268   38-315    56-348 (526)
     496 tr|A0A1A9ZM95|A0A1A9ZM95_GLOPL 100.0 1.5E-38 1.5E-44  250.6   0.0  267   41-315    99-394 (481)
     497 tr|A0A182QHF8|A0A182QHF8_9DIPT 100.0 1.5E-38 1.5E-44  257.5   0.0  268   40-315   104-407 (581)
     498 UniRef100_A0A034VDT7 Tyramine/ 100.0 1.5E-38 1.5E-44  272.6   0.0  268   42-317   291-718 (820)
     499 tr|L7LWW3|L7LWW3_9ACAR Putativ 100.0 1.6E-38 1.6E-44  260.2   0.0  171   39-215   113-297 (624)
     500 ERR1719341_586736              100.0 1.6E-38 1.6E-44  257.5   0.0  270   40-319    58-359 (513)
     
  > Uniprot already searched, skipping.
> Running chain B
  > Uniref90 already searched, skipping.
  > Mgnify already searched, skipping.
  > Running hhblits on bfd_uniref30
- 05:27:42.996 INFO: Searching 65983866 column state sequences.

- 05:27:46.943 INFO: Searching 29291635 column state sequences.

- 05:27:47.014 INFO: mc5r_human-1320/msas/B/chain_B.fasta is in A2M, A3M or FASTA format

- 05:27:47.014 INFO: Iteration 1

- 05:27:47.033 INFO: Prefiltering database

- 05:33:01.481 INFO: HMMs passed 1st prefilter (gapless profile-profile alignment)  : 52628

- 05:35:43.919 INFO: HMMs passed 1st prefilter (gapless profile-profile alignment)  : 68096

- 05:35:44.036 INFO: HMMs passed 2nd prefilter (gapped profile-profile alignment)   : 205

- 05:35:44.036 INFO: HMMs passed 2nd prefilter and not found in previous iterations : 205

- 05:35:44.036 INFO: Scoring 205 HMMs using HMM-HMM Viterbi alignment

- 05:35:44.101 INFO: Alternative alignment: 0

- 05:37:59.293 INFO: 205 alignments done

- 05:37:59.294 INFO: Alternative alignment: 1

- 05:37:59.315 INFO: 202 alignments done

- 05:37:59.315 INFO: Alternative alignment: 2

- 05:37:59.324 INFO: 43 alignments done

- 05:37:59.324 INFO: Alternative alignment: 3

- 05:37:59.327 INFO: 14 alignments done

- 05:38:01.084 INFO: Premerge done

- 05:38:01.084 INFO: Realigning 265 HMM-HMM alignments using Maximum Accuracy algorithm

- 05:38:11.147 INFO: 66 sequences belonging to 66 database HMMs found with an E-value < 0.001

- 05:38:11.147 INFO: Number of effective sequences of resulting query HMM: Neff = 3.10648

- 05:38:11.155 INFO: Iteration 2

- 05:38:11.155 INFO: Set premerge to 0! (premerge: 3 iteration: 2 hits.Size: 63)

- 05:38:11.169 INFO: Prefiltering database

- 05:38:58.036 INFO: HMMs passed 1st prefilter (gapless profile-profile alignment)  : 55040

- 05:39:20.459 INFO: HMMs passed 1st prefilter (gapless profile-profile alignment)  : 68666

- 05:39:20.648 INFO: HMMs passed 2nd prefilter (gapped profile-profile alignment)   : 260

- 05:39:20.648 INFO: HMMs passed 2nd prefilter and not found in previous iterations : 200

- 05:39:20.648 INFO: Scoring 200 HMMs using HMM-HMM Viterbi alignment

- 05:39:20.693 INFO: Alternative alignment: 0

- 05:40:06.284 INFO: 200 alignments done

- 05:40:06.285 INFO: Alternative alignment: 1

- 05:40:06.299 INFO: 195 alignments done

- 05:40:06.300 INFO: Alternative alignment: 2

- 05:40:06.300 INFO: 3 alignments done

- 05:40:06.300 INFO: Alternative alignment: 3

- 05:40:06.318 INFO: Realigning 203 HMM-HMM alignments using Maximum Accuracy algorithm

- 05:40:06.364 INFO: 71 sequences belonging to 71 database HMMs found with an E-value < 0.001

- 05:40:06.364 INFO: Number of effective sequences of resulting query HMM: Neff = 3.10339

- 05:40:06.370 INFO: Iteration 3

- 05:40:06.384 INFO: Prefiltering database

- 05:40:54.091 INFO: HMMs passed 1st prefilter (gapless profile-profile alignment)  : 55635

- 05:41:18.322 INFO: HMMs passed 1st prefilter (gapless profile-profile alignment)  : 69854

- 05:41:18.460 INFO: HMMs passed 2nd prefilter (gapped profile-profile alignment)   : 261

- 05:41:18.460 INFO: HMMs passed 2nd prefilter and not found in previous iterations : 196

- 05:41:18.460 INFO: Scoring 196 HMMs using HMM-HMM Viterbi alignment

- 05:41:18.524 INFO: Alternative alignment: 0

- 05:41:21.280 INFO: 196 alignments done

- 05:41:21.281 INFO: Alternative alignment: 1

- 05:41:21.297 INFO: 188 alignments done

- 05:41:21.297 INFO: Alternative alignment: 2

- 05:41:21.298 INFO: 3 alignments done

- 05:41:21.298 INFO: Alternative alignment: 3

- 05:41:21.321 INFO: Rescoring previously found HMMs with Viterbi algorithm

- 05:41:21.356 INFO: Alternative alignment: 0

- 05:41:21.366 INFO: 65 alignments done

- 05:41:21.366 INFO: Alternative alignment: 1

- 05:41:21.375 INFO: 65 alignments done

- 05:41:21.375 INFO: Alternative alignment: 2

- 05:41:21.383 INFO: 40 alignments done

- 05:41:21.383 INFO: Alternative alignment: 3

- 05:41:21.387 INFO: 14 alignments done

- 05:41:21.408 INFO: Premerge done

- 05:41:21.408 INFO: Realigning 265 HMM-HMM alignments using Maximum Accuracy algorithm

- 05:41:21.478 INFO: 71 sequences belonging to 71 database HMMs found with an E-value < 0.001

- 05:41:21.478 INFO: Number of effective sequences of resulting query HMM: Neff = 3.10339

     Query         &alpha;-MSH gtp:1320
     Match_columns 13
     No_of_seqs    42 out of 729
     Neff          3.10339
     Searched_HMMs 363
     Date          Fri Feb 24 05:41:21 2023
     Command       hhblits -i mc5r_human-1320/msas/B/chain_B.fasta -cpu 2 -maxmem 20 -oa3m /projects/ilfgrid/people/nqz918/code/deorph/scripts/af_arman/af_jobs_af23/mc5r_human/1320//mc5r_human-1320/msas/B/bfd_uniref_hits.a3m -o /dev/null -n 3 -e 0.001 -maxseq 1000000 -realign_max 100000 -maxfilt 100000 -min_prefilter_hits 1000 -d /projects/ilfgrid/data/alphafold-genetic-databases///bfd/bfd_metaclust_clu_complete_id30_c90_final_seq.sorted_opt -d /projects/ilfgrid/data/alphafold-genetic-databases///uniref30/UniRef30_2021_03 
     
      No Hit                             Prob E-value P-value  Score    SS Cols Query HMM  Template HMM
       1 UniRef100_P41589 Melanotropin   98.8 5.1E-11 5.3E-17   44.7   0.0   13    1-13      1-13  (13)
       2 UniRef100_A0A060YDT3 Adrenocor  98.4 4.3E-09   7E-15   59.9   0.0   13    1-13    151-163 (310)
       3 UniRef100_P01202 Melanotropin   98.4 8.6E-09 8.8E-15   41.5   0.0   13    1-13      4-16  (18)
       4 UniRef100_P01196 Pro-opiomelan  98.4 9.7E-09   1E-14   47.0   0.0   13    1-13      1-13  (39)
       5 UniRef100_A0A0S7MFS2 Adrenocor  98.3 1.3E-08   2E-14   53.9   0.0   13    1-13     11-23  (137)
       6 tr|A0A0F8CIL7|A0A0F8CIL7_LARCR  98.3 1.5E-08 2.2E-14   58.2   0.0   13    1-13    159-171 (291)
       7 UniRef100_P01206 Melanotropin   98.2 3.1E-08 3.2E-14   40.0   0.0   13    1-13      4-16  (18)
       8 UniRef100_A0A023WBK5 Adrenocor  98.2 3.4E-08 4.7E-14   56.5   0.0   13    1-13    140-152 (264)
       9 UniRef100_A0A087XBH8 Adrenocor  98.0 1.4E-07 1.9E-13   55.0   0.0   13    1-13    154-166 (310)
      10 tr|M7AWG0|M7AWG0_CHEMY Pro-opi  98.0 1.7E-07 2.1E-13   57.1   0.0   13    1-13    358-370 (480)
      11 UniRef100_A0A097ZJL4 Adrenocor  98.0 2.2E-07 2.6E-13   52.6   0.0   13    1-13     91-103 (203)
      12 UniRef100_A0A096N6S7 Adrenocor  98.0   2E-07 2.6E-13   55.5   0.0   13    1-13    213-225 (375)
      13 UniRef100_A0A218KE56 Adrenocor  97.9 2.5E-07 3.3E-13   53.0   0.0   13    1-13    130-142 (243)
      14 UniRef100_A0A0H3ZG63 Adrenocor  97.9 3.4E-07 3.8E-13   49.3   0.0   13    1-13     60-72  (125)
      15 tr|I3LKG8|I3LKG8_PIG Pro-opiom  97.9 3.1E-07   4E-13   54.9   0.0   13    1-13    250-262 (381)
      16 UniRef100_A0A109NH87 Adrenocor  97.9 4.2E-07   5E-13   53.7   0.0   13    1-13    163-175 (314)
      17 UniRef100_A0A3B3IEF3 Adrenocor  97.8   6E-07 7.6E-13   52.4   0.0   13    1-13    152-164 (277)
      18 UniRef100_A0A385LUC5 Proopiome  97.8 7.3E-07 7.7E-13   45.5   0.0   13    1-13     63-75  (77)
      19 UniRef100_A0A193H5S4 Adrenocor  97.8 7.4E-07 8.6E-13   52.1   0.0   13    1-13     97-109 (273)
      20 UniRef100_A0A089FHF1 Adrenocor  97.8 8.8E-07 9.7E-13   48.0   0.0   13    1-13     95-107 (126)
      21 UniRef100_A0A142LW42 Adrenocor  97.8   1E-06 1.1E-12   47.7   0.0   13    1-13     46-58  (127)
      22 UniRef100_A0A7J5XCN6 Adrenocor  97.8 1.1E-06 1.2E-12   48.3   0.0   13    1-13     96-108 (143)
      23 UniRef100_A0A2Z5E3U0 Adrenocor  97.8 1.2E-06 1.2E-12   46.7   0.0   13    1-13     25-37  (107)
      24 tr|A0A287ACZ2|A0A287ACZ2_PIG P  97.8   1E-06 1.2E-12   52.6   0.0   13    1-13    215-227 (346)
      25 UniRef100_UPI0012437925 pro-op  97.7 1.4E-06 1.4E-12   45.6   0.0   13    1-13     24-36  (92)
      26 UniRef100_A0A4Z2BRR7 Adrenocor  97.7 1.4E-06 1.7E-12   50.2   0.0   13    1-13    101-113 (230)
      27 UniRef100_A0A3L8Q4A2 Adrenocor  97.7 1.6E-06 1.7E-12   45.1   0.0   13    1-13     47-59  (89)
      28 UniRef100_A0A384AVQ4 Adrenocor  97.6   3E-06 3.5E-12   45.5   0.0   13    1-13     67-79  (114)
      29 UniRef100_A0A0S7MFS2 Adrenocor  97.5 3.6E-06 5.5E-12   45.4   0.0   13    1-13     86-98  (137)
      30 UniRef100_P41989 Melanotropin   97.5 5.5E-06 5.7E-12   30.9   0.0   10    2-11      1-10  (11)
      31 UniRef100_A0A6P3HIC3 Adrenocor  97.5 6.5E-06 7.6E-12   47.3   0.0   13    1-13     76-88  (207)
      32 UniRef100_A0A1A8G7U4 Adrenocor  97.5   8E-06 8.3E-12   44.7   0.0   12    1-12     66-77  (127)
      33 UniRef100_Q4RR10 Adrenocortico  97.4 9.1E-06 9.4E-12   45.3   0.0   13    1-13     58-70  (150)
      34 tr|A0A1W6R7E2|A0A1W6R7E2_SMICR  97.4 8.9E-06 9.7E-12   49.7   0.0   13    1-13    141-153 (399)
      35 tr|H0WAP1|H0WAP1_CAVPO Pro-opi  97.4 8.8E-06 9.8E-12   49.1   0.0   13    1-13    125-137 (342)
      36 UniRef100_UPI00155EB259 pro-op  97.4 9.8E-06   1E-11   44.9   0.0   13    1-13     39-51  (142)
      37 tr|A0A146XQ11|A0A146XQ11_FUNHE  97.4 1.2E-05 1.3E-11   47.3   0.0   13    1-13     84-96  (252)
      38 UniRef100_A0A6P3HIC3 Adrenocor  97.3 1.7E-05   2E-11   45.8   0.0   13    1-13    160-172 (207)
      39 UniRef100_UPI0008F9FE43 pro-op  97.3 1.9E-05   2E-11   44.3   0.0   13    1-13     76-88  (156)
      40 UniRef100_A0A665UJY1 Adrenocor  97.3   2E-05 2.2E-11   45.3   0.0   13    1-13     88-100 (196)
      41 UniRef100_R9TGC6 Adrenocortico  97.3 2.2E-05 2.3E-11   45.1   0.0   11    2-12    130-140 (193)
      42 tr|A0A147A4L2|A0A147A4L2_FUNHE  97.3 1.7E-05 2.6E-11   47.4   0.0   11    1-11    193-203 (351)
      43 UniRef100_UPI0018861576 pro-op  97.2 2.9E-05   3E-11   44.9   0.0   13    1-13    111-123 (203)
      44 UniRef100_A0A7J7EB80 Adrenocor  97.2 3.4E-05 3.7E-11   47.5   0.0   13    1-13    270-282 (399)
      45 tr|A7Y489|A7Y489_SOLSO Proopio  97.2 3.8E-05 3.9E-11   44.1   0.0   12    2-13     87-98  (186)
      46 UniRef100_A0A5J5D981 Adrenocor  97.1 5.1E-05 5.2E-11   45.8   0.0   13    1-13    172-184 (311)
      47 UniRef100_UPI0009B46B9B pro-op  97.1 5.1E-05 5.3E-11   46.3   0.0   13    1-13    183-195 (351)
      48 UniRef100_H0WAP1 Adrenocortico  97.1   6E-05 6.1E-11   45.9   0.0   13    1-13    125-137 (342)
      49 UniRef100_A0A5C6NRZ1 Adrenocor  97.1 6.1E-05 6.3E-11   45.1   0.0   13    1-13    152-164 (280)
      50 UniRef100_A0A6P7LN64 pro-opiom  97.1 6.7E-05 6.9E-11   44.6   0.0   13    1-13    111-123 (261)
      51 UniRef100_A0A6P7LN64 pro-opiom  97.1 6.7E-05 6.9E-11   44.6   0.0   13    1-13    166-178 (261)
      52 UniRef100_A0A4X2JSQ9 Beta-endo  97.1 6.8E-05   7E-11   39.8   0.0   12    2-13     36-47  (90)
      53 UniRef100_A0A3Q3IMB2 Adrenocor  97.1 7.1E-05 7.3E-11   43.9   0.0   11    2-12    108-118 (224)
      54 UniRef100_A0A0A7CB01 Adrenocor  97.1 7.5E-05 7.7E-11   39.6   0.0   13    1-13     67-79  (90)
      55 UniRef100_G1SQ55 Adrenocortico  97.0 7.5E-05   8E-11   39.5   0.0   13    1-13     41-53  (88)
      56 UniRef100_A0A291LMJ1 Adrenocor  97.0 8.3E-05 9.5E-11   40.6   0.0   11    3-13      1-11  (116)
      57 UniRef100_A0A6F9BHY4 Adrenocor  97.0 9.5E-05 9.7E-11   46.1   0.0   13    1-13    313-325 (446)
      58 UniRef100_A0A1B1FEH1 Proopiome  97.0  0.0001 1.1E-10   39.6   0.0   11    1-11     88-98  (98)
      59 UniRef100_A0A4X1TXQ0 Adrenocor  97.0 0.00011 1.1E-10   45.6   0.0   13    1-13    284-296 (415)
      60 UniRef100_A0A6A4RWU4 Adrenocor  96.9 0.00012 1.3E-10   45.8   0.0   13    1-13    320-332 (458)
      61 UniRef100_UPI0014023B7C pro-op  96.9 0.00013 1.4E-10   41.1   0.0   13    1-13    104-116 (147)
      62 UniRef100_M7AWG0 Adrenocortico  96.9 0.00015 1.6E-10   45.6   0.0   13    1-13    358-370 (480)
      63 UniRef100_UPI0010A7E70C pro-op  96.9 0.00015 1.6E-10   46.0   0.0   13    1-13    393-405 (540)
      64 UniRef100_K7P8I7 Pro-opiomelan  96.8 0.00022 2.4E-10   39.0   0.0   10    1-10    102-111 (111)
      65 UniRef100_Q7LZD2 Corticotropin  96.7 0.00032 3.3E-10   32.8   0.0   13    1-13     22-34  (35)
      66 UniRef100_A0A0S7IIQ3 COLI2 (Fr  96.5 0.00092 9.5E-10   37.2   0.0   10    1-10    111-120 (120)
      67 UniRef100_A0A3Q3DDB0 Pro-opiom  96.4  0.0011 1.1E-09   39.9   0.0   11    2-12    115-125 (247)
      68 UniRef100_Q2L6B0 Met-enkephali  96.4  0.0013 1.4E-09   39.2   0.0   12    1-12    106-117 (219)
      69 tr|Q9PRN2|Q9PRN2_PETMA Unchara  96.4  0.0013 1.4E-09   40.1   0.0   12    1-12    152-163 (278)
      70 UniRef100_A0A385LUI4 Adrenocor  96.3  0.0018 1.8E-09   31.7   0.0   12    1-12     16-27  (44)
      71 UniRef100_UPI0004F01464 pro-op  96.2   0.002   2E-09   36.7   0.0   10    1-10    130-139 (139)
      72 UniRef100_G0LYC2 Adrenocortico  96.2  0.0022 2.3E-09   34.7   0.0   12    2-13     51-62  (91)
      73 tr|Q91259|Q91259_PETMA Proopio  96.1   0.003 3.2E-09   38.3   0.0   11    2-12    109-119 (245)
      74 UniRef100_Q2L6A9 Adrenocortico  96.1  0.0031 3.3E-09   36.6   0.0   12    2-13    107-118 (160)
      75 UniRef100_P01207 Melanotropin   96.1  0.0036 3.7E-09   25.8   0.0   11    2-12      5-15  (16)
      76 UniRef100_A0A315WF50 Met-enkep  96.0  0.0037 3.8E-09   34.2   0.0   13    1-13     46-58  (96)
      77 UniRef100_Q91259 Adrenocortico  96.0  0.0039   4E-09   37.8   0.0   11    2-12    109-119 (245)
      78 tr|Q91259|Q91259_PETMA Proopio  95.9  0.0048 5.2E-09   37.5   0.0   12    2-13    192-203 (245)
      79 UniRef100_Q91258 Met-enkephali  95.9  0.0051 5.2E-09   37.9   0.0   12    1-12    152-163 (278)
      80 UniRef100_Q2L6A9 Adrenocortico  95.9  0.0049 5.4E-09   35.8   0.0   11    2-12     22-32  (160)
      81 UniRef100_K7QX41 Pro-opiomelan  95.9  0.0059 6.1E-09   30.5   0.0   11    1-11     32-42  (49)
      82 UniRef100_V8NQ64 Met-enkephali  95.7  0.0099   1E-08   33.3   0.0   12    2-13     63-74  (111)
      83 UniRef100_Q91259 Adrenocortico  95.6   0.011 1.1E-08   36.2   0.0   12    2-13    192-203 (245)
      84 UniRef100_V9QEE2 POMC (Fragmen  95.6   0.012 1.3E-08   34.3   0.0   13    1-13    135-147 (155)
      85 UniRef100_UPI0014030A4D pro-op  95.3    0.02   2E-08   35.5   0.0   12    2-13    117-128 (270)
      86 UniRef100_A0A0A2CH99 Uncharact  95.1   0.029 2.9E-08   27.8   0.0   12    2-13     31-42  (43)
      87 UniRef100_A0A3P4QD44 NPP domai  95.0   0.037 3.8E-08   31.5   0.0   11    1-11     71-81  (116)
      88 UniRef100_A0A6M0G356 Uncharact  94.7   0.057 5.9E-08   27.7   0.0   10    2-11      8-17  (52)
      89 UniRef100_UPI001403D22C LOW QU  94.7    0.06 6.2E-08   32.5   0.0   12    1-12     62-73  (188)
      90 UniRef100_A0A4U1H7K3 Uncharact  94.6   0.064 6.5E-08   29.3   0.0   11    3-13     53-63  (80)
      91 UniRef100_A0A670ZQ51 Met-enkep  94.5   0.081 8.3E-08   28.8   0.0   12    2-13     31-42  (78)
      92 ERR1712223_1872849              94.0    0.12 1.3E-07   31.2   0.0   10    3-12    135-144 (176)
      93 UniRef100_G2FV35 Uncharacteriz  94.0    0.14 1.4E-07   27.6   0.0   11    2-12     17-27  (69)
      94 UniRef100_A0A0F9B267 Uncharact  93.9    0.15 1.5E-07   28.6   0.0    9    5-13     83-91  (92)
      95 UniRef100_A0A396IRM9 Uncharact  93.9    0.15 1.6E-07   29.0   0.0   10    2-11     25-34  (105)
      96 UniRef100_A0A6L2JH98 Uncharact  93.8    0.18 1.8E-07   30.5   0.0   10    1-10      3-12  (171)
      97 SRR2546421_98761                93.5    0.21 2.3E-07   29.9   0.0    9    4-12     96-104 (157)
      98 UniRef100_E0XR39 Uncharacteriz  93.4    0.25 2.6E-07   25.0   0.0    9    5-13      4-12  (44)
      99 UniRef100_A0A072UVQ0 Uncharact  93.3    0.25 2.6E-07   29.5   0.0   10    2-11     25-34  (150)
     100 UniRef100_UPI00034C2F9C hypoth  93.3    0.26 2.6E-07   26.8   0.0   10    2-11      3-12  (71)
     101 SRR4029434_1898424              93.3    0.24 2.7E-07   29.7   0.0   12    2-13     46-57  (155)
     102 UniRef100_A0A2P2N3W1 Uncharact  93.3    0.27 2.8E-07   22.2   0.0    7    3-9      15-21  (22)
     103 UniRef100_X1XFP9 Uncharacteriz  93.2    0.28 2.9E-07   26.8   0.0   11    2-12     12-22  (74)
     104 ERR1719270_1220277              93.2    0.25   3E-07   30.2   0.0   11    1-11     38-48  (189)
     105 ERR1712018_743230               93.0    0.31 3.4E-07   28.5   0.0   12    2-13     83-94  (122)
     106 UniRef100_A0A6A5YMN0 Uncharact  92.9    0.35 3.6E-07   30.3   0.0    8    4-11      1-8   (220)
     107 UniRef100_A0A3D5YEZ8 Uncharact  92.9    0.37 3.8E-07   26.0   0.0   10    4-13     14-23  (66)
     108 UniRef100_A0A0P9N273 Putative   92.8    0.38 3.9E-07   25.6   0.0   10    2-11     21-30  (60)
     109 SRR5262252_1460038              92.7    0.39 4.3E-07   29.7   0.0   10    2-11     37-46  (194)
     110 ERR1712071_472160               92.6     0.4 4.4E-07   28.1   0.0   10    3-12      1-10  (124)
     111 UniRef100_A0A3S4ZTM7 Uncharact  92.6    0.44 4.5E-07   28.4   0.0    9    5-13     75-83  (138)
     112 ERR1719273_1327451              92.6    0.42 4.5E-07   29.0   0.0   12    2-13     60-71  (161)
     113 UniRef100_A0A4Z2JFW3 Uncharact  92.6    0.45 4.6E-07   28.2   0.0   10    2-11     82-91  (132)
     114 UniRef100_A0A450SDN4 Uncharact  92.6    0.45 4.6E-07   25.6   0.0   11    3-13      9-19  (64)
     115 UniRef100_A0A5F9CW27 NPP domai  92.5    0.46 4.7E-07   30.6   0.0   11    1-11     71-81  (285)
     116 SRR5260370_538896               92.5    0.42 4.8E-07   29.2   0.0    8    5-12    100-107 (177)
     117 UniRef100_A0A1M7U2C7 Uncharact  92.5    0.48 4.9E-07   29.4   0.0   10    3-12    156-165 (195)
     118 SRR2546426_565283               92.4    0.44 5.2E-07   28.8   0.0   11    3-13     14-24  (159)
     119 SRR6185312_2582550              92.4    0.46 5.3E-07   30.7   0.0   10    3-12     16-25  (293)
     120 UniRef100_A0A379GGQ0 Metallo-b  92.1     0.6 6.2E-07   25.7   0.0   12    1-12     46-57  (72)
     121 ERR1740123_2237916              92.1    0.61 6.3E-07   29.6   0.0    9    3-11     73-81  (236)
     122 UniRef100_A0A226MAK7 Glucosylc  92.0    0.66 6.8E-07   30.0   0.0   10    2-11    192-201 (279)
     123 UniRef100_A0A0E9W5X2 Uncharact  91.9    0.67 6.9E-07   21.9   0.0   10    3-12     18-27  (27)
     124 UniRef100_A0A2R5GL51 Uncharact  91.8    0.71 7.3E-07   26.8   0.0   13    1-13     33-45  (107)
     125 SRR5215207_2285915              91.4    0.82 9.3E-07   27.7   0.0   10    3-12     24-33  (152)
     126 UniRef100_A0A4Q0SY71 Uncharact  91.2    0.98   1E-06   27.4   0.0   11    3-13    129-139 (149)
     127 UniRef100_A0A1Q9MTV7 Integral   91.2    0.99   1E-06   30.6   0.0    9    4-12      1-9   (450)
     128 UniRef100_A0A0E9R4Y0 Uncharact  91.1       1   1E-06   20.9   0.0    9    4-12      1-9   (24)
     129 SRR5690606_21042966             91.1    0.87   1E-06   27.2   0.0   12    1-12     14-25  (135)
     130 ERR1711965_18080                91.1    0.95 1.1E-06   28.8   0.0   10    2-11     69-78  (234)
     131 UniRef100_A0A671TIL7 Adrenocor  91.0     1.1 1.1E-06   27.7   0.0   12    1-12     98-109 (172)
     132 SRR5206468_424894               90.9       1 1.1E-06   28.1   0.0   10    3-12    156-165 (191)
     133 UniRef100_D7TRG9 Uncharacteriz  90.9     1.1 1.1E-06   20.8   0.0    9    2-10      3-11  (24)
     134 UniRef100_A0A2S9SJN1 Efflux tr  90.8     1.1 1.2E-06   23.0   0.0    8    4-11      1-8   (44)
     135 UniRef100_UPI00157ACD21 hypoth  90.8     1.2 1.2E-06   25.0   0.0   11    2-12     27-37  (79)
     136 UniRef100_UPI0012EC31A8 hypoth  90.6     1.3 1.3E-06   23.7   0.0   10    3-12      9-18  (55)
     137 UniRef100_UPI0014026925 pro-op  90.6     1.3 1.3E-06   28.4   0.0   11    1-11    110-120 (238)
     138 UniRef100_R7MA67 Uncharacteriz  90.6     1.3 1.3E-06   21.8   0.0   11    2-12     20-30  (33)
     139 UniRef100_A0A3M4SIK4 Uncharact  90.5     1.3 1.3E-06   25.6   0.0   10    2-11     59-68  (98)
     140 UniRef100_A0A4U6UQ91 Uncharact  90.4     1.4 1.4E-06   23.8   0.0    8    5-12     13-20  (59)
     141 UniRef100_UPI0019207093 hypoth  90.4     1.3 1.4E-06   23.9   0.0    8    5-12      4-11  (60)
     142 UniRef100_A0A0A9AJ15 Uncharact  90.3     1.4 1.5E-06   20.8   0.0    9    2-10      6-14  (26)
     143 UniRef100_A0A7S1S1Q1 Hypotheti  90.3     1.4 1.5E-06   25.6   0.0    9    3-11     89-97  (102)
     144 UniRef100_A0A4V2B4F8 PMT_2 dom  90.2     1.5 1.5E-06   23.9   0.0    8    5-12      6-13  (63)
     145 UniRef100_A0A2D5Q758 IS3 famil  90.2     1.3 1.5E-06   23.0   0.0   11    2-12     15-25  (48)
     146 UniRef100_A0A382U0C3 Uncharact  90.1     1.5 1.6E-06   22.6   0.0    8    3-10     13-20  (44)
     147 UniRef100_A0A358N005 CN hydrol  90.0     1.6 1.7E-06   28.6   0.0    9    4-12    193-201 (287)
     148 UniRef100_L9MD01 Uncharacteriz  89.9     1.7 1.7E-06   23.2   0.0   10    3-12     41-50  (54)
     149 UniRef100_A0A3R8PL47 MFS trans  89.7     1.7 1.9E-06   29.8   0.0   10    2-11    155-164 (471)
     150 UniRef100_A0A1I5YWM8 Uncharact  89.6     1.9 1.9E-06   24.5   0.0   10    1-10     41-50  (83)
     151 UniRef100_A0A0F9ENZ9 Uncharact  89.6     1.9 1.9E-06   26.0   0.0    9    4-12    105-113 (130)
     152 UniRef100_A0A7Z9U974 Uncharact  89.4       2   2E-06   26.5   0.0   11    3-13     22-32  (161)
     153 UniRef100_W9C9G0 C3H1-type dom  89.4       2   2E-06   29.2   0.0   13    1-13    108-120 (407)
     154 UniRef100_A0A1F9KW97 Uncharact  89.4       2 2.1E-06   25.2   0.0    9    3-11     42-50  (107)
     155 UniRef100_E9T7F2 Uncharacteriz  89.3       2 2.1E-06   22.5   0.0   11    2-12     18-28  (47)
     156 UniRef100_UPI0003624E22 hypoth  89.3     2.1 2.1E-06   25.3   0.0    8    3-10    101-108 (109)
     157 UniRef100_D5NW56 Uncharacteriz  89.3     2.1 2.1E-06   22.0   0.0    7    4-10      1-7   (42)
     158 UniRef100_A0A7S1QG56 Hypotheti  89.3     2.1 2.1E-06   25.5   0.0   10    2-11     34-43  (117)
     159 UniRef100_A0A4R4PC00 MFS trans  89.2     2.1 2.2E-06   25.0   0.0    9    3-11     69-77  (101)
     160 UniRef100_A0A1F9AJT3 Uncharact  89.2     2.1 2.2E-06   29.2   0.0    9    4-12    214-222 (418)
     161 UniRef100_A0A0P6X0S0 Uncharact  89.1       2 2.3E-06   26.6   0.0   10    2-11    139-148 (166)
     162 UniRef100_X0ZVS8 Uncharacteriz  89.0     2.3 2.4E-06   25.7   0.0   11    2-12     97-107 (133)
     163 UniRef100_A0A377M2M3 Uncharact  88.9     2.4 2.4E-06   21.8   0.0    8    3-10     34-41  (41)
     164 UniRef100_A0A6D2JB32 Uncharact  88.9     2.4 2.4E-06   24.3   0.0    8    3-10     79-86  (86)
     165 ERR1719187_742612               88.9     2.2 2.4E-06   26.9   0.0   10    2-11     61-70  (194)
     166 UniRef100_A0A6M3IJ99 Uncharact  88.8     2.4 2.5E-06   25.9   0.0    9    4-12     69-77  (142)
     167 UniRef100_UPI0011C357A1 hypoth  88.8     2.4 2.5E-06   24.5   0.0   10    3-12     21-30  (92)
     168 SRR5271167_4288443              88.8     2.3 2.5E-06   27.4   0.0   11    2-12    218-228 (234)
     169 UniRef100_A0A7S2DHW6 Hypotheti  88.7     2.5 2.5E-06   25.9   0.0    8    5-12     57-64  (144)
     170 UniRef100_A0A1M7U598 SASA doma  88.6     2.6 2.7E-06   29.5   0.0   11    2-12    167-177 (546)
     171 UniRef100_A0A0J1BAF4 Uncharact  88.5     2.6 2.7E-06   23.9   0.0   10    1-10     70-79  (81)
     172 UniRef100_A0A4R6MVF6 Uncharact  88.4     2.7 2.8E-06   24.8   0.0   10    3-12     68-77  (108)
     173 UniRef100_A0A2V4WL44 Uncharact  88.4     2.7 2.8E-06   25.7   0.0    9    2-10     21-29  (143)
     174 UniRef100_A0A075LTE7 Uncharact  88.4     2.3 2.8E-06   25.2   0.0   10    3-12     39-48  (119)
     175 UniRef100_S7NAQ3 Nuclear recep  88.3     2.8 2.9E-06   25.5   0.0    9    3-11    106-114 (136)
     176 UniRef100_A0A3D0UXS8 Uncharact  88.3     2.8 2.9E-06   25.4   0.0   10    2-11    111-120 (131)
     177 UniRef100_A0A1A5S1H7 Uncharact  88.3     2.6 2.9E-06   27.4   0.0    9    4-12    222-230 (246)
     178 UniRef100_A0A371G3B2 Uncharact  88.3     2.8 2.9E-06   23.7   0.0    9    4-12     46-54  (77)
     179 UniRef100_B8CHP3 Transcription  88.3     2.8 2.9E-06   24.2   0.0   12    2-13     36-47  (90)
     180 UniRef100_A0A0E9X5P5 Uncharact  88.1       3   3E-06   23.2   0.0    9    3-11     41-49  (68)
     181 UniRef100_A0A0S7J3K5 CHD3 (Fra  88.1       3 3.1E-06   25.0   0.0   10    3-12     45-54  (121)
     182 ERR1719341_2348944              88.1     2.8 3.1E-06   26.3   0.0   12    1-12    115-126 (179)
     183 UniRef100_A0A0J6F742 Uncharact  88.0     3.1 3.1E-06   24.6   0.0    9    4-12     80-88  (108)
     184 UniRef100_UPI0013E9F69C hypoth  87.9     3.1 3.2E-06   22.4   0.0   12    1-12     24-35  (54)
     185 UniRef100_A0A3N2PR68 Uncharact  87.9     3.1 3.2E-06   24.2   0.0   10    2-11     11-20  (94)
     186 UniRef100_A0A0J6F4K1 Uncharact  87.9     3.1 3.2E-06   25.7   0.0   12    2-13     80-91  (154)
     187 UniRef100_A0A183NSH4 Uncharact  87.9     3.1 3.2E-06   22.3   0.0    9    2-10     34-42  (53)
     188 UniRef100_M1BZE4 Uncharacteriz  87.9     3.1 3.2E-06   25.8   0.0   11    2-12    114-124 (160)
     189 UniRef100_A0A0E3WSB9 Uncharact  87.9     3.1 3.2E-06   22.8   0.0    9    3-11     15-23  (62)
     190 UniRef100_A0A2P5A5U2 UDP-glucu  87.8     3.2 3.3E-06   23.9   0.0   11    2-12     33-43  (87)
     191 UniRef100_UPI0006D1A0B9 hypoth  87.8     3.2 3.3E-06   24.1   0.0   11    2-12      8-18  (94)
     192 UniRef100_A0A1I5U2H0 Uncharact  87.8     3.3 3.4E-06   28.1   0.0    9    2-10     29-37  (361)
     193 UniRef100_A0A4P9YU44 General s  87.7     3.3 3.4E-06   26.1   0.0   10    2-11     34-43  (183)
     194 UniRef100_A0A3S0GKD8 Porin fam  87.7     3.3 3.4E-06   22.7   0.0    9    5-13     48-56  (62)
     195 UniRef100_A0A433VZQ2 Uncharact  87.3     3.7 3.8E-06   25.0   0.0    9    5-13     55-63  (133)
     196 UniRef100_A0A7S3JI03 Hypotheti  87.1     3.8 3.9E-06   24.9   0.0   12    1-12     22-33  (132)
     197 UniRef100_A0A4R4BKP4 Uncharact  87.1     3.3   4E-06   24.0   0.0   12    1-12     45-56  (95)
     198 UniRef100_A0A7Z6Q175 Uncharact  87.1     3.9   4E-06   23.7   0.0   11    2-12     78-88  (89)
     199 UniRef100_A0A0L8I6K2 Uncharact  87.0     3.9   4E-06   25.6   0.0   11    2-12     45-55  (167)
     200 UniRef100_E5EYH6 Uncharacteriz  87.0       4 4.1E-06   25.2   0.0   11    2-12    136-146 (149)
     201 UniRef100_A0A2E2HAK6 Uncharact  87.0       4 4.1E-06   22.7   0.0    8    5-12     32-39  (67)
     202 UniRef100_UPI0010A86AF0 glycos  86.9     4.1 4.2E-06   26.3   0.0    8    4-11    100-107 (221)
     203 UniRef100_E3KYW0 Uncharacteriz  86.7     4.2 4.4E-06   25.6   0.0    9    5-13    163-171 (173)
     204 UniRef100_UPI001953F86F hypoth  86.7     4.3 4.4E-06   22.3   0.0    7    4-10      1-7   (60)
     205 UniRef100_A0A5C9AXX9 Uncharact  86.5     4.4 4.5E-06   22.1   0.0   10    3-12     22-31  (58)
     206 UniRef100_UPI0007E660DA unchar  86.5     4.4 4.6E-06   23.7   0.0   10    3-12     20-29  (95)
     207 UniRef100_A0A4Q2JDB0 Uncharact  86.4     4.5 4.7E-06   22.2   0.0    8    4-11      1-8   (60)
     208 UniRef100_A0A329T271 Uncharact  86.4     4.5 4.7E-06   24.5   0.0   11    2-12     56-66  (123)
     209 UniRef100_A0A3P7PZ87 ANF_recep  86.3     4.6 4.8E-06   24.0   0.0   10    2-11     75-84  (108)
     210 UniRef100_A0A0E1RVI0 Uncharact  86.3     4.7 4.8E-06   24.7   0.0    9    3-11     55-63  (133)
     211 UniRef100_A0A7J7QKC8 Uncharact  86.2     4.7 4.9E-06   24.0   0.0    9    3-11     88-96  (107)
     212 UniRef100_A0A1B6BF96 Uncharact  86.2     4.8 4.9E-06   22.3   0.0    8    4-11     12-19  (64)
     213 SRR5712692_5811316              86.1     4.7   5E-06   25.7   0.0   11    1-11      3-13  (186)
     214 UniRef100_A0A0K2X5Y5 Uncharact  86.0       5 5.1E-06   21.9   0.0   11    2-12     17-27  (58)
     215 UniRef100_A0A5C1SPR0 Uncharact  86.0       5 5.2E-06   21.3   0.0    8    4-11      1-8   (48)
     216 UniRef100_A0A560LRA2 Uncharact  85.8     5.2 5.4E-06   22.2   0.0   12    2-13     51-62  (64)
     217 UniRef100_A0A6P6Y004 uncharact  85.5     5.5 5.7E-06   25.5   0.0   11    3-13     69-79  (197)
     218 EndMetStandDraft_4_1072995.sca  85.5     5.4 5.7E-06   25.7   0.0   11    2-12      3-13  (207)
     219 UniRef100_A0A1Q3AA80 Uncharact  85.4     3.8 5.8E-06   27.3   0.0   12    1-12    285-296 (372)
     220 UniRef100_A0A5A7TFL9 Transposo  85.3     5.8 5.9E-06   27.0   0.0   10    2-11    303-312 (340)
     221 UniRef100_A0A409VKQ6 Uncharact  85.1       6 6.2E-06   22.0   0.0   11    1-11     32-42  (63)
     222 UniRef100_A0A2M9DGG3 Uncharact  85.0     6.1 6.3E-06   21.7   0.0   10    3-12     12-21  (59)
     223 UniRef100_A0A0E9VHH2 Uncharact  85.0     6.2 6.3E-06   21.0   0.0   10    3-12     12-21  (48)
     224 UniRef100_A0A6P7U0D1 uncharact  84.8     5.9 6.5E-06   26.3   0.0   12    1-12     44-55  (271)
     225 UniRef100_A0A1M5S740 Uncharact  84.5     6.7 6.9E-06   23.2   0.0   10    2-11      7-16  (97)
     226 UniRef100_A0A5C4MH38 Uncharact  84.3     6.4 7.2E-06   23.1   0.0   10    2-11     57-66  (94)
     227 UniRef100_A0A6H0K360 Uncharact  84.2     7.1 7.3E-06   21.7   0.0   10    2-11     38-47  (63)
     228 UniRef100_A0A401QDW5 Uncharact  84.1     7.3 7.5E-06   25.5   0.0   10    3-12    153-162 (232)
     229 UniRef100_H6RN13 Uncharacteriz  83.9     7.5 7.7E-06   23.8   0.0   10    3-12    100-109 (129)
     230 UniRef100_A0A7Y4TV45 Uncharact  83.9     7.5 7.7E-06   23.0   0.0   11    2-12     41-51  (98)
     231 UniRef100_X7YLX2 Uncharacteriz  83.7     7.8 8.1E-06   20.5   0.0    9    4-12      1-9   (45)
     232 UniRef100_A0A0F9ECE1 Uncharact  83.7     7.8 8.1E-06   24.5   0.0   11    1-11    136-146 (165)
     233 UniRef100_W1NV86 Uncharacteriz  83.1     8.7   9E-06   22.9   0.0   11    2-12      5-15  (101)
     234 UniRef100_B7PMX1 Uncharacteriz  82.8       9 9.3E-06   22.2   0.0   10    1-10     46-55  (83)
     235 UniRef100_A0A131YJ21 Lipocalin  82.7     9.2 9.4E-06   22.4   0.0   11    1-11     20-30  (87)
     236 UniRef100_UPI0012E11970 hypoth  82.7     9.3 9.5E-06   23.5   0.0   10    3-12     90-99  (130)
     237 UniRef100_A0A0C3DYA0 Uncharact  82.6     9.4 9.6E-06   22.7   0.0   11    2-12     38-48  (99)
     238 UniRef100_A0A382UUW0 Uncharact  82.5     9.5 9.8E-06   20.8   0.0   11    1-11     14-24  (54)
     239 UniRef100_A0A7J7QG45 Uncharact  82.3     9.9   1E-05   23.8   0.0   13    1-13    118-130 (150)
     240 UniRef100_F2CFF3 Uncharacteriz  82.2     9.6   1E-05   20.9   0.0   10    3-12     20-29  (55)
     241 UniRef100_A0A2D6N6P9 Glycosyl   81.8      11 1.1E-05   21.2   0.0    8    2-9      56-63  (63)
     242 UniRef100_A0A0B6XBD9 Methyltra  81.8      11 1.1E-05   22.4   0.0   12    2-13     54-65  (95)
     243 UniRef100_A0A0L8IBU7 Uncharact  81.8      11 1.1E-05   20.4   0.0   10    2-11      6-15  (49)
     244 UniRef100_A0A7C8Z7Z8 Uncharact  81.6      11 1.1E-05   22.6   0.0   12    2-13     75-86  (102)
     245 UniRef100_A0A0F9LKD9 Uncharact  81.5      11 1.1E-05   21.4   0.0   11    1-11     23-33  (69)
     246 UniRef100_A0A066V983 Uncharact  81.5      10 1.1E-05   24.4   0.0   12    1-12    129-140 (187)
     247 UniRef100_UPI0009EDC9FD integr  81.4      11 1.2E-05   23.6   0.0   12    1-12    116-127 (148)
     248 UniRef100_A0A7S0V254 Hypotheti  81.3      12 1.2E-05   26.6   0.0   11    2-12    189-199 (472)
     249 UniRef100_A0A2I0UR23 Uncharact  81.3      12 1.2E-05   23.1   0.0   12    1-12     52-63  (126)
     250 UniRef100_A0A0D2MDN0 Uncharact  80.9      12 1.3E-05   22.9   0.0   12    1-12     36-47  (120)
     251 UniRef100_I0YI09 Uncharacteriz  80.8      12 1.3E-05   26.3   0.0   11    1-11    406-416 (433)
     252 UniRef100_A0A6J4WVS4 Uncharact  80.3      13 1.4E-05   19.5   0.0    9    1-9       8-16  (41)
     253 UniRef100_A0A3N6PGU4 Uncharact  79.5      15 1.5E-05   21.2   0.0    9    3-11      9-17  (74)
     254 UniRef100_A0A3N6R855 Uncharact  79.5      15 1.5E-05   21.8   0.0   12    2-13     12-23  (90)
     255 UniRef100_A0A2H9NBK7 Glyco_tra  78.7      16 1.7E-05   24.2   0.0   10    3-12      2-11  (224)
     256 UniRef100_A0A3M0JQZ2 Uncharact  78.3      17 1.8E-05   22.6   0.0   12    2-13     91-102 (130)
     257 UniRef100_A0A315XFY9 Glyco_tra  77.4      19 1.9E-05   25.4   0.0   12    1-12    377-388 (400)
     258 UniRef100_A0A1R3JVM4 Uncharact  76.9      20 2.1E-05   18.6   0.0   11    2-12     22-32  (36)
     259 UniRef100_UPI0014941D2A AMP-bi  76.4      21 2.2E-05   19.8   0.0   11    2-12     45-55  (56)
     260 UniRef100_A0A0D2M9T9 Uncharact  75.8      23 2.3E-05   23.7   0.0   11    2-12     53-63  (229)
     261 UniRef100_T0GU74 Uncharacteriz  75.6      23 2.4E-05   20.2   0.0   12    1-12     27-38  (65)
     262 UniRef100_A0A7S2C695 Hypotheti  74.1      27 2.8E-05   21.2   0.0   12    1-12     54-65  (101)
     263 UniRef100_A0A0B7AKN8 Uncharact  71.2      35 3.7E-05   19.2   0.0    8    1-8      12-19  (58)
     264 UniRef100_A0A1S8WUV5 Uncharact  70.6      38 3.9E-05   19.3   0.0   10    2-11     11-20  (61)
     265 UniRef100_A0A0H5B7J1 Uncharact  57.7      98  0.0001   19.5   0.0   11    2-12     82-92  (108)
     
  > Uniprot already searched, skipping.

>> Job finished at: Fri Feb 24 05:41:29 CET 2023

>> Runtime: 13615 s
