>> Job started at: Thu Mar  9 14:11:19 CET 2023
   On Machine:     ilfgridgpun01fl.unicph.domain
   In directory:   /projects/ilfgrid/people/nqz918/code/deorph/scripts/af_arman/af_jobs_af23/ssr4_rat/2019

>> GPU is 

Loaded miniconda shell environment for bash
> Running 'prep_MSAs.sh'
  > Alphafold-DB directory is set to /projects/ilfgrid/data/alphafold-genetic-databases//
  > Number of cores was set to set to 4
  > Max memory set to 20 GB
  > Output directory was set to /projects/ilfgrid/people/nqz918/code/deorph/scripts/af_arman/af_jobs_af23/ssr4_rat/2019/
  > Input fastafile was set to /projects/ilfgrid/people/nqz918/code/deorph/scripts/af_arman/af_jobs_af23/ssr4_rat/2019/ssr4_rat-2019.fasta
> Splitting fastafile
> Running chain A
  > Uniref90 already searched, skipping.
  > Mgnify already searched, skipping.
  > Running hhblits on bfd_uniref30
- 14:11:39.069 INFO: Searching 65983866 column state sequences.

- 14:11:40.261 INFO: Searching 29291635 column state sequences.

- 14:11:40.313 INFO: ssr4_rat-2019/msas/A/chain_A.fasta is in A2M, A3M or FASTA format

- 14:11:40.314 INFO: Iteration 1

- 14:11:40.531 INFO: Prefiltering database

- 14:12:53.546 INFO: HMMs passed 1st prefilter (gapless profile-profile alignment)  : 2652495

- 14:13:38.829 INFO: HMMs passed 1st prefilter (gapless profile-profile alignment)  : 1212639

- 14:13:42.996 INFO: HMMs passed 2nd prefilter (gapped profile-profile alignment)   : 38522

- 14:13:42.996 INFO: HMMs passed 2nd prefilter and not found in previous iterations : 38522

- 14:13:42.996 INFO: Scoring 38522 HMMs using HMM-HMM Viterbi alignment

- 14:13:43.088 INFO: Alternative alignment: 0

- 14:13:44.212 INFO: 2000 alignments done

- 14:13:44.859 INFO: 4000 alignments done

- 14:13:45.479 INFO: 6000 alignments done

- 14:13:46.072 INFO: 8000 alignments done

- 14:13:48.375 INFO: 10000 alignments done

- 14:13:49.884 INFO: 12000 alignments done

- 14:13:51.214 INFO: 14000 alignments done

- 14:13:52.059 INFO: 16000 alignments done

- 14:13:52.657 INFO: 18000 alignments done

- 14:13:53.117 INFO: 20000 alignments done

- 14:13:53.537 INFO: 22000 alignments done

- 14:13:53.960 INFO: 24000 alignments done

- 14:13:54.391 INFO: 26000 alignments done

- 14:13:54.825 INFO: 28000 alignments done

- 14:13:55.283 INFO: 30000 alignments done

- 14:13:55.798 INFO: 32000 alignments done

- 14:13:56.437 INFO: 34000 alignments done

- 14:13:57.827 INFO: 36000 alignments done

- 14:14:02.066 INFO: 38000 alignments done

- 14:14:03.610 INFO: 38522 alignments done

- 14:14:03.612 INFO: Alternative alignment: 1

- 14:14:18.472 INFO: 38352 alignments done

- 14:14:18.532 INFO: Alternative alignment: 2

- 14:14:21.065 INFO: 7329 alignments done

- 14:14:21.069 INFO: Alternative alignment: 3

- 14:14:21.627 INFO: 1180 alignments done

- 14:14:22.338 INFO: Premerge done

- 14:14:22.340 INFO: Realigning 20026 HMM-HMM alignments using Maximum Accuracy algorithm

- 14:15:49.228 INFO: 20029 sequences belonging to 20029 database HMMs found with an E-value < 0.001

- 14:15:49.229 INFO: Number of effective sequences of resulting query HMM: Neff = 10.4791

- 14:15:49.504 INFO: Iteration 2

- 14:15:49.504 INFO: Set premerge to 0! (premerge: 3 iteration: 2 hits.Size: 20026)

- 14:15:49.700 INFO: Prefiltering database

- 14:17:02.168 INFO: HMMs passed 1st prefilter (gapless profile-profile alignment)  : 14965474

- 14:18:20.061 INFO: HMMs passed 1st prefilter (gapless profile-profile alignment)  : 4409452

- 14:18:35.880 INFO: HMMs passed 2nd prefilter (gapped profile-profile alignment)   : 120274

- 14:18:35.881 INFO: HMMs passed 2nd prefilter and not found in previous iterations : 100895

- 14:18:35.881 INFO: Scoring 100895 HMMs using HMM-HMM Viterbi alignment

- 14:18:35.921 INFO: Alternative alignment: 0

- 14:18:36.737 INFO: 2000 alignments done

- 14:18:37.495 INFO: 4000 alignments done

- 14:18:38.269 INFO: 6000 alignments done

- 14:18:39.112 INFO: 8000 alignments done

- 14:18:43.209 INFO: 10000 alignments done

- 14:18:45.744 INFO: 12000 alignments done

- 14:18:45.747 INFO: Stop after DB-HHM: 12000 because early stop  18.3703 < filter cutoff 20

- 14:18:45.747 INFO: Alternative alignment: 1

- 14:18:49.336 INFO: 8608 alignments done

- 14:18:49.349 INFO: Alternative alignment: 2

- 14:18:49.759 INFO: 757 alignments done

- 14:18:49.760 INFO: Alternative alignment: 3

- 14:18:49.844 INFO: 117 alignments done

- 14:18:49.955 INFO: Realigning 3297 HMM-HMM alignments using Maximum Accuracy algorithm

- 14:19:24.329 INFO: 23325 sequences belonging to 23325 database HMMs found with an E-value < 0.001

- 14:19:24.329 INFO: Number of effective sequences of resulting query HMM: Neff = 10.7741

- 14:19:24.428 INFO: Iteration 3

- 14:19:24.623 INFO: Prefiltering database

- 14:20:38.453 INFO: HMMs passed 1st prefilter (gapless profile-profile alignment)  : 15234418

- 14:21:53.565 INFO: HMMs passed 1st prefilter (gapless profile-profile alignment)  : 4306571

- 14:22:08.949 INFO: HMMs passed 2nd prefilter (gapped profile-profile alignment)   : 125936

- 14:22:08.949 INFO: HMMs passed 2nd prefilter and not found in previous iterations : 103286

- 14:22:08.949 INFO: Scoring 103286 HMMs using HMM-HMM Viterbi alignment

- 14:22:08.991 INFO: Alternative alignment: 0

- 14:22:09.971 INFO: 2000 alignments done

- 14:22:10.858 INFO: 4000 alignments done

- 14:22:11.420 INFO: 6000 alignments done

- 14:22:11.938 INFO: 8000 alignments done

- 14:22:13.025 INFO: 10000 alignments done

- 14:22:13.036 INFO: Stop after DB-HHM: 10000 because early stop  13.4652 < filter cutoff 20

- 14:22:13.036 INFO: Alternative alignment: 1

- 14:22:15.293 INFO: 5868 alignments done

- 14:22:15.296 INFO: Alternative alignment: 2

- 14:22:15.626 INFO: 594 alignments done

- 14:22:15.634 INFO: Alternative alignment: 3

- 14:22:15.715 INFO: 99 alignments done

- 14:22:15.837 INFO: Rescoring previously found HMMs with Viterbi algorithm

- 14:22:15.886 INFO: Alternative alignment: 0

- 14:22:16.428 INFO: 2000 alignments done

- 14:22:16.973 INFO: 4000 alignments done

- 14:22:17.511 INFO: 6000 alignments done

- 14:22:18.057 INFO: 8000 alignments done

- 14:22:18.600 INFO: 10000 alignments done

- 14:22:19.185 INFO: 12000 alignments done

- 14:22:19.784 INFO: 14000 alignments done

- 14:22:20.312 INFO: 16000 alignments done

- 14:22:20.849 INFO: 18000 alignments done

- 14:22:21.374 INFO: 20000 alignments done

- 14:22:21.900 INFO: 22000 alignments done

- 14:22:22.076 INFO: 22648 alignments done

- 14:22:22.077 INFO: Alternative alignment: 1

- 14:22:28.658 INFO: 22648 alignments done

- 14:22:28.681 INFO: Alternative alignment: 2

- 14:22:29.427 INFO: 1792 alignments done

- 14:22:29.427 INFO: Alternative alignment: 3

- 14:22:29.592 INFO: 284 alignments done

- 14:22:29.818 INFO: Premerge done

- 14:22:29.818 INFO: Realigning 23457 HMM-HMM alignments using Maximum Accuracy algorithm

- 14:23:17.781 INFO: 23596 sequences belonging to 23596 database HMMs found with an E-value < 0.001

- 14:23:17.782 INFO: Number of effective sequences of resulting query HMM: Neff = 10.8113

     Query         ssr4_rat P30937
     Match_columns 384
     No_of_seqs    3602 out of 260792
     Neff          10.8113
     Searched_HMMs 136999
     Date          Thu Mar  9 14:23:17 2023
     Command       hhblits -i ssr4_rat-2019/msas/A/chain_A.fasta -cpu 4 -maxmem 20 -oa3m /projects/ilfgrid/people/nqz918/code/deorph/scripts/af_arman/af_jobs_af23/ssr4_rat/2019//ssr4_rat-2019/msas/A/bfd_uniref_hits.a3m -o /dev/null -n 3 -e 0.001 -maxseq 1000000 -realign_max 100000 -maxfilt 100000 -min_prefilter_hits 1000 -d /projects/ilfgrid/data/alphafold-genetic-databases///bfd/bfd_metaclust_clu_complete_id30_c90_final_seq.sorted_opt -d /projects/ilfgrid/data/alphafold-genetic-databases///uniref30/UniRef30_2021_03 
     
      No Hit                             Prob E-value P-value  Score    SS Cols Query HMM  Template HMM
       1 UniRef100_A0A096NVS2 Somatosta 100.0 2.6E-78 2.7E-84  500.2   0.0  384    1-384    69-455 (483)
       2 tr|A0A1L8G1N6|A0A1L8G1N6_XENLA 100.0 5.2E-67 5.4E-73  442.9   0.0  335   40-383   113-447 (448)
       3 UniRef100_A0A060W5Z4 G_PROTEIN 100.0 1.1E-64 1.1E-70  445.9   0.0  332   42-384   189-523 (593)
       4 tr|A0A0F8ARD3|A0A0F8ARD3_LARCR 100.0 9.2E-64 9.5E-70  421.0   0.0  284   39-326    49-338 (464)
       5 UniRef100_A0A087RJN6 Somatosta 100.0 2.1E-63 2.2E-69  434.9   0.0  288   36-324    53-341 (391)
       6 tr|A0A218VDE9|A0A218VDE9_9PASE 100.0 6.7E-61 6.9E-67  404.6   0.0  309   39-353    19-329 (556)
       7 tr|A0A0P7U387|A0A0P7U387_9TELE 100.0 1.1E-59 1.1E-65  403.7   0.0  289   38-328   123-417 (556)
       8 tr|M3ZFE6|M3ZFE6_XIPMA Somatos 100.0 1.9E-59 1.9E-65  399.8   0.0  287   38-328    99-391 (525)
       9 UniRef100_A0A060X1Q6 Somatosta 100.0 2.9E-59   3E-65  416.3   0.0  282   41-326   137-424 (604)
      10 UniRef100_A0A493SVA4 Somatosta 100.0   3E-58 3.1E-64  385.6   0.0  350   35-384   264-625 (625)
      11 UniRef100_A0A1U7TDT4 somatosta 100.0 3.4E-58 3.5E-64  357.4   0.0  289   94-384     2-290 (290)
      12 tr|A0A091DWF1|A0A091DWF1_FUKDA 100.0 1.6E-57 1.7E-63  379.9   0.0  289   34-326   147-441 (483)
      13 UniRef100_A0A087XDT1 Somatosta 100.0 1.7E-57 1.7E-63  397.2   0.0  288   37-328   162-455 (676)
      14 UniRef100_A0A0K0PUX7 Orphan G- 100.0 2.6E-57 2.7E-63  398.0   0.0  284   41-324    60-352 (471)
      15 UniRef100_A0A091DWF1 Somatosta 100.0 5.3E-57 5.5E-63  385.8   0.0  284   39-326   151-440 (523)
      16 UniRef100_A0A1S3HKE5 allatosta 100.0 3.5E-56 3.6E-62  391.3   0.0  284   40-323    79-372 (462)
      17 UniRef100_A0A1S2ZMW0 LOW QUALI 100.0 4.5E-56 4.7E-62  370.8   0.0  313   34-352   161-475 (520)
      18 tr|S9YJE2|S9YJE2_CAMFR Somatos 100.0 7.5E-56 7.7E-62  370.5   0.0  290   35-325   104-399 (438)
      19 UniRef100_UPI00064A7021 somato 100.0 7.6E-56 7.8E-62  357.3   0.0  324   48-371   113-437 (438)
      20 UniRef100_A0A1N7TCF1 Galanin r 100.0 3.5E-55 3.7E-61  374.5   0.0  286   39-325    67-359 (407)
      21 UniRef100_A0A060X690 G_PROTEIN 100.0 7.1E-55 7.4E-61  366.3   0.0  282   41-323    44-332 (386)
      22 UniRef100_A0A060X0R7 Uncharact 100.0 1.4E-54 1.5E-60  355.9   0.0  286   37-326    51-342 (383)
      23 UniRef100_A0A6P4Z4S7 G-protein 100.0 1.7E-54 1.8E-60  384.1   0.0  288   39-329    55-354 (417)
      24 UniRef100_A0A024FLF0 PQRFa pep 100.0 6.9E-54 7.2E-60  378.1   0.0  289   36-326    42-346 (413)
      25 UniRef100_A0A6P4Y4T1 galanin r 100.0 7.1E-54 7.4E-60  366.2   0.0  287   39-325    54-350 (410)
      26 tr|A0A1S2ZMW0|A0A1S2ZMW0_ERIEU 100.0 7.8E-54   8E-60  350.4   0.0  336   37-383   151-489 (490)
      27 UniRef100_A0A0K0PUR1 Orphan G- 100.0 1.3E-53 1.4E-59  378.5   0.0  291   37-329   108-415 (530)
      28 UniRef100_A0A087T336 Somatosta 100.0 1.9E-53   2E-59  364.1   0.0  284   39-324    73-365 (454)
      29 tr|G3S2I3|G3S2I3_GORGO Opioid  100.0 4.3E-53 4.4E-59  359.1   0.0  283   38-322   157-445 (492)
      30 UniRef100_A0A141CIT8 G protein 100.0 4.5E-53 4.6E-59  367.9   0.0  287   37-327    80-377 (488)
      31 UniRef100_A0A077YWL6 Somatosta 100.0 5.8E-53 6.1E-59  373.4   0.0  284   43-326    65-360 (446)
      32 UniRef100_UPI00140407B6 somato 100.0 8.7E-53   9E-59  340.4   0.0  306   40-351    33-338 (443)
      33 UniRef100_A0A023F3V9 Putative  100.0 1.4E-52 1.5E-58  365.3   0.0  281   41-322   130-419 (574)
      34 UniRef100_A0A023F675 Putative  100.0 1.7E-52 1.8E-58  375.3   0.0  286   39-324   122-417 (530)
      35 UniRef100_A0A218VDE9 Somatosta 100.0 2.2E-52 2.3E-58  346.8   0.0  308   41-354    21-330 (556)
      36 UniRef100_A0A2G8KL37 Cholecyst 100.0 2.2E-52 2.3E-58  359.4   0.0  289   38-326    93-430 (493)
      37 UniRef100_A0A026X3T6 Allatosta 100.0 2.4E-52 2.5E-58  367.6   0.0  281   43-326   139-425 (540)
      38 UniRef100_A0A2B4S7K2 Histamine 100.0 2.5E-52 2.6E-58  361.5   0.0  304   13-325     6-326 (369)
      39 UniRef100_A0A3B4UE11 Si:zfos-1 100.0 2.7E-52 2.8E-58  346.8   0.0  289   36-328    58-352 (441)
      40 tr|C3XVS5|C3XVS5_BRAFL Unchara 100.0 3.8E-52   4E-58  350.8   0.0  303   20-326    46-363 (425)
      41 UniRef100_A0A026WTK8 Tachykini 100.0 3.8E-52   4E-58  366.6   0.0  289   36-326    82-388 (556)
      42 UniRef100_A0A2G8L6L1 Putative  100.0 4.5E-52 4.7E-58  353.0   0.0  279   40-324    32-322 (407)
      43 UniRef100_A0A6P3IMR0 somatosta 100.0 5.3E-52 5.4E-58  348.5   0.0  284   42-326   196-485 (524)
      44 UniRef100_A0A154PKR3 Tachykini 100.0   8E-52 8.4E-58  360.3   0.0  288   34-323    67-371 (457)
      45 UniRef100_A0A2B4SDF9 Neuropept 100.0 8.6E-52 8.9E-58  357.2   0.0  285   35-323    81-376 (455)
      46 tr|C3XSP5|C3XSP5_BRAFL Unchara 100.0   1E-51 1.1E-57  343.0   0.0  290   37-327    21-327 (403)
      47 UniRef100_A0A0A1WLH2 Somatosta 100.0 1.3E-51 1.3E-57  364.0   0.0  284   39-323   212-504 (667)
      48 UniRef100_A0A091EBV8 Type-1 an 100.0 1.3E-51 1.4E-57  373.8   0.0  276   38-323   342-627 (715)
      49 UniRef100_A0A4D9EQQ5 Enolase-l 100.0 2.1E-51 2.1E-57  337.4   0.0  283   40-326   143-431 (472)
      50 UniRef100_A0A0K0PUL8 Allatosta 100.0 2.7E-51 2.8E-57  352.3   0.0  290   36-325    43-343 (396)
      51 tr|A0A1A8EW90|A0A1A8EW90_9TELE 100.0   4E-51 4.1E-57  344.4   0.0  287   36-322    37-329 (444)
      52 UniRef100_A0A060VVF8 G_PROTEIN 100.0 5.1E-51 5.3E-57  363.7   0.0  286   39-327   135-434 (511)
      53 UniRef100_A0A060VSP8 5-hydroxy 100.0 5.4E-51 5.6E-57  357.2   0.0  284   40-329    84-418 (479)
      54 UniRef100_A0A6P4XD29 neuropept 100.0 6.5E-51 6.8E-57  346.3   0.0  283   38-322    36-338 (385)
      55 UniRef100_A0A0K0PUH1 Orphan G- 100.0 7.7E-51   8E-57  340.5   0.0  284   39-324    48-346 (413)
      56 UniRef100_A0A060VV87 Kappa-typ 100.0 7.7E-51   8E-57  352.3   0.0  277   45-323   192-474 (586)
      57 tr|V8PD93|V8PD93_OPHHA Type-2  100.0 8.6E-51   9E-57  354.7   0.0  286   37-326    69-368 (412)
      58 tr|A0A2C9JWF9|A0A2C9JWF9_BIOGL 100.0 9.8E-51   1E-56  352.4   0.0  291   41-331    63-370 (403)
      59 UniRef100_A0A0K0PUT9 Excitator 100.0 1.3E-50 1.4E-56  357.9   0.0  289   39-328    99-403 (474)
      60 tr|A0A1I8PG61|A0A1I8PG61_STOCA 100.0 1.4E-50 1.4E-56  361.8   0.0  286   39-324   295-590 (716)
      61 UniRef100_A0A060VUW6 G_PROTEIN 100.0 1.5E-50 1.6E-56  369.8   0.0  282   41-329   115-442 (574)
      62 tr|A0A1I8PIJ9|A0A1I8PIJ9_STOCA 100.0 1.6E-50 1.6E-56  359.0   0.0  292   36-329   162-470 (680)
      63 UniRef100_A0A0K0PUI9 Orphan G- 100.0 1.8E-50 1.8E-56  362.1   0.0  290   39-328    97-409 (534)
      64 UniRef100_A0A139WB32 Tachykini 100.0 1.9E-50   2E-56  345.6   0.0  287   37-325    37-341 (405)
      65 UniRef100_A0A210QEM7 Neuropept 100.0   2E-50   2E-56  344.3   0.0  290   36-327    43-347 (416)
      66 UniRef100_A0A2B4RSM5 Neuropept 100.0   2E-50   2E-56  346.2   0.0  282   36-324    29-321 (417)
      67 UniRef100_A0A060X360 G_PROTEIN 100.0 2.2E-50 2.3E-56  346.7   0.0  287   40-327    96-389 (477)
      68 UniRef100_A0A026WW28 Neuropept 100.0 2.5E-50 2.7E-56  358.8   0.0  283   38-324    83-378 (552)
      69 UniRef100_A0A1D2M4J2 Neuropept 100.0 2.9E-50   3E-56  350.6   0.0  290   39-330   122-427 (497)
      70 tr|A0A1V4J9K1|A0A1V4J9K1_PATFA 100.0 3.1E-50 3.2E-56  359.8   0.0  286   39-328   316-609 (939)
      71 tr|A0A1I8MQS0|A0A1I8MQS0_MUSDO 100.0 3.4E-50 3.6E-56  357.4   0.0  288   35-324   141-437 (572)
      72 UniRef100_A0A164MD49 Putative  100.0 3.4E-50 3.6E-56  348.3   0.0  281   43-324    49-393 (498)
      73 tr|A0A1I8M930|A0A1I8M930_MUSDO 100.0 5.9E-50 6.1E-56  369.1   0.0  284   40-329   185-580 (963)
      74 UniRef100_A0A023ETT6 Putative  100.0   6E-50 6.2E-56  347.5   0.0  282   41-323   151-443 (612)
      75 UniRef100_A0A6P4YBA8 delta-typ 100.0 6.2E-50 6.4E-56  341.5   0.0  293   37-331    44-344 (406)
      76 UniRef100_A0A1D1W534 G_PROTEIN 100.0 7.5E-50 7.9E-56  357.6   0.0  285   43-328    78-435 (492)
      77 UniRef100_A0A4Z2F373 Somatosta 100.0   8E-50 8.3E-56  326.6   0.0  288   38-326    30-317 (480)
      78 UniRef100_A0A4W2H4G2 Somatosta 100.0 8.5E-50 8.8E-56  325.1   0.0  314    8-327     5-326 (463)
      79 UniRef100_A0A061A7W5 G_PROTEIN 100.0 8.4E-50 8.8E-56  350.3   0.0  283   39-326    57-358 (473)
      80 UniRef100_A0A068YB14 Neuropept 100.0 9.4E-50 9.8E-56  352.2   0.0  283   40-324    51-350 (448)
      81 tr|A0A146U732|A0A146U732_FUNHE 100.0 9.4E-50 9.9E-56  369.0   0.0  289   38-326   186-547 (590)
      82 UniRef100_A0A087UNN0 Neuropept 100.0 1.1E-49 1.2E-55  342.9   0.0  288   39-328    89-393 (470)
      83 UniRef100_A0A087X575 NPY-Y2 re 100.0 1.2E-49 1.2E-55  340.6   0.0  283   42-326    72-371 (426)
      84 UniRef100_A0A061INJ6 Pyrogluta 100.0 1.2E-49 1.3E-55  360.2   0.0  289   37-325   146-457 (594)
      85 UniRef100_A0A369RW72 Octopamin 100.0 1.5E-49 1.6E-55  352.5   0.0  282   36-322    47-354 (412)
      86 UniRef100_A0A2B4SKI0 Tachykini 100.0 1.9E-49   2E-55  357.7   0.0  287   36-326    84-390 (469)
      87 UniRef100_A0A060X5Z5 G_PROTEIN 100.0 2.8E-49 2.9E-55  351.1   0.0  280   42-326    82-384 (522)
      88 UniRef100_A0A026W5R0 Orexin re 100.0 2.8E-49 2.9E-55  351.6   0.0  282   39-323   113-423 (529)
      89 UniRef100_A0A077Z2H9 Putative  100.0 2.9E-49   3E-55  347.4   0.0  285   40-324    68-394 (477)
      90 UniRef100_A0A068WW83 Allatosta 100.0   3E-49 3.1E-55  349.3   0.0  277   39-320    62-347 (432)
      91 UniRef100_A0A2H8TNJ5 Neuropept 100.0 3.2E-49 3.3E-55  343.2   0.0  284   39-324   151-451 (528)
      92 tr|A0A1W2W3E6|A0A1W2W3E6_CIOIN 100.0 3.3E-49 3.5E-55  336.8   0.0  287   37-325    51-350 (487)
      93 tr|A0A1D1UXI1|A0A1D1UXI1_RAMVA 100.0 3.4E-49 3.6E-55  338.8   0.0  312   12-326    52-375 (499)
      94 UniRef100_A0A026WK40 Cholecyst 100.0 3.9E-49 4.1E-55  358.8   0.0  284   44-328   155-545 (656)
      95 UniRef100_A0A026WK16 Tachykini 100.0 4.3E-49 4.4E-55  348.1   0.0  290   36-327   175-482 (641)
      96 UniRef100_A0A6P4ZPQ5 G-protein 100.0 4.6E-49 4.8E-55  327.6   0.0  285   41-326    40-329 (420)
      97 UniRef100_A0A087VAK8 Somatosta 100.0 4.8E-49 4.9E-55  320.2   0.0  285   41-329    59-351 (384)
      98 tr|A0A146TL67|A0A146TL67_FUNHE 100.0   5E-49 5.2E-55  355.0   0.0  282   41-324    24-402 (442)
      99 UniRef100_A0A023F668 Putative  100.0 5.7E-49 5.9E-55  336.9   0.0  285   36-324    78-375 (484)
     100 tr|A0A0P4XBU7|A0A0P4XBU7_9CRUS 100.0 5.9E-49 6.2E-55  349.3   0.0  285   39-325    56-414 (557)
     101 UniRef100_A0A177B9B5 Rhodopsin 100.0 6.4E-49 6.7E-55  336.9   0.0  287   39-328    86-404 (464)
     102 UniRef100_A0A060YB93 G_PROTEIN 100.0   7E-49 7.2E-55  325.1   0.0  286   39-328    54-345 (480)
     103 UniRef100_A0A2B4RHL7 Galanin r 100.0 8.2E-49 8.5E-55  328.0   0.0  274   43-325    32-309 (406)
     104 tr|A0A0S0WMT8|A0A0S0WMT8_DROME 100.0 1.2E-48 1.2E-54  336.4   0.0  283   39-322   141-432 (593)
     105 tr|A0A1W4ZX05|A0A1W4ZX05_9TELE 100.0 1.2E-48 1.2E-54  339.3   0.0  285   39-325    65-384 (480)
     106 tr|A0A147AUP2|A0A147AUP2_FUNHE 100.0 1.2E-48 1.3E-54  340.0   0.0  263   43-307   120-388 (482)
     107 tr|E0D358|E0D358_HEMPU Dopamin 100.0 1.3E-48 1.3E-54  333.4   0.0  287   36-328    17-330 (435)
     108 tr|A0A0N8JZL4|A0A0N8JZL4_9TELE 100.0 1.3E-48 1.4E-54  336.0   0.0  286   41-328   102-414 (482)
     109 tr|A0A0L0C8J1|A0A0L0C8J1_LUCCU 100.0 1.5E-48 1.6E-54  340.2   0.0  281   43-323   225-515 (661)
     110 UniRef100_A0A226DFM2 Neuropept 100.0 1.8E-48 1.8E-54  338.4   0.0  288   35-324    97-401 (523)
     111 tr|A0A0P7U0M1|A0A0P7U0M1_9TELE 100.0 1.9E-48   2E-54  326.2   0.0  286   41-326    99-411 (440)
     112 UniRef100_UPI00051C2857 somato 100.0 1.9E-48   2E-54  314.7   0.0  284   63-352     1-286 (431)
     113 tr|W4Z2N2|W4Z2N2_STRPU Unchara 100.0   2E-48 2.1E-54  323.8   0.0  281   41-323    54-349 (406)
     114 UniRef100_A0A044T5H8 G_PROTEIN 100.0 2.3E-48 2.4E-54  347.3   0.0  283   37-327   239-569 (693)
     115 tr|A0A182G4E1|A0A182G4E1_AEDAL 100.0 2.4E-48 2.5E-54  340.3   0.0  283   39-324    63-368 (534)
     116 UniRef100_A0A0L8FP69 G_PROTEIN 100.0 3.2E-48 3.3E-54  328.7   0.0  278   47-324    52-339 (488)
     117 UniRef100_A0A0C9QBK4 GHSR_0 pr 100.0 3.1E-48 3.3E-54  354.4   0.0  286   38-324   167-472 (591)
     118 UniRef100_A0A1L8FNX2 G_PROTEIN 100.0 3.2E-48 3.3E-54  333.8   0.0  276   40-322    59-339 (400)
     119 UniRef100_A0A034WDF0 Allatosta 100.0 3.3E-48 3.5E-54  339.3   0.0  283   40-323    92-382 (459)
     120 UniRef100_A0A1S3J712 QRFP-like 100.0 3.6E-48 3.8E-54  342.2   0.0  284   39-324    63-369 (507)
     121 UniRef100_A0A0K0PUV0 FVRIamide 100.0   4E-48 4.1E-54  337.9   0.0  279   40-323    49-375 (458)
     122 UniRef100_A0A1D2M255 Somatosta 100.0 4.2E-48 4.3E-54  321.5   0.0  287   40-328    32-325 (382)
     123 UniRef100_A0A091G1I5 Somatosta 100.0 4.5E-48 4.7E-54  298.0   0.0  279   45-325     4-288 (296)
     124 tr|L7LZ94|L7LZ94_9ACAR Putativ 100.0 5.2E-48 5.4E-54  325.6   0.0  280   42-323   101-389 (438)
     125 UniRef100_A0A084VLD5 AGAP00422 100.0 5.5E-48 5.7E-54  339.8   0.0  291   34-330   234-599 (695)
     126 UniRef100_UPI0001CB9B44 somato 100.0 6.4E-48 6.6E-54  311.8   0.0  285   41-325    25-315 (365)
     127 UniRef100_A0A2B4SVC4 Dopamine  100.0 6.9E-48 7.2E-54  329.8   0.0  268   39-325    51-329 (397)
     128 tr|A0A0F8AVG0|A0A0F8AVG0_LARCR 100.0   7E-48 7.2E-54  328.7   0.0  277   44-322    56-339 (544)
     129 UniRef100_A0A0L7KZ56 Neuropept 100.0 7.4E-48 7.7E-54  335.0   0.0  316    7-324    47-383 (509)
     130 tr|A0A0P7V1N0|A0A0P7V1N0_9TELE 100.0 7.9E-48 8.2E-54  321.4   0.0  285   40-326   111-403 (436)
     131 UniRef100_A0A2B4SKX3 Cholecyst 100.0   8E-48 8.3E-54  329.8   0.0  283   38-328    66-414 (428)
     132 UniRef100_A0A091DZ91 Kappa-typ 100.0 8.2E-48 8.5E-54  324.0   0.0  284   39-323    70-359 (471)
     133 tr|T1JU75|T1JU75_TETUR Unchara 100.0 8.6E-48 8.9E-54  335.8   0.0  286   38-323   138-432 (728)
     134 tr|A0A1U7TSJ4|A0A1U7TSJ4_TARSY 100.0 9.1E-48 9.4E-54  332.5   0.0  287   41-329   210-521 (600)
     135 UniRef100_A0A1S3H6K0 neuropept 100.0 9.5E-48 9.9E-54  342.1   0.0  281   39-321    52-351 (470)
     136 UniRef100_A0A1S3IX78 RYamide r 100.0 9.6E-48 9.9E-54  328.7   0.0  290   38-329    48-351 (444)
     137 tr|K1QHX9|K1QHX9_CRAGI Somatos 100.0 9.8E-48   1E-53  332.8   0.0  286   38-323    43-336 (456)
     138 UniRef100_A0A1L8GQY3 Alpha-1B  100.0 1.1E-47 1.2E-53  332.1   0.0  284   39-330    42-372 (510)
     139 UniRef100_A0A060WEJ5 G_PROTEIN 100.0 1.2E-47 1.2E-53  340.8   0.0  278   42-325   112-455 (544)
     140 UniRef100_A0A0L8H201 G_PROTEIN 100.0 1.2E-47 1.2E-53  324.7   0.0  288   38-325    80-381 (461)
     141 UniRef100_A0A2B4S0J6 Somatosta 100.0 1.2E-47 1.3E-53  345.1   0.0  285   38-326    78-379 (457)
     142 UniRef100_A0A6G8J3P5 Melanin-c 100.0 1.5E-47 1.6E-53  324.1   0.0  288   35-323    53-348 (460)
     143 UniRef100_A0A0B4LHT6 RYamide r 100.0 1.5E-47 1.6E-53  337.0   0.0  284   38-323   109-408 (524)
     144 tr|W5JTF9|W5JTF9_ANODA Somatos 100.0 1.7E-47 1.8E-53  329.9   0.0  281   42-323    53-344 (526)
     145 UniRef100_A0A151N382 Galanin r 100.0 1.8E-47 1.8E-53  313.1   0.0  284   42-328    29-318 (392)
     146 UniRef100_A0A1S3KA35 Alpha-1B  100.0 1.8E-47 1.9E-53  338.1   0.0  284   39-330    85-423 (551)
     147 tr|A0A1D2NMB6|A0A1D2NMB6_ORCCI 100.0   2E-47   2E-53  330.8   0.0  289   34-324   142-448 (520)
     148 UniRef100_A0A060W9T7 G_PROTEIN 100.0 2.3E-47 2.3E-53  329.9   0.0  280   42-324   184-470 (616)
     149 UniRef100_A0A0P7Y8S7 Nocicepti 100.0 2.3E-47 2.4E-53  319.1   0.0  283   38-322   114-402 (467)
     150 UniRef100_A0A3M6UME8 G_PROTEIN 100.0 2.4E-47 2.5E-53  326.2   0.0  310   14-329    11-326 (383)
     151 UniRef100_A0A060WWU7 G_PROTEIN 100.0 2.7E-47 2.8E-53  330.2   0.0  285   39-328    64-384 (545)
     152 tr|A0A1V4J9T1|A0A1V4J9T1_PATFA 100.0   3E-47 3.1E-53  317.9   0.0  282   40-324    65-353 (461)
     153 UniRef100_A0A1V9XU68 Tyramine/ 100.0 3.2E-47 3.3E-53  327.9   0.0  280   43-327    52-354 (408)
     154 tr|A0A1V4KKE4|A0A1V4KKE4_PATFA 100.0 3.3E-47 3.4E-53  332.0   0.0  285   36-322   398-688 (724)
     155 UniRef100_A0A7M7HFU8 G_PROTEIN 100.0 3.6E-47 3.7E-53  335.3   0.0  281   40-324    61-362 (423)
     156 UniRef100_UPI0018F2CE96 somato 100.0 3.7E-47 3.8E-53  319.3   0.0  283   41-325   281-569 (608)
     157 UniRef100_A0A3M6U5X4 G_PROTEIN 100.0 3.7E-47 3.8E-53  316.2   0.0  283   37-323    32-317 (339)
     158 UniRef100_A0A068WVN8 Biogenic  100.0 3.7E-47 3.9E-53  343.7   0.0  286   36-330   113-511 (641)
     159 UniRef100_A0A060VP48 G_PROTEIN 100.0 3.8E-47 3.9E-53  346.0   0.0  286   36-323   147-447 (580)
     160 UniRef100_A0A060W9S7 Mu-type o 100.0   4E-47 4.1E-53  331.0   0.0  283   38-322   147-436 (605)
     161 UniRef100_A0A060WGF3 B2 bradyk 100.0 4.1E-47 4.3E-53  343.0   0.0  283   40-324   156-449 (589)
     162 UniRef100_A0A0K0PUH0 Orphan G- 100.0 4.3E-47 4.5E-53  343.4   0.0  280   42-321   135-468 (583)
     163 UniRef100_A0A0L8I0T4 G_PROTEIN 100.0 4.4E-47 4.6E-53  332.5   0.0  280   43-327   133-497 (554)
     164 UniRef100_A0A087UP46 5-hydroxy 100.0 4.8E-47   5E-53  326.3   0.0  290   35-330    37-404 (472)
     165 UniRef100_A0A1A7ZR65 Somatosta 100.0   5E-47 5.1E-53  306.4   0.0  287   35-326    41-333 (390)
     166 UniRef100_A0A084WIC4 Short neu 100.0 5.2E-47 5.4E-53  330.9   0.0  280   42-323    91-383 (551)
     167 UniRef100_A0A210QHM7 G-protein 100.0 5.2E-47 5.4E-53  331.2   0.0  283   40-324    76-373 (492)
     168 UniRef100_A0A0L8I310 G_PROTEIN 100.0 5.2E-47 5.4E-53  333.9   0.0  283   41-323    43-365 (468)
     169 UniRef100_A0A096NAQ2 Cholecyst 100.0 5.3E-47 5.5E-53  333.9   0.0  282   44-325   151-500 (617)
     170 UniRef100_A0A315V7W7 Somatosta 100.0 5.4E-47 5.5E-53  317.4   0.0  284   41-326    71-360 (591)
     171 UniRef100_A0A087U880 Neuropept 100.0 5.5E-47 5.7E-53  323.9   0.0  286   36-323    61-360 (401)
     172 tr|A0A1S3FYW5|A0A1S3FYW5_DIPOR 100.0 5.7E-47 5.9E-53  311.4   0.0  284   41-325    67-357 (385)
     173 UniRef100_A0A3B4ZUM6 Mu-type o 100.0 5.7E-47 5.9E-53  325.1   0.0  284   38-322   165-454 (597)
     174 tr|A0A2B4SUH3|A0A2B4SUH3_STYPI 100.0 6.5E-47 6.8E-53  324.3   0.0  286   37-328    19-333 (385)
     175 UniRef100_A0A0S1YDA0 Neuropept 100.0 6.8E-47   7E-53  331.9   0.0  287   38-326    89-392 (509)
     176 UniRef100_A0A023F452 Putative  100.0 6.9E-47 7.1E-53  337.4   0.0  289   36-329   132-541 (660)
     177 UniRef100_A0A6P4YCQ0 somatosta 100.0   7E-47 7.2E-53  307.3   0.0  299   20-322    49-362 (428)
     178 UniRef100_A0A023FH63 Putative  100.0   7E-47 7.2E-53  334.6   0.0  281   39-325   121-439 (563)
     179 UniRef100_A0A0L8GIM4 G_PROTEIN 100.0 7.1E-47 7.4E-53  338.6   0.0  284   39-324    92-393 (481)
     180 UniRef100_A0A0P5DAK4 Orexin re 100.0 7.7E-47   8E-53  327.6   0.0  281   41-324   104-428 (505)
     181 UniRef100_A0A0P0YUU8 Cannabino 100.0 7.7E-47   8E-53  327.8   0.0  290   39-328    78-419 (496)
     182 UniRef100_A0A3M6TKX3 G_PROTEIN 100.0 7.7E-47 8.1E-53  328.1   0.0  284   38-324    70-372 (427)
     183 UniRef100_A0A1J1I7G5 CLUMA_CG0 100.0 7.9E-47 8.2E-53  325.9   0.0  287   36-324    69-371 (500)
     184 UniRef100_A0A061IN14 NK-3 rece 100.0   8E-47 8.3E-53  337.1   0.0  289   35-327   225-524 (662)
     185 UniRef100_A0A2G8JR46 Putative  100.0   8E-47 8.4E-53  332.7   0.0  276   45-326    64-356 (411)
     186 UniRef100_A0A087XI41 Mu-type o 100.0 8.4E-47 8.7E-53  318.6   0.0  282   39-322   148-435 (537)
     187 tr|A0A1A8LLP2|A0A1A8LLP2_9TELE 100.0   9E-47 9.4E-53  320.8   0.0  288   36-328    86-399 (455)
     188 tr|A0A182FUW3|A0A182FUW3_ANOAL 100.0 1.1E-46 1.1E-52  331.4   0.0  281   41-322   193-482 (666)
     189 UniRef100_A0A2B4S7A4 Alpha-1A  100.0 1.1E-46 1.1E-52  322.9   0.0  285   14-324    14-307 (392)
     190 UniRef100_A0A7M7SYV2 G_PROTEIN 100.0 1.2E-46 1.2E-52  332.9   0.0  277   43-328    67-400 (630)
     191 UniRef100_A0A060YTK2 Uncharact 100.0 1.2E-46 1.2E-52  317.3   0.0  284   40-325    81-377 (447)
     192 tr|A0A232F0R3|A0A232F0R3_9HYME 100.0 1.2E-46 1.2E-52  318.1   0.0  280   41-324   101-421 (458)
     193 UniRef100_A0A1D1V5S1 G_PROTEIN 100.0 1.3E-46 1.3E-52  323.3   0.0  285   36-325    49-358 (484)
     194 tr|A0A131ZXP6|A0A131ZXP6_SARSC 100.0 1.3E-46 1.3E-52  317.9   0.0  282   42-325   121-411 (480)
     195 UniRef100_A0A0N0PEL7 Tachykini 100.0 1.3E-46 1.4E-52  322.6   0.0  289   39-329    51-357 (454)
     196 UniRef100_A0A210QT45 G-protein 100.0 1.4E-46 1.5E-52  321.5   0.0  279   43-322    58-353 (472)
     197 tr|A0A139WLV7|A0A139WLV7_TRICA 100.0 1.5E-46 1.5E-52  335.2   0.0  286   38-325   393-696 (792)
     198 UniRef100_A0A6P4Z684 G-protein 100.0 1.5E-46 1.6E-52  317.9   0.0  284   41-324    49-344 (425)
     199 UniRef100_A0A0K0PUK8 FMRFamide 100.0 1.5E-46 1.6E-52  335.0   0.0  285   36-323    51-350 (471)
     200 tr|A0A218UB83|A0A218UB83_9PASE 100.0 1.7E-46 1.7E-52  330.6   0.0  284   40-330   190-516 (631)
     201 UniRef100_A0A0L8HHE2 G_PROTEIN 100.0 1.7E-46 1.8E-52  321.8   0.0  276   46-323     3-296 (385)
     202 tr|A0A2B4SID7|A0A2B4SID7_STYPI 100.0 1.8E-46 1.9E-52  330.1   0.0  287   37-325    25-326 (422)
     203 UniRef100_A0A6S7JE64 Neuropept 100.0 1.9E-46 1.9E-52  321.2   0.0  286   38-329    29-324 (412)
     204 UniRef100_A0A3M6T6P4 G_PROTEIN 100.0 1.9E-46   2E-52  327.3   0.0  284   37-324    49-352 (465)
     205 tr|F1R2F3|F1R2F3_DANRE Neurope 100.0   2E-46   2E-52  330.9   0.0  284   37-321   396-687 (731)
     206 UniRef100_A0A1I8HKX2 G_PROTEIN 100.0   2E-46 2.1E-52  324.6   0.0  285   37-329    34-414 (442)
     207 tr|A7SD89|A7SD89_NEMVE Predict 100.0 2.2E-46 2.3E-52  306.6   0.0  282   39-325    33-329 (355)
     208 UniRef100_A0A6J8CLU9 HCRTR2 n= 100.0 2.3E-46 2.3E-52  318.5   0.0  286   40-328    49-360 (422)
     209 tr|A0A147AMP5|A0A147AMP5_FUNHE 100.0 2.3E-46 2.4E-52  337.7   0.0  287   37-330    25-431 (475)
     210 UniRef100_A0A6P4ZN87 somatosta 100.0 2.4E-46 2.5E-52  316.4   0.0  289   35-325    24-327 (391)
     211 tr|A0A131XUY2|A0A131XUY2_IXORI 100.0 2.5E-46 2.6E-52  318.4   0.0  276   43-324   161-444 (560)
     212 UniRef100_A0A3B4VB96 Beta-2 ad 100.0 2.5E-46 2.6E-52  320.5   0.0  288   34-327    43-362 (464)
     213 tr|K7GCC3|K7GCC3_PELSI Adrenoc 100.0 2.7E-46 2.8E-52  318.2   0.0  284   40-326    38-363 (488)
     214 UniRef100_A0A4W3J4G3 Somatosta 100.0 2.8E-46 2.8E-52  306.3   0.0  288   34-325    34-327 (480)
     215 UniRef100_A0A016T103 G_PROTEIN 100.0 2.9E-46   3E-52  336.1   0.0  270   51-328   118-477 (605)
     216 tr|A0A2B4RXD1|A0A2B4RXD1_STYPI 100.0 2.9E-46   3E-52  316.8   0.0  283   39-327    89-381 (416)
     217 UniRef100_A0A060XP11 G_PROTEIN 100.0 2.9E-46 3.1E-52  327.9   0.0  281   39-324    86-390 (497)
     218 UniRef100_A0A060XC03 Beta-2 ad 100.0 3.1E-46 3.2E-52  324.1   0.0  284   39-328    98-415 (548)
     219 UniRef100_A0A2B4RHY9 Pyrogluta 100.0 3.1E-46 3.3E-52  336.1   0.0  285   38-326    76-371 (455)
     220 UniRef100_A0A087XT11 Alpha-1B  100.0 3.2E-46 3.3E-52  324.4   0.0  286   38-331    74-409 (622)
     221 UniRef100_A0A1V4KIE8 Beta-1 ad 100.0 3.3E-46 3.5E-52  345.0   0.0  276   48-326    34-349 (512)
     222 UniRef100_A0A068WKU9 Neuropept 100.0 3.7E-46 3.8E-52  321.9   0.0  280   42-324    71-365 (451)
     223 tr|A0A1D2MSE1|A0A1D2MSE1_ORCCI 100.0 3.9E-46   4E-52  334.0   0.0  286   38-325   105-405 (615)
     224 tr|A0A147AZW9|A0A147AZW9_FUNHE 100.0   4E-46 4.2E-52  334.1   0.0  287   36-324    78-431 (468)
     225 UniRef100_A0A0K0PUH3 Allatotro 100.0 4.1E-46 4.3E-52  317.0   0.0  284   38-324    63-371 (424)
     226 UniRef100_A0A2B4RGU4 5-hydroxy 100.0 4.2E-46 4.4E-52  335.8   0.0  279   41-326    63-370 (478)
     227 tr|A0A218UWX7|A0A218UWX7_9PASE 100.0 4.5E-46 4.7E-52  320.6   0.0  290   36-327    33-341 (474)
     228 tr|W5NXE0|W5NXE0_SHEEP Opioid  100.0 4.7E-46 4.9E-52  305.5   0.0  324    1-326     1-333 (431)
     229 UniRef100_A0A087QH27 C-C chemo 100.0 4.7E-46 4.9E-52  338.9   0.0  277   37-324   194-482 (591)
     230 UniRef100_A0A193KU97 GCR058 n= 100.0 4.9E-46 5.1E-52  311.4   0.0  285   40-326    22-331 (379)
     231 tr|C3Z5T5|C3Z5T5_BRAFL Unchara 100.0 5.4E-46 5.6E-52  305.5   0.0  287   39-326    33-328 (389)
     232 UniRef100_A0A060X1U9 G_PROTEIN 100.0 5.7E-46 5.9E-52  328.4   0.0  283   39-329   134-460 (633)
     233 UniRef100_A0A1L8HHP3 G_PROTEIN 100.0 5.9E-46 6.1E-52  311.5   0.0  281   40-323    42-336 (370)
     234 UniRef100_A0A087YQK7 Adrenocep 100.0 6.2E-46 6.4E-52  326.3   0.0  273   48-326   134-451 (617)
     235 UniRef100_A0A087REY1 NPY-Y2 re 100.0 6.2E-46 6.5E-52  325.3   0.0  281   42-324   185-476 (599)
     236 tr|A0A091CRU0|A0A091CRU0_FUKDA 100.0   7E-46 7.3E-52  333.0   0.0  282   36-327   401-693 (720)
     237 tr|A0A1S3IXU4|A0A1S3IXU4_LINUN 100.0   8E-46 8.3E-52  314.4   0.0  283   39-328    53-347 (440)
     238 UniRef100_A0A060VTR1 G_PROTEIN 100.0 8.1E-46 8.4E-52  325.7   0.0  283   39-329   115-443 (619)
     239 UniRef100_A0A401NJB3 G_PROTEIN 100.0 8.8E-46 9.1E-52  320.6   0.0  285   39-326    37-359 (517)
     240 tr|A0A1S3NPB2|A0A1S3NPB2_SALSA 100.0 9.8E-46   1E-51  314.3   0.0  287   35-325    31-330 (443)
     241 UniRef100_A0A2B4RPR9 Allatosta 100.0   1E-45 1.1E-51  326.2   0.0  282   38-323    42-341 (446)
     242 tr|A0A0L0BYA7|A0A0L0BYA7_LUCCU 100.0   1E-45 1.1E-51  323.0   0.0  279   43-326   310-626 (678)
     243 UniRef100_A0A0L8H5P3 G_PROTEIN 100.0 1.1E-45 1.1E-51  321.1   0.0  309   14-327    45-373 (496)
     244 UniRef100_A0A2B4R9G2 Melatonin 100.0 1.1E-45 1.1E-51  333.3   0.0  284   38-326    75-366 (461)
     245 UniRef100_A0A026WIP6 Cholecyst 100.0 1.1E-45 1.1E-51  335.1   0.0  287   43-330   170-533 (636)
     246 UniRef100_A0A2B4SC76 Substance 100.0 1.1E-45 1.1E-51  327.6   0.0  306   14-323    26-349 (461)
     247 UniRef100_A0A060X0P4 G_PROTEIN 100.0 1.1E-45 1.1E-51  327.3   0.0  279   40-321   135-426 (513)
     248 UniRef100_A0A0K0PUK6 Orphan G- 100.0 1.1E-45 1.2E-51  313.5   0.0  287   37-325    60-372 (448)
     249 UniRef100_E9HAW0 G_PROTEIN_REC 100.0 1.1E-45 1.2E-51  311.2   0.0  285   36-322    57-352 (393)
     250 UniRef100_A0A0N0PF28 Orexin re 100.0 1.2E-45 1.2E-51  325.0   0.0  278   42-322   135-455 (588)
     251 UniRef100_A0A060WMC3 Alpha-1D  100.0 1.2E-45 1.2E-51  320.7   0.0  281   43-330   110-436 (564)
     252 tr|A0A1A9ZAD8|A0A1A9ZAD8_GLOPL 100.0 1.2E-45 1.3E-51  318.2   0.0  289   36-326   115-421 (574)
     253 UniRef100_A0A4W4DTE3 G_PROTEIN 100.0 1.2E-45 1.3E-51  313.4   0.0  286   41-326    50-342 (379)
     254 UniRef100_A0A067R4E0 Tachykini 100.0 1.2E-45 1.3E-51  314.4   0.0  305   19-328    28-346 (396)
     255 tr|W8B9D1|W8B9D1_CERCA 5-hydro 100.0 1.2E-45 1.3E-51  321.9   0.0  292   34-330   253-630 (664)
     256 tr|A0A1V4JMN9|A0A1V4JMN9_PATFA 100.0 1.3E-45 1.3E-51  316.8   0.0  285   42-328    91-423 (537)
     257 UniRef100_A0A146M155 Neuropept 100.0 1.3E-45 1.3E-51  320.8   0.0  290   34-324    44-360 (488)
     258 UniRef100_A7RGN9 Predicted pro 100.0 1.3E-45 1.4E-51  305.2   0.0  275   40-323    27-311 (317)
     259 tr|A0A146YGA5|A0A146YGA5_FUNHE 100.0 1.3E-45 1.4E-51  330.4   0.0  303   14-325     7-339 (521)
     260 UniRef100_A0A0H3YI86 Pyrokinin 100.0 1.4E-45 1.4E-51  328.6   0.0  289   34-326    74-398 (510)
     261 tr|A0A0P7V5N2|A0A0P7V5N2_9TELE 100.0 1.4E-45 1.4E-51  316.5   0.0  286   37-329    85-404 (468)
     262 tr|B4KC34|B4KC34_DROMO Unchara 100.0 1.4E-45 1.5E-51  329.3   0.0  283   39-323   188-489 (670)
     263 UniRef100_A0A060X7S9 B2 bradyk 100.0 1.5E-45 1.6E-51  323.1   0.0  284   40-325   110-404 (491)
     264 tr|T1KPP2|T1KPP2_TETUR Unchara 100.0 1.5E-45 1.6E-51  318.0   0.0  278   41-324   149-434 (477)
     265 UniRef100_A0A1D1VDY3 G_PROTEIN 100.0 1.5E-45 1.6E-51  324.2   0.0  287   38-326   128-446 (557)
     266 UniRef100_A0A026WCQ7 Tyramine  100.0 1.6E-45 1.6E-51  338.2   0.0  281   38-328   178-589 (665)
     267 UniRef100_A0A3M6TPP0 G_PROTEIN 100.0 1.6E-45 1.6E-51  322.2   0.0  284   37-326    44-354 (424)
     268 tr|A0A0P6IZB8|A0A0P6IZB8_9CRUS 100.0 1.7E-45 1.7E-51  319.4   0.0  286   41-326   200-494 (559)
     269 UniRef100_A0A084WFJ7 AGAP00011 100.0 1.7E-45 1.7E-51  323.0   0.0  276   43-321    87-375 (519)
     270 UniRef100_A0A026WC04 Dopamine  100.0 1.7E-45 1.8E-51  312.0   0.0  284   36-324    70-395 (468)
     271 tr|A0A1L8HND2|A0A1L8HND2_XENLA 100.0 1.8E-45 1.8E-51  315.0   0.0  286   40-325   125-426 (452)
     272 tr|A0A210R0K7|A0A210R0K7_MIZYE 100.0 1.8E-45 1.8E-51  313.1   0.0  287   40-327    70-426 (470)
     273 UniRef100_A0A3M6TAE6 G_PROTEIN 100.0 1.9E-45 1.9E-51  318.7   0.0  268   39-324    87-366 (443)
     274 tr|A0A2H1W6Q0|A0A2H1W6Q0_SPOFR 100.0 1.9E-45   2E-51  317.5   0.0  281   41-324    68-361 (466)
     275 tr|V8NQN2|V8NQN2_OPHHA G-prote 100.0 2.1E-45 2.1E-51  327.6   0.0  275   40-324   300-585 (840)
     276 tr|A0A182QHF8|A0A182QHF8_9DIPT 100.0 2.1E-45 2.2E-51  319.1   0.0  284   37-322    94-402 (581)
     277 UniRef100_A0A068YA15 Neuropept 100.0 2.2E-45 2.3E-51  319.2   0.0  291   35-326    64-395 (510)
     278 tr|A0A2B4RSD1|A0A2B4RSD1_STYPI 100.0 2.2E-45 2.3E-51  325.7   0.0  286   36-329    43-384 (430)
     279 ERR1719361_2001115             100.0 2.2E-45 2.3E-51  315.5   0.0  284   39-323    20-321 (415)
     280 UniRef100_A0A0S1YD99 Neuropept 100.0 2.3E-45 2.4E-51  307.6   0.0  288   38-328    70-374 (423)
     281 tr|A0A146NR64|A0A146NR64_FUNHE 100.0 2.4E-45 2.5E-51  311.5   0.0  280   41-322   117-416 (449)
     282 UniRef100_A0A0D9R0U9 Apelin re 100.0 2.4E-45 2.5E-51  314.1   0.0  286   39-325    57-362 (482)
     283 tr|A0A183TGM8|A0A183TGM8_SCHSO 100.0 2.5E-45 2.6E-51  313.0   0.0  291   37-327    58-373 (446)
     284 tr|A0A151NBW9|A0A151NBW9_ALLMI 100.0 2.6E-45 2.7E-51  315.9   0.0  288   40-329    77-394 (472)
     285 tr|A0A0P7TYE1|A0A0P7TYE1_9TELE 100.0 2.9E-45   3E-51  315.5   0.0  280   44-323   124-470 (507)
     286 tr|B4N448|B4N448_DROWI Unchara 100.0   3E-45 3.1E-51  307.0   0.0  281   43-323    81-373 (502)
     287 UniRef100_A0A068AZY5 Octopamin 100.0   3E-45 3.2E-51  345.6   0.0  284   40-329   170-655 (723)
     288 UniRef100_A0A2B4S4U3 Beta-2 ad 100.0 3.1E-45 3.2E-51  307.6   0.0  286   41-328    26-323 (372)
     289 UniRef100_A0A553R2N1 G_PROTEIN 100.0 3.2E-45 3.2E-51  299.8   0.0  279   43-326   126-410 (474)
     290 tr|J9JRI9|J9JRI9_ACYPI Unchara 100.0 3.2E-45 3.3E-51  311.9   0.0  287   35-323    26-330 (490)
     291 UniRef100_A0A553Q836 G_PROTEIN 100.0 3.3E-45 3.4E-51  303.8   0.0  279   44-326    48-332 (536)
     292 UniRef100_A0A182H1J6 G_PROTEIN 100.0 3.3E-45 3.4E-51  333.5   0.0  196   41-236   316-512 (1005)
     293 tr|A0A0A7RC79|A0A0A7RC79_RHOPR 100.0 3.4E-45 3.5E-51  307.2   0.0  286   39-324    71-371 (404)
     294 UniRef100_A0A091R746 Beta-1 ad 100.0 3.4E-45 3.6E-51  319.2   0.0  276   47-324   138-450 (572)
     295 tr|A0A0N0BC55|A0A0N0BC55_9HYME 100.0 3.5E-45 3.6E-51  314.5   0.0  278   43-322   205-489 (615)
     296 tr|A0A2B4SKI0|A0A2B4SKI0_STYPI 100.0 3.7E-45 3.8E-51  319.9   0.0  279   41-322    95-394 (458)
     297 UniRef100_A0A1S3J8T4 5-hydroxy 100.0 3.8E-45   4E-51  319.7   0.0  286   38-325    95-395 (468)
     298 UniRef100_A0A060VNF4 G_PROTEIN 100.0 3.8E-45   4E-51  322.3   0.0  284   40-325   127-430 (566)
     299 tr|A0A232F8D2|A0A232F8D2_9HYME 100.0   4E-45 4.2E-51  313.5   0.0  283   39-323    67-367 (478)
     300 UniRef100_UPI000B911B64 melato 100.0   4E-45 4.2E-51  318.1   0.0  280   43-326    28-344 (381)
     301 UniRef100_A0A4Z2I5Z9 Somatosta 100.0 4.1E-45 4.2E-51  312.7   0.0  284   40-325   400-689 (729)
     302 tr|F7E6B1|F7E6B1_MONDO Tachyki 100.0 4.2E-45 4.3E-51  310.3   0.0  286   35-324    86-382 (475)
     303 UniRef100_A0A067RG65 Neuropept 100.0 4.2E-45 4.4E-51  317.4   0.0  289   34-323    78-391 (509)
     304 UniRef100_A0A210QSD7 Octopamin 100.0 4.4E-45 4.5E-51  319.3   0.0  285   39-329    53-419 (423)
     305 tr|A0A2B4SSL5|A0A2B4SSL5_STYPI 100.0 4.7E-45 4.9E-51  299.7   0.0  281   39-323    17-306 (344)
     306 UniRef100_A0A0L0C8J1 G_PROTEIN 100.0 4.9E-45   5E-51  317.0   0.0  284   41-324   273-566 (698)
     307 UniRef100_A0A026W4F0 Octopamin 100.0 5.2E-45 5.4E-51  309.3   0.0  279   44-327    56-393 (445)
     308 UniRef100_A0A1D2MZ73 Somatosta 100.0 5.7E-45 5.9E-51  309.9   0.0  285   37-323    62-378 (533)
     309 UniRef100_A0A016TS00 G_PROTEIN 100.0   6E-45 6.2E-51  328.7   0.0  288   41-329   110-556 (622)
     310 UniRef100_A0A087VQ23 Kappa-typ 100.0   6E-45 6.2E-51  314.4   0.0  280   42-323   261-546 (640)
     311 UniRef100_A0A060W247 Cholecyst 100.0 6.3E-45 6.6E-51  320.8   0.0  284   42-325   126-475 (563)
     312 UniRef100_A0A2B4SVS8 Neuropept 100.0 6.8E-45 7.1E-51  323.1   0.0  282   40-325    85-381 (480)
     313 UniRef100_A0A060Y7B7 G_PROTEIN 100.0 6.8E-45 7.1E-51  321.2   0.0  279   39-325   111-548 (560)
     314 UniRef100_A0A2G8KMT5 G_PROTEIN 100.0 6.8E-45 7.1E-51  311.6   0.0  271   46-323    39-324 (402)
     315 UniRef100_A0A016SJ65 Thyrolibe 100.0 6.8E-45 7.1E-51  321.4   0.0  283   41-324    81-394 (479)
     316 UniRef100_A0A2B4RXD1 Neuropept 100.0   7E-45 7.3E-51  315.7   0.0  282   41-328    92-384 (461)
     317 tr|A0A0P5PA10|A0A0P5PA10_9CRUS 100.0 7.1E-45 7.3E-51  320.2   0.0  282   39-322   142-441 (705)
     318 UniRef100_A0A026VW91 Neuropept 100.0 7.3E-45 7.6E-51  309.9   0.0  285   39-325   184-485 (582)
     319 UniRef100_A0A060X6T3 G_PROTEIN 100.0 7.8E-45 8.1E-51  315.7   0.0  279   42-327    88-414 (550)
     320 tr|S7PUA8|S7PUA8_MYOBR C-C che 100.0 8.3E-45 8.6E-51  323.3   0.0  278   35-323   274-563 (603)
     321 tr|A0A0P6B3L3|A0A0P6B3L3_9CRUS 100.0 8.5E-45 8.8E-51  312.7   0.0  286   38-323    27-409 (623)
     322 tr|A0A182L9N8|A0A182L9N8_9DIPT 100.0 9.1E-45 9.4E-51  316.0   0.0  284   39-326    84-382 (490)
     323 UniRef100_A0A0N1PGA0 Octopamin 100.0 9.9E-45   1E-50  319.4   0.0  277   43-324   107-490 (547)
     324 tr|W5MC67|W5MC67_LEPOC Pyroglu 100.0   1E-44 1.1E-50  305.3   0.0  291   37-327    47-360 (441)
     325 UniRef100_A0A7M7HKI1 G_PROTEIN 100.0 1.1E-44 1.1E-50  315.1   0.0  273   47-324    43-333 (418)
     326 UniRef100_A0A6F9DUB2 Somatosta 100.0 1.1E-44 1.1E-50  308.8   0.0  287   39-329    58-358 (467)
     327 UniRef100_A0A0P5DS31 Neuropept 100.0 1.1E-44 1.1E-50  304.9   0.0  284   39-324    81-382 (482)
     328 UniRef100_A0A067RAQ2 Neuropept 100.0 1.1E-44 1.1E-50  307.2   0.0  288   36-325    93-395 (509)
     329 tr|A0A060XRS0|A0A060XRS0_ONCMY 100.0 1.1E-44 1.1E-50  326.2   0.0  287   36-330    48-379 (900)
     330 UniRef100_A0A0A7KUZ5 Opsin 5 n 100.0 1.1E-44 1.1E-50  314.7   0.0  283   41-325    50-343 (407)
     331 UniRef100_A0A2B4SQU8 Orexin re 100.0 1.1E-44 1.1E-50  301.7   0.0  282   41-328    34-348 (370)
     332 UniRef100_A0A061IAU9 Gastric r 100.0 1.1E-44 1.2E-50  316.1   0.0  282   40-326   111-406 (588)
     333 tr|W4YJK4|W4YJK4_STRPU Unchara 100.0 1.1E-44 1.2E-50  314.2   0.0  285   37-326    63-369 (446)
     334 tr|A0A067RDC3|A0A067RDC3_ZOONE 100.0 1.2E-44 1.2E-50  319.5   0.0  291   34-328    62-365 (506)
     335 tr|A0A0V1MVC7|A0A0V1MVC7_9BILA 100.0 1.3E-44 1.3E-50  319.1   0.0  288   39-328    76-380 (598)
     336 UniRef100_A0A0K8WE72 5-hydroxy 100.0 1.3E-44 1.3E-50  320.4   0.0  292   33-329   258-627 (662)
     337 tr|A0A212C668|A0A212C668_CEREH 100.0 1.3E-44 1.3E-50  311.1   0.0  280   41-327   217-557 (558)
     338 UniRef100_A0A067RDC3 Prolactin 100.0 1.3E-44 1.4E-50  315.5   0.0  284   38-325    59-355 (541)
     339 tr|A0A2B4SAJ4|A0A2B4SAJ4_STYPI 100.0 1.3E-44 1.4E-50  312.7   0.0  279   41-322    26-329 (434)
     340 UniRef100_F6SEF7 G_PROTEIN_REC 100.0 1.4E-44 1.4E-50  299.3   0.0  285   36-322    33-333 (337)
     341 UniRef100_A0A6P8IFK2 neuromedi 100.0 1.5E-44 1.5E-50  304.6   0.0  287   41-331    23-326 (363)
     342 tr|A0A1W4X208|A0A1W4X208_AGRPL 100.0 1.5E-44 1.6E-50  306.7   0.0  286   37-324    88-391 (467)
     343 UniRef100_A0A087QH91 Melanopsi 100.0 1.6E-44 1.6E-50  322.1   0.0  287   36-323    96-396 (629)
     344 tr|A0A287CUD4|A0A287CUD4_ICTTR 100.0 1.6E-44 1.7E-50  306.1   0.0  283   39-326    14-307 (478)
     345 tr|C7SLZ0|C7SLZ0_APLKU Seroton 100.0 1.6E-44 1.7E-50  316.0   0.0  286   36-330    65-428 (485)
     346 UniRef100_A0A3M6UAU0 G_PROTEIN 100.0 1.6E-44 1.7E-50  317.3   0.0  283   40-326    32-329 (552)
     347 UniRef100_A0A226PVL7 Mu-type o 100.0 1.7E-44 1.7E-50  302.6   0.0  279   42-322   157-441 (566)
     348 tr|B4JN40|B4JN40_DROGR GH24210 100.0 1.7E-44 1.7E-50  308.1   0.0  280   43-322   116-404 (436)
     349 tr|A0A0R4IQ19|A0A0R4IQ19_DANRE 100.0 1.8E-44 1.8E-50  297.0   0.0  309   14-324    21-345 (384)
     350 UniRef100_A0A3M6T8F5 G_PROTEIN 100.0 1.8E-44 1.9E-50  328.2   0.0  288   38-326    96-395 (523)
     351 tr|A0A1W4X1F3|A0A1W4X1F3_AGRPL 100.0 1.9E-44 1.9E-50  310.0   0.0  285   39-325   129-430 (485)
     352 UniRef100_A0A1B6HDB2 G_PROTEIN 100.0 1.9E-44   2E-50  294.8   0.0  284   39-325     7-305 (360)
     353 UniRef100_A0A2B4SE17 Substance 100.0   2E-44   2E-50  323.7   0.0  286   36-324    57-363 (467)
     354 UniRef100_A0A132AJH3 7 transme 100.0   2E-44 2.1E-50  314.5   0.0  282   42-324    67-384 (447)
     355 tr|H2Q292|H2Q292_PANTR Unchara 100.0 2.1E-44 2.1E-50  306.5   0.0  297   24-328    62-405 (492)
     356 UniRef100_A0A0N7ZAP9 G_PROTEIN 100.0 2.1E-44 2.2E-50  312.2   0.0  281   42-326    75-366 (421)
     357 UniRef100_A0A151NBW6 Beta-3 ad 100.0 2.2E-44 2.3E-50  308.8   0.0  282   41-324    28-338 (490)
     358 UniRef100_A0A678XEL8 Trace ami 100.0 2.3E-44 2.3E-50  315.7   0.0  288   38-326    50-356 (523)
     359 UniRef100_A0A6A7G2U4 Octopamin 100.0 2.3E-44 2.4E-50  312.1   0.0  285   35-324   162-509 (574)
     360 UniRef100_A0A087XFV2 5-hydroxy 100.0 2.4E-44 2.5E-50  311.6   0.0  289   38-331    78-401 (493)
     361 tr|A0A0P7V0U8|A0A0P7V0U8_9TELE 100.0 2.5E-44 2.6E-50  299.6   0.0  285   38-325    80-373 (439)
     362 UniRef100_A0A060WAA0 NK-2 rece 100.0 2.5E-44 2.6E-50  304.9   0.0  287   35-325    64-363 (465)
     363 UniRef100_A0A087R2J6 Neuropept 100.0 2.6E-44 2.7E-50  318.5   0.0  284   44-329   213-522 (638)
     364 UniRef100_A0A0P7U357 Apelin re 100.0 2.6E-44 2.7E-50  306.3   0.0  276   41-325    55-342 (401)
     365 tr|W8C2A8|W8C2A8_CERCA Neurope 100.0 2.7E-44 2.8E-50  324.3   0.0  284   39-325   260-563 (827)
     366 UniRef100_A0A0L7QLJ1 Neuropept 100.0 2.8E-44 2.9E-50  300.4   0.0  286   41-328   125-428 (485)
     367 UniRef100_A0A060W161 G_PROTEIN 100.0 2.8E-44 2.9E-50  329.7   0.0  277   40-325   165-454 (574)
     368 UniRef100_A0A061QLL1 Putative  100.0 2.9E-44   3E-50  309.3   0.0  286   35-325    37-420 (424)
     369 tr|C3XVU5|C3XVU5_BRAFL Unchara 100.0 2.9E-44   3E-50  304.2   0.0  280   38-323    56-353 (439)
     370 UniRef100_A0A3M6THF9 G_PROTEIN 100.0   3E-44 3.1E-50  315.4   0.0  271   37-327    54-339 (483)
     371 UniRef100_A0A2B4RFH8 Neuropept 100.0   3E-44 3.2E-50  322.8   0.0  283   40-325    61-365 (439)
     372 tr|A0A212EZN3|A0A212EZN3_DANPL 100.0 3.1E-44 3.2E-50  309.3   0.0  285   39-325    50-353 (488)
     373 UniRef100_UPI000219022F Endoly 100.0 3.3E-44 3.4E-50  304.8   0.0  280   45-326   202-486 (507)
     374 tr|A0A226N2C0|A0A226N2C0_CALSU 100.0 3.3E-44 3.5E-50  308.2   0.0  282   39-325   220-519 (569)
     375 tr|A0A210QNG6|A0A210QNG6_MIZYE 100.0 3.4E-44 3.5E-50  310.6   0.0  294   36-329    32-342 (498)
     376 tr|A0A182FRI7|A0A182FRI7_ANOAL 100.0 3.5E-44 3.7E-50  326.7   0.0  193   35-232   104-297 (677)
     377 tr|A0A147A4W2|A0A147A4W2_FUNHE 100.0 3.6E-44 3.7E-50  310.1   0.0  288   40-327    91-444 (502)
     378 UniRef100_A0A026W4S0 Neuromedi 100.0 3.8E-44   4E-50  318.3   0.0  289   36-327    66-389 (604)
     379 ERR1719341_586736              100.0 3.9E-44 4.1E-50  311.8   0.0  284   42-325    53-353 (513)
     380 tr|A0A0N7ZC69|A0A0N7ZC69_9EUCA 100.0   4E-44 4.2E-50  296.4   0.0  281   40-322    63-352 (430)
     381 tr|A0A0S1YD80|A0A0S1YD80_CHISP 100.0 4.1E-44 4.3E-50  309.4   0.0  281   42-325   163-463 (513)
     382 tr|A0A2B4S6X2|A0A2B4S6X2_STYPI 100.0 4.2E-44 4.3E-50  300.3   0.0  301   16-329     1-326 (379)
     383 UniRef100_A0A061QLN0 Putative  100.0 4.2E-44 4.4E-50  328.3   0.0  292   39-330    84-607 (685)
     384 UniRef100_A0A6A4WEU8 5-hydroxy 100.0 4.4E-44 4.6E-50  311.7   0.0  284   42-330    66-443 (535)
     385 UniRef100_A0A060WAG3 G_PROTEIN 100.0 4.4E-44 4.6E-50  313.0   0.0  283   42-330   121-503 (550)
     386 tr|A0A0R4J0Z2|A0A0R4J0Z2_MOUSE 100.0 4.6E-44 4.8E-50  293.8   0.0  280   41-322    66-351 (456)
     387 UniRef100_A0A060VWI9 G_PROTEIN 100.0 4.6E-44 4.8E-50  313.7   0.0  277   47-325    64-393 (579)
     388 SRR6218665_1158703             100.0 4.6E-44 4.8E-50  305.3   0.0  287   36-324    29-332 (413)
     389 UniRef100_A0A0K0PUL2 DH31-like 100.0   5E-44 5.2E-50  300.1   0.0  289   36-328    41-335 (375)
     390 tr|J9K651|J9K651_ACYPI Unchara 100.0 5.2E-44 5.4E-50  302.0   0.0  284   42-327    88-388 (440)
     391 UniRef100_A0A060VPX8 G_PROTEIN 100.0 5.1E-44 5.4E-50  329.1   0.0  277   39-325   128-417 (527)
     392 UniRef100_A0A076YJT8 Chemokine 100.0 5.3E-44 5.5E-50  313.0   0.0  282   34-327   151-445 (493)
     393 UniRef100_A0A060W5H6 G_PROTEIN 100.0 5.3E-44 5.6E-50  318.7   0.0  280   42-322    85-383 (528)
     394 UniRef100_A0A1S3IXU9 RYamide r 100.0 5.4E-44 5.6E-50  298.7   0.0  302   17-323    11-327 (438)
     395 tr|A0A2B4SNZ1|A0A2B4SNZ1_STYPI 100.0 5.5E-44 5.7E-50  310.0   0.0  284   39-326    27-319 (351)
     396 UniRef100_A0A060XMX0 NPY-Y2 re 100.0 5.6E-44 5.8E-50  300.1   0.0  281   42-324   122-412 (452)
     397 UniRef100_A0A067R841 G_PROTEIN 100.0 6.5E-44 6.8E-50  315.6   0.0  286   41-326   104-409 (526)
     398 SRR6218665_147192              100.0 6.6E-44 6.8E-50  306.2   0.0  285   38-324    95-394 (466)
     399 tr|R4J1H6|R4J1H6_SALSA Cholecy 100.0 6.6E-44 6.8E-50  301.6   0.0  282   43-324    46-404 (461)
     400 UniRef100_A0A024R2Q0 Chemokine 100.0 6.7E-44   7E-50  314.4   0.0  280   35-324   148-441 (499)
     401 UniRef100_A0A059ZY04 Angiotens 100.0 6.9E-44 7.2E-50  319.2   0.0  276   40-326   165-454 (546)
     402 tr|A0A147AXX1|A0A147AXX1_FUNHE 100.0 7.4E-44 7.7E-50  302.1   0.0  285   35-324    29-327 (490)
     403 tr|W4Z9U8|W4Z9U8_STRPU Unchara 100.0 8.2E-44 8.5E-50  297.2   0.0  288   38-325   102-410 (434)
     404 UniRef100_A0A0L0C965 Tachykini 100.0 8.3E-44 8.6E-50  309.1   0.0  287   36-324   113-416 (611)
     405 tr|T1KTS6|T1KTS6_TETUR Unchara 100.0   9E-44 9.3E-50  311.2   0.0  284   39-325   115-417 (587)
     406 UniRef100_A0A336LUR7 CSON00145 100.0 9.3E-44 9.7E-50  310.0   0.0  284   40-325    84-384 (670)
     407 UniRef100_A0A087X781 Alpha-2Db 100.0 9.5E-44 9.9E-50  305.5   0.0  278   42-324    65-490 (495)
     408 tr|A0A226ENA2|A0A226ENA2_FOLCA 100.0   1E-43 1.1E-49  305.7   0.0  283   39-323    70-402 (566)
     409 tr|W4Z3I5|W4Z3I5_STRPU Unchara 100.0 1.1E-43 1.1E-49  302.3   0.0  291   35-325    40-392 (461)
     410 tr|A0A1I8PF57|A0A1I8PF57_STOCA 100.0 1.1E-43 1.1E-49  319.0   0.0  292   34-330   374-750 (784)
     411 tr|S7PTD0|S7PTD0_MYOBR Mu-type 100.0 1.1E-43 1.2E-49  294.5   0.0  282   39-322    68-400 (489)
     412 UniRef100_A0A060WXX3 G-protein 100.0 1.1E-43 1.2E-49  319.0   0.0  274   40-322   156-449 (539)
     413 UniRef100_UPI001401E46F delta- 100.0 1.1E-43 1.2E-49  288.4   0.0  280   42-322    67-352 (440)
     414 UniRef100_A0A016UUZ5 G_PROTEIN 100.0 1.1E-43 1.2E-49  305.3   0.0  279   42-329    73-415 (486)
     415 SRR6218665_799277              100.0 1.2E-43 1.2E-49  296.4   0.0  284   41-324   122-417 (456)
     416 UniRef100_A0A060YY06 G_PROTEIN 100.0 1.2E-43 1.2E-49  308.2   0.0  280   43-324   103-406 (490)
     417 tr|A0A2D0SD29|A0A2D0SD29_ICTPU 100.0 1.2E-43 1.3E-49  303.5   0.0  277   43-324     4-306 (420)
     418 tr|C3Z3H5|C3Z3H5_BRAFL Unchara 100.0 1.2E-43 1.3E-49  295.8   0.0  284   41-325    78-373 (405)
     419 UniRef100_A0A3M6TV84 G_PROTEIN 100.0 1.2E-43 1.3E-49  305.7   0.0  276   45-326    47-337 (405)
     420 UniRef100_A0A2B4SJE7 Orexin re 100.0 1.3E-43 1.3E-49  312.3   0.0  280   41-324   132-429 (517)
     421 tr|A0A0L8FIS6|A0A0L8FIS6_OCTBM 100.0 1.3E-43 1.4E-49  305.6   0.0  283   42-326    89-420 (485)
     422 tr|A0A0P6C571|A0A0P6C571_9CRUS 100.0 1.4E-43 1.4E-49  304.0   0.0  286   39-324    51-443 (558)
     423 tr|A0A060X5F3|A0A060X5F3_ONCMY 100.0 1.4E-43 1.4E-49  327.1   0.0  277   40-325   411-701 (840)
     424 tr|G1T869|G1T869_RABIT B2 brad 100.0 1.4E-43 1.4E-49  300.9   0.0  291   35-327   104-407 (446)
     425 tr|A0A183W5E7|A0A183W5E7_TRIRE 100.0 1.4E-43 1.4E-49  303.8   0.0  286   39-326    47-352 (503)
     426 tr|A0A1S3L0J1|A0A1S3L0J1_SALSA 100.0 1.5E-43 1.6E-49  306.3   0.0  284   39-329    71-408 (533)
     427 UniRef100_A0A3M6T5D0 G_PROTEIN 100.0 1.5E-43 1.6E-49  306.9   0.0  289   15-325    26-322 (402)
     428 UniRef100_A0A034WQT6 Tachykini 100.0 1.5E-43 1.6E-49  312.5   0.0  288   40-329   113-421 (694)
     429 tr|A0A1A9ZM95|A0A1A9ZM95_GLOPL 100.0 1.6E-43 1.6E-49  299.5   0.0  288   37-325    88-392 (481)
     430 UniRef100_A0A077Z2V7 Neuropept 100.0 1.6E-43 1.7E-49  302.6   0.0  287   37-324    63-373 (451)
     431 UniRef100_A0A2S1WLX6 Putative  100.0 1.6E-43 1.7E-49  301.2   0.0  273   47-325    50-457 (475)
     432 UniRef100_A0A023F4J9 Putative  100.0 1.7E-43 1.7E-49  314.3   0.0  275   44-323   157-489 (588)
     433 tr|A0A091DLL4|A0A091DLL4_FUKDA 100.0 1.7E-43 1.8E-49  297.9   0.0  302   17-328    11-346 (474)
     434 UniRef100_UPI0003F07467 orexin 100.0 1.7E-43 1.8E-49  309.5   0.0  284   39-323    73-412 (535)
     435 tr|A0A1A8K3T1|A0A1A8K3T1_NOTKU 100.0 1.8E-43 1.8E-49  307.7   0.0  286   38-328    43-486 (621)
     436 UniRef100_F6ZHC8 Uncharacteriz 100.0 1.8E-43 1.8E-49  307.2   0.0  283   43-325    87-463 (520)
     437 UniRef100_A0A026VXG0 Octopamin 100.0 1.8E-43 1.9E-49  317.3   0.0  279   40-323    78-537 (647)
     438 tr|A0A1S3FWK5|A0A1S3FWK5_DIPOR 100.0 1.8E-43 1.9E-49  310.5   0.0  282   39-325   412-728 (786)
     439 tr|A0A182U1B5|A0A182U1B5_9DIPT 100.0 1.8E-43 1.9E-49  310.4   0.0  285   37-323    33-340 (620)
     440 UniRef100_A0A060VWE3 G_PROTEIN 100.0 1.8E-43 1.9E-49  321.7   0.0  281   38-323   140-429 (542)
     441 tr|A0A1V4KUV7|A0A1V4KUV7_PATFA 100.0 1.9E-43 1.9E-49  294.9   0.0  281   43-325   118-409 (450)
     442 UniRef100_A0A2B4SJV4 Galanin r 100.0 1.9E-43   2E-49  315.5   0.0  282   43-328    74-368 (444)
     443 tr|A0A091E4L4|A0A091E4L4_FUKDA 100.0   2E-43 2.1E-49  318.0   0.0  282   40-323   728-1016(1054)
     444 UniRef100_A0A087YRI1 G_PROTEIN 100.0   2E-43 2.1E-49  306.7   0.0  275   44-325    81-371 (438)
     445 tr|A0A210QY69|A0A210QY69_MIZYE 100.0 2.1E-43 2.2E-49  292.5   0.0  289   35-325    78-376 (400)
     446 UniRef100_A0A0Q3PEJ5 Alpha-1B  100.0 2.2E-43 2.3E-49  307.0   0.0  282   41-330    60-388 (683)
     447 tr|A0A1S2ZIZ2|A0A1S2ZIZ2_ERIEU 100.0 2.3E-43 2.3E-49  305.0   0.0  287   36-325   193-530 (620)
     448 UniRef100_A0A0G2UQ37 Rhodopsin 100.0 2.4E-43 2.5E-49  305.4   0.0  280   42-322    94-391 (515)
     449 UniRef100_A0A0L8HMQ0 G_PROTEIN 100.0 2.4E-43 2.5E-49  308.7   0.0  290   40-329    45-350 (538)
     450 UniRef100_A0A2B4SID7 Neuropept 100.0 2.5E-43 2.6E-49  306.7   0.0  286   38-325    76-378 (462)
     451 UniRef100_A0A0A1XP15 Neuropept 100.0 2.5E-43 2.6E-49  296.1   0.0  281   41-323    69-370 (421)
     452 UniRef100_A0A0C9RF21 CapaR_3 p 100.0 2.5E-43 2.6E-49  308.1   0.0  291   34-325    42-355 (532)
     453 UniRef100_A0A1I7STM2 (pine woo 100.0 2.6E-43 2.7E-49  307.4   0.0  294   36-329    73-389 (430)
     454 UniRef100_A0A0K0PUE3 Orphan G- 100.0 2.7E-43 2.8E-49  310.6   0.0  293   34-329   107-430 (550)
     455 ERR1719510_236906              100.0 2.7E-43 2.8E-49  314.1   0.0  283   39-324    78-371 (577)
     456 UniRef100_A0A0K0PUG3 Thyrolibe 100.0 2.7E-43 2.8E-49  312.3   0.0  286   39-325   210-520 (606)
     457 tr|A0A2B4RR50|A0A2B4RR50_STYPI 100.0 2.8E-43 2.9E-49  298.9   0.0  290   38-329    24-328 (411)
     458 UniRef100_A0A060VZ71 G_PROTEIN 100.0 2.8E-43 2.9E-49  315.4   0.0  280   43-324   228-533 (650)
     459 tr|L8Y5L0|L8Y5L0_TUPCH Alpha-2 100.0 2.9E-43   3E-49  318.7   0.0  281   39-326   389-818 (823)
     460 UniRef100_A0A024R4J1 Formyl pe 100.0 2.9E-43 3.1E-49  325.8   0.0  273   42-324   171-453 (581)
     461 tr|A7S585|A7S585_NEMVE Predict 100.0   3E-43 3.1E-49  300.6   0.0  288   39-330    20-329 (374)
     462 UniRef100_A0A060VRN9 G_PROTEIN 100.0   3E-43 3.1E-49  306.9   0.0  281   39-324   131-428 (496)
     463 tr|W8BXQ8|W8BXQ8_CERCA Somatos 100.0 3.1E-43 3.2E-49  297.5   0.0  280   44-323   150-439 (574)
     464 UniRef100_A0A061QHX0 Putative  100.0 3.1E-43 3.2E-49  314.6   0.0  279   42-326   131-507 (563)
     465 UniRef100_A0A087R306 Hypocreti 100.0 3.2E-43 3.3E-49  305.7   0.0  282   43-326   150-479 (594)
     466 tr|A0A2B4RXA7|A0A2B4RXA7_STYPI 100.0 3.2E-43 3.3E-49  298.2   0.0  252   56-328    16-275 (328)
     467 UniRef100_A0A096MAY6 Alpha-1B  100.0 3.3E-43 3.4E-49  299.6   0.0  280   42-329    45-376 (489)
     468 UniRef100_A0A0P6J0T1 Putative  100.0 3.4E-43 3.5E-49  318.7   0.0  288   34-326    93-409 (735)
     469 UniRef100_A0A068WTW9 Tachykini 100.0 3.4E-43 3.5E-49  300.9   0.0  285   36-323    38-356 (453)
     470 UniRef100_A0A067RIW6 G_PROTEIN 100.0 3.4E-43 3.5E-49  315.6   0.0  283   41-328   182-548 (705)
     471 UniRef100_A0A6P4ZET1 somatosta 100.0 3.5E-43 3.6E-49  282.3   0.0  282   45-328    11-297 (346)
     472 tr|C3ZMP9|C3ZMP9_BRAFL Unchara 100.0 3.5E-43 3.6E-49  289.4   0.0  283   42-325    29-321 (401)
     473 tr|A7SIX0|A7SIX0_NEMVE Predict 100.0 3.9E-43 4.1E-49  296.7   0.0  290   37-330    18-322 (403)
     474 tr|A0A0K0PUV0|A0A0K0PUV0_PLADU 100.0   4E-43 4.2E-49  297.7   0.0  281   39-324    11-331 (373)
     475 tr|L9JWP3|L9JWP3_TUPCH C-C che 100.0 4.1E-43 4.3E-49  316.8   0.0  282   37-327   381-670 (702)
     476 tr|A0A146TP77|A0A146TP77_FUNHE 100.0 4.1E-43 4.3E-49  317.3   0.0  281   43-329    46-426 (522)
     477 tr|A0A091DB56|A0A091DB56_FUKDA 100.0 4.4E-43 4.5E-49  292.2   0.0  286   38-324   158-451 (454)
     478 tr|A0A2G8KL37|A0A2G8KL37_STIJA 100.0 4.4E-43 4.6E-49  291.1   0.0  311   14-328    23-401 (439)
     479 UniRef100_A0A2B4RZ41 Adenosine 100.0 4.4E-43 4.6E-49  303.3   0.0  260   41-325    46-311 (381)
     480 UniRef100_A0A0P7U0M1 Galanin r 100.0 4.7E-43 4.8E-49  292.5   0.0  286   40-326   137-434 (475)
     481 tr|A0A2B4R9G2|A0A2B4R9G2_STYPI 100.0 4.8E-43   5E-49  298.2   0.0  282   40-324    57-347 (378)
     482 UniRef100_A0A7M7G1H5 G_PROTEIN 100.0 4.9E-43 5.1E-49  307.7   0.0  275   45-327    39-334 (381)
     483 UniRef100_A0A1D1UXI1 G_PROTEIN 100.0   5E-43 5.2E-49  298.8   0.0  310   14-326   108-429 (553)
     484 tr|A0A1D1V6H4|A0A1D1V6H4_RAMVA 100.0 5.2E-43 5.4E-49  301.2   0.0  289   38-328    56-375 (498)
     485 tr|A0A151ITZ3|A0A151ITZ3_9HYME 100.0 5.7E-43 5.9E-49  302.1   0.0  280   42-324    66-417 (481)
     486 tr|K1PQW2|K1PQW2_CRAGI Putativ 100.0 5.8E-43   6E-49  294.2   0.0  284   38-323    52-350 (437)
     487 tr|A7SMQ7|A7SMQ7_NEMVE Predict 100.0 5.8E-43   6E-49  294.0   0.0  278   42-323    10-299 (358)
     488 tr|A0A1I8N820|A0A1I8N820_MUSDO 100.0 5.9E-43 6.1E-49  312.6   0.0  274   45-323   306-634 (880)
     489 UniRef100_A0A6P8HX63 probable  100.0 5.8E-43 6.1E-49  306.1   0.0  280   40-328    54-362 (407)
     490 UniRef100_A0A0F8AVG0 Kappa-typ 100.0   6E-43 6.2E-49  297.4   0.0  279   42-322    99-384 (594)
     491 UniRef100_A0A1I8FSG9 G_PROTEIN 100.0   6E-43 6.2E-49  304.1   0.0  283   38-325   155-504 (576)
     492 tr|A0A1I8MRR4|A0A1I8MRR4_MUSDO 100.0 6.1E-43 6.3E-49  311.9   0.0  282   41-325   256-557 (819)
     493 UniRef100_A0A1S3HRK7 octopamin 100.0   6E-43 6.3E-49  306.6   0.0  277   43-325    64-349 (413)
     494 UniRef100_A0A084WCX2 AGAP00493 100.0 6.1E-43 6.4E-49  305.1   0.0  281   41-326    92-388 (474)
     495 tr|A0A096NTW4|A0A096NTW4_PAPAN 100.0 6.4E-43 6.6E-49  296.1   0.0  279   43-323   132-423 (442)
     496 tr|A0A1I8FSG9|A0A1I8FSG9_9PLAT 100.0 6.6E-43 6.8E-49  301.1   0.0  281   43-328   107-450 (550)
     497 UniRef100_A0A060XSS1 5-hydroxy 100.0 6.6E-43 6.8E-49  323.2   0.0  284   40-326   207-551 (704)
     498 UniRef100_A0A077KAM5 PQRFa pep 100.0 6.7E-43   7E-49  299.6   0.0  282   45-328   140-447 (539)
     499 UniRef100_A0A2G8KT39 Putative  100.0 6.7E-43   7E-49  303.4   0.0  280   45-329    46-343 (383)
     500 tr|A0A146NY53|A0A146NY53_FUNHE 100.0 6.8E-43   7E-49  302.8   0.0  276   44-324     7-315 (469)
     
  > Uniprot already searched, skipping.
/projects/ilfgrid/apps/alphafold-2.2.0/prep_MSAs.sh: line 93: /bin/hmmbuild: No such file or directory
/projects/ilfgrid/apps/alphafold-2.2.0/prep_MSAs.sh: line 94: /bin/hmmsearch: No such file or directory
> Running chain B
  > Uniref90 already searched, skipping.
  > Mgnify already searched, skipping.
  > Running hhblits on bfd_uniref30
- 14:23:44.791 INFO: Searching 65983866 column state sequences.

- 14:23:45.812 INFO: Searching 29291635 column state sequences.

- 14:23:45.843 INFO: ssr4_rat-2019/msas/B/chain_B.fasta is in A2M, A3M or FASTA format

- 14:23:45.843 INFO: Iteration 1

- 14:23:45.853 INFO: Prefiltering database

- 14:24:56.785 INFO: HMMs passed 1st prefilter (gapless profile-profile alignment)  : 67882

- 14:25:15.231 INFO: HMMs passed 1st prefilter (gapless profile-profile alignment)  : 90024

- 14:25:15.353 INFO: HMMs passed 2nd prefilter (gapped profile-profile alignment)   : 463

- 14:25:15.353 INFO: HMMs passed 2nd prefilter and not found in previous iterations : 463

- 14:25:15.353 INFO: Scoring 463 HMMs using HMM-HMM Viterbi alignment

- 14:25:15.411 INFO: Alternative alignment: 0

- 14:25:15.436 INFO: 463 alignments done

- 14:25:15.437 INFO: Alternative alignment: 1

- 14:25:15.458 INFO: 454 alignments done

- 14:25:15.459 INFO: Alternative alignment: 2

- 14:25:15.460 INFO: 4 alignments done

- 14:25:15.460 INFO: Alternative alignment: 3

- 14:25:15.584 INFO: Premerge done

- 14:25:15.584 INFO: Realigning 468 HMM-HMM alignments using Maximum Accuracy algorithm

- 14:25:15.685 INFO: 106 sequences belonging to 106 database HMMs found with an E-value < 0.001

- 14:25:15.685 INFO: Number of effective sequences of resulting query HMM: Neff = 6.44693

- 14:25:15.694 INFO: Iteration 2

- 14:25:15.694 INFO: Set premerge to 0! (premerge: 3 iteration: 2 hits.Size: 103)

- 14:25:15.703 INFO: Prefiltering database

- 14:26:11.097 INFO: HMMs passed 1st prefilter (gapless profile-profile alignment)  : 9166

- 14:26:27.743 INFO: HMMs passed 1st prefilter (gapless profile-profile alignment)  : 17544

- 14:26:27.782 INFO: HMMs passed 2nd prefilter (gapped profile-profile alignment)   : 132

- 14:26:27.782 INFO: HMMs passed 2nd prefilter and not found in previous iterations : 30

- 14:26:27.782 INFO: Scoring 30 HMMs using HMM-HMM Viterbi alignment

- 14:26:27.832 INFO: Alternative alignment: 0

- 14:26:27.834 INFO: 30 alignments done

- 14:26:27.834 INFO: Alternative alignment: 1

- 14:26:27.835 INFO: 25 alignments done

- 14:26:27.835 INFO: Alternative alignment: 2

- 14:26:27.835 INFO: Alternative alignment: 3

- 14:26:27.877 INFO: Realigning 27 HMM-HMM alignments using Maximum Accuracy algorithm

- 14:26:27.898 INFO: 112 sequences belonging to 112 database HMMs found with an E-value < 0.001

- 14:26:27.898 INFO: Number of effective sequences of resulting query HMM: Neff = 6.46755

- 14:26:27.902 INFO: Iteration 3

- 14:26:27.915 INFO: Prefiltering database

- 14:27:18.678 INFO: HMMs passed 1st prefilter (gapless profile-profile alignment)  : 10199

- 14:27:36.203 INFO: HMMs passed 1st prefilter (gapless profile-profile alignment)  : 19066

- 14:27:36.234 INFO: HMMs passed 2nd prefilter (gapped profile-profile alignment)   : 135

- 14:27:36.234 INFO: HMMs passed 2nd prefilter and not found in previous iterations : 27

- 14:27:36.234 INFO: Scoring 27 HMMs using HMM-HMM Viterbi alignment

- 14:27:36.273 INFO: Alternative alignment: 0

- 14:27:36.275 INFO: 27 alignments done

- 14:27:36.275 INFO: Alternative alignment: 1

- 14:27:36.276 INFO: 25 alignments done

- 14:27:36.276 INFO: Alternative alignment: 2

- 14:27:36.276 INFO: Alternative alignment: 3

- 14:27:36.292 INFO: Rescoring previously found HMMs with Viterbi algorithm

- 14:27:36.316 INFO: Alternative alignment: 0

- 14:27:36.324 INFO: 109 alignments done

- 14:27:36.324 INFO: Alternative alignment: 1

- 14:27:36.335 INFO: 109 alignments done

- 14:27:36.335 INFO: Alternative alignment: 2

- 14:27:36.335 INFO: 1 alignments done

- 14:27:36.335 INFO: Alternative alignment: 3

- 14:27:36.370 INFO: Premerge done

- 14:27:36.370 INFO: Realigning 136 HMM-HMM alignments using Maximum Accuracy algorithm

- 14:27:36.405 INFO: 113 sequences belonging to 113 database HMMs found with an E-value < 0.001

- 14:27:36.405 INFO: Number of effective sequences of resulting query HMM: Neff = 6.4708

     Query         SRIF-14 gtp:2019
     Match_columns 14
     No_of_seqs    97 out of 908
     Neff          6.4708
     Searched_HMMs 469
     Date          Thu Mar  9 14:27:36 2023
     Command       hhblits -i ssr4_rat-2019/msas/B/chain_B.fasta -cpu 4 -maxmem 20 -oa3m /projects/ilfgrid/people/nqz918/code/deorph/scripts/af_arman/af_jobs_af23/ssr4_rat/2019//ssr4_rat-2019/msas/B/bfd_uniref_hits.a3m -o /dev/null -n 3 -e 0.001 -maxseq 1000000 -realign_max 100000 -maxfilt 100000 -min_prefilter_hits 1000 -d /projects/ilfgrid/data/alphafold-genetic-databases///bfd/bfd_metaclust_clu_complete_id30_c90_final_seq.sorted_opt -d /projects/ilfgrid/data/alphafold-genetic-databases///uniref30/UniRef30_2021_03 
     
      No Hit                             Prob E-value P-value  Score    SS Cols Query HMM  Template HMM
       1 UniRef100_P61298 Somatostatin-  99.1 9.8E-13   1E-18   41.8   0.0   14    1-14      1-14  (14)
       2 UniRef100_A0A060WSN3 Somatosta  98.9   9E-12 1.2E-17   56.4   0.0   14    1-14    114-127 (151)
       3 UniRef100_A0A2I4D0V6 somatosta  98.9 1.1E-11 1.3E-17   55.4   0.0   14    1-14    115-128 (128)
       4 tr|A0A146ZVT9|A0A146ZVT9_FUNHE  98.9   1E-11 1.4E-17   57.9   0.0   14    1-14    199-212 (212)
       5 UniRef100_P19209 Somatostatin   98.9 1.8E-11   2E-17   46.0   0.0   14    1-14     22-35  (35)
       6 UniRef100_A0A060X6K9 Somatosta  98.9 2.8E-11 3.7E-17   54.5   0.0   14    1-14    114-127 (139)
       7 tr|A0A0N8JY49|A0A0N8JY49_9TELE  98.8 5.5E-11 6.8E-17   56.8   0.0   14    1-14    228-241 (241)
       8 UniRef100_A0A141RAR9 Somatosta  98.7 1.5E-10 1.6E-16   49.0   0.0   14    1-14     65-78  (78)
       9 UniRef100_A0A2I4D1W7 LOW QUALI  98.7 1.4E-10 1.8E-16   54.4   0.0   14    1-14    180-193 (198)
      10 UniRef100_P81029 Somatostatin-  98.7 1.8E-10   2E-16   41.9   0.0   14    1-14     15-28  (28)
      11 UniRef100_A0A226NAA4 Somatosta  98.7 2.8E-10 3.1E-16   50.7   0.0   14    1-14    105-118 (118)
      12 UniRef100_A0A3Q2VW15 Somatosta  98.7 3.1E-10 3.7E-16   50.6   0.0   14    1-14    106-119 (119)
      13 UniRef100_A0A087XFN1 Somatosta  98.6   4E-10 5.2E-16   52.2   0.0   14    1-14    131-144 (172)
      14 UniRef100_A0A3B3INN6 Somatosta  98.6 5.2E-10 5.8E-16   48.4   0.0   14    1-14     77-90  (90)
      15 UniRef100_A0A091GBD6 Somatosta  98.6 7.1E-10 7.8E-16   49.7   0.0   14    1-14    109-122 (122)
      16 UniRef100_A0A087QL45 Somatosta  98.6   7E-10 8.2E-16   49.9   0.0   14    1-14    110-123 (124)
      17 UniRef100_UPI0003C10D91 somato  98.6 7.4E-10 8.3E-16   49.7   0.0   14    1-14    110-123 (123)
      18 UniRef100_A0A060W609 Somatosta  98.5 1.3E-09 1.6E-15   50.2   0.0   14    1-14    140-153 (155)
      19 UniRef100_A0A444UQP3 Somatosta  98.5 1.9E-09 1.9E-15   43.0   0.0   14    1-14     37-50  (50)
      20 UniRef100_A0A402E7E0 Somatosta  98.4 3.7E-09 4.1E-15   48.6   0.0   14    1-14    134-147 (147)
      21 UniRef100_A0A3B3ZLM2 Somatosta  98.4 5.5E-09 5.9E-15   46.0   0.0   14    1-14     89-102 (102)
      22 UniRef100_A0A665V8K9 Somatosta  98.4 6.7E-09 7.4E-15   48.6   0.0   14    1-14    159-172 (172)
      23 UniRef100_A0A3Q2Q5F7 Somatosta  98.4 8.2E-09 8.8E-15   45.9   0.0   14    1-14     96-109 (109)
      24 UniRef100_A0A091VE35 Somatosta  98.3 1.1E-08 1.2E-14   43.5   0.0   14    1-14     63-76  (76)
      25 tr|A0A146NV23|A0A146NV23_FUNHE  98.3 1.3E-08 1.4E-14   49.4   0.0   14    1-14    236-249 (249)
      26 tr|M4AJ16|M4AJ16_XIPMA Unchara  98.3 1.4E-08 1.6E-14   48.1   0.0   14    1-14    174-187 (187)
      27 UniRef100_A0A672GJY0 Somatosta  98.3 1.8E-08 1.9E-14   45.3   0.0   14    1-14    107-120 (120)
      28 tr|A0A0N8JVD0|A0A0N8JVD0_9TELE  98.3 2.4E-08 2.6E-14   50.5   0.0   14    1-14    378-391 (391)
      29 UniRef100_A0A3Q7Y4J1 LOW QUALI  98.2 2.9E-08 3.2E-14   46.2   0.0   14    1-14    140-153 (154)
      30 UniRef100_UPI00053CBDA5 somato  98.2 3.2E-08 3.3E-14   46.3   0.0   14    1-14    154-167 (167)
      31 UniRef100_A0A0N8JY49 Preprosom  98.2 3.4E-08 3.7E-14   47.9   0.0   14    1-14    228-241 (241)
      32 UniRef100_UPI0018646E67 somato  98.2 5.3E-08 5.4E-14   44.8   0.0   14    1-14    132-145 (145)
      33 UniRef100_A0A674PCY3 Somatosta  98.2 5.3E-08 5.5E-14   43.5   0.0   14    1-14     99-112 (112)
      34 UniRef100_A0A060WU09 Somatosta  98.2 5.6E-08 5.7E-14   39.8   0.0   14    1-14     43-56  (56)
      35 UniRef100_A0A1B3IK53 Somatosta  98.1 7.7E-08 7.9E-14   44.6   0.0   14    1-14    141-154 (154)
      36 UniRef100_A0A0M4IUL0 Somatosta  98.1 6.5E-08 8.1E-14   44.3   0.0   14    1-14    119-132 (132)
      37 UniRef100_UPI0015AC43CE somato  98.1 8.4E-08 8.7E-14   44.1   0.0   14    1-14    130-143 (143)
      38 tr|A0A1U7U334|A0A1U7U334_TARSY  98.1 7.6E-08 8.8E-14   45.1   0.0   13    2-14    147-159 (160)
      39 UniRef100_P09876 Somatostatin-  98.1 9.4E-08 9.8E-14   40.7   0.0   14    1-14     61-74  (74)
      40 UniRef100_UPI00117626D9 somato  98.1 9.9E-08   1E-13   44.3   0.0   14    1-14    141-154 (154)
      41 UniRef100_UPI0003B68635 somato  98.1 1.1E-07 1.1E-13   43.9   0.0   14    1-14    133-146 (146)
      42 UniRef100_A0A5C6PEM7 Somatosta  98.1 1.1E-07 1.1E-13   44.4   0.0   14    1-14    149-162 (162)
      43 UniRef100_A0A087WT10 Centromer  98.1 1.2E-07 1.3E-13   45.2   0.0   14    1-14    171-184 (185)
      44 UniRef100_UPI001016DDBD somato  98.1 1.3E-07 1.3E-13   45.5   0.0   14    1-14    196-209 (209)
      45 UniRef100_A0A1B3IKD4 Somatosta  98.1 1.3E-07 1.3E-13   43.7   0.0   14    1-14    135-148 (148)
      46 UniRef100_A0A1L8G9W6 Somatosta  98.1 1.4E-07 1.4E-13   43.9   0.0   14    1-14    144-157 (157)
      47 UniRef100_A0A672JY70 Somatosta  98.0 1.6E-07 1.7E-13   41.4   0.0   14    1-14     83-96  (96)
      48 UniRef100_UPI00188791FC somato  98.0 1.7E-07 1.7E-13   44.3   0.0   14    1-14    168-181 (181)
      49 UniRef100_UPI0003C116E5 somato  98.0 1.7E-07 1.8E-13   40.8   0.0   14    1-14     75-88  (88)
      50 UniRef100_A0A2U3Z4T3 cortistat  98.0 2.1E-07 2.3E-13   40.0   0.0   14    1-14     61-74  (75)
      51 UniRef100_A0A2D0SI52 somatosta  98.0 2.1E-07 2.4E-13   42.6   0.0   14    1-14    110-123 (126)
      52 UniRef100_A0A3Q4BCM8 Somatosta  98.0 2.3E-07 2.4E-13   41.6   0.0   14    1-14     98-111 (111)
      53 tr|G5C529|G5C529_HETGA Centrom  98.0   2E-07 2.5E-13   45.9   0.0   14    1-14    242-255 (256)
      54 UniRef100_A0A3P8TK19 Cortistat  98.0 2.7E-07 2.9E-13   45.0   0.0   14    1-14    222-235 (235)
      55 tr|A0A212CJG2|A0A212CJG2_CEREH  98.0 2.7E-07 2.9E-13   45.8   0.0   14    1-14    274-287 (287)
      56 UniRef100_UPI0003C4C3BE somato  97.9   3E-07 3.1E-13   42.3   0.0   14    1-14    125-138 (138)
      57 ERR1712168_858629               97.9 2.9E-07 3.3E-13   42.5   0.0   14    1-14    122-135 (136)
      58 UniRef100_UPI0006B07F75 somato  97.9 3.8E-07 3.9E-13   41.4   0.0   14    1-14    109-122 (122)
      59 UniRef100_A0A6F9CFX3 Somatosta  97.9 5.4E-07 5.6E-13   39.9   0.0   14    1-14     84-97  (97)
      60 tr|A0A2D0SI52|A0A2D0SI52_ICTPU  97.9 5.3E-07 6.2E-13   41.1   0.0   14    1-14    105-118 (118)
      61 UniRef100_UPI0011CF1945 somato  97.8   8E-07 8.2E-13   42.0   0.0   14    1-14    156-169 (169)
      62 tr|G3IHY3|G3IHY3_CRIGR Cortist  97.8 7.9E-07 8.5E-13   40.2   0.0   13    2-14     97-109 (110)
      63 UniRef100_A0A553NM23 Somatosta  97.8 8.4E-07 8.7E-13   42.5   0.0   14    1-14    182-195 (195)
      64 UniRef100_A0A674KAB8 Somatosta  97.8 8.9E-07 9.4E-13   41.0   0.0   14    1-14    124-137 (137)
      65 UniRef100_A0A4W5L1S9 Somatosta  97.8 9.9E-07   1E-12   40.3   0.0   14    1-14    110-123 (123)
      66 UniRef100_A0A3Q2XKD9 Somatosta  97.8 1.2E-06 1.2E-12   40.2   0.0   14    1-14    114-127 (127)
      67 UniRef100_A0A3B3Z827 Somatosta  97.8 1.1E-06 1.2E-12   40.3   0.0   14    1-14    111-124 (124)
      68 UniRef100_A0A212CJG2 RTP2 n=2   97.8 1.2E-06 1.3E-12   43.5   0.0   14    1-14    274-287 (287)
      69 UniRef100_A0A0N8JVD0 Somatosta  97.8 1.2E-06 1.3E-12   44.6   0.0   14    1-14    378-391 (391)
      70 UniRef100_A0A4Z2HSG6 Somatosta  97.7 1.5E-06 1.5E-12   40.2   0.0   13    1-13     91-103 (136)
      71 UniRef100_V8N3Q0 Somatostatin   97.7 1.7E-06 1.8E-12   42.8   0.0   14    1-14    255-268 (268)
      72 UniRef100_UPI0011CFB20C LOW QU  97.7 1.9E-06   2E-12   41.5   0.0   14    1-14    185-198 (198)
      73 UniRef100_A0A0Q3LZK1 PABS doma  97.7 1.9E-06   2E-12   44.9   0.0   14    1-14    444-457 (457)
      74 UniRef100_A0A0M5KFL1 Somatosta  97.7   2E-06 2.4E-12   39.5   0.0   14    1-14    108-121 (121)
      75 tr|M7BZX2|M7BZX2_CHEMY B-cell   97.7 2.3E-06 2.4E-12   46.2   0.0   14    1-14    792-805 (805)
      76 UniRef100_A0A315VZZ0 Somatosta  97.6 2.5E-06 2.6E-12   43.8   0.0   14    1-14    381-394 (409)
      77 tr|A0A146U6Q8|A0A146U6Q8_FUNHE  97.6 2.7E-06 3.1E-12   39.0   0.0   14    1-14    103-116 (116)
      78 UniRef100_UPI0018A0B526 somato  97.6 3.1E-06 3.2E-12   41.7   0.0   14    1-14    235-248 (248)
      79 UniRef100_A0A674PF47 Somatosta  97.6 3.1E-06 3.2E-12   42.7   0.0   14    1-14    313-326 (326)
      80 UniRef100_A0A4U1FM09 Somatosta  97.6 3.7E-06 3.9E-12   36.4   0.0   14    1-14     63-76  (77)
      81 UniRef100_UPI000F602145 LOW QU  97.6   4E-06 4.1E-12   39.5   0.0   13    1-13    109-121 (156)
      82 UniRef100_A0A3B4DB20 Somatosta  97.6 4.3E-06 4.6E-12   38.3   0.0   14    1-14    102-115 (115)
      83 UniRef100_A0A3Q1G6L4 Somatosta  97.6 4.6E-06 4.7E-12   41.3   0.0   14    1-14    241-254 (254)
      84 UniRef100_A0A091DMT4 Centromer  97.5 4.4E-06   5E-12   40.2   0.0   14    1-14    152-165 (177)
      85 UniRef100_A0A3B1J5E5 Somatosta  97.5 5.7E-06 5.9E-12   37.0   0.0   14    1-14     84-97  (97)
      86 tr|G1RE55|G1RE55_NOMLE CENPS-C  97.4 9.4E-06   1E-11   40.4   0.0   13    2-14    231-243 (244)
      87 UniRef100_A0A670J145 Somatosta  97.4 1.1E-05 1.3E-11   37.9   0.0   14    1-14    120-133 (140)
      88 UniRef100_UPI0004D079D7 LOW QU  97.4 1.4E-05 1.4E-11   40.5   0.0   13    2-14    300-312 (313)
      89 UniRef100_UPI001A9873BE unchar  97.4 1.4E-05 1.4E-11   39.2   0.0   14    1-14    207-220 (220)
      90 UniRef100_A0A6I9L247 Centromer  97.4 1.4E-05 1.4E-11   39.0   0.0   13    2-14    188-200 (201)
      91 UniRef100_A0A6P7WU98 somatosta  97.3   2E-05 2.1E-11   36.2   0.0   13    2-14    101-113 (113)
      92 UniRef100_A0A5C6PFK2 Somatosta  97.3 2.4E-05 2.5E-11   35.0   0.0   14    1-14     80-93  (93)
      93 UniRef100_A0A2U4AZK3 cortistat  97.3 2.5E-05 2.6E-11   35.6   0.0   14    1-14     95-108 (109)
      94 UniRef100_UPI00145A5038 somato  97.1 5.9E-05   6E-11   35.8   0.0   14    1-14    136-149 (149)
      95 UniRef100_A0A1S3QZP5 somatosta  97.1 6.1E-05 6.4E-11   34.7   0.0   14    1-14     99-112 (112)
      96 UniRef100_UPI0015AEF9F7 unchar  97.1 6.8E-05   7E-11   38.9   0.0   14    1-14    361-374 (374)
      97 UniRef100_A0A672ZYU3 Somatosta  97.1 6.8E-05   7E-11   34.2   0.0   13    1-13     87-99  (105)
      98 UniRef100_A0A3Q2CNM4 Uncharact  97.0 8.4E-05 8.7E-11   32.9   0.0   13    2-14     70-82  (82)
      99 UniRef100_A0A444UK16 Somatosta  97.0 9.9E-05   1E-10   35.2   0.0   14    1-14    140-153 (153)
     100 UniRef100_A0A6M8VAU7 Somatosta  97.0 0.00011 1.1E-10   24.8   0.0   11    2-12      2-12  (15)
     101 UniRef100_A0A315V7L0 Somatosta  96.9 0.00013 1.3E-10   36.7   0.0   12    1-12    111-122 (247)
     102 UniRef100_A0A485NEF6 Centromer  96.9 0.00015 1.6E-10   36.8   0.0   14    1-14    244-257 (258)
     103 UniRef100_A0A061IDI5 Exosome c  96.9 0.00015 1.7E-10   41.8   0.0   14    1-14   1408-1421(1421)
     104 UniRef100_A0A0Q3LZJ2 Non-speci  96.8 0.00022 2.3E-10   42.3   0.0   14    1-14   2412-2425(2425)
     105 UniRef100_A0A6F9CIM6 Collagen   96.6 0.00059   6E-10   39.7   0.0   14    1-14   1589-1602(1602)
     106 UniRef100_A0A3Q3JKK6 Uncharact  96.5 0.00085 9.3E-10   33.2   0.0   14    1-14    166-179 (179)
     107 UniRef100_UPI0009A43912 somato  96.4  0.0011 1.1E-09   31.8   0.0   13    2-14    126-138 (138)
     108 UniRef100_UPI001402F94C somato  96.4  0.0012 1.2E-09   32.2   0.0   13    2-14    147-159 (159)
     109 UniRef100_A0A060X4J9 Collagen   96.3  0.0014 1.4E-09   34.5   0.0   14    1-14    339-352 (352)
     110 UniRef100_A0A4W4FGG0 Uncharact  96.3  0.0014 1.5E-09   30.5   0.0   14    1-14     95-108 (108)
     111 tr|Q9DDE4|Q9DDE4_DANRE Somatos  96.3  0.0015 1.6E-09   30.6   0.0   14    1-14     94-107 (107)
     112 UniRef100_A0A0F8AS65 Somatosta  96.0  0.0043 4.6E-09   30.3   0.0   14    1-14    109-122 (147)
     113 UniRef100_A0A023GPD3 Putative   95.7  0.0059 8.4E-09   37.3   0.0   14    1-14   2042-2055(2059)
     114 UniRef100_A0A3D2DIJ7 Somatosta  95.6   0.011 1.2E-08   23.7   0.0   10    2-11     21-30  (35)
     115 UniRef100_A0A6A4S9R0 Collagen   95.2   0.027 2.7E-08   33.6   0.0   14    1-14   1238-1251(1304)
     116 UniRef100_A0A1I8FKI6 Uncharact  95.2   0.028 2.9E-08   23.7   0.0    9    2-10     30-38  (46)
     117 UniRef100_X1R9C7 Uncharacteriz  94.8   0.047 4.9E-08   21.6   0.0   11    3-13      5-15  (30)
     118 UniRef100_A0A1S0TFI6 Uncharact  93.9    0.16 1.6E-07   23.0   0.0   12    1-12     41-52  (66)
     119 UniRef100_A0A2P2N9Y1 Uncharact  93.8    0.16 1.7E-07   22.0   0.0   10    3-12     36-45  (49)
     120 UniRef100_A0A284S9T7 Uncharact  93.8    0.17 1.7E-07   26.4   0.0   12    2-13     70-81  (207)
     121 UniRef100_A0A199UBM7 Uncharact  93.8    0.17 1.7E-07   21.9   0.0   10    1-10     22-31  (49)
     122 UniRef100_A0A6G0UFM7 Uncharact  93.6     0.2 2.1E-07   27.7   0.0   10    1-10    271-280 (367)
     123 UniRef100_A0A1J1I5Y0 CLUMA_CG0  93.6    0.21 2.1E-07   22.4   0.0   10    1-10     16-25  (61)
     124 UniRef100_A0A0A9L550 Uncharact  93.4    0.25 2.6E-07   22.7   0.0    9    1-9      62-70  (71)
     125 UniRef100_A0A1U7LSL2 Uncharact  92.9    0.37 3.8E-07   25.2   0.0   12    1-12    150-161 (191)
     126 UniRef100_UPI000948A9FA hypoth  92.8    0.37 3.8E-07   22.9   0.0   12    2-13     45-56  (89)
     127 UniRef100_A0A0E9VEH3 Uncharact  91.8    0.72 7.4E-07   21.1   0.0    9    4-12     42-50  (63)
     128 UniRef100_Q6ANX2 Uncharacteriz  91.4    0.88   9E-07   24.1   0.0   12    1-12    131-142 (198)
     129 UniRef100_A0A0A9E7B0 Uncharact  91.0     1.1 1.1E-06   20.6   0.0   11    1-11      8-18  (63)
     130 UniRef100_A0A7J7H1P9 Germin-li  90.7     1.2 1.3E-06   24.6   0.0   13    1-13    223-235 (285)
     131 UniRef100_A0A3E0KBE9 Cu_amine_  90.2     1.5 1.5E-06   25.6   0.0   14    1-14     31-44  (481)
     132 UniRef100_A0A146L8T7 Uncharact  88.1       3   3E-06   21.0   0.0   13    1-13     91-103 (111)
     133 UniRef100_A0A0U5IB67 Uncharact  88.1       3 3.1E-06   20.3   0.0   11    2-12     41-51  (86)
     134 UniRef100_A0A7S4C421 Hypotheti  86.6     4.3 4.5E-06   20.8   0.0   13    1-13     41-53  (123)
     135 UniRef100_A0A7S0XII1 Hypotheti  71.4      35 3.6E-05   17.9   0.0   13    1-13     40-52  (111)
     136 UniRef100_A0A4W4FGG0 Uncharact  21.1   1E+03   0.001   13.6   0.0    9    5-13     28-36  (108)
     
  > Uniprot already searched, skipping.
/projects/ilfgrid/apps/alphafold-2.2.0/prep_MSAs.sh: line 93: /bin/hmmbuild: No such file or directory
/projects/ilfgrid/apps/alphafold-2.2.0/prep_MSAs.sh: line 94: /bin/hmmsearch: No such file or directory

>> Job finished at: Thu Mar  9 14:27:42 CET 2023

>> Runtime: 983 s
