>> Job started at: Thu Feb 23 12:55:42 CET 2023
   On Machine:     ilfgridgpun01fl.unicph.domain
   In directory:   /projects/ilfgrid/people/nqz918/code/deorph/scripts/af_arman/af_jobs_af23/mc3r_human/1333

>> GPU is 

> Running 'prep_MSAs.sh'
  > Alphafold-DB directory is set to /projects/ilfgrid/data/alphafold-genetic-databases//
  > Number of cores was set to set to 2
  > Max memory set to 20 GB
  > Output directory was set to /projects/ilfgrid/people/nqz918/code/deorph/scripts/af_arman/af_jobs_af23/mc3r_human/1333/
  > Input fastafile was set to /projects/ilfgrid/people/nqz918/code/deorph/scripts/af_arman/af_jobs_af23/mc3r_human/1333/mc3r_human-1333.fasta
> Splitting fastafile
> Running chain A
  > Uniref90 already searched, skipping.
  > Mgnify already searched, skipping.
  > Running hhblits on bfd_uniref30
- 12:56:07.723 INFO: Searching 65983866 column state sequences.

- 12:56:10.319 INFO: Searching 29291635 column state sequences.

- 12:56:10.360 INFO: mc3r_human-1333/msas/A/chain_A.fasta is in A2M, A3M or FASTA format

- 12:56:10.361 INFO: Iteration 1

- 12:56:10.543 INFO: Prefiltering database

- 12:58:24.966 INFO: HMMs passed 1st prefilter (gapless profile-profile alignment)  : 1760635

- 12:59:35.262 INFO: HMMs passed 1st prefilter (gapless profile-profile alignment)  : 817362

- 12:59:39.122 INFO: HMMs passed 2nd prefilter (gapped profile-profile alignment)   : 27072

- 12:59:39.122 INFO: HMMs passed 2nd prefilter and not found in previous iterations : 27072

- 12:59:39.122 INFO: Scoring 27072 HMMs using HMM-HMM Viterbi alignment

- 12:59:39.155 INFO: Alternative alignment: 0

- 12:59:40.554 INFO: 2000 alignments done

- 13:00:41.497 INFO: 4000 alignments done

- 13:02:15.650 INFO: 6000 alignments done

- 13:03:53.261 INFO: 8000 alignments done

- 13:06:13.027 INFO: 10000 alignments done

- 13:07:58.527 INFO: 12000 alignments done

- 13:08:36.651 INFO: 14000 alignments done

- 13:09:11.514 INFO: 16000 alignments done

- 13:10:11.240 INFO: 18000 alignments done

- 13:11:50.078 INFO: 20000 alignments done

- 13:13:12.015 INFO: 22000 alignments done

- 13:14:10.852 INFO: 24000 alignments done

- 13:15:26.521 INFO: 26000 alignments done

- 13:16:18.230 INFO: 27072 alignments done

- 13:16:18.235 INFO: Alternative alignment: 1

- 13:21:48.542 INFO: 27035 alignments done

- 13:21:48.627 INFO: Alternative alignment: 2

- 13:23:21.797 INFO: 6992 alignments done

- 13:23:21.811 INFO: Alternative alignment: 3

- 13:23:23.779 INFO: 1147 alignments done

- 13:23:25.047 INFO: Premerge done

- 13:23:25.049 INFO: Realigning 10255 HMM-HMM alignments using Maximum Accuracy algorithm

- 13:33:06.958 INFO: 10258 sequences belonging to 10258 database HMMs found with an E-value < 0.001

- 13:33:06.958 INFO: Number of effective sequences of resulting query HMM: Neff = 10.9579

- 13:33:07.197 INFO: Iteration 2

- 13:33:07.197 INFO: Set premerge to 0! (premerge: 3 iteration: 2 hits.Size: 10255)

- 13:33:07.466 INFO: Prefiltering database

- 13:43:47.956 INFO: HMMs passed 1st prefilter (gapless profile-profile alignment)  : 5325166

- 13:45:16.202 INFO: HMMs passed 1st prefilter (gapless profile-profile alignment)  : 2889553

- 13:45:39.299 INFO: HMMs passed 2nd prefilter (gapped profile-profile alignment)   : 90331

- 13:45:39.299 INFO: HMMs passed 2nd prefilter and not found in previous iterations : 80428

- 13:45:39.299 INFO: Scoring 80428 HMMs using HMM-HMM Viterbi alignment

- 13:45:39.340 INFO: Alternative alignment: 0

- 13:47:46.619 INFO: 2000 alignments done

- 13:50:25.496 INFO: 4000 alignments done

- 13:53:15.174 INFO: 6000 alignments done

- 13:55:55.265 INFO: 8000 alignments done

- 13:57:51.698 INFO: 10000 alignments done

- 13:59:23.345 INFO: 12000 alignments done

- 14:01:03.504 INFO: 14000 alignments done

- 14:03:04.834 INFO: 16000 alignments done

- 14:04:51.292 INFO: 18000 alignments done

- 14:07:02.024 INFO: 20000 alignments done

- 14:07:02.030 INFO: Stop after DB-HHM: 20000 because early stop  16.6412 < filter cutoff 20

- 14:07:02.030 INFO: Alternative alignment: 1

- 14:12:07.301 INFO: 8426 alignments done

- 14:12:07.314 INFO: Alternative alignment: 2

- 14:12:43.618 INFO: 629 alignments done

- 14:12:43.619 INFO: Alternative alignment: 3

- 14:12:43.858 INFO: 94 alignments done

- 14:12:44.069 INFO: Realigning 4878 HMM-HMM alignments using Maximum Accuracy algorithm

- 14:22:00.766 INFO: 15135 sequences belonging to 15135 database HMMs found with an E-value < 0.001

- 14:22:00.766 INFO: Number of effective sequences of resulting query HMM: Neff = 11.213

- 14:22:00.894 INFO: Iteration 3

- 14:22:01.119 INFO: Prefiltering database

- 14:30:19.863 INFO: HMMs passed 1st prefilter (gapless profile-profile alignment)  : 4801257

- 14:33:49.794 INFO: HMMs passed 1st prefilter (gapless profile-profile alignment)  : 2499015

- 14:34:33.227 INFO: HMMs passed 2nd prefilter (gapped profile-profile alignment)   : 83023

- 14:34:33.227 INFO: HMMs passed 2nd prefilter and not found in previous iterations : 68311

- 14:34:33.227 INFO: Scoring 68311 HMMs using HMM-HMM Viterbi alignment

- 14:34:33.254 INFO: Alternative alignment: 0

- 14:37:09.643 INFO: 2000 alignments done

- 14:39:56.772 INFO: 4000 alignments done

- 14:42:23.128 INFO: 6000 alignments done

- 14:44:54.728 INFO: 8000 alignments done

- 14:48:10.558 INFO: 10000 alignments done

- 14:50:40.025 INFO: 12000 alignments done

- 14:54:46.550 INFO: 14000 alignments done

- 14:57:11.786 INFO: 16000 alignments done

- 14:57:11.791 INFO: Stop after DB-HHM: 16000 because early stop  8.09033 < filter cutoff 20

- 14:57:11.791 INFO: Alternative alignment: 1

- 15:04:07.349 INFO: 4489 alignments done

- 15:04:07.388 INFO: Alternative alignment: 2

- 15:04:52.925 INFO: 438 alignments done

- 15:04:52.926 INFO: Alternative alignment: 3

- 15:05:01.740 INFO: 77 alignments done

- 15:05:01.909 INFO: Rescoring previously found HMMs with Viterbi algorithm

- 15:05:01.958 INFO: Alternative alignment: 0

- 15:10:37.460 INFO: 2000 alignments done

- 15:14:11.058 INFO: 4000 alignments done

- 15:18:22.750 INFO: 6000 alignments done

- 15:26:54.476 INFO: 8000 alignments done

- 15:30:26.279 INFO: 10000 alignments done

- 15:33:52.548 INFO: 12000 alignments done

- 15:36:54.522 INFO: 14000 alignments done

- 15:43:39.367 INFO: 14712 alignments done

- 15:43:39.371 INFO: Alternative alignment: 1

- 15:52:04.792 INFO: 14712 alignments done

- 15:52:04.867 INFO: Alternative alignment: 2

- 15:53:39.812 INFO: 1178 alignments done

- 15:53:39.816 INFO: Alternative alignment: 3

- 15:54:01.736 INFO: 218 alignments done

- 15:54:02.252 INFO: Premerge done

- 15:54:02.261 INFO: Realigning 15632 HMM-HMM alignments using Maximum Accuracy algorithm

- 16:34:37.195 INFO: 15725 sequences belonging to 15725 database HMMs found with an E-value < 0.001

- 16:34:37.195 INFO: Number of effective sequences of resulting query HMM: Neff = 11.4384

     Query         mc3r_human P41968
     Match_columns 323
     No_of_seqs    1433 out of 232014
     Neff          11.4384
     Searched_HMMs 95271
     Date          Thu Feb 23 16:34:37 2023
     Command       hhblits -i mc3r_human-1333/msas/A/chain_A.fasta -cpu 2 -maxmem 20 -oa3m /projects/ilfgrid/people/nqz918/code/deorph/scripts/af_arman/af_jobs_af23/mc3r_human/1333//mc3r_human-1333/msas/A/bfd_uniref_hits.a3m -o /dev/null -n 3 -e 0.001 -maxseq 1000000 -realign_max 100000 -maxfilt 100000 -min_prefilter_hits 1000 -d /projects/ilfgrid/data/alphafold-genetic-databases///bfd/bfd_metaclust_clu_complete_id30_c90_final_seq.sorted_opt -d /projects/ilfgrid/data/alphafold-genetic-databases///uniref30/UniRef30_2021_03 
     
      No Hit                             Prob E-value P-value  Score    SS Cols Query HMM  Template HMM
       1 tr|A0A1V4J8L8|A0A1V4J8L8_PATFA 100.0   4E-49 4.1E-55  307.7   0.0  314    1-318    66-379 (390)
       2 UniRef100_A0A060VSP8 5-hydroxy 100.0 6.5E-49 6.7E-55  325.2   0.0  269   43-320    92-417 (479)
       3 UniRef100_A0A060X5Z5 G_PROTEIN 100.0 2.7E-48 2.8E-54  325.6   0.0  264   45-318    90-384 (522)
       4 UniRef100_A0A2B4S7K2 Histamine 100.0 3.3E-48 3.3E-54  317.4   0.0  274   37-320    31-329 (369)
       5 UniRef100_A0A060VUW6 G_PROTEIN 100.0 2.5E-47 2.6E-53  329.3   0.0  271   40-319   119-440 (574)
       6 UniRef100_A0A1S3HKE5 allatosta 100.0 4.4E-47 4.5E-53  316.3   0.0  271   38-318    82-375 (462)
       7 UniRef100_A0A369RW72 Octopamin 100.0 6.6E-47 6.6E-53  317.0   0.0  273   40-321    56-366 (412)
       8 UniRef100_A0A061A7W5 G_PROTEIN 100.0 1.1E-46 1.1E-52  312.6   0.0  271   41-319    64-359 (473)
       9 tr|A0A0P7U387|A0A0P7U387_9TELE 100.0 1.3E-46 1.3E-52  307.2   0.0  267   39-320   129-417 (556)
      10 tr|A0A1I8M930|A0A1I8M930_MUSDO 100.0 1.8E-46 1.8E-52  327.6   0.0  269   42-318   192-578 (963)
      11 UniRef100_A0A059TX13 Melanocyt 100.0 1.9E-46 1.9E-52  309.3   0.0  280   35-316   135-414 (498)
      12 UniRef100_A0A6P4Z4S7 G-protein 100.0 2.2E-46 2.3E-52  314.5   0.0  275   39-321    60-354 (417)
      13 UniRef100_A0A026X3T6 Allatosta 100.0 2.3E-46 2.3E-52  312.5   0.0  271   38-321   139-428 (540)
      14 UniRef100_A0A024FLF0 PQRFa pep 100.0 2.6E-46 2.7E-52  312.3   0.0  269   41-318    52-346 (413)
      15 UniRef100_A0A2B4S7A4 Alpha-1A  100.0 4.4E-46 4.5E-52  301.5   0.0  297   10-317     5-308 (392)
      16 tr|G5C090|G5C090_HETGA Melanoc 100.0 4.7E-46 4.8E-52  292.1   0.0  284   33-318    31-314 (394)
      17 UniRef100_A0A2B4SVC4 Dopamine  100.0 6.1E-46 6.2E-52  300.4   0.0  266   44-317    61-329 (397)
      18 tr|A0A1A6H0R7|A0A1A6H0R7_NEOLE 100.0 1.1E-45 1.1E-51  284.3   0.0  316    1-319     3-324 (369)
      19 UniRef100_A0A2B4SKI0 Tachykini 100.0 1.2E-45 1.2E-51  314.6   0.0  274   40-318    93-390 (469)
      20 tr|M3ZFE6|M3ZFE6_XIPMA Somatos 100.0 1.2E-45 1.2E-51  299.8   0.0  268   39-321   105-392 (525)
      21 UniRef100_A0A0K0PUR1 Orphan G- 100.0 1.5E-45 1.5E-51  310.2   0.0  264   42-314   118-407 (530)
      22 tr|E0D358|E0D358_HEMPU Dopamin 100.0   2E-45   2E-51  297.0   0.0  271   40-320    26-330 (435)
      23 UniRef100_A0A060X1Q6 Somatosta 100.0   2E-45 2.1E-51  311.4   0.0  265   39-318   140-424 (604)
      24 UniRef100_A0A023F675 Putative  100.0 2.1E-45 2.1E-51  312.2   0.0  268   40-319   128-420 (530)
      25 UniRef100_A0A141CIT8 G protein 100.0 2.2E-45 2.3E-51  303.2   0.0  268   42-319    90-377 (488)
      26 UniRef100_A0A026WTK8 Tachykini 100.0 2.6E-45 2.7E-51  306.5   0.0  268   41-319    92-389 (556)
      27 UniRef100_A0A6P4XD29 neuropept 100.0 2.8E-45 2.8E-51  295.4   0.0  267   42-316    45-340 (385)
      28 UniRef100_A0A6P4Y4T1 galanin r 100.0 3.6E-45 3.7E-51  296.7   0.0  274   38-321    58-354 (410)
      29 UniRef100_A0A1V9XU68 Tyramine/ 100.0 3.6E-45 3.7E-51  297.9   0.0  270   43-321    57-356 (408)
      30 UniRef100_A0A026WW28 Neuropept 100.0 4.3E-45 4.4E-51  308.1   0.0  271   41-319    91-381 (552)
      31 UniRef100_A0A044T5H8 G_PROTEIN 100.0 5.1E-45 5.2E-51  308.5   0.0  275   42-322   249-572 (693)
      32 UniRef100_A0A154PKR3 Tachykini 100.0 6.9E-45   7E-51  300.3   0.0  268   40-318    78-374 (457)
      33 UniRef100_A0A1S3KA35 Alpha-1B  100.0   7E-45 7.1E-51  304.3   0.0  273   41-321    92-422 (551)
      34 UniRef100_A0A3M6TAE6 G_PROTEIN 100.0 8.2E-45 8.4E-51  297.3   0.0  273   40-319    93-369 (443)
      35 UniRef100_A0A1N7TCF1 Galanin r 100.0 9.4E-45 9.5E-51  294.6   0.0  269   39-321    72-363 (407)
      36 tr|A7SD89|A7SD89_NEMVE Predict 100.0 1.3E-44 1.3E-50  280.4   0.0  271   41-321    40-333 (355)
      37 UniRef100_A0A060W5Z4 G_PROTEIN 100.0 1.4E-44 1.4E-50  303.6   0.0  263   39-320   191-476 (593)
      38 UniRef100_A0A1L8GQY3 Alpha-1B  100.0 1.4E-44 1.5E-50  296.1   0.0  271   42-321    50-371 (510)
      39 UniRef100_A0A0K0PUX7 Orphan G- 100.0 1.7E-44 1.7E-50  301.2   0.0  266   41-320    65-356 (471)
      40 tr|A0A2C9JWF9|A0A2C9JWF9_BIOGL 100.0 1.7E-44 1.7E-50  296.8   0.0  278   37-321    64-368 (403)
      41 tr|A0A2B4SUH3|A0A2B4SUH3_STYPI 100.0 1.7E-44 1.8E-50  292.5   0.0  274   42-320    29-333 (385)
      42 UniRef100_A0A087X575 NPY-Y2 re 100.0 1.8E-44 1.8E-50  292.5   0.0  269   42-318    77-371 (426)
      43 UniRef100_A0A087UP46 5-hydroxy 100.0 2.1E-44 2.1E-50  293.4   0.0  269   43-320    50-402 (472)
      44 UniRef100_A0A2B4RGU4 5-hydroxy 100.0 2.2E-44 2.3E-50  306.4   0.0  274   39-318    66-370 (478)
      45 UniRef100_A0A4W3JKC0 Melanocor 100.0 2.2E-44 2.3E-50  285.0   0.0  302   16-319    13-314 (450)
      46 UniRef100_A0A1D2M4J2 Neuropept 100.0 2.3E-44 2.3E-50  297.3   0.0  265   41-318   129-423 (497)
      47 UniRef100_A0A087XDT1 Somatosta 100.0 2.3E-44 2.4E-50  299.5   0.0  267   40-321   170-456 (676)
      48 UniRef100_A0A068YB14 Neuropept 100.0 2.7E-44 2.7E-50  300.5   0.0  271   40-318    56-352 (448)
      49 UniRef100_A0A3M6TDR7 G_PROTEIN 100.0 2.7E-44 2.8E-50  299.7   0.0  265   44-316    80-351 (425)
      50 UniRef100_A0A164MD49 Putative  100.0 2.8E-44 2.9E-50  295.2   0.0  278   36-319    47-396 (498)
      51 UniRef100_A0A1D1W534 G_PROTEIN 100.0 3.2E-44 3.3E-50  304.1   0.0  275   40-320    80-435 (492)
      52 UniRef100_A0A060XP11 G_PROTEIN 100.0 3.4E-44 3.4E-50  297.8   0.0  268   43-318    95-392 (497)
      53 UniRef100_A0A1V4KIE8 Beta-1 ad 100.0 3.8E-44 3.8E-50  312.6   0.0  263   47-320    38-351 (512)
      54 UniRef100_A0A060X690 G_PROTEIN 100.0 4.1E-44 4.2E-50  286.2   0.0  269   39-321    47-338 (386)
      55 UniRef100_A0A0K0PUL8 Allatosta 100.0 4.3E-44 4.4E-50  291.7   0.0  268   40-319    52-345 (396)
      56 tr|A0A0F8ARD3|A0A0F8ARD3_LARCR 100.0 4.3E-44 4.4E-50  287.8   0.0  266   38-318    53-338 (464)
      57 UniRef100_A0A1I8HKX2 G_PROTEIN 100.0 4.6E-44 4.6E-50  293.2   0.0  303   11-322    10-415 (442)
      58 UniRef100_A0A060WEJ5 G_PROTEIN 100.0 4.8E-44 4.9E-50  300.7   0.0  268   44-320   119-458 (544)
      59 UniRef100_A0A0K0PUI9 Orphan G- 100.0   5E-44   5E-50  303.6   0.0  273   40-320   103-409 (534)
      60 tr|A0A1L8G1N6|A0A1L8G1N6_XENLA 100.0 5.8E-44 5.9E-50  288.7   0.0  263   39-320   117-400 (448)
      61 UniRef100_A0A2B4RSM5 Neuropept 100.0 6.1E-44 6.2E-50  290.2   0.0  270   40-319    38-325 (417)
      62 tr|C3XSP5|C3XSP5_BRAFL Unchara 100.0 6.3E-44 6.4E-50  281.5   0.0  279   37-322    26-330 (403)
      63 tr|A0A1A8LLP2|A0A1A8LLP2_9TELE 100.0 6.8E-44 6.9E-50  287.1   0.0  266   43-319    98-398 (455)
      64 UniRef100_A0A2B4S4U3 Beta-2 ad 100.0 6.9E-44   7E-50  283.2   0.0  276   36-320    26-323 (372)
      65 UniRef100_A0A0C9QBK4 GHSR_0 pr 100.0 7.1E-44 7.2E-50  308.2   0.0  272   41-318   175-474 (591)
      66 UniRef100_A0A068WVN8 Biogenic  100.0 7.5E-44 7.6E-50  304.8   0.0  273   42-320   124-509 (641)
      67 UniRef100_A0A061INJ6 Pyrogluta 100.0 7.7E-44 7.8E-50  305.3   0.0  269   42-317   156-457 (594)
      68 UniRef100_A0A1S3J712 QRFP-like 100.0 7.9E-44 8.1E-50  297.8   0.0  266   41-316    70-369 (507)
      69 UniRef100_A0A060XC03 Beta-2 ad 100.0 8.5E-44 8.6E-50  292.4   0.0  269   40-318   104-413 (548)
      70 UniRef100_A0A026W5R0 Orexin re 100.0 8.5E-44 8.7E-50  299.8   0.0  268   43-319   122-427 (529)
      71 UniRef100_A0A2G8KL37 Cholecyst 100.0 9.9E-44   1E-49  290.4   0.0  273   40-318   100-430 (493)
      72 UniRef100_A0A139WB32 Tachykini 100.0   1E-43   1E-49  288.4   0.0  271   40-321    45-345 (405)
      73 UniRef100_A0A087YQK7 Adrenocep 100.0   1E-43   1E-49  295.7   0.0  266   44-320   135-453 (617)
      74 UniRef100_A0A2G8JR46 Putative  100.0 1.1E-43 1.1E-49  295.6   0.0  268   43-318    67-356 (411)
      75 UniRef100_A0A023FH63 Putative  100.0 1.1E-43 1.1E-49  297.4   0.0  266   42-317   129-439 (563)
      76 UniRef100_A0A0K0PUT9 Excitator 100.0 1.2E-43 1.2E-49  297.3   0.0  275   39-320   104-403 (474)
      77 UniRef100_A0A0L8I0T4 G_PROTEIN 100.0 1.3E-43 1.3E-49  294.2   0.0  272   41-319   136-497 (554)
      78 tr|A0A0P7V5N2|A0A0P7V5N2_9TELE 100.0 1.5E-43 1.5E-49  287.7   0.0  263   45-318    97-401 (468)
      79 UniRef100_A0A077Z2H9 Putative  100.0 1.7E-43 1.7E-49  294.5   0.0  278   37-320    70-399 (477)
      80 UniRef100_A0A1D1V5S1 G_PROTEIN 100.0 1.9E-43 1.9E-49  287.6   0.0  274   39-321    57-362 (484)
      81 UniRef100_UPI000B911B64 melato 100.0 2.1E-43 2.1E-49  290.3   0.0  267   41-319    31-345 (381)
      82 UniRef100_A0A026WK16 Tachykini 100.0 2.4E-43 2.4E-49  295.5   0.0  272   36-319   180-482 (641)
      83 UniRef100_A0A0K0PUV0 FVRIamide 100.0 2.9E-43   3E-49  291.0   0.0  266   39-314    53-374 (458)
      84 UniRef100_A0A2B4SDF9 Neuropept 100.0   3E-43 3.1E-49  288.6   0.0  269   39-317    90-378 (455)
      85 UniRef100_A0A060X1U9 G_PROTEIN 100.0 3.1E-43 3.2E-49  294.5   0.0  266   43-317   143-456 (633)
      86 UniRef100_A0A060WMC3 Alpha-1D  100.0 3.1E-43 3.2E-49  289.3   0.0  267   46-321   118-435 (564)
      87 UniRef100_A0A210QEM7 Neuropept 100.0 3.2E-43 3.3E-49  284.6   0.0  266   42-320    54-348 (416)
      88 UniRef100_A0A060WWU7 G_PROTEIN 100.0 3.4E-43 3.5E-49  288.8   0.0  272   41-320    71-384 (545)
      89 UniRef100_A0A2G8KMT5 G_PROTEIN 100.0 3.5E-43 3.5E-49  284.7   0.0  289   15-315    13-324 (402)
      90 UniRef100_A0A3M6TPP0 G_PROTEIN 100.0 3.6E-43 3.6E-49  290.6   0.0  272   42-318    54-354 (424)
      91 UniRef100_A0A7M7HFU8 G_PROTEIN 100.0 4.2E-43 4.3E-49  292.7   0.0  273   39-318    65-364 (423)
      92 tr|A0A1I8PIJ9|A0A1I8PIJ9_STOCA 100.0 4.2E-43 4.3E-49  295.8   0.0  267   43-320   174-469 (680)
      93 tr|A0A1D5PF84|A0A1D5PF84_CHICK 100.0 4.7E-43 4.8E-49  269.9   0.0  286   32-320    33-318 (357)
      94 UniRef100_A0A2B4RHY9 Pyrogluta 100.0 4.8E-43 4.8E-49  298.0   0.0  271   40-320    83-373 (455)
      95 tr|A0A147AMP5|A0A147AMP5_FUNHE 100.0   5E-43   5E-49  298.6   0.0  267   43-319    36-428 (475)
      96 UniRef100_A0A026WK40 Cholecyst 100.0 5.4E-43 5.5E-49  301.9   0.0  276   40-321   156-546 (656)
      97 UniRef100_A0A087XFV2 5-hydroxy 100.0 5.4E-43 5.5E-49  286.8   0.0  269   42-320    87-398 (493)
      98 UniRef100_A0A091EBV8 Type-1 an 100.0 5.8E-43 5.9E-49  301.3   0.0  254   41-316   350-628 (715)
      99 UniRef100_A0A678XEL8 Trace ami 100.0 5.9E-43 6.1E-49  290.0   0.0  266   44-319    61-357 (523)
     100 UniRef100_A0A177B9B5 Rhodopsin 100.0 6.5E-43 6.6E-49  284.3   0.0  265   43-316    95-400 (464)
     101 UniRef100_A0A7M7SYV2 G_PROTEIN 100.0 6.9E-43 7.1E-49  292.6   0.0  270   43-321    72-401 (630)
     102 UniRef100_A0A087RJN6 Somatosta 100.0 7.3E-43 7.4E-49  290.8   0.0  259   40-316    62-341 (391)
     103 UniRef100_A0A077YWL6 Somatosta 100.0 7.7E-43 7.8E-49  293.0   0.0  270   40-321    67-363 (446)
     104 UniRef100_A0A3B4VB96 Beta-2 ad 100.0 7.7E-43 7.8E-49  283.3   0.0  266   43-319    57-362 (464)
     105 UniRef100_A0A0K0PUH1 Orphan G- 100.0 7.7E-43 7.9E-49  277.6   0.0  268   41-318    55-348 (413)
     106 tr|S9YJE2|S9YJE2_CAMFR Somatos 100.0 7.7E-43 7.9E-49  278.1   0.0  265   40-319   114-401 (438)
     107 UniRef100_A0A2B4S0J6 Somatosta 100.0 7.9E-43   8E-49  296.9   0.0  270   39-315    84-376 (457)
     108 UniRef100_A0A3M6T6P4 G_PROTEIN 100.0   1E-42 1.1E-48  287.7   0.0  272   43-319    60-355 (465)
     109 tr|W4YJK4|W4YJK4_STRPU Unchara 100.0 1.1E-42 1.1E-48  285.5   0.0  272   41-321    72-372 (446)
     110 UniRef100_A0A023F668 Putative  100.0 1.1E-42 1.1E-48  282.9   0.0  270   42-319    89-378 (484)
     111 UniRef100_A0A087UNN0 Neuropept 100.0 1.1E-42 1.2E-48  284.2   0.0  263   43-314    98-387 (470)
     112 UniRef100_A0A068WW83 Allatosta 100.0 1.2E-42 1.2E-48  291.1   0.0  263   40-312    68-347 (432)
     113 UniRef100_A0A0B4LHT6 RYamide r 100.0 1.3E-42 1.3E-48  289.7   0.0  264   44-316   120-409 (524)
     114 UniRef100_A0A091DWF1 Somatosta 100.0 1.3E-42 1.3E-48  283.1   0.0  265   38-319   155-441 (523)
     115 tr|A0A218UB83|A0A218UB83_9PASE 100.0 1.3E-42 1.4E-48  289.8   0.0  270   43-321   198-515 (631)
     116 UniRef100_A0A7M7HKI1 G_PROTEIN 100.0 1.4E-42 1.4E-48  285.4   0.0  275   44-322    45-339 (418)
     117 UniRef100_A0A087YRI1 G_PROTEIN 100.0 1.4E-42 1.4E-48  284.9   0.0  264   44-317    86-371 (438)
     118 UniRef100_A0A2B4SE17 Substance 100.0 1.4E-42 1.4E-48  294.3   0.0  274   40-317    66-364 (467)
     119 tr|A0A0L0BYA7|A0A0L0BYA7_LUCCU 100.0 1.5E-42 1.5E-48  287.4   0.0  265   45-318   317-626 (678)
     120 tr|A0A2B4RXA7|A0A2B4RXA7_STYPI 100.0 1.6E-42 1.6E-48  277.7   0.0  255   51-320    16-275 (328)
     121 UniRef100_A0A401NJB3 G_PROTEIN 100.0 1.6E-42 1.7E-48  284.4   0.0  266   44-320    47-361 (517)
     122 tr|A0A0P4XBU7|A0A0P4XBU7_9CRUS 100.0 1.6E-42 1.7E-48  292.1   0.0  266   42-316    64-413 (557)
     123 UniRef100_A0A2B4R9G2 Melatonin 100.0 1.7E-42 1.7E-48  295.3   0.0  268   40-318    82-366 (461)
     124 UniRef100_A0A0N1PGA0 Octopamin 100.0 1.6E-42 1.7E-48  288.9   0.0  268   41-316   110-490 (547)
     125 tr|A0A2B4S6X2|A0A2B4S6X2_STYPI 100.0 1.8E-42 1.8E-48  274.8   0.0  273   40-320    25-325 (379)
     126 UniRef100_A0A3M6U5X4 G_PROTEIN 100.0 1.8E-42 1.9E-48  273.0   0.0  267   38-320    38-322 (339)
     127 tr|A0A2B4S1Z5|A0A2B4S1Z5_STYPI 100.0 2.1E-42 2.1E-48  285.2   0.0  273   40-321    27-301 (514)
     128 UniRef100_A0A3M6TV84 G_PROTEIN 100.0 2.1E-42 2.2E-48  281.7   0.0  262   49-319    56-338 (405)
     129 UniRef100_A0A6J8CLU9 HCRTR2 n= 100.0 2.4E-42 2.4E-48  278.4   0.0  271   43-321    57-361 (422)
     130 UniRef100_A0A1D1VDY3 G_PROTEIN 100.0 2.8E-42 2.8E-48  287.4   0.0  271   41-320   136-448 (557)
     131 tr|L7LZ94|L7LZ94_9ACAR Putativ 100.0 3.2E-42 3.3E-48  275.6   0.0  268   42-320   106-394 (438)
     132 UniRef100_A0A2G8L6L1 Putative  100.0 3.4E-42 3.5E-48  278.0   0.0  266   40-321    37-327 (407)
     133 UniRef100_A0A060VRN9 G_PROTEIN 100.0 3.9E-42   4E-48  283.6   0.0  260   47-316   144-428 (496)
     134 UniRef100_B3RM94 G_PROTEIN_REC 100.0 4.6E-42 4.7E-48  268.0   0.0  292   14-319    13-319 (327)
     135 UniRef100_A0A2B4RZ41 Adenosine 100.0 4.9E-42   5E-48  280.4   0.0  259   39-314    49-308 (381)
     136 UniRef100_A0A2B4SKX3 Cholecyst 100.0 4.9E-42   5E-48  278.9   0.0  274   40-321    73-415 (428)
     137 UniRef100_A0A091R746 Beta-1 ad 100.0 5.1E-42 5.3E-48  283.5   0.0  267   42-319   138-453 (572)
     138 UniRef100_A0A0P0YUU8 Cannabino 100.0 5.2E-42 5.3E-48  282.1   0.0  274   42-321    86-420 (496)
     139 tr|A7S585|A7S585_NEMVE Predict 100.0 5.3E-42 5.4E-48  276.8   0.0  276   39-319    25-326 (374)
     140 UniRef100_A0A026WCQ7 Tyramine  100.0 5.5E-42 5.6E-48  297.7   0.0  273   40-320   185-589 (665)
     141 UniRef100_A0A060VVF8 G_PROTEIN 100.0 5.7E-42 5.8E-48  290.0   0.0  263   39-317   140-432 (511)
     142 tr|A0A1W4ZX05|A0A1W4ZX05_9TELE 100.0 5.7E-42 5.8E-48  282.3   0.0  270   42-318    73-385 (480)
     143 tr|A0A146NY53|A0A146NY53_FUNHE 100.0 6.7E-42 6.8E-48  280.5   0.0  260   46-316    14-315 (469)
     144 UniRef100_A0A0K0PUH0 Orphan G- 100.0 6.8E-42   7E-48  293.1   0.0  265   42-313   140-468 (583)
     145 UniRef100_A0A034WDF0 Allatosta 100.0 7.7E-42 7.9E-48  283.6   0.0  268   40-320    97-387 (459)
     146 tr|K7GCC3|K7GCC3_PELSI Adrenoc 100.0 7.7E-42 7.9E-48  275.9   0.0  264   46-320    49-365 (488)
     147 UniRef100_A0A0L7KZ56 Neuropept 100.0   8E-42 8.1E-48  281.9   0.0  263   42-317    90-384 (509)
     148 tr|G3S2I3|G3S2I3_GORGO Opioid  100.0   8E-42 8.2E-48  276.2   0.0  261   41-316   165-447 (492)
     149 UniRef100_A0A060VTR1 G_PROTEIN 100.0 8.8E-42   9E-48  284.6   0.0  269   42-319   123-441 (619)
     150 UniRef100_A0A210QSD7 Octopamin 100.0 9.4E-42 9.6E-48  282.2   0.0  269   44-322    63-420 (423)
     151 UniRef100_A0A3M6UBA2 G_PROTEIN 100.0 9.8E-42   1E-47  277.1   0.0  269   41-319    52-341 (383)
     152 UniRef100_A0A2B4RPR9 Allatosta 100.0   1E-41   1E-47  284.6   0.0  269   40-315    49-341 (446)
     153 UniRef100_A0A0S1YDA0 Neuropept 100.0   1E-41   1E-47  283.6   0.0  271   39-320    95-394 (509)
     154 UniRef100_A0A016T103 G_PROTEIN 100.0   1E-41   1E-47  290.4   0.0  265   47-320   119-477 (605)
     155 tr|A0A182G4E1|A0A182G4E1_AEDAL 100.0 1.1E-41 1.1E-47  283.2   0.0  271   41-319    70-371 (534)
     156 UniRef100_A0A026W4F0 Octopamin 100.0 1.1E-41 1.1E-47  273.8   0.0  267   43-317    60-391 (445)
     157 UniRef100_A0A084VLD5 AGAP00422 100.0 1.1E-41 1.1E-47  284.7   0.0  266   44-319   249-596 (695)
     158 UniRef100_A0A2S1WLX6 Putative  100.0 1.1E-41 1.1E-47  274.5   0.0  273   42-319    50-459 (475)
     159 UniRef100_A0A087XT11 Alpha-1B  100.0 1.2E-41 1.3E-47  280.5   0.0  269   44-321    85-407 (622)
     160 UniRef100_A0A2B4SVS8 Neuropept 100.0 1.3E-41 1.3E-47  285.9   0.0  273   42-321    92-385 (480)
     161 tr|V8PD93|V8PD93_OPHHA Type-2  100.0 1.3E-41 1.3E-47  281.9   0.0  261   39-316    76-366 (412)
     162 UniRef100_A0A151N382 Galanin r 100.0 1.4E-41 1.4E-47  264.3   0.0  272   37-321    29-319 (392)
     163 UniRef100_A0A3M6UAU0 G_PROTEIN 100.0 1.4E-41 1.4E-47  282.8   0.0  270   39-316    36-327 (552)
     164 UniRef100_A0A060W9T7 G_PROTEIN 100.0 1.5E-41 1.5E-47  278.9   0.0  269   38-319   185-473 (616)
     165 UniRef100_A0A023F452 Putative  100.0 1.5E-41 1.5E-47  287.5   0.0  270   43-320   144-540 (660)
     166 tr|A0A287CUD4|A0A287CUD4_ICTTR 100.0 1.6E-41 1.7E-47  272.7   0.0  267   43-321    23-310 (478)
     167 UniRef100_A0A2B4RFH8 Neuropept 100.0 1.7E-41 1.7E-47  288.1   0.0  274   41-319    67-367 (439)
     168 UniRef100_A0A210QHM7 G-protein 100.0 1.7E-41 1.8E-47  281.1   0.0  272   40-321    81-378 (492)
     169 UniRef100_A0A060VP48 G_PROTEIN 100.0 1.8E-41 1.8E-47  292.4   0.0  267   42-317   158-449 (580)
     170 tr|A0A1U7TSJ4|A0A1U7TSJ4_TARSY 100.0 1.8E-41 1.9E-47  278.5   0.0  266   43-316   217-516 (600)
     171 UniRef100_A0A023F4J9 Putative  100.0   2E-41   2E-47  284.9   0.0  267   42-316   160-490 (588)
     172 UniRef100_A0A3M6TNW8 G_PROTEIN 100.0   2E-41 2.1E-47  276.6   0.0  272   42-319    98-393 (453)
     173 UniRef100_A0A3M6T5D0 G_PROTEIN 100.0 2.1E-41 2.1E-47  277.6   0.0  266   41-320    55-325 (402)
     174 UniRef100_A0A3M6THF9 G_PROTEIN 100.0 2.1E-41 2.1E-47  281.4   0.0  273   38-316    60-336 (483)
     175 UniRef100_A0A146M155 Neuropept 100.0 2.2E-41 2.2E-47  278.8   0.0  270   42-316    57-360 (488)
     176 tr|H2Q292|H2Q292_PANTR Unchara 100.0 2.2E-41 2.2E-47  272.9   0.0  274   42-321    85-406 (492)
     177 tr|A0A0P7TYE1|A0A0P7TYE1_9TELE 100.0 2.3E-41 2.3E-47  276.2   0.0  274   39-318   124-473 (507)
     178 tr|A0A0N8JZL4|A0A0N8JZL4_9TELE 100.0 2.3E-41 2.3E-47  276.5   0.0  269   43-319   109-413 (482)
     179 tr|W4Z2N2|W4Z2N2_STRPU Unchara 100.0 2.3E-41 2.3E-47  267.4   0.0  274   39-319    57-353 (406)
     180 UniRef100_A0A060X360 G_PROTEIN 100.0 2.3E-41 2.3E-47  276.5   0.0  268   37-319    98-389 (477)
     181 tr|A7RYQ3|A7RYQ3_NEMVE Predict 100.0 2.3E-41 2.3E-47  277.0   0.0  271   38-319    51-336 (367)
     182 UniRef100_A0A2H8TNJ5 Neuropept 100.0 2.3E-41 2.3E-47  279.2   0.0  264   43-315   160-450 (528)
     183 UniRef100_A0A061QHX0 Putative  100.0 2.3E-41 2.4E-47  286.1   0.0  265   45-319   139-508 (563)
     184 UniRef100_A0A061IAU9 Gastric r 100.0 2.3E-41 2.4E-47  279.8   0.0  268   44-321   120-409 (588)
     185 UniRef100_A0A2B4RHL7 Galanin r 100.0 2.6E-41 2.6E-47  268.7   0.0  263   39-320    33-312 (406)
     186 tr|A7SX62|A7SX62_NEMVE Predict 100.0 2.8E-41 2.9E-47  262.0   0.0  266   49-320    29-302 (335)
     187 tr|A0A0P5PA10|A0A0P5PA10_9CRUS 100.0 2.9E-41   3E-47  281.9   0.0  263   41-314   149-441 (705)
     188 UniRef100_A0A060VWI9 G_PROTEIN 100.0 3.2E-41 3.2E-47  280.2   0.0  263   46-319    68-395 (579)
     189 tr|A0A2B4SID7|A0A2B4SID7_STYPI 100.0 3.3E-41 3.3E-47  280.9   0.0  269   40-319    33-328 (422)
     190 UniRef100_A0A1S3H6K0 neuropept 100.0 3.3E-41 3.3E-47  284.4   0.0  261   40-313    58-351 (470)
     191 tr|A0A2B4SNZ1|A0A2B4SNZ1_STYPI 100.0 3.3E-41 3.4E-47  276.6   0.0  267   42-320    35-321 (351)
     192 tr|A0A226N2C0|A0A226N2C0_CALSU 100.0 3.7E-41 3.8E-47  274.4   0.0  267   45-320   231-522 (569)
     193 UniRef100_A0A6P8HX63 probable  100.0 3.9E-41 3.9E-47  278.4   0.0  267   45-321    64-363 (407)
     194 UniRef100_A0A026VXG0 Octopamin 100.0 4.2E-41 4.3E-47  285.8   0.0  266   42-315    85-537 (647)
     195 tr|A0A1S3FWK5|A0A1S3FWK5_DIPOR 100.0 4.3E-41 4.4E-47  280.2   0.0  268   42-319   420-730 (786)
     196 tr|A0A1D1UXI1|A0A1D1UXI1_RAMVA 100.0 4.8E-41 4.9E-47  274.1   0.0  268   41-320    84-377 (499)
     197 UniRef100_A0A2G8K507 Putative  100.0 4.9E-41 4.9E-47  282.7   0.0  270   42-318    43-333 (384)
     198 UniRef100_A0A6P8H0A4 5-hydroxy 100.0 4.9E-41   5E-47  265.7   0.0  271   44-319    43-333 (346)
     199 UniRef100_A0A0L8GIM4 G_PROTEIN 100.0   5E-41 5.1E-47  285.0   0.0  266   41-315    99-392 (481)
     200 tr|A0A091DWF1|A0A091DWF1_FUKDA 100.0   5E-41 5.2E-47  267.8   0.0  264   39-319   157-442 (483)
     201 tr|A0A060XRS0|A0A060XRS0_ONCMY 100.0 5.2E-41 5.3E-47  286.8   0.0  271   42-321    59-378 (900)
     202 tr|A0A1V4J9T1|A0A1V4J9T1_PATFA 100.0 5.3E-41 5.4E-47  266.3   0.0  267   39-318    69-355 (461)
     203 UniRef100_A0A068AZY5 Octopamin 100.0 5.6E-41 5.7E-47  299.4   0.0  167   43-215   178-360 (723)
     204 UniRef100_A0A6P8IFK2 neuromedi 100.0 5.7E-41 5.8E-47  267.9   0.0  277   36-319    23-322 (363)
     205 UniRef100_A0A096NAQ2 Cholecyst 100.0 5.7E-41 5.9E-47  280.5   0.0  272   40-317   152-500 (617)
     206 UniRef100_A0A060WAG3 G_PROTEIN 100.0 5.9E-41   6E-47  277.8   0.0  268   46-321   130-502 (550)
     207 UniRef100_A0A026WC04 Dopamine  100.0 6.3E-41 6.5E-47  269.6   0.0  267   44-320    83-399 (468)
     208 tr|A0A061IHH7|A0A061IHH7_CRIGR 100.0 6.7E-41 6.8E-47  296.2   0.0  263   45-317   627-918 (934)
     209 tr|W8B9D1|W8B9D1_CERCA 5-hydro 100.0 6.7E-41 6.8E-47  277.3   0.0  271   43-320   267-628 (664)
     210 UniRef100_A0A3M6TKW1 G_PROTEIN 100.0 6.7E-41 6.8E-47  275.1   0.0  269   41-317    43-320 (389)
     211 UniRef100_A0A0L8H5P3 G_PROTEIN 100.0 6.8E-41   7E-47  275.9   0.0  265   40-315    76-369 (496)
     212 UniRef100_A0A151LYB3 G_PROTEIN 100.0 6.9E-41 7.1E-47  270.0   0.0  262   46-317   106-388 (435)
     213 UniRef100_A0A7M7G1H5 G_PROTEIN 100.0 7.5E-41 7.6E-47  277.7   0.0  276   40-321    39-336 (381)
     214 tr|A0A146TL67|A0A146TL67_FUNHE 100.0 7.5E-41 7.6E-47  285.9   0.0  266   40-320    28-406 (442)
     215 tr|A0A1I8N820|A0A1I8N820_MUSDO 100.0 7.4E-41 7.6E-47  283.4   0.0  266   42-316   308-635 (880)
     216 UniRef100_A0A6A7G2U4 Octopamin 100.0 7.9E-41 8.1E-47  275.0   0.0  269   41-316   173-509 (574)
     217 UniRef100_A0A060X0R7 Uncharact 100.0 8.1E-41 8.3E-47  261.8   0.0  289   15-320    32-344 (383)
     218 UniRef100_A0A3M6UKX8 G_PROTEIN 100.0 8.4E-41 8.5E-47  281.5   0.0  275   40-318   120-420 (487)
     219 UniRef100_A0A3M6T8F5 G_PROTEIN 100.0 9.8E-41 9.9E-47  287.2   0.0  272   40-320   103-397 (523)
     220 UniRef100_A0A2B4SQU8 Orexin re 100.0   1E-40 1.1E-46  263.4   0.0  284   33-321    31-349 (370)
     221 tr|C3XVS5|C3XVS5_BRAFL Unchara 100.0 1.1E-40 1.2E-46  267.5   0.0  273   39-319    68-364 (425)
     222 tr|A0A146TP77|A0A146TP77_FUNHE 100.0 1.2E-40 1.2E-46  284.6   0.0  268   46-321    54-426 (522)
     223 UniRef100_A0A026WIP6 Cholecyst 100.0 1.2E-40 1.3E-46  286.2   0.0  275   41-321   173-532 (636)
     224 UniRef100_A0A060Y7B7 G_PROTEIN 100.0 1.3E-40 1.3E-46  278.7   0.0  271   41-319   118-550 (560)
     225 tr|A0A1A9ZAD8|A0A1A9ZAD8_GLOPL 100.0 1.3E-40 1.3E-46  272.3   0.0  273   35-318   119-421 (574)
     226 UniRef100_A0A061IN14 NK-3 rece 100.0 1.3E-40 1.3E-46  282.0   0.0  267   40-319   235-524 (662)
     227 tr|A0A232F0R3|A0A232F0R3_9HYME 100.0 1.3E-40 1.4E-46  267.1   0.0  264   40-319   105-424 (458)
     228 tr|A0A2B4SKI0|A0A2B4SKI0_STYPI 100.0 1.3E-40 1.4E-46  275.8   0.0  265   40-313    99-393 (458)
     229 UniRef100_A0A0P5DAK4 Orexin re 100.0 1.4E-40 1.4E-46  273.9   0.0  264   46-318   114-430 (505)
     230 UniRef100_A0A0N7ZAP9 G_PROTEIN 100.0 1.4E-40 1.5E-46  272.9   0.0  269   42-321    80-369 (421)
     231 UniRef100_A0A084VX67 AGAP00044 100.0 1.6E-40 1.6E-46  270.2   0.0  260   46-316    77-384 (444)
     232 UniRef100_A0A0N0PEL7 Tachykini 100.0 1.6E-40 1.6E-46  270.5   0.0  265   43-318    60-354 (454)
     233 UniRef100_A0A2G8KTA9 Putative  100.0 1.6E-40 1.7E-46  278.1   0.0  270   41-317    51-343 (445)
     234 UniRef100_A0A1S3IX78 RYamide r 100.0 1.6E-40 1.7E-46  269.8   0.0  266   41-315    56-345 (444)
     235 UniRef100_A0A087T336 Somatosta 100.0 1.8E-40 1.8E-46  270.6   0.0  266   41-320    80-369 (454)
     236 UniRef100_A0A2B4RA56 D(5)-like 100.0 1.9E-40 1.9E-46  277.3   0.0  265   42-314    83-354 (431)
     237 UniRef100_A0A2B4SEF2 Beta-1 ad 100.0 1.9E-40 1.9E-46  269.7   0.0  266   42-318    75-344 (424)
     238 UniRef100_A0A6P4YBA8 delta-typ 100.0 1.9E-40   2E-46  269.0   0.0  264   40-320    52-341 (406)
     239 UniRef100_A0A067RG65 Neuropept 100.0   2E-40   2E-46  273.2   0.0  271   42-318    91-394 (509)
     240 UniRef100_A0A210QT45 G-protein 100.0   2E-40 2.1E-46  269.2   0.0  274   38-318    58-357 (472)
     241 tr|A0A1S3L0J1|A0A1S3L0J1_SALSA 100.0 2.1E-40 2.1E-46  271.7   0.0  268   42-318    79-405 (533)
     242 tr|A0A0P7U0M1|A0A0P7U0M1_9TELE 100.0 2.1E-40 2.1E-46  264.0   0.0  275   38-319   101-412 (440)
     243 tr|A0A1D2NMB6|A0A1D2NMB6_ORCCI 100.0 2.1E-40 2.1E-46  272.5   0.0  269   40-319   153-451 (520)
     244 UniRef100_A0A0K0PUH3 Allatotro 100.0 2.1E-40 2.1E-46  267.5   0.0  269   42-319    72-374 (424)
     245 UniRef100_A0A068WKU9 Neuropept 100.0 2.1E-40 2.2E-46  271.4   0.0  264   43-316    77-365 (451)
     246 tr|A0A1L7H7D8|A0A1L7H7D8_SACKO 100.0 2.1E-40 2.2E-46  261.6   0.0  267   45-323    78-369 (424)
     247 UniRef100_A0A0L8I310 G_PROTEIN 100.0 2.2E-40 2.2E-46  276.8   0.0  267   43-315    50-365 (468)
     248 tr|A0A2B4SAJ4|A0A2B4SAJ4_STYPI 100.0 2.2E-40 2.2E-46  271.4   0.0  265   42-314    32-329 (434)
     249 tr|A7SMQ7|A7SMQ7_NEMVE Predict 100.0 2.2E-40 2.2E-46  263.5   0.0  268   43-320    16-304 (358)
     250 UniRef100_A0A151NBW6 Beta-3 ad 100.0 2.3E-40 2.4E-46  269.2   0.0  266   41-317    33-339 (490)
     251 UniRef100_A0A060WGM3 G_PROTEIN 100.0 2.4E-40 2.4E-46  283.9   0.0  261   47-317   153-440 (537)
     252 UniRef100_A0A0K0PUX3 Orphan G- 100.0 2.5E-40 2.5E-46  276.8   0.0  261   44-314    66-346 (419)
     253 tr|A0A212C668|A0A212C668_CEREH 100.0 2.5E-40 2.6E-46  269.9   0.0  266   44-318   225-556 (558)
     254 UniRef100_A0A0L8H201 G_PROTEIN 100.0 2.6E-40 2.7E-46  266.0   0.0  275   38-320    85-384 (461)
     255 tr|A0A0L8FIS6|A0A0L8FIS6_OCTBM 100.0 2.8E-40 2.9E-46  269.9   0.0  270   44-320    96-422 (485)
     256 UniRef100_A0A067RIW6 G_PROTEIN 100.0 2.9E-40 2.9E-46  281.0   0.0  267   42-316   188-544 (705)
     257 UniRef100_A0A1J1I7G5 CLUMA_CG0 100.0 2.9E-40   3E-46  270.6   0.0  265   43-318    81-373 (500)
     258 UniRef100_UPI000219022F Endoly 100.0   3E-40   3E-46  266.2   0.0  258   46-320   208-488 (507)
     259 UniRef100_C3ZK20 G_PROTEIN_REC 100.0 3.2E-40 3.3E-46  269.4   0.0  266   44-320     6-323 (374)
     260 tr|A0A2B4RXD1|A0A2B4RXD1_STYPI 100.0 3.2E-40 3.3E-46  265.6   0.0  269   41-320    96-382 (416)
     261 tr|A0A147AZW9|A0A147AZW9_FUNHE 100.0 3.6E-40 3.6E-46  280.0   0.0  267   40-317    87-432 (468)
     262 UniRef100_A0A084WIC4 Short neu 100.0 3.6E-40 3.6E-46  273.4   0.0  268   42-320    96-388 (551)
     263 tr|V8P564|V8P564_OPHHA Melanoc 100.0 3.6E-40 3.6E-46  276.2   0.0  304   10-317   560-863 (864)
     264 UniRef100_A0A060X6T3 G_PROTEIN 100.0 3.7E-40 3.8E-46  271.7   0.0  268   43-319    94-414 (550)
     265 UniRef100_A0A095ANA4 Dopamine  100.0 3.9E-40   4E-46  285.6   0.0  172   40-217   174-359 (674)
     266 UniRef100_A0A3B4UE11 Si:zfos-1 100.0 3.9E-40   4E-46  261.1   0.0  265   41-320    68-352 (441)
     267 UniRef100_A0A1I8FSG9 G_PROTEIN 100.0 3.9E-40   4E-46  271.5   0.0  274   41-321   163-508 (576)
     268 UniRef100_A0A087QH91 Melanopsi 100.0   4E-40 4.1E-46  278.5   0.0  270   39-317   104-398 (629)
     269 UniRef100_A0A0S1YD99 Neuropept 100.0   4E-40 4.1E-46  261.9   0.0  270   39-321    76-375 (423)
     270 tr|C7SLZ0|C7SLZ0_APLKU Seroton 100.0 4.4E-40 4.4E-46  273.0   0.0  267   45-320    79-426 (485)
     271 tr|A0A1W2W3E6|A0A1W2W3E6_CIOIN 100.0 4.4E-40 4.5E-46  267.1   0.0  270   38-319    57-352 (487)
     272 UniRef100_A0A369SHZ1 5-hydroxy 100.0 4.7E-40 4.8E-46  264.7   0.0  271   43-320    32-333 (375)
     273 UniRef100_A0A016TS00 G_PROTEIN 100.0 4.8E-40 4.9E-46  281.3   0.0  268   44-321   118-556 (622)
     274 UniRef100_A0A0C9RF21 CapaR_3 p 100.0 5.1E-40 5.2E-46  272.2   0.0  269   43-318    56-356 (532)
     275 UniRef100_A0A2R8PY66 5-hydroxy 100.0 5.3E-40 5.4E-46  256.5   0.0  270   47-322    65-358 (381)
     276 tr|A0A210R0K7|A0A210R0K7_MIZYE 100.0 5.4E-40 5.5E-46  265.3   0.0  274   40-319    75-426 (470)
     277 UniRef100_A0A3M6UME8 G_PROTEIN 100.0 5.6E-40 5.7E-46  266.4   0.0  266   40-320    41-327 (383)
     278 tr|M7BJE0|M7BJE0_CHEMY 5-hydro 100.0 5.9E-40   6E-46  277.6   0.0  263   46-319   279-593 (685)
     279 tr|A0A1D2MSE1|A0A1D2MSE1_ORCCI 100.0 5.9E-40   6E-46  279.0   0.0  268   41-318   113-406 (615)
     280 tr|A0A2B4S4U3|A0A2B4S4U3_STYPI 100.0 5.9E-40 6.1E-46  256.8   0.0  274   36-317    23-321 (359)
     281 UniRef100_A0A3M6T9C5 G_PROTEIN 100.0 6.3E-40 6.4E-46  270.1   0.0  277   41-320    61-361 (402)
     282 tr|R4J1H6|R4J1H6_SALSA Cholecy 100.0 6.7E-40 6.8E-46  262.9   0.0  297   15-320    26-408 (461)
     283 tr|A0A0S1YD80|A0A0S1YD80_CHISP 100.0 6.9E-40   7E-46  268.5   0.0  268   44-320   170-466 (513)
     284 tr|T1KPP2|T1KPP2_TETUR Unchara 100.0   7E-40 7.1E-46  268.3   0.0  265   41-320   154-438 (477)
     285 tr|E6ZEU6|E6ZEU6_DICLA Neurome 100.0 7.1E-40 7.2E-46  269.7   0.0  274   42-320    92-396 (461)
     286 AntAceMinimDraft_8_1070364.sca 100.0 7.2E-40 7.3E-46  261.0   0.0  276   40-320    39-358 (406)
     287 UniRef100_A0A0H3YI86 Pyrokinin 100.0 7.6E-40 7.7E-46  276.5   0.0  272   42-318    87-398 (510)
     288 tr|A0A2B4SBD9|A0A2B4SBD9_STYPI 100.0 7.7E-40 7.9E-46  259.3   0.0  270   43-320    67-342 (367)
     289 UniRef100_A0A061QLL1 Putative  100.0 8.1E-40 8.3E-46  266.9   0.0  269   42-319    49-422 (424)
     290 UniRef100_A0A087YRJ8 Trace ami 100.0 8.3E-40 8.4E-46  270.0   0.0  261   46-316   127-402 (491)
     291 tr|W4Z3I5|W4Z3I5_STRPU Unchara 100.0 8.4E-40 8.6E-46  264.0   0.0  271   39-318    49-393 (461)
     292 tr|A0A2D0SD29|A0A2D0SD29_ICTPU 100.0 8.5E-40 8.7E-46  265.1   0.0  266   43-317     9-307 (420)
     293 UniRef100_A0A0K0PUK6 Orphan G- 100.0 8.6E-40 8.8E-46  263.4   0.0  269   42-320    70-375 (448)
     294 UniRef100_A0A059T4D1 Melanocor 100.0 9.1E-40 9.4E-46  248.9   0.0  284   32-317    32-315 (316)
     295 UniRef100_A0A226DFM2 Neuropept 100.0 9.3E-40 9.5E-46  269.9   0.0  263   43-315   110-400 (523)
     296 tr|A0A218UWX7|A0A218UWX7_9PASE 100.0 9.8E-40   1E-45  267.0   0.0  267   41-320    43-342 (474)
     297 tr|W4XZB8|W4XZB8_STRPU Unchara 100.0 9.9E-40   1E-45  263.3   0.0  258   46-315    27-307 (400)
     298 UniRef100_A0A2P8Z628 Octopamin 100.0 1.1E-39 1.1E-45  264.3   0.0  297   12-316    20-414 (477)
     299 tr|A0A139WLV7|A0A139WLV7_TRICA 100.0 1.2E-39 1.2E-45  276.4   0.0  269   42-318   402-697 (792)
     300 UniRef100_UPI000B90EEC3 octopa 100.0 1.2E-39 1.2E-45  255.7   0.0  268   46-322    71-376 (415)
     301 tr|A0A146YGA5|A0A146YGA5_FUNHE 100.0 1.2E-39 1.2E-45  276.7   0.0  273   40-321    32-343 (521)
     302 UniRef100_A0A6A4WEU8 5-hydroxy 100.0 1.2E-39 1.2E-45  269.2   0.0  278   34-319    63-440 (535)
     303 tr|A0A2B4SIA2|A0A2B4SIA2_STYPI 100.0 1.3E-39 1.3E-45  263.2   0.0  271   43-319    63-361 (370)
     304 UniRef100_A0A026WM41 Dopamine  100.0 1.3E-39 1.3E-45  279.7   0.0  172   40-217   161-346 (659)
     305 UniRef100_A0A0L8HHE2 G_PROTEIN 100.0 1.3E-39 1.3E-45  265.0   0.0  268   43-321     5-302 (385)
     306 UniRef100_A0A016SJ65 Thyrolibe 100.0 1.3E-39 1.4E-45  272.7   0.0  271   42-319    87-397 (479)
     307 UniRef100_A0A2G8JGQ1 Putative  100.0 1.3E-39 1.4E-45  270.9   0.0  278   38-320    57-372 (455)
     308 UniRef100_A0A067RDC3 Prolactin 100.0 1.3E-39 1.4E-45  269.5   0.0  267   43-317    69-355 (541)
     309 UniRef100_A0A026X2D4 Alpha-1A  100.0 1.4E-39 1.4E-45  272.7   0.0  267   40-320    94-375 (461)
     310 tr|B4KC34|B4KC34_DROMO Unchara 100.0 1.4E-39 1.4E-45  275.9   0.0  264   43-317   197-491 (670)
     311 tr|L8Y5L0|L8Y5L0_TUPCH Alpha-2 100.0 1.5E-39 1.5E-45  279.3   0.0  266   46-321   401-821 (823)
     312 UniRef100_A0A087RCY8 5-hydroxy 100.0 1.5E-39 1.5E-45  274.3   0.0  277   40-321   146-473 (567)
     313 tr|A0A182FRI7|A0A182FRI7_ANOAL 100.0 1.5E-39 1.5E-45  280.8   0.0  167   45-217   119-302 (677)
     314 UniRef100_A0A6P4Z5N5 muscarini 100.0 1.5E-39 1.6E-45  260.3   0.0  267   44-320    34-344 (357)
     315 UniRef100_A0A2B4SC76 Substance 100.0 1.6E-39 1.6E-45  273.2   0.0  270   40-316    56-350 (461)
     316 UniRef100_A0A016UUZ5 G_PROTEIN 100.0 1.6E-39 1.6E-45  265.2   0.0  263   47-319    83-413 (486)
     317 UniRef100_A0A087X781 Alpha-2Db 100.0 1.7E-39 1.7E-45  264.8   0.0  265   47-319    75-493 (495)
     318 tr|A0A232F8D2|A0A232F8D2_9HYME 100.0 1.7E-39 1.8E-45  264.5   0.0  266   41-315    74-367 (478)
     319 tr|A0A146U732|A0A146U732_FUNHE 100.0 1.7E-39 1.8E-45  285.2   0.0  272   39-316   192-545 (590)
     320 UniRef100_A0A060W5H6 G_PROTEIN 100.0 1.8E-39 1.8E-45  274.4   0.0  263   42-313    90-382 (528)
     321 UniRef100_A0A060W247 Cholecyst 100.0 1.8E-39 1.8E-45  271.5   0.0  274   39-318   128-476 (563)
     322 UniRef100_A0A3M6UXY6 G_PROTEIN 100.0 1.9E-39 1.9E-45  262.6   0.0  269   40-319    42-312 (349)
     323 UniRef100_A0A3M6TEA9 G_PROTEIN 100.0 1.9E-39 1.9E-45  268.4   0.0  270   41-317    50-342 (414)
     324 tr|A0A091DLL4|A0A091DLL4_FUKDA 100.0 1.9E-39 1.9E-45  259.4   0.0  266   43-319    38-345 (474)
     325 tr|A0A218VDE9|A0A218VDE9_9PASE 100.0 1.9E-39 1.9E-45  262.4   0.0  261   39-318    24-307 (556)
     326 UniRef100_A0A2G8KT39 Putative  100.0 2.1E-39 2.1E-45  266.4   0.0  274   41-319    47-342 (383)
     327 UniRef100_A0A193KU97 GCR058 n= 100.0 2.1E-39 2.1E-45  257.8   0.0  274   40-321    27-334 (379)
     328 UniRef100_A0A0L8H8I0 G_PROTEIN 100.0 2.2E-39 2.2E-45  274.8   0.0  265   45-319    79-364 (466)
     329 UniRef100_A0A0K0PUK8 FMRFamide 100.0 2.2E-39 2.2E-45  274.0   0.0  263   40-315    60-350 (471)
     330 tr|A0A2H1W6Q0|A0A2H1W6Q0_SPOFR 100.0 2.3E-39 2.3E-45  265.5   0.0  272   42-321    74-366 (466)
     331 UniRef100_A0A0A7EV57 Melanocor 100.0 2.3E-39 2.3E-45  245.9   0.0  294    1-298     2-295 (295)
     332 UniRef100_A0A0N0PF28 Orexin re 100.0 2.5E-39 2.6E-45  270.4   0.0  260   46-314   144-455 (588)
     333 tr|A0A060XH49|A0A060XH49_ONCMY 100.0 2.6E-39 2.7E-45  281.2   0.0  265   46-321    56-386 (945)
     334 tr|A0A1S3IXU4|A0A1S3IXU4_LINUN 100.0 3.1E-39 3.2E-45  260.3   0.0  273   40-321    59-348 (440)
     335 tr|K1RR88|K1RR88_CRAGI 5-hydro 100.0 3.1E-39 3.2E-45  255.6   0.0  267   44-320    62-353 (407)
     336 UniRef100_A0A087REY1 NPY-Y2 re 100.0 3.2E-39 3.3E-45  268.8   0.0  263   42-319   190-479 (599)
     337 ABNJ01.1.fsa_nt_gi|175437430|g 100.0 3.2E-39 3.3E-45  256.2   0.0  271   43-319    75-351 (362)
     338 tr|A7RNV5|A7RNV5_NEMVE Predict 100.0 3.3E-39 3.3E-45  258.0   0.0  266   45-320    38-331 (377)
     339 UniRef100_A0A060VV87 Kappa-typ 100.0 3.3E-39 3.4E-45  266.5   0.0  263   40-317   192-476 (586)
     340 tr|A0A067RDC3|A0A067RDC3_ZOONE 100.0 3.5E-39 3.6E-45  269.9   0.0  274   41-322    74-367 (506)
     341 tr|A0A2B4R9G2|A0A2B4R9G2_STYPI 100.0 3.5E-39 3.6E-45  260.0   0.0  266   39-314    61-345 (378)
     342 UniRef100_A0A147B5F7 Adenosine 100.0 3.5E-39 3.6E-45  262.8   0.0  262   46-317    56-343 (492)
     343 UniRef100_A0A084WFJ7 AGAP00011 100.0 3.6E-39 3.7E-45  268.5   0.0  258   43-313    92-375 (519)
     344 UniRef100_A0A0K0PUG3 Thyrolibe 100.0 3.6E-39 3.7E-45  271.1   0.0  272   41-319   217-522 (606)
     345 UniRef100_A0A096MAY6 Alpha-1B  100.0 3.6E-39 3.7E-45  260.7   0.0  265   48-321    56-376 (489)
     346 UniRef100_A0A1S3HRK7 octopamin 100.0 3.6E-39 3.7E-45  267.6   0.0  263   44-317    70-349 (413)
     347 UniRef100_A0A067R4E0 Tachykini 100.0 3.6E-39 3.7E-45  260.7   0.0  264   42-315    53-341 (396)
     348 UniRef100_A0A060XSS1 5-hydroxy 100.0 3.7E-39 3.7E-45  282.3   0.0  273   42-320   214-553 (704)
     349 UniRef100_A0A2B4SJE7 Orexin re 100.0 3.7E-39 3.7E-45  269.2   0.0  272   40-319   136-432 (517)
     350 UniRef100_A0A2B4RXD1 Neuropept 100.0 3.8E-39 3.9E-45  265.5   0.0  271   40-320    96-384 (461)
     351 UniRef100_A0A2B4SYG2 5-hydroxy 100.0 3.8E-39 3.9E-45  258.8   0.0  262   41-315    32-313 (376)
     352 UniRef100_A0A2B4SJV4 Galanin r 100.0 3.9E-39   4E-45  272.3   0.0  270   40-317    76-365 (444)
     353 tr|A0A0P6IZB8|A0A0P6IZB8_9CRUS 100.0 4.2E-39 4.3E-45  265.4   0.0  269   41-321   205-497 (559)
     354 tr|A0A151NBW9|A0A151NBW9_ALLMI 100.0 4.3E-39 4.4E-45  263.3   0.0  269   43-319    85-392 (472)
     355 UniRef100_A7RGN9 Predicted pro 100.0 4.4E-39 4.5E-45  252.8   0.0  268   39-318    31-314 (317)
     356 UniRef100_A0A060ILH2 Neuromedi 100.0 4.6E-39 4.7E-45  268.2   0.0  268   43-318   181-477 (606)
     357 UniRef100_A0A0A7KUZ5 Opsin 5 n 100.0 4.7E-39 4.7E-45  264.9   0.0  267   41-317    55-343 (407)
     358 tr|A0A1U7SK54|A0A1U7SK54_TARSY 100.0 4.7E-39 4.8E-45  280.2   0.0  287   30-317    30-316 (904)
     359 UniRef100_A0A087QSW5 5-hydroxy 100.0 4.8E-39 4.9E-45  262.4   0.0  271   42-320   181-516 (570)
     360 tr|F7E6B1|F7E6B1_MONDO Tachyki 100.0 4.8E-39 4.9E-45  259.5   0.0  266   41-319    97-385 (475)
     361 tr|A0A182QHF8|A0A182QHF8_9DIPT 100.0 4.9E-39   5E-45  265.3   0.0  270   42-319   104-407 (581)
     362 tr|A7RVQ0|A7RVQ0_NEMVE Predict 100.0 5.1E-39 5.1E-45  263.2   0.0  276   40-318    30-331 (398)
     363 tr|A0A147AVH6|A0A147AVH6_FUNHE 100.0 5.1E-39 5.2E-45  268.5   0.0  268   40-316   194-618 (618)
     364 UniRef100_A0A3M6TKX3 G_PROTEIN 100.0 5.3E-39 5.4E-45  264.9   0.0  267   41-319    78-375 (427)
     365 tr|A0A182L9N8|A0A182L9N8_9DIPT 100.0 5.4E-39 5.5E-45  265.5   0.0  263   45-318    95-382 (490)
     366 tr|A0A2B4S931|A0A2B4S931_STYPI 100.0 5.4E-39 5.5E-45  263.7   0.0  273   37-316    68-344 (398)
     367 tr|A0A0Q3X582|A0A0Q3X582_AMAAE 100.0 5.9E-39   6E-45  267.9   0.0  261   46-316    89-383 (504)
     368 tr|A7SIX0|A7SIX0_NEMVE Predict 100.0 5.9E-39   6E-45  257.2   0.0  270   42-318    28-318 (403)
     369 UniRef100_A0A1S3J8T4 5-hydroxy 100.0 5.9E-39   6E-45  266.3   0.0  267   42-317   104-395 (468)
     370 tr|A0A218UTA6|A0A218UTA6_9PASE 100.0 5.9E-39 6.1E-45  269.7   0.0  267   46-321    65-446 (738)
     371 tr|J9JRI9|J9JRI9_ACYPI Unchara 100.0   6E-39 6.1E-45  259.7   0.0  266   43-319    39-334 (490)
     372 UniRef100_A0A0L8FWF7 G_PROTEIN 100.0 6.1E-39 6.3E-45  273.8   0.0  270   43-321    96-549 (576)
     373 tr|A7RRH0|A7RRH0_NEMVE Predict 100.0 6.1E-39 6.3E-45  272.2   0.0  275   38-320    26-317 (700)
     374 UniRef100_A0A0Q3PEJ5 Alpha-1B  100.0 6.2E-39 6.3E-45  265.0   0.0  268   45-321    69-387 (683)
     375 tr|A0A0K0PUV0|A0A0K0PUV0_PLADU 100.0 6.3E-39 6.4E-45  257.8   0.0  272   37-319    14-334 (373)
     376 tr|A0A2B4RR50|A0A2B4RR50_STYPI 100.0 6.4E-39 6.5E-45  258.1   0.0  273   40-322    31-329 (411)
     377 UniRef100_A0A3M6TSJ5 G_PROTEIN 100.0 6.4E-39 6.6E-45  254.2   0.0  256   46-320    77-335 (409)
     378 UniRef100_A0A087XUD9 Dopamine  100.0 6.4E-39 6.6E-45  262.4   0.0  269   41-318    82-404 (510)
     379 UniRef100_A0A023WAQ6 Melanocor 100.0 6.7E-39 6.9E-45  238.1   0.0  265   50-316     2-266 (274)
     380 UniRef100_A0A0K0PUE3 Orphan G- 100.0   7E-39 7.2E-45  267.9   0.0  272   42-318   120-430 (550)
     381 tr|A0A182XXT9|A0A182XXT9_ANOST 100.0 7.3E-39 7.4E-45  258.0   0.0  261   46-317    82-391 (426)
     382 tr|L7LWW3|L7LWW3_9ACAR Putativ 100.0 7.4E-39 7.6E-45  267.0   0.0  172   41-218   113-298 (624)
     383 UniRef100_A0A023F3V9 Putative  100.0 7.8E-39   8E-45  266.1   0.0  265   41-320   135-425 (574)
     384 tr|A0A1U7SLA2|A0A1U7SLA2_TARSY 100.0 8.1E-39 8.3E-45  263.4   0.0  264   48-320   134-451 (601)
     385 UniRef100_A0A068YA15 Neuropept 100.0 8.2E-39 8.4E-45  264.0   0.0  267   42-313    76-390 (510)
     386 UniRef100_A0A0A1WLH2 Somatosta 100.0 8.3E-39 8.5E-45  269.4   0.0  267   40-321   218-510 (667)
     387 UniRef100_A0A4D9EQQ5 Enolase-l 100.0 8.2E-39 8.5E-45  250.7   0.0  292   11-319   117-432 (472)
     388 UniRef100_A0A2B4SID7 Neuropept 100.0 8.4E-39 8.6E-45  263.8   0.0  271   41-318    84-379 (462)
     389 UniRef100_A0A0K0PUT0 Orphan G- 100.0 8.5E-39 8.6E-45  267.5   0.0  272   42-320    54-348 (400)
     390 UniRef100_UPI000B9126F2 D(1) d 100.0 8.5E-39 8.7E-45  254.5   0.0  269   42-321    21-321 (463)
     391 tr|Q6VUB7|Q6VUB7_BRAFL Dopamin 100.0 8.8E-39   9E-45  247.8   0.0  269   40-320    41-340 (394)
     392 tr|A0A1W2W6Z4|A0A1W2W6Z4_CIOIN 100.0 8.9E-39 9.1E-45  268.1   0.0  266   41-317   101-397 (629)
     393 UniRef100_A0A0A1XP15 Neuropept 100.0 9.1E-39 9.4E-45  254.8   0.0  266   42-320    75-375 (421)
     394 UniRef100_A0A3M6U2U1 G_PROTEIN 100.0 9.3E-39 9.5E-45  259.0   0.0  266   42-318    23-307 (352)
     395 tr|A0A0V1MVC7|A0A0V1MVC7_9BILA 100.0 9.3E-39 9.5E-45  267.6   0.0  263   44-319    86-379 (598)
     396 tr|T1JSJ3|T1JSJ3_TETUR Unchara 100.0 9.6E-39 9.8E-45  268.8   0.0  268   43-317   252-643 (747)
     397 tr|Q29XY7|Q29XY7_APLCA Dopamin 100.0 9.8E-39   1E-44  258.9   0.0  267   41-317    57-376 (450)
     398 UniRef100_A0A6G8J3P5 Melanin-c 100.0   1E-38   1E-44  257.2   0.0  270   38-319    61-352 (460)
     399 UniRef100_A0A2D0RHY1 Alpha-1B  100.0   1E-38   1E-44  260.1   0.0  268   44-320   121-434 (562)
     400 UniRef100_A0A0P7XS52 Trace ami 100.0   1E-38   1E-44  274.7   0.0  262   45-316   364-654 (726)
     401 tr|A0A1S3W6N0|A0A1S3W6N0_ERIEU 100.0   1E-38 1.1E-44  263.4   0.0  270   43-317   136-442 (596)
     402 UniRef100_A0A6P4Z684 G-protein 100.0   1E-38 1.1E-44  256.7   0.0  300   10-318    20-346 (425)
     403 UniRef100_A0A067R841 G_PROTEIN 100.0 1.1E-38 1.1E-44  267.8   0.0  275   37-318   105-409 (526)
     404 UniRef100_A0A026X164 G-protein 100.0 1.1E-38 1.1E-44  270.4   0.0  268   40-320   120-425 (604)
     405 tr|A0A1S2ZIZ2|A0A1S2ZIZ2_ERIEU 100.0 1.2E-38 1.2E-44  261.7   0.0  265   45-320   207-533 (620)
     406 tr|A0A2B4RSD1|A0A2B4RSD1_STYPI 100.0 1.2E-38 1.2E-44  267.9   0.0  269   42-318    54-381 (430)
     407 tr|A0A1S3FYW5|A0A1S3FYW5_DIPOR 100.0 1.2E-38 1.2E-44  249.4   0.0  268   39-321    70-361 (385)
     408 tr|A0A1I8FSG9|A0A1I8FSG9_9PLAT 100.0 1.3E-38 1.3E-44  260.5   0.0  267   47-321   116-451 (550)
     409 UniRef100_A0A6S7HDR1 5-hydroxy 100.0 1.3E-38 1.3E-44  255.3   0.0  271   43-316    42-346 (399)
     410 UniRef100_A0A077Z2V7 Neuropept 100.0 1.3E-38 1.3E-44  258.4   0.0  269   42-316    73-373 (451)
     411 tr|B4JN40|B4JN40_DROGR GH24210 100.0 1.3E-38 1.4E-44  258.0   0.0  265   41-318   119-408 (436)
     412 tr|A0A0P7Y9H4|A0A0P7Y9H4_9TELE 100.0 1.4E-38 1.4E-44  257.6   0.0  261   46-316    47-335 (485)
     413 tr|A0A1S3NPB2|A0A1S3NPB2_SALSA 100.0 1.4E-38 1.5E-44  256.9   0.0  270   39-319    40-332 (443)
     414 ERR1719361_2001115             100.0 1.5E-38 1.5E-44  259.5   0.0  268   40-319    26-325 (415)
     415 tr|A0A147AYJ0|A0A147AYJ0_FUNHE 100.0 1.6E-38 1.6E-44  254.9   0.0  272   41-319    33-399 (497)
     416 UniRef100_A0A2R8QQ51 Trace ami 100.0 1.6E-38 1.7E-44  258.4   0.0  259   46-317    81-363 (459)
     417 UniRef100_A0A2B4SAD4 5-hydroxy 100.0 1.7E-38 1.7E-44  257.9   0.0  279   32-320    40-339 (376)
     418 UniRef100_A0A1L8FNX2 G_PROTEIN 100.0 1.8E-38 1.8E-44  259.8   0.0  253   41-313    65-338 (400)
     419 UniRef100_A0A087U880 Neuropept 100.0 1.8E-38 1.8E-44  258.0   0.0  263   42-315    72-360 (401)
     420 tr|A7S8R9|A7S8R9_NEMVE Predict 100.0 1.8E-38 1.9E-44  258.9   0.0  271   40-318    27-338 (398)
     421 UniRef100_A0A6P8IPF1 5-hydroxy 100.0 1.9E-38 1.9E-44  252.6   0.0  268   45-321    64-364 (403)
     422 tr|K1PEH3|K1PEH3_CRAGI Neurope 100.0 1.9E-38   2E-44  254.0   0.0  269   38-317    47-356 (411)
     423 UniRef100_A0A0K8WE72 5-hydroxy 100.0   2E-38   2E-44  266.9   0.0  264   47-317   277-623 (662)
     424 tr|A7RKH9|A7RKH9_NEMVE Predict 100.0   2E-38 2.1E-44  252.1   0.0  266   39-319    26-314 (336)
     425 UniRef100_A0A6F9DEB9 5-hydroxy 100.0 2.1E-38 2.2E-44  262.2   0.0  261   41-314    58-355 (426)
     426 UniRef100_A0A091CVE3 Cholecyst 100.0 2.2E-38 2.2E-44  254.9   0.0  274   40-319   114-461 (543)
     427 tr|A0A2C9K1H0|A0A2C9K1H0_BIOGL 100.0 2.2E-38 2.3E-44  262.0   0.0  262   46-317    13-295 (607)
     428 UniRef100_UPI0003F07467 orexin 100.0 2.2E-38 2.3E-44  263.1   0.0  267   42-314    81-411 (535)
     429 UniRef100_A0A3M6UKK8 G_PROTEIN 100.0 2.3E-38 2.4E-44  262.1   0.0  265   41-316    44-333 (406)
     430 tr|A0A183VWV4|A0A183VWV4_TRIRE 100.0 2.5E-38 2.6E-44  256.6   0.0  271   41-320    53-449 (509)
     431 UniRef100_A0A061QLN0 Putative  100.0 2.6E-38 2.7E-44  275.1   0.0  132   44-181    94-225 (685)
     432 UniRef100_A0A060YTK2 Uncharact 100.0 2.6E-38 2.7E-44  253.6   0.0  265   40-319    86-379 (447)
     433 tr|W5MC67|W5MC67_LEPOC Pyroglu 100.0 2.7E-38 2.8E-44  253.1   0.0  271   42-319    57-360 (441)
     434 UniRef100_A0A087R2J6 Neuropept 100.0 2.7E-38 2.8E-44  265.9   0.0  265   43-315   217-516 (638)
     435 UniRef100_A0A034VDT7 Tyramine/ 100.0   3E-38 3.1E-44  276.0   0.0  267   44-318   291-715 (820)
     436 tr|A0A212EZN3|A0A212EZN3_DANPL 100.0   3E-38 3.1E-44  258.4   0.0  267   42-318    58-354 (488)
     437 tr|A0A2B4RSX7|A0A2B4RSX7_STYPI 100.0 3.1E-38 3.1E-44  255.7   0.0  272   39-319    59-362 (389)
     438 tr|A0A1L8F837|A0A1L8F837_XENLA 100.0 3.1E-38 3.1E-44  247.9   0.0  264   46-320    33-318 (349)
     439 UniRef100_A0A3B5MNK7 G_PROTEIN 100.0 3.1E-38 3.2E-44  250.7   0.0  264   44-316    34-346 (455)
     440 UniRef100_A0A3M6TID3 G_PROTEIN 100.0 3.2E-38 3.2E-44  253.7   0.0  281   19-313    13-298 (347)
     441 UniRef100_A0A0N1IPC8 Octopamin 100.0 3.2E-38 3.3E-44  254.5   0.0  268   45-319   127-444 (522)
     442 UniRef100_A0A2G8JD30 Putative  100.0 3.3E-38 3.4E-44  245.5   0.0  268   43-319    29-317 (323)
     443 UniRef100_A0A0K0PUL2 DH31-like 100.0 3.3E-38 3.4E-44  251.4   0.0  268   40-320    50-335 (375)
     444 UniRef100_A0A6P8HVR8 galanin r 100.0 3.4E-38 3.5E-44  253.3   0.0  272   39-317    23-319 (381)
     445 tr|A0A0P7V0U8|A0A0P7V0U8_9TELE 100.0 3.4E-38 3.5E-44  249.7   0.0  271   38-321    85-377 (439)
     446 tr|A0A1W4X208|A0A1W4X208_AGRPL 100.0 3.4E-38 3.5E-44  254.5   0.0  265   43-318    99-393 (467)
     447 UniRef100_A0A060W2A7 G_PROTEIN 100.0 3.5E-38 3.6E-44  262.9   0.0  268   42-318   130-448 (600)
     448 UniRef100_A0A2B4RVY2 Melanopsi 100.0 3.5E-38 3.6E-44  260.8   0.0  269   38-317    63-354 (452)
     449 tr|A0A0P6C571|A0A0P6C571_9CRUS 100.0 3.6E-38 3.7E-44  256.9   0.0  277   36-318    53-445 (558)
     450 tr|A0A1A9YSZ7|A0A1A9YSZ7_GLOFF 100.0 3.7E-38 3.8E-44  266.3   0.0  265   42-315   252-576 (750)
     451 UniRef100_A0A087T988 G-protein 100.0 3.7E-38 3.8E-44  258.1   0.0  269   40-321    66-379 (402)
     452 ERR1719510_236906              100.0 3.7E-38 3.8E-44  266.6   0.0  269   43-321    87-376 (577)
     453 UniRef100_F6ZHC8 Uncharacteriz 100.0 3.8E-38 3.9E-44  259.9   0.0  269   42-317    91-463 (520)
     454 UniRef100_A0A6P8H157 QRFP-like 100.0 3.8E-38 3.9E-44  254.8   0.0  266   43-321    46-330 (351)
     455 tr|A0A0K2TJR3|A0A0K2TJR3_LEPSM 100.0   4E-38 4.1E-44  248.9   0.0  269   42-317    58-355 (402)
     456 tr|Q8MTW6|Q8MTW6_SPISO Putativ 100.0   4E-38 4.1E-44  250.8   0.0  272   41-320    39-352 (388)
     457 UniRef100_A0A060WN78 Muscarini 100.0   4E-38 4.1E-44  268.0   0.0  266   45-320   148-581 (611)
     458 tr|A7STC6|A7STC6_NEMVE Predict 100.0 4.1E-38 4.2E-44  253.9   0.0  270   42-316    23-330 (381)
     459 tr|A0A146NR64|A0A146NR64_FUNHE 100.0 4.1E-38 4.2E-44  254.1   0.0  263   39-316   120-418 (449)
     460 ERR1719270_744271              100.0 4.3E-38 4.4E-44  263.0   0.0  266   46-318    18-354 (568)
     461 UniRef100_A0A026VW91 Neuropept 100.0 4.3E-38 4.4E-44  255.2   0.0  265   43-316   193-484 (582)
     462 UniRef100_A0A0P6J0T1 Putative  100.0 4.4E-38 4.5E-44  270.7   0.0  271   42-317   106-408 (735)
     463 tr|A0A193KU92|A0A193KU92_SCHMD 100.0 4.4E-38 4.5E-44  256.9   0.0  272   44-320    63-408 (478)
     464 UniRef100_A0A6P8H485 beta-2 ad 100.0 4.5E-38 4.6E-44  259.5   0.0  266   43-318    62-358 (411)
     465 tr|A7RQG0|A7RQG0_NEMVE Predict 100.0 4.6E-38 4.6E-44  254.5   0.0  271   39-315    18-311 (351)
     466 SRR6218665_799277              100.0 4.6E-38 4.7E-44  249.6   0.0  271   40-319   126-420 (456)
     467 UniRef100_A0A2I0LST6 Beta-2 ad 100.0 4.6E-38 4.7E-44  262.3   0.0  265   44-319    78-381 (621)
     468 tr|A0A2B4RGY6|A0A2B4RGY6_STYPI 100.0 4.7E-38 4.8E-44  253.4   0.0  269   42-320    10-298 (348)
     469 UniRef100_A0A2G8K804 Putative  100.0 4.7E-38 4.8E-44  257.1   0.0  271   42-319    62-440 (451)
     470 tr|A7SJS9|A7SJS9_NEMVE Predict 100.0 4.9E-38 4.9E-44  256.9   0.0  282   27-318    43-349 (350)
     471 UniRef100_A0A6S7JE64 Neuropept 100.0 4.9E-38   5E-44  255.9   0.0  269   41-320    37-323 (412)
     472 UniRef100_E9HAW0 G_PROTEIN_REC 100.0 4.9E-38 5.1E-44  251.7   0.0  261   40-314    66-352 (393)
     473 tr|A0A0A7RC79|A0A0A7RC79_RHOPR 100.0 4.9E-38 5.1E-44  250.8   0.0  268   41-320    78-375 (404)
     474 UniRef100_A0A0X7YAU3 ACP recep 100.0   5E-38 5.1E-44  263.5   0.0  271   37-316    81-388 (492)
     475 UniRef100_A0A1L8HHP3 G_PROTEIN 100.0   5E-38 5.1E-44  250.5   0.0  261   40-316    47-337 (370)
     476 tr|A0A147AQT9|A0A147AQT9_FUNHE 100.0 5.1E-38 5.3E-44  258.6   0.0  274   42-322    96-469 (633)
     477 tr|A0A2B4SSL5|A0A2B4SSL5_STYPI 100.0 5.2E-38 5.3E-44  245.3   0.0  271   39-322    22-313 (344)
     478 tr|A0A0P7XE55|A0A0P7XE55_9TELE 100.0 5.2E-38 5.3E-44  264.3   0.0  272   42-322    54-371 (782)
     479 Dee2metaT_23_FD_contig_31_1172 100.0 5.3E-38 5.4E-44  250.5   0.0  274   40-321    87-366 (383)
     480 UniRef100_A0A087XMI5 Beta-2 ad 100.0 5.3E-38 5.4E-44  250.3   0.0  297   12-319    63-413 (512)
     481 tr|A7SG00|A7SG00_NEMVE Predict 100.0 5.4E-38 5.4E-44  258.4   0.0  278   40-319    52-353 (427)
     482 UniRef100_A0A0E3EKU4 Allatotro 100.0 5.3E-38 5.5E-44  256.1   0.0  264   47-319   140-432 (562)
     483 UniRef100_D1LX82 Neuropeptide  100.0 5.5E-38 5.6E-44  259.9   0.0  261   44-321    60-351 (424)
     484 tr|A0A1L8HND2|A0A1L8HND2_XENLA 100.0 5.6E-38 5.7E-44  255.4   0.0  272   38-318   128-427 (452)
     485 UniRef100_A0A132AJH3 7 transme 100.0 5.6E-38 5.7E-44  260.0   0.0  268   41-316    71-384 (447)
     486 UniRef100_A0A3M6TI37 G_PROTEIN 100.0 5.8E-38 5.9E-44  252.2   0.0  267   37-318    39-307 (339)
     487 tr|A0A087X8Q0|A0A087X8Q0_POEFO 100.0 6.3E-38 6.4E-44  255.6   0.0  262   46-317    14-307 (456)
     488 tr|Q9NHF3|Q9NHF3_APLCA Octopam 100.0 6.3E-38 6.5E-44  245.6   0.0  268   41-316    41-349 (394)
     489 tr|A0A1V4J9K1|A0A1V4J9K1_PATFA 100.0 6.7E-38 6.9E-44  267.6   0.0  268   40-320   322-609 (939)
     490 tr|W4Z9U8|W4Z9U8_STRPU Unchara 100.0   7E-38 7.2E-44  248.5   0.0  269   42-319   111-412 (434)
     491 SRR6218665_147192              100.0 7.1E-38 7.3E-44  255.3   0.0  271   40-318   102-396 (466)
     492 UniRef100_A0A061IGH7 TAAR5 n=1 100.0 7.2E-38 7.3E-44  259.5   0.0  260   48-317   198-485 (567)
     493 UniRef100_A0A060VNF4 G_PROTEIN 100.0 7.2E-38 7.3E-44  262.3   0.0  265   40-319   132-432 (566)
     494 tr|A7SFM3|A7SFM3_NEMVE Predict 100.0 7.2E-38 7.3E-44  256.9   0.0  273   39-318    39-337 (356)
     495 UniRef100_A0A6S7GTF4 D(2) dopa 100.0 7.2E-38 7.4E-44  248.7   0.0  267   46-322    44-329 (359)
     496 UniRef100_UPI001640D51F dopami 100.0 7.3E-38 7.5E-44  259.6   0.0  295    4-318    41-454 (687)
     497 UniRef100_A0A0L0BTW0 Dopamine  100.0 7.7E-38 7.8E-44  270.6   0.0  172   41-218   455-640 (972)
     498 UniRef100_A0A182H1J6 G_PROTEIN 100.0 7.7E-38 7.9E-44  271.3   0.0  168   42-215   322-511 (1005)
     499 UniRef100_A0A060VZ71 G_PROTEIN 100.0 7.8E-38 7.9E-44  266.0   0.0  265   43-315   233-532 (650)
     500 tr|A0A2C9GPU2|A0A2C9GPU2_ANOAR 100.0 7.8E-38 7.9E-44  268.9   0.0  263   45-316   329-634 (818)
     
  > Uniprot already searched, skipping.
> Running chain B
  > Uniref90 already searched, skipping.
  > Mgnify already searched, skipping.
  > Running hhblits on bfd_uniref30
- 16:35:43.756 INFO: Searching 65983866 column state sequences.

- 16:35:45.810 INFO: Searching 29291635 column state sequences.

- 16:35:45.874 INFO: mc3r_human-1333/msas/B/chain_B.fasta is in A2M, A3M or FASTA format

- 16:35:45.874 INFO: Iteration 1

- 16:35:45.894 INFO: Prefiltering database

- 18:26:43.312 INFO: HMMs passed 1st prefilter (gapless profile-profile alignment)  : 27618

- 18:27:09.075 INFO: HMMs passed 1st prefilter (gapless profile-profile alignment)  : 34358

- 18:27:09.148 INFO: HMMs passed 2nd prefilter (gapped profile-profile alignment)   : 62

- 18:27:09.148 INFO: HMMs passed 2nd prefilter and not found in previous iterations : 62

- 18:27:09.148 INFO: Scoring 62 HMMs using HMM-HMM Viterbi alignment

- 18:27:09.182 INFO: Alternative alignment: 0

- 18:27:11.734 INFO: 62 alignments done

- 18:27:11.734 INFO: Alternative alignment: 1

- 18:27:11.739 INFO: 61 alignments done

- 18:27:11.739 INFO: Alternative alignment: 2

- 18:27:11.741 INFO: 15 alignments done

- 18:27:11.741 INFO: Alternative alignment: 3

- 18:27:11.743 INFO: 11 alignments done

- 18:27:11.796 INFO: Premerge done

- 18:27:11.796 INFO: Realigning 89 HMM-HMM alignments using Maximum Accuracy algorithm

- 18:27:12.372 INFO: 16 sequences belonging to 16 database HMMs found with an E-value < 0.001

- 18:27:12.372 INFO: Number of effective sequences of resulting query HMM: Neff = 6.49596

- 18:27:12.377 INFO: Iteration 2

- 18:27:12.377 INFO: Set premerge to 0! (premerge: 3 iteration: 2 hits.Size: 13)

- 18:27:12.385 INFO: Prefiltering database

- 00:07:16.998 INFO: HMMs passed 1st prefilter (gapless profile-profile alignment)  : 1000

- 03:01:44.584 INFO: HMMs passed 1st prefilter (gapless profile-profile alignment)  : 3269

- 03:01:44.606 INFO: HMMs passed 2nd prefilter (gapped profile-profile alignment)   : 14

- 03:01:44.606 INFO: HMMs passed 2nd prefilter and not found in previous iterations : 5

- 03:01:44.606 INFO: Scoring 5 HMMs using HMM-HMM Viterbi alignment

- 03:01:44.654 INFO: Alternative alignment: 0

- 03:01:45.248 INFO: 5 alignments done

- 03:01:45.250 INFO: Alternative alignment: 1

- 03:01:45.251 INFO: 3 alignments done

- 03:01:45.251 INFO: Alternative alignment: 2

- 03:01:45.251 INFO: Alternative alignment: 3

- 03:01:45.263 INFO: No new hits found in iteration 2 => Stop searching

- 03:01:45.263 INFO: Rescoring previously found HMMs with Viterbi algorithm

- 03:01:45.287 INFO: Alternative alignment: 0

- 03:01:46.268 INFO: 13 alignments done

- 03:01:46.268 INFO: Alternative alignment: 1

- 03:01:46.270 INFO: 13 alignments done

- 03:01:46.270 INFO: Alternative alignment: 2

- 03:01:46.272 INFO: 3 alignments done

- 03:01:46.272 INFO: Alternative alignment: 3

- 03:01:46.287 INFO: Realigning 19 HMM-HMM alignments using Maximum Accuracy algorithm

- 03:01:46.304 INFO: 16 sequences belonging to 16 database HMMs found with an E-value < 0.001

- 03:01:46.304 INFO: Number of effective sequences of resulting query HMM: Neff = 6.49596

     Query         &gamma;-MSH gtp:1333
     Match_columns 11
     No_of_seqs    25 out of 266
     Neff          6.49596
     Searched_HMMs 62
     Date          Fri Feb 24 03:01:46 2023
     Command       hhblits -i mc3r_human-1333/msas/B/chain_B.fasta -cpu 2 -maxmem 20 -oa3m /projects/ilfgrid/people/nqz918/code/deorph/scripts/af_arman/af_jobs_af23/mc3r_human/1333//mc3r_human-1333/msas/B/bfd_uniref_hits.a3m -o /dev/null -n 3 -e 0.001 -maxseq 1000000 -realign_max 100000 -maxfilt 100000 -min_prefilter_hits 1000 -d /projects/ilfgrid/data/alphafold-genetic-databases///bfd/bfd_metaclust_clu_complete_id30_c90_final_seq.sorted_opt -d /projects/ilfgrid/data/alphafold-genetic-databases///uniref30/UniRef30_2021_03 
     
      No Hit                             Prob E-value P-value  Score    SS Cols Query HMM  Template HMM
       1 UniRef100_P41989 Melanotropin   98.1 7.1E-08 7.3E-14   28.1   0.0   11    1-11      1-11  (11)
       2 UniRef100_K7QX41 Pro-opiomelan  96.7 0.00033 3.4E-10   27.1   0.0   11    1-11     33-43  (49)
       3 tr|A0A287ACZ2|A0A287ACZ2_PIG P  96.7 0.00037 4.1E-10   33.9   0.0   11    1-11    156-166 (346)
       4 UniRef100_A0A193H5S4 Adrenocor  96.6 0.00045   5E-10   33.0   0.0   11    1-11     33-43  (273)
       5 UniRef100_A0A3P4QD44 NPP domai  96.6 0.00064 6.6E-10   29.6   0.0   11    1-11     72-82  (116)
       6 tr|I3LKG8|I3LKG8_PIG Pro-opiom  96.5  0.0008 9.4E-10   33.2   0.0   11    1-11    191-201 (381)
       7 UniRef100_A0A089FHF1 Adrenocor  96.4 0.00098 1.1E-09   29.5   0.0   11    1-11     30-40  (126)
       8 UniRef100_A0A023WBK5 Adrenocor  96.2  0.0017   2E-09   31.2   0.0   11    1-11     77-87  (264)
       9 UniRef100_A0A096N6S7 Adrenocor  96.2  0.0021 2.4E-09   32.0   0.0   11    1-11    156-166 (375)
      10 UniRef100_A0A5F9CW27 NPP domai  95.7  0.0085 8.7E-09   29.1   0.0   11    1-11     72-82  (285)
      11 UniRef100_A0A1B1FEH1 Proopiome  95.4   0.018 1.9E-08   25.2   0.0   11    1-11     23-33  (98)
      12 UniRef100_A0A7J7EB80 Adrenocor  95.3   0.022 2.3E-08   28.9   0.0   11    1-11    213-223 (399)
      13 UniRef100_A0A4X1TXQ0 Adrenocor  95.2   0.025 2.6E-08   28.7   0.0   11    1-11    225-235 (415)
      14 UniRef100_UPI0004F01464 pro-op  95.0   0.035 3.6E-08   25.4   0.0   11    1-11     80-90  (139)
      15 UniRef100_A0A6P3HIC3 Adrenocor  94.7   0.053 5.9E-08   26.2   0.0   10    1-10     77-86  (207)
      16 UniRef100_UPI001403D22C LOW QU  94.7   0.059 6.1E-08   25.6   0.0   11    1-11     63-73  (188)
      17 UniRef100_A0A1B1FEH1 Proopiome  79.5      14 1.5E-05   17.5   0.0   10    1-10     89-98  (98)
      18 UniRef100_A0A097ZJL4 Adrenocor  57.8      91  0.0001   16.9   0.0   10    1-10     92-101 (203)
      19 UniRef100_UPI0004F01464 pro-op  48.0 1.8E+02 0.00018   15.2   0.0    9    1-9     131-139 (139)
     
  > Uniprot already searched, skipping.

>> Job finished at: Fri Feb 24 03:01:53 CET 2023

>> Runtime: 50771 s
