>> Job started at: Thu Mar  9 09:15:21 CET 2023
   On Machine:     ilfgridgpun01fl.unicph.domain
   In directory:   /projects/ilfgrid/people/nqz918/code/deorph/scripts/af_arman/af_jobs_af23/ssr3_rat/2019

>> GPU is 

Loaded miniconda shell environment for bash
> Running 'prep_MSAs.sh'
  > Alphafold-DB directory is set to /projects/ilfgrid/data/alphafold-genetic-databases//
  > Number of cores was set to set to 4
  > Max memory set to 20 GB
  > Output directory was set to /projects/ilfgrid/people/nqz918/code/deorph/scripts/af_arman/af_jobs_af23/ssr3_rat/2019/
  > Input fastafile was set to /projects/ilfgrid/people/nqz918/code/deorph/scripts/af_arman/af_jobs_af23/ssr3_rat/2019/ssr3_rat-2019.fasta
> Splitting fastafile
> Running chain A
  > Uniref90 already searched, skipping.
  > Mgnify already searched, skipping.
  > Running hhblits on bfd_uniref30
- 09:15:41.012 INFO: Searching 65983866 column state sequences.

- 09:15:41.951 INFO: Searching 29291635 column state sequences.

- 09:15:41.983 INFO: ssr3_rat-2019/msas/A/chain_A.fasta is in A2M, A3M or FASTA format

- 09:15:41.984 INFO: Iteration 1

- 09:15:42.115 INFO: Prefiltering database

- 09:17:02.863 INFO: HMMs passed 1st prefilter (gapless profile-profile alignment)  : 10809770

- 09:17:39.628 WARNING: Number of hits passing 2nd prefilter (reduced from 329927 to allowed maximum of 100000).
You can increase the allowed maximum using the -maxfilt <max> option.

- 09:18:18.346 INFO: HMMs passed 1st prefilter (gapless profile-profile alignment)  : 3717768

- 09:18:34.988 WARNING: Number of hits passing 2nd prefilter (reduced from 314270 to allowed maximum of 100000).
You can increase the allowed maximum using the -maxfilt <max> option.

- 09:18:35.230 WARNING: database contains sequences that exceed maximum allowed size (maxres = 20001). Max sequence length can be increased with parameter -maxres.

- 09:18:35.249 INFO: HMMs passed 2nd prefilter (gapped profile-profile alignment)   : 200000

- 09:18:35.249 INFO: HMMs passed 2nd prefilter and not found in previous iterations : 200000

- 09:18:35.249 INFO: Scoring 200000 HMMs using HMM-HMM Viterbi alignment

- 09:18:35.312 INFO: Alternative alignment: 0

- 09:18:48.015 INFO: 2000 alignments done

- 09:18:54.020 INFO: 4000 alignments done

- 09:19:04.402 INFO: 6000 alignments done

- 09:19:14.538 INFO: 8000 alignments done

- 09:19:23.718 INFO: 10000 alignments done

- 09:19:34.938 INFO: 12000 alignments done

- 09:19:45.067 INFO: 14000 alignments done

- 09:19:56.041 INFO: 16000 alignments done

- 09:20:05.376 INFO: 18000 alignments done

- 09:20:20.852 INFO: 20000 alignments done

- 09:20:35.149 INFO: 22000 alignments done

- 09:20:45.423 INFO: 24000 alignments done

- 09:20:51.572 INFO: 26000 alignments done

- 09:20:57.886 INFO: 28000 alignments done

- 09:21:04.061 INFO: 30000 alignments done

- 09:21:09.920 INFO: 32000 alignments done

- 09:21:16.353 INFO: 34000 alignments done

- 09:21:26.858 INFO: 36000 alignments done

- 09:21:38.864 INFO: 38000 alignments done

- 09:21:49.731 INFO: 40000 alignments done

- 09:22:01.586 INFO: 42000 alignments done

- 09:22:17.669 INFO: 44000 alignments done

- 09:22:37.106 INFO: 46000 alignments done

- 09:22:37.109 INFO: Stop after DB-HHM: 46000 because early stop  10.6578 < filter cutoff 20

- 09:22:37.110 INFO: Alternative alignment: 1

- 09:22:50.145 INFO: 33453 alignments done

- 09:22:50.261 INFO: Alternative alignment: 2

- 09:22:56.765 INFO: 10641 alignments done

- 09:22:56.784 INFO: Alternative alignment: 3

- 09:22:59.605 INFO: 3391 alignments done

- 09:23:00.593 INFO: Premerge done

- 09:23:00.596 INFO: Realigning 5090 HMM-HMM alignments using Maximum Accuracy algorithm

- 09:23:38.769 INFO: 5092 sequences belonging to 5092 database HMMs found with an E-value < 0.001

- 09:23:38.769 INFO: Number of effective sequences of resulting query HMM: Neff = 9.33047

- 09:23:39.184 INFO: Iteration 2

- 09:23:39.184 INFO: Set premerge to 0! (premerge: 3 iteration: 2 hits.Size: 5089)

- 09:23:39.342 INFO: Prefiltering database

- 09:24:59.459 INFO: HMMs passed 1st prefilter (gapless profile-profile alignment)  : 18913872

- 09:26:05.025 WARNING: Number of hits passing 2nd prefilter (reduced from 698518 to allowed maximum of 100000).
You can increase the allowed maximum using the -maxfilt <max> option.

- 09:26:46.428 INFO: HMMs passed 1st prefilter (gapless profile-profile alignment)  : 5335459

- 09:27:11.629 WARNING: Number of hits passing 2nd prefilter (reduced from 491253 to allowed maximum of 100000).
You can increase the allowed maximum using the -maxfilt <max> option.

- 09:27:11.813 WARNING: database contains sequences that exceed maximum allowed size (maxres = 20001). Max sequence length can be increased with parameter -maxres.

- 09:27:11.813 INFO: HMMs passed 2nd prefilter (gapped profile-profile alignment)   : 200000

- 09:27:11.813 INFO: HMMs passed 2nd prefilter and not found in previous iterations : 195029

- 09:27:11.813 INFO: Scoring 195029 HMMs using HMM-HMM Viterbi alignment

- 09:27:11.862 INFO: Alternative alignment: 0

- 09:27:16.631 INFO: 2000 alignments done

- 09:27:25.293 INFO: 4000 alignments done

- 09:27:32.614 INFO: 6000 alignments done

- 09:27:39.030 INFO: 8000 alignments done

- 09:27:42.498 INFO: 10000 alignments done

- 09:27:46.917 INFO: 12000 alignments done

- 09:27:50.392 INFO: 14000 alignments done

- 09:27:54.569 INFO: 16000 alignments done

- 09:27:58.909 INFO: 18000 alignments done

- 09:28:04.126 INFO: 20000 alignments done

- 09:28:09.444 INFO: 22000 alignments done

- 09:28:14.382 INFO: 24000 alignments done

- 09:28:19.080 INFO: 26000 alignments done

- 09:28:23.311 INFO: 28000 alignments done

- 09:28:29.252 INFO: 30000 alignments done

- 09:28:36.141 INFO: 32000 alignments done

- 09:28:53.783 INFO: 34000 alignments done

- 09:29:02.211 INFO: 36000 alignments done

- 09:29:11.085 INFO: 38000 alignments done

- 09:29:20.071 INFO: 40000 alignments done

- 09:29:34.740 INFO: 42000 alignments done

- 09:29:43.562 INFO: 44000 alignments done

- 09:29:53.583 INFO: 46000 alignments done

- 09:30:05.510 INFO: 48000 alignments done

- 09:30:17.371 INFO: 50000 alignments done

- 09:30:31.884 INFO: 52000 alignments done

- 09:30:43.616 INFO: 54000 alignments done

- 09:30:55.132 INFO: 56000 alignments done

- 09:31:03.518 INFO: 58000 alignments done

- 09:31:11.343 INFO: 60000 alignments done

- 09:31:18.016 INFO: 62000 alignments done

- 09:31:24.796 INFO: 64000 alignments done

- 09:31:32.036 INFO: 66000 alignments done

- 09:31:42.649 INFO: 68000 alignments done

- 09:31:55.993 INFO: 70000 alignments done

- 09:32:15.383 INFO: 72000 alignments done

- 09:32:24.457 INFO: 74000 alignments done

- 09:32:31.359 INFO: 76000 alignments done

- 09:32:44.066 INFO: 78000 alignments done

- 09:32:44.068 INFO: Stop after DB-HHM: 78000 because early stop  4.08402 < filter cutoff 20

- 09:32:44.068 INFO: Alternative alignment: 1

- 09:32:57.008 INFO: 27681 alignments done

- 09:32:57.032 INFO: Alternative alignment: 2

- 09:33:00.003 INFO: 3320 alignments done

- 09:33:00.007 INFO: Alternative alignment: 3

- 09:33:01.042 INFO: 741 alignments done

- 09:33:01.517 INFO: Realigning 3830 HMM-HMM alignments using Maximum Accuracy algorithm

- 09:33:45.225 INFO: 8921 sequences belonging to 8921 database HMMs found with an E-value < 0.001

- 09:33:45.225 INFO: Number of effective sequences of resulting query HMM: Neff = 9.70989

- 09:33:45.686 INFO: Iteration 3

- 09:33:45.955 INFO: Prefiltering database

- 09:35:06.362 INFO: HMMs passed 1st prefilter (gapless profile-profile alignment)  : 17711879

- 09:36:03.421 WARNING: Number of hits passing 2nd prefilter (reduced from 578224 to allowed maximum of 100000).
You can increase the allowed maximum using the -maxfilt <max> option.

- 09:36:44.115 INFO: HMMs passed 1st prefilter (gapless profile-profile alignment)  : 5157438

- 09:37:09.609 WARNING: Number of hits passing 2nd prefilter (reduced from 446486 to allowed maximum of 100000).
You can increase the allowed maximum using the -maxfilt <max> option.

- 09:37:09.877 WARNING: database contains sequences that exceed maximum allowed size (maxres = 20001). Max sequence length can be increased with parameter -maxres.

- 09:37:09.877 INFO: HMMs passed 2nd prefilter (gapped profile-profile alignment)   : 200000

- 09:37:09.877 INFO: HMMs passed 2nd prefilter and not found in previous iterations : 191237

- 09:37:09.877 INFO: Scoring 191237 HMMs using HMM-HMM Viterbi alignment

- 09:37:09.935 INFO: Alternative alignment: 0

- 09:37:12.690 INFO: 2000 alignments done

- 09:37:15.758 INFO: 4000 alignments done

- 09:37:18.757 INFO: 6000 alignments done

- 09:37:20.389 INFO: 8000 alignments done

- 09:37:22.226 INFO: 10000 alignments done

- 09:37:23.979 INFO: 12000 alignments done

- 09:37:25.908 INFO: 14000 alignments done

- 09:37:27.851 INFO: 16000 alignments done

- 09:37:30.922 INFO: 18000 alignments done

- 09:37:34.176 INFO: 20000 alignments done

- 09:37:36.351 INFO: 22000 alignments done

- 09:37:38.268 INFO: 24000 alignments done

- 09:37:40.094 INFO: 26000 alignments done

- 09:37:42.322 INFO: 28000 alignments done

- 09:37:43.916 INFO: 30000 alignments done

- 09:37:45.517 INFO: 32000 alignments done

- 09:37:46.823 INFO: 34000 alignments done

- 09:37:47.866 INFO: 36000 alignments done

- 09:37:48.772 INFO: 38000 alignments done

- 09:37:49.578 INFO: 40000 alignments done

- 09:37:50.379 INFO: 42000 alignments done

- 09:37:51.218 INFO: 44000 alignments done

- 09:37:51.941 INFO: 46000 alignments done

- 09:37:52.737 INFO: 48000 alignments done

- 09:37:53.474 INFO: 50000 alignments done

- 09:37:54.209 INFO: 52000 alignments done

- 09:37:55.277 INFO: 54000 alignments done

- 09:37:56.778 INFO: 56000 alignments done

- 09:37:59.122 INFO: 58000 alignments done

- 09:38:04.470 INFO: 60000 alignments done

- 09:38:04.472 INFO: Stop after DB-HHM: 60000 because early stop  5.84845 < filter cutoff 20

- 09:38:04.473 INFO: Alternative alignment: 1

- 09:38:13.719 INFO: 20355 alignments done

- 09:38:13.777 INFO: Alternative alignment: 2

- 09:38:15.000 INFO: 2562 alignments done

- 09:38:16.002 INFO: Alternative alignment: 3

- 09:38:16.768 INFO: 572 alignments done

- 09:38:17.097 INFO: Rescoring previously found HMMs with Viterbi algorithm

- 09:38:17.139 INFO: Alternative alignment: 0

- 09:38:17.921 INFO: 2000 alignments done

- 09:38:18.612 INFO: 4000 alignments done

- 09:38:19.300 INFO: 6000 alignments done

- 09:38:19.965 INFO: 8000 alignments done

- 09:38:20.217 INFO: 8763 alignments done

- 09:38:20.222 INFO: Alternative alignment: 1

- 09:38:23.328 INFO: 8763 alignments done

- 09:38:23.336 INFO: Alternative alignment: 2

- 09:38:23.863 INFO: 980 alignments done

- 09:38:23.864 INFO: Alternative alignment: 3

- 09:38:23.984 INFO: 170 alignments done

- 09:38:24.454 INFO: Premerge done

- 09:38:24.457 INFO: Realigning 9217 HMM-HMM alignments using Maximum Accuracy algorithm

- 09:38:52.025 INFO: 9299 sequences belonging to 9299 database HMMs found with an E-value < 0.001

- 09:38:52.025 INFO: Number of effective sequences of resulting query HMM: Neff = 9.77681

     Query         ssr3_rat P30936
     Match_columns 428
     No_of_seqs    2413 out of 149455
     Neff          9.77681
     Searched_HMMs 296669
     Date          Thu Mar  9 09:38:52 2023
     Command       hhblits -i ssr3_rat-2019/msas/A/chain_A.fasta -cpu 4 -maxmem 20 -oa3m /projects/ilfgrid/people/nqz918/code/deorph/scripts/af_arman/af_jobs_af23/ssr3_rat/2019//ssr3_rat-2019/msas/A/bfd_uniref_hits.a3m -o /dev/null -n 3 -e 0.001 -maxseq 1000000 -realign_max 100000 -maxfilt 100000 -min_prefilter_hits 1000 -d /projects/ilfgrid/data/alphafold-genetic-databases///bfd/bfd_metaclust_clu_complete_id30_c90_final_seq.sorted_opt -d /projects/ilfgrid/data/alphafold-genetic-databases///uniref30/UniRef30_2021_03 
     
      No Hit                             Prob E-value P-value  Score    SS Cols Query HMM  Template HMM
       1 tr|A0A0P7U387|A0A0P7U387_9TELE 100.0 1.9E-67   2E-73  481.9   0.0  352   36-399   119-483 (556)
       2 tr|M3ZFE6|M3ZFE6_XIPMA Somatos 100.0   1E-63 1.1E-69  455.2   0.0  346   37-397    96-448 (525)
       3 tr|A0A1V4J9K1|A0A1V4J9K1_PATFA 100.0 6.5E-61 6.8E-67  455.2   0.0  387    1-418   278-672 (939)
       4 tr|A0A0F8ARD3|A0A0F8ARD3_LARCR 100.0   5E-54 5.4E-60  388.9   0.0  305   41-356    49-353 (464)
       5 tr|A0A091DWF1|A0A091DWF1_FUKDA 100.0 2.3E-52 2.4E-58  374.1   0.0  309   37-356   148-457 (483)
       6 tr|S9YJE2|S9YJE2_CAMFR Somatos 100.0 3.3E-52 3.5E-58  373.7   0.0  307   39-356   106-416 (438)
       7 tr|A0A1L8G1N6|A0A1L8G1N6_XENLA 100.0 7.6E-49 8.1E-55  358.2   0.0  290   38-344   109-401 (448)
       8 tr|A0A218VDE9|A0A218VDE9_9PASE 100.0 7.8E-46 8.2E-52  337.0   0.0  289   39-342    17-308 (556)
       9 tr|C3XVS5|C3XVS5_BRAFL Unchara 100.0 7.6E-46 8.2E-52  335.8   0.0  304   41-346    63-368 (425)
      10 tr|A0A2C9JWF9|A0A2C9JWF9_BIOGL 100.0 9.9E-46 1.1E-51  344.7   0.0  306   40-348    60-372 (403)
      11 tr|C3XSP5|C3XSP5_BRAFL Unchara 100.0 1.2E-45 1.3E-51  329.6   0.0  304   38-347    20-332 (403)
      12 tr|A0A1I8M930|A0A1I8M930_MUSDO 100.0 2.3E-45 2.4E-51  362.4   0.0  294   42-343   185-580 (963)
      13 tr|G3S2I3|G3S2I3_GORGO Opioid  100.0 3.3E-45 3.5E-51  334.1   0.0  298   38-346   155-454 (492)
      14 tr|A0A1I8PIJ9|A0A1I8PIJ9_STOCA 100.0 4.1E-45 4.4E-51  347.7   0.0  306   39-353   163-479 (680)
      15 tr|E0D358|E0D358_HEMPU Dopamin 100.0 2.9E-44 3.2E-50  329.1   0.0  298   37-345    16-332 (435)
      16 tr|A0A1I8PG61|A0A1I8PG61_STOCA 100.0 3.6E-44 3.9E-50  343.7   0.0  296   38-344   292-595 (716)
      17 tr|V8PD93|V8PD93_OPHHA Type-2  100.0 3.5E-44 3.9E-50  336.5   0.0  291   38-343    68-370 (412)
      18 tr|L7LZ94|L7LZ94_9ACAR Putativ 100.0 3.7E-44   4E-50  324.3   0.0  293   42-345    99-396 (438)
      19 tr|A0A1W4ZX05|A0A1W4ZX05_9TELE 100.0 4.5E-44 4.9E-50  333.4   0.0  297   42-342    66-386 (480)
      20 tr|A0A182G4E1|A0A182G4E1_AEDAL 100.0 4.8E-44 5.2E-50  336.0   0.0  295   41-344    63-373 (534)
      21 tr|W4Z2N2|W4Z2N2_STRPU Unchara 100.0 5.8E-44 6.2E-50  318.9   0.0  328   11-342    19-353 (406)
      22 tr|A0A1D1UXI1|A0A1D1UXI1_RAMVA 100.0 8.4E-44 8.9E-50  328.0   0.0  298   39-348    75-382 (499)
      23 tr|A0A0N8JZL4|A0A0N8JZL4_9TELE 100.0 2.1E-43 2.3E-49  326.1   0.0  298   38-342    97-413 (482)
      24 tr|A0A146TL67|A0A146TL67_FUNHE 100.0 2.1E-43 2.5E-49  341.7   0.0  290   42-344    23-407 (442)
      25 tr|A0A1A8EW90|A0A1A8EW90_9TELE 100.0 2.3E-43 2.5E-49  319.7   0.0  300   36-346    35-338 (444)
      26 tr|A0A1W2W3E6|A0A1W2W3E6_CIOIN 100.0 3.8E-43   4E-49  321.8   0.0  297   37-343    49-353 (487)
      27 tr|A0A1V4J9T1|A0A1V4J9T1_PATFA 100.0 3.9E-43 4.1E-49  314.6   0.0  291   39-342    62-356 (461)
      28 tr|A0A1A8LLP2|A0A1A8LLP2_9TELE 100.0 3.9E-43 4.2E-49  320.2   0.0  306   38-347    86-403 (455)
      29 tr|A0A131XUY2|A0A131XUY2_IXORI 100.0 6.9E-43 7.2E-49  318.7   0.0  288   41-342   157-447 (560)
      30 tr|A0A1U7TSJ4|A0A1U7TSJ4_TARSY 100.0 8.6E-43 9.1E-49  323.3   0.0  297   39-343   206-520 (600)
      31 tr|A0A0P7U0M1|A0A0P7U0M1_9TELE 100.0 8.9E-43 9.4E-49  313.6   0.0  302   40-343    96-413 (440)
      32 tr|A0A1I8MQS0|A0A1I8MQS0_MUSDO 100.0 8.7E-43 9.5E-49  333.0   0.0  292   41-343   145-441 (572)
      33 tr|K1QHX9|K1QHX9_CRAGI Somatos 100.0 9.3E-43   1E-48  324.0   0.0  296   38-344    41-342 (456)
      34 tr|A0A139WLV7|A0A139WLV7_TRICA 100.0 1.1E-42 1.2E-48  332.1   0.0  300   40-347   393-703 (792)
      35 tr|W5JTF9|W5JTF9_ANODA Somatos 100.0 1.8E-42 1.9E-48  320.6   0.0  292   43-343    52-349 (526)
      36 tr|A0A232F0R3|A0A232F0R3_9HYME 100.0 2.1E-42 2.3E-48  313.6   0.0  292   39-343    97-425 (458)
      37 tr|A7SD89|A7SD89_NEMVE Predict 100.0 2.3E-42 2.5E-48  303.9   0.0  301   36-344    28-333 (355)
      38 tr|A0A0P4XBU7|A0A0P4XBU7_9CRUS 100.0 2.4E-42 2.6E-48  329.7   0.0  293   41-341    56-415 (557)
      39 tr|A0A0P7V5N2|A0A0P7V5N2_9TELE 100.0 3.4E-42 3.7E-48  317.0   0.0  308   38-350    84-410 (468)
      40 tr|A0A2B4RXD1|A0A2B4RXD1_STYPI 100.0 3.8E-42 4.1E-48  313.1   0.0  294   38-343    86-382 (416)
      41 tr|A0A146U732|A0A146U732_FUNHE 100.0 4.9E-42 5.6E-48  341.1   0.0  301   40-340   186-546 (590)
      42 tr|A0A2B4SID7|A0A2B4SID7_STYPI 100.0 5.8E-42 6.6E-48  323.6   0.0  294   38-343    24-329 (422)
      43 tr|A0A2B4SUH3|A0A2B4SUH3_STYPI 100.0 6.6E-42 7.3E-48  315.2   0.0  300   39-346    19-336 (385)
      44 ERR1719361_2001115             100.0 7.2E-42 7.9E-48  315.3   0.0  297   39-345    18-328 (415)
      45 tr|A0A287CUD4|A0A287CUD4_ICTTR 100.0   8E-42 8.5E-48  310.5   0.0  293   39-347    12-313 (478)
      46 tr|A0A1A9ZAD8|A0A1A9ZAD8_GLOPL 100.0 8.4E-42 8.9E-48  315.5   0.0  297   37-342   114-422 (574)
      47 tr|A0A182QHF8|A0A182QHF8_9DIPT 100.0 8.6E-42 9.2E-48  317.8   0.0  297   39-343    94-408 (581)
      48 tr|A0A1S3FYW5|A0A1S3FYW5_DIPOR 100.0   1E-41 1.1E-47  301.3   0.0  295   38-346    62-363 (385)
      49 tr|A0A146NR64|A0A146NR64_FUNHE 100.0 1.4E-41 1.5E-47  309.6   0.0  291   39-342   113-421 (449)
      50 tr|A0A1D2NMB6|A0A1D2NMB6_ORCCI 100.0 1.6E-41 1.8E-47  315.6   0.0  298   38-344   144-453 (520)
      51 tr|A0A151NBW9|A0A151NBW9_ALLMI 100.0 1.8E-41   2E-47  313.3   0.0  299   41-344    76-394 (472)
      52 tr|A0A218UWX7|A0A218UWX7_9PASE 100.0   2E-41 2.2E-47  313.2   0.0  294   39-344    34-343 (474)
      53 tr|T1KPP2|T1KPP2_TETUR Unchara 100.0 2.2E-41 2.4E-47  313.4   0.0  286   41-344   147-439 (477)
      54 tr|A0A0L0C8J1|A0A0L0C8J1_LUCCU 100.0 2.3E-41 2.4E-47  316.7   0.0  289   45-344   225-521 (661)
      55 tr|A0A147AZW9|A0A147AZW9_FUNHE 100.0 2.2E-41 2.5E-47  325.6   0.0  290   44-343    84-435 (468)
      56 tr|A0A0S1YD80|A0A0S1YD80_CHISP 100.0 2.5E-41 2.7E-47  313.1   0.0  300   40-345   159-468 (513)
      57 tr|A0A0P6IZB8|A0A0P6IZB8_9CRUS 100.0 2.6E-41 2.8E-47  314.4   0.0  295   40-345   197-498 (559)
      58 tr|A0A0S0WMT8|A0A0S0WMT8_DROME 100.0 3.4E-41 3.5E-47  311.7   0.0  295   39-344   139-439 (593)
      59 tr|A0A0L8FIS6|A0A0L8FIS6_OCTBM 100.0 3.4E-41 3.7E-47  311.5   0.0  305   41-346    86-425 (485)
      60 SRR6218665_799277              100.0 3.8E-41   4E-47  301.6   0.0  304   35-344   114-422 (456)
      61 tr|A0A1V4KKE4|A0A1V4KKE4_PATFA 100.0 3.8E-41   4E-47  315.1   0.0  298   37-345   397-696 (724)
      62 tr|A0A0F8AVG0|A0A0F8AVG0_LARCR 100.0 3.9E-41 4.1E-47  308.5   0.0  292   43-345    53-347 (544)
      63 tr|F1R2F3|F1R2F3_DANRE Neurope 100.0 4.1E-41 4.4E-47  318.4   0.0  294   37-341   394-692 (731)
      64 tr|A0A2H1W6Q0|A0A2H1W6Q0_SPOFR 100.0 4.5E-41 4.9E-47  311.6   0.0  300   41-348    66-370 (466)
      65 tr|A0A2B4RYF4|A0A2B4RYF4_STYPI 100.0 4.7E-41   5E-47  304.8   0.0  295   37-341    16-311 (402)
      66 tr|B4JN40|B4JN40_DROGR GH24210 100.0 4.9E-41 5.3E-47  307.8   0.0  293   39-343   110-410 (436)
      67 tr|V8NQN2|V8NQN2_OPHHA G-prote 100.0   6E-41 6.3E-47  320.1   0.0  279   42-340   300-586 (840)
      68 tr|A0A0A7RC79|A0A0A7RC79_RHOPR 100.0 6.3E-41 6.7E-47  302.2   0.0  297   41-346    71-378 (404)
      69 tr|W4YJK4|W4YJK4_STRPU Unchara 100.0 6.2E-41 6.8E-47  312.1   0.0  299   38-346    62-374 (446)
      70 tr|A0A1D2MSE1|A0A1D2MSE1_ORCCI 100.0 6.7E-41 7.3E-47  322.1   0.0  295   39-343   104-408 (615)
      71 tr|A0A2B4RSD1|A0A2B4RSD1_STYPI 100.0 6.9E-41 7.9E-47  318.8   0.0  305   37-347    42-387 (430)
      72 tr|B4KC34|B4KC34_DROMO Unchara 100.0 7.3E-41 7.9E-47  320.5   0.0  291   41-340   188-491 (670)
      73 tr|A0A2B4SNZ1|A0A2B4SNZ1_STYPI 100.0 7.1E-41   8E-47  311.8   0.0  290   40-342    26-320 (351)
      74 tr|A0A0P5PA10|A0A0P5PA10_9CRUS 100.0 7.7E-41 8.1E-47  315.5   0.0  298   38-344   139-452 (705)
      75 tr|A0A147AUP2|A0A147AUP2_FUNHE 100.0   8E-41 8.7E-47  313.0   0.0  266   46-322   121-388 (482)
      76 tr|C3Z5T5|C3Z5T5_BRAFL Unchara 100.0 8.3E-41 8.8E-47  295.4   0.0  296   40-344    32-331 (389)
      77 tr|J9JRI9|J9JRI9_ACYPI Unchara 100.0 9.2E-41 9.8E-47  305.3   0.0  293   40-341    29-333 (490)
      78 tr|A0A232F8D2|A0A232F8D2_9HYME 100.0 9.8E-41 1.1E-46  307.3   0.0  292   38-339    64-368 (478)
      79 tr|A0A067RDC3|A0A067RDC3_ZOONE 100.0   1E-40 1.1E-46  315.9   0.0  299   41-347    67-369 (506)
      80 tr|A0A218UB83|A0A218UB83_9PASE 100.0   1E-40 1.1E-46  315.3   0.0  298   40-346   188-517 (631)
      81 tr|T1JU75|T1JU75_TETUR Unchara 100.0 1.1E-40 1.1E-46  312.4   0.0  294   40-344   138-438 (728)
      82 tr|A0A091CRU0|A0A091CRU0_FUKDA 100.0 1.1E-40 1.1E-46  321.1   0.0  284   38-344   401-695 (720)
      83 ERR1719341_586736              100.0 1.1E-40 1.2E-46  311.1   0.0  296   40-345    49-358 (513)
      84 tr|W8B9D1|W8B9D1_CERCA 5-hydro 100.0 1.4E-40 1.5E-46  311.0   0.0  318   38-363   255-647 (664)
      85 tr|K7GCC3|K7GCC3_PELSI Adrenoc 100.0 1.5E-40 1.6E-46  303.9   0.0  306   41-350    37-372 (488)
      86 tr|A0A1S3IXU4|A0A1S3IXU4_LINUN 100.0 1.5E-40 1.6E-46  303.0   0.0  293   41-344    53-348 (440)
      87 tr|W5MC67|W5MC67_LEPOC Pyroglu 100.0 1.6E-40 1.7E-46  300.6   0.0  306   39-347    47-365 (441)
      88 tr|A0A131ZXP6|A0A131ZXP6_SARSC 100.0 1.6E-40 1.7E-46  301.7   0.0  293   41-344   118-415 (480)
      89 tr|R4J1H6|R4J1H6_SALSA Cholecy 100.0 1.7E-40 1.8E-46  301.3   0.0  306   38-345    39-410 (461)
      90 tr|A0A226N2C0|A0A226N2C0_CALSU 100.0 2.2E-40 2.3E-46  305.1   0.0  304   38-348   217-527 (569)
      91 tr|A0A0P7V0U8|A0A0P7V0U8_9TELE 100.0 2.2E-40 2.4E-46  296.1   0.0  294   38-344    78-377 (439)
      92 tr|A0A182FUW3|A0A182FUW3_ANOAL 100.0 2.2E-40 2.4E-46  312.7   0.0  293   41-344   191-489 (666)
      93 tr|A0A060XRS0|A0A060XRS0_ONCMY 100.0 2.3E-40 2.4E-46  319.1   0.0  300   37-345    47-379 (900)
      94 tr|A0A2B4SSL5|A0A2B4SSL5_STYPI 100.0 2.4E-40 2.6E-46  292.3   0.0  308   37-356    13-324 (344)
      95 tr|C7SLZ0|C7SLZ0_APLKU Seroton 100.0 2.4E-40 2.7E-46  310.9   0.0  311   37-356    64-439 (485)
      96 tr|S7PUA8|S7PUA8_MYOBR C-C che 100.0 2.6E-40 2.9E-46  315.7   0.0  287   35-341   272-566 (603)
      97 tr|A0A2B4SKI0|A0A2B4SKI0_STYPI 100.0 2.8E-40   3E-46  310.5   0.0  292   43-345    95-405 (458)
      98 tr|A0A0L0BYA7|A0A0L0BYA7_LUCCU 100.0 2.9E-40 3.1E-46  309.6   0.0  290   44-342   309-627 (678)
      99 tr|A0A2D0SD29|A0A2D0SD29_ICTPU 100.0 3.3E-40 3.6E-46  303.0   0.0  288   44-340     3-307 (420)
     100 tr|A0A2B4S4U3|A0A2B4S4U3_STYPI 100.0 3.7E-40 3.9E-46  292.3   0.0  311   40-353    20-334 (359)
     101 tr|A7RYQ3|A7RYQ3_NEMVE Predict 100.0 3.9E-40 4.4E-46  306.4   0.0  292   38-345    44-339 (367)
     102 tr|A0A0P7TYE1|A0A0P7TYE1_9TELE 100.0 5.2E-40 5.5E-46  303.8   0.0  299   43-343   121-475 (507)
     103 tr|A0A147A4W2|A0A147A4W2_FUNHE 100.0 5.4E-40 5.8E-46  304.8   0.0  305   38-345    87-447 (502)
     104 tr|A0A1S3NPB2|A0A1S3NPB2_SALSA 100.0 5.6E-40   6E-46  299.8   0.0  296   38-342    32-332 (443)
     105 tr|A0A1S2ZIZ2|A0A1S2ZIZ2_ERIEU 100.0   6E-40 6.3E-46  303.9   0.0  310   39-352   194-542 (620)
     106 tr|A0A2B4S6X2|A0A2B4S6X2_STYPI 100.0 6.4E-40   7E-46  295.4   0.0  292   42-343    20-325 (379)
     107 tr|F7E6B1|F7E6B1_MONDO Tachyki 100.0 6.8E-40 7.2E-46  299.0   0.0  293   40-342    89-385 (475)
     108 tr|A0A146YGA5|A0A146YGA5_FUNHE 100.0 7.5E-40 8.4E-46  314.9   0.0  303   37-345    22-344 (521)
     109 tr|A0A091DLL4|A0A091DLL4_FUKDA 100.0 8.1E-40 8.5E-46  295.7   0.0  307   39-349    27-352 (474)
     110 tr|A0A210QY69|A0A210QY69_MIZYE 100.0 8.8E-40 9.3E-46  290.9   0.0  295   39-343    80-379 (400)
     111 tr|A0A1S3FWK5|A0A1S3FWK5_DIPOR 100.0   9E-40 9.4E-46  307.4   0.0  296   39-344   410-732 (786)
     112 tr|C3Z3H5|C3Z3H5_BRAFL Unchara 100.0 8.9E-40 9.5E-46  292.8   0.0  303   40-352    75-385 (405)
     113 tr|A0A210QNG6|A0A210QNG6_MIZYE 100.0 9.4E-40   1E-45  303.6   0.0  305   38-346    32-344 (498)
     114 tr|A0A0K0PUV0|A0A0K0PUV0_PLADU 100.0 9.7E-40 1.1E-45  297.5   0.0  294   40-342    10-334 (373)
     115 tr|A0A2B4SAJ4|A0A2B4SAJ4_STYPI 100.0 9.7E-40 1.1E-45  303.4   0.0  290   39-337    22-329 (434)
     116 SRR6218665_1158703             100.0   1E-39 1.1E-45  299.3   0.0  301   37-343    28-336 (413)
     117 tr|A7SMQ7|A7SMQ7_NEMVE Predict 100.0 1.1E-39 1.1E-45  294.5   0.0  299   42-350     8-312 (358)
     118 tr|C3ZMP9|C3ZMP9_BRAFL Unchara 100.0 1.1E-39 1.2E-45  288.4   0.0  314   22-345     7-326 (401)
     119 tr|A0A1S3W6N0|A0A1S3W6N0_ERIEU 100.0 1.2E-39 1.2E-45  303.8   0.0  298   45-345   131-447 (596)
     120 tr|W4Z9U8|W4Z9U8_STRPU Unchara 100.0 1.2E-39 1.3E-45  292.1   0.0  306   37-345    99-415 (434)
     121 tr|C3XVU5|C3XVU5_BRAFL Unchara 100.0 1.3E-39 1.4E-45  296.2   0.0  294   42-340    58-355 (439)
     122 tr|A0A2B4R9G2|A0A2B4R9G2_STYPI 100.0 1.3E-39 1.4E-45  297.5   0.0  286   40-337    55-345 (378)
     123 tr|A0A146NY53|A0A146NY53_FUNHE 100.0 1.4E-39 1.5E-45  302.7   0.0  288   45-340     6-316 (469)
     124 tr|A0A1L8HND2|A0A1L8HND2_XENLA 100.0 1.4E-39 1.5E-45  299.5   0.0  302   40-345   123-431 (452)
     125 tr|A0A1W4X208|A0A1W4X208_AGRPL 100.0 1.5E-39 1.5E-45  296.7   0.0  301   40-349    89-401 (467)
     126 tr|B4NHE1|B4NHE1_DROWI Unchara 100.0 1.5E-39 1.6E-45  303.4   0.0  293   42-342   146-455 (565)
     127 tr|A0A182FRI7|A0A182FRI7_ANOAL 100.0 1.4E-39 1.6E-45  317.8   0.0  191   40-237   107-302 (677)
     128 tr|A0A146TP77|A0A146TP77_FUNHE 100.0 1.5E-39 1.6E-45  315.4   0.0  298   41-346    42-428 (522)
     129 tr|A0A151ITZ3|A0A151ITZ3_9HYME 100.0 1.5E-39 1.7E-45  301.2   0.0  297   41-342    63-420 (481)
     130 tr|A0A0V1MVC7|A0A0V1MVC7_9BILA 100.0 1.7E-39 1.9E-45  307.4   0.0  291   41-342    76-379 (598)
     131 tr|A0A210R0K7|A0A210R0K7_MIZYE 100.0 1.7E-39 1.9E-45  297.0   0.0  302   39-342    67-426 (470)
     132 tr|A0A212C668|A0A212C668_CEREH 100.0   2E-39 2.1E-45  299.4   0.0  292   42-341   216-556 (558)
     133 tr|A0A2B4STD8|A0A2B4STD8_STYPI 100.0   2E-39 2.2E-45  307.8   0.0  287   40-341    93-384 (524)
     134 tr|A0A1V4KUV7|A0A1V4KUV7_PATFA 100.0 2.2E-39 2.3E-45  290.4   0.0  288   44-344   117-413 (450)
     135 tr|A0A0P6B3L3|A0A0P6B3L3_9CRUS 100.0 2.2E-39 2.3E-45  299.4   0.0  293   39-342    26-413 (623)
     136 tr|A0A2C9GPU2|A0A2C9GPU2_ANOAR 100.0 2.2E-39 2.4E-45  314.0   0.0  292   41-337   318-632 (818)
     137 tr|A0A147AMP5|A0A147AMP5_FUNHE 100.0 2.1E-39 2.4E-45  314.2   0.0  299   38-345    24-431 (475)
     138 tr|H2Q292|H2Q292_PANTR Unchara 100.0 2.3E-39 2.5E-45  295.9   0.0  312   38-356    74-418 (492)
     139 tr|A0A0P7V1N0|A0A0P7V1N0_9TELE 100.0 2.4E-39 2.5E-45  291.0   0.0  290   40-340   109-403 (436)
     140 tr|E6ZEU6|E6ZEU6_DICLA Neurome 100.0 2.9E-39 3.1E-45  301.6   0.0  297   45-345    88-398 (461)
     141 tr|T1KTS6|T1KTS6_TETUR Unchara 100.0   3E-39 3.2E-45  303.1   0.0  297   38-343   112-420 (587)
     142 tr|W8C2A8|W8C2A8_CERCA Neurope 100.0 3.2E-39 3.4E-45  312.1   0.0  316   12-340   235-563 (827)
     143 tr|A7RNV5|A7RNV5_NEMVE Predict 100.0 3.3E-39 3.6E-45  292.4   0.0  295   41-346    27-334 (377)
     144 tr|A0A2B4RR50|A0A2B4RR50_STYPI 100.0 3.4E-39 3.6E-45  294.2   0.0  302   39-346    23-330 (411)
     145 tr|A0A1I8FSG9|A0A1I8FSG9_9PLAT 100.0 3.4E-39 3.6E-45  298.1   0.0  294   43-344   105-451 (550)
     146 tr|L5JUA4|L5JUA4_PTEAL Neurope 100.0 3.6E-39 3.8E-45  297.6   0.0  315   38-363    28-359 (509)
     147 tr|A0A226ENA2|A0A226ENA2_FOLCA 100.0 3.8E-39   4E-45  297.6   0.0  334   10-343    34-407 (566)
     148 tr|A0A1S3L0J1|A0A1S3L0J1_SALSA 100.0 3.7E-39   4E-45  299.3   0.0  293   41-342    71-406 (533)
     149 tr|L8Y5L0|L8Y5L0_TUPCH Alpha-2 100.0 3.8E-39   4E-45  312.6   0.0  294   40-343   388-820 (823)
     150 tr|A0A182L9N8|A0A182L9N8_9DIPT 100.0 3.8E-39 4.2E-45  301.5   0.0  294   41-343    84-384 (490)
     151 SRR6218665_1286431             100.0   4E-39 4.3E-45  292.3   0.0  298   39-344    41-343 (477)
     152 tr|A0A1I8N820|A0A1I8N820_MUSDO 100.0 4.1E-39 4.3E-45  308.1   0.0  290   41-339   300-635 (880)
     153 tr|A0A0L7QUK8|A0A0L7QUK8_9HYME 100.0 4.6E-39 4.9E-45  307.5   0.0  296   35-340   191-497 (806)
     154 tr|A7RRH0|A7RRH0_NEMVE Predict 100.0 4.8E-39 5.2E-45  308.3   0.0  293   40-343    21-317 (700)
     155 SRR6218665_147192              100.0 5.2E-39 5.6E-45  296.3   0.0  302   36-343    91-398 (466)
     156 tr|A0A1V4JMN9|A0A1V4JMN9_PATFA 100.0 5.3E-39 5.6E-45  296.4   0.0  297   41-341    88-421 (537)
     157 tr|A0A1W0XC38|A0A1W0XC38_HYPDU 100.0 5.4E-39 5.7E-45  294.6   0.0  302   42-343    40-374 (534)
     158 tr|A0A2B4RYW3|A0A2B4RYW3_STYPI 100.0 5.5E-39 5.8E-45  321.1   0.0  304   42-357    36-342 (1580)
     159 tr|W4Z3I5|W4Z3I5_STRPU Unchara 100.0 6.3E-39 6.8E-45  293.2   0.0  303   37-341    40-393 (461)
     160 tr|A0A061IHH7|A0A061IHH7_CRIGR 100.0 6.9E-39 7.5E-45  320.7   0.0  294   40-343   615-921 (934)
     161 tr|A0A210QT45|A0A210QT45_MIZYE 100.0 7.4E-39 7.8E-45  284.1   0.0  293   42-337    34-337 (395)
     162 tr|A0A1L7H7D8|A0A1L7H7D8_SACKO 100.0 7.6E-39   8E-45  286.5   0.0  294   39-345    65-368 (424)
     163 tr|A0A0P6B7K0|A0A0P6B7K0_9CRUS 100.0 7.5E-39 8.1E-45  304.7   0.0  305   38-347   105-493 (579)
     164 tr|A0A061ILI5|A0A061ILI5_CRIGR 100.0 8.9E-39 9.3E-45  291.6   0.0  290   43-344   195-494 (528)
     165 tr|W4XZB8|W4XZB8_STRPU Unchara 100.0   9E-39 9.8E-45  292.3   0.0  285   45-340    19-309 (400)
     166 tr|A0A060X5F3|A0A060X5F3_ONCMY 100.0 9.7E-39 1.1E-44  315.9   0.0  281   40-340   409-701 (840)
     167 tr|A7RQG0|A7RQG0_NEMVE Predict 100.0   1E-38 1.1E-44  292.9   0.0  303   38-347    10-320 (351)
     168 tr|A0A0Q3PK06|A0A0Q3PK06_AMAAE 100.0 1.1E-38 1.2E-44  308.9   0.0  320   12-339   480-828 (901)
     169 tr|A7SFM3|A7SFM3_NEMVE Predict 100.0 1.1E-38 1.2E-44  296.8   0.0  298   38-343    31-339 (356)
     170 tr|A0A193KU92|A0A193KU92_SCHMD 100.0 1.1E-38 1.2E-44  294.6   0.0  306   35-347    47-412 (478)
     171 tr|A0A183W5E7|A0A183W5E7_TRIRE 100.0 1.2E-38 1.2E-44  293.5   0.0  301   39-345    45-356 (503)
     172 tr|A0A212EZN3|A0A212EZN3_DANPL 100.0 1.2E-38 1.3E-44  295.1   0.0  293   40-342    49-355 (488)
     173 tr|A0A0K0PUJ3|A0A0K0PUJ3_PLADU 100.0 1.2E-38 1.3E-44  288.0   0.0  298   41-343    49-351 (475)
     174 tr|A0A0P6C571|A0A0P6C571_9CRUS 100.0 1.2E-38 1.3E-44  293.3   0.0  299   41-341    51-445 (558)
     175 tr|A0A2G8KL37|A0A2G8KL37_STIJA 100.0 1.2E-38 1.3E-44  284.0   0.0  334   20-356    22-415 (439)
     176 tr|A0A1I8MRR4|A0A1I8MRR4_MUSDO 100.0 1.3E-38 1.3E-44  304.3   0.0  293   41-342   254-559 (819)
     177 tr|A0A182U1B5|A0A182U1B5_9DIPT 100.0 1.4E-38 1.5E-44  299.9   0.0  294   39-342    33-344 (620)
     178 tr|A0A147AXX1|A0A147AXX1_FUNHE 100.0 1.5E-38 1.6E-44  289.7   0.0  291   39-344    31-332 (490)
     179 tr|A0A1I8HW07|A0A1I8HW07_9PLAT 100.0 1.5E-38 1.6E-44  302.5   0.0  300   38-346   211-515 (891)
     180 tr|A0A147BFV4|A0A147BFV4_IXORI 100.0 1.6E-38 1.7E-44  284.0   0.0  297   40-346    35-339 (402)
     181 ERR1719510_236906              100.0 1.8E-38   2E-44  303.8   0.0  298   39-346    76-378 (577)
     182 tr|L9JWP3|L9JWP3_TUPCH C-C che 100.0 1.8E-38   2E-44  307.2   0.0  282   38-341   380-669 (702)
     183 tr|J9K651|J9K651_ACYPI Unchara 100.0   2E-38 2.1E-44  288.0   0.0  300   43-350    87-396 (440)
     184 tr|A7RYR4|A7RYR4_NEMVE Predict 100.0 1.9E-38 2.2E-44  296.5   0.0  290   45-348    21-314 (352)
     185 tr|A0A2B4SAU9|A0A2B4SAU9_STYPI 100.0 2.1E-38 2.2E-44  312.2   0.0  298   40-345    18-319 (850)
     186 tr|A0A0R4IQ19|A0A0R4IQ19_DANRE 100.0 2.2E-38 2.3E-44  280.6   0.0  290   42-344    52-350 (384)
     187 tr|A0A2B4SIA2|A0A2B4SIA2_STYPI 100.0 2.1E-38 2.4E-44  290.8   0.0  299   39-344    52-363 (370)
     188 tr|A0A0N0BC55|A0A0N0BC55_9HYME 100.0 2.3E-38 2.4E-44  292.5   0.0  292   40-343   200-495 (615)
     189 tr|A0A1S2ZMW0|A0A1S2ZMW0_ERIEU 100.0 2.3E-38 2.4E-44  279.7   0.0  299   40-353   152-453 (490)
     190 tr|A0A091DX38|A0A091DX38_FUKDA 100.0 2.3E-38 2.4E-44  303.0   0.0  292   40-344   137-431 (878)
     191 tr|A7S585|A7S585_NEMVE Predict 100.0 2.3E-38 2.5E-44  290.7   0.0  300   39-346    18-330 (374)
     192 tr|A0A2B4RGY6|A0A2B4RGY6_STYPI 100.0 2.4E-38 2.7E-44  289.3   0.0  288   45-343     6-298 (348)
     193 tr|A0A1E1WD65|A0A1E1WD65_PECGO 100.0 2.5E-38 2.7E-44  300.9   0.0  321   14-343    67-530 (584)
     194 tr|K1PEH3|K1PEH3_CRAGI Neurope 100.0 2.8E-38 3.1E-44  286.6   0.0  299   39-348    41-364 (411)
     195 tr|A7S169|A7S169_NEMVE Predict 100.0 2.8E-38 3.1E-44  285.8   0.0  289   43-344    16-309 (347)
     196 tr|A7RKH9|A7RKH9_NEMVE Predict 100.0 2.8E-38 3.1E-44  285.0   0.0  290   39-344    19-316 (336)
     197 tr|A0A218V410|A0A218V410_9PASE 100.0   3E-38 3.1E-44  280.7   0.0  302   40-356    94-407 (427)
     198 tr|I3KRG5|I3KRG5_ORENI FGFR1 o 100.0 2.9E-38 3.2E-44  297.0   0.0  282   41-342   143-450 (489)
     199 tr|A0A183TGM8|A0A183TGM8_SCHSO 100.0   3E-38 3.2E-44  289.9   0.0  298   37-343    56-374 (446)
     200 tr|A0A210Q372|A0A210Q372_MIZYE 100.0 3.1E-38 3.3E-44  290.7   0.0  297   43-346    53-359 (439)
     201 tr|L5M4Z9|L5M4Z9_MYODS C-C che 100.0 3.2E-38 3.4E-44  293.3   0.0  281   42-341   266-555 (590)
     202 tr|A0A0P5T2I6|A0A0P5T2I6_9CRUS 100.0 3.3E-38 3.6E-44  295.7   0.0  300   40-344    60-413 (542)
     203 tr|A0A218UTA6|A0A218UTA6_9PASE 100.0 3.6E-38 3.8E-44  299.3   0.0  293   43-344    55-446 (738)
     204 tr|A0A1S3NNV5|A0A1S3NNV5_SALSA 100.0 3.5E-38 3.8E-44  290.6   0.0  295   42-340    59-379 (499)
     205 SRR6218665_1050351             100.0 3.5E-38 3.8E-44  288.9   0.0  288   40-339    71-364 (398)
     206 tr|A0A2B4RXA7|A0A2B4RXA7_STYPI 100.0 3.5E-38 3.9E-44  287.5   0.0  258   58-347    16-279 (328)
     207 tr|A0A1S3JCV4|A0A1S3JCV4_LINUN 100.0 3.7E-38 3.9E-44  283.9   0.0  304   39-345    56-372 (414)
     208 tr|A7RKP0|A7RKP0_NEMVE Predict 100.0 3.6E-38   4E-44  285.8   0.0  290   45-342     7-308 (350)
     209 tr|A7SX62|A7SX62_NEMVE Predict 100.0 3.8E-38   4E-44  277.8   0.0  276   52-346    25-305 (335)
     210 tr|K1PQW2|K1PQW2_CRAGI Putativ 100.0 3.9E-38 4.1E-44  284.6   0.0  301   39-347    51-359 (437)
     211 tr|A0A1D1V6H4|A0A1D1V6H4_RAMVA 100.0   4E-38 4.2E-44  291.0   0.0  300   40-347    56-379 (498)
     212 tr|A0A1W4X1F3|A0A1W4X1F3_AGRPL 100.0 4.3E-38 4.7E-44  290.9   0.0  296   41-344   129-434 (485)
     213 tr|I6R4U4|I6R4U4_9BILA Onychop 100.0 4.9E-38 5.3E-44  306.6   0.0  297   41-340   139-443 (873)
     214 tr|A0A151NSA8|A0A151NSA8_ALLMI 100.0   5E-38 5.4E-44  288.1   0.0  284   37-341    80-374 (406)
     215 tr|A0A210QIB3|A0A210QIB3_MIZYE 100.0 5.1E-38 5.4E-44  289.1   0.0  303   41-346    91-404 (543)
     216 Marorgknorr_s2lv_2_1036014.sca 100.0 5.1E-38 5.6E-44  288.5   0.0  307   39-347    23-337 (366)
     217 tr|L9JDH9|L9JDH9_TUPCH Orexin  100.0 5.4E-38 5.7E-44  292.3   0.0  304   37-344   211-576 (621)
     218 tr|L7LWW3|L7LWW3_9ACAR Putativ 100.0 5.6E-38   6E-44  296.1   0.0  188   43-238   108-298 (624)
     219 tr|A0A2B4SHS9|A0A2B4SHS9_STYPI 100.0 5.6E-38   6E-44  297.9   0.0  304   35-342    18-326 (566)
     220 tr|A0A210QTN0|A0A210QTN0_MIZYE 100.0 5.7E-38 6.1E-44  279.6   0.0  336    4-347     8-365 (384)
     221 tr|A0A1S3NAI3|A0A1S3NAI3_SALSA 100.0 5.8E-38 6.1E-44  282.7   0.0  287   43-343    93-388 (439)
     222 tr|A7SGB7|A7SGB7_NEMVE Predict 100.0   6E-38 6.6E-44  284.9   0.0  294   38-340    10-304 (353)
     223 tr|A0A2H1WMM8|A0A2H1WMM8_SPOFR 100.0 6.3E-38 6.6E-44  282.3   0.0  295   40-342    29-327 (462)
     224 tr|W4Y502|W4Y502_STRPU Unchara 100.0 6.1E-38 6.6E-44  289.8   0.0  276   48-343   111-389 (422)
     225 tr|A0A0P7U113|A0A0P7U113_9TELE 100.0 7.1E-38 7.7E-44  289.6   0.0  270   42-335   144-415 (452)
     226 tr|A0A147AVH6|A0A147AVH6_FUNHE 100.0 7.3E-38 7.9E-44  295.9   0.0  282   48-339   195-618 (618)
     227 tr|C3Z617|C3Z617_BRAFL Unchara 100.0 7.5E-38 7.9E-44  280.1   0.0  292   43-339    31-337 (426)
     228 tr|A0A146PN09|A0A146PN09_FUNHE 100.0 7.2E-38 8.3E-44  302.6   0.0  297   37-347    31-401 (432)
     229 tr|A0A0B2UYY4|A0A0B2UYY4_TOXCA 100.0 7.8E-38 8.5E-44  288.2   0.0  292   42-344    79-388 (437)
     230 tr|M3ZYH7|M3ZYH7_XIPMA Unchara 100.0 7.8E-38 8.5E-44  287.8   0.0  292   37-347    77-379 (397)
     231 tr|A0A2C9JTE5|A0A2C9JTE5_BIOGL 100.0 8.3E-38 8.8E-44  281.8   0.0  324   17-351    24-357 (422)
     232 tr|A0A1S3GY13|A0A1S3GY13_LINUN 100.0 9.3E-38 9.9E-44  289.4   0.0  311   38-356    73-455 (521)
     233 tr|A0A096NTW4|A0A096NTW4_PAPAN 100.0 9.3E-38 9.9E-44  284.3   0.0  290   45-343   132-428 (442)
     234 ERR1719232_11025               100.0 9.5E-38   1E-43  294.8   0.0  298   41-338    83-398 (559)
     235 tr|A0A1I8NNA2|A0A1I8NNA2_STOCA 100.0 9.8E-38   1E-43  293.0   0.0  297   41-345    85-438 (672)
     236 tr|M7BJE0|M7BJE0_CHEMY 5-hydro 100.0 9.7E-38   1E-43  299.0   0.0  283   49-342   275-593 (685)
     237 tr|A0A1A8K3T1|A0A1A8K3T1_NOTKU 100.0   1E-37 1.1E-43  291.6   0.0  295   43-345    46-488 (621)
     238 tr|Q6VUB7|Q6VUB7_BRAFL Dopamin 100.0   1E-37 1.1E-43  274.0   0.0  295   38-344    32-341 (394)
     239 tr|A0A2C9K1H0|A0A2C9K1H0_BIOGL 100.0   1E-37 1.1E-43  291.8   0.0  289   48-344     8-299 (607)
     240 tr|I2FKE9|I2FKE9_GRYBI Dopamin 100.0   1E-37 1.1E-43  289.1   0.0  293   38-340    33-357 (485)
     241 tr|B3LYB5|B3LYB5_DROAN Unchara 100.0   1E-37 1.1E-43  289.6   0.0  302   40-351   124-460 (567)
     242 tr|A7SIX0|A7SIX0_NEMVE Predict 100.0 1.1E-37 1.1E-43  283.5   0.0  295   40-343    19-320 (403)
     243 tr|E2AX14|E2AX14_CAMFO Neurope 100.0 1.1E-37 1.2E-43  296.2   0.0  296   38-338    70-389 (614)
     244 tr|A0A091DJ75|A0A091DJ75_FUKDA 100.0 1.2E-37 1.3E-43  280.0   0.0  277   51-339   106-486 (486)
     245 tr|U3U4E1|U3U4E1_NILLU Neurope 100.0 1.2E-37 1.3E-43  295.5   0.0  301   41-346   148-473 (606)
     246 tr|A0A210QVM6|A0A210QVM6_MIZYE 100.0 1.3E-37 1.3E-43  278.5   0.0  303   41-346    76-389 (413)
     247 tr|A0A2B4S1Z5|A0A2B4S1Z5_STYPI 100.0 1.2E-37 1.3E-43  291.8   0.0  272   41-343    21-300 (514)
     248 tr|A0A1D2N5F0|A0A1D2N5F0_ORCCI 100.0 1.3E-37 1.4E-43  288.2   0.0  294   42-343    51-350 (559)
     249 tr|A0A1W0WKP0|A0A1W0WKP0_HYPDU 100.0 1.3E-37 1.4E-43  289.7   0.0  297   41-345    72-383 (624)
     250 tr|A7SFG7|A7SFG7_NEMVE Predict 100.0 1.3E-37 1.4E-43  282.8   0.0  289   39-338    17-309 (364)
     251 tr|A0A091DB56|A0A091DB56_FUKDA 100.0 1.4E-37 1.5E-43  278.5   0.0  291   40-341   158-453 (454)
     252 tr|A0A1A9ZM95|A0A1A9ZM95_GLOPL 100.0 1.4E-37 1.5E-43  282.8   0.0  299   41-347    90-399 (481)
     253 tr|A0A060XH49|A0A060XH49_ONCMY 100.0 1.4E-37 1.5E-43  305.5   0.0  292   53-348    56-390 (945)
     254 tr|A0A1U7SLA2|A0A1U7SLA2_TARSY 100.0 1.6E-37 1.7E-43  289.4   0.0  296   43-347   122-455 (601)
     255 tr|W4Y131|W4Y131_STRPU Unchara 100.0 1.7E-37 1.8E-43  279.4   0.0  288   46-343    55-357 (424)
     256 AntAceMinimDraft_8_1070364.sca 100.0 1.7E-37 1.8E-43  280.7   0.0  311   38-355    30-371 (406)
     257 tr|C3YFL4|C3YFL4_BRAFL Unchara 100.0 1.7E-37 1.8E-43  284.7   0.0  316   13-342    63-385 (591)
     258 tr|A0A091DQD0|A0A091DQD0_FUKDA 100.0 1.7E-37 1.8E-43  286.2   0.0  283   39-342   173-464 (499)
     259 tr|A0A1V4JU97|A0A1V4JU97_PATFA 100.0 1.7E-37 1.8E-43  295.1   0.0  299   40-342    59-361 (615)
     260 tr|A0A1I8PF57|A0A1I8PF57_STOCA 100.0 1.8E-37 1.9E-43  299.2   0.0  299   40-345   378-750 (784)
     261 tr|A0A0N7ZC69|A0A0N7ZC69_9EUCA 100.0 1.9E-37 1.9E-43  276.2   0.0  291   42-344    63-359 (430)
     262 tr|K1PQM6|K1PQM6_CRAGI Putativ 100.0 1.8E-37   2E-43  283.1   0.0  304   43-349    88-402 (429)
     263 tr|A0A139WEA0|A0A139WEA0_TRICA 100.0 1.9E-37   2E-43  276.7   0.0  296   43-343    91-407 (464)
     264 tr|A0A218UP03|A0A218UP03_9PASE 100.0 1.9E-37   2E-43  302.3   0.0  281   40-340   784-1073(1110)
     265 tr|A0A218V371|A0A218V371_9PASE 100.0   2E-37 2.1E-43  286.1   0.0  304   36-350   255-566 (606)
     266 tr|T1JSJ3|T1JSJ3_TETUR Unchara 100.0 2.1E-37 2.2E-43  294.5   0.0  294   42-342   244-645 (747)
     267 tr|A0A2B4RHV8|A0A2B4RHV8_STYPI 100.0 2.1E-37 2.2E-43  282.0   0.0  301   38-356   109-415 (421)
     268 tr|C3XPE3|C3XPE3_BRAFL Unchara 100.0 2.1E-37 2.2E-43  307.1   0.0  295   39-344   730-1043(1421)
     269 tr|A0A147A9P7|A0A147A9P7_FUNHE 100.0 2.2E-37 2.3E-43  286.2   0.0  292   48-343    17-345 (523)
     270 tr|A0A1S3F7I6|A0A1S3F7I6_DIPOR 100.0 2.2E-37 2.3E-43  283.7   0.0  286   41-342   162-465 (543)
     271 tr|A0A0K2TJR3|A0A0K2TJR3_LEPSM 100.0 2.2E-37 2.4E-43  277.2   0.0  295   42-342    51-357 (402)
     272 tr|G3R6B9|G3R6B9_GORGO Neurope 100.0 2.3E-37 2.4E-43  282.3   0.0  286   45-338   147-451 (522)
     273 tr|S7PTD0|S7PTD0_MYOBR Mu-type 100.0 2.6E-37 2.6E-43  275.7   0.0  289   39-338    66-401 (489)
     274 tr|M3YYC3|M3YYC3_MUSPF Melanin 100.0 2.5E-37 2.7E-43  276.6   0.0  289   40-341   108-403 (426)
     275 tr|A0A1D1W534|A0A1D1W534_RAMVA 100.0 2.7E-37 2.8E-43  283.0   0.0  340   14-357    26-442 (493)
     276 tr|K1QBA5|K1QBA5_CRAGI Neurope 100.0 2.7E-37 2.9E-43  277.8   0.0  309   34-349    20-347 (401)
     277 tr|A0A226N7X5|A0A226N7X5_CALSU 100.0 2.9E-37   3E-43  273.1   0.0  293   38-341   121-417 (419)
     278 tr|A0A2B4RSX7|A0A2B4RSX7_STYPI 100.0 2.8E-37 3.1E-43  283.7   0.0  296   40-344    53-364 (389)
     279 tr|A0A0K0PVS0|A0A0K0PVS0_PLADU 100.0 2.9E-37 3.2E-43  277.0   0.0  295   37-343    39-339 (382)
     280 tr|A0A2B4RYN6|A0A2B4RYN6_STYPI 100.0 3.2E-37 3.4E-43  299.5   0.0  295   44-345     7-310 (881)
     281 tr|A0A0P6HXT6|A0A0P6HXT6_9CRUS 100.0 3.3E-37 3.5E-43  282.0   0.0  294   38-341   145-445 (447)
     282 ERR550534_208423               100.0 3.7E-37 3.9E-43  285.3   0.0  291   41-339    83-396 (568)
     283 tr|A0A2G9R7F4|A0A2G9R7F4_LITCT 100.0 3.7E-37   4E-43  279.8   0.0  280   39-339    42-329 (408)
     284 tr|A0A182GK28|A0A182GK28_AEDAL 100.0   4E-37 4.2E-43  283.8   0.0  290   39-345    32-322 (506)
     285 tr|A0A1W2W6Z4|A0A1W2W6Z4_CIOIN 100.0 4.1E-37 4.4E-43  292.1   0.0  289   42-342    95-399 (629)
     286 tr|G1T869|G1T869_RABIT B2 brad 100.0 4.2E-37 4.5E-43  281.0   0.0  290   40-344   107-409 (446)
     287 sp|Q804Q2|OPN4B_GADMO Melanops 100.0 4.4E-37 4.7E-43  288.0   0.0  297   40-339    13-314 (615)
     288 tr|A0A2B4REF9|A0A2B4REF9_STYPI 100.0 4.5E-37 4.9E-43  310.9   0.0  294   42-343   922-1232(1279)
     289 tr|A0A2B4RYK8|A0A2B4RYK8_STYPI 100.0 4.5E-37 4.9E-43  297.7   0.0  306   37-347    16-337 (761)
     290 tr|A0A0R4J0Z2|A0A0R4J0Z2_MOUSE 100.0 4.8E-37   5E-43  271.4   0.0  289   38-337    61-351 (456)
     291 tr|A0A0Q3X1E4|A0A0Q3X1E4_AMAAE 100.0 4.7E-37   5E-43  293.7   0.0  297   41-339   152-500 (789)
     292 tr|A7RVQ0|A7RVQ0_NEMVE Predict 100.0 4.6E-37 5.1E-43  285.8   0.0  301   38-345    21-335 (398)
     293 tr|B4N448|B4N448_DROWI Unchara 100.0 4.9E-37 5.1E-43  277.0   0.0  293   42-343    78-378 (502)
     294 tr|A7S3S6|A7S3S6_NEMVE Predict 100.0 4.7E-37 5.3E-43  286.8   0.0  286   37-329    14-306 (365)
     295 tr|K1RR88|K1RR88_CRAGI 5-hydro 100.0 5.1E-37 5.4E-43  275.7   0.0  304   35-344    46-354 (407)
     296 ERR1719270_744271              100.0   5E-37 5.4E-43  290.5   0.0  293   43-343     8-356 (568)
     297 tr|K1PPZ4|K1PPZ4_CRAGI Rhodops 100.0 5.1E-37 5.5E-43  285.5   0.0  331   10-344    13-355 (519)
     298 tr|A0A226PTD4|A0A226PTD4_COLVI 100.0 5.2E-37 5.5E-43  281.5   0.0  287   43-339   108-516 (516)
     299 tr|Q29XY7|Q29XY7_APLCA Dopamin 100.0 5.3E-37 5.6E-43  282.1   0.0  295   38-342    47-378 (450)
     300 tr|A0A087UNN0|A0A087UNN0_9ARAC 100.0 5.7E-37   6E-43  276.9   0.0  291   39-339    46-349 (438)
     301 tr|A0A146ZQA7|A0A146ZQA7_FUNHE 100.0 5.8E-37   6E-43  281.3   0.0  322   17-346    52-465 (549)
     302 tr|T1L051|T1L051_TETUR Unchara 100.0 5.8E-37 6.2E-43  286.4   0.0  299   43-349    91-395 (598)
     303 tr|W8BXQ8|W8BXQ8_CERCA Somatos 100.0 6.3E-37 6.5E-43  278.2   0.0  290   43-343   147-444 (574)
     304 tr|B3MYQ9|B3MYQ9_DROAN Unchara 100.0 6.3E-37 6.7E-43  290.1   0.0  295   38-342    33-398 (686)
     305 tr|A0A0N8EPB2|A0A0N8EPB2_9CRUS 100.0 6.6E-37 6.8E-43  277.7   0.0  303   39-346    59-415 (544)
     306 tr|V8NTH6|V8NTH6_OPHHA N-arach 100.0 6.3E-37 6.9E-43  302.4   0.0  294   39-344    22-326 (785)
     307 tr|A0A0Q3MBC6|A0A0Q3MBC6_AMAAE 100.0 6.7E-37 7.2E-43  297.0   0.0  292   39-341   519-821 (838)
     308 tr|A0A1W0XC36|A0A1W0XC36_HYPDU 100.0   7E-37 7.3E-43  286.3   0.0  298   40-344    23-396 (722)
     309 tr|A7SBY6|A7SBY6_NEMVE Predict 100.0   7E-37 7.9E-43  291.7   0.0  297   38-342    14-310 (467)
     310 tr|Q9NHF3|Q9NHF3_APLCA Octopam 100.0 8.6E-37   9E-43  271.0   0.0  296   39-342    32-352 (394)
     311 tr|A0A0Q3X582|A0A0Q3X582_AMAAE 100.0 8.3E-37 9.1E-43  289.3   0.0  296   39-345    75-389 (504)
     312 tr|A0A1W0XEP8|A0A1W0XEP8_HYPDU 100.0 8.8E-37 9.4E-43  280.0   0.0  326   16-348    35-376 (440)
     313 tr|A0A1D2MMS7|A0A1D2MMS7_ORCCI 100.0 9.1E-37 9.7E-43  289.0   0.0  283   38-342   116-405 (612)
     314 tr|A0A218UPZ1|A0A218UPZ1_9PASE 100.0 9.5E-37   1E-42  281.7   0.0  283   37-339   208-501 (534)
     315 tr|A0A2B4SDF9|A0A2B4SDF9_STYPI 100.0 9.5E-37   1E-42  269.8   0.0  297   39-343    30-328 (356)
     316 tr|W4YH96|W4YH96_STRPU Unchara 100.0   1E-36 1.1E-42  269.2   0.0  291   38-341    29-324 (394)
     317 tr|W4Z105|W4Z105_STRPU Unchara 100.0   1E-36 1.1E-42  275.6   0.0  296   40-346    61-360 (433)
     318 tr|A0A183VWV4|A0A183VWV4_TRIRE 100.0   1E-36 1.1E-42  279.9   0.0  300   37-346    42-452 (509)
     319 tr|A0A0A1XP03|A0A0A1XP03_ZEUCU 100.0 1.1E-36 1.2E-42  295.9   0.0  300   39-344   228-542 (660)
     320 tr|A0A0P7XE55|A0A0P7XE55_9TELE 100.0 1.2E-36 1.2E-42  289.3   0.0  297   39-344    44-370 (782)
     321 tr|A0A1U7TJB8|A0A1U7TJB8_TARSY 100.0 1.2E-36 1.3E-42  280.0   0.0  290   48-346   265-566 (585)
     322 tr|A0A1W3JCR6|A0A1W3JCR6_CIOIN 100.0 1.3E-36 1.4E-42  271.7   0.0  311   36-356    64-389 (472)
     323 tr|A0A1L8F837|A0A1L8F837_XENLA 100.0 1.3E-36 1.4E-42  271.0   0.0  293   44-344    24-319 (349)
     324 tr|A0A147AQT9|A0A147AQT9_FUNHE 100.0 1.3E-36 1.4E-42  283.0   0.0  311   39-356    86-480 (633)
     325 tr|Q8MTW6|Q8MTW6_SPISO Putativ 100.0 1.3E-36 1.4E-42  274.7   0.0  299   38-344    29-353 (388)
     326 tr|A0A1S3J712|A0A1S3J712_LINUN 100.0 1.4E-36 1.4E-42  274.1   0.0  302   38-347    65-387 (437)
     327 tr|J9JXD7|J9JXD7_ACYPI Unchara 100.0 1.4E-36 1.5E-42  287.2   0.0  296   39-343   216-516 (627)
     328 tr|A0A2B4RI42|A0A2B4RI42_STYPI 100.0 1.4E-36 1.5E-42  275.8   0.0  301   38-346    17-330 (367)
     329 ERR1719204_1244905             100.0 1.5E-36 1.6E-42  280.0   0.0  293   41-338    84-381 (473)
     330 tr|A7S8R9|A7S8R9_NEMVE Predict 100.0 1.5E-36 1.7E-42  281.1   0.0  294   40-341    20-338 (398)
     331 tr|A0A2B4SUU8|A0A2B4SUU8_STYPI 100.0 1.6E-36 1.8E-42  287.2   0.0  292   43-344    18-313 (557)
     332 tr|A0A1V4KK28|A0A1V4KK28_PATFA 100.0 1.7E-36 1.8E-42  275.0   0.0  299   37-342   125-428 (478)
     333 SRR6218665_741833              100.0 1.7E-36 1.8E-42  277.0   0.0  298   40-343    43-346 (426)
     334 tr|A0A1A9YSZ7|A0A1A9YSZ7_GLOFF 100.0 1.8E-36 1.9E-42  289.5   0.0  289   41-338   244-576 (750)
     335 tr|A0A091DBP5|A0A091DBP5_FUKDA 100.0 1.8E-36 1.9E-42  299.4   0.0  283   42-345   579-871 (894)
     336 tr|A0A091E4L4|A0A091E4L4_FUKDA 100.0 1.9E-36   2E-42  292.4   0.0  288   43-341   729-1019(1054)
     337 tr|A0A0F8CMC2|A0A0F8CMC2_LARCR 100.0 1.9E-36 2.1E-42  287.5   0.0  279   40-338   332-639 (680)
     338 tr|A0A0L0C0N1|A0A0L0C0N1_LUCCU 100.0 1.9E-36 2.1E-42  287.8   0.0  300   39-345   309-673 (707)
     339 tr|A0A2B4SUB9|A0A2B4SUB9_STYPI 100.0 1.9E-36 2.1E-42  303.0   0.0  289   45-347     5-298 (758)
     340 tr|W4XVA2|W4XVA2_STRPU Unchara 100.0   2E-36 2.2E-42  287.8   0.0  295   38-344    61-374 (519)
     341 tr|B4M0I5|B4M0I5_DROVI Unchara 100.0 2.1E-36 2.2E-42  276.3   0.0  288   43-339   103-419 (506)
     342 tr|A0A147AYJ0|A0A147AYJ0_FUNHE 100.0 2.1E-36 2.2E-42  274.9   0.0  301   38-342    23-399 (497)
     343 tr|A0A0M9A044|A0A0M9A044_9HYME 100.0 2.3E-36 2.3E-42  270.8   0.0  298   40-345    30-329 (489)
     344 tr|C3Z7J8|C3Z7J8_BRAFL Unchara 100.0 2.3E-36 2.4E-42  278.8   0.0  306   41-348   141-464 (549)
     345 tr|A0A182P8Z5|A0A182P8Z5_9DIPT 100.0 2.4E-36 2.5E-42  278.9   0.0  308   40-353   115-433 (503)
     346 tr|Q8MX83|Q8MX83_APLCA G-prote 100.0 2.4E-36 2.6E-42  282.7   0.0  292   43-344   125-565 (567)
     347 tr|A7RMJ9|A7RMJ9_NEMVE Predict 100.0 2.4E-36 2.6E-42  272.5   0.0  295   44-346    22-381 (394)
     348 tr|A0A1V4K609|A0A1V4K609_PATFA 100.0 2.5E-36 2.6E-42  270.4   0.0  259   40-341   115-377 (403)
     349 tr|W5NXE0|W5NXE0_SHEEP Opioid  100.0 2.6E-36 2.7E-42  267.2   0.0  290   41-341    41-333 (431)
     350 tr|Q2V625|Q2V625_PANIN Type 1  100.0 2.6E-36 2.7E-42  286.0   0.0  298   40-344   227-623 (688)
     351 tr|T1F6Z4|T1F6Z4_HELRO Unchara 100.0 2.6E-36 2.8E-42  279.0   0.0  294   43-346    94-393 (517)
     352 tr|W5MSP8|W5MSP8_LEPOC Adrenoc 100.0 2.7E-36 2.8E-42  271.5   0.0  302   39-344    74-398 (460)
     353 ERR1712223_125737              100.0 2.7E-36 2.9E-42  282.4   0.0  294   37-341    69-409 (585)
     354 tr|A0A0K0PUI1|A0A0K0PUI1_PLADU 100.0 2.7E-36 2.9E-42  278.8   0.0  298   38-347    56-362 (583)
     355 tr|B4MKH9|B4MKH9_DROWI Unchara 100.0 2.8E-36 2.9E-42  278.2   0.0  297   42-346    77-434 (626)
     356 tr|W4XPQ6|W4XPQ6_STRPU Unchara 100.0 2.9E-36 3.1E-42  275.1   0.0  301   41-344   119-422 (461)
     357 tr|W4XZS5|W4XZS5_STRPU Unchara 100.0 2.9E-36 3.1E-42  269.1   0.0  282   49-337    38-338 (399)
     358 tr|J9K383|J9K383_ACYPI Unchara 100.0 2.9E-36 3.1E-42  275.7   0.0  305   38-346    32-353 (502)
     359 tr|A0A0U2M149|A0A0U2M149_SACKO 100.0   3E-36 3.2E-42  284.0   0.0  297   41-345    80-422 (774)
     360 tr|A0A2D0TBG0|A0A2D0TBG0_ICTPU 100.0   3E-36 3.2E-42  270.8   0.0  296   48-347    65-377 (429)
     361 tr|A0A0R3NFZ1|A0A0R3NFZ1_DROPS 100.0 3.1E-36 3.4E-42  284.5   0.0  288   40-337   112-410 (536)
     362 tr|A0A195BYC4|A0A195BYC4_9HYME 100.0 3.2E-36 3.4E-42  277.4   0.0  302   34-345   108-421 (475)
     363 tr|W4YQ07|W4YQ07_STRPU Unchara 100.0 3.2E-36 3.4E-42  273.4   0.0  292   40-346    12-310 (394)
     364 tr|M7BMC3|M7BMC3_CHEMY Histami 100.0 3.2E-36 3.4E-42  289.0   0.0  299   39-344   327-700 (709)
     365 SRR6218665_348164              100.0 3.3E-36 3.6E-42  281.5   0.0  300   40-339    23-350 (434)
     366 tr|A0A0P6C2B0|A0A0P6C2B0_9CRUS 100.0 3.4E-36 3.6E-42  285.8   0.0  292   49-342   172-533 (543)
     367 tr|A0A1U7TU97|A0A1U7TU97_TARSY 100.0 3.8E-36   4E-42  278.4   0.0  293   44-344    93-529 (597)
     368 tr|A0A2G5UN52|A0A2G5UN52_9PELO 100.0 3.7E-36   4E-42  288.3   0.0  300   43-345    71-527 (628)
     369 tr|U3U4G2|U3U4G2_NILLU Neurope 100.0 3.9E-36 4.3E-42  285.5   0.0  304   38-342    26-350 (496)
     370 tr|A0A226MZ92|A0A226MZ92_CALSU 100.0 4.4E-36 4.7E-42  274.9   0.0  284   38-341   138-429 (463)
     371 tr|A0A2B4SS31|A0A2B4SS31_STYPI 100.0 4.4E-36 4.8E-42  272.4   0.0  300   37-345    14-320 (354)
     372 KBSSwiStaDraftv2_1062776.scaff 100.0 4.4E-36 4.8E-42  277.7   0.0  295   38-343   136-435 (436)
     373 tr|A0A0N8EK17|A0A0N8EK17_9CRUS 100.0 4.6E-36 4.8E-42  282.6   0.0  300   43-344    51-371 (664)
     374 tr|A0A1W4UDX1|A0A1W4UDX1_DROFC 100.0 4.5E-36 4.9E-42  300.5   0.0  181   49-237   482-665 (1014)
     375 tr|V8NR81|V8NR81_OPHHA Chemoki 100.0 4.4E-36 4.9E-42  304.5   0.0  280   41-343   419-711 (879)
     376 tr|F6ZHC8|F6ZHC8_CIOIN Unchara 100.0 4.7E-36   5E-42  276.3   0.0  303   38-342    83-468 (527)
     377 tr|A0A0P6HFQ7|A0A0P6HFQ7_9CRUS 100.0 5.1E-36 5.4E-42  276.5   0.0  305   40-346    39-391 (536)
     378 tr|A0A182TQN5|A0A182TQN5_9DIPT 100.0 5.1E-36 5.4E-42  281.0   0.0  303   44-349   132-502 (613)
     379 tr|W4XUJ0|W4XUJ0_STRPU Unchara 100.0 5.1E-36 5.4E-42  282.4   0.0  296   46-344   265-563 (591)
     380 tr|A0A2D0Q8S1|A0A2D0Q8S1_ICTPU 100.0 5.1E-36 5.6E-42  280.9   0.0  304   38-349    60-473 (477)
     381 tr|A0A1S3H6K0|A0A1S3H6K0_LINUN 100.0 5.3E-36 5.6E-42  272.1   0.0  298   38-345    51-360 (447)
     382 tr|A0A2B4RWT1|A0A2B4RWT1_STYPI 100.0 5.2E-36 5.7E-42  279.0   0.0  296   42-344    11-311 (461)
     383 tr|A0A2G8L6L1|A0A2G8L6L1_STIJA 100.0 5.4E-36 5.7E-42  264.3   0.0  304   39-356    25-334 (398)
     384 tr|A0A0P7UEU4|A0A0P7UEU4_9TELE 100.0 5.5E-36 5.9E-42  279.2   0.0  284   41-345    37-330 (595)
     385 tr|A0A141CIT8|A0A141CIT8_VARDE 100.0 5.6E-36 5.9E-42  272.5   0.0  309   40-357    80-396 (461)
     386 tr|V8NRN8|V8NRN8_OPHHA Histami 100.0 5.9E-36 6.3E-42  270.9   0.0  297   43-352    14-323 (432)
     387 tr|A0A1S3KCK0|A0A1S3KCK0_LINUN 100.0 6.1E-36 6.3E-42  259.2   0.0  287   48-342    36-333 (359)
     388 tr|A0A151IFQ2|A0A151IFQ2_9HYME 100.0 5.9E-36 6.4E-42  302.8   0.0  297   46-344    44-374 (1113)
     389 tr|A0A0P7Y9H4|A0A0P7Y9H4_9TELE 100.0   6E-36 6.4E-42  274.6   0.0  289   42-339    36-335 (485)
     390 ERR1719500_2347268             100.0   6E-36 6.4E-42  275.2   0.0  303   41-343    34-353 (456)
     391 tr|A0A182MG56|A0A182MG56_9DIPT 100.0 6.1E-36 6.6E-42  290.6   0.0  307   38-349    91-414 (751)
     392 tr|A0A1B0AIB5|A0A1B0AIB5_GLOPL 100.0 6.4E-36 6.7E-42  279.3   0.0  293   40-343   235-531 (676)
     393 tr|W5M1V4|W5M1V4_LEPOC Unchara 100.0 6.1E-36 6.7E-42  274.5   0.0  289   37-339    31-330 (357)
     394 tr|A0A2B4SBD9|A0A2B4SBD9_STYPI 100.0 6.5E-36   7E-42  269.4   0.0  277   43-342    60-341 (367)
     395 tr|A0A0P5DFU5|A0A0P5DFU5_9CRUS 100.0 6.8E-36 7.3E-42  274.5   0.0  294   37-341    64-364 (481)
     396 tr|A0A1W4YH71|A0A1W4YH71_9TELE 100.0 7.1E-36 7.7E-42  273.4   0.0  288   37-342    68-378 (410)
     397 tr|A0A0P7V0Y3|A0A0P7V0Y3_9TELE 100.0 7.2E-36 7.8E-42  275.5   0.0  296   37-347    53-361 (418)
     398 tr|L5KAH3|L5KAH3_PTEAL G-prote 100.0 7.6E-36   8E-42  263.9   0.0  301   37-353    25-333 (391)
     399 tr|R7TI62|R7TI62_CAPTE Unchara 100.0 7.3E-36 8.1E-42  275.0   0.0  284   45-338    30-359 (360)
     400 tr|B3S346|B3S346_TRIAD Unchara 100.0 7.4E-36 8.2E-42  274.1   0.0  300   41-351    15-322 (365)
     401 tr|A0A088AFE3|A0A088AFE3_APIME 100.0 7.7E-36 8.3E-42  281.0   0.0  297   38-344   192-521 (576)
     402 ERR1719323_733875              100.0 8.2E-36 8.7E-42  266.0   0.0  283   41-338    32-320 (398)
     403 tr|A0A1A6FZE4|A0A1A6FZE4_NEOLE 100.0 8.2E-36 8.7E-42  273.8   0.0  307   38-344   134-473 (531)
     404 tr|A0A195BRF4|A0A195BRF4_9HYME 100.0 8.2E-36 8.8E-42  277.3   0.0  300   37-346    64-453 (475)
     405 tr|A7STC6|A7STC6_NEMVE Predict 100.0 8.5E-36 9.3E-42  273.1   0.0  295   39-341    13-332 (381)
     406 tr|A0A218VDY5|A0A218VDY5_9PASE 100.0 9.2E-36 9.9E-42  270.9   0.0  288   39-342    34-330 (395)
     407 tr|A0A183VXK6|A0A183VXK6_TRIRE 100.0 9.4E-36   1E-41  282.5   0.0  299   39-344    27-520 (595)
     408 tr|A0A182F973|A0A182F973_ANOAL 100.0 9.8E-36   1E-41  274.5   0.0  289   45-342   160-505 (556)
     409 tr|A0A0L0CJC7|A0A0L0CJC7_LUCCU 100.0   1E-35   1E-41  286.6   0.0  294   38-339   271-579 (1006)
     410 tr|A0A061HVK8|A0A061HVK8_CRIGR 100.0 9.7E-36   1E-41  271.7   0.0  283   38-336   116-409 (437)
     411 tr|T1G173|T1G173_HELRO Unchara 100.0   1E-35 1.1E-41  264.4   0.0  295   42-344    49-377 (413)
     412 tr|A0A1L8G5A8|A0A1L8G5A8_XENLA 100.0   1E-35 1.1E-41  273.2   0.0  306   40-345    32-392 (431)
     413 tr|A0A0A7DQA3|A0A0A7DQA3_PINFU 100.0   1E-35 1.1E-41  277.0   0.0  293   42-344    79-469 (471)
     414 tr|F1R2F3|F1R2F3_DANRE Neurope 100.0 1.1E-35 1.1E-41  282.7   0.0  292   39-341    68-367 (731)
     415 tr|A0A2C9JHS9|A0A2C9JHS9_BIOGL 100.0 1.1E-35 1.1E-41  262.7   0.0  301   38-346    65-370 (376)
     416 tr|K7ISZ6|K7ISZ6_NASVI Unchara 100.0 1.1E-35 1.2E-41  271.3   0.0  310   41-353    89-411 (454)
     417 tr|A0A195CW68|A0A195CW68_9HYME 100.0 1.2E-35 1.2E-41  283.1   0.0  307   37-346    47-384 (698)
     418 tr|A0A1B0AGN9|A0A1B0AGN9_GLOPL 100.0 1.3E-35 1.3E-41  284.9   0.0  294   37-339   160-463 (845)
     419 tr|A0A2B4SSZ0|A0A2B4SSZ0_STYPI 100.0 1.2E-35 1.3E-41  277.9   0.0  285   41-337    13-300 (381)
     420 tr|A0A151P2Y8|A0A151P2Y8_ALLMI 100.0 1.3E-35 1.4E-41  281.3   0.0  286   39-345   295-592 (615)
     421 tr|A0A154P9K2|A0A154P9K2_9HYME 100.0 1.3E-35 1.4E-41  271.7   0.0  290   40-337    45-383 (553)
     422 tr|A0A091DQF5|A0A091DQF5_FUKDA 100.0 1.3E-35 1.4E-41  274.7   0.0  287   38-344   165-460 (508)
     423 tr|A0A0P6JFN0|A0A0P6JFN0_HETGA 100.0 1.3E-35 1.4E-41  279.3   0.0  297   39-340    89-403 (433)
     424 tr|A0A218V2X0|A0A218V2X0_9PASE 100.0 1.4E-35 1.4E-41  282.5   0.0  286   43-343   115-410 (720)
     425 tr|D6WD17|D6WD17_TRICA Natalis 100.0 1.3E-35 1.4E-41  275.3   0.0  302   37-347    39-351 (429)
     426 ERR1712223_23408               100.0 1.4E-35 1.5E-41  269.7   0.0  308   41-356    44-367 (462)
     427 tr|A0A1S3KDE4|A0A1S3KDE4_LINUN 100.0 1.4E-35 1.5E-41  276.7   0.0  290   37-336   122-423 (537)
     428 tr|V9I0H3|V9I0H3_TRICA CCHamid 100.0 1.4E-35 1.5E-41  269.2   0.0  299   40-344    23-333 (423)
     429 tr|A0A1B3P5X7|A0A1B3P5X7_HOMAM 100.0 1.6E-35 1.7E-41  268.4   0.0  298   36-341    41-407 (452)
     430 tr|A0A1S3L7M2|A0A1S3L7M2_SALSA 100.0 1.6E-35 1.7E-41  264.3   0.0  294   37-343    68-368 (407)
     431 tr|A0A1J1HLH3|A0A1J1HLH3_9DIPT 100.0 1.6E-35 1.8E-41  271.1   0.0  299   44-347    59-365 (431)
     432 tr|A0A0L0BR86|A0A0L0BR86_LUCCU 100.0 1.7E-35 1.8E-41  277.7   0.0  294   37-340   238-567 (614)
     433 tr|A0A0N7KWU9|A0A0N7KWU9_LYMST 100.0 1.7E-35 1.8E-41  272.2   0.0  299   44-344    74-449 (494)
     434 tr|A0A2B4SSA0|A0A2B4SSA0_STYPI 100.0 1.7E-35 1.9E-41  269.9   0.0  299   38-344    59-369 (423)
     435 tr|A0A2B4SGU1|A0A2B4SGU1_STYPI 100.0 1.8E-35 1.9E-41  271.9   0.0  294   43-343    51-360 (402)
     436 ERR1712223_1933683             100.0 1.8E-35 1.9E-41  272.3   0.0  299   38-339    70-392 (562)
     437 tr|A0A0H5B8K8|A0A0H5B8K8_9MOLL 100.0 1.9E-35   2E-41  272.6   0.0  320   38-360    34-365 (570)
     438 tr|A0A1V9XEV7|A0A1V9XEV7_9ACAR 100.0 1.9E-35   2E-41  268.5   0.0  300   41-348   130-436 (502)
     439 tr|A0A1S3J6Z0|A0A1S3J6Z0_LINUN 100.0 1.9E-35   2E-41  270.9   0.0  297   40-344    42-348 (464)
     440 tr|A0A146NUI4|A0A146NUI4_FUNHE 100.0 1.9E-35 2.1E-41  275.2   0.0  304   38-344    63-386 (455)
     441 tr|A0A1L8EQV9|A0A1L8EQV9_XENLA 100.0   2E-35 2.1E-41  273.2   0.0  291   39-342   207-502 (549)
     442 tr|A0A0K0PVN8|A0A0K0PVN8_PLADU 100.0   2E-35 2.1E-41  267.2   0.0  296   45-342    93-420 (501)
     443 tr|A7RN94|A7RN94_NEMVE Predict 100.0 1.9E-35 2.2E-41  271.9   0.0  304   40-348    34-343 (366)
     444 tr|F6WB19|F6WB19_MONDO Adrenoc 100.0 2.1E-35 2.2E-41  270.5   0.0  307   46-356   132-484 (569)
     445 tr|A0A1V4KM91|A0A1V4KM91_PATFA 100.0 2.1E-35 2.2E-41  269.5   0.0  296   45-344   157-471 (526)
     446 tr|A0A1I8CW77|A0A1I8CW77_9BILA 100.0 2.1E-35 2.2E-41  297.5   0.0  301   38-342    31-392 (2500)
     447 tr|S7Q447|S7Q447_MYOBR Neurome 100.0 2.1E-35 2.2E-41  272.2   0.0  290   46-341   159-499 (568)
     448 tr|A0A0D8XJS0|A0A0D8XJS0_DICVI 100.0 2.1E-35 2.2E-41  273.3   0.0  296   42-347    93-435 (501)
     449 tr|G5BPN3|G5BPN3_HETGA C3a ana 100.0 2.1E-35 2.3E-41  281.0   0.0  285   40-343   135-563 (591)
     450 tr|A0A182JGG2|A0A182JGG2_9DIPT 100.0 2.1E-35 2.3E-41  285.7   0.0  300   40-343   114-428 (746)
     451 tr|A0A2C9KB37|A0A2C9KB37_BIOGL 100.0 2.2E-35 2.3E-41  270.6   0.0  292   51-344   107-470 (513)
     452 tr|A0A1I8BP01|A0A1I8BP01_MELHA 100.0 2.2E-35 2.3E-41  276.0   0.0  302   46-356    91-476 (547)
     453 tr|A0A1W0WKL8|A0A1W0WKL8_HYPDU 100.0 2.2E-35 2.4E-41  288.4   0.0  185   46-236    90-292 (679)
     454 tr|C3ZEF4|C3ZEF4_BRAFL Unchara 100.0 2.3E-35 2.5E-41  264.4   0.0  283   42-342    32-317 (319)
     455 tr|T1K8Z9|T1K8Z9_TETUR Unchara 100.0 2.4E-35 2.5E-41  269.0   0.0  296   42-346   112-419 (485)
     456 tr|A0A2B4RYQ1|A0A2B4RYQ1_STYPI 100.0 2.3E-35 2.5E-41  270.2   0.0  304   44-347    45-367 (418)
     457 tr|A0A182U973|A0A182U973_9DIPT 100.0 2.5E-35 2.6E-41  285.2   0.0  299   40-344   553-867 (1016)
     458 tr|A0A2B4S7Y2|A0A2B4S7Y2_STYPI 100.0 2.3E-35 2.6E-41  272.7   0.0  300   38-346    21-326 (365)
     459 tr|M7AM95|M7AM95_CHEMY Melanin 100.0 2.5E-35 2.7E-41  261.1   0.0  295   38-345    51-352 (397)
     460 tr|A0A1A6HHV6|A0A1A6HHV6_NEOLE 100.0 2.6E-35 2.7E-41  266.9   0.0  292   38-340   129-433 (450)
     461 tr|A0A1I8MAM1|A0A1I8MAM1_MUSDO 100.0 2.9E-35   3E-41  287.7   0.0  294   39-340   266-573 (1063)
     462 tr|A0A1I8Q6N4|A0A1I8Q6N4_STOCA 100.0   3E-35 3.1E-41  286.0   0.0  309   42-353   440-921 (946)
     463 ERR1739838_171499              100.0   3E-35 3.3E-41  276.7   0.0  287   42-338    84-460 (527)
     464 tr|A0A210R423|A0A210R423_MIZYE 100.0 3.1E-35 3.3E-41  269.2   0.0  300   35-342    50-473 (474)
     465 ERR1712062_233158              100.0 3.1E-35 3.3E-41  272.5   0.0  299   37-344    64-371 (515)
     466 tr|T1FXW9|T1FXW9_HELRO Unchara 100.0 3.2E-35 3.4E-41  271.2   0.0  292   42-341   150-454 (510)
     467 tr|A9UMX5|A9UMX5_NEMVE Opsin O 100.0 3.1E-35 3.5E-41  273.3   0.0  301   40-347     6-310 (374)
     468 tr|A7SG00|A7SG00_NEMVE Predict 100.0 3.2E-35 3.5E-41  274.9   0.0  298   39-343    44-354 (427)
     469 tr|A0A2H1CFV5|A0A2H1CFV5_FASHE 100.0 3.4E-35 3.5E-41  262.8   0.0  310   37-352    25-341 (419)
     470 tr|A0A0P0YUU8|A0A0P0YUU8_LYMST 100.0 3.5E-35 3.7E-41  265.4   0.0  295   48-344    64-397 (478)
     471 tr|A0A1D2MUA6|A0A1D2MUA6_ORCCI 100.0 3.6E-35 3.8E-41  261.4   0.0  305   38-342    53-399 (478)
     472 tr|A7RHZ8|A7RHZ8_NEMVE Predict 100.0 3.6E-35 3.8E-41  253.3   0.0  276   54-343     5-282 (318)
     473 tr|A0A182FPD0|A0A182FPD0_ANOAL 100.0 3.6E-35 3.8E-41  274.3   0.0  294   40-344   249-602 (636)
     474 tr|A0A1D2MLL8|A0A1D2MLL8_ORCCI 100.0 3.7E-35 3.9E-41  263.4   0.0  304   37-346    83-398 (441)
     475 tr|A0A0P5TN90|A0A0P5TN90_9CRUS 100.0 3.4E-35 3.9E-41  290.9   0.0  310   38-347    32-493 (546)
     476 SRR6218665_598958              100.0 3.7E-35   4E-41  272.5   0.0  304   37-349    74-392 (463)
     477 tr|A0A2B4S130|A0A2B4S130_STYPI 100.0 3.7E-35   4E-41  264.0   0.0  298   39-343    28-359 (375)
     478 tr|C3YFM9|C3YFM9_BRAFL Unchara 100.0 3.9E-35 4.1E-41  255.2   0.0  288   34-336    58-353 (356)
     479 ERR1719427_52047               100.0 3.9E-35 4.1E-41  269.7   0.0  300   43-342    97-469 (528)
     480 tr|A0A1W4WZV7|A0A1W4WZV7_AGRPL 100.0 3.9E-35 4.1E-41  262.2   0.0  298   42-341    34-342 (407)
     481 tr|A0A0A1XIV8|A0A0A1XIV8_ZEUCU 100.0 3.9E-35 4.1E-41  281.8   0.0  298   38-344    74-381 (796)
     482 tr|A0A087X8Q0|A0A087X8Q0_POEFO 100.0 3.9E-35 4.2E-41  271.5   0.0  294   47-346     8-313 (456)
     483 tr|A0A1S3JF34|A0A1S3JF34_LINUN 100.0   4E-35 4.3E-41  265.9   0.0  296   42-345    70-366 (395)
     484 tr|A0A151MLB5|A0A151MLB5_ALLMI 100.0 4.3E-35 4.5E-41  279.3   0.0  299   40-340   492-833 (839)
     485 tr|A0A1S3HTJ4|A0A1S3HTJ4_LINUN 100.0 4.2E-35 4.5E-41  263.2   0.0  325   19-346    11-345 (384)
     486 tr|B4LIK1|B4LIK1_DROVI Unchara 100.0 4.5E-35 4.8E-41  270.5   0.0  300   39-347    90-403 (518)
     487 tr|A0A182Q776|A0A182Q776_9DIPT 100.0 4.5E-35 4.8E-41  280.6   0.0  190   40-236   111-305 (645)
     488 tr|A0A182XXT9|A0A182XXT9_ANOST 100.0 4.6E-35   5E-41  268.0   0.0  294   42-345    71-396 (426)
     489 tr|M7B6A0|M7B6A0_CHEMY p2Y pur 100.0 4.7E-35 5.1E-41  270.0   0.0  291   40-343   101-399 (423)
     490 tr|W4ZGM8|W4ZGM8_STRPU Unchara 100.0 4.9E-35 5.2E-41  268.4   0.0  292   50-344   109-403 (540)
     491 tr|A7T2F5|A7T2F5_NEMVE Predict 100.0   5E-35 5.3E-41  259.7   0.0  286   47-344     8-298 (378)
     492 tr|L9KFJ4|L9KFJ4_TUPCH Cholecy 100.0 5.1E-35 5.3E-41  266.9   0.0  289   37-329    33-371 (585)
     493 tr|A7RMD8|A7RMD8_NEMVE Predict 100.0   5E-35 5.3E-41  261.0   0.0  302   39-346    14-327 (357)
     494 tr|K1PQQ9|K1PQQ9_CRAGI Pyroglu 100.0   5E-35 5.4E-41  264.4   0.0  297   38-342    66-379 (406)
     495 tr|A0A2B4S931|A0A2B4S931_STYPI 100.0   5E-35 5.6E-41  273.3   0.0  276   40-339    64-344 (398)
     496 tr|A0A182R4Z8|A0A182R4Z8_ANOFN 100.0 5.3E-35 5.7E-41  272.7   0.0  294   40-343    62-420 (479)
     497 tr|E1C4B7|E1C4B7_CHICK Adrenoc 100.0 5.6E-35 5.9E-41  267.2   0.0  299   43-345   119-434 (514)
     498 tr|V8NWN4|V8NWN4_OPHHA Neurome 100.0 5.5E-35 5.9E-41  269.0   0.0  293   40-342    42-393 (481)
     499 tr|A0A147B171|A0A147B171_FUNHE 100.0 5.8E-35 6.2E-41  267.9   0.0  294   41-344    84-432 (463)
     500 tr|A0A2C9K7V1|A0A2C9K7V1_BIOGL 100.0   6E-35 6.4E-41  265.5   0.0  295   38-336    11-320 (442)
     
  > Uniprot already searched, skipping.
/projects/ilfgrid/apps/alphafold-2.2.0/prep_MSAs.sh: line 93: /bin/hmmbuild: No such file or directory
/projects/ilfgrid/apps/alphafold-2.2.0/prep_MSAs.sh: line 94: /bin/hmmsearch: No such file or directory
> Running chain B
  > Uniref90 already searched, skipping.
  > Mgnify already searched, skipping.
  > Running hhblits on bfd_uniref30
- 09:39:29.001 INFO: Searching 65983866 column state sequences.

- 09:39:30.021 INFO: Searching 29291635 column state sequences.

- 09:39:30.055 INFO: ssr3_rat-2019/msas/B/chain_B.fasta is in A2M, A3M or FASTA format

- 09:39:30.055 INFO: Iteration 1

- 09:39:30.064 INFO: Prefiltering database

- 09:40:11.911 INFO: HMMs passed 1st prefilter (gapless profile-profile alignment)  : 67882

- 09:40:28.084 INFO: HMMs passed 1st prefilter (gapless profile-profile alignment)  : 90024

- 09:40:28.151 INFO: HMMs passed 2nd prefilter (gapped profile-profile alignment)   : 463

- 09:40:28.151 INFO: HMMs passed 2nd prefilter and not found in previous iterations : 463

- 09:40:28.151 INFO: Scoring 463 HMMs using HMM-HMM Viterbi alignment

- 09:40:28.201 INFO: Alternative alignment: 0

- 09:40:28.345 INFO: 463 alignments done

- 09:40:28.346 INFO: Alternative alignment: 1

- 09:40:28.362 INFO: 454 alignments done

- 09:40:28.363 INFO: Alternative alignment: 2

- 09:40:28.364 INFO: 4 alignments done

- 09:40:28.364 INFO: Alternative alignment: 3

- 09:40:28.433 INFO: Premerge done

- 09:40:28.433 INFO: Realigning 468 HMM-HMM alignments using Maximum Accuracy algorithm

- 09:40:28.542 INFO: 106 sequences belonging to 106 database HMMs found with an E-value < 0.001

- 09:40:28.542 INFO: Number of effective sequences of resulting query HMM: Neff = 6.44693

- 09:40:28.549 INFO: Iteration 2

- 09:40:28.549 INFO: Set premerge to 0! (premerge: 3 iteration: 2 hits.Size: 103)

- 09:40:28.555 INFO: Prefiltering database

- 09:41:04.244 INFO: HMMs passed 1st prefilter (gapless profile-profile alignment)  : 9166

- 09:41:19.309 INFO: HMMs passed 1st prefilter (gapless profile-profile alignment)  : 17544

- 09:41:19.333 INFO: HMMs passed 2nd prefilter (gapped profile-profile alignment)   : 132

- 09:41:19.333 INFO: HMMs passed 2nd prefilter and not found in previous iterations : 30

- 09:41:19.333 INFO: Scoring 30 HMMs using HMM-HMM Viterbi alignment

- 09:41:19.376 INFO: Alternative alignment: 0

- 09:41:19.377 INFO: 30 alignments done

- 09:41:19.377 INFO: Alternative alignment: 1

- 09:41:19.378 INFO: 25 alignments done

- 09:41:19.378 INFO: Alternative alignment: 2

- 09:41:19.378 INFO: Alternative alignment: 3

- 09:41:19.394 INFO: Realigning 27 HMM-HMM alignments using Maximum Accuracy algorithm

- 09:41:19.405 INFO: 111 sequences belonging to 111 database HMMs found with an E-value < 0.001

- 09:41:19.405 INFO: Number of effective sequences of resulting query HMM: Neff = 6.46755

- 09:41:19.408 INFO: Iteration 3

- 09:41:19.416 INFO: Prefiltering database

- 09:41:56.406 INFO: HMMs passed 1st prefilter (gapless profile-profile alignment)  : 10199

- 09:42:12.691 INFO: HMMs passed 1st prefilter (gapless profile-profile alignment)  : 19066

- 09:42:12.705 INFO: HMMs passed 2nd prefilter (gapped profile-profile alignment)   : 135

- 09:42:12.705 INFO: HMMs passed 2nd prefilter and not found in previous iterations : 28

- 09:42:12.705 INFO: Scoring 28 HMMs using HMM-HMM Viterbi alignment

- 09:42:12.746 INFO: Alternative alignment: 0

- 09:42:12.748 INFO: 28 alignments done

- 09:42:12.748 INFO: Alternative alignment: 1

- 09:42:12.750 INFO: 26 alignments done

- 09:42:12.750 INFO: Alternative alignment: 2

- 09:42:12.750 INFO: Alternative alignment: 3

- 09:42:12.766 INFO: Rescoring previously found HMMs with Viterbi algorithm

- 09:42:12.788 INFO: Alternative alignment: 0

- 09:42:12.794 INFO: 108 alignments done

- 09:42:12.794 INFO: Alternative alignment: 1

- 09:42:12.799 INFO: 108 alignments done

- 09:42:12.800 INFO: Alternative alignment: 2

- 09:42:12.800 INFO: 1 alignments done

- 09:42:12.800 INFO: Alternative alignment: 3

- 09:42:12.817 INFO: Premerge done

- 09:42:12.817 INFO: Realigning 135 HMM-HMM alignments using Maximum Accuracy algorithm

- 09:42:12.849 INFO: 113 sequences belonging to 113 database HMMs found with an E-value < 0.001

- 09:42:12.849 INFO: Number of effective sequences of resulting query HMM: Neff = 6.47256

     Query         SRIF-14 gtp:2019
     Match_columns 14
     No_of_seqs    97 out of 908
     Neff          6.47256
     Searched_HMMs 469
     Date          Thu Mar  9 09:42:12 2023
     Command       hhblits -i ssr3_rat-2019/msas/B/chain_B.fasta -cpu 4 -maxmem 20 -oa3m /projects/ilfgrid/people/nqz918/code/deorph/scripts/af_arman/af_jobs_af23/ssr3_rat/2019//ssr3_rat-2019/msas/B/bfd_uniref_hits.a3m -o /dev/null -n 3 -e 0.001 -maxseq 1000000 -realign_max 100000 -maxfilt 100000 -min_prefilter_hits 1000 -d /projects/ilfgrid/data/alphafold-genetic-databases///bfd/bfd_metaclust_clu_complete_id30_c90_final_seq.sorted_opt -d /projects/ilfgrid/data/alphafold-genetic-databases///uniref30/UniRef30_2021_03 
     
      No Hit                             Prob E-value P-value  Score    SS Cols Query HMM  Template HMM
       1 UniRef100_P61298 Somatostatin-  99.1 9.8E-13   1E-18   41.8   0.0   14    1-14      1-14  (14)
       2 UniRef100_A0A060WSN3 Somatosta  98.9   9E-12 1.2E-17   56.4   0.0   14    1-14    114-127 (151)
       3 UniRef100_A0A2I4D0V6 somatosta  98.9 1.1E-11 1.3E-17   55.4   0.0   14    1-14    115-128 (128)
       4 tr|A0A146ZVT9|A0A146ZVT9_FUNHE  98.9   1E-11 1.4E-17   57.9   0.0   14    1-14    199-212 (212)
       5 UniRef100_P19209 Somatostatin   98.9 1.8E-11   2E-17   46.0   0.0   14    1-14     22-35  (35)
       6 UniRef100_A0A060X6K9 Somatosta  98.9 2.8E-11 3.7E-17   54.5   0.0   14    1-14    114-127 (139)
       7 tr|A0A0N8JY49|A0A0N8JY49_9TELE  98.8 5.5E-11 6.8E-17   56.8   0.0   14    1-14    228-241 (241)
       8 UniRef100_A0A141RAR9 Somatosta  98.7 1.5E-10 1.6E-16   49.0   0.0   14    1-14     65-78  (78)
       9 UniRef100_A0A2I4D1W7 LOW QUALI  98.7 1.4E-10 1.8E-16   54.4   0.0   14    1-14    180-193 (198)
      10 UniRef100_P81029 Somatostatin-  98.7 1.8E-10   2E-16   41.9   0.0   14    1-14     15-28  (28)
      11 UniRef100_A0A226NAA4 Somatosta  98.7 2.8E-10 3.1E-16   50.7   0.0   14    1-14    105-118 (118)
      12 UniRef100_A0A3Q2VW15 Somatosta  98.7 3.1E-10 3.7E-16   50.6   0.0   14    1-14    106-119 (119)
      13 UniRef100_A0A087XFN1 Somatosta  98.6   4E-10 5.2E-16   52.2   0.0   14    1-14    131-144 (172)
      14 UniRef100_A0A3B3INN6 Somatosta  98.6 5.2E-10 5.8E-16   48.4   0.0   14    1-14     77-90  (90)
      15 UniRef100_A0A091GBD6 Somatosta  98.6 7.1E-10 7.8E-16   49.7   0.0   14    1-14    109-122 (122)
      16 UniRef100_A0A087QL45 Somatosta  98.6   7E-10 8.2E-16   49.9   0.0   14    1-14    110-123 (124)
      17 UniRef100_UPI0003C10D91 somato  98.6 7.4E-10 8.3E-16   49.7   0.0   14    1-14    110-123 (123)
      18 UniRef100_A0A060W609 Somatosta  98.5 1.3E-09 1.6E-15   50.2   0.0   14    1-14    140-153 (155)
      19 UniRef100_A0A444UQP3 Somatosta  98.5 1.9E-09 1.9E-15   43.0   0.0   14    1-14     37-50  (50)
      20 UniRef100_A0A402E7E0 Somatosta  98.4 3.7E-09 4.1E-15   48.6   0.0   14    1-14    134-147 (147)
      21 UniRef100_A0A3B3ZLM2 Somatosta  98.4 5.5E-09 5.9E-15   46.0   0.0   14    1-14     89-102 (102)
      22 UniRef100_A0A665V8K9 Somatosta  98.4 6.7E-09 7.4E-15   48.6   0.0   14    1-14    159-172 (172)
      23 UniRef100_A0A3Q2Q5F7 Somatosta  98.4 8.2E-09 8.8E-15   45.9   0.0   14    1-14     96-109 (109)
      24 UniRef100_A0A091VE35 Somatosta  98.3 1.1E-08 1.2E-14   43.5   0.0   14    1-14     63-76  (76)
      25 tr|A0A146NV23|A0A146NV23_FUNHE  98.3 1.3E-08 1.4E-14   49.4   0.0   14    1-14    236-249 (249)
      26 tr|M4AJ16|M4AJ16_XIPMA Unchara  98.3 1.4E-08 1.6E-14   48.1   0.0   14    1-14    174-187 (187)
      27 UniRef100_A0A672GJY0 Somatosta  98.3 1.8E-08 1.9E-14   45.3   0.0   14    1-14    107-120 (120)
      28 tr|A0A0N8JVD0|A0A0N8JVD0_9TELE  98.3 2.4E-08 2.6E-14   50.5   0.0   14    1-14    378-391 (391)
      29 UniRef100_A0A3Q7Y4J1 LOW QUALI  98.2 2.9E-08 3.2E-14   46.2   0.0   14    1-14    140-153 (154)
      30 UniRef100_UPI00053CBDA5 somato  98.2 3.2E-08 3.3E-14   46.3   0.0   14    1-14    154-167 (167)
      31 UniRef100_A0A0N8JY49 Preprosom  98.2 3.4E-08 3.7E-14   47.9   0.0   14    1-14    228-241 (241)
      32 UniRef100_UPI0018646E67 somato  98.2 5.3E-08 5.4E-14   44.8   0.0   14    1-14    132-145 (145)
      33 UniRef100_A0A674PCY3 Somatosta  98.2 5.3E-08 5.5E-14   43.5   0.0   14    1-14     99-112 (112)
      34 UniRef100_A0A060WU09 Somatosta  98.2 5.6E-08 5.7E-14   39.8   0.0   14    1-14     43-56  (56)
      35 UniRef100_A0A1B3IK53 Somatosta  98.1 7.7E-08 7.9E-14   44.6   0.0   14    1-14    141-154 (154)
      36 UniRef100_A0A0M4IUL0 Somatosta  98.1 6.5E-08 8.1E-14   44.3   0.0   14    1-14    119-132 (132)
      37 UniRef100_UPI0015AC43CE somato  98.1 8.4E-08 8.7E-14   44.1   0.0   14    1-14    130-143 (143)
      38 tr|A0A1U7U334|A0A1U7U334_TARSY  98.1 7.6E-08 8.8E-14   45.1   0.0   13    2-14    147-159 (160)
      39 UniRef100_P09876 Somatostatin-  98.1 9.4E-08 9.8E-14   40.7   0.0   14    1-14     61-74  (74)
      40 UniRef100_UPI00117626D9 somato  98.1 9.9E-08   1E-13   44.3   0.0   14    1-14    141-154 (154)
      41 UniRef100_UPI0003B68635 somato  98.1 1.1E-07 1.1E-13   43.9   0.0   14    1-14    133-146 (146)
      42 UniRef100_A0A5C6PEM7 Somatosta  98.1 1.1E-07 1.1E-13   44.4   0.0   14    1-14    149-162 (162)
      43 UniRef100_A0A087WT10 Centromer  98.1 1.2E-07 1.3E-13   45.2   0.0   14    1-14    171-184 (185)
      44 UniRef100_UPI001016DDBD somato  98.1 1.3E-07 1.3E-13   45.5   0.0   14    1-14    196-209 (209)
      45 UniRef100_A0A1B3IKD4 Somatosta  98.1 1.3E-07 1.3E-13   43.7   0.0   14    1-14    135-148 (148)
      46 UniRef100_A0A1L8G9W6 Somatosta  98.1 1.4E-07 1.4E-13   43.9   0.0   14    1-14    144-157 (157)
      47 UniRef100_A0A672JY70 Somatosta  98.0 1.6E-07 1.7E-13   41.4   0.0   14    1-14     83-96  (96)
      48 UniRef100_UPI00188791FC somato  98.0 1.7E-07 1.7E-13   44.3   0.0   14    1-14    168-181 (181)
      49 UniRef100_UPI0003C116E5 somato  98.0 1.7E-07 1.8E-13   40.8   0.0   14    1-14     75-88  (88)
      50 UniRef100_A0A2U3Z4T3 cortistat  98.0 2.1E-07 2.3E-13   40.0   0.0   14    1-14     61-74  (75)
      51 UniRef100_A0A2D0SI52 somatosta  98.0 2.1E-07 2.4E-13   42.6   0.0   14    1-14    110-123 (126)
      52 UniRef100_A0A3Q4BCM8 Somatosta  98.0 2.3E-07 2.4E-13   41.6   0.0   14    1-14     98-111 (111)
      53 tr|G5C529|G5C529_HETGA Centrom  98.0   2E-07 2.5E-13   45.9   0.0   14    1-14    242-255 (256)
      54 UniRef100_A0A3P8TK19 Cortistat  98.0 2.7E-07 2.9E-13   45.0   0.0   14    1-14    222-235 (235)
      55 tr|A0A212CJG2|A0A212CJG2_CEREH  98.0 2.7E-07 2.9E-13   45.8   0.0   14    1-14    274-287 (287)
      56 UniRef100_UPI0003C4C3BE somato  97.9   3E-07 3.1E-13   42.3   0.0   14    1-14    125-138 (138)
      57 ERR1712168_858629               97.9 2.9E-07 3.3E-13   42.5   0.0   14    1-14    122-135 (136)
      58 UniRef100_UPI0006B07F75 somato  97.9 3.8E-07 3.9E-13   41.4   0.0   14    1-14    109-122 (122)
      59 UniRef100_A0A6F9CFX3 Somatosta  97.9 5.4E-07 5.6E-13   39.9   0.0   14    1-14     84-97  (97)
      60 tr|A0A2D0SI52|A0A2D0SI52_ICTPU  97.9 5.3E-07 6.2E-13   41.1   0.0   14    1-14    105-118 (118)
      61 UniRef100_UPI0011CF1945 somato  97.8   8E-07 8.2E-13   42.0   0.0   14    1-14    156-169 (169)
      62 tr|G3IHY3|G3IHY3_CRIGR Cortist  97.8 7.9E-07 8.5E-13   40.2   0.0   13    2-14     97-109 (110)
      63 UniRef100_A0A553NM23 Somatosta  97.8 8.4E-07 8.7E-13   42.5   0.0   14    1-14    182-195 (195)
      64 UniRef100_A0A674KAB8 Somatosta  97.8 8.9E-07 9.4E-13   41.0   0.0   14    1-14    124-137 (137)
      65 UniRef100_A0A4W5L1S9 Somatosta  97.8 9.9E-07   1E-12   40.3   0.0   14    1-14    110-123 (123)
      66 UniRef100_A0A3Q2XKD9 Somatosta  97.8 1.2E-06 1.2E-12   40.2   0.0   14    1-14    114-127 (127)
      67 UniRef100_A0A3B3Z827 Somatosta  97.8 1.1E-06 1.2E-12   40.3   0.0   14    1-14    111-124 (124)
      68 UniRef100_A0A212CJG2 RTP2 n=2   97.8 1.2E-06 1.3E-12   43.5   0.0   14    1-14    274-287 (287)
      69 UniRef100_A0A0N8JVD0 Somatosta  97.8 1.2E-06 1.3E-12   44.6   0.0   14    1-14    378-391 (391)
      70 UniRef100_A0A4Z2HSG6 Somatosta  97.7 1.5E-06 1.5E-12   40.2   0.0   13    1-13     91-103 (136)
      71 UniRef100_V8N3Q0 Somatostatin   97.7 1.7E-06 1.8E-12   42.8   0.0   14    1-14    255-268 (268)
      72 UniRef100_UPI0011CFB20C LOW QU  97.7 1.9E-06   2E-12   41.5   0.0   14    1-14    185-198 (198)
      73 UniRef100_A0A0Q3LZK1 PABS doma  97.7 1.9E-06   2E-12   44.9   0.0   14    1-14    444-457 (457)
      74 UniRef100_A0A0M5KFL1 Somatosta  97.7   2E-06 2.4E-12   39.5   0.0   14    1-14    108-121 (121)
      75 tr|M7BZX2|M7BZX2_CHEMY B-cell   97.7 2.3E-06 2.4E-12   46.2   0.0   14    1-14    792-805 (805)
      76 UniRef100_A0A315VZZ0 Somatosta  97.6 2.5E-06 2.6E-12   43.8   0.0   14    1-14    381-394 (409)
      77 tr|A0A146U6Q8|A0A146U6Q8_FUNHE  97.6 2.7E-06 3.1E-12   39.0   0.0   14    1-14    103-116 (116)
      78 UniRef100_UPI0018A0B526 somato  97.6 3.1E-06 3.2E-12   41.7   0.0   14    1-14    235-248 (248)
      79 UniRef100_A0A674PF47 Somatosta  97.6 3.1E-06 3.2E-12   42.7   0.0   14    1-14    313-326 (326)
      80 UniRef100_A0A4U1FM09 Somatosta  97.6 3.7E-06 3.9E-12   36.4   0.0   14    1-14     63-76  (77)
      81 UniRef100_UPI000F602145 LOW QU  97.6   4E-06 4.1E-12   39.5   0.0   13    1-13    109-121 (156)
      82 UniRef100_A0A3B4DB20 Somatosta  97.6 4.3E-06 4.6E-12   38.3   0.0   14    1-14    102-115 (115)
      83 UniRef100_A0A3Q1G6L4 Somatosta  97.6 4.6E-06 4.7E-12   41.3   0.0   14    1-14    241-254 (254)
      84 UniRef100_A0A091DMT4 Centromer  97.5 4.4E-06   5E-12   40.2   0.0   14    1-14    152-165 (177)
      85 UniRef100_A0A3B1J5E5 Somatosta  97.5 5.7E-06 5.9E-12   37.0   0.0   14    1-14     84-97  (97)
      86 tr|G1RE55|G1RE55_NOMLE CENPS-C  97.4 9.4E-06   1E-11   40.4   0.0   13    2-14    231-243 (244)
      87 UniRef100_A0A670J145 Somatosta  97.4 1.1E-05 1.3E-11   37.9   0.0   14    1-14    120-133 (140)
      88 UniRef100_UPI0004D079D7 LOW QU  97.4 1.4E-05 1.4E-11   40.5   0.0   13    2-14    300-312 (313)
      89 UniRef100_UPI001A9873BE unchar  97.4 1.4E-05 1.4E-11   39.2   0.0   14    1-14    207-220 (220)
      90 UniRef100_A0A6I9L247 Centromer  97.4 1.4E-05 1.4E-11   39.0   0.0   13    2-14    188-200 (201)
      91 UniRef100_A0A6P7WU98 somatosta  97.3   2E-05 2.1E-11   36.2   0.0   13    2-14    101-113 (113)
      92 UniRef100_A0A5C6PFK2 Somatosta  97.3 2.4E-05 2.5E-11   35.0   0.0   14    1-14     80-93  (93)
      93 UniRef100_A0A2U4AZK3 cortistat  97.3 2.5E-05 2.6E-11   35.6   0.0   14    1-14     95-108 (109)
      94 UniRef100_UPI00145A5038 somato  97.1 5.9E-05   6E-11   35.8   0.0   14    1-14    136-149 (149)
      95 UniRef100_A0A1S3QZP5 somatosta  97.1 6.1E-05 6.4E-11   34.7   0.0   14    1-14     99-112 (112)
      96 UniRef100_UPI0015AEF9F7 unchar  97.1 6.8E-05   7E-11   38.9   0.0   14    1-14    361-374 (374)
      97 UniRef100_A0A672ZYU3 Somatosta  97.1 6.8E-05   7E-11   34.2   0.0   13    1-13     87-99  (105)
      98 UniRef100_A0A3Q2CNM4 Uncharact  97.0 8.4E-05 8.7E-11   32.9   0.0   13    2-14     70-82  (82)
      99 UniRef100_A0A444UK16 Somatosta  97.0 9.9E-05   1E-10   35.2   0.0   14    1-14    140-153 (153)
     100 UniRef100_A0A6M8VAU7 Somatosta  97.0 0.00011 1.1E-10   24.8   0.0   11    2-12      2-12  (15)
     101 UniRef100_A0A315V7L0 Somatosta  96.9 0.00013 1.3E-10   36.7   0.0   12    1-12    111-122 (247)
     102 UniRef100_A0A485NEF6 Centromer  96.9 0.00015 1.6E-10   36.8   0.0   14    1-14    244-257 (258)
     103 UniRef100_A0A061IDI5 Exosome c  96.9 0.00015 1.7E-10   41.8   0.0   14    1-14   1408-1421(1421)
     104 UniRef100_A0A0Q3LZJ2 Non-speci  96.8 0.00022 2.3E-10   42.3   0.0   14    1-14   2412-2425(2425)
     105 UniRef100_A0A6F9CIM6 Collagen   96.6 0.00059   6E-10   39.7   0.0   14    1-14   1589-1602(1602)
     106 UniRef100_A0A3Q3JKK6 Uncharact  96.5 0.00085 9.3E-10   33.2   0.0   14    1-14    166-179 (179)
     107 UniRef100_UPI0009A43912 somato  96.4  0.0011 1.1E-09   31.8   0.0   13    2-14    126-138 (138)
     108 UniRef100_UPI001402F94C somato  96.4  0.0012 1.2E-09   32.2   0.0   13    2-14    147-159 (159)
     109 UniRef100_A0A060X4J9 Collagen   96.3  0.0014 1.4E-09   34.5   0.0   14    1-14    339-352 (352)
     110 UniRef100_A0A4W4FGG0 Uncharact  96.3  0.0014 1.5E-09   30.5   0.0   14    1-14     95-108 (108)
     111 tr|Q9DDE4|Q9DDE4_DANRE Somatos  96.3  0.0015 1.6E-09   30.6   0.0   14    1-14     94-107 (107)
     112 UniRef100_A0A0F8AS65 Somatosta  96.0  0.0043 4.6E-09   30.3   0.0   14    1-14    109-122 (147)
     113 UniRef100_A0A023GPD3 Putative   95.7  0.0059 8.4E-09   37.3   0.0   14    1-14   2042-2055(2059)
     114 UniRef100_A0A3D2DIJ7 Somatosta  95.6   0.011 1.2E-08   23.7   0.0   10    2-11     21-30  (35)
     115 UniRef100_A0A6A4S9R0 Collagen   95.2   0.027 2.7E-08   33.6   0.0   14    1-14   1238-1251(1304)
     116 UniRef100_A0A1I8FKI6 Uncharact  95.2   0.028 2.9E-08   23.7   0.0    9    2-10     30-38  (46)
     117 UniRef100_X1R9C7 Uncharacteriz  94.8   0.047 4.9E-08   21.6   0.0   11    3-13      5-15  (30)
     118 UniRef100_A0A1S0TFI6 Uncharact  93.9    0.16 1.6E-07   23.0   0.0   12    1-12     41-52  (66)
     119 UniRef100_A0A2P2N9Y1 Uncharact  93.8    0.16 1.7E-07   22.0   0.0   10    3-12     36-45  (49)
     120 UniRef100_A0A284S9T7 Uncharact  93.8    0.17 1.7E-07   26.4   0.0   12    2-13     70-81  (207)
     121 UniRef100_A0A199UBM7 Uncharact  93.8    0.17 1.7E-07   21.9   0.0   10    1-10     22-31  (49)
     122 UniRef100_A0A6G0UFM7 Uncharact  93.6     0.2 2.1E-07   27.7   0.0   10    1-10    271-280 (367)
     123 UniRef100_A0A1J1I5Y0 CLUMA_CG0  93.6    0.21 2.1E-07   22.4   0.0   10    1-10     16-25  (61)
     124 UniRef100_A0A0A9L550 Uncharact  93.4    0.25 2.6E-07   22.7   0.0    9    1-9      62-70  (71)
     125 UniRef100_A0A1U7LSL2 Uncharact  92.9    0.37 3.8E-07   25.2   0.0   12    1-12    150-161 (191)
     126 UniRef100_UPI000948A9FA hypoth  92.8    0.37 3.8E-07   22.9   0.0   12    2-13     45-56  (89)
     127 UniRef100_A0A0E9VEH3 Uncharact  91.8    0.72 7.4E-07   21.1   0.0    9    4-12     42-50  (63)
     128 UniRef100_Q6ANX2 Uncharacteriz  91.4    0.88   9E-07   24.1   0.0   12    1-12    131-142 (198)
     129 UniRef100_A0A0A9E7B0 Uncharact  91.0     1.1 1.1E-06   20.6   0.0   11    1-11      8-18  (63)
     130 UniRef100_A0A7J7H1P9 Germin-li  90.7     1.2 1.3E-06   24.6   0.0   13    1-13    223-235 (285)
     131 UniRef100_A0A3E0KBE9 Cu_amine_  90.2     1.5 1.5E-06   25.6   0.0   14    1-14     31-44  (481)
     132 UniRef100_A0A146L8T7 Uncharact  88.1       3   3E-06   21.0   0.0   13    1-13     91-103 (111)
     133 UniRef100_A0A0U5IB67 Uncharact  88.1       3 3.1E-06   20.3   0.0   11    2-12     41-51  (86)
     134 UniRef100_A0A7S4C421 Hypotheti  86.6     4.3 4.5E-06   20.8   0.0   13    1-13     41-53  (123)
     135 UniRef100_A0A4W4FGG0 Uncharact  21.1   1E+03   0.001   13.6   0.0    9    5-13     28-36  (108)
     
  > Uniprot already searched, skipping.
/projects/ilfgrid/apps/alphafold-2.2.0/prep_MSAs.sh: line 93: /bin/hmmbuild: No such file or directory
/projects/ilfgrid/apps/alphafold-2.2.0/prep_MSAs.sh: line 94: /bin/hmmsearch: No such file or directory

>> Job finished at: Thu Mar  9 09:42:16 CET 2023

>> Runtime: 1615 s
