>> Job started at: Wed Mar  8 18:56:46 CET 2023
   On Machine:     ilfgridgpun01fl.unicph.domain
   In directory:   /projects/ilfgrid/people/nqz918/code/deorph/scripts/af_arman/af_jobs_af23/mrgx1_human/4058

>> GPU is 

Loaded miniconda shell environment for bash
> Running 'prep_MSAs.sh'
  > Alphafold-DB directory is set to /projects/ilfgrid/data/alphafold-genetic-databases//
  > Number of cores was set to set to 4
  > Max memory set to 20 GB
  > Output directory was set to /projects/ilfgrid/people/nqz918/code/deorph/scripts/af_arman/af_jobs_af23/mrgx1_human/4058/
  > Input fastafile was set to /projects/ilfgrid/people/nqz918/code/deorph/scripts/af_arman/af_jobs_af23/mrgx1_human/4058/mrgx1_human-4058.fasta
> Splitting fastafile
> Running chain A
  > Uniref90 already searched, skipping.
  > Mgnify already searched, skipping.
  > Running hhblits on bfd_uniref30
- 18:57:08.600 INFO: Searching 65983866 column state sequences.

- 18:57:09.699 INFO: Searching 29291635 column state sequences.

- 18:57:09.736 INFO: mrgx1_human-4058/msas/A/chain_A.fasta is in A2M, A3M or FASTA format

- 18:57:09.737 INFO: Iteration 1

- 18:57:09.842 INFO: Prefiltering database

- 18:58:30.546 INFO: HMMs passed 1st prefilter (gapless profile-profile alignment)  : 3635408

- 18:59:28.065 INFO: HMMs passed 1st prefilter (gapless profile-profile alignment)  : 1593589

- 18:59:41.083 INFO: HMMs passed 2nd prefilter (gapped profile-profile alignment)   : 15979

- 18:59:41.083 INFO: HMMs passed 2nd prefilter and not found in previous iterations : 15979

- 18:59:41.083 INFO: Scoring 15979 HMMs using HMM-HMM Viterbi alignment

- 18:59:41.142 INFO: Alternative alignment: 0

- 18:59:41.858 INFO: 2000 alignments done

- 18:59:43.605 INFO: 4000 alignments done

- 18:59:44.963 INFO: 6000 alignments done

- 18:59:45.864 INFO: 8000 alignments done

- 18:59:46.784 INFO: 10000 alignments done

- 18:59:47.831 INFO: 12000 alignments done

- 18:59:49.401 INFO: 14000 alignments done

- 18:59:51.652 INFO: 15979 alignments done

- 18:59:51.657 INFO: Alternative alignment: 1

- 18:59:56.369 INFO: 14811 alignments done

- 18:59:56.395 INFO: Alternative alignment: 2

- 18:59:58.310 INFO: 4818 alignments done

- 18:59:58.322 INFO: Alternative alignment: 3

- 18:59:58.672 INFO: 741 alignments done

- 18:59:59.379 INFO: Premerge done

- 18:59:59.380 INFO: Realigning 2210 HMM-HMM alignments using Maximum Accuracy algorithm

- 19:00:10.720 INFO: 2213 sequences belonging to 2213 database HMMs found with an E-value < 0.001

- 19:00:10.720 INFO: Number of effective sequences of resulting query HMM: Neff = 9.96122

- 19:00:10.862 INFO: Iteration 2

- 19:00:10.862 INFO: Set premerge to 0! (premerge: 3 iteration: 2 hits.Size: 2210)

- 19:00:10.968 INFO: Prefiltering database

- 19:01:26.310 INFO: HMMs passed 1st prefilter (gapless profile-profile alignment)  : 9606781

- 19:02:27.648 INFO: HMMs passed 1st prefilter (gapless profile-profile alignment)  : 3933816

- 19:02:41.625 INFO: HMMs passed 2nd prefilter (gapped profile-profile alignment)   : 71113

- 19:02:41.625 INFO: HMMs passed 2nd prefilter and not found in previous iterations : 68965

- 19:02:41.625 INFO: Scoring 68965 HMMs using HMM-HMM Viterbi alignment

- 19:02:41.688 INFO: Alternative alignment: 0

- 19:02:42.398 INFO: 2000 alignments done

- 19:02:43.082 INFO: 4000 alignments done

- 19:02:43.856 INFO: 6000 alignments done

- 19:02:44.526 INFO: 8000 alignments done

- 19:02:45.952 INFO: 10000 alignments done

- 19:02:55.671 INFO: 12000 alignments done

- 19:03:03.844 INFO: 14000 alignments done

- 19:03:10.203 INFO: 16000 alignments done

- 19:03:10.207 INFO: Stop after DB-HHM: 16000 because early stop  14.0004 < filter cutoff 20

- 19:03:10.207 INFO: Alternative alignment: 1

- 19:03:14.636 INFO: 11317 alignments done

- 19:03:14.653 INFO: Alternative alignment: 2

- 19:03:15.081 INFO: 864 alignments done

- 19:03:15.083 INFO: Alternative alignment: 3

- 19:03:15.171 INFO: 127 alignments done

- 19:03:15.324 INFO: Realigning 7128 HMM-HMM alignments using Maximum Accuracy algorithm

- 19:03:37.613 INFO: 9341 sequences belonging to 9341 database HMMs found with an E-value < 0.001

- 19:03:37.613 INFO: Number of effective sequences of resulting query HMM: Neff = 11.1395

- 19:03:37.729 INFO: Iteration 3

- 19:03:37.837 INFO: Prefiltering database

- 19:04:55.850 INFO: HMMs passed 1st prefilter (gapless profile-profile alignment)  : 4634450

- 19:05:43.017 INFO: HMMs passed 1st prefilter (gapless profile-profile alignment)  : 2600625

- 19:05:52.347 INFO: HMMs passed 2nd prefilter (gapped profile-profile alignment)   : 60311

- 19:05:52.347 INFO: HMMs passed 2nd prefilter and not found in previous iterations : 51208

- 19:05:52.347 INFO: Scoring 51208 HMMs using HMM-HMM Viterbi alignment

- 19:05:52.390 INFO: Alternative alignment: 0

- 19:05:53.140 INFO: 2000 alignments done

- 19:05:54.106 INFO: 4000 alignments done

- 19:05:56.839 INFO: 6000 alignments done

- 19:06:00.279 INFO: 8000 alignments done

- 19:06:01.162 INFO: 10000 alignments done

- 19:06:02.111 INFO: 12000 alignments done

- 19:06:03.099 INFO: 14000 alignments done

- 19:06:04.181 INFO: 16000 alignments done

- 19:06:04.982 INFO: 18000 alignments done

- 19:06:05.659 INFO: 20000 alignments done

- 19:06:06.235 INFO: 22000 alignments done

- 19:06:06.760 INFO: 24000 alignments done

- 19:06:07.224 INFO: 26000 alignments done

- 19:06:07.667 INFO: 28000 alignments done

- 19:06:08.115 INFO: 30000 alignments done

- 19:06:09.143 INFO: 32000 alignments done

- 19:06:10.177 INFO: 34000 alignments done

- 19:06:12.300 INFO: 36000 alignments done

- 19:06:15.801 INFO: 38000 alignments done

- 19:06:18.644 INFO: 40000 alignments done

- 19:06:22.243 INFO: 42000 alignments done

- 19:06:25.132 INFO: 44000 alignments done

- 19:06:28.041 INFO: 46000 alignments done

- 19:06:30.942 INFO: 48000 alignments done

- 19:06:33.412 INFO: 50000 alignments done

- 19:06:35.222 INFO: 51208 alignments done

- 19:06:35.224 INFO: Stop after DB-HHM: 51208 because early stop  11.1866 < filter cutoff 12.08

- 19:06:35.225 INFO: Alternative alignment: 1

- 19:06:46.822 INFO: 43233 alignments done

- 19:06:46.907 INFO: Alternative alignment: 2

- 19:06:48.285 INFO: 3767 alignments done

- 19:06:48.289 INFO: Alternative alignment: 3

- 19:06:48.576 INFO: 505 alignments done

- 19:06:48.976 INFO: Rescoring previously found HMMs with Viterbi algorithm

- 19:06:49.030 INFO: Alternative alignment: 0

- 19:06:49.722 INFO: 2000 alignments done

- 19:06:50.401 INFO: 4000 alignments done

- 19:06:50.993 INFO: 6000 alignments done

- 19:06:51.572 INFO: 8000 alignments done

- 19:06:51.897 INFO: 9106 alignments done

- 19:06:51.907 INFO: Alternative alignment: 1

- 19:06:54.782 INFO: 9103 alignments done

- 19:06:54.801 INFO: Alternative alignment: 2

- 19:06:55.088 INFO: 618 alignments done

- 19:06:55.089 INFO: Alternative alignment: 3

- 19:06:55.154 INFO: 98 alignments done

- 19:06:55.577 INFO: Premerge done

- 19:06:55.578 INFO: Realigning 34324 HMM-HMM alignments using Maximum Accuracy algorithm

- 19:08:01.999 INFO: 34442 sequences belonging to 34442 database HMMs found with an E-value < 0.001

- 19:08:02.000 INFO: Number of effective sequences of resulting query HMM: Neff = 11.5657

     Query         mrgx1_human Q96LB2
     Match_columns 322
     No_of_seqs    1484 out of 291498
     Neff          11.5657
     Searched_HMMs 80589
     Date          Wed Mar  8 19:08:02 2023
     Command       hhblits -i mrgx1_human-4058/msas/A/chain_A.fasta -cpu 4 -maxmem 20 -oa3m /projects/ilfgrid/people/nqz918/code/deorph/scripts/af_arman/af_jobs_af23/mrgx1_human/4058//mrgx1_human-4058/msas/A/bfd_uniref_hits.a3m -o /dev/null -n 3 -e 0.001 -maxseq 1000000 -realign_max 100000 -maxfilt 100000 -min_prefilter_hits 1000 -d /projects/ilfgrid/data/alphafold-genetic-databases///bfd/bfd_metaclust_clu_complete_id30_c90_final_seq.sorted_opt -d /projects/ilfgrid/data/alphafold-genetic-databases///uniref30/UniRef30_2021_03 
     
      No Hit                             Prob E-value P-value  Score    SS Cols Query HMM  Template HMM
       1 UniRef100_A0A6P4Z4S7 G-protein 100.0 5.8E-47 5.9E-53  319.0   0.0  270   25-300    57-356 (417)
       2 UniRef100_A0A1S3HKE5 allatosta 100.0 9.9E-47   1E-52  315.4   0.0  271   24-298    79-378 (462)
       3 UniRef100_A0A2B4S7K2 Histamine 100.0 1.8E-46 1.8E-52  308.6   0.0  267   22-295    27-327 (369)
       4 tr|A0A0P7U387|A0A0P7U387_9TELE 100.0 7.6E-46 7.8E-52  303.9   0.0  265   25-297   126-417 (556)
       5 UniRef100_A0A060X1Q6 Somatosta 100.0 1.7E-45 1.8E-51  312.9   0.0  263   26-295   138-424 (604)
       6 UniRef100_A0A026X3T6 Allatosta 100.0 2.2E-45 2.2E-51  307.8   0.0  267   27-298   139-428 (540)
       7 tr|M3ZFE6|M3ZFE6_XIPMA Somatos 100.0 3.1E-45 3.2E-51  298.6   0.0  264   24-296   101-390 (525)
       8 UniRef100_A0A1N7TCF1 Galanin r 100.0 6.3E-45 6.4E-51  296.7   0.0  269   25-298    69-363 (407)
       9 UniRef100_A0A369RW72 Octopamin 100.0 7.8E-45 7.9E-51  305.9   0.0  259   27-291    54-354 (412)
      10 UniRef100_A0A060VSP8 5-hydroxy 100.0 9.3E-45 9.5E-51  302.3   0.0  266   26-297    86-417 (479)
      11 UniRef100_A0A060W5Z4 G_PROTEIN 100.0 1.1E-44 1.2E-50  305.1   0.0  265   25-297   188-476 (593)
      12 UniRef100_A0A6P4Y4T1 galanin r 100.0 1.4E-44 1.4E-50  294.4   0.0  272   25-300    56-356 (410)
      13 UniRef100_A0A0K0PUR1 Orphan G- 100.0 2.3E-44 2.3E-50  304.2   0.0  261   26-292   113-408 (530)
      14 UniRef100_A0A023F675 Putative  100.0 2.3E-44 2.4E-50  307.0   0.0  264   26-293   125-417 (530)
      15 UniRef100_A0A0K0PUL8 Allatosta 100.0 2.7E-44 2.7E-50  293.9   0.0  267   26-296    49-345 (396)
      16 UniRef100_A0A060VUW6 G_PROTEIN 100.0 3.4E-44 3.5E-50  311.5   0.0  266   26-298   116-442 (574)
      17 tr|C3XSP5|C3XSP5_BRAFL Unchara 100.0 3.4E-44 3.5E-50  284.0   0.0  288    9-300     9-331 (403)
      18 UniRef100_A0A0K0PUX7 Orphan G- 100.0 3.9E-44   4E-50  300.1   0.0  265   26-294    61-353 (471)
      19 UniRef100_A0A024FLF0 PQRFa pep 100.0 4.8E-44 4.9E-50  300.2   0.0  265   25-295    47-346 (413)
      20 tr|V8PD93|V8PD93_OPHHA Type-2  100.0 5.4E-44 5.5E-50  296.6   0.0  268   25-297    73-370 (412)
      21 tr|A0A1S3FFD0|A0A1S3FFD0_DIPOR 100.0 5.5E-44 5.6E-50  296.5   0.0  320    1-322    70-393 (393)
      22 UniRef100_A0A060X5Z5 G_PROTEIN 100.0 5.6E-44 5.8E-50  301.4   0.0  263   26-295    82-384 (522)
      23 tr|A0A1L8G1N6|A0A1L8G1N6_XENLA 100.0 6.1E-44 6.3E-50  289.6   0.0  265   24-297   113-400 (448)
      24 UniRef100_A0A2G8JR46 Putative  100.0 6.3E-44 6.4E-50  298.0   0.0  259   29-295    64-356 (411)
      25 tr|A0A0F8ARD3|A0A0F8ARD3_LARCR 100.0 7.2E-44 7.4E-50  287.6   0.0  262   26-294    52-337 (464)
      26 UniRef100_A0A087XDT1 Somatosta 100.0 7.7E-44 7.9E-50  297.5   0.0  259   25-288   166-450 (676)
      27 tr|A0A1I8M930|A0A1I8M930_MUSDO 100.0 1.1E-43 1.1E-49  311.6   0.0  267   26-297   187-580 (963)
      28 UniRef100_A0A0K0PUV0 FVRIamide 100.0 1.2E-43 1.2E-49  294.4   0.0  264   24-294    49-377 (458)
      29 UniRef100_A0A060VVF8 G_PROTEIN 100.0 1.2E-43 1.2E-49  300.9   0.0  266   26-295   138-433 (511)
      30 UniRef100_A0A0K0PUT9 Excitator 100.0 1.3E-43 1.3E-49  298.1   0.0  271   24-298   100-404 (474)
      31 UniRef100_A0A1D2M4J2 Neuropept 100.0 1.5E-43 1.6E-49  293.5   0.0  263   26-294   125-422 (497)
      32 UniRef100_A0A068WW83 Allatosta 100.0 1.6E-43 1.6E-49  297.2   0.0  256   26-289    65-347 (432)
      33 tr|A0A2B4SUH3|A0A2B4SUH3_STYPI 100.0 2.1E-43 2.1E-49  287.4   0.0  274   22-299    20-335 (385)
      34 UniRef100_A0A087RJN6 Somatosta 100.0 2.2E-43 2.3E-49  294.8   0.0  258   26-287    59-339 (391)
      35 UniRef100_A0A1V4KIE8 Beta-1 ad 100.0 2.5E-43 2.5E-49  308.7   0.0  262   32-301    34-355 (512)
      36 UniRef100_A0A091DWF1 Somatosta 100.0 3.3E-43 3.3E-49  287.5   0.0  263   25-294   153-439 (523)
      37 UniRef100_A0A1D1W534 G_PROTEIN 100.0 3.4E-43 3.5E-49  299.1   0.0  268   26-297    77-435 (492)
      38 UniRef100_A0A3M6U5X4 G_PROTEIN 100.0 3.4E-43 3.5E-49  278.0   0.0  269   24-299    35-324 (339)
      39 UniRef100_A0A2G8L6L1 Putative  100.0 3.6E-43 3.7E-49  284.5   0.0  267   25-297    33-326 (407)
      40 UniRef100_UPI000B911B64 melato 100.0 4.8E-43 4.9E-49  289.2   0.0  286    1-295     1-344 (381)
      41 tr|A0A2C9JWF9|A0A2C9JWF9_BIOGL 100.0   5E-43 5.1E-49  289.4   0.0  272   26-301    64-371 (403)
      42 tr|S9YJE2|S9YJE2_CAMFR Somatos 100.0   5E-43 5.2E-49  280.1   0.0  266   25-295   110-400 (438)
      43 UniRef100_A0A061A7W5 G_PROTEIN 100.0 6.2E-43 6.3E-49  292.0   0.0  265   26-295    60-358 (473)
      44 UniRef100_A0A026WTK8 Tachykini 100.0 6.4E-43 6.5E-49  293.6   0.0  265   25-295    87-388 (556)
      45 UniRef100_A0A1L8GQY3 Alpha-1B  100.0 6.6E-43 6.8E-49  287.7   0.0  269   26-301    45-374 (510)
      46 UniRef100_A0A2B4SDF9 Neuropept 100.0 6.9E-43 7.1E-49  287.5   0.0  264   23-293    85-377 (455)
      47 UniRef100_A0A2B4SKI0 Tachykini 100.0 7.2E-43 7.3E-49  299.1   0.0  265   25-296    89-391 (469)
      48 UniRef100_A0A091EBV8 Type-1 an 100.0   8E-43 8.2E-49  301.5   0.0  262   25-293   345-628 (715)
      49 UniRef100_A0A1S3KA35 Alpha-1B  100.0 8.6E-43 8.7E-49  293.1   0.0  267   26-299    88-423 (551)
      50 UniRef100_A0A060X690 G_PROTEIN 100.0 9.2E-43 9.4E-49  279.7   0.0  269   26-299    45-339 (386)
      51 UniRef100_A0A060WEJ5 G_PROTEIN 100.0 9.7E-43 9.9E-49  294.0   0.0  265   26-297   112-458 (544)
      52 UniRef100_A0A2G8KL37 Cholecyst 100.0 1.3E-42 1.3E-48  285.1   0.0  266   26-295    97-430 (493)
      53 UniRef100_A0A0C9QBK4 GHSR_0 pr 100.0 1.4E-42 1.4E-48  301.4   0.0  265   25-293   170-472 (591)
      54 tr|A0A1S3FG17|A0A1S3FG17_DIPOR 100.0 1.6E-42 1.7E-48  283.9   0.0  294    1-322    96-392 (392)
      55 UniRef100_A0A026W5R0 Orexin re 100.0 1.8E-42 1.8E-48  293.0   0.0  263   26-294   116-425 (529)
      56 tr|E0D358|E0D358_HEMPU Dopamin 100.0 1.9E-42 1.9E-48  281.3   0.0  264   26-297    23-330 (435)
      57 UniRef100_A0A141CIT8 G protein 100.0 2.3E-42 2.3E-48  286.9   0.0  264   25-295    84-376 (488)
      58 UniRef100_A0A1V9XU68 Tyramine/ 100.0 2.3E-42 2.4E-48  283.0   0.0  268   26-299    51-357 (408)
      59 UniRef100_A0A077YWL6 Somatosta 100.0 2.4E-42 2.4E-48  291.2   0.0  267   27-298    65-363 (446)
      60 UniRef100_A0A2B4S4U3 Beta-2 ad 100.0 2.4E-42 2.4E-48  275.7   0.0  271   23-298    24-324 (372)
      61 tr|A0A146NY53|A0A146NY53_FUNHE 100.0 2.4E-42 2.5E-48  284.0   0.0  262   28-295     7-317 (469)
      62 UniRef100_A0A061INJ6 Pyrogluta 100.0 2.4E-42 2.5E-48  297.4   0.0  266   26-295   151-458 (594)
      63 UniRef100_A0A139WB32 Tachykini 100.0 2.4E-42 2.5E-48  281.5   0.0  266   27-298    43-345 (405)
      64 UniRef100_A0A0K0PUI9 Orphan G- 100.0 2.8E-42 2.8E-48  294.3   0.0  268   25-297    99-409 (534)
      65 UniRef100_A0A044T5H8 G_PROTEIN 100.0 2.9E-42 2.9E-48  293.3   0.0  269   24-298   242-571 (693)
      66 UniRef100_A0A2B4S7A4 Alpha-1A  100.0 3.1E-42 3.2E-48  280.7   0.0  259   25-298    37-312 (392)
      67 UniRef100_A0A154PKR3 Tachykini 100.0 3.3E-42 3.3E-48  285.9   0.0  264   26-295    75-374 (457)
      68 tr|A0A091DWF1|A0A091DWF1_FUKDA 100.0 3.5E-42 3.6E-48  275.2   0.0  264   25-295   154-441 (483)
      69 UniRef100_A0A6P4XD29 neuropept 100.0 3.8E-42 3.9E-48  278.7   0.0  259   26-290    40-337 (385)
      70 UniRef100_A0A0K0PUH1 Orphan G- 100.0 4.5E-42 4.6E-48  274.3   0.0  261   26-292    51-345 (413)
      71 UniRef100_A0A087WQV0 Mas-relat 100.0 5.1E-42 5.2E-48  286.1   0.0  322    1-322    96-424 (475)
      72 UniRef100_A0A1L8FNX2 G_PROTEIN 100.0 5.5E-42 5.6E-48  280.7   0.0  259   27-289    62-337 (400)
      73 UniRef100_A0A3M6TAE6 G_PROTEIN 100.0 6.1E-42 6.2E-48  281.9   0.0  261   25-296    89-369 (443)
      74 UniRef100_A0A164MD49 Putative  100.0 6.6E-42 6.7E-48  282.7   0.0  266   27-296    49-396 (498)
      75 UniRef100_A0A077Z2H9 Putative  100.0   8E-42 8.2E-48  285.8   0.0  267   26-296    70-397 (477)
      76 UniRef100_A0A2B4RGU4 5-hydroxy 100.0 8.3E-42 8.5E-48  292.2   0.0  266   26-295    64-370 (478)
      77 UniRef100_A0A177B9B5 Rhodopsin 100.0 8.5E-42 8.7E-48  279.0   0.0  262   27-294    90-401 (464)
      78 UniRef100_A0A026WW28 Neuropept 100.0 8.6E-42 8.8E-48  289.7   0.0  263   26-295    87-380 (552)
      79 UniRef100_A0A1U7T397 mas-relat 100.0   1E-41 1.1E-47  272.1   0.0  320    1-322    58-382 (383)
      80 UniRef100_A0A7M7HFU8 G_PROTEIN 100.0 1.1E-41 1.1E-47  285.5   0.0  261   25-295    62-364 (423)
      81 UniRef100_A0A401NJB3 G_PROTEIN 100.0 1.1E-41 1.2E-47  280.6   0.0  264   28-299    42-363 (517)
      82 UniRef100_A0A2B4RSM5 Neuropept 100.0 1.3E-41 1.4E-47  277.9   0.0  265   22-296    31-324 (417)
      83 UniRef100_A0A2B4S0J6 Somatosta 100.0 1.4E-41 1.4E-47  290.5   0.0  263   24-293    80-377 (457)
      84 UniRef100_A0A2B4R9G2 Melatonin 100.0 1.7E-41 1.8E-47  290.2   0.0  264   26-295    79-366 (461)
      85 UniRef100_A0A151N382 Galanin r 100.0 1.8E-41 1.8E-47  264.7   0.0  286    9-299     9-320 (392)
      86 tr|A0A0P4XBU7|A0A0P4XBU7_9CRUS 100.0 1.9E-41 1.9E-47  286.9   0.0  262   26-293    59-413 (557)
      87 UniRef100_A0A210QEM7 Neuropept 100.0 1.9E-41 1.9E-47  275.6   0.0  264   28-297    51-348 (416)
      88 UniRef100_A0A060X1U9 G_PROTEIN 100.0 1.9E-41 1.9E-47  285.0   0.0  265   26-297   137-459 (633)
      89 UniRef100_A0A060X360 G_PROTEIN 100.0 1.9E-41   2E-47  277.9   0.0  271   24-298    96-391 (477)
      90 UniRef100_A0A060W9T7 G_PROTEIN 100.0   2E-41 2.1E-47  279.1   0.0  271   24-299   182-476 (616)
      91 UniRef100_A0A2G8KMT5 G_PROTEIN 100.0 2.2E-41 2.2E-47  275.5   0.0  255   28-292    37-324 (402)
      92 UniRef100_A0A7M7HKI1 G_PROTEIN 100.0 2.3E-41 2.3E-47  279.4   0.0  286    9-300    18-340 (418)
      93 UniRef100_A0A3M6TPP0 G_PROTEIN 100.0 2.3E-41 2.4E-47  281.1   0.0  270   22-295    45-354 (424)
      94 UniRef100_A0A0L8I0T4 G_PROTEIN 100.0 2.5E-41 2.6E-47  281.9   0.0  270   26-299   132-500 (554)
      95 UniRef100_A0A060X0R7 Uncharact 100.0 2.6E-41 2.7E-47  265.4   0.0  267   24-297    54-344 (383)
      96 tr|A0A0P7V5N2|A0A0P7V5N2_9TELE 100.0 2.7E-41 2.7E-47  275.8   0.0  266   23-297    87-403 (468)
      97 UniRef100_A0A1I8HKX2 G_PROTEIN 100.0 2.9E-41 2.9E-47  278.2   0.0  267   26-300    39-416 (442)
      98 UniRef100_A0A0P0YUU8 Cannabino 100.0   3E-41 3.1E-47  278.7   0.0  271   26-300    81-422 (496)
      99 UniRef100_A0A026WK40 Cholecyst 100.0 3.1E-41 3.1E-47  292.4   0.0  267   27-297   154-545 (656)
     100 UniRef100_A0A3M6T6P4 G_PROTEIN 100.0 3.1E-41 3.2E-47  280.1   0.0  264   26-297    54-356 (465)
     101 UniRef100_A0A2B4SVC4 Dopamine  100.0 3.2E-41 3.3E-47  274.7   0.0  255   26-294    54-329 (397)
     102 UniRef100_A0A087YRI1 G_PROTEIN 100.0 3.6E-41 3.7E-47  277.8   0.0  261   27-295    80-372 (438)
     103 tr|C3XVS5|C3XVS5_BRAFL Unchara 100.0 3.6E-41 3.7E-47  271.3   0.0  268   25-298    65-366 (425)
     104 UniRef100_A0A1S3J712 QRFP-like 100.0   4E-41 4.1E-47  283.0   0.0  261   28-294    68-370 (507)
     105 UniRef100_A0A060XC03 Beta-2 ad 100.0 4.2E-41 4.4E-47  277.9   0.0  267   23-296    98-414 (548)
     106 UniRef100_A0A060WMC3 Alpha-1D  100.0 4.3E-41 4.4E-47  278.0   0.0  267   26-299   109-436 (564)
     107 tr|K7GCC3|K7GCC3_PELSI Adrenoc 100.0 4.6E-41 4.7E-47  272.4   0.0  266   27-300    41-368 (488)
     108 UniRef100_A0A1S3H6K0 neuropept 100.0 5.2E-41 5.3E-47  284.2   0.0  260   25-290    54-351 (470)
     109 tr|A0A146U732|A0A146U732_FUNHE 100.0 5.4E-41 5.5E-47  295.4   0.0  266   24-293   188-545 (590)
     110 tr|A0A2B4SID7|A0A2B4SID7_STYPI 100.0 5.7E-41 5.8E-47  280.5   0.0  266   24-295    28-327 (422)
     111 UniRef100_A0A2B4RHY9 Pyrogluta 100.0 6.4E-41 6.5E-47  286.4   0.0  263   24-295    78-371 (455)
     112 UniRef100_A0A2B4RPR9 Allatosta 100.0 7.1E-41 7.2E-47  280.6   0.0  261   25-292    45-341 (446)
     113 UniRef100_A0A0L7KZ56 Neuropept 100.0 7.3E-41 7.5E-47  277.4   0.0  260   26-291    85-381 (509)
     114 tr|A0A218UB83|A0A218UB83_9PASE 100.0 7.3E-41 7.5E-47  280.7   0.0  269   26-301   192-518 (631)
     115 tr|A0A146TP77|A0A146TP77_FUNHE 100.0 7.9E-41   8E-47  286.8   0.0  270   26-300    45-428 (522)
     116 UniRef100_A0A034WDF0 Allatosta 100.0 9.3E-41 9.5E-47  278.3   0.0  263   27-293    95-383 (459)
     117 UniRef100_A0A3M6TV84 G_PROTEIN 100.0   1E-40   1E-46  273.2   0.0  264   26-296    44-338 (405)
     118 UniRef100_A0A084VX67 AGAP00044 100.0 1.1E-40 1.1E-46  272.0   0.0  260   26-293    68-384 (444)
     119 UniRef100_A0A0K0PUH3 Allatotro 100.0 1.1E-40 1.1E-46  270.1   0.0  265   27-297    68-375 (424)
     120 UniRef100_A0A060WAG3 G_PROTEIN 100.0 1.2E-40 1.2E-46  277.1   0.0  268   26-298   121-502 (550)
     121 tr|A0A146NR64|A0A146NR64_FUNHE 100.0 1.3E-40 1.3E-46  269.1   0.0  265   25-293   117-418 (449)
     122 UniRef100_A0A087T336 Somatosta 100.0 1.3E-40 1.4E-46  272.2   0.0  265   26-296    76-368 (454)
     123 tr|A0A1W2W3E6|A0A1W2W3E6_CIOIN 100.0 1.4E-40 1.4E-46  270.8   0.0  269   24-297    54-353 (487)
     124 UniRef100_A0A1D1V5S1 G_PROTEIN 100.0 1.5E-40 1.5E-46  272.2   0.0  269   26-300    55-364 (484)
     125 UniRef100_A0A151LYB3 G_PROTEIN 100.0 1.6E-40 1.6E-46  269.0   0.0  263   27-297    98-391 (435)
     126 UniRef100_A0A060WXX3 G-protein 100.0 1.6E-40 1.6E-46  283.5   0.0  274   25-298   157-460 (539)
     127 UniRef100_A0A6J8CLU9 HCRTR2 n= 100.0 1.8E-40 1.8E-46  268.9   0.0  266   27-298    52-361 (422)
     128 UniRef100_A0A2B4SKX3 Cholecyst 100.0 1.8E-40 1.8E-46  271.0   0.0  268   22-300    66-417 (428)
     129 tr|A0A147AMP5|A0A147AMP5_FUNHE 100.0 1.8E-40 1.8E-46  284.4   0.0  264   26-298    30-430 (475)
     130 UniRef100_A0A068YB14 Neuropept 100.0 1.9E-40 1.9E-46  279.1   0.0  262   26-293    53-350 (448)
     131 tr|A0A1V4J9T1|A0A1V4J9T1_PATFA 100.0 1.9E-40   2E-46  264.2   0.0  270   24-298    65-358 (461)
     132 tr|G3S2I3|G3S2I3_GORGO Opioid  100.0   2E-40 2.1E-46  269.2   0.0  261   26-292   161-446 (492)
     133 tr|A0A218VDE9|A0A218VDE9_9PASE 100.0 2.3E-40 2.4E-46  268.4   0.0  265   22-295    18-307 (556)
     134 UniRef100_A0A3B4VB96 Beta-2 ad 100.0 2.3E-40 2.4E-46  270.2   0.0  262   24-294    49-360 (464)
     135 tr|T1KPP2|T1KPP2_TETUR Unchara 100.0 2.3E-40 2.4E-46  272.0   0.0  268   26-297   150-438 (477)
     136 UniRef100_A0A7M7SYV2 G_PROTEIN 100.0 2.4E-40 2.5E-46  278.8   0.0  256   31-294    71-397 (630)
     137 tr|A0A146TL67|A0A146TL67_FUNHE 100.0 2.4E-40 2.5E-46  283.9   0.0  268   26-297    25-406 (442)
     138 tr|A0A1I8PIJ9|A0A1I8PIJ9_STOCA 100.0 2.5E-40 2.5E-46  280.5   0.0  268   26-299   168-471 (680)
     139 UniRef100_A0A060VWI9 G_PROTEIN 100.0 2.5E-40 2.5E-46  275.9   0.0  261   26-294    59-393 (579)
     140 UniRef100_A0A087UNN0 Neuropept 100.0 2.7E-40 2.8E-46  271.6   0.0  259   27-291    93-387 (470)
     141 UniRef100_A0A2B4RFH8 Neuropept 100.0 3.2E-40 3.2E-46  281.6   0.0  279   12-296    45-367 (439)
     142 UniRef100_A0A147B5F7 Adenosine 100.0 3.2E-40 3.3E-46  269.6   0.0  267   27-299    48-348 (492)
     143 UniRef100_A0A068WVN8 Biogenic  100.0 3.3E-40 3.4E-46  284.1   0.0  266   25-297   118-509 (641)
     144 UniRef100_A0A0K0PUH0 Orphan G- 100.0 3.4E-40 3.5E-46  283.9   0.0  261   26-290   135-468 (583)
     145 UniRef100_A0A2B4SC76 Substance 100.0 3.4E-40 3.5E-46  278.0   0.0  265   24-294    51-351 (461)
     146 UniRef100_A0A087XT11 Alpha-1B  100.0 3.8E-40 3.9E-46  272.9   0.0  268   26-300    78-409 (622)
     147 UniRef100_A0A2B4RHL7 Galanin r 100.0   4E-40 4.1E-46  263.0   0.0  258   27-295    32-310 (406)
     148 tr|A7SD89|A7SD89_NEMVE Predict 100.0 4.3E-40 4.4E-46  256.9   0.0  259   30-296    40-331 (355)
     149 tr|A0A2B4SKI0|A0A2B4SKI0_STYPI 100.0 4.4E-40 4.5E-46  273.8   0.0  256   26-290    96-393 (458)
     150 UniRef100_A0A0L8H201 G_PROTEIN 100.0 4.4E-40 4.5E-46  265.7   0.0  269   23-295    81-382 (461)
     151 tr|A7RYQ3|A7RYQ3_NEMVE Predict 100.0 4.4E-40 4.5E-46  270.7   0.0  266   26-297    50-337 (367)
     152 UniRef100_A0A2G8KTA9 Putative  100.0 4.6E-40 4.7E-46  276.5   0.0  258   27-295    48-344 (445)
     153 UniRef100_A0A0H3YI86 Pyrokinin 100.0 4.8E-40 4.9E-46  278.6   0.0  268   26-297    82-400 (510)
     154 UniRef100_A0A2B4RZ41 Adenosine 100.0 4.9E-40   5E-46  270.0   0.0  254   28-295    49-312 (381)
     155 UniRef100_A0A2B4SJV4 Galanin r 100.0 5.1E-40 5.2E-46  278.5   0.0  262   26-294    73-365 (444)
     156 tr|A0A1D1UXI1|A0A1D1UXI1_RAMVA 100.0   5E-40 5.2E-46  269.3   0.0  268   26-297    80-377 (499)
     157 UniRef100_A0A0N0PF28 Orexin re 100.0 5.5E-40 5.6E-46  275.2   0.0  271   27-299   136-467 (588)
     158 tr|A0A1D2MSE1|A0A1D2MSE1_ORCCI 100.0 5.7E-40 5.8E-46  280.1   0.0  265   26-296   109-407 (615)
     159 UniRef100_A0A087UP46 5-hydroxy 100.0   6E-40 6.2E-46  269.0   0.0  265   26-296    44-401 (472)
     160 UniRef100_A0A6P4YBA8 delta-typ 100.0 6.1E-40 6.2E-46  267.2   0.0  263   25-295    48-339 (406)
     161 tr|A0A182G4E1|A0A182G4E1_AEDAL 100.0 6.2E-40 6.3E-46  273.9   0.0  267   26-298    66-373 (534)
     162 tr|W4XZB8|W4XZB8_STRPU Unchara 100.0 6.2E-40 6.4E-46  265.4   0.0  257   27-293    19-308 (400)
     163 tr|A0A1A8LLP2|A0A1A8LLP2_9TELE 100.0 6.5E-40 6.7E-46  265.7   0.0  266   24-297    90-399 (455)
     164 tr|A0A2B4S6X2|A0A2B4S6X2_STYPI 100.0 6.6E-40 6.8E-46  261.5   0.0  272   26-301    22-329 (379)
     165 tr|L7LZ94|L7LZ94_9ACAR Putativ 100.0 6.7E-40 6.8E-46  263.7   0.0  265   27-296   102-393 (438)
     166 UniRef100_A0A060VTR1 G_PROTEIN 100.0 6.9E-40   7E-46  274.5   0.0  266   26-298   118-443 (619)
     167 tr|A0A0Q3X582|A0A0Q3X582_AMAAE 100.0 7.3E-40 7.5E-46  274.1   0.0  270   26-300    80-390 (504)
     168 UniRef100_A0A1D1VDY3 G_PROTEIN 100.0 7.8E-40   8E-46  274.2   0.0  266   26-297   132-448 (557)
     169 UniRef100_A0A087YQK7 Adrenocep 100.0 7.9E-40 8.1E-46  274.1   0.0  259   32-298   134-454 (617)
     170 tr|A0A1W4ZX05|A0A1W4ZX05_9TELE 100.0 7.9E-40 8.1E-46  271.0   0.0  262   26-293    68-383 (480)
     171 UniRef100_A0A2B4SE17 Substance 100.0 8.3E-40 8.4E-46  278.9   0.0  264   25-294    62-364 (467)
     172 UniRef100_A0A1S3HRK7 octopamin 100.0 8.8E-40   9E-46  272.1   0.0  262   28-294    65-349 (413)
     173 UniRef100_A0A2G8K507 Putative  100.0 9.6E-40 9.7E-46  276.1   0.0  262   26-295    38-333 (384)
     174 UniRef100_A0A023F3V9 Putative  100.0 9.9E-40   1E-45  272.2   0.0  261   26-291   131-419 (574)
     175 tr|A0A091CRU0|A0A091CRU0_FUKDA 100.0 1.1E-39 1.2E-45  279.0   0.0  264   26-294   407-691 (720)
     176 UniRef100_A0A2H8TNJ5 Neuropept 100.0 1.3E-39 1.3E-45  270.2   0.0  260   27-292   155-450 (528)
     177 UniRef100_A0A084VLD5 AGAP00422 100.0 1.3E-39 1.3E-45  273.7   0.0  264   26-296   242-596 (695)
     178 UniRef100_A0A0L8I310 G_PROTEIN 100.0 1.3E-39 1.4E-45  273.1   0.0  260   27-290    45-363 (468)
     179 UniRef100_A0A3M6TKX3 G_PROTEIN 100.0 1.3E-39 1.4E-45  269.3   0.0  263   25-293    73-372 (427)
     180 tr|W4Z2N2|W4Z2N2_STRPU Unchara 100.0 1.6E-39 1.6E-45  258.2   0.0  276   12-292    39-349 (406)
     181 UniRef100_A0A0B4LHT6 RYamide r 100.0 1.6E-39 1.6E-45  272.7   0.0  260   26-292   113-408 (524)
     182 UniRef100_A0A146M155 Neuropept 100.0 1.6E-39 1.6E-45  269.1   0.0  262   28-293    54-360 (488)
     183 tr|A0A2G9R7F4|A0A2G9R7F4_LITCT 100.0 1.6E-39 1.6E-45  261.1   0.0  272   25-299    46-339 (408)
     184 UniRef100_A0A6G8J3P5 Melanin-c 100.0 1.6E-39 1.7E-45  262.5   0.0  266   25-295    59-351 (460)
     185 UniRef100_A0A2B4SVS8 Neuropept 100.0 1.7E-39 1.7E-45  274.4   0.0  265   25-296    86-383 (480)
     186 tr|H2Q292|H2Q292_PANTR Unchara 100.0 1.7E-39 1.7E-45  263.3   0.0  280   12-297    62-405 (492)
     187 tr|A0A0L0BYA7|A0A0L0BYA7_LUCCU 100.0 1.7E-39 1.7E-45  270.7   0.0  262   29-296   312-627 (678)
     188 UniRef100_A0A3M6UBA2 G_PROTEIN 100.0 1.7E-39 1.7E-45  265.4   0.0  261   23-296    45-341 (383)
     189 UniRef100_A0A024R4J1 Formyl pe 100.0 1.7E-39 1.8E-45  285.2   0.0  271   26-297   171-461 (581)
     190 tr|A0A0P7Y9H4|A0A0P7Y9H4_9TELE 100.0 1.8E-39 1.9E-45  263.4   0.0  264   26-294    38-336 (485)
     191 UniRef100_A0A023F668 Putative  100.0 1.8E-39 1.9E-45  265.6   0.0  262   26-295    84-377 (484)
     192 UniRef100_A0A059ZY04 Angiotens 100.0 1.9E-39 1.9E-45  276.2   0.0  268   26-299   167-458 (546)
     193 UniRef100_A0A2B4SYG2 5-hydroxy 100.0 1.9E-39 1.9E-45  261.4   0.0  278    6-292     4-313 (376)
     194 UniRef100_A0A060WWU7 G_PROTEIN 100.0 1.9E-39   2E-45  268.3   0.0  267   26-297    67-384 (545)
     195 UniRef100_A0A060VP48 G_PROTEIN 100.0   2E-39   2E-45  281.2   0.0  263   26-294   153-449 (580)
     196 UniRef100_A0A3B4UE11 Si:zfos-1 100.0   2E-39   2E-45  258.1   0.0  259   26-289    64-348 (441)
     197 UniRef100_A0A7M7G1H5 G_PROTEIN 100.0   2E-39 2.1E-45  270.3   0.0  259   29-298    39-336 (381)
     198 tr|A0A0P7U0M1|A0A0P7U0M1_9TELE 100.0 2.2E-39 2.2E-45  259.3   0.0  268   25-297    99-413 (440)
     199 UniRef100_A0A4D9EQQ5 Enolase-l 100.0 2.2E-39 2.2E-45  254.8   0.0  269   25-300   144-436 (472)
     200 UniRef100_A0A3M6UKX8 G_PROTEIN 100.0 2.2E-39 2.3E-45  274.1   0.0  265   25-295   116-420 (487)
     201 UniRef100_A0A023F452 Putative  100.0 2.3E-39 2.3E-45  275.6   0.0  267   26-297   138-540 (660)
     202 tr|A0A060XRS0|A0A060XRS0_ONCMY 100.0 2.3E-39 2.4E-45  277.9   0.0  267   26-299    54-379 (900)
     203 UniRef100_A0A023FH63 Putative  100.0 2.4E-39 2.5E-45  273.0   0.0  262   26-294   124-439 (563)
     204 UniRef100_A0A091R746 Beta-1 ad 100.0 2.5E-39 2.6E-45  269.0   0.0  259   30-296   137-453 (572)
     205 UniRef100_A0A2B4SEF2 Beta-1 ad 100.0 2.5E-39 2.6E-45  264.2   0.0  250   26-295    70-344 (424)
     206 UniRef100_A0A210QT45 G-protein 100.0 2.5E-39 2.6E-45  263.9   0.0  267   27-293    58-359 (472)
     207 tr|A0A232F0R3|A0A232F0R3_9HYME 100.0 2.6E-39 2.7E-45  260.8   0.0  266   27-296   103-424 (458)
     208 UniRef100_A0A0K0PUK6 Orphan G- 100.0 2.6E-39 2.7E-45  261.6   0.0  268   26-299    65-377 (448)
     209 UniRef100_A0A151NBW6 Beta-3 ad 100.0 2.7E-39 2.8E-45  264.1   0.0  261   25-293    28-338 (490)
     210 tr|A0A0L8FIS6|A0A0L8FIS6_OCTBM 100.0   3E-39 3.1E-45  265.1   0.0  262   30-297    93-422 (485)
     211 UniRef100_UPI000219022F Endoly 100.0   3E-39 3.1E-45  261.5   0.0  263   29-299   202-490 (507)
     212 UniRef100_A0A3M6TNW8 G_PROTEIN 100.0 3.1E-39 3.2E-45  265.1   0.0  263   26-296    93-393 (453)
     213 UniRef100_A0A087QH27 C-C chemo 100.0 3.1E-39 3.2E-45  279.9   0.0  266   26-297   199-486 (591)
     214 UniRef100_A0A067RG65 Neuropept 100.0 3.1E-39 3.2E-45  267.3   0.0  262   28-293    88-392 (509)
     215 UniRef100_A0A3M6TDR7 G_PROTEIN 100.0 3.3E-39 3.4E-45  271.1   0.0  257   25-292    72-350 (425)
     216 UniRef100_A0A0P6J0T1 Putative  100.0 3.5E-39 3.6E-45  278.2   0.0  267   27-298   102-412 (735)
     217 tr|A0A1U8CFX3|A0A1U8CFX3_MESAU 100.0 3.5E-39 3.6E-45  260.9   0.0  317    1-318    46-372 (373)
     218 UniRef100_A0A060XP11 G_PROTEIN 100.0 3.7E-39 3.8E-45  269.6   0.0  263   26-294    89-391 (497)
     219 UniRef100_A0A060W161 G_PROTEIN 100.0 3.8E-39 3.9E-45  281.0   0.0  263   26-293   167-453 (574)
     220 UniRef100_A0A0N7ZAP9 G_PROTEIN 100.0 3.8E-39 3.9E-45  265.7   0.0  267   26-299    75-370 (421)
     221 UniRef100_A0A0P5DAK4 Orexin re 100.0   4E-39 4.1E-45  266.4   0.0  263   27-295   106-430 (505)
     222 UniRef100_A0A087XFV2 5-hydroxy 100.0   4E-39 4.1E-45  265.7   0.0  268   25-299    81-400 (493)
     223 UniRef100_A0A2G8KT39 Putative  100.0 4.3E-39 4.3E-45  265.6   0.0  262   29-299    46-345 (383)
     224 tr|A0A2B4S1Z5|A0A2B4S1Z5_STYPI 100.0 4.3E-39 4.5E-45  267.1   0.0  260   25-299    23-302 (514)
     225 UniRef100_A0A2G8JGQ1 Putative  100.0 4.5E-39 4.6E-45  268.8   0.0  269   25-304    55-379 (455)
     226 tr|E6ZEU6|E6ZEU6_DICLA Neurome 100.0 4.6E-39 4.7E-45  266.0   0.0  268   26-297    87-396 (461)
     227 UniRef100_A0A6P3IMR0 somatosta 100.0 4.6E-39 4.7E-45  258.7   0.0  290    2-295   169-485 (524)
     228 UniRef100_A0A0K0PUX3 Orphan G- 100.0 4.8E-39 4.9E-45  270.2   0.0  256   27-291    60-346 (419)
     229 UniRef100_A0A2B4SJE7 Orexin re 100.0 4.9E-39   5E-45  269.4   0.0  261   26-293   133-429 (517)
     230 UniRef100_A0A087X575 NPY-Y2 re 100.0   5E-39 5.1E-45  262.7   0.0  264   26-295    72-371 (426)
     231 UniRef100_A0A1S3J8T4 5-hydroxy 100.0   5E-39 5.1E-45  267.6   0.0  268   23-297    96-398 (468)
     232 UniRef100_A0A3M6UAU0 G_PROTEIN 100.0   5E-39 5.1E-45  269.0   0.0  267   23-295    31-329 (552)
     233 UniRef100_A0A026W4S0 Neuromedi 100.0 5.2E-39 5.3E-45  271.7   0.0  266   27-296    73-389 (604)
     234 UniRef100_A0A6F9DEB9 5-hydroxy 100.0 5.4E-39 5.5E-45  266.6   0.0  264   25-294    53-362 (426)
     235 tr|A0A146YGA5|A0A146YGA5_FUNHE 100.0 5.4E-39 5.5E-45  273.8   0.0  265   26-297    29-342 (521)
     236 UniRef100_A0A3M6T5D0 G_PROTEIN 100.0 5.5E-39 5.7E-45  264.7   0.0  260   26-298    51-326 (402)
     237 UniRef100_A0A1L8HHP3 G_PROTEIN 100.0 5.9E-39   6E-45  256.6   0.0  263   26-293    44-337 (370)
     238 tr|M3ZYH7|M3ZYH7_XIPMA Unchara 100.0 6.2E-39 6.3E-45  261.0   0.0  288   25-317    83-394 (397)
     239 UniRef100_A0A060VNF4 G_PROTEIN 100.0 6.3E-39 6.4E-45  269.4   0.0  265   26-294   129-430 (566)
     240 UniRef100_A0A096NAQ2 Cholecyst 100.0 6.4E-39 6.5E-45  269.6   0.0  264   27-294   150-500 (617)
     241 UniRef100_A0A060VRN9 G_PROTEIN 100.0 6.5E-39 6.7E-45  266.1   0.0  261   26-293   134-428 (496)
     242 UniRef100_A0A061I1T5 C3a anaph 100.0 6.7E-39 6.9E-45  279.4   0.0  269   25-294   133-532 (700)
     243 UniRef100_A7RGN9 Predicted pro 100.0 6.8E-39 6.9E-45  252.7   0.0  262   22-294    25-313 (317)
     244 UniRef100_A0A060WGF3 B2 bradyk 100.0 7.1E-39 7.2E-45  275.7   0.0  262   27-293   159-449 (589)
     245 tr|A0A2B4S4U3|A0A2B4S4U3_STYPI 100.0 7.1E-39 7.3E-45  251.8   0.0  271   22-297    20-324 (359)
     246 UniRef100_A0A060X0P4 G_PROTEIN 100.0 7.2E-39 7.3E-45  270.2   0.0  268   25-297   136-433 (513)
     247 tr|A0A091DLL4|A0A091DLL4_FUKDA 100.0 7.2E-39 7.4E-45  257.1   0.0  266   24-297    30-346 (474)
     248 UniRef100_A0A1L8FNZ4 G_PROTEIN 100.0 7.8E-39   8E-45  265.0   0.0  269   26-297    99-380 (429)
     249 UniRef100_A0A0K0PUK8 FMRFamide 100.0   8E-39 8.2E-45  271.7   0.0  262   24-291    55-349 (471)
     250 UniRef100_A0A1I8FSG9 G_PROTEIN 100.0   8E-39 8.2E-45  264.9   0.0  272   25-301   158-511 (576)
     251 UniRef100_A0A060VPX8 G_PROTEIN 100.0 8.2E-39 8.3E-45  279.7   0.0  263   27-295   132-418 (527)
     252 tr|V8NQN2|V8NQN2_OPHHA G-prote 100.0   9E-39 9.2E-45  271.9   0.0  264   26-294   302-586 (840)
     253 UniRef100_A0A060W5H6 G_PROTEIN 100.0 9.1E-39 9.3E-45  271.1   0.0  259   26-290    85-382 (528)
     254 tr|A0A0N8JZL4|A0A0N8JZL4_9TELE 100.0   1E-38 1.1E-44  262.3   0.0  262   28-295   105-412 (482)
     255 UniRef100_A0A068YA15 Neuropept 100.0 1.1E-38 1.1E-44  264.2   0.0  265   27-295    72-395 (510)
     256 UniRef100_A0A6P8IFK2 neuromedi 100.0 1.1E-38 1.1E-44  256.1   0.0  266   25-297    23-323 (363)
     257 UniRef100_A0A7M7GHY8 G_PROTEIN 100.0 1.1E-38 1.2E-44  267.6   0.0  264   29-299   131-426 (453)
     258 UniRef100_A0A026WK16 Tachykini 100.0 1.4E-38 1.4E-44  268.7   0.0  265   26-296   181-482 (641)
     259 tr|W4YJK4|W4YJK4_STRPU Unchara 100.0 1.4E-38 1.5E-44  262.9   0.0  266   26-298    68-372 (446)
     260 UniRef100_A0A060ILH2 Neuromedi 100.0 1.4E-38 1.5E-44  266.3   0.0  266   27-296   176-478 (606)
     261 UniRef100_A0A2B4SID7 Neuropept 100.0 1.4E-38 1.5E-44  263.4   0.0  267   24-296    78-380 (462)
     262 tr|A0A2B4SAJ4|A0A2B4SAJ4_STYPI 100.0 1.5E-38 1.5E-44  261.9   0.0  263   22-291    23-329 (434)
     263 UniRef100_A0A369SHZ1 5-hydroxy 100.0 1.5E-38 1.6E-44  257.1   0.0  266   29-299    29-335 (375)
     264 UniRef100_A0A016T103 G_PROTEIN 100.0 1.7E-38 1.7E-44  272.3   0.0  255   35-297   118-477 (605)
     265 UniRef100_A0A026WCQ7 Tyramine  100.0 1.7E-38 1.7E-44  277.6   0.0  266   25-299   181-591 (665)
     266 tr|A0A212EZN3|A0A212EZN3_DANPL 100.0 1.7E-38 1.7E-44  260.7   0.0  261   26-292    53-351 (488)
     267 UniRef100_A0A067R4E0 Tachykini 100.0 1.7E-38 1.8E-44  257.8   0.0  261   27-289    49-342 (396)
     268 tr|A0A287CUD4|A0A287CUD4_ICTTR 100.0 1.8E-38 1.8E-44  256.7   0.0  269   22-296    13-308 (478)
     269 UniRef100_A0A060X6T3 G_PROTEIN 100.0 1.8E-38 1.8E-44  263.0   0.0  265   28-299    90-417 (550)
     270 tr|A0A2B4SNZ1|A0A2B4SNZ1_STYPI 100.0 1.8E-38 1.8E-44  261.9   0.0  264   24-297    28-321 (351)
     271 tr|A0A1S3FYW5|A0A1S3FYW5_DIPOR 100.0 1.8E-38 1.8E-44  249.3   0.0  275   25-303    67-366 (385)
     272 tr|A0A2B4RXA7|A0A2B4RXA7_STYPI 100.0 1.9E-38   2E-44  255.8   0.0  245   40-297    16-275 (328)
     273 UniRef100_A0A6P4Z684 G-protein 100.0 1.9E-38   2E-44  256.2   0.0  269   24-293    48-348 (425)
     274 UniRef100_A0A210QSD7 Octopamin 100.0   2E-38   2E-44  264.0   0.0  266   25-299    55-420 (423)
     275 UniRef100_A0A226DFM2 Neuropept 100.0   2E-38   2E-44  263.2   0.0  261   26-292   104-400 (523)
     276 tr|A0A0S1YD80|A0A0S1YD80_CHISP 100.0 2.1E-38 2.1E-44  261.0   0.0  265   27-297   164-466 (513)
     277 UniRef100_A0A087QH91 Melanopsi 100.0 2.1E-38 2.1E-44  269.3   0.0  264   24-293   100-397 (629)
     278 tr|A0A182XXT9|A0A182XXT9_ANOST 100.0 2.1E-38 2.2E-44  256.3   0.0  284    6-298    52-395 (426)
     279 tr|A0A2B4RR50|A0A2B4RR50_STYPI 100.0 2.1E-38 2.2E-44  256.1   0.0  274   23-303    25-333 (411)
     280 UniRef100_A0A026WIP6 Cholecyst 100.0 2.2E-38 2.3E-44  273.7   0.0  270   26-299   169-533 (636)
     281 tr|A0A1S3L0J1|A0A1S3L0J1_SALSA 100.0 2.3E-38 2.3E-44  261.0   0.0  267   26-299    74-409 (533)
     282 tr|A0A151NSA8|A0A151NSA8_ALLMI 100.0 2.3E-38 2.3E-44  257.1   0.0  255   24-284    85-364 (406)
     283 tr|A0A1U7TSJ4|A0A1U7TSJ4_TARSY 100.0 2.4E-38 2.4E-44  261.6   0.0  264   27-292   212-519 (600)
     284 tr|C7SLZ0|C7SLZ0_APLKU Seroton 100.0 2.5E-38 2.5E-44  263.8   0.0  263   26-297    71-426 (485)
     285 UniRef100_A0A0N1PGA0 Octopamin 100.0 2.5E-38 2.5E-44  265.6   0.0  261   28-293   108-490 (547)
     286 tr|A0A2B4R9G2|A0A2B4R9G2_STYPI 100.0 2.5E-38 2.5E-44  256.2   0.0  265   25-295    58-349 (378)
     287 UniRef100_A0A087YP43 Adenosine 100.0 2.5E-38 2.6E-44  258.4   0.0  270   26-300    71-383 (523)
     288 UniRef100_A0A0A1XP15 Neuropept 100.0 2.6E-38 2.7E-44  253.1   0.0  266   27-298    71-376 (421)
     289 UniRef100_A0A182H1J6 G_PROTEIN 100.0 2.7E-38 2.7E-44  274.9   0.0  178   26-203   317-511 (1005)
     290 tr|A0A0P7V0U8|A0A0P7V0U8_9TELE 100.0 2.7E-38 2.7E-44  251.2   0.0  272   24-300    82-379 (439)
     291 tr|A0A182U1B5|A0A182U1B5_9DIPT 100.0 2.7E-38 2.8E-44  264.5   0.0  261   26-292    38-340 (620)
     292 tr|A0A147AZW9|A0A147AZW9_FUNHE 100.0 2.7E-38 2.8E-44  269.8   0.0  269   26-300    84-439 (468)
     293 UniRef100_A0A0C9RF21 CapaR_3 p 100.0 2.9E-38 2.9E-44  263.0   0.0  264   28-295    52-356 (532)
     294 UniRef100_A0A0L8GIM4 G_PROTEIN 100.0 3.2E-38 3.2E-44  269.3   0.0  266   26-297    95-397 (481)
     295 UniRef100_A0A3M6T8F5 G_PROTEIN 100.0 3.3E-38 3.3E-44  273.1   0.0  265   26-296   100-396 (523)
     296 tr|A0A212C668|A0A212C668_CEREH 100.0 3.3E-38 3.4E-44  258.8   0.0  262   26-295   218-556 (558)
     297 UniRef100_A0A026WC04 Dopamine  100.0 3.3E-38 3.4E-44  255.3   0.0  265   26-297    76-399 (468)
     298 tr|A7S585|A7S585_NEMVE Predict 100.0 3.4E-38 3.5E-44  256.4   0.0  268   26-300    23-330 (374)
     299 tr|A0A2B4RXD1|A0A2B4RXD1_STYPI 100.0 3.4E-38 3.5E-44  255.2   0.0  264   26-298    92-383 (416)
     300 UniRef100_A0A0A7KUZ5 Opsin 5 n 100.0 3.4E-38 3.5E-44  260.9   0.0  262   25-293    50-342 (407)
     301 UniRef100_A0A061IN14 NK-3 rece 100.0 3.5E-38 3.6E-44  268.7   0.0  266   23-295   229-523 (662)
     302 tr|A0A1S3FWK5|A0A1S3FWK5_DIPOR 100.0 3.5E-38 3.6E-44  264.2   0.0  267   25-298   414-732 (786)
     303 tr|W4Y502|W4Y502_STRPU Unchara 100.0 3.6E-38 3.7E-44  258.0   0.0  261   28-297   109-389 (422)
     304 UniRef100_A0A6P8HX63 probable  100.0 3.7E-38 3.7E-44  262.2   0.0  261   26-298    56-363 (407)
     305 UniRef100_A0A096MAY6 Alpha-1B  100.0 3.7E-38 3.8E-44  255.9   0.0  266   28-300    47-378 (489)
     306 UniRef100_A0A060WJC5 Adenosine 100.0 3.9E-38 3.9E-44  268.3   0.0  263   27-295   159-454 (595)
     307 tr|A0A218UWX7|A0A218UWX7_9PASE 100.0   4E-38 4.1E-44  258.8   0.0  267   25-297    38-342 (474)
     308 UniRef100_A0A076YJT8 Chemokine 100.0   4E-38 4.1E-44  262.7   0.0  261   26-294   159-443 (493)
     309 UniRef100_A0A034WCQ2 Octopamin 100.0 4.3E-38 4.4E-44  267.7   0.0  267   25-298   161-564 (618)
     310 tr|A0A210R0K7|A0A210R0K7_MIZYE 100.0 4.3E-38 4.4E-44  255.5   0.0  269   26-298    72-428 (470)
     311 UniRef100_A0A026W4F0 Octopamin 100.0 4.4E-38 4.5E-44  254.6   0.0  258   31-293    59-390 (445)
     312 UniRef100_A0A6P8HUK6 melatonin 100.0 4.4E-38 4.5E-44  249.4   0.0  269   25-299    25-324 (374)
     313 UniRef100_A0A0K0PUL2 DH31-like 100.0 4.4E-38 4.5E-44  251.6   0.0  269   27-299    48-337 (375)
     314 tr|A0A087X8Q0|A0A087X8Q0_POEFO 100.0 4.5E-38 4.6E-44  257.3   0.0  264   29-297     8-310 (456)
     315 UniRef100_A0A2B4R4X2 Neuropept 100.0 4.6E-38 4.7E-44  262.9   0.0  268   23-296    28-327 (413)
     316 UniRef100_A0A026X164 G-protein 100.0 4.6E-38 4.7E-44  267.6   0.0  264   26-299   117-427 (604)
     317 UniRef100_A0A678XEL8 Trace ami 100.0 4.7E-38 4.8E-44  262.7   0.0  265   25-296    53-357 (523)
     318 tr|B4JN40|B4JN40_DROGR GH24210 100.0 5.1E-38 5.2E-44  255.7   0.0  260   28-291   117-404 (436)
     319 UniRef100_A0A6F9DUB2 Somatosta 100.0 5.2E-38 5.3E-44  255.3   0.0  283    5-293    36-351 (467)
     320 UniRef100_A0A2B4SQU8 Orexin re 100.0 5.2E-38 5.3E-44  249.5   0.0  265   26-299    35-350 (370)
     321 UniRef100_A0A060X7S9 B2 bradyk 100.0 5.3E-38 5.4E-44  262.5   0.0  266   27-297   113-407 (491)
     322 UniRef100_A0A068AZY5 Octopamin 100.0 5.3E-38 5.4E-44  281.9   0.0  139   26-164   172-315 (723)
     323 UniRef100_A0A061ACA9 G_PROTEIN 100.0 5.4E-38 5.5E-44  268.2   0.0  263   26-295    94-384 (513)
     324 ERR1719361_2001115             100.0 5.4E-38 5.5E-44  257.1   0.0  268   25-296    22-325 (415)
     325 tr|W8B9D1|W8B9D1_CERCA 5-hydro 100.0 5.4E-38 5.6E-44  261.4   0.0  268   26-297   261-628 (664)
     326 UniRef100_A0A6P8H485 beta-2 ad 100.0 5.5E-38 5.6E-44  259.9   0.0  262   27-295    57-358 (411)
     327 UniRef100_A0A061IAU9 Gastric r 100.0 5.7E-38 5.9E-44  261.2   0.0  268   25-298   112-409 (588)
     328 UniRef100_A0A0L8HHE2 G_PROTEIN 100.0   6E-38 6.2E-44  256.5   0.0  262   31-298     4-302 (385)
     329 tr|A0A060X5F3|A0A060X5F3_ONCMY 100.0 6.1E-38 6.2E-44  275.6   0.0  264   26-294   413-701 (840)
     330 UniRef100_A0A060YTK2 Uncharact 100.0 6.1E-38 6.3E-44  252.4   0.0  264   27-294    84-377 (447)
     331 tr|A0A1D2NMB6|A0A1D2NMB6_ORCCI 100.0 6.2E-38 6.4E-44  259.3   0.0  265   25-295   149-450 (520)
     332 tr|A7RRH0|A7RRH0_NEMVE Predict 100.0 6.2E-38 6.4E-44  267.2   0.0  268   25-297    24-317 (700)
     333 tr|A0A210QT45|A0A210QT45_MIZYE 100.0 6.5E-38 6.7E-44  246.7   0.0  262   26-291    36-337 (395)
     334 tr|A0A1L8F837|A0A1L8F837_XENLA 100.0 6.6E-38 6.7E-44  247.0   0.0  269   24-300    22-321 (349)
     335 UniRef100_A0A3M6UKK8 G_PROTEIN 100.0 6.8E-38 6.9E-44  260.4   0.0  257   26-293    40-333 (406)
     336 UniRef100_A0A0A1WLH2 Somatosta 100.0 6.8E-38 6.9E-44  264.9   0.0  264   26-294   215-506 (667)
     337 tr|S7PUA8|S7PUA8_MYOBR C-C che 100.0   7E-38 7.1E-44  265.8   0.0  262   26-293   281-564 (603)
     338 tr|A0A1A8EW90|A0A1A8EW90_9TELE 100.0 7.3E-38 7.5E-44  252.6   0.0  264   24-292    41-330 (444)
     339 UniRef100_A0A0D9R0U9 Apelin re 100.0 7.6E-38 7.8E-44  255.6   0.0  266   26-295    60-363 (482)
     340 UniRef100_A0A034WQT6 Tachykini 100.0 7.7E-38 7.9E-44  263.3   0.0  261   28-290   117-417 (694)
     341 tr|A0A091DQD0|A0A091DQD0_FUKDA 100.0 7.7E-38 7.9E-44  255.8   0.0  263   27-293   179-461 (499)
     342 tr|A0A0A7RC79|A0A0A7RC79_RHOPR 100.0 7.8E-38   8E-44  250.6   0.0  267   26-296    74-374 (404)
     343 UniRef100_A0A087VAK8 Somatosta 100.0 7.8E-38   8E-44  243.5   0.0  264   26-296    60-349 (384)
     344 tr|A0A0P6IZB8|A0A0P6IZB8_9CRUS 100.0 7.9E-38 8.1E-44  259.0   0.0  268   27-298   202-497 (559)
     345 UniRef100_A0A1D2M255 Somatosta 100.0 8.1E-38 8.3E-44  248.4   0.0  269   25-298    33-326 (382)
     346 UniRef100_A0A0Q3PEJ5 Alpha-1B  100.0 8.2E-38 8.4E-44  259.5   0.0  267   26-299    61-388 (683)
     347 UniRef100_A0A016SJ65 Thyrolibe 100.0 8.3E-38 8.5E-44  263.2   0.0  262   26-293    82-394 (479)
     348 tr|A0A1I8MQS0|A0A1I8MQS0_MUSDO 100.0 8.3E-38 8.5E-44  265.8   0.0  268   25-298   147-442 (572)
     349 UniRef100_A0A0L8H5P3 G_PROTEIN 100.0 8.6E-38 8.8E-44  259.1   0.0  260   26-293    73-370 (496)
     350 UniRef100_A0A060WCZ6 G_PROTEIN 100.0 9.2E-38 9.5E-44  260.8   0.0  269   26-297   172-460 (574)
     351 UniRef100_A0A2B4SUJ0 Melatonin 100.0 9.5E-38 9.7E-44  255.2   0.0  265   26-296    26-315 (399)
     352 UniRef100_A0A024R2Q0 Chemokine 100.0 9.9E-38   1E-43  262.1   0.0  263   26-293   155-441 (499)
     353 tr|A7RKH9|A7RKH9_NEMVE Predict 100.0   1E-37   1E-43  249.1   0.0  288    1-298     1-316 (336)
     354 UniRef100_A0A0L8H8I0 G_PROTEIN 100.0   1E-37   1E-43  265.9   0.0  260   26-294    71-362 (466)
     355 tr|A0A1S3W6N0|A0A1S3W6N0_ERIEU 100.0   1E-37 1.1E-43  258.6   0.0  268   26-297   130-445 (596)
     356 tr|A7RVQ0|A7RVQ0_NEMVE Predict 100.0 1.1E-37 1.1E-43  256.6   0.0  266   23-294    24-330 (398)
     357 UniRef100_A0A2S1WLX6 Putative  100.0 1.1E-37 1.1E-43  253.1   0.0  266   29-298    48-461 (475)
     358 UniRef100_A0A060VXN2 G_PROTEIN 100.0 1.1E-37 1.1E-43  253.0   0.0  266   26-297    59-354 (407)
     359 ERR1719510_236906              100.0 1.1E-37 1.1E-43  264.8   0.0  264   26-291    81-373 (577)
     360 UniRef100_A0A210QHM7 G-protein 100.0 1.1E-37 1.1E-43  260.1   0.0  268   26-299    78-379 (492)
     361 tr|A7RKP0|A7RKP0_NEMVE Predict 100.0 1.1E-37 1.1E-43  250.3   0.0  264   27-297     7-309 (350)
     362 tr|A0A2C9K1H0|A0A2C9K1H0_BIOGL 100.0 1.2E-37 1.2E-43  258.8   0.0  260   29-295     7-296 (607)
     363 tr|A0A1L8HND2|A0A1L8HND2_XENLA 100.0 1.2E-37 1.2E-43  254.4   0.0  286   25-316   126-446 (452)
     364 tr|A0A0K0PUV0|A0A0K0PUV0_PLADU 100.0 1.3E-37 1.3E-43  251.4   0.0  266   23-296    11-334 (373)
     365 UniRef100_A0A060VWE3 G_PROTEIN 100.0 1.3E-37 1.4E-43  269.3   0.0  264   25-292   143-429 (542)
     366 UniRef100_A0A2B4RVY2 Melanopsi 100.0 1.4E-37 1.4E-43  258.3   0.0  264   24-295    60-355 (452)
     367 UniRef100_A0A023F4J9 Putative  100.0 1.4E-37 1.4E-43  263.3   0.0  259   30-293   159-490 (588)
     368 tr|A0A1S3FGD4|A0A1S3FGD4_DIPOR 100.0 1.4E-37 1.4E-43  256.3   0.0  296   24-320    92-391 (394)
     369 UniRef100_A0A084WCX2 AGAP00493 100.0 1.4E-37 1.4E-43  258.3   0.0  261   25-295    92-388 (474)
     370 UniRef100_A0A061QLL1 Putative  100.0 1.4E-37 1.5E-43  255.1   0.0  264   26-295    44-421 (424)
     371 tr|A0A2B4SIA2|A0A2B4SIA2_STYPI 100.0 1.4E-37 1.5E-43  252.7   0.0  270   26-299    57-364 (370)
     372 UniRef100_A0A2G8JD30 Putative  100.0 1.5E-37 1.5E-43  242.9   0.0  266   23-294    20-315 (323)
     373 UniRef100_A0A067RIW6 G_PROTEIN 100.0 1.5E-37 1.5E-43  265.9   0.0  268   25-297   182-548 (705)
     374 UniRef100_UPI0001CBB4DC allato 100.0 1.6E-37 1.7E-43  259.4   0.0  265   24-293    56-368 (431)
     375 tr|A0A2B4SSL5|A0A2B4SSL5_STYPI 100.0 1.6E-37 1.7E-43  243.4   0.0  272   22-300    16-314 (344)
     376 tr|A0A182FRI7|A0A182FRI7_ANOAL 100.0 1.7E-37 1.7E-43  269.5   0.0  151   25-175   110-266 (677)
     377 UniRef100_A0A3M6UME8 G_PROTEIN 100.0 1.8E-37 1.8E-43  253.3   0.0  263   23-296    35-325 (383)
     378 tr|A0A1S2ZIZ2|A0A1S2ZIZ2_ERIEU 100.0 1.8E-37 1.8E-43  255.9   0.0  260   28-296   201-532 (620)
     379 UniRef100_A0A060VV87 Kappa-typ 100.0 1.8E-37 1.8E-43  257.5   0.0  259   29-293   192-475 (586)
     380 tr|V8NR81|V8NR81_OPHHA Chemoki 100.0 1.8E-37 1.8E-43  278.7   0.0  269   26-298   422-716 (879)
     381 tr|A0A0P7TYE1|A0A0P7TYE1_9TELE 100.0 1.8E-37 1.9E-43  254.9   0.0  264   28-295   124-473 (507)
     382 UniRef100_A0A3M6THF9 G_PROTEIN 100.0 1.8E-37 1.9E-43  259.5   0.0  259   24-295    57-338 (483)
     383 tr|A0A1S3IXU4|A0A1S3IXU4_LINUN 100.0   2E-37   2E-43  251.1   0.0  264   25-298    55-348 (440)
     384 UniRef100_UPI0001CB9B44 somato 100.0   2E-37 2.1E-43  239.7   0.0  285   10-299     6-320 (365)
     385 UniRef100_A0A061QHX0 Putative  100.0 2.1E-37 2.1E-43  263.8   0.0  262   28-296   133-508 (563)
     386 tr|A0A0P7U113|A0A0P7U113_9TELE 100.0 2.1E-37 2.1E-43  254.0   0.0  270   26-297   146-427 (452)
     387 tr|A0A1V4J9K1|A0A1V4J9K1_PATFA 100.0 2.1E-37 2.2E-43  265.5   0.0  262   25-293   318-605 (939)
     388 UniRef100_UPI000B9126F2 D(1) d 100.0 2.2E-37 2.3E-43  247.6   0.0  273   15-295     3-318 (463)
     389 UniRef100_A0A084WIC4 Short neu 100.0 2.2E-37 2.3E-43  258.2   0.0  264   26-295    91-386 (551)
     390 UniRef100_A0A1D1UQ64 G_PROTEIN 100.0 2.3E-37 2.3E-43  246.3   0.0  274   25-306    42-344 (366)
     391 tr|A7SX62|A7SX62_NEMVE Predict 100.0 2.3E-37 2.3E-43  241.7   0.0  278   30-321    21-332 (335)
     392 UniRef100_A0A193KU97 GCR058 n= 100.0 2.3E-37 2.4E-43  247.3   0.0  263   27-295    25-331 (379)
     393 UniRef100_A0A0K0PUG3 Thyrolibe 100.0 2.6E-37 2.6E-43  261.2   0.0  264   26-295   213-521 (606)
     394 UniRef100_A0A016UUZ5 G_PROTEIN 100.0 2.6E-37 2.7E-43  253.5   0.0  257   30-296    77-413 (486)
     395 UniRef100_A0A026VW91 Neuropept 100.0 2.6E-37 2.7E-43  251.6   0.0  262   25-292   186-483 (582)
     396 UniRef100_A0A6P8H157 QRFP-like 100.0 2.7E-37 2.7E-43  251.0   0.0  259   26-296    40-328 (351)
     397 tr|A0A061IHH7|A0A061IHH7_CRIGR 100.0 2.7E-37 2.7E-43  275.0   0.0  264   25-295   618-919 (934)
     398 UniRef100_A0A3M6TKW1 G_PROTEIN 100.0 2.7E-37 2.8E-43  255.4   0.0  259   23-293    36-319 (389)
     399 tr|G5BPN3|G5BPN3_HETGA C3a ana 100.0 2.7E-37 2.8E-43  260.3   0.0  266   26-295   139-561 (591)
     400 tr|I3KRG5|I3KRG5_ORENI FGFR1 o 100.0 2.9E-37   3E-43  257.4   0.0  260   26-291   146-445 (489)
     401 UniRef100_UPI0003F07467 orexin 100.0 2.9E-37   3E-43  257.5   0.0  266   26-295    76-415 (535)
     402 tr|A0A2B4RSD1|A0A2B4RSD1_STYPI 100.0   3E-37 3.1E-43  260.7   0.0  265   24-299    47-385 (430)
     403 UniRef100_A0A336LUR7 CSON00145 100.0 3.1E-37 3.1E-43  256.8   0.0  262   25-292    85-382 (670)
     404 UniRef100_A0A1S3IX78 RYamide r 100.0 3.4E-37 3.5E-43  251.9   0.0  262   23-290    49-343 (444)
     405 UniRef100_A0A3M6T9C5 G_PROTEIN 100.0 3.4E-37 3.5E-43  255.3   0.0  270   24-299    55-363 (402)
     406 tr|A0A195BRF4|A0A195BRF4_9HYME 100.0 3.5E-37 3.6E-43  253.6   0.0  270   24-300    69-453 (475)
     407 UniRef100_F6ZHC8 Uncharacteriz 100.0 3.6E-37 3.6E-43  255.2   0.0  266   26-295    86-464 (520)
     408 UniRef100_A0A077Z2V7 Neuropept 100.0 3.6E-37 3.7E-43  251.2   0.0  265   25-293    67-373 (451)
     409 UniRef100_A0A3M6TEA9 G_PROTEIN 100.0 3.9E-37   4E-43  255.9   0.0  262   26-294    46-342 (414)
     410 UniRef100_A0A0K0PUE3 Orphan G- 100.0   4E-37 4.1E-43  258.6   0.0  260   27-291   116-423 (550)
     411 UniRef100_A0A067R841 G_PROTEIN 100.0 4.1E-37 4.2E-43  259.4   0.0  267   25-295   104-409 (526)
     412 UniRef100_A0A2R8PY66 5-hydroxy 100.0 4.1E-37 4.2E-43  241.7   0.0  269   26-300    55-359 (381)
     413 UniRef100_A0A016TS00 G_PROTEIN 100.0 4.2E-37 4.3E-43  264.7   0.0  265   27-298   112-556 (622)
     414 UniRef100_A0A1S3FEG3 LOW QUALI 100.0 4.3E-37 4.3E-43  257.4   0.0  316    1-321   109-433 (454)
     415 tr|A7SMQ7|A7SMQ7_NEMVE Predict 100.0 4.3E-37 4.4E-43  246.2   0.0  267   24-299     8-306 (358)
     416 UniRef100_A0A026X2D4 Alpha-1A  100.0 4.3E-37 4.4E-43  259.0   0.0  260   26-297    91-375 (461)
     417 tr|A0A210QY69|A0A210QY69_MIZYE 100.0 4.3E-37 4.4E-43  243.1   0.0  264   26-295    85-377 (400)
     418 UniRef100_A0A068WKU9 Neuropept 100.0 4.4E-37 4.5E-43  253.4   0.0  261   26-293    71-365 (451)
     419 UniRef100_A0A3M6U2U1 G_PROTEIN 100.0 4.4E-37 4.5E-43  250.5   0.0  261   26-295    18-307 (352)
     420 tr|R4J1H6|R4J1H6_SALSA Cholecy 100.0 4.4E-37 4.6E-43  248.0   0.0  269   26-298    45-409 (461)
     421 tr|W4Z9U8|W4Z9U8_STRPU Unchara 100.0 4.6E-37 4.8E-43  244.8   0.0  271   25-299   105-415 (434)
     422 UniRef100_A0A6P8IPF1 5-hydroxy 100.0 4.8E-37   5E-43  245.7   0.0  264   29-298    59-364 (403)
     423 UniRef100_A0A1I7STM2 (pine woo 100.0   5E-37 5.1E-43  255.1   0.0  270   25-299    78-390 (430)
     424 tr|A7RQG0|A7RQG0_NEMVE Predict 100.0   5E-37 5.1E-43  249.5   0.0  264   23-293    13-312 (351)
     425 tr|A0A1W4YH71|A0A1W4YH71_9TELE 100.0 5.1E-37 5.2E-43  248.6   0.0  273   25-297    74-383 (410)
     426 UniRef100_A0A061QLN0 Putative  100.0 5.1E-37 5.2E-43  268.2   0.0  138   26-163    87-229 (685)
     427 tr|A0A2D0SD29|A0A2D0SD29_ICTPU 100.0 5.3E-37 5.4E-43  250.3   0.0  263   27-295     4-308 (420)
     428 tr|A0A1L7H7D8|A0A1L7H7D8_SACKO 100.0 5.6E-37 5.7E-43  243.7   0.0  266   26-299    70-368 (424)
     429 UniRef100_A0A2B4SBR1 Adenosine 100.0 5.6E-37 5.7E-43  260.1   0.0  257   26-294    91-363 (437)
     430 UniRef100_A0A023F658 Putative  100.0 5.7E-37 5.9E-43  259.7   0.0  269   27-299    68-378 (580)
     431 UniRef100_A0A0K8WE72 5-hydroxy 100.0 5.7E-37 5.9E-43  259.2   0.0  264   28-295   269-624 (662)
     432 tr|A0A1I8FSG9|A0A1I8FSG9_9PLAT 100.0 5.7E-37 5.9E-43  252.0   0.0  272   24-300   104-453 (550)
     433 UniRef100_A0A1J1I7G5 CLUMA_CG0 100.0 5.8E-37 5.9E-43  252.8   0.0  264   26-295    75-373 (500)
     434 tr|A0A1U7SLA2|A0A1U7SLA2_TARSY 100.0 5.9E-37   6E-43  253.7   0.0  265   26-297   123-451 (601)
     435 UniRef100_A0A369RVS4 Rhodopsin 100.0   6E-37 6.1E-43  253.8   0.0  265   25-298    45-340 (391)
     436 UniRef100_A0A0G2UQ37 Rhodopsin 100.0 6.1E-37 6.2E-43  253.1   0.0  259   26-290    94-390 (515)
     437 UniRef100_A0A087T988 G-protein 100.0 6.1E-37 6.3E-43  252.0   0.0  262   28-299    65-380 (402)
     438 tr|W5MC67|W5MC67_LEPOC Pyroglu 100.0 6.2E-37 6.3E-43  246.4   0.0  268   26-297    52-361 (441)
     439 tr|A0A060XH49|A0A060XH49_ONCMY 100.0 6.3E-37 6.5E-43  267.7   0.0  256   35-298    56-386 (945)
     440 tr|L9JWP3|L9JWP3_TUPCH C-C che 100.0 6.4E-37 6.5E-43  263.5   0.0  264   26-294   386-668 (702)
     441 UniRef100_A0A3M6UKG3 G_PROTEIN 100.0 6.4E-37 6.6E-43  244.8   0.0  265   22-292    19-318 (378)
     442 UniRef100_A0A074ZKD6 G_PROTEIN 100.0 6.9E-37 7.1E-43  250.6   0.0  267   26-296   149-459 (521)
     443 UniRef100_A0A0S1YD99 Neuropept 100.0   7E-37 7.2E-43  244.9   0.0  269   26-300    74-377 (423)
     444 tr|W5JTF9|W5JTF9_ANODA Somatos 100.0   7E-37 7.2E-43  252.4   0.0  266   26-296    53-348 (526)
     445 UniRef100_A0A6P4ZPQ5 G-protein 100.0   7E-37 7.2E-43  243.7   0.0  262   25-291    40-325 (420)
     446 ERR1719341_586736              100.0 7.2E-37 7.3E-43  253.9   0.0  266   27-296    54-355 (513)
     447 tr|A0A151NBW9|A0A151NBW9_ALLMI 100.0 7.2E-37 7.4E-43  251.5   0.0  265   27-297    80-393 (472)
     448 UniRef100_A0A3M6UXY6 G_PROTEIN 100.0 7.3E-37 7.5E-43  248.9   0.0  253   24-295    37-311 (349)
     449 tr|A7SFG7|A7SFG7_NEMVE Predict 100.0 7.3E-37 7.5E-43  246.2   0.0  261   25-292    21-309 (364)
     450 UniRef100_A0A0L0BTW0 Dopamine  100.0 7.4E-37 7.6E-43  265.5   0.0  173   26-199   451-633 (972)
     451 UniRef100_A0A7M7JNF9 G_PROTEIN 100.0 7.6E-37 7.7E-43  257.1   0.0  267   26-296    85-400 (554)
     452 UniRef100_A0A087X9W8 G_PROTEIN 100.0 7.6E-37 7.8E-43  257.0   0.0  260   28-292   124-416 (547)
     453 UniRef100_A0A210PNG3 5-hydroxy 100.0 7.8E-37 7.9E-43  253.8   0.0  266   26-298    64-371 (427)
     454 tr|A0A2B4RZ41|A0A2B4RZ41_STYPI 100.0 7.9E-37 8.1E-43  241.5   0.0  284    1-299    14-312 (359)
     455 UniRef100_A0A2G8JJJ1 Putative  100.0   8E-37 8.2E-43  262.1   0.0  262   26-298    91-390 (428)
     456 UniRef100_A0A084WFJ7 AGAP00011 100.0   8E-37 8.2E-43  255.9   0.0  253   27-288    87-373 (519)
     457 tr|A0A1D1V6H4|A0A1D1V6H4_RAMVA 100.0 8.1E-37 8.3E-43  250.6   0.0  268   26-299    60-377 (498)
     458 UniRef100_A0A2B4RXD1 Neuropept 100.0 8.3E-37 8.4E-43  253.0   0.0  264   25-297    92-384 (461)
     459 UniRef100_A0A090MXE0 Thyrotrop 100.0 8.3E-37 8.5E-43  250.7   0.0  266   25-295    43-343 (444)
     460 UniRef100_A0A0S1YDA0 Neuropept 100.0 8.4E-37 8.6E-43  256.0   0.0  262   26-293    93-390 (509)
     461 UniRef100_A0A6P8H0A4 5-hydroxy 100.0 8.4E-37 8.6E-43  243.3   0.0  259   28-298    38-335 (346)
     462 tr|K1RR88|K1RR88_CRAGI 5-hydro 100.0 8.4E-37 8.6E-43  243.1   0.0  266   25-298    54-354 (407)
     463 UniRef100_A0A084VAB3 Pk-1 rece 100.0 8.6E-37 8.8E-43  254.2   0.0  260   27-291   103-411 (552)
     464 UniRef100_A0A060YB93 G_PROTEIN 100.0 8.8E-37 9.1E-43  242.2   0.0  275   10-293    38-341 (480)
     465 UniRef100_A0A0P5DS31 Neuropept 100.0 9.1E-37 9.4E-43  245.3   0.0  260   27-292    85-381 (482)
     466 UniRef100_A0A060W714 Chemokine 100.0 9.2E-37 9.4E-43  257.1   0.0  261   25-292   119-394 (510)
     467 UniRef100_A0A060Y7B7 G_PROTEIN 100.0 9.3E-37 9.5E-43  257.1   0.0  266   26-298   114-552 (560)
     468 tr|A0A1S3JCV4|A0A1S3JCV4_LINUN 100.0 9.4E-37 9.7E-43  243.9   0.0  274   23-300    58-373 (414)
     469 UniRef100_A0A026W3I9 Neuropept 100.0 9.6E-37 9.8E-43  256.8   0.0  265   28-296    59-368 (599)
     470 UniRef100_A0A023ETT6 Putative  100.0   1E-36   1E-42  253.6   0.0  263   26-293   152-444 (612)
     471 UniRef100_A0A067RDC3 Prolactin 100.0   1E-36   1E-42  253.9   0.0  263   25-294    62-355 (541)
     472 UniRef100_A0A6A7G2U4 Octopamin 100.0   1E-36   1E-42  252.5   0.0  263   27-293   170-509 (574)
     473 UniRef100_A0A2S2NH35 Putative  100.0   1E-36   1E-42  238.9   0.0  269   26-301    35-360 (389)
     474 UniRef100_A0A060W247 Cholecyst 100.0   1E-36 1.1E-42  256.3   0.0  266   26-295   126-476 (563)
     475 tr|A0A1I8PG61|A0A1I8PG61_STOCA 100.0 1.1E-36 1.1E-42  260.9   0.0  265   26-295   298-592 (716)
     476 UniRef100_A0A6S7JE64 Neuropept 100.0 1.1E-36 1.1E-42  249.2   0.0  262   25-295    32-321 (412)
     477 UniRef100_A0A060WGM3 G_PROTEIN 100.0 1.1E-36 1.1E-42  263.0   0.0  261   26-293   143-439 (537)
     478 tr|A0A218UP03|A0A218UP03_9PASE 100.0 1.1E-36 1.1E-42  264.8   0.0  261   27-293   789-1072(1110)
     479 tr|A0A067RDC3|A0A067RDC3_ZOONE 100.0 1.2E-36 1.2E-42  256.2   0.0  267   26-299    70-367 (506)
     480 tr|A0A210QNG6|A0A210QNG6_MIZYE 100.0 1.2E-36 1.2E-42  251.5   0.0  271   23-298    35-342 (498)
     481 UniRef100_A0A3B5MNK7 G_PROTEIN 100.0 1.2E-36 1.2E-42  242.9   0.0  266   26-298    27-351 (455)
     482 tr|A0A0P5PA10|A0A0P5PA10_9CRUS 100.0 1.2E-36 1.2E-42  256.0   0.0  267   26-294   145-448 (705)
     483 tr|A0A139WLV7|A0A139WLV7_TRICA 100.0 1.2E-36 1.2E-42  259.6   0.0  265   26-296   397-698 (792)
     484 tr|K1QHX9|K1QHX9_CRAGI Somatos 100.0 1.2E-36 1.2E-42  251.9   0.0  264   26-293    47-337 (456)
     485 UniRef100_A0A087YRJ8 Trace ami 100.0 1.2E-36 1.2E-42  252.7   0.0  252   28-284   120-397 (491)
     486 UniRef100_F6SEF7 G_PROTEIN_REC 100.0 1.3E-36 1.4E-42  240.2   0.0  261   24-289    37-331 (337)
     487 tr|A7RNV5|A7RNV5_NEMVE Predict 100.0 1.4E-36 1.4E-42  244.3   0.0  257   26-292    30-323 (377)
     488 tr|A0A193KU92|A0A193KU92_SCHMD 100.0 1.4E-36 1.4E-42  249.4   0.0  267   26-299    56-410 (478)
     489 UniRef100_A0A0K0PUT0 Orphan G- 100.0 1.4E-36 1.4E-42  255.5   0.0  261   26-296    49-347 (400)
     490 tr|A0A232F8D2|A0A232F8D2_9HYME 100.0 1.4E-36 1.4E-42  248.9   0.0  261   26-293    70-368 (478)
     491 UniRef100_A0A0S1YDN7 Diapause  100.0 1.4E-36 1.4E-42  253.6   0.0  267   28-299   101-412 (569)
     492 UniRef100_A0A6P4ZN87 somatosta 100.0 1.4E-36 1.4E-42  245.4   0.0  263   24-293    29-326 (391)
     493 AntAceMinimDraft_8_1070364.sca 100.0 1.4E-36 1.4E-42  243.6   0.0  271   25-299    35-360 (406)
     494 UniRef100_A0A2B4S7Y2 Neuropept 100.0 1.4E-36 1.4E-42  257.1   0.0  244   25-275    79-357 (460)
     495 tr|A0A1W4X1F3|A0A1W4X1F3_AGRPL 100.0 1.4E-36 1.5E-42  249.3   0.0  261   26-292   132-428 (485)
     496 UniRef100_A0A3M6TSJ5 G_PROTEIN 100.0 1.4E-36 1.5E-42  242.1   0.0  261   24-299    66-337 (409)
     497 UniRef100_A0A1B1JCE4 Adrenergi 100.0 1.4E-36 1.5E-42  252.0   0.0  263   27-297    58-349 (530)
     498 UniRef100_A0A0G3Y5J3 Peropsin  100.0 1.5E-36 1.5E-42  248.9   0.0  264   27-297    36-325 (363)
     499 tr|A7SIX0|A7SIX0_NEMVE Predict 100.0 1.5E-36 1.6E-42  244.6   0.0  270   22-299    19-322 (403)
     500 UniRef100_A0A026WAR0 Adenosine 100.0 1.5E-36 1.6E-42  254.3   0.0  262   26-295    79-386 (585)
     
  > Uniprot already searched, skipping.
/projects/ilfgrid/apps/alphafold-2.2.0/prep_MSAs.sh: line 93: /bin/hmmbuild: No such file or directory
/projects/ilfgrid/apps/alphafold-2.2.0/prep_MSAs.sh: line 94: /bin/hmmsearch: No such file or directory
> Running chain B
  > Uniref90 already searched, skipping.
  > Mgnify already searched, skipping.
  > Running hhblits on bfd_uniref30
- 19:08:31.647 INFO: Searching 65983866 column state sequences.

- 19:08:32.942 INFO: Searching 29291635 column state sequences.

- 19:08:32.979 INFO: mrgx1_human-4058/msas/B/chain_B.fasta is in A2M, A3M or FASTA format

- 19:08:32.979 INFO: Iteration 1

- 19:08:32.988 INFO: Prefiltering database

- 19:09:29.754 INFO: HMMs passed 1st prefilter (gapless profile-profile alignment)  : 105176

- 19:09:49.738 INFO: HMMs passed 1st prefilter (gapless profile-profile alignment)  : 99225

- 19:09:49.813 INFO: HMMs passed 2nd prefilter (gapped profile-profile alignment)   : 493

- 19:09:49.813 INFO: HMMs passed 2nd prefilter and not found in previous iterations : 493

- 19:09:49.813 INFO: Scoring 493 HMMs using HMM-HMM Viterbi alignment

- 19:09:49.867 INFO: Alternative alignment: 0

- 19:09:50.419 INFO: 493 alignments done

- 19:09:50.420 INFO: Alternative alignment: 1

- 19:09:50.440 INFO: 485 alignments done

- 19:09:50.440 INFO: Alternative alignment: 2

- 19:09:50.441 INFO: 2 alignments done

- 19:09:50.441 INFO: Alternative alignment: 3

- 19:09:50.544 INFO: Premerge done

- 19:09:50.544 INFO: Realigning 495 HMM-HMM alignments using Maximum Accuracy algorithm

- 19:09:50.641 INFO: 20 sequences belonging to 20 database HMMs found with an E-value < 0.001

- 19:09:50.641 INFO: Number of effective sequences of resulting query HMM: Neff = 3.37186

- 19:09:50.654 INFO: Iteration 2

- 19:09:50.654 INFO: Set premerge to 0! (premerge: 3 iteration: 2 hits.Size: 17)

- 19:09:50.663 INFO: Prefiltering database

- 19:10:29.222 INFO: HMMs passed 1st prefilter (gapless profile-profile alignment)  : 61413

- 19:10:46.521 INFO: HMMs passed 1st prefilter (gapless profile-profile alignment)  : 56426

- 19:10:46.573 INFO: HMMs passed 2nd prefilter (gapped profile-profile alignment)   : 235

- 19:10:46.573 INFO: HMMs passed 2nd prefilter and not found in previous iterations : 218

- 19:10:46.573 INFO: Scoring 218 HMMs using HMM-HMM Viterbi alignment

- 19:10:46.619 INFO: Alternative alignment: 0

- 19:10:46.981 INFO: 218 alignments done

- 19:10:46.981 INFO: Alternative alignment: 1

- 19:10:46.990 INFO: 195 alignments done

- 19:10:46.990 INFO: Alternative alignment: 2

- 19:10:46.992 INFO: 3 alignments done

- 19:10:46.992 INFO: Alternative alignment: 3

- 19:10:46.993 INFO: 1 alignments done

- 19:10:47.014 INFO: Realigning 219 HMM-HMM alignments using Maximum Accuracy algorithm

- 19:10:47.063 INFO: 22 sequences belonging to 22 database HMMs found with an E-value < 0.001

- 19:10:47.063 INFO: Number of effective sequences of resulting query HMM: Neff = 3.39339

- 19:10:47.069 INFO: Iteration 3

- 19:10:47.078 INFO: Prefiltering database

- 19:11:25.970 INFO: HMMs passed 1st prefilter (gapless profile-profile alignment)  : 54472

- 19:11:47.401 INFO: HMMs passed 1st prefilter (gapless profile-profile alignment)  : 51404

- 19:11:47.464 INFO: HMMs passed 2nd prefilter (gapped profile-profile alignment)   : 215

- 19:11:47.464 INFO: HMMs passed 2nd prefilter and not found in previous iterations : 196

- 19:11:47.464 INFO: Scoring 196 HMMs using HMM-HMM Viterbi alignment

- 19:11:47.509 INFO: Alternative alignment: 0

- 19:11:47.562 INFO: 196 alignments done

- 19:11:47.563 INFO: Alternative alignment: 1

- 19:11:47.572 INFO: 175 alignments done

- 19:11:47.572 INFO: Alternative alignment: 2

- 19:11:47.573 INFO: 2 alignments done

- 19:11:47.573 INFO: Alternative alignment: 3

- 19:11:47.592 INFO: Rescoring previously found HMMs with Viterbi algorithm

- 19:11:47.618 INFO: Alternative alignment: 0

- 19:11:47.621 INFO: 19 alignments done

- 19:11:47.621 INFO: Alternative alignment: 1

- 19:11:47.624 INFO: 19 alignments done

- 19:11:47.624 INFO: Alternative alignment: 2

- 19:11:47.624 INFO: Alternative alignment: 3

- 19:11:47.643 INFO: Premerge done

- 19:11:47.643 INFO: Realigning 215 HMM-HMM alignments using Maximum Accuracy algorithm

- 19:11:47.698 INFO: 22 sequences belonging to 22 database HMMs found with an E-value < 0.001

- 19:11:47.698 INFO: Number of effective sequences of resulting query HMM: Neff = 3.39339

     Query         bovine adrenal medulla peptide 8-22 gtp:4058
     Match_columns 15
     No_of_seqs    66 out of 256
     Neff          3.39339
     Searched_HMMs 653
     Date          Wed Mar  8 19:11:47 2023
     Command       hhblits -i mrgx1_human-4058/msas/B/chain_B.fasta -cpu 4 -maxmem 20 -oa3m /projects/ilfgrid/people/nqz918/code/deorph/scripts/af_arman/af_jobs_af23/mrgx1_human/4058//mrgx1_human-4058/msas/B/bfd_uniref_hits.a3m -o /dev/null -n 3 -e 0.001 -maxseq 1000000 -realign_max 100000 -maxfilt 100000 -min_prefilter_hits 1000 -d /projects/ilfgrid/data/alphafold-genetic-databases///bfd/bfd_metaclust_clu_complete_id30_c90_final_seq.sorted_opt -d /projects/ilfgrid/data/alphafold-genetic-databases///uniref30/UniRef30_2021_03 
     
      No Hit                             Prob E-value P-value  Score    SS Cols Query HMM  Template HMM
       1 UniRef100_A0A060VPT5 Synenkeph  98.1 6.5E-08   1E-13   57.7   0.0   15    1-15    287-301 (342)
       2 UniRef100_A0A087QKF5 Synenkeph  98.1 9.9E-08 1.2E-13   57.3   0.0   15    1-15    252-266 (303)
       3 UniRef100_A0A2I0TMH8 Synenkeph  98.1 1.2E-07 1.2E-13   49.8   0.0   15    1-15     34-48  (85)
       4 tr|L5JVI8|L5JVI8_PTEAL Proenke  97.9 3.5E-07   4E-13   57.3   0.0   15    1-15    216-230 (466)
       5 tr|S7PRG8|S7PRG8_MYOBR Proenke  97.8 7.8E-07 9.7E-13   55.2   0.0   15    1-15    287-301 (405)
       6 tr|A0A151MNU9|A0A151MNU9_ALLMI  97.7 1.3E-06 1.4E-12   53.1   0.0   15    1-15    253-267 (304)
       7 UniRef100_S7Q167 Leu-enkephali  97.7 1.4E-06 1.5E-12   47.8   0.0   15    1-15     64-78  (114)
       8 UniRef100_A0A1U7SV39 Leu-enkep  97.7 1.8E-06   2E-12   51.9   0.0   15    1-15    219-233 (269)
       9 UniRef100_A0A5E4AT68 Leu-enkep  97.7 2.2E-06 2.5E-12   54.1   0.0   15    1-15    416-430 (466)
      10 UniRef100_A0A091DCE3 Leu-enkep  97.6   4E-06 4.4E-12   52.2   0.0   15    1-15    333-347 (384)
      11 tr|A0A091DCE3|A0A091DCE3_FUKDA  97.5 5.6E-06 7.1E-12   51.4   0.0   15    1-15    323-337 (373)
      12 tr|G1QKU0|G1QKU0_NOMLE Proenke  97.4 7.1E-06 9.7E-12   50.4   0.0   15    1-15    288-302 (338)
      13 UniRef100_A0A5F5XWQ5 Leu-enkep  97.4 1.3E-05 1.4E-11   50.2   0.0   15    1-15    337-351 (387)
      14 UniRef100_L5JVI8 Leu-enkephali  97.2 2.8E-05 2.9E-11   49.6   0.0   15    1-15    216-230 (466)
      15 UniRef100_S7PRG8 Leu-enkephali  97.2   3E-05   3E-11   48.9   0.0   15    1-15    287-301 (405)
      16 UniRef100_A0A455CBG1 Leu-enkep  97.2 3.2E-05 3.3E-11   48.4   0.0   15    1-15    315-329 (365)
      17 UniRef100_A0A7J7FE87 Leu-enkep  97.2 4.3E-05 4.4E-11   49.6   0.0   15    1-15    518-532 (568)
      18 UniRef100_A0A671P441 Synenkeph  96.8 0.00027   3E-10   43.4   0.0   14    1-15    217-230 (258)
      19 UniRef100_A0A553Q956 Synenkeph  96.8 0.00028 3.1E-10   42.4   0.0   14    1-15    176-189 (207)
      20 UniRef100_A0A2S6QB26 Uncharact  94.9   0.046 4.7E-08   27.2   0.0    8    1-8       4-11  (38)
      21 UniRef100_A0A803MSM8 Uncharact  94.4   0.087   9E-08   32.1   0.0   13    1-13     26-38  (160)
      22 UniRef100_A0A538H9N5 Uncharact  93.8    0.17 1.8E-07   27.3   0.0   13    1-13     22-34  (59)
      23 UniRef100_A0A2I4AJS0 Synenkeph  93.5     0.2 2.3E-07   32.1   0.0   13    1-13    200-212 (235)
      24 SRR6267154_5855028              93.2    0.25 2.9E-07   30.6   0.0    9    1-9      54-62  (168)
      25 UniRef100_A0A328DV14 Cytokinin  93.2    0.29   3E-07   34.5   0.0   13    1-13    315-327 (637)
      26 UniRef100_Q9W687 Proenkephalin  92.6    0.45 4.6E-07   24.9   0.0   13    1-14      3-15  (45)
      27 UniRef100_X1UTL4 Uncharacteriz  92.4     0.5 5.2E-07   24.5   0.0    9    1-9      13-21  (43)
      28 UniRef100_A0A0R2Q295 Uncharact  92.4    0.36 5.2E-07   29.6   0.0   12    1-12     69-80  (170)
      29 UniRef100_A0A251VPU0 Uncharact  92.3    0.55 5.7E-07   28.7   0.0   13    1-13     73-85  (137)
      30 UniRef100_A0A6J4VCP3 Uncharact  92.1     0.6 6.1E-07   26.5   0.0   10    1-10     50-59  (78)
      31 UniRef100_A0A251S985 Putative   92.1    0.49 6.1E-07   32.9   0.0   13    1-13    384-396 (504)
      32 SRR3990170_1284514              92.0    0.57 6.5E-07   29.1   0.0   12    2-13     37-48  (158)
      33 UniRef100_Q9W688 Alpha-neoendo  92.0    0.64 6.6E-07   24.2   0.0   13    3-15      4-16  (43)
      34 UniRef100_A0A139W8K3 CCHC-type  92.0    0.66 6.8E-07   31.4   0.0   13    1-13    198-210 (360)
      35 UniRef100_A0A449A198 Uncharact  91.4    0.82   9E-07   26.6   0.0   12    1-12     53-64  (90)
      36 UniRef100_UPI0016B19E22 hypoth  91.4    0.89 9.1E-07   25.5   0.0   10    2-11     56-65  (69)
      37 UniRef100_A0A699M0F5 Putative   91.2    0.98   1E-06   27.6   0.0   13    1-13     17-29  (129)
      38 UniRef100_A0A251RR34 Uncharact  91.1    0.91   1E-06   29.4   0.0   13    1-13    142-154 (217)
      39 UniRef100_UPI0004146FAF hypoth  91.0     1.1 1.1E-06   24.1   0.0    7    1-7      34-40  (50)
      40 UniRef100_A0A497FK79 Uncharact  91.0     1.1 1.1E-06   26.4   0.0    8    1-8       6-13  (96)
      41 ERR1700722_6683465              90.8       1 1.2E-06   28.8   0.0   12    2-13    182-193 (193)
      42 UniRef100_UPI0006FFCDA5 hypoth  90.8     1.2 1.2E-06   24.7   0.0   10    2-11     45-54  (62)
      43 UniRef100_A0A3M2CX24 Uncharact  90.6     1.3 1.3E-06   27.9   0.0   12    2-13     77-88  (162)
      44 UniRef100_A0A1G2ZWW1 Uncharact  90.4     1.4 1.4E-06   26.3   0.0    9    1-9      54-62  (104)
      45 UniRef100_A0A5N6PS56 Uncharact  90.2     1.3 1.6E-06   32.1   0.0   13    1-13    304-316 (671)
      46 UniRef100_A0A699TPM5 Uncharact  89.9     1.6 1.7E-06   26.3   0.0   12    1-12     58-69  (112)
      47 UniRef100_A0A519VVQ4 Uncharact  89.9     1.7 1.7E-06   29.8   0.0   13    1-13    283-295 (344)
      48 UniRef100_A0A6A5YWR7 Kinase-li  89.9     1.7 1.7E-06   30.4   0.0   15    1-15    400-414 (437)
      49 UniRef100_A0A251TIW8 Uncharact  89.9     1.7 1.7E-06   27.2   0.0   13    1-13     78-90  (152)
      50 UniRef100_A0A3N5GTW3 Nuclear t  89.9     1.7 1.7E-06   26.4   0.0   11    1-11    107-117 (119)
      51 SRR4029450_6913013              89.7     1.7 1.8E-06   26.6   0.0   13    2-14     65-77  (125)
      52 UniRef100_UPI00197E3DDD hypoth  89.7     1.8 1.8E-06   26.1   0.0    8    1-8      71-78  (110)
      53 tr|A0A060VPT5|A0A060VPT5_ONCMY  89.7     1.8 1.9E-06   28.7   0.0   12    1-13    207-218 (248)
      54 UniRef100_A0A0S2DIE1 Uncharact  89.6     1.8 1.9E-06   23.9   0.0    8    2-9      17-24  (59)
      55 UniRef100_UPI0019D69EF0 ABC tr  89.6     1.9 1.9E-06   26.7   0.0   10    1-10     85-94  (135)
      56 UniRef100_A0A0F8X8X5 Uncharact  89.4     1.8   2E-06   26.1   0.0   15    1-15     84-98  (112)
      57 UniRef100_A0A484MGD0 Uncharact  89.4       2   2E-06   26.7   0.0   13    1-13     64-76  (140)
      58 UniRef100_UPI000B8FAB21 unchar  89.3     2.1 2.1E-06   26.6   0.0   11    1-11     94-104 (135)
      59 ERR1719487_984299               89.3     2.1 2.1E-06   27.3   0.0   10    1-10    157-166 (173)
      60 UniRef100_A0A7J4QNX3 PIN_9 dom  89.2     2.1 2.2E-06   25.3   0.0   10    1-10      2-11  (95)
      61 UniRef100_A0A803MVW9 Uncharact  89.2     2.1 2.2E-06   26.5   0.0   11    1-11     29-39  (134)
      62 UniRef100_A0A803L1P6 Uncharact  88.9     1.8 2.4E-06   29.9   0.0   13    1-13    309-321 (395)
      63 UniRef100_A0A3M0XXJ7 Uncharact  88.9       2 2.4E-06   27.9   0.0   11    2-12    109-119 (204)
      64 ERR1035437_7310607              88.8     2.3 2.5E-06   28.6   0.0   14    2-15     67-80  (275)
      65 UniRef100_A0A699TVJ7 Uncharact  88.6     2.5 2.6E-06   24.5   0.0   12    1-12     13-24  (79)
      66 UniRef100_A0A3A4RTZ6 Uncharact  88.4     2.7 2.8E-06   26.1   0.0   12    3-14    106-117 (136)
      67 UniRef100_A0A7W0W231 Uncharact  88.3     2.8 2.9E-06   24.6   0.0    8    2-9      65-72  (87)
      68 UniRef100_A0A6M3M6Z4 Uncharact  88.1       3 3.1E-06   26.6   0.0    9    2-10     71-79  (165)
      69 UniRef100_A0A699W2D5 Putative   87.9     3.1 3.2E-06   26.3   0.0   12    1-12      7-18  (155)
      70 UniRef100_A0A2E1IQ63 Uncharact  87.9     3.2 3.2E-06   24.6   0.0   10    2-11      7-16  (90)
      71 UniRef100_A0A151N053 Alpha-neo  87.9     2.7 3.3E-06   29.2   0.0   13    3-15    336-348 (375)
      72 UniRef100_A0A699NN78 Uncharact  87.8     3.2 3.3E-06   26.3   0.0   13    1-13    140-152 (156)
      73 UniRef100_UPI00050951AE hypoth  87.8     3.2 3.3E-06   24.3   0.0   12    2-13     41-52  (85)
      74 ERR1740130_1787434              87.4       3 3.6E-06   24.9   0.0   12    2-13     22-33  (101)
      75 ERR1711924_107296               87.4     3.5 3.6E-06   26.0   0.0   14    2-15     52-65  (151)
      76 ERR1711924_107296               87.4     3.5 3.6E-06   26.0   0.0   15    1-15      7-21  (151)
      77 UniRef100_A0A6D2KWW0 Uncharact  87.2     3.8 3.9E-06   28.2   0.0   13    1-13    261-273 (323)
      78 UniRef100_A0A2R6JTR6 Uncharact  87.1     3.8   4E-06   24.5   0.0   10    1-10     68-77  (98)
      79 UniRef100_A0A0C2BUR8 Uncharact  87.0     3.9   4E-06   25.1   0.0    8    2-9       6-13  (117)
      80 UniRef100_A0A1F9FHJ3 Uncharact  87.0       4 4.1E-06   25.6   0.0   11    5-15    102-112 (137)
      81 UniRef100_K7NHE1 Uncharacteriz  86.9     4.1 4.2E-06   23.4   0.0   12    2-13     14-25  (72)
      82 UniRef100_K5UV93 Uncharacteriz  86.7     4.2 4.4E-06   28.6   0.0    9    1-9      59-67  (402)
      83 tr|A0A251TDJ8|A0A251TDJ8_HELAN  86.5     3.8 4.5E-06   29.8   0.0   13    1-13    308-320 (571)
      84 UniRef100_A0A376JJB7 Uncharact  86.5     4.4 4.6E-06   20.9   0.0   13    1-13     11-23  (36)
      85 UniRef100_UPI0005D3B2BA unchar  86.4     4.5 4.7E-06   25.3   0.0   12    2-13     91-102 (133)
      86 SRR3990170_2820090              86.4     3.9 4.7E-06   26.4   0.0   13    1-13     13-25  (180)
      87 UniRef100_A0A4S2MVB5 Uncharact  86.3     4.6 4.8E-06   29.6   0.0    9    1-9     263-271 (643)
      88 UniRef100_A0A183CC83 PAZ domai  86.0     4.9 5.1E-06   26.4   0.0   12    1-12    150-161 (201)
      89 UniRef100_UPI000510C6B4 proenk  85.8       5 5.4E-06   25.1   0.0   13    3-15     94-106 (133)
      90 UniRef100_A0A536TPX6 Aminotran  85.7     5.3 5.5E-06   24.6   0.0   12    1-12    103-114 (117)
      91 SRR5262245_44305075             85.6     5.2 5.6E-06   25.7   0.0   11    1-11    116-126 (162)
      92 UniRef100_UPI0017DDDEE8 unchar  85.6     5.5 5.6E-06   23.8   0.0   12    1-12     37-48  (91)
      93 UniRef100_A0A402FTA2 Alpha-neo  85.5     4.5 5.7E-06   26.7   0.0   13    3-15    179-191 (218)
      94 UniRef100_A0A1N1ED03 Uncharact  85.4     5.6 5.8E-06   24.2   0.0   10    1-10     94-103 (105)
      95 UniRef100_A0A4U1FHP0 Alpha-neo  85.4       5 5.8E-06   27.9   0.0   13    3-15    305-317 (344)
      96 UniRef100_A0A2K3KDE7 Uncharact  85.1       6 6.2E-06   22.2   0.0   12    3-14     12-23  (59)
      97 UniRef100_UPI0013C375F0 hypoth  84.9     6.2 6.4E-06   21.7   0.0   12    3-14     13-24  (52)
      98 UniRef100_A0A7J7JUU1 Uncharact  84.6     6.6 6.8E-06   23.5   0.0   10    1-10     65-74  (90)
      99 UniRef100_A0A674GA50 Alpha-neo  84.4     6.2   7E-06   27.4   0.0   13    3-15    282-294 (321)
     100 UniRef100_UPI001176599E proenk  84.3     6.5 7.2E-06   27.3   0.0   13    3-15    287-299 (326)
     101 UniRef100_A0A699U5L7 Putative   83.9     7.5 7.7E-06   23.1   0.0   12    1-12      6-17  (85)
     102 UniRef100_W4U011 LSU ribosomal  83.7     7.6 8.1E-06   23.4   0.0   12    2-13     35-46  (93)
     103 UniRef100_A0A1V4TY67 Uncharact  83.6     7.9 8.1E-06   25.4   0.0   12    2-13    150-161 (186)
     104 UniRef100_UPI0018C2909A hypoth  83.6     7.9 8.1E-06   21.7   0.0   12    3-14     45-56  (56)
     105 UniRef100_A0A803LUQ7 Uncharact  83.6     7.9 8.2E-06   27.7   0.0   13    1-13     58-70  (441)
     106 UniRef100_N1QA10 Uncharacteriz  83.5     8.1 8.3E-06   23.5   0.0   11    2-12     31-41  (100)
     107 UniRef100_A0A6V7LEG1 Uncharact  83.5     8.1 8.4E-06   24.8   0.0   13    1-13    130-142 (156)
     108 UniRef100_A0A539D626 Beta-lact  83.4     8.2 8.4E-06   23.8   0.0   12    2-13     16-27  (112)
     109 UniRef100_A0A4D9BD30 Uncharact  83.4     8.3 8.5E-06   27.4   0.0   13    1-13     96-108 (396)
     110 UniRef100_UPI000E6F6713 unchar  83.2     8.6 8.8E-06   24.8   0.0   13    1-13     62-74  (160)
     111 UniRef100_A0A388MCM0 Uncharact  83.2     8.6 8.8E-06   27.3   0.0   12    2-13    102-113 (397)
     112 UniRef100_A0A7J6SU24 Uncharact  83.2     8.6 8.8E-06   25.9   0.0   12    2-13    171-182 (232)
     113 UniRef100_A0A7C7EBM0 Uncharact  83.1     8.6 8.9E-06   21.5   0.0   11    3-13     43-53  (56)
     114 UniRef100_UPI000670F1FC proenk  82.9     8.9 9.1E-06   24.1   0.0   13    3-15     94-106 (129)
     115 UniRef100_UPI001685B19D hypoth  82.9     8.9 9.2E-06   21.7   0.0   10    3-12     50-59  (60)
     116 UniRef100_A0A0M3JHV6 GCV_T dom  82.5     9.5 9.8E-06   22.9   0.0   14    1-14      9-22  (89)
     117 UniRef100_A0A5P1EUZ6 Uncharact  82.5     9.6 9.8E-06   24.9   0.0   12    1-12     46-57  (177)
     118 UniRef100_X1DUF4 Uncharacteriz  82.5     9.6 9.9E-06   25.3   0.0   14    1-14    119-132 (202)
     119 UniRef100_A0A699SQ65 Uncharact  82.4     9.6 9.9E-06   23.9   0.0   12    1-12     71-82  (125)
     120 UniRef100_A0A392P6K4 Retrotran  82.4     9.6 9.9E-06   25.0   0.0   12    1-12    135-146 (180)
     121 UniRef100_A0A484LBM2 Uncharact  82.4     9.8   1E-05   25.0   0.0   13    1-13    118-130 (183)
     122 UniRef100_A0A017SLX0 Uncharact  82.2     9.9   1E-05   22.4   0.0   14    1-14     27-40  (77)
     123 UniRef100_A0A699GY07 Putative   82.2      10   1E-05   27.2   0.0   13    1-13    137-149 (413)
     124 UniRef100_A0A2U1LFY6 Ribonucle  82.1     9.5   1E-05   27.7   0.0   13    1-13    253-265 (478)
     125 UniRef100_M4EYQ1 RNase H domai  82.0      10 1.1E-05   25.5   0.0   13    1-13     53-65  (223)
     126 UniRef100_V4R435 Formyl-coenzy  81.6      11 1.1E-05   22.1   0.0    9    1-9      32-40  (74)
     127 UniRef100_A0A238D072 Uncharact  81.5      11 1.1E-05   18.5   0.0   10    2-11      5-14  (25)
     128 ERR1740129_817221               81.5      10 1.1E-05   24.6   0.0   13    1-13      1-13  (161)
     129 UniRef100_A0A699PLK8 Putative   81.3      11 1.2E-05   25.8   0.0   13    1-13     71-83  (256)
     130 ERR1719464_2143656              81.2      11 1.2E-05   23.7   0.0   12    2-13     61-72  (125)
     131 UniRef100_K1ZNY4 Uncharacteriz  81.1      12 1.2E-05   21.9   0.0   13    2-14     15-27  (73)
     132 UniRef100_A0A6A4TQH0 Uncharact  81.1      12 1.2E-05   29.1   0.0   13    1-13    245-257 (1032)
     133 UniRef100_A0A6P7GDM1 uncharact  81.1      12 1.2E-05   24.9   0.0   13    1-13    181-193 (198)
     134 UniRef100_A0A5N6N2E7 Uncharact  80.8      12 1.3E-05   28.0   0.0   13    1-13    517-529 (670)
     135 UniRef100_A0A183BCZ1 Uncharact  80.8      12 1.3E-05   25.6   0.0   13    1-13    176-188 (256)
     136 UniRef100_UPI000D0E2915 hypoth  80.7      12 1.3E-05   21.3   0.0   13    2-14     42-54  (61)
     137 UniRef100_A0A484MRK0 Uncharact  80.7      13 1.3E-05   27.0   0.0   13    1-13    272-284 (453)
     138 UniRef100_A0A484MRK0 Uncharact  80.7      13 1.3E-05   27.0   0.0   13    1-13    348-360 (453)
     139 UniRef100_A0A4S2MVM2 Uncharact  80.6      13 1.3E-05   25.2   0.0   11    1-11    207-217 (231)
     140 UniRef100_A0A1X7UW54 Dimer_Tnp  80.4      12 1.3E-05   22.9   0.0    9    6-14     40-48  (100)
     141 tr|A0A074ZS82|A0A074ZS82_9TREM  80.2      13 1.4E-05   28.4   0.0   13    1-13    480-492 (770)
     142 UniRef100_UPI0005119EEF proenk  80.1      13 1.4E-05   24.3   0.0   13    3-15    154-166 (173)
     143 UniRef100_UPI0006A73252 unchar  79.8      14 1.5E-05   24.7   0.0   12    1-12     95-106 (201)
     144 UniRef100_A0A484LD54 Uncharact  79.6      14 1.5E-05   27.3   0.0   13    1-13    242-254 (564)
     145 UniRef100_A0A800J725 Uncharact  79.2      15 1.6E-05   24.8   0.0    9    3-11    144-152 (222)
     146 UniRef100_A0A699NKD6 Uncharact  78.6      16 1.7E-05   24.6   0.0   12    1-12    127-138 (210)
     147 UniRef100_UPI001908B74E unchar  78.3      17 1.8E-05   22.4   0.0   12    2-13     50-61  (102)
     148 UniRef100_A0A6L2NHW7 Putative   78.0      18 1.8E-05   25.7   0.0   13    1-13    251-263 (345)
     149 UniRef100_A0A7V7MTU4 Uncharact  77.9      18 1.8E-05   25.8   0.0   11    3-13    125-135 (351)
     150 UniRef100_A0A7S0YK92 Hypotheti  77.8      18 1.9E-05   24.6   0.0   14    1-14     58-71  (227)
     151 UniRef100_UPI0013020E51 hemagg  77.2      20   2E-05   27.2   0.0   13    2-14    568-580 (656)
     152 UniRef100_A0A5N6M082 Uncharact  77.0      20 2.1E-05   26.2   0.0   13    1-13    249-261 (442)
     153 UniRef100_A0A6N6W1Q4 Uncharact  76.8      20 2.1E-05   22.1   0.0   13    2-14     59-71  (99)
     154 UniRef100_A0A384D3J1 Alpha-neo  76.8      20 2.1E-05   25.7   0.0   13    3-15    319-331 (358)
     155 UniRef100_A0A5C5VC88 Uncharact  76.6      21 2.1E-05   22.1   0.0   13    2-14     82-94  (103)
     156 UniRef100_W4M9V7 Uncharacteriz  76.6      21 2.1E-05   19.7   0.0   12    1-12     22-33  (47)
     157 UniRef100_A0A1B6EKD2 Uncharact  76.6      21 2.2E-05   22.4   0.0   11    3-13     99-109 (113)
     158 UniRef100_A0A484KDJ7 Uncharact  76.4      21 2.2E-05   26.5   0.0   13    1-13    284-296 (497)
     159 UniRef100_UPI0013DFC641 hypoth  76.3      22 2.2E-05   20.1   0.0    8    1-8       6-13  (54)
     160 SRR5436190_22921748             76.1      20 2.3E-05   24.0   0.0   13    1-13     89-101 (190)
     161 UniRef100_UPI000E6ACCD1 hypoth  76.1      22 2.3E-05   22.3   0.0   11    3-13     32-42  (112)
     162 UniRef100_D8DYS3 Putative cyti  76.0      22 2.3E-05   22.1   0.0   12    3-14     61-72  (105)
     163 UniRef100_A0A699HEU6 Putative   75.8      23 2.3E-05   27.5   0.0   13    1-13    130-142 (844)
     164 UniRef100_A0A1V1FIU1 Putative   75.8      23 2.4E-05   24.9   0.0    9    1-9     218-226 (291)
     165 UniRef100_A0A559W1V5 Uncharact  75.7      23 2.4E-05   21.7   0.0   10    3-12     27-36  (93)
     166 UniRef100_A0A803KSV8 Uncharact  75.6      21 2.4E-05   27.9   0.0   12    1-12    121-132 (877)
     167 UniRef100_UPI000B77FE92 unchar  75.4      24 2.4E-05   24.1   0.0   13    1-13    167-179 (223)
     168 UniRef100_A0A396GVJ5 Uncharact  75.3      24 2.5E-05   22.3   0.0   11    3-13     94-104 (116)
     169 UniRef100_A0A1X7T0Z4 Dimer_Tnp  75.0      25 2.5E-05   22.1   0.0    9    6-14     63-71  (113)
     170 SRR5689334_5179089              74.6      23 2.7E-05   24.0   0.0   13    1-13    147-159 (211)
     171 UniRef100_A0A7X7BP05 Uncharact  74.4      26 2.7E-05   20.8   0.0   11    3-13     47-57  (74)
     172 UniRef100_UPI0015DF07FE hypoth  74.3      27 2.7E-05   23.7   0.0   13    1-13     83-95  (206)
     173 UniRef100_A0A7C3D6G2 SWIM-type  73.7      28 2.9E-05   25.4   0.0   13    2-14    251-263 (408)
     174 UniRef100_A0A521STB4 Uncharact  73.5      29   3E-05   21.8   0.0   13    3-15     43-55  (109)
     175 UniRef100_A0A699SEF1 Uncharact  73.5      29   3E-05   23.3   0.0   12    1-12    119-130 (184)
     176 UniRef100_A0A7K4CSP3 Uncharact  73.1      30 3.1E-05   19.4   0.0   11    4-14     29-39  (50)
     177 UniRef100_A0A4Q8RSG0 FGE-sulfa  73.0      30 3.1E-05   21.8   0.0   12    3-14     42-53  (111)
     178 UniRef100_A0A3Q7ITS2 gag_pre-i  72.2      28 3.3E-05   27.2   0.0   13    1-13    291-303 (828)
     179 UniRef100_N6UGA1 Uncharacteriz  71.5      35 3.6E-05   21.1   0.0   11    1-11     11-21  (95)
     180 UniRef100_A0A140F3M5 Uncharact  71.4      35 3.6E-05   22.7   0.0   14    1-14     52-65  (167)
     181 UniRef100_A0A2I1DEI2 Uncharact  71.2      36 3.7E-05   20.8   0.0   13    2-14     16-28  (85)
     182 UniRef100_A0A4U0Q584 Uncharact  71.1      34 3.7E-05   21.3   0.0   10    5-14      8-17  (100)
     183 UniRef100_UPI0014087020 proenk  71.0      36 3.7E-05   24.8   0.0   13    3-15    343-355 (382)
     184 UniRef100_A0A2W5PNQ9 Uncharact  69.6      41 4.2E-05   21.2   0.0   14    1-14     54-67  (106)
     185 UniRef100_A0A656CB44 Uncharact  69.5      41 4.2E-05   19.7   0.0   11    2-12     43-53  (63)
     186 UniRef100_UPI0011CF187C proenk  69.0      43 4.4E-05   24.5   0.0   13    3-15    344-356 (383)
     187 UniRef100_A0A3P4P2E0 Uncharact  68.4      45 4.7E-05   19.3   0.0   13    1-13     37-49  (59)
     188 UniRef100_A0A010ZZN6 Uncharact  68.2      46 4.7E-05   22.2   0.0   13    2-14    116-128 (161)
     189 UniRef100_A0A2E3Y252 Nitroredu  67.2      50 5.1E-05   22.3   0.0   13    1-13    107-119 (181)
     190 UniRef100_A0A4Q5M1U5 Uncharact  66.9      51 5.2E-05   24.0   0.0   15    1-15    240-254 (351)
     191 UniRef100_A0A7Y5UCG2 Tat pathw  65.9      55 5.7E-05   23.0   0.0   13    2-14    150-162 (252)
     192 UniRef100_A0A3L7YKU3 Uncharact  65.0      59 6.1E-05   20.4   0.0   13    2-14     54-66  (97)
     193 UniRef100_A0A0F8DJI0 Uncharact  62.8      69 7.1E-05   20.4   0.0   13    3-15     93-105 (106)
     194 UniRef100_UPI000E3E5E83 hypoth  62.8      70 7.2E-05   20.8   0.0   12    3-14     40-51  (125)
     195 UniRef100_A0A1V4WHT8 Uncharact  61.7      75 7.7E-05   18.0   0.0   14    1-14     13-26  (47)
     196 UniRef100_A0A1Y0B4X9 Uncharact  60.7      80 8.3E-05   18.0   0.0   14    1-14      1-14  (49)
     197 UniRef100_A0A516MKA2 Uncharact  59.4      88   9E-05   19.3   0.0   12    2-13     50-61  (81)
     198 UniRef100_A0A2G1YMI7 Uncharact  58.8      91 9.4E-05   20.9   0.0   13    3-15     62-74  (151)
     199 UniRef100_A0A2N9I3M8 Uncharact  58.6      92 9.5E-05   21.9   0.0   12    1-12     86-97  (226)
     200 UniRef100_A0A6A2WFE8 Dimer_Tnp  58.2      95 9.8E-05   21.4   0.0   10    5-14     68-77  (187)
     201 UniRef100_A0A3N2PWQ0 Uncharact  55.9 1.1E+02 0.00011   19.9   0.0   14    1-14      8-21  (117)
     202 SRR5687767_702489               55.6   1E+02 0.00012   20.7   0.0   13    3-15      8-20  (150)
     203 UniRef100_UPI001903DC3A unchar  55.1 1.2E+02 0.00012   21.5   0.0   13    2-14    125-137 (222)
     204 UniRef100_UPI00193A7236 unchar  54.6 1.2E+02 0.00012   23.4   0.0   13    2-14    181-193 (517)
     205 UniRef100_A0A510IP45 Uncharact  53.7 1.3E+02 0.00013   17.7   0.0   12    2-13     37-48  (56)
     206 UniRef100_A0A1B6HMC0 DUF4217 d  52.3 1.4E+02 0.00014   19.5   0.0   13    1-13     63-75  (114)
     207 UniRef100_A0A146H7J1 Uncharact  51.5 1.5E+02 0.00015   18.7   0.0   11    4-14      2-12  (85)
     208 UniRef100_K1XUU5 Uncharacteriz  47.3 1.9E+02 0.00019   17.0   0.0   11    4-14     41-51  (53)
     209 UniRef100_Q4TD43 Chromosome un  46.7 1.9E+02  0.0002   18.3   0.0   12    2-13     34-45  (88)
     210 UniRef100_A0A0T5P3E5 Uncharact  43.8 2.3E+02 0.00024   18.1   0.0   12    3-14     73-84  (90)
     211 UniRef100_A0A5B9Q6W3 Uncharact  42.3 2.5E+02 0.00026   16.0   0.0   13    1-13     10-22  (43)
     212 UniRef100_A0A6B2LVH0 Uncharact  40.3 2.8E+02 0.00029   17.5   0.0   13    2-14     17-29  (79)
     213 UniRef100_A0A699R1L5 Uncharact  36.5 3.6E+02 0.00037   18.0   0.0   12    2-13     58-69  (113)
     214 UniRef100_A0A7V7E8A5 Uncharact  30.8 5.1E+02 0.00053   18.8   0.0   13    2-14     28-40  (201)
     215 UniRef100_A0A351VA23 Uncharact  29.5 5.5E+02 0.00057   21.9   0.0   14    1-14    432-445 (904)
     
  > Uniprot already searched, skipping.
/projects/ilfgrid/apps/alphafold-2.2.0/prep_MSAs.sh: line 93: /bin/hmmbuild: No such file or directory
/projects/ilfgrid/apps/alphafold-2.2.0/prep_MSAs.sh: line 94: /bin/hmmsearch: No such file or directory

>> Job finished at: Wed Mar  8 19:11:52 CET 2023

>> Runtime: 906 s
