>> Job started at: Thu Mar  9 06:35:17 CET 2023
   On Machine:     ilfgridgpun01fl.unicph.domain
   In directory:   /projects/ilfgrid/people/nqz918/code/deorph/scripts/af_arman/af_jobs_af23/oprx_human/1688

>> GPU is 

Loaded miniconda shell environment for bash
> Running 'prep_MSAs.sh'
  > Alphafold-DB directory is set to /projects/ilfgrid/data/alphafold-genetic-databases//
  > Number of cores was set to set to 4
  > Max memory set to 20 GB
  > Output directory was set to /projects/ilfgrid/people/nqz918/code/deorph/scripts/af_arman/af_jobs_af23/oprx_human/1688/
  > Input fastafile was set to /projects/ilfgrid/people/nqz918/code/deorph/scripts/af_arman/af_jobs_af23/oprx_human/1688/oprx_human-1688.fasta
> Splitting fastafile
> Running chain A
  > Uniref90 already searched, skipping.
  > Mgnify already searched, skipping.
  > Running hhblits on bfd_uniref30
- 06:35:35.183 INFO: Searching 65983866 column state sequences.

- 06:35:36.249 INFO: Searching 29291635 column state sequences.

- 06:35:36.284 INFO: oprx_human-1688/msas/A/chain_A.fasta is in A2M, A3M or FASTA format

- 06:35:36.284 INFO: Iteration 1

- 06:35:36.401 INFO: Prefiltering database

- 06:36:48.737 INFO: HMMs passed 1st prefilter (gapless profile-profile alignment)  : 1719903

- 06:37:37.801 INFO: HMMs passed 1st prefilter (gapless profile-profile alignment)  : 817389

- 06:37:42.179 INFO: HMMs passed 2nd prefilter (gapped profile-profile alignment)   : 34863

- 06:37:42.179 INFO: HMMs passed 2nd prefilter and not found in previous iterations : 34863

- 06:37:42.179 INFO: Scoring 34863 HMMs using HMM-HMM Viterbi alignment

- 06:37:42.246 INFO: Alternative alignment: 0

- 06:37:43.030 INFO: 2000 alignments done

- 06:37:43.757 INFO: 4000 alignments done

- 06:37:44.472 INFO: 6000 alignments done

- 06:37:45.232 INFO: 8000 alignments done

- 06:37:46.358 INFO: 10000 alignments done

- 06:37:47.070 INFO: 12000 alignments done

- 06:37:47.671 INFO: 14000 alignments done

- 06:37:48.212 INFO: 16000 alignments done

- 06:37:48.681 INFO: 18000 alignments done

- 06:37:49.143 INFO: 20000 alignments done

- 06:37:49.590 INFO: 22000 alignments done

- 06:37:50.029 INFO: 24000 alignments done

- 06:37:50.475 INFO: 26000 alignments done

- 06:37:50.968 INFO: 28000 alignments done

- 06:37:51.398 INFO: 30000 alignments done

- 06:37:51.800 INFO: 32000 alignments done

- 06:37:52.430 INFO: 34000 alignments done

- 06:37:52.860 INFO: 34863 alignments done

- 06:37:52.862 INFO: Alternative alignment: 1

- 06:38:01.689 INFO: 34822 alignments done

- 06:38:01.771 INFO: Alternative alignment: 2

- 06:38:03.925 INFO: 6634 alignments done

- 06:38:03.928 INFO: Alternative alignment: 3

- 06:38:04.389 INFO: 989 alignments done

- 06:38:05.046 INFO: Premerge done

- 06:38:05.048 INFO: Realigning 18343 HMM-HMM alignments using Maximum Accuracy algorithm

- 06:39:30.267 INFO: 18346 sequences belonging to 18346 database HMMs found with an E-value < 0.001

- 06:39:30.268 INFO: Number of effective sequences of resulting query HMM: Neff = 10.789

- 06:39:30.502 INFO: Iteration 2

- 06:39:30.502 INFO: Set premerge to 0! (premerge: 3 iteration: 2 hits.Size: 18343)

- 06:39:30.621 INFO: Prefiltering database

- 06:40:39.961 INFO: HMMs passed 1st prefilter (gapless profile-profile alignment)  : 5112603

- 06:41:27.088 INFO: HMMs passed 1st prefilter (gapless profile-profile alignment)  : 2464942

- 06:41:45.451 INFO: HMMs passed 2nd prefilter (gapped profile-profile alignment)   : 82922

- 06:41:45.451 INFO: HMMs passed 2nd prefilter and not found in previous iterations : 65133

- 06:41:45.451 INFO: Scoring 65133 HMMs using HMM-HMM Viterbi alignment

- 06:41:45.492 INFO: Alternative alignment: 0

- 06:41:46.187 INFO: 2000 alignments done

- 06:41:46.883 INFO: 4000 alignments done

- 06:41:47.515 INFO: 6000 alignments done

- 06:41:48.077 INFO: 8000 alignments done

- 06:41:49.133 INFO: 10000 alignments done

- 06:41:50.011 INFO: 12000 alignments done

- 06:41:50.013 INFO: Stop after DB-HHM: 12000 because early stop  15.6274 < filter cutoff 20

- 06:41:50.013 INFO: Alternative alignment: 1

- 06:41:52.901 INFO: 8326 alignments done

- 06:41:52.916 INFO: Alternative alignment: 2

- 06:41:53.270 INFO: 707 alignments done

- 06:41:53.270 INFO: Alternative alignment: 3

- 06:41:53.348 INFO: 109 alignments done

- 06:41:53.420 INFO: Realigning 3584 HMM-HMM alignments using Maximum Accuracy algorithm

- 06:42:12.423 INFO: 21930 sequences belonging to 21930 database HMMs found with an E-value < 0.001

- 06:42:12.423 INFO: Number of effective sequences of resulting query HMM: Neff = 11.0742

- 06:42:12.508 INFO: Iteration 3

- 06:42:12.631 INFO: Prefiltering database

- 06:43:23.306 INFO: HMMs passed 1st prefilter (gapless profile-profile alignment)  : 4791897

- 06:44:10.689 INFO: HMMs passed 1st prefilter (gapless profile-profile alignment)  : 2333441

- 06:44:18.641 INFO: HMMs passed 2nd prefilter (gapped profile-profile alignment)   : 82564

- 06:44:18.641 INFO: HMMs passed 2nd prefilter and not found in previous iterations : 61221

- 06:44:18.641 INFO: Scoring 61221 HMMs using HMM-HMM Viterbi alignment

- 06:44:18.690 INFO: Alternative alignment: 0

- 06:44:19.482 INFO: 2000 alignments done

- 06:44:20.283 INFO: 4000 alignments done

- 06:44:20.914 INFO: 6000 alignments done

- 06:44:21.765 INFO: 8000 alignments done

- 06:44:21.766 INFO: Stop after DB-HHM: 8000 because early stop  18.9502 < filter cutoff 20

- 06:44:21.766 INFO: Alternative alignment: 1

- 06:44:23.709 INFO: 5196 alignments done

- 06:44:23.716 INFO: Alternative alignment: 2

- 06:44:24.013 INFO: 514 alignments done

- 06:44:24.013 INFO: Alternative alignment: 3

- 06:44:24.087 INFO: 88 alignments done

- 06:44:24.139 INFO: Rescoring previously found HMMs with Viterbi algorithm

- 06:44:24.172 INFO: Alternative alignment: 0

- 06:44:24.776 INFO: 2000 alignments done

- 06:44:25.382 INFO: 4000 alignments done

- 06:44:25.957 INFO: 6000 alignments done

- 06:44:26.513 INFO: 8000 alignments done

- 06:44:27.089 INFO: 10000 alignments done

- 06:44:27.648 INFO: 12000 alignments done

- 06:44:28.202 INFO: 14000 alignments done

- 06:44:28.731 INFO: 16000 alignments done

- 06:44:29.290 INFO: 18000 alignments done

- 06:44:29.855 INFO: 20000 alignments done

- 06:44:30.219 INFO: 21343 alignments done

- 06:44:30.221 INFO: Alternative alignment: 1

- 06:44:36.261 INFO: 21342 alignments done

- 06:44:36.277 INFO: Alternative alignment: 2

- 06:44:36.929 INFO: 1590 alignments done

- 06:44:36.929 INFO: Alternative alignment: 3

- 06:44:37.073 INFO: 240 alignments done

- 06:44:37.304 INFO: Premerge done

- 06:44:37.304 INFO: Realigning 21980 HMM-HMM alignments using Maximum Accuracy algorithm

- 06:45:18.361 INFO: 22167 sequences belonging to 22167 database HMMs found with an E-value < 0.001

- 06:45:18.361 INFO: Number of effective sequences of resulting query HMM: Neff = 11.1415

     Query         oprx_human P41146
     Match_columns 370
     No_of_seqs    1698 out of 256165
     Neff          11.1415
     Searched_HMMs 89563
     Date          Thu Mar  9 06:45:18 2023
     Command       hhblits -i oprx_human-1688/msas/A/chain_A.fasta -cpu 4 -maxmem 20 -oa3m /projects/ilfgrid/people/nqz918/code/deorph/scripts/af_arman/af_jobs_af23/oprx_human/1688//oprx_human-1688/msas/A/bfd_uniref_hits.a3m -o /dev/null -n 3 -e 0.001 -maxseq 1000000 -realign_max 100000 -maxfilt 100000 -min_prefilter_hits 1000 -d /projects/ilfgrid/data/alphafold-genetic-databases///bfd/bfd_metaclust_clu_complete_id30_c90_final_seq.sorted_opt -d /projects/ilfgrid/data/alphafold-genetic-databases///uniref30/UniRef30_2021_03 
     
      No Hit                             Prob E-value P-value  Score    SS Cols Query HMM  Template HMM
       1 UniRef100_A0A091DZ91 Kappa-typ 100.0 1.6E-70 1.6E-76  447.5   0.0  369    1-370    25-394 (471)
       2 UniRef100_A0A0P7Y8S7 Nocicepti 100.0 1.1E-67 1.2E-73  428.0   0.0  366    3-370    73-438 (467)
       3 UniRef100_A0A087VQ23 Kappa-typ 100.0 3.5E-67 3.6E-73  438.5   0.0  370    1-370   212-581 (640)
       4 tr|A0A1V4KKE4|A0A1V4KKE4_PATFA 100.0 1.3E-64 1.4E-70  428.5   0.0  332   39-370   393-724 (724)
       5 tr|A0A1A8EW90|A0A1A8EW90_9TELE 100.0 6.7E-63 6.9E-69  404.6   0.0  330   38-367    31-364 (444)
       6 UniRef100_A0A060VV87 Kappa-typ 100.0 8.3E-62 8.5E-68  409.5   0.0  318   53-370   192-509 (586)
       7 tr|G3S2I3|G3S2I3_GORGO Opioid  100.0   8E-59 8.2E-65  384.4   0.0  312   46-357   157-468 (492)
       8 tr|A0A0F8AVG0|A0A0F8AVG0_LARCR 100.0 5.2E-58 5.3E-64  380.4   0.0  332   38-370    43-376 (544)
       9 tr|A0A147AUP2|A0A147AUP2_FUNHE 100.0 3.5E-57 3.6E-63  383.2   0.0  331   38-369   108-481 (482)
      10 UniRef100_A0A060X690 G_PROTEIN 100.0 6.6E-57 6.8E-63  369.8   0.0  316   47-362    42-359 (386)
      11 tr|F1R2F3|F1R2F3_DANRE Neurope 100.0 1.1E-56 1.1E-62  385.4   0.0  340   19-360   368-713 (731)
      12 UniRef100_A0A060W9S7 Mu-type o 100.0 1.4E-56 1.4E-62  379.9   0.0  321   50-370   151-472 (605)
      13 tr|A0A0P7V1N0|A0A0P7V1N0_9TELE 100.0 3.4E-56 3.5E-62  361.9   0.0  321   50-370   113-436 (436)
      14 UniRef100_A0A087XI41 Mu-type o 100.0 7.9E-55 8.2E-61  357.9   0.0  316   49-364   150-465 (537)
      15 UniRef100_A0A3B4ZUM6 Mu-type o 100.0 1.8E-53 1.8E-59  356.1   0.0  306   48-353   167-473 (597)
      16 tr|A0A0P7U387|A0A0P7U387_9TELE 100.0 2.2E-53 2.3E-59  357.6   0.0  297   43-341   120-418 (556)
      17 UniRef100_A0A060X1Q6 Somatosta 100.0 6.8E-53 6.9E-59  368.2   0.0  291   46-338   134-424 (604)
      18 tr|M3ZFE6|M3ZFE6_XIPMA Somatos 100.0   1E-52   1E-58  351.5   0.0  295   43-341    96-392 (525)
      19 tr|W5NXE0|W5NXE0_SHEEP Opioid  100.0 1.8E-51 1.9E-57  329.1   0.0  324   46-369    40-365 (431)
      20 UniRef100_A0A226PVL7 Mu-type o 100.0 1.9E-51   2E-57  335.6   0.0  309   51-359   158-466 (566)
      21 tr|A0A0F8ARD3|A0A0F8ARD3_LARCR 100.0 2.3E-51 2.4E-57  339.7   0.0  288   49-338    51-338 (464)
      22 UniRef100_A0A060W5Z4 G_PROTEIN 100.0 2.6E-51 2.7E-57  354.9   0.0  288   49-340   188-476 (593)
      23 UniRef100_A0A0K0PUX7 Orphan G- 100.0 3.7E-51 3.7E-57  352.1   0.0  288   49-336    60-352 (471)
      24 tr|A0A091E4L4|A0A091E4L4_FUKDA 100.0 1.2E-50 1.2E-56  355.6   0.0  321   50-370   730-1052(1054)
      25 tr|A0A0R4J0Z2|A0A0R4J0Z2_MOUSE 100.0 1.2E-50 1.2E-56  324.2   0.0  311   50-360    67-377 (456)
      26 UniRef100_A0A7M4FUH0 Kappa-typ 100.0 1.2E-50 1.3E-56  314.4   0.0  287   77-370    83-369 (374)
      27 UniRef100_A0A087RJN6 Somatosta 100.0 1.6E-50 1.6E-56  347.5   0.0  285   47-337    56-342 (391)
      28 UniRef100_A0A091EBV8 Type-1 an 100.0 1.6E-50 1.6E-56  358.9   0.0  296   48-353   344-647 (715)
      29 UniRef100_A0A1N7TCF1 Galanin r 100.0 2.5E-50 2.6E-56  337.6   0.0  292   50-341    70-363 (407)
      30 tr|S7PTD0|S7PTD0_MYOBR Mu-type 100.0 2.6E-50 2.6E-56  325.6   0.0  310   49-358    70-424 (489)
      31 tr|A0A1L8G1N6|A0A1L8G1N6_XENLA 100.0 4.6E-50 4.7E-56  334.2   0.0  286   48-339   113-399 (448)
      32 tr|S9YJE2|S9YJE2_CAMFR Somatos 100.0 8.5E-50 8.8E-56  327.4   0.0  297   43-339   104-401 (438)
      33 UniRef100_A0A091DWF1 Somatosta 100.0 1.2E-49 1.2E-55  334.1   0.0  288   49-338   153-440 (523)
      34 UniRef100_A0A087XDT1 Somatosta 100.0 1.4E-49 1.4E-55  341.1   0.0  301   38-342   154-457 (676)
      35 UniRef100_A0A026X3T6 Allatosta 100.0 3.8E-49 3.9E-55  340.2   0.0  287   50-339   138-426 (540)
      36 UniRef100_A0A023F675 Putative  100.0 4.2E-49 4.3E-55  346.1   0.0  290   46-336   121-417 (530)
      37 UniRef100_A0A087T336 Somatosta 100.0 5.2E-49 5.4E-55  329.9   0.0  291   47-337    73-366 (454)
      38 UniRef100_A0A0F8B4Z2 Mu-type o 100.0 5.6E-49 5.8E-55  315.6   0.0  309   47-355    60-369 (477)
      39 UniRef100_A0A1S3HKE5 allatosta 100.0 6.5E-49 6.7E-55  338.7   0.0  287   49-337    80-374 (462)
      40 UniRef100_A0A060X0R7 Uncharact 100.0 6.6E-49 6.8E-55  316.1   0.0  295   44-340    50-344 (383)
      41 UniRef100_A0A077YWL6 Somatosta 100.0 1.1E-48 1.1E-54  339.0   0.0  292   50-341    64-363 (446)
      42 UniRef100_A0A6P4Z4S7 G-protein 100.0 1.4E-48 1.4E-54  339.4   0.0  291   47-340    55-353 (417)
      43 tr|A0A091DWF1|A0A091DWF1_FUKDA 100.0 1.5E-48 1.6E-54  319.9   0.0  287   50-338   155-441 (483)
      44 UniRef100_A0A0K0PUL8 Allatosta 100.0 1.7E-48 1.8E-54  327.8   0.0  295   45-339    44-345 (396)
      45 UniRef100_A0A3Q1GNK3 Kappa-typ 100.0 1.9E-48   2E-54  322.8   0.0  318   53-370   299-616 (616)
      46 UniRef100_A0A0F8AVG0 Kappa-typ 100.0 1.6E-47 1.6E-53  317.4   0.0  314   37-351    87-402 (594)
      47 UniRef100_A0A087QW50 Delta-typ 100.0 1.8E-47 1.8E-53  300.8   0.0  324   47-370    42-373 (400)
      48 UniRef100_A0A024FLF0 PQRFa pep 100.0 2.4E-47 2.5E-53  329.9   0.0  288   47-338    45-346 (413)
      49 UniRef100_A0A498L8Y6 Delta-typ 100.0 2.5E-47 2.6E-53  314.3   0.0  319   51-369   194-558 (559)
      50 UniRef100_A0A2G8L6L1 Putative  100.0 2.6E-47 2.7E-53  317.4   0.0  285   49-337    33-323 (407)
      51 UniRef100_A0A026WTK8 Tachykini 100.0 2.9E-47   3E-53  329.0   0.0  291   45-337    83-387 (556)
      52 UniRef100_A0A023F3V9 Putative  100.0 3.3E-47 3.4E-53  325.2   0.0  288   49-336   130-421 (574)
      53 tr|A0A218VDE9|A0A218VDE9_9PASE 100.0 3.8E-47 3.9E-53  315.8   0.0  287   47-337    19-306 (556)
      54 UniRef100_A0A0K0PUR1 Orphan G- 100.0   4E-47 4.1E-53  330.7   0.0  287   45-334   108-407 (530)
      55 UniRef100_A0A2B4S7K2 Histamine 100.0 4.9E-47   5E-53  321.8   0.0  289   42-338    23-327 (369)
      56 UniRef100_UPI001401E46F delta- 100.0 7.8E-47   8E-53  299.6   0.0  301   37-337    53-355 (440)
      57 UniRef100_A0A498L8B6 Delta-typ 100.0 1.1E-46 1.2E-52  294.8   0.0  315   21-337    16-335 (375)
      58 tr|C3XSP5|C3XSP5_BRAFL Unchara 100.0 1.2E-46 1.3E-52  306.4   0.0  306   41-348    17-336 (403)
      59 tr|C3XVS5|C3XVS5_BRAFL Unchara 100.0 1.3E-46 1.3E-52  311.1   0.0  291   49-341    65-366 (425)
      60 UniRef100_A0A6P4Y4T1 galanin r 100.0 1.6E-46 1.7E-52  314.9   0.0  288   51-340    58-353 (410)
      61 UniRef100_A0A3Q3G3A9 Mu-type o 100.0 1.8E-46 1.9E-52  297.1   0.0  291   77-367    63-353 (407)
      62 UniRef100_A0A1A6FY77 G_PROTEIN 100.0 2.9E-46   3E-52  291.4   0.0  318   51-368    49-368 (372)
      63 UniRef100_A0A141CIT8 G protein 100.0 2.9E-46   3E-52  319.1   0.0  289   45-337    80-375 (488)
      64 UniRef100_A0A0A1WLH2 Somatosta 100.0 4.3E-46 4.4E-52  322.7   0.0  290   47-336   212-505 (667)
      65 UniRef100_A0A060VVF8 G_PROTEIN 100.0 6.3E-46 6.4E-52  324.5   0.0  285   50-337   138-432 (511)
      66 UniRef100_A0A3N0YLB7 Nocicepti 100.0 6.6E-46 6.8E-52  311.9   0.0  316   21-338   374-692 (731)
      67 tr|V8PD93|V8PD93_OPHHA Type-2  100.0 7.7E-46 7.9E-52  317.1   0.0  285   52-340    76-370 (412)
      68 UniRef100_A0A6F9BXC0 G_PROTEIN 100.0 9.6E-46 9.9E-52  298.0   0.0  289   53-341    55-343 (502)
      69 UniRef100_A0A6P3IMR0 somatosta 100.0   1E-45 1.1E-51  304.6   0.0  289   50-338   196-485 (524)
      70 UniRef100_A0A061INJ6 Pyrogluta 100.0 1.3E-45 1.4E-51  327.2   0.0  290   46-337   147-457 (594)
      71 UniRef100_A0A060VSP8 5-hydroxy 100.0 1.9E-45 1.9E-51  316.0   0.0  286   47-341    83-418 (479)
      72 UniRef100_A0A060VUW6 G_PROTEIN 100.0 2.1E-45 2.1E-51  329.4   0.0  282   48-339   114-440 (574)
      73 UniRef100_A0A2B4SDF9 Neuropept 100.0 2.1E-45 2.2E-51  311.4   0.0  285   47-335    85-376 (455)
      74 UniRef100_A0A0K0PUI9 Orphan G- 100.0 2.2E-45 2.2E-51  322.8   0.0  290   48-340    98-409 (534)
      75 UniRef100_A0A087X575 NPY-Y2 re 100.0 2.3E-45 2.3E-51  307.9   0.0  287   49-338    71-371 (426)
      76 tr|A0A2C9JWF9|A0A2C9JWF9_BIOGL 100.0 2.5E-45 2.6E-51  312.3   0.0  290   50-340    64-367 (403)
      77 UniRef100_A0A139WB32 Tachykini 100.0 2.5E-45 2.6E-51  307.8   0.0  293   46-340    38-344 (405)
      78 UniRef100_A0A6P4XD29 neuropept 100.0 2.7E-45 2.7E-51  305.8   0.0  284   48-335    38-339 (385)
      79 UniRef100_A0A154PKR3 Tachykini 100.0 2.7E-45 2.7E-51  313.4   0.0  288   46-335    71-371 (457)
      80 UniRef100_A0A4D9EQQ5 Enolase-l 100.0 2.7E-45 2.7E-51  295.6   0.0  289   48-338   143-431 (472)
      81 UniRef100_A0A369RW72 Octopamin 100.0 2.8E-45 2.8E-51  318.7   0.0  279   49-334    52-354 (412)
      82 UniRef100_A0A0K0PUT9 Excitator 100.0 3.4E-45 3.5E-51  317.2   0.0  289   48-336   100-400 (474)
      83 UniRef100_A0A026WW28 Neuropept 100.0 3.6E-45 3.7E-51  319.5   0.0  289   45-337    82-379 (552)
      84 tr|L7LZ94|L7LZ94_9ACAR Putativ 100.0 3.9E-45   4E-51  301.8   0.0  288   48-337    99-391 (438)
      85 UniRef100_A0A060W9T7 G_PROTEIN 100.0   4E-45 4.1E-51  309.4   0.0  297   37-336   171-470 (616)
      86 tr|A0A1I8PIJ9|A0A1I8PIJ9_STOCA 100.0 4.1E-45 4.2E-51  318.3   0.0  291   49-341   167-470 (680)
      87 UniRef100_A0A060X360 G_PROTEIN 100.0 4.2E-45 4.3E-51  308.0   0.0  288   50-340    98-390 (477)
      88 UniRef100_A0A023ETT6 Putative  100.0 4.2E-45 4.4E-51  311.0   0.0  287   51-337   153-445 (612)
      89 UniRef100_A0A068WW83 Allatosta 100.0 4.7E-45 4.9E-51  316.1   0.0  281   47-332    62-347 (432)
      90 tr|A0A146TL67|A0A146TL67_FUNHE 100.0 4.9E-45   5E-51  322.3   0.0  288   51-340    26-406 (442)
      91 UniRef100_A0A077Z2H9 Putative  100.0 5.5E-45 5.6E-51  313.9   0.0  286   48-335    68-393 (477)
      92 UniRef100_A0A3B4UE11 Si:zfos-1 100.0 5.7E-45 5.9E-51  297.3   0.0  291   45-339    59-351 (441)
      93 UniRef100_A0A034WDF0 Allatosta 100.0 5.9E-45 6.1E-51  312.3   0.0  288   46-336    90-383 (459)
      94 UniRef100_A0A026W5R0 Orexin re 100.0 6.1E-45 6.3E-51  317.4   0.0  286   45-335   111-423 (529)
      95 tr|A0A1V4J9T1|A0A1V4J9T1_PATFA 100.0 6.1E-45 6.3E-51  297.7   0.0  297   38-337    54-354 (461)
      96 UniRef100_A0A0C9QBK4 GHSR_0 pr 100.0 6.3E-45 6.5E-51  325.9   0.0  288   46-336   167-472 (591)
      97 UniRef100_A0A2B4RSM5 Neuropept 100.0 6.5E-45 6.7E-51  306.0   0.0  281   48-335    33-320 (417)
      98 UniRef100_A0A1D2M4J2 Neuropept 100.0 1.2E-44 1.2E-50  309.3   0.0  286   47-336   122-421 (497)
      99 UniRef100_A0A060X5Z5 G_PROTEIN 100.0 1.3E-44 1.3E-50  315.0   0.0  279   48-337    80-383 (522)
     100 tr|A0A1I8PG61|A0A1I8PG61_STOCA 100.0 1.4E-44 1.4E-50  317.2   0.0  289   48-336   296-590 (716)
     101 UniRef100_A0A177B9B5 Rhodopsin 100.0   2E-44   2E-50  303.1   0.0  287   45-336    84-400 (464)
     102 tr|A0A1I8MQS0|A0A1I8MQS0_MUSDO 100.0   2E-44   2E-50  314.4   0.0  291   48-338   146-439 (572)
     103 UniRef100_A0A6P4ZPQ5 G-protein 100.0   2E-44 2.1E-50  293.9   0.0  291   38-332    30-323 (420)
     104 tr|A0A1D1UXI1|A0A1D1UXI1_RAMVA 100.0 2.4E-44 2.5E-50  302.9   0.0  294   44-340    74-377 (499)
     105 UniRef100_A0A068YB14 Neuropept 100.0 2.6E-44 2.6E-50  311.4   0.0  285   48-336    51-350 (448)
     106 UniRef100_A0A4W4DTE3 G_PROTEIN 100.0 3.5E-44 3.6E-50  297.9   0.0  291   51-341    52-345 (379)
     107 UniRef100_A0A026WK16 Tachykini 100.0 3.7E-44 3.8E-50  310.7   0.0  290   44-335   175-478 (641)
     108 UniRef100_A0A1D1W534 G_PROTEIN 100.0 4.2E-44 4.3E-50  314.3   0.0  288   51-340    78-435 (492)
     109 UniRef100_A0A210QEM7 Neuropept 100.0 4.3E-44 4.4E-50  299.6   0.0  287   52-341    51-349 (416)
     110 UniRef100_A0A0K0PUH1 Orphan G- 100.0 4.6E-44 4.7E-50  294.1   0.0  296   38-337    39-347 (413)
     111 tr|A0A1W2W3E6|A0A1W2W3E6_CIOIN 100.0 4.8E-44 4.9E-50  299.3   0.0  289   47-337    53-350 (487)
     112 UniRef100_A0A2G8KL37 Cholecyst 100.0   5E-44 5.2E-50  302.2   0.0  285   52-338    99-430 (493)
     113 tr|A0A1I8M930|A0A1I8M930_MUSDO 100.0 5.2E-44 5.4E-50  323.6   0.0  280   48-335   185-575 (963)
     114 UniRef100_A0A6P4YBA8 delta-typ 100.0 5.5E-44 5.7E-50  299.1   0.0  294   44-340    43-341 (406)
     115 tr|A0A146U732|A0A146U732_FUNHE 100.0 6.3E-44 6.4E-50  323.9   0.0  292   45-336   185-545 (590)
     116 UniRef100_A0A151N382 Galanin r 100.0   7E-44 7.2E-50  286.0   0.0  286   50-338    29-316 (392)
     117 UniRef100_A0A0P0YUU8 Cannabino 100.0 8.6E-44 8.9E-50  302.5   0.0  300   38-339    69-418 (496)
     118 UniRef100_A0A2G8JR46 Putative  100.0 8.7E-44   9E-50  306.9   0.0  280   53-338    64-356 (411)
     119 UniRef100_A0A061A7W5 G_PROTEIN 100.0 1.1E-43 1.2E-49  305.7   0.0  282   49-338    59-358 (473)
     120 UniRef100_A0A1L8FNX2 G_PROTEIN 100.0 1.2E-43 1.2E-49  299.4   0.0  274   51-332    62-337 (400)
     121 UniRef100_L9LDH4 Mu-type opioi 100.0 1.2E-43 1.2E-49  283.3   0.0  281   78-358    15-295 (460)
     122 tr|A0A0P7U0M1|A0A0P7U0M1_9TELE 100.0 1.3E-43 1.3E-49  291.3   0.0  301   51-353   101-426 (440)
     123 UniRef100_A0A6J8CLU9 HCRTR2 n= 100.0 1.5E-43 1.5E-49  295.1   0.0  293   44-341    45-361 (422)
     124 UniRef100_A0A3M6U5X4 G_PROTEIN 100.0 1.6E-43 1.6E-49  288.4   0.0  288   43-338    30-320 (339)
     125 UniRef100_A0A164MD49 Putative  100.0 1.6E-43 1.7E-49  301.0   0.0  285   53-339    51-396 (498)
     126 UniRef100_A0A1S3J712 QRFP-like 100.0 1.7E-43 1.7E-49  306.3   0.0  282   53-336    69-369 (507)
     127 UniRef100_A0A087VAK8 Somatosta 100.0 1.7E-43 1.8E-49  282.2   0.0  291   49-341    59-351 (384)
     128 UniRef100_A0A0P7V1N0 Delta-typ 100.0 1.7E-43 1.8E-49  280.7   0.0  293   78-370   142-436 (436)
     129 UniRef100_A0A087REY1 NPY-Y2 re 100.0 2.5E-43 2.6E-49  302.6   0.0  290   48-339   183-479 (599)
     130 UniRef100_A0A0L8FP69 G_PROTEIN 100.0 2.5E-43 2.6E-49  293.0   0.0  286   51-336    48-339 (488)
     131 tr|A0A0S0WMT8|A0A0S0WMT8_DROME 100.0 2.9E-43 2.9E-49  297.3   0.0  289   49-337   143-435 (593)
     132 UniRef100_A0A091E4L4 YTH domai 100.0 3.1E-43 3.2E-49  304.5   0.0  317   50-366   730-1048(1054)
     133 tr|K1QHX9|K1QHX9_CRAGI Somatos 100.0 3.4E-43 3.5E-49  298.5   0.0  289   48-336    45-337 (456)
     134 UniRef100_A0A2B4SKI0 Tachykini 100.0 3.4E-43 3.5E-49  311.0   0.0  289   48-338    88-390 (469)
     135 UniRef100_UPI0008FA784D nocice 100.0 3.5E-43 3.6E-49  283.4   0.0  283   74-370   218-500 (500)
     136 UniRef100_A0A023F668 Putative  100.0 3.6E-43 3.7E-49  295.5   0.0  291   44-338    78-377 (484)
     137 tr|A0A1V4J9K1|A0A1V4J9K1_PATFA 100.0 3.8E-43 3.9E-49  308.8   0.0  289   50-340   319-609 (939)
     138 UniRef100_A0A6P4ZN87 somatosta 100.0 3.9E-43   4E-49  290.8   0.0  294   46-339    27-329 (391)
     139 UniRef100_A0A0L8I310 G_PROTEIN 100.0 3.9E-43   4E-49  303.1   0.0  283   49-333    43-363 (468)
     140 UniRef100_A0A1V4KIE8 Beta-1 ad 100.0 4.2E-43 4.3E-49  317.7   0.0  281   55-339    33-350 (512)
     141 tr|A0A232F0R3|A0A232F0R3_9HYME 100.0 4.3E-43 4.5E-49  290.5   0.0  285   48-338   100-423 (458)
     142 UniRef100_A0A087UNN0 Neuropept 100.0 4.5E-43 4.6E-49  296.4   0.0  285   46-334    88-387 (470)
     143 tr|W5JTF9|W5JTF9_ANODA Somatos 100.0 4.8E-43 4.9E-49  296.5   0.0  290   50-339    53-348 (526)
     144 tr|A7SD89|A7SD89_NEMVE Predict 100.0 4.8E-43   5E-49  281.1   0.0  283   53-343    39-335 (355)
     145 tr|A0A0L0C8J1|A0A0L0C8J1_LUCCU 100.0   5E-43 5.2E-49  299.9   0.0  287   51-337   225-517 (661)
     146 SRR6218665_799277              100.0 5.1E-43 5.2E-49  286.2   0.0  308   35-342   108-423 (456)
     147 tr|B4JN40|B4JN40_DROGR GH24210 100.0 5.1E-43 5.2E-49  292.6   0.0  286   47-333   112-403 (436)
     148 UniRef100_A0A060WEJ5 G_PROTEIN 100.0 5.8E-43 5.9E-49  304.8   0.0  280   50-337   112-455 (544)
     149 UniRef100_A0A2B4RHL7 Galanin r 100.0 5.8E-43 5.9E-49  287.2   0.0  278   51-338    32-310 (406)
     150 UniRef100_A0A0L8GIM4 G_PROTEIN 100.0 5.9E-43   6E-49  307.1   0.0  287   45-335    90-392 (481)
     151 UniRef100_A0A1V9XU68 Tyramine/ 100.0 6.5E-43 6.7E-49  295.2   0.0  285   48-341    49-356 (408)
     152 UniRef100_A0A2B4SKX3 Cholecyst 100.0 7.4E-43 7.6E-49  293.4   0.0  288   46-341    66-415 (428)
     153 tr|W4Z2N2|W4Z2N2_STRPU Unchara 100.0 7.8E-43   8E-49  284.8   0.0  290   49-339    54-353 (406)
     154 tr|A0A0P4XBU7|A0A0P4XBU7_9CRUS 100.0 8.4E-43 8.7E-49  304.2   0.0  294   38-334    47-411 (557)
     155 tr|A0A182FUW3|A0A182FUW3_ANOAL 100.0 8.5E-43 8.8E-49  300.8   0.0  289   51-339   195-487 (666)
     156 UniRef100_A0A2B4RPR9 Allatosta 100.0 8.8E-43   9E-49  301.1   0.0  297   37-335    33-341 (446)
     157 UniRef100_A0A026WK40 Cholecyst 100.0   1E-42   1E-48  311.1   0.0  285   53-339   156-544 (656)
     158 UniRef100_A0A226DFM2 Neuropept 100.0 1.1E-42 1.1E-48  296.6   0.0  287   45-334    99-399 (523)
     159 UniRef100_A0A1D2M255 Somatosta 100.0 1.1E-42 1.1E-48  283.5   0.0  284   48-333    32-318 (382)
     160 tr|A0A131ZXP6|A0A131ZXP6_SARSC 100.0 1.2E-42 1.2E-48  288.0   0.0  289   48-336   119-410 (480)
     161 UniRef100_A0A044T5H8 G_PROTEIN 100.0 1.2E-42 1.2E-48  304.8   0.0  286   46-339   240-569 (693)
     162 tr|T1KPP2|T1KPP2_TETUR Unchara 100.0 1.3E-42 1.3E-48  293.7   0.0  288   45-339   145-437 (477)
     163 tr|A0A1W4ZX05|A0A1W4ZX05_9TELE 100.0 1.4E-42 1.4E-48  295.8   0.0  285   51-339    69-386 (480)
     164 UniRef100_A0A0P5DAK4 Orexin re 100.0 1.4E-42 1.4E-48  295.1   0.0  286   46-336   101-428 (505)
     165 UniRef100_A0A0K0PUV0 FVRIamide 100.0 1.5E-42 1.5E-48  297.2   0.0  279   48-334    49-374 (458)
     166 UniRef100_A0A3M6UME8 G_PROTEIN 100.0 1.5E-42 1.5E-48  290.8   0.0  285   47-339    35-325 (383)
     167 UniRef100_A0A1S3H6K0 neuropept 100.0 1.6E-42 1.6E-48  302.6   0.0  285   45-333    50-351 (470)
     168 UniRef100_A0A2B4S4U3 Beta-2 ad 100.0 1.7E-42 1.7E-48  285.0   0.0  293   47-341    24-324 (372)
     169 tr|E0D358|E0D358_HEMPU Dopamin 100.0 1.7E-42 1.7E-48  290.2   0.0  281   49-340    22-330 (435)
     170 UniRef100_A0A2B4S0J6 Somatosta 100.0 1.7E-42 1.8E-48  305.7   0.0  289   45-335    77-376 (457)
     171 UniRef100_A0A0K0PUH3 Allatotro 100.0 1.8E-42 1.8E-48  288.8   0.0  289   46-339    63-374 (424)
     172 UniRef100_A0A087QH27 C-C chemo 100.0 1.8E-42 1.8E-48  309.1   0.0  278   50-336   199-482 (591)
     173 UniRef100_A0A6A1QAX4 Kappa-typ 100.0 1.8E-42 1.9E-48  272.5   0.0  310    1-310     1-310 (404)
     174 UniRef100_A0A0K0PUH0 Orphan G- 100.0   2E-42   2E-48  307.0   0.0  282   50-333   135-468 (583)
     175 tr|A0A2B4SID7|A0A2B4SID7_STYPI 100.0 2.1E-42 2.1E-48  298.2   0.0  292   45-338    25-327 (422)
     176 UniRef100_A0A3M6UAU0 G_PROTEIN 100.0 2.3E-42 2.3E-48  297.4   0.0  289   44-336    28-327 (552)
     177 UniRef100_A0A091G1I5 Somatosta 100.0 2.3E-42 2.4E-48  261.1   0.0  285   53-337     4-288 (296)
     178 tr|C3Z5T5|C3Z5T5_BRAFL Unchara 100.0 2.4E-42 2.5E-48  278.2   0.0  293   49-341    35-331 (389)
     179 UniRef100_A0A6G8J3P5 Melanin-c 100.0 2.4E-42 2.5E-48  286.8   0.0  288   50-338    60-351 (460)
     180 UniRef100_A0A2B4RHY9 Pyrogluta 100.0 2.7E-42 2.8E-48  304.3   0.0  288   45-338    75-371 (455)
     181 UniRef100_A0A0L7KZ56 Neuropept 100.0 3.1E-42 3.1E-48  294.2   0.0  285   46-334    81-381 (509)
     182 UniRef100_A0A210QHM7 G-protein 100.0 3.1E-42 3.2E-48  295.4   0.0  285   49-335    77-372 (492)
     183 UniRef100_A0A146M155 Neuropept 100.0 3.1E-42 3.2E-48  293.5   0.0  291   44-336    46-360 (488)
     184 tr|A0A0P6IZB8|A0A0P6IZB8_9CRUS 100.0 3.4E-42 3.5E-48  292.8   0.0  292   46-339   197-495 (559)
     185 tr|A0A1A8LLP2|A0A1A8LLP2_9TELE 100.0 3.4E-42 3.5E-48  287.1   0.0  290   45-339    87-398 (455)
     186 tr|A0A147AZW9|A0A147AZW9_FUNHE 100.0 3.5E-42 3.6E-48  302.5   0.0  294   37-334    70-429 (468)
     187 UniRef100_A0A0S1YDA0 Neuropept 100.0 3.5E-42 3.6E-48  296.2   0.0  287   45-333    88-387 (509)
     188 UniRef100_A0A1S3KA35 Alpha-1B  100.0 3.9E-42   4E-48  298.4   0.0  285   47-341    85-422 (551)
     189 UniRef100_A0A0L8H201 G_PROTEIN 100.0 3.9E-42 4.1E-48  285.6   0.0  289   48-337    82-381 (461)
     190 UniRef100_A0A060YB93 G_PROTEIN 100.0 4.5E-42 4.7E-48  279.3   0.0  288   50-341    57-346 (480)
     191 UniRef100_A0A060YTK2 Uncharact 100.0 4.6E-42 4.8E-48  283.8   0.0  285   52-338    85-378 (447)
     192 tr|A0A0A7RC79|A0A0A7RC79_RHOPR 100.0 4.7E-42 4.8E-48  282.4   0.0  297   46-342    70-377 (404)
     193 UniRef100_A0A084WIC4 Short neu 100.0 4.7E-42 4.8E-48  294.1   0.0  287   48-338    89-386 (551)
     194 UniRef100_A0A2B4RGU4 5-hydroxy 100.0   5E-42 5.1E-48  303.2   0.0  285   47-338    61-370 (478)
     195 UniRef100_A0A0K0PUK6 Orphan G- 100.0 5.4E-42 5.6E-48  285.1   0.0  288   50-339    65-374 (448)
     196 tr|T1JU75|T1JU75_TETUR Unchara 100.0 5.5E-42 5.6E-48  293.9   0.0  292   47-338   139-435 (728)
     197 UniRef100_A0A060XMX0 NPY-Y2 re 100.0 6.2E-42 6.3E-48  281.7   0.0  293   44-339   116-415 (452)
     198 UniRef100_A0A1L8HHP3 G_PROTEIN 100.0 6.9E-42 7.1E-48  281.2   0.0  285   50-337    44-338 (370)
     199 UniRef100_A0A4W3J4G3 Somatosta 100.0 6.9E-42 7.1E-48  274.9   0.0  301   38-340    30-330 (480)
     200 tr|A0A182G4E1|A0A182G4E1_AEDAL 100.0   7E-42 7.2E-48  294.2   0.0  284   48-336    64-368 (534)
     201 UniRef100_A0A1A7ZR65 Somatosta 100.0   7E-42 7.2E-48  271.1   0.0  296   41-339    39-334 (390)
     202 UniRef100_A0A2H8TNJ5 Neuropept 100.0 7.7E-42 7.9E-48  291.7   0.0  285   47-334   151-449 (528)
     203 tr|A0A146NR64|A0A146NR64_FUNHE 100.0 8.1E-42 8.3E-48  284.2   0.0  285   51-337   119-419 (449)
     204 UniRef100_A0A401NJB3 G_PROTEIN 100.0 8.6E-42 8.8E-48  289.9   0.0  293   43-339    33-360 (517)
     205 UniRef100_A0A1J1I7G5 CLUMA_CG0 100.0 8.6E-42 8.8E-48  289.0   0.0  290   47-338    72-373 (500)
     206 tr|A0A1S3FYW5|A0A1S3FYW5_DIPOR 100.0 8.6E-42 8.9E-48  275.4   0.0  289   52-343    70-363 (385)
     207 UniRef100_A0A7M7HKI1 G_PROTEIN 100.0 9.1E-42 9.3E-48  290.6   0.0  280   54-338    42-335 (418)
     208 tr|A0A0N8JZL4|A0A0N8JZL4_9TELE 100.0 9.1E-42 9.3E-48  288.4   0.0  287   47-337   100-411 (482)
     209 UniRef100_A0A2B4R9G2 Melatonin 100.0 9.4E-42 9.6E-48  301.5   0.0  283   47-337    76-365 (461)
     210 UniRef100_A0A060VP48 G_PROTEIN 100.0 9.4E-42 9.6E-48  304.8   0.0  291   44-337   147-449 (580)
     211 UniRef100_A0A0N0PEL7 Tachykini 100.0 9.7E-42 9.9E-48  286.9   0.0  289   46-336    50-352 (454)
     212 UniRef100_A0A3M6TKX3 G_PROTEIN 100.0 9.7E-42 9.9E-48  290.5   0.0  288   47-338    71-374 (427)
     213 tr|A0A2B4RXD1|A0A2B4RXD1_STYPI 100.0 9.8E-42   1E-47  283.5   0.0  288   46-339    88-381 (416)
     214 UniRef100_F6SEF7 G_PROTEIN_REC 100.0 1.1E-41 1.1E-47  276.2   0.0  293   41-333    30-332 (337)
     215 UniRef100_A0A061IN14 NK-3 rece 100.0 1.1E-41 1.2E-47  298.3   0.0  292   43-337   224-522 (662)
     216 tr|S7PUA8|S7PUA8_MYOBR C-C che 100.0 1.2E-41 1.2E-47  297.0   0.0  279   50-337   281-565 (603)
     217 UniRef100_A0A087U880 Neuropept 100.0 1.2E-41 1.2E-47  285.5   0.0  287   45-335    62-360 (401)
     218 UniRef100_A0A060X0P4 G_PROTEIN 100.0 1.2E-41 1.3E-47  295.5   0.0  284   49-335   136-428 (513)
     219 UniRef100_A0A0B4LHT6 RYamide r 100.0 1.3E-41 1.3E-47  293.8   0.0  287   46-336   109-409 (524)
     220 UniRef100_A0A087UP46 5-hydroxy 100.0 1.4E-41 1.4E-47  287.0   0.0  287   43-338    37-400 (472)
     221 UniRef100_A0A315V7W7 Somatosta 100.0 1.4E-41 1.4E-47  279.5   0.0  292   47-338    69-360 (591)
     222 tr|A0A147AMP5|A0A147AMP5_FUNHE 100.0 1.4E-41 1.4E-47  300.7   0.0  280   48-337    28-426 (475)
     223 UniRef100_A0A060WGF3 B2 bradyk 100.0 1.4E-41 1.4E-47  301.3   0.0  280   53-336   161-449 (589)
     224 UniRef100_A0A060WWU7 G_PROTEIN 100.0 1.5E-41 1.6E-47  289.0   0.0  279   51-337    68-381 (545)
     225 tr|W4Z9U8|W4Z9U8_STRPU Unchara 100.0 1.6E-41 1.6E-47  277.5   0.0  295   46-342   102-415 (434)
     226 ERR1719341_586736              100.0 1.7E-41 1.8E-47  289.2   0.0  294   46-339    49-355 (513)
     227 UniRef100_UPI0018F2CE96 somato 100.0 1.7E-41 1.8E-47  279.8   0.0  298   40-337   272-569 (608)
     228 UniRef100_A0A3B4VB96 Beta-2 ad 100.0 1.9E-41 1.9E-47  284.9   0.0  290   44-337    45-360 (464)
     229 tr|A0A0P5PA10|A0A0P5PA10_9CRUS 100.0   2E-41   2E-47  292.5   0.0  287   46-334   141-441 (705)
     230 UniRef100_A0A4Z2I5Z9 Somatosta 100.0 2.1E-41 2.2E-47  284.3   0.0  294   46-339   398-691 (729)
     231 UniRef100_A0A1L8GQY3 Alpha-1B  100.0 2.2E-41 2.2E-47  287.6   0.0  285   46-340    41-370 (510)
     232 UniRef100_A0A2B4SVS8 Neuropept 100.0 2.3E-41 2.3E-47  294.6   0.0  293   46-342    83-386 (480)
     233 tr|A0A218UB83|A0A218UB83_9PASE 100.0 2.3E-41 2.3E-47  292.5   0.0  286   46-340   188-514 (631)
     234 tr|A0A139WLV7|A0A139WLV7_TRICA 100.0 2.4E-41 2.5E-47  296.2   0.0  287   46-336   393-695 (792)
     235 UniRef100_A0A068WVN8 Biogenic  100.0 2.4E-41 2.5E-47  300.2   0.0  285   44-337   113-506 (641)
     236 UniRef100_A0A210QT45 G-protein 100.0 2.5E-41 2.5E-47  283.8   0.0  283   49-334    56-353 (472)
     237 tr|A0A0S1YD80|A0A0S1YD80_CHISP 100.0 2.5E-41 2.6E-47  286.2   0.0  290   46-340   159-466 (513)
     238 tr|A0A0P7V0U8|A0A0P7V0U8_9TELE 100.0 2.6E-41 2.7E-47  275.8   0.0  288   51-341    85-377 (439)
     239 UniRef100_A0A210QSD7 Octopamin 100.0 2.7E-41 2.8E-47  289.5   0.0  285   48-341    54-419 (423)
     240 UniRef100_A7RGN9 Predicted pro 100.0 2.7E-41 2.8E-47  273.9   0.0  281   47-336    26-312 (317)
     241 tr|A0A131XUY2|A0A131XUY2_IXORI 100.0 2.8E-41 2.9E-47  282.1   0.0  283   50-336   160-444 (560)
     242 UniRef100_A0A0K0PUL2 DH31-like 100.0 2.8E-41 2.9E-47  277.6   0.0  288   45-337    42-332 (375)
     243 UniRef100_A0A024R2Q0 Chemokine 100.0 2.9E-41   3E-47  291.6   0.0  279   51-336   156-441 (499)
     244 UniRef100_A0A2B4SC76 Substance 100.0 2.9E-41   3E-47  293.4   0.0  291   44-336    47-350 (461)
     245 UniRef100_A0A7M7HFU8 G_PROTEIN 100.0 2.9E-41   3E-47  292.1   0.0  284   49-338    62-364 (423)
     246 tr|V8NQN2|V8NQN2_OPHHA G-prote 100.0   3E-41   3E-47  295.3   0.0  277   49-334   301-583 (840)
     247 UniRef100_A0A1D1VDY3 G_PROTEIN 100.0   3E-41 3.1E-47  291.2   0.0  285   51-337   133-445 (557)
     248 UniRef100_E9HAW0 G_PROTEIN_REC 100.0 3.1E-41 3.2E-47  278.7   0.0  283   46-333    59-351 (393)
     249 UniRef100_UPI0001CB9B44 somato 100.0 3.3E-41 3.4E-47  267.8   0.0  288   50-339    26-317 (365)
     250 UniRef100_A0A087YQK7 Adrenocep 100.0 3.6E-41 3.7E-47  290.6   0.0  282   54-339   132-452 (617)
     251 tr|A0A1U7TSJ4|A0A1U7TSJ4_TARSY 100.0 3.7E-41 3.8E-47  286.1   0.0  283   50-336   211-516 (600)
     252 UniRef100_A0A1S3J8T4 5-hydroxy 100.0 3.7E-41 3.8E-47  288.8   0.0  288   47-337    96-395 (468)
     253 tr|A0A1D2NMB6|A0A1D2NMB6_ORCCI 100.0 3.7E-41 3.8E-47  286.4   0.0  290   47-338   146-450 (520)
     254 UniRef100_A0A2B4SVC4 Dopamine  100.0 3.8E-41 3.9E-47  283.0   0.0  272   45-337    49-329 (397)
     255 UniRef100_A0A1D1V5S1 G_PROTEIN 100.0 3.9E-41   4E-47  284.0   0.0  281   49-339    54-360 (484)
     256 UniRef100_A0A0N0PF28 Orexin re 100.0 4.1E-41 4.2E-47  290.5   0.0  282   45-332   130-453 (588)
     257 UniRef100_A0A0A7KUZ5 Opsin 5 n 100.0 4.4E-41 4.6E-47  286.3   0.0  288   45-336    46-342 (407)
     258 tr|A0A091CRU0|A0A091CRU0_FUKDA 100.0 4.4E-41 4.6E-47  296.4   0.0  280   48-339   405-693 (720)
     259 UniRef100_A0A1S3IX78 RYamide r 100.0 4.4E-41 4.6E-47  282.4   0.0  284   45-332    47-342 (444)
     260 tr|L5M4Z9|L5M4Z9_MYODS C-C che 100.0 4.5E-41 4.6E-47  285.2   0.0  278   52-337   270-554 (590)
     261 UniRef100_A0A6P4YCQ0 somatosta 100.0 4.5E-41 4.7E-47  268.2   0.0  293   44-338    63-366 (428)
     262 UniRef100_A0A0K0PUK8 FMRFamide 100.0 4.9E-41   5E-47  294.0   0.0  290   39-333    46-348 (471)
     263 tr|B4KC34|B4KC34_DROMO Unchara 100.0 4.9E-41 5.1E-47  294.4   0.0  285   50-336   191-490 (670)
     264 UniRef100_A0A2B4SID7 Neuropept 100.0   5E-41 5.1E-47  286.2   0.0  295   44-340    74-381 (462)
     265 UniRef100_A0A060XC03 Beta-2 ad 100.0   5E-41 5.2E-47  286.1   0.0  290   47-339    98-414 (548)
     266 UniRef100_A0A026WIP6 Cholecyst 100.0 5.3E-41 5.5E-47  298.6   0.0  291   47-340   166-531 (636)
     267 tr|A0A218UWX7|A0A218UWX7_9PASE 100.0 5.5E-41 5.6E-47  283.6   0.0  291   43-337    32-339 (474)
     268 UniRef100_A0A1D1UXI1 G_PROTEIN 100.0 5.7E-41 5.8E-47  280.3   0.0  298   38-339   123-430 (553)
     269 UniRef100_A0A096NVS2 Somatosta 100.0 6.1E-41 6.3E-47  275.5   0.0  279   52-336   115-395 (483)
     270 UniRef100_A0A2B4SQU8 Orexin re 100.0 6.2E-41 6.3E-47  273.6   0.0  293   45-341    30-349 (370)
     271 UniRef100_A0A3M6T6P4 G_PROTEIN 100.0 6.4E-41 6.6E-47  287.1   0.0  285   53-339    57-355 (465)
     272 tr|A0A226N7X5|A0A226N7X5_CALSU 100.0 6.8E-41   7E-47  269.7   0.0  294   44-337   121-416 (419)
     273 tr|A0A1A9ZAD8|A0A1A9ZAD8_GLOPL 100.0 7.2E-41 7.4E-47  283.1   0.0  290   45-336   116-419 (574)
     274 tr|A0A2H1W6Q0|A0A2H1W6Q0_SPOFR 100.0 7.7E-41 7.9E-47  283.4   0.0  286   49-338    68-363 (466)
     275 tr|A0A1V4KUV7|A0A1V4KUV7_PATFA 100.0 7.7E-41   8E-47  273.5   0.0  304   48-353   115-427 (450)
     276 UniRef100_A0A0P7U0M1 Galanin r 100.0 8.2E-41 8.4E-47  273.3   0.0  287   50-338   139-434 (475)
     277 UniRef100_A0A060XP11 G_PROTEIN 100.0 8.5E-41 8.7E-47  287.9   0.0  279   50-338    89-392 (497)
     278 UniRef100_A0A023F452 Putative  100.0 8.8E-41   9E-47  292.9   0.0  289   42-338   130-538 (660)
     279 UniRef100_A0A067RG65 Neuropept 100.0   9E-41 9.2E-47  284.7   0.0  289   45-335    81-391 (509)
     280 UniRef100_A0A023FH63 Putative  100.0 9.2E-41 9.4E-47  290.3   0.0  282   46-337   120-439 (563)
     281 ERR1719361_2001115             100.0 9.9E-41   1E-46  281.2   0.0  292   44-335    17-321 (415)
     282 UniRef100_A0A084VLD5 AGAP00422 100.0   1E-40   1E-46  288.8   0.0  281   46-336   238-593 (695)
     283 UniRef100_A0A678XEL8 Trace ami 100.0   1E-40 1.1E-46  286.8   0.0  297   37-339    41-357 (523)
     284 UniRef100_A0A1I8HKX2 G_PROTEIN 100.0   1E-40 1.1E-46  283.6   0.0  281   49-339    38-412 (442)
     285 UniRef100_A0A0L8I0T4 G_PROTEIN 100.0   1E-40 1.1E-46  287.0   0.0  280   52-338   134-496 (554)
     286 UniRef100_A0A016SJ65 Thyrolibe 100.0 1.1E-40 1.2E-46  288.9   0.0  289   43-336    75-394 (479)
     287 UniRef100_A0A067RDC3 Prolactin 100.0 1.2E-40 1.2E-46  285.1   0.0  288   46-337    59-355 (541)
     288 tr|K7GCC3|K7GCC3_PELSI Adrenoc 100.0 1.2E-40 1.2E-46  278.3   0.0  293   43-339    33-364 (488)
     289 UniRef100_A0A4W2H4G2 Somatosta 100.0 1.2E-40 1.3E-46  266.8   0.0  287   49-338    39-325 (463)
     290 tr|A0A0P7V5N2|A0A0P7V5N2_9TELE 100.0 1.2E-40 1.3E-46  280.5   0.0  291   44-339    84-402 (468)
     291 UniRef100_A0A096NAQ2 Cholecyst 100.0 1.3E-40 1.3E-46  288.1   0.0  284   52-337   151-500 (617)
     292 UniRef100_A0A0N7ZAP9 G_PROTEIN 100.0 1.4E-40 1.4E-46  282.6   0.0  292   44-340    69-368 (421)
     293 UniRef100_A0A060VNF4 G_PROTEIN 100.0 1.4E-40 1.4E-46  287.8   0.0  286   51-338   130-431 (566)
     294 UniRef100_A0A6S7JE64 Neuropept 100.0 1.6E-40 1.7E-46  279.3   0.0  285   48-338    31-321 (412)
     295 UniRef100_A0A1S2ZMW0 LOW QUALI 100.0 1.7E-40 1.7E-46  273.5   0.0  285   49-337   168-453 (520)
     296 tr|F7E6B1|F7E6B1_MONDO Tachyki 100.0 1.7E-40 1.8E-46  276.7   0.0  297   39-338    81-384 (475)
     297 tr|A0A0L0BYA7|A0A0L0BYA7_LUCCU 100.0 1.8E-40 1.8E-46  284.8   0.0  277   51-337   310-625 (678)
     298 UniRef100_A0A7M7SYV2 G_PROTEIN 100.0 1.8E-40 1.8E-46  288.2   0.0  272   54-336    70-396 (630)
     299 UniRef100_A0A1B6HDB2 G_PROTEIN 100.0 1.8E-40 1.9E-46  266.0   0.0  286   52-339    12-307 (360)
     300 tr|A0A2B4SAJ4|A0A2B4SAJ4_STYPI 100.0 1.8E-40 1.9E-46  281.4   0.0  288   44-334    21-329 (434)
     301 tr|A0A146YGA5|A0A146YGA5_FUNHE 100.0 1.9E-40 1.9E-46  291.6   0.0  287   48-340    27-342 (521)
     302 UniRef100_A0A0C9RF21 CapaR_3 p 100.0 1.9E-40 1.9E-46  284.2   0.0  292   44-338    44-356 (532)
     303 tr|A0A182L9N8|A0A182L9N8_9DIPT 100.0 1.9E-40   2E-46  283.3   0.0  290   46-337    83-381 (490)
     304 UniRef100_A0A0L8HHE2 G_PROTEIN 100.0 1.9E-40   2E-46  279.2   0.0  282   55-340     4-301 (385)
     305 UniRef100_A0A0S1YD99 Neuropept 100.0   2E-40   2E-46  272.5   0.0  285   50-336    74-370 (423)
     306 tr|A0A0L8FIS6|A0A0L8FIS6_OCTBM 100.0   2E-40 2.1E-46  280.1   0.0  287   54-341    93-423 (485)
     307 tr|A0A1W4X208|A0A1W4X208_AGRPL 100.0   2E-40 2.1E-46  276.0   0.0  288   47-336    90-391 (467)
     308 UniRef100_A0A060X1U9 G_PROTEIN 100.0   2E-40 2.1E-46  287.7   0.0  281   46-336   133-455 (633)
     309 UniRef100_A0A553Q836 G_PROTEIN 100.0 2.1E-40 2.2E-46  269.9   0.0  288   49-338    45-332 (536)
     310 UniRef100_A0A016T103 G_PROTEIN 100.0 2.1E-40 2.2E-46  292.6   0.0  274   57-340   116-477 (605)
     311 UniRef100_A0A3M6TAE6 G_PROTEIN 100.0 2.1E-40 2.2E-46  281.6   0.0  275   46-339    86-369 (443)
     312 UniRef100_A0A6P4Z684 G-protein 100.0 2.2E-40 2.3E-46  275.2   0.0  286   49-336    49-344 (425)
     313 tr|A0A2B4SUH3|A0A2B4SUH3_STYPI 100.0 2.3E-40 2.3E-46  278.7   0.0  281   50-338    24-331 (385)
     314 UniRef100_A0A068WKU9 Neuropept 100.0 2.3E-40 2.4E-46  280.6   0.0  285   47-336    68-365 (451)
     315 tr|A0A210QY69|A0A210QY69_MIZYE 100.0 2.3E-40 2.4E-46  268.8   0.0  296   43-339    78-378 (400)
     316 UniRef100_A0A074ZKD6 G_PROTEIN 100.0 2.3E-40 2.4E-46  278.5   0.0  296   44-339   143-459 (521)
     317 tr|A0A2B4SSL5|A0A2B4SSL5_STYPI 100.0 2.5E-40 2.5E-46  266.6   0.0  292   46-341    16-312 (344)
     318 tr|A0A2B4RYF4|A0A2B4RYF4_STYPI 100.0 2.6E-40 2.6E-46  274.0   0.0  282   50-336    23-309 (402)
     319 tr|A0A1L8HND2|A0A1L8HND2_XENLA 100.0 2.6E-40 2.7E-46  277.8   0.0  285   50-336   127-425 (452)
     320 UniRef100_UPI000B911B64 melato 100.0 2.6E-40 2.7E-46  282.3   0.0  279   51-338    28-344 (381)
     321 UniRef100_A0A060YWD0 G_PROTEIN 100.0 2.8E-40 2.9E-46  282.3   0.0  293   47-339   168-463 (544)
     322 tr|A0A147AXX1|A0A147AXX1_FUNHE 100.0   3E-40 3.1E-46  274.6   0.0  287   47-337    33-328 (490)
     323 UniRef100_A0A193KU97 GCR058 n= 100.0   3E-40 3.1E-46  271.4   0.0  285   51-338    25-331 (379)
     324 UniRef100_A0A059ZY04 Angiotens 100.0 3.1E-40 3.2E-46  289.8   0.0  284   46-339   163-455 (546)
     325 UniRef100_A0A068YA15 Neuropept 100.0 3.2E-40 3.3E-46  281.5   0.0  281   50-332    71-389 (510)
     326 UniRef100_A0A2B4S7A4 Alpha-1A  100.0 3.4E-40 3.5E-46  277.6   0.0  267   49-338    37-309 (392)
     327 UniRef100_UPI000219022F Endoly 100.0 3.4E-40 3.5E-46  274.9   0.0  285   52-340   201-488 (507)
     328 UniRef100_A0A076YJT8 Chemokine 100.0 3.4E-40 3.5E-46  283.3   0.0  280   49-338   158-444 (493)
     329 tr|A0A2B4SNZ1|A0A2B4SNZ1_STYPI 100.0 3.5E-40 3.5E-46  280.5   0.0  286   46-338    26-319 (351)
     330 UniRef100_A0A3M6T8F5 G_PROTEIN 100.0 3.6E-40 3.7E-46  294.2   0.0  288   48-339    98-396 (523)
     331 tr|W5MC67|W5MC67_LEPOC Pyroglu 100.0 3.7E-40 3.8E-46  272.4   0.0  287   45-333    47-354 (441)
     332 UniRef100_A0A2B4RXD1 Neuropept 100.0 3.7E-40 3.8E-46  280.8   0.0  282   49-336    92-380 (461)
     333 tr|W4YJK4|W4YJK4_STRPU Unchara 100.0   4E-40 4.1E-46  280.3   0.0  283   46-339    64-370 (446)
     334 UniRef100_UPI00140407B6 somato 100.0 4.1E-40 4.3E-46  262.5   0.0  283   49-337    34-317 (443)
     335 tr|A0A1D2MSE1|A0A1D2MSE1_ORCCI 100.0 4.2E-40 4.3E-46  289.8   0.0  287   45-335   104-403 (615)
     336 tr|A0A0V1MVC7|A0A0V1MVC7_9BILA 100.0 4.4E-40 4.5E-46  284.8   0.0  288   47-336    76-376 (598)
     337 tr|A0A183TGM8|A0A183TGM8_SCHSO 100.0 4.8E-40 4.9E-46  275.3   0.0  299   39-337    52-371 (446)
     338 UniRef100_A0A087XT11 Alpha-1B  100.0 4.9E-40   5E-46  280.6   0.0  285   45-339    73-405 (622)
     339 UniRef100_A0A060ILH2 Neuromedi 100.0 4.9E-40 5.1E-46  283.3   0.0  284   52-338   177-477 (606)
     340 tr|A0A060X5F3|A0A060X5F3_ONCMY 100.0   5E-40 5.1E-46  297.6   0.0  280   49-337   412-701 (840)
     341 UniRef100_A0A091R746 Beta-1 ad 100.0 5.1E-40 5.2E-46  281.5   0.0  281   54-338   137-452 (572)
     342 tr|W8B9D1|W8B9D1_CERCA 5-hydro 100.0 5.3E-40 5.4E-46  281.4   0.0  295   38-339   249-627 (664)
     343 UniRef100_A0A3M6TPP0 G_PROTEIN 100.0 5.4E-40 5.6E-46  281.9   0.0  285   46-338    45-354 (424)
     344 UniRef100_A0A2B4SE17 Substance 100.0 5.6E-40 5.8E-46  289.1   0.0  291   46-337    59-364 (467)
     345 UniRef100_A0A2B4SJE7 Orexin re 100.0 5.6E-40 5.8E-46  283.5   0.0  287   47-336   130-429 (517)
     346 UniRef100_A0A0G3Y5J3 Peropsin  100.0 5.8E-40   6E-46  276.8   0.0  284   51-338    36-323 (363)
     347 UniRef100_A0A060W161 G_PROTEIN 100.0   6E-40 6.1E-46  295.3   0.0  279   49-336   166-453 (574)
     348 UniRef100_A0A060WMC3 Alpha-1D  100.0   6E-40 6.2E-46  279.8   0.0  280   51-339   110-433 (564)
     349 UniRef100_A0A060VWI9 G_PROTEIN 100.0   6E-40 6.2E-46  282.2   0.0  280   53-337    62-393 (579)
     350 UniRef100_A0A0N1PGA0 Octopamin 100.0 6.2E-40 6.3E-46  283.6   0.0  280   49-336   105-490 (547)
     351 tr|A0A2B4SKI0|A0A2B4SKI0_STYPI 100.0 6.2E-40 6.3E-46  281.6   0.0  279   50-333    96-393 (458)
     352 UniRef100_A0A6P8IFK2 neuromedi 100.0 6.2E-40 6.3E-46  271.2   0.0  291   48-340    22-323 (363)
     353 UniRef100_A0A060VWE3 G_PROTEIN 100.0 6.4E-40 6.5E-46  292.5   0.0  284   46-335   140-429 (542)
     354 tr|A0A2B4RSD1|A0A2B4RSD1_STYPI 100.0 6.4E-40 6.6E-46  285.3   0.0  286   45-338    44-381 (430)
     355 UniRef100_A0A087QH91 Melanopsi 100.0 6.6E-40 6.8E-46  286.9   0.0  284   46-333    98-394 (629)
     356 tr|A0A0P6B3L3|A0A0P6B3L3_9CRUS 100.0 6.6E-40 6.8E-46  277.1   0.0  293   45-337    26-411 (623)
     357 UniRef100_A0A1S3HRK7 octopamin 100.0 7.2E-40 7.4E-46  281.3   0.0  280   52-337    65-349 (413)
     358 UniRef100_A0A0K0PUG3 Thyrolibe 100.0 7.2E-40 7.4E-46  284.7   0.0  289   45-338   208-521 (606)
     359 UniRef100_A0A0L8HMQ0 G_PROTEIN 100.0 7.5E-40 7.7E-46  281.1   0.0  300   36-338    33-347 (538)
     360 tr|J9JRI9|J9JRI9_ACYPI Unchara 100.0   8E-40 8.2E-46  273.6   0.0  289   46-336    29-331 (490)
     361 UniRef100_A0A060W5H6 G_PROTEIN 100.0   8E-40 8.2E-46  286.3   0.0  283   47-332    82-381 (528)
     362 UniRef100_A0A0D9R0U9 Apelin re 100.0   8E-40 8.2E-46  275.0   0.0  286   52-338    62-363 (482)
     363 tr|A0A287CUD4|A0A287CUD4_ICTTR 100.0 8.1E-40 8.3E-46  272.2   0.0  283   47-338    14-307 (478)
     364 tr|A0A2B4RR50|A0A2B4RR50_STYPI 100.0 8.1E-40 8.3E-46  272.2   0.0  296   45-344    23-331 (411)
     365 UniRef100_A0A6F9DUB2 Somatosta 100.0 8.1E-40 8.4E-46  273.6   0.0  282   50-333    61-348 (467)
     366 UniRef100_A0A060X7S9 B2 bradyk 100.0 8.2E-40 8.4E-46  281.6   0.0  282   53-338   115-405 (491)
     367 tr|A0A212C668|A0A212C668_CEREH 100.0 8.4E-40 8.6E-46  276.0   0.0  281   48-337   216-555 (558)
     368 UniRef100_A0A060VPX8 G_PROTEIN 100.0 8.5E-40 8.7E-46  295.3   0.0  276   52-337   133-417 (527)
     369 UniRef100_A0A2B4RFH8 Neuropept 100.0 8.6E-40 8.8E-46  288.3   0.0  288   49-337    62-365 (439)
     370 UniRef100_A0A026WC04 Dopamine  100.0 8.7E-40 8.9E-46  272.2   0.0  277   50-337    76-396 (468)
     371 UniRef100_A0A060VRN9 G_PROTEIN 100.0 8.8E-40 9.1E-46  279.5   0.0  285   44-338   128-430 (496)
     372 UniRef100_A0A0H3YI86 Pyrokinin 100.0 8.8E-40 9.1E-46  286.0   0.0  284   48-337    80-397 (510)
     373 tr|A0A091DQD0|A0A091DQD0_FUKDA 100.0 9.3E-40 9.6E-46  274.9   0.0  278   51-338   179-463 (499)
     374 UniRef100_A0A084WFJ7 AGAP00011 100.0 9.4E-40 9.7E-46  281.4   0.0  276   50-332    86-374 (519)
     375 tr|A0A2B4S4U3|A0A2B4S4U3_STYPI 100.0 9.5E-40 9.8E-46  264.3   0.0  292   46-339    20-323 (359)
     376 UniRef100_A0A2B4SJV4 Galanin r 100.0   1E-39   1E-45  285.8   0.0  284   50-337    73-365 (444)
     377 UniRef100_A0A087XFV2 5-hydroxy 100.0 1.1E-39 1.1E-45  277.3   0.0  296   46-344    78-402 (493)
     378 tr|A0A0N0BC55|A0A0N0BC55_9HYME 100.0 1.2E-39 1.2E-45  275.3   0.0  286   51-337   205-492 (615)
     379 UniRef100_A0A060WXX3 G-protein 100.0 1.2E-39 1.2E-45  287.3   0.0  278   48-333   156-448 (539)
     380 UniRef100_A0A0E3EKU4 Allatotro 100.0 1.3E-39 1.3E-45  274.3   0.0  289   45-338   125-431 (562)
     381 UniRef100_A0A218VDE9 Somatosta 100.0 1.3E-39 1.4E-45  266.4   0.0  286   48-337    20-306 (556)
     382 tr|A0A091DB56|A0A091DB56_FUKDA 100.0 1.3E-39 1.4E-45  265.9   0.0  291   47-337   159-452 (454)
     383 UniRef100_A0A026W4S0 Neuromedi 100.0 1.4E-39 1.4E-45  283.7   0.0  284   47-335    69-385 (604)
     384 UniRef100_A0A061IAU9 Gastric r 100.0 1.4E-39 1.4E-45  278.8   0.0  285   48-341   111-409 (588)
     385 UniRef100_A0A023F665 Putative  100.0 1.4E-39 1.5E-45  282.8   0.0  287   50-336   142-447 (573)
     386 tr|E6ZEU6|E6ZEU6_DICLA Neurome 100.0 1.5E-39 1.5E-45  277.3   0.0  287   51-340    88-396 (461)
     387 UniRef100_A0A2G8JD30 Putative  100.0 1.5E-39 1.5E-45  261.3   0.0  297   38-338    11-316 (323)
     388 tr|T1KTS6|T1KTS6_TETUR Unchara 100.0 1.7E-39 1.7E-45  278.9   0.0  290   45-336   113-416 (587)
     389 tr|A0A182QHF8|A0A182QHF8_9DIPT 100.0 1.7E-39 1.8E-45  277.1   0.0  285   47-335    96-403 (581)
     390 tr|A0A091DX38|A0A091DX38_FUKDA 100.0 1.8E-39 1.8E-45  284.7   0.0  288   50-340   141-430 (878)
     391 UniRef100_A0A7M7G1H5 G_PROTEIN 100.0 1.8E-39 1.8E-45  279.5   0.0  279   53-341    39-336 (381)
     392 tr|A0A146PN09|A0A146PN09_FUNHE 100.0 1.8E-39 1.9E-45  286.4   0.0  291   48-341    36-398 (432)
     393 UniRef100_A0A026WCQ7 Tyramine  100.0 1.8E-39 1.9E-45  292.7   0.0  280   49-340   181-589 (665)
     394 tr|A0A226N2C0|A0A226N2C0_CALSU 100.0 1.9E-39   2E-45  273.6   0.0  284   49-341   222-523 (569)
     395 UniRef100_A0A0L0C965 Tachykini 100.0 1.9E-39   2E-45  276.5   0.0  292   46-339   115-419 (611)
     396 UniRef100_A0A132AJH3 7 transme 100.0   2E-39   2E-45  277.8   0.0  289   45-336    62-384 (447)
     397 SRR6218665_1286431             100.0   2E-39   2E-45  268.9   0.0  289   49-337    45-339 (477)
     398 tr|A7SMQ7|A7SMQ7_NEMVE Predict 100.0   2E-39 2.1E-45  267.1   0.0  282   49-335     9-299 (358)
     399 UniRef100_A0A067R841 G_PROTEIN 100.0 2.1E-39 2.1E-45  281.5   0.0  290   49-338   104-409 (526)
     400 tr|A0A0B2UYY4|A0A0B2UYY4_TOXCA 100.0 2.1E-39 2.2E-45  272.5   0.0  292   50-342    81-389 (437)
     401 tr|A0A151NSA8|A0A151NSA8_ALLMI 100.0 2.2E-39 2.2E-45  271.0   0.0  279   44-332    81-368 (406)
     402 tr|I3KRG5|I3KRG5_ORENI FGFR1 o 100.0 2.3E-39 2.4E-45  278.0   0.0  275   52-335   148-446 (489)
     403 tr|A0A218UP03|A0A218UP03_9PASE 100.0 2.3E-39 2.4E-45  289.5   0.0  277   51-336   789-1072(1110)
     404 UniRef100_A0A061ACA9 G_PROTEIN 100.0 2.4E-39 2.4E-45  285.2   0.0  271   52-332    96-373 (513)
     405 UniRef100_A0A553R2N1 G_PROTEIN 100.0 2.4E-39 2.5E-45  260.3   0.0  285   50-337   125-409 (474)
     406 UniRef100_A0A0G2UQ37 Rhodopsin 100.0 2.4E-39 2.5E-45  275.0   0.0  291   38-332    83-389 (515)
     407 tr|A0A0N7ZC69|A0A0N7ZC69_9EUCA 100.0 2.5E-39 2.5E-45  262.8   0.0  292   45-337    60-355 (430)
     408 UniRef100_A0A0P7U357 Apelin re 100.0 2.5E-39 2.6E-45  270.6   0.0  281   48-337    54-342 (401)
     409 UniRef100_A0A023F4J9 Putative  100.0 2.5E-39 2.6E-45  282.1   0.0  274   52-333   157-487 (588)
     410 tr|C3Z3H5|C3Z3H5_BRAFL Unchara 100.0 2.6E-39 2.6E-45  264.7   0.0  287   50-338    79-374 (405)
     411 UniRef100_A0A1D2MZ73 Somatosta 100.0 2.6E-39 2.7E-45  270.3   0.0  290   50-339    67-382 (533)
     412 UniRef100_A0A060Y7B7 G_PROTEIN 100.0 2.6E-39 2.7E-45  280.5   0.0  288   45-341   109-552 (560)
     413 UniRef100_A0A3M6UKG3 G_PROTEIN 100.0 2.8E-39 2.9E-45  265.7   0.0  288   45-335    18-318 (378)
     414 tr|A0A0P7U113|A0A0P7U113_9TELE 100.0   3E-39 3.1E-45  272.6   0.0  271   49-332   145-415 (452)
     415 tr|A0A1S3NPB2|A0A1S3NPB2_SALSA 100.0   3E-39 3.1E-45  269.7   0.0  293   44-338    31-331 (443)
     416 tr|A7SIX0|A7SIX0_NEMVE Predict 100.0   3E-39 3.1E-45  267.7   0.0  294   43-339    16-319 (403)
     417 tr|A0A2D0SD29|A0A2D0SD29_ICTPU 100.0   3E-39 3.1E-45  271.1   0.0  278   51-337     4-307 (420)
     418 UniRef100_UPI0003F07467 orexin 100.0 3.1E-39 3.1E-45  277.4   0.0  292   38-332    64-409 (535)
     419 tr|A0A1S3FWK5|A0A1S3FWK5_DIPOR 100.0 3.1E-39 3.2E-45  278.5   0.0  284   48-341   413-732 (786)
     420 tr|M3ZYH7|M3ZYH7_XIPMA Unchara 100.0 3.3E-39 3.4E-45  270.7   0.0  290   44-341    78-376 (397)
     421 UniRef100_A0A068AZY5 Octopamin 100.0 3.4E-39 3.5E-45  299.0   0.0  183   50-239   172-356 (723)
     422 UniRef100_A0A060WUQ6 G-protein 100.0 3.5E-39 3.6E-45  272.5   0.0  283   50-336   137-426 (502)
     423 tr|H2Q292|H2Q292_PANTR Unchara 100.0 3.5E-39 3.6E-45  269.4   0.0  296   35-339    66-404 (492)
     424 UniRef100_A0A1I7STM2 (pine woo 100.0 3.6E-39 3.7E-45  275.9   0.0  294   43-337    72-385 (430)
     425 UniRef100_A0A0N1IB59 Orexin re 100.0 3.7E-39 3.8E-45  272.0   0.0  282   47-333   124-446 (546)
     426 tr|A7RYQ3|A7RYQ3_NEMVE Predict 100.0 3.8E-39 3.9E-45  273.8   0.0  292   39-340    39-337 (367)
     427 UniRef100_A0A3M6TV84 G_PROTEIN 100.0 3.8E-39 3.9E-45  272.5   0.0  283   48-339    42-338 (405)
     428 tr|C3YFL4|C3YFL4_BRAFL Unchara 100.0 3.8E-39 3.9E-45  270.1   0.0  297   45-342    87-388 (591)
     429 UniRef100_A0A023F664 Putative  100.0   4E-39 4.1E-45  272.1   0.0  296   41-339    70-381 (471)
     430 UniRef100_A0A1B0TJL6 Opsin Gq3 100.0   4E-39 4.1E-45  276.0   0.0  286   44-332    64-364 (589)
     431 UniRef100_A0A6P8IPF1 5-hydroxy 100.0   4E-39 4.1E-45  265.0   0.0  289   48-339    54-362 (403)
     432 tr|A0A067RDC3|A0A067RDC3_ZOONE 100.0 4.1E-39 4.3E-45  279.0   0.0  290   45-338    65-363 (506)
     433 UniRef100_A0A061QHX0 Putative  100.0 4.2E-39 4.3E-45  282.4   0.0  279   50-338   131-507 (563)
     434 tr|K1PQW2|K1PQW2_CRAGI Putativ 100.0 4.2E-39 4.3E-45  265.5   0.0  301   35-338    42-353 (437)
     435 tr|A0A061IHH7|A0A061IHH7_CRIGR 100.0 4.4E-39 4.5E-45  295.2   0.0  286   46-341   615-922 (934)
     436 tr|A0A1S3W6N0|A0A1S3W6N0_ERIEU 100.0 4.9E-39   5E-45  274.3   0.0  284   52-338   132-443 (596)
     437 UniRef100_A0A2G8KMT5 G_PROTEIN 100.0 4.9E-39   5E-45  270.4   0.0  271   53-334    38-323 (402)
     438 tr|A0A2B4S6X2|A0A2B4S6X2_STYPI 100.0 4.9E-39 5.1E-45  264.6   0.0  277   53-339    25-324 (379)
     439 tr|A0A2B4R9G2|A0A2B4R9G2_STYPI 100.0 4.9E-39 5.1E-45  268.2   0.0  282   47-335    56-346 (378)
     440 UniRef100_A0A060WAA0 NK-2 rece 100.0   5E-39 5.1E-45  267.6   0.0  292   44-337    64-363 (465)
     441 UniRef100_A0A060W714 Chemokine 100.0 5.1E-39 5.3E-45  278.8   0.0  276   47-333   117-392 (510)
     442 UniRef100_A0A026X164 G-protein 100.0 5.3E-39 5.5E-45  281.7   0.0  287   44-340   111-425 (604)
     443 UniRef100_A0A3M6UKX8 G_PROTEIN 100.0 5.4E-39 5.5E-45  280.7   0.0  288   50-338   117-420 (487)
     444 tr|A0A0R4IQ19|A0A0R4IQ19_DANRE 100.0 5.4E-39 5.6E-45  259.5   0.0  294   45-341    49-350 (384)
     445 tr|A0A151ITZ3|A0A151ITZ3_9HYME 100.0 5.5E-39 5.6E-45  272.0   0.0  288   47-339    63-420 (481)
     446 tr|A0A0P6C571|A0A0P6C571_9CRUS 100.0 5.5E-39 5.6E-45  270.4   0.0  291   44-336    48-443 (558)
     447 tr|A0A210R0K7|A0A210R0K7_MIZYE 100.0 5.7E-39 5.9E-45  268.4   0.0  282   51-334    73-421 (470)
     448 tr|L9JWP3|L9JWP3_TUPCH C-C che 100.0 5.8E-39   6E-45  284.3   0.0  277   50-337   386-668 (702)
     449 UniRef100_A0A068WTW9 Tachykini 100.0   6E-39 6.1E-45  269.5   0.0  286   44-334    38-355 (453)
     450 tr|A0A1S2ZMW0|A0A1S2ZMW0_ERIEU 100.0 6.1E-39 6.2E-45  259.0   0.0  285   49-337   155-440 (490)
     451 tr|A0A061ILI5|A0A061ILI5_CRIGR 100.0 6.1E-39 6.3E-45  267.6   0.0  288   49-338   195-491 (528)
     452 tr|A0A1I8N820|A0A1I8N820_MUSDO 100.0 6.1E-39 6.3E-45  281.5   0.0  275   51-334   304-633 (880)
     453 UniRef100_A0A2G8KTA9 Putative  100.0 6.2E-39 6.3E-45  278.6   0.0  276   54-340    51-346 (445)
     454 tr|A0A060XRS0|A0A060XRS0_ONCMY 100.0 6.2E-39 6.4E-45  283.9   0.0  287   46-342    50-379 (900)
     455 UniRef100_A0A060W247 Cholecyst 100.0 6.2E-39 6.4E-45  277.7   0.0  282   51-334   127-472 (563)
     456 UniRef100_A0A026W4F0 Octopamin 100.0 6.5E-39 6.6E-45  267.1   0.0  278   50-336    54-390 (445)
     457 ERR1719510_236906              100.0 6.7E-39 6.8E-45  280.5   0.0  291   46-340    77-375 (577)
     458 tr|A0A2C9GPU2|A0A2C9GPU2_ANOAR 100.0 7.4E-39 7.6E-45  284.5   0.0  285   45-334   316-632 (818)
     459 UniRef100_A0A087X9W8 G_PROTEIN 100.0 7.7E-39 7.9E-45  277.0   0.0  289   46-335   118-416 (547)
     460 UniRef100_A0A024R4J1 Formyl pe 100.0 7.8E-39   8E-45  290.6   0.0  276   50-334   171-451 (581)
     461 tr|A0A151NBW9|A0A151NBW9_ALLMI 100.0 8.1E-39 8.3E-45  270.8   0.0  284   49-336    78-389 (472)
     462 UniRef100_A0A6F9DHX0 Uncharact 100.0 8.1E-39 8.3E-45  283.1   0.0  286   51-336    61-458 (581)
     463 UniRef100_A0A026VXG0 Octopamin 100.0 8.2E-39 8.4E-45  281.9   0.0  279   48-335    78-537 (647)
     464 UniRef100_A0A0P6J0T1 Putative  100.0 8.2E-39 8.4E-45  284.7   0.0  281   49-334   100-405 (735)
     465 UniRef100_A0A067RKH6 Putative  100.0 8.4E-39 8.6E-45  279.1   0.0  286   47-336    92-410 (501)
     466 tr|A0A210QNG6|A0A210QNG6_MIZYE 100.0 8.8E-39   9E-45  271.8   0.0  301   37-341    26-342 (498)
     467 UniRef100_A0A6P4ZET1 somatosta 100.0 8.9E-39 9.1E-45  251.8   0.0  279   50-332     8-288 (346)
     468 UniRef100_A0A340X578 LOW QUALI 100.0 8.9E-39 9.1E-45  274.1   0.0  296   51-349   236-533 (656)
     469 tr|A0A0P7TYE1|A0A0P7TYE1_9TELE 100.0 9.3E-39 9.6E-45  270.4   0.0  281   51-333   123-468 (507)
     470 UniRef100_A0A0L7QPT9 Green-sen 100.0 9.4E-39 9.6E-45  272.8   0.0  283   45-335    75-359 (445)
     471 UniRef100_A0A060XSH0 G_PROTEIN 100.0 9.4E-39 9.7E-45  282.5   0.0  285   51-339   146-435 (590)
     472 tr|A7S585|A7S585_NEMVE Predict 100.0 9.5E-39 9.7E-45  267.6   0.0  293   46-340    19-327 (374)
     473 tr|A0A182FRI7|A0A182FRI7_ANOAL 100.0 9.6E-39 9.8E-45  285.8   0.0  185   47-239   108-296 (677)
     474 UniRef100_A0A060VTR1 G_PROTEIN 100.0 9.6E-39 9.9E-45  276.2   0.0  279   49-337   117-439 (619)
     475 tr|R4J1H6|R4J1H6_SALSA Cholecy 100.0   1E-38 1.1E-44  264.9   0.0  283   51-335    46-403 (461)
     476 UniRef100_A0A0K8WE72 5-hydroxy 100.0 1.1E-38 1.1E-44  277.7   0.0  285   45-336   262-622 (662)
     477 tr|A0A1S3IXU4|A0A1S3IXU4_LINUN 100.0 1.1E-38 1.1E-44  266.1   0.0  284   47-337    53-344 (440)
     478 tr|A0A1V4JMN9|A0A1V4JMN9_PATFA 100.0 1.1E-38 1.1E-44  269.2   0.0  284   46-333    87-416 (537)
     479 tr|A7SFG7|A7SFG7_NEMVE Predict 100.0 1.1E-38 1.1E-44  264.3   0.0  286   45-335    17-309 (364)
     480 tr|A0A1S2ZIZ2|A0A1S2ZIZ2_ERIEU 100.0 1.2E-38 1.2E-44  270.6   0.0  295   39-337   188-530 (620)
     481 tr|B4NHE1|B4NHE1_DROWI Unchara 100.0 1.2E-38 1.2E-44  272.1   0.0  289   47-339   145-455 (565)
     482 UniRef100_A0A0L0C8J1 G_PROTEIN 100.0 1.2E-38 1.2E-44  272.2   0.0  286   51-336   275-566 (698)
     483 tr|C3XVU5|C3XVU5_BRAFL Unchara 100.0 1.3E-38 1.3E-44  264.9   0.0  281   50-336    60-354 (439)
     484 tr|A0A212EZN3|A0A212EZN3_DANPL 100.0 1.3E-38 1.3E-44  269.6   0.0  288   45-336    48-352 (488)
     485 tr|A7SFM3|A7SFM3_NEMVE Predict 100.0 1.3E-38 1.3E-44  270.5   0.0  289   46-336    33-335 (356)
     486 tr|A0A1D1V6H4|A0A1D1V6H4_RAMVA 100.0 1.3E-38 1.4E-44  268.8   0.0  291   45-337    55-372 (498)
     487 UniRef100_A0A026WJE1 Neuropept 100.0 1.4E-38 1.4E-44  275.5   0.0  289   49-338   116-440 (606)
     488 tr|A0A0P6HXT6|A0A0P6HXT6_9CRUS 100.0 1.4E-38 1.4E-44  265.6   0.0  291   44-336   145-443 (447)
     489 tr|A0A232F8D2|A0A232F8D2_9HYME 100.0 1.4E-38 1.4E-44  268.3   0.0  288   44-335    64-367 (478)
     490 UniRef100_A0A061QLL1 Putative  100.0 1.4E-38 1.4E-44  269.0   0.0  284   45-338    39-421 (424)
     491 UniRef100_A0A091M113 GH-releas 100.0 1.4E-38 1.5E-44  264.2   0.0  293   47-340    76-380 (478)
     492 UniRef100_A0A060XSS1 5-hydroxy 100.0 1.5E-38 1.5E-44  288.7   0.0  282   52-338   211-551 (704)
     493 UniRef100_A0A026VW91 Neuropept 100.0 1.6E-38 1.6E-44  266.3   0.0  284   48-334   185-482 (582)
     494 UniRef100_A0A3Q0GLD8 galanin r 100.0 1.6E-38 1.6E-44  258.9   0.0  298   37-337   137-437 (499)
     495 tr|A0A1S3NAI3|A0A1S3NAI3_SALSA 100.0 1.6E-38 1.6E-44  261.5   0.0  288   48-338    92-386 (439)
     496 tr|W4Z3I5|W4Z3I5_STRPU Unchara 100.0 1.6E-38 1.6E-44  265.6   0.0  295   40-337    37-392 (461)
     497 UniRef100_A0A3M6UBA2 G_PROTEIN 100.0 1.6E-38 1.6E-44  268.0   0.0  282   50-339    48-341 (383)
     498 UniRef100_A0A067R4E0 Tachykini 100.0 1.6E-38 1.7E-44  266.0   0.0  284   45-332    43-338 (396)
     499 UniRef100_A0A3S3NDJ8 Somatosta 100.0 1.7E-38 1.7E-44  255.5   0.0  284   53-340     8-301 (311)
     500 UniRef100_A0A0L8H5P3 G_PROTEIN 100.0 1.7E-38 1.7E-44  271.3   0.0  280   45-336    68-370 (496)
     
  > Uniprot already searched, skipping.
/projects/ilfgrid/apps/alphafold-2.2.0/prep_MSAs.sh: line 93: /bin/hmmbuild: No such file or directory
/projects/ilfgrid/apps/alphafold-2.2.0/prep_MSAs.sh: line 94: /bin/hmmsearch: No such file or directory
> Running chain B
  > Uniref90 already searched, skipping.
  > Mgnify already searched, skipping.
  > Running hhblits on bfd_uniref30
- 06:45:41.644 INFO: Searching 65983866 column state sequences.

- 06:45:42.707 INFO: Searching 29291635 column state sequences.

- 06:45:42.741 INFO: oprx_human-1688/msas/B/chain_B.fasta is in A2M, A3M or FASTA format

- 06:45:42.741 INFO: Iteration 1

- 06:45:42.748 INFO: Prefiltering database

- 06:46:20.909 INFO: HMMs passed 1st prefilter (gapless profile-profile alignment)  : 136633

- 06:46:41.824 INFO: HMMs passed 1st prefilter (gapless profile-profile alignment)  : 92495

- 06:46:41.961 INFO: HMMs passed 2nd prefilter (gapped profile-profile alignment)   : 239

- 06:46:41.961 INFO: HMMs passed 2nd prefilter and not found in previous iterations : 239

- 06:46:41.961 INFO: Scoring 239 HMMs using HMM-HMM Viterbi alignment

- 06:46:42.009 INFO: Alternative alignment: 0

- 06:46:43.165 INFO: 239 alignments done

- 06:46:43.166 INFO: Alternative alignment: 1

- 06:46:43.174 INFO: 212 alignments done

- 06:46:43.174 INFO: Alternative alignment: 2

- 06:46:43.175 INFO: 1 alignments done

- 06:46:43.175 INFO: Alternative alignment: 3

- 06:46:43.285 INFO: Premerge done

- 06:46:43.286 INFO: Realigning 238 HMM-HMM alignments using Maximum Accuracy algorithm

- 06:46:43.494 INFO: 22 sequences belonging to 22 database HMMs found with an E-value < 0.001

- 06:46:43.494 INFO: Number of effective sequences of resulting query HMM: Neff = 3.77976

- 06:46:43.506 INFO: Iteration 2

- 06:46:43.506 INFO: Set premerge to 0! (premerge: 3 iteration: 2 hits.Size: 19)

- 06:46:43.515 INFO: Prefiltering database

- 06:47:18.513 INFO: HMMs passed 1st prefilter (gapless profile-profile alignment)  : 117561

- 06:47:36.808 INFO: HMMs passed 1st prefilter (gapless profile-profile alignment)  : 84771

- 06:47:36.916 INFO: HMMs passed 2nd prefilter (gapped profile-profile alignment)   : 226

- 06:47:36.916 INFO: HMMs passed 2nd prefilter and not found in previous iterations : 207

- 06:47:36.916 INFO: Scoring 207 HMMs using HMM-HMM Viterbi alignment

- 06:47:36.971 INFO: Alternative alignment: 0

- 06:47:37.356 INFO: 207 alignments done

- 06:47:37.356 INFO: Alternative alignment: 1

- 06:47:37.360 INFO: 99 alignments done

- 06:47:37.361 INFO: Alternative alignment: 2

- 06:47:37.361 INFO: 1 alignments done

- 06:47:37.361 INFO: Alternative alignment: 3

- 06:47:37.382 INFO: Realigning 201 HMM-HMM alignments using Maximum Accuracy algorithm

- 06:47:37.420 INFO: 37 sequences belonging to 37 database HMMs found with an E-value < 0.001

- 06:47:37.420 INFO: Number of effective sequences of resulting query HMM: Neff = 3.94681

- 06:47:37.426 INFO: Iteration 3

- 06:47:37.436 INFO: Prefiltering database

- 06:48:10.637 INFO: HMMs passed 1st prefilter (gapless profile-profile alignment)  : 114556

- 06:48:26.357 INFO: HMMs passed 1st prefilter (gapless profile-profile alignment)  : 83321

- 06:48:26.445 INFO: HMMs passed 2nd prefilter (gapped profile-profile alignment)   : 236

- 06:48:26.445 INFO: HMMs passed 2nd prefilter and not found in previous iterations : 202

- 06:48:26.445 INFO: Scoring 202 HMMs using HMM-HMM Viterbi alignment

- 06:48:26.490 INFO: Alternative alignment: 0

- 06:48:26.545 INFO: 202 alignments done

- 06:48:26.545 INFO: Alternative alignment: 1

- 06:48:26.549 INFO: 106 alignments done

- 06:48:26.549 INFO: Alternative alignment: 2

- 06:48:26.549 INFO: Alternative alignment: 3

- 06:48:26.566 INFO: Rescoring previously found HMMs with Viterbi algorithm

- 06:48:26.594 INFO: Alternative alignment: 0

- 06:48:26.596 INFO: 34 alignments done

- 06:48:26.596 INFO: Alternative alignment: 1

- 06:48:26.598 INFO: 34 alignments done

- 06:48:26.598 INFO: Alternative alignment: 2

- 06:48:26.598 INFO: 1 alignments done

- 06:48:26.598 INFO: Alternative alignment: 3

- 06:48:26.615 INFO: Premerge done

- 06:48:26.615 INFO: Realigning 231 HMM-HMM alignments using Maximum Accuracy algorithm

- 06:48:26.647 INFO: 38 sequences belonging to 38 database HMMs found with an E-value < 0.001

- 06:48:26.647 INFO: Number of effective sequences of resulting query HMM: Neff = 3.94681

     Query         nociceptin/orphanin FQ gtp:1688
     Match_columns 17
     No_of_seqs    18 out of 350
     Neff          3.94681
     Searched_HMMs 488
     Date          Thu Mar  9 06:48:26 2023
     Command       hhblits -i oprx_human-1688/msas/B/chain_B.fasta -cpu 4 -maxmem 20 -oa3m /projects/ilfgrid/people/nqz918/code/deorph/scripts/af_arman/af_jobs_af23/oprx_human/1688//oprx_human-1688/msas/B/bfd_uniref_hits.a3m -o /dev/null -n 3 -e 0.001 -maxseq 1000000 -realign_max 100000 -maxfilt 100000 -min_prefilter_hits 1000 -d /projects/ilfgrid/data/alphafold-genetic-databases///bfd/bfd_metaclust_clu_complete_id30_c90_final_seq.sorted_opt -d /projects/ilfgrid/data/alphafold-genetic-databases///uniref30/UniRef30_2021_03 
     
      No Hit                             Prob E-value P-value  Score    SS Cols Query HMM  Template HMM
       1 UniRef100_A0A060XB05 Uncharact  98.5 1.8E-09 2.9E-15   64.3   0.0   17    1-17    258-274 (331)
       2 tr|A0A146VU64|A0A146VU64_FUNHE  98.1 5.5E-08 6.7E-14   59.7   0.0   17    1-17    310-326 (359)
       3 UniRef100_A0A226N006 Uncharact  97.9 2.6E-07 3.1E-13   52.2   0.0   17    1-17     97-113 (145)
       4 UniRef100_A0A6F9BFL4 Uncharact  97.9 5.4E-07 5.9E-13   45.5   0.0   17    1-17     11-27  (59)
       5 tr|A0A096LW60|A0A096LW60_POEFO  97.8 5.6E-07 7.1E-13   54.8   0.0   17    1-17    245-261 (297)
       6 UniRef100_A0A060Z5K8 Uncharact  97.8 8.3E-07 9.8E-13   51.7   0.0   17    1-17    132-148 (183)
       7 UniRef100_P55791 Nociceptin n=  97.7 1.3E-06 1.4E-12   35.9   0.0   17    1-17      1-17  (17)
       8 UniRef100_A0A3N0YB28 Prepronoc  97.6 3.9E-06   4E-12   44.8   0.0   17    1-17     32-48  (84)
       9 tr|F6NZV3|F6NZV3_DANRE Prepron  97.6 3.4E-06 4.1E-12   51.4   0.0   17    1-17    229-245 (277)
      10 UniRef100_A0A3P9NB32 Prepronoc  97.5 6.1E-06 6.9E-12   51.9   0.0   17    1-17    327-343 (377)
      11 UniRef100_A0A7L3JGD5 PNOC prot  97.5 7.8E-06 8.1E-12   44.9   0.0   17    1-17     55-71  (103)
      12 UniRef100_A0A060Y6D8 Uncharact  97.4 1.4E-05 1.5E-11   44.8   0.0   17    1-17     69-85  (119)
      13 UniRef100_A0A437BZT5 Uncharact  97.3 1.9E-05   2E-11   42.9   0.0   17    1-17     42-58  (92)
      14 UniRef100_UPI000FD6240D prepro  97.3   2E-05   2E-11   45.0   0.0   17    1-17     89-105 (137)
      15 UniRef100_A0A674GFJ3 Uncharact  97.3 2.6E-05 2.6E-11   45.8   0.0   17    1-17    129-145 (175)
      16 UniRef100_A0A4W6G3Q4 Prepronoc  97.2 2.6E-05 2.8E-11   48.7   0.0   17    1-17    278-294 (327)
      17 UniRef100_A0A5N5N5B5 Uncharact  97.2 2.8E-05 3.1E-11   48.8   0.0   17    1-17    292-308 (341)
      18 UniRef100_A0A674J3L8 Uncharact  97.2   3E-05 3.5E-11   46.4   0.0   17    1-17    156-172 (206)
      19 UniRef100_UPI0019614F75 prepro  97.1   5E-05 5.2E-11   44.8   0.0   17    1-17    129-145 (178)
      20 UniRef100_UPI000FCD4A78 prepro  97.0 8.6E-05 8.8E-11   45.1   0.0   17    1-17    127-143 (229)
      21 UniRef100_A0A023Y9C1 Prepronoc  97.0 8.2E-05 9.3E-11   42.7   0.0   17    1-17     87-103 (133)
      22 UniRef100_A6MN60 PNOC (Fragmen  96.9 0.00015 1.7E-10   40.0   0.0   17    1-17     78-94  (95)
      23 tr|L9KIL7|L9KIL7_TUPCH Prepron  96.9 0.00016 1.8E-10   44.1   0.0   17    1-17    180-196 (226)
      24 tr|B7ZMX9|B7ZMX9_MOUSE Pnoc pr  96.7 0.00029 3.4E-10   42.8   0.0   17    1-17    141-157 (212)
      25 UniRef100_A0A091E404 Prepronoc  96.7 0.00034 3.9E-10   43.6   0.0   17    1-17    197-213 (268)
      26 UniRef100_A0A091E7G7 Prepronoc  96.4  0.0014 1.4E-09   36.1   0.0   17    1-17     39-55  (85)
      27 UniRef100_A0A0H4CWD9 Prepronoc  96.3  0.0016 1.7E-09   38.9   0.0   17    1-17     95-111 (166)
      28 UniRef100_A0A3Q2I1M4 Prepronoc  96.2  0.0024 2.7E-09   40.4   0.0   17    1-17    203-219 (274)
      29 UniRef100_G1S3Q0 Uncharacteriz  96.2  0.0026 2.7E-09   36.5   0.0   17    1-17     68-84  (114)
      30 UniRef100_A0A4W3IWF1 Uncharact  95.8  0.0058 6.9E-09   38.3   0.0   16    1-16    183-198 (234)
      31 UniRef100_UPI001455902D prepro  95.4   0.017 1.8E-08   36.8   0.0   17    1-17    154-170 (261)
      32 UniRef100_UPI001454EC7F prepro  95.3   0.023 2.4E-08   37.3   0.0   17    1-17    154-170 (345)
      33 UniRef100_G3X006 Prepronocicep  95.2   0.024 2.4E-08   35.9   0.0   17    1-17    186-202 (239)
      34 UniRef100_A0A7J7XJ42 Prepronoc  95.2   0.026 2.8E-08   35.2   0.0   17    1-17    128-144 (199)
      35 UniRef100_A0A6B0RIB9 Uncharact  95.1   0.029   3E-08   36.8   0.0   17    1-17    130-146 (333)
      36 UniRef100_A0A4W2EN61 Uncharact  95.1   0.032 3.3E-08   36.6   0.0   17    1-17    291-307 (337)
      37 UniRef100_A0A091RL10 Prepronoc  93.0    0.33 3.4E-07   29.6   0.0   13    1-13    121-133 (134)
      38 UniRef100_L7P5V2 Ribosomal pro  89.1     2.2 2.3E-06   21.9   0.0   15    3-17     14-28  (36)
      39 ERR1700756_3882585              87.9       3 3.2E-06   25.8   0.0   17    1-17     40-56  (120)
      40 UniRef100_A0A7V9J745 Uncharact  87.4     3.6 3.7E-06   24.1   0.0   15    3-17     67-81  (81)
      41 UniRef100_A0A1V4KN84 Uncharact  85.3     5.8 5.9E-06   23.5   0.0   17    1-17     11-27  (83)
      42 UniRef100_X8AIY8 Uncharacteriz  84.9     6.2 6.4E-06   22.0   0.0   16    1-16      8-23  (54)
      43 ERR1035437_3489226              84.6     6.4 6.8E-06   25.9   0.0   14    3-16    104-117 (180)
      44 SRR6202050_292082               83.7     7.4   8E-06   24.8   0.0   14    4-17     40-53  (136)
      45 SRR5262245_40553847             83.7     5.6   8E-06   24.6   0.0   15    1-15     27-41  (130)
      46 SRR5260370_2930209              82.7     8.1 9.6E-06   24.8   0.0   17    1-17      6-22  (147)
      47 UniRef100_A0A2X0NDH5 BZ3500_Mv  82.5     9.6 9.9E-06   21.5   0.0   11    1-11     38-48  (56)
      48 UniRef100_A0A2E0IF57 Uncharact  81.1      12 1.2E-05   21.8   0.0   15    1-15     21-35  (67)
      49 UniRef100_A0A517XSY3 Uncharact  80.2      13 1.4E-05   23.0   0.0   13    3-15     75-87  (106)
      50 UniRef100_A0A161I4A4 Uncharact  80.2      13 1.4E-05   19.6   0.0    9    5-13     24-32  (37)
      51 UniRef100_A0A0A8ELJ8 Uncharact  79.9      14 1.4E-05   21.1   0.0   15    1-15     32-46  (59)
      52 UniRef100_A0A7S4RZW6 Hypotheti  79.8      14 1.5E-05   23.8   0.0   16    1-16     87-102 (136)
      53 UniRef100_A0A661T6L5 Uncharact  79.6      15 1.5E-05   21.7   0.0   14    3-16     17-30  (72)
      54 UniRef100_A0A066V2X5 Uncharact  79.4      15 1.5E-05   21.2   0.0   17    1-17     27-43  (63)
      55 UniRef100_UPI000F874FE4 hypoth  79.4      15 1.5E-05   21.5   0.0   16    1-16     15-30  (69)
      56 UniRef100_A0A0F9HTQ4 Uncharact  79.0      16 1.6E-05   21.7   0.0   15    1-15      7-21  (74)
      57 UniRef100_A0A165WTF4 Uncharact  78.6      16 1.7E-05   22.6   0.0   14    4-17     33-46  (103)
      58 UniRef100_A0A5F7ZCN3 Coiled-co  78.1      17 1.8E-05   22.7   0.0   13    2-14     33-45  (109)
      59 SRR6185437_8548961              78.0      14 1.8E-05   25.6   0.0   16    1-16      6-21  (267)
      60 SRR5262245_44008771             77.8      16 1.9E-05   24.9   0.0   15    1-15     97-111 (220)
      61 UniRef100_A0A2M7KH71 Histidine  77.7      18 1.9E-05   23.9   0.0   15    1-15     73-87  (166)
      62 UniRef100_A0A2T5IMU7 Uncharact  77.3      19   2E-05   20.3   0.0   13    1-13      7-19  (52)
      63 UniRef100_A0A1H4GLF2 Uncharact  76.9      20 2.1E-05   19.7   0.0   12    4-15      8-19  (45)
      64 UniRef100_A0A0D0CL74 Unplaced   76.6      21 2.1E-05   21.8   0.0   10    7-16     37-46  (88)
      65 UniRef100_A0A1F5NUM2 Uncharact  76.4      21 2.2E-05   25.5   0.0   14    2-15     33-46  (327)
      66 SRR5687768_10604668             75.7      21 2.4E-05   23.5   0.0   16    1-16    131-146 (152)
      67 UniRef100_A0A061D4H0 Uncharact  75.2      21 2.5E-05   27.3   0.0   16    1-16    609-624 (633)
      68 SRR5258708_15295248             74.3      23 2.7E-05   24.8   0.0   16    1-16     32-47  (266)
      69 SRR5690606_36366088             74.1      24 2.8E-05   23.3   0.0   14    1-14      8-21  (158)
      70 UniRef100_A0A0M3IUQ8 Uncharact  74.0      27 2.8E-05   19.1   0.0   12    1-12     26-37  (43)
      71 UniRef100_A0A6H9VMY3 Uncharact  73.8      28 2.9E-05   16.8   0.0   14    1-14      7-20  (21)
      72 UniRef100_A0A7R9W064 Hypotheti  71.9      33 3.4E-05   23.1   0.0   14    3-16     18-31  (178)
      73 UniRef100_A0A1V4S710 Uncharact  71.8      34 3.5E-05   20.7   0.0   12    4-15     40-51  (79)
      74 UniRef100_A0A0R2J5B1 Uncharact  70.5      38 3.9E-05   22.3   0.0   16    1-16    118-133 (144)
      75 UniRef100_A0A1M7RRT5 Uncharact  70.1      39   4E-05   21.1   0.0   12    5-16     79-90  (96)
      76 UniRef100_A0A2Z3QYP3 Uncharact  69.5      41 4.3E-05   21.7   0.0   15    2-16     67-81  (123)
      77 ERR1700733_10270301             69.4      34 4.3E-05   22.9   0.0   16    1-16      4-19  (169)
      78 SRR5690606_24090083             69.2      40 4.3E-05   22.9   0.0   15    1-15     21-35  (182)
      79 SRR5437016_9318168              69.2      40 4.4E-05   22.3   0.0   13    1-13    119-131 (145)
      80 ERR1712204_18485                68.9      41 4.5E-05   21.6   0.0   15    1-15     80-94  (117)
      81 ERR1740130_1996178              68.6      42 4.6E-05   22.6   0.0   16    1-16      9-24  (169)
      82 SRR5712671_6646026              68.5      44 4.6E-05   21.9   0.0   15    2-16     28-42  (133)
      83 SRR5216683_5803357              68.2      43 4.7E-05   22.3   0.0   17    1-17     41-57  (154)
      84 SRR5579859_3668692              67.7      45 4.9E-05   22.3   0.0   14    3-16     27-40  (154)
      85 UniRef100_A0A7V3H357 Uncharact  67.7      48 4.9E-05   20.3   0.0   13    3-15     26-38  (81)
      86 SRR6478609_10297323             67.7      44 4.9E-05   22.0   0.0   15    2-16      4-18  (140)
      87 UniRef100_A0A7G2II83 Uncharact  67.5      47   5E-05   20.1   0.0   12    4-15     25-36  (75)
      88 SRR5215207_2057442              67.5      45   5E-05   22.0   0.0   13    4-16    123-135 (141)
      89 ERR1700678_2337340              67.4      47   5E-05   22.6   0.0   16    1-16    161-177 (179)
      90 SRR5437016_7079615              67.3      47 5.1E-05   21.9   0.0   13    3-15    105-117 (136)
      91 UniRef100_A0A7Y2MIU1 Uncharact  67.2      50 5.1E-05   18.6   0.0   15    2-16      7-21  (47)
      92 UniRef100_A0A532U6T7 Usp domai  66.4      53 5.5E-05   21.5   0.0   17    1-17     92-108 (130)
      93 SRR3989304_2429335              65.9      54 5.7E-05   22.4   0.0   15    3-17    155-169 (184)
      94 SRR5215831_5600487              65.7      49 5.8E-05   21.7   0.0   12    1-12    124-135 (136)
      95 UniRef100_K1S2D5 Uncharacteriz  65.5      57 5.9E-05   20.1   0.0   11    1-11     16-26  (82)
      96 UniRef100_A0A2Z3G5A2 Uncharact  65.3      58   6E-05   19.6   0.0   11    1-11      5-15  (71)
      97 UniRef100_A0A1H5QEM8 Uncharact  65.0      59 6.1E-05   19.9   0.0   12    5-16     55-66  (79)
      98 UniRef100_A0A256XE45 Uncharact  64.6      61 6.3E-05   19.9   0.0   13    5-17     30-42  (81)
      99 UniRef100_A0A7J9CT62 Uncharact  64.4      62 6.4E-05   18.7   0.0   13    3-15     19-31  (54)
     100 UniRef100_A0A0E9QST3 Uncharact  64.1      63 6.5E-05   18.8   0.0   16    1-16     21-36  (56)
     101 UniRef100_A0A1R3KCT1 Uncharact  64.0      64 6.5E-05   17.1   0.0   13    3-15      4-16  (32)
     102 UniRef100_UPI001B3C0A63 UPI001  63.8      64 6.6E-05   20.4   0.0   10    7-16     87-96  (97)
     103 UniRef100_A0A7M3R3J0 Hypotheti  63.7      65 6.7E-05   20.5   0.0   15    2-16      3-17  (101)
     104 UniRef100_A0A257NKJ9 Uncharact  63.2      67 6.9E-05   19.7   0.0   13    2-14      6-18  (79)
     105 SRR6266487_782957               62.7      56 7.2E-05   23.7   0.0   11    5-15     17-27  (311)
     106 UniRef100_A0A2T4VWJ3 Uncharact  61.6      75 7.8E-05   21.7   0.0   11    6-16     63-73  (176)
     107 UniRef100_UPI0015FC9B14 fimbri  60.8      80 8.2E-05   21.0   0.0   12    5-16      2-13  (139)
     108 UniRef100_A0A0Q7G1X6 Uncharact  60.8      80 8.2E-05   18.8   0.0   13    1-13     13-25  (64)
     109 SRR5271163_3664829              60.7      76 8.2E-05   21.0   0.0   13    1-13     20-32  (131)
     110 UniRef100_A0A376MH70 Putative   60.6      81 8.3E-05   19.8   0.0   13    3-15     26-38  (89)
     111 SRR6266566_5451452              60.5      79 8.4E-05   21.0   0.0   15    1-15     74-88  (137)
     112 ERR1719330_1109905              60.3      80 8.5E-05   21.4   0.0   14    3-16     75-88  (157)
     113 UniRef100_A0A1H3Z7X0 Uncharact  60.1      83 8.6E-05   19.8   0.0   12    3-14     20-31  (91)
     114 UniRef100_UPI0015D4F7E2 hypoth  60.0      84 8.7E-05   18.4   0.0   13    2-14     43-55  (57)
     115 ERR1719247_3850645              59.8      83 8.8E-05   20.8   0.0   13    2-14     81-93  (132)
     116 UniRef100_R5EY40 Uncharacteriz  58.6      93 9.6E-05   17.4   0.0   13    3-15     22-34  (42)
     117 UniRef100_A0A0B6XYC6 Uncharact  58.3      94 9.7E-05   19.6   0.0   16    1-16     50-65  (90)
     118 UniRef100_A0A3P9NMZ7 NHR domai  58.1      96 9.8E-05   20.8   0.0   13    3-15     80-92  (143)
     119 SRR2546430_15256426             57.9      91  0.0001   21.1   0.0   12    2-13     25-36  (150)
     120 UniRef100_A0A0F9DC77 Uncharact  57.8      98  0.0001   17.5   0.0   15    2-16      2-16  (44)
     121 UniRef100_A0A5N6L4W8 Uncharact  57.5   1E+02  0.0001   21.6   0.0   14    3-16     14-27  (199)
     122 SRR5258708_8688003              57.4      98  0.0001   22.0   0.0   15    1-15    150-164 (222)
     123 UniRef100_Q8RTD4 EspP-like pro  57.4   1E+02  0.0001   19.8   0.0   16    2-17     47-62  (102)
     124 SRR5262245_41059655             57.4      84  0.0001   22.9   0.0   14    3-16     14-27  (290)
     125 UniRef100_A0A356KRZ4 Uncharact  57.3   1E+02  0.0001   19.5   0.0   14    2-15     57-70  (91)
     126 UniRef100_A0A1L3FDQ3 Uncharact  57.2   1E+02  0.0001   20.5   0.0   14    3-16     54-67  (132)
     127 SRR5262249_32077748             57.1      92  0.0001   21.1   0.0   13    1-13    134-146 (151)
     128 ERR1712030_239344               56.7      98 0.00011   21.2   0.0   14    2-15    143-156 (163)
     129 SRR6266511_1453318              56.6      95 0.00011   21.8   0.0   16    1-16     43-58  (203)
     130 UniRef100_A0A0E0FBR9 Uncharact  56.5 1.1E+02 0.00011   20.1   0.0   15    2-16     21-35  (117)
     131 tr|A2ZM66|A2ZM66_ORYSI Unchara  56.5 1.1E+02 0.00011   20.1   0.0   15    2-16     21-35  (117)
     132 UniRef100_A0A1Y2HMR5 Uncharact  56.4 1.1E+02 0.00011   21.0   0.0   14    2-15    107-120 (165)
     133 UniRef100_UPI001469A28D hypoth  56.4 1.1E+02 0.00011   19.4   0.0   12    5-16     45-56  (90)
     134 UniRef100_A0A6A0IKC5 Uncharact  56.4 1.1E+02 0.00011   23.1   0.0   14    2-15    323-336 (385)
     135 UniRef100_A0A1J4WLJ1 Uncharact  56.3 1.1E+02 0.00011   19.2   0.0   11    4-14     12-22  (84)
     136 SRR5271166_2955884              56.0   1E+02 0.00011   21.0   0.0   14    3-16    140-153 (159)
     137 UniRef100_A0A5M3XJG5 Uncharact  55.9 1.1E+02 0.00011   20.9   0.0   15    2-16     93-107 (160)
     138 UniRef100_A0A2S9GLA1 Uncharact  55.5 1.1E+02 0.00012   19.0   0.0   14    1-14     58-71  (81)
     139 SRR2546422_4802347              55.2 1.2E+02 0.00012   22.4   0.0   15    2-16    248-262 (301)
     140 UniRef100_R4X0P3 Uncharacteriz  55.1 1.2E+02 0.00012   19.4   0.0   14    3-16     10-23  (94)
     141 UniRef100_UPI00131A7225 hypoth  55.0 1.2E+02 0.00012   19.5   0.0   16    2-17      9-24  (98)
     142 UniRef100_A0A2X3F167 Uncharact  54.9 1.2E+02 0.00012   17.2   0.0   13    4-16     18-30  (44)
     143 UniRef100_A0A7Z8PG71 Uncharact  54.5 1.2E+02 0.00012   17.6   0.0   13    2-14     29-41  (51)
     144 SRR3979490_2218124              54.2 1.2E+02 0.00013   20.5   0.0   14    3-16    116-129 (142)
     145 UniRef100_A0A1V5AN69 Uncharact  54.0 1.2E+02 0.00013   18.9   0.0   15    2-16     54-68  (81)
     146 SRR5438876_5403039              53.9 1.2E+02 0.00013   21.4   0.0   15    2-16    156-170 (203)
     147 UniRef100_A0A0J9XYL8 Bm13283 n  53.7 1.3E+02 0.00013   19.7   0.0   16    1-16     15-30  (110)
     148 UniRef100_UPI001160030B hypoth  53.7 1.3E+02 0.00013   19.7   0.0   15    2-16     66-80  (110)
     149 UniRef100_A0A2P8ZC71 DUF4817 d  53.6 1.3E+02 0.00013   21.1   0.0   16    1-16     31-46  (192)
     150 UniRef100_A0A0M4QGE2 Uncharact  53.5 1.3E+02 0.00013   18.0   0.0   14    2-15     20-33  (60)
     151 UniRef100_A0A653T5S4 Uncharact  53.5 1.3E+02 0.00013   20.1   0.0   15    2-16     77-91  (129)
     152 UniRef100_A0A0F9G7B9 Uncharact  53.4 1.3E+02 0.00013   16.5   0.0   15    2-16     20-34  (36)
     153 UniRef100_A0A6J7UPM7 Unannotat  53.3 1.3E+02 0.00013   21.4   0.0   15    2-16    190-204 (219)
     154 UniRef100_A0A7S0CA18 Hypotheti  53.2 1.3E+02 0.00013   19.6   0.0   14    2-15     24-37  (108)
     155 UniRef100_A0A183TEF9 Uncharact  52.6 1.4E+02 0.00014   21.3   0.0   14    1-14    174-187 (212)
     156 SRR5712691_4318258              52.5 1.3E+02 0.00014   20.8   0.0   14    3-16     38-51  (167)
     157 UniRef100_X8ANS8 Uncharacteriz  52.3 1.4E+02 0.00014   18.7   0.0   12    1-12     52-63  (82)
     158 UniRef100_UPI001245E9DF plasma  52.1 1.4E+02 0.00014   19.3   0.0   13    4-16     14-26  (100)
     159 UniRef100_A0A5D3D8L3 Uncharact  52.1 1.4E+02 0.00014   19.4   0.0   13    3-15     69-81  (105)
     160 SRR5204862_407114               52.0 1.3E+02 0.00014   20.6   0.0   14    1-14    138-151 (152)
     161 ERR1711871_126815               51.9 1.3E+02 0.00015   20.9   0.0   16    1-16    107-122 (177)
     162 UniRef100_A0A455T1F2 Uncharact  51.9 1.4E+02 0.00015   17.2   0.0   12    1-12      5-16  (48)
     163 UniRef100_UPI0005245389 hypoth  51.8 1.4E+02 0.00015   18.9   0.0   13    4-16     48-60  (89)
     164 UniRef100_A0A6N7M2D5 Extracell  51.6 1.4E+02 0.00015   19.7   0.0   15    2-16     37-51  (119)
     165 SRR4030042_386297               51.3 1.4E+02 0.00015   20.8   0.0   14    3-16    115-128 (179)
     166 UniRef100_A0A1I7Y9G8 Uncharact  51.2 1.5E+02 0.00015   18.7   0.0   16    1-16     39-54  (85)
     167 ERR550519_2422570               51.1 1.5E+02 0.00015   20.1   0.0   14    2-15     42-55  (141)
     168 UniRef100_UPI0015E7A7CF DUF561  51.1 1.5E+02 0.00015   18.2   0.0   14    3-16     51-64  (71)
     169 UniRef100_A0A1F7YS13 Uncharact  50.8 1.5E+02 0.00016   18.9   0.0   13    3-15     56-68  (92)
     170 UniRef100_A0A7Y5E630 Uncharact  49.7 1.6E+02 0.00017   18.4   0.0   16    1-16     17-32  (78)
     171 UniRef100_A0A0C3QS00 Uncharact  49.5 1.6E+02 0.00017   21.5   0.0   14    3-16     83-96  (268)
     172 SRR5579872_7421524              49.4 1.5E+02 0.00017   20.4   0.0   14    3-16     14-27  (159)
     173 UniRef100_A0A7J8N022 Uncharact  49.4 1.6E+02 0.00017   20.0   0.0   15    2-16    119-133 (148)
     174 SRR5215470_278124               49.3 1.6E+02 0.00017   21.1   0.0   16    1-16    145-160 (210)
     175 UniRef100_A0A2S7CU44 Uncharact  49.2 1.7E+02 0.00017   19.0   0.0   15    2-16     70-84  (99)
     176 UniRef100_S4P7E8 Uncharacteriz  49.0 1.7E+02 0.00017   18.3   0.0   16    1-16     45-60  (78)
     177 UniRef100_A0A4Z2GHZ9 Uncharact  48.8 1.7E+02 0.00018   20.2   0.0   15    1-15     20-34  (161)
     178 UniRef100_T0JU60 Uncharacteriz  48.8 1.7E+02 0.00018   16.8   0.0   13    4-16     22-34  (45)
     179 UniRef100_A0A1V5TYK8 Uncharact  48.6 1.7E+02 0.00018   19.1   0.0   15    1-15     71-85  (106)
     180 SRR5260370_21525917             48.5 1.7E+02 0.00018   20.5   0.0   14    3-16     98-111 (181)
     181 UniRef100_W0V7U3 Uncharacteriz  48.5 1.7E+02 0.00018   16.6   0.0   14    1-14     11-24  (43)
     182 UniRef100_A0A4R6TSA9 Uncharact  48.2 1.8E+02 0.00018   17.1   0.0   12    1-12     32-43  (51)
     183 UniRef100_A0A2M4B3Y0 Putative   47.5 1.9E+02 0.00019   18.5   0.0   15    1-15     58-72  (87)
     184 UniRef100_A0A2C6A299 Uncharact  47.4 1.9E+02 0.00019   18.7   0.0   15    2-16     39-53  (94)
     185 UniRef100_A0A1Q9N6B2 Uncharact  46.8 1.9E+02  0.0002   17.6   0.0   14    3-16     17-30  (64)
     186 UniRef100_Q13YD0 Uncharacteriz  46.0   2E+02 0.00021   18.3   0.0   13    3-15     35-47  (87)
     187 UniRef100_A0A3D0HR80 Uncharact  45.8   2E+02 0.00021   19.8   0.0   12    1-12     17-28  (152)
     188 UniRef100_A0A090GID6 30-kDa St  45.7 2.1E+02 0.00021   20.4   0.0   14    2-15     41-54  (195)
     189 UniRef100_A0A6G1EWR8 Uncharact  45.1 2.1E+02 0.00022   19.2   0.0   15    2-16     89-103 (123)
     190 UniRef100_UPI00168B4640 hypoth  45.0 2.2E+02 0.00022   17.4   0.0   16    1-16      9-24  (64)
     191 UniRef100_A0A226DCQ3 Putative   44.8 2.2E+02 0.00022   23.0   0.0   16    1-16    458-473 (629)
     192 UniRef100_UPI0015AB15C0 phenol  44.7 2.2E+02 0.00023   22.8   0.0   14    2-15    541-554 (590)
     193 UniRef100_A0A2G9MXF2 Uncharact  44.6 2.2E+02 0.00023   16.4   0.0   15    2-16     24-38  (44)
     194 UniRef100_A0A4Z2GUH9 Uncharact  44.3 2.2E+02 0.00023   18.4   0.0   13    2-14     57-69  (94)
     195 UniRef100_A0A2S8TX96 Uncharact  42.4 2.5E+02 0.00026   18.1   0.0   16    1-16     10-25  (90)
     196 UniRef100_A0A4V5LW60 Uncharact  42.2 2.5E+02 0.00026   19.5   0.0   13    4-16    121-133 (159)
     197 UniRef100_A0A3C0NEM2 OrfB_IS60  41.2 2.7E+02 0.00028   21.0   0.0   15    2-16     87-101 (301)
     198 SRR6516162_7747475              41.0 2.5E+02 0.00028   20.6   0.0   12    1-12    189-200 (241)
     199 UniRef100_A0A7T9BYD3 Uncharact  40.9 2.7E+02 0.00028   17.4   0.0   16    1-16     32-47  (72)
     200 UniRef100_A0A1H2TH76 Uncharact  39.7 2.9E+02  0.0003   17.7   0.0   14    3-16      6-19  (84)
     201 UniRef100_UPI0007EC168B E3 ubi  39.6   3E+02  0.0003   21.3   0.0   13    3-15     67-79  (376)
     202 SRR3972149_3577751              39.5 2.9E+02 0.00031   19.4   0.0   15    2-16    140-154 (162)
     203 UniRef100_UPI0018C373D4 hypoth  39.0 3.1E+02 0.00032   17.5   0.0   15    1-15     24-38  (79)
     204 UniRef100_A0A1D8N475 Uncharact  38.1 3.2E+02 0.00033   19.4   0.0   11    1-11     51-61  (179)
     205 UniRef100_A8XS38 Glucuronosylt  37.9 3.3E+02 0.00034   17.9   0.0   15    1-15     45-59  (99)
     206 UniRef100_A0A1Q4ZU18 Uncharact  37.6 3.3E+02 0.00034   17.5   0.0   16    1-16     10-25  (83)
     207 UniRef100_A0A4U6BJG2 Uncharact  37.6 3.3E+02 0.00034   17.1   0.0   15    1-15     52-66  (73)
     208 UniRef100_A0A367IWI6 Uncharact  37.3 3.4E+02 0.00035   18.5   0.0   16    1-16     79-94  (126)
     209 UniRef100_A0A7V3P174 Uncharact  35.6 3.8E+02 0.00039   16.8   0.0   16    1-16     21-36  (69)
     210 UniRef100_A0A0A8ENU2 Uncharact  35.0 3.9E+02  0.0004   15.4   0.0   13    4-16     24-36  (42)
     211 UniRef100_T1B268 Uncharacteriz  34.8   4E+02 0.00041   17.8   0.0   17    1-17     82-98  (105)
     212 UniRef100_A0A1C3P6C2 Uncharact  34.5   4E+02 0.00042   17.6   0.0   16    1-16     34-49  (100)
     213 UniRef100_A0A2X0PCD0 BQ5605_C0  33.7 4.2E+02 0.00044   15.8   0.0   14    2-15      8-21  (50)
     214 UniRef100_UPI001ADE1BFC zinc f  33.4 4.3E+02 0.00044   19.2   0.0   13    4-16     37-49  (201)
     215 UniRef100_A0A1V1UJ06 Uncharact  33.3 4.3E+02 0.00045   19.3   0.0   12    5-16    171-182 (210)
     216 UniRef100_K9Q9G9 NADPH-depende  32.6 4.5E+02 0.00047   19.7   0.0   16    1-16    159-174 (259)
     217 SRR6476620_3539169              32.5 4.4E+02 0.00047   20.5   0.0   15    1-15      8-22  (340)
     218 UniRef100_A0A1Y2XER8 Uncharact  31.2   5E+02 0.00051   18.3   0.0   16    1-16     78-93  (152)
     219 UniRef100_S7VFI1 Phage tail sh  31.2   5E+02 0.00051   20.2   0.0   15    1-15    180-194 (338)
     220 UniRef100_A0A3E0MW69 Uncharact  30.7 5.1E+02 0.00053   16.8   0.0   15    1-15     49-63  (81)
     221 UniRef100_UPI000C29A77E progra  30.3 5.3E+02 0.00054   18.0   0.0   16    1-16     12-27  (134)
     222 UniRef100_UPI0005F52AB9 serine  29.4 5.6E+02 0.00057   17.2   0.0   15    1-15     73-87  (103)
     223 UniRef100_UPI001781A25B hypoth  28.4   6E+02 0.00061   16.9   0.0   13    1-13     32-44  (93)
     224 UniRef100_A0A521P4R4 Uncharact  27.9 6.2E+02 0.00063   17.1   0.0   12    4-15     64-75  (103)
     225 UniRef100_A0A453N7G6 Uncharact  26.6 6.7E+02 0.00069   19.7   0.0   15    2-16     53-67  (343)
     226 UniRef100_A0A0A0F6A5 Uncharact  26.2 6.9E+02 0.00071   14.9   0.0   13    4-16     17-29  (47)
     227 UniRef100_A0A0F9LQG9 Uncharact  26.0   7E+02 0.00072   18.1   0.0   15    2-16     83-97  (175)
     228 UniRef100_UPI00165982FF progra  24.4 7.8E+02 0.00081   17.9   0.0   16    1-16     80-95  (168)
     229 UniRef100_A0A0E2CL70 Uncharact  24.3 7.9E+02 0.00082   14.4   0.0   14    3-16      2-15  (41)
     230 UniRef100_A0A316YYY2 Uncharact  23.1 8.6E+02 0.00089   17.5   0.0   15    2-16    118-132 (155)
     231 UniRef100_V9GII9 Uncharacteriz  21.8 9.5E+02 0.00098   15.7   0.0   13    4-16     62-74  (76)
     
  > Uniprot already searched, skipping.
/projects/ilfgrid/apps/alphafold-2.2.0/prep_MSAs.sh: line 93: /bin/hmmbuild: No such file or directory
/projects/ilfgrid/apps/alphafold-2.2.0/prep_MSAs.sh: line 94: /bin/hmmsearch: No such file or directory

>> Job finished at: Thu Mar  9 06:48:30 CET 2023

>> Runtime: 793 s
