>> Job started at: Wed Mar  8 23:53:17 CET 2023
   On Machine:     ilfgridgpun01fl.unicph.domain
   In directory:   /projects/ilfgrid/people/nqz918/code/deorph/scripts/af_arman/af_jobs_af23/nk3r_human/2090

>> GPU is 

Loaded miniconda shell environment for bash
> Running 'prep_MSAs.sh'
  > Alphafold-DB directory is set to /projects/ilfgrid/data/alphafold-genetic-databases//
  > Number of cores was set to set to 4
  > Max memory set to 20 GB
  > Output directory was set to /projects/ilfgrid/people/nqz918/code/deorph/scripts/af_arman/af_jobs_af23/nk3r_human/2090/
  > Input fastafile was set to /projects/ilfgrid/people/nqz918/code/deorph/scripts/af_arman/af_jobs_af23/nk3r_human/2090/nk3r_human-2090.fasta
> Splitting fastafile
> Running chain A
  > Uniref90 already searched, skipping.
  > Mgnify already searched, skipping.
  > Running hhblits on bfd_uniref30
- 23:53:36.282 INFO: Searching 65983866 column state sequences.

- 23:53:37.332 INFO: Searching 29291635 column state sequences.

- 23:53:37.381 INFO: nk3r_human-2090/msas/A/chain_A.fasta is in A2M, A3M or FASTA format

- 23:53:37.382 INFO: Iteration 1

- 23:53:37.545 INFO: Prefiltering database

- 23:55:11.698 INFO: HMMs passed 1st prefilter (gapless profile-profile alignment)  : 5944394

- 23:56:45.054 INFO: HMMs passed 1st prefilter (gapless profile-profile alignment)  : 1822655

- 23:57:01.402 INFO: HMMs passed 2nd prefilter (gapped profile-profile alignment)   : 42329

- 23:57:01.402 INFO: HMMs passed 2nd prefilter and not found in previous iterations : 42329

- 23:57:01.402 INFO: Scoring 42329 HMMs using HMM-HMM Viterbi alignment

- 23:57:01.450 INFO: Alternative alignment: 0

- 23:57:02.268 INFO: 2000 alignments done

- 23:57:03.016 INFO: 4000 alignments done

- 23:57:03.830 INFO: 6000 alignments done

- 23:57:05.016 INFO: 8000 alignments done

- 23:57:10.002 INFO: 10000 alignments done

- 23:57:13.309 INFO: 12000 alignments done

- 23:57:13.312 INFO: Stop after DB-HHM: 12000 because early stop  13.6067 < filter cutoff 20

- 23:57:13.312 INFO: Alternative alignment: 1

- 23:57:17.524 INFO: 10680 alignments done

- 23:57:17.534 INFO: Alternative alignment: 2

- 23:57:18.488 INFO: 2037 alignments done

- 23:57:18.489 INFO: Alternative alignment: 3

- 23:57:18.736 INFO: 389 alignments done

- 23:57:19.244 INFO: Premerge done

- 23:57:19.244 INFO: Realigning 4871 HMM-HMM alignments using Maximum Accuracy algorithm

- 23:58:02.995 INFO: 4874 sequences belonging to 4874 database HMMs found with an E-value < 0.001

- 23:58:02.995 INFO: Number of effective sequences of resulting query HMM: Neff = 8.47877

- 23:58:03.064 INFO: Iteration 2

- 23:58:03.064 INFO: Set premerge to 0! (premerge: 3 iteration: 2 hits.Size: 4871)

- 23:58:03.205 INFO: Prefiltering database

- 23:59:36.370 INFO: HMMs passed 1st prefilter (gapless profile-profile alignment)  : 11279966

- 00:01:08.606 WARNING: Number of hits passing 2nd prefilter (reduced from 100371 to allowed maximum of 100000).
You can increase the allowed maximum using the -maxfilt <max> option.

- 00:01:50.524 INFO: HMMs passed 1st prefilter (gapless profile-profile alignment)  : 3716998

- 00:02:24.411 WARNING: Number of hits passing 2nd prefilter (reduced from 118134 to allowed maximum of 100000).
You can increase the allowed maximum using the -maxfilt <max> option.

- 00:02:24.820 INFO: HMMs passed 2nd prefilter (gapped profile-profile alignment)   : 200000

- 00:02:24.820 INFO: HMMs passed 2nd prefilter and not found in previous iterations : 195248

- 00:02:24.820 INFO: Scoring 195248 HMMs using HMM-HMM Viterbi alignment

- 00:02:24.871 INFO: Alternative alignment: 0

- 00:02:25.743 INFO: 2000 alignments done

- 00:02:26.782 INFO: 4000 alignments done

- 00:02:27.422 INFO: 6000 alignments done

- 00:02:28.063 INFO: 8000 alignments done

- 00:02:28.787 INFO: 10000 alignments done

- 00:02:29.840 INFO: 12000 alignments done

- 00:02:30.779 INFO: 14000 alignments done

- 00:02:30.781 INFO: Stop after DB-HHM: 14000 because early stop  17.897 < filter cutoff 20

- 00:02:30.781 INFO: Alternative alignment: 1

- 00:02:34.032 INFO: 8802 alignments done

- 00:02:34.052 INFO: Alternative alignment: 2

- 00:02:34.564 INFO: 902 alignments done

- 00:02:34.565 INFO: Alternative alignment: 3

- 00:02:34.683 INFO: 152 alignments done

- 00:02:34.777 INFO: Realigning 3576 HMM-HMM alignments using Maximum Accuracy algorithm

- 00:02:59.647 INFO: 8450 sequences belonging to 8450 database HMMs found with an E-value < 0.001

- 00:02:59.647 INFO: Number of effective sequences of resulting query HMM: Neff = 8.95052

- 00:02:59.713 INFO: Iteration 3

- 00:02:59.910 INFO: Prefiltering database

- 00:04:28.023 INFO: HMMs passed 1st prefilter (gapless profile-profile alignment)  : 11292084

- 00:05:09.034 WARNING: Number of hits passing 2nd prefilter (reduced from 101567 to allowed maximum of 100000).
You can increase the allowed maximum using the -maxfilt <max> option.

- 00:05:52.245 INFO: HMMs passed 1st prefilter (gapless profile-profile alignment)  : 3732728

- 00:06:10.067 WARNING: Number of hits passing 2nd prefilter (reduced from 113038 to allowed maximum of 100000).
You can increase the allowed maximum using the -maxfilt <max> option.

- 00:06:10.409 INFO: HMMs passed 2nd prefilter (gapped profile-profile alignment)   : 200000

- 00:06:10.409 INFO: HMMs passed 2nd prefilter and not found in previous iterations : 191707

- 00:06:10.409 INFO: Scoring 191707 HMMs using HMM-HMM Viterbi alignment

- 00:06:10.454 INFO: Alternative alignment: 0

- 00:06:11.230 INFO: 2000 alignments done

- 00:06:11.950 INFO: 4000 alignments done

- 00:06:12.718 INFO: 6000 alignments done

- 00:06:13.345 INFO: 8000 alignments done

- 00:06:13.938 INFO: 10000 alignments done

- 00:06:14.546 INFO: 12000 alignments done

- 00:06:14.548 INFO: Stop after DB-HHM: 12000 because early stop  11.2413 < filter cutoff 20

- 00:06:14.548 INFO: Alternative alignment: 1

- 00:06:16.781 INFO: 6364 alignments done

- 00:06:16.795 INFO: Alternative alignment: 2

- 00:06:17.228 INFO: 749 alignments done

- 00:06:17.229 INFO: Alternative alignment: 3

- 00:06:17.351 INFO: 159 alignments done

- 00:06:17.431 INFO: Rescoring previously found HMMs with Viterbi algorithm

- 00:06:17.464 INFO: Alternative alignment: 0

- 00:06:18.129 INFO: 2000 alignments done

- 00:06:18.900 INFO: 4000 alignments done

- 00:06:19.689 INFO: 6000 alignments done

- 00:06:20.441 INFO: 8000 alignments done

- 00:06:20.546 INFO: 8291 alignments done

- 00:06:20.550 INFO: Alternative alignment: 1

- 00:06:23.587 INFO: 8291 alignments done

- 00:06:23.605 INFO: Alternative alignment: 2

- 00:06:23.984 INFO: 701 alignments done

- 00:06:23.984 INFO: Alternative alignment: 3

- 00:06:24.061 INFO: 102 alignments done

- 00:06:24.230 INFO: Premerge done

- 00:06:24.230 INFO: Realigning 8749 HMM-HMM alignments using Maximum Accuracy algorithm

- 00:06:49.821 INFO: 8829 sequences belonging to 8829 database HMMs found with an E-value < 0.001

- 00:06:49.821 INFO: Number of effective sequences of resulting query HMM: Neff = 9.00365

     Query         nk3r_human P29371
     Match_columns 465
     No_of_seqs    2612 out of 146485
     Neff          9.00365
     Searched_HMMs 231242
     Date          Thu Mar  9 00:06:49 2023
     Command       hhblits -i nk3r_human-2090/msas/A/chain_A.fasta -cpu 4 -maxmem 20 -oa3m /projects/ilfgrid/people/nqz918/code/deorph/scripts/af_arman/af_jobs_af23/nk3r_human/2090//nk3r_human-2090/msas/A/bfd_uniref_hits.a3m -o /dev/null -n 3 -e 0.001 -maxseq 1000000 -realign_max 100000 -maxfilt 100000 -min_prefilter_hits 1000 -d /projects/ilfgrid/data/alphafold-genetic-databases///bfd/bfd_metaclust_clu_complete_id30_c90_final_seq.sorted_opt -d /projects/ilfgrid/data/alphafold-genetic-databases///uniref30/UniRef30_2021_03 
     
      No Hit                             Prob E-value P-value  Score    SS Cols Query HMM  Template HMM
       1 tr|F7E6B1|F7E6B1_MONDO Tachyki 100.0   1E-91 1.1E-97  655.2   0.0  465    1-465     2-475 (475)
       2 tr|A0A1S3NPB2|A0A1S3NPB2_SALSA 100.0 7.3E-77   8E-83  557.4   0.0  389   71-460    25-442 (443)
       3 tr|V8NWN4|V8NWN4_OPHHA Neurome 100.0 6.2E-73 6.8E-79  533.0   0.0  393   71-465    33-481 (481)
       4 tr|A0A1D2NMB6|A0A1D2NMB6_ORCCI 100.0 1.2E-58 1.3E-64  444.6   0.0  325   68-392   134-467 (520)
       5 tr|A0A1I8PIJ9|A0A1I8PIJ9_STOCA 100.0   3E-56 3.3E-62  439.3   0.0  316   68-383   152-475 (680)
       6 tr|A0A1V4KK28|A0A1V4KK28_PATFA 100.0 4.3E-53 4.6E-59  395.9   0.0  329   63-391   111-443 (478)
       7 tr|B4KC34|B4KC34_DROMO Unchara 100.0   1E-50 1.1E-56  402.2   0.0  306   72-377   179-494 (670)
       8 tr|J9JRI9|J9JRI9_ACYPI Unchara 100.0 1.6E-50 1.7E-56  383.3   0.0  309   71-379    20-337 (490)
       9 tr|A0A182L9N8|A0A182L9N8_9DIPT 100.0 3.4E-50 3.8E-56  389.4   0.0  307   73-379    76-386 (490)
      10 tr|A0A0P5PA10|A0A0P5PA10_9CRUS 100.0 6.8E-50 7.3E-56  390.5   0.0  299   74-372   135-442 (705)
      11 tr|A0A1A9ZAD8|A0A1A9ZAD8_GLOPL 100.0   1E-49 1.1E-55  381.9   0.0  343   73-415   110-471 (574)
      12 tr|A0A1W4X208|A0A1W4X208_AGRPL 100.0 1.7E-49 1.9E-55  375.1   0.0  311   71-381    80-399 (467)
      13 tr|A0A0V1MVC7|A0A0V1MVC7_9BILA 100.0 2.6E-48 2.8E-54  380.9   0.0  307   74-382    69-385 (598)
      14 tr|A0A0P7U387|A0A0P7U387_9TELE 100.0 4.7E-48 5.1E-54  371.9   0.0  286   86-377   129-417 (556)
      15 tr|A0A1A9ZM95|A0A1A9ZM95_GLOPL 100.0 8.7E-48 9.4E-54  362.3   0.0  311   71-381    80-399 (481)
      16 tr|A0A0P4XBU7|A0A0P4XBU7_9CRUS 100.0 1.9E-47 2.2E-53  378.9   0.0  302   73-374    48-414 (557)
      17 tr|A0A182G4E1|A0A182G4E1_AEDAL 100.0 4.5E-47   5E-53  370.9   0.0  300   76-377    58-372 (534)
      18 tr|T1KTS6|T1KTS6_TETUR Unchara 100.0 8.8E-47 9.6E-53  367.2   0.0  304   69-372   103-415 (587)
      19 tr|A0A1W4ZX05|A0A1W4ZX05_9TELE 100.0 1.5E-46 1.7E-52  364.4   0.0  301   76-377    60-387 (480)
      20 tr|A0A1D2MSE1|A0A1D2MSE1_ORCCI 100.0   2E-46 2.3E-52  374.0   0.0  304   73-377    98-408 (615)
      21 tr|A0A1S3IXU4|A0A1S3IXU4_LINUN 100.0 2.4E-46 2.6E-52  354.6   0.0  304   74-381    46-351 (440)
      22 tr|A0A0N8JZL4|A0A0N8JZL4_9TELE 100.0 3.2E-46 3.5E-52  359.1   0.0  309   68-377    87-414 (482)
      23 tr|A0A1U7TSJ4|A0A1U7TSJ4_TARSY 100.0 9.2E-46 9.9E-52  356.9   0.0  305   72-377   199-520 (600)
      24 tr|M3ZFE6|M3ZFE6_XIPMA Somatos 100.0 1.3E-45 1.4E-51  353.5   0.0  286   84-377   103-391 (525)
      25 tr|A0A0F8ARD3|A0A0F8ARD3_LARCR 100.0 1.3E-45 1.4E-51  349.9   0.0  282   86-375    54-338 (464)
      26 tr|A0A182QHF8|A0A182QHF8_9DIPT 100.0 2.9E-45 3.2E-51  354.7   0.0  297   79-376    94-407 (581)
      27 tr|A0A232F8D2|A0A232F8D2_9HYME 100.0 6.4E-45 7.1E-51  348.5   0.0  302   75-378    62-373 (478)
      28 tr|A0A2C9JWF9|A0A2C9JWF9_BIOGL 100.0 9.6E-45 1.1E-50  352.8   0.0  295   83-378    63-368 (403)
      29 tr|A0A147AZW9|A0A147AZW9_FUNHE 100.0 1.1E-44 1.3E-50  362.6   0.0  293   85-378    85-436 (468)
      30 tr|C3XSP5|C3XSP5_BRAFL Unchara 100.0 1.2E-44 1.3E-50  337.4   0.0  294   84-379    26-330 (403)
      31 tr|A0A218UWX7|A0A218UWX7_9PASE 100.0 1.6E-44 1.8E-50  347.4   0.0  291   86-378    41-343 (474)
      32 tr|A0A182U1B5|A0A182U1B5_9DIPT 100.0 2.5E-44 2.7E-50  351.6   0.0  304   72-376    26-344 (620)
      33 tr|A0A139WLV7|A0A139WLV7_TRICA 100.0 2.8E-44   3E-50  356.9   0.0  294   82-376   395-698 (792)
      34 ERR1712062_233158              100.0 2.8E-44 3.1E-50  344.6   0.0  306   72-377    59-370 (515)
      35 tr|C3XVS5|C3XVS5_BRAFL Unchara 100.0 3.6E-44   4E-50  339.2   0.0  292   83-377    65-365 (425)
      36 tr|A0A2H1W6Q0|A0A2H1W6Q0_SPOFR 100.0 4.1E-44 4.6E-50  345.5   0.0  291   86-377    71-365 (466)
      37 tr|A0A162CQ51|A0A162CQ51_9CRUS 100.0 5.2E-44 5.5E-50  342.2   0.0  330   46-377   125-463 (655)
      38 tr|W8C2A8|W8C2A8_CERCA Neurope 100.0 5.5E-44   6E-50  358.2   0.0  300   77-377   256-566 (827)
      39 tr|W4Z2N2|W4Z2N2_STRPU Unchara 100.0 6.1E-44 6.6E-50  332.7   0.0  292   86-377    57-354 (406)
      40 tr|A0A1V4JMN9|A0A1V4JMN9_PATFA 100.0 6.2E-44 6.7E-50  341.9   0.0  290   87-377    94-423 (537)
      41 tr|A0A1D1V6H4|A0A1D1V6H4_RAMVA 100.0 6.7E-44 7.3E-50  342.0   0.0  311   70-380    46-378 (498)
      42 ERR550534_208423               100.0 8.2E-44 8.8E-50  342.0   0.0  307   71-377    73-400 (568)
      43 tr|D6WD17|D6WD17_TRICA Natalis 100.0   8E-44   9E-50  342.3   0.0  307   73-379    35-349 (429)
      44 tr|A0A151NBW9|A0A151NBW9_ALLMI 100.0 9.2E-44   1E-49  342.2   0.0  307   70-377    65-393 (472)
      45 ERR1719510_236906              100.0 9.9E-44 1.1E-49  353.0   0.0  305   74-379    71-377 (577)
      46 tr|A0A212EZN3|A0A212EZN3_DANPL 100.0 1.1E-43 1.2E-49  341.6   0.0  302   73-375    42-354 (488)
      47 tr|S9YJE2|S9YJE2_CAMFR Somatos 100.0 1.1E-43 1.2E-49  333.9   0.0  284   86-375   113-400 (438)
      48 tr|A0A2B4RXD1|A0A2B4RXD1_STYPI 100.0 1.1E-43 1.2E-49  336.8   0.0  286   86-375    94-380 (416)
      49 tr|A0A2B4SID7|A0A2B4SID7_STYPI 100.0   1E-43 1.2E-49  349.4   0.0  288   86-377    32-329 (422)
      50 tr|A0A1I8M930|A0A1I8M930_MUSDO 100.0 1.2E-43 1.3E-49  364.7   0.0  280   86-373   189-576 (963)
      51 tr|W4YH96|W4YH96_STRPU Unchara 100.0 1.6E-43 1.7E-49  324.5   0.0  301   74-378    25-327 (394)
      52 tr|A0A067RDC3|A0A067RDC3_ZOONE 100.0 1.5E-43 1.8E-49  348.6   0.0  294   85-379    71-367 (506)
      53 tr|A0A1W4X1F3|A0A1W4X1F3_AGRPL 100.0 1.7E-43 1.8E-49  339.5   0.0  302   77-379   125-435 (485)
      54 tr|J9K651|J9K651_ACYPI Unchara 100.0 1.7E-43 1.9E-49  333.8   0.0  296   84-379    88-391 (440)
      55 tr|A0A0L7QUK8|A0A0L7QUK8_9HYME 100.0 1.8E-43 1.9E-49  350.7   0.0  298   78-376   194-499 (806)
      56 tr|A0A1L8G1N6|A0A1L8G1N6_XENLA 100.0   2E-43 2.2E-49  337.5   0.0  282   86-378   117-401 (448)
      57 tr|A0A141CIT8|A0A141CIT8_VARDE 100.0 2.8E-43 3.1E-49  332.2   0.0  303   73-375    73-380 (461)
      58 tr|A0A2B4SAJ4|A0A2B4SAJ4_STYPI 100.0 3.2E-43 3.7E-49  339.8   0.0  288   87-376    30-334 (434)
      59 SRR6218665_147192              100.0 3.7E-43   4E-49  336.8   0.0  304   73-377    88-398 (466)
      60 tr|A0A2B4SKI0|A0A2B4SKI0_STYPI 100.0 3.5E-43 4.1E-49  343.5   0.0  284   86-373    98-396 (458)
      61 tr|E0D358|E0D358_HEMPU Dopamin 100.0 4.7E-43 5.3E-49  335.2   0.0  280   87-377    26-330 (435)
      62 tr|A0A1I8MRR4|A0A1I8MRR4_MUSDO 100.0 5.2E-43 5.5E-49  347.0   0.0  297   80-377   253-560 (819)
      63 tr|A0A091DWF1|A0A091DWF1_FUKDA 100.0 9.1E-43 9.7E-49  327.4   0.0  286   83-376   154-442 (483)
      64 tr|C3XVU5|C3XVU5_BRAFL Unchara 100.0   1E-42 1.1E-48  329.6   0.0  299   73-374    49-355 (439)
      65 tr|A0A147BFV4|A0A147BFV4_IXORI 100.0 1.8E-42   2E-48  321.9   0.0  291   85-376    40-335 (402)
      66 tr|V8PD93|V8PD93_OPHHA Type-2  100.0 1.8E-42 2.2E-48  339.1   0.0  286   82-375    72-368 (412)
      67 tr|A0A0S1YD80|A0A0S1YD80_CHISP 100.0   2E-42 2.2E-48  333.8   0.0  287   86-375   165-464 (513)
      68 tr|T1K8Z9|T1K8Z9_TETUR Unchara 100.0 2.1E-42 2.3E-48  327.0   0.0  304   75-378   105-417 (485)
      69 tr|A0A1W0WKP0|A0A1W0WKP0_HYPDU 100.0 2.3E-42 2.5E-48  333.9   0.0  292   80-371    71-372 (624)
      70 tr|A7SD89|A7SD89_NEMVE Predict 100.0 2.4E-42 2.6E-48  317.3   0.0  285   85-377    37-332 (355)
      71 tr|G3S2I3|G3S2I3_GORGO Opioid  100.0 2.5E-42 2.7E-48  329.2   0.0  280   86-371   163-445 (492)
      72 ERR1719499_929257              100.0   3E-42 3.2E-48  331.5   0.0  301   73-373    15-323 (550)
      73 tr|A0A0R4IQ19|A0A0R4IQ19_DANRE 100.0 3.2E-42 3.4E-48  317.6   0.0  287   88-377    58-349 (384)
      74 tr|A0A194QD73|A0A194QD73_PAPXU 100.0 3.4E-42 3.6E-48  318.8   0.0  301   76-376    75-384 (435)
      75 tr|L7LZ94|L7LZ94_9ACAR Putativ 100.0 3.4E-42 3.7E-48  325.4   0.0  288   87-377   104-394 (438)
      76 tr|A0A210R0K7|A0A210R0K7_MIZYE 100.0 3.5E-42 3.9E-48  327.6   0.0  296   82-378    70-428 (470)
      77 tr|A0A1D1UXI1|A0A1D1UXI1_RAMVA 100.0 3.7E-42 4.1E-48  330.9   0.0  287   86-377    82-377 (499)
      78 tr|A0A1D2MMS7|A0A1D2MMS7_ORCCI 100.0 4.9E-42 5.3E-48  337.2   0.0  295   71-379   109-408 (612)
      79 tr|A0A2B4SSL5|A0A2B4SSL5_STYPI 100.0 5.1E-42 5.6E-48  315.9   0.0  288   88-378    24-312 (344)
      80 tr|L5JUA4|L5JUA4_PTEAL Neurope 100.0 5.5E-42   6E-48  329.1   0.0  304   81-385    31-348 (509)
      81 tr|A0A2C9GPU2|A0A2C9GPU2_ANOAR 100.0 6.9E-42 7.5E-48  344.4   0.0  289   87-378   324-639 (818)
      82 tr|A0A1V4J9T1|A0A1V4J9T1_PATFA 100.0 7.7E-42 8.2E-48  319.7   0.0  286   86-377    69-357 (461)
      83 tr|A0A0P7U0M1|A0A0P7U0M1_9TELE 100.0 8.7E-42 9.4E-48  320.7   0.0  290   85-376   101-412 (440)
      84 tr|A0A1W2W3E6|A0A1W2W3E6_CIOIN 100.0 9.4E-42   1E-47  326.3   0.0  291   82-376    54-352 (487)
      85 tr|A0A1D2N5F0|A0A1D2N5F0_ORCCI 100.0 9.8E-42 1.1E-47  327.9   0.0  291   86-377    55-350 (559)
      86 tr|A7SIX0|A7SIX0_NEMVE Predict 100.0 9.6E-42 1.1E-47  322.4   0.0  297   77-375    17-318 (403)
      87 tr|A7RNV5|A7RNV5_NEMVE Predict 100.0 1.1E-41 1.3E-47  321.3   0.0  285   84-372    30-323 (377)
      88 tr|A7S585|A7S585_NEMVE Predict 100.0 1.1E-41 1.3E-47  325.4   0.0  293   86-378    25-328 (374)
      89 tr|A0A2B4RSD1|A0A2B4RSD1_STYPI 100.0 1.2E-41 1.5E-47  337.4   0.0  292   80-377    45-383 (430)
      90 tr|A0A151ITZ3|A0A151ITZ3_9HYME 100.0 1.4E-41 1.5E-47  327.8   0.0  289   86-376    68-420 (481)
      91 tr|K1PEH3|K1PEH3_CRAGI Neurope 100.0 1.4E-41 1.6E-47  320.8   0.0  297   79-377    41-359 (411)
      92 SRR6218665_1158703             100.0 1.4E-41 1.6E-47  324.5   0.0  302   74-376    25-335 (413)
      93 tr|K1PQW2|K1PQW2_CRAGI Putativ 100.0 1.5E-41 1.6E-47  319.3   0.0  295   83-377    55-355 (437)
      94 tr|A0A1S3NNV5|A0A1S3NNV5_SALSA 100.0 1.6E-41 1.7E-47  325.3   0.0  305   72-377    49-382 (499)
      95 tr|A0A1V4KUV7|A0A1V4KUV7_PATFA 100.0 1.8E-41   2E-47  316.4   0.0  286   87-377   120-412 (450)
      96 tr|A0A194QDR7|A0A194QDR7_PAPXU 100.0 2.3E-41 2.4E-47  318.1   0.0  301   74-374    58-366 (468)
      97 tr|A0A2B4RYF4|A0A2B4RYF4_STYPI 100.0 2.3E-41 2.5E-47  320.1   0.0  285   87-374    26-310 (402)
      98 tr|A0A0L0BYA7|A0A0L0BYA7_LUCCU 100.0   3E-41 3.2E-47  329.2   0.0  280   86-374   311-625 (678)
      99 tr|A0A096NTW4|A0A096NTW4_PAPAN 100.0 3.1E-41 3.4E-47  319.5   0.0  291   86-376   133-427 (442)
     100 tr|W4Y131|W4Y131_STRPU Unchara 100.0 3.2E-41 3.5E-47  315.7   0.0  289   89-379    58-359 (424)
     101 tr|W5MC67|W5MC67_LEPOC Pyroglu 100.0 3.2E-41 3.5E-47  318.0   0.0  291   85-376    53-360 (441)
     102 tr|U3U974|U3U974_NILLU Neurope 100.0 3.9E-41 4.2E-47  317.6   0.0  302   75-377    55-365 (452)
     103 tr|A0A0P7TYE1|A0A0P7TYE1_9TELE 100.0 3.9E-41 4.3E-47  324.3   0.0  288   87-375   125-473 (507)
     104 tr|A0A146U732|A0A146U732_FUNHE 100.0 3.8E-41 4.6E-47  348.7   0.0  290   82-372   188-544 (590)
     105 tr|A0A2B4RYW3|A0A2B4RYW3_STYPI 100.0 4.7E-41   5E-47  348.5   0.0  287   87-377    41-328 (1580)
     106 tr|A0A2H1WMM8|A0A2H1WMM8_SPOFR 100.0 5.8E-41 6.2E-47  314.3   0.0  292   82-374    31-325 (462)
     107 tr|A0A2B4SDF9|A0A2B4SDF9_STYPI 100.0 5.7E-41 6.2E-47  308.7   0.0  300   73-376    24-327 (356)
     108 tr|A0A1A8LLP2|A0A1A8LLP2_9TELE 100.0 7.7E-41 8.4E-47  318.8   0.0  287   82-375    90-397 (455)
     109 tr|Q7PRC5|Q7PRC5_ANOGA AGAP002 100.0 8.6E-41 9.3E-47  318.5   0.0  303   73-375    67-380 (491)
     110 tr|A0A183W5E7|A0A183W5E7_TRIRE 100.0 9.4E-41   1E-46  320.0   0.0  291   86-377    52-354 (503)
     111 tr|A0A1S3NAI3|A0A1S3NAI3_SALSA 100.0 9.6E-41   1E-46  313.1   0.0  286   87-376    97-387 (439)
     112 tr|A0A0Q3PK06|A0A0Q3PK06_AMAAE 100.0   1E-40 1.1E-46  335.7   0.0  304   72-377   510-832 (901)
     113 tr|A0A146TL67|A0A146TL67_FUNHE 100.0 8.8E-41 1.1E-46  337.4   0.0  285   85-376    26-405 (442)
     114 tr|A0A2B4REF9|A0A2B4REF9_STYPI 100.0   1E-40 1.1E-46  349.7   0.0  292   87-378   927-1233(1279)
     115 tr|A0A218UB83|A0A218UB83_9PASE 100.0 1.1E-40 1.2E-46  328.2   0.0  285   83-377   191-514 (631)
     116 tr|L9JDH9|L9JDH9_TUPCH Orexin  100.0 1.2E-40 1.3E-46  322.5   0.0  289   87-376   221-574 (621)
     117 tr|A0A1I8NNA2|A0A1I8NNA2_STOCA 100.0 1.2E-40 1.3E-46  324.9   0.0  288   86-374    90-433 (672)
     118 tr|A0A2B4SUH3|A0A2B4SUH3_STYPI 100.0 1.3E-40 1.5E-46  320.2   0.0  282   88-376    28-332 (385)
     119 tr|A0A061ILI5|A0A061ILI5_CRIGR 100.0 1.4E-40 1.5E-46  315.9   0.0  287   87-376   199-492 (528)
     120 tr|A0A1S3J712|A0A1S3J712_LINUN 100.0 1.5E-40 1.6E-46  311.8   0.0  295   80-374    67-380 (437)
     121 tr|A0A232F0R3|A0A232F0R3_9HYME 100.0 1.5E-40 1.6E-46  314.9   0.0  281   87-377   105-425 (458)
     122 tr|A0A1S3F7I6|A0A1S3F7I6_DIPOR 100.0 1.9E-40   2E-46  316.1   0.0  295   77-377   158-466 (543)
     123 tr|A7SMQ7|A7SMQ7_NEMVE Predict 100.0   2E-40 2.2E-46  312.1   0.0  283   89-376    15-303 (358)
     124 tr|A0A218V371|A0A218V371_9PASE 100.0 2.3E-40 2.4E-46  317.7   0.0  291   84-378   263-560 (606)
     125 tr|A0A1I8MQS0|A0A1I8MQS0_MUSDO 100.0 2.2E-40 2.5E-46  330.3   0.0  293   80-377   144-441 (572)
     126 tr|W8B9D1|W8B9D1_CERCA 5-hydro 100.0 2.4E-40 2.6E-46  322.4   0.0  295   76-377   253-628 (664)
     127 tr|A0A087UNN0|A0A087UNN0_9ARAC 100.0   3E-40 3.2E-46  310.3   0.0  291   85-376    52-352 (438)
     128 tr|A0A0L8FIS6|A0A0L8FIS6_OCTBM 100.0 2.9E-40 3.2E-46  318.5   0.0  291   83-376    88-421 (485)
     129 tr|A7SFG7|A7SFG7_NEMVE Predict 100.0 3.1E-40 3.5E-46  312.4   0.0  285   85-372    23-309 (364)
     130 tr|C3Z617|C3Z617_BRAFL Unchara 100.0 3.4E-40 3.6E-46  307.5   0.0  299   73-372    21-336 (426)
     131 tr|A0A1S3KDE4|A0A1S3KDE4_LINUN 100.0   4E-40 4.3E-46  319.1   0.0  285   84-370   129-423 (537)
     132 tr|A0A139WEA0|A0A139WEA0_TRICA 100.0 4.9E-40 5.1E-46  305.4   0.0  287   88-377    96-407 (464)
     133 tr|A0A2B4SNZ1|A0A2B4SNZ1_STYPI 100.0 4.4E-40 5.3E-46  319.7   0.0  282   86-375    32-319 (351)
     134 tr|A0A218VDE9|A0A218VDE9_9PASE 100.0 5.7E-40   6E-46  312.5   0.0  280   86-375    24-307 (556)
     135 tr|R4J1H6|R4J1H6_SALSA Cholecy 100.0   6E-40 6.5E-46  310.6   0.0  290   88-379    49-410 (461)
     136 tr|G3R6B9|G3R6B9_GORGO Neurope 100.0 6.8E-40 7.2E-46  311.0   0.0  306   71-377   133-456 (522)
     137 tr|A0A016SN05|A0A016SN05_9BILA 100.0 6.5E-40 7.2E-46  311.0   0.0  310   72-382    37-355 (408)
     138 tr|A0A182FRI7|A0A182FRI7_ANOAL 100.0 6.4E-40 7.3E-46  333.5   0.0  193   77-275   104-300 (677)
     139 tr|A0A2B4S4U3|A0A2B4S4U3_STYPI 100.0 6.8E-40 7.4E-46  303.4   0.0  294   81-376    21-323 (359)
     140 tr|A0A210QNG6|A0A210QNG6_MIZYE 100.0 8.1E-40 8.9E-46  317.0   0.0  298   78-378    32-342 (498)
     141 tr|A0A1S3FYW5|A0A1S3FYW5_DIPOR 100.0 8.5E-40 9.1E-46  302.1   0.0  284   87-377    71-360 (385)
     142 tr|B4NHE1|B4NHE1_DROWI Unchara 100.0 8.9E-40 9.7E-46  317.7   0.0  293   82-377   147-456 (565)
     143 tr|A7RYQ3|A7RYQ3_NEMVE Predict 100.0 8.6E-40   1E-45  317.2   0.0  291   77-377    43-337 (367)
     144 ERR1712223_23408               100.0   1E-39 1.1E-45  308.5   0.0  294   81-374    44-351 (462)
     145 tr|T1KPP2|T1KPP2_TETUR Unchara 100.0   1E-39 1.1E-45  315.6   0.0  280   86-376   152-437 (477)
     146 tr|A0A1I8PG61|A0A1I8PG61_STOCA 100.0 1.1E-39 1.2E-45  326.7   0.0  287   85-376   299-593 (716)
     147 tr|A0A1I8HW07|A0A1I8HW07_9PLAT 100.0 1.1E-39 1.2E-45  322.5   0.0  298   78-379   211-514 (891)
     148 tr|A0A0P6IZB8|A0A0P6IZB8_9CRUS 100.0 1.1E-39 1.2E-45  316.6   0.0  288   86-377   203-496 (559)
     149 tr|A0A2C9JTE5|A0A2C9JTE5_BIOGL 100.0 1.1E-39 1.2E-45  306.1   0.0  303   68-372    36-344 (422)
     150 tr|A0A0P6B7K0|A0A0P6B7K0_9CRUS 100.0 1.3E-39 1.5E-45  322.7   0.0  288   88-378   115-490 (579)
     151 tr|A0A1I8N820|A0A1I8N820_MUSDO 100.0 1.4E-39 1.5E-45  323.8   0.0  280   86-374   305-636 (880)
     152 tr|A0A195CFA6|A0A195CFA6_9HYME 100.0 1.5E-39 1.6E-45  306.0   0.0  305   73-377    92-405 (474)
     153 tr|A7RVQ0|A7RVQ0_NEMVE Predict 100.0 1.5E-39 1.8E-45  314.7   0.0  296   82-377    25-333 (398)
     154 tr|A0A0P5T2I6|A0A0P5T2I6_9CRUS 100.0 1.6E-39 1.8E-45  317.1   0.0  285   89-376    69-411 (542)
     155 tr|A0A0R3NFZ1|A0A0R3NFZ1_DROPS 100.0 1.6E-39 1.8E-45  318.9   0.0  281   89-371   121-410 (536)
     156 tr|A0A1S3J6Z0|A0A1S3J6Z0_LINUN 100.0 1.8E-39 1.9E-45  309.2   0.0  292   87-378    49-348 (464)
     157 tr|T1L051|T1L051_TETUR Unchara 100.0 1.8E-39   2E-45  315.4   0.0  288   86-374    94-386 (598)
     158 tr|W4Z9U8|W4Z9U8_STRPU Unchara 100.0 1.9E-39 2.1E-45  303.5   0.0  287   86-374   108-410 (434)
     159 tr|A0A0P7V5N2|A0A0P7V5N2_9TELE 100.0 1.9E-39 2.1E-45  312.1   0.0  288   83-376    89-402 (468)
     160 tr|T1H8Z5|T1H8Z5_RHOPR Unchara 100.0   2E-39 2.2E-45  306.2   0.0  303   69-372    67-379 (490)
     161 tr|A0A1D1VH49|A0A1D1VH49_RAMVA 100.0 2.2E-39 2.3E-45  306.1   0.0  310   74-383    52-375 (490)
     162 tr|K7GCC3|K7GCC3_PELSI Adrenoc 100.0 2.3E-39 2.5E-45  309.1   0.0  283   88-375    44-363 (488)
     163 tr|A7S8R9|A7S8R9_NEMVE Predict 100.0 2.2E-39 2.6E-45  312.2   0.0  289   81-375    21-338 (398)
     164 tr|B4JN40|B4JN40_DROGR GH24210 100.0 2.4E-39 2.6E-45  309.8   0.0  284   87-374   118-407 (436)
     165 tr|W4YJK4|W4YJK4_STRPU Unchara 100.0 2.4E-39 2.7E-45  314.8   0.0  290   78-377    62-371 (446)
     166 SRR6218665_799277              100.0 2.6E-39 2.7E-45  302.7   0.0  289   87-376   126-420 (456)
     167 ERR1719232_1416524             100.0 2.6E-39 2.8E-45  308.5   0.0  292   86-377    26-326 (454)
     168 tr|A0A226N2C0|A0A226N2C0_CALSU 100.0 2.7E-39 2.9E-45  310.7   0.0  310   64-378   202-523 (569)
     169 tr|A0A1W5BLB8|A0A1W5BLB8_CIOIN 100.0 2.9E-39   3E-45  298.8   0.0  304   72-375   124-432 (483)
     170 tr|A0A0K0PUU9|A0A0K0PUU9_PLADU 100.0 2.8E-39   3E-45  305.6   0.0  299   79-377    47-351 (480)
     171 tr|S7PUA8|S7PUA8_MYOBR C-C che 100.0 2.9E-39 3.2E-45  321.8   0.0  280   83-376   280-567 (603)
     172 tr|A0A210Q372|A0A210Q372_MIZYE 100.0 3.2E-39 3.5E-45  309.8   0.0  296   76-373    47-352 (439)
     173 ERR1719361_2001115             100.0 3.5E-39 3.9E-45  310.8   0.0  285   86-375    25-324 (415)
     174 tr|A0A026VW91|A0A026VW91_OOCBI 100.0 3.7E-39   4E-45  318.4   0.0  293   74-366   169-577 (642)
     175 tr|A0A060XRS0|A0A060XRS0_ONCMY 100.0 3.8E-39 4.1E-45  323.5   0.0  285   84-378    54-378 (900)
     176 tr|W5JTF9|W5JTF9_ANODA Somatos 100.0 4.2E-39 4.6E-45  311.6   0.0  291   84-377    53-349 (526)
     177 tr|A0A091CRU0|A0A091CRU0_FUKDA 100.0 4.3E-39 4.7E-45  323.2   0.0  279   83-377   406-694 (720)
     178 tr|A0A147AMP5|A0A147AMP5_FUNHE 100.0   4E-39 4.8E-45  325.4   0.0  280   89-378    35-430 (475)
     179 tr|A0A2B4RHV8|A0A2B4RHV8_STYPI 100.0 4.5E-39   5E-45  305.2   0.0  286   82-376   113-400 (421)
     180 tr|A0A1L8HND2|A0A1L8HND2_XENLA 100.0   5E-39 5.6E-45  308.5   0.0  289   86-375   129-427 (452)
     181 tr|A0A287CUD4|A0A287CUD4_ICTTR 100.0 5.2E-39 5.6E-45  305.3   0.0  283   86-377    19-309 (478)
     182 tr|A0A0P6C571|A0A0P6C571_9CRUS 100.0 5.6E-39   6E-45  308.0   0.0  289   85-374    55-444 (558)
     183 tr|V8NQN2|V8NQN2_OPHHA G-prote 100.0 5.6E-39   6E-45  319.6   0.0  275   86-374   304-586 (840)
     184 tr|A0A2B4RR50|A0A2B4RR50_STYPI 100.0 5.7E-39 6.3E-45  305.4   0.0  289   88-380    32-330 (411)
     185 tr|A0A210QY69|A0A210QY69_MIZYE 100.0 6.2E-39 6.7E-45  298.0   0.0  288   86-377    87-379 (400)
     186 tr|A0A146YGA5|A0A146YGA5_FUNHE 100.0 5.8E-39 6.7E-45  322.0   0.0  283   88-376    33-341 (521)
     187 ERR1719204_1244905             100.0 7.1E-39 7.8E-45  307.4   0.0  299   75-373    78-382 (473)
     188 tr|A0A0P7V0U8|A0A0P7V0U8_9TELE 100.0 7.4E-39 7.9E-45  299.1   0.0  286   86-377    86-376 (439)
     189 tr|A0A2B4RYN6|A0A2B4RYN6_STYPI 100.0 7.4E-39   8E-45  323.1   0.0  289   86-377     9-308 (881)
     190 tr|A0A2D0SD29|A0A2D0SD29_ICTPU 100.0 7.3E-39 8.2E-45  307.1   0.0  278   87-373     6-306 (420)
     191 tr|A0A1S3H6K0|A0A1S3H6K0_LINUN 100.0 7.8E-39 8.5E-45  302.4   0.0  289   87-376    60-357 (447)
     192 tr|U3U4E1|U3U4E1_NILLU Neurope 100.0 8.2E-39 9.1E-45  315.9   0.0  289   87-378   154-471 (606)
     193 ERR1719341_586736              100.0 8.8E-39 9.8E-45  311.5   0.0  287   86-376    55-355 (513)
     194 tr|A0A0M4EHF7|A0A0M4EHF7_DROBS 100.0 9.3E-39 9.9E-45  312.8   0.0  307   73-380    25-538 (717)
     195 tr|A7RKH9|A7RKH9_NEMVE Predict 100.0 8.8E-39   1E-44  300.7   0.0  281   89-376    29-314 (336)
     196 tr|K1QBA5|K1QBA5_CRAGI Neurope 100.0   1E-38 1.1E-44  299.2   0.0  298   79-376    25-340 (401)
     197 tr|A0A147A4W2|A0A147A4W2_FUNHE 100.0   1E-38 1.2E-44  309.1   0.0  293   86-380    95-448 (502)
     198 ERR1719270_232748              100.0 1.1E-38 1.2E-44  305.4   0.0  292   86-377    32-334 (446)
     199 tr|A0A1A8EW90|A0A1A8EW90_9TELE 100.0 1.1E-38 1.2E-44  302.6   0.0  283   84-372    43-330 (444)
     200 tr|A0A131XUY2|A0A131XUY2_IXORI 100.0 1.2E-38 1.3E-44  304.1   0.0  283   85-376   161-447 (560)
     201 tr|K1PQQ9|K1PQQ9_CRAGI Pyroglu 100.0 1.3E-38 1.4E-44  299.4   0.0  300   76-375    64-378 (406)
     202 tr|A0A131ZXP6|A0A131ZXP6_SARSC 100.0 1.3E-38 1.4E-44  302.0   0.0  288   85-377   122-414 (480)
     203 tr|A0A1D2N6V2|A0A1D2N6V2_ORCCI 100.0 1.4E-38 1.5E-44  295.0   0.0  317   81-403    82-406 (409)
     204 tr|A0A0K0PUV0|A0A0K0PUV0_PLADU 100.0 1.3E-38 1.5E-44  302.9   0.0  281   89-378    19-336 (373)
     205 tr|A7SGB7|A7SGB7_NEMVE Predict 100.0 1.3E-38 1.5E-44  301.6   0.0  281   88-374    20-304 (353)
     206 tr|A0A0M9A044|A0A0M9A044_9HYME 100.0 1.5E-38 1.5E-44  296.6   0.0  286   87-375    37-325 (489)
     207 tr|A0A2B4SHS9|A0A2B4SHS9_STYPI 100.0 1.4E-38 1.5E-44  314.6   0.0  286   88-375    31-325 (566)
     208 tr|A0A2B4R9G2|A0A2B4R9G2_STYPI 100.0 1.4E-38 1.6E-44  303.6   0.0  283   84-373    59-347 (378)
     209 tr|B4MKH9|B4MKH9_DROWI Unchara 100.0 1.5E-38 1.6E-44  305.1   0.0  295   74-374    74-428 (626)
     210 tr|T1JU75|T1JU75_TETUR Unchara 100.0 1.5E-38 1.6E-44  310.7   0.0  289   82-375   140-435 (728)
     211 tr|K1QHX9|K1QHX9_CRAGI Somatos 100.0 1.5E-38 1.7E-44  309.4   0.0  285   86-376    49-340 (456)
     212 tr|A0A2C9JHS9|A0A2C9JHS9_BIOGL 100.0 1.7E-38 1.8E-44  292.2   0.0  298   76-375    63-365 (376)
     213 tr|A0A2B4SI88|A0A2B4SI88_STYPI 100.0 1.8E-38 1.9E-44  319.4   0.0  303   73-377   411-724 (784)
     214 ERR1719273_2766967             100.0 1.8E-38   2E-44  297.9   0.0  301   73-374   104-410 (419)
     215 tr|A0A147B171|A0A147B171_FUNHE 100.0 1.9E-38 2.1E-44  302.5   0.0  293   85-378    88-432 (463)
     216 tr|A0A0F8AVG0|A0A0F8AVG0_LARCR 100.0   2E-38 2.1E-44  303.6   0.0  279   88-371    58-339 (544)
     217 tr|A0A194Q241|A0A194Q241_PAPXU 100.0   2E-38 2.1E-44  312.6   0.0  284   73-375   425-708 (769)
     218 tr|A0A210QL65|A0A210QL65_MIZYE 100.0 2.1E-38 2.2E-44  296.6   0.0  290   86-376    53-347 (428)
     219 tr|A0A212C668|A0A212C668_CEREH 100.0 2.1E-38 2.2E-44  305.2   0.0  279   88-375   222-556 (558)
     220 tr|O44426|O44426_LYMST Cardioe 100.0 2.2E-38 2.3E-44  294.4   0.0  305   73-378    85-392 (465)
     221 tr|A0A1S3W6N0|A0A1S3W6N0_ERIEU 100.0 2.1E-38 2.3E-44  308.1   0.0  281   88-373   134-441 (596)
     222 tr|A0A1J1HLH3|A0A1J1HLH3_9DIPT 100.0 2.1E-38 2.3E-44  301.9   0.0  289   86-375    61-359 (431)
     223 tr|A7RRH0|A7RRH0_NEMVE Predict 100.0 2.2E-38 2.5E-44  316.4   0.0  287   83-377    24-317 (700)
     224 tr|A0A1S3FWK5|A0A1S3FWK5_DIPOR 100.0 2.5E-38 2.6E-44  310.2   0.0  281   85-375   416-729 (786)
     225 tr|A0A2B4SGU1|A0A2B4SGU1_STYPI 100.0 2.4E-38 2.7E-44  302.7   0.0  292   82-375    51-358 (402)
     226 tr|E6ZEU6|E6ZEU6_DICLA Neurome 100.0 2.4E-38 2.7E-44  308.2   0.0  288   86-375    89-394 (461)
     227 tr|A0A146NY53|A0A146NY53_FUNHE 100.0 2.5E-38 2.8E-44  307.1   0.0  279   87-374     8-316 (469)
     228 ERR1719336_319105              100.0 2.8E-38   3E-44  301.3   0.0  287   89-375    62-366 (451)
     229 tr|A0A2B4S6X2|A0A2B4S6X2_STYPI 100.0 2.9E-38 3.2E-44  297.5   0.0  278   88-374    26-322 (379)
     230 tr|A0A1S3L0J1|A0A1S3L0J1_SALSA 100.0 3.3E-38 3.6E-44  305.6   0.0  283   82-373    72-403 (533)
     231 tr|L5M4Z9|L5M4Z9_MYODS C-C che 100.0 3.8E-38   4E-44  305.2   0.0  275   87-374   271-554 (590)
     232 tr|H2Q292|H2Q292_PANTR Unchara 100.0 3.9E-38 4.2E-44  300.4   0.0  291   78-376    74-404 (492)
     233 tr|A0A210QT45|A0A210QT45_MIZYE 100.0 3.9E-38 4.2E-44  291.9   0.0  288   89-379    41-349 (395)
     234 tr|A0A0A7RC79|A0A0A7RC79_RHOPR 100.0 3.9E-38 4.3E-44  297.0   0.0  289   86-377    76-375 (404)
     235 tr|A0A0Q3X1E4|A0A0Q3X1E4_AMAAE 100.0 4.3E-38 4.6E-44  312.9   0.0  289   83-374   154-500 (789)
     236 tr|A0A060X5F3|A0A060X5F3_ONCMY 100.0 5.1E-38 5.8E-44  323.6   0.0  279   84-376   413-703 (840)
     237 tr|A7RKP0|A7RKP0_NEMVE Predict 100.0 5.1E-38 5.9E-44  297.3   0.0  284   86-377     8-309 (350)
     238 tr|L9JWP3|L9JWP3_TUPCH C-C che 100.0 5.5E-38 6.1E-44  316.6   0.0  281   83-378   385-672 (702)
     239 tr|A0A0K2TJR3|A0A0K2TJR3_LEPSM 100.0 5.7E-38 6.2E-44  293.0   0.0  289   89-378    58-359 (402)
     240 tr|A0A147AUP2|A0A147AUP2_FUNHE 100.0 5.6E-38 6.4E-44  306.9   0.0  267   87-359   122-391 (482)
     241 tr|A0A1D2MLL8|A0A1D2MLL8_ORCCI 100.0 6.4E-38 6.8E-44  292.7   0.0  305   70-374    76-392 (441)
     242 tr|B0XGN8|B0XGN8_CULQU Neurope 100.0 6.8E-38 7.3E-44  291.7   0.0  284   85-372    88-379 (434)
     243 ERR1719234_923835              100.0 6.6E-38 7.3E-44  296.9   0.0  294   85-378    22-327 (422)
     244 tr|A0A1V4J9K1|A0A1V4J9K1_PATFA 100.0 7.5E-38   8E-44  313.4   0.0  285   84-374   319-606 (939)
     245 tr|A0A0P7V1N0|A0A0P7V1N0_9TELE 100.0 7.8E-38 8.3E-44  293.8   0.0  279   88-371   117-400 (436)
     246 tr|C7SLZ0|C7SLZ0_APLKU Seroton 100.0 7.5E-38 8.5E-44  307.1   0.0  289   76-375    63-424 (485)
     247 tr|A0A074ZDM6|A0A074ZDM6_9TREM 100.0 8.1E-38 8.6E-44  289.2   0.0  287   91-380    30-352 (393)
     248 tr|A0A210QVM6|A0A210QVM6_MIZYE 100.0 8.1E-38 8.7E-44  291.8   0.0  292   81-373    76-382 (413)
     249 tr|A0A0S0WMT8|A0A0S0WMT8_DROME 100.0 8.2E-38 8.7E-44  302.1   0.0  287   84-375   144-436 (593)
     250 tr|C3Z3H5|C3Z3H5_BRAFL Unchara 100.0 9.1E-38 9.9E-44  292.4   0.0  289   87-377    82-376 (405)
     251 tr|A7RYR4|A7RYR4_NEMVE Predict 100.0 8.9E-38 1.1E-43  304.6   0.0  282   86-377    22-309 (352)
     252 tr|A0A0F8AXQ5|A0A0F8AXQ5_LARCR 100.0 1.1E-37 1.1E-43  290.3   0.0  285   87-375   116-405 (433)
     253 tr|A0A061IHH7|A0A061IHH7_CRIGR 100.0 1.1E-37 1.2E-43  325.0   0.0  280   87-376   622-920 (934)
     254 tr|A0A1I8CW77|A0A1I8CW77_9BILA 100.0 1.2E-37 1.2E-43  324.8   0.0  306   67-373    17-389 (2500)
     255 tr|A0A0N7KWU9|A0A0N7KWU9_LYMST 100.0 1.2E-37 1.3E-43  298.1   0.0  298   78-376    68-447 (494)
     256 tr|A0A1S3JCV4|A0A1S3JCV4_LINUN 100.0 1.2E-37 1.3E-43  292.9   0.0  316   59-377    37-370 (414)
     257 tr|L7LWW3|L7LWW3_9ACAR Putativ 100.0 1.2E-37 1.3E-43  306.2   0.0  184   86-276   111-296 (624)
     258 tr|A0A2C9K7V1|A0A2C9K7V1_BIOGL 100.0 1.2E-37 1.3E-43  294.6   0.0  283   88-371    21-321 (442)
     259 tr|A0A182FUW3|A0A182FUW3_ANOAL 100.0 1.3E-37 1.4E-43  306.9   0.0  284   87-375   197-486 (666)
     260 tr|A0A0K0PUK6|A0A0K0PUK6_PLADU 100.0 1.3E-37 1.4E-43  295.9   0.0  299   78-376    46-362 (405)
     261 tr|A0A183TGM8|A0A183TGM8_SCHSO 100.0 1.3E-37 1.4E-43  298.2   0.0  288   85-376    64-373 (446)
     262 tr|A0A146NR64|A0A146NR64_FUNHE 100.0 1.4E-37 1.5E-43  296.5   0.0  280   85-371   119-416 (449)
     263 tr|A0A1A9YSZ7|A0A1A9YSZ7_GLOFF 100.0 1.5E-37 1.6E-43  308.8   0.0  278   86-372   249-576 (750)
     264 tr|A0A2G8KL37|A0A2G8KL37_STIJA 100.0 1.5E-37 1.6E-43  289.3   0.0  293   86-380    50-404 (439)
     265 tr|A0A091DLL4|A0A091DLL4_FUKDA 100.0 1.5E-37 1.6E-43  293.5   0.0  285   86-376    34-345 (474)
     266 tr|A0A1V4KKE4|A0A1V4KKE4_PATFA 100.0 1.6E-37 1.7E-43  303.6   0.0  279   87-371   407-688 (724)
     267 tr|A0A0L0C8J1|A0A0L0C8J1_LUCCU 100.0 1.6E-37 1.7E-43  303.9   0.0  286   86-376   226-519 (661)
     268 tr|A0A1U7SLA2|A0A1U7SLA2_TARSY 100.0 1.6E-37 1.7E-43  301.4   0.0  279   89-377   128-451 (601)
     269 tr|A0A091DQD0|A0A091DQD0_FUKDA 100.0 1.6E-37 1.7E-43  298.6   0.0  277   86-376   180-464 (499)
     270 tr|A0A1V9XEV7|A0A1V9XEV7_9ACAR 100.0 1.7E-37 1.8E-43  293.5   0.0  289   87-376   136-430 (502)
     271 tr|U3U953|U3U953_NILLU Neurope 100.0 1.7E-37 1.8E-43  286.3   0.0  301   82-383    33-340 (432)
     272 tr|M7BJE0|M7BJE0_CHEMY 5-hydro 100.0 1.6E-37 1.8E-43  309.8   0.0  277   89-376   275-593 (685)
     273 tr|A0A2B4STD8|A0A2B4STD8_STYPI 100.0 1.7E-37   2E-43  307.5   0.0  282   86-377    99-386 (524)
     274 tr|A0A091DX38|A0A091DX38_FUKDA 100.0 1.9E-37   2E-43  309.0   0.0  286   86-377   143-430 (878)
     275 tr|T1FXW9|T1FXW9_HELRO Unchara 100.0 1.9E-37 2.1E-43  297.5   0.0  302   73-374   141-453 (510)
     276 tr|A0A1S2ZIZ2|A0A1S2ZIZ2_ERIEU 100.0   2E-37 2.1E-43  299.8   0.0  285   87-376   202-532 (620)
     277 tr|A7SBY6|A7SBY6_NEMVE Predict 100.0 2.1E-37 2.4E-43  307.7   0.0  282   87-376    23-310 (467)
     278 tr|A0A147AVH6|A0A147AVH6_FUNHE 100.0 2.2E-37 2.4E-43  305.0   0.0  276   88-373   195-618 (618)
     279 tr|W4Z3I5|W4Z3I5_STRPU Unchara 100.0 2.5E-37 2.8E-43  295.2   0.0  290   83-375    46-393 (461)
     280 tr|A0A2B4RGY6|A0A2B4RGY6_STYPI 100.0 2.5E-37 2.9E-43  295.0   0.0  282   89-377    10-298 (348)
     281 tr|A7S3S6|A7S3S6_NEMVE Predict 100.0 2.5E-37   3E-43  300.9   0.0  271   86-363    23-306 (365)
     282 tr|A7RQG0|A7RQG0_NEMVE Predict 100.0 2.8E-37 3.2E-43  295.9   0.0  284   87-373    19-312 (351)
     283 tr|A0A210QIB3|A0A210QIB3_MIZYE 100.0 3.1E-37 3.3E-43  296.2   0.0  327   37-371    50-391 (543)
     284 tr|A0A218UP03|A0A218UP03_9PASE 100.0 3.4E-37 3.6E-43  312.7   0.0  277   83-373   787-1072(1110)
     285 tr|Q7Q9B7|Q7Q9B7_ANOGA AGAP003 100.0 3.6E-37 3.8E-43  307.7   0.0  298   84-403    56-362 (862)
     286 tr|K1PQM6|K1PQM6_CRAGI Putativ 100.0 3.5E-37 3.8E-43  293.5   0.0  295   84-381    89-400 (429)
     287 tr|A0A210R670|A0A210R670_MIZYE 100.0 3.8E-37   4E-43  284.7   0.0  290   86-376    25-317 (384)
     288 tr|A0A2B4SIA2|A0A2B4SIA2_STYPI 100.0 3.6E-37 4.1E-43  295.2   0.0  282   86-374    59-359 (370)
     289 tr|A0A0P7XE55|A0A0P7XE55_9TELE 100.0   4E-37 4.3E-43  304.4   0.0  291   79-378    44-370 (782)
     290 tr|A0A1V4JU97|A0A1V4JU97_PATFA 100.0 4.1E-37 4.5E-43  304.9   0.0  287   88-377    67-362 (615)
     291 tr|A0A210QTN0|A0A210QTN0_MIZYE 100.0 4.2E-37 4.6E-43  286.2   0.0  286   87-375    52-359 (384)
     292 tr|A0A1L7H7D8|A0A1L7H7D8_SACKO 100.0 4.4E-37 4.7E-43  287.4   0.0  284   83-378    69-367 (424)
     293 tr|F1L269|F1L269_ASCSU Neurope 100.0 4.5E-37   5E-43  302.4   0.0  312   64-376    55-417 (554)
     294 ERR1719270_1554046             100.0 4.8E-37 5.1E-43  289.3   0.0  307   71-378    53-363 (492)
     295 tr|A0A0K0PUJ3|A0A0K0PUJ3_PLADU 100.0 5.1E-37 5.4E-43  289.8   0.0  285   87-377    55-351 (475)
     296 tr|A0A0R3W1X6|A0A0R3W1X6_TAEAS 100.0 5.1E-37 5.5E-43  292.1   0.0  303   73-375    26-430 (466)
     297 sp|Q804Q2|OPN4B_GADMO Melanops 100.0 5.2E-37 5.7E-43  299.6   0.0  288   86-376    19-317 (615)
     298 tr|A0A1A8ANJ7|A0A1A8ANJ7_NOTFU 100.0 5.4E-37 5.7E-43  288.7   0.0  290   85-378   106-402 (489)
     299 tr|A0A210PF75|A0A210PF75_MIZYE 100.0 5.4E-37 5.8E-43  289.3   0.0  286   86-372    65-358 (444)
     300 tr|T1K7H9|T1K7H9_TETUR Unchara 100.0 5.6E-37 5.8E-43  281.4   0.0  290   74-371    64-353 (401)
     301 tr|K1RR88|K1RR88_CRAGI 5-hydro 100.0 5.4E-37 5.9E-43  287.4   0.0  292   86-381    57-357 (407)
     302 tr|A0A226DFM2|A0A226DFM2_FOLCA 100.0 5.7E-37 5.9E-43  287.0   0.0  287   86-372   108-427 (486)
     303 tr|A0A2B4SS31|A0A2B4SS31_STYPI 100.0 5.3E-37   6E-43  290.3   0.0  288   86-375    23-316 (354)
     304 tr|Q964E5|Q964E5_GIRTI Putativ 100.0 5.6E-37 6.1E-43  287.7   0.0  301   76-377     9-320 (402)
     305 tr|A0A1D2NLE3|A0A1D2NLE3_ORCCI 100.0 5.9E-37 6.2E-43  290.7   0.0  287   86-377   115-407 (499)
     306 tr|A7SG00|A7SG00_NEMVE Predict 100.0 6.2E-37 7.1E-43  298.2   0.0  295   78-376    43-353 (427)
     307 tr|A0A060XH49|A0A060XH49_ONCMY 100.0 6.6E-37 7.2E-43  313.1   0.0  281   93-378    56-386 (945)
     308 tr|A0A0N8EPB2|A0A0N8EPB2_9CRUS 100.0 7.1E-37 7.4E-43  289.3   0.0  286   88-376    68-411 (544)
     309 SRR6218665_1286431             100.0   7E-37 7.5E-43  290.1   0.0  289   86-376    48-341 (477)
     310 tr|A0A2B4RSX7|A0A2B4RSX7_STYPI 100.0 7.3E-37 8.3E-43  293.1   0.0  289   80-377    53-363 (389)
     311 tr|A0A0B2UYY4|A0A0B2UYY4_TOXCA 100.0 7.5E-37 8.3E-43  294.1   0.0  286   86-375    83-385 (437)
     312 tr|I3KRG5|I3KRG5_ORENI FGFR1 o 100.0 7.9E-37 8.9E-43  299.9   0.0  276   86-375   148-449 (489)
     313 tr|E2AX14|E2AX14_CAMFO Neurope 100.0 8.3E-37 9.2E-43  302.7   0.0  288   81-372    73-389 (614)
     314 tr|A0A2B4RYQ1|A0A2B4RYQ1_STYPI 100.0 8.3E-37 9.3E-43  291.4   0.0  303   73-377    34-363 (418)
     315 tr|A7S169|A7S169_NEMVE Predict 100.0 8.4E-37 9.5E-43  288.6   0.0  290   77-374    10-305 (347)
     316 tr|W4XZS5|W4XZS5_STRPU Unchara 100.0   9E-37 9.7E-43  284.2   0.0  284   81-371    30-338 (399)
     317 tr|A0A2B4S1Z5|A0A2B4S1Z5_STYPI 100.0 8.8E-37 9.8E-43  298.4   0.0  265   87-376    27-299 (514)
     318 tr|A0A146TP77|A0A146TP77_FUNHE 100.0 8.3E-37 9.9E-43  309.1   0.0  283   89-379    50-427 (522)
     319 tr|A0A147A9P7|A0A147A9P7_FUNHE 100.0 9.5E-37   1E-42  294.1   0.0  279   90-375    19-343 (523)
     320 tr|A0A0P7U113|A0A0P7U113_9TELE 100.0 9.3E-37   1E-42  294.5   0.0  267   86-370   148-416 (452)
     321 tr|A0A2B4SAU9|A0A2B4SAU9_STYPI 100.0 9.4E-37   1E-42  313.1   0.0  289   82-377    20-317 (850)
     322 tr|A0A218UQZ0|A0A218UQZ0_9PASE 100.0   1E-36 1.1E-42  282.8   0.0  288   90-377    39-330 (432)
     323 tr|A0A0K0PVN8|A0A0K0PVN8_PLADU 100.0   1E-36 1.1E-42  287.1   0.0  288   84-372    92-416 (501)
     324 GraSoiStandDraft_4_1057263.sca 100.0   1E-36 1.1E-42  286.5   0.0  291   84-376    61-362 (395)
     325 tr|A0A2B4SSZ0|A0A2B4SSZ0_STYPI 100.0 9.6E-37 1.1E-42  297.2   0.0  284   89-376    21-305 (381)
     326 tr|A0A1A8K3T1|A0A1A8K3T1_NOTKU 100.0 1.1E-36 1.2E-42  296.7   0.0  284   84-375    47-484 (621)
     327 tr|A0A0A1XP03|A0A0A1XP03_ZEUCU 100.0 1.1E-36 1.2E-42  308.1   0.0  291   83-377   232-541 (660)
     328 tr|A0A2D0TBG0|A0A2D0TBG0_ICTPU 100.0 1.2E-36 1.3E-42  285.1   0.0  282   89-375    66-371 (429)
     329 tr|A0A1B0G070|A0A1B0G070_GLOMM 100.0 1.2E-36 1.3E-42  294.2   0.0  305   73-378    74-436 (620)
     330 tr|A0A0K0PUI1|A0A0K0PUI1_PLADU 100.0 1.2E-36 1.3E-42  292.9   0.0  288   85-377    63-358 (583)
     331 tr|A0A1W2W6Z4|A0A1W2W6Z4_CIOIN 100.0 1.2E-36 1.3E-42  301.2   0.0  276   88-375   101-398 (629)
     332 tr|I6R4U4|I6R4U4_9BILA Onychop 100.0 1.2E-36 1.3E-42  309.3   0.0  287   85-374   143-443 (873)
     333 tr|A0A0M8ZY33|A0A0M8ZY33_9HYME 100.0 1.2E-36 1.4E-42  291.9   0.0  280   73-371    77-362 (465)
     334 tr|A7SFM3|A7SFM3_NEMVE Predict 100.0 1.2E-36 1.4E-42  295.7   0.0  287   84-374    37-336 (356)
     335 tr|A0A182F973|A0A182F973_ANOAL 100.0 1.3E-36 1.4E-42  291.9   0.0  282   84-374   159-503 (556)
     336 tr|A0A1I8PF57|A0A1I8PF57_STOCA 100.0 1.4E-36 1.5E-42  305.2   0.0  290   77-373   375-744 (784)
     337 tr|W4Z105|W4Z105_STRPU Unchara 100.0 1.4E-36 1.5E-42  286.6   0.0  285   87-375    68-355 (433)
     338 tr|A0A0P6C2B0|A0A0P6C2B0_9CRUS 100.0 1.5E-36 1.7E-42  300.3   0.0  284   89-374   172-531 (543)
     339 tr|M3ZYH7|M3ZYH7_XIPMA Unchara 100.0 1.5E-36 1.7E-42  291.5   0.0  288   74-374    74-372 (397)
     340 tr|Q6VUB7|Q6VUB7_BRAFL Dopamin 100.0 1.7E-36 1.8E-42  278.2   0.0  281   86-378    40-341 (394)
     341 tr|A0A182F923|A0A182F923_ANOAL 100.0 1.7E-36 1.8E-42  291.3   0.0  291   86-376   151-451 (520)
     342 ERR1719232_11025               100.0 1.7E-36 1.8E-42  298.7   0.0  290   85-374    87-400 (559)
     343 tr|A0A2B4SSA0|A0A2B4SSA0_STYPI 100.0 1.7E-36 1.9E-42  288.1   0.0  292   83-374    64-365 (423)
     344 tr|A0A0N0BC55|A0A0N0BC55_9HYME 100.0 1.9E-36   2E-42  291.9   0.0  286   86-376   206-494 (615)
     345 tr|A0A2B4RXA7|A0A2B4RXA7_STYPI 100.0 1.7E-36   2E-42  288.7   0.0  255   98-379    16-277 (328)
     346 tr|U3U4G2|U3U4G2_NILLU Neurope 100.0 1.8E-36   2E-42  299.9   0.0  294   83-377    31-351 (496)
     347 tr|W4XZB8|W4XZB8_STRPU Unchara 100.0 1.9E-36 2.1E-42  289.6   0.0  275   87-374    21-309 (400)
     348 tr|C3Z7J8|C3Z7J8_BRAFL Unchara 100.0   2E-36 2.1E-42  291.0   0.0  289   86-375   146-457 (549)
     349 tr|A0A0P6JFN0|A0A0P6JFN0_HETGA 100.0 1.9E-36 2.2E-42  296.8   0.0  286   86-373    96-402 (433)
     350 tr|A0A1I8FSG9|A0A1I8FSG9_9PLAT 100.0 2.2E-36 2.4E-42  292.0   0.0  282   86-375   108-448 (550)
     351 tr|A0A147AXX1|A0A147AXX1_FUNHE 100.0 2.3E-36 2.5E-42  287.7   0.0  281   86-374    38-328 (490)
     352 Marorgknorr_s2lv_2_1036014.sca 100.0 2.3E-36 2.6E-42  290.0   0.0  292   84-377    28-333 (366)
     353 tr|A0A1S3IXU9|A0A1S3IXU9_LINUN 100.0 2.5E-36 2.7E-42  280.8   0.0  298   77-380    25-324 (425)
     354 tr|W4Y502|W4Y502_STRPU Unchara 100.0 2.6E-36   3E-42  291.3   0.0  273   88-375   111-387 (422)
     355 tr|F1R2F3|F1R2F3_DANRE Neurope 100.0 2.8E-36   3E-42  298.4   0.0  286   81-371   398-688 (731)
     356 tr|L8Y5L0|L8Y5L0_TUPCH Alpha-2 100.0 2.9E-36 3.2E-42  305.1   0.0  278   87-374   395-817 (823)
     357 tr|A7RIF2|A7RIF2_NEMVE Predict 100.0 3.1E-36 3.3E-42  276.7   0.0  298   77-375    10-313 (348)
     358 tr|A0A151MLB5|A0A151MLB5_ALLMI 100.0 3.2E-36 3.4E-42  298.4   0.0  290   84-374   496-833 (839)
     359 tr|A0A0K2T748|A0A0K2T748_LEPSM 100.0 3.2E-36 3.4E-42  280.7   0.0  291   85-377    39-333 (390)
     360 tr|A7RU09|A7RU09_NEMVE Predict 100.0 3.2E-36 3.5E-42  290.2   0.0  292   84-376    25-327 (476)
     361 tr|S7Q447|S7Q447_MYOBR Neurome 100.0 3.4E-36 3.7E-42  288.9   0.0  284   88-376   161-500 (568)
     362 tr|A0A1U7TJB8|A0A1U7TJB8_TARSY 100.0 3.5E-36 3.7E-42  288.8   0.0  286   89-376   266-562 (585)
     363 AntAceMinimDraft_8_1070364.sca 100.0 3.3E-36 3.7E-42  284.4   0.0  284   88-377    40-358 (406)
     364 tr|A0A182TQN5|A0A182TQN5_9DIPT 100.0 3.6E-36 3.8E-42  293.8   0.0  290   86-377   134-496 (613)
     365 tr|K1Q037|K1Q037_CRAGI Neurome 100.0 3.7E-36 3.9E-42  280.4   0.0  289   89-378    34-329 (436)
     366 tr|F6ZHC8|F6ZHC8_CIOIN Unchara 100.0 3.7E-36   4E-42  288.7   0.0  289   86-376    91-468 (527)
     367 tr|A0A218UTA6|A0A218UTA6_9PASE 100.0 3.7E-36   4E-42  297.8   0.0  277   89-374    61-442 (738)
     368 tr|A0A2C9K803|A0A2C9K803_BIOGL 100.0 3.9E-36 4.1E-42  288.0   0.0  295   81-375   206-518 (580)
     369 tr|A0A1B0AGN9|A0A1B0AGN9_GLOPL 100.0 3.8E-36 4.1E-42  300.1   0.0  294   76-373   159-463 (845)
     370 tr|B3S346|B3S346_TRIAD Unchara 100.0 3.7E-36 4.2E-42  288.0   0.0  286   86-379    20-316 (365)
     371 tr|A0A2B4RYK8|A0A2B4RYK8_STYPI 100.0   4E-36 4.4E-42  303.4   0.0  285   85-374    24-330 (761)
     372 tr|C3XPE3|C3XPE3_BRAFL Unchara 100.0 4.1E-36 4.4E-42  309.9   0.0  280   87-377   738-1042(1421)
     373 tr|A0A0P6B3L3|A0A0P6B3L3_9CRUS 100.0 4.3E-36 4.6E-42  289.9   0.0  290   81-375    28-412 (623)
     374 tr|A7SX62|A7SX62_NEMVE Predict 100.0 4.8E-36 5.3E-42  276.6   0.0  263   94-376    27-301 (335)
     375 tr|A0A1S3KCK0|A0A1S3KCK0_LINUN 100.0 5.1E-36 5.4E-42  271.1   0.0  284   89-374    37-331 (359)
     376 tr|A0A0B1TCW2|A0A0B1TCW2_OESDE 100.0 5.1E-36 5.6E-42  288.6   0.0  307   77-383    22-359 (480)
     377 tr|A0A2C9KB37|A0A2C9KB37_BIOGL 100.0 5.2E-36 5.6E-42  286.2   0.0  284   89-374   105-466 (513)
     378 tr|L9KFJ4|L9KFJ4_TUPCH Cholecy 100.0 5.7E-36   6E-42  284.4   0.0  294   77-377    33-379 (585)
     379 tr|A0A210QHU6|A0A210QHU6_MIZYE 100.0 5.9E-36 6.4E-42  284.8   0.0  291   87-378    77-381 (448)
     380 tr|C3Z5T5|C3Z5T5_BRAFL Unchara 100.0 6.1E-36 6.6E-42  277.0   0.0  289   83-375    35-328 (389)
     381 tr|B5DNP6|B5DNP6_DROPS Unchara 100.0 6.1E-36 6.6E-42  293.2   0.0  287   91-379   147-563 (625)
     382 tr|A0A2B4SC76|A0A2B4SC76_STYPI 100.0 5.8E-36 6.6E-42  286.2   0.0  288   86-374    34-332 (380)
     383 tr|A0A0L8I1Y4|A0A0L8I1Y4_OCTBM 100.0 6.3E-36 6.7E-42  277.5   0.0  287   89-376    45-363 (426)
     384 tr|E2BFW0|E2BFW0_HARSA Cholecy 100.0 6.2E-36 6.7E-42  293.8   0.0  291   87-378    83-539 (630)
     385 tr|Q9NHF3|Q9NHF3_APLCA Octopam 100.0 6.7E-36 7.2E-42  277.1   0.0  282   84-373    37-349 (394)
     386 tr|A0A183VWV4|A0A183VWV4_TRIRE 100.0   7E-36 7.6E-42  286.3   0.0  289   79-377    44-449 (509)
     387 tr|A0A193KU92|A0A193KU92_SCHMD 100.0 7.1E-36 7.8E-42  288.5   0.0  290   78-375    50-406 (478)
     388 tr|A0A2B4RN62|A0A2B4RN62_STYPI 100.0 7.4E-36 8.2E-42  285.9   0.0  290   84-377   110-411 (438)
     389 tr|B4M0I5|B4M0I5_DROVI Unchara 100.0 7.6E-36 8.2E-42  284.4   0.0  281   85-374   105-420 (506)
     390 ERR1719427_52047               100.0 7.8E-36 8.3E-42  285.8   0.0  302   73-375    87-468 (528)
     391 tr|A0A151IFQ2|A0A151IFQ2_9HYME 100.0 7.5E-36 8.4E-42  314.1   0.0  288   88-376    46-372 (1113)
     392 SRR6218665_1050351             100.0 7.6E-36 8.5E-42  285.8   0.0  281   86-374    77-365 (398)
     393 tr|B4LIK1|B4LIK1_DROVI Unchara 100.0 8.1E-36 8.7E-42  287.0   0.0  291   85-377    96-399 (518)
     394 tr|A0A1W4UDX1|A0A1W4UDX1_DROFC 100.0 8.2E-36 9.1E-42  310.7   0.0  184   86-276   479-664 (1014)
     395 tr|C3Z643|C3Z643_BRAFL Unchara 100.0   9E-36 9.6E-42  286.7   0.0  295   77-372    20-349 (563)
     396 tr|A0A1S3SC76|A0A1S3SC76_SALSA 100.0 8.8E-36 9.6E-42  281.3   0.0  287   88-374    42-339 (406)
     397 tr|A0A218UPZ1|A0A218UPZ1_9PASE 100.0 9.3E-36   1E-41  287.1   0.0  285   82-380   213-508 (534)
     398 GraSoiStandDraft_28_1057319.sc 100.0 8.7E-36   1E-41  281.9   0.0  289   86-374    35-332 (333)
     399 tr|A0A182MG56|A0A182MG56_9DIPT 100.0 9.2E-36   1E-41  301.3   0.0  293   80-376    93-407 (751)
     400 tr|A0A0L0C0N1|A0A0L0C0N1_LUCCU 100.0 9.4E-36   1E-41  295.0   0.0  296   72-374   302-668 (707)
     401 tr|A0A1D1W534|A0A1D1W534_RAMVA 100.0 9.5E-36   1E-41  284.8   0.0  287   87-375    57-426 (493)
     402 tr|A0A2B4SUU8|A0A2B4SUU8_STYPI 100.0 9.6E-36 1.1E-41  294.0   0.0  286   84-378    19-313 (557)
     403 tr|A0A146PN09|A0A146PN09_FUNHE 100.0 9.1E-36 1.1E-41  300.5   0.0  286   84-376    38-396 (432)
     404 tr|A0A151NSA8|A0A151NSA8_ALLMI 100.0 1.1E-35 1.2E-41  285.1   0.0  270   86-371    89-370 (406)
     405 tr|A7RN94|A7RN94_NEMVE Predict 100.0   1E-35 1.2E-41  285.5   0.0  287   86-374    40-335 (366)
     406 tr|A0A226ENA2|A0A226ENA2_FOLCA 100.0 1.2E-35 1.3E-41  286.7   0.0  295   80-375    69-405 (566)
     407 tr|A0A218V410|A0A218V410_9PASE 100.0 1.2E-35 1.3E-41  276.0   0.0  285   82-374    96-391 (427)
     408 tr|A0A194QL20|A0A194QL20_PAPMA 100.0 1.2E-35 1.3E-41  280.4   0.0  291   82-375    39-408 (517)
     409 tr|A0A2B4SVS8|A0A2B4SVS8_STYPI 100.0 1.2E-35 1.3E-41  277.5   0.0  290   92-383    45-340 (389)
     410 tr|A0A0N0PF28|A0A0N0PF28_PAPXU 100.0 1.3E-35 1.4E-41  288.0   0.0  280   89-371   163-478 (580)
     411 ERR1719270_744271              100.0 1.3E-35 1.4E-41  293.2   0.0  275   92-374    17-353 (568)
     412 tr|V8NYQ4|V8NYQ4_OPHHA Prolact 100.0 1.4E-35 1.5E-41  290.4   0.0  287   89-375   366-656 (672)
     413 tr|A0A1B0G364|A0A1B0G364_GLOMM 100.0 1.5E-35 1.6E-41  284.5   0.0  304   73-377   118-434 (557)
     414 tr|A7S4C0|A7S4C0_NEMVE Predict 100.0 1.4E-35 1.6E-41  284.0   0.0  288   86-374    46-347 (457)
     415 tr|A0A1V9XYQ8|A0A1V9XYQ8_9ACAR 100.0 1.5E-35 1.6E-41  282.7   0.0  286   88-374    99-404 (503)
     416 tr|A0A2B4RI42|A0A2B4RI42_STYPI 100.0 1.5E-35 1.6E-41  281.1   0.0  280   88-375    27-325 (367)
     417 tr|A0A154P9K2|A0A154P9K2_9HYME 100.0 1.6E-35 1.7E-41  282.8   0.0  280   86-373    51-385 (553)
     418 tr|B3MYQ9|B3MYQ9_DROAN Unchara 100.0 1.6E-35 1.7E-41  292.5   0.0  292   73-376    30-398 (686)
     419 tr|A0A1S3JHZ2|A0A1S3JHZ2_LINUN 100.0 1.6E-35 1.7E-41  287.3   0.0  286   89-377   186-476 (566)
     420 tr|L5JUU1|L5JUU1_PTEAL Melaton 100.0 1.7E-35 1.8E-41  289.7   0.0  289   78-373    21-311 (668)
     421 tr|A0A0R4I9M2|A0A0R4I9M2_DANRE 100.0 1.8E-35 1.9E-41  278.4   0.0  285   86-371    43-341 (455)
     422 tr|A7S1R7|A7S1R7_NEMVE Predict 100.0 1.7E-35   2E-41  283.9   0.0  283   86-377    32-327 (367)
     423 tr|Q29XY7|Q29XY7_APLCA Dopamin 100.0 1.8E-35   2E-41  284.0   0.0  280   85-374    54-376 (450)
     424 tr|A0A0A1XIV8|A0A0A1XIV8_ZEUCU 100.0 1.9E-35 2.1E-41  295.5   0.0  287   85-375    81-378 (796)
     425 tr|A0A195CW68|A0A195CW68_9HYME 100.0 1.9E-35 2.1E-41  293.3   0.0  292   85-376    55-380 (698)
     426 tr|A0A1I8Q6N4|A0A1I8Q6N4_STOCA 100.0 1.9E-35 2.1E-41  298.9   0.0  201   74-277   433-641 (946)
     427 tr|A0A2G9R7F4|A0A2G9R7F4_LITCT 100.0 1.9E-35 2.1E-41  280.6   0.0  271   87-372    50-328 (408)
     428 tr|A0A2G5UN52|A0A2G5UN52_9PELO 100.0 1.9E-35 2.2E-41  295.3   0.0  289   86-376    74-524 (628)
     429 tr|A0A0K0EXI8|A0A0K0EXI8_9BILA 100.0 2.1E-35 2.3E-41  277.8   0.0  298   85-382    69-391 (437)
     430 ERR550534_2290063              100.0 2.2E-35 2.4E-41  278.1   0.0  286   89-375    61-352 (420)
     431 tr|A0A147B3Y1|A0A147B3Y1_FUNHE 100.0 2.1E-35 2.4E-41  293.3   0.0  293   74-371   183-477 (517)
     432 tr|Q8MTW6|Q8MTW6_SPISO Putativ 100.0 2.2E-35 2.5E-41  278.6   0.0  285   83-375    34-350 (388)
     433 tr|Q8MX83|Q8MX83_APLCA G-prote 100.0 2.3E-35 2.5E-41  288.0   0.0  280   85-374   127-561 (567)
     434 tr|A0A1S3GY13|A0A1S3GY13_LINUN 100.0 2.5E-35 2.7E-41  285.4   0.0  291   76-374    71-439 (521)
     435 tr|A0A1I8P5D7|A0A1I8P5D7_STOCA 100.0 2.5E-35 2.7E-41  296.5   0.0  187   82-274   281-472 (785)
     436 SRR6218665_348164              100.0 2.5E-35 2.8E-41  287.6   0.0  288   87-374    30-351 (434)
     437 tr|A0A091DBP5|A0A091DBP5_FUKDA 100.0 2.6E-35 2.9E-41  303.2   0.0  273   88-374   585-866 (894)
     438 tr|C3Y5U6|C3Y5U6_BRAFL Unchara 100.0 2.8E-35 2.9E-41  278.0   0.0  281   91-372   225-510 (541)
     439 tr|A0A2B4RQG2|A0A2B4RQG2_STYPI 100.0 2.7E-35   3E-41  300.4   0.0  284   87-376   401-695 (727)
     440 tr|A0A195BRF4|A0A195BRF4_9HYME 100.0 2.7E-35   3E-41  285.6   0.0  292   75-376    62-449 (475)
     441 tr|A9UMX5|A9UMX5_NEMVE Opsin O 100.0 2.6E-35 3.1E-41  285.5   0.0  285   89-376    15-305 (374)
     442 tr|A0A183ABE7|A0A183ABE7_9TREM 100.0   3E-35 3.1E-41  274.3   0.0  295   82-376     9-316 (457)
     443 tr|Q2V625|Q2V625_PANIN Type 1  100.0 2.9E-35 3.2E-41  290.6   0.0  287   86-379   233-624 (688)
     444 tr|A0A088AKL0|A0A088AKL0_APIME 100.0 3.3E-35 3.4E-41  273.5   0.0  290   81-371    79-378 (487)
     445 tr|A0A2B4S7Y2|A0A2B4S7Y2_STYPI 100.0   3E-35 3.5E-41  283.7   0.0  281   87-375    30-321 (365)
     446 tr|T1JSJ3|T1JSJ3_TETUR Unchara 100.0 3.3E-35 3.5E-41  291.6   0.0  283   87-376   249-645 (747)
     447 tr|A0A0R4J0Z2|A0A0R4J0Z2_MOUSE 100.0 3.5E-35 3.6E-41  271.2   0.0  276   89-370    72-350 (456)
     448 tr|A0A0P6HFQ7|A0A0P6HFQ7_9CRUS 100.0 3.4E-35 3.7E-41  282.7   0.0  303   84-387    43-398 (536)
     449 tr|A0A0Q3X582|A0A0Q3X582_AMAAE 100.0 3.4E-35 3.8E-41  290.5   0.0  282   86-375    82-385 (504)
     450 tr|A0A1D1V4X9|A0A1D1V4X9_RAMVA 100.0 3.7E-35 3.9E-41  281.3   0.0  286   86-373    89-429 (582)
     451 LakMenEpi03Aug12_release.lakeM 100.0 3.9E-35 4.3E-41  272.2   0.0  293   82-380    23-318 (335)
     452 tr|A0A061INJ6|A0A061INJ6_CRIGR 100.0 4.2E-35 4.5E-41  277.6   0.0  288   88-376    48-426 (507)
     453 tr|A0A0K0PVS0|A0A0K0PVS0_PLADU 100.0 4.1E-35 4.5E-41  275.2   0.0  297   74-376    37-338 (382)
     454 tr|K1PPZ4|K1PPZ4_CRAGI Rhodops 100.0 4.2E-35 4.6E-41  284.7   0.0  280   88-370    51-343 (519)
     455 tr|V8NTH6|V8NTH6_OPHHA N-arach 100.0 4.1E-35 4.6E-41  301.9   0.0  291   79-376    22-324 (785)
     456 tr|A0A151P2Y8|A0A151P2Y8_ALLMI 100.0 4.3E-35 4.7E-41  289.6   0.0  281   84-378   300-591 (615)
     457 tr|A0A0Q3MBC6|A0A0Q3MBC6_AMAAE 100.0 4.3E-35 4.7E-41  296.4   0.0  275   90-374   530-820 (838)
     458 tr|A0A1U7SEA3|A0A1U7SEA3_ALLSI 100.0 4.4E-35 4.8E-41  284.3   0.0  284   84-377   108-433 (567)
     459 tr|A0A0U2M149|A0A0U2M149_SACKO 100.0 4.5E-35 4.8E-41  287.7   0.0  283   86-378    85-421 (774)
     460 ERR1711953_42588               100.0 4.4E-35 4.9E-41  289.3   0.0  288   87-376    89-465 (565)
     461 tr|W5MSP8|W5MSP8_LEPOC Adrenoc 100.0 4.6E-35 4.9E-41  275.2   0.0  287   86-377    81-397 (460)
     462 tr|W4XVA2|W4XVA2_STRPU Unchara 100.0 4.5E-35 5.2E-41  290.5   0.0  286   77-376    61-372 (519)
     463 tr|A0A2B4SUB9|A0A2B4SUB9_STYPI 100.0 4.5E-35 5.2E-41  305.4   0.0  283   88-379     8-296 (758)
     464 tr|A0A147AQT9|A0A147AQT9_FUNHE 100.0 4.9E-35 5.2E-41  284.2   0.0  299   69-376    78-466 (633)
     465 tr|A0A1W0XC36|A0A1W0XC36_HYPDU 100.0 5.2E-35 5.5E-41  285.5   0.0  284   86-378    29-396 (722)
     466 tr|T1E1B3|T1E1B3_CUPSA Putativ 100.0 5.2E-35 5.5E-41  275.8   0.0  285   86-373    29-316 (488)
     467 tr|T1KR44|T1KR44_TETUR Unchara 100.0 5.5E-35 5.8E-41  269.3   0.0  288   88-376    57-356 (392)
     468 tr|E9GBE9|E9GBE9_DAPPU NPFG-pr 100.0 5.3E-35 5.9E-41  286.0   0.0  292   86-378    95-404 (532)
     469 tr|A0A0N5CG08|A0A0N5CG08_STREA 100.0 5.6E-35 5.9E-41  303.6   0.0  303   77-381    50-367 (1806)
     470 tr|A0A0V1MAM9|A0A0V1MAM9_9BILA 100.0 5.6E-35 5.9E-41  301.2   0.0  284   88-376   124-505 (1561)
     471 tr|A0A154PLJ2|A0A154PLJ2_9HYME 100.0 5.7E-35   6E-41  279.9   0.0  302   89-391    64-498 (597)
     472 tr|A7S3P4|A7S3P4_NEMVE Predict 100.0 5.5E-35 6.1E-41  269.0   0.0  281   90-370     9-303 (304)
     473 tr|R7TI62|R7TI62_CAPTE Unchara 100.0 5.3E-35 6.2E-41  281.1   0.0  275   88-372    33-359 (360)
     474 tr|A0A0P6HXT6|A0A0P6HXT6_9CRUS 100.0 5.7E-35 6.2E-41  279.3   0.0  285   86-373   153-443 (447)
     475 tr|A0A226PTD4|A0A226PTD4_COLVI 100.0 5.8E-35 6.2E-41  279.9   0.0  275   87-373   112-516 (516)
     476 tr|A0A1E1WD65|A0A1E1WD65_PECGO 100.0 5.7E-35 6.3E-41  290.4   0.0  278   85-373    99-526 (584)
     477 tr|A7RVS6|A7RVS6_NEMVE Predict 100.0   6E-35 6.5E-41  286.2   0.0  292   86-377    17-319 (578)
     478 tr|A0A1V4K609|A0A1V4K609_PATFA 100.0 6.1E-35 6.5E-41  273.1   0.0  252   86-374   121-376 (403)
     479 tr|V9I0H3|V9I0H3_TRICA CCHamid 100.0 6.2E-35 6.7E-41  276.7   0.0  295   83-377    26-332 (423)
     480 tr|A0A1B3P5X7|A0A1B3P5X7_HOMAM 100.0 6.5E-35   7E-41  276.0   0.0  282   84-373    49-405 (452)
     481 ERR1719492_46977               100.0 6.4E-35 7.1E-41  285.3   0.0  266  108-373     1-278 (500)
     482 tr|A0A1S3QV31|A0A1S3QV31_SALSA 100.0 6.7E-35 7.2E-41  283.1   0.0  283   87-372    80-368 (535)
     483 tr|A0A0N4ZFH3|A0A0N4ZFH3_PARTI 100.0 6.7E-35 7.5E-41  286.7   0.0  286   87-376   102-419 (521)
     484 tr|T1J7X3|T1J7X3_STRMM Unchara 100.0 6.7E-35 7.5E-41  282.3   0.0  293   79-372    85-426 (440)
     485 tr|A7RF67|A7RF67_NEMVE Predict 100.0 6.7E-35 7.6E-41  277.3   0.0  284   85-374    19-311 (375)
     486 tr|A0A2H1CFV5|A0A2H1CFV5_FASHE 100.0 7.2E-35 7.6E-41  272.1   0.0  290   86-376    34-331 (419)
     487 tr|A0A0K8WE96|A0A0K8WE96_BACLA 100.0   7E-35 7.7E-41  284.9   0.0  275   94-370   165-468 (540)
     488 tr|A0A061HVK8|A0A061HVK8_CRIGR 100.0 7.2E-35 7.9E-41  277.7   0.0  276   86-370   124-409 (437)
     489 tr|A0A1I8MAM1|A0A1I8MAM1_MUSDO 100.0 7.4E-35   8E-41  296.3   0.0  300   73-374   260-573 (1063)
     490 tr|A0A2B4S931|A0A2B4S931_STYPI 100.0 7.1E-35 8.2E-41  284.0   0.0  282   80-379    64-350 (398)
     491 ERR1719323_733875              100.0 7.8E-35 8.4E-41  271.2   0.0  300   85-392    36-340 (398)
     492 ERR1719192_3032015             100.0   8E-35 8.5E-41  271.6   0.0  294   82-376    41-339 (426)
     493 tr|T1KVH7|T1KVH7_TETUR Unchara 100.0 7.9E-35 8.6E-41  277.8   0.0  283   87-372    56-425 (470)
     494 tr|A0A0N8EK17|A0A0N8EK17_9CRUS 100.0 8.1E-35 8.7E-41  285.9   0.0  290   86-376    54-369 (664)
     495 tr|A0A1B3P987|A0A1B3P987_CANBE 100.0   8E-35 8.8E-41  281.9   0.0  284   84-375   106-458 (476)
     496 tr|K7ISZ6|K7ISZ6_NASVI Unchara 100.0 8.9E-35 9.7E-41  276.9   0.0  293   86-378    94-402 (454)
     497 tr|A0A091E4L4|A0A091E4L4_FUKDA 100.0 9.2E-35 9.7E-41  292.4   0.0  281   87-372   733-1016(1054)
     498 tr|A0A0P7UKW1|A0A0P7UKW1_9TELE 100.0 8.8E-35 9.8E-41  280.9   0.0  278   86-371    89-375 (448)
     499 tr|A0A147AYJ0|A0A147AYJ0_FUNHE 100.0 9.3E-35 9.9E-41  275.8   0.0  285   84-373    29-396 (497)
     500 tr|A0A0P0YUU8|A0A0P0YUU8_LYMST 100.0 9.5E-35   1E-40  274.0   0.0  288   88-377    64-396 (478)
     
  > Uniprot already searched, skipping.
/projects/ilfgrid/apps/alphafold-2.2.0/prep_MSAs.sh: line 93: /bin/hmmbuild: No such file or directory
/projects/ilfgrid/apps/alphafold-2.2.0/prep_MSAs.sh: line 94: /bin/hmmsearch: No such file or directory
> Running chain B
  > Uniref90 already searched, skipping.
  > Mgnify already searched, skipping.
  > Running hhblits on bfd_uniref30
- 00:07:14.947 INFO: Searching 65983866 column state sequences.

- 00:07:16.322 INFO: Searching 29291635 column state sequences.

- 00:07:16.373 INFO: nk3r_human-2090/msas/B/chain_B.fasta is in A2M, A3M or FASTA format

- 00:07:16.374 INFO: Iteration 1

- 00:07:16.382 INFO: Prefiltering database

- 00:08:05.950 INFO: HMMs passed 1st prefilter (gapless profile-profile alignment)  : 14488

- 00:08:29.025 INFO: HMMs passed 1st prefilter (gapless profile-profile alignment)  : 27458

- 00:08:29.042 INFO: HMMs passed 2nd prefilter (gapped profile-profile alignment)   : 59

- 00:08:29.042 INFO: HMMs passed 2nd prefilter and not found in previous iterations : 59

- 00:08:29.042 INFO: Scoring 59 HMMs using HMM-HMM Viterbi alignment

- 00:08:29.092 INFO: Alternative alignment: 0

- 00:08:29.095 INFO: 59 alignments done

- 00:08:29.095 INFO: Alternative alignment: 1

- 00:08:29.097 INFO: 59 alignments done

- 00:08:29.097 INFO: Alternative alignment: 2

- 00:08:29.097 INFO: Alternative alignment: 3

- 00:08:29.159 INFO: Premerge done

- 00:08:29.159 INFO: Realigning 59 HMM-HMM alignments using Maximum Accuracy algorithm

- 00:08:29.174 INFO: 31 sequences belonging to 31 database HMMs found with an E-value < 0.001

- 00:08:29.174 INFO: Number of effective sequences of resulting query HMM: Neff = 2.21156

- 00:08:29.177 INFO: Iteration 2

- 00:08:29.177 INFO: Set premerge to 0! (premerge: 3 iteration: 2 hits.Size: 28)

- 00:08:29.181 INFO: Prefiltering database

- 00:09:17.323 INFO: HMMs passed 1st prefilter (gapless profile-profile alignment)  : 16135

- 00:09:32.499 INFO: HMMs passed 1st prefilter (gapless profile-profile alignment)  : 29759

- 00:09:32.544 INFO: HMMs passed 2nd prefilter (gapped profile-profile alignment)   : 64

- 00:09:32.544 INFO: HMMs passed 2nd prefilter and not found in previous iterations : 36

- 00:09:32.544 INFO: Scoring 36 HMMs using HMM-HMM Viterbi alignment

- 00:09:32.592 INFO: Alternative alignment: 0

- 00:09:32.594 INFO: 36 alignments done

- 00:09:32.594 INFO: Alternative alignment: 1

- 00:09:32.595 INFO: 32 alignments done

- 00:09:32.595 INFO: Alternative alignment: 2

- 00:09:32.595 INFO: 2 alignments done

- 00:09:32.595 INFO: Alternative alignment: 3

- 00:09:32.621 INFO: Realigning 35 HMM-HMM alignments using Maximum Accuracy algorithm

- 00:09:32.639 INFO: 32 sequences belonging to 32 database HMMs found with an E-value < 0.001

- 00:09:32.639 INFO: Number of effective sequences of resulting query HMM: Neff = 2.57669

- 00:09:32.642 INFO: Iteration 3

- 00:09:32.652 INFO: Prefiltering database

- 00:10:25.518 INFO: HMMs passed 1st prefilter (gapless profile-profile alignment)  : 12443

- 00:10:43.360 INFO: HMMs passed 1st prefilter (gapless profile-profile alignment)  : 22193

- 00:10:43.391 INFO: HMMs passed 2nd prefilter (gapped profile-profile alignment)   : 57

- 00:10:43.391 INFO: HMMs passed 2nd prefilter and not found in previous iterations : 28

- 00:10:43.391 INFO: Scoring 28 HMMs using HMM-HMM Viterbi alignment

- 00:10:43.427 INFO: Alternative alignment: 0

- 00:10:43.428 INFO: 28 alignments done

- 00:10:43.428 INFO: Alternative alignment: 1

- 00:10:43.429 INFO: 26 alignments done

- 00:10:43.429 INFO: Alternative alignment: 2

- 00:10:43.429 INFO: 1 alignments done

- 00:10:43.429 INFO: Alternative alignment: 3

- 00:10:43.445 INFO: Rescoring previously found HMMs with Viterbi algorithm

- 00:10:43.470 INFO: Alternative alignment: 0

- 00:10:43.471 INFO: 29 alignments done

- 00:10:43.471 INFO: Alternative alignment: 1

- 00:10:43.472 INFO: 29 alignments done

- 00:10:43.472 INFO: Alternative alignment: 2

- 00:10:43.472 INFO: Alternative alignment: 3

- 00:10:43.489 INFO: Premerge done

- 00:10:43.489 INFO: Realigning 56 HMM-HMM alignments using Maximum Accuracy algorithm

- 00:10:43.504 INFO: 32 sequences belonging to 32 database HMMs found with an E-value < 0.001

- 00:10:43.504 INFO: Number of effective sequences of resulting query HMM: Neff = 2.57669

     Query         neurokinin B gtp:2090
     Match_columns 10
     No_of_seqs    33 out of 241
     Neff          2.57669
     Searched_HMMs 82
     Date          Thu Mar  9 00:10:43 2023
     Command       hhblits -i nk3r_human-2090/msas/B/chain_B.fasta -cpu 4 -maxmem 20 -oa3m /projects/ilfgrid/people/nqz918/code/deorph/scripts/af_arman/af_jobs_af23/nk3r_human/2090//nk3r_human-2090/msas/B/bfd_uniref_hits.a3m -o /dev/null -n 3 -e 0.001 -maxseq 1000000 -realign_max 100000 -maxfilt 100000 -min_prefilter_hits 1000 -d /projects/ilfgrid/data/alphafold-genetic-databases///bfd/bfd_metaclust_clu_complete_id30_c90_final_seq.sorted_opt -d /projects/ilfgrid/data/alphafold-genetic-databases///uniref30/UniRef30_2021_03 
     
      No Hit                             Prob E-value P-value  Score    SS Cols Query HMM  Template HMM
       1 UniRef100_P67935 Neurokinin-B   97.9 3.5E-07 3.6E-13   32.2   0.0   10    1-10      1-10  (10)
       2 UniRef100_A0A024RB36 Neurokini  97.4 6.7E-06 9.5E-12   44.8   0.0   10    1-10    149-158 (224)
       3 tr|A0A147A657|A0A147A657_FUNHE  96.9 0.00013 1.7E-10   38.9   0.0   10    1-10    107-116 (151)
       4 UniRef100_A0A060YPL7 Uncharact  96.9 0.00015   2E-10   39.0   0.0   10    1-10     99-108 (164)
       5 UniRef100_A0A0K0VLU8 Neurokini  96.7 0.00032   4E-10   38.1   0.0   10    1-10    103-112 (161)
       6 UniRef100_UPI00074FD600 tachyk  96.7 0.00037 4.1E-10   35.9   0.0   10    1-10     56-65  (96)
       7 tr|A0A151LZ93|A0A151LZ93_ALLMI  96.6 0.00052   6E-10   37.4   0.0   10    1-10    116-125 (156)
       8 UniRef100_A0A3Q2LP27 Neurokini  96.6 0.00055 6.5E-10   39.3   0.0   10    1-10    227-236 (267)
       9 UniRef100_A0A6B9CTC2 Neurokini  96.5 0.00081 8.4E-10   33.1   0.0   10    1-10     24-33  (64)
      10 UniRef100_A0A0D9QY78 Tachykini  96.4 0.00088   1E-09   34.9   0.0   10    1-10     86-95  (102)
      11 tr|A0A2D4MJD3|A0A2D4MJD3_9SAUR  96.3  0.0016 1.7E-09   35.8   0.0   10    1-10    114-123 (154)
      12 UniRef100_A0A6P8R4A9 tachykini  96.2   0.002   2E-09   33.7   0.0   10    1-10     19-28  (99)
      13 UniRef100_A0A663FF94 Uncharact  96.2  0.0027 2.8E-09   34.5   0.0   10    1-10    100-109 (133)
      14 UniRef100_UPI001176520B tachyk  96.1   0.003 3.1E-09   35.1   0.0   10    1-10    118-127 (164)
      15 UniRef100_A0A6J1V8R6 Neurokini  96.1  0.0029 3.2E-09   35.8   0.0   10    1-10    159-168 (199)
      16 UniRef100_A0A3B1KAN3 Neurokini  96.1   0.003 3.3E-09   35.6   0.0   10    1-10    132-141 (193)
      17 tr|D2H371|D2H371_AILME Unchara  96.1  0.0032 3.5E-09   36.8   0.0   10    1-10    237-246 (277)
      18 UniRef100_A0A4Z2GV08 Neurokini  96.0  0.0034 3.9E-09   35.7   0.0   10    1-10    159-168 (207)
      19 UniRef100_A0A151LZ93 Neurokini  96.0  0.0046 4.9E-09   35.0   0.0   10    1-10    150-159 (190)
      20 UniRef100_UPI0010FB1ACF tachyk  95.9   0.005 5.1E-09   34.0   0.0   10    1-10     95-104 (149)
      21 UniRef100_UPI0013F21371 transl  95.9   0.005 5.2E-09   35.9   0.0   10    1-10    207-216 (254)
      22 UniRef100_UPI001261E00B tachyk  95.9  0.0049 5.2E-09   35.1   0.0   10    1-10    168-177 (202)
      23 UniRef100_A0A3P8NSF2 Neurokini  95.9  0.0047 5.4E-09   35.5   0.0   10    1-10    186-195 (230)
      24 UniRef100_A0A3B3ZZF9 Neurokini  95.9  0.0054 5.5E-09   33.0   0.0   10    1-10     58-67  (117)
      25 UniRef100_A0A670KES8 Neurokini  95.8  0.0073 7.5E-09   35.7   0.0   10    1-10    249-258 (289)
      26 UniRef100_UPI00045748F0 tachyk  95.8  0.0065 7.5E-09   32.9   0.0   10    1-10     81-90  (127)
      27 UniRef100_A0A091D2X6 Neurokini  95.8  0.0078 8.1E-09   33.8   0.0   10    1-10    129-138 (169)
      28 UniRef100_UPI000F4E7A77 tachyk  95.8   0.008 8.3E-09   33.8   0.0   10    1-10    126-135 (171)
      29 UniRef100_UPI0015A52DFB tachyk  95.7  0.0081 8.3E-09   35.3   0.0   10    1-10    234-243 (267)
      30 UniRef100_UPI0010A030C8 tachyk  95.7  0.0086 8.8E-09   33.9   0.0   10    1-10     81-90  (183)
      31 UniRef100_A0A3Q2L2Q8 Neurokini  95.7  0.0087   9E-09   34.2   0.0   10    1-10    159-168 (199)
      32 UniRef100_A0A4W3HD01 Uncharact  95.7  0.0093 9.6E-09   32.4   0.0   10    1-10     66-75  (123)
      33 UniRef100_UPI0013CF281E transl  95.7  0.0099   1E-08   36.2   0.0   10    1-10    350-359 (396)
      34 UniRef100_A0A3B4WVI1 Neurokini  95.6   0.011 1.1E-08   33.5   0.0   10    1-10     78-87  (181)
      35 UniRef100_A0A3Q1CQP4 Neurokini  95.6   0.012 1.2E-08   33.2   0.0   10    1-10     79-88  (171)
      36 UniRef100_UPI00196300C6 tachyk  95.5   0.014 1.4E-08   33.7   0.0   10    1-10    165-174 (215)
      37 UniRef100_A0A2K5V914 Neurokini  95.5   0.013 1.4E-08   32.9   0.0   10    1-10    128-137 (168)
      38 UniRef100_UPI00155F962D tachyk  95.4   0.018 1.8E-08   32.7   0.0   10    1-10     83-92  (179)
      39 UniRef100_UPI00164392AB tachyk  95.3   0.022 2.3E-08   29.7   0.0   10    1-10     41-50  (85)
      40 UniRef100_A0A341APC6 Neurokini  95.1   0.029   3E-08   31.7   0.0   10    1-10    125-134 (165)
      41 UniRef100_E8V5C0 Uncharacteriz  94.6   0.067 6.9E-08   24.4   0.0    8    2-9       1-8   (31)
      42 UniRef100_A0A1S3MHJ2 Neurokini  94.5    0.08 8.2E-08   30.2   0.0   10    1-10    129-138 (161)
      43 tr|A0A024RB36|A0A024RB36_HUMAN  93.9    0.14 1.6E-07   28.7   0.0   10    1-10     81-90  (135)
      44 UniRef100_A0A0K0M4M9 Preprotah  93.0     0.3 3.5E-07   27.1   0.0   10    1-10     77-86  (119)
      45 UniRef100_A0A443GZ08 Uncharact  92.8    0.39 4.1E-07   25.4   0.0    9    1-9      27-35  (76)
      46 UniRef100_A0A5K0ZKV8 Uncharact  92.1    0.62 6.3E-07   21.3   0.0    9    1-9      18-26  (28)
      47 UniRef100_A0A3D0UUT7 Na_Ca_ex   90.8     1.2 1.2E-06   21.0   0.0    8    2-9       1-8   (32)
      48 UniRef100_N0BHY1 Uncharacteriz  90.8     1.2 1.2E-06   23.7   0.0    9    2-10      1-9   (73)
      49 UniRef100_A0A1S3P4S6 uncharact  90.1     1.6 1.6E-06   26.3   0.0   10    1-10    117-126 (195)
      50 UniRef100_A0A671M1G5 Tachykini  90.0     1.6 1.6E-06   24.1   0.0   10    1-10     82-91  (94)
      51 UniRef100_A0A399Z6X1 Uncharact  89.6     1.8 1.9E-06   22.5   0.0    8    2-9       3-10  (60)
      52 UniRef100_A0A5K0YB45 Uncharact  89.6     1.8 1.9E-06   20.9   0.0    9    1-9       8-16  (37)
      53 UniRef100_A0A0V1GZH9 Uncharact  88.8     2.4 2.5E-06   24.1   0.0    8    2-9      13-20  (113)
      54 UniRef100_E1W2F9 Uncharacteriz  88.7     2.5 2.6E-06   20.5   0.0    8    2-9       1-8   (37)
      55 UniRef100_A0A7S3MSJ0 Hypotheti  86.9       4 4.1E-06   23.6   0.0    8    1-8      25-32  (123)
      56 UniRef100_A0A1S3P4S6 uncharact  71.6      34 3.5E-05   21.6   0.0    8    3-10     57-64  (195)
     
  > Uniprot already searched, skipping.
/projects/ilfgrid/apps/alphafold-2.2.0/prep_MSAs.sh: line 93: /bin/hmmbuild: No such file or directory
/projects/ilfgrid/apps/alphafold-2.2.0/prep_MSAs.sh: line 94: /bin/hmmsearch: No such file or directory

>> Job finished at: Thu Mar  9 00:10:48 CET 2023

>> Runtime: 1051 s
