>> Job started at: Thu Feb 23 10:57:03 CET 2023
   On Machine:     ilfgridgpun01fl.unicph.domain
   In directory:   /projects/ilfgrid/people/nqz918/code/deorph/scripts/af_arman/af_jobs_af23/gpr39_human/1579

>> GPU is 

> Running 'prep_MSAs.sh'
  > Alphafold-DB directory is set to /projects/ilfgrid/data/alphafold-genetic-databases//
  > Number of cores was set to set to 2
  > Max memory set to 20 GB
  > Output directory was set to /projects/ilfgrid/people/nqz918/code/deorph/scripts/af_arman/af_jobs_af23/gpr39_human/1579/
  > Input fastafile was set to /projects/ilfgrid/people/nqz918/code/deorph/scripts/af_arman/af_jobs_af23/gpr39_human/1579/gpr39_human-1579.fasta
> Splitting fastafile
> Running chain A
  > Uniref90 already searched, skipping.
  > Mgnify already searched, skipping.
  > Running hhblits on bfd_uniref30
- 10:57:38.922 INFO: Searching 65983866 column state sequences.

- 10:57:40.162 INFO: Searching 29291635 column state sequences.

- 10:57:40.202 INFO: gpr39_human-1579/msas/A/chain_A.fasta is in A2M, A3M or FASTA format

- 10:57:40.202 INFO: Iteration 1

- 10:57:40.515 INFO: Prefiltering database

- 11:05:49.978 INFO: HMMs passed 1st prefilter (gapless profile-profile alignment)  : 2278951

- 11:08:34.515 INFO: HMMs passed 1st prefilter (gapless profile-profile alignment)  : 1038018

- 11:08:42.477 INFO: HMMs passed 2nd prefilter (gapped profile-profile alignment)   : 28572

- 11:08:42.477 INFO: HMMs passed 2nd prefilter and not found in previous iterations : 28572

- 11:08:42.477 INFO: Scoring 28572 HMMs using HMM-HMM Viterbi alignment

- 11:08:42.503 INFO: Alternative alignment: 0

- 11:10:13.355 INFO: 2000 alignments done

- 11:12:09.237 INFO: 4000 alignments done

- 11:13:41.450 INFO: 6000 alignments done

- 11:15:32.999 INFO: 8000 alignments done

- 11:17:42.162 INFO: 10000 alignments done

- 11:19:30.992 INFO: 12000 alignments done

- 11:20:48.818 INFO: 14000 alignments done

- 11:21:34.349 INFO: 16000 alignments done

- 11:22:12.649 INFO: 18000 alignments done

- 11:23:07.406 INFO: 20000 alignments done

- 11:23:57.477 INFO: 22000 alignments done

- 11:24:50.429 INFO: 24000 alignments done

- 11:25:42.507 INFO: 26000 alignments done

- 11:26:46.931 INFO: 28000 alignments done

- 11:27:06.027 INFO: 28572 alignments done

- 11:27:06.029 INFO: Alternative alignment: 1

- 11:29:08.547 INFO: 28476 alignments done

- 11:29:08.644 INFO: Alternative alignment: 2

- 11:29:16.934 INFO: 8601 alignments done

- 11:29:16.962 INFO: Alternative alignment: 3

- 11:29:18.001 INFO: 1693 alignments done

- 11:29:20.332 INFO: Premerge done

- 11:29:20.339 INFO: Realigning 7927 HMM-HMM alignments using Maximum Accuracy algorithm

- 11:31:40.183 INFO: 7930 sequences belonging to 7930 database HMMs found with an E-value < 0.001

- 11:31:40.184 INFO: Number of effective sequences of resulting query HMM: Neff = 10.3552

- 11:31:40.400 INFO: Iteration 2

- 11:31:40.400 INFO: Set premerge to 0! (premerge: 3 iteration: 2 hits.Size: 7927)

- 11:31:40.666 INFO: Prefiltering database

- 11:47:20.995 INFO: HMMs passed 1st prefilter (gapless profile-profile alignment)  : 14440362

- 11:51:40.727 WARNING: Number of hits passing 2nd prefilter (reduced from 179615 to allowed maximum of 100000).
You can increase the allowed maximum using the -maxfilt <max> option.

- 11:53:00.077 INFO: HMMs passed 1st prefilter (gapless profile-profile alignment)  : 4033843

- 11:53:40.019 WARNING: Number of hits passing 2nd prefilter (reduced from 169763 to allowed maximum of 100000).
You can increase the allowed maximum using the -maxfilt <max> option.

- 11:53:40.872 WARNING: database contains sequences that exceed maximum allowed size (maxres = 20001). Max sequence length can be increased with parameter -maxres.

- 11:53:40.892 INFO: HMMs passed 2nd prefilter (gapped profile-profile alignment)   : 200000

- 11:53:40.892 INFO: HMMs passed 2nd prefilter and not found in previous iterations : 192178

- 11:53:40.892 INFO: Scoring 192178 HMMs using HMM-HMM Viterbi alignment

- 11:53:40.916 INFO: Alternative alignment: 0

- 11:53:54.609 INFO: 2000 alignments done

- 11:54:01.542 INFO: 4000 alignments done

- 11:54:23.906 INFO: 6000 alignments done

- 11:54:34.028 INFO: 8000 alignments done

- 11:54:41.518 INFO: 10000 alignments done

- 11:55:00.318 INFO: 12000 alignments done

- 11:55:19.006 INFO: 14000 alignments done

- 11:55:43.778 INFO: 16000 alignments done

- 11:56:50.474 INFO: 18000 alignments done

- 11:56:50.490 INFO: Stop after DB-HHM: 18000 because early stop  15.7045 < filter cutoff 20

- 11:56:50.490 INFO: Alternative alignment: 1

- 11:56:58.510 INFO: 8677 alignments done

- 11:56:58.517 INFO: Alternative alignment: 2

- 11:56:59.710 INFO: 895 alignments done

- 11:56:59.712 INFO: Alternative alignment: 3

- 11:56:59.980 INFO: 159 alignments done

- 11:57:00.095 INFO: Realigning 5335 HMM-HMM alignments using Maximum Accuracy algorithm

- 11:58:49.823 INFO: 13264 sequences belonging to 13264 database HMMs found with an E-value < 0.001

- 11:58:49.823 INFO: Number of effective sequences of resulting query HMM: Neff = 10.545

- 11:58:49.950 INFO: Iteration 3

- 11:58:50.218 INFO: Prefiltering database

- 12:03:40.730 INFO: HMMs passed 1st prefilter (gapless profile-profile alignment)  : 13559722

- 12:06:24.476 WARNING: Number of hits passing 2nd prefilter (reduced from 150676 to allowed maximum of 100000).
You can increase the allowed maximum using the -maxfilt <max> option.

- 12:07:45.559 INFO: HMMs passed 1st prefilter (gapless profile-profile alignment)  : 3760219

- 12:08:28.567 WARNING: Number of hits passing 2nd prefilter (reduced from 149517 to allowed maximum of 100000).
You can increase the allowed maximum using the -maxfilt <max> option.

- 12:08:29.032 WARNING: database contains sequences that exceed maximum allowed size (maxres = 20001). Max sequence length can be increased with parameter -maxres.

- 12:08:29.032 INFO: HMMs passed 2nd prefilter (gapped profile-profile alignment)   : 200000

- 12:08:29.032 INFO: HMMs passed 2nd prefilter and not found in previous iterations : 186959

- 12:08:29.032 INFO: Scoring 186959 HMMs using HMM-HMM Viterbi alignment

- 12:08:29.056 INFO: Alternative alignment: 0

- 12:09:17.803 INFO: 2000 alignments done

- 12:09:43.490 INFO: 4000 alignments done

- 12:10:26.955 INFO: 6000 alignments done

- 12:11:37.100 INFO: 8000 alignments done

- 12:12:44.066 INFO: 10000 alignments done

- 12:13:56.373 INFO: 12000 alignments done

- 12:15:12.185 INFO: 14000 alignments done

- 12:16:45.568 INFO: 16000 alignments done

- 12:16:45.572 INFO: Stop after DB-HHM: 16000 because early stop  15.2514 < filter cutoff 20

- 12:16:45.576 INFO: Alternative alignment: 1

- 12:18:12.509 INFO: 4073 alignments done

- 12:18:12.541 INFO: Alternative alignment: 2

- 12:18:13.498 INFO: 498 alignments done

- 12:18:13.499 INFO: Alternative alignment: 3

- 12:18:13.782 INFO: 107 alignments done

- 12:18:13.913 INFO: Rescoring previously found HMMs with Viterbi algorithm

- 12:18:13.950 INFO: Alternative alignment: 0

- 12:19:24.497 INFO: 2000 alignments done

- 12:20:12.439 INFO: 4000 alignments done

- 12:20:29.872 INFO: 6000 alignments done

- 12:20:38.629 INFO: 8000 alignments done

- 12:20:45.866 INFO: 10000 alignments done

- 12:20:49.879 INFO: 12000 alignments done

- 12:20:52.172 INFO: 13041 alignments done

- 12:20:52.175 INFO: Alternative alignment: 1

- 12:21:03.550 INFO: 13041 alignments done

- 12:21:03.584 INFO: Alternative alignment: 2

- 12:21:04.879 INFO: 1088 alignments done

- 12:21:04.880 INFO: Alternative alignment: 3

- 12:21:05.126 INFO: 154 alignments done

- 12:21:05.429 INFO: Premerge done

- 12:21:05.430 INFO: Realigning 13573 HMM-HMM alignments using Maximum Accuracy algorithm

- 12:22:20.066 INFO: 13598 sequences belonging to 13598 database HMMs found with an E-value < 0.001

- 12:22:20.066 INFO: Number of effective sequences of resulting query HMM: Neff = 10.5474

     Query         gpr39_human O43194
     Match_columns 453
     No_of_seqs    2368 out of 209110
     Neff          10.5474
     Searched_HMMs 222975
     Date          Thu Feb 23 12:22:20 2023
     Command       hhblits -i gpr39_human-1579/msas/A/chain_A.fasta -cpu 2 -maxmem 20 -oa3m /projects/ilfgrid/people/nqz918/code/deorph/scripts/af_arman/af_jobs_af23/gpr39_human/1579//gpr39_human-1579/msas/A/bfd_uniref_hits.a3m -o /dev/null -n 3 -e 0.001 -maxseq 1000000 -realign_max 100000 -maxfilt 100000 -min_prefilter_hits 1000 -d /projects/ilfgrid/data/alphafold-genetic-databases///bfd/bfd_metaclust_clu_complete_id30_c90_final_seq.sorted_opt -d /projects/ilfgrid/data/alphafold-genetic-databases///uniref30/UniRef30_2021_03 
     
      No Hit                             Prob E-value P-value  Score    SS Cols Query HMM  Template HMM
       1 UniRef100_A0A096MRD5 G protein 100.0 3.2E-99  3E-105  648.2   0.0  453    1-453     1-454 (475)
       2 UniRef100_A0A087QIP6 G-protein 100.0 2.2E-93 2.3E-99  623.8   0.0  451    2-453    91-553 (559)
       3 tr|A0A1V4K5L8|A0A1V4K5L8_PATFA 100.0 3.2E-93 3.3E-99  631.6   0.0  448    1-453    90-549 (549)
       4 UniRef100_A0A6B0QN63 G_PROTEIN 100.0 3.8E-82 3.9E-88  541.8   0.0  447    7-453   121-568 (568)
       5 UniRef100_A0A087X7C3 G protein 100.0 1.6E-75 1.7E-81  516.9   0.0  393   11-424    32-428 (477)
       6 tr|A0A147AXY4|A0A147AXY4_FUNHE 100.0 1.6E-66 1.7E-72  462.1   0.0  389   15-424    95-487 (508)
       7 UniRef100_UPI0011AE33F0 G-prot 100.0 3.6E-62 3.7E-68  401.5   0.0  369    2-453     1-379 (379)
       8 UniRef100_A0A087VM36 G-protein 100.0 2.9E-57 3.1E-63  388.8   0.0  287    1-287     7-294 (374)
       9 UniRef100_A0A023F675 Putative  100.0 6.6E-52   7E-58  387.5   0.0  294   26-363   122-419 (530)
      10 UniRef100_A0A1S3HKE5 allatosta 100.0 2.4E-51 2.6E-57  376.7   0.0  294   28-361    80-373 (462)
      11 UniRef100_A0A026X3T6 Allatosta 100.0 8.5E-51 8.9E-57  373.0   0.0  289   29-366   138-428 (540)
      12 UniRef100_A0A0K0PUX7 Orphan G- 100.0   2E-50 2.1E-56  370.6   0.0  296   28-364    60-355 (471)
      13 UniRef100_A0A026W5R0 Orexin re 100.0 2.1E-50 2.2E-56  373.7   0.0  310   25-364   112-427 (529)
      14 UniRef100_A0A024FLF0 PQRFa pep 100.0 4.5E-50 4.9E-56  369.6   0.0  306   22-363    41-346 (413)
      15 UniRef100_A0A0K0PUR1 Orphan G- 100.0 5.7E-50 6.1E-56  370.9   0.0  301   24-361   108-409 (530)
      16 UniRef100_A0A177B9B5 Rhodopsin 100.0 5.9E-50 6.1E-56  357.2   0.0  311   22-365    82-404 (464)
      17 tr|A0A1L8G5A8|A0A1L8G5A8_XENLA 100.0 7.6E-50   8E-56  353.1   0.0  325   25-365    32-390 (431)
      18 UniRef100_A0A141CIT8 G protein 100.0 8.1E-50 8.5E-56  362.5   0.0  302   21-365    77-378 (488)
      19 UniRef100_A0A0K0PUL8 Allatosta 100.0 1.3E-49 1.3E-55  356.6   0.0  300   26-364    46-345 (396)
      20 tr|A0A1D1UXI1|A0A1D1UXI1_RAMVA 100.0 1.3E-49 1.3E-55  355.3   0.0  301   24-365    75-377 (499)
      21 UniRef100_A0A0K0PUI9 Orphan G- 100.0 2.5E-49 2.6E-55  370.0   0.0  312   26-365    97-409 (534)
      22 UniRef100_A0A6P4XD29 neuropept 100.0 5.9E-49 6.2E-55  348.5   0.0  300   24-359    35-338 (385)
      23 tr|E6ZEU6|E6ZEU6_DICLA Neurome 100.0 7.1E-49 7.5E-55  354.1   0.0  305   30-362    88-393 (461)
      24 UniRef100_A0A0C9QBK4 GHSR_0 pr 100.0 8.8E-49 9.3E-55  373.3   0.0  304   26-361   168-472 (591)
      25 UniRef100_A0A6J8CLU9 HCRTR2 n= 100.0 1.1E-48 1.1E-54  346.0   0.0  314   21-364    43-359 (422)
      26 UniRef100_A0A061INJ6 Pyrogluta 100.0 1.1E-48 1.2E-54  369.1   0.0  309   25-362   147-457 (594)
      27 UniRef100_A0A1D1VDY3 G_PROTEIN 100.0 1.1E-48 1.2E-54  357.5   0.0  320   27-366   130-449 (557)
      28 tr|M3ZFE6|M3ZFE6_XIPMA Somatos 100.0 1.2E-48 1.2E-54  348.7   0.0  289   28-364   102-390 (525)
      29 UniRef100_A0A0H3YI86 Pyrokinin 100.0 2.5E-48 2.6E-54  360.2   0.0  310   27-362    80-397 (510)
      30 tr|A0A0P7U387|A0A0P7U387_9TELE 100.0 2.6E-48 2.7E-54  348.8   0.0  292   28-365   126-417 (556)
      31 UniRef100_A0A6P4Z4S7 G-protein 100.0 2.8E-48   3E-54  360.3   0.0  298   27-365    56-353 (417)
      32 UniRef100_A0A060X5Z5 G_PROTEIN 100.0 3.6E-48 3.8E-54  358.7   0.0  299   28-365    81-386 (522)
      33 UniRef100_A0A1L8EKS6 G_PROTEIN 100.0 3.6E-48 3.8E-54  343.4   0.0  320   26-361    42-364 (419)
      34 UniRef100_A0A2B4S7K2 Histamine 100.0 4.5E-48 4.8E-54  349.9   0.0  297   26-363    28-327 (369)
      35 UniRef100_A0A2B4SKI0 Tachykini 100.0 5.2E-48 5.6E-54  363.6   0.0  304   23-363    84-390 (469)
      36 UniRef100_A0A067RG65 Neuropept 100.0 5.4E-48 5.7E-54  348.6   0.0  307   27-363    84-394 (509)
      37 UniRef100_A0A1D2M4J2 Neuropept 100.0 5.9E-48 6.2E-54  350.5   0.0  304   20-362   116-422 (497)
      38 UniRef100_A0A060ILH2 Neuromedi 100.0 6.9E-48 7.2E-54  351.5   0.0  301   31-363   177-477 (606)
      39 UniRef100_A0A2B4SDF9 Neuropept 100.0 8.5E-48   9E-54  346.8   0.0  294   26-362    85-378 (455)
      40 UniRef100_A0A369RW72 Octopamin 100.0 8.7E-48 9.3E-54  356.3   0.0  292   30-359    54-354 (412)
      41 UniRef100_A0A077Z2H9 Putative  100.0 9.7E-48   1E-53  352.2   0.0  301   31-360    72-393 (477)
      42 UniRef100_A0A060VUW6 G_PROTEIN 100.0 9.6E-48   1E-53  367.0   0.0  296   28-364   115-440 (574)
      43 UniRef100_A0A026WTK8 Tachykini 100.0 9.9E-48   1E-53  353.5   0.0  309   23-365    82-390 (556)
      44 UniRef100_A0A154PKR3 Tachykini 100.0 1.3E-47 1.3E-53  348.8   0.0  307   22-363    68-374 (457)
      45 UniRef100_A0A6P4Y4T1 galanin r 100.0 1.4E-47 1.5E-53  342.1   0.0  297   26-363    54-351 (410)
      46 tr|A0A1S3W6N0|A0A1S3W6N0_ERIEU 100.0 1.4E-47 1.5E-53  345.5   0.0  309   31-362   132-442 (596)
      47 UniRef100_A0A0K0PUE3 Orphan G- 100.0 1.5E-47 1.5E-53  350.7   0.0  308   29-363   115-430 (550)
      48 UniRef100_A0A060VSP8 5-hydroxy 100.0 1.8E-47 1.9E-53  349.7   0.0  300   27-366    84-418 (479)
      49 UniRef100_A0A060X1Q6 Somatosta 100.0 2.1E-47 2.3E-53  356.5   0.0  287   29-363   138-424 (604)
      50 tr|C3XSP5|C3XSP5_BRAFL Unchara 100.0 2.6E-47 2.7E-53  330.2   0.0  302   28-364    25-327 (403)
      51 UniRef100_A0A034WDF0 Allatosta 100.0 2.7E-47 2.9E-53  347.7   0.0  293   26-364    91-386 (459)
      52 UniRef100_A0A068YA15 Neuropept 100.0 3.1E-47 3.3E-53  343.9   0.0  309   28-359    70-391 (510)
      53 tr|A0A1W4ZX05|A0A1W4ZX05_9TELE 100.0 3.5E-47 3.7E-53  344.1   0.0  325   20-365    59-387 (480)
      54 tr|A0A2C9JWF9|A0A2C9JWF9_BIOGL 100.0 4.4E-47 4.6E-53  344.1   0.0  304   27-365    62-367 (403)
      55 UniRef100_A0A1S3J712 QRFP-like 100.0 4.4E-47 4.7E-53  349.5   0.0  306   28-362    65-370 (507)
      56 UniRef100_A0A0K0PUH3 Allatotro 100.0   7E-47 7.3E-53  334.8   0.0  310   24-365    62-375 (424)
      57 UniRef100_A0A2B4RSM5 Neuropept 100.0 7.1E-47 7.4E-53  338.4   0.0  294   25-364    31-325 (417)
      58 UniRef100_A0A1N7TCF1 Galanin r 100.0 8.2E-47 8.6E-53  337.8   0.0  294   26-364    67-361 (407)
      59 UniRef100_A0A146M155 Neuropept 100.0   9E-47 9.4E-53  341.3   0.0  305   30-362    53-361 (488)
      60 tr|A0A1V4JMN9|A0A1V4JMN9_PATFA 100.0 9.2E-47 9.6E-53  336.7   0.0  363   25-419    87-473 (537)
      61 UniRef100_A0A060VVF8 G_PROTEIN 100.0 9.1E-47 9.7E-53  351.4   0.0  296   28-363   137-433 (511)
      62 tr|A0A232F0R3|A0A232F0R3_9HYME 100.0 9.8E-47   1E-52  331.5   0.0  311   26-365    99-425 (458)
      63 tr|A0A1I8M930|A0A1I8M930_MUSDO 100.0   1E-46 1.1E-52  362.6   0.0  298   27-361   185-576 (963)
      64 tr|A0A2D0TBG0|A0A2D0TBG0_ICTPU 100.0 1.2E-46 1.3E-52  326.0   0.0  302   33-362    65-370 (429)
      65 UniRef100_A0A0C9RF21 CapaR_3 p 100.0 1.4E-46 1.5E-52  341.5   0.0  307   31-368    52-361 (532)
      66 tr|E0D358|E0D358_HEMPU Dopamin 100.0 1.5E-46 1.6E-52  334.3   0.0  306   27-365    21-330 (435)
      67 UniRef100_A0A164MD49 Putative  100.0 1.5E-46 1.6E-52  339.7   0.0  302   31-364    50-396 (498)
      68 UniRef100_A0A060W5Z4 G_PROTEIN 100.0 1.7E-46 1.8E-52  347.0   0.0  288   29-365   189-476 (593)
      69 UniRef100_A0A0P5DAK4 Orexin re 100.0   2E-46 2.1E-52  338.4   0.0  310   23-363    99-430 (505)
      70 UniRef100_A0A139WB32 Tachykini 100.0 2.1E-46 2.2E-52  334.8   0.0  306   27-366    40-345 (405)
      71 UniRef100_A0A0B4LHT6 RYamide r 100.0 2.2E-46 2.3E-52  343.6   0.0  300   26-363   110-411 (524)
      72 UniRef100_A0A2B4RHL7 Galanin r 100.0 2.3E-46 2.4E-52  326.4   0.0  279   30-364    32-311 (406)
      73 UniRef100_A0A151N382 Galanin r 100.0 2.4E-46 2.5E-52  318.9   0.0  298   28-372    28-325 (392)
      74 UniRef100_A0A0K0PUT9 Excitator 100.0 2.4E-46 2.5E-52  345.7   0.0  301   27-362   100-400 (474)
      75 tr|A0A1I8PIJ9|A0A1I8PIJ9_STOCA 100.0 2.6E-46 2.7E-52  346.5   0.0  309   22-365   161-469 (680)
      76 UniRef100_A0A210QEM7 Neuropept 100.0 2.6E-46 2.8E-52  332.9   0.0  302   27-365    47-348 (416)
      77 UniRef100_A0A060X690 G_PROTEIN 100.0 2.7E-46 2.9E-52  328.7   0.0  291   28-362    44-334 (386)
      78 UniRef100_A0A2B4S7A4 Alpha-1A  100.0 2.9E-46   3E-52  333.7   0.0  268   29-360    38-306 (392)
      79 UniRef100_A0A087T336 Somatosta 100.0 2.9E-46   3E-52  334.3   0.0  294   28-364    75-368 (454)
      80 UniRef100_A0A3M6T6P4 G_PROTEIN 100.0 3.5E-46 3.7E-52  339.3   0.0  296   31-363    56-354 (465)
      81 UniRef100_A0A026W4S0 Neuromedi 100.0 3.8E-46   4E-52  344.4   0.0  312   29-364    72-389 (604)
      82 UniRef100_A0A0K0PUH0 Orphan G- 100.0 4.2E-46 4.4E-52  351.4   0.0  303   29-358   135-468 (583)
      83 UniRef100_A0A068WVN8 Biogenic  100.0 4.5E-46 4.8E-52  351.0   0.0  303   24-365   114-509 (641)
      84 tr|L7LZ94|L7LZ94_9ACAR Putativ 100.0 5.1E-46 5.3E-52  326.7   0.0  290   28-363   100-392 (438)
      85 UniRef100_A0A068WW83 Allatosta 100.0 5.1E-46 5.4E-52  343.4   0.0  285   27-357    63-347 (432)
      86 UniRef100_A0A1D1W534 G_PROTEIN 100.0 5.2E-46 5.5E-52  347.8   0.0  304   30-365    78-435 (492)
      87 UniRef100_A0A077YWL6 Somatosta 100.0 5.6E-46 5.9E-52  344.1   0.0  299   30-366    65-363 (446)
      88 UniRef100_A0A087XDT1 Somatosta 100.0 6.4E-46 6.6E-52  339.5   0.0  288   27-362   165-452 (676)
      89 UniRef100_A0A026WK40 Cholecyst 100.0 6.7E-46 7.1E-52  352.6   0.0  321   32-366   156-546 (656)
      90 UniRef100_A0A0P6J0T1 Putative  100.0 6.8E-46 7.2E-52  349.6   0.0  302   28-364   100-410 (735)
      91 UniRef100_A0A087UNN0 Neuropept 100.0 7.2E-46 7.6E-52  333.1   0.0  297   27-359    90-387 (470)
      92 UniRef100_A0A060W9T7 G_PROTEIN 100.0 7.3E-46 7.6E-52  333.7   0.0  289   29-364   184-473 (616)
      93 UniRef100_A0A2B4S0J6 Somatosta 100.0 7.1E-46 7.6E-52  348.5   0.0  296   25-360    78-376 (457)
      94 UniRef100_A0A026WW28 Neuropept 100.0 7.8E-46 8.2E-52  344.8   0.0  297   25-363    83-380 (552)
      95 tr|A0A0F8ARD3|A0A0F8ARD3_LARCR 100.0 8.1E-46 8.4E-52  327.4   0.0  284   30-363    53-338 (464)
      96 UniRef100_A0A091EBV8 Type-1 an 100.0 8.1E-46 8.5E-52  351.2   0.0  285   26-361   343-628 (715)
      97 UniRef100_A0A7M7HFU8 G_PROTEIN 100.0 8.2E-46 8.7E-52  340.8   0.0  297   29-362    63-363 (423)
      98 UniRef100_A0A2G8KL37 Cholecyst 100.0   9E-46 9.4E-52  332.7   0.0  302   31-363    99-430 (493)
      99 UniRef100_A0A1S3H6K0 neuropept 100.0 8.9E-46 9.5E-52  343.9   0.0  308   20-362    45-356 (470)
     100 UniRef100_A0A060X360 G_PROTEIN 100.0   1E-45 1.1E-51  331.9   0.0  300   30-373    99-398 (477)
     101 tr|V8PD93|V8PD93_OPHHA Type-2  100.0 1.2E-45 1.2E-51  337.1   0.0  296   27-363    72-368 (412)
     102 UniRef100_A0A1S3KA35 Alpha-1B  100.0 1.3E-45 1.3E-51  340.3   0.0  299   29-367    88-423 (551)
     103 tr|A0A1V4J9T1|A0A1V4J9T1_PATFA 100.0 1.5E-45 1.6E-51  320.3   0.0  291   29-366    67-358 (461)
     104 UniRef100_A0A2B4SKX3 Cholecyst 100.0 1.5E-45 1.6E-51  329.3   0.0  302   25-365    66-414 (428)
     105 UniRef100_A0A2G8L6L1 Putative  100.0 1.6E-45 1.7E-51  327.1   0.0  293   27-363    32-324 (407)
     106 tr|A0A1L8G1N6|A0A1L8G1N6_XENLA 100.0 1.7E-45 1.8E-51  327.6   0.0  288   27-365   113-400 (448)
     107 UniRef100_A0A087X575 NPY-Y2 re 100.0 1.7E-45 1.8E-51  328.8   0.0  299   29-363    72-371 (426)
     108 UniRef100_A0A2H8TNJ5 Neuropept 100.0 1.9E-45   2E-51  333.4   0.0  303   27-365   152-455 (528)
     109 UniRef100_A0A0K0PUH1 Orphan G- 100.0 2.2E-45 2.3E-51  321.1   0.0  304   23-364    45-349 (413)
     110 UniRef100_A0A061A7W5 G_PROTEIN 100.0 2.2E-45 2.4E-51  336.7   0.0  299   28-363    59-358 (473)
     111 UniRef100_A0A068YB14 Neuropept 100.0 2.2E-45 2.4E-51  339.0   0.0  299   27-361    51-350 (448)
     112 UniRef100_A0A0L7KZ56 Neuropept 100.0 2.4E-45 2.5E-51  332.9   0.0  304   23-361    79-383 (509)
     113 tr|A0A182G4E1|A0A182G4E1_AEDAL 100.0 2.5E-45 2.6E-51  335.3   0.0  311   24-365    61-372 (534)
     114 tr|A0A1W2W3E6|A0A1W2W3E6_CIOIN 100.0 2.6E-45 2.7E-51  326.4   0.0  299   27-366    54-354 (487)
     115 UniRef100_A0A193KUI4 GCR044 n= 100.0 2.6E-45 2.7E-51  328.2   0.0  315   29-364    31-348 (508)
     116 ERR1719361_2001115             100.0 2.6E-45 2.8E-51  328.1   0.0  301   28-362    22-323 (415)
     117 UniRef100_A0A060VNZ0 G_PROTEIN 100.0 2.9E-45   3E-51  343.3   0.0  309   32-363   195-505 (710)
     118 UniRef100_A0A210Q5D4 Neuropept 100.0 3.4E-45 3.5E-51  336.7   0.0  304   29-361    72-380 (596)
     119 UniRef100_A0A087RJN6 Somatosta 100.0 3.5E-45 3.8E-51  336.4   0.0  286   27-362    57-342 (391)
     120 UniRef100_A0A016SJ65 Thyrolibe 100.0 4.3E-45 4.6E-51  336.3   0.0  304   27-362    80-395 (479)
     121 UniRef100_A0A1L8GQY3 Alpha-1B  100.0 5.2E-45 5.4E-51  329.0   0.0  295   30-365    46-370 (510)
     122 UniRef100_A0A023F658 Putative  100.0 5.2E-45 5.5E-51  337.1   0.0  314   25-365    63-376 (580)
     123 tr|A0A0N8JZL4|A0A0N8JZL4_9TELE 100.0 5.6E-45 5.8E-51  327.2   0.0  309   26-366   100-415 (482)
     124 UniRef100_A0A026WIP6 Cholecyst 100.0 5.8E-45 6.1E-51  344.4   0.0  312   27-366   167-532 (636)
     125 UniRef100_A0A096NAQ2 Cholecyst 100.0 6.4E-45 6.7E-51  334.2   0.0  303   32-362   152-500 (617)
     126 tr|A0A0P4XBU7|A0A0P4XBU7_9CRUS 100.0 6.4E-45 6.7E-51  337.8   0.0  303   26-362    56-414 (557)
     127 UniRef100_A0A2B4SVC4 Dopamine  100.0 6.7E-45 7.1E-51  324.9   0.0  279   26-362    51-329 (397)
     128 UniRef100_A0A0P0YUU8 Cannabino 100.0   7E-45 7.3E-51  329.0   0.0  305   32-365    84-419 (496)
     129 UniRef100_A0A2B4RGU4 5-hydroxy 100.0 7.1E-45 7.5E-51  342.2   0.0  299   28-363    63-370 (478)
     130 tr|G3S2I3|G3S2I3_GORGO Opioid  100.0 7.6E-45 7.9E-51  322.6   0.0  287   26-360   158-446 (492)
     131 UniRef100_A0A044T5H8 G_PROTEIN 100.0 7.6E-45 7.9E-51  338.7   0.0  303   25-365   240-570 (693)
     132 UniRef100_A0A226DFM2 Neuropept 100.0 7.6E-45   8E-51  329.4   0.0  309   21-365    96-405 (523)
     133 UniRef100_A0A026W3I9 Neuropept 100.0 8.4E-45 8.7E-51  333.5   0.0  306   29-365    57-369 (599)
     134 UniRef100_A0A7M7JNF9 G_PROTEIN 100.0   9E-45 9.4E-51  333.1   0.0  301   28-361    84-397 (554)
     135 UniRef100_A0A084VLD5 AGAP00422 100.0 9.1E-45 9.5E-51  333.0   0.0  301   23-364   236-596 (695)
     136 tr|A0A0S1YD80|A0A0S1YD80_CHISP 100.0   1E-44   1E-50  325.9   0.0  308   23-364   157-465 (513)
     137 UniRef100_A0A0K0PUV0 FVRIamide 100.0 1.2E-44 1.2E-50  330.0   0.0  292   30-360    52-375 (458)
     138 tr|A0A0P7U0M1|A0A0P7U0M1_9TELE 100.0 1.2E-44 1.3E-50  316.2   0.0  305   30-365   101-413 (440)
     139 tr|A0A146U732|A0A146U732_FUNHE 100.0 1.3E-44 1.4E-50  350.3   0.0  324   28-361   189-545 (590)
     140 tr|A0A2B4SUH3|A0A2B4SUH3_STYPI 100.0 1.4E-44 1.4E-50  323.4   0.0  305   29-364    24-332 (385)
     141 tr|A0A218UB83|A0A218UB83_9PASE 100.0 1.4E-44 1.5E-50  331.7   0.0  299   27-366   190-515 (631)
     142 UniRef100_A0A0L8I310 G_PROTEIN 100.0 1.4E-44 1.5E-50  332.3   0.0  301   31-360    46-365 (468)
     143 UniRef100_A0A087UP46 5-hydroxy 100.0 1.4E-44 1.5E-50  324.2   0.0  299   26-364    41-401 (472)
     144 tr|A0A1S3IXU4|A0A1S3IXU4_LINUN 100.0 1.6E-44 1.7E-50  319.1   0.0  304   18-366    45-348 (440)
     145 UniRef100_A0A2G8JR46 Putative  100.0 1.6E-44 1.7E-50  332.1   0.0  288   34-362    66-355 (411)
     146 UniRef100_A0A3M6TPP0 G_PROTEIN 100.0 1.7E-44 1.8E-50  329.3   0.0  306   25-363    45-354 (424)
     147 tr|A0A146TL67|A0A146TL67_FUNHE 100.0 1.7E-44 1.8E-50  340.6   0.0  316   29-364    25-405 (442)
     148 tr|B4JN40|B4JN40_DROGR GH24210 100.0 1.8E-44 1.9E-50  320.6   0.0  289   29-363   115-408 (436)
     149 UniRef100_A0A1S3IX78 RYamide r 100.0 1.9E-44   2E-50  321.7   0.0  303   21-361    44-346 (444)
     150 tr|A0A0P6IZB8|A0A0P6IZB8_9CRUS 100.0 2.3E-44 2.4E-50  325.2   0.0  295   27-365   199-496 (559)
     151 UniRef100_A0A2B4RPR9 Allatosta 100.0 2.4E-44 2.6E-50  331.1   0.0  296   27-360    44-341 (446)
     152 UniRef100_A0A1V9XU68 Tyramine/ 100.0 2.7E-44 2.9E-50  323.2   0.0  296   28-364    50-354 (408)
     153 tr|A0A2B4SID7|A0A2B4SID7_STYPI 100.0 2.8E-44   3E-50  330.0   0.0  300   24-363    25-327 (422)
     154 UniRef100_A0A0N0PF28 Orexin re 100.0 3.1E-44 3.2E-50  329.2   0.0  305   24-359   130-455 (588)
     155 UniRef100_A0A091M113 GH-releas 100.0 3.2E-44 3.4E-50  315.6   0.0  295   31-362    81-377 (478)
     156 tr|A0A1U7TSJ4|A0A1U7TSJ4_TARSY 100.0 3.4E-44 3.5E-50  323.5   0.0  311   22-365   204-520 (600)
     157 tr|A0A146YGA5|A0A146YGA5_FUNHE 100.0 3.3E-44 3.5E-50  335.3   0.0  301   26-363    26-340 (521)
     158 tr|S9YJE2|S9YJE2_CAMFR Somatos 100.0 3.7E-44 3.8E-50  314.1   0.0  290   28-362   110-399 (438)
     159 tr|S7Q447|S7Q447_MYOBR Neurome 100.0 3.8E-44   4E-50  319.0   0.0  310   31-368   159-504 (568)
     160 UniRef100_A0A026WK16 Tachykini 100.0 3.9E-44 4.1E-50  330.5   0.0  310   21-364   173-482 (641)
     161 UniRef100_A0A2B4SVS8 Neuropept 100.0 4.3E-44 4.6E-50  331.6   0.0  297   25-362    83-381 (480)
     162 tr|E2AX14|E2AX14_CAMFO Neurope 100.0 4.5E-44 4.7E-50  329.6   0.0  308   29-361    76-390 (614)
     163 UniRef100_A0A023F452 Putative  100.0 4.6E-44 4.8E-50  333.0   0.0  304   25-365   134-540 (660)
     164 UniRef100_A0A0K0PUG3 Thyrolibe 100.0 5.3E-44 5.5E-50  329.7   0.0  305   26-362   210-520 (606)
     165 UniRef100_A7RGN9 Predicted pro 100.0 5.4E-44 5.7E-50  308.1   0.0  306    8-362     8-313 (317)
     166 UniRef100_A0A060WEJ5 G_PROTEIN 100.0 5.5E-44 5.8E-50  331.3   0.0  298   29-366   112-459 (544)
     167 UniRef100_A0A060X0P4 G_PROTEIN 100.0 5.6E-44 5.9E-50  330.0   0.0  292   27-360   135-428 (513)
     168 UniRef100_A0A0L8I0T4 G_PROTEIN 100.0 5.7E-44 5.9E-50  326.4   0.0  298   31-364   134-497 (554)
     169 UniRef100_A0A060X1U9 G_PROTEIN 100.0 5.8E-44 6.1E-50  328.9   0.0  296   28-364   136-458 (633)
     170 UniRef100_A0A193KU97 GCR058 n= 100.0 6.3E-44 6.6E-50  311.3   0.0  318   19-364    14-332 (379)
     171 UniRef100_A0A060XP11 G_PROTEIN 100.0 6.3E-44 6.6E-50  326.7   0.0  304   27-363    87-392 (497)
     172 UniRef100_A0A068WKU9 Neuropept 100.0 6.5E-44 6.8E-50  321.1   0.0  295   28-361    70-365 (451)
     173 UniRef100_A0A678XEL8 Trace ami 100.0   7E-44 7.4E-50  325.6   0.0  303   27-364    52-357 (523)
     174 UniRef100_A0A091DWF1 Somatosta 100.0 7.5E-44 7.9E-50  319.3   0.0  287   29-363   154-440 (523)
     175 UniRef100_A0A0S1YDN7 Diapause  100.0 8.2E-44 8.5E-50  324.2   0.0  300   29-360    99-405 (569)
     176 tr|C3XVS5|C3XVS5_BRAFL Unchara 100.0 8.6E-44   9E-50  313.8   0.0  299   28-363    65-363 (425)
     177 UniRef100_A0A1I8HKX2 G_PROTEIN 100.0 8.6E-44 9.1E-50  321.6   0.0  295   28-364    38-412 (442)
     178 UniRef100_A0A0G2K966 RCG37581  100.0 9.2E-44 9.6E-50  284.4   0.0  169  284-453    54-229 (229)
     179 tr|T1KPP2|T1KPP2_TETUR Unchara 100.0 9.4E-44 9.8E-50  319.8   0.0  292   28-367   149-440 (477)
     180 UniRef100_A0A067RTM0 Neuromedi 100.0 9.5E-44 9.9E-50  310.4   0.0  310   28-360    34-347 (382)
     181 UniRef100_A0A068FL22 Pheromone 100.0 9.9E-44   1E-49  316.8   0.0  308   27-361    79-390 (522)
     182 tr|W5MC67|W5MC67_LEPOC Pyroglu 100.0   1E-43   1E-49  311.6   0.0  311   26-364    49-360 (441)
     183 UniRef100_A0A084VAB3 Pk-1 rece 100.0 1.1E-43 1.2E-49  322.4   0.0  301   27-359   100-411 (552)
     184 UniRef100_A0A087YCA9 Neurotens 100.0 1.1E-43 1.2E-49  320.3   0.0  314   27-362   122-441 (566)
     185 UniRef100_A0A060WWU7 G_PROTEIN 100.0 1.2E-43 1.3E-49  320.8   0.0  307   27-365    65-384 (545)
     186 UniRef100_A0A0K0PUK6 Orphan G- 100.0 1.2E-43 1.3E-49  313.6   0.0  314   26-365    62-375 (448)
     187 UniRef100_A0A060XKD8 Proteinas 100.0 1.3E-43 1.4E-49  325.7   0.0  316   24-396   152-475 (565)
     188 UniRef100_A0A023F668 Putative  100.0 1.4E-43 1.5E-49  317.1   0.0  296   26-363    81-377 (484)
     189 UniRef100_A0A2B4RHY9 Pyrogluta 100.0 1.4E-43 1.5E-49  333.3   0.0  293   26-363    77-371 (455)
     190 UniRef100_A0A087X9W8 G_PROTEIN 100.0 1.4E-43 1.5E-49  325.3   0.0  293   29-360   122-416 (547)
     191 UniRef100_A0A023F3V9 Putative  100.0 1.4E-43 1.5E-49  323.1   0.0  291   29-362   131-422 (574)
     192 UniRef100_A0A1S3HM77 pyrokinin 100.0 1.5E-43 1.5E-49  321.7   0.0  303   30-364    90-397 (573)
     193 UniRef100_A0A7M7KVC0 G_PROTEIN 100.0 1.5E-43 1.6E-49  327.6   0.0  308   31-359    64-374 (609)
     194 UniRef100_A0A060VTR1 G_PROTEIN 100.0 1.7E-43 1.8E-49  324.2   0.0  299   25-364   114-441 (619)
     195 tr|A7SD89|A7SD89_NEMVE Predict 100.0 1.7E-43 1.8E-49  301.8   0.0  292   32-364    39-331 (355)
     196 UniRef100_UPI0003F07467 orexin 100.0 2.3E-43 2.4E-49  321.5   0.0  304   27-360    74-412 (535)
     197 UniRef100_A0A0L8FP69 G_PROTEIN 100.0 2.3E-43 2.4E-49  312.0   0.0  291   31-361    49-339 (488)
     198 tr|A0A1V4KM91|A0A1V4KM91_PATFA 100.0 2.3E-43 2.4E-49  310.9   0.0  308   31-362   158-467 (526)
     199 UniRef100_A0A091CXZ2 G-protein 100.0 2.6E-43 2.7E-49  292.4   0.0  168  286-453   122-290 (290)
     200 tr|A0A1D2NMB6|A0A1D2NMB6_ORCCI 100.0 2.7E-43 2.9E-49  318.2   0.0  314   18-366   139-453 (520)
     201 tr|A0A151ITZ3|A0A151ITZ3_9HYME 100.0 2.8E-43 2.9E-49  316.4   0.0  311   28-364    65-420 (481)
     202 tr|L9JDH9|L9JDH9_TUPCH Orexin  100.0 2.9E-43   3E-49  317.7   0.0  314   22-365   211-575 (621)
     203 UniRef100_A0A7M7HKI1 G_PROTEIN 100.0 2.9E-43 3.1E-49  319.2   0.0  293   35-367    44-339 (418)
     204 UniRef100_A0A023FH63 Putative  100.0   3E-43 3.1E-49  325.1   0.0  302   28-363   123-440 (563)
     205 UniRef100_A0A087R306 Hypocreti 100.0 3.1E-43 3.2E-49  318.1   0.0  367   22-420   142-532 (594)
     206 UniRef100_A0A060WMC3 Alpha-1D  100.0 3.1E-43 3.2E-49  318.4   0.0  295   31-366   111-435 (564)
     207 UniRef100_A0A7M7SYV2 G_PROTEIN 100.0 3.1E-43 3.3E-49  324.5   0.0  288   37-367    74-402 (630)
     208 ERR1719341_586736              100.0 3.2E-43 3.3E-49  318.9   0.0  302   28-364    52-355 (513)
     209 UniRef100_A0A3M6TKX3 G_PROTEIN 100.0 3.3E-43 3.5E-49  318.9   0.0  298   25-362    70-373 (427)
     210 tr|U3U4G2|U3U4G2_NILLU Neurope 100.0 3.4E-43 3.6E-49  323.4   0.0  313   29-361    32-347 (496)
     211 ERR1719232_11025               100.0 3.5E-43 3.6E-49  321.7   0.0  308   29-360    86-398 (559)
     212 UniRef100_A0A060XC03 Beta-2 ad 100.0   4E-43 4.1E-49  317.7   0.0  303   26-363    98-413 (548)
     213 tr|A0A1A8LLP2|A0A1A8LLP2_9TELE 100.0 4.1E-43 4.2E-49  311.3   0.0  302   25-364    88-398 (455)
     214 UniRef100_A0A026WCQ7 Tyramine  100.0   4E-43 4.3E-49  336.4   0.0  297   26-365   179-589 (665)
     215 UniRef100_A0A0L8H201 G_PROTEIN 100.0 4.1E-43 4.3E-49  310.0   0.0  299   26-362    81-381 (461)
     216 tr|A0A2B4RYF4|A0A2B4RYF4_STYPI 100.0 4.2E-43 4.4E-49  308.8   0.0  289   30-364    24-312 (402)
     217 UniRef100_A0A401NJB3 G_PROTEIN 100.0 4.2E-43 4.4E-49  316.9   0.0  308   20-363    31-359 (517)
     218 tr|A0A151NBW9|A0A151NBW9_ALLMI 100.0 4.4E-43 4.6E-49  315.0   0.0  317   20-365    70-393 (472)
     219 UniRef100_A0A0L8GIM4 G_PROTEIN 100.0 4.4E-43 4.6E-49  328.4   0.0  297   27-359    93-391 (481)
     220 UniRef100_A0A210QT45 G-protein 100.0 5.3E-43 5.5E-49  312.4   0.0  301   30-364    58-358 (472)
     221 UniRef100_A0A1L8HHP3 G_PROTEIN 100.0 5.3E-43 5.6E-49  306.3   0.0  294   29-362    44-338 (370)
     222 UniRef100_A0A0K0PUK8 FMRFamide 100.0 5.3E-43 5.6E-49  326.3   0.0  297   26-360    54-350 (471)
     223 UniRef100_A0A060VP48 G_PROTEIN 100.0 5.3E-43 5.6E-49  333.3   0.0  298   26-360   150-447 (580)
     224 UniRef100_A0A016UC02 G_PROTEIN 100.0 5.7E-43   6E-49  316.8   0.0  312   31-360   127-444 (523)
     225 UniRef100_A0A023F664 Putative  100.0 5.7E-43   6E-49  313.6   0.0  309   25-367    75-384 (471)
     226 UniRef100_A0A2B4SC76 Substance 100.0   6E-43 6.3E-49  323.8   0.0  299   25-361    49-350 (461)
     227 tr|A0A1B0AGN9|A0A1B0AGN9_GLOPL 100.0 6.1E-43 6.4E-49  325.0   0.0  297   27-361   165-463 (845)
     228 tr|K1PEH3|K1PEH3_CRAGI Neurope 100.0 6.2E-43 6.5E-49  307.1   0.0  314   26-364    43-358 (411)
     229 tr|C3Z617|C3Z617_BRAFL Unchara 100.0 6.6E-43 6.9E-49  302.7   0.0  309   21-361    24-337 (426)
     230 tr|W8B9D1|W8B9D1_CERCA 5-hydro 100.0 6.7E-43   7E-49  317.5   0.0  306   23-365   255-628 (664)
     231 UniRef100_A0A068AZY5 Octopamin 100.0 6.8E-43 7.2E-49  344.5   0.0  186   29-247   172-357 (723)
     232 tr|A0A0P7VFP4|A0A0P7VFP4_9TELE 100.0 7.1E-43 7.3E-49  315.2   0.0  307   31-362   226-532 (579)
     233 tr|A0A182MG56|A0A182MG56_9DIPT 100.0 7.1E-43 7.5E-49  328.7   0.0  304   29-363    97-406 (751)
     234 UniRef100_A0A0L8HHE2 G_PROTEIN 100.0 7.3E-43 7.7E-49  312.6   0.0  297   33-365     3-301 (385)
     235 tr|A0A2B4SAJ4|A0A2B4SAJ4_STYPI 100.0 7.6E-43   8E-49  314.7   0.0  304   25-359    23-329 (434)
     236 tr|A0A1I8PG61|A0A1I8PG61_STOCA 100.0 8.2E-43 8.6E-49  326.1   0.0  297   27-363   296-592 (716)
     237 tr|A0A0L0BYA7|A0A0L0BYA7_LUCCU 100.0 8.7E-43   9E-49  317.5   0.0  298   31-364   311-627 (678)
     238 tr|A0A2B4RSD1|A0A2B4RSD1_STYPI 100.0 8.7E-43 9.2E-49  322.9   0.0  304   23-365    43-383 (430)
     239 UniRef100_A0A0S1YDA0 Neuropept 100.0   9E-43 9.5E-49  319.3   0.0  304   26-365    90-394 (509)
     240 UniRef100_A0A1A8LLZ9 Hypocreti 100.0 9.3E-43 9.7E-49  303.8   0.0  317   26-372    60-381 (413)
     241 UniRef100_A0A3M6TV84 G_PROTEIN 100.0 9.2E-43 9.7E-49  313.0   0.0  293   29-364    44-338 (405)
     242 UniRef100_A0A1V4KIE8 Beta-1 ad 100.0 9.1E-43 9.8E-49  337.0   0.0  293   36-364    35-350 (512)
     243 tr|A0A091DWF1|A0A091DWF1_FUKDA 100.0 9.6E-43 9.9E-49  304.9   0.0  283   30-362   156-440 (483)
     244 UniRef100_A0A087U880 Neuropept 100.0   1E-42 1.1E-48  310.8   0.0  300   23-361    61-361 (401)
     245 UniRef100_A0A026WC04 Dopamine  100.0 1.1E-42 1.1E-48  307.5   0.0  310   20-363    67-397 (468)
     246 UniRef100_A0A060YTK2 Uncharact 100.0 1.1E-42 1.1E-48  305.8   0.0  292   29-363    83-378 (447)
     247 UniRef100_A0A2B4R9G2 Melatonin 100.0 1.1E-42 1.2E-48  327.9   0.0  291   26-363    76-366 (461)
     248 UniRef100_A0A0E3EKU4 Allatotro 100.0 1.1E-42 1.2E-48  310.7   0.0  311   22-367   123-435 (562)
     249 UniRef100_A0A087XT11 Alpha-1B  100.0 1.1E-42 1.2E-48  315.0   0.0  295   30-365    79-406 (622)
     250 tr|W4Z2N2|W4Z2N2_STRPU Unchara 100.0 1.1E-42 1.2E-48  302.0   0.0  301   27-364    53-353 (406)
     251 UniRef100_A0A3M6U5X4 G_PROTEIN 100.0 1.2E-42 1.2E-48  301.9   0.0  284   26-360    34-317 (339)
     252 tr|K1QHX9|K1QHX9_CRAGI Somatos 100.0 1.4E-42 1.4E-48  314.2   0.0  294   27-364    45-340 (456)
     253 UniRef100_A0A067RBR9 Thyrotrop 100.0 1.4E-42 1.4E-48  310.4   0.0  300   26-359    53-353 (452)
     254 UniRef100_A0A060W247 Cholecyst 100.0 1.4E-42 1.5E-48  319.0   0.0  306   30-363   127-476 (563)
     255 tr|A0A146NR64|A0A146NR64_FUNHE 100.0 1.5E-42 1.5E-48  307.1   0.0  297   30-360   119-417 (449)
     256 UniRef100_A0A3M6UAU0 G_PROTEIN 100.0 1.5E-42 1.5E-48  317.9   0.0  301   27-366    32-332 (552)
     257 UniRef100_A0A0D9R0U9 Apelin re 100.0 1.5E-42 1.5E-48  309.6   0.0  301   30-363    61-363 (482)
     258 UniRef100_A0A016T103 G_PROTEIN 100.0 1.5E-42 1.5E-48  325.9   0.0  288   36-365   116-477 (605)
     259 UniRef100_A0A6P8IFK2 neuromedi 100.0 1.5E-42 1.6E-48  304.9   0.0  298   28-364    23-322 (363)
     260 UniRef100_A0A087YQK7 Adrenocep 100.0 1.5E-42 1.6E-48  318.0   0.0  294   35-364   134-452 (617)
     261 UniRef100_A0A0A1WLH2 Somatosta 100.0 1.6E-42 1.6E-48  320.5   0.0  294   27-362   213-506 (667)
     262 SRR6218665_799277              100.0 1.6E-42 1.7E-48  301.4   0.0  302   27-366   121-422 (456)
     263 tr|A0A210QNG6|A0A210QNG6_MIZYE 100.0 1.6E-42 1.7E-48  312.8   0.0  310   23-365    32-341 (498)
     264 UniRef100_A0A084WFJ7 AGAP00011 100.0 1.6E-42 1.7E-48  317.4   0.0  290   29-358    86-375 (519)
     265 UniRef100_A0A3B4VB96 Beta-2 ad 100.0 1.6E-42 1.7E-48  309.9   0.0  304   24-364    46-362 (464)
     266 tr|B4KC34|B4KC34_DROMO Unchara 100.0 1.8E-42 1.9E-48  322.7   0.0  306   24-362   186-491 (670)
     267 tr|A0A0P6B7K0|A0A0P6B7K0_9CRUS 100.0 1.8E-42 1.9E-48  320.0   0.0  328   25-365   107-489 (579)
     268 UniRef100_A0A061IN14 NK-3 rece 100.0 1.9E-42   2E-48  322.6   0.0  302   21-366   224-526 (662)
     269 UniRef100_A0A023ETT6 Putative  100.0   2E-42   2E-48  314.1   0.0  293   30-362   153-445 (612)
     270 UniRef100_A0A060WGF3 B2 bradyk 100.0   2E-42 2.1E-48  326.6   0.0  292   28-361   157-449 (589)
     271 tr|A0A0P7TYE1|A0A0P7TYE1_9TELE 100.0 2.1E-42 2.2E-48  310.5   0.0  306   31-364   124-474 (507)
     272 UniRef100_A0A060VNF4 G_PROTEIN 100.0 2.1E-42 2.2E-48  318.1   0.0  301   28-362   128-430 (566)
     273 tr|A0A0L8FIS6|A0A0L8FIS6_OCTBM 100.0 2.3E-42 2.4E-48  310.3   0.0  298   33-364    93-421 (485)
     274 tr|A0A1S3FYW5|A0A1S3FYW5_DIPOR 100.0 2.4E-42 2.5E-48  296.3   0.0  291   31-365    70-360 (385)
     275 UniRef100_A0A1D1V5S1 G_PROTEIN 100.0 2.4E-42 2.5E-48  309.9   0.0  301   28-365    54-361 (484)
     276 tr|A0A0A7RC79|A0A0A7RC79_RHOPR 100.0 2.5E-42 2.6E-48  302.3   0.0  300   28-363    73-373 (404)
     277 UniRef100_A0A091L2D9 Orexin re 100.0 2.5E-42 2.6E-48  299.9   0.0  307   30-364    12-342 (386)
     278 tr|A0A1D2MSE1|A0A1D2MSE1_ORCCI 100.0 2.5E-42 2.6E-48  323.2   0.0  302   23-364   103-407 (615)
     279 tr|A0A287CUD4|A0A287CUD4_ICTTR 100.0 2.5E-42 2.6E-48  305.0   0.0  294   27-365    15-309 (478)
     280 tr|A0A0A1XP03|A0A0A1XP03_ZEUCU 100.0 2.5E-42 2.7E-48  325.4   0.0  306   30-365   234-541 (660)
     281 UniRef100_A0A0N0PEL7 Tachykini 100.0 2.5E-42 2.7E-48  309.1   0.0  306   27-366    52-357 (454)
     282 tr|A0A2B4SKI0|A0A2B4SKI0_STYPI 100.0 2.7E-42 2.8E-48  315.1   0.0  291   28-358    95-393 (458)
     283 UniRef100_A0A6P8H485 beta-2 ad 100.0 2.8E-42 2.9E-48  313.0   0.0  305   19-362    46-357 (411)
     284 UniRef100_A0A2B4SJE7 Orexin re 100.0 2.9E-42   3E-48  316.7   0.0  297   28-362   132-430 (517)
     285 UniRef100_A0A060WAG3 G_PROTEIN 100.0 2.9E-42 3.1E-48  314.3   0.0  302   28-368   120-504 (550)
     286 UniRef100_A0A2B4RFH8 Neuropept 100.0 2.9E-42 3.1E-48  323.9   0.0  300   29-362    63-365 (439)
     287 UniRef100_A0A060W5H6 G_PROTEIN 100.0 3.2E-42 3.3E-48  320.6   0.0  306   17-359    72-383 (528)
     288 UniRef100_A0A1D1UXI1 G_PROTEIN 100.0 3.2E-42 3.3E-48  305.7   0.0  301   26-365   131-431 (553)
     289 tr|A0A2C9GPU2|A0A2C9GPU2_ANOAR 100.0 3.2E-42 3.4E-48  324.7   0.0  307   25-362   317-636 (818)
     290 tr|V8NQN2|V8NQN2_OPHHA G-prote 100.0 3.3E-42 3.4E-48  320.2   0.0  285   28-362   301-586 (840)
     291 tr|W4YJK4|W4YJK4_STRPU Unchara 100.0 3.3E-42 3.5E-48  311.8   0.0  303   26-364    65-370 (446)
     292 UniRef100_A0A087XFV2 5-hydroxy 100.0 3.5E-42 3.6E-48  310.9   0.0  311   25-365    78-398 (493)
     293 tr|C7SLZ0|C7SLZ0_APLKU Seroton 100.0 3.8E-42   4E-48  314.1   0.0  301   22-365    64-426 (485)
     294 tr|R4J1H6|R4J1H6_SALSA Cholecy 100.0 3.9E-42 4.1E-48  302.9   0.0  317   29-364    45-407 (461)
     295 UniRef100_A0A1L8FNX2 G_PROTEIN 100.0 4.1E-42 4.3E-48  309.4   0.0  280   29-361    61-341 (400)
     296 UniRef100_A0A1J1I7G5 CLUMA_CG0 100.0 4.2E-42 4.4E-48  309.6   0.0  308   22-365    68-375 (500)
     297 UniRef100_A0A060WXX3 G-protein 100.0 4.2E-42 4.5E-48  322.2   0.0  294   27-360   156-450 (539)
     298 UniRef100_A0A3M6TAE6 G_PROTEIN 100.0 4.3E-42 4.5E-48  310.8   0.0  276   29-362    90-367 (443)
     299 UniRef100_A0A0A1XP03 Neuropept 100.0 4.4E-42 4.6E-48  315.1   0.0  304   31-364   238-542 (661)
     300 UniRef100_UPI000B911B64 melato 100.0 4.4E-42 4.7E-48  312.3   0.0  291   31-363    29-344 (381)
     301 UniRef100_A0A060VWE3 G_PROTEIN 100.0 4.5E-42 4.8E-48  326.3   0.0  285   26-362   141-431 (542)
     302 tr|W4Z9U8|W4Z9U8_STRPU Unchara 100.0   5E-42 5.2E-48  298.3   0.0  309   25-362   102-410 (434)
     303 tr|A0A147ACB9|A0A147ACB9_FUNHE 100.0 4.9E-42 5.3E-48  340.5   0.0  291   25-366   100-395 (598)
     304 tr|A0A146NY53|A0A146NY53_FUNHE 100.0   5E-42 5.3E-48  309.9   0.0  304   32-363     8-317 (469)
     305 UniRef100_A0A087QH91 Melanopsi 100.0 5.2E-42 5.4E-48  319.1   0.0  308   21-365    94-401 (629)
     306 UniRef100_A0A026W2V1 Neuropept 100.0 5.6E-42 5.8E-48  317.6   0.0  312   29-364   102-415 (589)
     307 tr|A0A0P6C571|A0A0P6C571_9CRUS 100.0 5.6E-42 5.9E-48  306.1   0.0  303   31-362    56-444 (558)
     308 UniRef100_A0A1S3J8T4 5-hydroxy 100.0 5.9E-42 6.2E-48  312.8   0.0  298   26-362    96-395 (468)
     309 UniRef100_A0A087XJS0 Neuromedi 100.0   6E-42 6.3E-48  305.5   0.0  308   31-361   128-438 (534)
     310 tr|A0A1S3L0J1|A0A1S3L0J1_SALSA 100.0   6E-42 6.3E-48  308.7   0.0  295   27-362    72-404 (533)
     311 tr|A0A210QY69|A0A210QY69_MIZYE 100.0 6.1E-42 6.3E-48  295.5   0.0  290   27-362    83-376 (400)
     312 UniRef100_A0A060VRN9 G_PROTEIN 100.0 6.5E-42 6.8E-48  311.2   0.0  313   10-362   116-429 (496)
     313 UniRef100_A0A210QKJ1 Pyrogluta 100.0 6.6E-42 6.9E-48  300.7   0.0  309   26-366    51-360 (424)
     314 UniRef100_A0A0N1PGA0 Octopamin 100.0 6.8E-42 7.2E-48  314.5   0.0  300   30-363   107-492 (547)
     315 tr|A0A1S3NNV5|A0A1S3NNV5_SALSA 100.0 6.9E-42 7.2E-48  305.7   0.0  320   18-364    50-381 (499)
     316 UniRef100_A0A087R2J6 Neuropept 100.0 7.1E-42 7.5E-48  315.8   0.0  312   22-366   204-522 (638)
     317 UniRef100_A0A060XSS1 5-hydroxy 100.0 7.1E-42 7.5E-48  330.0   0.0  306   27-366   207-554 (704)
     318 tr|A0A1A9ZAD8|A0A1A9ZAD8_GLOPL 100.0 7.4E-42 7.7E-48  307.3   0.0  307   22-362   114-420 (574)
     319 tr|A0A0P7V5N2|A0A0P7V5N2_9TELE 100.0 7.4E-42 7.7E-48  306.2   0.0  300   26-362    87-400 (468)
     320 tr|A0A139WLV7|A0A139WLV7_TRICA 100.0 7.5E-42 7.8E-48  318.3   0.0  303   26-364   394-698 (792)
     321 tr|A0A0L7QUK8|A0A0L7QUK8_9HYME 100.0 7.5E-42 7.8E-48  317.7   0.0  301   26-364   197-499 (806)
     322 UniRef100_A0A084WIC4 Short neu 100.0 7.6E-42 7.9E-48  311.7   0.0  295   27-363    89-386 (551)
     323 tr|H2Q292|H2Q292_PANTR Unchara 100.0 7.9E-42 8.2E-48  302.9   0.0  303   24-364    75-404 (492)
     324 UniRef100_A0A060X6T3 G_PROTEIN 100.0   8E-42 8.3E-48  309.6   0.0  293   31-364    90-414 (550)
     325 UniRef100_A0A060X0R7 Uncharact 100.0 8.3E-42 8.6E-48  293.8   0.0  289   27-363    54-342 (383)
     326 UniRef100_A0A2B4SE17 Substance 100.0 8.2E-42 8.7E-48  320.4   0.0  303   24-362    58-364 (467)
     327 tr|A0A1U7TJB8|A0A1U7TJB8_TARSY 100.0 8.5E-42 8.8E-48  304.5   0.0  290   34-362   266-560 (585)
     328 tr|J9JRI9|J9JRI9_ACYPI Unchara 100.0 8.5E-42 8.9E-48  303.3   0.0  310   20-364    24-334 (490)
     329 UniRef100_A0A3M6UME8 G_PROTEIN 100.0 8.6E-42   9E-48  305.2   0.0  290   25-362    34-324 (383)
     330 UniRef100_A0A1D1W8Y5 Thyrolibe 100.0 8.7E-42 9.1E-48  311.2   0.0  306   27-364    89-418 (533)
     331 UniRef100_A0A3M6UKX8 G_PROTEIN 100.0 8.8E-42 9.3E-48  317.2   0.0  299   30-363   118-420 (487)
     332 tr|A0A0P5PA10|A0A0P5PA10_9CRUS 100.0 8.9E-42 9.3E-48  313.3   0.0  303   23-359   139-441 (705)
     333 UniRef100_A0A026VXG0 Octopamin 100.0 8.9E-42 9.3E-48  319.4   0.0  196   28-251    79-275 (647)
     334 UniRef100_A0A182FBP5 G_PROTEIN 100.0 9.4E-42 9.8E-48  312.3   0.0  297   31-364    80-380 (620)
     335 UniRef100_A0A0A1XP15 Neuropept 100.0 9.5E-42 9.9E-48  298.5   0.0  307   23-363    64-373 (421)
     336 tr|A0A0A1XIV8|A0A0A1XIV8_ZEUCU 100.0 9.9E-42   1E-47  317.3   0.0  297   29-363    80-378 (796)
     337 tr|A0A060XRS0|A0A060XRS0_ONCMY 100.0   1E-41 1.1E-47  320.0   0.0  297   30-367    55-379 (900)
     338 UniRef100_A0A6G8J3P5 Melanin-c 100.0 1.1E-41 1.1E-47  301.2   0.0  296   26-366    57-354 (460)
     339 UniRef100_A0A2B4SQU8 Orexin re 100.0 1.1E-41 1.2E-47  295.8   0.0  302   31-365    37-348 (370)
     340 tr|A0A182FRI7|A0A182FRI7_ANOAL 100.0 1.1E-41 1.2E-47  323.9   0.0  193   24-248   106-298 (677)
     341 tr|A0A0V1MVC7|A0A0V1MVC7_9BILA 100.0 1.2E-41 1.2E-47  313.3   0.0  308   22-365    72-380 (598)
     342 UniRef100_A0A060VV87 Kappa-typ 100.0 1.2E-41 1.2E-47  308.8   0.0  283   32-360   192-474 (586)
     343 UniRef100_A0A061IAU9 Gastric r 100.0 1.2E-41 1.3E-47  309.7   0.0  298   27-366   111-409 (588)
     344 tr|A0A1I8MQS0|A0A1I8MQS0_MUSDO 100.0 1.2E-41 1.3E-47  316.9   0.0  295   26-363   145-439 (572)
     345 tr|C3XVU5|C3XVU5_BRAFL Unchara 100.0 1.2E-41 1.3E-47  300.4   0.0  303   21-361    52-354 (439)
     346 tr|A0A1A8EW90|A0A1A8EW90_9TELE 100.0 1.3E-41 1.3E-47  300.1   0.0  291   26-360    40-330 (444)
     347 tr|A0A091CRU0|A0A091CRU0_FUKDA 100.0 1.3E-41 1.3E-47  319.0   0.0  283   28-362   406-691 (720)
     348 tr|A0A232F8D2|A0A232F8D2_9HYME 100.0 1.3E-41 1.3E-47  304.5   0.0  301   28-363    69-370 (478)
     349 UniRef100_A0A0N1IB59 Orexin re 100.0 1.3E-41 1.3E-47  304.6   0.0  305   25-360   123-448 (546)
     350 UniRef100_A0A061QLL1 Putative  100.0 1.3E-41 1.4E-47  305.5   0.0  298   26-363    41-421 (424)
     351 UniRef100_A0A0A7KUZ5 Opsin 5 n 100.0 1.3E-41 1.4E-47  308.6   0.0  294   28-362    50-343 (407)
     352 UniRef100_A0A067R4E0 Tachykini 100.0 1.4E-41 1.4E-47  302.4   0.0  300   21-361    40-342 (396)
     353 tr|K7GCC3|K7GCC3_PELSI Adrenoc 100.0 1.4E-41 1.5E-47  301.9   0.0  300   29-364    40-364 (488)
     354 UniRef100_A0A0S1YDA1 Neuropept 100.0 1.5E-41 1.6E-47  304.7   0.0  309   27-363    63-413 (463)
     355 UniRef100_A0A0J9RZK1 Uncharact 100.0 1.5E-41 1.6E-47  300.8   0.0  306   30-364    78-386 (530)
     356 tr|A0A1I8FSG9|A0A1I8FSG9_9PLAT 100.0 1.5E-41 1.6E-47  304.8   0.0  296   30-363   107-448 (550)
     357 UniRef100_A0A210PMD5 Neuropept 100.0 1.5E-41 1.6E-47  296.3   0.0  313   28-364    45-372 (445)
     358 tr|A0A0B2UYY4|A0A0B2UYY4_TOXCA 100.0 1.5E-41 1.6E-47  303.5   0.0  304   29-365    81-387 (437)
     359 tr|A0A0P7V0U8|A0A0P7V0U8_9TELE 100.0 1.7E-41 1.7E-47  294.5   0.0  296   27-366    82-377 (439)
     360 tr|A7S585|A7S585_NEMVE Predict 100.0 1.7E-41 1.8E-47  302.2   0.0  304   25-365    19-327 (374)
     361 tr|A0A218VDE9|A0A218VDE9_9PASE 100.0 1.7E-41 1.8E-47  300.9   0.0  288   26-363    19-307 (556)
     362 UniRef100_A0A023F4J9 Putative  100.0 1.8E-41 1.8E-47  314.3   0.0  298   32-363   158-492 (588)
     363 UniRef100_A0A0L8HMQ0 G_PROTEIN 100.0 1.8E-41 1.9E-47  309.6   0.0  300   27-363    45-347 (538)
     364 tr|A0A2D0SD29|A0A2D0SD29_ICTPU 100.0 1.9E-41   2E-47  302.4   0.0  298   30-362     4-307 (420)
     365 UniRef100_A0A3B4UE11 Si:zfos-1 100.0   2E-41   2E-47  294.9   0.0  286   28-362    63-349 (441)
     366 UniRef100_A0A061QHX0 Putative  100.0   2E-41 2.1E-47  316.1   0.0  295   30-363   132-507 (563)
     367 UniRef100_A0A0K0PUL2 DH31-like 100.0   2E-41 2.1E-47  296.5   0.0  286   30-363    48-333 (375)
     368 tr|A0A226N2C0|A0A226N2C0_CALSU 100.0 2.1E-41 2.1E-47  303.3   0.0  299   28-364   222-521 (569)
     369 tr|A0A0N7KWU9|A0A0N7KWU9_LYMST 100.0 2.1E-41 2.2E-47  301.3   0.0  323   25-376    70-459 (494)
     370 UniRef100_A0A2B4S4U3 Beta-2 ad 100.0 2.2E-41 2.3E-47  296.7   0.0  292   31-362    29-320 (372)
     371 UniRef100_A0A0L8H5P3 G_PROTEIN 100.0 2.3E-41 2.4E-47  307.0   0.0  297   26-360    70-369 (496)
     372 UniRef100_A0A091R746 Beta-1 ad 100.0 2.3E-41 2.4E-47  308.0   0.0  296   33-362   137-451 (572)
     373 UniRef100_A0A0P7U0M1 Galanin r 100.0 2.5E-41 2.6E-47  293.7   0.0  308   27-374   137-445 (475)
     374 UniRef100_A0A060VZ71 G_PROTEIN 100.0 2.5E-41 2.6E-47  315.8   0.0  314   19-364   217-536 (650)
     375 tr|A0A183TGM8|A0A183TGM8_SCHSO 100.0 2.6E-41 2.7E-47  301.0   0.0  310   27-363    61-372 (446)
     376 UniRef100_A0A060VWI9 G_PROTEIN 100.0 2.7E-41 2.8E-47  308.9   0.0  294   35-363    65-394 (579)
     377 tr|A0A0C9QDT4|A0A0C9QDT4_9HYME 100.0 2.8E-41 2.9E-47  309.4   0.0  310   28-365    40-359 (582)
     378 tr|A0A2B4RXD1|A0A2B4RXD1_STYPI 100.0 2.8E-41 2.9E-47  299.1   0.0  290   26-361    89-378 (416)
     379 UniRef100_A0A6P8HX63 probable  100.0 2.8E-41   3E-47  308.4   0.0  292   30-364    57-361 (407)
     380 tr|A0A1I8MAM1|A0A1I8MAM1_MUSDO 100.0 2.9E-41   3E-47  320.2   0.0  305   26-362   268-573 (1063)
     381 UniRef100_A0A087REY1 NPY-Y2 re 100.0 3.2E-41 3.3E-47  308.6   0.0  296   28-365   184-480 (599)
     382 UniRef100_UPI000219022F Endoly 100.0 3.2E-41 3.4E-47  298.7   0.0  284   32-363   202-486 (507)
     383 tr|B4KA85|B4KA85_DROMO Unchara 100.0 3.3E-41 3.4E-47  308.8   0.0  306   22-364   112-421 (681)
     384 ERR1719510_236906              100.0 3.3E-41 3.5E-47  313.7   0.0  306   19-366    71-376 (577)
     385 tr|A0A131XUY2|A0A131XUY2_IXORI 100.0 3.4E-41 3.5E-47  299.5   0.0  289   29-365   160-448 (560)
     386 UniRef100_A0A034WQT6 Tachykini 100.0 3.4E-41 3.5E-47  310.1   0.0  302   27-362   113-417 (694)
     387 tr|A0A147A4W2|A0A147A4W2_FUNHE 100.0 3.6E-41 3.8E-47  304.0   0.0  316   30-365    94-445 (502)
     388 UniRef100_A0A2G8KTA9 Putative  100.0 3.6E-41 3.8E-47  311.5   0.0  287   33-360    51-341 (445)
     389 UniRef100_A0A016TS00 G_PROTEIN 100.0 3.7E-41 3.9E-47  317.7   0.0  304   31-364   113-554 (622)
     390 tr|A0A0N8EK17|A0A0N8EK17_9CRUS 100.0 3.9E-41   4E-47  307.4   0.0  316   29-366    52-371 (664)
     391 UniRef100_A0A060YY06 G_PROTEIN 100.0 3.9E-41 4.1E-47  305.0   0.0  308   20-361    93-406 (490)
     392 UniRef100_A0A067RDC3 Prolactin 100.0 4.2E-41 4.4E-47  306.3   0.0  294   27-362    61-355 (541)
     393 tr|A0A1S3FWK5|A0A1S3FWK5_DIPOR 100.0 4.3E-41 4.5E-47  307.8   0.0  307   27-362   413-728 (786)
     394 tr|A0A210R0K7|A0A210R0K7_MIZYE 100.0 4.4E-41 4.6E-47  298.7   0.0  317   27-364    70-426 (470)
     395 tr|W5JTF9|W5JTF9_ANODA Somatos 100.0 4.4E-41 4.6E-47  303.2   0.0  295   30-364    54-348 (526)
     396 UniRef100_A0A210QSD7 Octopamin 100.0 4.6E-41 4.8E-47  307.1   0.0  297   27-364    54-417 (423)
     397 UniRef100_A0A6P4ZN87 somatosta 100.0 4.9E-41 5.2E-47  296.7   0.0  299   27-362    29-327 (391)
     398 tr|A0A0K0PUJ3|A0A0K0PUJ3_PLADU 100.0   5E-41 5.2E-47  294.6   0.0  293   29-361    52-347 (475)
     399 UniRef100_A0A210QHM7 G-protein 100.0   5E-41 5.2E-47  307.0   0.0  301   29-366    78-378 (492)
     400 UniRef100_A0A7M7G1H5 G_PROTEIN 100.0 5.1E-41 5.5E-47  308.0   0.0  292   32-364    39-334 (381)
     401 UniRef100_A0A2G8KMT5 G_PROTEIN 100.0 5.3E-41 5.6E-47  300.4   0.0  283   34-360    40-324 (402)
     402 tr|A0A146TP77|A0A146TP77_FUNHE 100.0 5.4E-41 5.7E-47  316.9   0.0  299   30-367    46-427 (522)
     403 tr|A0A2H1W6Q0|A0A2H1W6Q0_SPOFR 100.0 5.7E-41 5.9E-47  302.6   0.0  299   27-366    67-366 (466)
     404 UniRef100_A0A2G8JGQ1 Putative  100.0 5.9E-41 6.2E-47  307.6   0.0  297   28-364    55-371 (455)
     405 tr|U3U4E1|U3U4E1_NILLU Neurope 100.0 6.1E-41 6.4E-47  309.0   0.0  313   27-366   149-471 (606)
     406 UniRef100_A0A6P4Z684 G-protein 100.0 6.2E-41 6.4E-47  296.4   0.0  295   29-362    50-345 (425)
     407 UniRef100_F6ZHC8 Uncharacteriz 100.0 6.3E-41 6.6E-47  303.7   0.0  308   30-365    87-466 (520)
     408 UniRef100_A0A0S1YD99 Neuropept 100.0 6.6E-41 6.8E-47  293.0   0.0  306   23-365    68-374 (423)
     409 tr|A0A1W2W6Z4|A0A1W2W6Z4_CIOIN 100.0 6.7E-41   7E-47  308.8   0.0  301   29-365    97-400 (629)
     410 UniRef100_A0A0A7AME6 GH-releas 100.0 7.1E-41 7.4E-47  290.2   0.0  293   33-362    61-356 (438)
     411 tr|E2BGR8|E2BGR8_HARSA Neurope 100.0 7.3E-41 7.6E-47  297.3   0.0  310   30-365    41-350 (533)
     412 UniRef100_A0A060X7S9 B2 bradyk 100.0 7.3E-41 7.7E-47  306.7   0.0  292   27-361   110-403 (491)
     413 UniRef100_A0A3M6U522 G_PROTEIN 100.0 7.5E-41 7.8E-47  298.8   0.0  300   28-366    33-332 (495)
     414 UniRef100_A0A060Y7B7 G_PROTEIN 100.0 7.7E-41 8.1E-47  308.6   0.0  190   25-249   110-299 (560)
     415 UniRef100_A0A059ZY04 Angiotens 100.0 7.7E-41 8.2E-47  312.8   0.0  291   27-366   165-457 (546)
     416 tr|A0A212EZN3|A0A212EZN3_DANPL 100.0 7.9E-41 8.3E-47  300.7   0.0  305   23-363    47-354 (488)
     417 tr|A0A1W4X208|A0A1W4X208_AGRPL 100.0   8E-41 8.3E-47  296.2   0.0  311   22-366    86-396 (467)
     418 tr|A0A193KU92|A0A193KU92_SCHMD 100.0 8.1E-41 8.4E-47  300.0   0.0  303   25-364    52-407 (478)
     419 UniRef100_A0A2B4S7Y2 Neuropept 100.0 8.2E-41 8.7E-47  310.4   0.0  291   27-362    78-370 (460)
     420 tr|A0A1I8N820|A0A1I8N820_MUSDO 100.0 8.8E-41 9.1E-47  311.1   0.0  296   32-362   306-636 (880)
     421 UniRef100_A0A026W4F0 Octopamin 100.0 8.8E-41 9.2E-47  295.8   0.0  300   31-364    56-393 (445)
     422 UniRef100_A0A067R841 G_PROTEIN 100.0 8.7E-41 9.2E-47  308.7   0.0  303   28-363   104-409 (526)
     423 tr|A0A1S3NPB2|A0A1S3NPB2_SALSA 100.0 9.2E-41 9.6E-47  296.4   0.0  312   19-371    28-339 (443)
     424 tr|A0A2B4S1Z5|A0A2B4S1Z5_STYPI 100.0 9.4E-41 9.8E-47  303.8   0.0  274   27-364    22-299 (514)
     425 tr|A0A210QAT3|A0A210QAT3_MIZYE 100.0 9.7E-41   1E-46  298.7   0.0  309   29-366    58-370 (512)
     426 tr|W8C2A8|W8C2A8_CERCA Neurope 100.0 9.8E-41   1E-46  314.2   0.0  305   27-365   261-566 (827)
     427 UniRef100_A0A0P7U357 Apelin re 100.0 9.8E-41   1E-46  296.9   0.0  289   27-364    54-344 (401)
     428 UniRef100_A0A0N7ZAP9 G_PROTEIN 100.0   1E-40 1.1E-46  302.0   0.0  296   25-364    71-367 (421)
     429 UniRef100_A0A3M6THF9 G_PROTEIN 100.0   1E-40 1.1E-46  306.0   0.0  279   26-360    56-335 (483)
     430 tr|A0A182QHF8|A0A182QHF8_9DIPT 100.0 1.1E-40 1.1E-46  302.4   0.0  307   26-362    96-405 (581)
     431 tr|A0A2B4S6X2|A0A2B4S6X2_STYPI 100.0 1.1E-40 1.1E-46  291.8   0.0  296   33-363    26-323 (379)
     432 tr|A7RNV5|A7RNV5_NEMVE Predict 100.0 1.1E-40 1.1E-46  293.3   0.0  289   31-359    32-322 (377)
     433 tr|F1SMV4|F1SMV4_PIG Uncharact 100.0 1.2E-40 1.2E-46  296.8   0.0  308   31-362   190-501 (553)
     434 UniRef100_A0A087QH27 C-C chemo 100.0 1.2E-40 1.3E-46  317.6   0.0  286   27-362   197-483 (591)
     435 tr|A0A147AZW9|A0A147AZW9_FUNHE 100.0 1.2E-40 1.3E-46  312.6   0.0  303   29-364    84-435 (468)
     436 tr|A0A182L9N8|A0A182L9N8_9DIPT 100.0 1.3E-40 1.4E-46  302.8   0.0  300   27-365    85-384 (490)
     437 tr|A0A2B4SNZ1|A0A2B4SNZ1_STYPI 100.0 1.3E-40 1.4E-46  301.8   0.0  290   27-363    28-319 (351)
     438 UniRef100_A0A1S3F7I6 neuropept 100.0 1.4E-40 1.5E-46  309.6   0.0  310   23-365   243-559 (712)
     439 UniRef100_A0A6P4YBA8 delta-typ 100.0 1.4E-40 1.5E-46  297.4   0.0  292   30-365    50-341 (406)
     440 tr|A0A061IHH7|A0A061IHH7_CRIGR 100.0 1.4E-40 1.5E-46  324.5   0.0  301   26-362   616-918 (934)
     441 tr|A0A2B4SSL5|A0A2B4SSL5_STYPI 100.0 1.4E-40 1.5E-46  285.1   0.0  292   27-363    18-309 (344)
     442 UniRef100_A0A024FLZ5 PQRFa pep 100.0 1.4E-40 1.5E-46  295.3   0.0  298   24-361    51-349 (416)
     443 UniRef100_A0A2B4SJV4 Galanin r 100.0 1.4E-40 1.5E-46  310.4   0.0  290   30-362    74-365 (444)
     444 UniRef100_A0A026VW91 Neuropept 100.0 1.5E-40 1.5E-46  295.6   0.0  300   27-365   185-488 (582)
     445 UniRef100_A0A016T4B6 G_PROTEIN 100.0 1.5E-40 1.6E-46  312.5   0.0  312   21-362    93-427 (585)
     446 UniRef100_UPI0001CBB4DC allato 100.0 1.5E-40 1.6E-46  304.7   0.0  310   20-361    49-367 (431)
     447 tr|A0A182U1B5|A0A182U1B5_9DIPT 100.0 1.6E-40 1.6E-46  304.4   0.0  310   21-362    30-342 (620)
     448 tr|A0A131ZXP6|A0A131ZXP6_SARSC 100.0 1.6E-40 1.6E-46  293.4   0.0  294   28-364   120-413 (480)
     449 UniRef100_A0A3M6TJR4 G_PROTEIN 100.0 1.6E-40 1.7E-46  289.7   0.0  300   22-360    15-314 (391)
     450 tr|A0A146PN09|A0A146PN09_FUNHE 100.0 1.6E-40 1.7E-46  312.7   0.0  319   27-362    36-394 (432)
     451 UniRef100_A0A016UUZ5 G_PROTEIN 100.0 1.6E-40 1.7E-46  298.2   0.0  293   28-365    72-414 (486)
     452 UniRef100_A0A2B4SID7 Neuropept 100.0 1.6E-40 1.7E-46  301.6   0.0  299   26-361    77-377 (462)
     453 tr|F7E6B1|F7E6B1_MONDO Tachyki 100.0 1.7E-40 1.7E-46  294.5   0.0  303   21-366    85-387 (475)
     454 UniRef100_A0A026WJE1 Neuropept 100.0 1.7E-40 1.8E-46  305.3   0.0  317   28-362   116-439 (606)
     455 tr|A0A0L0CJC7|A0A0L0CJC7_LUCCU 100.0 1.8E-40 1.8E-46  310.4   0.0  302   29-361   277-579 (1006)
     456 tr|A7SMQ7|A7SMQ7_NEMVE Predict 100.0 1.9E-40 1.9E-46  290.8   0.0  292   29-364    10-303 (358)
     457 UniRef100_A0A087YRI1 G_PROTEIN 100.0 1.9E-40   2E-46  300.7   0.0  288   31-362    81-371 (438)
     458 UniRef100_A0A3M6T9C5 G_PROTEIN 100.0 1.9E-40 2.1E-46  301.4   0.0  306   25-366    53-362 (402)
     459 tr|A0A182JGG2|A0A182JGG2_9DIPT 100.0   2E-40 2.1E-46  311.3   0.0  309   28-364   117-427 (746)
     460 UniRef100_A0A7M7N131 G_PROTEIN 100.0   2E-40 2.1E-46  288.9   0.0  304   31-363   101-416 (448)
     461 UniRef100_A0A060W161 G_PROTEIN 100.0   2E-40 2.1E-46  318.2   0.0  286   28-361   166-453 (574)
     462 UniRef100_A0A6F9DEB9 5-hydroxy 100.0   2E-40 2.1E-46  302.2   0.0  295   25-361    50-357 (426)
     463 UniRef100_A0A182H1J6 G_PROTEIN 100.0 2.1E-40 2.1E-46  315.4   0.0  140   31-175   319-458 (1005)
     464 tr|A0A1W4X1F3|A0A1W4X1F3_AGRPL 100.0 2.1E-40 2.2E-46  297.4   0.0  302   26-365   129-433 (485)
     465 SRR6218665_147192              100.0 2.1E-40 2.2E-46  296.9   0.0  307   23-366    93-399 (466)
     466 tr|A0A1I8MRR4|A0A1I8MRR4_MUSDO 100.0 2.3E-40 2.4E-46  307.8   0.0  304   25-365   253-560 (819)
     467 tr|A0A1I8PF57|A0A1I8PF57_STOCA 100.0 2.3E-40 2.4E-46  310.4   0.0  303   25-364   378-747 (784)
     468 UniRef100_A0A151NBW6 Beta-3 ad 100.0 2.4E-40 2.5E-46  296.2   0.0  298   29-361    29-338 (490)
     469 UniRef100_A0A6P4ZPQ5 G-protein 100.0 2.4E-40 2.5E-46  288.1   0.0  285   28-359    40-325 (420)
     470 UniRef100_A0A067RIW6 G_PROTEIN 100.0 2.5E-40 2.6E-46  310.0   0.0  295   29-360   183-543 (705)
     471 UniRef100_A0A084WCX2 AGAP00493 100.0 2.5E-40 2.6E-46  301.3   0.0  293   29-363    93-388 (474)
     472 tr|J9K383|J9K383_ACYPI Unchara 100.0 2.6E-40 2.7E-46  293.1   0.0  304   29-362    38-347 (502)
     473 tr|A7SIX0|A7SIX0_NEMVE Predict 100.0 2.6E-40 2.7E-46  291.6   0.0  297   25-363    19-318 (403)
     474 UniRef100_A0A1S3IXU9 RYamide r 100.0 2.6E-40 2.7E-46  288.4   0.0  297   26-360    30-327 (438)
     475 tr|A0A218UWX7|A0A218UWX7_9PASE 100.0 2.6E-40 2.8E-46  297.7   0.0  301   27-361    37-338 (474)
     476 UniRef100_A0A024R4J1 Formyl pe 100.0 2.6E-40 2.8E-46  320.0   0.0  282   29-361   171-453 (581)
     477 tr|A0A091DX38|A0A091DX38_FUKDA 100.0 2.8E-40 2.9E-46  307.8   0.0  295   29-370   141-435 (878)
     478 tr|J9K651|J9K651_ACYPI Unchara 100.0 2.8E-40 2.9E-46  291.3   0.0  305   26-365    85-389 (440)
     479 UniRef100_A0A067QQU1 Cholecyst 100.0 2.8E-40 2.9E-46  296.5   0.0  298   34-360     5-329 (404)
     480 UniRef100_A0A0K8WE72 5-hydroxy 100.0 2.8E-40   3E-46  305.6   0.0  306   21-363   259-624 (662)
     481 SRR6218665_1158703             100.0 2.8E-40   3E-46  294.4   0.0  308   23-365    29-336 (413)
     482 ERR1719323_733875              100.0 2.9E-40   3E-46  285.0   0.0  286   28-361    34-321 (398)
     483 UniRef100_A0A0L8I1Y4 G_PROTEIN 100.0 2.9E-40 3.1E-46  289.0   0.0  306   31-365    53-374 (457)
     484 UniRef100_A0A3M6T5D0 G_PROTEIN 100.0   3E-40 3.2E-46  299.0   0.0  273   28-364    50-324 (402)
     485 UniRef100_A0A0K0PUT0 Orphan G- 100.0   3E-40 3.2E-46  305.0   0.0  295   31-364    51-347 (400)
     486 tr|A0A1L8ET46|A0A1L8ET46_XENLA 100.0 3.1E-40 3.2E-46  289.8   0.0  314   27-360    58-420 (459)
     487 UniRef100_A0A061QLN0 Putative  100.0 3.1E-40 3.2E-46  316.5   0.0  141   31-176    89-229 (685)
     488 UniRef100_A0A3M6U2U1 G_PROTEIN 100.0 3.1E-40 3.2E-46  295.1   0.0  288   29-363    18-307 (352)
     489 UniRef100_A0A0A1XIV8 Neuromedi 100.0 3.1E-40 3.3E-46  307.8   0.0  299   27-363   162-462 (823)
     490 UniRef100_A0A067RKH6 Putative  100.0 3.1E-40 3.3E-46  306.7   0.0  309   29-362    95-411 (501)
     491 UniRef100_A0A077KAM5 PQRFa pep 100.0 3.2E-40 3.4E-46  295.0   0.0  306   27-365   135-447 (539)
     492 tr|A0A147AUP2|A0A147AUP2_FUNHE 100.0 3.3E-40 3.5E-46  300.7   0.0  272   31-348   121-392 (482)
     493 tr|A0A1L8HND2|A0A1L8HND2_XENLA 100.0 3.3E-40 3.5E-46  295.1   0.0  299   30-362   128-426 (452)
     494 UniRef100_A0A060XSH0 G_PROTEIN 100.0 3.3E-40 3.5E-46  310.5   0.0  289   27-364   143-435 (590)
     495 UniRef100_A0A061I5W2 G-protein 100.0 3.4E-40 3.5E-46  292.3   0.0  290   28-362    74-364 (435)
     496 UniRef100_A0A076YJT8 Chemokine 100.0 3.4E-40 3.6E-46  301.8   0.0  284   28-362   158-443 (493)
     497 tr|A0A2B4SIA2|A0A2B4SIA2_STYPI 100.0 3.5E-40 3.6E-46  293.9   0.0  301   26-361    54-358 (370)
     498 tr|W4Z3I5|W4Z3I5_STRPU Unchara 100.0 3.6E-40 3.7E-46  292.8   0.0  319   26-363    44-393 (461)
     499 UniRef100_A0A6P3IMR0 somatosta 100.0 3.7E-40 3.8E-46  289.9   0.0  288   30-362   197-484 (524)
     500 UniRef100_A0A132AJH3 7 transme 100.0 3.7E-40 3.9E-46  300.7   0.0  302   33-361    71-384 (447)
     
  > Uniprot already searched, skipping.
> Running chain B
  > Uniref90 already searched, skipping.
  > Mgnify already searched, skipping.
  > Running hhblits on bfd_uniref30
- 12:22:53.021 INFO: Searching 65983866 column state sequences.

- 12:23:03.826 INFO: Searching 29291635 column state sequences.

- 12:23:03.875 INFO: gpr39_human-1579/msas/B/chain_B.fasta is in A2M, A3M or FASTA format

- 12:23:03.876 INFO: Iteration 1

- 12:23:03.891 INFO: Prefiltering database

- 12:24:07.450 INFO: HMMs passed 1st prefilter (gapless profile-profile alignment)  : 21530

- 12:24:28.080 INFO: HMMs passed 1st prefilter (gapless profile-profile alignment)  : 35181

- 12:24:28.245 INFO: HMMs passed 2nd prefilter (gapped profile-profile alignment)   : 49

- 12:24:28.245 INFO: HMMs passed 2nd prefilter and not found in previous iterations : 49

- 12:24:28.245 INFO: Scoring 49 HMMs using HMM-HMM Viterbi alignment

- 12:24:28.272 INFO: Alternative alignment: 0

- 12:24:29.989 INFO: 49 alignments done

- 12:24:29.989 INFO: Alternative alignment: 1

- 12:24:29.992 INFO: 46 alignments done

- 12:24:29.992 INFO: Alternative alignment: 2

- 12:24:29.992 INFO: Alternative alignment: 3

- 12:24:30.057 INFO: Premerge done

- 12:24:30.057 INFO: Realigning 49 HMM-HMM alignments using Maximum Accuracy algorithm

- 12:24:30.157 INFO: 10 sequences belonging to 10 database HMMs found with an E-value < 0.001

- 12:24:30.157 INFO: Number of effective sequences of resulting query HMM: Neff = 2.84753

- 12:24:30.165 INFO: Iteration 2

- 12:24:30.165 INFO: Set premerge to 0! (premerge: 3 iteration: 2 hits.Size: 7)

- 12:24:30.174 INFO: Prefiltering database

- 12:38:10.805 INFO: HMMs passed 1st prefilter (gapless profile-profile alignment)  : 29542

- 12:39:16.869 INFO: HMMs passed 1st prefilter (gapless profile-profile alignment)  : 39451

- 12:39:16.949 INFO: HMMs passed 2nd prefilter (gapped profile-profile alignment)   : 61

- 12:39:16.949 INFO: HMMs passed 2nd prefilter and not found in previous iterations : 54

- 12:39:16.949 INFO: Scoring 54 HMMs using HMM-HMM Viterbi alignment

- 12:39:16.968 INFO: Alternative alignment: 0

- 12:39:17.196 INFO: 54 alignments done

- 12:39:17.197 INFO: Alternative alignment: 1

- 12:39:17.198 INFO: 31 alignments done

- 12:39:17.198 INFO: Alternative alignment: 2

- 12:39:17.199 INFO: 1 alignments done

- 12:39:17.199 INFO: Alternative alignment: 3

- 12:39:17.213 INFO: Realigning 53 HMM-HMM alignments using Maximum Accuracy algorithm

- 12:39:17.229 INFO: 16 sequences belonging to 16 database HMMs found with an E-value < 0.001

- 12:39:17.229 INFO: Number of effective sequences of resulting query HMM: Neff = 2.91263

- 12:39:17.233 INFO: Iteration 3

- 12:39:17.246 INFO: Prefiltering database

- 12:40:01.148 INFO: HMMs passed 1st prefilter (gapless profile-profile alignment)  : 23981

- 12:40:20.764 INFO: HMMs passed 1st prefilter (gapless profile-profile alignment)  : 33673

- 12:40:20.802 INFO: HMMs passed 2nd prefilter (gapped profile-profile alignment)   : 49

- 12:40:20.802 INFO: HMMs passed 2nd prefilter and not found in previous iterations : 36

- 12:40:20.802 INFO: Scoring 36 HMMs using HMM-HMM Viterbi alignment

- 12:40:20.821 INFO: Alternative alignment: 0

- 12:40:21.072 INFO: 36 alignments done

- 12:40:21.072 INFO: Alternative alignment: 1

- 12:40:21.074 INFO: 23 alignments done

- 12:40:21.074 INFO: Alternative alignment: 2

- 12:40:21.074 INFO: Alternative alignment: 3

- 12:40:21.084 INFO: Rescoring previously found HMMs with Viterbi algorithm

- 12:40:21.099 INFO: Alternative alignment: 0

- 12:40:21.375 INFO: 13 alignments done

- 12:40:21.375 INFO: Alternative alignment: 1

- 12:40:21.376 INFO: 13 alignments done

- 12:40:21.376 INFO: Alternative alignment: 2

- 12:40:21.377 INFO: 1 alignments done

- 12:40:21.377 INFO: Alternative alignment: 3

- 12:40:21.387 INFO: Premerge done

- 12:40:21.387 INFO: Realigning 48 HMM-HMM alignments using Maximum Accuracy algorithm

- 12:40:21.401 INFO: 16 sequences belonging to 16 database HMMs found with an E-value < 0.001

- 12:40:21.402 INFO: Number of effective sequences of resulting query HMM: Neff = 2.91263

     Query         neurotensin gtp:1579
     Match_columns 13
     No_of_seqs    28 out of 152
     Neff          2.91263
     Searched_HMMs 99
     Date          Thu Feb 23 12:40:21 2023
     Command       hhblits -i gpr39_human-1579/msas/B/chain_B.fasta -cpu 2 -maxmem 20 -oa3m /projects/ilfgrid/people/nqz918/code/deorph/scripts/af_arman/af_jobs_af23/gpr39_human/1579//gpr39_human-1579/msas/B/bfd_uniref_hits.a3m -o /dev/null -n 3 -e 0.001 -maxseq 1000000 -realign_max 100000 -maxfilt 100000 -min_prefilter_hits 1000 -d /projects/ilfgrid/data/alphafold-genetic-databases///bfd/bfd_metaclust_clu_complete_id30_c90_final_seq.sorted_opt -d /projects/ilfgrid/data/alphafold-genetic-databases///uniref30/UniRef30_2021_03 
     
      No Hit                             Prob E-value P-value  Score    SS Cols Query HMM  Template HMM
       1 UniRef100_P13724 Neurotensin n  97.9 3.2E-07 3.3E-13   35.4   0.0   13    1-13      1-13  (13)
       2 UniRef100_P41536 Neurotensin n  97.6 2.7E-06 2.9E-12   33.0   0.0   13    1-13      1-13  (13)
       3 UniRef100_P32560 Neurotensin n  97.4   1E-05   1E-11   31.6   0.0   13    1-13      1-13  (13)
       4 UniRef100_A0A060WIW2 Large neu  97.3 1.4E-05 2.3E-11   45.3   0.0   13    1-13    178-190 (201)
       5 UniRef100_A0A2I2UUS3 Large neu  97.1 4.4E-05 5.8E-11   40.7   0.0   13    1-13     76-88  (97)
       6 tr|A0A0Q3M8B6|A0A0Q3M8B6_AMAAE  96.9  0.0001 1.3E-10   43.0   0.0   13    1-13    185-197 (203)
       7 UniRef100_A0A3P9KFW0 Large neu  96.7 0.00035 4.2E-10   37.2   0.0   13    1-13     68-80  (86)
       8 UniRef100_G3UTA6 Large neurome  96.6 0.00061 6.3E-10   35.0   0.0   13    1-13     44-56  (62)
       9 tr|A0A147B2X0|A0A147B2X0_FUNHE  96.6 0.00045 6.3E-10   40.8   0.0   13    1-13    138-151 (225)
      10 UniRef100_A0A091JNE1 Large neu  96.4 0.00097 1.1E-09   38.7   0.0   13    1-13    146-158 (165)
      11 tr|G5BJL3|G5BJL3_HETGA Neurote  96.3  0.0016 1.9E-09   38.9   0.0   13    1-13    194-206 (213)
      12 UniRef100_P31745 Neurotensin n  96.2  0.0026 2.7E-09   25.4   0.0   13    1-13      1-13  (13)
      13 UniRef100_UPI000392F29C neurot  96.1  0.0025 2.9E-09   39.1   0.0   13    1-13    251-263 (269)
      14 UniRef100_A0A2I4BG56 Large neu  95.6    0.01 1.3E-08   36.1   0.0   11    3-13    176-186 (226)
      15 UniRef100_A0A493U0J7 Large neu  95.5   0.015 1.6E-08   35.4   0.0   13    1-13    197-209 (215)
      16 UniRef100_A0A6F9AH71 Large neu  95.3   0.022 2.3E-08   32.5   0.0   13    1-13     96-108 (114)
      17 UniRef100_A0A672PUU0 Large neu  94.7   0.054 5.6E-08   31.7   0.0   13    1-13    114-126 (132)
      18 UniRef100_A0A3B3HW52 Large neu  94.7   0.051 6.3E-08   33.8   0.0   11    3-13    226-236 (242)
      19 UniRef100_A0A7J8FZT2 Large neu  94.2     0.1 1.1E-07   32.5   0.0   13    1-13    201-213 (220)
      20 UniRef100_A0A3N0YAU0 Large neu  94.0    0.14 1.4E-07   32.3   0.0   13    1-13    143-155 (243)
      21 UniRef100_A0A3Q3G5N9 Large neu  93.4    0.25 2.5E-07   27.5   0.0   11    3-13     64-74  (80)
      22 UniRef100_A0A671LMZ1 Large neu  92.8    0.35 3.9E-07   29.3   0.0   13    1-13    135-147 (155)
      23 UniRef100_A0A3B3SJB3 Large neu  92.6    0.45 4.6E-07   26.6   0.0   10    4-13     64-73  (79)
      24 UniRef100_X1C6N0 Uncharacteriz  92.4    0.49   5E-07   23.0   0.0    9    4-12      5-13  (31)
      25 UniRef100_A0A384BUP2 Large neu  92.1     0.6 6.2E-07   31.0   0.0   13    1-13    326-338 (345)
      26 UniRef100_A0A0A9GZW2 Uncharact  92.1    0.61 6.3E-07   21.7   0.0   10    3-12      2-11  (24)
      27 UniRef100_A0A2E7NAJ7 Uncharact  92.0    0.63 6.5E-07   25.4   0.0   12    1-12     38-49  (65)
      28 UniRef100_A0A5M8NY69 Uncharact  85.4     5.6 5.8E-06   20.1   0.0   12    1-12     16-27  (33)
      29 UniRef100_A0A540VP76 Uncharact  83.6     7.9 8.2E-06   26.0   0.0   11    3-13     27-37  (273)
      30 UniRef100_A0A3B1B1H0 Uncharact  83.2     8.5 8.7E-06   22.9   0.0    9    4-12     16-24  (94)
      31 UniRef100_A0A0A9LWT3 Uncharact  80.6      13 1.3E-05   20.0   0.0   11    2-12     21-31  (44)
      32 UniRef100_A0A090FBM3 Uncharact  78.4      17 1.7E-05   24.1   0.0   11    1-11     79-89  (206)
      33 UniRef100_A0A2E0YGA6 Uncharact  78.2      17 1.8E-05   21.3   0.0   10    2-11     64-73  (79)
      34 UniRef100_UPI0012F74491 hypoth  76.3      22 2.2E-05   20.5   0.0   12    1-12      3-14  (66)
      35 UniRef100_A0A3P6FYW5 Uncharact  75.3      24 2.5E-05   18.8   0.0   10    1-10     26-35  (40)
      36 UniRef100_A0A6H2Y9X5 Uncharact  74.3      26 2.7E-05   18.4   0.0   10    3-12      7-16  (37)
      37 UniRef100_R5W8C1 Uncharacteriz  73.9      28 2.8E-05   19.1   0.0   12    1-12     17-28  (47)
      38 UniRef100_A0A3N7FYV0 Uncharact  73.2      29   3E-05   18.4   0.0   12    1-12     10-21  (39)
      39 UniRef100_A0A074YNQ5 Uncharact  71.6      34 3.5E-05   21.0   0.0   13    1-13     16-28  (99)
      40 UniRef100_UPI000B4AEC5C hypoth  70.6      37 3.8E-05   19.3   0.0   11    1-11     44-54  (59)
      41 SRR3972149_9521056              67.5      46   5E-05   22.2   0.0   11    1-11     18-28  (183)
      42 UniRef100_A0A176S3G2 Uncharact  64.8      60 6.1E-05   19.0   0.0   12    1-12     16-27  (67)
      43 UniRef100_UPI0019D0DC6F hypoth  64.3      62 6.4E-05   18.8   0.0   10    3-12     22-31  (62)
      44 UniRef100_F3KVF7 Uncharacteriz  61.3      77   8E-05   16.8   0.0   13    1-13      8-20  (34)
      45 UniRef100_A0A7W3WAT3 Uncharact  60.1      83 8.6E-05   20.0   0.0   12    1-12      6-17  (116)
      46 UniRef100_S8BXH5 Uncharacteriz  57.5      99  0.0001   17.6   0.0   12    1-12     36-47  (51)
      47 UniRef100_A0A7J6PCM4 Uncharact  53.0 1.3E+02 0.00014   17.9   0.0   12    1-12     24-35  (66)
      48 UniRef100_A0A6C0CDJ9 Uncharact  45.9   2E+02 0.00021   18.9   0.0   11    1-11     76-86  (124)
     
  > Uniprot already searched, skipping.

>> Job finished at: Thu Feb 23 12:40:26 CET 2023

>> Runtime: 6203 s
