>> Job started at: Thu Mar  9 06:45:48 CET 2023
   On Machine:     ilfgridgpun01fl.unicph.domain
   In directory:   /projects/ilfgrid/people/nqz918/code/deorph/scripts/af_arman/af_jobs_af23/oprk_mouse/1622

>> GPU is 

Loaded miniconda shell environment for bash
> Running 'prep_MSAs.sh'
  > Alphafold-DB directory is set to /projects/ilfgrid/data/alphafold-genetic-databases//
  > Number of cores was set to set to 4
  > Max memory set to 20 GB
  > Output directory was set to /projects/ilfgrid/people/nqz918/code/deorph/scripts/af_arman/af_jobs_af23/oprk_mouse/1622/
  > Input fastafile was set to /projects/ilfgrid/people/nqz918/code/deorph/scripts/af_arman/af_jobs_af23/oprk_mouse/1622/oprk_mouse-1622.fasta
> Splitting fastafile
> Running chain A
  > Uniref90 already searched, skipping.
  > Mgnify already searched, skipping.
  > Running hhblits on bfd_uniref30
- 06:46:07.490 INFO: Searching 65983866 column state sequences.

- 06:46:09.065 INFO: Searching 29291635 column state sequences.

- 06:46:09.134 INFO: oprk_mouse-1622/msas/A/chain_A.fasta is in A2M, A3M or FASTA format

- 06:46:09.134 INFO: Iteration 1

- 06:46:09.332 INFO: Prefiltering database

- 06:47:25.799 INFO: HMMs passed 1st prefilter (gapless profile-profile alignment)  : 2346060

- 06:48:09.504 INFO: HMMs passed 1st prefilter (gapless profile-profile alignment)  : 1025322

- 06:48:13.233 INFO: HMMs passed 2nd prefilter (gapped profile-profile alignment)   : 35685

- 06:48:13.233 INFO: HMMs passed 2nd prefilter and not found in previous iterations : 35685

- 06:48:13.233 INFO: Scoring 35685 HMMs using HMM-HMM Viterbi alignment

- 06:48:13.315 INFO: Alternative alignment: 0

- 06:48:14.060 INFO: 2000 alignments done

- 06:48:14.715 INFO: 4000 alignments done

- 06:48:15.415 INFO: 6000 alignments done

- 06:48:15.943 INFO: 8000 alignments done

- 06:48:16.520 INFO: 10000 alignments done

- 06:48:17.191 INFO: 12000 alignments done

- 06:48:17.925 INFO: 14000 alignments done

- 06:48:18.596 INFO: 16000 alignments done

- 06:48:19.154 INFO: 18000 alignments done

- 06:48:19.781 INFO: 20000 alignments done

- 06:48:20.394 INFO: 22000 alignments done

- 06:48:21.039 INFO: 24000 alignments done

- 06:48:21.658 INFO: 26000 alignments done

- 06:48:22.414 INFO: 28000 alignments done

- 06:48:22.998 INFO: 30000 alignments done

- 06:48:23.404 INFO: 32000 alignments done

- 06:48:23.816 INFO: 34000 alignments done

- 06:48:24.329 INFO: 35685 alignments done

- 06:48:24.335 INFO: Alternative alignment: 1

- 06:48:34.622 INFO: 35577 alignments done

- 06:48:34.676 INFO: Alternative alignment: 2

- 06:48:37.496 INFO: 7196 alignments done

- 06:48:37.504 INFO: Alternative alignment: 3

- 06:48:38.055 INFO: 1141 alignments done

- 06:48:38.857 INFO: Premerge done

- 06:48:38.860 INFO: Realigning 18626 HMM-HMM alignments using Maximum Accuracy algorithm

- 06:50:20.655 INFO: 18628 sequences belonging to 18628 database HMMs found with an E-value < 0.001

- 06:50:20.656 INFO: Number of effective sequences of resulting query HMM: Neff = 10.3852

- 06:50:20.987 INFO: Iteration 2

- 06:50:20.987 INFO: Set premerge to 0! (premerge: 3 iteration: 2 hits.Size: 18625)

- 06:50:21.109 INFO: Prefiltering database

- 06:51:34.652 INFO: HMMs passed 1st prefilter (gapless profile-profile alignment)  : 7565286

- 06:52:36.089 INFO: HMMs passed 1st prefilter (gapless profile-profile alignment)  : 2752114

- 06:52:46.476 INFO: HMMs passed 2nd prefilter (gapped profile-profile alignment)   : 90364

- 06:52:46.476 INFO: HMMs passed 2nd prefilter and not found in previous iterations : 72300

- 06:52:46.476 INFO: Scoring 72300 HMMs using HMM-HMM Viterbi alignment

- 06:52:46.540 INFO: Alternative alignment: 0

- 06:52:47.340 INFO: 2000 alignments done

- 06:52:48.108 INFO: 4000 alignments done

- 06:52:48.980 INFO: 6000 alignments done

- 06:52:49.501 INFO: 8000 alignments done

- 06:52:49.961 INFO: 10000 alignments done

- 06:52:50.626 INFO: 12000 alignments done

- 06:52:50.629 INFO: Stop after DB-HHM: 12000 because early stop  18.2305 < filter cutoff 20

- 06:52:50.629 INFO: Alternative alignment: 1

- 06:52:53.059 INFO: 7656 alignments done

- 06:52:53.078 INFO: Alternative alignment: 2

- 06:52:53.398 INFO: 689 alignments done

- 06:52:53.399 INFO: Alternative alignment: 3

- 06:52:53.473 INFO: 109 alignments done

- 06:52:53.596 INFO: Realigning 3334 HMM-HMM alignments using Maximum Accuracy algorithm

- 06:53:21.143 INFO: 21961 sequences belonging to 21961 database HMMs found with an E-value < 0.001

- 06:53:21.143 INFO: Number of effective sequences of resulting query HMM: Neff = 10.5427

- 06:53:21.281 INFO: Iteration 3

- 06:53:21.431 INFO: Prefiltering database

- 06:54:34.486 INFO: HMMs passed 1st prefilter (gapless profile-profile alignment)  : 8009741

- 06:55:29.399 INFO: HMMs passed 1st prefilter (gapless profile-profile alignment)  : 2827629

- 06:55:38.589 INFO: HMMs passed 2nd prefilter (gapped profile-profile alignment)   : 86318

- 06:55:38.589 INFO: HMMs passed 2nd prefilter and not found in previous iterations : 64952

- 06:55:38.589 INFO: Scoring 64952 HMMs using HMM-HMM Viterbi alignment

- 06:55:38.630 INFO: Alternative alignment: 0

- 06:55:39.365 INFO: 2000 alignments done

- 06:55:40.150 INFO: 4000 alignments done

- 06:55:40.703 INFO: 6000 alignments done

- 06:55:41.230 INFO: 8000 alignments done

- 06:55:42.044 INFO: 10000 alignments done

- 06:55:42.051 INFO: Stop after DB-HHM: 10000 because early stop  10.7766 < filter cutoff 20

- 06:55:42.051 INFO: Alternative alignment: 1

- 06:55:43.955 INFO: 5329 alignments done

- 06:55:43.959 INFO: Alternative alignment: 2

- 06:55:44.253 INFO: 596 alignments done

- 06:55:44.253 INFO: Alternative alignment: 3

- 06:55:44.332 INFO: 102 alignments done

- 06:55:44.420 INFO: Rescoring previously found HMMs with Viterbi algorithm

- 06:55:44.464 INFO: Alternative alignment: 0

- 06:55:45.015 INFO: 2000 alignments done

- 06:55:45.558 INFO: 4000 alignments done

- 06:55:46.097 INFO: 6000 alignments done

- 06:55:46.629 INFO: 8000 alignments done

- 06:55:47.178 INFO: 10000 alignments done

- 06:55:47.723 INFO: 12000 alignments done

- 06:55:48.300 INFO: 14000 alignments done

- 06:55:48.888 INFO: 16000 alignments done

- 06:55:49.492 INFO: 18000 alignments done

- 06:55:50.103 INFO: 20000 alignments done

- 06:55:50.513 INFO: 21365 alignments done

- 06:55:50.518 INFO: Alternative alignment: 1

- 06:55:57.594 INFO: 21365 alignments done

- 06:55:57.650 INFO: Alternative alignment: 2

- 06:55:58.602 INFO: 1758 alignments done

- 06:55:58.603 INFO: Alternative alignment: 3

- 06:55:58.796 INFO: 254 alignments done

- 06:55:59.092 INFO: Premerge done

- 06:55:59.093 INFO: Realigning 22174 HMM-HMM alignments using Maximum Accuracy algorithm

- 06:56:43.859 INFO: 22287 sequences belonging to 22287 database HMMs found with an E-value < 0.001

- 06:56:43.859 INFO: Number of effective sequences of resulting query HMM: Neff = 10.577

     Query         oprk_mouse P33534
     Match_columns 380
     No_of_seqs    2908 out of 253750
     Neff          10.577
     Searched_HMMs 97615
     Date          Thu Mar  9 06:56:43 2023
     Command       hhblits -i oprk_mouse-1622/msas/A/chain_A.fasta -cpu 4 -maxmem 20 -oa3m /projects/ilfgrid/people/nqz918/code/deorph/scripts/af_arman/af_jobs_af23/oprk_mouse/1622//oprk_mouse-1622/msas/A/bfd_uniref_hits.a3m -o /dev/null -n 3 -e 0.001 -maxseq 1000000 -realign_max 100000 -maxfilt 100000 -min_prefilter_hits 1000 -d /projects/ilfgrid/data/alphafold-genetic-databases///bfd/bfd_metaclust_clu_complete_id30_c90_final_seq.sorted_opt -d /projects/ilfgrid/data/alphafold-genetic-databases///uniref30/UniRef30_2021_03 
     
      No Hit                             Prob E-value P-value  Score    SS Cols Query HMM  Template HMM
       1 UniRef100_A0A060VV87 Kappa-typ 100.0   1E-76 1.1E-82  514.1   0.0  373    1-380   136-509 (586)
       2 tr|A0A147AUP2|A0A147AUP2_FUNHE 100.0 4.7E-76 4.9E-82  511.6   0.0  372    1-380    67-482 (482)
       3 tr|A0A0F8AVG0|A0A0F8AVG0_LARCR 100.0 2.6E-73 2.7E-79  485.0   0.0  372    1-380     2-376 (544)
       4 tr|G3S2I3|G3S2I3_GORGO Opioid  100.0 2.7E-65 2.8E-71  435.9   0.0  323   53-378   156-479 (492)
       5 UniRef100_A0A091DZ91 Kappa-typ 100.0 1.6E-64 1.7E-70  426.5   0.0  327   52-380    67-394 (471)
       6 UniRef100_A0A3Q1GNK3 Kappa-typ 100.0 2.9E-64   3E-70  427.9   0.0  368    2-380   248-616 (616)
       7 UniRef100_A0A0F8AVG0 Kappa-typ 100.0 4.1E-64 4.2E-70  427.0   0.0  354    2-363    48-403 (594)
       8 tr|A0A1V4KKE4|A0A1V4KKE4_PATFA 100.0 1.8E-62 1.8E-68  429.1   0.0  326   52-380   398-724 (724)
       9 tr|A0A0P7V1N0|A0A0P7V1N0_9TELE 100.0   5E-62 5.2E-68  408.3   0.0  325   54-380   109-436 (436)
      10 tr|A0A1A8EW90|A0A1A8EW90_9TELE 100.0 1.1E-61 1.1E-67  410.8   0.0  316   52-368    37-352 (444)
      11 UniRef100_A0A060W9S7 Mu-type o 100.0 1.5E-61 1.5E-67  422.7   0.0  325   53-380   146-472 (605)
      12 UniRef100_A0A060X690 G_PROTEIN 100.0 1.4E-60 1.4E-66  404.1   0.0  317   58-376    45-363 (386)
      13 UniRef100_A0A087VQ23 Kappa-typ 100.0 5.1E-60 5.2E-66  409.1   0.0  321   57-380   260-581 (640)
      14 UniRef100_A0A0P7Y8S7 Nocicepti 100.0 2.3E-59 2.4E-65  393.0   0.0  324   53-379   113-437 (467)
      15 UniRef100_A0A087XI41 Mu-type o 100.0 1.9E-58   2E-64  391.1   0.0  311   56-369   149-459 (537)
      16 tr|A0A091E4L4|A0A091E4L4_FUKDA 100.0 4.2E-58 4.3E-64  413.7   0.0  330   46-379   719-1051(1054)
      17 UniRef100_A0A6F9BXC0 G_PROTEIN 100.0 5.4E-58 5.6E-64  379.0   0.0  341    2-352     3-343 (502)
      18 UniRef100_A0A3B4ZUM6 Mu-type o 100.0 1.4E-57 1.5E-63  392.5   0.0  309   55-365   166-474 (597)
      19 UniRef100_A0A226PVL7 Mu-type o 100.0 1.3E-55 1.3E-61  371.2   0.0  315   60-377   159-474 (566)
      20 tr|A0A0P7U387|A0A0P7U387_9TELE 100.0 2.1E-55 2.2E-61  381.5   0.0  291   57-352   126-418 (556)
      21 tr|F1R2F3|F1R2F3_DANRE Neurope 100.0 3.5E-55 3.6E-61  388.3   0.0  313   53-368   396-710 (731)
      22 tr|A0A0R4J0Z2|A0A0R4J0Z2_MOUSE 100.0   6E-55 6.2E-61  359.8   0.0  317   58-377    67-384 (456)
      23 tr|S7PTD0|S7PTD0_MYOBR Mu-type 100.0 6.2E-55 6.4E-61  363.3   0.0  318   57-377    70-433 (489)
      24 tr|M3ZFE6|M3ZFE6_XIPMA Somatos 100.0 7.4E-55 7.7E-61  375.9   0.0  288   58-352   103-392 (525)
      25 UniRef100_A0A060X1Q6 Somatosta 100.0 9.1E-55 9.6E-61  391.9   0.0  287   58-349   138-424 (604)
      26 UniRef100_A0A0K0PUX7 Orphan G- 100.0 9.6E-55   1E-60  385.9   0.0  293   57-349    60-354 (471)
      27 tr|W5NXE0|W5NXE0_SHEEP Opioid  100.0 2.2E-54 2.3E-60  356.8   0.0  321   52-375    38-361 (431)
      28 UniRef100_A0A060W5Z4 G_PROTEIN 100.0 1.6E-53 1.7E-59  380.2   0.0  287   59-351   190-476 (593)
      29 tr|A0A0F8ARD3|A0A0F8ARD3_LARCR 100.0 2.4E-53 2.5E-59  362.8   0.0  285   60-349    54-338 (464)
      30 UniRef100_A0A091EBV8 Type-1 an 100.0 3.4E-53 3.5E-59  387.5   0.0  309   56-377   344-661 (715)
      31 UniRef100_A0A087RJN6 Somatosta 100.0 3.7E-53 3.9E-59  375.3   0.0  287   55-348    56-342 (391)
      32 UniRef100_A0A0F8B4Z2 Mu-type o 100.0 9.1E-53 9.4E-59  348.0   0.0  315   53-369    58-372 (477)
      33 UniRef100_A0A1N7TCF1 Galanin r 100.0 1.8E-52 1.9E-58  361.8   0.0  293   58-352    70-363 (407)
      34 UniRef100_A0A091DWF1 Somatosta 100.0 2.1E-52 2.1E-58  361.7   0.0  287   60-351   156-442 (523)
      35 UniRef100_A0A1S3HKE5 allatosta 100.0 3.4E-52 3.6E-58  370.2   0.0  287   60-349    83-375 (462)
      36 UniRef100_A0A087XDT1 Somatosta 100.0 4.1E-52 4.3E-58  367.6   0.0  293   54-353   163-457 (676)
      37 UniRef100_A0A026X3T6 Allatosta 100.0 6.3E-52 6.6E-58  368.6   0.0  289   58-352   138-428 (540)
      38 UniRef100_A0A087QW50 Delta-typ 100.0 6.8E-52   7E-58  335.9   0.0  330   50-380    37-373 (400)
      39 UniRef100_A0A498L8Y6 Delta-typ 100.0 7.1E-52 7.3E-58  351.6   0.0  322   57-380   192-559 (559)
      40 tr|A0A1L8G1N6|A0A1L8G1N6_XENLA 100.0 8.6E-52   9E-58  355.6   0.0  284   59-350   116-399 (448)
      41 tr|S9YJE2|S9YJE2_CAMFR Somatos 100.0 1.3E-51 1.4E-57  349.0   0.0  291   58-350   111-401 (438)
      42 UniRef100_UPI001401E46F delta- 100.0 1.6E-51 1.6E-57  336.4   0.0  293   54-348    63-355 (440)
      43 UniRef100_A0A023F675 Putative  100.0 2.4E-51 2.5E-57  371.6   0.0  296   53-350   120-420 (530)
      44 UniRef100_A0A087T336 Somatosta 100.0 3.2E-51 3.3E-57  354.2   0.0  293   56-350    74-368 (454)
      45 UniRef100_A0A0K0PUL8 Allatosta 100.0 5.5E-51 5.8E-57  353.8   0.0  298   52-350    43-345 (396)
      46 UniRef100_A0A6P4Z4S7 G-protein 100.0 5.6E-51   6E-57  365.6   0.0  288   58-351    58-353 (417)
      47 tr|A0A091DWF1|A0A091DWF1_FUKDA 100.0 8.7E-51   9E-57  343.7   0.0  287   60-351   157-443 (483)
      48 UniRef100_A0A024FLF0 PQRFa pep 100.0 9.9E-51 1.1E-56  361.9   0.0  290   55-349    45-346 (413)
      49 UniRef100_A0A077YWL6 Somatosta 100.0 2.8E-50   3E-56  360.1   0.0  294   59-352    65-363 (446)
      50 UniRef100_A0A0K0PUR1 Orphan G- 100.0 3.1E-50 3.3E-56  361.0   0.0  287   55-345   110-407 (530)
      51 UniRef100_A0A2G8L6L1 Putative  100.0 3.2E-50 3.4E-56  345.4   0.0  287   58-350    34-325 (407)
      52 UniRef100_A0A026WTK8 Tachykini 100.0 3.8E-50   4E-56  357.6   0.0  298   50-349    80-388 (556)
      53 UniRef100_A0A060X0R7 Uncharact 100.0 4.1E-50 4.2E-56  333.7   0.0  291   57-352    55-345 (383)
      54 UniRef100_A0A6P4Y4T1 galanin r 100.0 6.7E-50 7.1E-56  345.8   0.0  289   61-352    60-354 (410)
      55 tr|A0A218VDE9|A0A218VDE9_9PASE 100.0 1.2E-49 1.3E-55  341.0   0.0  287   56-348    20-306 (556)
      56 UniRef100_A0A023F3V9 Putative  100.0 2.3E-49 2.4E-55  349.0   0.0  291   57-348   130-422 (574)
      57 tr|C3XVS5|C3XVS5_BRAFL Unchara 100.0 3.5E-49 3.7E-55  336.6   0.0  290   58-352    66-366 (425)
      58 UniRef100_A0A6P4XD29 neuropept 100.0 3.7E-49 3.8E-55  339.2   0.0  287   57-348    39-341 (385)
      59 UniRef100_A0A2B4S7K2 Histamine 100.0 4.6E-49 4.9E-55  344.9   0.0  287   52-349    25-327 (369)
      60 UniRef100_A0A3Q3G3A9 Mu-type o 100.0 7.5E-49 7.7E-55  320.7   0.0  287   85-374    63-350 (407)
      61 tr|C3XSP5|C3XSP5_BRAFL Unchara 100.0 8.4E-49 8.8E-55  329.3   0.0  291   60-353    28-330 (403)
      62 UniRef100_A0A139WB32 Tachykini 100.0 8.4E-49 8.8E-55  339.0   0.0  302   49-352    33-345 (405)
      63 UniRef100_A0A060VVF8 G_PROTEIN 100.0 1.5E-48 1.6E-54  351.6   0.0  289   57-348   137-432 (511)
      64 UniRef100_A0A141CIT8 G protein 100.0 1.8E-48 1.9E-54  343.1   0.0  288   54-348    81-375 (488)
      65 tr|V8PD93|V8PD93_OPHHA Type-2  100.0 2.1E-48 2.2E-54  343.4   0.0  286   60-349    76-368 (412)
      66 UniRef100_A0A2U3XSW0 Kappa-typ 100.0 2.5E-48 2.6E-54  311.2   0.0  292    1-380     2-294 (294)
      67 UniRef100_A0A0A1WLH2 Somatosta 100.0 2.6E-48 2.8E-54  346.8   0.0  290   57-348   214-506 (667)
      68 UniRef100_A0A154PKR3 Tachykini 100.0 2.7E-48 2.9E-54  342.1   0.0  291   54-346    71-371 (457)
      69 tr|L7LZ94|L7LZ94_9ACAR Putativ 100.0 4.3E-48 4.5E-54  329.4   0.0  294   53-351    96-394 (438)
      70 UniRef100_A0A061INJ6 Pyrogluta 100.0 5.7E-48   6E-54  352.8   0.0  292   54-348   147-457 (594)
      71 UniRef100_A0A060X360 G_PROTEIN 100.0   6E-48 6.3E-54  335.4   0.0  288   60-351   100-390 (477)
      72 UniRef100_A0A0K0PUI9 Orphan G- 100.0 7.9E-48 8.4E-54  348.7   0.0  290   58-351   100-409 (534)
      73 tr|A0A1I8PG61|A0A1I8PG61_STOCA 100.0 9.6E-48   1E-53  347.2   0.0  296   53-348   293-591 (716)
      74 UniRef100_A0A026WW28 Neuropept 100.0 1.2E-47 1.3E-53  345.4   0.0  287   55-348    84-379 (552)
      75 UniRef100_A0A0P7V1N0 Delta-typ 100.0 1.3E-47 1.3E-53  313.7   0.0  293   86-380   142-436 (436)
      76 UniRef100_A0A2B4SDF9 Neuropept 100.0 1.3E-47 1.4E-53  335.1   0.0  280   60-346    90-376 (455)
      77 UniRef100_A0A2B4RSM5 Neuropept 100.0 1.3E-47 1.4E-53  332.4   0.0  282   55-346    32-320 (417)
      78 UniRef100_A0A087X575 NPY-Y2 re 100.0 1.6E-47 1.7E-53  331.1   0.0  288   58-349    72-371 (426)
      79 tr|A0A1I8PIJ9|A0A1I8PIJ9_STOCA 100.0 1.9E-47   2E-53  343.1   0.0  297   53-351   163-469 (680)
      80 UniRef100_A0A060VSP8 5-hydroxy 100.0   2E-47 2.1E-53  338.6   0.0  286   56-352    84-418 (479)
      81 UniRef100_A0A068WW83 Allatosta 100.0 2.1E-47 2.2E-53  341.1   0.0  280   56-343    63-347 (432)
      82 UniRef100_A0A1D2M4J2 Neuropept 100.0 2.3E-47 2.5E-53  336.1   0.0  286   58-348   125-422 (497)
      83 UniRef100_A0A7M4FUH0 Kappa-typ 100.0 2.7E-47 2.8E-53  306.1   0.0  286   85-380    83-369 (374)
      84 tr|A0A1W2W3E6|A0A1W2W3E6_CIOIN 100.0 2.7E-47 2.8E-53  328.6   0.0  287   58-349    56-351 (487)
      85 UniRef100_L9LDH4 Mu-type opioi 100.0 2.9E-47   3E-53  313.5   0.0  289   86-377    15-304 (460)
      86 UniRef100_A0A068YB14 Neuropept 100.0 2.8E-47   3E-53  340.1   0.0  287   56-347    51-350 (448)
      87 UniRef100_A0A4D9EQQ5 Enolase-l 100.0 3.1E-47 3.2E-53  316.5   0.0  290   58-352   145-434 (472)
      88 UniRef100_A0A369RW72 Octopamin 100.0 3.2E-47 3.4E-53  341.2   0.0  278   58-345    53-354 (412)
      89 UniRef100_A0A6P4ZPQ5 G-protein 100.0 3.4E-47 3.5E-53  320.0   0.0  283   57-343    40-323 (420)
      90 UniRef100_A0A034WDF0 Allatosta 100.0 3.4E-47 3.6E-53  336.3   0.0  290   54-347    90-383 (459)
      91 tr|A0A146TL67|A0A146TL67_FUNHE 100.0 3.3E-47 3.6E-53  346.6   0.0  293   58-352    25-407 (442)
      92 UniRef100_A0A0K0PUT9 Excitator 100.0 3.4E-47 3.6E-53  340.1   0.0  292   58-351   102-404 (474)
      93 UniRef100_A0A3B4UE11 Si:zfos-1 100.0 3.5E-47 3.6E-53  320.2   0.0  293   52-351    58-352 (441)
      94 UniRef100_A0A060W9T7 G_PROTEIN 100.0 3.9E-47   4E-53  331.7   0.0  285   58-348   184-471 (616)
      95 tr|A0A1D1UXI1|A0A1D1UXI1_RAMVA 100.0   4E-47 4.2E-53  329.6   0.0  296   52-351    74-377 (499)
      96 UniRef100_A0A060VUW6 G_PROTEIN 100.0 4.1E-47 4.3E-53  351.0   0.0  281   58-350   116-440 (574)
      97 UniRef100_A0A077Z2H9 Putative  100.0 4.1E-47 4.4E-53  337.3   0.0  282   62-346    74-393 (477)
      98 UniRef100_A0A210QEM7 Neuropept 100.0 5.1E-47 5.4E-53  327.1   0.0  291   58-352    49-349 (416)
      99 UniRef100_A0A1A6FY77 G_PROTEIN 100.0 5.3E-47 5.5E-53  305.3   0.0  301   60-363    50-351 (372)
     100 UniRef100_A0A6P3IMR0 somatosta 100.0 5.4E-47 5.6E-53  322.1   0.0  288   61-350   199-486 (524)
     101 UniRef100_A0A0L8FP69 G_PROTEIN 100.0 5.4E-47 5.7E-53  324.5   0.0  300   49-348    38-340 (488)
     102 tr|A0A2C9JWF9|A0A2C9JWF9_BIOGL 100.0 6.5E-47 6.9E-53  332.3   0.0  292   58-351    64-367 (403)
     103 UniRef100_A0A2G8KL37 Cholecyst 100.0 7.1E-47 7.5E-53  329.4   0.0  285   62-349   101-430 (493)
     104 tr|A0A1V4J9T1|A0A1V4J9T1_PATFA 100.0 7.6E-47 7.9E-53  318.7   0.0  283   60-348    69-354 (461)
     105 UniRef100_A0A026W5R0 Orexin re 100.0 9.2E-47 9.7E-53  339.1   0.0  280   60-345   118-422 (529)
     106 UniRef100_A0A0C9QBK4 GHSR_0 pr 100.0 9.3E-47 9.9E-53  348.2   0.0  291   54-348   167-473 (591)
     107 UniRef100_A0A4W4DTE3 G_PROTEIN 100.0 1.2E-46 1.2E-52  322.6   0.0  291   62-352    55-345 (379)
     108 UniRef100_A0A023ETT6 Putative  100.0 1.7E-46 1.8E-52  329.6   0.0  289   60-349   154-446 (612)
     109 UniRef100_A0A060X5Z5 G_PROTEIN 100.0 1.9E-46   2E-52  336.6   0.0  279   60-349    84-384 (522)
     110 UniRef100_A0A177B9B5 Rhodopsin 100.0 2.2E-46 2.3E-52  324.8   0.0  282   60-347    91-400 (464)
     111 tr|A0A1I8MQS0|A0A1I8MQS0_MUSDO 100.0 2.2E-46 2.3E-52  336.8   0.0  292   56-349   146-439 (572)
     112 UniRef100_A0A164MD49 Putative  100.0 2.5E-46 2.6E-52  328.1   0.0  286   62-351    52-397 (498)
     113 tr|K1QHX9|K1QHX9_CRAGI Somatos 100.0 2.6E-46 2.8E-52  327.3   0.0  290   59-348    48-338 (456)
     114 UniRef100_A0A151N382 Galanin r 100.0 3.3E-46 3.4E-52  308.9   0.0  285   61-352    32-319 (392)
     115 UniRef100_A0A1D1W534 G_PROTEIN 100.0 3.5E-46 3.7E-52  337.8   0.0  287   61-351    80-435 (492)
     116 tr|W4Z2N2|W4Z2N2_STRPU Unchara 100.0 4.4E-46 4.6E-52  313.2   0.0  288   59-350    56-353 (406)
     117 tr|A0A232F0R3|A0A232F0R3_9HYME 100.0 4.8E-46 5.1E-52  317.6   0.0  292   52-350    96-424 (458)
     118 UniRef100_A0A1S3J712 QRFP-like 100.0 5.5E-46 5.8E-52  331.8   0.0  284   61-347    69-369 (507)
     119 tr|A0A1W4ZX05|A0A1W4ZX05_9TELE 100.0 5.8E-46 6.1E-52  326.2   0.0  288   58-350    68-386 (480)
     120 UniRef100_A0A026WK16 Tachykini 100.0 6.1E-46 6.4E-52  331.7   0.0  291   54-346   177-478 (641)
     121 UniRef100_A0A087UNN0 Neuropept 100.0 6.4E-46 6.7E-52  323.4   0.0  285   56-345    90-387 (470)
     122 UniRef100_A0A6J8CLU9 HCRTR2 n= 100.0 7.8E-46 8.1E-52  318.4   0.0  288   59-352    52-361 (422)
     123 tr|A0A146U732|A0A146U732_FUNHE 100.0 8.5E-46 9.1E-52  346.5   0.0  287   61-347   193-545 (590)
     124 tr|A0A0P7U0M1|A0A0P7U0M1_9TELE 100.0 9.4E-46 9.7E-52  313.5   0.0  290   60-352   102-414 (440)
     125 UniRef100_A0A087VAK8 Somatosta 100.0 9.5E-46 9.8E-52  304.5   0.0  290   59-353    61-352 (384)
     126 tr|A0A1I8M930|A0A1I8M930_MUSDO 100.0 9.4E-46 9.9E-52  345.1   0.0  279   59-346   188-575 (963)
     127 UniRef100_A0A1L8FNX2 G_PROTEIN 100.0 1.1E-45 1.2E-51  321.5   0.0  274   60-343    63-337 (400)
     128 UniRef100_A0A2B4RHL7 Galanin r 100.0 1.2E-45 1.3E-51  312.6   0.0  275   62-349    35-310 (406)
     129 UniRef100_A0A0K0PUH1 Orphan G- 100.0 1.2E-45 1.3E-51  313.2   0.0  288   54-346    47-345 (413)
     130 UniRef100_A0A1S3H6K0 neuropept 100.0 1.3E-45 1.3E-51  332.0   0.0  294   51-349    48-359 (470)
     131 UniRef100_A0A091E4L4 YTH domai 100.0 1.4E-45 1.4E-51  328.5   0.0  303   58-363   730-1033(1054)
     132 UniRef100_A0A023F668 Putative  100.0 1.5E-45 1.5E-51  319.6   0.0  288   55-349    81-377 (484)
     133 tr|A0A0S0WMT8|A0A0S0WMT8_DROME 100.0 1.6E-45 1.7E-51  320.5   0.0  293   56-349   142-436 (593)
     134 tr|A0A1V4J9K1|A0A1V4J9K1_PATFA 100.0 1.7E-45 1.8E-51  333.2   0.0  289   60-353   321-611 (939)
     135 UniRef100_A0A026WK40 Cholecyst 100.0 1.7E-45 1.8E-51  338.8   0.0  288   61-352   156-546 (656)
     136 UniRef100_A0A0L8GIM4 G_PROTEIN 100.0 1.8E-45 1.9E-51  333.0   0.0  287   55-346    92-392 (481)
     137 UniRef100_A0A2G8JR46 Putative  100.0 1.8E-45 1.9E-51  327.4   0.0  289   49-349    55-356 (411)
     138 UniRef100_A0A2B4SKI0 Tachykini 100.0   2E-45 2.1E-51  335.3   0.0  290   56-349    88-390 (469)
     139 tr|W5JTF9|W5JTF9_ANODA Somatos 100.0 2.4E-45 2.5E-51  320.2   0.0  297   52-350    48-348 (526)
     140 UniRef100_A0A061A7W5 G_PROTEIN 100.0 2.5E-45 2.6E-51  325.9   0.0  280   60-349    62-358 (473)
     141 UniRef100_A0A0L8I310 G_PROTEIN 100.0 2.6E-45 2.8E-51  326.5   0.0  280   62-344    48-363 (468)
     142 tr|A0A0L0C8J1|A0A0L0C8J1_LUCCU 100.0 3.1E-45 3.2E-51  323.0   0.0  292   59-350   225-519 (661)
     143 tr|A0A0P4XBU7|A0A0P4XBU7_9CRUS 100.0 3.2E-45 3.4E-51  329.2   0.0  291   51-345    52-411 (557)
     144 SRR6218665_799277              100.0 3.3E-45 3.4E-51  308.5   0.0  319   35-357   103-427 (456)
     145 tr|A0A0A7RC79|A0A0A7RC79_RHOPR 100.0 3.5E-45 3.6E-51  310.2   0.0  307   53-361    69-385 (404)
     146 tr|T1KPP2|T1KPP2_TETUR Unchara 100.0 3.5E-45 3.7E-51  318.9   0.0  289   54-350   146-437 (477)
     147 UniRef100_A0A498L8B6 Delta-typ 100.0 3.9E-45 4.1E-51  295.9   0.0  300   51-351    36-338 (375)
     148 tr|A0A182G4E1|A0A182G4E1_AEDAL 100.0 3.9E-45 4.1E-51  323.8   0.0  287   56-348    64-369 (534)
     149 UniRef100_A0A6P4YBA8 delta-typ 100.0   4E-45 4.2E-51  315.8   0.0  288   61-352    52-342 (406)
     150 UniRef100_A0A060WEJ5 G_PROTEIN 100.0 4.4E-45 4.6E-51  327.9   0.0  279   59-348   113-455 (544)
     151 UniRef100_A0A0P0YUU8 Cannabino 100.0 4.8E-45   5E-51  320.0   0.0  294   53-351    78-419 (496)
     152 tr|T1JU75|T1JU75_TETUR Unchara 100.0 4.9E-45 5.1E-51  322.0   0.0  298   54-351   138-437 (728)
     153 UniRef100_A0A0L7KZ56 Neuropept 100.0   5E-45 5.2E-51  320.9   0.0  288   55-347    82-383 (509)
     154 UniRef100_A0A087REY1 NPY-Y2 re 100.0 5.1E-45 5.3E-51  322.8   0.0  291   58-351   185-480 (599)
     155 UniRef100_A0A2B4SKX3 Cholecyst 100.0 5.4E-45 5.6E-51  316.0   0.0  285   57-352    69-415 (428)
     156 UniRef100_A0A0L8H201 G_PROTEIN 100.0   6E-45 6.2E-51  311.8   0.0  291   59-351    85-384 (461)
     157 UniRef100_A0A6G8J3P5 Melanin-c 100.0 6.5E-45 6.7E-51  311.6   0.0  287   60-349    62-351 (460)
     158 tr|A0A0N8JZL4|A0A0N8JZL4_9TELE 100.0 6.8E-45 7.1E-51  316.8   0.0  286   57-347   102-410 (482)
     159 UniRef100_A0A1L8HHP3 G_PROTEIN 100.0 7.3E-45 7.6E-51  308.2   0.0  290   59-351    45-341 (370)
     160 tr|A7SD89|A7SD89_NEMVE Predict 100.0   8E-45 8.3E-51  300.8   0.0  292   53-355    31-336 (355)
     161 UniRef100_A0A0S1YDA0 Neuropept 100.0 8.3E-45 8.8E-51  322.1   0.0  292   54-347    89-390 (509)
     162 UniRef100_A0A0B4LHT6 RYamide r 100.0 9.1E-45 9.6E-51  322.9   0.0  285   58-347   113-409 (524)
     163 UniRef100_A0A1V9XU68 Tyramine/ 100.0   1E-44 1.1E-50  315.9   0.0  285   59-353    52-357 (408)
     164 UniRef100_A0A226DFM2 Neuropept 100.0   1E-44 1.1E-50  318.6   0.0  287   55-345   101-399 (523)
     165 tr|B4JN40|B4JN40_DROGR GH24210 100.0   1E-44 1.1E-50  312.4   0.0  293   53-347   110-406 (436)
     166 tr|A0A1A8LLP2|A0A1A8LLP2_9TELE 100.0 1.1E-44 1.1E-50  311.4   0.0  294   49-350    83-398 (455)
     167 UniRef100_A0A0K0PUH3 Allatotro 100.0 1.2E-44 1.2E-50  311.4   0.0  287   58-350    67-374 (424)
     168 tr|A0A1S3FYW5|A0A1S3FYW5_DIPOR 100.0 1.2E-44 1.3E-50  301.1   0.0  288   61-352    71-361 (385)
     169 UniRef100_A0A6P4ZN87 somatosta 100.0 1.2E-44 1.3E-50  309.4   0.0  292   56-350    29-329 (391)
     170 UniRef100_A0A0N0PEL7 Tachykini 100.0 1.2E-44 1.3E-50  313.9   0.0  291   56-348    52-353 (454)
     171 tr|A0A0P6IZB8|A0A0P6IZB8_9CRUS 100.0 1.4E-44 1.5E-50  316.7   0.0  297   52-351   195-496 (559)
     172 UniRef100_A0A6P4YCQ0 somatosta 100.0 1.6E-44 1.7E-50  296.8   0.0  291   56-351    67-368 (428)
     173 tr|A0A131ZXP6|A0A131ZXP6_SARSC 100.0 1.8E-44 1.9E-50  308.3   0.0  288   60-349   123-412 (480)
     174 UniRef100_A0A3N0YLB7 Nocicepti 100.0 2.1E-44 2.1E-50  312.8   0.0  299   51-351   394-694 (731)
     175 UniRef100_A0A2H8TNJ5 Neuropept 100.0   2E-44 2.1E-50  317.0   0.0  287   55-345   151-449 (528)
     176 UniRef100_A0A3M6U5X4 G_PROTEIN 100.0 2.1E-44 2.2E-50  303.2   0.0  287   54-350    33-321 (339)
     177 tr|A0A2B4SID7|A0A2B4SID7_STYPI 100.0 2.1E-44 2.2E-50  320.4   0.0  295   53-350    25-328 (422)
     178 UniRef100_A0A0K0PUH0 Orphan G- 100.0 2.2E-44 2.4E-50  329.2   0.0  280   62-344   139-468 (583)
     179 UniRef100_A0A0K0PUV0 FVRIamide 100.0 2.3E-44 2.4E-50  318.0   0.0  283   53-345    45-374 (458)
     180 UniRef100_A0A044T5H8 G_PROTEIN 100.0 2.3E-44 2.4E-50  325.3   0.0  287   55-352   241-571 (693)
     181 tr|A0A182FUW3|A0A182FUW3_ANOAL 100.0 2.4E-44 2.5E-50  320.0   0.0  290   60-351   196-488 (666)
     182 UniRef100_A0A060VP48 G_PROTEIN 100.0 2.4E-44 2.6E-50  331.2   0.0  291   53-348   148-449 (580)
     183 UniRef100_A0A1D2M255 Somatosta 100.0 2.5E-44 2.6E-50  302.6   0.0  280   60-344    36-318 (382)
     184 UniRef100_A0A2B4S0J6 Somatosta 100.0 2.5E-44 2.7E-50  327.3   0.0  290   53-346    77-376 (457)
     185 UniRef100_A0A091G1I5 Somatosta 100.0 2.8E-44 2.9E-50  280.4   0.0  285   62-349     5-289 (296)
     186 UniRef100_A0A1V4KIE8 Beta-1 ad 100.0 2.8E-44 3.1E-50  335.5   0.0  279   65-350    35-350 (512)
     187 UniRef100_A0A084WIC4 Short neu 100.0 2.9E-44 3.1E-50  317.1   0.0  286   58-349    91-386 (551)
     188 UniRef100_A0A3M6TKX3 G_PROTEIN 100.0 2.9E-44 3.1E-50  315.4   0.0  295   53-350    69-375 (427)
     189 UniRef100_A0A0P5DAK4 Orexin re 100.0   3E-44 3.2E-50  314.9   0.0  282   60-347   107-428 (505)
     190 tr|C3Z5T5|C3Z5T5_BRAFL Unchara 100.0 3.1E-44 3.2E-50  298.5   0.0  296   56-352    34-331 (389)
     191 tr|A0A1D2NMB6|A0A1D2NMB6_ORCCI 100.0 3.3E-44 3.4E-50  314.3   0.0  292   56-349   148-450 (520)
     192 tr|A0A146NR64|A0A146NR64_FUNHE 100.0 3.7E-44 3.9E-50  307.5   0.0  287   61-349   121-420 (449)
     193 UniRef100_A0A060YTK2 Uncharact 100.0 3.8E-44   4E-50  305.5   0.0  289   58-349    83-378 (447)
     194 UniRef100_A0A1J1I7G5 CLUMA_CG0 100.0 3.8E-44   4E-50  312.7   0.0  294   54-349    71-373 (500)
     195 UniRef100_A0A1L8GQY3 Alpha-1B  100.0 3.8E-44   4E-50  313.8   0.0  291   50-352    37-371 (510)
     196 UniRef100_A0A3M6UME8 G_PROTEIN 100.0   4E-44 4.2E-50  309.9   0.0  283   57-350    37-325 (383)
     197 UniRef100_A0A0N0PF28 Orexin re 100.0 4.7E-44 4.9E-50  318.1   0.0  278   60-343   137-453 (588)
     198 UniRef100_A0A060YB93 G_PROTEIN 100.0 5.4E-44 5.6E-50  299.7   0.0  289   58-353    57-347 (480)
     199 UniRef100_A0A1D1V5S1 G_PROTEIN 100.0 5.3E-44 5.6E-50  310.6   0.0  289   53-351    50-361 (484)
     200 UniRef100_A0A315V7W7 Somatosta 100.0 5.6E-44 5.8E-50  302.6   0.0  312   54-368    68-387 (591)
     201 UniRef100_A0A210QHM7 G-protein 100.0 5.7E-44   6E-50  315.7   0.0  285   60-347    80-373 (492)
     202 UniRef100_A0A068WKU9 Neuropept 100.0 6.4E-44 6.7E-50  311.4   0.0  287   55-347    68-365 (451)
     203 tr|A0A139WLV7|A0A139WLV7_TRICA 100.0 6.5E-44 6.8E-50  321.6   0.0  288   56-348   395-696 (792)
     204 UniRef100_A0A087QH27 C-C chemo 100.0   7E-44 7.4E-50  328.1   0.0  278   58-347   199-482 (591)
     205 UniRef100_A0A210QT45 G-protein 100.0 7.1E-44 7.5E-50  308.4   0.0  285   59-347    58-355 (472)
     206 UniRef100_A0A0K0PUK6 Orphan G- 100.0 7.2E-44 7.5E-50  305.7   0.0  291   60-352    67-376 (448)
     207 tr|A0A0S1YD80|A0A0S1YD80_CHISP 100.0 7.4E-44 7.8E-50  310.9   0.0  302   60-367   165-484 (513)
     208 tr|A0A2B4RXD1|A0A2B4RXD1_STYPI 100.0 8.1E-44 8.5E-50  305.3   0.0  290   53-351    87-382 (416)
     209 tr|E0D358|E0D358_HEMPU Dopamin 100.0 8.4E-44 8.8E-50  307.7   0.0  280   60-351    25-330 (435)
     210 tr|A0A1U7TSJ4|A0A1U7TSJ4_TARSY 100.0 8.5E-44 8.8E-50  311.5   0.0  284   58-346   211-515 (600)
     211 UniRef100_A0A026WIP6 Cholecyst 100.0 8.7E-44 9.1E-50  326.0   0.0  291   58-352   169-532 (636)
     212 UniRef100_A0A087U880 Neuropept 100.0   9E-44 9.5E-50  307.7   0.0  288   54-346    63-360 (401)
     213 UniRef100_A0A061IN14 NK-3 rece 100.0   1E-43   1E-49  320.8   0.0  283   60-348   234-522 (662)
     214 UniRef100_A0A0K0PUL2 DH31-like 100.0   1E-43 1.1E-49  301.3   0.0  282   60-348    49-332 (375)
     215 ERR1719341_586736              100.0   1E-43 1.1E-49  312.2   0.0  298   53-350    48-355 (513)
     216 tr|A0A091CRU0|A0A091CRU0_FUKDA 100.0 1.1E-43 1.1E-49  322.3   0.0  281   57-350   406-693 (720)
     217 UniRef100_A0A2B4RPR9 Allatosta 100.0 1.1E-43 1.2E-49  316.6   0.0  291   52-346    40-341 (446)
     218 tr|B4KC34|B4KC34_DROMO Unchara 100.0 1.1E-43 1.2E-49  320.4   0.0  292   55-348   188-491 (670)
     219 UniRef100_UPI0001CB9B44 somato 100.0 1.2E-43 1.2E-49  290.7   0.0  287   62-351    30-318 (365)
     220 UniRef100_A0A2B4RHY9 Pyrogluta 100.0 1.1E-43 1.2E-49  322.9   0.0  289   54-351    76-373 (455)
     221 UniRef100_A0A2B4RGU4 5-hydroxy 100.0 1.3E-43 1.4E-49  323.2   0.0  283   57-349    63-370 (478)
     222 tr|A0A0P7V0U8|A0A0P7V0U8_9TELE 100.0 1.3E-43 1.4E-49  298.3   0.0  287   60-352    86-377 (439)
     223 tr|A0A0P5PA10|A0A0P5PA10_9CRUS 100.0 1.4E-43 1.4E-49  315.2   0.0  290   54-345   141-441 (705)
     224 UniRef100_A0A2B4S4U3 Beta-2 ad 100.0 1.4E-43 1.4E-49  301.0   0.0  286   62-352    31-324 (372)
     225 UniRef100_A0A0L8HHE2 G_PROTEIN 100.0 1.4E-43 1.5E-49  307.3   0.0  286   62-352     3-302 (385)
     226 UniRef100_A0A146M155 Neuropept 100.0 1.5E-43 1.5E-49  311.2   0.0  291   54-347    48-360 (488)
     227 UniRef100_A0A1S2ZMW0 LOW QUALI 100.0 1.7E-43 1.7E-49  300.1   0.0  285   58-348   169-453 (520)
     228 UniRef100_A0A060WWU7 G_PROTEIN 100.0 1.7E-43 1.8E-49  310.3   0.0  280   60-348    69-381 (545)
     229 tr|A0A131XUY2|A0A131XUY2_IXORI 100.0 1.7E-43 1.8E-49  304.5   0.0  286   57-348   159-445 (560)
     230 UniRef100_A0A060WGF3 B2 bradyk 100.0 1.7E-43 1.8E-49  323.1   0.0  281   62-347   162-449 (589)
     231 tr|W4Z9U8|W4Z9U8_STRPU Unchara 100.0 1.8E-43 1.9E-49  298.1   0.0  303   49-354    97-416 (434)
     232 ERR1719361_2001115             100.0 1.8E-43 1.9E-49  307.0   0.0  295   53-348    18-323 (415)
     233 tr|V8NQN2|V8NQN2_OPHHA G-prote 100.0 1.9E-43   2E-49  318.3   0.0  282   57-348   301-586 (840)
     234 UniRef100_A7RGN9 Predicted pro 100.0 1.9E-43   2E-49  295.7   0.0  278   58-347    29-312 (317)
     235 tr|A0A147AZW9|A0A147AZW9_FUNHE 100.0 2.1E-43 2.2E-49  320.1   0.0  290   51-346    77-430 (468)
     236 UniRef100_A0A060XMX0 NPY-Y2 re 100.0 2.2E-43 2.3E-49  299.6   0.0  289   58-350   122-415 (452)
     237 UniRef100_A0A6F9DUB2 Somatosta 100.0 2.3E-43 2.4E-49  303.9   0.0  282   58-344    61-348 (467)
     238 UniRef100_A0A084WFJ7 AGAP00011 100.0 2.3E-43 2.4E-49  312.8   0.0  277   59-343    87-374 (519)
     239 UniRef100_A0A1S3IX78 RYamide r 100.0 2.4E-43 2.5E-49  305.3   0.0  285   54-343    48-342 (444)
     240 UniRef100_A0A060VNF4 G_PROTEIN 100.0 2.6E-43 2.7E-49  314.0   0.0  288   60-349   131-431 (566)
     241 UniRef100_A0A1S3KA35 Alpha-1B  100.0 2.6E-43 2.7E-49  315.4   0.0  279   60-351    90-421 (551)
     242 tr|A0A2H1W6Q0|A0A2H1W6Q0_SPOFR 100.0 2.6E-43 2.8E-49  307.6   0.0  290   57-352    68-366 (466)
     243 UniRef100_A0A3M6UAU0 G_PROTEIN 100.0 2.7E-43 2.8E-49  312.8   0.0  281   60-347    36-327 (552)
     244 tr|A0A1V4KUV7|A0A1V4KUV7_PATFA 100.0 2.7E-43 2.8E-49  296.9   0.0  306   58-366   117-429 (450)
     245 tr|A0A1A9ZAD8|A0A1A9ZAD8_GLOPL 100.0 2.7E-43 2.8E-49  307.0   0.0  291   55-347   118-419 (574)
     246 UniRef100_A0A2B4SVS8 Neuropept 100.0 2.7E-43 2.9E-49  316.2   0.0  296   54-355    83-388 (480)
     247 UniRef100_A0A1A7ZR65 Somatosta 100.0 2.9E-43   3E-49  288.0   0.0  285   60-350    50-334 (390)
     248 UniRef100_A0A060X0P4 G_PROTEIN 100.0 2.8E-43   3E-49  315.3   0.0  282   59-346   138-428 (513)
     249 UniRef100_A0A068WVN8 Biogenic  100.0   3E-43 3.1E-49  322.0   0.0  286   51-348   112-506 (641)
     250 tr|A0A218UWX7|A0A218UWX7_9PASE 100.0 3.2E-43 3.4E-49  306.4   0.0  292   52-348    33-339 (474)
     251 UniRef100_A0A401NJB3 G_PROTEIN 100.0 3.3E-43 3.4E-49  308.0   0.0  287   57-350    39-360 (517)
     252 UniRef100_A0A2B4R9G2 Melatonin 100.0 3.3E-43 3.6E-49  320.5   0.0  287   53-349    74-366 (461)
     253 UniRef100_A0A3M6T6P4 G_PROTEIN 100.0 3.6E-43 3.8E-49  310.4   0.0  286   62-351    58-356 (465)
     254 UniRef100_A0A096NAQ2 Cholecyst 100.0 3.8E-43 3.9E-49  313.1   0.0  284   62-348   153-500 (617)
     255 tr|S7PUA8|S7PUA8_MYOBR C-C che 100.0 3.9E-43 4.1E-49  315.9   0.0  282   56-349   279-566 (603)
     256 UniRef100_A0A0K0PUK8 FMRFamide 100.0 4.1E-43 4.4E-49  316.6   0.0  290   50-345    49-349 (471)
     257 UniRef100_A0A193KU97 GCR058 n= 100.0 5.1E-43 5.4E-49  296.7   0.0  286   61-350    27-332 (379)
     258 tr|A0A2B4SUH3|A0A2B4SUH3_STYPI 100.0 5.1E-43 5.4E-49  303.9   0.0  281   60-349    26-331 (385)
     259 tr|K7GCC3|K7GCC3_PELSI Adrenoc 100.0 5.3E-43 5.5E-49  301.5   0.0  295   50-350    32-364 (488)
     260 UniRef100_E9HAW0 G_PROTEIN_REC 100.0 5.6E-43 5.8E-49  298.3   0.0  288   51-344    56-351 (393)
     261 UniRef100_A0A6P4Z684 G-protein 100.0 5.8E-43 6.1E-49  299.7   0.0  286   60-348    52-345 (425)
     262 UniRef100_A0A2B4SQU8 Orexin re 100.0 5.8E-43 6.1E-49  294.6   0.0  285   61-351    38-348 (370)
     263 UniRef100_A0A087UP46 5-hydroxy 100.0 5.9E-43 6.1E-49  304.7   0.0  287   52-349    38-400 (472)
     264 UniRef100_A0A1D1VDY3 G_PROTEIN 100.0 5.9E-43 6.2E-49  311.2   0.0  286   61-349   135-446 (557)
     265 UniRef100_A0A060XP11 G_PROTEIN 100.0 6.6E-43 6.9E-49  310.4   0.0  280   60-349    91-392 (497)
     266 UniRef100_A0A1D1UXI1 G_PROTEIN 100.0 6.8E-43   7E-49  300.9   0.0  309   38-352   115-432 (553)
     267 tr|A0A218UB83|A0A218UB83_9PASE 100.0 6.8E-43 7.1E-49  311.3   0.0  281   59-351   193-514 (631)
     268 UniRef100_A0A7M7HFU8 G_PROTEIN 100.0 6.7E-43 7.1E-49  311.9   0.0  279   62-349    67-364 (423)
     269 tr|A0A1D2MSE1|A0A1D2MSE1_ORCCI 100.0 6.9E-43 7.2E-49  316.7   0.0  287   56-347   107-404 (615)
     270 UniRef100_A0A4Z2I5Z9 Somatosta 100.0 7.4E-43 7.7E-49  302.1   0.0  312   55-369   399-718 (729)
     271 UniRef100_A0A060XC03 Beta-2 ad 100.0 7.5E-43 7.8E-49  306.5   0.0  293   55-352    98-416 (548)
     272 UniRef100_A0A4W2H4G2 Somatosta 100.0 7.7E-43 7.9E-49  288.3   0.0  285   60-350    42-326 (463)
     273 UniRef100_A0A0H3YI86 Pyrokinin 100.0 7.6E-43   8E-49  314.5   0.0  290   50-348    76-397 (510)
     274 UniRef100_A0A1B6HDB2 G_PROTEIN 100.0 7.8E-43 8.2E-49  288.5   0.0  287   60-349    12-306 (360)
     275 UniRef100_UPI000B911B64 melato 100.0 7.8E-43 8.3E-49  307.1   0.0  279   59-349    28-344 (381)
     276 tr|A0A2B4SSL5|A0A2B4SSL5_STYPI 100.0 8.2E-43 8.5E-49  289.8   0.0  295   50-353    14-313 (344)
     277 UniRef100_A0A096NVS2 Somatosta 100.0 8.3E-43 8.6E-49  295.5   0.0  280   60-346   115-394 (483)
     278 UniRef100_A0A023FH63 Putative  100.0 8.8E-43 9.3E-49  312.2   0.0  285   53-348   119-439 (563)
     279 UniRef100_A0A2B4SC76 Substance 100.0 8.9E-43 9.4E-49  312.5   0.0  291   52-345    47-348 (461)
     280 UniRef100_A0A210QSD7 Octopamin 100.0 9.1E-43 9.7E-49  308.0   0.0  282   60-353    58-420 (423)
     281 UniRef100_A0A024R2Q0 Chemokine 100.0 9.3E-43 9.8E-49  310.4   0.0  282   58-348   155-442 (499)
     282 UniRef100_A0A0S1YD99 Neuropept 100.0 9.6E-43   1E-48  295.2   0.0  293   55-349    71-372 (423)
     283 UniRef100_A0A4W3J4G3 Somatosta 100.0   1E-42   1E-48  288.7   0.0  294   54-352    38-331 (480)
     284 tr|A0A1W4X208|A0A1W4X208_AGRPL 100.0   1E-42   1E-48  298.8   0.0  294   54-349    89-393 (467)
     285 UniRef100_A0A2B4SVC4 Dopamine  100.0 1.1E-42 1.1E-48  301.6   0.0  272   53-348    49-329 (397)
     286 tr|J9JRI9|J9JRI9_ACYPI Unchara 100.0 1.1E-42 1.1E-48  299.8   0.0  293   54-348    29-332 (490)
     287 UniRef100_UPI0018F2CE96 somato 100.0 1.1E-42 1.1E-48  295.8   0.0  286   61-349   285-570 (608)
     288 UniRef100_A0A067RDC3 Prolactin 100.0 1.1E-42 1.1E-48  306.8   0.0  287   55-348    60-355 (541)
     289 UniRef100_A0A087YQK7 Adrenocep 100.0 1.1E-42 1.1E-48  309.3   0.0  282   62-350   132-452 (617)
     290 UniRef100_A0A091R746 Beta-1 ad 100.0 1.1E-42 1.1E-48  306.9   0.0  283   63-350   138-453 (572)
     291 UniRef100_A0A059ZY04 Angiotens 100.0 1.1E-42 1.2E-48  314.6   0.0  286   54-350   163-455 (546)
     292 UniRef100_A0A1I8HKX2 G_PROTEIN 100.0 1.1E-42 1.2E-48  304.9   0.0  280   60-352    41-414 (442)
     293 UniRef100_A0A3M6TAE6 G_PROTEIN 100.0 1.2E-42 1.2E-48  304.7   0.0  277   53-351    85-370 (443)
     294 UniRef100_A0A0L8I0T4 G_PROTEIN 100.0 1.2E-42 1.2E-48  308.3   0.0  280   61-348   135-495 (554)
     295 UniRef100_A0A0C9RF21 CapaR_3 p 100.0 1.3E-42 1.3E-48  306.8   0.0  311   35-349    27-356 (532)
     296 tr|A0A226N7X5|A0A226N7X5_CALSU 100.0 1.4E-42 1.4E-48  288.4   0.0  294   52-348   121-416 (419)
     297 tr|A0A0L0BYA7|A0A0L0BYA7_LUCCU 100.0 1.5E-42 1.6E-48  306.6   0.0  279   59-348   310-625 (678)
     298 UniRef100_A0A0E3EKU4 Allatotro 100.0 1.5E-42 1.6E-48  300.8   0.0  301   60-366   132-450 (562)
     299 UniRef100_A0A060W161 G_PROTEIN 100.0 1.5E-42 1.6E-48  321.5   0.0  281   57-347   166-453 (574)
     300 UniRef100_A0A3B4VB96 Beta-2 ad 100.0 1.6E-42 1.6E-48  300.7   0.0  285   57-348    50-360 (464)
     301 tr|A0A0P6B3L3|A0A0P6B3L3_9CRUS 100.0 1.6E-42 1.7E-48  301.8   0.0  299   52-350    25-413 (623)
     302 UniRef100_A0A067RG65 Neuropept 100.0 1.7E-42 1.8E-48  304.5   0.0  293   55-350    83-395 (509)
     303 UniRef100_A0A1S3J8T4 5-hydroxy 100.0 1.7E-42 1.8E-48  306.5   0.0  288   55-348    96-395 (468)
     304 UniRef100_A0A7M7SYV2 G_PROTEIN 100.0 1.7E-42 1.8E-48  310.0   0.0  272   62-347    70-396 (630)
     305 UniRef100_A0A076YJT8 Chemokine 100.0 1.7E-42 1.8E-48  306.6   0.0  288   51-350   152-445 (493)
     306 tr|A0A182L9N8|A0A182L9N8_9DIPT 100.0 1.9E-42   2E-48  304.8   0.0  291   54-348    83-381 (490)
     307 tr|A0A210QY69|A0A210QY69_MIZYE 100.0   2E-42 2.1E-48  289.7   0.0  294   54-351    81-379 (400)
     308 UniRef100_A0A0N1PGA0 Octopamin 100.0   2E-42 2.1E-48  308.2   0.0  281   58-347   106-490 (547)
     309 tr|A0A0R4IQ19|A0A0R4IQ19_DANRE 100.0 2.1E-42 2.1E-48  288.0   0.0  291   58-352    54-350 (384)
     310 tr|A0A0N7ZC69|A0A0N7ZC69_9EUCA 100.0 2.1E-42 2.2E-48  289.4   0.0  288   60-349    67-356 (430)
     311 tr|A0A147AXX1|A0A147AXX1_FUNHE 100.0 2.3E-42 2.3E-48  296.3   0.0  288   55-349    33-329 (490)
     312 tr|A0A2B4SAJ4|A0A2B4SAJ4_STYPI 100.0 2.3E-42 2.5E-48  302.1   0.0  291   52-345    21-329 (434)
     313 UniRef100_A0A2B4RXD1 Neuropept 100.0 2.4E-42 2.5E-48  303.3   0.0  283   57-348    92-381 (461)
     314 tr|F7E6B1|F7E6B1_MONDO Tachyki 100.0 2.5E-42 2.6E-48  296.8   0.0  283   61-349    96-384 (475)
     315 UniRef100_A0A6S7JE64 Neuropept 100.0 2.4E-42 2.6E-48  299.5   0.0  285   58-351    33-323 (412)
     316 UniRef100_A0A016T103 G_PROTEIN 100.0 2.6E-42 2.7E-48  314.2   0.0  273   67-352   118-478 (605)
     317 UniRef100_A0A3M6T8F5 G_PROTEIN 100.0 2.6E-42 2.8E-48  317.4   0.0  295   52-351    94-397 (523)
     318 tr|A0A2B4RYF4|A0A2B4RYF4_STYPI 100.0 2.8E-42 2.9E-48  294.7   0.0  281   60-348    25-310 (402)
     319 UniRef100_A0A023F452 Putative  100.0 2.8E-42   3E-48  311.6   0.0  288   52-348   132-537 (660)
     320 tr|A0A060X5F3|A0A060X5F3_ONCMY 100.0 2.8E-42   3E-48  321.4   0.0  282   58-348   413-701 (840)
     321 tr|L5M4Z9|L5M4Z9_MYODS C-C che 100.0 2.9E-42   3E-48  301.6   0.0  279   61-349   271-555 (590)
     322 UniRef100_A0A0P7U0M1 Galanin r 100.0   3E-42 3.1E-48  290.7   0.0  288   59-349   140-434 (475)
     323 UniRef100_A0A060VWE3 G_PROTEIN 100.0   3E-42 3.2E-48  316.9   0.0  285   56-346   142-429 (542)
     324 tr|A0A0P7V5N2|A0A0P7V5N2_9TELE 100.0 3.1E-42 3.3E-48  299.3   0.0  295   51-352    83-404 (468)
     325 tr|A0A146YGA5|A0A146YGA5_FUNHE 100.0 3.2E-42 3.4E-48  312.1   0.0  284   62-353    33-344 (521)
     326 UniRef100_A0A068YA15 Neuropept 100.0 3.4E-42 3.6E-48  302.7   0.0  284   57-343    70-389 (510)
     327 tr|A0A0V1MVC7|A0A0V1MVC7_9BILA 100.0 3.6E-42 3.8E-48  306.9   0.0  290   56-347    77-376 (598)
     328 UniRef100_A0A0D9R0U9 Apelin re 100.0 3.6E-42 3.8E-48  298.1   0.0  287   62-349    64-363 (482)
     329 UniRef100_A0A060X1U9 G_PROTEIN 100.0 3.6E-42 3.8E-48  307.8   0.0  276   59-346   138-454 (633)
     330 tr|A0A226N2C0|A0A226N2C0_CALSU 100.0 3.8E-42 3.9E-48  298.8   0.0  294   52-355   217-526 (569)
     331 tr|T1KTS6|T1KTS6_TETUR Unchara 100.0 3.8E-42   4E-48  304.1   0.0  291   56-348   116-417 (587)
     332 tr|A0A182QHF8|A0A182QHF8_9DIPT 100.0 4.1E-42 4.2E-48  302.1   0.0  284   58-346    99-403 (581)
     333 UniRef100_A0A1D2MZ73 Somatosta 100.0 4.3E-42 4.4E-48  295.7   0.0  294   55-350    64-382 (533)
     334 UniRef100_A0A060WMC3 Alpha-1D  100.0 4.6E-42 4.8E-48  301.7   0.0  275   62-348   113-431 (564)
     335 UniRef100_A0A060VPX8 G_PROTEIN 100.0 4.7E-42   5E-48  319.4   0.0  280   60-349   133-418 (527)
     336 tr|A0A2B4SKI0|A0A2B4SKI0_STYPI 100.0 4.9E-42 5.2E-48  303.7   0.0  280   59-344    97-393 (458)
     337 UniRef100_UPI000219022F Endoly 100.0   5E-42 5.2E-48  294.8   0.0  284   62-351   203-488 (507)
     338 tr|A0A091DX38|A0A091DX38_FUKDA 100.0 5.2E-42 5.4E-48  309.5   0.0  286   60-351   143-430 (878)
     339 tr|A0A147AMP5|A0A147AMP5_FUNHE 100.0 5.1E-42 5.4E-48  313.2   0.0  274   60-346    32-424 (475)
     340 tr|A0A1L8HND2|A0A1L8HND2_XENLA 100.0 5.5E-42 5.7E-48  297.0   0.0  287   60-349   129-427 (452)
     341 UniRef100_UPI0003F07467 orexin 100.0 5.7E-42 5.9E-48  303.2   0.0  282   57-342    75-408 (535)
     342 tr|C3XVU5|C3XVU5_BRAFL Unchara 100.0 5.7E-42   6E-48  293.5   0.0  281   58-347    60-354 (439)
     343 tr|A0A151NBW9|A0A151NBW9_ALLMI 100.0   6E-42 6.3E-48  298.6   0.0  285   57-346    78-388 (472)
     344 tr|A0A1S3NPB2|A0A1S3NPB2_SALSA 100.0 6.1E-42 6.4E-48  294.6   0.0  290   55-348    35-330 (443)
     345 UniRef100_F6SEF7 G_PROTEIN_REC 100.0 6.4E-42 6.7E-48  286.8   0.0  286   58-346    39-334 (337)
     346 tr|A0A2B4RSD1|A0A2B4RSD1_STYPI 100.0 6.3E-42 6.7E-48  307.2   0.0  284   55-349    46-381 (430)
     347 UniRef100_A0A218VDE9 Somatosta 100.0 6.8E-42   7E-48  288.5   0.0  284   59-348    23-306 (556)
     348 UniRef100_A0A553Q836 G_PROTEIN 100.0 6.8E-42 7.1E-48  287.4   0.0  285   63-352    51-335 (536)
     349 UniRef100_A0A087R2J6 Neuropept 100.0   7E-42 7.3E-48  306.3   0.0  283   57-344   210-514 (638)
     350 UniRef100_A0A084VLD5 AGAP00422 100.0 7.4E-42 7.7E-48  305.0   0.0  280   55-346   239-592 (695)
     351 UniRef100_A0A132AJH3 7 transme 100.0 7.4E-42 7.8E-48  301.8   0.0  282   62-347    71-384 (447)
     352 UniRef100_A0A087QH91 Melanopsi 100.0 7.5E-42 7.9E-48  308.3   0.0  288   52-344    96-394 (629)
     353 tr|A0A0L8FIS6|A0A0L8FIS6_OCTBM 100.0 7.6E-42   8E-48  297.9   0.0  286   62-351    93-422 (485)
     354 tr|A0A0N0BC55|A0A0N0BC55_9HYME 100.0 8.1E-42 8.4E-48  297.2   0.0  289   58-350   204-494 (615)
     355 tr|A0A2B4SNZ1|A0A2B4SNZ1_STYPI 100.0 7.9E-42 8.4E-48  299.8   0.0  286   54-349    26-319 (351)
     356 UniRef100_A0A0L0C8J1 G_PROTEIN 100.0 8.4E-42 8.7E-48  300.2   0.0  290   59-348   275-567 (698)
     357 tr|A0A1S2ZMW0|A0A1S2ZMW0_ERIEU 100.0 8.5E-42 8.8E-48  284.0   0.0  285   58-348   156-440 (490)
     358 UniRef100_A0A060YWD0 G_PROTEIN 100.0 8.9E-42 9.3E-48  300.6   0.0  294   55-350   168-463 (544)
     359 UniRef100_A0A7M7HKI1 G_PROTEIN 100.0   9E-42 9.5E-48  300.2   0.0  283   62-352    42-338 (418)
     360 UniRef100_A0A067R4E0 Tachykini 100.0 9.3E-42 9.8E-48  294.2   0.0  284   55-343    45-338 (396)
     361 UniRef100_A0A3M6TPP0 G_PROTEIN 100.0 9.5E-42   1E-47  302.0   0.0  281   60-349    51-354 (424)
     362 UniRef100_A0A026WC04 Dopamine  100.0   1E-41   1E-47  292.7   0.0  287   52-350    70-398 (468)
     363 UniRef100_A0A6P8IFK2 neuromedi 100.0   1E-41   1E-47  290.9   0.0  287   60-350    26-322 (363)
     364 UniRef100_A0A2B4SID7 Neuropept 100.0   1E-41   1E-47  299.8   0.0  292   57-351    79-381 (462)
     365 tr|A0A287CUD4|A0A287CUD4_ICTTR 100.0   1E-41 1.1E-47  292.4   0.0  285   58-352    17-310 (478)
     366 tr|C3Z3H5|C3Z3H5_BRAFL Unchara 100.0   1E-41 1.1E-47  287.5   0.0  289   61-352    82-377 (405)
     367 UniRef100_A0A2B4SJE7 Orexin re 100.0   1E-41 1.1E-47  303.5   0.0  291   53-347   128-429 (517)
     368 UniRef100_A0A068AZY5 Octopamin 100.0   1E-41 1.1E-47  325.3   0.0  183   59-250   173-356 (723)
     369 UniRef100_A0A061QHX0 Putative  100.0   1E-41 1.1E-47  308.0   0.0  281   59-350   132-508 (563)
     370 tr|W4YJK4|W4YJK4_STRPU Unchara 100.0   1E-41 1.1E-47  299.2   0.0  287   55-352    65-372 (446)
     371 tr|A0A183TGM8|A0A183TGM8_SCHSO 100.0 1.1E-41 1.1E-47  294.3   0.0  294   55-350    60-373 (446)
     372 tr|A0A212EZN3|A0A212EZN3_DANPL 100.0 1.1E-41 1.1E-47  297.0   0.0  291   54-349    49-354 (488)
     373 tr|C3ZMP9|C3ZMP9_BRAFL Unchara 100.0 1.1E-41 1.2E-47  283.6   0.0  290   60-350    31-323 (401)
     374 UniRef100_A0A060WXX3 G-protein 100.0 1.2E-41 1.3E-47  309.2   0.0  282   56-346   156-450 (539)
     375 tr|A0A067RDC3|A0A067RDC3_ZOONE 100.0 1.2E-41 1.3E-47  303.8   0.0  290   55-351    67-365 (506)
     376 UniRef100_A0A2B4SE17 Substance 100.0 1.3E-41 1.4E-47  308.9   0.0  292   54-348    59-364 (467)
     377 tr|A0A1S3IXU4|A0A1S3IXU4_LINUN 100.0 1.3E-41 1.4E-47  292.2   0.0  281   60-350    58-346 (440)
     378 tr|M3ZYH7|M3ZYH7_XIPMA Unchara 100.0 1.3E-41 1.4E-47  294.1   0.0  289   53-350    79-374 (397)
     379 tr|A0A210R0K7|A0A210R0K7_MIZYE 100.0 1.4E-41 1.4E-47  292.9   0.0  282   60-345    74-421 (470)
     380 UniRef100_A0A087XFV2 5-hydroxy 100.0 1.4E-41 1.5E-47  297.8   0.0  291   54-356    78-403 (493)
     381 UniRef100_A0A061IAU9 Gastric r 100.0 1.5E-41 1.5E-47  300.0   0.0  287   56-352   111-409 (588)
     382 UniRef100_A0A060VRN9 G_PROTEIN 100.0 1.5E-41 1.6E-47  299.5   0.0  282   55-347   131-428 (496)
     383 UniRef100_A0A087QJ32 Putative  100.0 1.7E-41 1.7E-47  299.9   0.0  296   49-350   166-470 (561)
     384 UniRef100_A0A060W5H6 G_PROTEIN 100.0 1.7E-41 1.8E-47  306.0   0.0  288   51-343    78-381 (528)
     385 tr|A0A212C668|A0A212C668_CEREH 100.0 1.8E-41 1.9E-47  295.1   0.0  289   48-348   208-555 (558)
     386 UniRef100_A0A026W4S0 Neuromedi 100.0 1.8E-41 1.9E-47  304.6   0.0  288   51-346    67-385 (604)
     387 UniRef100_UPI00140407B6 somato 100.0 1.8E-41 1.9E-47  278.9   0.0  279   62-348    39-317 (443)
     388 UniRef100_A0A016SJ65 Thyrolibe 100.0 1.8E-41 1.9E-47  303.2   0.0  290   54-349    78-396 (479)
     389 UniRef100_A0A2B4RFH8 Neuropept 100.0 1.8E-41 1.9E-47  308.3   0.0  287   60-349    65-366 (439)
     390 UniRef100_A0A0N7ZAP9 G_PROTEIN 100.0 1.9E-41   2E-47  297.1   0.0  288   57-352    74-369 (421)
     391 UniRef100_A0A0L0C965 Tachykini 100.0 2.1E-41 2.2E-47  297.4   0.0  288   60-349   121-418 (611)
     392 tr|A0A0P6C571|A0A0P6C571_9CRUS 100.0 2.1E-41 2.2E-47  293.6   0.0  284   61-347    57-443 (558)
     393 tr|A0A218UP03|A0A218UP03_9PASE 100.0 2.2E-41 2.3E-47  311.4   0.0  279   59-348   789-1073(1110)
     394 UniRef100_A0A087XT11 Alpha-1B  100.0 2.2E-41 2.3E-47  297.8   0.0  279   59-349    79-404 (622)
     395 tr|E6ZEU6|E6ZEU6_DICLA Neurome 100.0 2.3E-41 2.4E-47  297.4   0.0  287   62-352    91-397 (461)
     396 UniRef100_A0A060VWI9 G_PROTEIN 100.0 2.4E-41 2.5E-47  300.0   0.0  278   65-348    66-393 (579)
     397 tr|W5MC67|W5MC67_LEPOC Pyroglu 100.0 2.4E-41 2.5E-47  288.4   0.0  288   54-344    48-354 (441)
     398 UniRef100_A0A074ZKD6 G_PROTEIN 100.0 2.4E-41 2.5E-47  293.5   0.0  291   60-350   151-459 (521)
     399 UniRef100_A0A0P7U357 Apelin re 100.0 2.4E-41 2.5E-47  291.6   0.0  280   59-350    57-344 (401)
     400 tr|A0A1S3NAI3|A0A1S3NAI3_SALSA 100.0 2.4E-41 2.5E-47  286.6   0.0  291   58-352    94-389 (439)
     401 UniRef100_A0A060X7S9 B2 bradyk 100.0 2.4E-41 2.6E-47  300.2   0.0  285   63-352   117-408 (491)
     402 UniRef100_A0A2B4S7A4 Alpha-1A  100.0 2.5E-41 2.6E-47  293.7   0.0  263   62-350    42-310 (392)
     403 UniRef100_A0A0K0PUG3 Thyrolibe 100.0 2.5E-41 2.6E-47  303.0   0.0  288   57-350   212-522 (606)
     404 UniRef100_A0A023F4J9 Putative  100.0 2.6E-41 2.7E-47  303.7   0.0  277   59-344   156-487 (588)
     405 UniRef100_A0A678XEL8 Trace ami 100.0 2.6E-41 2.7E-47  299.8   0.0  290   54-350    50-357 (523)
     406 UniRef100_A0A0A7KUZ5 Opsin 5 n 100.0 2.8E-41   3E-47  296.9   0.0  280   61-347    54-342 (407)
     407 ERR1719510_236906              100.0 2.9E-41   3E-47  304.4   0.0  292   55-352    78-376 (577)
     408 tr|A0A2D0SD29|A0A2D0SD29_ICTPU 100.0   3E-41 3.2E-47  292.1   0.0  278   61-349     6-308 (420)
     409 UniRef100_A0A553N720 G_PROTEIN 100.0 3.1E-41 3.2E-47  297.0   0.0  297   52-350   130-434 (595)
     410 UniRef100_A0A060XSS1 5-hydroxy 100.0 3.2E-41 3.4E-47  315.2   0.0  289   57-351   208-553 (704)
     411 tr|A0A1V4JMN9|A0A1V4JMN9_PATFA 100.0 3.3E-41 3.4E-47  293.2   0.0  280   60-344    93-416 (537)
     412 UniRef100_A0A060WAA0 NK-2 rece 100.0 3.4E-41 3.6E-47  289.3   0.0  286   60-349    73-364 (465)
     413 tr|A0A218V410|A0A218V410_9PASE 100.0 3.5E-41 3.6E-47  281.9   0.0  305   61-369   101-415 (427)
     414 tr|A0A1A9ZM95|A0A1A9ZM95_GLOPL 100.0 3.7E-41 3.8E-47  288.3   0.0  300   49-349    84-393 (481)
     415 UniRef100_A0A0A1XP15 Neuropept 100.0 3.7E-41 3.9E-47  286.2   0.0  285   56-345    68-369 (421)
     416 tr|A0A0B2UYY4|A0A0B2UYY4_TOXCA 100.0 3.8E-41 3.9E-47  291.9   0.0  298   54-352    77-388 (437)
     417 tr|A0A0P7TYE1|A0A0P7TYE1_9TELE 100.0 3.8E-41   4E-47  293.6   0.0  279   62-344   126-468 (507)
     418 tr|R4J1H6|R4J1H6_SALSA Cholecy 100.0 4.1E-41 4.2E-47  287.9   0.0  282   62-347    49-404 (461)
     419 UniRef100_A0A1I7STM2 (pine woo 100.0   4E-41 4.3E-47  296.9   0.0  295   52-348    73-385 (430)
     420 SRR6218665_1286431             100.0 4.2E-41 4.4E-47  287.7   0.0  294   53-349    42-340 (477)
     421 tr|W8B9D1|W8B9D1_CERCA 5-hydro 100.0 4.2E-41 4.4E-47  297.1   0.0  287   56-350   259-627 (664)
     422 tr|K1PEH3|K1PEH3_CRAGI Neurope 100.0 4.2E-41 4.4E-47  287.2   0.0  285   62-349    50-357 (411)
     423 UniRef100_A0A060ILH2 Neuromedi 100.0 4.3E-41 4.5E-47  298.9   0.0  284   62-349   179-477 (606)
     424 UniRef100_A0A0P5DS31 Neuropept 100.0 4.5E-41 4.6E-47  286.5   0.0  286   55-344    81-379 (482)
     425 tr|A0A2B4S6X2|A0A2B4S6X2_STYPI 100.0 4.5E-41 4.7E-47  285.4   0.0  277   62-349    26-323 (379)
     426 UniRef100_A0A060W247 Cholecyst 100.0 4.6E-41 4.8E-47  299.9   0.0  280   62-345   130-472 (563)
     427 UniRef100_A0A034WQT6 Tachykini 100.0 4.6E-41 4.8E-47  300.0   0.0  283   57-344   114-413 (694)
     428 tr|I3KRG5|I3KRG5_ORENI FGFR1 o 100.0 4.7E-41 4.9E-47  297.5   0.0  278   60-346   148-446 (489)
     429 UniRef100_A0A067R841 G_PROTEIN 100.0 4.7E-41   5E-47  300.8   0.0  289   60-349   107-409 (526)
     430 tr|A0A1D1V6H4|A0A1D1V6H4_RAMVA 100.0 4.9E-41 5.2E-47  292.2   0.0  295   55-351    57-375 (498)
     431 UniRef100_A0A553R2N1 G_PROTEIN 100.0   5E-41 5.2E-47  278.5   0.0  283   61-349   128-410 (474)
     432 SRR6218665_147192              100.0   5E-41 5.2E-47  291.8   0.0  288   55-347    96-394 (466)
     433 tr|A0A182U1B5|A0A182U1B5_9DIPT 100.0 5.1E-41 5.3E-47  298.3   0.0  286   56-346    36-340 (620)
     434 tr|A0A1S3FWK5|A0A1S3FWK5_DIPOR 100.0 5.1E-41 5.3E-47  298.3   0.0  285   56-352   413-732 (786)
     435 UniRef100_A0A340X578 LOW QUALI 100.0 5.2E-41 5.4E-47  296.6   0.0  294   61-360   238-533 (656)
     436 tr|A0A2C9GPU2|A0A2C9GPU2_ANOAR 100.0 5.3E-41 5.5E-47  307.1   0.0  280   60-345   323-632 (818)
     437 UniRef100_A0A024FLZ5 PQRFa pep 100.0 5.4E-41 5.7E-47  289.0   0.0  285   58-347    56-349 (416)
     438 UniRef100_A0A2B4SJV4 Galanin r 100.0 5.5E-41 5.8E-47  303.1   0.0  282   60-348    75-365 (444)
     439 tr|A0A151ITZ3|A0A151ITZ3_9HYME 100.0 5.7E-41 5.9E-47  292.9   0.0  285   60-350    68-420 (481)
     440 tr|A0A091DB56|A0A091DB56_FUKDA 100.0   6E-41 6.2E-47  282.5   0.0  291   56-348   160-452 (454)
     441 tr|A0A2B4RR50|A0A2B4RR50_STYPI 100.0 6.1E-41 6.4E-47  287.9   0.0  291   58-355    28-331 (411)
     442 tr|L9JWP3|L9JWP3_TUPCH C-C che 100.0 6.3E-41 6.6E-47  305.8   0.0  277   60-348   388-668 (702)
     443 UniRef100_A0A096NT18 Galanin r 100.0 6.5E-41 6.7E-47  279.9   0.0  296   60-361    95-392 (459)
     444 tr|C3YFL4|C3YFL4_BRAFL Unchara 100.0 6.6E-41 6.8E-47  289.4   0.0  291   62-353    96-388 (591)
     445 UniRef100_A0A1S3IXU9 RYamide r 100.0 6.7E-41 6.9E-47  283.5   0.0  287   53-344    28-325 (438)
     446 tr|A0A061ILI5|A0A061ILI5_CRIGR 100.0 6.7E-41 6.9E-47  288.0   0.0  291   58-350   196-492 (528)
     447 UniRef100_A0A067RKH6 Putative  100.0 6.7E-41 7.1E-47  301.2   0.0  285   58-347    95-410 (501)
     448 UniRef100_A0A026VXG0 Octopamin 100.0 6.9E-41 7.2E-47  304.0   0.0  188   57-252    79-272 (647)
     449 tr|A0A1S3W6N0|A0A1S3W6N0_ERIEU 100.0   7E-41 7.2E-47  294.4   0.0  284   62-349   134-443 (596)
     450 tr|A0A183W5E7|A0A183W5E7_TRIRE 100.0 7.2E-41 7.5E-47  290.3   0.0  286   58-348    50-351 (503)
     451 UniRef100_A0A1S3F7I6 neuropept 100.0 7.3E-41 7.6E-47  302.0   0.0  279   61-344   252-552 (712)
     452 UniRef100_A0A060X6T3 G_PROTEIN 100.0 7.5E-41 7.8E-47  294.4   0.0  277   61-349    91-413 (550)
     453 UniRef100_A0A026W4F0 Octopamin 100.0 7.6E-41 7.9E-47  287.4   0.0  276   62-346    58-389 (445)
     454 UniRef100_A0A060Y7B7 G_PROTEIN 100.0 7.7E-41   8E-47  299.1   0.0  288   53-352   109-552 (560)
     455 UniRef100_A0A026WCQ7 Tyramine  100.0 7.8E-41 8.2E-47  310.9   0.0  278   60-352   184-590 (665)
     456 tr|A0A2B4S4U3|A0A2B4S4U3_STYPI 100.0   8E-41 8.3E-47  279.4   0.0  285   62-351    28-324 (359)
     457 UniRef100_A0A3M6TV84 G_PROTEIN 100.0 7.9E-41 8.4E-47  291.7   0.0  273   66-350    52-338 (405)
     458 tr|A0A091DQD0|A0A091DQD0_FUKDA 100.0 8.1E-41 8.5E-47  290.2   0.0  280   59-350   179-464 (499)
     459 UniRef100_A0A016T4B6 G_PROTEIN 100.0 8.1E-41 8.5E-47  304.4   0.0  288   55-347    98-426 (585)
     460 UniRef100_A0A060WUQ6 G-protein 100.0 8.2E-41 8.5E-47  291.2   0.0  284   60-348   139-427 (502)
     461 tr|A0A146PN09|A0A146PN09_FUNHE 100.0 8.2E-41 8.8E-47  304.2   0.0  289   59-353    39-399 (432)
     462 UniRef100_A0A061ACA9 G_PROTEIN 100.0 8.5E-41   9E-47  303.6   0.0  269   62-343    98-373 (513)
     463 tr|A0A096NTW4|A0A096NTW4_PAPAN 100.0 8.9E-41 9.3E-47  286.2   0.0  290   59-352   132-429 (442)
     464 tr|A0A060XRS0|A0A060XRS0_ONCMY 100.0 9.1E-41 9.4E-47  304.3   0.0  289   53-353    49-379 (900)
     465 UniRef100_A0A060VTR1 G_PROTEIN 100.0 9.1E-41 9.5E-47  297.6   0.0  276   60-348   120-439 (619)
     466 UniRef100_A0A0G3Y5J3 Peropsin  100.0   9E-41 9.5E-47  290.9   0.0  283   60-349    37-323 (363)
     467 tr|A0A210QT45|A0A210QT45_MIZYE 100.0 9.2E-41 9.5E-47  279.1   0.0  283   58-344    36-336 (395)
     468 tr|W4Z3I5|W4Z3I5_STRPU Unchara 100.0 9.4E-41 9.8E-47  287.6   0.0  295   52-349    41-393 (461)
     469 UniRef100_A0A2B4S7Y2 Neuropept 100.0 9.3E-41 9.9E-47  300.2   0.0  277   57-347    79-369 (460)
     470 UniRef100_A0A0N1IB59 Orexin re 100.0 9.6E-41   1E-46  290.4   0.0  279   60-344   129-446 (546)
     471 tr|A0A2B4R9G2|A0A2B4R9G2_STYPI 100.0 9.8E-41   1E-46  287.3   0.0  284   54-345    55-345 (378)
     472 tr|A0A2B4RYW3|A0A2B4RYW3_STYPI 100.0   1E-40   1E-46  315.7   0.0  310   61-380    41-363 (1580)
     473 UniRef100_A0A060W714 Chemokine 100.0   1E-40 1.1E-46  298.4   0.0  276   58-347   120-395 (510)
     474 UniRef100_A0A0L8HMQ0 G_PROTEIN 100.0   1E-40 1.1E-46  295.5   0.0  292   53-348    42-346 (538)
     475 UniRef100_A0A024R4J1 Formyl pe 100.0   1E-40 1.1E-46  312.1   0.0  279   58-347   171-453 (581)
     476 UniRef100_A0A060VZ71 G_PROTEIN 100.0 1.1E-40 1.2E-46  302.0   0.0  285   55-344   224-530 (650)
     477 UniRef100_A0A1S3HRK7 octopamin 100.0 1.1E-40 1.2E-46  295.6   0.0  278   62-348    67-349 (413)
     478 tr|A0A0P7U113|A0A0P7U113_9TELE 100.0 1.1E-40 1.2E-46  290.2   0.0  270   58-343   146-415 (452)
     479 tr|W4Y502|W4Y502_STRPU Unchara 100.0 1.1E-40 1.2E-46  289.9   0.0  288   48-352   100-390 (422)
     480 UniRef100_A0A060YY06 G_PROTEIN 100.0 1.2E-40 1.3E-46  292.7   0.0  285   58-347   102-406 (490)
     481 UniRef100_A0A2I0LNT9 Opioid re 100.0 1.2E-40 1.3E-46  264.2   0.0  296   25-380    17-313 (313)
     482 tr|A0A151NSA8|A0A151NSA8_ALLMI 100.0 1.2E-40 1.3E-46  287.4   0.0  274   58-343    87-368 (406)
     483 UniRef100_A0A060XSH0 G_PROTEIN 100.0 1.2E-40 1.3E-46  303.5   0.0  289   58-350   145-435 (590)
     484 UniRef100_A0A3M6UKX8 G_PROTEIN 100.0 1.2E-40 1.3E-46  300.0   0.0  286   60-349   119-420 (487)
     485 UniRef100_A0A6P8HVR8 galanin r 100.0 1.3E-40 1.3E-46  285.2   0.0  289   53-350    16-321 (381)
     486 UniRef100_A0A067RAQ2 Neuropept 100.0 1.3E-40 1.3E-46  286.0   0.0  287   55-345    96-392 (509)
     487 tr|A0A232F8D2|A0A232F8D2_9HYME 100.0 1.3E-40 1.3E-46  289.3   0.0  286   55-345    67-366 (478)
     488 UniRef100_A0A3M6UKG3 G_PROTEIN 100.0 1.3E-40 1.4E-46  282.4   0.0  282   60-346    25-318 (378)
     489 UniRef100_A0A077KAM5 PQRFa pep 100.0 1.4E-40 1.4E-46  288.6   0.0  282   58-344   137-440 (539)
     490 UniRef100_A0A2B4SYG2 5-hydroxy 100.0 1.4E-40 1.5E-46  285.1   0.0  276   58-346    28-313 (376)
     491 tr|A7SMQ7|A7SMQ7_NEMVE Predict 100.0 1.4E-40 1.5E-46  282.8   0.0  284   58-349    10-303 (358)
     492 UniRef100_A0A023F665 Putative  100.0 1.5E-40 1.5E-46  298.1   0.0  286   61-347   145-447 (573)
     493 UniRef100_A0A093J058 Delta-typ 100.0 1.5E-40 1.6E-46  255.5   0.0  221   54-278     1-226 (231)
     494 UniRef100_A0A1D2MAK0 Neuropept 100.0 1.5E-40 1.6E-46  283.4   0.0  291   58-351    80-384 (428)
     495 UniRef100_UPI0008FA784D nocice 100.0 1.5E-40 1.6E-46  277.3   0.0  284   80-380   216-500 (500)
     496 tr|A0A1S3NNV5|A0A1S3NNV5_SALSA 100.0 1.6E-40 1.6E-46  288.5   0.0  287   55-346    58-377 (499)
     497 UniRef100_A0A151NBW6 Beta-3 ad 100.0 1.6E-40 1.7E-46  288.5   0.0  281   62-348    33-339 (490)
     498 UniRef100_A0A0P6J0T1 Putative  100.0 1.6E-40 1.7E-46  304.6   0.0  280   57-344   100-404 (735)
     499 tr|A0A1I8N820|A0A1I8N820_MUSDO 100.0 1.7E-40 1.7E-46  300.1   0.0  276   59-344   304-632 (880)
     500 UniRef100_A0A7M7G1H5 G_PROTEIN 100.0 1.7E-40 1.8E-46  295.0   0.0  278   62-352    40-336 (381)
     
  > Uniprot already searched, skipping.
/projects/ilfgrid/apps/alphafold-2.2.0/prep_MSAs.sh: line 93: /bin/hmmbuild: No such file or directory
/projects/ilfgrid/apps/alphafold-2.2.0/prep_MSAs.sh: line 94: /bin/hmmsearch: No such file or directory
> Running chain B
  > Uniref90 already searched, skipping.
  > Mgnify already searched, skipping.
  > Running hhblits on bfd_uniref30
- 06:57:12.258 INFO: Searching 65983866 column state sequences.

- 06:57:13.425 INFO: Searching 29291635 column state sequences.

- 06:57:13.458 INFO: oprk_mouse-1622/msas/B/chain_B.fasta is in A2M, A3M or FASTA format

- 06:57:13.458 INFO: Iteration 1

- 06:57:13.465 INFO: Prefiltering database

- 06:58:03.041 INFO: HMMs passed 1st prefilter (gapless profile-profile alignment)  : 55119

- 06:58:23.521 INFO: HMMs passed 1st prefilter (gapless profile-profile alignment)  : 60251

- 06:58:23.594 INFO: HMMs passed 2nd prefilter (gapped profile-profile alignment)   : 78

- 06:58:23.595 INFO: HMMs passed 2nd prefilter and not found in previous iterations : 78

- 06:58:23.595 INFO: Scoring 78 HMMs using HMM-HMM Viterbi alignment

- 06:58:23.647 INFO: Alternative alignment: 0

- 06:58:23.699 INFO: 78 alignments done

- 06:58:23.700 INFO: Alternative alignment: 1

- 06:58:23.702 INFO: 76 alignments done

- 06:58:23.703 INFO: Alternative alignment: 2

- 06:58:23.704 INFO: 11 alignments done

- 06:58:23.704 INFO: Alternative alignment: 3

- 06:58:23.784 INFO: Premerge done

- 06:58:23.784 INFO: Realigning 90 HMM-HMM alignments using Maximum Accuracy algorithm

- 06:58:23.812 INFO: 18 sequences belonging to 18 database HMMs found with an E-value < 0.001

- 06:58:23.812 INFO: Number of effective sequences of resulting query HMM: Neff = 2.80714

- 06:58:23.816 INFO: Iteration 2

- 06:58:23.816 INFO: Set premerge to 0! (premerge: 3 iteration: 2 hits.Size: 15)

- 06:58:23.823 INFO: Prefiltering database

- 06:59:27.916 INFO: HMMs passed 1st prefilter (gapless profile-profile alignment)  : 54653

- 06:59:53.590 INFO: HMMs passed 1st prefilter (gapless profile-profile alignment)  : 60513

- 06:59:53.659 INFO: HMMs passed 2nd prefilter (gapped profile-profile alignment)   : 111

- 06:59:53.659 INFO: HMMs passed 2nd prefilter and not found in previous iterations : 96

- 06:59:53.659 INFO: Scoring 96 HMMs using HMM-HMM Viterbi alignment

- 06:59:53.701 INFO: Alternative alignment: 0

- 06:59:53.738 INFO: 96 alignments done

- 06:59:53.738 INFO: Alternative alignment: 1

- 06:59:53.740 INFO: 78 alignments done

- 06:59:53.740 INFO: Alternative alignment: 2

- 06:59:53.740 INFO: Alternative alignment: 3

- 06:59:53.757 INFO: Realigning 98 HMM-HMM alignments using Maximum Accuracy algorithm

- 06:59:53.776 INFO: 19 sequences belonging to 19 database HMMs found with an E-value < 0.001

- 06:59:53.776 INFO: Number of effective sequences of resulting query HMM: Neff = 2.80714

- 06:59:53.780 INFO: Iteration 3

- 06:59:53.792 INFO: Prefiltering database

- 07:00:32.619 INFO: HMMs passed 1st prefilter (gapless profile-profile alignment)  : 54653

- 07:00:50.139 INFO: HMMs passed 1st prefilter (gapless profile-profile alignment)  : 60513

- 07:00:50.231 INFO: HMMs passed 2nd prefilter (gapped profile-profile alignment)   : 111

- 07:00:50.231 INFO: HMMs passed 2nd prefilter and not found in previous iterations : 95

- 07:00:50.231 INFO: Scoring 95 HMMs using HMM-HMM Viterbi alignment

- 07:00:50.271 INFO: Alternative alignment: 0

- 07:00:50.276 INFO: 95 alignments done

- 07:00:50.276 INFO: Alternative alignment: 1

- 07:00:50.278 INFO: 76 alignments done

- 07:00:50.278 INFO: Alternative alignment: 2

- 07:00:50.278 INFO: Alternative alignment: 3

- 07:00:50.295 INFO: Rescoring previously found HMMs with Viterbi algorithm

- 07:00:50.319 INFO: Alternative alignment: 0

- 07:00:50.321 INFO: 16 alignments done

- 07:00:50.321 INFO: Alternative alignment: 1

- 07:00:50.322 INFO: 16 alignments done

- 07:00:50.322 INFO: Alternative alignment: 2

- 07:00:50.323 INFO: 8 alignments done

- 07:00:50.323 INFO: Alternative alignment: 3

- 07:00:50.340 INFO: Premerge done

- 07:00:50.340 INFO: Realigning 112 HMM-HMM alignments using Maximum Accuracy algorithm

- 07:00:50.362 INFO: 19 sequences belonging to 19 database HMMs found with an E-value < 0.001

- 07:00:50.362 INFO: Number of effective sequences of resulting query HMM: Neff = 2.80714

     Query         dynorphin B gtp:1622
     Match_columns 13
     No_of_seqs    24 out of 215
     Neff          2.80714
     Searched_HMMs 157
     Date          Thu Mar  9 07:00:50 2023
     Command       hhblits -i oprk_mouse-1622/msas/B/chain_B.fasta -cpu 4 -maxmem 20 -oa3m /projects/ilfgrid/people/nqz918/code/deorph/scripts/af_arman/af_jobs_af23/oprk_mouse/1622//oprk_mouse-1622/msas/B/bfd_uniref_hits.a3m -o /dev/null -n 3 -e 0.001 -maxseq 1000000 -realign_max 100000 -maxfilt 100000 -min_prefilter_hits 1000 -d /projects/ilfgrid/data/alphafold-genetic-databases///bfd/bfd_metaclust_clu_complete_id30_c90_final_seq.sorted_opt -d /projects/ilfgrid/data/alphafold-genetic-databases///uniref30/UniRef30_2021_03 
     
      No Hit                             Prob E-value P-value  Score    SS Cols Query HMM  Template HMM
       1 UniRef100_A0A060WJX8 Alpha-neo  97.6 1.7E-06 2.7E-12   51.0   0.0   13    1-13    277-289 (315)
       2 tr|G5BEP7|G5BEP7_HETGA Proenke  97.5 6.2E-06 8.5E-12   49.1   0.0   13    1-13    264-276 (292)
       3 tr|M7BYV4|M7BYV4_CHEMY Proenke  97.2 2.6E-05 3.5E-11   46.9   0.0   13    1-13    274-286 (302)
       4 UniRef100_A0A1U7SX24 Alpha-neo  97.1 3.5E-05 5.4E-11   45.4   0.0   13    1-13    227-239 (258)
       5 UniRef100_Q9W688 Alpha-neoendo  97.0  0.0001   1E-10   35.8   0.0   12    1-12     15-26  (43)
       6 UniRef100_Q8AYC8 Alpha-neoendo  97.0 0.00011 1.1E-10   36.9   0.0   13    1-13     28-40  (54)
       7 tr|A0A151N053|A0A151N053_ALLMI  96.7 0.00025 3.2E-10   44.7   0.0   13    1-13    392-404 (420)
       8 UniRef100_A0A402FTA2 Alpha-neo  96.5 0.00068 8.7E-10   40.4   0.0   13    1-13    190-202 (218)
       9 UniRef100_A0A674GA50 Alpha-neo  96.3  0.0015 1.8E-09   40.8   0.0   13    1-13    293-305 (321)
      10 UniRef100_A0A4U1FHP0 Alpha-neo  96.3  0.0016 1.8E-09   41.0   0.0   13    1-13    316-328 (344)
      11 UniRef100_UPI000510C6B4 proenk  96.3  0.0018 1.9E-09   37.1   0.0   12    1-12    105-116 (133)
      12 UniRef100_A0A151N053 Alpha-neo  96.2  0.0022 2.7E-09   40.7   0.0   12    1-12    347-358 (375)
      13 UniRef100_UPI001176599E proenk  96.0  0.0036   4E-09   39.5   0.0   13    1-13    298-310 (326)
      14 UniRef100_V8N4R6 Alpha-neoendo  95.8   0.007 7.2E-09   36.0   0.0   13    1-13    144-156 (172)
      15 UniRef100_A0A384D3J1 Alpha-neo  95.6    0.01 1.1E-08   38.0   0.0   13    1-13    330-342 (358)
      16 UniRef100_UPI0011CF187C proenk  95.1    0.03 3.1E-08   36.4   0.0   13    1-13    355-367 (383)
      17 UniRef100_UPI0014087020 proenk  94.8   0.054 5.5E-08   35.4   0.0   12    1-12    354-365 (382)
      18 UniRef100_UPI0005119EEF proenk  92.6    0.44 4.6E-07   29.5   0.0    9    1-9     165-173 (173)
      19 UniRef100_A0A0A9AKB4 Uncharact  92.5    0.48   5E-07   21.8   0.0   10    1-10      3-12  (22)
      20 UniRef100_A0A6S7GWP5 Uncharact  92.3    0.53 5.5E-07   26.5   0.0   11    3-13     52-62  (80)
      21 ERR1022692_2070916              90.7    0.93 1.2E-06   27.7   0.0    9    2-10      9-17  (160)
      22 UniRef100_A0A1Y2DNY9 Uncharact  90.4     1.4 1.4E-06   27.3   0.0   11    2-12     46-56  (153)
      23 UniRef100_UPI0019444572 hypoth  89.6     1.9 1.9E-06   25.6   0.0   12    1-12     42-53  (107)
      24 UniRef100_S3IMR1 Uncharacteriz  89.2     2.1 2.2E-06   22.8   0.0    9    4-12     23-31  (49)
      25 ERR1700686_3022911              87.6     3.3 3.5E-06   26.3   0.0   11    2-12    114-124 (171)
      26 UniRef100_UPI000868035C unchar  87.5     3.5 3.6E-06   26.7   0.0   13    1-13    121-133 (210)
      27 UniRef100_UPI00137A9ED2 hypoth  87.5     3.5 3.6E-06   22.5   0.0   13    1-13     42-54  (55)
      28 UniRef100_UPI0014025E41 proenk  87.2     3.7 3.9E-06   28.1   0.0   13    1-13    311-323 (347)
      29 UniRef100_M4BUE0 Uncharacteriz  86.8     4.2 4.3E-06   24.5   0.0   11    2-12     92-102 (108)
      30 UniRef100_D0WBW9 Uncharacteriz  86.2     4.7 4.9E-06   21.4   0.0   11    2-12      3-13  (44)
      31 UniRef100_A0A3D3NRC2 Uncharact  86.2     4.7 4.9E-06   23.4   0.0   12    1-12     69-80  (81)
      32 UniRef100_A0A5J6TNP3 Uncharact  86.1     4.8   5E-06   22.1   0.0   11    2-12     16-26  (56)
      33 UniRef100_A0A4Z2CJU2 Uncharact  85.9       5 5.2E-06   22.6   0.0   11    2-12     20-30  (66)
      34 UniRef100_UPI001748DF02 stage   85.7     5.3 5.5E-06   22.2   0.0   12    1-12     43-54  (60)
      35 UniRef100_A0A329P7T5 Uncharact  85.7     5.3 5.5E-06   22.2   0.0   11    2-12     16-26  (60)
      36 UniRef100_A0A164ZRG7 Uncharact  85.4     5.7 5.8E-06   22.3   0.0   10    1-10      7-16  (63)
      37 UniRef100_A0A6G3YZE0 Uncharact  85.3     5.8   6E-06   22.2   0.0   12    1-12     38-49  (62)
      38 UniRef100_UPI000670F1FC proenk  85.2     5.9 6.1E-06   24.5   0.0   11    1-11    105-115 (129)
      39 SRR5712671_5039910              85.1     5.7 6.2E-06   25.0   0.0   11    2-12    122-132 (151)
      40 UniRef100_A0A0E9NRE3 Uncharact  84.9     6.3 6.5E-06   26.6   0.0   13    1-13    121-133 (285)
      41 UniRef100_A0A382BWI9 Uncharact  84.7     6.5 6.7E-06   23.1   0.0   11    2-12     13-23  (86)
      42 UniRef100_A0A2K2DR59 Uncharact  84.5     6.7 6.9E-06   22.3   0.0   12    1-12     52-63  (69)
      43 UniRef100_A0A2P1IUL0 Proenkeph  84.0     7.4 7.6E-06   25.5   0.0   12    1-12    169-180 (207)
      44 UniRef100_A0A381RP13 Uncharact  84.0     7.5 7.7E-06   21.0   0.0   11    2-12     30-40  (48)
      45 UniRef100_A0A660ZJM6 NAD(P)/FA  83.0     8.8   9E-06   24.4   0.0   10    1-10    117-126 (152)
      46 SRR6185436_6146177              82.9     7.9 9.2E-06   24.5   0.0   12    1-12    143-154 (155)
      47 UniRef100_A0A2P7AVS7 Uncharact  82.9       9 9.2E-06   23.3   0.0   10    2-11     98-107 (109)
      48 ERR1700761_2424160              82.6     7.7 9.7E-06   26.8   0.0   11    2-12    207-217 (353)
      49 UniRef100_A0A2P2PHM2 Uncharact  82.5     9.5 9.8E-06   18.0   0.0   10    3-12     10-19  (21)
      50 UniRef100_A0A5A7QXP9 Zinc fing  82.2      10   1E-05   25.1   0.0   12    1-12     63-74  (212)
      51 UniRef100_A0A2E7W9W0 Uncharact  82.1     8.5   1E-05   25.2   0.0   12    1-12    101-112 (213)
      52 UniRef100_A0A3G3LYN5 Minor tai  82.0      10 1.1E-05   24.2   0.0   11    1-11     50-60  (157)
      53 UniRef100_A0A6M0F3N4 cobW doma  81.6      11 1.1E-05   20.2   0.0   12    1-12     12-23  (44)
      54 UniRef100_A0A226EL04 Uncharact  81.3      11 1.2E-05   23.8   0.0   12    1-12    124-135 (144)
      55 UniRef100_A0A7J4B1B7 Uncharact  80.7      12 1.3E-05   21.4   0.0   11    1-11     49-59  (68)
      56 UniRef100_A0A7S0WWY2 Hypotheti  80.1      14 1.4E-05   23.6   0.0   12    1-12      7-18  (149)
      57 UniRef100_A0A1B6NUH7 Uncharact  79.5      15 1.5E-05   19.0   0.0   12    1-12     13-24  (34)
      58 UniRef100_F0SHJ8 Uncharacteriz  79.5      15 1.5E-05   18.9   0.0    8    1-8      11-18  (33)
      59 UniRef100_A0A4W3J4D3 FBA domai  79.1      15 1.6E-05   23.7   0.0   11    2-12     78-88  (167)
      60 UniRef100_A0A3S0C730 Uncharact  79.1      16 1.6E-05   23.1   0.0   11    2-12    105-115 (136)
      61 SRR5437868_15177361             79.0      15 1.6E-05   22.6   0.0   10    2-11     37-46  (110)
      62 UniRef100_UPI001576264F hypoth  78.9      16 1.6E-05   22.6   0.0   11    2-12     15-25  (113)
      63 UniRef100_A0A550JEZ2 Uncharact  78.8      16 1.7E-05   21.1   0.0   12    2-13     33-44  (69)
      64 UniRef100_A0A3A4NS44 Uncharact  78.7      16 1.7E-05   21.6   0.0   12    1-12     56-67  (81)
      65 UniRef100_W2T586 Uncharacteriz  78.6      16 1.7E-05   24.2   0.0    9    1-9     178-186 (204)
      66 SRR6266849_4065641              78.4      15 1.7E-05   25.0   0.0   11    2-12     35-45  (264)
      67 UniRef100_A0A654DR02 Uncharact  77.9      18 1.8E-05   20.4   0.0   12    2-13      4-15  (58)
      68 UniRef100_J4CCH8 Uncharacteriz  77.9      18 1.8E-05   20.6   0.0   12    1-12     18-29  (61)
      69 UniRef100_A0A382WM34 Uncharact  77.5      19 1.9E-05   19.9   0.0   10    3-12     26-35  (50)
      70 UniRef100_A0A6V7XQH1 Hypotheti  77.1      20   2E-05   21.9   0.0   11    2-12     31-41  (101)
      71 UniRef100_A0A4Y2TEL6 Uncharact  76.8      20 2.1E-05   22.0   0.0   12    1-12     29-40  (107)
      72 UniRef100_A0A5B1QDU0 Uncharact  76.6      21 2.1E-05   20.0   0.0   11    2-12     12-22  (55)
      73 UniRef100_A0A4P5SNQ0 Uncharact  76.5      21 2.2E-05   20.5   0.0   10    3-12     12-21  (65)
      74 UniRef100_A0A4Y6Q2S6 Type II t  76.1      22 2.3E-05   23.7   0.0   10    1-10    168-177 (202)
      75 UniRef100_UPI000CDCF069 hypoth  75.9      22 2.3E-05   22.0   0.0   10    2-11     13-22  (111)
      76 UniRef100_A0A438E4V1 Uncharact  75.7      23 2.4E-05   22.0   0.0   11    1-11     67-77  (114)
      77 UniRef100_UPI000A494860 hypoth  75.5      23 2.4E-05   19.9   0.0   11    2-12     20-30  (55)
      78 UniRef100_A0A124GP53 Uncharact  74.3      26 2.7E-05   20.2   0.0   12    1-12     33-44  (66)
      79 UniRef100_UPI000794F5BD hypoth  74.3      27 2.7E-05   21.2   0.0   11    2-12     63-73  (93)
      80 UniRef100_A0A0A9G019 Uncharact  74.1      26 2.8E-05   19.6   0.0   12    2-13      9-20  (53)
      81 UniRef100_UPI001AB00F6B hypoth  73.8      28 2.9E-05   19.8   0.0   10    2-11     24-33  (58)
      82 UniRef100_A0A1U9QRZ5 Uncharact  73.5      29 2.9E-05   20.0   0.0   10    2-11     29-38  (62)
      83 UniRef100_A0A2P4UV77 Uncharact  73.3      29   3E-05   21.8   0.0    9    2-10      5-13  (120)
      84 UniRef100_A0A2C6CZQ9 Peptidase  72.8      31 3.2E-05   25.1   0.0   12    1-12    202-213 (440)
      85 UniRef100_A0A497GZT4 Uncharact  72.5      32 3.3E-05   21.0   0.0   10    2-11     44-53  (93)
      86 UniRef100_A0A5P0WZN3 Uncharact  72.4      32 3.3E-05   23.2   0.0   12    1-12    122-133 (209)
      87 UniRef100_A0A534X165 Uncharact  72.2      33 3.3E-05   22.1   0.0   12    1-12     21-32  (141)
      88 UniRef100_UPI001491942A hypoth  71.4      35 3.6E-05   22.5   0.0   12    1-12     39-50  (170)
      89 UniRef100_A0A0B7ICU8 Uncharact  70.9      37 3.8E-05   22.4   0.0   12    1-12    154-165 (170)
      90 UniRef100_A0A2M7Q4Y2 Uncharact  70.6      38 3.9E-05   21.7   0.0   10    2-11     23-32  (131)
      91 UniRef100_A0A448WGT4 Uncharact  69.1      43 4.4E-05   20.9   0.0   11    2-12     66-76  (107)
      92 UniRef100_E3KX48 Uncharacteriz  68.8      44 4.5E-05   21.0   0.0   12    1-12     95-106 (111)
      93 UniRef100_A0A0V1LYD7 Uncharact  68.7      44 4.5E-05   19.4   0.0   11    2-12     17-27  (63)
      94 UniRef100_A0A7S3D2Z6 Hypotheti  68.4      45 4.7E-05   22.7   0.0   11    1-11     74-84  (218)
      95 SRR5579884_2735813              67.9      45 4.9E-05   21.9   0.0   12    1-12    123-134 (157)
      96 UniRef100_W6FVC0 Uncharacteriz  67.6      48   5E-05   17.9   0.0   12    1-12      3-14  (39)
      97 UniRef100_A0A0A9M7W7 Uncharact  67.2      50 5.1E-05   18.3   0.0   12    1-12     33-44  (46)
      98 UniRef100_A0A1X0NGE0 Uncharact  65.3      58 5.9E-05   20.8   0.0    9    3-11    115-123 (123)
      99 UniRef100_A0A7S1B8D4 Hypotheti  64.8      60 6.2E-05   22.5   0.0   12    1-12    122-133 (237)
     100 SRR5205085_659981               64.0      52 6.6E-05   22.3   0.0   12    1-12    198-209 (217)
     101 UniRef100_UPI0012D3B0ED neurop  62.9      69 7.1E-05   20.2   0.0   10    1-10     73-82  (107)
     102 UniRef100_A0A6P1HNG0 Uncharact  62.5      71 7.3E-05   18.8   0.0    9    1-9       3-11  (66)
     103 UniRef100_A0A3M2EW37 Uncharact  62.2      72 7.4E-05   18.5   0.0   12    1-12     17-28  (59)
     104 UniRef100_UPI000A9F1C26 hypoth  59.4      88   9E-05   18.6   0.0   11    2-12     47-57  (67)
     105 UniRef100_UPI0015DB516A hypoth  56.9   1E+02 0.00011   17.9   0.0   12    1-12      3-14  (58)
     106 UniRef100_A0A2P4Y2M9 Uncharact  56.7   1E+02 0.00011   21.1   0.0   12    1-12    169-180 (199)
     107 UniRef100_A0A2X0LZ45 BQ5605_C0  56.0 1.1E+02 0.00011   20.9   0.0   12    1-12    161-172 (188)
     108 UniRef100_UPI0018A6AB2D hypoth  55.0 1.2E+02 0.00012   19.4   0.0   11    1-11     36-46  (109)
     109 UniRef100_A0A5N6UNZ2 Uncharact  54.5 1.2E+02 0.00012   18.8   0.0   10    3-12     14-23  (86)
     110 UniRef100_A0A7S2EZE4 Hypotheti  51.3 1.5E+02 0.00015   19.6   0.0   10    3-12     25-34  (132)
     111 UniRef100_UPI0014025E41 proenk  31.0 4.9E+02 0.00052   19.9   0.0    8    1-8     119-126 (347)
     112 UniRef100_UPI0011CF187C proenk  27.0 6.5E+02 0.00067   19.6   0.0    6    1-6     306-311 (383)
     
  > Uniprot already searched, skipping.
/projects/ilfgrid/apps/alphafold-2.2.0/prep_MSAs.sh: line 93: /bin/hmmbuild: No such file or directory
/projects/ilfgrid/apps/alphafold-2.2.0/prep_MSAs.sh: line 94: /bin/hmmsearch: No such file or directory

>> Job finished at: Thu Mar  9 07:00:56 CET 2023

>> Runtime: 908 s
