>> Job started at: Thu Mar  9 10:58:41 CET 2023
   On Machine:     ilfgridgpun01fl.unicph.domain
   In directory:   /projects/ilfgrid/people/nqz918/code/deorph/scripts/af_arman/af_jobs_af23/ur2r_mouse/2153

>> GPU is 

Loaded miniconda shell environment for bash
> Running 'prep_MSAs.sh'
  > Alphafold-DB directory is set to /projects/ilfgrid/data/alphafold-genetic-databases//
  > Number of cores was set to set to 4
  > Max memory set to 20 GB
  > Output directory was set to /projects/ilfgrid/people/nqz918/code/deorph/scripts/af_arman/af_jobs_af23/ur2r_mouse/2153/
  > Input fastafile was set to /projects/ilfgrid/people/nqz918/code/deorph/scripts/af_arman/af_jobs_af23/ur2r_mouse/2153/ur2r_mouse-2153.fasta
> Splitting fastafile
> Running chain A
  > Uniref90 already searched, skipping.
  > Mgnify already searched, skipping.
  > Running hhblits on bfd_uniref30
- 10:59:00.415 INFO: Searching 65983866 column state sequences.

- 10:59:01.625 INFO: Searching 29291635 column state sequences.

- 10:59:01.663 INFO: ur2r_mouse-2153/msas/A/chain_A.fasta is in A2M, A3M or FASTA format

- 10:59:01.663 INFO: Iteration 1

- 10:59:01.776 INFO: Prefiltering database

- 11:00:16.829 INFO: HMMs passed 1st prefilter (gapless profile-profile alignment)  : 2216743

- 11:01:05.566 INFO: HMMs passed 1st prefilter (gapless profile-profile alignment)  : 960024

- 11:01:08.632 INFO: HMMs passed 2nd prefilter (gapped profile-profile alignment)   : 30619

- 11:01:08.632 INFO: HMMs passed 2nd prefilter and not found in previous iterations : 30619

- 11:01:08.632 INFO: Scoring 30619 HMMs using HMM-HMM Viterbi alignment

- 11:01:08.696 INFO: Alternative alignment: 0

- 11:01:09.449 INFO: 2000 alignments done

- 11:01:10.100 INFO: 4000 alignments done

- 11:01:10.720 INFO: 6000 alignments done

- 11:01:14.461 INFO: 8000 alignments done

- 11:01:15.116 INFO: 10000 alignments done

- 11:01:15.811 INFO: 12000 alignments done

- 11:01:16.453 INFO: 14000 alignments done

- 11:01:17.009 INFO: 16000 alignments done

- 11:01:17.510 INFO: 18000 alignments done

- 11:01:18.014 INFO: 20000 alignments done

- 11:01:18.513 INFO: 22000 alignments done

- 11:01:19.024 INFO: 24000 alignments done

- 11:01:19.441 INFO: 26000 alignments done

- 11:01:19.965 INFO: 28000 alignments done

- 11:01:21.732 INFO: 30000 alignments done

- 11:01:23.445 INFO: 30619 alignments done

- 11:01:23.447 INFO: Alternative alignment: 1

- 11:01:32.321 INFO: 30504 alignments done

- 11:01:32.378 INFO: Alternative alignment: 2

- 11:01:34.896 INFO: 6905 alignments done

- 11:01:34.946 INFO: Alternative alignment: 3

- 11:01:35.429 INFO: 1015 alignments done

- 11:01:36.126 INFO: Premerge done

- 11:01:36.127 INFO: Realigning 11352 HMM-HMM alignments using Maximum Accuracy algorithm

- 11:02:38.308 INFO: 11355 sequences belonging to 11355 database HMMs found with an E-value < 0.001

- 11:02:38.308 INFO: Number of effective sequences of resulting query HMM: Neff = 9.78525

- 11:02:38.557 INFO: Iteration 2

- 11:02:38.557 INFO: Set premerge to 0! (premerge: 3 iteration: 2 hits.Size: 11352)

- 11:02:38.674 INFO: Prefiltering database

- 11:03:51.753 INFO: HMMs passed 1st prefilter (gapless profile-profile alignment)  : 14015169

- 11:05:07.407 INFO: HMMs passed 1st prefilter (gapless profile-profile alignment)  : 3531862

- 11:05:19.783 INFO: HMMs passed 2nd prefilter (gapped profile-profile alignment)   : 123416

- 11:05:19.783 INFO: HMMs passed 2nd prefilter and not found in previous iterations : 112285

- 11:05:19.783 INFO: Scoring 112285 HMMs using HMM-HMM Viterbi alignment

- 11:05:19.824 INFO: Alternative alignment: 0

- 11:05:20.644 INFO: 2000 alignments done

- 11:05:21.389 INFO: 4000 alignments done

- 11:05:22.001 INFO: 6000 alignments done

- 11:05:22.735 INFO: 8000 alignments done

- 11:05:26.776 INFO: 10000 alignments done

- 11:05:39.027 INFO: 12000 alignments done

- 11:05:39.030 INFO: Stop after DB-HHM: 12000 because early stop  17.7174 < filter cutoff 20

- 11:05:39.030 INFO: Alternative alignment: 1

- 11:05:42.613 INFO: 9576 alignments done

- 11:05:42.629 INFO: Alternative alignment: 2

- 11:05:43.030 INFO: 776 alignments done

- 11:05:43.031 INFO: Alternative alignment: 3

- 11:05:43.121 INFO: 123 alignments done

- 11:05:43.266 INFO: Realigning 4959 HMM-HMM alignments using Maximum Accuracy algorithm

- 11:06:28.529 INFO: 16313 sequences belonging to 16313 database HMMs found with an E-value < 0.001

- 11:06:28.529 INFO: Number of effective sequences of resulting query HMM: Neff = 10.2017

- 11:06:28.641 INFO: Iteration 3

- 11:06:28.758 INFO: Prefiltering database

- 11:07:42.038 INFO: HMMs passed 1st prefilter (gapless profile-profile alignment)  : 13135734

- 11:08:53.375 INFO: HMMs passed 1st prefilter (gapless profile-profile alignment)  : 3482320

- 11:09:05.409 INFO: HMMs passed 2nd prefilter (gapped profile-profile alignment)   : 119671

- 11:09:05.409 INFO: HMMs passed 2nd prefilter and not found in previous iterations : 103671

- 11:09:05.409 INFO: Scoring 103671 HMMs using HMM-HMM Viterbi alignment

- 11:09:05.449 INFO: Alternative alignment: 0

- 11:09:06.162 INFO: 2000 alignments done

- 11:09:06.869 INFO: 4000 alignments done

- 11:09:07.513 INFO: 6000 alignments done

- 11:09:09.950 INFO: 8000 alignments done

- 11:09:13.497 INFO: 10000 alignments done

- 11:09:13.501 INFO: Stop after DB-HHM: 10000 because early stop  14.2808 < filter cutoff 20

- 11:09:13.501 INFO: Alternative alignment: 1

- 11:09:15.765 INFO: 5988 alignments done

- 11:09:15.767 INFO: Alternative alignment: 2

- 11:09:16.051 INFO: 534 alignments done

- 11:09:16.055 INFO: Alternative alignment: 3

- 11:09:16.129 INFO: 94 alignments done

- 11:09:16.187 INFO: Rescoring previously found HMMs with Viterbi algorithm

- 11:09:16.219 INFO: Alternative alignment: 0

- 11:09:16.814 INFO: 2000 alignments done

- 11:09:17.429 INFO: 4000 alignments done

- 11:09:18.042 INFO: 6000 alignments done

- 11:09:18.665 INFO: 8000 alignments done

- 11:09:19.356 INFO: 10000 alignments done

- 11:09:19.949 INFO: 12000 alignments done

- 11:09:20.533 INFO: 14000 alignments done

- 11:09:21.129 INFO: 15999 alignments done

- 11:09:21.132 INFO: Alternative alignment: 1

- 11:09:26.366 INFO: 15999 alignments done

- 11:09:26.387 INFO: Alternative alignment: 2

- 11:09:26.913 INFO: 1121 alignments done

- 11:09:26.937 INFO: Alternative alignment: 3

- 11:09:27.033 INFO: 153 alignments done

- 11:09:27.247 INFO: Premerge done

- 11:09:27.247 INFO: Realigning 16663 HMM-HMM alignments using Maximum Accuracy algorithm

- 11:10:04.713 INFO: 16711 sequences belonging to 16711 database HMMs found with an E-value < 0.001

- 11:10:04.713 INFO: Number of effective sequences of resulting query HMM: Neff = 10.2557

     Query         ur2r_mouse Q8VIH9
     Match_columns 385
     No_of_seqs    2695 out of 220823
     Neff          10.2557
     Searched_HMMs 138566
     Date          Thu Mar  9 11:10:04 2023
     Command       hhblits -i ur2r_mouse-2153/msas/A/chain_A.fasta -cpu 4 -maxmem 20 -oa3m /projects/ilfgrid/people/nqz918/code/deorph/scripts/af_arman/af_jobs_af23/ur2r_mouse/2153//ur2r_mouse-2153/msas/A/bfd_uniref_hits.a3m -o /dev/null -n 3 -e 0.001 -maxseq 1000000 -realign_max 100000 -maxfilt 100000 -min_prefilter_hits 1000 -d /projects/ilfgrid/data/alphafold-genetic-databases///bfd/bfd_metaclust_clu_complete_id30_c90_final_seq.sorted_opt -d /projects/ilfgrid/data/alphafold-genetic-databases///uniref30/UniRef30_2021_03 
     
      No Hit                             Prob E-value P-value  Score    SS Cols Query HMM  Template HMM
       1 tr|A0A1A6H052|A0A1A6H052_NEOLE 100.0 4.2E-72 4.4E-78  488.2   0.0  384    1-384    47-431 (490)
       2 UniRef100_A0A091DZ86 Urotensin 100.0 2.4E-70 2.5E-76  478.7   0.0  382    1-384   113-495 (543)
       3 tr|A0A1U7T905|A0A1U7T905_TARSY 100.0 7.3E-69 7.7E-75  468.2   0.0  380    1-383     1-381 (513)
       4 UniRef100_A0A1A6H052 Urotensin 100.0 1.3E-63 1.4E-69  435.4   0.0  383    1-383   143-526 (642)
       5 UniRef100_A0A060Y554 Urotensin 100.0   2E-61 2.1E-67  429.1   0.0  331   42-379    93-428 (493)
       6 UniRef100_A0A1U7T905 Urotensin 100.0 8.7E-60 8.9E-66  408.8   0.0  376    1-379     1-377 (674)
       7 UniRef100_A0A060X3E8 Urotensin 100.0 3.4E-59 3.6E-65  397.7   0.0  354   17-379    66-419 (461)
       8 UniRef100_A0A0P7YKB6 Urotensin 100.0 3.2E-58 3.3E-64  389.2   0.0  331   42-380    65-395 (474)
       9 UniRef100_A0A7J7SFI1 Urotensin 100.0 1.9E-55   2E-61  373.9   0.0  363    1-372    30-393 (427)
      10 tr|A0A060Y7L7|A0A060Y7L7_ONCMY 100.0 2.1E-55 2.2E-61  382.1   0.0  330   41-377    85-424 (428)
      11 UniRef100_A0A444UEU9 Urotensin 100.0   5E-55 5.1E-61  370.6   0.0  367    9-383   159-525 (527)
      12 UniRef100_A0A024FLF0 PQRFa pep 100.0 3.7E-53 4.1E-59  384.2   0.0  286   49-335    48-346 (413)
      13 UniRef100_A0A1S3HKE5 allatosta 100.0 3.6E-52 3.9E-58  377.0   0.0  285   50-335    82-375 (462)
      14 UniRef100_A0A6I9YJY7 Urotensin 100.0 3.9E-52   4E-58  369.5   0.0  349   25-381   499-847 (851)
      15 UniRef100_A0A0K0PUX7 Orphan G- 100.0 1.4E-51 1.5E-57  373.1   0.0  288   49-337    61-356 (471)
      16 UniRef100_A0A087RJN6 Somatosta 100.0 2.2E-51 2.4E-57  371.1   0.0  285   47-336    57-344 (391)
      17 UniRef100_A0A6P4Z4S7 G-protein 100.0 2.9E-51 3.2E-57  374.2   0.0  288   49-337    58-353 (417)
      18 UniRef100_A0A026X3T6 Allatosta 100.0 3.1E-51 3.3E-57  371.1   0.0  286   50-337   139-427 (540)
      19 tr|A0A0P7U387|A0A0P7U387_9TELE 100.0 3.4E-51 3.6E-57  362.6   0.0  285   49-337   127-417 (556)
      20 UniRef100_A0A1N7TCF1 Galanin r 100.0 5.8E-51 6.2E-57  359.4   0.0  290   46-337    67-362 (407)
      21 UniRef100_A0A060YPK6 Urotensin 100.0 7.1E-51 7.6E-57  360.2   0.0  288   45-332   109-406 (470)
      22 UniRef100_A0A0K0PUR1 Orphan G- 100.0 7.8E-51 8.4E-57  371.6   0.0  285   48-333   112-409 (530)
      23 tr|M3ZFE6|M3ZFE6_XIPMA Somatos 100.0 8.6E-51   9E-57  357.9   0.0  285   48-338   102-392 (525)
      24 tr|A0A0F8ARD3|A0A0F8ARD3_LARCR 100.0 1.5E-50 1.5E-56  352.7   0.0  286   50-339    53-342 (464)
      25 UniRef100_A0A060W5Z4 G_PROTEIN 100.0 1.5E-50 1.6E-56  368.4   0.0  282   50-337   190-476 (593)
      26 tr|A0A1L8G1N6|A0A1L8G1N6_XENLA 100.0 2.3E-50 2.4E-56  353.6   0.0  283   48-336   114-399 (448)
      27 UniRef100_A0A060X1Q6 Somatosta 100.0 2.7E-50 2.9E-56  370.3   0.0  285   49-337   138-426 (604)
      28 UniRef100_A0A060X690 G_PROTEIN 100.0 3.2E-50 3.4E-56  348.8   0.0  287   50-337    46-337 (386)
      29 UniRef100_A0A6P4Y4T1 galanin r 100.0 3.7E-50   4E-56  353.9   0.0  288   49-337    57-353 (410)
      30 UniRef100_A0A2B4SDF9 Neuropept 100.0 8.2E-50 8.7E-56  355.1   0.0  282   50-334    89-378 (455)
      31 UniRef100_A0A023F675 Putative  100.0 8.6E-50 9.4E-56  368.4   0.0  287   48-336   124-420 (530)
      32 UniRef100_A0A2B4S7K2 Histamine 100.0 9.9E-50 1.1E-55  355.6   0.0  286   48-340    30-332 (369)
      33 UniRef100_A0A141CIT8 G protein 100.0 1.1E-49 1.1E-55  357.2   0.0  285   48-334    84-375 (488)
      34 UniRef100_A0A6P4XD29 neuropept 100.0 1.5E-49 1.6E-55  348.1   0.0  287   49-336    40-343 (385)
      35 UniRef100_A0A077YWL6 Somatosta 100.0 1.5E-49 1.7E-55  362.1   0.0  287   50-337    65-362 (446)
      36 UniRef100_A0A087T336 Somatosta 100.0 2.5E-49 2.7E-55  349.2   0.0  287   51-337    78-369 (454)
      37 UniRef100_A0A091EBV8 Type-1 an 100.0 1.2E-48 1.3E-54  364.9   0.0  281   49-337   346-632 (715)
      38 UniRef100_A0A087XDT1 Somatosta 100.0 1.2E-48 1.3E-54  352.6   0.0  284   49-338   167-456 (676)
      39 UniRef100_A0A0K0PUL8 Allatosta 100.0 1.2E-48 1.3E-54  346.0   0.0  286   50-337    50-346 (396)
      40 tr|G3S2I3|G3S2I3_GORGO Opioid  100.0 1.4E-48 1.4E-54  341.9   0.0  286   49-336   161-450 (492)
      41 UniRef100_A0A060VUW6 G_PROTEIN 100.0 1.4E-48 1.5E-54  367.2   0.0  280   49-336   116-440 (574)
      42 UniRef100_A0A026W5R0 Orexin re 100.0 1.5E-48 1.6E-54  356.9   0.0  283   51-336   118-427 (529)
      43 UniRef100_A0A026WW28 Neuropept 100.0 1.5E-48 1.7E-54  357.5   0.0  290   46-337    84-382 (552)
      44 UniRef100_A0A1D2M4J2 Neuropept 100.0 1.7E-48 1.9E-54  349.5   0.0  283   50-334   126-422 (497)
      45 tr|C3XVS5|C3XVS5_BRAFL Unchara 100.0   2E-48 2.1E-54  338.4   0.0  286   50-337    67-365 (425)
      46 tr|S9YJE2|S9YJE2_CAMFR Somatos 100.0 3.2E-48 3.4E-54  335.2   0.0  288   48-337   110-402 (438)
      47 UniRef100_A0A154PKR3 Tachykini 100.0 3.2E-48 3.4E-54  348.1   0.0  281   50-332    76-371 (457)
      48 UniRef100_A0A2B4SKI0 Tachykini 100.0 3.4E-48 3.7E-54  359.5   0.0  284   51-336    92-391 (469)
      49 UniRef100_A0A2B4RSM5 Neuropept 100.0 3.8E-48   4E-54  342.1   0.0  283   49-337    35-326 (417)
      50 UniRef100_A0A026WTK8 Tachykini 100.0 4.2E-48 4.5E-54  351.3   0.0  283   50-334    89-387 (556)
      51 UniRef100_A0A0K0PUT9 Excitator 100.0 4.9E-48 5.3E-54  351.8   0.0  283   50-334   103-400 (474)
      52 UniRef100_A0A139WB32 Tachykini 100.0   6E-48 6.5E-54  340.2   0.0  286   50-337    43-344 (405)
      53 UniRef100_A0A023F3V9 Putative  100.0 6.6E-48 6.9E-54  346.4   0.0  287   51-337   133-425 (574)
      54 UniRef100_A0A210QEM7 Neuropept 100.0 1.2E-47 1.3E-53  337.1   0.0  289   48-337    48-348 (416)
      55 tr|A0A091DWF1|A0A091DWF1_FUKDA 100.0 1.3E-47 1.4E-53  331.0   0.0  285   50-338   156-444 (483)
      56 UniRef100_A0A060X360 G_PROTEIN 100.0 1.3E-47 1.4E-53  339.5   0.0  284   51-337   100-390 (477)
      57 UniRef100_A0A060VSP8 5-hydroxy 100.0 1.4E-47 1.5E-53  346.0   0.0  281   50-338    87-418 (479)
      58 UniRef100_A0A060VVF8 G_PROTEIN 100.0 1.3E-47 1.5E-53  352.0   0.0  283   50-335   139-433 (511)
      59 tr|C3XSP5|C3XSP5_BRAFL Unchara 100.0 1.5E-47 1.6E-53  328.2   0.0  286   50-337    27-328 (403)
      60 UniRef100_A0A061INJ6 Pyrogluta 100.0   2E-47 2.1E-53  355.8   0.0  284   51-334   153-457 (594)
      61 tr|A0A2C9JWF9|A0A2C9JWF9_BIOGL 100.0   2E-47 2.2E-53  341.8   0.0  286   50-337    65-367 (403)
      62 UniRef100_A0A0K0PUI9 Orphan G- 100.0 2.3E-47 2.5E-53  352.2   0.0  285   50-337   101-409 (534)
      63 UniRef100_A0A369RW72 Octopamin 100.0 2.3E-47 2.6E-53  348.5   0.0  275   51-331    55-354 (412)
      64 UniRef100_A0A091DWF1 Somatosta 100.0 3.1E-47 3.2E-53  336.6   0.0  284   50-337   155-442 (523)
      65 UniRef100_A0A087X575 NPY-Y2 re 100.0 3.1E-47 3.3E-53  335.6   0.0  286   50-337    73-373 (426)
      66 tr|A0A1I8PIJ9|A0A1I8PIJ9_STOCA 100.0 3.3E-47 3.4E-53  347.9   0.0  285   50-336   169-468 (680)
      67 UniRef100_A0A2G8KL37 Cholecyst 100.0 3.4E-47 3.6E-53  337.6   0.0  284   51-335    99-430 (493)
      68 UniRef100_A0A2G8L6L1 Putative  100.0 3.7E-47 3.9E-53  333.2   0.0  284   50-337    35-326 (407)
      69 UniRef100_A0A177B9B5 Rhodopsin 100.0 3.8E-47   4E-53  335.7   0.0  282   50-334    90-401 (464)
      70 UniRef100_A0A087UNN0 Neuropept 100.0   4E-47 4.2E-53  337.0   0.0  280   50-331    93-387 (470)
      71 UniRef100_A0A6J8CLU9 HCRTR2 n= 100.0 4.4E-47 4.6E-53  332.2   0.0  287   51-338    53-361 (422)
      72 UniRef100_A0A068YB14 Neuropept 100.0   6E-47 6.5E-53  344.4   0.0  289   49-338    53-355 (448)
      73 tr|A0A1W2W3E6|A0A1W2W3E6_CIOIN 100.0 6.5E-47 6.8E-53  332.5   0.0  287   49-337    56-353 (487)
      74 tr|V8PD93|V8PD93_OPHHA Type-2  100.0 6.4E-47   7E-53  340.5   0.0  283   51-336    76-369 (412)
      75 UniRef100_A0A1S3H6K0 neuropept 100.0 6.7E-47 7.2E-53  346.4   0.0  280   50-330    56-351 (470)
      76 tr|A0A218UJN6|A0A218UJN6_9PASE 100.0 8.7E-47 9.1E-53  318.2   0.0  324    1-382    53-380 (383)
      77 UniRef100_A0A023F668 Putative  100.0 1.1E-46 1.2E-52  332.6   0.0  287   48-336    83-378 (484)
      78 tr|A0A1W4ZX05|A0A1W4ZX05_9TELE 100.0 1.2E-46 1.2E-52  336.7   0.0  289   47-336    66-386 (480)
      79 UniRef100_A0A061A7W5 G_PROTEIN 100.0 1.2E-46 1.3E-52  340.4   0.0  280   49-335    60-358 (473)
      80 tr|A0A1D1UXI1|A0A1D1UXI1_RAMVA 100.0 1.2E-46 1.3E-52  332.8   0.0  287   49-337    80-377 (499)
      81 UniRef100_A0A2B4RHL7 Galanin r 100.0 1.3E-46 1.3E-52  324.5   0.0  278   51-337    33-312 (406)
      82 UniRef100_A0A077Z2H9 Putative  100.0 1.3E-46 1.4E-52  340.4   0.0  282   51-332    72-393 (477)
      83 UniRef100_A0A060W9T7 G_PROTEIN 100.0 1.4E-46 1.5E-52  334.3   0.0  285   49-335   184-472 (616)
      84 UniRef100_A0A060X5Z5 G_PROTEIN 100.0 1.5E-46 1.6E-52  343.6   0.0  276   51-335    84-384 (522)
      85 UniRef100_A0A164MD49 Putative  100.0 1.6E-46 1.7E-52  335.5   0.0  283   53-336    52-396 (498)
      86 tr|W4Z2N2|W4Z2N2_STRPU Unchara 100.0 2.1E-46 2.2E-52  321.2   0.0  288   49-337    55-354 (406)
      87 UniRef100_A0A2B4S0J6 Somatosta 100.0 2.1E-46 2.4E-52  346.7   0.0  282   48-332    81-376 (457)
      88 tr|A0A1V4J9T1|A0A1V4J9T1_PATFA 100.0 2.3E-46 2.4E-52  321.9   0.0  286   49-336    67-356 (461)
      89 UniRef100_A0A1S3J712 QRFP-like 100.0 2.7E-46 2.9E-52  340.0   0.0  277   55-333    72-369 (507)
      90 tr|A0A182G4E1|A0A182G4E1_AEDAL 100.0 2.9E-46 3.1E-52  337.0   0.0  287   49-337    66-372 (534)
      91 UniRef100_A0A3M6T6P4 G_PROTEIN 100.0 3.1E-46 3.4E-52  335.4   0.0  281   56-338    61-357 (465)
      92 UniRef100_A0A068WW83 Allatosta 100.0 3.2E-46 3.5E-52  339.9   0.0  279   47-329    63-347 (432)
      93 tr|A0A1I8M930|A0A1I8M930_MUSDO 100.0 4.1E-46 4.4E-52  353.6   0.0  276   50-332   188-575 (963)
      94 UniRef100_A0A0C9QBK4 GHSR_0 pr 100.0 4.1E-46 4.4E-52  350.4   0.0  284   50-333   172-472 (591)
      95 UniRef100_A0A2H8TNJ5 Neuropept 100.0 4.7E-46 4.9E-52  333.2   0.0  289   49-340   154-456 (528)
      96 UniRef100_A0A0K0PUH1 Orphan G- 100.0 4.7E-46 4.9E-52  321.6   0.0  284   51-336    53-349 (413)
      97 UniRef100_A0A034WDF0 Allatosta 100.0 5.2E-46 5.6E-52  335.2   0.0  285   50-336    95-386 (459)
      98 UniRef100_A0A1D1W534 G_PROTEIN 100.0 5.3E-46 5.8E-52  342.8   0.0  285   52-337    80-435 (492)
      99 tr|A0A0P4XBU7|A0A0P4XBU7_9CRUS 100.0 5.6E-46   6E-52  340.1   0.0  284   50-334    60-414 (557)
     100 UniRef100_A0A1L8FNX2 G_PROTEIN 100.0 5.8E-46 6.2E-52  329.4   0.0  277   50-334    62-342 (400)
     101 UniRef100_A0A3M6U5X4 G_PROTEIN 100.0 6.8E-46 7.3E-52  318.0   0.0  278   50-334    38-319 (339)
     102 UniRef100_A0A026WK40 Cholecyst 100.0 7.6E-46 8.2E-52  347.3   0.0  285   52-337   156-545 (656)
     103 UniRef100_A7RGN9 Predicted pro 100.0 7.9E-46 8.4E-52  315.6   0.0  302   25-334     5-313 (317)
     104 tr|A0A0P7U0M1|A0A0P7U0M1_9TELE 100.0 8.1E-46 8.5E-52  319.9   0.0  285   51-337   102-413 (440)
     105 UniRef100_A0A0A1WLH2 Somatosta 100.0 8.2E-46 8.6E-52  337.3   0.0  288   50-337   216-509 (667)
     106 tr|A0A218VDE9|A0A218VDE9_9PASE 100.0 9.5E-46 9.9E-52  323.7   0.0  278   50-333    23-305 (556)
     107 UniRef100_A0A060X0R7 Uncharact 100.0 9.4E-46 9.9E-52  314.2   0.0  286   48-337    55-344 (383)
     108 UniRef100_A0A0K0PUH3 Allatotro 100.0   1E-45 1.1E-51  323.9   0.0  284   50-336    68-374 (424)
     109 UniRef100_A0A6P4ZPQ5 G-protein 100.0 1.2E-45 1.3E-51  316.8   0.0  288   50-340    42-337 (420)
     110 tr|A0A1I8MQS0|A0A1I8MQS0_MUSDO 100.0 1.2E-45 1.3E-51  338.4   0.0  288   50-337   149-441 (572)
     111 UniRef100_A0A2B4SKX3 Cholecyst 100.0 1.3E-45 1.3E-51  325.9   0.0  277   54-337    75-414 (428)
     112 UniRef100_A0A2B4SC76 Substance 100.0 1.3E-45 1.4E-51  336.3   0.0  313   20-335    21-352 (461)
     113 UniRef100_A0A1V9XU68 Tyramine/ 100.0 1.5E-45 1.6E-51  327.1   0.0  281   49-337    51-355 (408)
     114 UniRef100_A0A151N382 Galanin r 100.0 1.7E-45 1.7E-51  310.8   0.0  285   51-337    31-318 (392)
     115 UniRef100_A0A0K0PUV0 FVRIamide 100.0 1.9E-45 2.1E-51  330.7   0.0  274   51-331    53-374 (458)
     116 UniRef100_A0A0B4LHT6 RYamide r 100.0   2E-45 2.1E-51  333.1   0.0  280   51-333   115-409 (524)
     117 tr|L7LZ94|L7LZ94_9ACAR Putativ 100.0 2.1E-45 2.2E-51  319.4   0.0  287   50-337   102-394 (438)
     118 UniRef100_A0A0L7KZ56 Neuropept 100.0 2.1E-45 2.2E-51  329.3   0.0  282   50-333    86-383 (509)
     119 tr|A0A0P7V5N2|A0A0P7V5N2_9TELE 100.0 2.4E-45 2.6E-51  324.1   0.0  291   50-347    91-413 (468)
     120 UniRef100_A0A0L8HHE2 G_PROTEIN 100.0 2.5E-45 2.7E-51  324.0   0.0  283   54-337     4-301 (385)
     121 UniRef100_A0A023ETT6 Putative  100.0 2.6E-45 2.8E-51  328.3   0.0  287   51-337   154-448 (612)
     122 UniRef100_A0A044T5H8 G_PROTEIN 100.0 3.2E-45 3.4E-51  336.8   0.0  282   50-337   245-570 (693)
     123 UniRef100_A0A060WWU7 G_PROTEIN 100.0 3.3E-45 3.4E-51  326.8   0.0  282   48-336    66-383 (545)
     124 UniRef100_A0A060VV87 Kappa-typ 100.0 3.4E-45 3.5E-51  327.2   0.0  282   52-335   192-477 (586)
     125 UniRef100_A0A1S3KA35 Alpha-1B  100.0 3.4E-45 3.6E-51  333.2   0.0  283   47-337    86-421 (551)
     126 tr|A0A146U732|A0A146U732_FUNHE 100.0 3.7E-45 4.1E-51  348.5   0.0  285   50-334   191-546 (590)
     127 UniRef100_A0A210QT45 G-protein 100.0 3.9E-45 4.1E-51  321.9   0.0  288   50-339    58-361 (472)
     128 UniRef100_A0A068WKU9 Neuropept 100.0 4.1E-45 4.4E-51  324.7   0.0  280   50-333    72-365 (451)
     129 tr|A0A146TL67|A0A146TL67_FUNHE 100.0 3.9E-45 4.4E-51  339.5   0.0  286   50-337    26-406 (442)
     130 UniRef100_A0A1L8GQY3 Alpha-1B  100.0 4.2E-45 4.4E-51  325.6   0.0  284   46-337    42-370 (510)
     131 UniRef100_A0A060XC03 Beta-2 ad 100.0 4.5E-45 4.7E-51  326.1   0.0  285   49-338   101-416 (548)
     132 tr|K1QHX9|K1QHX9_CRAGI Somatos 100.0 4.6E-45 4.9E-51  325.7   0.0  325    9-336     7-340 (456)
     133 tr|A0A2B4RXD1|A0A2B4RXD1_STYPI 100.0 4.9E-45 5.2E-51  318.5   0.0  284   50-337    93-382 (416)
     134 UniRef100_A0A226DFM2 Neuropept 100.0 5.6E-45 5.9E-51  326.3   0.0  286   48-334   103-402 (523)
     135 UniRef100_A0A0L8I310 G_PROTEIN 100.0 6.6E-45 7.1E-51  330.1   0.0  278   54-331    49-364 (468)
     136 UniRef100_A0A0P5DAK4 Orexin re 100.0 7.1E-45 7.5E-51  324.7   0.0  282   51-335   107-430 (505)
     137 UniRef100_A0A6P4YBA8 delta-typ 100.0   7E-45 7.5E-51  320.3   0.0  280   51-335    51-339 (406)
     138 tr|A0A1U7TSJ4|A0A1U7TSJ4_TARSY 100.0 7.6E-45   8E-51  323.7   0.0  285   51-336   213-519 (600)
     139 UniRef100_A0A026WK16 Tachykini 100.0 7.6E-45   8E-51  330.9   0.0  282   51-334   183-480 (641)
     140 UniRef100_A0A060VP48 G_PROTEIN 100.0 7.5E-45 8.2E-51  340.6   0.0  283   50-334   154-449 (580)
     141 tr|A0A0N8JZL4|A0A0N8JZL4_9TELE 100.0 7.7E-45 8.2E-51  322.4   0.0  286   50-336   104-413 (482)
     142 UniRef100_A0A2B4RPR9 Allatosta 100.0   8E-45 8.7E-51  329.7   0.0  284   50-336    47-345 (446)
     143 UniRef100_A0A1D1V5S1 G_PROTEIN 100.0 8.4E-45 8.9E-51  321.4   0.0  283   49-339    55-363 (484)
     144 UniRef100_A0A1V4KIE8 Beta-1 ad 100.0 8.8E-45 9.8E-51  345.0   0.0  277   55-337    34-351 (512)
     145 UniRef100_A0A1S3IX78 RYamide r 100.0 9.2E-45 9.8E-51  319.8   0.0  282   50-333    53-346 (444)
     146 UniRef100_A0A087U880 Neuropept 100.0   1E-44 1.1E-50  319.4   0.0  281   50-333    68-361 (401)
     147 UniRef100_A0A0L8H201 G_PROTEIN 100.0 1.1E-44 1.2E-50  316.0   0.0  286   49-336    84-383 (461)
     148 tr|E0D358|E0D358_HEMPU Dopamin 100.0 1.2E-44 1.2E-50  318.8   0.0  277   51-337    25-330 (435)
     149 UniRef100_A0A0S1YDA0 Neuropept 100.0 1.3E-44 1.4E-50  327.0   0.0  285   51-337    95-394 (509)
     150 UniRef100_A0A060WEJ5 G_PROTEIN 100.0 1.3E-44 1.4E-50  331.0   0.0  279   51-337   114-458 (544)
     151 tr|A0A1I8PG61|A0A1I8PG61_STOCA 100.0 1.4E-44 1.5E-50  333.3   0.0  289   49-337   298-594 (716)
     152 tr|A0A1A8LLP2|A0A1A8LLP2_9TELE 100.0 1.4E-44 1.5E-50  316.7   0.0  281   49-337    92-399 (455)
     153 UniRef100_A0A060XP11 G_PROTEIN 100.0 1.5E-44 1.6E-50  326.4   0.0  281   47-335    87-392 (497)
     154 UniRef100_A0A087REY1 NPY-Y2 re 100.0 1.6E-44 1.7E-50  325.6   0.0  286   50-337   186-480 (599)
     155 UniRef100_UPI0001CB9B44 somato 100.0 1.7E-44 1.7E-50  301.2   0.0  285   53-337    30-318 (365)
     156 UniRef100_A0A0N1PGA0 Octopamin 100.0 1.9E-44   2E-50  326.7   0.0  280   52-338   109-495 (547)
     157 UniRef100_A0A0L8GIM4 G_PROTEIN 100.0 2.1E-44 2.3E-50  332.2   0.0  279   51-331    97-391 (481)
     158 UniRef100_A0A0P0YUU8 Cannabino 100.0 2.2E-44 2.3E-50  321.9   0.0  284   54-337    86-419 (496)
     159 UniRef100_A0A2B4SVC4 Dopamine  100.0 2.2E-44 2.4E-50  317.8   0.0  261   54-334    59-329 (397)
     160 UniRef100_A0A060WMC3 Alpha-1D  100.0 2.4E-44 2.5E-50  321.6   0.0  280   50-337   110-434 (564)
     161 UniRef100_A0A060X0P4 G_PROTEIN 100.0 2.3E-44 2.5E-50  328.1   0.0  284   49-332   137-428 (513)
     162 tr|A0A218UB83|A0A218UB83_9PASE 100.0 2.4E-44 2.6E-50  326.2   0.0  283   47-337   190-514 (631)
     163 tr|A0A1D2NMB6|A0A1D2NMB6_ORCCI 100.0 2.5E-44 2.6E-50  321.0   0.0  284   51-336   152-451 (520)
     164 tr|A0A0L0BYA7|A0A0L0BYA7_LUCCU 100.0 2.5E-44 2.6E-50  323.3   0.0  278   51-336   311-627 (678)
     165 UniRef100_A0A0N0PF28 Orexin re 100.0 2.5E-44 2.7E-50  325.7   0.0  285   51-338   137-462 (588)
     166 tr|A0A1D2MSE1|A0A1D2MSE1_ORCCI 100.0 2.5E-44 2.7E-50  331.7   0.0  284   50-335   110-406 (615)
     167 tr|T1KPP2|T1KPP2_TETUR Unchara 100.0 2.7E-44 2.8E-50  319.4   0.0  283   49-337   150-438 (477)
     168 UniRef100_A0A023FH63 Putative  100.0 2.8E-44   3E-50  327.5   0.0  282   50-340   125-445 (563)
     169 UniRef100_A0A3B4UE11 Si:zfos-1 100.0   3E-44 3.2E-50  308.6   0.0  283   50-338    65-353 (441)
     170 tr|A0A0S0WMT8|A0A0S0WMT8_DROME 100.0 3.3E-44 3.4E-50  318.4   0.0  287   51-337   146-438 (593)
     171 UniRef100_A0A016T103 G_PROTEIN 100.0 3.3E-44 3.5E-50  332.1   0.0  274   55-337   115-477 (605)
     172 UniRef100_A0A0N0PEL7 Tachykini 100.0 3.3E-44 3.6E-50  317.1   0.0  284   52-337    57-356 (454)
     173 UniRef100_A0A2B4RFH8 Neuropept 100.0 3.3E-44 3.7E-50  331.6   0.0  284   52-336    66-367 (439)
     174 UniRef100_A0A6P4ZN87 somatosta 100.0 3.6E-44 3.8E-50  312.4   0.0  284   51-336    33-329 (391)
     175 UniRef100_A0A2G8JR46 Putative  100.0 3.8E-44 4.2E-50  325.1   0.0  276   54-335    66-356 (411)
     176 UniRef100_A0A3M6UKX8 G_PROTEIN 100.0 4.2E-44 4.6E-50  327.8   0.0  288   51-338   119-423 (487)
     177 tr|A0A218UWX7|A0A218UWX7_9PASE 100.0 4.4E-44 4.7E-50  317.5   0.0  284   50-335    40-340 (474)
     178 UniRef100_A0A3M6TKX3 G_PROTEIN 100.0 4.4E-44 4.8E-50  320.3   0.0  287   48-337    73-376 (427)
     179 UniRef100_A0A6G8J3P5 Melanin-c 100.0 5.3E-44 5.5E-50  312.0   0.0  285   49-336    60-352 (460)
     180 UniRef100_A0A3M6UME8 G_PROTEIN 100.0 5.5E-44 5.9E-50  315.0   0.0  282   48-336    37-326 (383)
     181 UniRef100_A0A0K0PUH0 Orphan G- 100.0 5.6E-44 6.1E-50  332.7   0.0  277   52-330   138-468 (583)
     182 UniRef100_A0A1I8HKX2 G_PROTEIN 100.0 5.9E-44 6.3E-50  318.6   0.0  279   50-337    40-413 (442)
     183 UniRef100_A0A2B4SE17 Substance 100.0 5.8E-44 6.4E-50  329.7   0.0  285   49-334    63-364 (467)
     184 UniRef100_A0A2B4S4U3 Beta-2 ad 100.0 6.1E-44 6.5E-50  308.8   0.0  281   53-337    31-323 (372)
     185 UniRef100_A0A0K0PUK8 FMRFamide 100.0 6.2E-44 6.7E-50  327.7   0.0  288   51-339    59-357 (471)
     186 UniRef100_A0A2B4RGU4 5-hydroxy 100.0 6.6E-44 7.2E-50  331.0   0.0  280   50-335    65-370 (478)
     187 tr|A0A2B4SKI0|A0A2B4SKI0_STYPI 100.0 6.8E-44 7.3E-50  321.1   0.0  280   50-335    97-398 (458)
     188 tr|A0A1A8EW90|A0A1A8EW90_9TELE 100.0 6.9E-44 7.3E-50  310.5   0.0  284   49-334    43-332 (444)
     189 tr|W4YJK4|W4YJK4_STRPU Unchara 100.0 6.9E-44 7.4E-50  318.4   0.0  284   46-338    65-372 (446)
     190 UniRef100_A0A061IN14 NK-3 rece 100.0   7E-44 7.4E-50  327.7   0.0  284   51-336   234-524 (662)
     191 tr|A0A232F0R3|A0A232F0R3_9HYME 100.0 7.1E-44 7.4E-50  310.5   0.0  284   49-337   102-425 (458)
     192 UniRef100_A0A210QSD7 Octopamin 100.0 7.4E-44   8E-50  320.7   0.0  282   48-337    55-418 (423)
     193 tr|A0A0P5PA10|A0A0P5PA10_9CRUS 100.0 7.8E-44 8.1E-50  322.5   0.0  278   53-333   149-443 (705)
     194 tr|A0A2B4SID7|A0A2B4SID7_STYPI 100.0 7.7E-44 8.4E-50  322.8   0.0  284   50-336    31-328 (422)
     195 UniRef100_A0A026WIP6 Cholecyst 100.0   8E-44 8.6E-50  332.2   0.0  289   49-337   169-531 (636)
     196 UniRef100_A0A1D1VDY3 G_PROTEIN 100.0 8.3E-44 8.8E-50  322.4   0.0  283   54-337   137-448 (557)
     197 tr|A0A0S1YD80|A0A0S1YD80_CHISP 100.0 8.4E-44 8.8E-50  316.4   0.0  284   51-337   165-466 (513)
     198 UniRef100_A0A087YQK7 Adrenocep 100.0   9E-44 9.5E-50  321.9   0.0  278   54-337   133-453 (617)
     199 UniRef100_A0A6S7JE64 Neuropept 100.0 9.6E-44   1E-49  313.8   0.0  282   50-335    34-321 (412)
     200 UniRef100_A0A6P8IFK2 neuromedi 100.0 9.9E-44 1.1E-49  308.5   0.0  286   50-338    25-324 (363)
     201 UniRef100_A0A401NJB3 G_PROTEIN 100.0 1.1E-43 1.1E-49  316.8   0.0  281   51-337    42-361 (517)
     202 tr|A0A131ZXP6|A0A131ZXP6_SARSC 100.0 1.2E-43 1.2E-49  309.2   0.0  287   51-337   123-414 (480)
     203 UniRef100_A0A084WFJ7 AGAP00011 100.0 1.2E-43 1.3E-49  320.5   0.0  285   50-340    87-385 (519)
     204 tr|W5JTF9|W5JTF9_ANODA Somatos 100.0 1.3E-43 1.3E-49  315.4   0.0  287   51-337    55-349 (526)
     205 UniRef100_A0A0L8FP69 G_PROTEIN 100.0 1.3E-43 1.4E-49  310.0   0.0  284   54-337    52-343 (488)
     206 UniRef100_A0A6P4Z684 G-protein 100.0 1.3E-43 1.4E-49  309.3   0.0  287   50-337    51-348 (425)
     207 UniRef100_A0A4D9EQQ5 Enolase-l 100.0 1.4E-43 1.4E-49  300.9   0.0  285   49-337   145-433 (472)
     208 tr|A7SD89|A7SD89_NEMVE Predict 100.0 1.5E-43 1.5E-49  299.1   0.0  278   53-337    40-332 (355)
     209 UniRef100_A0A6P3IMR0 somatosta 100.0 1.6E-43 1.7E-49  307.1   0.0  285   51-337   198-487 (524)
     210 UniRef100_A0A7M7SYV2 G_PROTEIN 100.0 1.6E-43 1.7E-49  322.2   0.0  275   55-338    72-402 (630)
     211 UniRef100_A0A0L8I0T4 G_PROTEIN 100.0 1.6E-43 1.7E-49  319.4   0.0  280   51-336   134-497 (554)
     212 tr|A0A067RDC3|A0A067RDC3_ZOONE 100.0 1.7E-43 1.8E-49  321.3   0.0  290   47-338    68-366 (506)
     213 UniRef100_A0A0N7ZAP9 G_PROTEIN 100.0 1.7E-43 1.8E-49  315.6   0.0  287   47-337    73-368 (421)
     214 UniRef100_A0A193KU97 GCR058 n= 100.0 1.7E-43 1.8E-49  305.2   0.0  285   51-337    26-333 (379)
     215 UniRef100_A0A084WIC4 Short neu 100.0 1.8E-43 1.9E-49  318.1   0.0  287   49-337    91-388 (551)
     216 tr|T1JU75|T1JU75_TETUR Unchara 100.0 1.9E-43   2E-49  317.9   0.0  287   50-336   143-436 (728)
     217 tr|A0A0F8AVG0|A0A0F8AVG0_LARCR 100.0   2E-43 2.1E-49  310.8   0.0  285   52-337    57-345 (544)
     218 UniRef100_A0A3M6UAU0 G_PROTEIN 100.0   2E-43 2.1E-49  319.4   0.0  284   51-336    36-330 (552)
     219 tr|B4KC34|B4KC34_DROMO Unchara 100.0 2.2E-43 2.3E-49  324.4   0.0  281   51-333   193-490 (670)
     220 tr|A0A147AUP2|A0A147AUP2_FUNHE 100.0 2.2E-43 2.3E-49  316.9   0.0  264   52-317   122-389 (482)
     221 UniRef100_A0A060X1U9 G_PROTEIN 100.0 2.3E-43 2.5E-49  321.0   0.0  280   47-334   135-456 (633)
     222 UniRef100_A0A087XT11 Alpha-1B  100.0 2.5E-43 2.6E-49  315.4   0.0  283   47-337    76-406 (622)
     223 UniRef100_A0A2B4RHY9 Pyrogluta 100.0 2.4E-43 2.7E-49  326.8   0.0  280   51-336    82-372 (455)
     224 UniRef100_A0A067RDC3 Prolactin 100.0 2.5E-43 2.7E-49  316.5   0.0  286   47-334    61-355 (541)
     225 UniRef100_A0A1J1I7G5 CLUMA_CG0 100.0 2.8E-43 2.9E-49  313.3   0.0  283   51-335    77-373 (500)
     226 UniRef100_A0A023F4J9 Putative  100.0 2.8E-43   3E-49  321.7   0.0  282   50-338   156-495 (588)
     227 UniRef100_A0A2B4R9G2 Melatonin 100.0 2.8E-43 3.1E-49  326.9   0.0  279   51-336    81-367 (461)
     228 tr|A0A1V4KUV7|A0A1V4KUV7_PATFA 100.0 3.3E-43 3.4E-49  302.1   0.0  284   51-337   119-412 (450)
     229 UniRef100_A0A096NAQ2 Cholecyst 100.0 3.5E-43 3.7E-49  319.1   0.0  284   54-338   154-504 (617)
     230 UniRef100_A0A068WVN8 Biogenic  100.0 3.5E-43 3.7E-49  327.4   0.0  283   49-337   119-509 (641)
     231 tr|A0A1S3IXU4|A0A1S3IXU4_LINUN 100.0 3.7E-43 3.9E-49  307.2   0.0  282   50-336    57-346 (440)
     232 tr|A0A146NR64|A0A146NR64_FUNHE 100.0 3.7E-43 3.9E-49  307.2   0.0  284   50-335   119-420 (449)
     233 tr|A0A1S3FYW5|A0A1S3FYW5_DIPOR 100.0 3.9E-43 4.1E-49  298.0   0.0  281   54-337    73-360 (385)
     234 tr|A0A182QHF8|A0A182QHF8_9DIPT 100.0 3.9E-43 4.1E-49  314.0   0.0  288   48-337    98-408 (581)
     235 UniRef100_A0A026W4F0 Octopamin 100.0 3.9E-43 4.1E-49  306.8   0.0  285   49-340    54-398 (445)
     236 UniRef100_A0A1D2M255 Somatosta 100.0 4.1E-43 4.3E-49  301.1   0.0  281   52-333    37-321 (382)
     237 tr|C3XVU5|C3XVU5_BRAFL Unchara 100.0 4.3E-43 4.5E-49  305.9   0.0  297   48-347    59-368 (439)
     238 tr|A0A139WLV7|A0A139WLV7_TRICA 100.0 4.5E-43 4.7E-49  322.1   0.0  287   48-337   396-699 (792)
     239 UniRef100_A0A060YTK2 Uncharact 100.0 4.6E-43 4.8E-49  304.7   0.0  285   50-336    84-379 (447)
     240 tr|B4JN40|B4JN40_DROGR GH24210 100.0   5E-43 5.3E-49  308.0   0.0  283   50-334   116-407 (436)
     241 tr|A0A151NBW9|A0A151NBW9_ALLMI 100.0 5.1E-43 5.4E-49  310.9   0.0  287   51-338    81-394 (472)
     242 UniRef100_A0A0L8H5P3 G_PROTEIN 100.0 5.1E-43 5.4E-49  313.5   0.0  281   48-338    72-375 (496)
     243 tr|K7GCC3|K7GCC3_PELSI Adrenoc 100.0 5.3E-43 5.6E-49  307.2   0.0  282   50-337    41-365 (488)
     244 UniRef100_A0A2B4S7A4 Alpha-1A  100.0 5.3E-43 5.6E-49  309.6   0.0  259   53-333    42-307 (392)
     245 UniRef100_A0A210QHM7 G-protein 100.0 5.5E-43 5.9E-49  315.4   0.0  287   50-338    79-378 (492)
     246 UniRef100_A0A087QH27 C-C chemo 100.0   6E-43 6.5E-49  328.1   0.0  280   49-337   199-486 (591)
     247 tr|M7AFW2|M7AFW2_CHEMY Urotens 100.0 6.3E-43 6.5E-49  299.9   0.0  285   88-378     4-294 (446)
     248 UniRef100_A0A084VLD5 AGAP00422 100.0 6.2E-43 6.5E-49  317.4   0.0  279   49-336   242-596 (695)
     249 UniRef100_A0A067RG65 Neuropept 100.0 6.4E-43 6.8E-49  312.8   0.0  284   50-334    87-393 (509)
     250 UniRef100_A0A1L8HHP3 G_PROTEIN 100.0 6.6E-43   7E-49  302.3   0.0  286   49-337    44-341 (370)
     251 tr|A0A0P6IZB8|A0A0P6IZB8_9CRUS 100.0 6.7E-43   7E-49  312.3   0.0  287   50-338   202-497 (559)
     252 tr|A0A147AZW9|A0A147AZW9_FUNHE 100.0 6.5E-43 7.1E-49  322.8   0.0  283   50-334    85-432 (468)
     253 UniRef100_A0A023F452 Putative  100.0   7E-43 7.5E-49  321.1   0.0  283   47-336   136-539 (660)
     254 UniRef100_A0A3B4VB96 Beta-2 ad 100.0 7.3E-43 7.7E-49  308.5   0.0  278   51-334    53-360 (464)
     255 tr|A0A2B4SUH3|A0A2B4SUH3_STYPI 100.0 7.3E-43 7.8E-49  308.7   0.0  278   54-337    29-333 (385)
     256 ERR1719361_2001115             100.0 7.5E-43   8E-49  309.0   0.0  289   48-338    22-327 (415)
     257 UniRef100_A0A3M6TAE6 G_PROTEIN 100.0 8.2E-43 8.7E-49  311.4   0.0  269   51-337    92-370 (443)
     258 UniRef100_A0A026WC04 Dopamine  100.0   9E-43 9.4E-49  304.6   0.0  283   49-340    76-402 (468)
     259 UniRef100_A0A3M6TPP0 G_PROTEIN 100.0 8.8E-43 9.5E-49  314.2   0.0  280   50-335    50-354 (424)
     260 UniRef100_A0A0K0PUK6 Orphan G- 100.0   9E-43 9.5E-49  304.8   0.0  283   54-337    70-375 (448)
     261 tr|V8NQN2|V8NQN2_OPHHA G-prote 100.0 9.3E-43 9.7E-49  319.7   0.0  277   51-336   304-588 (840)
     262 UniRef100_A0A026VXG0 Octopamin 100.0 9.5E-43   1E-48  321.5   0.0  279   47-332    78-537 (647)
     263 tr|A0A1A9ZAD8|A0A1A9ZAD8_GLOPL 100.0 9.8E-43   1E-48  309.2   0.0  284   51-336   123-422 (574)
     264 UniRef100_A0A2B4SVS8 Neuropept 100.0 9.6E-43   1E-48  318.6   0.0  285   50-337    88-384 (480)
     265 tr|A0A182FUW3|A0A182FUW3_ANOAL 100.0   1E-42 1.1E-48  315.6   0.0  286   52-337   197-488 (666)
     266 tr|A0A2H1W6Q0|A0A2H1W6Q0_SPOFR 100.0 1.1E-42 1.1E-48  309.6   0.0  288   48-337    68-365 (466)
     267 tr|A0A0P7V0U8|A0A0P7V0U8_9TELE 100.0 1.1E-42 1.1E-48  298.5   0.0  286   50-337    85-376 (439)
     268 tr|F7E6B1|F7E6B1_MONDO Tachyki 100.0 1.2E-42 1.2E-48  304.4   0.0  284   51-336    95-385 (475)
     269 UniRef100_A0A087QH91 Melanopsi 100.0 1.2E-42 1.2E-48  319.1   0.0  282   51-336   104-400 (629)
     270 tr|A7S585|A7S585_NEMVE Predict 100.0 1.2E-42 1.3E-48  305.6   0.0  285   51-337    25-327 (374)
     271 UniRef100_A0A0P7Y8S7 Nocicepti 100.0 1.2E-42 1.3E-48  299.9   0.0  282   50-333   119-404 (467)
     272 UniRef100_A0A0H3YI86 Pyrokinin 100.0 1.2E-42 1.3E-48  319.1   0.0  281   50-333    83-396 (510)
     273 tr|A0A060XRS0|A0A060XRS0_ONCMY 100.0 1.2E-42 1.3E-48  321.8   0.0  284   46-337    51-377 (900)
     274 UniRef100_A0A087UP46 5-hydroxy 100.0 1.2E-42 1.3E-48  308.4   0.0  279   50-336    45-401 (472)
     275 tr|A0A091CRU0|A0A091CRU0_FUKDA 100.0 1.3E-42 1.4E-48  321.2   0.0  280   49-337   407-694 (720)
     276 UniRef100_A0A060Y7B7 G_PROTEIN 100.0 1.4E-42 1.4E-48  315.8   0.0  280   50-337   115-551 (560)
     277 UniRef100_A0A2B4RXD1 Neuropept 100.0 1.4E-42 1.5E-48  310.4   0.0  283   51-337    95-384 (461)
     278 tr|A0A0L0C8J1|A0A0L0C8J1_LUCCU 100.0 1.5E-42 1.5E-48  312.3   0.0  286   51-336   226-519 (661)
     279 UniRef100_A0A7M7HFU8 G_PROTEIN 100.0 1.4E-42 1.5E-48  315.7   0.0  280   50-335    64-364 (423)
     280 tr|A0A131XUY2|A0A131XUY2_IXORI 100.0 1.5E-42 1.5E-48  304.5   0.0  281   51-336   162-447 (560)
     281 UniRef100_A0A060X6T3 G_PROTEIN 100.0 1.5E-42 1.6E-48  310.5   0.0  280   50-337    89-415 (550)
     282 tr|A0A147AMP5|A0A147AMP5_FUNHE 100.0 1.5E-42 1.6E-48  322.4   0.0  278   49-335    30-427 (475)
     283 UniRef100_A0A146M155 Neuropept 100.0 1.6E-42 1.7E-48  310.6   0.0  282   51-333    54-360 (488)
     284 tr|A0A1V4J9K1|A0A1V4J9K1_PATFA 100.0 1.7E-42 1.7E-48  320.0   0.0  285   50-338   320-610 (939)
     285 UniRef100_A0A060VNF4 G_PROTEIN 100.0 1.6E-42 1.7E-48  314.7   0.0  285   49-335   129-431 (566)
     286 tr|A0A212EZN3|A0A212EZN3_DANPL 100.0 1.7E-42 1.8E-48  307.5   0.0  286   50-337    54-356 (488)
     287 UniRef100_A0A2B4SQU8 Orexin re 100.0 1.7E-42 1.8E-48  297.6   0.0  282   51-337    37-348 (370)
     288 UniRef100_A0A087X781 Alpha-2Db 100.0 1.8E-42 1.9E-48  306.5   0.0  282   48-336    64-493 (495)
     289 UniRef100_A0A060VTR1 G_PROTEIN 100.0 1.8E-42 1.9E-48  313.7   0.0  283   47-337   116-442 (619)
     290 tr|A0A1V4KKE4|A0A1V4KKE4_PATFA 100.0 1.9E-42   2E-48  311.4   0.0  283   50-334   405-691 (724)
     291 UniRef100_A0A060WGF3 B2 bradyk 100.0 1.9E-42   2E-48  322.3   0.0  280   52-333   161-449 (589)
     292 tr|A0A2B4SAJ4|A0A2B4SAJ4_STYPI 100.0 1.9E-42 2.1E-48  308.3   0.0  277   51-331    29-329 (434)
     293 UniRef100_E9HAW0 G_PROTEIN_REC 100.0   2E-42 2.1E-48  300.6   0.0  317    9-331    20-352 (393)
     294 UniRef100_A0A060XMX0 NPY-Y2 re 100.0 2.1E-42 2.2E-48  299.3   0.0  284   51-336   124-415 (452)
     295 tr|A0A232F8D2|A0A232F8D2_9HYME 100.0 2.1E-42 2.2E-48  305.8   0.0  284   48-334    69-369 (478)
     296 UniRef100_A0A0A7KUZ5 Opsin 5 n 100.0 2.2E-42 2.3E-48  309.4   0.0  279   51-333    53-342 (407)
     297 UniRef100_A0A026WCQ7 Tyramine  100.0 2.3E-42 2.4E-48  326.7   0.0  275   52-337   185-589 (665)
     298 tr|A0A182L9N8|A0A182L9N8_9DIPT 100.0 2.3E-42 2.5E-48  310.0   0.0  285   51-337    89-384 (490)
     299 tr|S7PUA8|S7PUA8_MYOBR C-C che 100.0 2.4E-42 2.6E-48  316.6   0.0  278   49-335   281-566 (603)
     300 UniRef100_A0A026VW91 Neuropept 100.0 2.7E-42 2.8E-48  303.0   0.0  286   49-335   187-486 (582)
     301 tr|A0A0V1MVC7|A0A0V1MVC7_9BILA 100.0 2.8E-42 2.9E-48  313.3   0.0  284   50-335    80-378 (598)
     302 UniRef100_A0A024R2Q0 Chemokine 100.0 2.8E-42   3E-48  313.2   0.0  282   49-337   155-445 (499)
     303 tr|A0A2B4SSL5|A0A2B4SSL5_STYPI 100.0 2.9E-42   3E-48  292.2   0.0  284   51-337    22-311 (344)
     304 UniRef100_A0A091R746 Beta-1 ad 100.0 2.9E-42 3.1E-48  309.9   0.0  278   53-336   137-453 (572)
     305 UniRef100_UPI001401E428 uroten 100.0 3.2E-42 3.3E-48  296.4   0.0  335   42-377   196-557 (566)
     306 UniRef100_A0A016SJ65 Thyrolibe 100.0 3.1E-42 3.4E-48  313.7   0.0  280   50-333    83-394 (479)
     307 UniRef100_A0A0S1YD99 Neuropept 100.0 3.4E-42 3.6E-48  297.5   0.0  282   52-336    77-373 (423)
     308 tr|A0A0L8FIS6|A0A0L8FIS6_OCTBM 100.0 3.5E-42 3.7E-48  305.6   0.0  282   52-337    92-422 (485)
     309 UniRef100_A0A060W9S7 Mu-type o 100.0 3.5E-42 3.7E-48  309.4   0.0  287   48-335   150-440 (605)
     310 tr|J9JRI9|J9JRI9_ACYPI Unchara 100.0 3.6E-42 3.7E-48  302.2   0.0  285   51-337    35-335 (490)
     311 UniRef100_A0A096MAY6 Alpha-1B  100.0 3.6E-42 3.8E-48  301.9   0.0  284   46-337    42-375 (489)
     312 tr|A0A1S3NPB2|A0A1S3NPB2_SALSA 100.0 3.8E-42   4E-48  301.5   0.0  284   51-336    40-332 (443)
     313 UniRef100_A0A091DZ91 Kappa-typ 100.0   4E-42 4.2E-48  299.0   0.0  285   50-336    74-363 (471)
     314 tr|A0A0A7RC79|A0A0A7RC79_RHOPR 100.0 4.1E-42 4.3E-48  297.6   0.0  286   49-336    74-374 (404)
     315 UniRef100_A0A1S3QIU7 Urotensin 100.0 4.3E-42 4.5E-48  289.1   0.0  280   47-326    39-330 (357)
     316 tr|A0A2B4RSD1|A0A2B4RSD1_STYPI 100.0 4.2E-42 4.6E-48  314.1   0.0  279   52-337    52-383 (430)
     317 tr|A0A1I8N820|A0A1I8N820_MUSDO 100.0 4.4E-42 4.6E-48  315.5   0.0  282   49-338   303-640 (880)
     318 tr|J9K651|J9K651_ACYPI Unchara 100.0 4.6E-42 4.9E-48  298.9   0.0  287   51-340    90-390 (440)
     319 UniRef100_A0A7M7HKI1 G_PROTEIN 100.0 4.6E-42   5E-48  307.6   0.0  280   54-337    43-337 (418)
     320 UniRef100_A0A068AZY5 Octopamin 100.0 4.6E-42   5E-48  333.5   0.0  182   50-235   173-357 (723)
     321 ERR1719510_236906              100.0   5E-42 5.4E-48  314.8   0.0  286   50-337    82-375 (577)
     322 UniRef100_A0A024FLZ5 PQRFa pep 100.0 5.2E-42 5.5E-48  300.8   0.0  284   49-333    56-349 (416)
     323 UniRef100_A0A6P4YCQ0 somatosta 100.0 5.5E-42 5.6E-48  287.8   0.0  283   50-335    70-366 (428)
     324 UniRef100_A0A1S3J8T4 5-hydroxy 100.0 5.3E-42 5.7E-48  309.1   0.0  282   49-334    99-395 (468)
     325 UniRef100_A0A068YA15 Neuropept 100.0 5.4E-42 5.8E-48  307.1   0.0  286   46-331    68-391 (510)
     326 tr|A7RVQ0|A7RVQ0_NEMVE Predict 100.0 5.4E-42 5.8E-48  305.2   0.0  286   52-337    30-333 (398)
     327 tr|A0A210QY69|A0A210QY69_MIZYE 100.0 5.9E-42 6.2E-48  292.5   0.0  286   49-337    85-379 (400)
     328 tr|T1KTS6|T1KTS6_TETUR Unchara 100.0 6.1E-42 6.4E-48  308.5   0.0  281   50-333   119-416 (587)
     329 UniRef100_A0A0N1IB59 Orexin re 100.0 6.2E-42 6.5E-48  303.1   0.0  281   52-335   130-451 (546)
     330 tr|A0A0P7TYE1|A0A0P7TYE1_9TELE 100.0 6.2E-42 6.5E-48  304.0   0.0  285   55-340   128-478 (507)
     331 UniRef100_A0A067R4E0 Tachykini 100.0 6.2E-42 6.6E-48  300.9   0.0  282   50-333    49-342 (396)
     332 UniRef100_A0A132AJH3 7 transme 100.0 6.3E-42 6.8E-48  307.9   0.0  280   54-333    72-384 (447)
     333 UniRef100_A0A0P7U357 Apelin re 100.0 6.4E-42 6.8E-48  300.7   0.0  282   49-336    56-344 (401)
     334 UniRef100_A0A059ZY04 Angiotens 100.0 6.6E-42 7.1E-48  315.4   0.0  278   50-336   168-455 (546)
     335 UniRef100_UPI000219022F Endoly 100.0 6.9E-42 7.2E-48  299.5   0.0  282   50-337   200-488 (507)
     336 tr|A0A226N2C0|A0A226N2C0_CALSU 100.0 7.1E-42 7.4E-48  302.7   0.0  286   48-337   222-522 (569)
     337 UniRef100_A0A061IAU9 Gastric r 100.0 7.1E-42 7.5E-48  307.5   0.0  283   47-337   111-408 (588)
     338 tr|H2Q292|H2Q292_PANTR Unchara 100.0 7.2E-42 7.6E-48  299.8   0.0  283   50-338    81-406 (492)
     339 tr|A0A2B4RYF4|A0A2B4RYF4_STYPI 100.0 7.4E-42 7.9E-48  297.8   0.0  281   51-336    25-312 (402)
     340 tr|A7SIX0|A7SIX0_NEMVE Predict 100.0 7.8E-42 8.2E-48  297.5   0.0  285   50-336    24-319 (403)
     341 UniRef100_A0A087R2J6 Neuropept 100.0 7.9E-42 8.4E-48  311.6   0.0  283   51-334   213-518 (638)
     342 UniRef100_A0A060W5H6 G_PROTEIN 100.0 7.9E-42 8.5E-48  313.8   0.0  281   49-333    85-385 (528)
     343 UniRef100_F6SEF7 G_PROTEIN_REC 100.0 8.2E-42 8.8E-48  291.6   0.0  283   48-332    38-334 (337)
     344 UniRef100_UPI000B911B64 melato 100.0 8.1E-42 8.8E-48  306.5   0.0  277   52-336    30-345 (381)
     345 UniRef100_A0A060W247 Cholecyst 100.0 8.4E-42   9E-48  310.1   0.0  285   54-339   131-480 (563)
     346 UniRef100_A0A087XI41 Mu-type o 100.0 8.7E-42   9E-48  297.4   0.0  284   49-334   151-438 (537)
     347 UniRef100_A0A060WAG3 G_PROTEIN 100.0 8.6E-42   9E-48  307.5   0.0  281   50-337   122-501 (550)
     348 tr|A0A1S3L0J1|A0A1S3L0J1_SALSA 100.0 8.7E-42 9.2E-48  304.1   0.0  277   51-335    76-405 (533)
     349 UniRef100_A0A0E3EKU4 Allatotro 100.0 9.1E-42 9.6E-48  301.6   0.0  282   53-337   134-433 (562)
     350 UniRef100_A0A0A1XP15 Neuropept 100.0 9.1E-42 9.6E-48  295.4   0.0  284   51-336    72-374 (421)
     351 UniRef100_A0A6P8HUK6 melatonin 100.0 9.2E-42 9.7E-48  292.6   0.0  288   48-341    25-326 (374)
     352 UniRef100_UPI0003F07467 orexin 100.0 9.9E-42   1E-47  307.3   0.0  279   53-332    80-412 (535)
     353 tr|A0A146TP77|A0A146TP77_FUNHE 100.0 9.6E-42   1E-47  317.2   0.0  280   51-337    47-425 (522)
     354 UniRef100_A0A061QHX0 Putative  100.0   1E-41 1.1E-47  313.7   0.0  280   49-337   131-509 (563)
     355 tr|A0A0P6C571|A0A0P6C571_9CRUS 100.0 1.1E-41 1.1E-47  301.0   0.0  286   52-337    57-447 (558)
     356 tr|A0A1W4X208|A0A1W4X208_AGRPL 100.0 1.1E-41 1.1E-47  298.2   0.0  283   51-335    95-393 (467)
     357 tr|A0A287CUD4|A0A287CUD4_ICTTR 100.0 1.1E-41 1.2E-47  297.7   0.0  283   47-337    15-309 (478)
     358 UniRef100_A0A6A7G2U4 Octopamin 100.0 1.1E-41 1.2E-47  304.4   0.0  289   46-340   166-516 (574)
     359 tr|A0A1A8K3T1|A0A1A8K3T1_NOTKU 100.0 1.1E-41 1.2E-47  305.1   0.0  283   47-336    45-485 (621)
     360 UniRef100_A0A2G8KMT5 G_PROTEIN 100.0 1.1E-41 1.2E-47  300.9   0.0  268   56-333    42-325 (402)
     361 UniRef100_A0A060YB93 G_PROTEIN 100.0 1.3E-41 1.3E-47  291.2   0.0  285   48-338    56-346 (480)
     362 UniRef100_A0A0P7U0M1 Galanin r 100.0 1.3E-41 1.3E-47  292.4   0.0  285   50-337   140-436 (475)
     363 UniRef100_A0A087VAK8 Somatosta 100.0 1.4E-41 1.4E-47  286.0   0.0  285   49-337    60-350 (384)
     364 tr|A0A151ITZ3|A0A151ITZ3_9HYME 100.0 1.4E-41 1.5E-47  302.2   0.0  286   51-337    68-421 (481)
     365 UniRef100_A0A3B4ZUM6 Mu-type o 100.0 1.4E-41 1.5E-47  301.1   0.0  283   50-334   170-457 (597)
     366 UniRef100_A0A2B4SYG2 5-hydroxy 100.0 1.4E-41 1.5E-47  296.6   0.0  280   51-338    30-319 (376)
     367 UniRef100_A0A0P5DS31 Neuropept 100.0 1.5E-41 1.5E-47  294.8   0.0  288   50-340    85-387 (482)
     368 tr|A0A2D0SD29|A0A2D0SD29_ICTPU 100.0 1.5E-41 1.6E-47  299.5   0.0  274   51-332     5-305 (420)
     369 tr|A0A0R4IQ19|A0A0R4IQ19_DANRE 100.0 1.5E-41 1.6E-47  288.4   0.0  286   50-337    55-349 (384)
     370 tr|A0A182U1B5|A0A182U1B5_9DIPT 100.0 1.5E-41 1.6E-47  307.1   0.0  285   50-336    39-344 (620)
     371 UniRef100_A0A060VWI9 G_PROTEIN 100.0 1.5E-41 1.6E-47  306.8   0.0  276   55-336    65-395 (579)
     372 UniRef100_A0A3M6T9C5 G_PROTEIN 100.0 1.5E-41 1.6E-47  304.4   0.0  286   50-336    58-360 (402)
     373 UniRef100_A0A2B4SJE7 Orexin re 100.0 1.5E-41 1.6E-47  308.1   0.0  280   50-333   134-429 (517)
     374 tr|A0A1L8HND2|A0A1L8HND2_XENLA 100.0 1.6E-41 1.7E-47  299.8   0.0  289   48-337   126-429 (452)
     375 UniRef100_A0A6P8HX63 probable  100.0 1.5E-41 1.7E-47  305.9   0.0  275   51-337    58-362 (407)
     376 UniRef100_A0A678XEL8 Trace ami 100.0 1.6E-41 1.7E-47  306.7   0.0  279   54-337    59-358 (523)
     377 tr|F1R2F3|F1R2F3_DANRE Neurope 100.0 1.7E-41 1.8E-47  308.8   0.0  285   50-335   402-692 (731)
     378 UniRef100_A0A0P6J0T1 Putative  100.0 1.7E-41 1.8E-47  316.4   0.0  288   46-335    98-409 (735)
     379 tr|A0A210R0K7|A0A210R0K7_MIZYE 100.0 1.8E-41 1.9E-47  297.7   0.0  285   52-337    75-427 (470)
     380 UniRef100_A0A0G3Y5J3 Peropsin  100.0 1.8E-41 1.9E-47  300.8   0.0  284   50-337    36-325 (363)
     381 SRR6218665_799277              100.0 1.9E-41   2E-47  291.8   0.0  287   49-337   123-421 (456)
     382 tr|A7RNV5|A7RNV5_NEMVE Predict 100.0 1.9E-41   2E-47  294.5   0.0  271   55-331    36-322 (377)
     383 tr|W5MC67|W5MC67_LEPOC Pyroglu 100.0 2.1E-41 2.2E-47  294.2   0.0  287   50-336    53-360 (441)
     384 tr|C3Z5T5|C3Z5T5_BRAFL Unchara 100.0 2.1E-41 2.2E-47  287.5   0.0  290   46-337    33-330 (389)
     385 UniRef100_A0A076YJT8 Chemokine 100.0 2.1E-41 2.3E-47  305.5   0.0  275   50-334   160-443 (493)
     386 UniRef100_A0A6F9DUB2 Somatosta 100.0 2.2E-41 2.3E-47  297.4   0.0  290   49-340    61-358 (467)
     387 UniRef100_A0A060W161 G_PROTEIN 100.0 2.3E-41 2.5E-47  319.6   0.0  278   48-334   166-454 (574)
     388 tr|A0A146PN09|A0A146PN09_FUNHE 100.0 2.3E-41 2.5E-47  313.4   0.0  288   50-337    39-397 (432)
     389 UniRef100_A0A061QLL1 Putative  100.0 2.4E-41 2.6E-47  300.2   0.0  280   50-337    45-423 (424)
     390 tr|A0A1S3FWK5|A0A1S3FWK5_DIPOR 100.0 2.5E-41 2.6E-47  305.7   0.0  282   50-340   416-734 (786)
     391 UniRef100_A0A016T4B6 G_PROTEIN 100.0 2.4E-41 2.6E-47  313.4   0.0  289   49-338   101-431 (585)
     392 tr|A0A2C9GPU2|A0A2C9GPU2_ANOAR 100.0 2.4E-41 2.6E-47  314.8   0.0  281   51-334   323-635 (818)
     393 UniRef100_A0A182H1J6 G_PROTEIN 100.0 2.5E-41 2.7E-47  317.2   0.0  282   53-335   321-794 (1005)
     394 UniRef100_A0A067R841 G_PROTEIN 100.0 2.5E-41 2.7E-47  308.1   0.0  287   49-335   105-409 (526)
     395 UniRef100_A0A067RAQ2 Neuropept 100.0 2.6E-41 2.8E-47  295.5   0.0  285   49-334    99-395 (509)
     396 tr|A0A2B4SNZ1|A0A2B4SNZ1_STYPI 100.0 2.6E-41 2.8E-47  302.2   0.0  280   51-337    32-321 (351)
     397 tr|A0A0P7V1N0|A0A0P7V1N0_9TELE 100.0 2.7E-41 2.8E-47  291.5   0.0  288   48-336   112-405 (436)
     398 UniRef100_A0A3M6T8F5 G_PROTEIN 100.0 2.6E-41 2.8E-47  316.7   0.0  282   51-336   102-396 (523)
     399 UniRef100_A0A061ACA9 G_PROTEIN 100.0 2.7E-41 2.9E-47  312.4   0.0  275   52-335    97-384 (513)
     400 UniRef100_A0A087XFV2 5-hydroxy 100.0 2.8E-41   3E-47  301.5   0.0  284   49-337    82-398 (493)
     401 UniRef100_A0A016TS00 G_PROTEIN 100.0 2.9E-41 3.1E-47  314.1   0.0  280   53-337   115-555 (622)
     402 tr|C3Z3H5|C3Z3H5_BRAFL Unchara 100.0 3.1E-41 3.2E-47  290.2   0.0  287   50-337    80-376 (405)
     403 UniRef100_A0A2I0LST6 Beta-2 ad 100.0 3.1E-41 3.3E-47  305.0   0.0  308   16-337    43-382 (621)
     404 tr|A0A091DLL4|A0A091DLL4_FUKDA 100.0 3.2E-41 3.3E-47  292.8   0.0  282   50-337    33-346 (474)
     405 tr|L5M4Z9|L5M4Z9_MYODS C-C che 100.0 3.2E-41 3.3E-47  300.7   0.0  279   50-336   269-556 (590)
     406 tr|A0A1V4JMN9|A0A1V4JMN9_PATFA 100.0 3.2E-41 3.4E-47  298.7   0.0  279   51-330    93-416 (537)
     407 UniRef100_A0A151NBW6 Beta-3 ad 100.0 3.2E-41 3.4E-47  298.2   0.0  281   50-336    30-341 (490)
     408 tr|A0A1S3NAI3|A0A1S3NAI3_SALSA 100.0 3.3E-41 3.5E-47  291.3   0.0  286   50-337    95-388 (439)
     409 UniRef100_A0A7M7G1H5 G_PROTEIN 100.0 3.2E-41 3.5E-47  305.0   0.0  277   52-337    39-335 (381)
     410 UniRef100_A0A060WAA0 NK-2 rece 100.0 3.5E-41 3.6E-47  294.7   0.0  284   51-336    73-365 (465)
     411 tr|A0A096NTW4|A0A096NTW4_PAPAN 100.0 3.6E-41 3.8E-47  294.1   0.0  285   51-337   133-428 (442)
     412 tr|A0A139WEA0|A0A139WEA0_TRICA 100.0 3.7E-41 3.8E-47  288.2   0.0  284   50-336    93-406 (464)
     413 tr|A0A212C668|A0A212C668_CEREH 100.0 3.8E-41   4E-47  298.5   0.0  277   51-335   220-556 (558)
     414 tr|A0A0L7QUK8|A0A0L7QUK8_9HYME 100.0 3.9E-41 4.1E-47  309.2   0.0  285   50-336   201-499 (806)
     415 tr|W4Z3I5|W4Z3I5_STRPU Unchara 100.0 3.9E-41 4.1E-47  295.4   0.0  286   46-335    44-393 (461)
     416 UniRef100_A0A060X7S9 B2 bradyk 100.0 3.9E-41 4.1E-47  304.6   0.0  283   52-336   115-406 (491)
     417 UniRef100_A0A060VPX8 G_PROTEIN 100.0 3.8E-41 4.2E-47  319.2   0.0  275   50-334   132-417 (527)
     418 UniRef100_A0A1B6HDB2 G_PROTEIN 100.0 4.1E-41 4.3E-47  284.0   0.0  282   53-336    14-307 (360)
     419 UniRef100_A0A0K0PUL2 DH31-like 100.0   4E-41 4.3E-47  291.4   0.0  285   49-337    47-335 (375)
     420 tr|A0A1W4X1F3|A0A1W4X1F3_AGRPL 100.0 4.1E-41 4.3E-47  298.3   0.0  289   49-340   132-434 (485)
     421 tr|A0A1I8MRR4|A0A1I8MRR4_MUSDO 100.0 4.1E-41 4.3E-47  308.7   0.0  285   49-335   257-558 (819)
     422 UniRef100_A0A2S1WLX6 Putative  100.0 4.4E-41 4.6E-47  295.1   0.0  277   56-337    52-460 (475)
     423 tr|A0A1S3JCV4|A0A1S3JCV4_LINUN 100.0 4.4E-41 4.6E-47  290.5   0.0  286   50-336    62-369 (414)
     424 UniRef100_A0A0S1YDA1 Neuropept 100.0 4.4E-41 4.6E-47  298.2   0.0  288   48-335    64-413 (463)
     425 tr|W8B9D1|W8B9D1_CERCA 5-hydro 100.0 4.4E-41 4.6E-47  302.4   0.0  282   50-337   262-628 (664)
     426 tr|A0A2B4S4U3|A0A2B4S4U3_STYPI 100.0 4.4E-41 4.7E-47  286.3   0.0  280   54-337    29-324 (359)
     427 tr|A0A091DX38|A0A091DX38_FUKDA 100.0 4.5E-41 4.7E-47  309.0   0.0  286   50-337   142-430 (878)
     428 tr|A7SMQ7|A7SMQ7_NEMVE Predict 100.0 4.5E-41 4.8E-47  291.2   0.0  281   51-337    12-304 (358)
     429 UniRef100_A0A034WQT6 Tachykini 100.0 4.7E-41 4.9E-47  305.5   0.0  282   51-334   117-417 (694)
     430 tr|A0A182FRI7|A0A182FRI7_ANOAL 100.0 4.8E-41 5.2E-47  315.3   0.0  181   52-236   114-298 (677)
     431 UniRef100_A0A0L0C965 Tachykini 100.0 5.2E-41 5.4E-47  300.4   0.0  283   51-335   121-418 (611)
     432 UniRef100_A0A1A7X8K8 Urotensin 100.0 5.2E-41 5.5E-47  266.6   0.0  243  134-384     2-244 (248)
     433 UniRef100_A0A2B4SJV4 Galanin r 100.0   5E-41 5.5E-47  308.9   0.0  279   52-334    76-365 (444)
     434 UniRef100_A0A0D9R0U9 Apelin re 100.0 5.2E-41 5.5E-47  296.5   0.0  285   50-335    61-363 (482)
     435 UniRef100_A0A084VAB3 Pk-1 rece 100.0 5.3E-41 5.6E-47  301.8   0.0  284   46-331    99-411 (552)
     436 UniRef100_A0A060YY06 G_PROTEIN 100.0 5.5E-41 5.9E-47  300.3   0.0  282   51-333   104-406 (490)
     437 UniRef100_A0A0C9RF21 CapaR_3 p 100.0 5.6E-41 5.9E-47  302.2   0.0  284   51-335    52-356 (532)
     438 UniRef100_A0A068WTW9 Tachykini 100.0 5.6E-41 5.9E-47  296.0   0.0  282   52-335    47-359 (453)
     439 tr|A0A091DQD0|A0A091DQD0_FUKDA 100.0 5.7E-41   6E-47  296.6   0.0  279   50-336   179-464 (499)
     440 UniRef100_A0A1S3HRK7 octopamin 100.0 5.5E-41   6E-47  303.0   0.0  279   53-336    67-351 (413)
     441 tr|A0A210QNG6|A0A210QNG6_MIZYE 100.0 5.7E-41 6.1E-47  299.4   0.0  284   51-337    40-341 (498)
     442 UniRef100_A0A4W4DTE3 G_PROTEIN 100.0 5.7E-41 6.1E-47  294.0   0.0  282   54-337    56-344 (379)
     443 tr|A0A060X5F3|A0A060X5F3_ONCMY 100.0 5.7E-41 6.1E-47  318.6   0.0  279   49-336   413-703 (840)
     444 tr|E6ZEU6|E6ZEU6_DICLA Neurome 100.0 5.8E-41 6.2E-47  300.5   0.0  287   51-337    89-396 (461)
     445 tr|A0A1A9ZM95|A0A1A9ZM95_GLOPL 100.0 6.3E-41 6.6E-47  292.3   0.0  284   52-336    96-394 (481)
     446 tr|C3Z617|C3Z617_BRAFL Unchara 100.0 6.4E-41 6.7E-47  287.7   0.0  284   50-334    33-338 (426)
     447 UniRef100_A0A1S3IXU9 RYamide r 100.0 6.5E-41 6.8E-47  289.0   0.0  285   52-338    36-333 (438)
     448 tr|A0A0K0PUV0|A0A0K0PUV0_PLADU 100.0 6.4E-41 6.9E-47  293.0   0.0  278   52-337    17-335 (373)
     449 tr|L9JWP3|L9JWP3_TUPCH C-C che 100.0 6.5E-41 6.9E-47  311.3   0.0  278   50-336   387-670 (702)
     450 tr|A0A147AXX1|A0A147AXX1_FUNHE 100.0 6.6E-41 6.9E-47  292.9   0.0  287   48-337    35-331 (490)
     451 tr|A0A2B4S6X2|A0A2B4S6X2_STYPI 100.0 6.6E-41 6.9E-47  289.9   0.0  275   54-335    27-323 (379)
     452 UniRef100_A0A096NVS2 Somatosta 100.0 6.7E-41   7E-47  289.6   0.0  279   50-334   114-396 (483)
     453 UniRef100_A0A553N720 G_PROTEIN 100.0 6.9E-41 7.3E-47  300.3   0.0  288   47-336   134-434 (595)
     454 tr|R4J1H6|R4J1H6_SALSA Cholecy 100.0 7.2E-41 7.6E-47  291.9   0.0  284   54-338    50-409 (461)
     455 UniRef100_A0A060XSH0 G_PROTEIN 100.0 7.5E-41 8.1E-47  310.5   0.0  286   48-337   144-436 (590)
     456 UniRef100_A0A060VRN9 G_PROTEIN 100.0 7.6E-41 8.1E-47  300.7   0.0  277   50-335   135-430 (496)
     457 UniRef100_A0A026W4S0 Neuromedi 100.0 7.7E-41 8.2E-47  306.2   0.0  286   47-334    70-387 (604)
     458 tr|A7RKP0|A7RKP0_NEMVE Predict 100.0 7.6E-41 8.2E-47  290.8   0.0  279   53-338    10-310 (350)
     459 tr|A0A0P6B3L3|A0A0P6B3L3_9CRUS 100.0   8E-41 8.4E-47  297.0   0.0  287   51-337    33-414 (623)
     460 ERR1719341_586736              100.0   8E-41 8.4E-47  300.0   0.0  285   50-336    54-355 (513)
     461 UniRef100_A0A1I8FSG9 G_PROTEIN 100.0 8.5E-41 8.9E-47  299.3   0.0  284   47-337   157-507 (576)
     462 UniRef100_A0A074ZKD6 G_PROTEIN 100.0 8.6E-41   9E-47  295.6   0.0  286   50-337   150-460 (521)
     463 UniRef100_A0A060VZ71 G_PROTEIN 100.0 8.7E-41 9.3E-47  308.2   0.0  286   51-337   229-537 (650)
     464 UniRef100_A0A3M6TEA9 G_PROTEIN 100.0 8.7E-41 9.4E-47  300.7   0.0  282   52-338    49-345 (414)
     465 UniRef100_A0A1D2MZ73 Somatosta 100.0 9.5E-41 9.9E-47  293.0   0.0  290   48-337    66-383 (533)
     466 ERR550534_208423               100.0 9.8E-41   1E-46  296.5   0.0  284   50-335    87-398 (568)
     467 UniRef100_A0A0L7QLJ1 Neuropept 100.0   1E-40 1.1E-46  287.7   0.0  284   51-335   128-425 (485)
     468 tr|A0A146YGA5|A0A146YGA5_FUNHE 100.0 9.8E-41 1.1E-46  308.4   0.0  278   55-337    35-342 (521)
     469 UniRef100_A0A3M6THF9 G_PROTEIN 100.0   1E-40 1.1E-46  302.1   0.0  265   50-332    60-335 (483)
     470 UniRef100_A0A2B4RZ41 Adenosine 100.0 1.1E-40 1.2E-46  297.2   0.0  262   51-334    49-311 (381)
     471 UniRef100_A0A1B0TJL6 Opsin Gq3 100.0 1.1E-40 1.2E-46  299.8   0.0  285   50-338    71-373 (589)
     472 UniRef100_A0A2B4SID7 Neuropept 100.0 1.1E-40 1.2E-46  298.8   0.0  286   49-337    80-381 (462)
     473 UniRef100_A0A0L8FWF7 G_PROTEIN 100.0 1.2E-40 1.3E-46  309.2   0.0  282   48-337    89-548 (576)
     474 UniRef100_A0A0L8GNI0 G_PROTEIN 100.0 1.2E-40 1.3E-46  288.7   0.0  288   51-339    64-361 (437)
     475 tr|A0A2B4R9G2|A0A2B4R9G2_STYPI 100.0 1.2E-40 1.3E-46  292.1   0.0  276   51-332    61-346 (378)
     476 tr|A0A0P7XE55|A0A0P7XE55_9TELE 100.0 1.3E-40 1.3E-46  303.6   0.0  284   46-337    46-369 (782)
     477 UniRef100_A0A1D1UXI1 G_PROTEIN 100.0 1.3E-40 1.3E-46  292.6   0.0  287   49-337   134-431 (553)
     478 tr|A0A1S2ZIZ2|A0A1S2ZIZ2_ERIEU 100.0 1.4E-40 1.4E-46  296.4   0.0  282   50-337   200-533 (620)
     479 tr|A0A218UTA6|A0A218UTA6_9PASE 100.0 1.4E-40 1.5E-46  303.2   0.0  281   50-338    57-446 (738)
     480 tr|C7SLZ0|C7SLZ0_APLKU Seroton 100.0 1.4E-40 1.5E-46  300.3   0.0  280   48-337    70-426 (485)
     481 UniRef100_A0A0Q3PJX7 Urotensin 100.0 1.5E-40 1.5E-46  287.2   0.0  284   45-328    86-375 (477)
     482 UniRef100_A0A340X578 LOW QUALI 100.0 1.5E-40 1.5E-46  299.2   0.0  283   50-334   236-521 (656)
     483 tr|W4Z9U8|W4Z9U8_STRPU Unchara 100.0 1.5E-40 1.5E-46  286.4   0.0  286   50-337   107-413 (434)
     484 tr|A0A061ILI5|A0A061ILI5_CRIGR 100.0 1.5E-40 1.5E-46  291.3   0.0  285   51-337   198-493 (528)
     485 UniRef100_A0A023F665 Putative  100.0 1.5E-40 1.6E-46  303.6   0.0  287   48-334   141-448 (573)
     486 UniRef100_A0A193KUI4 GCR044 n= 100.0 1.5E-40 1.6E-46  295.0   0.0  288   50-337    32-349 (508)
     487 UniRef100_A0A077KAM5 PQRFa pep 100.0 1.5E-40 1.6E-46  293.7   0.0  284   51-335   139-445 (539)
     488 UniRef100_A0A034WCQ2 Octopamin 100.0 1.5E-40 1.6E-46  305.9   0.0  279   51-337   164-563 (618)
     489 tr|K1PQW2|K1PQW2_CRAGI Putativ 100.0 1.6E-40 1.7E-46  288.0   0.0  292   45-338    52-356 (437)
     490 UniRef100_A0A2B4S7Y2 Neuropept 100.0 1.6E-40 1.7E-46  304.3   0.0  275   51-335    82-371 (460)
     491 tr|A0A183TGM8|A0A183TGM8_SCHSO 100.0 1.7E-40 1.8E-46  292.5   0.0  286   50-337    64-374 (446)
     492 tr|I3KRG5|I3KRG5_ORENI FGFR1 o 100.0 1.7E-40 1.8E-46  299.6   0.0  276   51-335   148-449 (489)
     493 SRR6218665_1286431             100.0 1.7E-40 1.8E-46  289.4   0.0  289   49-337    46-342 (477)
     494 tr|W8C2A8|W8C2A8_CERCA Neurope 100.0 1.7E-40 1.8E-46  308.5   0.0  284   50-335   264-564 (827)
     495 UniRef100_A0A016UUZ5 G_PROTEIN 100.0 1.7E-40 1.8E-46  294.5   0.0  277   50-337    74-414 (486)
     496 tr|A0A147AVH6|A0A147AVH6_FUNHE 100.0 1.8E-40 1.9E-46  301.1   0.0  271   54-333   196-618 (618)
     497 tr|A0A210QT45|A0A210QT45_MIZYE 100.0 1.8E-40 1.9E-46  282.7   0.0  287   51-340    38-346 (395)
     498 tr|A7RYQ3|A7RYQ3_NEMVE Predict 100.0 1.8E-40   2E-46  296.4   0.0  279   50-337    51-337 (367)
     499 UniRef100_A0A026W3I9 Neuropept 100.0 1.9E-40   2E-46  301.8   0.0  291   45-337    53-369 (599)
     500 tr|A0A1S3NNV5|A0A1S3NNV5_SALSA 100.0 1.9E-40   2E-46  293.3   0.0  285   51-336    63-381 (499)
     
  > Uniprot already searched, skipping.
/projects/ilfgrid/apps/alphafold-2.2.0/prep_MSAs.sh: line 93: /bin/hmmbuild: No such file or directory
/projects/ilfgrid/apps/alphafold-2.2.0/prep_MSAs.sh: line 94: /bin/hmmsearch: No such file or directory
> Running chain B
  > Uniref90 already searched, skipping.
  > Mgnify already searched, skipping.
  > Running hhblits on bfd_uniref30
- 11:10:34.958 INFO: Searching 65983866 column state sequences.

- 11:10:35.938 INFO: Searching 29291635 column state sequences.

- 11:10:35.970 INFO: ur2r_mouse-2153/msas/B/chain_B.fasta is in A2M, A3M or FASTA format

- 11:10:35.970 INFO: Iteration 1

- 11:10:35.977 INFO: Prefiltering database

- 11:11:28.262 INFO: HMMs passed 1st prefilter (gapless profile-profile alignment)  : 43207

- 11:11:45.417 INFO: HMMs passed 1st prefilter (gapless profile-profile alignment)  : 56926

- 11:11:45.479 INFO: HMMs passed 2nd prefilter (gapped profile-profile alignment)   : 200

- 11:11:45.479 INFO: HMMs passed 2nd prefilter and not found in previous iterations : 200

- 11:11:45.479 INFO: Scoring 200 HMMs using HMM-HMM Viterbi alignment

- 11:11:45.529 INFO: Alternative alignment: 0

- 11:11:46.037 INFO: 200 alignments done

- 11:11:46.037 INFO: Alternative alignment: 1

- 11:11:46.044 INFO: 194 alignments done

- 11:11:46.044 INFO: Alternative alignment: 2

- 11:11:46.044 INFO: Alternative alignment: 3

- 11:11:46.122 INFO: Premerge done

- 11:11:46.122 INFO: Realigning 201 HMM-HMM alignments using Maximum Accuracy algorithm

- 11:11:46.166 INFO: 34 sequences belonging to 34 database HMMs found with an E-value < 0.001

- 11:11:46.166 INFO: Number of effective sequences of resulting query HMM: Neff = 4.69503

- 11:11:46.170 INFO: Iteration 2

- 11:11:46.170 INFO: Set premerge to 0! (premerge: 3 iteration: 2 hits.Size: 31)

- 11:11:46.174 INFO: Prefiltering database

- 11:12:20.554 INFO: HMMs passed 1st prefilter (gapless profile-profile alignment)  : 12928

- 11:12:35.887 INFO: HMMs passed 1st prefilter (gapless profile-profile alignment)  : 25853

- 11:12:35.917 INFO: HMMs passed 2nd prefilter (gapped profile-profile alignment)   : 76

- 11:12:35.917 INFO: HMMs passed 2nd prefilter and not found in previous iterations : 48

- 11:12:35.917 INFO: Scoring 48 HMMs using HMM-HMM Viterbi alignment

- 11:12:35.960 INFO: Alternative alignment: 0

- 11:12:36.084 INFO: 48 alignments done

- 11:12:36.084 INFO: Alternative alignment: 1

- 11:12:36.085 INFO: 45 alignments done

- 11:12:36.085 INFO: Alternative alignment: 2

- 11:12:36.085 INFO: Alternative alignment: 3

- 11:12:36.101 INFO: Realigning 45 HMM-HMM alignments using Maximum Accuracy algorithm

- 11:12:36.114 INFO: 45 sequences belonging to 45 database HMMs found with an E-value < 0.001

- 11:12:36.114 INFO: Number of effective sequences of resulting query HMM: Neff = 4.68877

- 11:12:36.117 INFO: Iteration 3

- 11:12:36.124 INFO: Prefiltering database

- 11:13:05.963 INFO: HMMs passed 1st prefilter (gapless profile-profile alignment)  : 13267

- 11:13:19.084 INFO: HMMs passed 1st prefilter (gapless profile-profile alignment)  : 26678

- 11:13:19.115 INFO: HMMs passed 2nd prefilter (gapped profile-profile alignment)   : 75

- 11:13:19.115 INFO: HMMs passed 2nd prefilter and not found in previous iterations : 36

- 11:13:19.115 INFO: Scoring 36 HMMs using HMM-HMM Viterbi alignment

- 11:13:19.156 INFO: Alternative alignment: 0

- 11:13:19.157 INFO: 36 alignments done

- 11:13:19.157 INFO: Alternative alignment: 1

- 11:13:19.158 INFO: 34 alignments done

- 11:13:19.158 INFO: Alternative alignment: 2

- 11:13:19.158 INFO: Alternative alignment: 3

- 11:13:19.175 INFO: Rescoring previously found HMMs with Viterbi algorithm

- 11:13:19.205 INFO: Alternative alignment: 0

- 11:13:19.207 INFO: 42 alignments done

- 11:13:19.207 INFO: Alternative alignment: 1

- 11:13:19.209 INFO: 42 alignments done

- 11:13:19.209 INFO: Alternative alignment: 2

- 11:13:19.209 INFO: Alternative alignment: 3

- 11:13:19.225 INFO: Premerge done

- 11:13:19.225 INFO: Realigning 77 HMM-HMM alignments using Maximum Accuracy algorithm

- 11:13:19.242 INFO: 47 sequences belonging to 47 database HMMs found with an E-value < 0.001

- 11:13:19.242 INFO: Number of effective sequences of resulting query HMM: Neff = 4.68877

     Query         urotensin-II gtp:2153
     Match_columns 11
     No_of_seqs    61 out of 410
     Neff          4.68877
     Searched_HMMs 206
     Date          Thu Mar  9 11:13:19 2023
     Command       hhblits -i ur2r_mouse-2153/msas/B/chain_B.fasta -cpu 4 -maxmem 20 -oa3m /projects/ilfgrid/people/nqz918/code/deorph/scripts/af_arman/af_jobs_af23/ur2r_mouse/2153//ur2r_mouse-2153/msas/B/bfd_uniref_hits.a3m -o /dev/null -n 3 -e 0.001 -maxseq 1000000 -realign_max 100000 -maxfilt 100000 -min_prefilter_hits 1000 -d /projects/ilfgrid/data/alphafold-genetic-databases///bfd/bfd_metaclust_clu_complete_id30_c90_final_seq.sorted_opt -d /projects/ilfgrid/data/alphafold-genetic-databases///uniref30/UniRef30_2021_03 
     
      No Hit                             Prob E-value P-value  Score    SS Cols Query HMM  Template HMM
       1 UniRef100_P81022 Urotensin-2 n  98.2 3.3E-08 3.4E-14   32.9   0.0   10    2-11      3-12  (12)
       2 UniRef100_P04559 Urotensin-2B   98.2 3.4E-08 3.5E-14   32.9   0.0   10    2-11      3-12  (12)
       3 UniRef100_P35490 Urotensin-2 n  98.1   7E-08 7.2E-14   32.2   0.0    9    3-11      4-12  (12)
       4 UniRef100_P04558 Urotensin-2A   98.0 1.4E-07 1.4E-13   31.5   0.0    9    3-11      4-12  (12)
       5 UniRef100_P01147 Urotensin-2 n  98.0 1.4E-07 1.4E-13   31.5   0.0    9    3-11      4-12  (12)
       6 tr|W5L1L6|W5L1L6_ASTMX Urotens  97.8 5.1E-07   7E-13   42.9   0.0    9    3-11    123-131 (131)
       7 UniRef100_A0A060XJ84 Uncharact  97.8   8E-07 1.1E-12   43.2   0.0    9    3-11    147-155 (155)
       8 UniRef100_A0A091HEQ2 Urotensin  97.7 1.8E-06 2.2E-12   40.1   0.0    8    4-11     89-96  (96)
       9 UniRef100_A0A3D2V487 Uncharact  97.5 6.8E-06   7E-12   32.1   0.0    8    4-11     20-27  (27)
      10 tr|A0A096MQG5|A0A096MQG5_PAPAN  97.5 6.3E-06 7.2E-12   40.2   0.0   10    2-11    131-140 (140)
      11 UniRef100_A0A087QS38 Urotensin  97.4 8.5E-06 1.1E-11   41.3   0.0    9    3-11    184-192 (213)
      12 UniRef100_A0A556V4H3 Prepro-ur  97.4 1.2E-05 1.2E-11   37.3   0.0   11    1-11     77-87  (87)
      13 UniRef100_A0A4Y8C8E3 Uncharact  97.4 1.2E-05 1.2E-11   28.7   0.0    8    4-11      9-16  (16)
      14 UniRef100_A0A673J4S2 Uncharact  97.3 1.5E-05 1.7E-11   36.6   0.0    9    3-11     73-81  (81)
      15 UniRef100_A0A4U0FHV3 Uncharact  97.3 2.1E-05 2.2E-11   26.2   0.0   10    1-10      2-11  (11)
      16 UniRef100_A0A096MQG5 Urotensin  97.2   3E-05 3.2E-11   38.2   0.0   11    1-11    129-139 (141)
      17 UniRef100_A0A3B3QCG2 Urotensin  97.1 6.2E-05 7.8E-11   37.8   0.0    8    4-11    154-161 (170)
      18 sp|Q9QZQ3|UTS2_MOUSE Urotensin  97.0 7.1E-05 8.1E-11   36.4   0.0    9    3-11    115-123 (123)
      19 UniRef100_A0A287BAV2 Urotensin  97.0 7.1E-05 8.2E-11   36.0   0.0    8    4-11    101-108 (110)
      20 UniRef100_A0A2R8QHZ4 Urotensin  97.0 7.2E-05   9E-11   37.0   0.0    9    3-11    131-139 (146)
      21 tr|A0A218ULZ2|A0A218ULZ2_9PASE  97.0 8.5E-05 9.8E-11   37.7   0.0    8    4-11    170-177 (177)
      22 tr|W5NDR5|W5NDR5_LEPOC Urotens  96.9 0.00011 1.3E-10   37.0   0.0    8    4-11    156-163 (165)
      23 UniRef100_A0A3M1EAM9 Uncharact  96.9 0.00013 1.3E-10   30.1   0.0    9    3-11     15-23  (35)
      24 UniRef100_A0A3Q2TR36 Urotensin  96.9 0.00012 1.3E-10   37.5   0.0   10    2-11    186-195 (195)
      25 UniRef100_A0A1S3MPR9 urotensin  96.9 0.00012 1.4E-10   37.3   0.0    8    4-11    169-176 (182)
      26 UniRef100_A0A2Y9GLP8 LOW QUALI  96.9 0.00013 1.4E-10   38.1   0.0    9    3-11    221-229 (229)
      27 UniRef100_A0A2U3Z9E5 urotensin  96.9 0.00013 1.5E-10   36.9   0.0    9    3-11    162-170 (170)
      28 UniRef100_A0A1L8H587 Uncharact  96.9 0.00014 1.8E-10   36.5   0.0    8    4-11    153-160 (163)
      29 UniRef100_A0A6J0U4J7 urotensin  96.9 0.00017   2E-10   37.2   0.0    8    4-11    197-204 (204)
      30 UniRef100_A0A6I6CJ93 Uncharact  96.8  0.0002 2.1E-10   28.7   0.0    9    3-11      6-14  (29)
      31 tr|A0A226MWR0|A0A226MWR0_CALSU  96.8  0.0002 2.1E-10   36.4   0.0    8    4-11    163-170 (170)
      32 UniRef100_A0A2I0LM86 Urotensin  96.8  0.0002 2.2E-10   36.8   0.0    8    4-11    186-193 (193)
      33 UniRef100_UPI000DF1AB7D uroten  96.8 0.00023 2.4E-10   34.9   0.0   10    2-11    117-126 (126)
      34 tr|A0A146ZPV9|A0A146ZPV9_FUNHE  96.8 0.00022 2.5E-10   35.3   0.0    8    4-11    112-119 (134)
      35 UniRef100_P21857 Urotensin-2 (  96.8 0.00025 2.6E-10   33.1   0.0    8    4-11     76-83  (83)
      36 UniRef100_A0A2R7JX27 Uncharact  96.8 0.00028 2.9E-10   25.5   0.0   10    2-11      7-16  (16)
      37 UniRef100_A0A671VAB8 Urotensin  96.8 0.00029   3E-10   35.6   0.0   10    2-11    153-162 (162)
      38 UniRef100_A0A3B4FAH8 Uncharact  96.7 0.00036 3.7E-10   32.9   0.0    8    4-11     80-87  (87)
      39 UniRef100_A0A671VET0 Urotensin  96.7 0.00038   4E-10   36.1   0.0   10    2-11    193-202 (202)
      40 UniRef100_A0A226MWR0 Uncharact  96.6 0.00055 5.7E-10   34.9   0.0    8    4-11    163-170 (170)
      41 UniRef100_A0A674PA91 Uncharact  96.6 0.00062 6.4E-10   33.5   0.0    9    3-11    114-122 (122)
      42 UniRef100_UPI000C856BE7 LOW QU  96.6 0.00062 6.8E-10   36.1   0.0    9    3-11    239-247 (247)
      43 UniRef100_UPI000E776D01 LOW QU  96.5 0.00077 7.9E-10   34.2   0.0    8    4-11    153-160 (160)
      44 UniRef100_A0A401P562 Uncharact  96.5 0.00084 8.8E-10   33.7   0.0    8    4-11    132-139 (141)
      45 UniRef100_A0A310U4Z8 Uncharact  96.4  0.0011 1.1E-09   31.3   0.0    8    4-11     76-83  (83)
      46 UniRef100_A0A6Q2YT46 Uncharact  96.4  0.0013 1.4E-09   30.9   0.0    8    4-11     74-81  (81)
      47 UniRef100_A0A401T3Z8 Uncharact  96.3  0.0015 1.6E-09   32.5   0.0    8    4-11    124-131 (131)
      48 UniRef100_A0A401SL68 Uncharact  96.3  0.0016 1.6E-09   31.8   0.0    8    4-11    101-108 (110)
      49 UniRef100_A0A218ULZ2 Urotensin  96.3  0.0018 1.8E-09   33.4   0.0    8    4-11    170-177 (177)
      50 UniRef100_A0A497F3D2 Uncharact  96.2  0.0022 2.3E-09   23.9   0.0    9    2-10      2-10  (18)
      51 UniRef100_A0A2I0TWX3 Urotensin  96.2  0.0023 2.4E-09   34.4   0.0    8    4-11    257-264 (264)
      52 UniRef100_A0A3B4AGD3 Uncharact  96.2  0.0026 2.7E-09   31.1   0.0    8    4-11    101-108 (108)
      53 UniRef100_A0A2G9S4A5 Uncharact  96.2  0.0027 2.8E-09   32.3   0.0    8    4-11    144-151 (151)
      54 UniRef100_A0A402F8Q4 Uncharact  96.1  0.0028 2.9E-09   31.9   0.0    8    4-11    128-135 (138)
      55 UniRef100_A0A6P5R8K6 urotensin  96.1  0.0033 3.5E-09   31.0   0.0    8    4-11    106-113 (113)
      56 UniRef100_A0A4W5P016 Uncharact  96.0  0.0038 4.2E-09   30.9   0.0    8    4-11    107-114 (116)
      57 UniRef100_A0A7C4K2G6 Uncharact  96.0  0.0046 4.7E-09   26.9   0.0    8    4-11     12-19  (44)
      58 UniRef100_UPI00112761D5 tumor   96.0  0.0046 4.7E-09   33.8   0.0   10    2-11    298-307 (307)
      59 UniRef100_A0A4R5UP82 Uncharact  95.6   0.011 1.1E-08   22.0   0.0    8    4-11      9-16  (17)
      60 UniRef100_A0A401T1K6 Uncharact  95.6   0.012 1.2E-08   29.3   0.0    7    4-10    106-112 (113)
      61 UniRef100_A0A401PRT6 Uncharact  95.5   0.014 1.4E-08   27.9   0.0    7    4-10     73-79  (80)
      62 ERR1719335_2044300              95.5   0.012 1.4E-08   31.1   0.0    9    3-11    159-167 (193)
      63 UniRef100_A0A2P2N2C4 Uncharact  95.2   0.027 2.8E-08   23.9   0.0    9    3-11     10-18  (35)
      64 UniRef100_A0A7N8X0A6 Urotensin  95.2   0.027 2.8E-08   29.2   0.0    8    4-11    145-152 (154)
      65 UniRef100_A0A7Z8PSQ3 Uncharact  94.9   0.041 4.2E-08   23.9   0.0    9    3-11      6-14  (39)
      66 UniRef100_A0A533Q5U1 Uncharact  94.5   0.079 8.1E-08   23.8   0.0    8    4-11     31-38  (47)
      67 UniRef100_A0A699XFE8 Uncharact  94.3   0.099   1E-07   22.9   0.0    8    4-11     29-36  (40)
      68 UniRef100_A0A1V9F5D6 Aspzincin  94.0    0.14 1.4E-07   24.4   0.0    8    3-10      2-9   (68)
      69 UniRef100_A0A3M0L653 Uncharact  93.6    0.21 2.1E-07   28.0   0.0    9    2-10    116-124 (267)
      70 UniRef100_A0A6H5GNY3 Uncharact  93.5    0.23 2.3E-07   23.9   0.0    7    4-10      4-10  (71)
      71 UniRef100_A0A423WCX5 Uncharact  93.4    0.24 2.5E-07   25.5   0.0    8    3-10     24-31  (119)
      72 UniRef100_A0A2P2JYE2 UBC core   93.0    0.34 3.5E-07   21.5   0.0   10    2-11     30-39  (40)
      73 UniRef100_A0A7U4E9G3 Uncharact  91.8    0.72 7.4E-07   22.8   0.0   10    2-11     12-21  (80)
      74 UniRef100_X0ZHR6 Uncharacteriz  90.9     1.1 1.2E-06   23.4   0.0   10    1-10     56-65  (120)
      75 UniRef100_A0A136Q6S7 Uncharact  88.1       3 3.1E-06   19.8   0.0   10    1-10      5-14  (54)
      76 UniRef100_UPI001748F826 hypoth  87.6     3.4 3.5E-06   20.4   0.0   11    1-11      2-12  (69)
      77 UniRef100_A2DCN7 Uncharacteriz  87.0     3.9 4.1E-06   22.5   0.0    8    3-10     35-42  (158)
     
  > Uniprot already searched, skipping.
/projects/ilfgrid/apps/alphafold-2.2.0/prep_MSAs.sh: line 93: /bin/hmmbuild: No such file or directory
/projects/ilfgrid/apps/alphafold-2.2.0/prep_MSAs.sh: line 94: /bin/hmmsearch: No such file or directory

>> Job finished at: Thu Mar  9 11:13:23 CET 2023

>> Runtime: 882 s
