>> Job started at: Fri Feb 24 02:15:05 CET 2023
   On Machine:     ilfgridgpun02fl.unicph.domain
   In directory:   /projects/ilfgrid/people/nqz918/code/deorph/scripts/af_arman/af_jobs_af23/mc5r_human/1333

>> GPU is 

> Running 'prep_MSAs.sh'
  > Alphafold-DB directory is set to /projects/ilfgrid/data/alphafold-genetic-databases//
  > Number of cores was set to set to 2
  > Max memory set to 20 GB
  > Output directory was set to /projects/ilfgrid/people/nqz918/code/deorph/scripts/af_arman/af_jobs_af23/mc5r_human/1333/
  > Input fastafile was set to /projects/ilfgrid/people/nqz918/code/deorph/scripts/af_arman/af_jobs_af23/mc5r_human/1333/mc5r_human-1333.fasta
> Splitting fastafile
> Running chain A
  > Uniref90 already searched, skipping.
  > Mgnify already searched, skipping.
  > Running hhblits on bfd_uniref30
- 02:23:06.946 INFO: Searching 65983866 column state sequences.

- 02:23:09.204 INFO: Searching 29291635 column state sequences.

- 02:23:09.278 INFO: mc5r_human-1333/msas/A/chain_A.fasta is in A2M, A3M or FASTA format

- 02:23:09.279 INFO: Iteration 1

- 02:23:09.548 INFO: Prefiltering database

- 02:27:03.414 INFO: HMMs passed 1st prefilter (gapless profile-profile alignment)  : 1639092

- 02:29:19.346 INFO: HMMs passed 1st prefilter (gapless profile-profile alignment)  : 733100

- 02:29:28.506 INFO: HMMs passed 2nd prefilter (gapped profile-profile alignment)   : 27283

- 02:29:28.506 INFO: HMMs passed 2nd prefilter and not found in previous iterations : 27283

- 02:29:28.506 INFO: Scoring 27283 HMMs using HMM-HMM Viterbi alignment

- 02:29:28.563 INFO: Alternative alignment: 0

- 02:38:29.117 INFO: 2000 alignments done

- 02:42:26.927 INFO: 4000 alignments done

- 02:48:25.753 INFO: 6000 alignments done

- 02:50:50.711 INFO: 8000 alignments done

- 02:50:54.443 INFO: 10000 alignments done

- 02:50:57.208 INFO: 12000 alignments done

- 02:50:58.817 INFO: 14000 alignments done

- 02:51:00.472 INFO: 16000 alignments done

- 02:51:02.183 INFO: 18000 alignments done

- 02:51:03.979 INFO: 20000 alignments done

- 02:51:05.426 INFO: 22000 alignments done

- 02:51:06.880 INFO: 24000 alignments done

- 02:51:08.297 INFO: 26000 alignments done

- 02:51:09.250 INFO: 27283 alignments done

- 02:51:09.254 INFO: Alternative alignment: 1

- 02:51:35.431 INFO: 27238 alignments done

- 02:51:35.517 INFO: Alternative alignment: 2

- 02:51:43.565 INFO: 6406 alignments done

- 02:51:43.577 INFO: Alternative alignment: 3

- 02:51:45.356 INFO: 1101 alignments done

- 02:51:47.098 INFO: Premerge done

- 02:51:47.105 INFO: Realigning 10470 HMM-HMM alignments using Maximum Accuracy algorithm

- 02:54:33.431 INFO: 10473 sequences belonging to 10473 database HMMs found with an E-value < 0.001

- 02:54:33.431 INFO: Number of effective sequences of resulting query HMM: Neff = 10.7713

- 02:54:33.828 INFO: Iteration 2

- 02:54:33.828 INFO: Set premerge to 0! (premerge: 3 iteration: 2 hits.Size: 10470)

- 02:54:34.133 INFO: Prefiltering database

- 03:01:31.864 INFO: HMMs passed 1st prefilter (gapless profile-profile alignment)  : 3818046

- 03:06:28.080 INFO: HMMs passed 1st prefilter (gapless profile-profile alignment)  : 2218275

- 03:06:56.233 INFO: HMMs passed 2nd prefilter (gapped profile-profile alignment)   : 87161

- 03:06:56.233 INFO: HMMs passed 2nd prefilter and not found in previous iterations : 77034

- 03:06:56.233 INFO: Scoring 77034 HMMs using HMM-HMM Viterbi alignment

- 03:06:56.283 INFO: Alternative alignment: 0

- 03:09:30.561 INFO: 2000 alignments done

- 03:11:56.905 INFO: 4000 alignments done

- 03:14:51.823 INFO: 6000 alignments done

- 03:18:16.855 INFO: 8000 alignments done

- 03:22:11.323 INFO: 10000 alignments done

- 03:25:39.761 INFO: 12000 alignments done

- 03:29:09.650 INFO: 14000 alignments done

- 03:29:09.655 INFO: Stop after DB-HHM: 14000 because early stop  19.9857 < filter cutoff 20

- 03:29:09.687 INFO: Alternative alignment: 1

- 03:36:02.417 INFO: 7927 alignments done

- 03:36:02.456 INFO: Alternative alignment: 2

- 03:36:03.558 INFO: 604 alignments done

- 03:36:03.559 INFO: Alternative alignment: 3

- 03:36:03.772 INFO: 84 alignments done

- 03:36:03.978 INFO: Realigning 4751 HMM-HMM alignments using Maximum Accuracy algorithm

- 03:39:03.564 INFO: 15224 sequences belonging to 15224 database HMMs found with an E-value < 0.001

- 03:39:03.564 INFO: Number of effective sequences of resulting query HMM: Neff = 11.5751

- 03:39:03.706 INFO: Iteration 3

- 03:39:03.997 INFO: Prefiltering database

- 03:54:17.408 INFO: HMMs passed 1st prefilter (gapless profile-profile alignment)  : 3644091

- 03:59:54.662 INFO: HMMs passed 1st prefilter (gapless profile-profile alignment)  : 2253870

- 04:00:23.603 INFO: HMMs passed 2nd prefilter (gapped profile-profile alignment)   : 86549

- 04:00:23.603 INFO: HMMs passed 2nd prefilter and not found in previous iterations : 71737

- 04:00:23.603 INFO: Scoring 71737 HMMs using HMM-HMM Viterbi alignment

- 04:00:23.662 INFO: Alternative alignment: 0

- 04:01:24.306 INFO: 2000 alignments done

- 04:05:22.141 INFO: 4000 alignments done

- 04:11:10.164 INFO: 6000 alignments done

- 04:16:09.362 INFO: 8000 alignments done

- 04:21:08.671 INFO: 10000 alignments done

- 04:26:40.162 INFO: 12000 alignments done

- 04:32:15.727 INFO: 14000 alignments done

- 04:32:15.732 INFO: Stop after DB-HHM: 14000 because early stop  12.0752 < filter cutoff 20

- 04:32:15.732 INFO: Alternative alignment: 1

- 04:35:08.277 INFO: 4372 alignments done

- 04:35:08.306 INFO: Alternative alignment: 2

- 04:35:09.256 INFO: 441 alignments done

- 04:35:09.256 INFO: Alternative alignment: 3

- 04:35:09.477 INFO: 77 alignments done

- 04:35:09.646 INFO: Rescoring previously found HMMs with Viterbi algorithm

- 04:35:09.704 INFO: Alternative alignment: 0

- 04:43:15.842 INFO: 2000 alignments done

- 04:48:55.096 INFO: 4000 alignments done

- 04:54:35.016 INFO: 6000 alignments done

- 05:00:20.911 INFO: 8000 alignments done

- 05:05:54.055 INFO: 10000 alignments done

- 05:11:18.399 INFO: 12000 alignments done

- 05:16:44.377 INFO: 14000 alignments done

- 05:17:28.094 INFO: 14813 alignments done

- 05:17:28.097 INFO: Alternative alignment: 1

- 05:22:45.571 INFO: 14813 alignments done

- 05:22:45.621 INFO: Alternative alignment: 2

- 05:22:47.580 INFO: 1102 alignments done

- 05:22:47.582 INFO: Alternative alignment: 3

- 05:22:48.122 INFO: 217 alignments done

- 05:22:48.705 INFO: Premerge done

- 05:22:48.708 INFO: Realigning 15809 HMM-HMM alignments using Maximum Accuracy algorithm

- 05:25:02.824 INFO: 15873 sequences belonging to 15873 database HMMs found with an E-value < 0.001

- 05:25:02.824 INFO: Number of effective sequences of resulting query HMM: Neff = 11.6339

     Query         mc5r_human P33032
     Match_columns 325
     No_of_seqs    1444 out of 234934
     Neff          11.6339
     Searched_HMMs 93267
     Date          Fri Feb 24 05:25:02 2023
     Command       hhblits -i mc5r_human-1333/msas/A/chain_A.fasta -cpu 2 -maxmem 20 -oa3m /projects/ilfgrid/people/nqz918/code/deorph/scripts/af_arman/af_jobs_af23/mc5r_human/1333//mc5r_human-1333/msas/A/bfd_uniref_hits.a3m -o /dev/null -n 3 -e 0.001 -maxseq 1000000 -realign_max 100000 -maxfilt 100000 -min_prefilter_hits 1000 -d /projects/ilfgrid/data/alphafold-genetic-databases///bfd/bfd_metaclust_clu_complete_id30_c90_final_seq.sorted_opt -d /projects/ilfgrid/data/alphafold-genetic-databases///uniref30/UniRef30_2021_03 
     
      No Hit                             Prob E-value P-value  Score    SS Cols Query HMM  Template HMM
       1 tr|G5C090|G5C090_HETGA Melanoc 100.0 3.1E-52 3.1E-58  319.5   0.0  322    1-322     1-322 (394)
       2 UniRef100_A0A2B4S7K2 Histamine 100.0 6.4E-50 6.3E-56  320.8   0.0  275   30-314    26-327 (369)
       3 UniRef100_A0A060VSP8 5-hydroxy 100.0 8.1E-50 8.1E-56  324.1   0.0  268   41-317    92-418 (479)
       4 UniRef100_A0A060VUW6 G_PROTEIN 100.0 7.5E-49 7.4E-55  332.1   0.0  267   40-315   121-440 (574)
       5 UniRef100_A0A1S3HKE5 allatosta 100.0 1.1E-48 1.1E-54  319.2   0.0  266   38-311    84-372 (462)
       6 UniRef100_A0A060X5Z5 G_PROTEIN 100.0 2.1E-48 2.1E-54  320.0   0.0  262   43-314    90-384 (522)
       7 UniRef100_A0A369RW72 Octopamin 100.0 4.4E-48 4.3E-54  317.6   0.0  263   39-310    57-354 (412)
       8 UniRef100_A0A024FLF0 PQRFa pep 100.0 5.8E-48 5.7E-54  315.8   0.0  268   39-314    52-346 (413)
       9 tr|A0A1V4J8L8|A0A1V4J8L8_PATFA 100.0 5.8E-48 5.9E-54  295.3   0.0  290   30-319    95-384 (390)
      10 UniRef100_A0A2B4SVC4 Dopamine  100.0 6.2E-48 6.2E-54  305.6   0.0  262   44-313    63-329 (397)
      11 UniRef100_A0A2B4SKI0 Tachykini 100.0 8.1E-48   8E-54  321.2   0.0  274   38-314    93-390 (469)
      12 UniRef100_A0A059TX13 Melanocyt 100.0 1.2E-47 1.2E-53  310.1   0.0  284   31-314   133-416 (498)
      13 UniRef100_A0A6P4Z4S7 G-protein 100.0 1.3E-47 1.3E-53  315.5   0.0  273   38-316    61-353 (417)
      14 UniRef100_A0A0K0PUR1 Orphan G- 100.0 1.8E-47 1.8E-53  315.3   0.0  264   40-311   118-408 (530)
      15 UniRef100_A0A026X3T6 Allatosta 100.0 4.3E-47 4.3E-53  310.6   0.0  269   38-317   141-428 (540)
      16 tr|A0A1I8M930|A0A1I8M930_MUSDO 100.0 6.4E-47 6.5E-53  324.2   0.0  264   41-312   193-576 (963)
      17 UniRef100_A0A061A7W5 G_PROTEIN 100.0   8E-47   8E-53  307.4   0.0  267   40-314    65-358 (473)
      18 UniRef100_A0A2B4S7A4 Alpha-1A  100.0 8.8E-47 8.7E-53  299.5   0.0  268   37-313    39-308 (392)
      19 UniRef100_A0A141CIT8 G protein 100.0 1.6E-46 1.6E-52  303.8   0.0  269   40-316    90-378 (488)
      20 UniRef100_A0A6P4Y4T1 galanin r 100.0 1.7E-46 1.7E-52  298.2   0.0  273   37-317    59-354 (410)
      21 tr|A0A0P7U387|A0A0P7U387_9TELE 100.0 1.8E-46 1.8E-52  300.5   0.0  266   38-316   130-417 (556)
      22 UniRef100_A0A1N7TCF1 Galanin r 100.0 2.1E-46 2.1E-52  298.0   0.0  268   38-317    73-363 (407)
      23 UniRef100_A0A6P4XD29 neuropept 100.0 2.6E-46 2.6E-52  295.3   0.0  267   40-314    45-342 (385)
      24 UniRef100_A0A0K0PUX7 Orphan G- 100.0 2.8E-46 2.8E-52  305.5   0.0  264   40-315    66-355 (471)
      25 UniRef100_A0A060X1Q6 Somatosta 100.0   3E-46   3E-52  310.3   0.0  264   38-314   141-424 (604)
      26 UniRef100_A0A023F675 Putative  100.0 3.5E-46 3.5E-52  310.7   0.0  268   38-315   128-420 (530)
      27 UniRef100_A0A164MD49 Putative  100.0 3.6E-46 3.6E-52  300.2   0.0  275   35-315    48-396 (498)
      28 UniRef100_A0A026WW28 Neuropept 100.0 3.9E-46 3.9E-52  308.2   0.0  269   39-315    91-381 (552)
      29 UniRef100_A0A1D2M4J2 Neuropept 100.0 4.7E-46 4.7E-52  301.0   0.0  266   40-313   130-422 (497)
      30 UniRef100_A0A2B4RGU4 5-hydroxy 100.0 5.1E-46   5E-52  310.2   0.0  271   38-314    67-370 (478)
      31 UniRef100_A0A154PKR3 Tachykini 100.0 5.9E-46 5.9E-52  300.5   0.0  266   38-312    78-372 (457)
      32 UniRef100_A0A0K0PUT9 Excitator 100.0 8.7E-46 8.6E-52  303.8   0.0  272   38-316   105-403 (474)
      33 UniRef100_A0A3M6T6P4 G_PROTEIN 100.0 9.3E-46 9.3E-52  299.3   0.0  271   41-314    60-354 (465)
      34 UniRef100_A0A1V9XU68 Tyramine/ 100.0 9.9E-46 9.9E-52  295.3   0.0  268   42-318    58-357 (408)
      35 tr|A0A1L8G1N6|A0A1L8G1N6_XENLA 100.0   1E-45   1E-51  292.8   0.0  262   38-316   118-400 (448)
      36 UniRef100_A0A0K0PUV0 FVRIamide 100.0   1E-45   1E-51  299.2   0.0  263   38-310    54-374 (458)
      37 UniRef100_A0A026WTK8 Tachykini 100.0 1.1E-45 1.1E-51  302.8   0.0  267   40-315    93-389 (556)
      38 tr|A0A2B4SUH3|A0A2B4SUH3_STYPI 100.0 1.1E-45 1.1E-51  293.3   0.0  271   41-316    30-333 (385)
      39 UniRef100_A0A2G8JR46 Putative  100.0 1.1E-45 1.1E-51  301.2   0.0  268   39-314    65-356 (411)
      40 tr|M3ZFE6|M3ZFE6_XIPMA Somatos 100.0 1.2E-45 1.3E-51  294.0   0.0  268   37-317   105-392 (525)
      41 UniRef100_A0A1S3KA35 Alpha-1B  100.0 1.3E-45 1.3E-51  302.5   0.0  271   40-318    93-423 (551)
      42 UniRef100_A0A060X690 G_PROTEIN 100.0 1.5E-45 1.5E-51  288.5   0.0  294   10-315    19-336 (386)
      43 UniRef100_A0A0K0PUL8 Allatosta 100.0 1.5E-45 1.5E-51  294.1   0.0  267   39-315    53-345 (396)
      44 UniRef100_A0A1L8GQY3 Alpha-1B  100.0   2E-45   2E-51  295.3   0.0  267   43-318    53-372 (510)
      45 UniRef100_A0A3M6TAE6 G_PROTEIN 100.0 2.3E-45 2.3E-51  294.7   0.0  269   41-316    96-370 (443)
      46 tr|A0A2C9JWF9|A0A2C9JWF9_BIOGL 100.0 2.4E-45 2.3E-51  295.8   0.0  276   37-319    66-370 (403)
      47 UniRef100_A0A068YB14 Neuropept 100.0 2.5E-45 2.4E-51  300.7   0.0  274   39-320    57-358 (448)
      48 UniRef100_A0A2B4RSM5 Neuropept 100.0 3.1E-45 3.1E-51  291.7   0.0  266   38-311    38-320 (417)
      49 UniRef100_A0A0C9QBK4 GHSR_0 pr 100.0 3.3E-45 3.3E-51  310.2   0.0  273   40-316   176-476 (591)
      50 tr|E0D358|E0D358_HEMPU Dopamin 100.0 3.6E-45 3.6E-51  289.8   0.0  267   40-316    28-330 (435)
      51 UniRef100_A0A060XP11 G_PROTEIN 100.0 4.1E-45 4.1E-51  297.2   0.0  266   41-314    95-392 (497)
      52 UniRef100_A0A060W5Z4 G_PROTEIN 100.0 4.1E-45 4.1E-51  300.8   0.0  262   38-316   192-476 (593)
      53 UniRef100_A0A2B4SDF9 Neuropept 100.0 4.3E-45 4.3E-51  293.3   0.0  268   35-311    88-376 (455)
      54 UniRef100_A0A4W3JKC0 Melanocor 100.0 4.6E-45 4.7E-51  283.1   0.0  314    1-315     1-314 (450)
      55 UniRef100_A0A044T5H8 G_PROTEIN 100.0 4.9E-45 4.9E-51  302.8   0.0  273   40-318   249-572 (693)
      56 UniRef100_A0A068WW83 Allatosta 100.0 5.6E-45 5.5E-51  298.8   0.0  263   38-308    68-347 (432)
      57 UniRef100_A0A2B4S4U3 Beta-2 ad 100.0 5.9E-45 5.9E-51  283.4   0.0  274   35-316    27-323 (372)
      58 UniRef100_A0A087X575 NPY-Y2 re 100.0 6.1E-45 6.1E-51  289.4   0.0  267   40-314    77-371 (426)
      59 UniRef100_A0A060WEJ5 G_PROTEIN 100.0 6.5E-45 6.5E-51  299.9   0.0  264   42-314   119-456 (544)
      60 UniRef100_A0A1I8HKX2 G_PROTEIN 100.0 7.1E-45 7.1E-51  292.0   0.0  271   40-319    44-416 (442)
      61 UniRef100_A0A210QEM7 Neuropept 100.0 7.7E-45 7.7E-51  288.0   0.0  270   40-319    54-351 (416)
      62 UniRef100_A0A1S3J712 QRFP-like 100.0 8.9E-45 8.9E-51  297.5   0.0  265   40-312    71-369 (507)
      63 UniRef100_A0A7M7HFU8 G_PROTEIN 100.0 9.2E-45   9E-51  296.5   0.0  273   37-314    65-364 (423)
      64 UniRef100_A0A3M6TPP0 G_PROTEIN 100.0 9.5E-45 9.4E-51  293.8   0.0  269   41-314    55-354 (424)
      65 tr|A0A0F8ARD3|A0A0F8ARD3_LARCR 100.0 9.4E-45 9.6E-51  285.8   0.0  262   38-314    55-338 (464)
      66 UniRef100_A0A3M6TDR7 G_PROTEIN 100.0   1E-44   1E-50  296.4   0.0  264   41-312    79-351 (425)
      67 UniRef100_A0A077YWL6 Somatosta 100.0 1.1E-44 1.1E-50  297.9   0.0  270   38-317    67-363 (446)
      68 UniRef100_A0A2G8KL37 Cholecyst 100.0 1.2E-44 1.3E-50  289.8   0.0  271   38-314   100-430 (493)
      69 UniRef100_A0A061INJ6 Pyrogluta 100.0 1.4E-44 1.4E-50  303.9   0.0  268   40-313   156-457 (594)
      70 UniRef100_A0A026WK40 Cholecyst 100.0 1.4E-44 1.4E-50  305.6   0.0  276   38-319   156-548 (656)
      71 UniRef100_A0A2B4R9G2 Melatonin 100.0 1.5E-44 1.5E-50  301.6   0.0  269   38-315    82-367 (461)
      72 UniRef100_A0A0K0PUI9 Orphan G- 100.0 1.9E-44 1.9E-50  300.3   0.0  270   39-316   104-409 (534)
      73 UniRef100_A0A1D1W534 G_PROTEIN 100.0   2E-44   2E-50  299.5   0.0  273   38-316    80-435 (492)
      74 tr|A7SD89|A7SD89_NEMVE Predict 100.0   2E-44   2E-50  273.8   0.0  268   39-316    40-332 (355)
      75 UniRef100_A0A0K0PUH1 Orphan G- 100.0 2.2E-44 2.2E-50  280.6   0.0  268   40-315    56-349 (413)
      76 tr|C3XSP5|C3XSP5_BRAFL Unchara 100.0 2.3E-44 2.3E-50  278.3   0.0  273   37-316    28-328 (403)
      77 UniRef100_A0A2B4S0J6 Somatosta 100.0 2.4E-44 2.4E-50  300.0   0.0  269   38-311    85-376 (457)
      78 UniRef100_UPI000B911B64 melato 100.0 3.1E-44 3.1E-50  289.3   0.0  267   41-319    33-349 (381)
      79 UniRef100_A0A026W5R0 Orexin re 100.0 3.4E-44 3.4E-50  296.3   0.0  266   40-314   121-426 (529)
      80 tr|A0A1A6H0R7|A0A1A6H0R7_NEOLE 100.0 3.4E-44 3.4E-50  270.8   0.0  293   29-322    39-331 (369)
      81 UniRef100_A0A2B4SKX3 Cholecyst 100.0 3.8E-44 3.9E-50  285.1   0.0  272   39-318    74-416 (428)
      82 UniRef100_A0A177B9B5 Rhodopsin 100.0 4.1E-44 4.2E-50  285.5   0.0  267   41-316    95-404 (464)
      83 UniRef100_A0A0B4LHT6 RYamide r 100.0 4.6E-44 4.7E-50  292.3   0.0  265   41-312   119-409 (524)
      84 UniRef100_A0A2B4SE17 Substance 100.0   5E-44 4.9E-50  297.1   0.0  274   38-313    66-364 (467)
      85 tr|A0A218UB83|A0A218UB83_9PASE 100.0 5.2E-44 5.2E-50  292.4   0.0  270   41-319   198-517 (631)
      86 UniRef100_A0A060X1U9 G_PROTEIN 100.0 5.7E-44 5.8E-50  293.1   0.0  263   41-312   143-455 (633)
      87 tr|A0A1A8LLP2|A0A1A8LLP2_9TELE 100.0 6.2E-44 6.2E-50  281.7   0.0  264   41-315    98-398 (455)
      88 UniRef100_A0A2B4RPR9 Allatosta 100.0 6.5E-44 6.5E-50  291.6   0.0  269   38-311    49-341 (446)
      89 UniRef100_A0A139WB32 Tachykini 100.0 6.7E-44 6.7E-50  283.7   0.0  270   39-317    46-345 (405)
      90 UniRef100_A0A023FH63 Putative  100.0 8.1E-44 8.1E-50  292.5   0.0  264   41-314   130-440 (563)
      91 UniRef100_A0A068WVN8 Biogenic  100.0 8.6E-44 8.6E-50  298.7   0.0  269   41-315   125-508 (641)
      92 UniRef100_F1PAY0 Melanocortin  100.0 9.1E-44 9.4E-50  274.4   0.0  311    1-311    89-399 (538)
      93 tr|A0A1I8PIJ9|A0A1I8PIJ9_STOCA 100.0 9.5E-44 9.6E-50  294.0   0.0  270   40-318   173-471 (680)
      94 UniRef100_A0A1S3IX78 RYamide r 100.0   1E-43   1E-49  282.3   0.0  301    4-311    20-345 (444)
      95 UniRef100_A0A087RJN6 Somatosta 100.0 1.1E-43   1E-49  290.0   0.0  259   39-313    63-342 (391)
      96 tr|C3XVS5|C3XVS5_BRAFL Unchara 100.0   1E-43 1.1E-49  278.9   0.0  272   37-316    68-365 (425)
      97 UniRef100_A0A091EBV8 Type-1 an 100.0 1.1E-43 1.1E-49  300.0   0.0  253   40-312   351-628 (715)
      98 UniRef100_A0A1D1V5S1 G_PROTEIN 100.0 1.3E-43 1.3E-49  283.0   0.0  275   38-321    58-366 (484)
      99 UniRef100_A0A2G8L6L1 Putative  100.0 1.3E-43 1.3E-49  280.4   0.0  266   38-317    37-327 (407)
     100 UniRef100_A0A7M7SYV2 G_PROTEIN 100.0 1.4E-43 1.4E-49  291.1   0.0  263   43-314    74-398 (630)
     101 UniRef100_A0A026WK16 Tachykini 100.0 1.4E-43 1.4E-49  291.3   0.0  269   37-314   183-481 (641)
     102 tr|V8PD93|V8PD93_OPHHA Type-2  100.0 1.6E-43 1.6E-49  287.2   0.0  263   37-314    76-368 (412)
     103 UniRef100_A0A060WMC3 Alpha-1D  100.0 1.7E-43 1.7E-49  285.2   0.0  267   44-319   118-437 (564)
     104 UniRef100_A0A2G8KMT5 G_PROTEIN 100.0 1.7E-43 1.7E-49  280.9   0.0  259   41-311    41-324 (402)
     105 UniRef100_A0A1V4KIE8 Beta-1 ad 100.0 1.8E-43 1.7E-49  302.7   0.0  260   45-315    38-350 (512)
     106 UniRef100_A0A060VVF8 G_PROTEIN 100.0 1.8E-43 1.8E-49  293.1   0.0  263   37-313   140-432 (511)
     107 UniRef100_A0A087UNN0 Neuropept 100.0 1.8E-43 1.9E-49  283.1   0.0  263   41-310    98-387 (470)
     108 UniRef100_A0A7M7HKI1 G_PROTEIN 100.0 2.1E-43 2.1E-49  284.4   0.0  269   40-312    43-333 (418)
     109 UniRef100_A0A023F668 Putative  100.0 2.5E-43 2.5E-49  281.0   0.0  267   40-314    89-377 (484)
     110 tr|A0A2B4RXA7|A0A2B4RXA7_STYPI 100.0 2.6E-43 2.6E-49  276.4   0.0  251   49-315    16-274 (328)
     111 UniRef100_A0A087YRI1 G_PROTEIN 100.0 2.7E-43 2.7E-49  283.4   0.0  264   42-315    86-373 (438)
     112 tr|A0A2B4S6X2|A0A2B4S6X2_STYPI 100.0 2.7E-43 2.7E-49  273.8   0.0  267   38-312    25-321 (379)
     113 UniRef100_A0A087XDT1 Somatosta 100.0 2.7E-43 2.8E-49  287.8   0.0  267   38-317   170-456 (676)
     114 tr|A0A147AMP5|A0A147AMP5_FUNHE 100.0   3E-43 2.9E-49  294.3   0.0  265   42-316    37-429 (475)
     115 UniRef100_A0A060XC03 Beta-2 ad 100.0   3E-43 3.1E-49  283.7   0.0  268   40-317   106-416 (548)
     116 tr|S9YJE2|S9YJE2_CAMFR Somatos 100.0 3.3E-43 3.4E-49  274.6   0.0  272   38-322   114-408 (438)
     117 tr|A0A2B4SID7|A0A2B4SID7_STYPI 100.0 3.6E-43 3.6E-49  286.7   0.0  267   39-314    34-327 (422)
     118 UniRef100_A0A1D1VDY3 G_PROTEIN 100.0 3.8E-43 3.8E-49  286.8   0.0  270   40-316   137-448 (557)
     119 tr|A0A2B4S1Z5|A0A2B4S1Z5_STYPI 100.0 3.8E-43 3.8E-49  283.9   0.0  268   41-315    30-299 (514)
     120 tr|A0A1W4ZX05|A0A1W4ZX05_9TELE 100.0 3.8E-43 3.8E-49  283.4   0.0  268   41-315    74-386 (480)
     121 UniRef100_A0A2G8K507 Putative  100.0 4.4E-43 4.3E-49  289.1   0.0  270   38-314    41-333 (384)
     122 UniRef100_A0A678XEL8 Trace ami 100.0 4.4E-43 4.4E-49  285.2   0.0  267   40-316    59-358 (523)
     123 UniRef100_A0A2B4RHY9 Pyrogluta 100.0 4.8E-43 4.7E-49  292.4   0.0  269   40-316    85-373 (455)
     124 UniRef100_A0A060WWU7 G_PROTEIN 100.0 4.8E-43 4.8E-49  282.4   0.0  267   40-314    72-382 (545)
     125 UniRef100_A0A016T103 G_PROTEIN 100.0 4.9E-43 4.9E-49  292.5   0.0  263   45-316   119-477 (605)
     126 UniRef100_A0A3M6U5X4 G_PROTEIN 100.0 5.2E-43 5.2E-49  270.5   0.0  260   38-311    40-317 (339)
     127 tr|A0A0P7V5N2|A0A0P7V5N2_9TELE 100.0 5.3E-43 5.4E-49  279.0   0.0  267   41-318    95-405 (468)
     128 UniRef100_A0A2B4RHL7 Galanin r 100.0 5.5E-43 5.6E-49  272.4   0.0  262   38-316    34-312 (406)
     129 tr|A0A0P4XBU7|A0A0P4XBU7_9CRUS 100.0 6.3E-43 6.3E-49  288.9   0.0  266   41-314    65-415 (557)
     130 UniRef100_A0A077Z2H9 Putative  100.0 7.1E-43   7E-49  285.3   0.0  276   34-315    69-398 (477)
     131 UniRef100_A0A060VRN9 G_PROTEIN 100.0 7.1E-43 7.1E-49  282.3   0.0  259   44-312   143-428 (496)
     132 UniRef100_A0A0L8I0T4 G_PROTEIN 100.0 7.6E-43 7.7E-49  284.2   0.0  267   41-313   138-495 (554)
     133 tr|A7S585|A7S585_NEMVE Predict 100.0 7.7E-43 7.7E-49  276.0   0.0  277   37-316    25-327 (374)
     134 UniRef100_A0A3M6T5D0 G_PROTEIN 100.0 7.9E-43 7.8E-49  280.1   0.0  270   38-319    54-328 (402)
     135 UniRef100_A0A2B4RZ41 Adenosine 100.0   8E-43   8E-49  279.3   0.0  284   12-311    24-309 (381)
     136 UniRef100_A0A6J8CLU9 HCRTR2 n= 100.0 8.1E-43 8.1E-49  275.6   0.0  269   41-317    57-361 (422)
     137 UniRef100_A0A091DWF1 Somatosta 100.0 8.1E-43 8.2E-49  278.8   0.0  262   38-314   157-440 (523)
     138 UniRef100_A0A3M6UKX8 G_PROTEIN 100.0 8.9E-43 8.9E-49  287.5   0.0  275   38-314   120-420 (487)
     139 UniRef100_A0A087UP46 5-hydroxy 100.0 9.5E-43 9.6E-49  278.5   0.0  266   41-315    50-401 (472)
     140 UniRef100_A0A3M6TNW8 G_PROTEIN 100.0 9.9E-43   1E-48  278.5   0.0  270   40-315    98-393 (453)
     141 UniRef100_A0A210QT45 G-protein 100.0   1E-42   1E-48  276.7   0.0  302   10-321    35-364 (472)
     142 UniRef100_A0A087XFV2 5-hydroxy 100.0   1E-42   1E-48  279.7   0.0  268   42-319    89-401 (493)
     143 UniRef100_A0A060VTR1 G_PROTEIN 100.0   1E-42   1E-48  284.4   0.0  269   40-317   123-443 (619)
     144 UniRef100_A0A1S3H6K0 neuropept 100.0 1.1E-42 1.1E-48  287.4   0.0  264   38-309    58-351 (470)
     145 UniRef100_A0A146M155 Neuropept 100.0 1.2E-42 1.2E-48  280.5   0.0  268   41-313    58-361 (488)
     146 UniRef100_A0A060VP48 G_PROTEIN 100.0 1.3E-42 1.3E-48  293.7   0.0  266   40-312   158-448 (580)
     147 UniRef100_A0A3M6UBA2 G_PROTEIN 100.0 1.4E-42 1.4E-48  276.4   0.0  264   42-315    55-341 (383)
     148 tr|A0A0P5PA10|A0A0P5PA10_9CRUS 100.0 1.4E-42 1.4E-48  284.1   0.0  263   39-310   149-441 (705)
     149 UniRef100_A0A034WDF0 Allatosta 100.0 1.4E-42 1.4E-48  282.3   0.0  264   40-314    99-385 (459)
     150 UniRef100_A0A2B4RFH8 Neuropept 100.0 1.5E-42 1.4E-48  288.9   0.0  274   39-315    67-367 (439)
     151 UniRef100_A0A087YQK7 Adrenocep 100.0 1.5E-42 1.5E-48  283.5   0.0  263   42-315   135-452 (617)
     152 tr|A0A182G4E1|A0A182G4E1_AEDAL 100.0 1.5E-42 1.6E-48  282.5   0.0  270   40-317    71-373 (534)
     153 tr|A0A146NY53|A0A146NY53_FUNHE 100.0 1.7E-42 1.7E-48  278.4   0.0  259   44-312    14-315 (469)
     154 UniRef100_A0A0L8H201 G_PROTEIN 100.0 1.7E-42 1.7E-48  272.8   0.0  279   35-319    84-387 (461)
     155 UniRef100_A0A0P0YUU8 Cannabino 100.0 1.8E-42 1.8E-48  279.3   0.0  275   40-320    86-423 (496)
     156 UniRef100_A0A091R746 Beta-1 ad 100.0   2E-42   2E-48  280.4   0.0  264   41-315   139-453 (572)
     157 UniRef100_A0A3M6THF9 G_PROTEIN 100.0 2.1E-42 2.1E-48  281.7   0.0  269   38-311    62-335 (483)
     158 UniRef100_A0A210QSD7 Octopamin 100.0 2.1E-42 2.1E-48  280.4   0.0  268   42-319    63-421 (423)
     159 UniRef100_A0A060X360 G_PROTEIN 100.0 2.2E-42 2.2E-48  276.8   0.0  269   36-317    99-391 (477)
     160 tr|A0A146TL67|A0A146TL67_FUNHE 100.0 2.2E-42 2.2E-48  289.4   0.0  268   37-317    27-407 (442)
     161 UniRef100_A0A3M6UAU0 G_PROTEIN 100.0 2.2E-42 2.2E-48  282.0   0.0  267   38-312    37-327 (552)
     162 tr|G3S2I3|G3S2I3_GORGO Opioid  100.0 2.2E-42 2.2E-48  273.9   0.0  262   39-315   165-450 (492)
     163 tr|A0A060XRS0|A0A060XRS0_ONCMY 100.0 2.2E-42 2.2E-48  289.4   0.0  270   41-319    60-380 (900)
     164 UniRef100_A0A0L7KZ56 Neuropept 100.0 2.3E-42 2.3E-48  279.5   0.0  264   41-312    91-383 (509)
     165 UniRef100_A0A2B4SVS8 Neuropept 100.0 2.4E-42 2.3E-48  284.6   0.0  273   41-318    93-386 (480)
     166 UniRef100_A0A2H8TNJ5 Neuropept 100.0 2.3E-42 2.4E-48  279.4   0.0  263   41-311   160-450 (528)
     167 UniRef100_A0A0L8GIM4 G_PROTEIN 100.0 2.5E-42 2.5E-48  287.1   0.0  263   40-310   100-391 (481)
     168 UniRef100_A0A210QHM7 G-protein 100.0 2.6E-42 2.6E-48  280.3   0.0  270   38-315    81-376 (492)
     169 UniRef100_A0A401NJB3 G_PROTEIN 100.0 2.6E-42 2.7E-48  277.7   0.0  262   43-315    48-360 (517)
     170 UniRef100_A0A0S1YDA0 Neuropept 100.0 2.7E-42 2.7E-48  281.3   0.0  269   39-316    97-394 (509)
     171 UniRef100_A0A151N382 Galanin r 100.0 2.7E-42 2.7E-48  262.8   0.0  269   37-318    31-320 (392)
     172 UniRef100_A0A3M6TV84 G_PROTEIN 100.0 2.8E-42 2.8E-48  275.5   0.0  259   48-315    57-338 (405)
     173 UniRef100_A0A0N1PGA0 Octopamin 100.0   3E-42   3E-48  281.9   0.0  267   40-314   111-492 (547)
     174 UniRef100_A0A087XT11 Alpha-1B  100.0   3E-42 3.1E-48  278.6   0.0  268   42-318    85-408 (622)
     175 UniRef100_A0A6P8HX63 probable  100.0 3.1E-42 3.1E-48  279.2   0.0  264   44-317    65-363 (407)
     176 tr|A0A0L0BYA7|A0A0L0BYA7_LUCCU 100.0 3.1E-42 3.1E-48  280.1   0.0  263   42-313   316-625 (678)
     177 tr|A0A1D1UXI1|A0A1D1UXI1_RAMVA 100.0 3.6E-42 3.6E-48  275.1   0.0  267   40-316    85-377 (499)
     178 UniRef100_A0A1I8FSG9 G_PROTEIN 100.0 3.6E-42 3.7E-48  277.7   0.0  268   39-313   163-504 (576)
     179 UniRef100_A0A0K0PUK6 Orphan G- 100.0 3.7E-42 3.7E-48  271.2   0.0  274   39-320    69-379 (448)
     180 UniRef100_A0A059T4D1 Melanocor 100.0 3.7E-42 3.8E-48  256.3   0.0  308    6-313     8-315 (316)
     181 tr|W4YJK4|W4YJK4_STRPU Unchara 100.0 3.8E-42 3.9E-48  276.9   0.0  270   41-319    74-374 (446)
     182 tr|A0A0P7TYE1|A0A0P7TYE1_9TELE 100.0 4.2E-42 4.3E-48  274.9   0.0  270   39-314   126-473 (507)
     183 tr|A7RYQ3|A7RYQ3_NEMVE Predict 100.0 4.5E-42 4.4E-48  275.6   0.0  270   37-315    52-336 (367)
     184 UniRef100_A0A026WCQ7 Tyramine  100.0 4.6E-42 4.5E-48  292.6   0.0  271   38-316   185-589 (665)
     185 UniRef100_A0A087T336 Somatosta 100.0 4.6E-42 4.6E-48  274.2   0.0  266   39-316    80-369 (454)
     186 UniRef100_A0A7M7G1H5 G_PROTEIN 100.0 4.7E-42 4.7E-48  279.1   0.0  273   39-317    40-336 (381)
     187 tr|A0A1S3L0J1|A0A1S3L0J1_SALSA 100.0 5.2E-42 5.2E-48  275.4   0.0  266   40-314    79-405 (533)
     188 UniRef100_A0A3B4VB96 Beta-2 ad 100.0 5.3E-42 5.3E-48  273.1   0.0  261   43-314    59-361 (464)
     189 UniRef100_A0A060W9T7 G_PROTEIN 100.0 5.3E-42 5.4E-48  276.1   0.0  268   37-315   186-473 (616)
     190 tr|A0A232F0R3|A0A232F0R3_9HYME 100.0 5.5E-42 5.6E-48  269.4   0.0  262   40-315   107-424 (458)
     191 UniRef100_A0A023F4J9 Putative  100.0   6E-42   6E-48  282.4   0.0  265   40-312   160-490 (588)
     192 UniRef100_A0A060VWI9 G_PROTEIN 100.0 6.4E-42 6.5E-48  278.7   0.0  262   43-315    67-395 (579)
     193 UniRef100_A0A0K0PUH0 Orphan G- 100.0 6.6E-42 6.5E-48  287.6   0.0  264   40-309   140-468 (583)
     194 tr|A0A1V4J9T1|A0A1V4J9T1_PATFA 100.0 7.2E-42 7.3E-48  265.8   0.0  270   37-317    69-358 (461)
     195 UniRef100_A0A6P4YBA8 delta-typ 100.0 7.4E-42 7.4E-48  271.6   0.0  265   41-319    55-344 (406)
     196 tr|A0A146TP77|A0A146TP77_FUNHE 100.0 8.1E-42   8E-48  286.1   0.0  268   44-319    54-428 (522)
     197 tr|A0A1U7TSJ4|A0A1U7TSJ4_TARSY 100.0   8E-42 8.1E-48  275.2   0.0  271   41-319   217-523 (600)
     198 UniRef100_A0A3M6TKW1 G_PROTEIN 100.0 8.4E-42 8.4E-48  274.8   0.0  267   41-315    45-322 (389)
     199 UniRef100_A0A3M6T9C5 G_PROTEIN 100.0 8.6E-42 8.5E-48  275.3   0.0  280   39-319    61-364 (402)
     200 tr|A0A0N8JZL4|A0A0N8JZL4_9TELE 100.0 8.9E-42   9E-48  273.4   0.0  268   41-316   109-414 (482)
     201 UniRef100_A0A0L8I310 G_PROTEIN 100.0 9.5E-42 9.4E-48  279.2   0.0  263   41-309    50-363 (468)
     202 UniRef100_A0A2G8KTA9 Putative  100.0 1.1E-41   1E-47  279.6   0.0  267   41-315    53-345 (445)
     203 UniRef100_A0A2S1WLX6 Putative  100.0   1E-41 1.1E-47  269.4   0.0  275   41-320    51-464 (475)
     204 tr|A0A091DWF1|A0A091DWF1_FUKDA 100.0 1.1E-41 1.1E-47  266.3   0.0  264   38-316   158-443 (483)
     205 UniRef100_A0A061QHX0 Putative  100.0 1.1E-41 1.1E-47  282.4   0.0  263   43-315   139-508 (563)
     206 UniRef100_A0A026W4F0 Octopamin 100.0 1.2E-41 1.2E-47  268.3   0.0  267   41-315    60-393 (445)
     207 UniRef100_A0A060WAG3 G_PROTEIN 100.0 1.2E-41 1.2E-47  276.5   0.0  268   43-318   129-503 (550)
     208 UniRef100_A0A151LYB3 G_PROTEIN 100.0 1.2E-41 1.2E-47  269.0   0.0  260   44-313   106-388 (435)
     209 UniRef100_A0A0P5DAK4 Orexin re 100.0 1.2E-41 1.3E-47  274.4   0.0  262   44-314   114-430 (505)
     210 UniRef100_A0A096NAQ2 Cholecyst 100.0 1.2E-41 1.3E-47  279.0   0.0  270   38-313   152-500 (617)
     211 tr|A0A147AZW9|A0A147AZW9_FUNHE 100.0 1.3E-41 1.3E-47  283.0   0.0  265   39-312    88-431 (468)
     212 tr|A0A2B4SKI0|A0A2B4SKI0_STYPI 100.0 1.3E-41 1.3E-47  276.2   0.0  264   39-309   100-393 (458)
     213 tr|A0A146U732|A0A146U732_FUNHE 100.0 1.4E-41 1.3E-47  292.5   0.0  270   37-312   192-545 (590)
     214 tr|A0A2B4SNZ1|A0A2B4SNZ1_STYPI 100.0 1.4E-41 1.4E-47  273.3   0.0  266   41-316    36-321 (351)
     215 UniRef100_A0A3M6T8F5 G_PROTEIN 100.0 1.4E-41 1.4E-47  286.7   0.0  270   38-316   103-397 (523)
     216 tr|L7LZ94|L7LZ94_9ACAR Putativ 100.0 1.5E-41 1.5E-47  266.6   0.0  269   40-317   106-395 (438)
     217 tr|A0A1D5PF84|A0A1D5PF84_CHICK 100.0 1.6E-41 1.6E-47  256.5   0.0  286   30-316    33-318 (357)
     218 tr|A0A2B4SBD9|A0A2B4SBD9_STYPI 100.0 1.8E-41 1.8E-47  263.0   0.0  270   42-319    68-345 (367)
     219 UniRef100_A0A023F452 Putative  100.0 1.9E-41 1.9E-47  281.5   0.0  267   42-316   145-540 (660)
     220 UniRef100_B3RM94 G_PROTEIN_REC 100.0   2E-41   2E-47  259.3   0.0  269   39-320    39-324 (327)
     221 UniRef100_A0A068AZY5 Octopamin 100.0 2.1E-41 2.1E-47  296.5   0.0  166   42-213   179-360 (723)
     222 tr|A0A2B4SAJ4|A0A2B4SAJ4_STYPI 100.0 2.1E-41 2.1E-47  271.8   0.0  264   41-310    33-329 (434)
     223 UniRef100_A0A2B4SC76 Substance 100.0 2.2E-41 2.2E-47  278.6   0.0  271   38-313    56-351 (461)
     224 tr|A0A1S3FWK5|A0A1S3FWK5_DIPOR 100.0 2.1E-41 2.2E-47  276.7   0.0  265   43-317   423-732 (786)
     225 tr|A0A1S3IXU4|A0A1S3IXU4_LINUN 100.0 2.2E-41 2.2E-47  267.0   0.0  272   38-316    59-347 (440)
     226 UniRef100_A0A061IAU9 Gastric r 100.0 2.4E-41 2.4E-47  274.4   0.0  266   43-317   121-409 (588)
     227 tr|A0A0L8FIS6|A0A0L8FIS6_OCTBM 100.0 2.4E-41 2.5E-47  270.7   0.0  266   42-316    96-422 (485)
     228 UniRef100_A0A0N0PEL7 Tachykini 100.0 2.6E-41 2.6E-47  269.6   0.0  265   42-315    61-355 (454)
     229 UniRef100_A0A0K0PUK8 FMRFamide 100.0 2.7E-41 2.6E-47  279.8   0.0  266   38-311    60-350 (471)
     230 tr|A0A226N2C0|A0A226N2C0_CALSU 100.0 2.6E-41 2.7E-47  269.9   0.0  269   43-320   231-526 (569)
     231 tr|H2Q292|H2Q292_PANTR Unchara 100.0 2.6E-41 2.7E-47  267.2   0.0  274   40-319    85-408 (492)
     232 tr|A0A218UWX7|A0A218UWX7_9PASE 100.0 2.7E-41 2.7E-47  270.6   0.0  264   40-314    44-340 (474)
     233 UniRef100_A0A6P8IFK2 neuromedi 100.0 2.7E-41 2.7E-47  264.4   0.0  276   38-318    27-325 (363)
     234 UniRef100_A0A0K0PUX3 Orphan G- 100.0   3E-41 2.9E-47  276.8   0.0  259   42-310    66-346 (419)
     235 tr|A0A287CUD4|A0A287CUD4_ICTTR 100.0   3E-41   3E-47  266.0   0.0  265   42-316    24-309 (478)
     236 tr|A0A2B4S4U3|A0A2B4S4U3_STYPI 100.0   3E-41 3.1E-47  258.6   0.0  271   35-313    24-321 (359)
     237 UniRef100_A0A0N7ZAP9 G_PROTEIN 100.0 3.1E-41 3.1E-47  271.3   0.0  267   42-318    82-370 (421)
     238 tr|A0A061IHH7|A0A061IHH7_CRIGR 100.0 3.1E-41 3.1E-47  292.7   0.0  264   43-316   627-921 (934)
     239 tr|A7SX62|A7SX62_NEMVE Predict 100.0 3.2E-41 3.2E-47  256.5   0.0  266   46-317    28-303 (335)
     240 tr|A0A2B4RXD1|A0A2B4RXD1_STYPI 100.0 3.2E-41 3.3E-47  265.9   0.0  265   38-312    95-378 (416)
     241 UniRef100_A0A3M6TSJ5 G_PROTEIN 100.0 3.2E-41 3.3E-47  261.6   0.0  267   36-319    68-338 (409)
     242 UniRef100_A0A026WC04 Dopamine  100.0 3.3E-41 3.3E-47  265.9   0.0  266   42-317    83-400 (468)
     243 UniRef100_A0A0K0PUH3 Allatotro 100.0 3.4E-41 3.4E-47  266.7   0.0  267   40-315    72-374 (424)
     244 tr|T1KPP2|T1KPP2_TETUR Unchara 100.0 3.5E-41 3.5E-47  270.4   0.0  264   40-316   155-438 (477)
     245 UniRef100_A0A084VX67 AGAP00044 100.0 3.6E-41 3.6E-47  268.5   0.0  258   44-312    77-384 (444)
     246 UniRef100_A0A060X6T3 G_PROTEIN 100.0 3.6E-41 3.7E-47  272.2   0.0  266   42-316    95-415 (550)
     247 UniRef100_A0A2B4RA56 D(5)-like 100.0 3.7E-41 3.7E-47  276.0   0.0  263   40-310    83-354 (431)
     248 UniRef100_A0A067RG65 Neuropept 100.0 3.8E-41 3.8E-47  272.0   0.0  273   41-318    92-398 (509)
     249 UniRef100_A0A6P8H0A4 5-hydroxy 100.0 3.9E-41 3.9E-47  261.0   0.0  270   42-316    43-334 (346)
     250 UniRef100_A0A084VLD5 AGAP00422 100.0 3.8E-41 3.9E-47  276.3   0.0  263   42-314   249-595 (695)
     251 UniRef100_A0A2B4SJE7 Orexin re 100.0 4.4E-41 4.4E-47  275.0   0.0  269   40-314   138-431 (517)
     252 tr|A0A0P7U0M1|A0A0P7U0M1_9TELE 100.0 4.5E-41 4.6E-47  262.4   0.0  272   37-315   102-412 (440)
     253 UniRef100_A0A061IN14 NK-3 rece 100.0 4.6E-41 4.6E-47  279.4   0.0  271   37-316   234-525 (662)
     254 UniRef100_A0A087QH91 Melanopsi 100.0 4.7E-41 4.7E-47  278.6   0.0  268   38-314   105-399 (629)
     255 tr|A0A1I8N820|A0A1I8N820_MUSDO 100.0 4.8E-41 4.8E-47  279.3   0.0  265   40-313   308-636 (880)
     256 UniRef100_A0A226DFM2 Neuropept 100.0 4.9E-41   5E-47  271.9   0.0  264   41-312   110-401 (523)
     257 UniRef100_A0A0L8H5P3 G_PROTEIN 100.0 4.9E-41   5E-47  271.4   0.0  262   40-312    78-370 (496)
     258 UniRef100_A0A016SJ65 Thyrolibe 100.0 5.3E-41 5.2E-47  275.5   0.0  268   41-315    88-397 (479)
     259 UniRef100_A0A0A7EV57 Melanocor 100.0 5.5E-41 5.6E-47  249.3   0.0  294    1-294     2-295 (295)
     260 UniRef100_A0A2B4SJV4 Galanin r 100.0 5.8E-41 5.7E-47  277.7   0.0  270   38-313    76-365 (444)
     261 tr|K7GCC3|K7GCC3_PELSI Adrenoc 100.0 5.6E-41 5.7E-47  265.8   0.0  261   44-315    49-364 (488)
     262 tr|A0A146YGA5|A0A146YGA5_FUNHE 100.0 5.7E-41 5.7E-47  279.1   0.0  270   38-316    32-342 (521)
     263 tr|A7RVQ0|A7RVQ0_NEMVE Predict 100.0 5.9E-41 5.8E-47  268.9   0.0  276   37-313    29-330 (398)
     264 tr|A0A2B4SIA2|A0A2B4SIA2_STYPI 100.0 6.2E-41 6.2E-47  265.4   0.0  271   41-317    63-363 (370)
     265 UniRef100_A0A2G8JGQ1 Putative  100.0 6.5E-41 6.5E-47  273.1   0.0  279   37-320    58-376 (455)
     266 tr|A0A1D2MSE1|A0A1D2MSE1_ORCCI 100.0 6.5E-41 6.5E-47  279.3   0.0  266   40-313   114-405 (615)
     267 UniRef100_A0A2B4RXD1 Neuropept 100.0 6.6E-41 6.6E-47  270.2   0.0  273   38-318    96-386 (461)
     268 UniRef100_A0A060WGM3 G_PROTEIN 100.0 7.1E-41   7E-47  281.6   0.0  260   44-313   152-440 (537)
     269 UniRef100_A0A084WFJ7 AGAP00011 100.0 7.5E-41 7.5E-47  272.9   0.0  259   40-309    91-375 (519)
     270 UniRef100_A0A0L8H8I0 G_PROTEIN 100.0 7.7E-41 7.6E-47  278.0   0.0  263   43-315    79-364 (466)
     271 UniRef100_A0A068WKU9 Neuropept 100.0 7.6E-41 7.6E-47  268.6   0.0  263   42-312    78-365 (451)
     272 UniRef100_A0A3M6TEA9 G_PROTEIN 100.0   8E-41   8E-47  270.9   0.0  269   40-313    51-342 (414)
     273 tr|A0A1W2W3E6|A0A1W2W3E6_CIOIN 100.0   8E-41 8.1E-47  266.0   0.0  271   37-316    58-353 (487)
     274 UniRef100_A0A026WIP6 Cholecyst 100.0 8.2E-41 8.2E-47  281.8   0.0  273   40-318   174-533 (636)
     275 UniRef100_A7RGN9 Predicted pro 100.0 8.5E-41 8.6E-47  256.9   0.0  266   38-313    32-313 (317)
     276 UniRef100_A0A0H3YI86 Pyrokinin 100.0 9.4E-41 9.3E-47  276.4   0.0  276   41-321    88-405 (510)
     277 tr|A0A2D0SD29|A0A2D0SD29_ICTPU 100.0 9.4E-41 9.4E-47  265.2   0.0  261   42-311    10-305 (420)
     278 tr|A0A1A9ZAD8|A0A1A9ZAD8_GLOPL 100.0 9.6E-41 9.8E-47  267.9   0.0  272   33-313   119-420 (574)
     279 tr|A0A212C668|A0A212C668_CEREH 100.0 9.8E-41   1E-46  267.0   0.0  264   42-314   225-556 (558)
     280 UniRef100_A0A2B4SQU8 Orexin re 100.0   1E-40   1E-46  258.2   0.0  281   34-319    34-351 (370)
     281 UniRef100_A0A2B4SEF2 Beta-1 ad 100.0   1E-40   1E-46  265.8   0.0  264   40-314    75-344 (424)
     282 tr|A0A139WLV7|A0A139WLV7_TRICA 100.0   1E-40 1.1E-46  277.3   0.0  267   39-313   401-696 (792)
     283 UniRef100_A0A1J1I7G5 CLUMA_CG0 100.0 1.1E-40 1.1E-46  267.9   0.0  265   41-314    81-373 (500)
     284 AntAceMinimDraft_8_1070364.sca 100.0 1.1E-40 1.1E-46  260.4   0.0  275   38-317    39-359 (406)
     285 UniRef100_A0A2R8PY66 5-hydroxy 100.0 1.1E-40 1.1E-46  255.1   0.0  272   44-322    64-362 (381)
     286 UniRef100_A0A0S1YD99 Neuropept 100.0 1.1E-40 1.1E-46  259.9   0.0  265   40-315    79-373 (423)
     287 UniRef100_A0A023F3V9 Putative  100.0 1.1E-40 1.1E-46  271.5   0.0  264   39-314   135-423 (574)
     288 UniRef100_A0A6S7JE64 Neuropept 100.0 1.1E-40 1.1E-46  265.5   0.0  267   39-314    37-321 (412)
     289 UniRef100_A0A3M6UKK8 G_PROTEIN 100.0 1.2E-40 1.2E-46  270.0   0.0  265   39-312    44-333 (406)
     290 tr|A0A060XH49|A0A060XH49_ONCMY 100.0 1.2E-40 1.2E-46  284.0   0.0  264   44-318    56-387 (945)
     291 tr|A7SIX0|A7SIX0_NEMVE Predict 100.0 1.2E-40 1.2E-46  261.3   0.0  269   42-315    30-319 (403)
     292 tr|W4Z2N2|W4Z2N2_STRPU Unchara 100.0 1.2E-40 1.3E-46  258.2   0.0  272   38-315    58-353 (406)
     293 tr|V8P564|V8P564_OPHHA Melanoc 100.0 1.3E-40 1.3E-46  273.6   0.0  310    1-313   552-863 (864)
     294 UniRef100_A0A0K0PUG3 Thyrolibe 100.0 1.5E-40 1.5E-46  273.9   0.0  269   40-315   218-522 (606)
     295 UniRef100_A0A6A7G2U4 Octopamin 100.0 1.5E-40 1.5E-46  268.3   0.0  268   41-315   175-512 (574)
     296 tr|A0A1L7H7D8|A0A1L7H7D8_SACKO 100.0 1.6E-40 1.6E-46  257.1   0.0  264   43-318    78-368 (424)
     297 UniRef100_A0A1S3J8T4 5-hydroxy 100.0 1.6E-40 1.6E-46  269.9   0.0  267   38-313   102-395 (468)
     298 tr|A0A0S1YD80|A0A0S1YD80_CHISP 100.0 1.7E-40 1.7E-46  266.7   0.0  267   41-316   169-466 (513)
     299 UniRef100_A0A095ANA4 Dopamine  100.0 1.8E-40 1.8E-46  282.3   0.0  174   36-215   172-359 (674)
     300 tr|A0A1D2NMB6|A0A1D2NMB6_ORCCI 100.0 1.8E-40 1.8E-46  267.6   0.0  269   38-315   153-451 (520)
     301 tr|A0A1U7SK54|A0A1U7SK54_TARSY 100.0 1.8E-40 1.9E-46  283.4   0.0  284   30-313    32-316 (904)
     302 UniRef100_A0A0Q3PEJ5 Alpha-1B  100.0 1.9E-40   2E-46  268.5   0.0  265   43-316    69-386 (683)
     303 UniRef100_A0A060Y7B7 G_PROTEIN 100.0   2E-40   2E-46  272.3   0.0  269   42-318   121-553 (560)
     304 UniRef100_A0A6P8IPF1 5-hydroxy 100.0   2E-40 2.1E-46  258.3   0.0  264   43-315    64-362 (403)
     305 tr|W4XZB8|W4XZB8_STRPU Unchara 100.0 2.1E-40 2.1E-46  261.9   0.0  257   44-312    27-308 (400)
     306 tr|A0A1L8F837|A0A1L8F837_XENLA 100.0 2.2E-40 2.2E-46  254.5   0.0  263   44-316    33-318 (349)
     307 UniRef100_A0A3M6TKX3 G_PROTEIN 100.0 2.3E-40 2.3E-46  267.4   0.0  264   40-313    79-373 (427)
     308 UniRef100_A0A060W247 Cholecyst 100.0 2.3E-40 2.3E-46  271.3   0.0  272   37-314   128-476 (563)
     309 UniRef100_A0A026X164 G-protein 100.0 2.3E-40 2.3E-46  274.9   0.0  270   37-319   119-428 (604)
     310 UniRef100_A0A060X0R7 Uncharact 100.0 2.3E-40 2.3E-46  254.2   0.0  265   38-317    59-345 (383)
     311 UniRef100_A0A060W5H6 G_PROTEIN 100.0 2.4E-40 2.4E-46  274.1   0.0  260   42-310    92-383 (528)
     312 tr|A0A067RDC3|A0A067RDC3_ZOONE 100.0 2.4E-40 2.4E-46  271.4   0.0  272   39-318    74-367 (506)
     313 UniRef100_A0A061QLL1 Putative  100.0 2.7E-40 2.7E-46  264.4   0.0  266   41-315    50-422 (424)
     314 UniRef100_A0A087U880 Neuropept 100.0 2.7E-40 2.7E-46  263.0   0.0  263   40-311    72-360 (401)
     315 UniRef100_A0A0L8HHE2 G_PROTEIN 100.0 2.8E-40 2.8E-46  263.5   0.0  268   41-317     5-302 (385)
     316 UniRef100_UPI000219022F Endoly 100.0 2.7E-40 2.8E-46  261.3   0.0  259   43-316   207-488 (507)
     317 tr|A0A2B4R9G2|A0A2B4R9G2_STYPI 100.0 2.8E-40 2.8E-46  260.9   0.0  264   39-311    63-346 (378)
     318 UniRef100_A0A1S3HRK7 octopamin 100.0 3.1E-40 3.1E-46  268.5   0.0  262   43-313    71-349 (413)
     319 UniRef100_A0A026VXG0 Octopamin 100.0 3.1E-40 3.1E-46  275.4   0.0  264   40-311    85-537 (647)
     320 tr|W4Z3I5|W4Z3I5_STRPU Unchara 100.0 3.1E-40 3.2E-46  261.2   0.0  266   40-314    52-393 (461)
     321 tr|A7RNV5|A7RNV5_NEMVE Predict 100.0 3.2E-40 3.2E-46  258.4   0.0  261   43-311    38-323 (377)
     322 UniRef100_A0A151NBW6 Beta-3 ad 100.0 3.2E-40 3.3E-46  263.2   0.0  261   41-312    35-338 (490)
     323 tr|A0A2B4RSD1|A0A2B4RSD1_STYPI 100.0 3.4E-40 3.3E-46  271.7   0.0  267   40-314    54-381 (430)
     324 UniRef100_A0A6P4Z684 G-protein 100.0 3.3E-40 3.4E-46  259.9   0.0  291   17-313    30-345 (425)
     325 tr|A0A0P6IZB8|A0A0P6IZB8_9CRUS 100.0 3.4E-40 3.4E-46  266.4   0.0  269   40-318   206-498 (559)
     326 UniRef100_A0A193KU97 GCR058 n= 100.0 3.5E-40 3.5E-46  256.9   0.0  270   38-315    27-332 (379)
     327 tr|A0A1I8FSG9|A0A1I8FSG9_9PLAT 100.0 3.5E-40 3.5E-46  264.2   0.0  266   44-317   115-451 (550)
     328 tr|A0A151NBW9|A0A151NBW9_ALLMI 100.0 3.5E-40 3.5E-46  264.2   0.0  267   41-315    85-392 (472)
     329 UniRef100_A0A0A1XP15 Neuropept 100.0 3.7E-40 3.8E-46  257.3   0.0  268   41-316    76-375 (421)
     330 UniRef100_A0A6S7HDR1 5-hydroxy 100.0 3.8E-40 3.9E-46  258.6   0.0  272   41-315    42-349 (399)
     331 UniRef100_A0A3M6UME8 G_PROTEIN 100.0 3.9E-40 3.9E-46  262.1   0.0  264   38-314    41-325 (383)
     332 tr|A0A2B4S931|A0A2B4S931_STYPI 100.0   4E-40   4E-46  264.9   0.0  274   34-312    67-344 (398)
     333 UniRef100_A0A3M6UXY6 G_PROTEIN 100.0   4E-40   4E-46  261.1   0.0  264   41-315    45-312 (349)
     334 UniRef100_A0A1L8FNX2 G_PROTEIN 100.0   4E-40   4E-46  263.9   0.0  254   40-311    66-340 (400)
     335 UniRef100_A0A0C9RF21 CapaR_3 p 100.0 4.1E-40 4.1E-46  267.5   0.0  270   41-316    56-358 (532)
     336 UniRef100_A0A084WIC4 Short neu 100.0 4.1E-40 4.1E-46  267.8   0.0  268   40-315    96-387 (551)
     337 UniRef100_A0A067RIW6 G_PROTEIN 100.0 4.4E-40 4.5E-46  274.7   0.0  265   40-311   188-543 (705)
     338 UniRef100_UPI000B9126F2 D(1) d 100.0 4.4E-40 4.5E-46  256.5   0.0  265   41-316    22-320 (463)
     339 UniRef100_A0A2G8KT39 Putative  100.0 4.5E-40 4.5E-46  265.0   0.0  272   36-312    44-339 (383)
     340 UniRef100_A0A3B4UE11 Si:zfos-1 100.0 4.4E-40 4.5E-46  255.7   0.0  290   14-316    40-352 (441)
     341 ABNJ01.1.fsa_nt_gi|175437430|g 100.0 4.5E-40 4.5E-46  255.8   0.0  271   41-318    75-354 (362)
     342 UniRef100_A0A067RDC3 Prolactin 100.0 4.5E-40 4.5E-46  267.0   0.0  266   41-314    69-356 (541)
     343 UniRef100_A0A147B5F7 Adenosine 100.0 4.6E-40 4.7E-46  262.6   0.0  260   44-313    56-343 (492)
     344 UniRef100_A0A0A7KUZ5 Opsin 5 n 100.0 4.9E-40 4.9E-46  265.2   0.0  264   39-312    55-342 (407)
     345 UniRef100_A0A026X2D4 Alpha-1A  100.0 5.1E-40   5E-46  269.9   0.0  267   38-316    94-375 (461)
     346 tr|A0A0Q3X582|A0A0Q3X582_AMAAE 100.0 5.1E-40 5.1E-46  268.8   0.0  260   44-313    89-384 (504)
     347 tr|A7S8R9|A7S8R9_NEMVE Predict 100.0 5.2E-40 5.2E-46  262.4   0.0  272   38-317    27-341 (398)
     348 tr|A0A212EZN3|A0A212EZN3_DANPL 100.0 5.5E-40 5.6E-46  263.1   0.0  266   41-314    59-354 (488)
     349 tr|W8B9D1|W8B9D1_CERCA 5-hydro 100.0 6.3E-40 6.4E-46  266.6   0.0  268   42-316   268-628 (664)
     350 tr|A0A2B4RR50|A0A2B4RR50_STYPI 100.0 6.4E-40 6.4E-46  258.6   0.0  270   40-319    33-330 (411)
     351 UniRef100_UPI000A34DAF5 mRNA c 100.0 6.5E-40 6.7E-46  265.8   0.0  320    1-320   470-789 (863)
     352 tr|A7SFM3|A7SFM3_NEMVE Predict 100.0 6.8E-40 6.7E-46  263.2   0.0  278   37-319    39-342 (356)
     353 UniRef100_A0A0N0PF28 Orexin re 100.0 6.7E-40 6.8E-46  268.5   0.0  258   44-310   144-455 (588)
     354 UniRef100_A0A1L8HHP3 G_PROTEIN 100.0 6.7E-40 6.8E-46  255.8   0.0  264   39-316    48-341 (370)
     355 tr|A0A210R0K7|A0A210R0K7_MIZYE 100.0 6.8E-40 6.9E-46  259.6   0.0  269   38-312    75-423 (470)
     356 UniRef100_C3ZK20 G_PROTEIN_REC 100.0 6.9E-40 6.9E-46  262.3   0.0  263   42-315     6-322 (374)
     357 tr|A7SMQ7|A7SMQ7_NEMVE Predict 100.0 6.9E-40 6.9E-46  255.6   0.0  267   41-315    16-303 (358)
     358 tr|E6ZEU6|E6ZEU6_DICLA Neurome 100.0   7E-40   7E-46  264.6   0.0  271   40-315    92-395 (461)
     359 UniRef100_A0A087X781 Alpha-2Db 100.0 7.3E-40 7.4E-46  261.7   0.0  262   45-314    75-492 (495)
     360 UniRef100_A0A0L8FWF7 G_PROTEIN 100.0 7.5E-40 7.5E-46  274.0   0.0  270   43-321    98-553 (576)
     361 UniRef100_A0A087REY1 NPY-Y2 re 100.0 7.4E-40 7.5E-46  267.3   0.0  263   40-315   190-479 (599)
     362 UniRef100_A0A096MAY6 Alpha-1B  100.0 7.4E-40 7.5E-46  259.5   0.0  266   44-318    54-377 (489)
     363 UniRef100_A0A2R8QQ51 Trace ami 100.0 7.7E-40 7.7E-46  260.7   0.0  297    5-314    34-364 (459)
     364 UniRef100_A0A016TS00 G_PROTEIN 100.0 8.2E-40 8.2E-46  274.7   0.0  265   42-316   118-555 (622)
     365 tr|K1RR88|K1RR88_CRAGI 5-hydro 100.0 8.1E-40 8.3E-46  253.7   0.0  268   42-319    62-356 (407)
     366 tr|A0A1U7SLA2|A0A1U7SLA2_TARSY 100.0 8.2E-40 8.4E-46  264.0   0.0  263   45-316   133-451 (601)
     367 UniRef100_A0A067R4E0 Tachykini 100.0 8.5E-40 8.5E-46  259.1   0.0  263   41-311    54-341 (396)
     368 UniRef100_A0A2B4SUJ0 Melatonin 100.0 8.6E-40 8.6E-46  260.7   0.0  273   38-319    29-319 (399)
     369 UniRef100_A0A060VV87 Kappa-typ 100.0 8.4E-40 8.6E-46  264.8   0.0  266   38-316   192-479 (586)
     370 UniRef100_A0A2B4SYG2 5-hydroxy 100.0 8.8E-40 8.9E-46  257.2   0.0  260   40-311    33-313 (376)
     371 tr|A0A210QY69|A0A210QY69_MIZYE 100.0 9.4E-40 9.5E-46  251.7   0.0  272   38-320    88-383 (400)
     372 UniRef100_UPI000B90EEC3 octopa 100.0 9.4E-40 9.6E-46  251.2   0.0  265   44-317    71-375 (415)
     373 tr|A0A218VDE9|A0A218VDE9_9PASE 100.0 9.7E-40 9.9E-46  258.9   0.0  259   39-314    26-307 (556)
     374 tr|C7SLZ0|C7SLZ0_APLKU Seroton 100.0   1E-39   1E-45  265.7   0.0  265   43-316    79-426 (485)
     375 UniRef100_A0A0K0PUT0 Orphan G- 100.0   1E-39   1E-45  267.5   0.0  273   40-317    54-349 (400)
     376 UniRef100_A0A369SHZ1 5-hydroxy 100.0   1E-39   1E-45  257.6   0.0  268   41-315    32-332 (375)
     377 UniRef100_A0A6P8HUK6 melatonin 100.0 1.1E-39 1.1E-45  252.3   0.0  273   41-322    32-328 (374)
     378 UniRef100_A0A6P4Z5N5 muscarini 100.0 1.1E-39 1.1E-45  256.0   0.0  263   43-315    35-343 (357)
     379 UniRef100_A0A087T988 G-protein 100.0 1.1E-39 1.1E-45  261.5   0.0  268   38-318    66-380 (402)
     380 UniRef100_A0A060YTK2 Uncharact 100.0 1.2E-39 1.2E-45  256.0   0.0  266   37-315    85-379 (447)
     381 tr|M7BJE0|M7BJE0_CHEMY 5-hydro 100.0 1.2E-39 1.2E-45  270.6   0.0  261   44-315   279-593 (685)
     382 tr|C3XVU5|C3XVU5_BRAFL Unchara 100.0 1.2E-39 1.2E-45  256.7   0.0  267   39-313    64-355 (439)
     383 UniRef100_A0A182H1J6 G_PROTEIN 100.0 1.2E-39 1.2E-45  276.9   0.0  171   37-213   319-511 (1005)
     384 UniRef100_A0A6F9DEB9 5-hydroxy 100.0 1.3E-39 1.3E-45  264.0   0.0  258   42-312    61-357 (426)
     385 tr|Q6VUB7|Q6VUB7_BRAFL Dopamin 100.0 1.3E-39 1.3E-45  247.4   0.0  265   40-316    43-340 (394)
     386 tr|A0A182FRI7|A0A182FRI7_ANOAL 100.0 1.3E-39 1.3E-45  275.9   0.0  169   43-217   119-304 (677)
     387 UniRef100_A0A0K0PUL2 DH31-like 100.0 1.3E-39 1.3E-45  254.0   0.0  267   38-315    50-334 (375)
     388 tr|B4KC34|B4KC34_DROMO Unchara 100.0 1.4E-39 1.4E-45  270.7   0.0  263   41-312   197-490 (670)
     389 UniRef100_A0A087YRJ8 Trace ami 100.0 1.4E-39 1.5E-45  263.4   0.0  260   44-313   127-403 (491)
     390 UniRef100_A0A026WM41 Dopamine  100.0 1.6E-39 1.6E-45  274.0   0.0  171   38-214   161-345 (659)
     391 tr|R4J1H6|R4J1H6_SALSA Cholecy 100.0 1.7E-39 1.7E-45  255.6   0.0  272   38-315    48-407 (461)
     392 tr|A0A147AVH6|A0A147AVH6_FUNHE 100.0 1.7E-39 1.7E-45  266.1   0.0  267   37-312   193-618 (618)
     393 tr|B4JN40|B4JN40_DROGR GH24210 100.0 1.7E-39 1.7E-45  257.9   0.0  264   39-313   119-407 (436)
     394 UniRef100_A0A016UUZ5 G_PROTEIN 100.0 1.8E-39 1.8E-45  259.8   0.0  261   45-315    83-413 (486)
     395 UniRef100_A0A4W4DTE3 G_PROTEIN 100.0 1.8E-39 1.8E-45  256.4   0.0  267   38-317    54-345 (379)
     396 tr|A0A182XXT9|A0A182XXT9_ANOST 100.0 1.8E-39 1.8E-45  256.2   0.0  258   44-312    82-390 (426)
     397 tr|A0A2H1W6Q0|A0A2H1W6Q0_SPOFR 100.0 1.8E-39 1.8E-45  260.9   0.0  268   41-316    75-365 (466)
     398 UniRef100_A0A0A1WLH2 Somatosta 100.0 1.8E-39 1.9E-45  268.0   0.0  266   38-315   218-508 (667)
     399 UniRef100_A0A067R841 G_PROTEIN 100.0 1.9E-39 1.9E-45  266.9   0.0  273   36-314   106-409 (526)
     400 UniRef100_A0A6P8HVR8 galanin r 100.0   2E-39   2E-45  255.0   0.0  270   37-313    23-319 (381)
     401 tr|A0A232F8D2|A0A232F8D2_9HYME 100.0   2E-39   2E-45  259.0   0.0  266   41-313    76-369 (478)
     402 UniRef100_E9HAW0 G_PROTEIN_REC 100.0 2.1E-39 2.1E-45  254.2   0.0  259   39-309    67-351 (393)
     403 UniRef100_A0A077Z2V7 Neuropept 100.0 2.1E-39 2.1E-45  257.8   0.0  270   39-312    72-373 (451)
     404 tr|A0A1S3FYW5|A0A1S3FYW5_DIPOR 100.0 2.1E-39 2.2E-45  248.4   0.0  268   38-318    71-362 (385)
     405 UniRef100_A0A068YA15 Neuropept 100.0 2.1E-39 2.2E-45  262.2   0.0  265   41-310    77-391 (510)
     406 UniRef100_A0A2B4SID7 Neuropept 100.0 2.2E-39 2.2E-45  261.9   0.0  271   40-315    85-380 (462)
     407 UniRef100_A0A087XUD9 Dopamine  100.0 2.3E-39 2.3E-45  259.9   0.0  268   38-314    81-404 (510)
     408 tr|A0A0K0PUV0|A0A0K0PUV0_PLADU 100.0 2.4E-39 2.4E-45  255.1   0.0  269   38-317    17-336 (373)
     409 SRR6218665_147192              100.0 2.5E-39 2.5E-45  258.5   0.0  274   38-319   102-401 (466)
     410 UniRef100_A0A3B5MNK7 G_PROTEIN 100.0 2.5E-39 2.6E-45  251.7   0.0  263   43-314    35-348 (455)
     411 tr|A0A2B4REF9|A0A2B4REF9_STYPI 100.0 2.6E-39 2.6E-45  284.5   0.0  275   38-316   927-1232(1279)
     412 tr|J9JRI9|J9JRI9_ACYPI Unchara 100.0 2.6E-39 2.6E-45  256.7   0.0  265   41-314    39-333 (490)
     413 tr|A0A2B4SSL5|A0A2B4SSL5_STYPI 100.0 2.6E-39 2.6E-45  247.3   0.0  270   37-317    22-312 (344)
     414 UniRef100_A0A060WGF3 B2 bradyk 100.0 2.7E-39 2.7E-45  272.1   0.0  258   42-312   165-449 (589)
     415 UniRef100_A0A6G8J3P5 Melanin-c 100.0 2.7E-39 2.8E-45  255.3   0.0  267   38-314    63-351 (460)
     416 tr|A0A091DLL4|A0A091DLL4_FUKDA 100.0 2.8E-39 2.8E-45  253.4   0.0  264   42-316    39-346 (474)
     417 UniRef100_A0A068WTW9 Tachykini 100.0 2.8E-39 2.9E-45  257.2   0.0  264   41-314    50-359 (453)
     418 tr|A7RKH9|A7RKH9_NEMVE Predict 100.0 2.9E-39 2.9E-45  251.6   0.0  264   39-316    28-315 (336)
     419 SRR6218665_799277              100.0 2.9E-39   3E-45  251.2   0.0  269   40-315   128-420 (456)
     420 tr|F7E6B1|F7E6B1_MONDO Tachyki 100.0   3E-39 3.1E-45  255.6   0.0  268   39-315    97-385 (475)
     421 UniRef100_A0A0P7XS52 Trace ami 100.0 3.1E-39 3.1E-45  272.5   0.0  261   43-313   364-655 (726)
     422 tr|A0A0L7QUK8|A0A0L7QUK8_9HYME 100.0 3.4E-39 3.4E-45  268.3   0.0  267   41-314   206-498 (806)
     423 tr|A0A0P7XE55|A0A0P7XE55_9TELE 100.0 3.4E-39 3.4E-45  266.2   0.0  269   42-319    56-372 (782)
     424 UniRef100_A0A023WAQ6 Melanocor 100.0 3.5E-39 3.6E-45  234.7   0.0  266   48-313     2-267 (274)
     425 UniRef100_A0A060ILH2 Neuromedi 100.0 3.5E-39 3.6E-45  263.8   0.0  268   41-314   181-477 (606)
     426 UniRef100_A0A6P8H485 beta-2 ad 100.0 3.6E-39 3.6E-45  260.6   0.0  271   41-321    62-365 (411)
     427 UniRef100_A0A3M6TI37 G_PROTEIN 100.0 3.7E-39 3.7E-45  253.8   0.0  265   37-316    41-309 (339)
     428 tr|A7RRH0|A7RRH0_NEMVE Predict 100.0 3.7E-39 3.8E-45  268.4   0.0  271   37-316    27-317 (700)
     429 UniRef100_A0A087RCY8 5-hydroxy 100.0 3.8E-39 3.8E-45  266.8   0.0  275   37-316   145-472 (567)
     430 tr|L8Y5L0|L8Y5L0_TUPCH Alpha-2 100.0 3.8E-39 3.8E-45  271.7   0.0  263   44-316   401-820 (823)
     431 ERR1719361_2001115             100.0 3.8E-39 3.8E-45  257.6   0.0  268   40-317    28-327 (415)
     432 tr|A0A210QNG6|A0A210QNG6_MIZYE 100.0 3.9E-39   4E-45  259.6   0.0  309    1-317     1-342 (498)
     433 tr|A0A0A7RC79|A0A0A7RC79_RHOPR 100.0   4E-39   4E-45  251.8   0.0  269   39-317    78-376 (404)
     434 UniRef100_A0A2P8Z628 Octopamin 100.0   4E-39   4E-45  256.1   0.0  267   39-313    53-415 (477)
     435 UniRef100_F6ZHC8 Uncharacteriz 100.0   4E-39   4E-45  260.4   0.0  267   40-313    91-463 (520)
     436 tr|A0A0V1MVC7|A0A0V1MVC7_9BILA 100.0 4.1E-39 4.2E-45  264.5   0.0  263   42-315    86-379 (598)
     437 UniRef100_A0A6A4WEU8 5-hydroxy 100.0 4.4E-39 4.5E-45  260.9   0.0  268   40-315    71-440 (535)
     438 tr|A0A182L9N8|A0A182L9N8_9DIPT 100.0 4.5E-39 4.5E-45  260.8   0.0  264   42-314    94-382 (490)
     439 UniRef100_A0A1I7STM2 (pine woo 100.0 4.9E-39 4.9E-45  260.6   0.0  265   40-312    84-384 (430)
     440 UniRef100_A0A6P4ZN87 somatosta 100.0   5E-39   5E-45  253.1   0.0  268   38-315    34-329 (391)
     441 UniRef100_A0A084WCX2 AGAP00493 100.0   5E-39   5E-45  260.7   0.0  260   42-314   100-388 (474)
     442 tr|A7SFG7|A7SFG7_NEMVE Predict 100.0 5.2E-39 5.2E-45  252.2   0.0  265   37-311    24-309 (364)
     443 tr|A0A1I8MQS0|A0A1I8MQS0_MUSDO 100.0 5.2E-39 5.2E-45  266.8   0.0  265   39-315   152-440 (572)
     444 UniRef100_A0A2B4RYF4 Neuropept 100.0 5.2E-39 5.2E-45  247.6   0.0  267   37-313    31-314 (401)
     445 UniRef100_A0A3M6TID3 G_PROTEIN 100.0 5.3E-39 5.2E-45  253.0   0.0  256   42-309    42-298 (347)
     446 Marorgknorr_s2lv_2_1036014.sca 100.0 5.3E-39 5.3E-45  254.8   0.0  275   38-321    31-338 (366)
     447 UniRef100_A0A0E3EKU4 Allatotro 100.0 5.5E-39 5.6E-45  256.7   0.0  264   44-316   139-433 (562)
     448 UniRef100_A0A2D0RHY1 Alpha-1B  100.0 5.6E-39 5.7E-45  256.5   0.0  269   42-319   121-437 (562)
     449 tr|A0A1A8EW90|A0A1A8EW90_9TELE 100.0 6.4E-39 6.5E-45  252.6   0.0  262   39-313    47-332 (444)
     450 tr|A0A182U1B5|A0A182U1B5_9DIPT 100.0 6.7E-39 6.8E-45  262.1   0.0  268   40-315    43-344 (620)
     451 UniRef100_A0A1S3F7I6 neuropept 100.0 6.8E-39 6.9E-45  266.3   0.0  264   41-312   255-555 (712)
     452 UniRef100_A0A3M6UDU2 G_PROTEIN 100.0 7.6E-39 7.5E-45  260.8   0.0  269   38-311    41-329 (402)
     453 tr|A0A218UTA6|A0A218UTA6_9PASE 100.0 7.5E-39 7.6E-45  264.1   0.0  266   44-318    65-447 (738)
     454 tr|A0A146NR64|A0A146NR64_FUNHE 100.0 7.5E-39 7.6E-45  253.2   0.0  266   37-315   120-421 (449)
     455 tr|Q8MTW6|Q8MTW6_SPISO Putativ 100.0 7.8E-39 7.9E-45  249.8   0.0  270   38-315    38-351 (388)
     456 ERR1719510_236906              100.0   8E-39   8E-45  265.4   0.0  273   41-321    87-380 (577)
     457 UniRef100_A0A132AJH3 7 transme 100.0 8.4E-39 8.4E-45  259.7   0.0  265   40-312    72-384 (447)
     458 UniRef100_A0A2G8K804 Putative  100.0 8.5E-39 8.5E-45  256.2   0.0  268   41-315    63-440 (451)
     459 UniRef100_A0A0P6J0T1 Putative  100.0 8.7E-39 8.8E-45  269.7   0.0  266   41-311   107-406 (735)
     460 UniRef100_A0A2G8JD30 Putative  100.0 8.7E-39 8.8E-45  243.7   0.0  264   43-314    31-316 (323)
     461 UniRef100_A0A023ETT6 Putative  100.0 8.8E-39   9E-45  259.5   0.0  266   39-315   156-447 (612)
     462 tr|Q29XY7|Q29XY7_APLCA Dopamin 100.0   9E-39 9.1E-45  254.1   0.0  265   39-313    57-376 (450)
     463 tr|K1QHX9|K1QHX9_CRAGI Somatos 100.0 9.1E-39 9.1E-45  258.1   0.0  264   38-314    50-339 (456)
     464 tr|W4Z9U8|W4Z9U8_STRPU Unchara 100.0 9.1E-39 9.2E-45  248.4   0.0  272   39-318   110-415 (434)
     465 tr|A7RF67|A7RF67_NEMVE Predict 100.0 9.4E-39 9.4E-45  250.9   0.0  277   36-317    19-315 (375)
     466 UniRef100_A0A2B4SAD4 5-hydroxy 100.0   1E-38   1E-44  254.1   0.0  277   31-317    41-340 (376)
     467 UniRef100_A0A087R2J6 Neuropept 100.0   1E-38   1E-44  263.4   0.0  264   41-312   217-517 (638)
     468 tr|W5MC67|W5MC67_LEPOC Pyroglu 100.0   1E-38   1E-44  250.5   0.0  267   40-312    57-357 (441)
     469 tr|A0A096NTW4|A0A096NTW4_PAPAN 100.0   1E-38   1E-44  251.5   0.0  270   40-316   136-428 (442)
     470 tr|A0A1I8PG61|A0A1I8PG61_STOCA 100.0   1E-38   1E-44  266.8   0.0  266   38-315   301-593 (716)
     471 tr|A0A2C9K1H0|A0A2C9K1H0_BIOGL 100.0   1E-38   1E-44  258.9   0.0  260   44-313    13-295 (607)
     472 tr|K1PQW2|K1PQW2_CRAGI Putativ 100.0   1E-38   1E-44  249.7   0.0  272   37-316    58-355 (437)
     473 UniRef100_A0A060VNF4 G_PROTEIN 100.0   1E-38   1E-44  262.1   0.0  264   38-314   132-431 (566)
     474 tr|A0A0P7Y9H4|A0A0P7Y9H4_9TELE 100.0   1E-38 1.1E-44  253.3   0.0  259   44-312    47-335 (485)
     475 tr|A7T260|A7T260_NEMVE Predict 100.0 1.1E-38 1.1E-44  247.2   0.0  265   41-313    33-302 (349)
     476 UniRef100_A0A6S7I697 Neuropept 100.0 1.1E-38 1.1E-44  246.1   0.0  274   40-318    47-359 (374)
     477 UniRef100_A0A087QSW5 5-hydroxy 100.0 1.1E-38 1.1E-44  255.4   0.0  268   41-316   182-516 (570)
     478 tr|A0A1S3NPB2|A0A1S3NPB2_SALSA 100.0 1.1E-38 1.1E-44  252.5   0.0  273   35-316    38-333 (443)
     479 UniRef100_A0A023F665 Putative  100.0 1.2E-38 1.2E-44  262.9   0.0  272   36-313   143-448 (573)
     480 UniRef100_A0A0P7U357 Apelin re 100.0 1.2E-38 1.2E-44  252.8   0.0  263   40-315    61-344 (401)
     481 UniRef100_A0A0L8FP69 G_PROTEIN 100.0 1.2E-38 1.2E-44  252.3   0.0  264   41-316    53-343 (488)
     482 UniRef100_A0A315VGZ0 Melanocor 100.0 1.2E-38 1.2E-44  253.0   0.0  291   31-321   374-664 (681)
     483 tr|A0A087X8Q0|A0A087X8Q0_POEFO 100.0 1.2E-38 1.2E-44  254.6   0.0  262   44-315    14-309 (456)
     484 tr|A0A2B4RGY6|A0A2B4RGY6_STYPI 100.0 1.3E-38 1.2E-44  251.6   0.0  267   41-315    11-297 (348)
     485 UniRef100_A0A3M6TKY7 G_PROTEIN 100.0 1.3E-38 1.3E-44  265.5   0.0  260   41-313    60-339 (432)
     486 tr|Q9NHF3|Q9NHF3_APLCA Octopam 100.0 1.3E-38 1.3E-44  244.5   0.0  267   39-313    41-350 (394)
     487 UniRef100_A0A1D2M255 Somatosta 100.0 1.3E-38 1.3E-44  246.9   0.0  264   37-311    36-320 (382)
     488 UniRef100_A0A2B4RVY2 Melanopsi 100.0 1.3E-38 1.3E-44  258.1   0.0  268   35-313    62-354 (452)
     489 UniRef100_A0A067RKH6 Putative  100.0 1.3E-38 1.3E-44  263.1   0.0  268   40-313   100-411 (501)
     490 UniRef100_A0A034WQT6 Tachykini 100.0 1.4E-38 1.4E-44  261.7   0.0  265   41-313   121-417 (694)
     491 UniRef100_A0A060X7S9 B2 bradyk 100.0 1.4E-38 1.4E-44  259.9   0.0  260   44-316   121-407 (491)
     492 UniRef100_A0A1S3IXU9 RYamide r 100.0 1.4E-38 1.4E-44  247.7   0.0  269   40-315    38-331 (438)
     493 UniRef100_A0A0P7Y8S7 Nocicepti 100.0 1.4E-38 1.5E-44  248.3   0.0  287   12-312    95-404 (467)
     494 UniRef100_A0A6P8H157 QRFP-like 100.0 1.5E-38 1.5E-44  252.1   0.0  265   42-317    47-330 (351)
     495 tr|W5JTF9|W5JTF9_ANODA Somatos 100.0 1.5E-38 1.5E-44  256.1   0.0  268   38-315    56-348 (526)
     496 tr|A0A1A9ZM95|A0A1A9ZM95_GLOPL 100.0 1.5E-38 1.5E-44  250.6   0.0  267   41-315    99-394 (481)
     497 tr|A0A182QHF8|A0A182QHF8_9DIPT 100.0 1.5E-38 1.5E-44  257.5   0.0  268   40-315   104-407 (581)
     498 UniRef100_A0A034VDT7 Tyramine/ 100.0 1.5E-38 1.5E-44  272.6   0.0  268   42-317   291-718 (820)
     499 tr|L7LWW3|L7LWW3_9ACAR Putativ 100.0 1.6E-38 1.6E-44  260.2   0.0  171   39-215   113-297 (624)
     500 ERR1719341_586736              100.0 1.6E-38 1.6E-44  257.5   0.0  270   40-319    58-359 (513)
     
  > Uniprot already searched, skipping.
> Running chain B
  > Uniref90 already searched, skipping.
  > Mgnify already searched, skipping.
  > Running hhblits on bfd_uniref30
- 05:27:42.996 INFO: Searching 65983866 column state sequences.

- 05:27:46.943 INFO: Searching 29291635 column state sequences.

- 05:27:47.011 INFO: mc5r_human-1333/msas/B/chain_B.fasta is in A2M, A3M or FASTA format

- 05:27:47.012 INFO: Iteration 1

- 05:27:47.031 INFO: Prefiltering database

- 05:33:00.062 INFO: HMMs passed 1st prefilter (gapless profile-profile alignment)  : 27618

- 05:35:42.792 INFO: HMMs passed 1st prefilter (gapless profile-profile alignment)  : 34358

- 05:35:42.866 INFO: HMMs passed 2nd prefilter (gapped profile-profile alignment)   : 62

- 05:35:42.866 INFO: HMMs passed 2nd prefilter and not found in previous iterations : 62

- 05:35:42.866 INFO: Scoring 62 HMMs using HMM-HMM Viterbi alignment

- 05:35:42.924 INFO: Alternative alignment: 0

- 05:36:28.563 INFO: 62 alignments done

- 05:36:28.563 INFO: Alternative alignment: 1

- 05:36:28.569 INFO: 61 alignments done

- 05:36:28.569 INFO: Alternative alignment: 2

- 05:36:28.572 INFO: 15 alignments done

- 05:36:28.572 INFO: Alternative alignment: 3

- 05:36:28.575 INFO: 11 alignments done

- 05:36:28.659 INFO: Premerge done

- 05:36:28.659 INFO: Realigning 89 HMM-HMM alignments using Maximum Accuracy algorithm

- 05:36:38.875 INFO: 16 sequences belonging to 16 database HMMs found with an E-value < 0.001

- 05:36:38.875 INFO: Number of effective sequences of resulting query HMM: Neff = 6.49599

- 05:36:38.880 INFO: Iteration 2

- 05:36:38.880 INFO: Set premerge to 0! (premerge: 3 iteration: 2 hits.Size: 13)

- 05:36:38.890 INFO: Prefiltering database

- 05:37:21.209 INFO: HMMs passed 1st prefilter (gapless profile-profile alignment)  : 1000

- 05:37:41.405 INFO: HMMs passed 1st prefilter (gapless profile-profile alignment)  : 3269

- 05:37:41.426 INFO: HMMs passed 2nd prefilter (gapped profile-profile alignment)   : 14

- 05:37:41.426 INFO: HMMs passed 2nd prefilter and not found in previous iterations : 5

- 05:37:41.426 INFO: Scoring 5 HMMs using HMM-HMM Viterbi alignment

- 05:37:41.470 INFO: Alternative alignment: 0

- 05:37:41.471 INFO: 5 alignments done

- 05:37:41.471 INFO: Alternative alignment: 1

- 05:37:41.473 INFO: 3 alignments done

- 05:37:41.473 INFO: Alternative alignment: 2

- 05:37:41.473 INFO: Alternative alignment: 3

- 05:37:41.492 INFO: No new hits found in iteration 2 => Stop searching

- 05:37:41.492 INFO: Rescoring previously found HMMs with Viterbi algorithm

- 05:37:41.528 INFO: Alternative alignment: 0

- 05:37:41.531 INFO: 13 alignments done

- 05:37:41.531 INFO: Alternative alignment: 1

- 05:37:41.533 INFO: 13 alignments done

- 05:37:41.533 INFO: Alternative alignment: 2

- 05:37:41.535 INFO: 3 alignments done

- 05:37:41.535 INFO: Alternative alignment: 3

- 05:37:41.553 INFO: Realigning 19 HMM-HMM alignments using Maximum Accuracy algorithm

- 05:37:41.571 INFO: 16 sequences belonging to 16 database HMMs found with an E-value < 0.001

- 05:37:41.571 INFO: Number of effective sequences of resulting query HMM: Neff = 6.49599

     Query         &gamma;-MSH gtp:1333
     Match_columns 11
     No_of_seqs    25 out of 266
     Neff          6.49599
     Searched_HMMs 62
     Date          Fri Feb 24 05:37:41 2023
     Command       hhblits -i mc5r_human-1333/msas/B/chain_B.fasta -cpu 2 -maxmem 20 -oa3m /projects/ilfgrid/people/nqz918/code/deorph/scripts/af_arman/af_jobs_af23/mc5r_human/1333//mc5r_human-1333/msas/B/bfd_uniref_hits.a3m -o /dev/null -n 3 -e 0.001 -maxseq 1000000 -realign_max 100000 -maxfilt 100000 -min_prefilter_hits 1000 -d /projects/ilfgrid/data/alphafold-genetic-databases///bfd/bfd_metaclust_clu_complete_id30_c90_final_seq.sorted_opt -d /projects/ilfgrid/data/alphafold-genetic-databases///uniref30/UniRef30_2021_03 
     
      No Hit                             Prob E-value P-value  Score    SS Cols Query HMM  Template HMM
       1 UniRef100_P41989 Melanotropin   98.1 7.1E-08 7.3E-14   28.1   0.0   11    1-11      1-11  (11)
       2 UniRef100_K7QX41 Pro-opiomelan  96.7 0.00033 3.4E-10   27.1   0.0   11    1-11     33-43  (49)
       3 tr|A0A287ACZ2|A0A287ACZ2_PIG P  96.7 0.00037 4.1E-10   33.9   0.0   11    1-11    156-166 (346)
       4 UniRef100_A0A193H5S4 Adrenocor  96.6 0.00045   5E-10   33.0   0.0   11    1-11     33-43  (273)
       5 UniRef100_A0A3P4QD44 NPP domai  96.6 0.00064 6.6E-10   29.6   0.0   11    1-11     72-82  (116)
       6 tr|I3LKG8|I3LKG8_PIG Pro-opiom  96.5  0.0008 9.4E-10   33.2   0.0   11    1-11    191-201 (381)
       7 UniRef100_A0A089FHF1 Adrenocor  96.4 0.00098 1.1E-09   29.5   0.0   11    1-11     30-40  (126)
       8 UniRef100_A0A023WBK5 Adrenocor  96.2  0.0017   2E-09   31.2   0.0   11    1-11     77-87  (264)
       9 UniRef100_A0A096N6S7 Adrenocor  96.2  0.0021 2.4E-09   32.0   0.0   11    1-11    156-166 (375)
      10 UniRef100_A0A5F9CW27 NPP domai  95.7  0.0085 8.7E-09   29.1   0.0   11    1-11     72-82  (285)
      11 UniRef100_A0A1B1FEH1 Proopiome  95.4   0.018 1.9E-08   25.2   0.0   11    1-11     23-33  (98)
      12 UniRef100_A0A7J7EB80 Adrenocor  95.3   0.022 2.3E-08   28.9   0.0   11    1-11    213-223 (399)
      13 UniRef100_A0A4X1TXQ0 Adrenocor  95.2   0.025 2.6E-08   28.7   0.0   11    1-11    225-235 (415)
      14 UniRef100_UPI0004F01464 pro-op  95.0   0.035 3.6E-08   25.4   0.0   11    1-11     80-90  (139)
      15 UniRef100_A0A6P3HIC3 Adrenocor  94.7   0.053 5.9E-08   26.2   0.0   10    1-10     77-86  (207)
      16 UniRef100_UPI001403D22C LOW QU  94.7   0.059 6.1E-08   25.6   0.0   11    1-11     63-73  (188)
      17 UniRef100_A0A1B1FEH1 Proopiome  79.5      14 1.5E-05   17.5   0.0   10    1-10     89-98  (98)
      18 UniRef100_A0A097ZJL4 Adrenocor  57.8      91  0.0001   16.9   0.0   10    1-10     92-101 (203)
      19 UniRef100_UPI0004F01464 pro-op  48.0 1.8E+02 0.00018   15.2   0.0    9    1-9     131-139 (139)
     
  > Uniprot already searched, skipping.

>> Job finished at: Fri Feb 24 05:37:47 CET 2023

>> Runtime: 12162 s
