>> Job started at: Thu Mar  9 03:01:49 CET 2023
   On Machine:     ilfgridgpun01fl.unicph.domain
   In directory:   /projects/ilfgrid/people/nqz918/code/deorph/scripts/af_arman/af_jobs_af23/oprk_human/1622

>> GPU is 

Loaded miniconda shell environment for bash
> Running 'prep_MSAs.sh'
  > Alphafold-DB directory is set to /projects/ilfgrid/data/alphafold-genetic-databases//
  > Number of cores was set to set to 4
  > Max memory set to 20 GB
  > Output directory was set to /projects/ilfgrid/people/nqz918/code/deorph/scripts/af_arman/af_jobs_af23/oprk_human/1622/
  > Input fastafile was set to /projects/ilfgrid/people/nqz918/code/deorph/scripts/af_arman/af_jobs_af23/oprk_human/1622/oprk_human-1622.fasta
> Splitting fastafile
> Running chain A
  > Uniref90 already searched, skipping.
  > Mgnify already searched, skipping.
  > Running hhblits on bfd_uniref30
- 03:02:10.264 INFO: Searching 65983866 column state sequences.

- 03:02:11.337 INFO: Searching 29291635 column state sequences.

- 03:02:11.375 INFO: oprk_human-1622/msas/A/chain_A.fasta is in A2M, A3M or FASTA format

- 03:02:11.376 INFO: Iteration 1

- 03:02:11.514 INFO: Prefiltering database

- 03:03:31.980 INFO: HMMs passed 1st prefilter (gapless profile-profile alignment)  : 3851824

- 03:04:21.915 INFO: HMMs passed 1st prefilter (gapless profile-profile alignment)  : 1244932

- 03:04:25.701 INFO: HMMs passed 2nd prefilter (gapped profile-profile alignment)   : 37075

- 03:04:25.701 INFO: HMMs passed 2nd prefilter and not found in previous iterations : 37075

- 03:04:25.701 INFO: Scoring 37075 HMMs using HMM-HMM Viterbi alignment

- 03:04:25.753 INFO: Alternative alignment: 0

- 03:04:26.464 INFO: 2000 alignments done

- 03:04:27.101 INFO: 4000 alignments done

- 03:04:27.772 INFO: 6000 alignments done

- 03:04:28.303 INFO: 8000 alignments done

- 03:04:28.721 INFO: 10000 alignments done

- 03:04:29.285 INFO: 12000 alignments done

- 03:04:29.847 INFO: 14000 alignments done

- 03:04:30.362 INFO: 16000 alignments done

- 03:04:30.844 INFO: 18000 alignments done

- 03:04:31.285 INFO: 20000 alignments done

- 03:04:31.751 INFO: 22000 alignments done

- 03:04:32.248 INFO: 24000 alignments done

- 03:04:32.734 INFO: 26000 alignments done

- 03:04:33.223 INFO: 28000 alignments done

- 03:04:33.767 INFO: 30000 alignments done

- 03:04:34.181 INFO: 32000 alignments done

- 03:04:34.545 INFO: 34000 alignments done

- 03:04:34.918 INFO: 36000 alignments done

- 03:04:35.121 INFO: 37075 alignments done

- 03:04:35.123 INFO: Alternative alignment: 1

- 03:04:44.179 INFO: 36361 alignments done

- 03:04:44.262 INFO: Alternative alignment: 2

- 03:04:46.720 INFO: 7271 alignments done

- 03:04:46.726 INFO: Alternative alignment: 3

- 03:04:47.288 INFO: 1153 alignments done

- 03:04:48.150 INFO: Premerge done

- 03:04:48.153 INFO: Realigning 18637 HMM-HMM alignments using Maximum Accuracy algorithm

- 03:06:28.589 INFO: 18640 sequences belonging to 18640 database HMMs found with an E-value < 0.001

- 03:06:28.590 INFO: Number of effective sequences of resulting query HMM: Neff = 10.3132

- 03:06:28.878 INFO: Iteration 2

- 03:06:28.878 INFO: Set premerge to 0! (premerge: 3 iteration: 2 hits.Size: 18637)

- 03:06:28.000 INFO: Prefiltering database

- 03:07:44.820 INFO: HMMs passed 1st prefilter (gapless profile-profile alignment)  : 7349287

- 03:08:39.725 INFO: HMMs passed 1st prefilter (gapless profile-profile alignment)  : 2661934

- 03:08:48.497 INFO: HMMs passed 2nd prefilter (gapped profile-profile alignment)   : 84610

- 03:08:48.497 INFO: HMMs passed 2nd prefilter and not found in previous iterations : 66534

- 03:08:48.497 INFO: Scoring 66534 HMMs using HMM-HMM Viterbi alignment

- 03:08:48.550 INFO: Alternative alignment: 0

- 03:08:49.210 INFO: 2000 alignments done

- 03:08:49.842 INFO: 4000 alignments done

- 03:08:50.511 INFO: 6000 alignments done

- 03:08:51.031 INFO: 8000 alignments done

- 03:08:51.458 INFO: 10000 alignments done

- 03:08:51.884 INFO: 12000 alignments done

- 03:08:51.886 INFO: Stop after DB-HHM: 12000 because early stop  14.3922 < filter cutoff 20

- 03:08:51.886 INFO: Alternative alignment: 1

- 03:08:54.351 INFO: 8027 alignments done

- 03:08:54.361 INFO: Alternative alignment: 2

- 03:08:54.724 INFO: 727 alignments done

- 03:08:54.724 INFO: Alternative alignment: 3

- 03:08:54.803 INFO: 113 alignments done

- 03:08:54.877 INFO: Realigning 3361 HMM-HMM alignments using Maximum Accuracy algorithm

- 03:09:22.128 INFO: 22001 sequences belonging to 22001 database HMMs found with an E-value < 0.001

- 03:09:22.128 INFO: Number of effective sequences of resulting query HMM: Neff = 10.5179

- 03:09:22.235 INFO: Iteration 3

- 03:09:22.354 INFO: Prefiltering database

- 03:10:34.408 INFO: HMMs passed 1st prefilter (gapless profile-profile alignment)  : 7441962

- 03:11:27.222 INFO: HMMs passed 1st prefilter (gapless profile-profile alignment)  : 2684419

- 03:11:35.693 INFO: HMMs passed 2nd prefilter (gapped profile-profile alignment)   : 83578

- 03:11:35.693 INFO: HMMs passed 2nd prefilter and not found in previous iterations : 62171

- 03:11:35.693 INFO: Scoring 62171 HMMs using HMM-HMM Viterbi alignment

- 03:11:35.741 INFO: Alternative alignment: 0

- 03:11:36.552 INFO: 2000 alignments done

- 03:11:37.360 INFO: 4000 alignments done

- 03:11:37.893 INFO: 6000 alignments done

- 03:11:38.400 INFO: 8000 alignments done

- 03:11:38.403 INFO: Stop after DB-HHM: 8000 because early stop  18.143 < filter cutoff 20

- 03:11:38.403 INFO: Alternative alignment: 1

- 03:11:40.314 INFO: 5171 alignments done

- 03:11:40.325 INFO: Alternative alignment: 2

- 03:11:40.676 INFO: 553 alignments done

- 03:11:40.677 INFO: Alternative alignment: 3

- 03:11:40.771 INFO: 100 alignments done

- 03:11:40.842 INFO: Rescoring previously found HMMs with Viterbi algorithm

- 03:11:40.885 INFO: Alternative alignment: 0

- 03:11:41.550 INFO: 2000 alignments done

- 03:11:42.211 INFO: 4000 alignments done

- 03:11:42.798 INFO: 6000 alignments done

- 03:11:43.322 INFO: 8000 alignments done

- 03:11:43.871 INFO: 10000 alignments done

- 03:11:44.415 INFO: 12000 alignments done

- 03:11:44.973 INFO: 14000 alignments done

- 03:11:45.501 INFO: 16000 alignments done

- 03:11:46.031 INFO: 18000 alignments done

- 03:11:46.572 INFO: 20000 alignments done

- 03:11:46.954 INFO: 21406 alignments done

- 03:11:46.958 INFO: Alternative alignment: 1

- 03:11:53.188 INFO: 21406 alignments done

- 03:11:53.222 INFO: Alternative alignment: 2

- 03:11:53.948 INFO: 1734 alignments done

- 03:11:53.950 INFO: Alternative alignment: 3

- 03:11:54.105 INFO: 260 alignments done

- 03:11:54.348 INFO: Premerge done

- 03:11:54.349 INFO: Realigning 22224 HMM-HMM alignments using Maximum Accuracy algorithm

- 03:12:38.702 INFO: 22346 sequences belonging to 22346 database HMMs found with an E-value < 0.001

- 03:12:38.702 INFO: Number of effective sequences of resulting query HMM: Neff = 10.5508

     Query         oprk_human P41145
     Match_columns 380
     No_of_seqs    2888 out of 253215
     Neff          10.5508
     Searched_HMMs 95277
     Date          Thu Mar  9 03:12:38 2023
     Command       hhblits -i oprk_human-1622/msas/A/chain_A.fasta -cpu 4 -maxmem 20 -oa3m /projects/ilfgrid/people/nqz918/code/deorph/scripts/af_arman/af_jobs_af23/oprk_human/1622//oprk_human-1622/msas/A/bfd_uniref_hits.a3m -o /dev/null -n 3 -e 0.001 -maxseq 1000000 -realign_max 100000 -maxfilt 100000 -min_prefilter_hits 1000 -d /projects/ilfgrid/data/alphafold-genetic-databases///bfd/bfd_metaclust_clu_complete_id30_c90_final_seq.sorted_opt -d /projects/ilfgrid/data/alphafold-genetic-databases///uniref30/UniRef30_2021_03 
     
      No Hit                             Prob E-value P-value  Score    SS Cols Query HMM  Template HMM
       1 UniRef100_A0A060VV87 Kappa-typ 100.0   3E-76 3.2E-82  511.8   0.0  372    2-380   137-509 (586)
       2 tr|A0A147AUP2|A0A147AUP2_FUNHE 100.0 1.7E-75 1.7E-81  508.9   0.0  372    1-380    67-482 (482)
       3 tr|A0A0F8AVG0|A0A0F8AVG0_LARCR 100.0 2.2E-72 2.3E-78  479.9   0.0  372    1-380     2-376 (544)
       4 tr|G3S2I3|G3S2I3_GORGO Opioid  100.0 1.3E-64 1.3E-70  432.4   0.0  323   53-378   156-479 (492)
       5 UniRef100_A0A0F8AVG0 Kappa-typ 100.0   6E-64 6.2E-70  426.5   0.0  357    2-366    48-406 (594)
       6 UniRef100_A0A091DZ91 Kappa-typ 100.0 1.2E-63 1.2E-69  421.9   0.0  326   53-380    68-394 (471)
       7 UniRef100_A0A3Q1GNK3 Kappa-typ 100.0 2.7E-63 2.8E-69  422.6   0.0  368    2-380   248-616 (616)
       8 tr|A0A1V4KKE4|A0A1V4KKE4_PATFA 100.0 9.8E-63   1E-68  431.2   0.0  326   52-380   398-724 (724)
       9 tr|A0A0P7V1N0|A0A0P7V1N0_9TELE 100.0 1.3E-61 1.4E-67  406.2   0.0  323   56-380   111-436 (436)
      10 UniRef100_A0A060W9S7 Mu-type o 100.0 2.4E-61 2.5E-67  422.0   0.0  324   54-380   147-472 (605)
      11 tr|A0A1A8EW90|A0A1A8EW90_9TELE 100.0 2.8E-61 2.9E-67  408.9   0.0  315   53-368    38-352 (444)
      12 UniRef100_A0A060X690 G_PROTEIN 100.0   2E-60 2.1E-66  403.5   0.0  317   60-378    47-365 (386)
      13 UniRef100_A0A087VQ23 Kappa-typ 100.0 2.2E-60 2.2E-66  411.9   0.0  320   58-380   261-581 (640)
      14 UniRef100_A0A0P7Y8S7 Nocicepti 100.0   2E-59   2E-65  394.0   0.0  324   53-379   113-437 (467)
      15 UniRef100_A0A087XI41 Mu-type o 100.0 1.7E-58 1.7E-64  391.9   0.0  317   57-376   150-467 (537)
      16 UniRef100_A0A6F9BXC0 G_PROTEIN 100.0 4.2E-58 4.3E-64  380.2   0.0  342    2-353     3-344 (502)
      17 tr|A0A091E4L4|A0A091E4L4_FUKDA 100.0 8.6E-58 8.9E-64  412.2   0.0  331   45-379   718-1051(1054)
      18 UniRef100_A0A3B4ZUM6 Mu-type o 100.0 1.7E-57 1.8E-63  392.4   0.0  310   56-367   167-476 (597)
      19 UniRef100_A0A226PVL7 Mu-type o 100.0 2.8E-55 2.9E-61  369.6   0.0  314   61-377   160-474 (566)
      20 tr|S7PTD0|S7PTD0_MYOBR Mu-type 100.0 5.3E-55 5.5E-61  364.1   0.0  317   58-377    71-433 (489)
      21 tr|F1R2F3|F1R2F3_DANRE Neurope 100.0 5.6E-55 5.8E-61  387.5   0.0  314   53-369   396-711 (731)
      22 tr|A0A0P7U387|A0A0P7U387_9TELE 100.0 6.9E-55 7.2E-61  378.9   0.0  290   58-352   127-418 (556)
      23 tr|A0A0R4J0Z2|A0A0R4J0Z2_MOUSE 100.0 6.9E-55 7.2E-61  360.0   0.0  316   59-377    68-384 (456)
      24 UniRef100_A0A0K0PUX7 Orphan G- 100.0 6.8E-55 7.2E-61  387.3   0.0  292   57-348    60-353 (471)
      25 UniRef100_A0A060X1Q6 Somatosta 100.0 1.3E-54 1.4E-60  391.3   0.0  287   58-349   138-424 (604)
      26 tr|M3ZFE6|M3ZFE6_XIPMA Somatos 100.0 1.7E-54 1.8E-60  374.2   0.0  287   59-352   104-392 (525)
      27 tr|A0A0F8ARD3|A0A0F8ARD3_LARCR 100.0 2.4E-53 2.5E-59  363.2   0.0  284   61-349    55-338 (464)
      28 tr|W5NXE0|W5NXE0_SHEEP Opioid  100.0 2.6E-53 2.7E-59  351.1   0.0  321   53-376    39-362 (431)
      29 UniRef100_A0A060W5Z4 G_PROTEIN 100.0 2.6E-53 2.8E-59  379.3   0.0  287   59-351   190-476 (593)
      30 UniRef100_A0A091EBV8 Type-1 an 100.0 2.8E-53   3E-59  388.4   0.0  309   56-377   344-661 (715)
      31 UniRef100_A0A0F8B4Z2 Mu-type o 100.0 1.4E-52 1.5E-58  347.3   0.0  311   56-368    61-371 (477)
      32 UniRef100_A0A087RJN6 Somatosta 100.0 3.1E-52 3.4E-58  370.0   0.0  285   56-348    57-342 (391)
      33 UniRef100_A0A1S3HKE5 allatosta 100.0 3.7E-52 3.9E-58  370.4   0.0  289   60-351    83-377 (462)
      34 UniRef100_A0A1N7TCF1 Galanin r 100.0 4.1E-52 4.3E-58  360.1   0.0  293   58-352    70-363 (407)
      35 UniRef100_A0A026X3T6 Allatosta 100.0 6.2E-52 6.5E-58  369.1   0.0  289   58-352   138-428 (540)
      36 tr|A0A1L8G1N6|A0A1L8G1N6_XENLA 100.0 7.1E-52 7.5E-58  356.5   0.0  283   60-350   117-399 (448)
      37 UniRef100_A0A091DWF1 Somatosta 100.0 7.7E-52   8E-58  358.7   0.0  286   60-350   156-441 (523)
      38 UniRef100_A0A087XDT1 Somatosta 100.0 1.4E-51 1.4E-57  364.9   0.0  292   55-353   164-457 (676)
      39 UniRef100_A0A498L8Y6 Delta-typ 100.0 1.6E-51 1.7E-57  349.9   0.0  321   58-380   193-559 (559)
      40 UniRef100_A0A023F675 Putative  100.0 1.8E-51 1.9E-57  372.8   0.0  295   53-349   120-419 (530)
      41 tr|S9YJE2|S9YJE2_CAMFR Somatos 100.0 1.9E-51   2E-57  348.4   0.0  291   59-351   112-402 (438)
      42 UniRef100_A0A087T336 Somatosta 100.0 3.9E-51 4.1E-57  354.1   0.0  291   58-350    76-368 (454)
      43 tr|A0A091DWF1|A0A091DWF1_FUKDA 100.0 4.3E-51 4.5E-57  346.0   0.0  287   60-351   157-443 (483)
      44 UniRef100_UPI001401E46F delta- 100.0   5E-51 5.2E-57  333.9   0.0  294   53-348    62-355 (440)
      45 UniRef100_A0A6P4Z4S7 G-protein 100.0 5.9E-51 6.3E-57  365.9   0.0  286   60-351    60-353 (417)
      46 UniRef100_A0A0K0PUL8 Allatosta 100.0 9.3E-51 9.9E-57  352.9   0.0  298   52-350    43-345 (396)
      47 UniRef100_A0A087QW50 Delta-typ 100.0 1.4E-50 1.5E-56  328.8   0.0  328   52-380    39-373 (400)
      48 UniRef100_A0A024FLF0 PQRFa pep 100.0 1.4E-50 1.5E-56  361.3   0.0  288   57-349    47-346 (413)
      49 UniRef100_A0A0K0PUR1 Orphan G- 100.0   2E-50 2.1E-56  362.7   0.0  287   55-345   110-407 (530)
      50 UniRef100_A0A077YWL6 Somatosta 100.0 3.5E-50 3.7E-56  359.9   0.0  293   60-352    66-363 (446)
      51 UniRef100_A0A026WTK8 Tachykini 100.0 5.3E-50 5.6E-56  357.2   0.0  298   49-348    79-387 (556)
      52 UniRef100_A0A2G8L6L1 Putative  100.0 1.2E-49 1.3E-55  342.3   0.0  284   59-348    35-323 (407)
      53 UniRef100_A0A6P4Y4T1 galanin r 100.0 1.4E-49 1.5E-55  344.2   0.0  289   61-352    60-354 (410)
      54 UniRef100_A0A060X0R7 Uncharact 100.0 2.1E-49 2.2E-55  329.9   0.0  289   59-352    57-345 (383)
      55 UniRef100_A0A023F3V9 Putative  100.0 2.7E-49 2.8E-55  349.1   0.0  291   57-348   130-422 (574)
      56 UniRef100_A0A139WB32 Tachykini 100.0 3.2E-49 3.4E-55  342.0   0.0  300   49-350    33-343 (405)
      57 tr|A0A218VDE9|A0A218VDE9_9PASE 100.0 3.7E-49 3.9E-55  338.5   0.0  286   57-348    21-306 (556)
      58 UniRef100_A0A6P4XD29 neuropept 100.0 4.3E-49 4.5E-55  339.2   0.0  286   58-348    40-341 (385)
      59 UniRef100_A0A3Q3G3A9 Mu-type o 100.0 5.5E-49 5.6E-55  321.8   0.0  288   85-375    63-351 (407)
      60 tr|C3XSP5|C3XSP5_BRAFL Unchara 100.0 5.5E-49 5.8E-55  330.8   0.0  295   60-357    28-334 (403)
      61 UniRef100_A0A060VVF8 G_PROTEIN 100.0 6.3E-49 6.6E-55  354.4   0.0  289   57-348   137-432 (511)
      62 tr|C3XVS5|C3XVS5_BRAFL Unchara 100.0 7.1E-49 7.4E-55  335.2   0.0  288   60-352    68-366 (425)
      63 tr|V8PD93|V8PD93_OPHHA Type-2  100.0 1.3E-48 1.4E-54  345.1   0.0  287   61-351    77-370 (412)
      64 UniRef100_A0A141CIT8 G protein 100.0 1.4E-48 1.5E-54  344.2   0.0  289   53-348    80-375 (488)
      65 tr|L7LZ94|L7LZ94_9ACAR Putativ 100.0 2.2E-48 2.3E-54  331.5   0.0  291   54-349    97-392 (438)
      66 UniRef100_A0A154PKR3 Tachykini 100.0 2.7E-48 2.8E-54  342.5   0.0  291   54-346    71-371 (457)
      67 UniRef100_A0A0A1WLH2 Somatosta 100.0   3E-48 3.2E-54  346.8   0.0  290   57-348   214-506 (667)
      68 UniRef100_A0A2B4S7K2 Histamine 100.0 3.2E-48 3.4E-54  340.2   0.0  286   53-349    26-327 (369)
      69 UniRef100_A0A060X360 G_PROTEIN 100.0 3.8E-48   4E-54  337.0   0.0  287   61-351   101-390 (477)
      70 UniRef100_A0A061INJ6 Pyrogluta 100.0 6.3E-48 6.6E-54  353.0   0.0  292   54-348   147-457 (594)
      71 UniRef100_A0A0K0PUI9 Orphan G- 100.0 6.3E-48 6.7E-54  349.8   0.0  289   59-351   101-409 (534)
      72 UniRef100_A0A077Z2H9 Putative  100.0 6.9E-48 7.3E-54  342.6   0.0  282   62-346    74-393 (477)
      73 UniRef100_A0A2B4SDF9 Neuropept 100.0   8E-48 8.4E-54  336.8   0.0  279   61-346    91-376 (455)
      74 UniRef100_A0A026WW28 Neuropept 100.0 8.5E-48   9E-54  346.8   0.0  286   56-348    85-379 (552)
      75 tr|A0A1I8PG61|A0A1I8PG61_STOCA 100.0 1.2E-47 1.2E-53  347.1   0.0  296   53-348   293-591 (716)
      76 UniRef100_A0A7M4FUH0 Kappa-typ 100.0 1.4E-47 1.4E-53  308.2   0.0  286   85-380    83-369 (374)
      77 UniRef100_A0A068WW83 Allatosta 100.0 1.3E-47 1.4E-53  342.8   0.0  278   58-343    65-347 (432)
      78 UniRef100_A0A087X575 NPY-Y2 re 100.0 1.6E-47 1.6E-53  331.6   0.0  287   59-349    73-371 (426)
      79 UniRef100_A0A2B4RSM5 Neuropept 100.0 1.6E-47 1.7E-53  332.3   0.0  280   57-346    34-320 (417)
      80 tr|A0A2C9JWF9|A0A2C9JWF9_BIOGL 100.0 1.8E-47 1.9E-53  336.2   0.0  291   59-351    65-367 (403)
      81 tr|A0A1I8PIJ9|A0A1I8PIJ9_STOCA 100.0 2.1E-47 2.2E-53  343.2   0.0  296   53-350   163-468 (680)
      82 UniRef100_A0A0P7V1N0 Delta-typ 100.0 2.5E-47 2.5E-53  312.4   0.0  293   86-380   142-436 (436)
      83 UniRef100_A0A0K0PUT9 Excitator 100.0 2.6E-47 2.8E-53  341.2   0.0  290   60-351   104-404 (474)
      84 UniRef100_A0A034WDF0 Allatosta 100.0 2.7E-47 2.9E-53  337.4   0.0  290   54-347    90-383 (459)
      85 UniRef100_A0A068YB14 Neuropept 100.0 2.7E-47 2.9E-53  340.6   0.0  289   56-349    51-352 (448)
      86 UniRef100_L9LDH4 Mu-type opioi 100.0 2.9E-47   3E-53  313.9   0.0  289   86-377    15-304 (460)
      87 tr|A0A1D1UXI1|A0A1D1UXI1_RAMVA 100.0 2.9E-47 3.1E-53  330.8   0.0  297   51-351    73-377 (499)
      88 UniRef100_A0A1D2M4J2 Neuropept 100.0   3E-47 3.2E-53  335.8   0.0  285   58-347   125-421 (497)
      89 tr|A0A146TL67|A0A146TL67_FUNHE 100.0 3.7E-47   4E-53  346.7   0.0  292   58-351    25-406 (442)
      90 UniRef100_A0A060VSP8 5-hydroxy 100.0 3.9E-47 4.1E-53  337.2   0.0  284   58-352    86-418 (479)
      91 UniRef100_A0A4W4DTE3 G_PROTEIN 100.0 4.2E-47 4.4E-53  325.6   0.0  291   62-352    55-345 (379)
      92 UniRef100_A0A369RW72 Octopamin 100.0 4.3E-47 4.6E-53  340.9   0.0  277   59-345    54-354 (412)
      93 UniRef100_A0A026W5R0 Orexin re 100.0 4.4E-47 4.6E-53  341.6   0.0  280   60-345   118-422 (529)
      94 tr|A0A1W2W3E6|A0A1W2W3E6_CIOIN 100.0 4.8E-47   5E-53  327.5   0.0  286   59-349    57-351 (487)
      95 UniRef100_A0A3B4UE11 Si:zfos-1 100.0   5E-47 5.2E-53  319.6   0.0  293   52-351    58-352 (441)
      96 UniRef100_A0A210QEM7 Neuropept 100.0   6E-47 6.3E-53  327.1   0.0  290   59-352    50-349 (416)
      97 UniRef100_A0A1A6FY77 G_PROTEIN 100.0 6.2E-47 6.4E-53  305.3   0.0  311   62-375    52-365 (372)
      98 UniRef100_A0A060VUW6 G_PROTEIN 100.0   6E-47 6.4E-53  350.4   0.0  280   58-349   116-439 (574)
      99 UniRef100_A0A177B9B5 Rhodopsin 100.0 6.2E-47 6.5E-53  328.6   0.0  283   59-347    90-400 (464)
     100 UniRef100_A0A060W9T7 G_PROTEIN 100.0 6.3E-47 6.5E-53  330.8   0.0  283   59-347   185-470 (616)
     101 UniRef100_A0A0C9QBK4 GHSR_0 pr 100.0 6.2E-47 6.6E-53  349.7   0.0  290   54-347   167-472 (591)
     102 UniRef100_A0A0L8FP69 G_PROTEIN 100.0 6.7E-47 6.9E-53  324.4   0.0  300   49-348    38-340 (488)
     103 UniRef100_A0A6P3IMR0 somatosta 100.0 6.8E-47   7E-53  321.9   0.0  288   61-350   199-486 (524)
     104 UniRef100_A0A2G8KL37 Cholecyst 100.0   1E-46   1E-52  328.9   0.0  285   62-349   101-430 (493)
     105 UniRef100_A0A060X5Z5 G_PROTEIN 100.0 1.4E-46 1.5E-52  337.9   0.0  277   60-347    84-382 (522)
     106 tr|A0A1I8MQS0|A0A1I8MQS0_MUSDO 100.0 1.5E-46 1.5E-52  338.4   0.0  293   56-350   146-440 (572)
     107 UniRef100_A0A023ETT6 Putative  100.0 1.6E-46 1.6E-52  330.2   0.0  289   61-350   155-447 (612)
     108 UniRef100_A0A6P4ZPQ5 G-protein 100.0 1.7E-46 1.8E-52  316.2   0.0  282   58-343    41-323 (420)
     109 UniRef100_A0A4D9EQQ5 Enolase-l 100.0 2.5E-46 2.6E-52  311.6   0.0  288   59-351   146-433 (472)
     110 UniRef100_A0A0K0PUH1 Orphan G- 100.0 2.6E-46 2.7E-52  317.6   0.0  288   53-345    46-344 (413)
     111 tr|A0A1V4J9T1|A0A1V4J9T1_PATFA 100.0 2.8E-46 2.9E-52  315.8   0.0  281   60-346    69-352 (461)
     112 UniRef100_A0A6J8CLU9 HCRTR2 n= 100.0 2.9E-46   3E-52  321.4   0.0  288   59-352    52-361 (422)
     113 tr|K1QHX9|K1QHX9_CRAGI Somatos 100.0 2.9E-46 3.1E-52  327.4   0.0  289   60-348    49-338 (456)
     114 tr|A0A232F0R3|A0A232F0R3_9HYME 100.0   3E-46 3.2E-52  319.3   0.0  292   50-348    94-422 (458)
     115 tr|A0A146U732|A0A146U732_FUNHE 100.0 3.1E-46 3.3E-52  349.8   0.0  286   62-347   194-545 (590)
     116 UniRef100_A0A1S3J712 QRFP-like 100.0 3.5E-46 3.7E-52  333.5   0.0  283   62-347    70-369 (507)
     117 UniRef100_A0A026WK16 Tachykini 100.0 3.6E-46 3.7E-52  333.6   0.0  292   53-346   176-478 (641)
     118 UniRef100_A0A164MD49 Putative  100.0 3.7E-46 3.8E-52  327.4   0.0  285   62-350    52-396 (498)
     119 UniRef100_A0A151N382 Galanin r 100.0 3.7E-46 3.9E-52  309.0   0.0  284   62-352    33-319 (392)
     120 UniRef100_A0A2U3XSW0 Kappa-typ 100.0 4.1E-46 4.2E-52  299.2   0.0  291    1-380     2-294 (294)
     121 UniRef100_A0A2B4RHL7 Galanin r 100.0 4.4E-46 4.6E-52  315.6   0.0  275   62-349    35-310 (406)
     122 UniRef100_A0A087UNN0 Neuropept 100.0 5.4E-46 5.7E-52  324.2   0.0  284   57-345    91-387 (470)
     123 tr|A0A1W4ZX05|A0A1W4ZX05_9TELE 100.0 5.6E-46 5.9E-52  326.7   0.0  286   60-350    70-386 (480)
     124 UniRef100_A0A0P0YUU8 Cannabino 100.0 5.8E-46 6.1E-52  326.0   0.0  294   53-351    78-419 (496)
     125 UniRef100_A0A1D1W534 G_PROTEIN 100.0   6E-46 6.4E-52  336.6   0.0  287   61-351    80-435 (492)
     126 tr|A0A1I8M930|A0A1I8M930_MUSDO 100.0 6.1E-46 6.4E-52  346.7   0.0  279   60-347   189-576 (963)
     127 tr|A0A0P7U0M1|A0A0P7U0M1_9TELE 100.0 6.7E-46   7E-52  314.8   0.0  304   61-367   103-429 (440)
     128 SRR6218665_799277              100.0   7E-46 7.3E-52  312.8   0.0  330   34-367   102-437 (456)
     129 tr|W4Z2N2|W4Z2N2_STRPU Unchara 100.0 7.1E-46 7.4E-52  312.4   0.0  289   58-350    55-353 (406)
     130 UniRef100_A0A0L8GIM4 G_PROTEIN 100.0 7.8E-46 8.3E-52  335.7   0.0  290   54-348    91-394 (481)
     131 UniRef100_A0A2G8JR46 Putative  100.0 8.5E-46 9.1E-52  329.8   0.0  279   62-349    65-356 (411)
     132 tr|W5JTF9|W5JTF9_ANODA Somatos 100.0 9.9E-46   1E-51  322.8   0.0  299   50-350    46-348 (526)
     133 UniRef100_A0A091E4L4 YTH domai 100.0 1.2E-45 1.2E-51  329.3   0.0  313   59-374   731-1046(1054)
     134 tr|A0A0L0C8J1|A0A0L0C8J1_LUCCU 100.0 1.4E-45 1.4E-51  325.6   0.0  292   59-350   225-519 (661)
     135 UniRef100_A0A2B4SKI0 Tachykini 100.0 1.4E-45 1.5E-51  336.7   0.0  288   58-349    90-390 (469)
     136 UniRef100_A0A023F668 Putative  100.0 1.5E-45 1.5E-51  319.9   0.0  287   56-349    82-377 (484)
     137 UniRef100_A0A0L8I310 G_PROTEIN 100.0 1.5E-45 1.6E-51  328.3   0.0  280   62-344    48-363 (468)
     138 UniRef100_A0A026WK40 Cholecyst 100.0 1.7E-45 1.7E-51  339.3   0.0  288   61-352   156-546 (656)
     139 tr|A0A0S0WMT8|A0A0S0WMT8_DROME 100.0 1.7E-45 1.8E-51  320.7   0.0  293   56-349   142-436 (593)
     140 UniRef100_A0A087VAK8 Somatosta 100.0   2E-45 2.1E-51  303.0   0.0  289   60-353    62-352 (384)
     141 tr|A0A1V4J9K1|A0A1V4J9K1_PATFA 100.0 2.3E-45 2.4E-51  332.8   0.0  289   60-353   321-611 (939)
     142 UniRef100_A0A0N0PF28 Orexin re 100.0 2.5E-45 2.6E-51  326.4   0.0  279   59-343   136-453 (588)
     143 UniRef100_A0A0N0PEL7 Tachykini 100.0 2.5E-45 2.7E-51  318.4   0.0  307   34-348    36-353 (454)
     144 tr|T1KPP2|T1KPP2_TETUR Unchara 100.0 2.6E-45 2.7E-51  320.1   0.0  287   56-350   148-437 (477)
     145 UniRef100_A0A6P4YBA8 delta-typ 100.0 2.7E-45 2.8E-51  317.3   0.0  287   62-352    53-342 (406)
     146 UniRef100_A0A0K0PUH3 Allatotro 100.0 2.7E-45 2.9E-51  315.6   0.0  287   58-350    67-374 (424)
     147 UniRef100_A0A087REY1 NPY-Y2 re 100.0 2.9E-45   3E-51  324.7   0.0  292   58-352   185-481 (599)
     148 UniRef100_A0A1S3H6K0 neuropept 100.0 2.9E-45   3E-51  330.2   0.0  295   50-349    47-359 (470)
     149 UniRef100_A0A1L8FNX2 G_PROTEIN 100.0   3E-45 3.1E-51  319.4   0.0  274   60-343    63-337 (400)
     150 UniRef100_A0A498L8B6 Delta-typ 100.0 3.1E-45 3.2E-51  296.9   0.0  301   50-351    35-338 (375)
     151 UniRef100_A0A061A7W5 G_PROTEIN 100.0 3.1E-45 3.3E-51  325.8   0.0  280   60-349    62-358 (473)
     152 UniRef100_A0A1L8HHP3 G_PROTEIN 100.0 3.4E-45 3.6E-51  310.5   0.0  288   60-350    46-340 (370)
     153 tr|A0A146NR64|A0A146NR64_FUNHE 100.0 3.6E-45 3.8E-51  313.9   0.0  285   61-347   121-418 (449)
     154 tr|A0A182G4E1|A0A182G4E1_AEDAL 100.0 4.2E-45 4.4E-51  324.0   0.0  285   57-347    65-368 (534)
     155 tr|A0A0P6IZB8|A0A0P6IZB8_9CRUS 100.0 4.6E-45 4.8E-51  320.1   0.0  299   49-350   192-495 (559)
     156 tr|T1JU75|T1JU75_TETUR Unchara 100.0 4.7E-45 4.8E-51  322.5   0.0  297   55-351   139-437 (728)
     157 tr|A0A0N8JZL4|A0A0N8JZL4_9TELE 100.0 5.4E-45 5.6E-51  317.8   0.0  284   58-346   103-409 (482)
     158 UniRef100_A0A0L8H201 G_PROTEIN 100.0 5.9E-45 6.2E-51  312.2   0.0  289   60-350    86-383 (461)
     159 UniRef100_A0A2B4SKX3 Cholecyst 100.0 5.9E-45 6.2E-51  316.1   0.0  283   59-352    71-415 (428)
     160 UniRef100_A0A0L7KZ56 Neuropept 100.0 5.9E-45 6.2E-51  320.8   0.0  288   54-346    81-382 (509)
     161 tr|A0A0P4XBU7|A0A0P4XBU7_9CRUS 100.0 6.3E-45 6.7E-51  327.7   0.0  292   50-345    51-411 (557)
     162 tr|B4JN40|B4JN40_DROGR GH24210 100.0 7.2E-45 7.6E-51  313.7   0.0  291   53-345   110-404 (436)
     163 tr|A0A182FUW3|A0A182FUW3_ANOAL 100.0 7.9E-45 8.2E-51  323.4   0.0  289   62-352   198-489 (666)
     164 UniRef100_A0A0K0PUH0 Orphan G- 100.0 7.9E-45 8.4E-51  332.5   0.0  280   62-344   139-468 (583)
     165 tr|A0A0A7RC79|A0A0A7RC79_RHOPR 100.0   9E-45 9.4E-51  308.1   0.0  300   52-353    68-377 (404)
     166 UniRef100_A0A0P5DAK4 Orexin re 100.0   1E-44 1.1E-50  318.2   0.0  282   60-347   107-428 (505)
     167 UniRef100_A0A6G8J3P5 Melanin-c 100.0   1E-44 1.1E-50  310.8   0.0  289   60-351    62-353 (460)
     168 tr|A0A0S1YD80|A0A0S1YD80_CHISP 100.0 1.1E-44 1.1E-50  316.4   0.0  325   32-365   138-482 (513)
     169 UniRef100_A0A0B4LHT6 RYamide r 100.0 1.1E-44 1.2E-50  322.8   0.0  282   60-346   115-408 (524)
     170 UniRef100_A0A226DFM2 Neuropept 100.0 1.2E-44 1.3E-50  318.5   0.0  287   55-345   101-399 (523)
     171 UniRef100_A0A1V4KIE8 Beta-1 ad 100.0 1.2E-44 1.3E-50  338.3   0.0  281   63-350    33-350 (512)
     172 UniRef100_A0A1V9XU68 Tyramine/ 100.0 1.3E-44 1.4E-50  315.7   0.0  284   60-353    53-357 (408)
     173 UniRef100_A0A1D2M255 Somatosta 100.0 1.3E-44 1.4E-50  304.6   0.0  279   61-344    37-318 (382)
     174 UniRef100_A0A060WEJ5 G_PROTEIN 100.0 1.4E-44 1.5E-50  325.1   0.0  279   59-348   113-455 (544)
     175 UniRef100_A0A0S1YDA0 Neuropept 100.0 1.5E-44 1.5E-50  321.0   0.0  289   54-344    89-387 (509)
     176 tr|A0A1S3FYW5|A0A1S3FYW5_DIPOR 100.0 1.6E-44 1.6E-50  300.8   0.0  287   62-352    72-361 (385)
     177 tr|A7SD89|A7SD89_NEMVE Predict 100.0 1.6E-44 1.7E-50  299.4   0.0  283   61-354    39-335 (355)
     178 UniRef100_A0A2B4S0J6 Somatosta 100.0 1.6E-44 1.7E-50  329.0   0.0  290   53-346    77-376 (457)
     179 UniRef100_A0A6P4ZN87 somatosta 100.0 1.7E-44 1.8E-50  308.9   0.0  292   56-350    29-329 (391)
     180 tr|A0A131ZXP6|A0A131ZXP6_SARSC 100.0 2.1E-44 2.1E-50  308.3   0.0  286   61-348   124-411 (480)
     181 UniRef100_A0A044T5H8 G_PROTEIN 100.0 2.2E-44 2.3E-50  325.8   0.0  287   55-352   241-571 (693)
     182 tr|V8NQN2|V8NQN2_OPHHA G-prote 100.0 2.3E-44 2.4E-50  324.5   0.0  283   56-348   300-586 (840)
     183 tr|A0A1A8LLP2|A0A1A8LLP2_9TELE 100.0 2.3E-44 2.4E-50  309.9   0.0  294   49-350    83-398 (455)
     184 UniRef100_A0A3M6U5X4 G_PROTEIN 100.0 2.3E-44 2.5E-50  303.3   0.0  288   54-351    33-322 (339)
     185 UniRef100_A0A084WIC4 Short neu 100.0 2.6E-44 2.7E-50  317.9   0.0  286   58-349    91-386 (551)
     186 UniRef100_A0A3N0YLB7 Nocicepti 100.0 2.7E-44 2.8E-50  312.4   0.0  299   50-350   393-693 (731)
     187 UniRef100_A0A2H8TNJ5 Neuropept 100.0 3.1E-44 3.3E-50  316.3   0.0  285   57-345   153-449 (528)
     188 UniRef100_A0A0K0PUV0 FVRIamide 100.0 3.4E-44 3.6E-50  317.3   0.0  283   53-345    45-374 (458)
     189 tr|W4Z9U8|W4Z9U8_STRPU Unchara 100.0 3.4E-44 3.6E-50  302.7   0.0  304   48-354    96-416 (434)
     190 UniRef100_A0A068WKU9 Neuropept 100.0 3.6E-44 3.8E-50  313.3   0.0  287   55-347    68-365 (451)
     191 UniRef100_A0A0K0PUK6 Orphan G- 100.0 3.7E-44 3.8E-50  307.9   0.0  290   61-352    68-376 (448)
     192 UniRef100_A0A1J1I7G5 CLUMA_CG0 100.0 3.8E-44 3.9E-50  313.1   0.0  293   54-348    71-372 (500)
     193 tr|A0A2B4SID7|A0A2B4SID7_STYPI 100.0 3.9E-44 4.1E-50  319.1   0.0  293   54-349    26-327 (422)
     194 UniRef100_A0A3M6UME8 G_PROTEIN 100.0   4E-44 4.3E-50  310.3   0.0  281   59-350    39-325 (383)
     195 UniRef100_A0A060VP48 G_PROTEIN 100.0 4.2E-44 4.5E-50  330.0   0.0  292   52-348   147-449 (580)
     196 UniRef100_A0A060YTK2 Uncharact 100.0 4.7E-44 4.9E-50  305.3   0.0  288   58-348    83-377 (447)
     197 tr|A0A2B4RXD1|A0A2B4RXD1_STYPI 100.0 4.8E-44   5E-50  307.1   0.0  291   53-352    87-383 (416)
     198 UniRef100_A0A091G1I5 Somatosta 100.0   5E-44 5.2E-50  279.4   0.0  285   62-349     5-289 (296)
     199 UniRef100_A0A210QT45 G-protein 100.0 5.2E-44 5.4E-50  309.6   0.0  285   59-347    58-355 (472)
     200 tr|C3Z5T5|C3Z5T5_BRAFL Unchara 100.0 5.4E-44 5.6E-50  297.4   0.0  296   56-352    34-331 (389)
     201 tr|A0A1D2NMB6|A0A1D2NMB6_ORCCI 100.0 5.6E-44 5.9E-50  313.3   0.0  290   57-348   149-449 (520)
     202 UniRef100_A0A087QH27 C-C chemo 100.0 5.8E-44 6.2E-50  329.0   0.0  278   58-347   199-482 (591)
     203 ERR1719341_586736              100.0 7.2E-44 7.5E-50  313.5   0.0  298   53-350    48-355 (513)
     204 tr|A0A1U7TSJ4|A0A1U7TSJ4_TARSY 100.0 7.4E-44 7.7E-50  312.2   0.0  284   58-346   211-515 (600)
     205 tr|S7PUA8|S7PUA8_MYOBR C-C che 100.0 7.4E-44 7.8E-50  320.7   0.0  286   51-348   274-565 (603)
     206 UniRef100_A0A2B4RHY9 Pyrogluta 100.0 7.6E-44 8.1E-50  324.4   0.0  289   54-351    76-373 (455)
     207 UniRef100_A0A026WIP6 Cholecyst 100.0 8.1E-44 8.6E-50  326.6   0.0  291   58-352   169-532 (636)
     208 tr|A0A091CRU0|A0A091CRU0_FUKDA 100.0 8.7E-44 9.1E-50  323.3   0.0  284   55-351   404-694 (720)
     209 UniRef100_A0A315V7W7 Somatosta 100.0 9.2E-44 9.5E-50  301.7   0.0  288   59-349    73-360 (591)
     210 UniRef100_A0A210QHM7 G-protein 100.0 9.1E-44 9.5E-50  314.8   0.0  284   60-346    80-372 (492)
     211 UniRef100_A0A2B4S4U3 Beta-2 ad 100.0 9.2E-44 9.7E-50  302.3   0.0  288   62-354    31-326 (372)
     212 UniRef100_A0A1A7ZR65 Somatosta 100.0 9.5E-44 9.8E-50  291.2   0.0  285   60-350    50-334 (390)
     213 UniRef100_A0A0K0PUL2 DH31-like 100.0 9.6E-44   1E-49  301.8   0.0  283   59-348    48-332 (375)
     214 UniRef100_A0A3M6TKX3 G_PROTEIN 100.0 1.2E-43 1.2E-49  312.2   0.0  295   53-350    69-375 (427)
     215 UniRef100_A0A1D1V5S1 G_PROTEIN 100.0 1.2E-43 1.3E-49  308.8   0.0  294   48-351    45-361 (484)
     216 UniRef100_A0A060VNF4 G_PROTEIN 100.0 1.2E-43 1.3E-49  316.3   0.0  287   61-349   132-431 (566)
     217 tr|A0A139WLV7|A0A139WLV7_TRICA 100.0 1.3E-43 1.3E-49  320.2   0.0  287   57-348   396-696 (792)
     218 UniRef100_A0A060WGF3 B2 bradyk 100.0 1.3E-43 1.3E-49  324.4   0.0  281   62-347   162-449 (589)
     219 tr|A0A0P5PA10|A0A0P5PA10_9CRUS 100.0 1.3E-43 1.4E-49  315.7   0.0  290   54-345   141-441 (705)
     220 tr|A0A1V4KUV7|A0A1V4KUV7_PATFA 100.0 1.4E-43 1.4E-49  299.1   0.0  306   59-367   118-430 (450)
     221 UniRef100_A0A061IN14 NK-3 rece 100.0 1.4E-43 1.4E-49  320.3   0.0  282   60-347   234-521 (662)
     222 UniRef100_A0A146M155 Neuropept 100.0 1.4E-43 1.4E-49  311.8   0.0  291   54-347    48-360 (488)
     223 UniRef100_A0A0E3EKU4 Allatotro 100.0 1.4E-43 1.5E-49  307.4   0.0  322   32-364   105-448 (562)
     224 tr|A0A1A9ZAD8|A0A1A9ZAD8_GLOPL 100.0 1.5E-43 1.6E-49  308.9   0.0  292   54-347   117-419 (574)
     225 tr|B4KC34|B4KC34_DROMO Unchara 100.0 1.5E-43 1.6E-49  319.9   0.0  288   58-347   191-490 (670)
     226 UniRef100_A0A2B4RGU4 5-hydroxy 100.0 1.6E-43 1.7E-49  323.0   0.0  283   59-351    65-372 (478)
     227 UniRef100_A0A0L8HHE2 G_PROTEIN 100.0 1.7E-43 1.8E-49  307.2   0.0  286   62-352     3-302 (385)
     228 UniRef100_A0A3M6T6P4 G_PROTEIN 100.0 1.8E-43 1.9E-49  312.5   0.0  286   62-351    58-356 (465)
     229 UniRef100_A0A084WFJ7 AGAP00011 100.0   2E-43 2.1E-49  313.7   0.0  277   59-343    87-374 (519)
     230 UniRef100_A0A3M6UAU0 G_PROTEIN 100.0   2E-43 2.1E-49  313.9   0.0  280   61-347    37-327 (552)
     231 UniRef100_A0A2B4RPR9 Allatosta 100.0   2E-43 2.1E-49  315.3   0.0  292   52-347    40-342 (446)
     232 tr|A0A2H1W6Q0|A0A2H1W6Q0_SPOFR 100.0 2.1E-43 2.2E-49  308.6   0.0  289   58-352    69-366 (466)
     233 UniRef100_A0A068WVN8 Biogenic  100.0 2.2E-43 2.3E-49  323.2   0.0  286   51-348   112-506 (641)
     234 UniRef100_A0A1D1VDY3 G_PROTEIN 100.0 2.2E-43 2.3E-49  314.3   0.0  285   61-348   135-445 (557)
     235 tr|A0A147AZW9|A0A147AZW9_FUNHE 100.0 2.2E-43 2.3E-49  320.3   0.0  289   51-345    77-429 (468)
     236 UniRef100_A0A060YB93 G_PROTEIN 100.0 2.3E-43 2.4E-49  296.4   0.0  286   60-352    59-346 (480)
     237 tr|A0A0P7V0U8|A0A0P7V0U8_9TELE 100.0 2.3E-43 2.4E-49  297.3   0.0  286   60-351    86-376 (439)
     238 UniRef100_A0A060X0P4 G_PROTEIN 100.0 2.3E-43 2.4E-49  316.3   0.0  281   60-346   139-428 (513)
     239 tr|E0D358|E0D358_HEMPU Dopamin 100.0 2.3E-43 2.4E-49  305.4   0.0  278   62-351    27-330 (435)
     240 UniRef100_A0A060XMX0 NPY-Y2 re 100.0 2.4E-43 2.5E-49  299.7   0.0  288   59-350   123-415 (452)
     241 UniRef100_A0A0H3YI86 Pyrokinin 100.0 2.4E-43 2.5E-49  318.0   0.0  293   50-351    76-400 (510)
     242 UniRef100_A0A2B4SVS8 Neuropept 100.0 2.4E-43 2.6E-49  316.9   0.0  295   54-354    83-387 (480)
     243 UniRef100_A0A0K0PUK8 FMRFamide 100.0 2.4E-43 2.6E-49  318.4   0.0  290   50-345    49-349 (471)
     244 UniRef100_A7RGN9 Predicted pro 100.0 2.7E-43 2.9E-49  295.2   0.0  277   59-347    30-312 (317)
     245 tr|A0A131XUY2|A0A131XUY2_IXORI 100.0   3E-43 3.1E-49  303.5   0.0  284   58-347   160-444 (560)
     246 ERR1719361_2001115             100.0   3E-43 3.2E-49  306.1   0.0  294   53-347    18-322 (415)
     247 UniRef100_A0A1S3KA35 Alpha-1B  100.0 3.1E-43 3.2E-49  315.3   0.0  279   60-350    90-420 (551)
     248 UniRef100_A0A087U880 Neuropept 100.0 3.2E-43 3.4E-49  304.8   0.0  287   55-346    64-360 (401)
     249 UniRef100_A0A6P4YCQ0 somatosta 100.0 3.4E-43 3.5E-49  289.6   0.0  288   57-349    68-366 (428)
     250 UniRef100_A0A087UP46 5-hydroxy 100.0 3.5E-43 3.6E-49  306.4   0.0  286   53-349    39-400 (472)
     251 UniRef100_A0A193KU97 GCR058 n= 100.0 3.5E-43 3.7E-49  298.1   0.0  286   61-350    27-332 (379)
     252 UniRef100_A0A060WWU7 G_PROTEIN 100.0 3.6E-43 3.7E-49  308.7   0.0  280   60-348    69-381 (545)
     253 UniRef100_A0A7M7HFU8 G_PROTEIN 100.0 3.6E-43 3.9E-49  313.9   0.0  279   62-349    67-364 (423)
     254 UniRef100_A0A096NAQ2 Cholecyst 100.0 3.9E-43 4.1E-49  313.4   0.0  284   62-348   153-500 (617)
     255 UniRef100_A0A2B4R9G2 Melatonin 100.0 3.9E-43 4.2E-49  320.4   0.0  286   54-349    75-366 (461)
     256 UniRef100_A0A1L8GQY3 Alpha-1B  100.0 4.4E-43 4.6E-49  307.7   0.0  285   53-349    40-368 (510)
     257 UniRef100_A0A6P4Z684 G-protein 100.0 4.8E-43 5.1E-49  300.5   0.0  286   60-348    52-345 (425)
     258 UniRef100_A0A067RDC3 Prolactin 100.0 4.9E-43 5.1E-49  309.3   0.0  287   55-348    60-355 (541)
     259 tr|A0A218UWX7|A0A218UWX7_9PASE 100.0 5.4E-43 5.6E-49  305.5   0.0  292   52-348    33-339 (474)
     260 UniRef100_A0A087YQK7 Adrenocep 100.0 5.8E-43   6E-49  311.4   0.0  282   62-350   132-452 (617)
     261 UniRef100_A0A024R2Q0 Chemokine 100.0 6.1E-43 6.5E-49  311.9   0.0  282   58-348   155-442 (499)
     262 UniRef100_E9HAW0 G_PROTEIN_REC 100.0 6.3E-43 6.6E-49  298.3   0.0  288   51-344    56-351 (393)
     263 tr|A0A1D2MSE1|A0A1D2MSE1_ORCCI 100.0 6.3E-43 6.7E-49  317.2   0.0  286   56-346   107-403 (615)
     264 UniRef100_UPI0018F2CE96 somato 100.0 6.6E-43 6.8E-49  297.5   0.0  285   62-349   286-570 (608)
     265 UniRef100_A0A4W2H4G2 Somatosta 100.0 6.9E-43 7.1E-49  288.9   0.0  285   60-350    42-326 (463)
     266 UniRef100_A0A2B4SQU8 Orexin re 100.0   7E-43 7.3E-49  294.5   0.0  284   62-351    39-348 (370)
     267 UniRef100_UPI0001CB9B44 somato 100.0 7.4E-43 7.6E-49  286.5   0.0  287   62-351    30-318 (365)
     268 UniRef100_A0A096NVS2 Somatosta 100.0 7.6E-43 7.9E-49  296.1   0.0  280   61-347   116-395 (483)
     269 tr|A0A218UB83|A0A218UB83_9PASE 100.0 7.6E-43 7.9E-49  311.4   0.0  282   59-352   193-515 (631)
     270 UniRef100_A0A1I8HKX2 G_PROTEIN 100.0 7.7E-43 8.1E-49  306.3   0.0  281   60-353    41-415 (442)
     271 UniRef100_A0A059ZY04 Angiotens 100.0 8.2E-43 8.6E-49  315.8   0.0  286   54-350   163-455 (546)
     272 UniRef100_A0A1S2ZMW0 LOW QUALI 100.0 9.1E-43 9.4E-49  296.1   0.0  284   59-348   170-453 (520)
     273 UniRef100_A0A2B4SC76 Substance 100.0 8.9E-43 9.5E-49  312.9   0.0  291   52-345    47-348 (461)
     274 tr|A0A1W4X208|A0A1W4X208_AGRPL 100.0 9.1E-43 9.5E-49  299.5   0.0  293   54-348    89-392 (467)
     275 UniRef100_A0A0D9R0U9 Apelin re 100.0 9.3E-43 9.7E-49  302.0   0.0  287   62-349    64-363 (482)
     276 UniRef100_A0A076YJT8 Chemokine 100.0 9.4E-43 9.9E-49  308.7   0.0  287   50-348   151-443 (493)
     277 tr|A0A0P6B3L3|A0A0P6B3L3_9CRUS 100.0 9.6E-43   1E-48  303.6   0.0  299   51-349    24-412 (623)
     278 UniRef100_A0A2B4SVC4 Dopamine  100.0 9.7E-43   1E-48  302.3   0.0  272   53-348    49-329 (397)
     279 UniRef100_A0A1B6HDB2 G_PROTEIN 100.0   1E-42   1E-48  288.3   0.0  285   62-349    14-306 (360)
     280 UniRef100_A0A060XP11 G_PROTEIN 100.0   1E-42 1.1E-48  309.6   0.0  278   60-348    91-391 (497)
     281 UniRef100_UPI000B911B64 melato 100.0 9.9E-43 1.1E-48  306.8   0.0  279   59-349    28-344 (381)
     282 tr|A0A2C9GPU2|A0A2C9GPU2_ANOAR 100.0   1E-42 1.1E-48  318.3   0.0  303   32-345   296-632 (818)
     283 UniRef100_A0A091R746 Beta-1 ad 100.0 1.1E-42 1.1E-48  307.4   0.0  283   63-350   138-453 (572)
     284 UniRef100_A0A060XC03 Beta-2 ad 100.0 1.1E-42 1.1E-48  305.9   0.0  293   55-352    98-416 (548)
     285 UniRef100_A0A1S3IX78 RYamide r 100.0 1.2E-42 1.2E-48  301.5   0.0  281   58-343    52-342 (444)
     286 UniRef100_A0A3M6TAE6 G_PROTEIN 100.0 1.2E-42 1.3E-48  305.0   0.0  276   54-351    86-370 (443)
     287 UniRef100_A0A210QSD7 Octopamin 100.0 1.2E-42 1.3E-48  307.6   0.0  282   60-353    58-420 (423)
     288 tr|A0A2B4SSL5|A0A2B4SSL5_STYPI 100.0 1.3E-42 1.3E-48  289.1   0.0  294   50-352    14-312 (344)
     289 UniRef100_A0A1D1UXI1 G_PROTEIN 100.0 1.3E-42 1.3E-48  299.6   0.0  296   52-351   128-431 (553)
     290 UniRef100_A0A1S3J8T4 5-hydroxy 100.0 1.3E-42 1.4E-48  307.6   0.0  284   59-348   100-395 (468)
     291 UniRef100_A0A067RG65 Neuropept 100.0 1.3E-42 1.4E-48  305.6   0.0  290   56-348    84-393 (509)
     292 UniRef100_A0A182Q9T1 G_PROTEIN 100.0 1.3E-42 1.4E-48  312.8   0.0  307   32-349   285-625 (812)
     293 tr|A0A146YGA5|A0A146YGA5_FUNHE 100.0 1.3E-42 1.4E-48  314.9   0.0  284   62-353    33-344 (521)
     294 UniRef100_A0A068YA15 Neuropept 100.0 1.5E-42 1.6E-48  305.2   0.0  281   60-343    73-389 (510)
     295 UniRef100_A0A0L8I0T4 G_PROTEIN 100.0 1.6E-42 1.6E-48  307.9   0.0  281   61-349   135-496 (554)
     296 UniRef100_A0A0S1YD99 Neuropept 100.0 1.6E-42 1.6E-48  294.3   0.0  294   54-349    70-372 (423)
     297 UniRef100_A0A401NJB3 G_PROTEIN 100.0 1.6E-42 1.7E-48  304.2   0.0  289   55-350    37-360 (517)
     298 tr|C3XVU5|C3XVU5_BRAFL Unchara 100.0 1.8E-42 1.8E-48  296.9   0.0  282   58-348    60-355 (439)
     299 tr|A0A2B4SUH3|A0A2B4SUH3_STYPI 100.0 1.8E-42 1.9E-48  301.0   0.0  280   62-350    28-332 (385)
     300 UniRef100_A0A060W161 G_PROTEIN 100.0 1.8E-42   2E-48  321.3   0.0  280   58-347   167-453 (574)
     301 UniRef100_A0A6F9DUB2 Somatosta 100.0 1.9E-42   2E-48  298.7   0.0  282   58-344    61-348 (467)
     302 UniRef100_A0A023F452 Putative  100.0 1.9E-42   2E-48  313.0   0.0  289   53-350   133-539 (660)
     303 UniRef100_A0A3B4VB96 Beta-2 ad 100.0 1.9E-42   2E-48  300.6   0.0  285   58-349    51-361 (464)
     304 UniRef100_A0A023FH63 Putative  100.0 1.9E-42   2E-48  310.4   0.0  285   53-348   119-439 (563)
     305 tr|A0A2B4SAJ4|A0A2B4SAJ4_STYPI 100.0   2E-42 2.1E-48  302.9   0.0  290   53-345    22-329 (434)
     306 UniRef100_A0A0N1PGA0 Octopamin 100.0   2E-42 2.1E-48  308.6   0.0  280   59-347   107-490 (547)
     307 tr|A0A210QY69|A0A210QY69_MIZYE 100.0   2E-42 2.1E-48  290.1   0.0  291   57-351    84-379 (400)
     308 tr|A0A0L0BYA7|A0A0L0BYA7_LUCCU 100.0 2.1E-42 2.2E-48  306.1   0.0  278   60-348   311-625 (678)
     309 tr|A0A1L8HND2|A0A1L8HND2_XENLA 100.0 2.2E-42 2.3E-48  299.8   0.0  287   60-349   129-427 (452)
     310 UniRef100_A0A4Z2I5Z9 Somatosta 100.0 2.3E-42 2.3E-48  299.5   0.0  290   58-350   402-691 (729)
     311 tr|K7GCC3|K7GCC3_PELSI Adrenoc 100.0 2.3E-42 2.4E-48  298.1   0.0  296   50-351    32-365 (488)
     312 UniRef100_A0A3M6T8F5 G_PROTEIN 100.0 2.3E-42 2.4E-48  318.2   0.0  295   52-351    94-397 (523)
     313 tr|A0A060X5F3|A0A060X5F3_ONCMY 100.0 2.5E-42 2.6E-48  322.2   0.0  282   58-348   413-701 (840)
     314 UniRef100_A0A2B4RXD1 Neuropept 100.0 2.5E-42 2.6E-48  303.5   0.0  283   57-348    92-381 (461)
     315 tr|J9JRI9|J9JRI9_ACYPI Unchara 100.0 2.6E-42 2.7E-48  297.9   0.0  291   55-347    30-331 (490)
     316 UniRef100_A0A4W3J4G3 Somatosta 100.0 2.7E-42 2.7E-48  286.7   0.0  288   60-352    44-331 (480)
     317 UniRef100_A0A0P7U0M1 Galanin r 100.0 2.7E-42 2.8E-48  291.3   0.0  287   60-349   141-434 (475)
     318 UniRef100_A0A087QJ32 Putative  100.0 2.8E-42 2.9E-48  305.1   0.0  308   33-350   154-470 (561)
     319 tr|A0A182L9N8|A0A182L9N8_9DIPT 100.0 2.8E-42   3E-48  304.2   0.0  290   55-348    84-381 (490)
     320 tr|A0A2B4RYF4|A0A2B4RYF4_STYPI 100.0 3.1E-42 3.2E-48  294.9   0.0  278   62-347    27-309 (402)
     321 UniRef100_UPI0003F07467 orexin 100.0 3.2E-42 3.4E-48  305.0   0.0  293   53-349    71-418 (535)
     322 UniRef100_A0A084VLD5 AGAP00422 100.0 3.4E-42 3.6E-48  307.5   0.0  278   57-346   241-592 (695)
     323 tr|A0A0V1MVC7|A0A0V1MVC7_9BILA 100.0 3.4E-42 3.6E-48  307.5   0.0  287   58-346    79-375 (598)
     324 tr|A0A182QHF8|A0A182QHF8_9DIPT 100.0 3.5E-42 3.7E-48  302.8   0.0  284   58-346    99-403 (581)
     325 tr|A0A147AXX1|A0A147AXX1_FUNHE 100.0 3.7E-42 3.9E-48  295.3   0.0  289   55-350    33-330 (490)
     326 tr|E6ZEU6|E6ZEU6_DICLA Neurome 100.0 3.7E-42 3.9E-48  302.6   0.0  295   52-352    83-397 (461)
     327 UniRef100_A0A060X1U9 G_PROTEIN 100.0 3.8E-42   4E-48  308.1   0.0  274   60-345   139-453 (633)
     328 UniRef100_A0A026W4S0 Neuromedi 100.0 3.8E-42   4E-48  309.2   0.0  289   51-347    67-386 (604)
     329 tr|A0A2B4SKI0|A0A2B4SKI0_STYPI 100.0 3.8E-42   4E-48  304.8   0.0  280   59-344    97-393 (458)
     330 UniRef100_A0A6S7JE64 Neuropept 100.0 3.9E-42 4.1E-48  298.7   0.0  284   60-352    35-324 (412)
     331 UniRef100_A0A6P8IFK2 neuromedi 100.0   4E-42 4.2E-48  293.6   0.0  305   61-369    27-347 (363)
     332 tr|M3ZYH7|M3ZYH7_XIPMA Unchara 100.0 4.1E-42 4.3E-48  297.5   0.0  292   52-352    78-376 (397)
     333 tr|A0A226N7X5|A0A226N7X5_CALSU 100.0 4.3E-42 4.5E-48  285.9   0.0  294   52-348   121-416 (419)
     334 tr|C3ZMP9|C3ZMP9_BRAFL Unchara 100.0 4.3E-42 4.5E-48  286.4   0.0  289   61-350    32-323 (401)
     335 UniRef100_A0A0C9RF21 CapaR_3 p 100.0 4.7E-42 4.9E-48  303.6   0.0  285   61-349    53-356 (532)
     336 tr|A0A091DX38|A0A091DX38_FUKDA 100.0 4.8E-42 4.9E-48  310.1   0.0  285   61-351   144-430 (878)
     337 UniRef100_A0A060VWE3 G_PROTEIN 100.0 4.7E-42   5E-48  316.0   0.0  284   58-346   144-429 (542)
     338 tr|F7E6B1|F7E6B1_MONDO Tachyki 100.0   5E-42 5.2E-48  295.3   0.0  282   61-348    96-383 (475)
     339 tr|A0A2B4SNZ1|A0A2B4SNZ1_STYPI 100.0   5E-42 5.4E-48  301.3   0.0  283   57-349    29-319 (351)
     340 UniRef100_A0A016T103 G_PROTEIN 100.0 5.4E-42 5.7E-48  312.5   0.0  273   67-352   118-478 (605)
     341 tr|A0A0N7ZC69|A0A0N7ZC69_9EUCA 100.0 5.5E-42 5.7E-48  287.3   0.0  288   60-349    67-356 (430)
     342 tr|L5M4Z9|L5M4Z9_MYODS C-C che 100.0 5.5E-42 5.7E-48  300.3   0.0  279   61-349   271-555 (590)
     343 UniRef100_A0A060VPX8 G_PROTEIN 100.0 5.6E-42   6E-48  319.3   0.0  279   60-348   133-417 (527)
     344 UniRef100_A0A7M7HKI1 G_PROTEIN 100.0 6.2E-42 6.6E-48  301.5   0.0  283   62-352    42-338 (418)
     345 tr|T1KTS6|T1KTS6_TETUR Unchara 100.0 6.3E-42 6.6E-48  303.1   0.0  290   57-348   117-417 (587)
     346 UniRef100_A0A3M6TPP0 G_PROTEIN 100.0 6.3E-42 6.7E-48  303.4   0.0  280   61-349    52-354 (424)
     347 tr|A0A151NBW9|A0A151NBW9_ALLMI 100.0 6.5E-42 6.8E-48  298.8   0.0  284   58-346    79-388 (472)
     348 UniRef100_A0A060WMC3 Alpha-1D  100.0 6.8E-42 7.1E-48  301.1   0.0  275   62-348   113-431 (564)
     349 tr|A0A0P7V5N2|A0A0P7V5N2_9TELE 100.0 6.8E-42 7.1E-48  297.6   0.0  292   53-352    85-404 (468)
     350 UniRef100_A0A1D2MZ73 Somatosta 100.0 7.1E-42 7.3E-48  294.8   0.0  293   57-351    66-383 (533)
     351 tr|A0A0L8FIS6|A0A0L8FIS6_OCTBM 100.0   7E-42 7.4E-48  298.5   0.0  286   62-351    93-422 (485)
     352 UniRef100_A0A060YWD0 G_PROTEIN 100.0 7.1E-42 7.4E-48  301.5   0.0  293   56-350   169-463 (544)
     353 UniRef100_F6SEF7 G_PROTEIN_REC 100.0 7.2E-42 7.6E-48  286.8   0.0  284   60-346    41-334 (337)
     354 tr|A0A1V4JMN9|A0A1V4JMN9_PATFA 100.0 7.4E-42 7.7E-48  297.4   0.0  282   58-344    91-416 (537)
     355 UniRef100_A0A2B4SID7 Neuropept 100.0 7.6E-42   8E-48  300.9   0.0  290   58-350    80-380 (462)
     356 tr|A0A0R4IQ19|A0A0R4IQ19_DANRE 100.0 7.8E-42 8.1E-48  285.0   0.0  290   59-352    55-350 (384)
     357 UniRef100_A0A553Q836 G_PROTEIN 100.0 8.4E-42 8.6E-48  287.2   0.0  285   62-351    50-334 (536)
     358 UniRef100_A0A0L0C8J1 G_PROTEIN 100.0 8.4E-42 8.7E-48  300.5   0.0  288   60-347   276-566 (698)
     359 tr|A0A0N0BC55|A0A0N0BC55_9HYME 100.0 8.4E-42 8.7E-48  297.4   0.0  287   60-350   206-494 (615)
     360 tr|A0A210R0K7|A0A210R0K7_MIZYE 100.0 8.4E-42 8.8E-48  294.5   0.0  281   61-345    75-421 (470)
     361 tr|A0A226N2C0|A0A226N2C0_CALSU 100.0 8.6E-42   9E-48  297.0   0.0  293   51-353   216-524 (569)
     362 UniRef100_A0A7M7SYV2 G_PROTEIN 100.0 8.6E-42   9E-48  306.0   0.0  273   62-347    70-396 (630)
     363 UniRef100_A0A0P7U357 Apelin re 100.0 8.7E-42 9.1E-48  294.6   0.0  278   60-349    58-343 (401)
     364 UniRef100_A0A2B4SJE7 Orexin re 100.0 8.9E-42 9.4E-48  304.3   0.0  291   53-347   128-429 (517)
     365 UniRef100_A0A087R2J6 Neuropept 100.0 9.1E-42 9.5E-48  305.9   0.0  284   56-344   209-514 (638)
     366 tr|A0A147AMP5|A0A147AMP5_FUNHE 100.0 9.2E-42 9.9E-48  311.9   0.0  272   62-346    34-424 (475)
     367 UniRef100_A0A061QHX0 Putative  100.0 9.4E-42 9.9E-48  308.6   0.0  281   59-350   132-508 (563)
     368 UniRef100_UPI000219022F Endoly 100.0 9.9E-42   1E-47  293.4   0.0  285   62-352   203-489 (507)
     369 UniRef100_A0A2B4SE17 Substance 100.0   1E-41 1.1E-47  309.9   0.0  292   54-348    59-364 (467)
     370 UniRef100_A0A087QH91 Melanopsi 100.0   1E-41 1.1E-47  307.8   0.0  288   52-344    96-394 (629)
     371 UniRef100_A0A067R4E0 Tachykini 100.0 1.1E-41 1.1E-47  294.2   0.0  284   55-343    45-338 (396)
     372 tr|A0A212EZN3|A0A212EZN3_DANPL 100.0 1.1E-41 1.2E-47  297.2   0.0  291   54-349    49-354 (488)
     373 tr|A0A1S3NPB2|A0A1S3NPB2_SALSA 100.0 1.2E-41 1.2E-47  293.3   0.0  295   50-348    30-330 (443)
     374 tr|A0A067RDC3|A0A067RDC3_ZOONE 100.0 1.2E-41 1.2E-47  304.3   0.0  291   55-352    67-366 (506)
     375 UniRef100_A0A0L0C965 Tachykini 100.0 1.2E-41 1.3E-47  299.2   0.0  288   60-349   121-418 (611)
     376 tr|W5MC67|W5MC67_LEPOC Pyroglu 100.0 1.2E-41 1.3E-47  290.5   0.0  287   55-344    49-354 (441)
     377 tr|A0A2B4RSD1|A0A2B4RSD1_STYPI 100.0 1.2E-41 1.3E-47  305.8   0.0  280   59-349    50-381 (430)
     378 UniRef100_A0A218VDE9 Somatosta 100.0 1.3E-41 1.3E-47  287.2   0.0  284   59-348    23-306 (556)
     379 tr|C3Z3H5|C3Z3H5_BRAFL Unchara 100.0 1.3E-41 1.3E-47  287.3   0.0  289   61-352    82-377 (405)
     380 tr|A0A183TGM8|A0A183TGM8_SCHSO 100.0 1.3E-41 1.4E-47  294.1   0.0  291   58-350    63-373 (446)
     381 tr|I3KRG5|I3KRG5_ORENI FGFR1 o 100.0 1.3E-41 1.4E-47  301.2   0.0  278   60-346   148-446 (489)
     382 UniRef100_A0A016SJ65 Thyrolibe 100.0 1.4E-41 1.5E-47  304.3   0.0  288   54-347    78-394 (479)
     383 UniRef100_A0A060WXX3 G-protein 100.0 1.5E-41 1.6E-47  308.9   0.0  279   58-345   158-449 (539)
     384 UniRef100_A0A0N1IB59 Orexin re 100.0 1.6E-41 1.7E-47  295.4   0.0  279   60-344   129-446 (546)
     385 UniRef100_A0A023F4J9 Putative  100.0 1.6E-41 1.7E-47  305.3   0.0  276   60-344   157-487 (588)
     386 UniRef100_A0A2B4RFH8 Neuropept 100.0 1.6E-41 1.7E-47  309.0   0.0  286   60-348    65-365 (439)
     387 tr|A0A151ITZ3|A0A151ITZ3_9HYME 100.0 1.6E-41 1.7E-47  296.6   0.0  285   60-350    68-420 (481)
     388 UniRef100_A0A074ZKD6 G_PROTEIN 100.0 1.8E-41 1.8E-47  294.7   0.0  291   60-350   151-459 (521)
     389 UniRef100_A0A132AJH3 7 transme 100.0 1.7E-41 1.8E-47  299.9   0.0  282   62-347    71-384 (447)
     390 UniRef100_A0A087XFV2 5-hydroxy 100.0 1.7E-41 1.8E-47  297.6   0.0  293   54-357    78-404 (493)
     391 UniRef100_A0A340X578 LOW QUALI 100.0 1.8E-41 1.8E-47  299.8   0.0  294   61-360   238-533 (656)
     392 ERR1719510_236906              100.0 1.8E-41 1.9E-47  306.0   0.0  292   55-352    78-376 (577)
     393 UniRef100_A0A067R841 G_PROTEIN 100.0 1.8E-41 1.9E-47  303.7   0.0  287   62-349   109-409 (526)
     394 tr|A0A218V410|A0A218V410_9PASE 100.0 1.9E-41   2E-47  283.7   0.0  305   61-369   101-415 (427)
     395 UniRef100_A0A0N7ZAP9 G_PROTEIN 100.0   2E-41 2.1E-47  297.4   0.0  287   58-352    75-369 (421)
     396 tr|A0A218UP03|A0A218UP03_9PASE 100.0   2E-41 2.1E-47  311.9   0.0  279   59-348   789-1073(1110)
     397 UniRef100_A0A060W5H6 G_PROTEIN 100.0 2.1E-41 2.2E-47  305.8   0.0  289   50-343    77-381 (528)
     398 tr|A0A146PN09|A0A146PN09_FUNHE 100.0   2E-41 2.2E-47  308.4   0.0  288   60-353    40-399 (432)
     399 UniRef100_A0A060ILH2 Neuromedi 100.0 2.1E-41 2.2E-47  301.2   0.0  284   62-349   179-477 (606)
     400 UniRef100_A0A678XEL8 Trace ami 100.0 2.1E-41 2.2E-47  300.7   0.0  291   53-350    49-357 (523)
     401 tr|A0A0B2UYY4|A0A0B2UYY4_TOXCA 100.0 2.2E-41 2.4E-47  293.7   0.0  299   53-352    76-388 (437)
     402 UniRef100_A0A0K0PUG3 Thyrolibe 100.0 2.3E-41 2.4E-47  303.6   0.0  287   58-350   213-522 (606)
     403 UniRef100_A0A060X7S9 B2 bradyk 100.0 2.3E-41 2.4E-47  300.7   0.0  285   63-352   117-408 (491)
     404 UniRef100_A0A096NT18 Galanin r 100.0 2.4E-41 2.5E-47  282.7   0.0  297   60-362    95-393 (459)
     405 UniRef100_A0A0A7KUZ5 Opsin 5 n 100.0 2.5E-41 2.6E-47  297.6   0.0  280   61-347    54-342 (407)
     406 tr|R4J1H6|R4J1H6_SALSA Cholecy 100.0 2.6E-41 2.7E-47  289.5   0.0  280   62-345    49-402 (461)
     407 UniRef100_A0A060VRN9 G_PROTEIN 100.0 2.6E-41 2.8E-47  298.3   0.0  281   56-347   132-428 (496)
     408 UniRef100_UPI00140407B6 somato 100.0 2.7E-41 2.8E-47  278.3   0.0  279   62-348    39-317 (443)
     409 tr|A0A1S3IXU4|A0A1S3IXU4_LINUN 100.0 2.7E-41 2.8E-47  290.7   0.0  279   60-348    58-344 (440)
     410 UniRef100_A0A2B4S7A4 Alpha-1A  100.0 2.7E-41 2.9E-47  293.8   0.0  263   62-350    42-310 (392)
     411 tr|A0A287CUD4|A0A287CUD4_ICTTR 100.0 2.8E-41 2.9E-47  290.2   0.0  283   60-352    19-310 (478)
     412 tr|A0A1A9ZM95|A0A1A9ZM95_GLOPL 100.0 2.9E-41   3E-47  289.3   0.0  290   58-348    93-392 (481)
     413 UniRef100_A0A068AZY5 Octopamin 100.0 2.8E-41   3E-47  322.7   0.0  184   59-251   173-357 (723)
     414 UniRef100_A0A0P5DS31 Neuropept 100.0 3.1E-41 3.2E-47  287.8   0.0  286   55-344    81-379 (482)
     415 tr|A0A1S3NAI3|A0A1S3NAI3_SALSA 100.0 3.1E-41 3.2E-47  286.4   0.0  289   60-352    96-389 (439)
     416 tr|A0A091DQD0|A0A091DQD0_FUKDA 100.0 3.1E-41 3.2E-47  293.1   0.0  280   59-350   179-464 (499)
     417 SRR6218665_1286431             100.0 3.2E-41 3.3E-47  288.8   0.0  292   53-347    42-338 (477)
     418 tr|A0A212C668|A0A212C668_CEREH 100.0 3.2E-41 3.3E-47  293.9   0.0  289   48-348   208-555 (558)
     419 UniRef100_A0A087XT11 Alpha-1B  100.0 3.2E-41 3.3E-47  297.2   0.0  277   60-348    80-403 (622)
     420 UniRef100_A0A2B4SJV4 Galanin r 100.0 3.1E-41 3.3E-47  305.0   0.0  282   60-348    75-365 (444)
     421 tr|W8B9D1|W8B9D1_CERCA 5-hydro 100.0 3.3E-41 3.4E-47  298.1   0.0  286   57-350   260-627 (664)
     422 tr|A0A0P7TYE1|A0A0P7TYE1_9TELE 100.0 3.5E-41 3.6E-47  294.2   0.0  279   62-344   126-468 (507)
     423 UniRef100_A0A061IAU9 Gastric r 100.0 3.5E-41 3.7E-47  298.0   0.0  285   58-352   113-409 (588)
     424 tr|A0A2B4S6X2|A0A2B4S6X2_STYPI 100.0 3.6E-41 3.8E-47  286.3   0.0  278   62-350    26-324 (379)
     425 tr|A0A232F8D2|A0A232F8D2_9HYME 100.0 3.7E-41 3.9E-47  292.9   0.0  283   58-345    70-366 (478)
     426 tr|A0A2B4RR50|A0A2B4RR50_STYPI 100.0 3.8E-41   4E-47  289.5   0.0  296   58-360    28-336 (411)
     427 UniRef100_A0A023F665 Putative  100.0 3.8E-41   4E-47  302.1   0.0  283   62-345   146-445 (573)
     428 UniRef100_A0A0P6J0T1 Putative  100.0 3.8E-41   4E-47  308.9   0.0  284   54-345    97-405 (735)
     429 UniRef100_A0A026WC04 Dopamine  100.0 4.1E-41 4.2E-47  289.4   0.0  286   53-350    71-398 (468)
     430 tr|A0A2B4RYW3|A0A2B4RYW3_STYPI 100.0 4.1E-41 4.3E-47  318.5   0.0  310   61-380    41-363 (1580)
     431 UniRef100_A0A060VWI9 G_PROTEIN 100.0 4.1E-41 4.3E-47  298.8   0.0  279   64-348    65-393 (579)
     432 tr|A0A1S2ZMW0|A0A1S2ZMW0_ERIEU 100.0 4.2E-41 4.3E-47  280.3   0.0  284   59-348   157-440 (490)
     433 UniRef100_A0A553N720 G_PROTEIN 100.0 4.2E-41 4.4E-47  296.6   0.0  297   52-350   130-434 (595)
     434 tr|A0A1S3W6N0|A0A1S3W6N0_ERIEU 100.0 4.5E-41 4.6E-47  296.0   0.0  284   62-349   134-443 (596)
     435 tr|A0A0P6C571|A0A0P6C571_9CRUS 100.0 4.5E-41 4.7E-47  292.0   0.0  283   62-347    58-443 (558)
     436 UniRef100_A0A553R2N1 G_PROTEIN 100.0 4.6E-41 4.7E-47  279.1   0.0  283   62-350   129-411 (474)
     437 tr|A0A0P7U113|A0A0P7U113_9TELE 100.0 4.6E-41 4.9E-47  292.9   0.0  268   60-343   148-415 (452)
     438 tr|A0A2D0SD29|A0A2D0SD29_ICTPU 100.0 5.1E-41 5.3E-47  291.1   0.0  278   62-350     7-309 (420)
     439 UniRef100_A0A060WAA0 NK-2 rece 100.0 5.2E-41 5.4E-47  288.5   0.0  286   59-348    72-363 (465)
     440 UniRef100_A0A026VXG0 Octopamin 100.0 5.1E-41 5.4E-47  305.1   0.0  188   57-252    79-272 (647)
     441 tr|A0A061ILI5|A0A061ILI5_CRIGR 100.0 5.4E-41 5.6E-47  288.9   0.0  290   59-350   197-492 (528)
     442 tr|A0A218V371|A0A218V371_9PASE 100.0 5.4E-41 5.6E-47  292.1   0.0  314   29-352   237-560 (606)
     443 UniRef100_A0A0A1XP15 Neuropept 100.0 5.5E-41 5.8E-47  285.6   0.0  284   56-344    68-368 (421)
     444 UniRef100_A0A060W247 Cholecyst 100.0 5.7E-41   6E-47  299.6   0.0  280   62-345   130-472 (563)
     445 tr|A0A210QT45|A0A210QT45_MIZYE 100.0 5.8E-41   6E-47  280.6   0.0  282   59-344    37-336 (395)
     446 UniRef100_A0A060XSS1 5-hydroxy 100.0 5.8E-41 6.2E-47  313.8   0.0  287   58-350   209-552 (704)
     447 tr|W4YJK4|W4YJK4_STRPU Unchara 100.0 5.8E-41 6.2E-47  295.0   0.0  283   58-352    68-372 (446)
     448 tr|A0A151NSA8|A0A151NSA8_ALLMI 100.0   6E-41 6.3E-47  289.6   0.0  274   58-343    87-368 (406)
     449 UniRef100_A0A061ACA9 G_PROTEIN 100.0   6E-41 6.4E-47  304.9   0.0  268   62-343    98-373 (513)
     450 tr|L9JWP3|L9JWP3_TUPCH C-C che 100.0 6.2E-41 6.5E-47  306.2   0.0  278   59-348   387-668 (702)
     451 UniRef100_A0A1S3HRK7 octopamin 100.0 6.2E-41 6.6E-47  297.5   0.0  278   62-348    67-349 (413)
     452 SRR6218665_147192              100.0 6.4E-41 6.7E-47  291.5   0.0  287   56-347    97-394 (466)
     453 UniRef100_A0A067RKH6 Putative  100.0 6.4E-41 6.8E-47  301.7   0.0  284   59-347    96-410 (501)
     454 UniRef100_A0A1I7STM2 (pine woo 100.0 6.6E-41   7E-47  296.0   0.0  294   52-347    73-384 (430)
     455 UniRef100_A0A060YY06 G_PROTEIN 100.0 6.8E-41 7.1E-47  294.6   0.0  285   58-347   102-406 (490)
     456 UniRef100_A0A2B4SYG2 5-hydroxy 100.0   7E-41 7.3E-47  287.3   0.0  278   58-348    28-315 (376)
     457 UniRef100_A0A3M6UBA2 G_PROTEIN 100.0   7E-41 7.4E-47  291.5   0.0  295   62-367    52-359 (383)
     458 tr|A0A1D1V6H4|A0A1D1V6H4_RAMVA 100.0 7.2E-41 7.5E-47  291.6   0.0  297   54-352    56-376 (498)
     459 tr|A0A182U1B5|A0A182U1B5_9DIPT 100.0 7.2E-41 7.5E-47  297.7   0.0  285   57-346    37-340 (620)
     460 UniRef100_A0A026WCQ7 Tyramine  100.0 7.2E-41 7.6E-47  311.5   0.0  278   60-352   184-590 (665)
     461 tr|K1PEH3|K1PEH3_CRAGI Neurope 100.0 7.4E-41 7.7E-47  286.1   0.0  284   62-348    50-356 (411)
     462 tr|A0A091DB56|A0A091DB56_FUKDA 100.0 7.5E-41 7.8E-47  282.3   0.0  290   57-348   161-452 (454)
     463 UniRef100_A0A026VW91 Neuropept 100.0 7.8E-41 8.1E-47  289.0   0.0  281   60-344   189-481 (582)
     464 UniRef100_A0A1S3IXU9 RYamide r 100.0 7.9E-41 8.2E-47  283.4   0.0  287   53-344    28-325 (438)
     465 UniRef100_A0A034WQT6 Tachykini 100.0   8E-41 8.3E-47  298.9   0.0  283   57-344   114-413 (694)
     466 UniRef100_A0A7M7G1H5 G_PROTEIN 100.0 7.8E-41 8.3E-47  297.4   0.0  278   62-352    40-336 (381)
     467 UniRef100_A0A060W714 Chemokine 100.0 7.9E-41 8.3E-47  299.5   0.0  273   60-346   122-394 (510)
     468 UniRef100_A0A016T4B6 G_PROTEIN 100.0 8.1E-41 8.6E-47  304.7   0.0  287   56-347    99-426 (585)
     469 tr|A0A060XRS0|A0A060XRS0_ONCMY 100.0 8.3E-41 8.6E-47  304.9   0.0  284   58-353    54-379 (900)
     470 tr|A0A210QNG6|A0A210QNG6_MIZYE 100.0 8.8E-41 9.3E-47  293.1   0.0  287   61-351    41-341 (498)
     471 tr|A7SMQ7|A7SMQ7_NEMVE Predict 100.0 8.8E-41 9.3E-47  284.4   0.0  282   60-349    12-303 (358)
     472 UniRef100_A0A026W4F0 Octopamin 100.0 8.9E-41 9.3E-47  287.4   0.0  276   62-346    58-389 (445)
     473 tr|A0A2B4R9G2|A0A2B4R9G2_STYPI 100.0 9.1E-41 9.6E-47  287.8   0.0  283   55-345    56-345 (378)
     474 tr|C3YFL4|C3YFL4_BRAFL Unchara 100.0 9.3E-41 9.6E-47  288.9   0.0  290   62-352    96-387 (591)
     475 tr|A0A1S3FWK5|A0A1S3FWK5_DIPOR 100.0 9.4E-41 9.7E-47  297.0   0.0  283   58-352   415-732 (786)
     476 tr|A0A0L7QUK8|A0A0L7QUK8_9HYME 100.0 9.4E-41 9.8E-47  301.7   0.0  284   58-346   200-495 (806)
     477 UniRef100_A0A060VZ71 G_PROTEIN 100.0 9.4E-41 9.9E-47  302.8   0.0  285   55-344   224-530 (650)
     478 UniRef100_A0A060WUQ6 G-protein 100.0 9.7E-41   1E-46  291.1   0.0  284   60-348   139-427 (502)
     479 UniRef100_UPI0008FA784D nocice 100.0   1E-40 1.1E-46  278.7   0.0  284   80-380   216-500 (500)
     480 UniRef100_A0A0L8HMQ0 G_PROTEIN 100.0   1E-40 1.1E-46  295.9   0.0  293   52-348    41-346 (538)
     481 UniRef100_A0A1S3F7I6 neuropept 100.0   1E-40 1.1E-46  301.4   0.0  282   58-344   249-552 (712)
     482 tr|A0A183W5E7|A0A183W5E7_TRIRE 100.0 1.1E-40 1.1E-46  289.6   0.0  286   58-348    50-351 (503)
     483 UniRef100_A0A060VTR1 G_PROTEIN 100.0 1.1E-40 1.1E-46  297.5   0.0  277   60-348   120-439 (619)
     484 UniRef100_A0A3M6UKX8 G_PROTEIN 100.0 1.1E-40 1.1E-46  300.8   0.0  286   60-349   119-420 (487)
     485 tr|A0A096NTW4|A0A096NTW4_PAPAN 100.0 1.1E-40 1.1E-46  286.0   0.0  291   59-353   132-430 (442)
     486 UniRef100_A0A3M6UKG3 G_PROTEIN 100.0 1.1E-40 1.2E-46  283.1   0.0  280   62-346    27-318 (378)
     487 UniRef100_A0A060X6T3 G_PROTEIN 100.0 1.1E-40 1.2E-46  293.6   0.0  275   62-348    92-412 (550)
     488 UniRef100_A0A060Y7B7 G_PROTEIN 100.0 1.2E-40 1.2E-46  298.3   0.0  287   54-352   110-552 (560)
     489 tr|A0A1S3NNV5|A0A1S3NNV5_SALSA 100.0 1.2E-40 1.2E-46  289.6   0.0  284   57-345    60-376 (499)
     490 UniRef100_A0A024R4J1 Formyl pe 100.0 1.2E-40 1.2E-46  312.2   0.0  278   59-347   172-453 (581)
     491 tr|B4N448|B4N448_DROWI Unchara 100.0 1.2E-40 1.3E-46  283.2   0.0  286   60-346    82-373 (502)
     492 tr|A0A147A4W2|A0A147A4W2_FUNHE 100.0 1.2E-40 1.3E-46  292.0   0.0  279   62-343    97-437 (502)
     493 tr|A0A1I8N820|A0A1I8N820_MUSDO 100.0 1.3E-40 1.3E-46  301.1   0.0  274   60-344   305-632 (880)
     494 UniRef100_A0A1S3IC93 somatosta 100.0 1.4E-40 1.4E-46  274.6   0.0  287   59-349    60-346 (449)
     495 tr|L9JDH9|L9JDH9_TUPCH Orexin  100.0 1.4E-40 1.4E-46  292.3   0.0  287   57-348   217-572 (621)
     496 UniRef100_A0A026WJE1 Neuropept 100.0 1.4E-40 1.5E-46  297.0   0.0  287   60-348   119-439 (606)
     497 UniRef100_A0A2G8KTA9 Putative  100.0 1.4E-40 1.5E-46  298.3   0.0  278   62-353    51-348 (445)
     498 tr|A0A2B4S4U3|A0A2B4S4U3_STYPI 100.0 1.4E-40 1.5E-46  278.3   0.0  286   62-352    28-325 (359)
     499 tr|W4Z3I5|W4Z3I5_STRPU Unchara 100.0 1.5E-40 1.6E-46  286.8   0.0  295   52-349    41-393 (461)
     500 UniRef100_A0A067RAQ2 Neuropept 100.0 1.6E-40 1.7E-46  285.7   0.0  283   59-345   100-392 (509)
     
  > Uniprot already searched, skipping.
/projects/ilfgrid/apps/alphafold-2.2.0/prep_MSAs.sh: line 93: /bin/hmmbuild: No such file or directory
/projects/ilfgrid/apps/alphafold-2.2.0/prep_MSAs.sh: line 94: /bin/hmmsearch: No such file or directory
> Running chain B
  > Uniref90 already searched, skipping.
  > Mgnify already searched, skipping.
  > Running hhblits on bfd_uniref30
- 03:13:04.668 INFO: Searching 65983866 column state sequences.

- 03:13:06.128 INFO: Searching 29291635 column state sequences.

- 03:13:06.173 INFO: oprk_human-1622/msas/B/chain_B.fasta is in A2M, A3M or FASTA format

- 03:13:06.173 INFO: Iteration 1

- 03:13:06.183 INFO: Prefiltering database

- 03:13:49.202 INFO: HMMs passed 1st prefilter (gapless profile-profile alignment)  : 55119

- 03:14:05.059 INFO: HMMs passed 1st prefilter (gapless profile-profile alignment)  : 60251

- 03:14:05.099 INFO: HMMs passed 2nd prefilter (gapped profile-profile alignment)   : 78

- 03:14:05.099 INFO: HMMs passed 2nd prefilter and not found in previous iterations : 78

- 03:14:05.099 INFO: Scoring 78 HMMs using HMM-HMM Viterbi alignment

- 03:14:05.144 INFO: Alternative alignment: 0

- 03:14:05.177 INFO: 78 alignments done

- 03:14:05.178 INFO: Alternative alignment: 1

- 03:14:05.180 INFO: 76 alignments done

- 03:14:05.181 INFO: Alternative alignment: 2

- 03:14:05.182 INFO: 11 alignments done

- 03:14:05.182 INFO: Alternative alignment: 3

- 03:14:05.247 INFO: Premerge done

- 03:14:05.247 INFO: Realigning 90 HMM-HMM alignments using Maximum Accuracy algorithm

- 03:14:05.274 INFO: 18 sequences belonging to 18 database HMMs found with an E-value < 0.001

- 03:14:05.274 INFO: Number of effective sequences of resulting query HMM: Neff = 2.80714

- 03:14:05.278 INFO: Iteration 2

- 03:14:05.278 INFO: Set premerge to 0! (premerge: 3 iteration: 2 hits.Size: 15)

- 03:14:05.282 INFO: Prefiltering database

- 03:14:38.047 INFO: HMMs passed 1st prefilter (gapless profile-profile alignment)  : 54653

- 03:14:52.916 INFO: HMMs passed 1st prefilter (gapless profile-profile alignment)  : 60513

- 03:14:52.962 INFO: HMMs passed 2nd prefilter (gapped profile-profile alignment)   : 111

- 03:14:52.962 INFO: HMMs passed 2nd prefilter and not found in previous iterations : 96

- 03:14:52.962 INFO: Scoring 96 HMMs using HMM-HMM Viterbi alignment

- 03:14:53.008 INFO: Alternative alignment: 0

- 03:14:53.032 INFO: 96 alignments done

- 03:14:53.032 INFO: Alternative alignment: 1

- 03:14:53.034 INFO: 78 alignments done

- 03:14:53.034 INFO: Alternative alignment: 2

- 03:14:53.034 INFO: Alternative alignment: 3

- 03:14:53.050 INFO: Realigning 98 HMM-HMM alignments using Maximum Accuracy algorithm

- 03:14:53.067 INFO: 19 sequences belonging to 19 database HMMs found with an E-value < 0.001

- 03:14:53.067 INFO: Number of effective sequences of resulting query HMM: Neff = 2.80714

- 03:14:53.070 INFO: Iteration 3

- 03:14:53.077 INFO: Prefiltering database

- 03:15:32.178 INFO: HMMs passed 1st prefilter (gapless profile-profile alignment)  : 54653

- 03:15:48.397 INFO: HMMs passed 1st prefilter (gapless profile-profile alignment)  : 60513

- 03:15:48.437 INFO: HMMs passed 2nd prefilter (gapped profile-profile alignment)   : 111

- 03:15:48.437 INFO: HMMs passed 2nd prefilter and not found in previous iterations : 95

- 03:15:48.437 INFO: Scoring 95 HMMs using HMM-HMM Viterbi alignment

- 03:15:48.473 INFO: Alternative alignment: 0

- 03:15:48.476 INFO: 95 alignments done

- 03:15:48.476 INFO: Alternative alignment: 1

- 03:15:48.478 INFO: 75 alignments done

- 03:15:48.478 INFO: Alternative alignment: 2

- 03:15:48.478 INFO: Alternative alignment: 3

- 03:15:48.494 INFO: Rescoring previously found HMMs with Viterbi algorithm

- 03:15:48.517 INFO: Alternative alignment: 0

- 03:15:48.518 INFO: 16 alignments done

- 03:15:48.518 INFO: Alternative alignment: 1

- 03:15:48.520 INFO: 16 alignments done

- 03:15:48.520 INFO: Alternative alignment: 2

- 03:15:48.521 INFO: 8 alignments done

- 03:15:48.521 INFO: Alternative alignment: 3

- 03:15:48.537 INFO: Premerge done

- 03:15:48.537 INFO: Realigning 111 HMM-HMM alignments using Maximum Accuracy algorithm

- 03:15:48.558 INFO: 19 sequences belonging to 19 database HMMs found with an E-value < 0.001

- 03:15:48.558 INFO: Number of effective sequences of resulting query HMM: Neff = 2.80714

     Query         dynorphin B gtp:1622
     Match_columns 13
     No_of_seqs    24 out of 215
     Neff          2.80714
     Searched_HMMs 157
     Date          Thu Mar  9 03:15:48 2023
     Command       hhblits -i oprk_human-1622/msas/B/chain_B.fasta -cpu 4 -maxmem 20 -oa3m /projects/ilfgrid/people/nqz918/code/deorph/scripts/af_arman/af_jobs_af23/oprk_human/1622//oprk_human-1622/msas/B/bfd_uniref_hits.a3m -o /dev/null -n 3 -e 0.001 -maxseq 1000000 -realign_max 100000 -maxfilt 100000 -min_prefilter_hits 1000 -d /projects/ilfgrid/data/alphafold-genetic-databases///bfd/bfd_metaclust_clu_complete_id30_c90_final_seq.sorted_opt -d /projects/ilfgrid/data/alphafold-genetic-databases///uniref30/UniRef30_2021_03 
     
      No Hit                             Prob E-value P-value  Score    SS Cols Query HMM  Template HMM
       1 UniRef100_A0A060WJX8 Alpha-neo  97.6 1.7E-06 2.7E-12   51.0   0.0   13    1-13    277-289 (315)
       2 tr|G5BEP7|G5BEP7_HETGA Proenke  97.5 6.2E-06 8.5E-12   49.1   0.0   13    1-13    264-276 (292)
       3 tr|M7BYV4|M7BYV4_CHEMY Proenke  97.2 2.6E-05 3.5E-11   46.9   0.0   13    1-13    274-286 (302)
       4 UniRef100_A0A1U7SX24 Alpha-neo  97.1 3.5E-05 5.4E-11   45.4   0.0   13    1-13    227-239 (258)
       5 UniRef100_Q9W688 Alpha-neoendo  97.0  0.0001   1E-10   35.8   0.0   12    1-12     15-26  (43)
       6 UniRef100_Q8AYC8 Alpha-neoendo  97.0 0.00011 1.1E-10   36.9   0.0   13    1-13     28-40  (54)
       7 tr|A0A151N053|A0A151N053_ALLMI  96.7 0.00025 3.2E-10   44.7   0.0   13    1-13    392-404 (420)
       8 UniRef100_A0A402FTA2 Alpha-neo  96.5 0.00068 8.7E-10   40.4   0.0   13    1-13    190-202 (218)
       9 UniRef100_A0A674GA50 Alpha-neo  96.3  0.0015 1.8E-09   40.8   0.0   13    1-13    293-305 (321)
      10 UniRef100_A0A4U1FHP0 Alpha-neo  96.3  0.0016 1.8E-09   41.0   0.0   13    1-13    316-328 (344)
      11 UniRef100_UPI000510C6B4 proenk  96.3  0.0018 1.9E-09   37.1   0.0   12    1-12    105-116 (133)
      12 UniRef100_A0A151N053 Alpha-neo  96.2  0.0022 2.7E-09   40.7   0.0   12    1-12    347-358 (375)
      13 UniRef100_UPI001176599E proenk  96.0  0.0036   4E-09   39.5   0.0   13    1-13    298-310 (326)
      14 UniRef100_V8N4R6 Alpha-neoendo  95.8   0.007 7.2E-09   36.0   0.0   13    1-13    144-156 (172)
      15 UniRef100_A0A384D3J1 Alpha-neo  95.6    0.01 1.1E-08   38.0   0.0   13    1-13    330-342 (358)
      16 UniRef100_UPI0011CF187C proenk  95.1    0.03 3.1E-08   36.4   0.0   13    1-13    355-367 (383)
      17 UniRef100_UPI0014087020 proenk  94.8   0.054 5.5E-08   35.4   0.0   12    1-12    354-365 (382)
      18 UniRef100_UPI0005119EEF proenk  92.6    0.44 4.6E-07   29.5   0.0    9    1-9     165-173 (173)
      19 UniRef100_A0A0A9AKB4 Uncharact  92.5    0.48   5E-07   21.8   0.0   10    1-10      3-12  (22)
      20 UniRef100_A0A6S7GWP5 Uncharact  92.3    0.53 5.5E-07   26.5   0.0   11    3-13     52-62  (80)
      21 ERR1022692_2070916              90.7    0.93 1.2E-06   27.7   0.0    9    2-10      9-17  (160)
      22 UniRef100_A0A1Y2DNY9 Uncharact  90.4     1.4 1.4E-06   27.3   0.0   11    2-12     46-56  (153)
      23 UniRef100_UPI0019444572 hypoth  89.6     1.9 1.9E-06   25.6   0.0   12    1-12     42-53  (107)
      24 UniRef100_S3IMR1 Uncharacteriz  89.2     2.1 2.2E-06   22.8   0.0    9    4-12     23-31  (49)
      25 ERR1700686_3022911              87.6     3.3 3.5E-06   26.3   0.0   11    2-12    114-124 (171)
      26 UniRef100_UPI000868035C unchar  87.5     3.5 3.6E-06   26.7   0.0   13    1-13    121-133 (210)
      27 UniRef100_UPI00137A9ED2 hypoth  87.5     3.5 3.6E-06   22.5   0.0   13    1-13     42-54  (55)
      28 UniRef100_UPI0014025E41 proenk  87.2     3.7 3.9E-06   28.1   0.0   13    1-13    311-323 (347)
      29 UniRef100_M4BUE0 Uncharacteriz  86.8     4.2 4.3E-06   24.5   0.0   11    2-12     92-102 (108)
      30 UniRef100_D0WBW9 Uncharacteriz  86.2     4.7 4.9E-06   21.4   0.0   11    2-12      3-13  (44)
      31 UniRef100_A0A3D3NRC2 Uncharact  86.2     4.7 4.9E-06   23.4   0.0   12    1-12     69-80  (81)
      32 UniRef100_A0A5J6TNP3 Uncharact  86.1     4.8   5E-06   22.1   0.0   11    2-12     16-26  (56)
      33 UniRef100_A0A4Z2CJU2 Uncharact  85.9       5 5.2E-06   22.6   0.0   11    2-12     20-30  (66)
      34 UniRef100_UPI001748DF02 stage   85.7     5.3 5.5E-06   22.2   0.0   12    1-12     43-54  (60)
      35 UniRef100_A0A329P7T5 Uncharact  85.7     5.3 5.5E-06   22.2   0.0   11    2-12     16-26  (60)
      36 UniRef100_A0A164ZRG7 Uncharact  85.4     5.7 5.8E-06   22.3   0.0   10    1-10      7-16  (63)
      37 UniRef100_A0A6G3YZE0 Uncharact  85.3     5.8   6E-06   22.2   0.0   12    1-12     38-49  (62)
      38 UniRef100_UPI000670F1FC proenk  85.2     5.9 6.1E-06   24.5   0.0   11    1-11    105-115 (129)
      39 SRR5712671_5039910              85.1     5.7 6.2E-06   25.0   0.0   11    2-12    122-132 (151)
      40 UniRef100_A0A0E9NRE3 Uncharact  84.9     6.3 6.5E-06   26.6   0.0   13    1-13    121-133 (285)
      41 UniRef100_A0A382BWI9 Uncharact  84.7     6.5 6.7E-06   23.1   0.0   11    2-12     13-23  (86)
      42 UniRef100_A0A2K2DR59 Uncharact  84.5     6.7 6.9E-06   22.3   0.0   12    1-12     52-63  (69)
      43 UniRef100_A0A2P1IUL0 Proenkeph  84.0     7.4 7.6E-06   25.5   0.0   12    1-12    169-180 (207)
      44 UniRef100_A0A381RP13 Uncharact  84.0     7.5 7.7E-06   21.0   0.0   11    2-12     30-40  (48)
      45 UniRef100_A0A660ZJM6 NAD(P)/FA  83.0     8.8   9E-06   24.4   0.0   10    1-10    117-126 (152)
      46 SRR6185436_6146177              82.9     7.9 9.2E-06   24.5   0.0   12    1-12    143-154 (155)
      47 UniRef100_A0A2P7AVS7 Uncharact  82.9       9 9.2E-06   23.3   0.0   10    2-11     98-107 (109)
      48 ERR1700761_2424160              82.6     7.7 9.7E-06   26.8   0.0   11    2-12    207-217 (353)
      49 UniRef100_A0A2P2PHM2 Uncharact  82.5     9.5 9.8E-06   18.0   0.0   10    3-12     10-19  (21)
      50 UniRef100_A0A5A7QXP9 Zinc fing  82.2      10   1E-05   25.1   0.0   12    1-12     63-74  (212)
      51 UniRef100_A0A2E7W9W0 Uncharact  82.1     8.5   1E-05   25.2   0.0   12    1-12    101-112 (213)
      52 UniRef100_A0A3G3LYN5 Minor tai  82.0      10 1.1E-05   24.2   0.0   11    1-11     50-60  (157)
      53 UniRef100_A0A6M0F3N4 cobW doma  81.6      11 1.1E-05   20.2   0.0   12    1-12     12-23  (44)
      54 UniRef100_A0A226EL04 Uncharact  81.3      11 1.2E-05   23.8   0.0   12    1-12    124-135 (144)
      55 UniRef100_A0A7J4B1B7 Uncharact  80.7      12 1.3E-05   21.4   0.0   11    1-11     49-59  (68)
      56 UniRef100_A0A7S0WWY2 Hypotheti  80.1      14 1.4E-05   23.6   0.0   12    1-12      7-18  (149)
      57 UniRef100_A0A1B6NUH7 Uncharact  79.5      15 1.5E-05   19.0   0.0   12    1-12     13-24  (34)
      58 UniRef100_F0SHJ8 Uncharacteriz  79.5      15 1.5E-05   18.9   0.0    8    1-8      11-18  (33)
      59 UniRef100_A0A4W3J4D3 FBA domai  79.1      15 1.6E-05   23.7   0.0   11    2-12     78-88  (167)
      60 UniRef100_A0A3S0C730 Uncharact  79.1      16 1.6E-05   23.1   0.0   11    2-12    105-115 (136)
      61 SRR5437868_15177361             79.0      15 1.6E-05   22.6   0.0   10    2-11     37-46  (110)
      62 UniRef100_UPI001576264F hypoth  78.9      16 1.6E-05   22.6   0.0   11    2-12     15-25  (113)
      63 UniRef100_A0A550JEZ2 Uncharact  78.8      16 1.7E-05   21.1   0.0   12    2-13     33-44  (69)
      64 UniRef100_A0A3A4NS44 Uncharact  78.7      16 1.7E-05   21.6   0.0   12    1-12     56-67  (81)
      65 UniRef100_W2T586 Uncharacteriz  78.6      16 1.7E-05   24.2   0.0    9    1-9     178-186 (204)
      66 SRR6266849_4065641              78.4      15 1.7E-05   25.0   0.0   11    2-12     35-45  (264)
      67 UniRef100_A0A654DR02 Uncharact  77.9      18 1.8E-05   20.4   0.0   12    2-13      4-15  (58)
      68 UniRef100_J4CCH8 Uncharacteriz  77.9      18 1.8E-05   20.6   0.0   12    1-12     18-29  (61)
      69 UniRef100_A0A382WM34 Uncharact  77.5      19 1.9E-05   19.9   0.0   10    3-12     26-35  (50)
      70 UniRef100_A0A6V7XQH1 Hypotheti  77.1      20   2E-05   21.9   0.0   11    2-12     31-41  (101)
      71 UniRef100_A0A4Y2TEL6 Uncharact  76.8      20 2.1E-05   22.0   0.0   12    1-12     29-40  (107)
      72 UniRef100_A0A5B1QDU0 Uncharact  76.6      21 2.1E-05   20.0   0.0   11    2-12     12-22  (55)
      73 UniRef100_A0A4P5SNQ0 Uncharact  76.5      21 2.2E-05   20.5   0.0   10    3-12     12-21  (65)
      74 UniRef100_A0A4Y6Q2S6 Type II t  76.1      22 2.3E-05   23.7   0.0   10    1-10    168-177 (202)
      75 UniRef100_UPI000CDCF069 hypoth  75.9      22 2.3E-05   22.0   0.0   10    2-11     13-22  (111)
      76 UniRef100_A0A438E4V1 Uncharact  75.7      23 2.4E-05   22.0   0.0   11    1-11     67-77  (114)
      77 UniRef100_UPI000A494860 hypoth  75.5      23 2.4E-05   19.9   0.0   11    2-12     20-30  (55)
      78 UniRef100_A0A124GP53 Uncharact  74.3      26 2.7E-05   20.2   0.0   12    1-12     33-44  (66)
      79 UniRef100_UPI000794F5BD hypoth  74.3      27 2.7E-05   21.2   0.0   11    2-12     63-73  (93)
      80 UniRef100_A0A0A9G019 Uncharact  74.1      26 2.8E-05   19.6   0.0   12    2-13      9-20  (53)
      81 UniRef100_UPI001AB00F6B hypoth  73.8      28 2.9E-05   19.8   0.0   10    2-11     24-33  (58)
      82 UniRef100_A0A1U9QRZ5 Uncharact  73.5      29 2.9E-05   20.0   0.0   10    2-11     29-38  (62)
      83 UniRef100_A0A2P4UV77 Uncharact  73.3      29   3E-05   21.8   0.0    9    2-10      5-13  (120)
      84 UniRef100_A0A2C6CZQ9 Peptidase  72.8      31 3.2E-05   25.1   0.0   12    1-12    202-213 (440)
      85 UniRef100_A0A497GZT4 Uncharact  72.5      32 3.3E-05   21.0   0.0   10    2-11     44-53  (93)
      86 UniRef100_A0A5P0WZN3 Uncharact  72.4      32 3.3E-05   23.2   0.0   12    1-12    122-133 (209)
      87 UniRef100_A0A534X165 Uncharact  72.2      33 3.3E-05   22.1   0.0   12    1-12     21-32  (141)
      88 UniRef100_UPI001491942A hypoth  71.4      35 3.6E-05   22.5   0.0   12    1-12     39-50  (170)
      89 UniRef100_A0A0B7ICU8 Uncharact  70.9      37 3.8E-05   22.4   0.0   12    1-12    154-165 (170)
      90 UniRef100_A0A2M7Q4Y2 Uncharact  70.6      38 3.9E-05   21.7   0.0   10    2-11     23-32  (131)
      91 UniRef100_A0A448WGT4 Uncharact  69.1      43 4.4E-05   20.9   0.0   11    2-12     66-76  (107)
      92 UniRef100_E3KX48 Uncharacteriz  68.8      44 4.5E-05   21.0   0.0   12    1-12     95-106 (111)
      93 UniRef100_A0A0V1LYD7 Uncharact  68.7      44 4.5E-05   19.4   0.0   11    2-12     17-27  (63)
      94 SRR5579884_2735813              67.9      45 4.9E-05   21.9   0.0   12    1-12    123-134 (157)
      95 UniRef100_W6FVC0 Uncharacteriz  67.6      48   5E-05   17.9   0.0   12    1-12      3-14  (39)
      96 UniRef100_A0A0A9M7W7 Uncharact  67.2      50 5.1E-05   18.3   0.0   12    1-12     33-44  (46)
      97 UniRef100_A0A1X0NGE0 Uncharact  65.3      58 5.9E-05   20.8   0.0    9    3-11    115-123 (123)
      98 UniRef100_A0A7S1B8D4 Hypotheti  64.8      60 6.2E-05   22.5   0.0   12    1-12    122-133 (237)
      99 SRR5205085_659981               64.0      52 6.6E-05   22.3   0.0   12    1-12    198-209 (217)
     100 UniRef100_UPI0012D3B0ED neurop  62.9      69 7.1E-05   20.2   0.0   10    1-10     73-82  (107)
     101 UniRef100_A0A6P1HNG0 Uncharact  62.5      71 7.3E-05   18.8   0.0    9    1-9       3-11  (66)
     102 UniRef100_A0A3M2EW37 Uncharact  62.2      72 7.4E-05   18.5   0.0   12    1-12     17-28  (59)
     103 UniRef100_UPI000A9F1C26 hypoth  59.4      88   9E-05   18.6   0.0   11    2-12     47-57  (67)
     104 UniRef100_UPI0015DB516A hypoth  56.9   1E+02 0.00011   17.9   0.0   12    1-12      3-14  (58)
     105 UniRef100_A0A2P4Y2M9 Uncharact  56.7   1E+02 0.00011   21.1   0.0   12    1-12    169-180 (199)
     106 UniRef100_A0A2X0LZ45 BQ5605_C0  56.0 1.1E+02 0.00011   20.9   0.0   12    1-12    161-172 (188)
     107 UniRef100_UPI0018A6AB2D hypoth  55.0 1.2E+02 0.00012   19.4   0.0   11    1-11     36-46  (109)
     108 UniRef100_A0A5N6UNZ2 Uncharact  54.5 1.2E+02 0.00012   18.8   0.0   10    3-12     14-23  (86)
     109 UniRef100_A0A7S2EZE4 Hypotheti  51.3 1.5E+02 0.00015   19.6   0.0   10    3-12     25-34  (132)
     110 UniRef100_UPI0014025E41 proenk  31.0 4.9E+02 0.00052   19.9   0.0    8    1-8     119-126 (347)
     111 UniRef100_UPI0011CF187C proenk  27.0 6.5E+02 0.00067   19.6   0.0    6    1-6     306-311 (383)
     
  > Uniprot already searched, skipping.
/projects/ilfgrid/apps/alphafold-2.2.0/prep_MSAs.sh: line 93: /bin/hmmbuild: No such file or directory
/projects/ilfgrid/apps/alphafold-2.2.0/prep_MSAs.sh: line 94: /bin/hmmsearch: No such file or directory

>> Job finished at: Thu Mar  9 03:15:53 CET 2023

>> Runtime: 844 s
