>> Job started at: Wed Feb 22 17:57:58 CET 2023
   On Machine:     ilfgridgpun01fl.unicph.domain
   In directory:   /maps/projects/ilfgrid/people/nqz918/code/deorph/scripts/af_arman/af_jobs_af23/ccrl2_human/3422

>> GPU is 

> Running 'prep_MSAs.sh'
  > Alphafold-DB directory is set to /projects/ilfgrid/data/alphafold-genetic-databases//
  > Number of cores was set to set to 2
  > Max memory set to 20 GB
  > Output directory was set to /maps/projects/ilfgrid/people/nqz918/code/deorph/scripts/af_arman/af_jobs_af23/ccrl2_human/3422/
  > Input fastafile was set to /maps/projects/ilfgrid/people/nqz918/code/deorph/scripts/af_arman/af_jobs_af23/ccrl2_human/3422/ccrl2_human-3422.fasta
> Splitting fastafile
> Running chain A
  > Uniref90 already searched, skipping.
  > Mgnify already searched, skipping.
  > Running hhblits on bfd_uniref30
- 17:58:46.255 INFO: Searching 65983866 column state sequences.

- 17:58:48.931 INFO: Searching 29291635 column state sequences.

- 17:58:48.977 INFO: ccrl2_human-3422/msas/A/chain_A.fasta is in A2M, A3M or FASTA format

- 17:58:48.977 INFO: Iteration 1

- 17:58:49.183 INFO: Prefiltering database

- 18:05:08.914 INFO: HMMs passed 1st prefilter (gapless profile-profile alignment)  : 2023971

- 18:06:18.188 INFO: HMMs passed 1st prefilter (gapless profile-profile alignment)  : 1010600

- 18:06:23.340 INFO: HMMs passed 2nd prefilter (gapped profile-profile alignment)   : 18299

- 18:06:23.340 INFO: HMMs passed 2nd prefilter and not found in previous iterations : 18299

- 18:06:23.340 INFO: Scoring 18299 HMMs using HMM-HMM Viterbi alignment

- 18:06:23.369 INFO: Alternative alignment: 0

- 18:06:24.800 INFO: 2000 alignments done

- 18:06:26.123 INFO: 4000 alignments done

- 18:06:27.364 INFO: 6000 alignments done

- 18:06:28.482 INFO: 8000 alignments done

- 18:06:29.466 INFO: 10000 alignments done

- 18:06:30.491 INFO: 12000 alignments done

- 18:06:31.419 INFO: 14000 alignments done

- 18:06:32.297 INFO: 16000 alignments done

- 18:06:33.263 INFO: 18000 alignments done

- 18:06:33.418 INFO: 18299 alignments done

- 18:06:33.418 INFO: Alternative alignment: 1

- 18:06:43.806 INFO: 18158 alignments done

- 18:06:43.850 INFO: Alternative alignment: 2

- 18:06:54.892 INFO: 3948 alignments done

- 18:06:54.897 INFO: Alternative alignment: 3

- 18:06:55.806 INFO: 607 alignments done

- 18:06:56.765 INFO: Premerge done

- 18:06:56.765 INFO: Realigning 4796 HMM-HMM alignments using Maximum Accuracy algorithm

- 18:07:44.074 INFO: 4799 sequences belonging to 4799 database HMMs found with an E-value < 0.001

- 18:07:44.074 INFO: Number of effective sequences of resulting query HMM: Neff = 10.5131

- 18:07:44.273 INFO: Iteration 2

- 18:07:44.273 INFO: Set premerge to 0! (premerge: 3 iteration: 2 hits.Size: 4796)

- 18:07:44.484 INFO: Prefiltering database

- 18:09:58.675 INFO: HMMs passed 1st prefilter (gapless profile-profile alignment)  : 4684753

- 18:11:23.579 INFO: HMMs passed 1st prefilter (gapless profile-profile alignment)  : 2213955

- 18:11:55.259 INFO: HMMs passed 2nd prefilter (gapped profile-profile alignment)   : 59498

- 18:11:55.259 INFO: HMMs passed 2nd prefilter and not found in previous iterations : 54809

- 18:11:55.259 INFO: Scoring 54809 HMMs using HMM-HMM Viterbi alignment

- 18:11:55.283 INFO: Alternative alignment: 0

- 18:11:56.590 INFO: 2000 alignments done

- 18:12:13.150 INFO: 4000 alignments done

- 18:12:31.878 INFO: 6000 alignments done

- 18:12:49.422 INFO: 8000 alignments done

- 18:13:25.217 INFO: 10000 alignments done

- 18:13:58.160 INFO: 12000 alignments done

- 18:14:33.159 INFO: 14000 alignments done

- 18:14:39.958 INFO: 16000 alignments done

- 18:14:44.137 INFO: 18000 alignments done

- 18:14:47.774 INFO: 20000 alignments done

- 18:14:52.107 INFO: 22000 alignments done

- 18:14:55.679 INFO: 24000 alignments done

- 18:14:58.718 INFO: 26000 alignments done

- 18:15:01.144 INFO: 28000 alignments done

- 18:15:03.178 INFO: 30000 alignments done

- 18:15:04.915 INFO: 32000 alignments done

- 18:15:07.727 INFO: 34000 alignments done

- 18:15:09.416 INFO: 36000 alignments done

- 18:15:11.030 INFO: 38000 alignments done

- 18:15:12.389 INFO: 40000 alignments done

- 18:15:15.093 INFO: 42000 alignments done

- 18:15:19.144 INFO: 44000 alignments done

- 18:15:24.097 INFO: 46000 alignments done

- 18:15:29.714 INFO: 48000 alignments done

- 18:15:34.333 INFO: 50000 alignments done

- 18:15:37.455 INFO: 52000 alignments done

- 18:15:39.786 INFO: 54000 alignments done

- 18:15:39.789 INFO: Stop after DB-HHM: 54000 because early stop  19.6469 < filter cutoff 20

- 18:15:39.789 INFO: Alternative alignment: 1

- 18:16:12.464 INFO: 46402 alignments done

- 18:16:12.567 INFO: Alternative alignment: 2

- 18:16:15.994 INFO: 4322 alignments done

- 18:16:15.998 INFO: Alternative alignment: 3

- 18:16:16.754 INFO: 593 alignments done

- 18:16:17.262 INFO: Realigning 29439 HMM-HMM alignments using Maximum Accuracy algorithm

- 18:18:03.817 INFO: 34237 sequences belonging to 34237 database HMMs found with an E-value < 0.001

- 18:18:03.818 INFO: Number of effective sequences of resulting query HMM: Neff = 11.8045

- 18:18:04.162 INFO: Iteration 3

- 18:18:04.421 INFO: Prefiltering database

- 18:20:25.924 INFO: HMMs passed 1st prefilter (gapless profile-profile alignment)  : 3675521

- 18:21:45.074 INFO: HMMs passed 1st prefilter (gapless profile-profile alignment)  : 1920966

- 18:21:57.615 INFO: HMMs passed 2nd prefilter (gapped profile-profile alignment)   : 58584

- 18:21:57.615 INFO: HMMs passed 2nd prefilter and not found in previous iterations : 25327

- 18:21:57.615 INFO: Scoring 25327 HMMs using HMM-HMM Viterbi alignment

- 18:21:57.640 INFO: Alternative alignment: 0

- 18:21:59.190 INFO: 2000 alignments done

- 18:22:00.694 INFO: 4000 alignments done

- 18:22:02.055 INFO: 6000 alignments done

- 18:22:03.286 INFO: 8000 alignments done

- 18:22:04.298 INFO: 10000 alignments done

- 18:22:05.282 INFO: 12000 alignments done

- 18:22:06.333 INFO: 14000 alignments done

- 18:22:07.308 INFO: 16000 alignments done

- 18:22:08.464 INFO: 18000 alignments done

- 18:22:10.663 INFO: 20000 alignments done

- 18:22:22.549 INFO: 22000 alignments done

- 18:22:44.132 INFO: 24000 alignments done

- 18:23:07.569 INFO: 25327 alignments done

- 18:23:07.573 INFO: Alternative alignment: 1

- 18:23:31.319 INFO: 20166 alignments done

- 18:23:31.373 INFO: Alternative alignment: 2

- 18:23:33.551 INFO: 1992 alignments done

- 18:23:33.552 INFO: Alternative alignment: 3

- 18:23:33.961 INFO: 279 alignments done

- 18:23:34.160 INFO: Rescoring previously found HMMs with Viterbi algorithm

- 18:23:34.198 INFO: Alternative alignment: 0

- 18:23:49.713 INFO: 2000 alignments done

- 18:24:02.543 INFO: 4000 alignments done

- 18:24:12.667 INFO: 6000 alignments done

- 18:24:18.131 INFO: 8000 alignments done

- 18:24:23.790 INFO: 10000 alignments done

- 18:24:30.915 INFO: 12000 alignments done

- 18:24:41.558 INFO: 14000 alignments done

- 18:24:55.012 INFO: 16000 alignments done

- 18:25:07.037 INFO: 18000 alignments done

- 18:25:16.591 INFO: 20000 alignments done

- 18:25:26.017 INFO: 22000 alignments done

- 18:25:38.794 INFO: 24000 alignments done

- 18:25:49.545 INFO: 26000 alignments done

- 18:26:00.597 INFO: 28000 alignments done

- 18:26:12.782 INFO: 30000 alignments done

- 18:26:25.075 INFO: 32000 alignments done

- 18:26:36.809 INFO: 33260 alignments done

- 18:26:36.825 INFO: Alternative alignment: 1

- 18:27:14.290 INFO: 33260 alignments done

- 18:27:14.352 INFO: Alternative alignment: 2

- 18:27:16.553 INFO: 2499 alignments done

- 18:27:16.555 INFO: Alternative alignment: 3

- 18:27:17.032 INFO: 368 alignments done

- 18:27:17.648 INFO: Premerge done

- 18:27:17.651 INFO: Realigning 34572 HMM-HMM alignments using Maximum Accuracy algorithm

- 18:30:30.258 INFO: 35680 sequences belonging to 35680 database HMMs found with an E-value < 0.001

- 18:30:30.258 INFO: Number of effective sequences of resulting query HMM: Neff = 11.8304

     Query         ccrl2_human O00421
     Match_columns 344
     No_of_seqs    1575 out of 297205
     Neff          11.8304
     Searched_HMMs 66935
     Date          Wed Feb 22 18:30:30 2023
     Command       hhblits -i ccrl2_human-3422/msas/A/chain_A.fasta -cpu 2 -maxmem 20 -oa3m /maps/projects/ilfgrid/people/nqz918/code/deorph/scripts/af_arman/af_jobs_af23/ccrl2_human/3422//ccrl2_human-3422/msas/A/bfd_uniref_hits.a3m -o /dev/null -n 3 -e 0.001 -maxseq 1000000 -realign_max 100000 -maxfilt 100000 -min_prefilter_hits 1000 -d /projects/ilfgrid/data/alphafold-genetic-databases///bfd/bfd_metaclust_clu_complete_id30_c90_final_seq.sorted_opt -d /projects/ilfgrid/data/alphafold-genetic-databases///uniref30/UniRef30_2021_03 
     
      No Hit                             Prob E-value P-value  Score    SS Cols Query HMM  Template HMM
       1 UniRef100_A0A091DSN0 C-C chemo 100.0 9.2E-50 9.1E-56  321.1   0.0  344    1-344   167-516 (529)
       2 tr|A0A1A6G1K3|A0A1A6G1K3_NEOLE 100.0 9.1E-49 9.2E-55  314.1   0.0  341    1-344    48-394 (579)
       3 tr|M3YV26|M3YV26_MUSPF C-C mot 100.0 8.4E-48 8.5E-54  296.1   0.0  343    1-344    65-413 (418)
       4 UniRef100_A0A1S3HKE5 allatosta 100.0 9.1E-48 8.9E-54  313.7   0.0  276   35-322    79-378 (462)
       5 tr|V8PD93|V8PD93_OPHHA Type-2  100.0 9.3E-48 9.1E-54  310.6   0.0  290   27-321    64-370 (412)
       6 UniRef100_A0A060VVF8 G_PROTEIN 100.0   1E-47   1E-53  317.1   0.0  291   25-320   127-434 (511)
       7 UniRef100_A0A087QH27 C-C chemo 100.0 1.4E-47 1.4E-53  322.4   0.0  291   26-321   188-486 (591)
       8 UniRef100_A0A091EBV8 Type-1 an 100.0 2.1E-47 2.1E-53  321.4   0.0  284   27-317   336-628 (715)
       9 tr|S7PUA8|S7PUA8_MYOBR C-C che 100.0 2.9E-47 2.9E-53  313.2   0.0  290   26-320   270-567 (603)
      10 UniRef100_A0A6P4Z4S7 G-protein 100.0 3.9E-47 3.8E-53  312.5   0.0  277   35-323    56-355 (417)
      11 UniRef100_A0A024FLF0 PQRFa pep 100.0   8E-47 7.7E-53  308.9   0.0  275   33-319    44-346 (413)
      12 UniRef100_A0A1N7TCF1 Galanin r 100.0 1.1E-46 1.1E-52  298.9   0.0  276   36-322    69-363 (407)
      13 UniRef100_A0A6P4Y4T1 galanin r 100.0 1.9E-46 1.8E-52  297.4   0.0  276   35-322    55-354 (410)
      14 tr|A0A0P7U387|A0A0P7U387_9TELE 100.0 3.1E-46 3.1E-52  298.6   0.0  273   36-321   126-417 (556)
      15 UniRef100_A0A0K0PUX7 Orphan G- 100.0   4E-46 3.9E-52  304.2   0.0  279   36-323    60-358 (471)
      16 UniRef100_A0A024R2Q0 Chemokine 100.0 5.8E-46 5.8E-52  302.5   0.0  292   25-320   143-444 (499)
      17 tr|A0A218UP03|A0A218UP03_9PASE 100.0 6.2E-46 6.3E-52  313.2   0.0  288   26-317   777-1072(1110)
      18 tr|M3ZFE6|M3ZFE6_XIPMA Somatos 100.0 7.2E-46 7.3E-52  294.7   0.0  272   36-322   102-392 (525)
      19 UniRef100_A0A060X1Q6 Somatosta 100.0 8.1E-46   8E-52  307.5   0.0  270   37-319   138-424 (604)
      20 UniRef100_A0A141CIT8 G protein 100.0 1.1E-45 1.1E-51  298.6   0.0  277   33-323    81-380 (488)
      21 UniRef100_A0A060W5Z4 G_PROTEIN 100.0 1.1E-45 1.1E-51  303.7   0.0  270   37-321   189-476 (593)
      22 tr|A0A1L8G1N6|A0A1L8G1N6_XENLA 100.0 1.1E-45 1.1E-51  291.9   0.0  271   35-322   113-401 (448)
      23 tr|A0A146TL67|A0A146TL67_FUNHE 100.0 1.2E-45 1.2E-51  308.2   0.0  295   25-322    13-407 (442)
      24 UniRef100_A0A026X3T6 Allatosta 100.0 2.1E-45 2.1E-51  300.5   0.0  271   38-322   139-428 (540)
      25 tr|L5M4Z9|L5M4Z9_MYODS C-C che 100.0 2.6E-45 2.7E-51  293.6   0.0  291   24-318   255-554 (590)
      26 UniRef100_A0A2B4SKI0 Tachykini 100.0 4.5E-45 4.4E-51  304.9   0.0  287   25-321    78-392 (469)
      27 tr|A0A091CRU0|A0A091CRU0_FUKDA 100.0 7.1E-45 7.1E-51  302.6   0.0  290   25-322   395-695 (720)
      28 UniRef100_A0A2B4S7K2 Histamine 100.0   8E-45 7.8E-51  291.8   0.0  266   35-319    29-327 (369)
      29 UniRef100_A0A060VUW6 G_PROTEIN 100.0 8.6E-45 8.4E-51  307.9   0.0  264   37-320   116-440 (574)
      30 tr|A0A146NR64|A0A146NR64_FUNHE 100.0 8.7E-45 8.7E-51  285.1   0.0  317   26-344   108-449 (449)
      31 UniRef100_A0A026WTK8 Tachykini 100.0 1.1E-44 1.1E-50  296.5   0.0  278   36-322    87-391 (556)
      32 tr|A0A146U732|A0A146U732_FUNHE 100.0 1.4E-44 1.3E-50  310.3   0.0  291   25-317   179-545 (590)
      33 tr|A0A091DQD0|A0A091DQD0_FUKDA 100.0 1.3E-44 1.3E-50  286.9   0.0  290   23-320   164-464 (499)
      34 tr|A0A060X5F3|A0A060X5F3_ONCMY 100.0 1.4E-44 1.4E-50  308.8   0.0  289   26-318   402-701 (840)
      35 UniRef100_A0A2B4SDF9 Neuropept 100.0 1.8E-44 1.8E-50  289.3   0.0  271   34-319    85-379 (455)
      36 UniRef100_A0A076YJT8 Chemokine 100.0 1.9E-44 1.8E-50  292.0   0.0  281   36-320   158-445 (493)
      37 UniRef100_A0A3M6T6P4 G_PROTEIN 100.0   2E-44   2E-50  291.3   0.0  286   26-321    42-356 (465)
      38 tr|A0A0F8ARD3|A0A0F8ARD3_LARCR 100.0 2.1E-44 2.1E-50  283.3   0.0  269   38-319    53-338 (464)
      39 UniRef100_A0A060VSP8 5-hydroxy 100.0 2.6E-44 2.6E-50  292.4   0.0  265   39-323    88-419 (479)
      40 UniRef100_A0A068YB14 Neuropept 100.0 2.7E-44 2.7E-50  294.3   0.0  286   25-322    41-355 (448)
      41 UniRef100_A0A060X5Z5 G_PROTEIN 100.0 3.2E-44 3.1E-50  295.7   0.0  261   38-319    83-384 (522)
      42 UniRef100_A0A0K0PUT9 Excitator 100.0 3.2E-44 3.2E-50  294.4   0.0  276   35-321   100-404 (474)
      43 UniRef100_A0A023F675 Putative  100.0 3.7E-44 3.6E-50  298.6   0.0  273   35-320   123-420 (530)
      44 UniRef100_A0A087RJN6 Somatosta 100.0 4.1E-44 3.9E-50  292.0   0.0  267   37-319    59-343 (391)
      45 UniRef100_A0A060X690 G_PROTEIN 100.0 4.2E-44 4.2E-50  279.9   0.0  276   38-323    46-339 (386)
      46 UniRef100_A0A1D1W534 G_PROTEIN 100.0 4.5E-44 4.3E-50  297.1   0.0  271   39-321    79-435 (492)
      47 UniRef100_A0A0K0PUR1 Orphan G- 100.0 4.4E-44 4.4E-50  295.3   0.0  270   37-317   113-409 (530)
      48 UniRef100_A0A059ZY04 Angiotens 100.0 4.8E-44 4.7E-50  296.1   0.0  293   25-322   155-457 (546)
      49 UniRef100_A0A060WGF3 B2 bradyk 100.0 5.3E-44 5.3E-50  299.1   0.0  284   27-317   148-449 (589)
      50 tr|C3XVS5|C3XVS5_BRAFL Unchara 100.0 5.7E-44 5.8E-50  279.7   0.0  277   36-325    65-369 (425)
      51 UniRef100_A0A060VPX8 G_PROTEIN 100.0 6.9E-44 6.6E-50  303.5   0.0  290   26-319   120-418 (527)
      52 UniRef100_A0A060W161 G_PROTEIN 100.0 8.6E-44 8.3E-50  302.0   0.0  288   26-318   156-454 (574)
      53 tr|I3KRG5|I3KRG5_ORENI FGFR1 o 100.0 9.3E-44 9.2E-50  287.8   0.0  290   24-317   133-447 (489)
      54 UniRef100_A0A060X7S9 B2 bradyk 100.0 9.5E-44 9.4E-50  288.6   0.0  292   24-322    99-408 (491)
      55 UniRef100_A0A2G8L6L1 Putative  100.0 9.6E-44 9.5E-50  280.5   0.0  280   36-322    33-327 (407)
      56 UniRef100_A0A060X0P4 G_PROTEIN 100.0   1E-43   1E-49  291.4   0.0  287   28-323   129-435 (513)
      57 UniRef100_A0A2B4RSM5 Neuropept 100.0   1E-43   1E-49  282.7   0.0  270   35-322    33-326 (417)
      58 UniRef100_A0A077YWL6 Somatosta 100.0 1.1E-43 1.1E-49  291.9   0.0  276   38-322    65-363 (446)
      59 UniRef100_A0A6P4XD29 neuropept 100.0 1.2E-43 1.2E-49  280.1   0.0  268   39-318    42-341 (385)
      60 UniRef100_A0A060VNF4 G_PROTEIN 100.0 1.2E-43 1.2E-49  289.8   0.0  294   24-319   117-431 (566)
      61 UniRef100_A0A164MD49 Putative  100.0 1.2E-43 1.2E-49  285.4   0.0  275   39-325    50-401 (498)
      62 UniRef100_A0A0K0PUL8 Allatosta 100.0 1.3E-43 1.3E-49  282.8   0.0  274   36-320    48-345 (396)
      63 UniRef100_A0A369RW72 Octopamin 100.0 1.4E-43 1.4E-49  291.4   0.0  258   40-315    56-354 (412)
      64 UniRef100_A0A1D2M4J2 Neuropept 100.0 1.5E-43 1.5E-49  286.5   0.0  268   38-319   126-423 (497)
      65 UniRef100_A0A154PKR3 Tachykini 100.0 1.5E-43 1.5E-49  286.5   0.0  275   36-319    74-374 (457)
      66 UniRef100_A0A087XDT1 Somatosta 100.0 1.6E-43 1.6E-49  288.7   0.0  273   35-322   165-456 (676)
      67 UniRef100_A0A2G8KL37 Cholecyst 100.0 1.9E-43 1.9E-49  282.7   0.0  273   36-320    96-431 (493)
      68 UniRef100_A0A026WW28 Neuropept 100.0   2E-43   2E-49  292.2   0.0  270   36-320    86-381 (552)
      69 UniRef100_A0A0K0PUI9 Orphan G- 100.0 2.3E-43 2.2E-49  293.6   0.0  272   36-321    99-409 (534)
      70 tr|A0A1I8M930|A0A1I8M930_MUSDO 100.0 2.3E-43 2.3E-49  302.8   0.0  267   37-322   187-581 (963)
      71 UniRef100_A0A091DWF1 Somatosta 100.0 2.4E-43 2.4E-49  281.2   0.0  271   37-320   154-441 (523)
      72 UniRef100_A0A2G8JR46 Putative  100.0 2.6E-43 2.6E-49  287.4   0.0  264   40-319    64-356 (411)
      73 tr|S9YJE2|S9YJE2_CAMFR Somatos 100.0 3.5E-43 3.5E-49  273.9   0.0  276   36-322   110-403 (438)
      74 UniRef100_A0A026W5R0 Orexin re 100.0 3.6E-43 3.6E-49  290.0   0.0  269   36-320   115-427 (529)
      75 tr|G3S2I3|G3S2I3_GORGO Opioid  100.0 3.6E-43 3.6E-49  277.7   0.0  276   37-323   161-453 (492)
      76 UniRef100_A0A091U4L0 C-C chemo 100.0 4.6E-43 4.7E-49  265.5   0.0  294   21-318    12-313 (350)
      77 UniRef100_A0A1L8GQY3 Alpha-1B  100.0 6.5E-43 6.5E-49  280.7   0.0  269   37-325    45-374 (510)
      78 UniRef100_A0A087T336 Somatosta 100.0 6.8E-43 6.8E-49  278.2   0.0  275   39-321    78-369 (454)
      79 UniRef100_A0A1S3J712 QRFP-like 100.0 6.9E-43 6.8E-49  286.3   0.0  274   36-317    65-369 (507)
      80 tr|M3ZYH7|M3ZYH7_XIPMA Unchara 100.0 8.3E-43 8.3E-49  275.8   0.0  297   25-325    72-379 (397)
      81 UniRef100_A0A139WB32 Tachykini 100.0 9.3E-43 9.2E-49  276.9   0.0  278   36-322    41-345 (405)
      82 tr|C3XSP5|C3XSP5_BRAFL Unchara 100.0   1E-42   1E-48  268.8   0.0  275   36-323    25-330 (403)
      83 tr|A0A146PN09|A0A146PN09_FUNHE 100.0 1.1E-42   1E-48  289.5   0.0  294   21-323    23-399 (432)
      84 UniRef100_A0A3M6U5X4 G_PROTEIN 100.0 1.1E-42 1.1E-48  268.1   0.0  268   36-322    36-323 (339)
      85 tr|A0A1I8PIJ9|A0A1I8PIJ9_STOCA 100.0 1.1E-42 1.1E-48  287.5   0.0  281   36-325   167-473 (680)
      86 UniRef100_A0A1S3KA35 Alpha-1B  100.0 1.3E-42 1.3E-48  285.0   0.0  266   38-323    89-423 (551)
      87 UniRef100_A0A023F3V9 Putative  100.0 1.3E-42 1.3E-48  281.8   0.0  274   39-320   133-424 (574)
      88 UniRef100_A0A068WW83 Allatosta 100.0 1.5E-42 1.4E-48  284.6   0.0  265   36-315    64-350 (432)
      89 UniRef100_A0A210QEM7 Neuropept 100.0 1.5E-42 1.5E-48  274.9   0.0  274   39-322    51-349 (416)
      90 UniRef100_A0A060YTK2 Uncharact 100.0 1.6E-42 1.6E-48  271.0   0.0  290   26-320    72-379 (447)
      91 UniRef100_A0A060WEJ5 G_PROTEIN 100.0 1.6E-42 1.6E-48  285.8   0.0  264   37-320   112-457 (544)
      92 UniRef100_A0A0C9QBK4 GHSR_0 pr 100.0 1.9E-42 1.9E-48  293.6   0.0  274   37-319   171-474 (591)
      93 tr|A0A2C9JWF9|A0A2C9JWF9_BIOGL 100.0   2E-42 1.9E-48  279.0   0.0  278   36-325    63-371 (403)
      94 UniRef100_A0A7M7HFU8 G_PROTEIN 100.0 2.3E-42 2.3E-48  282.4   0.0  265   38-319    64-364 (423)
      95 UniRef100_A0A2B4RPR9 Allatosta 100.0 2.7E-42 2.6E-48  282.0   0.0  269   38-317    47-342 (446)
      96 UniRef100_A0A061INJ6 Pyrogluta 100.0 2.9E-42 2.8E-48  290.0   0.0  270   38-318   152-457 (594)
      97 UniRef100_A0A177B9B5 Rhodopsin 100.0 2.9E-42 2.9E-48  274.7   0.0  264   38-317    90-400 (464)
      98 tr|A0A091DWF1|A0A091DWF1_FUKDA 100.0 3.2E-42 3.3E-48  268.5   0.0  272   37-321   155-443 (483)
      99 tr|L9JWP3|L9JWP3_TUPCH C-C che 100.0 3.3E-42 3.3E-48  288.1   0.0  287   24-320   373-670 (702)
     100 UniRef100_A0A6P4YBA8 delta-typ 100.0 3.3E-42 3.3E-48  273.0   0.0  278   38-325    50-345 (406)
     101 UniRef100_A0A087UNN0 Neuropept 100.0 3.3E-42 3.3E-48  275.5   0.0  264   38-315    93-387 (470)
     102 UniRef100_A0A061A7W5 G_PROTEIN 100.0 3.8E-42 3.7E-48  280.5   0.0  266   36-320    59-359 (473)
     103 tr|A0A2B4SID7|A0A2B4SID7_STYPI 100.0 4.1E-42   4E-48  280.3   0.0  286   25-323    18-331 (422)
     104 UniRef100_A0A077Z2H9 Putative  100.0 4.3E-42 4.3E-48  280.4   0.0  271   40-321    73-398 (477)
     105 UniRef100_A0A1L8HHP3 G_PROTEIN 100.0 4.6E-42 4.6E-48  266.9   0.0  293   24-320    30-340 (370)
     106 UniRef100_A0A0D9R0U9 Apelin re 100.0 5.5E-42 5.5E-48  272.1   0.0  291   26-319    50-363 (482)
     107 UniRef100_A0A0L8H201 G_PROTEIN 100.0 8.4E-42 8.4E-48  268.4   0.0  279   34-323    81-386 (461)
     108 UniRef100_A0A1V9XU68 Tyramine/ 100.0   1E-41   1E-47  272.5   0.0  264   39-322    53-356 (408)
     109 tr|A0A218UB83|A0A218UB83_9PASE 100.0   1E-41   1E-47  278.9   0.0  270   36-325   191-518 (631)
     110 UniRef100_A0A6J8CLU9 HCRTR2 n= 100.0 1.1E-41 1.1E-47  268.8   0.0  272   37-322    51-361 (422)
     111 UniRef100_A0A087X575 NPY-Y2 re 100.0 1.2E-41 1.2E-47  270.6   0.0  269   38-319    73-371 (426)
     112 UniRef100_A0A0K0PUH1 Orphan G- 100.0 1.3E-41 1.3E-47  265.0   0.0  268   39-320    53-349 (413)
     113 UniRef100_A0A0K0PUV0 FVRIamide 100.0 1.4E-41 1.3E-47  275.6   0.0  263   38-319    52-378 (458)
     114 tr|E0D358|E0D358_HEMPU Dopamin 100.0 1.4E-41 1.4E-47  269.6   0.0  261   39-321    25-330 (435)
     115 UniRef100_A0A2B4S0J6 Somatosta 100.0 1.4E-41 1.4E-47  283.7   0.0  269   36-316    81-376 (457)
     116 tr|A0A1W4ZX05|A0A1W4ZX05_9TELE 100.0 1.4E-41 1.4E-47  274.2   0.0  273   38-322    69-388 (480)
     117 UniRef100_A0A7M7HKI1 G_PROTEIN 100.0 1.5E-41 1.5E-47  273.5   0.0  270   41-326    42-342 (418)
     118 UniRef100_A0A2B4S4U3 Beta-2 ad 100.0 1.5E-41 1.5E-47  264.4   0.0  273   37-323    27-325 (372)
     119 UniRef100_A0A2B4RHL7 Galanin r 100.0 1.7E-41 1.7E-47  263.8   0.0  264   39-322    33-313 (406)
     120 UniRef100_A0A060YGE9 G_PROTEIN 100.0 1.8E-41 1.7E-47  276.1   0.0  290   25-320   136-435 (484)
     121 UniRef100_A0A2B4SKX3 Cholecyst 100.0 1.9E-41 1.9E-47  269.6   0.0  270   36-324    69-417 (428)
     122 UniRef100_A0A060WMC3 Alpha-1D  100.0 2.1E-41 2.1E-47  273.0   0.0  267   37-323   109-436 (564)
     123 UniRef100_A0A026WK40 Cholecyst 100.0 2.2E-41 2.1E-47  286.6   0.0  272   39-322   155-546 (656)
     124 UniRef100_A0A2B4RHY9 Pyrogluta 100.0 2.3E-41 2.2E-47  282.3   0.0  267   38-321    81-373 (455)
     125 UniRef100_A0A060X360 G_PROTEIN 100.0 2.4E-41 2.4E-47  270.5   0.0  274   36-322    97-391 (477)
     126 UniRef100_A0A1L8FNX2 G_PROTEIN 100.0 2.6E-41 2.6E-47  270.0   0.0  266   36-315    60-339 (400)
     127 tr|A0A226MZ92|A0A226MZ92_CALSU 100.0 2.8E-41 2.8E-47  266.2   0.0  290   23-317   130-427 (463)
     128 UniRef100_A0A2B4SVC4 Dopamine  100.0 3.4E-41 3.4E-47  267.8   0.0  247   40-318    57-329 (397)
     129 tr|A0A1W2W3E6|A0A1W2W3E6_CIOIN 100.0 3.3E-41 3.4E-47  267.5   0.0  275   35-322    54-354 (487)
     130 tr|G1T869|G1T869_RABIT B2 brad 100.0 3.4E-41 3.4E-47  265.3   0.0  292   25-323    99-410 (446)
     131 UniRef100_A0A044T5H8 G_PROTEIN 100.0 3.4E-41 3.4E-47  280.2   0.0  273   35-325   242-574 (693)
     132 UniRef100_A0A023F668 Putative  100.0 3.5E-41 3.5E-47  268.6   0.0  268   38-320    85-378 (484)
     133 UniRef100_A0A1I8HKX2 G_PROTEIN 100.0   4E-41 3.9E-47  270.6   0.0  265   38-323    40-415 (442)
     134 UniRef100_A0A060X1U9 G_PROTEIN 100.0 4.2E-41 4.3E-47  276.3   0.0  264   37-320   137-458 (633)
     135 tr|A0A2B4SKI0|A0A2B4SKI0_STYPI 100.0   5E-41 4.9E-47  272.5   0.0  264   37-314    96-393 (458)
     136 tr|W4Z2N2|W4Z2N2_STRPU Unchara 100.0   5E-41   5E-47  259.7   0.0  274   36-320    54-353 (406)
     137 UniRef100_A0A060W9T7 G_PROTEIN 100.0 5.1E-41 5.1E-47  270.1   0.0  270   37-320   184-473 (616)
     138 UniRef100_A0A1V4KIE8 Beta-1 ad 100.0 5.4E-41 5.2E-47  287.8   0.0  262   45-321    36-351 (512)
     139 UniRef100_A0A151N382 Galanin r 100.0 5.4E-41 5.4E-47  255.3   0.0  276   37-326    29-323 (392)
     140 UniRef100_A0A3M6UAU0 G_PROTEIN 100.0 5.7E-41 5.7E-47  273.5   0.0  268   36-317    33-327 (552)
     141 UniRef100_A0A061I5W2 G-protein 100.0 5.7E-41 5.7E-47  264.0   0.0  289   26-323    65-369 (435)
     142 UniRef100_A0A2B4SE17 Substance 100.0   6E-41 5.8E-47  279.0   0.0  283   27-318    53-364 (467)
     143 UniRef100_A0A0L7KZ56 Neuropept 100.0 6.1E-41 6.1E-47  271.1   0.0  267   37-317    85-383 (509)
     144 UniRef100_A0A0L8GIM4 G_PROTEIN 100.0 6.4E-41 6.2E-47  278.6   0.0  266   39-318    97-394 (481)
     145 UniRef100_A0A3B4VB96 Beta-2 ad 100.0 6.2E-41 6.3E-47  266.7   0.0  268   36-318    50-360 (464)
     146 UniRef100_A0A087XT11 Alpha-1B  100.0 6.2E-41 6.3E-47  270.8   0.0  269   38-326    79-411 (622)
     147 UniRef100_A0A060WQA6 G_PROTEIN 100.0 7.6E-41 7.5E-47  276.6   0.0  289   25-318   132-429 (539)
     148 UniRef100_A0A060WCR4 Uncharact 100.0 7.7E-41 7.6E-47  289.9   0.0  289   25-319   466-761 (906)
     149 tr|A0A091DQF5|A0A091DQF5_FUKDA 100.0 8.3E-41 8.4E-47  266.5   0.0  291   26-321   160-459 (508)
     150 tr|A0A218VDE9|A0A218VDE9_9PASE 100.0 9.1E-41 9.3E-47  264.0   0.0  268   37-319    22-307 (556)
     151 tr|L7LZ94|L7LZ94_9ACAR Putativ 100.0 9.4E-41 9.4E-47  261.7   0.0  273   39-322   103-395 (438)
     152 tr|A7S585|A7S585_NEMVE Predict 100.0 9.6E-41 9.5E-47  264.0   0.0  294   22-326     9-332 (374)
     153 tr|A0A218UPZ1|A0A218UPZ1_9PASE 100.0 9.5E-41 9.6E-47  266.1   0.0  289   25-317   203-501 (534)
     154 UniRef100_A0A2B4S7A4 Alpha-1A  100.0 9.8E-41 9.7E-47  265.5   0.0  248   39-320    40-310 (392)
     155 UniRef100_A0A3M6UKX8 G_PROTEIN 100.0   1E-40 9.8E-47  275.4   0.0  287   25-319   105-420 (487)
     156 UniRef100_A0A3M6TPP0 G_PROTEIN 100.0   1E-40   1E-46  270.7   0.0  277   27-319    41-354 (424)
     157 UniRef100_A0A060WWU7 G_PROTEIN 100.0   1E-40   1E-46  268.9   0.0  266   36-320    66-383 (545)
     158 UniRef100_A0A0A1WLH2 Somatosta 100.0 1.1E-40 1.1E-46  274.7   0.0  284   28-320   207-508 (667)
     159 UniRef100_A0A026WK16 Tachykini 100.0 1.1E-40 1.1E-46  274.2   0.0  275   36-320   180-482 (641)
     160 UniRef100_A0A060X0R7 Uncharact 100.0 1.2E-40 1.2E-46  255.1   0.0  273   36-321    55-344 (383)
     161 tr|M7BTW7|M7BTW7_CHEMY C-C che 100.0 1.2E-40 1.2E-46  261.3   0.0  291   25-321   106-405 (432)
     162 tr|S9WH51|S9WH51_CAMFR Unchara 100.0 1.3E-40 1.3E-46  271.6   0.0  291   25-320   394-692 (728)
     163 UniRef100_A0A060VV87 Kappa-typ 100.0 1.4E-40 1.4E-46  268.8   0.0  271   40-321   192-479 (586)
     164 UniRef100_A0A3B4UE11 Si:zfos-1 100.0 1.5E-40 1.5E-46  257.6   0.0  283   24-321    48-352 (441)
     165 UniRef100_A0A034WDF0 Allatosta 100.0 1.6E-40 1.6E-46  270.3   0.0  271   38-322    95-388 (459)
     166 tr|A0A1V4J9T1|A0A1V4J9T1_PATFA 100.0 1.5E-40 1.6E-46  258.0   0.0  268   37-318    67-354 (461)
     167 tr|S7P1V3|S7P1V3_MYOBR CX3C ch 100.0 1.6E-40 1.6E-46  260.5   0.0  287   25-319   138-432 (475)
     168 UniRef100_A0A091CTD4 C-C chemo 100.0 1.6E-40 1.6E-46  261.7   0.0  290   25-316   105-404 (458)
     169 UniRef100_A0A210QT45 G-protein 100.0 1.6E-40 1.6E-46  264.0   0.0  270   38-320    58-358 (472)
     170 UniRef100_A0A1S3H6K0 neuropept 100.0 1.7E-40 1.6E-46  274.6   0.0  268   38-314    56-351 (470)
     171 UniRef100_A0A068WVN8 Biogenic  100.0 1.8E-40 1.7E-46  279.1   0.0  270   34-320   116-508 (641)
     172 UniRef100_A0A2H8TNJ5 Neuropept 100.0 1.9E-40 1.9E-46  268.2   0.0  268   39-317   156-451 (528)
     173 UniRef100_A0A6P4ZN87 somatosta 100.0 1.9E-40 1.9E-46  260.2   0.0  278   37-321    31-330 (391)
     174 UniRef100_A0A023ETT6 Putative  100.0 1.9E-40 1.9E-46  268.4   0.0  285   27-321   143-448 (612)
     175 UniRef100_A0A060VTR1 G_PROTEIN 100.0 1.9E-40   2E-46  271.1   0.0  265   37-321   118-442 (619)
     176 tr|A0A2D0SIP2|A0A2D0SIP2_ICTPU 100.0   2E-40   2E-46  267.9   0.0  291   24-323   196-499 (518)
     177 UniRef100_A0A0P7U357 Apelin re 100.0 2.3E-40 2.2E-46  261.6   0.0  272   38-321    57-345 (401)
     178 UniRef100_A0A7M7SYV2 G_PROTEIN 100.0 2.3E-40 2.3E-46  272.3   0.0  265   37-322    65-401 (630)
     179 tr|A0A0P4XBU7|A0A0P4XBU7_9CRUS 100.0 2.4E-40 2.3E-46  273.8   0.0  271   39-319    61-415 (557)
     180 UniRef100_A0A1D1VDY3 G_PROTEIN 100.0 2.4E-40 2.4E-46  270.5   0.0  283   35-321   130-448 (557)
     181 UniRef100_A0A2B4SVS8 Neuropept 100.0 2.5E-40 2.4E-46  272.6   0.0  272   38-323    88-386 (480)
     182 UniRef100_A0A0P5DAK4 Orexin re 100.0 2.5E-40 2.5E-46  266.7   0.0  265   39-319   107-430 (505)
     183 UniRef100_A0A0L8I0T4 G_PROTEIN 100.0 2.5E-40 2.5E-46  269.5   0.0  265   37-319   132-496 (554)
     184 tr|A0A2B4RXD1|A0A2B4RXD1_STYPI 100.0 2.5E-40 2.5E-46  260.4   0.0  268   38-321    93-382 (416)
     185 tr|A0A1I8MQS0|A0A1I8MQS0_MUSDO 100.0 2.6E-40 2.6E-46  273.9   0.0  289   25-322   137-442 (572)
     186 UniRef100_A0A2B4RFH8 Neuropept 100.0   3E-40 2.9E-46  275.2   0.0  276   37-320    63-367 (439)
     187 UniRef100_A0A6G8J3P5 Melanin-c 100.0 2.9E-40 2.9E-46  260.0   0.0  275   34-320    57-352 (460)
     188 tr|A0A2B4SUH3|A0A2B4SUH3_STYPI 100.0 3.1E-40 3.1E-46  262.7   0.0  285   24-323    13-335 (385)
     189 UniRef100_A0A6P8IFK2 neuromedi 100.0 3.2E-40 3.2E-46  257.9   0.0  275   36-322    23-324 (363)
     190 tr|A0A182G4E1|A0A182G4E1_AEDAL 100.0 3.4E-40 3.4E-46  268.8   0.0  272   36-322    65-373 (534)
     191 tr|A0A218V410|A0A218V410_9PASE 100.0 3.4E-40 3.4E-46  252.9   0.0  293   25-323    87-396 (427)
     192 tr|W5JTF9|W5JTF9_ANODA Somatos 100.0 3.6E-40 3.6E-46  264.6   0.0  289   24-321    41-349 (526)
     193 UniRef100_A0A060VP48 G_PROTEIN 100.0 3.8E-40 3.7E-46  278.9   0.0  269   39-320   155-451 (580)
     194 tr|A0A1I8PG61|A0A1I8PG61_STOCA 100.0 3.8E-40 3.8E-46  274.8   0.0  279   36-321   297-594 (716)
     195 UniRef100_A0A3M6TKX3 G_PROTEIN 100.0 4.1E-40   4E-46  265.6   0.0  281   27-322    64-377 (427)
     196 UniRef100_A0A091P8Q6 C-C chemo 100.0 4.2E-40 4.2E-46  251.8   0.0  277   40-321     2-287 (322)
     197 UniRef100_A0A0K0PUH3 Allatotro 100.0 4.4E-40 4.4E-46  260.0   0.0  267   38-320    68-374 (424)
     198 tr|A0A1S3L0J1|A0A1S3L0J1_SALSA 100.0 4.5E-40 4.5E-46  264.2   0.0  264   36-319    73-405 (533)
     199 UniRef100_A0A0P0YUU8 Cannabino 100.0 4.6E-40 4.5E-46  265.3   0.0  274   41-325    85-423 (496)
     200 UniRef100_A0A2B4R9G2 Melatonin 100.0 4.8E-40 4.6E-46  275.1   0.0  262   39-319    81-366 (461)
     201 UniRef100_A0A1S3HRK7 octopamin 100.0   5E-40 4.9E-46  266.9   0.0  300    1-318    28-349 (413)
     202 tr|A0A0F8CMC2|A0A0F8CMC2_LARCR 100.0 5.3E-40 5.3E-46  269.7   0.0  289   24-316   323-639 (680)
     203 UniRef100_A0A2B4RGU4 5-hydroxy 100.0 5.7E-40 5.5E-46  274.7   0.0  264   38-319    65-370 (478)
     204 UniRef100_A0A226DFM2 Neuropept 100.0 5.6E-40 5.6E-46  265.5   0.0  267   39-316   106-400 (523)
     205 tr|A0A2B4S6X2|A0A2B4S6X2_STYPI 100.0 5.6E-40 5.6E-46  255.3   0.0  269   37-319    22-323 (379)
     206 tr|V8NQN2|V8NQN2_OPHHA G-prote 100.0 5.6E-40 5.6E-46  272.6   0.0  273   39-318   304-586 (840)
     207 tr|A0A1D2NMB6|A0A1D2NMB6_ORCCI 100.0 5.7E-40 5.7E-46  264.4   0.0  279   33-320   146-451 (520)
     208 UniRef100_A0A2S1WLX6 Putative  100.0 5.7E-40 5.7E-46  259.3   0.0  269   42-326    50-465 (475)
     209 UniRef100_A0A1D2M255 Somatosta 100.0 5.8E-40 5.9E-46  253.5   0.0  275   37-323    34-327 (382)
     210 UniRef100_A0A084VLD5 AGAP00422 100.0 5.8E-40 5.9E-46  269.2   0.0  264   35-319   240-595 (695)
     211 tr|A0A147AZW9|A0A147AZW9_FUNHE 100.0 6.6E-40 6.4E-46  272.9   0.0  286   25-323    75-437 (468)
     212 UniRef100_A0A087YR30 G_PROTEIN 100.0 6.6E-40 6.5E-46  265.6   0.0  271   39-323   102-380 (461)
     213 UniRef100_A0A210QHM7 G-protein 100.0 7.6E-40 7.6E-46  266.0   0.0  277   37-325    78-381 (492)
     214 UniRef100_A0A061IN14 NK-3 rece 100.0 8.1E-40 8.1E-46  271.8   0.0  278   31-321   226-525 (662)
     215 UniRef100_A0A0B4LHT6 RYamide r 100.0 8.2E-40 8.1E-46  267.8   0.0  265   39-317   115-409 (524)
     216 UniRef100_A0A0S1YDA0 Neuropept 100.0 8.7E-40 8.7E-46  266.7   0.0  278   36-322    92-395 (509)
     217 tr|A0A151P2Y8|A0A151P2Y8_ALLMI 100.0 9.6E-40 9.6E-46  267.3   0.0  290   25-320   289-589 (615)
     218 tr|A0A0P7U0M1|A0A0P7U0M1_9TELE 100.0 9.6E-40 9.7E-46  254.6   0.0  273   36-321    99-413 (440)
     219 UniRef100_A0A0K0PUK6 Orphan G- 100.0   1E-39   1E-45  257.4   0.0  283   35-323    63-377 (448)
     220 UniRef100_A0A2B4SID7 Neuropept 100.0   1E-39   1E-45  263.3   0.0  284   25-322    69-382 (462)
     221 UniRef100_A0A060XP11 G_PROTEIN 100.0 1.1E-39   1E-45  266.2   0.0  264   36-319    88-392 (497)
     222 UniRef100_A0A2B4SC76 Substance 100.0 1.1E-39 1.1E-45  268.5   0.0  271   37-318    53-351 (461)
     223 UniRef100_A0A0K0PUH0 Orphan G- 100.0 1.1E-39 1.1E-45  274.3   0.0  262   40-314   138-468 (583)
     224 UniRef100_A0A2B4SQU8 Orexin re 100.0 1.3E-39 1.3E-45  251.6   0.0  276   39-326    37-353 (370)
     225 UniRef100_A0A1J1I7G5 CLUMA_CG0 100.0 1.3E-39 1.3E-45  261.3   0.0  277   35-320    73-374 (500)
     226 tr|A0A218VDY5|A0A218VDY5_9PASE 100.0 1.3E-39 1.3E-45  254.8   0.0  287   25-320    28-330 (395)
     227 tr|A0A0L0BYA7|A0A0L0BYA7_LUCCU 100.0 1.4E-39 1.4E-45  264.7   0.0  259   42-320   314-627 (678)
     228 tr|A0A1A8LLP2|A0A1A8LLP2_9TELE 100.0 1.6E-39 1.6E-45  257.0   0.0  267   37-320    92-398 (455)
     229 UniRef100_A0A060WCR4 Uncharact 100.0 1.7E-39 1.7E-45  281.8   0.0  291   24-320   108-407 (906)
     230 UniRef100_A0A6P4Z684 G-protein 100.0 1.7E-39 1.7E-45  255.5   0.0  274   36-321    49-348 (425)
     231 UniRef100_A0A2G8KMT5 G_PROTEIN 100.0 1.8E-39 1.7E-45  258.2   0.0  255   41-316    39-324 (402)
     232 UniRef100_A0A087UP46 5-hydroxy 100.0 1.8E-39 1.8E-45  259.8   0.0  265   35-319    42-400 (472)
     233 tr|A0A060XRS0|A0A060XRS0_ONCMY 100.0 1.8E-39 1.8E-45  272.2   0.0  266   38-323    55-379 (900)
     234 tr|A0A2B4SNZ1|A0A2B4SNZ1_STYPI 100.0 1.9E-39 1.9E-45  260.9   0.0  266   39-322    32-322 (351)
     235 tr|A0A0L8FIS6|A0A0L8FIS6_OCTBM 100.0 1.9E-39 1.9E-45  259.7   0.0  270   40-323    92-424 (485)
     236 UniRef100_A0A087QH91 Melanopsi 100.0   2E-39   2E-45  268.9   0.0  269   37-319   102-399 (629)
     237 UniRef100_A0A1S3IX78 RYamide r 100.0 2.1E-39   2E-45  257.9   0.0  265   39-317    54-346 (444)
     238 UniRef100_A0A0N7ZAP9 G_PROTEIN 100.0 2.1E-39 2.1E-45  260.7   0.0  269   39-323    77-370 (421)
     239 UniRef100_A0A401NJB3 G_PROTEIN 100.0 2.1E-39 2.1E-45  261.0   0.0  268   40-322    43-362 (517)
     240 UniRef100_A0A060VQU0 G_PROTEIN 100.0 2.2E-39 2.2E-45  259.7   0.0  291   25-319   138-439 (490)
     241 tr|A0A1D1UXI1|A0A1D1UXI1_RAMVA 100.0 2.3E-39 2.3E-45  259.0   0.0  272   36-321    79-377 (499)
     242 UniRef100_A0A0A7KUZ5 Opsin 5 n 100.0 2.4E-39 2.3E-45  261.0   0.0  265   38-317    52-342 (407)
     243 UniRef100_A0A6P8GZ41 substance 100.0 2.4E-39 2.4E-45  251.9   0.0  271   38-322    42-339 (386)
     244 UniRef100_A0A060WXX3 G-protein 100.0 2.5E-39 2.4E-45  269.9   0.0  273   38-317   159-451 (539)
     245 tr|A7RNV5|A7RNV5_NEMVE Predict 100.0 2.5E-39 2.5E-45  253.0   0.0  267   37-316    30-323 (377)
     246 UniRef100_A0A087REY1 NPY-Y2 re 100.0 2.5E-39 2.6E-45  263.8   0.0  270   39-321   187-480 (599)
     247 UniRef100_A0A3M6TV84 G_PROTEIN 100.0 2.8E-39 2.8E-45  258.4   0.0  254   47-320    54-338 (405)
     248 UniRef100_UPI000B911B64 melato 100.0 3.1E-39   3E-45  260.8   0.0  262   41-322    31-347 (381)
     249 tr|A0A0N8JZL4|A0A0N8JZL4_9TELE 100.0 3.1E-39 3.1E-45  258.8   0.0  271   39-321   105-414 (482)
     250 UniRef100_A0A061ACA9 G_PROTEIN 100.0 3.2E-39 3.1E-45  269.0   0.0  274   40-319    97-384 (513)
     251 UniRef100_A0A096NAQ2 Cholecyst 100.0 3.2E-39 3.2E-45  264.9   0.0  268   39-318   151-500 (617)
     252 UniRef100_A0A0L8HHE2 G_PROTEIN 100.0 3.5E-39 3.4E-45  257.0   0.0  272   42-322     4-302 (385)
     253 UniRef100_A0A6S7JE64 Neuropept 100.0 3.6E-39 3.5E-45  256.7   0.0  269   35-319    31-321 (412)
     254 UniRef100_A0A061QLL1 Putative  100.0 3.7E-39 3.7E-45  257.6   0.0  267   34-320    41-422 (424)
     255 tr|A0A0P5PA10|A0A0P5PA10_9CRUS 100.0 3.8E-39 3.8E-45  264.2   0.0  271   36-315   144-441 (705)
     256 tr|A0A1U7TSJ4|A0A1U7TSJ4_TARSY 100.0 3.8E-39 3.9E-45  259.7   0.0  273   38-322   212-521 (600)
     257 tr|A0A147AMP5|A0A147AMP5_FUNHE 100.0   4E-39 3.9E-45  270.0   0.0  262   40-322    33-430 (475)
     258 UniRef100_A0A060W3U5 G_PROTEIN 100.0 3.9E-39 3.9E-45  270.2   0.0  290   25-318   185-488 (591)
     259 tr|A0A218UWX7|A0A218UWX7_9PASE 100.0 3.9E-39 3.9E-45  258.0   0.0  282   24-322    29-343 (474)
     260 tr|A0A0P7V0U8|A0A0P7V0U8_9TELE 100.0 3.9E-39 3.9E-45  249.3   0.0  271   37-321    84-376 (439)
     261 UniRef100_A0A3M6UME8 G_PROTEIN 100.0 4.2E-39 4.1E-45  256.0   0.0  264   38-320    39-325 (383)
     262 UniRef100_A0A0K0PUK8 FMRFamide 100.0 4.3E-39 4.2E-45  266.8   0.0  268   39-316    59-350 (471)
     263 UniRef100_A0A1D1V5S1 G_PROTEIN 100.0 4.3E-39 4.3E-45  257.4   0.0  266   37-322    55-362 (484)
     264 UniRef100_A0A068WKU9 Neuropept 100.0 4.3E-39 4.3E-45  258.3   0.0  265   38-317    72-365 (451)
     265 UniRef100_A0A061QHX0 Putative  100.0 4.4E-39 4.4E-45  267.2   0.0  263   39-322   133-510 (563)
     266 UniRef100_A0A060XC03 Beta-2 ad 100.0 4.4E-39 4.4E-45  259.9   0.0  271   37-321   101-415 (548)
     267 UniRef100_A0A3M6TAE6 G_PROTEIN 100.0 4.5E-39 4.5E-45  259.0   0.0  252   40-321    93-370 (443)
     268 UniRef100_A0A060X6T3 G_PROTEIN 100.0 4.7E-39 4.7E-45  259.9   0.0  264   39-322    90-416 (550)
     269 UniRef100_A0A0S1YD99 Neuropept 100.0 4.7E-39 4.8E-45  250.4   0.0  280   34-323    71-376 (423)
     270 tr|A0A146NY53|A0A146NY53_FUNHE 100.0 4.9E-39 4.9E-45  258.6   0.0  263   39-317     7-315 (469)
     271 UniRef100_A0A0N0PF28 Orexin re 100.0   5E-39   5E-45  263.2   0.0  262   38-315   136-455 (588)
     272 UniRef100_A0A7M7G1H5 G_PROTEIN 100.0 5.2E-39   5E-45  261.6   0.0  262   40-322    39-336 (381)
     273 UniRef100_A0A097GXW5 C-C chemo 100.0   5E-39 5.1E-45  242.5   0.0  287   23-317    40-335 (373)
     274 tr|A7SMQ7|A7SMQ7_NEMVE Predict 100.0 5.1E-39 5.1E-45  250.4   0.0  267   38-320    11-303 (358)
     275 tr|A0A226P6Y7|A0A226P6Y7_COLVI 100.0 5.1E-39 5.1E-45  251.5   0.0  290   27-323    88-386 (413)
     276 UniRef100_A0A210QSD7 Octopamin 100.0 5.3E-39 5.2E-45  260.8   0.0  269   35-323    54-420 (423)
     277 UniRef100_A0A2B4RZ41 Adenosine 100.0 5.4E-39 5.3E-45  257.6   0.0  249   40-320    50-313 (381)
     278 UniRef100_A0A084WIC4 Short neu 100.0 5.4E-39 5.4E-45  261.1   0.0  269   38-321    92-388 (551)
     279 tr|A0A2B4SAJ4|A0A2B4SAJ4_STYPI 100.0 5.5E-39 5.5E-45  257.8   0.0  270   39-318    29-332 (434)
     280 tr|W4YJK4|W4YJK4_STRPU Unchara 100.0 5.6E-39 5.6E-45  258.7   0.0  268   36-324    67-374 (446)
     281 UniRef100_A0A087U880 Neuropept 100.0 5.7E-39 5.6E-45  255.2   0.0  269   34-317    64-361 (401)
     282 UniRef100_A0A6F9DUB2 Somatosta 100.0 5.6E-39 5.7E-45  254.3   0.0  277   35-317    59-351 (467)
     283 UniRef100_A0A068YA15 Neuropept 100.0 5.7E-39 5.7E-45  259.4   0.0  269   40-315    74-391 (510)
     284 tr|A7SD89|A7SD89_NEMVE Predict 100.0 5.8E-39 5.8E-45  244.2   0.0  262   41-321    40-332 (355)
     285 UniRef100_A0A6P4ZPQ5 G-protein 100.0 5.8E-39 5.9E-45  248.7   0.0  267   37-315    41-325 (420)
     286 tr|A0A1D2MSE1|A0A1D2MSE1_ORCCI 100.0   6E-39 5.9E-45  267.6   0.0  271   37-321   109-408 (615)
     287 UniRef100_A7RGN9 Predicted pro 100.0   6E-39   6E-45  246.4   0.0  274   25-318    17-313 (317)
     288 UniRef100_A0A026WIP6 Cholecyst 100.0 6.5E-39 6.5E-45  270.4   0.0  274   38-323   170-533 (636)
     289 UniRef100_A0A0L8I310 G_PROTEIN 100.0 6.6E-39 6.5E-45  262.7   0.0  265   40-315    47-364 (468)
     290 tr|A0A1V4K609|A0A1V4K609_PATFA 100.0 6.5E-39 6.6E-45  247.4   0.0  260   25-318   108-376 (403)
     291 tr|A0A151NSA8|A0A151NSA8_ALLMI 100.0   7E-39 6.9E-45  253.5   0.0  269   37-314    87-369 (406)
     292 UniRef100_A0A0B4Q5M2 G protein 100.0 7.2E-39 7.3E-45  247.0   0.0  289   25-317   106-403 (440)
     293 UniRef100_A0A1S3J8T4 5-hydroxy 100.0 7.5E-39 7.4E-45  260.2   0.0  269   36-318    98-395 (468)
     294 UniRef100_A0A0H3YI86 Pyrokinin 100.0 7.8E-39 7.7E-45  265.1   0.0  270   39-322    84-401 (510)
     295 tr|A0A087X7I4|A0A087X7I4_POEFO 100.0 7.8E-39 7.8E-45  250.1   0.0  295   26-321    62-369 (393)
     296 UniRef100_A0A087YQK7 Adrenocep 100.0 8.1E-39 8.2E-45  261.8   0.0  266   43-323   134-455 (617)
     297 UniRef100_A0A034WCQ2 Octopamin 100.0 8.3E-39 8.2E-45  265.5   0.0  270   34-322   159-564 (618)
     298 UniRef100_A0A2G8KTA9 Putative  100.0 8.6E-39 8.4E-45  262.6   0.0  258   41-319    51-344 (445)
     299 UniRef100_A0A023F452 Putative  100.0 8.9E-39 8.9E-45  265.7   0.0  268   35-321   136-540 (660)
     300 UniRef100_A0A182H1J6 G_PROTEIN 100.0 8.8E-39 8.9E-45  271.6   0.0  185   36-227   316-510 (1005)
     301 UniRef100_A0A0N0PEL7 Tachykini 100.0   9E-39   9E-45  255.0   0.0  274   37-320    54-355 (454)
     302 UniRef100_A0A1A8ESL3 Chemokine 100.0   9E-39   9E-45  246.2   0.0  293   26-322    31-332 (357)
     303 UniRef100_A0A4D9EQQ5 Enolase-l 100.0 8.8E-39   9E-45  245.0   0.0  273   36-321   144-433 (472)
     304 UniRef100_A0A087YQ33 Atypical  100.0 9.5E-39 9.4E-45  265.6   0.0  284   25-313   208-505 (611)
     305 tr|A0A1L8HND2|A0A1L8HND2_XENLA 100.0 9.7E-39 9.7E-45  254.1   0.0  279   36-326   126-434 (452)
     306 tr|A0A1S3NPB2|A0A1S3NPB2_SALSA 100.0 1.1E-38 1.1E-44  252.2   0.0  280   31-321    32-333 (443)
     307 UniRef100_A0A2B4SJV4 Galanin r 100.0 1.1E-38 1.1E-44  264.3   0.0  265   39-318    75-365 (444)
     308 tr|T1KPP2|T1KPP2_TETUR Unchara 100.0 1.1E-38 1.1E-44  256.0   0.0  271   37-322   150-439 (477)
     309 tr|K7GCC3|K7GCC3_PELSI Adrenoc 100.0 1.1E-38 1.1E-44  252.7   0.0  268   40-322    43-366 (488)
     310 UniRef100_A0A060W5H6 G_PROTEIN 100.0 1.2E-38 1.2E-44  264.1   0.0  265   37-315    85-383 (528)
     311 UniRef100_A0A091MXX2 C-C chemo 100.0 1.2E-38 1.2E-44  249.5   0.0  291   24-321    91-398 (440)
     312 tr|A0A146TP77|A0A146TP77_FUNHE 100.0 1.2E-38 1.2E-44  267.3   0.0  263   42-323    50-427 (522)
     313 UniRef100_A0A061IAU9 Gastric r 100.0 1.2E-38 1.2E-44  258.7   0.0  266   37-322   113-409 (588)
     314 UniRef100_E9HAW0 G_PROTEIN_REC 100.0 1.2E-38 1.2E-44  249.5   0.0  267   37-319    63-356 (393)
     315 UniRef100_A0A0L8FP69 G_PROTEIN 100.0 1.2E-38 1.2E-44  251.7   0.0  274   41-322    51-344 (488)
     316 tr|R4J1H6|R4J1H6_SALSA Cholecy 100.0 1.2E-38 1.3E-44  250.3   0.0  278   34-323    42-410 (461)
     317 UniRef100_A0A084WFJ7 AGAP00011 100.0 1.3E-38 1.3E-44  259.8   0.0  258   38-313    87-374 (519)
     318 UniRef100_A0A2G8KT39 Putative  100.0 1.3E-38 1.3E-44  256.3   0.0  270   40-325    46-347 (383)
     319 tr|L9KKE8|L9KKE8_TUPCH C-X-C c 100.0 1.3E-38 1.3E-44  260.3   0.0  293   26-322   349-657 (685)
     320 UniRef100_A0A3M6TNW8 G_PROTEIN 100.0 1.4E-38 1.4E-44  255.0   0.0  267   37-320    93-393 (453)
     321 UniRef100_A0A146M155 Neuropept 100.0 1.4E-38 1.4E-44  257.2   0.0  267   40-317    55-360 (488)
     322 UniRef100_A0A060WAG3 G_PROTEIN 100.0 1.4E-38 1.4E-44  258.6   0.0  264   41-323   125-503 (550)
     323 tr|A0A091DBP5|A0A091DBP5_FUKDA 100.0 1.4E-38 1.4E-44  272.5   0.0  286   26-318   571-866 (894)
     324 tr|V8NTH6|V8NTH6_OPHHA N-arach 100.0 1.5E-38 1.5E-44  272.1   0.0  293   23-321    13-325 (785)
     325 UniRef100_A0A0P6J0T1 Putative  100.0 1.5E-38 1.5E-44  268.1   0.0  271   40-320   104-410 (735)
     326 UniRef100_A0A193KU97 GCR058 n= 100.0 1.5E-38 1.5E-44  247.5   0.0  272   40-320    27-332 (379)
     327 UniRef100_A0A2B4SUJ0 Melatonin 100.0 1.5E-38 1.5E-44  253.3   0.0  266   37-320    26-315 (399)
     328 UniRef100_A0A060W9S7 Mu-type o 100.0 1.6E-38 1.6E-44  258.1   0.0  291   37-337   151-458 (605)
     329 UniRef100_A0A0L0BTW0 Dopamine  100.0 1.6E-38 1.6E-44  269.4   0.0  174   41-227   455-636 (972)
     330 UniRef100_A0A068WTW9 Tachykini 100.0 1.6E-38 1.6E-44  252.6   0.0  267   38-319    45-359 (453)
     331 UniRef100_A0A678XEL8 Trace ami 100.0 1.7E-38 1.7E-44  258.9   0.0  279   27-322    44-359 (523)
     332 tr|A0A210R0K7|A0A210R0K7_MIZYE 100.0 1.6E-38 1.7E-44  251.5   0.0  276   35-322    70-428 (470)
     333 UniRef100_A0A067RDC3 Prolactin 100.0 1.7E-38 1.7E-44  257.7   0.0  265   39-318    65-355 (541)
     334 UniRef100_A0A026WCQ7 Tyramine  100.0 1.8E-38 1.7E-44  271.2   0.0  267   35-323   180-591 (665)
     335 UniRef100_A0A5N3UH95 G_PROTEIN 100.0 1.7E-38 1.7E-44  240.1   0.0  281   26-311    31-319 (320)
     336 UniRef100_A0A0K0PUX3 Orphan G- 100.0 1.9E-38 1.8E-44  260.4   0.0  257   38-315    60-346 (419)
     337 UniRef100_A0A6P3IMR0 somatosta 100.0 1.8E-38 1.9E-44  248.9   0.0  274   37-321   196-487 (524)
     338 tr|A0A0P7V5N2|A0A0P7V5N2_9TELE 100.0   2E-38   2E-44  253.2   0.0  268   38-321    91-403 (468)
     339 UniRef100_A0A023F665 Putative  100.0   2E-38   2E-44  261.2   0.0  277   35-318   140-448 (573)
     340 tr|A0A226N2C0|A0A226N2C0_CALSU 100.0   2E-38   2E-44  253.4   0.0  273   38-326   224-527 (569)
     341 UniRef100_A0A2G8JGQ1 Putative  100.0 2.1E-38 2.1E-44  258.5   0.0  269   36-322    55-373 (455)
     342 UniRef100_A0A067R841 G_PROTEIN 100.0 2.1E-38 2.1E-44  260.5   0.0  285   26-319    95-409 (526)
     343 UniRef100_A0A2B4RVY2 Melanopsi 100.0 2.2E-38 2.1E-44  256.5   0.0  265   37-319    62-355 (452)
     344 tr|A0A183W5E7|A0A183W5E7_TRIRE 100.0 2.2E-38 2.2E-44  252.4   0.0  281   38-327    51-360 (503)
     345 tr|A0A232F0R3|A0A232F0R3_9HYME 100.0 2.2E-38 2.2E-44  249.3   0.0  276   38-321   103-425 (458)
     346 tr|B4KC34|B4KC34_DROMO Unchara 100.0 2.2E-38 2.2E-44  263.5   0.0  272   38-318   192-491 (670)
     347 tr|K1QHX9|K1QHX9_CRAGI Somatos 100.0 2.2E-38 2.2E-44  255.5   0.0  274   37-320    47-340 (456)
     348 tr|A0A2B4RSD1|A0A2B4RSD1_STYPI 100.0 2.3E-38 2.2E-44  260.9   0.0  266   38-322    50-384 (430)
     349 tr|A0A287CUD4|A0A287CUD4_ICTTR 100.0 2.2E-38 2.2E-44  249.7   0.0  267   36-322    16-310 (478)
     350 tr|A7RVQ0|A7RVQ0_NEMVE Predict 100.0 2.3E-38 2.3E-44  254.0   0.0  286   25-318    15-330 (398)
     351 tr|A0A1A8EW90|A0A1A8EW90_9TELE 100.0 2.3E-38 2.3E-44  249.0   0.0  271   37-318    43-332 (444)
     352 UniRef100_A0A023FH63 Putative  100.0 2.4E-38 2.3E-44  260.9   0.0  261   37-318   124-439 (563)
     353 tr|B4JN40|B4JN40_DROGR GH24210 100.0 2.4E-38 2.4E-44  251.1   0.0  270   38-320   116-409 (436)
     354 UniRef100_A0A3M6T9C5 G_PROTEIN 100.0 2.6E-38 2.5E-44  255.4   0.0  291   23-322    43-362 (402)
     355 UniRef100_A0A060WI70 G_PROTEIN 100.0 2.6E-38 2.5E-44  258.7   0.0  291   25-320    95-403 (514)
     356 tr|C3Z5T5|C3Z5T5_BRAFL Unchara 100.0 2.6E-38 2.7E-44  241.8   0.0  278   36-323    35-332 (389)
     357 UniRef100_A0A096MAY6 Alpha-1B  100.0 2.7E-38 2.8E-44  250.3   0.0  266   39-324    47-378 (489)
     358 tr|A0A1V4KKE4|A0A1V4KKE4_PATFA 100.0 2.8E-38 2.8E-44  257.4   0.0  285   38-333   405-706 (724)
     359 UniRef100_A0A061I1T5 C3a anaph 100.0 2.9E-38 2.8E-44  269.4   0.0  274   39-318   136-528 (700)
     360 UniRef100_A0A026W4S0 Neuromedi 100.0 2.8E-38 2.8E-44  261.1   0.0  270   40-319    75-388 (604)
     361 tr|A0A1S3FYW5|A0A1S3FYW5_DIPOR 100.0 3.1E-38 3.1E-44  241.6   0.0  273   37-322    68-361 (385)
     362 UniRef100_A0A0G3Y5J3 Peropsin  100.0 3.2E-38 3.2E-44  252.0   0.0  264   39-317    37-321 (363)
     363 UniRef100_A0A3M6THF9 G_PROTEIN 100.0 3.2E-38 3.2E-44  257.6   0.0  253   36-317    58-336 (483)
     364 UniRef100_A0A2B4RXD1 Neuropept 100.0 3.3E-38 3.2E-44  254.7   0.0  272   36-323    92-386 (461)
     365 tr|A0A146YGA5|A0A146YGA5_FUNHE 100.0 3.6E-38 3.6E-44  262.6   0.0  272   40-327    32-348 (521)
     366 UniRef100_A0A067RG65 Neuropept 100.0 3.6E-38 3.6E-44  254.9   0.0  272   40-322    89-397 (509)
     367 tr|A0A0F8AVG0|A0A0F8AVG0_LARCR 100.0 3.6E-38 3.7E-44  250.8   0.0  272   40-321    57-345 (544)
     368 UniRef100_A0A0N1PGA0 Octopamin 100.0 3.8E-38 3.8E-44  258.2   0.0  258   41-317   110-490 (547)
     369 UniRef100_A0A016T103 G_PROTEIN 100.0 3.9E-38 3.9E-44  263.8   0.0  255   46-321   118-477 (605)
     370 tr|A0A2H1W6Q0|A0A2H1W6Q0_SPOFR 100.0 3.9E-38 3.9E-44  253.0   0.0  274   36-323    68-367 (466)
     371 UniRef100_A0A0P7Y8S7 Nocicepti 100.0 3.9E-38 3.9E-44  245.4   0.0  268   39-317   120-404 (467)
     372 tr|A0A0L0C8J1|A0A0L0C8J1_LUCCU 100.0 3.9E-38   4E-44  256.4   0.0  278   38-322   225-521 (661)
     373 tr|W5M1V4|W5M1V4_LEPOC Unchara 100.0 4.2E-38 4.2E-44  248.7   0.0  291   21-318    23-331 (357)
     374 tr|A0A218UPV1|A0A218UPV1_9PASE 100.0 4.1E-38 4.2E-44  243.9   0.0  284   25-317    92-383 (427)
     375 tr|W5LXM4|W5LXM4_LEPOC Chemoki 100.0 4.2E-38 4.2E-44  249.2   0.0  281   35-319    57-350 (386)
     376 UniRef100_A0A084VX67 AGAP00044 100.0 4.3E-38 4.3E-44  251.0   0.0  259   40-317    71-384 (444)
     377 tr|C7SLZ0|C7SLZ0_APLKU Seroton 100.0 4.5E-38 4.4E-44  256.0   0.0  264   35-320    69-425 (485)
     378 UniRef100_A0A1A8A7W5 Bradykini 100.0 4.4E-38 4.5E-44  244.1   0.0  295   22-325    76-386 (415)
     379 tr|A0A060VSL8|A0A060VSL8_ONCMY 100.0 4.5E-38 4.5E-44  242.1   0.0  291   25-319    85-386 (415)
     380 UniRef100_A0A026W4F0 Octopamin 100.0 4.5E-38 4.5E-44  248.1   0.0  260   42-320    59-393 (445)
     381 UniRef100_A0A0K0PUT0 Orphan G- 100.0 4.7E-38 4.6E-44  257.8   0.0  266   39-322    51-349 (400)
     382 UniRef100_A0A3M6T8F5 G_PROTEIN 100.0 4.7E-38 4.6E-44  265.9   0.0  267   40-321   103-397 (523)
     383 tr|A0A147AUP2|A0A147AUP2_FUNHE 100.0 4.6E-38 4.6E-44  255.0   0.0  275   40-325   122-455 (482)
     384 UniRef100_A0A3M6T5D0 G_PROTEIN 100.0   5E-38 4.9E-44  252.9   0.0  255   40-326    54-330 (402)
     385 tr|A0A218V2X0|A0A218V2X0_9PASE 100.0   5E-38 5.1E-44  259.1   0.0  290   27-324   106-413 (720)
     386 tr|A0A212C668|A0A212C668_CEREH 100.0   5E-38 5.1E-44  251.5   0.0  260   40-319   221-556 (558)
     387 UniRef100_A0A060W714 Chemokine 100.0 5.2E-38 5.1E-44  258.1   0.0  265   38-316   121-394 (510)
     388 UniRef100_F6ZHC8 Uncharacteriz 100.0 5.2E-38 5.2E-44  253.7   0.0  270   40-318    89-463 (520)
     389 UniRef100_A0A060WTK3 G_PROTEIN 100.0 5.2E-38 5.2E-44  263.9   0.0  287   26-319   115-414 (608)
     390 tr|H2Q292|H2Q292_PANTR Unchara 100.0 5.1E-38 5.2E-44  248.6   0.0  284   25-326    67-410 (492)
     391 tr|F7E6B1|F7E6B1_MONDO Tachyki 100.0 5.2E-38 5.2E-44  248.3   0.0  275   33-320    89-385 (475)
     392 UniRef100_A0A016SJ65 Thyrolibe 100.0 5.3E-38 5.2E-44  258.0   0.0  269   37-321    82-398 (479)
     393 tr|A0A0S1YD80|A0A0S1YD80_CHISP 100.0 5.5E-38 5.6E-44  252.3   0.0  270   38-323   164-468 (513)
     394 UniRef100_A0A0K8WE72 5-hydroxy 100.0 6.1E-38 6.1E-44  258.7   0.0  267   34-318   264-623 (662)
     395 UniRef100_UPI0001CB9B44 somato 100.0 6.1E-38 6.3E-44  236.1   0.0  272   39-321    28-318 (365)
     396 UniRef100_A0A060ILH2 Neuromedi 100.0 6.4E-38 6.4E-44  256.3   0.0  267   41-319   179-477 (606)
     397 tr|A0A182L9N8|A0A182L9N8_9DIPT 100.0 6.5E-38 6.5E-44  253.9   0.0  275   40-323    90-386 (490)
     398 tr|A0A0S0WMT8|A0A0S0WMT8_DROME 100.0 6.4E-38 6.5E-44  251.8   0.0  277   37-321   144-438 (593)
     399 tr|A0A0P6IZB8|A0A0P6IZB8_9CRUS 100.0 6.5E-38 6.6E-44  253.2   0.0  272   38-322   202-497 (559)
     400 tr|A0A0P7U113|A0A0P7U113_9TELE 100.0 6.7E-38 6.7E-44  250.5   0.0  262   38-315   147-417 (452)
     401 UniRef100_A0A077Z2V7 Neuropept 100.0 6.7E-38 6.7E-44  249.0   0.0  273   38-317    69-373 (451)
     402 UniRef100_A0A091DLS9 Chemokine 100.0 6.7E-38 6.8E-44  249.8   0.0  265   37-309   176-462 (511)
     403 tr|A0A2B4RR50|A0A2B4RR50_STYPI 100.0 6.9E-38 6.9E-44  247.0   0.0  275   39-327    30-333 (411)
     404 tr|A0A0P7TYE1|A0A0P7TYE1_9TELE 100.0 6.9E-38   7E-44  251.0   0.0  268   40-320   125-474 (507)
     405 tr|A0A0V1MVC7|A0A0V1MVC7_9BILA 100.0 7.1E-38 7.1E-44  257.1   0.0  277   38-323    80-382 (598)
     406 tr|A0A131XUY2|A0A131XUY2_IXORI 100.0 7.2E-38 7.3E-44  248.4   0.0  272   39-320   162-447 (560)
     407 tr|A7RKH9|A7RKH9_NEMVE Predict 100.0 7.6E-38 7.5E-44  243.5   0.0  268   39-322    26-316 (336)
     408 tr|A0A147AXX1|A0A147AXX1_FUNHE 100.0 7.4E-38 7.5E-44  246.8   0.0  279   35-320    34-330 (490)
     409 tr|H2LKL7|H2LKL7_ORYLA Unchara 100.0 7.5E-38 7.6E-44  241.0   0.0  292   25-317    17-320 (366)
     410 UniRef100_A0A6F9DEB9 5-hydroxy 100.0 7.7E-38 7.6E-44  253.6   0.0  257   38-316    55-356 (426)
     411 UniRef100_A0A087YRI1 G_PROTEIN 100.0 7.7E-38 7.6E-44  252.4   0.0  263   40-320    82-373 (438)
     412 UniRef100_A0A6P8HX63 probable  100.0 7.9E-38 7.7E-44  254.0   0.0  259   40-322    59-363 (407)
     413 UniRef100_A0A060VWE3 G_PROTEIN 100.0   8E-38 7.8E-44  264.4   0.0  273   35-316   142-429 (542)
     414 tr|A0A1A8K3T1|A0A1A8K3T1_NOTKU 100.0 7.8E-38 7.9E-44  253.3   0.0  268   39-325    49-490 (621)
     415 tr|A0A0F8BCH4|A0A0F8BCH4_LARCR 100.0 7.9E-38   8E-44  255.8   0.0  292   19-325   315-622 (640)
     416 tr|A0A2B4SSL5|A0A2B4SSL5_STYPI 100.0 8.5E-38 8.5E-44  238.6   0.0  274   37-325    20-315 (344)
     417 UniRef100_A0A060Y7B7 G_PROTEIN 100.0 8.7E-38 8.7E-44  256.9   0.0  263   38-320   115-550 (560)
     418 UniRef100_A0A060W247 Cholecyst 100.0 8.9E-38 8.8E-44  256.3   0.0  271   37-319   126-476 (563)
     419 tr|A0A0P7V1N0|A0A0P7V1N0_9TELE 100.0 8.8E-38 8.9E-44  243.1   0.0  290   38-337   114-422 (436)
     420 tr|A0A212EZN3|A0A212EZN3_DANPL 100.0 9.2E-38 9.2E-44  250.3   0.0  269   38-320    54-355 (488)
     421 UniRef100_A0A0Q3PEJ5 Alpha-1B  100.0 9.4E-38 9.6E-44  252.9   0.0  265   39-323    63-388 (683)
     422 tr|A0A067RDC3|A0A067RDC3_ZOONE 100.0 9.9E-38 9.8E-44  256.2   0.0  275   37-325    70-369 (506)
     423 UniRef100_A0A2B4SJE7 Orexin re 100.0 9.9E-38 9.8E-44  255.6   0.0  271   38-320   134-432 (517)
     424 UniRef100_A0A0L8H8I0 G_PROTEIN 100.0   1E-37   1E-43  259.7   0.0  261   39-320    73-364 (466)
     425 tr|W8B9D1|W8B9D1_CERCA 5-hydro 100.0   1E-37   1E-43  253.7   0.0  267   36-320   260-627 (664)
     426 tr|J9JRI9|J9JRI9_ACYPI Unchara 100.0   1E-37 1.1E-43  247.3   0.0  276   36-320    32-334 (490)
     427 UniRef100_A0A059NTG2 C-like op 100.0 1.1E-37 1.1E-43  252.1   0.0  261   42-319    63-354 (427)
     428 UniRef100_A0A091DZ91 Kappa-typ 100.0 1.1E-37 1.1E-43  244.8   0.0  283   40-333    76-376 (471)
     429 tr|W4XZB8|W4XZB8_STRPU Unchara 100.0 1.1E-37 1.1E-43  246.4   0.0  258   40-317    21-308 (400)
     430 UniRef100_A0A2B4RQG7 Somatosta 100.0 1.2E-37 1.1E-43  262.2   0.0  270   39-319    88-398 (541)
     431 tr|A0A139WLV7|A0A139WLV7_TRICA 100.0 1.2E-37 1.2E-43  259.4   0.0  268   38-320   398-698 (792)
     432 UniRef100_A0A023F4J9 Putative  100.0 1.2E-37 1.2E-43  257.4   0.0  257   42-317   160-490 (588)
     433 UniRef100_D1LX82 Neuropeptide  100.0 1.3E-37 1.3E-43  252.5   0.0  269   40-322    56-351 (424)
     434 UniRef100_A0A132AJH3 7 transme 100.0 1.3E-37 1.3E-43  252.6   0.0  267   40-317    70-384 (447)
     435 UniRef100_A0A087XFV2 5-hydroxy 100.0 1.3E-37 1.3E-43  250.7   0.0  282   36-328    81-405 (493)
     436 tr|A0A0A7RC79|A0A0A7RC79_RHOPR 100.0 1.3E-37 1.3E-43  243.0   0.0  282   37-326    74-380 (404)
     437 tr|A7RKP0|A7RKP0_NEMVE Predict 100.0 1.4E-37 1.3E-43  243.5   0.0  270   39-327     8-315 (350)
     438 UniRef100_A0A026WC04 Dopamine  100.0 1.3E-37 1.4E-43  245.6   0.0  264   36-320    75-398 (468)
     439 UniRef100_A0A095ANA4 Dopamine  100.0 1.4E-37 1.4E-43  265.0   0.0  176   41-229   175-358 (674)
     440 tr|A0A0F8B255|A0A0F8B255_LARCR 100.0 1.4E-37 1.4E-43  252.4   0.0  281   27-319   234-523 (549)
     441 UniRef100_A0A024R4J1 Formyl pe 100.0 1.5E-37 1.4E-43  267.3   0.0  270   39-317   173-453 (581)
     442 tr|G5B1T4|G5B1T4_HETGA C-X-C c 100.0 1.4E-37 1.4E-43  241.5   0.0  288   23-317   123-419 (452)
     443 tr|A0A1V4JMN9|A0A1V4JMN9_PATFA 100.0 1.4E-37 1.4E-43  248.7   0.0  269   39-318    93-420 (537)
     444 tr|A0A182FUW3|A0A182FUW3_ANOAL 100.0 1.4E-37 1.4E-43  255.2   0.0  279   36-322   193-489 (666)
     445 UniRef100_A0A2B4SYG2 5-hydroxy 100.0 1.5E-37 1.4E-43  244.5   0.0  260   36-316    27-313 (376)
     446 UniRef100_A0A067RKH6 Putative  100.0 1.5E-37 1.5E-43  256.9   0.0  268   39-317    97-410 (501)
     447 UniRef100_A0A060XSH0 G_PROTEIN 100.0 1.5E-37 1.5E-43  260.4   0.0  286   25-320   133-435 (590)
     448 tr|A0A232F8D2|A0A232F8D2_9HYME 100.0 1.5E-37 1.5E-43  248.2   0.0  267   37-317    70-368 (478)
     449 tr|A0A182QHF8|A0A182QHF8_9DIPT 100.0 1.5E-37 1.5E-43  251.5   0.0  269   37-320    99-407 (581)
     450 UniRef100_A0A6P8IPF1 5-hydroxy 100.0 1.5E-37 1.5E-43  242.2   0.0  269   40-322    59-364 (403)
     451 UniRef100_A0A060VWI9 G_PROTEIN 100.0 1.5E-37 1.6E-43  253.6   0.0  265   41-320    63-395 (579)
     452 tr|A7S8R9|A7S8R9_NEMVE Predict 100.0 1.6E-37 1.6E-43  248.2   0.0  279   22-319     9-338 (398)
     453 UniRef100_A0A016T4B6 G_PROTEIN 100.0 1.6E-37 1.6E-43  260.0   0.0  275   37-320   101-429 (585)
     454 tr|A0A2B4SIA2|A0A2B4SIA2_STYPI 100.0 1.6E-37 1.6E-43  246.1   0.0  267   39-322    59-363 (370)
     455 UniRef100_A0A091R746 Beta-1 ad 100.0 1.6E-37 1.6E-43  252.4   0.0  265   41-320   137-453 (572)
     456 tr|W5MC67|W5MC67_LEPOC Pyroglu 100.0 1.6E-37 1.6E-43  243.4   0.0  277   37-323    52-363 (441)
     457 tr|A0A151NBW9|A0A151NBW9_ALLMI 100.0 1.7E-37 1.7E-43  248.9   0.0  270   39-320    81-392 (472)
     458 UniRef100_A0A2D0RHY1 Alpha-1B  100.0 1.7E-37 1.7E-43  247.9   0.0  266   39-324   116-437 (562)
     459 UniRef100_A0A067R4E0 Tachykini 100.0 1.8E-37 1.8E-43  245.8   0.0  266   38-317    49-342 (396)
     460 tr|A0A2B4R9G2|A0A2B4R9G2_STYPI 100.0 1.8E-37 1.8E-43  245.1   0.0  259   41-317    63-347 (378)
     461 UniRef100_A0A1I8FSG9 G_PROTEIN 100.0 1.8E-37 1.8E-43  250.9   0.0  269   38-325   160-511 (576)
     462 tr|W4Z9U8|W4Z9U8_STRPU Unchara 100.0 1.8E-37 1.8E-43  240.8   0.0  274   38-324   107-416 (434)
     463 UniRef100_A0A3M6TDR7 G_PROTEIN 100.0 1.9E-37 1.9E-43  254.6   0.0  266   22-316    59-350 (425)
     464 UniRef100_A0A0G2UQ37 Rhodopsin 100.0 1.9E-37 1.9E-43  249.7   0.0  265   37-315    94-391 (515)
     465 UniRef100_A0A060YB93 G_PROTEIN 100.0 1.9E-37 1.9E-43  239.6   0.0  273   35-322    55-346 (480)
     466 UniRef100_A0A060XMX0 NPY-Y2 re 100.0   2E-37   2E-43  242.2   0.0  269   39-320   124-415 (452)
     467 tr|A0A1V4KK28|A0A1V4KK28_PATFA 100.0   2E-37   2E-43  243.1   0.0  276   34-320   129-428 (478)
     468 UniRef100_A0A6P8HVR8 galanin r 100.0   2E-37   2E-43  243.6   0.0  269   37-318    21-319 (381)
     469 UniRef100_A0A2I4C1G0 chemokine 100.0   2E-37   2E-43  240.0   0.0  290   24-323    27-326 (349)
     470 tr|A0A1A9ZAD8|A0A1A9ZAD8_GLOPL 100.0   2E-37   2E-43  249.0   0.0  274   37-319   121-421 (574)
     471 UniRef100_A0A0K0PUL2 DH31-like 100.0   2E-37   2E-43  241.7   0.0  271   37-323    47-337 (375)
     472 UniRef100_A0A6P8H157 QRFP-like 100.0 2.1E-37   2E-43  245.4   0.0  278   39-337    42-344 (351)
     473 tr|A0A1V4J9K1|A0A1V4J9K1_PATFA 100.0   2E-37   2E-43  259.6   0.0  274   35-321   317-609 (939)
     474 tr|A7SFG7|A7SFG7_NEMVE Predict 100.0 2.1E-37 2.1E-43  242.9   0.0  264   37-316    22-309 (364)
     475 tr|A0A1W4X208|A0A1W4X208_AGRPL 100.0 2.1E-37 2.1E-43  244.7   0.0  273   39-320    95-394 (467)
     476 tr|A0A210QNG6|A0A210QNG6_MIZYE 100.0 2.2E-37 2.2E-43  249.4   0.0  274   36-323    37-343 (498)
     477 UniRef100_A0A060WAA0 NK-2 rece 100.0 2.2E-37 2.2E-43  244.3   0.0  281   32-323    66-368 (465)
     478 UniRef100_A0A067RIW6 G_PROTEIN 100.0 2.3E-37 2.3E-43  258.7   0.0  264   37-319   183-546 (705)
     479 UniRef100_A0A1I7STM2 (pine woo 100.0 2.3E-37 2.3E-43  250.8   0.0  271   39-321    81-388 (430)
     480 UniRef100_A0A1J0CN88 Xenopsin  100.0 2.4E-37 2.3E-43  251.2   0.0  266   36-316    79-370 (469)
     481 UniRef100_A0A2B4R4X2 Neuropept 100.0 2.4E-37 2.3E-43  252.6   0.0  263   36-316    30-319 (413)
     482 UniRef100_UPI000219022F Endoly 100.0 2.3E-37 2.4E-43  244.7   0.0  268   41-323   203-490 (507)
     483 tr|A0A147A4W2|A0A147A4W2_FUNHE 100.0 2.4E-37 2.4E-43  249.0   0.0  276   34-323    90-447 (502)
     484 tr|C3Z3H5|C3Z3H5_BRAFL Unchara 100.0 2.4E-37 2.4E-43  239.8   0.0  279   36-326    78-381 (405)
     485 UniRef100_A0A1B0TJL6 Opsin Gq3 100.0 2.4E-37 2.4E-43  251.4   0.0  273   37-323    70-378 (589)
     486 UniRef100_A0A087XI41 Mu-type o 100.0 2.4E-37 2.5E-43  243.5   0.0  272   37-319   151-439 (537)
     487 tr|A7RYQ3|A7RYQ3_NEMVE Predict 100.0 2.5E-37 2.5E-43  248.7   0.0  263   38-321    51-337 (367)
     488 UniRef100_A0A210PNG3 5-hydroxy 100.0 2.5E-37 2.5E-43  250.4   0.0  266   39-323    66-372 (427)
     489 UniRef100_A0A2B4RA56 D(5)-like 100.0 2.6E-37 2.5E-43  253.8   0.0  251   38-315    79-354 (431)
     490 UniRef100_A0A060VRN9 G_PROTEIN 100.0 2.6E-37 2.6E-43  250.7   0.0  273   25-318   122-429 (496)
     491 tr|U3JZV5|U3JZV5_FICAL Pyrimid 100.0 2.6E-37 2.6E-43  248.5   0.0  288   26-319    95-399 (412)
     492 UniRef100_A0A068B2J1 C-X-C che 100.0 2.5E-37 2.6E-43  243.1   0.0  286   25-317   160-455 (489)
     493 tr|A0A1A9ZM95|A0A1A9ZM95_GLOPL 100.0 2.6E-37 2.6E-43  243.3   0.0  280   38-325    94-399 (481)
     494 UniRef100_A0A060WF22 G_PROTEIN 100.0 2.7E-37 2.7E-43  254.3   0.0  271   36-321   122-412 (505)
     495 tr|A0A2B4S4U3|A0A2B4S4U3_STYPI 100.0 2.7E-37 2.8E-43  236.9   0.0  270   39-322    26-325 (359)
     496 tr|A7SIX0|A7SIX0_NEMVE Predict 100.0 2.8E-37 2.8E-43  242.5   0.0  272   38-322    24-321 (403)
     497 UniRef100_A0A3B5MNK7 G_PROTEIN 100.0 2.8E-37 2.9E-43  240.1   0.0  266   37-322    27-351 (455)
     498 ERR1719510_236906              100.0 2.9E-37 2.9E-43  256.1   0.0  273   39-326    83-380 (577)
     499 tr|A0A1S3IXU4|A0A1S3IXU4_LINUN 100.0   3E-37   3E-43  243.8   0.0  269   37-322    56-348 (440)
     500 UniRef100_A0A0L0C965 Tachykini 100.0 3.1E-37 3.2E-43  249.5   0.0  275   37-320   119-419 (611)
     
  > Uniprot already searched, skipping.
> Running chain B
  > Uniref90 already searched, skipping.
  > Mgnify already searched, skipping.
  > Running hhblits on bfd_uniref30
- 18:32:11.690 INFO: Searching 65983866 column state sequences.

- 18:32:13.515 INFO: Searching 29291635 column state sequences.

- 18:32:13.563 INFO: ccrl2_human-3422/msas/B/chain_B.fasta is in A2M, A3M or FASTA format

- 18:32:13.563 INFO: Iteration 1

- 18:32:13.573 INFO: Prefiltering database

- 18:34:24.507 INFO: HMMs passed 1st prefilter (gapless profile-profile alignment)  : 16327

- 18:34:54.671 INFO: HMMs passed 1st prefilter (gapless profile-profile alignment)  : 22726

- 18:34:54.714 INFO: HMMs passed 2nd prefilter (gapped profile-profile alignment)   : 19

- 18:34:54.714 INFO: HMMs passed 2nd prefilter and not found in previous iterations : 19

- 18:34:54.714 INFO: Scoring 19 HMMs using HMM-HMM Viterbi alignment

- 18:34:54.742 INFO: Alternative alignment: 0

- 18:34:54.897 INFO: 19 alignments done

- 18:34:54.897 INFO: Alternative alignment: 1

- 18:34:54.899 INFO: 19 alignments done

- 18:34:54.899 INFO: Alternative alignment: 2

- 18:34:54.899 INFO: Alternative alignment: 3

- 18:34:54.927 INFO: Premerge done

- 18:34:54.927 INFO: Realigning 19 HMM-HMM alignments using Maximum Accuracy algorithm

- 18:34:54.939 INFO: 2 sequences belonging to 2 database HMMs found with an E-value < 0.001

- 18:34:54.939 INFO: Number of effective sequences of resulting query HMM: Neff = 1.21416

- 18:34:54.942 INFO: Iteration 2

- 18:34:54.948 INFO: Prefiltering database

- 18:36:00.592 INFO: HMMs passed 1st prefilter (gapless profile-profile alignment)  : 31741

- 18:36:21.205 INFO: HMMs passed 1st prefilter (gapless profile-profile alignment)  : 41440

- 18:36:21.267 INFO: HMMs passed 2nd prefilter (gapped profile-profile alignment)   : 36

- 18:36:21.267 INFO: HMMs passed 2nd prefilter and not found in previous iterations : 35

- 18:36:21.267 INFO: Scoring 35 HMMs using HMM-HMM Viterbi alignment

- 18:36:21.286 INFO: Alternative alignment: 0

- 18:36:21.472 INFO: 35 alignments done

- 18:36:21.473 INFO: Alternative alignment: 1

- 18:36:21.475 INFO: 34 alignments done

- 18:36:21.475 INFO: Alternative alignment: 2

- 18:36:21.475 INFO: Alternative alignment: 3

- 18:36:21.510 INFO: Premerge done

- 18:36:21.510 INFO: Realigning 35 HMM-HMM alignments using Maximum Accuracy algorithm

- 18:36:21.522 INFO: 6 sequences belonging to 6 database HMMs found with an E-value < 0.001

- 18:36:21.522 INFO: Number of effective sequences of resulting query HMM: Neff = 3.20611

- 18:36:21.525 INFO: Iteration 3

- 18:36:21.525 INFO: Set premerge to 0! (premerge: 2 iteration: 3 hits.Size: 3)

- 18:36:21.530 INFO: Prefiltering database

- 18:37:17.388 INFO: HMMs passed 1st prefilter (gapless profile-profile alignment)  : 6855

- 18:38:02.562 INFO: HMMs passed 1st prefilter (gapless profile-profile alignment)  : 11152

- 18:38:02.588 INFO: HMMs passed 2nd prefilter (gapped profile-profile alignment)   : 4

- 18:38:02.588 INFO: HMMs passed 2nd prefilter and not found in previous iterations : 3

- 18:38:02.588 INFO: Scoring 3 HMMs using HMM-HMM Viterbi alignment

- 18:38:02.609 INFO: Alternative alignment: 0

- 18:38:02.720 INFO: 3 alignments done

- 18:38:02.720 INFO: Alternative alignment: 1

- 18:38:02.720 INFO: 2 alignments done

- 18:38:02.720 INFO: Alternative alignment: 2

- 18:38:02.720 INFO: Alternative alignment: 3

- 18:38:02.728 INFO: Rescoring previously found HMMs with Viterbi algorithm

- 18:38:02.745 INFO: Alternative alignment: 0

- 18:38:02.858 INFO: 3 alignments done

- 18:38:02.858 INFO: Alternative alignment: 1

- 18:38:02.860 INFO: 3 alignments done

- 18:38:02.860 INFO: Alternative alignment: 2

- 18:38:02.860 INFO: Alternative alignment: 3

- 18:38:02.869 INFO: Realigning 8 HMM-HMM alignments using Maximum Accuracy algorithm

- 18:38:02.882 INFO: 6 sequences belonging to 6 database HMMs found with an E-value < 0.001

- 18:38:02.882 INFO: Number of effective sequences of resulting query HMM: Neff = 3.20611

     Query         chemerin C-terminal peptide gtp:3422
     Match_columns 9
     No_of_seqs    22 out of 55
     Neff          3.20611
     Searched_HMMs 36
     Date          Wed Feb 22 18:38:02 2023
     Command       hhblits -i ccrl2_human-3422/msas/B/chain_B.fasta -cpu 2 -maxmem 20 -oa3m /maps/projects/ilfgrid/people/nqz918/code/deorph/scripts/af_arman/af_jobs_af23/ccrl2_human/3422//ccrl2_human-3422/msas/B/bfd_uniref_hits.a3m -o /dev/null -n 3 -e 0.001 -maxseq 1000000 -realign_max 100000 -maxfilt 100000 -min_prefilter_hits 1000 -d /projects/ilfgrid/data/alphafold-genetic-databases///bfd/bfd_metaclust_clu_complete_id30_c90_final_seq.sorted_opt -d /projects/ilfgrid/data/alphafold-genetic-databases///uniref30/UniRef30_2021_03 
     
      No Hit                             Prob E-value P-value  Score    SS Cols Query HMM  Template HMM
       1 tr|A0A2D4IHZ2|A0A2D4IHZ2_MICLE  95.1    0.02 3.1E-08   29.9   0.0    9    1-9     160-168 (173)
       2 UniRef100_A0A452SDE1 Chemerin   94.3   0.075 9.5E-08   29.9   0.0    9    1-9     253-261 (267)
       3 UniRef100_G9KK83 Chemerin (Fra  92.7    0.42 4.4E-07   24.1   0.0    8    1-8      67-74  (80)
       4 UniRef100_W0JBB6 Uncharacteriz  91.2    0.96 9.9E-07   21.2   0.0    7    2-8       6-12  (45)
       5 UniRef100_A0A0N8VNK6 Uncharact  87.8     3.2 3.3E-06   19.2   0.0    8    1-8       8-15  (38)
       6 UniRef100_A0A5D8R6Q1 Iron redu  84.6     6.6 6.8E-06   20.9   0.0    8    1-8      27-34  (92)
     
  > Uniprot already searched, skipping.

>> Job finished at: Wed Feb 22 18:38:10 CET 2023

>> Runtime: 2412 s
