>> Job started at: Thu Mar  9 07:05:21 CET 2023
   On Machine:     ilfgridgpun01fl.unicph.domain
   In directory:   /projects/ilfgrid/people/nqz918/code/deorph/scripts/af_arman/af_jobs_af23/oxyr_rat/2176

>> GPU is 

Loaded miniconda shell environment for bash
> Running 'prep_MSAs.sh'
  > Alphafold-DB directory is set to /projects/ilfgrid/data/alphafold-genetic-databases//
  > Number of cores was set to set to 4
  > Max memory set to 20 GB
  > Output directory was set to /projects/ilfgrid/people/nqz918/code/deorph/scripts/af_arman/af_jobs_af23/oxyr_rat/2176/
  > Input fastafile was set to /projects/ilfgrid/people/nqz918/code/deorph/scripts/af_arman/af_jobs_af23/oxyr_rat/2176/oxyr_rat-2176.fasta
> Splitting fastafile
> Running chain A
  > Uniref90 already searched, skipping.
  > Mgnify already searched, skipping.
  > Running hhblits on bfd_uniref30
- 07:05:42.420 INFO: Searching 65983866 column state sequences.

- 07:05:43.407 INFO: Searching 29291635 column state sequences.

- 07:05:43.444 INFO: oxyr_rat-2176/msas/A/chain_A.fasta is in A2M, A3M or FASTA format

- 07:05:43.444 INFO: Iteration 1

- 07:05:43.573 INFO: Prefiltering database

- 07:06:59.792 INFO: HMMs passed 1st prefilter (gapless profile-profile alignment)  : 3317455

- 07:07:42.684 INFO: HMMs passed 1st prefilter (gapless profile-profile alignment)  : 1217107

- 07:07:51.590 INFO: HMMs passed 2nd prefilter (gapped profile-profile alignment)   : 30667

- 07:07:51.590 INFO: HMMs passed 2nd prefilter and not found in previous iterations : 30667

- 07:07:51.590 INFO: Scoring 30667 HMMs using HMM-HMM Viterbi alignment

- 07:07:51.677 INFO: Alternative alignment: 0

- 07:07:52.561 INFO: 2000 alignments done

- 07:07:53.350 INFO: 4000 alignments done

- 07:07:54.055 INFO: 6000 alignments done

- 07:07:57.293 INFO: 8000 alignments done

- 07:07:57.992 INFO: 10000 alignments done

- 07:07:58.711 INFO: 12000 alignments done

- 07:07:59.386 INFO: 14000 alignments done

- 07:07:59.931 INFO: 16000 alignments done

- 07:08:00.462 INFO: 18000 alignments done

- 07:08:01.102 INFO: 20000 alignments done

- 07:08:01.709 INFO: 22000 alignments done

- 07:08:02.226 INFO: 24000 alignments done

- 07:08:02.959 INFO: 26000 alignments done

- 07:08:04.069 INFO: 28000 alignments done

- 07:08:06.519 INFO: 30000 alignments done

- 07:08:07.204 INFO: 30667 alignments done

- 07:08:07.206 INFO: Alternative alignment: 1

- 07:08:16.390 INFO: 29651 alignments done

- 07:08:16.425 INFO: Alternative alignment: 2

- 07:08:19.032 INFO: 7149 alignments done

- 07:08:19.048 INFO: Alternative alignment: 3

- 07:08:19.579 INFO: 1172 alignments done

- 07:08:20.279 INFO: Premerge done

- 07:08:20.281 INFO: Realigning 9919 HMM-HMM alignments using Maximum Accuracy algorithm

- 07:08:54.287 INFO: 9922 sequences belonging to 9922 database HMMs found with an E-value < 0.001

- 07:08:54.287 INFO: Number of effective sequences of resulting query HMM: Neff = 10.2464

- 07:08:54.509 INFO: Iteration 2

- 07:08:54.509 INFO: Set premerge to 0! (premerge: 3 iteration: 2 hits.Size: 9919)

- 07:08:54.629 INFO: Prefiltering database

- 07:10:08.387 INFO: HMMs passed 1st prefilter (gapless profile-profile alignment)  : 8802993

- 07:11:13.561 INFO: HMMs passed 1st prefilter (gapless profile-profile alignment)  : 3207057

- 07:11:26.245 INFO: HMMs passed 2nd prefilter (gapped profile-profile alignment)   : 129988

- 07:11:26.245 INFO: HMMs passed 2nd prefilter and not found in previous iterations : 120232

- 07:11:26.245 INFO: Scoring 120232 HMMs using HMM-HMM Viterbi alignment

- 07:11:26.317 INFO: Alternative alignment: 0

- 07:11:27.376 INFO: 2000 alignments done

- 07:11:28.156 INFO: 4000 alignments done

- 07:11:28.840 INFO: 6000 alignments done

- 07:11:29.592 INFO: 8000 alignments done

- 07:11:30.311 INFO: 10000 alignments done

- 07:11:31.156 INFO: 12000 alignments done

- 07:11:32.657 INFO: 14000 alignments done

- 07:11:35.994 INFO: 16000 alignments done

- 07:11:41.659 INFO: 18000 alignments done

- 07:11:47.661 INFO: 20000 alignments done

- 07:11:47.665 INFO: Stop after DB-HHM: 20000 because early stop  16.9042 < filter cutoff 20

- 07:11:47.665 INFO: Alternative alignment: 1

- 07:11:51.386 INFO: 9317 alignments done

- 07:11:51.395 INFO: Alternative alignment: 2

- 07:11:51.858 INFO: 939 alignments done

- 07:11:51.859 INFO: Alternative alignment: 3

- 07:11:51.954 INFO: 142 alignments done

- 07:11:52.120 INFO: Realigning 5129 HMM-HMM alignments using Maximum Accuracy algorithm

- 07:12:24.430 INFO: 15049 sequences belonging to 15049 database HMMs found with an E-value < 0.001

- 07:12:24.430 INFO: Number of effective sequences of resulting query HMM: Neff = 11.4044

- 07:12:24.601 INFO: Iteration 3

- 07:12:24.729 INFO: Prefiltering database

- 07:13:40.796 INFO: HMMs passed 1st prefilter (gapless profile-profile alignment)  : 8260997

- 07:14:44.716 INFO: HMMs passed 1st prefilter (gapless profile-profile alignment)  : 3094512

- 07:14:56.499 INFO: HMMs passed 2nd prefilter (gapped profile-profile alignment)   : 121337

- 07:14:56.499 INFO: HMMs passed 2nd prefilter and not found in previous iterations : 106549

- 07:14:56.499 INFO: Scoring 106549 HMMs using HMM-HMM Viterbi alignment

- 07:14:56.549 INFO: Alternative alignment: 0

- 07:14:57.586 INFO: 2000 alignments done

- 07:14:58.518 INFO: 4000 alignments done

- 07:14:59.765 INFO: 6000 alignments done

- 07:15:01.481 INFO: 8000 alignments done

- 07:15:04.615 INFO: 10000 alignments done

- 07:15:11.684 INFO: 12000 alignments done

- 07:15:11.687 INFO: Stop after DB-HHM: 12000 because early stop  19.4103 < filter cutoff 20

- 07:15:11.687 INFO: Alternative alignment: 1

- 07:15:14.165 INFO: 4746 alignments done

- 07:15:14.177 INFO: Alternative alignment: 2

- 07:15:14.520 INFO: 579 alignments done

- 07:15:14.520 INFO: Alternative alignment: 3

- 07:15:14.593 INFO: 88 alignments done

- 07:15:14.657 INFO: Rescoring previously found HMMs with Viterbi algorithm

- 07:15:14.690 INFO: Alternative alignment: 0

- 07:15:15.797 INFO: 2000 alignments done

- 07:15:19.126 INFO: 4000 alignments done

- 07:15:21.237 INFO: 6000 alignments done

- 07:15:23.363 INFO: 8000 alignments done

- 07:15:24.891 INFO: 10000 alignments done

- 07:15:26.451 INFO: 12000 alignments done

- 07:15:27.971 INFO: 14000 alignments done

- 07:15:28.509 INFO: 14790 alignments done

- 07:15:28.511 INFO: Alternative alignment: 1

- 07:15:34.029 INFO: 14788 alignments done

- 07:15:34.051 INFO: Alternative alignment: 2

- 07:15:34.537 INFO: 1023 alignments done

- 07:15:34.538 INFO: Alternative alignment: 3

- 07:15:34.635 INFO: 146 alignments done

- 07:15:34.845 INFO: Premerge done

- 07:15:34.845 INFO: Realigning 15536 HMM-HMM alignments using Maximum Accuracy algorithm

- 07:16:12.753 INFO: 15643 sequences belonging to 15643 database HMMs found with an E-value < 0.001

- 07:16:12.753 INFO: Number of effective sequences of resulting query HMM: Neff = 11.4857

     Query         oxyr_rat P70536
     Match_columns 388
     No_of_seqs    1589 out of 222955
     Neff          11.4857
     Searched_HMMs 145751
     Date          Thu Mar  9 07:16:12 2023
     Command       hhblits -i oxyr_rat-2176/msas/A/chain_A.fasta -cpu 4 -maxmem 20 -oa3m /projects/ilfgrid/people/nqz918/code/deorph/scripts/af_arman/af_jobs_af23/oxyr_rat/2176//oxyr_rat-2176/msas/A/bfd_uniref_hits.a3m -o /dev/null -n 3 -e 0.001 -maxseq 1000000 -realign_max 100000 -maxfilt 100000 -min_prefilter_hits 1000 -d /projects/ilfgrid/data/alphafold-genetic-databases///bfd/bfd_metaclust_clu_complete_id30_c90_final_seq.sorted_opt -d /projects/ilfgrid/data/alphafold-genetic-databases///uniref30/UniRef30_2021_03 
     
      No Hit                             Prob E-value P-value  Score    SS Cols Query HMM  Template HMM
       1 UniRef100_A0A060W145 G_PROTEIN 100.0 3.9E-60   4E-66  394.7   0.0  373   12-387    86-459 (567)
       2 UniRef100_A0A060XH94 G_PROTEIN 100.0 8.5E-52 8.7E-58  349.4   0.0  323   23-350   102-433 (542)
       3 tr|L5M9C0|L5M9C0_MYODS Oxytoci 100.0 1.2E-51 1.2E-57  342.9   0.0  362    3-387   118-481 (482)
       4 tr|A0A1L8GHK0|A0A1L8GHK0_XENLA 100.0 2.9E-51   3E-57  322.7   0.0  373   10-388    15-397 (402)
       5 UniRef100_A0A6P4Z4S7 G-protein 100.0 1.2E-50 1.2E-56  349.1   0.0  291   38-351    58-355 (417)
       6 UniRef100_A0A024FLF0 PQRFa pep 100.0 1.3E-50 1.2E-56  346.9   0.0  286   40-346    50-345 (413)
       7 UniRef100_A0A2B4S7K2 Histamine 100.0   5E-50   5E-56  336.7   0.0  297   34-348    27-327 (369)
       8 UniRef100_L5M9C0 Oxytocin rece 100.0 7.6E-50 7.9E-56  316.6   0.0  364    1-387   116-481 (482)
       9 UniRef100_A0A088DIX9 Vasotocin 100.0 8.7E-50 8.9E-56  335.8   0.0  323   29-351   140-470 (546)
      10 UniRef100_A0A141CIT8 G protein 100.0 1.9E-49 1.9E-55  335.1   0.0  285   38-345    85-374 (488)
      11 UniRef100_A0A1S3HKE5 allatosta 100.0   2E-49   2E-55  338.9   0.0  287   40-350    83-378 (462)
      12 UniRef100_UPI0003314895 oxytoc 100.0   4E-49 4.1E-55  323.9   0.0  377   11-388   226-602 (602)
      13 tr|A0A2D0T324|A0A2D0T324_ICTPU 100.0 5.3E-49 5.4E-55  323.9   0.0  316   28-352    48-372 (453)
      14 UniRef100_A0A369RW72 Octopamin 100.0 5.6E-49 5.6E-55  338.3   0.0  303   41-351    56-366 (412)
      15 UniRef100_A0A0K0PUR1 Orphan G- 100.0 7.1E-49 7.2E-55  338.5   0.0  286   37-343   112-407 (530)
      16 UniRef100_A0A060VSP8 5-hydroxy 100.0 9.9E-49   1E-54  332.8   0.0  302   41-349    89-416 (479)
      17 tr|W4YZL0|W4YZL0_STRPU Unchara 100.0 1.3E-48 1.3E-54  324.5   0.0  326   25-351    38-395 (461)
      18 UniRef100_A0A1D1W534 G_PROTEIN 100.0 1.3E-48 1.3E-54  339.2   0.0  310   39-349    78-435 (492)
      19 UniRef100_A0A6P4XD29 neuropept 100.0 1.3E-48 1.3E-54  322.1   0.0  283   40-342    42-337 (385)
      20 UniRef100_A0A026W5R0 Orexin re 100.0 2.1E-48 2.1E-54  335.7   0.0  298   40-348   118-427 (529)
      21 UniRef100_A0A2G8KL37 Cholecyst 100.0 2.1E-48 2.1E-54  325.1   0.0  306   41-350   100-433 (493)
      22 UniRef100_A0A060VUW6 G_PROTEIN 100.0 2.4E-48 2.4E-54  345.1   0.0  300   39-345   117-437 (574)
      23 UniRef100_A0A026WTK8 Tachykini 100.0   3E-48   3E-54  332.1   0.0  284   42-348    92-389 (556)
      24 UniRef100_A0A177B9B5 Rhodopsin 100.0 3.5E-48 3.5E-54  322.1   0.0  301   39-345    90-400 (464)
      25 UniRef100_A0A164MD49 Putative  100.0 3.5E-48 3.6E-54  325.8   0.0  307   40-347    50-395 (498)
      26 UniRef100_A0A154PKR3 Tachykini 100.0 4.7E-48 4.7E-54  327.0   0.0  286   39-347    76-374 (457)
      27 UniRef100_A0A0K0PUI9 Orphan G- 100.0 5.2E-48 5.3E-54  336.1   0.0  294   39-350   101-409 (534)
      28 UniRef100_A0A0L8G5L6 G_PROTEIN 100.0 7.5E-48 7.5E-54  329.7   0.0  311   32-348    60-381 (505)
      29 UniRef100_A0A1D2M4J2 Neuropept 100.0 7.8E-48 7.9E-54  325.5   0.0  285   40-346   127-422 (497)
      30 UniRef100_A0A0K0PUT9 Excitator 100.0   1E-47   1E-53  329.7   0.0  294   39-350   103-404 (474)
      31 UniRef100_A0A6P4Y4T1 galanin r 100.0 1.1E-47 1.1E-53  318.9   0.0  285   39-347    58-351 (410)
      32 UniRef100_A0A1N7TCF1 Galanin r 100.0 1.1E-47 1.1E-53  319.3   0.0  284   40-350    72-363 (407)
      33 tr|V8NBS5|V8NBS5_OPHHA Vasopre 100.0 1.3E-47 1.3E-53  310.7   0.0  326   26-351    97-432 (469)
      34 UniRef100_A0A023F675 Putative  100.0 1.7E-47 1.7E-53  333.5   0.0  281   40-345   127-417 (530)
      35 UniRef100_A0A2B4RSM5 Neuropept 100.0 1.9E-47   2E-53  318.0   0.0  288   36-349    33-325 (417)
      36 UniRef100_A0A060X5Z5 G_PROTEIN 100.0   2E-47   2E-53  329.2   0.0  288   42-343    86-380 (522)
      37 UniRef100_A0A026WW28 Neuropept 100.0 2.1E-47 2.1E-53  330.4   0.0  291   37-348    86-381 (552)
      38 UniRef100_A0A2B4SDF9 Neuropept 100.0 2.8E-47 2.9E-53  319.6   0.0  286   40-347    90-379 (455)
      39 UniRef100_A0A0K0PVK9 Vasotocin 100.0 3.7E-47 3.7E-53  325.7   0.0  307   33-340    55-380 (485)
      40 tr|A0A0P7U387|A0A0P7U387_9TELE 100.0 4.8E-47 4.9E-53  317.5   0.0  284   40-351   129-418 (556)
      41 tr|A0A1I8M930|A0A1I8M930_MUSDO 100.0 5.3E-47 5.3E-53  340.0   0.0  299   40-344   189-575 (963)
      42 UniRef100_A0A0K0PUV0 FVRIamide 100.0 6.1E-47 6.2E-53  320.4   0.0  302   40-346    53-377 (458)
      43 UniRef100_A0A026WK40 Cholecyst 100.0 6.2E-47 6.2E-53  334.6   0.0  310   40-350   155-546 (656)
      44 tr|A0A1I8PIJ9|A0A1I8PIJ9_STOCA 100.0 6.4E-47 6.5E-53  326.6   0.0  286   42-349   172-469 (680)
      45 UniRef100_A0A060W5Z4 G_PROTEIN 100.0 6.6E-47 6.7E-53  325.5   0.0  281   39-350   190-476 (593)
      46 UniRef100_A0A2B4SKI0 Tachykini 100.0 7.4E-47 7.3E-53  331.0   0.0  286   39-347    91-390 (469)
      47 UniRef100_A0A026X3T6 Allatosta 100.0   9E-47   9E-53  323.2   0.0  280   39-346   139-424 (540)
      48 UniRef100_A0A023F668 Putative  100.0 9.2E-47 9.3E-53  313.7   0.0  291   36-347    82-377 (484)
      49 UniRef100_A0A0K0PUL8 Allatosta 100.0 9.3E-47 9.4E-53  314.8   0.0  284   40-348    51-345 (396)
      50 UniRef100_A0A088DHW5 Vasotocin 100.0   1E-46 1.1E-52  315.4   0.0  316   33-349    49-389 (463)
      51 tr|A0A1S3MHC2|A0A1S3MHC2_SALSA 100.0 1.1E-46 1.1E-52  321.9   0.0  319   32-351   102-590 (618)
      52 tr|A0A0P4XBU7|A0A0P4XBU7_9CRUS 100.0 1.2E-46 1.2E-52  324.8   0.0  284   37-341    58-409 (557)
      53 UniRef100_A0A1S3H6K0 neuropept 100.0 1.3E-46 1.3E-52  324.8   0.0  285   36-342    53-351 (470)
      54 UniRef100_A0A061INJ6 Pyrogluta 100.0 1.3E-46 1.4E-52  330.7   0.0  291   40-346   153-457 (594)
      55 UniRef100_A0A0K0PUX7 Orphan G- 100.0 1.4E-46 1.4E-52  321.8   0.0  279   40-346    63-353 (471)
      56 UniRef100_A0A6J8CLU9 HCRTR2 n= 100.0 1.4E-46 1.4E-52  309.7   0.0  299   39-350    52-361 (422)
      57 UniRef100_A0A210QEM7 Neuropept 100.0 1.5E-46 1.5E-52  311.2   0.0  286   41-350    52-349 (416)
      58 tr|A0A2G9RDH8|A0A2G9RDH8_LITCT 100.0 1.5E-46 1.5E-52  307.4   0.0  321   25-351    45-471 (520)
      59 tr|M3ZFE6|M3ZFE6_XIPMA Somatos 100.0 1.5E-46 1.5E-52  312.6   0.0  282   39-350   104-391 (525)
      60 UniRef100_A0A060X690 G_PROTEIN 100.0 1.7E-46 1.7E-52  306.9   0.0  287   37-352    44-339 (386)
      61 UniRef100_A0A060X1Q6 Somatosta 100.0 1.8E-46 1.8E-52  326.3   0.0  279   38-348   138-424 (604)
      62 UniRef100_A0A556VY10 RING-type 100.0 2.4E-46 2.5E-52  313.8   0.0  373   12-387   439-815 (816)
      63 UniRef100_A0A077Z2H9 Putative  100.0 2.6E-46 2.6E-52  319.1   0.0  309   42-351    74-400 (477)
      64 tr|A0A0N8JZL4|A0A0N8JZL4_9TELE 100.0 3.2E-46 3.2E-52  311.8   0.0  312    9-339    73-404 (482)
      65 UniRef100_A0A139WB32 Tachykini 100.0 3.3E-46 3.4E-52  310.2   0.0  284   41-347    45-342 (405)
      66 tr|A0A1W4ZX05|A0A1W4ZX05_9TELE 100.0   4E-46 4.1E-52  314.0   0.0  294   38-344    68-382 (480)
      67 UniRef100_A0A1S3KA35 Alpha-1B  100.0 5.3E-46 5.4E-52  319.1   0.0  304   40-351    90-422 (551)
      68 UniRef100_A0A087UNN0 Neuropept 100.0 6.3E-46 6.3E-52  310.4   0.0  281   41-343    95-387 (470)
      69 UniRef100_A0A3M6U5X4 G_PROTEIN 100.0 7.5E-46 7.6E-52  298.8   0.0  307   10-347    10-320 (339)
      70 UniRef100_A0A1S3HEB7 cephaloto 100.0 8.6E-46 8.7E-52  310.7   0.0  303   33-335    64-396 (480)
      71 UniRef100_A0A1S3J712 QRFP-like 100.0 9.4E-46 9.4E-52  317.3   0.0  282   43-345    71-369 (507)
      72 UniRef100_A0A061A7W5 G_PROTEIN 100.0 9.7E-46 9.7E-52  315.4   0.0  288   41-348    63-358 (473)
      73 UniRef100_A0A2G8JR46 Putative  100.0 1.1E-45 1.1E-51  315.6   0.0  286   41-348    64-356 (411)
      74 tr|A0A146VCE1|A0A146VCE1_FUNHE 100.0 1.1E-45 1.1E-51  315.4   0.0  326   21-351    32-386 (592)
      75 tr|A0A1V4J9P2|A0A1V4J9P2_PATFA 100.0 1.2E-45 1.2E-51  313.5   0.0  295   33-335   355-651 (688)
      76 UniRef100_A0A0K0PUH1 Orphan G- 100.0 1.2E-45 1.2E-51  300.3   0.0  284   36-341    49-342 (413)
      77 UniRef100_A0A068YB14 Neuropept 100.0 1.3E-45 1.3E-51  316.6   0.0  290   38-345    53-350 (448)
      78 tr|A0A1L8G1N6|A0A1L8G1N6_XENLA 100.0 1.3E-45 1.3E-51  305.5   0.0  280   39-349   116-399 (448)
      79 tr|A0A2C9JWF9|A0A2C9JWF9_BIOGL 100.0 1.3E-45 1.3E-51  311.2   0.0  295   39-351    65-369 (403)
      80 UniRef100_A0A2B4S4U3 Beta-2 ad 100.0 1.3E-45 1.4E-51  300.0   0.0  289   40-349    29-323 (372)
      81 UniRef100_A0A060WIU8 G_PROTEIN 100.0 1.5E-45 1.5E-51  298.2   0.0  324   20-351    47-379 (458)
      82 UniRef100_A0A0L7KZ56 Neuropept 100.0 1.7E-45 1.7E-51  310.9   0.0  284   40-345    87-383 (509)
      83 tr|A0A2B4SID7|A0A2B4SID7_STYPI 100.0   2E-45   2E-51  313.7   0.0  287   37-349    29-329 (422)
      84 UniRef100_A0A0K0PUH3 Allatotro 100.0   2E-45   2E-51  303.1   0.0  300   39-349    68-375 (424)
      85 tr|T1JNT7|T1JNT7_STRMM Unchara 100.0   2E-45 2.1E-51  310.6   0.0  318   32-350    22-368 (471)
      86 tr|C3XSP5|C3XSP5_BRAFL Unchara 100.0   2E-45 2.1E-51  296.7   0.0  290   40-351    28-329 (403)
      87 UniRef100_A0A2B4SKX3 Cholecyst 100.0 2.2E-45 2.2E-51  305.5   0.0  308   36-349    68-414 (428)
      88 UniRef100_A0A096NAQ2 Cholecyst 100.0 2.6E-45 2.6E-51  313.7   0.0  307   39-346   150-500 (617)
      89 UniRef100_A0A2B4RHY9 Pyrogluta 100.0 2.6E-45 2.6E-51  320.3   0.0  283   39-348    81-371 (455)
      90 UniRef100_A0A087X575 NPY-Y2 re 100.0 2.6E-45 2.6E-51  304.9   0.0  289   39-348    73-371 (426)
      91 UniRef100_A0A3M6T6P4 G_PROTEIN 100.0 3.1E-45 3.2E-51  310.1   0.0  285   43-350    59-357 (465)
      92 UniRef100_A0A0N0PF28 Orexin re 100.0 3.3E-45 3.3E-51  312.5   0.0  304   40-344   137-456 (588)
      93 UniRef100_A0A0K0PUH0 Orphan G- 100.0 3.4E-45 3.5E-51  321.4   0.0  300   42-342   139-468 (583)
      94 UniRef100_A0A060X360 G_PROTEIN 100.0 3.6E-45 3.6E-51  305.7   0.0  279   40-346   100-387 (477)
      95 tr|A0A182G4E1|A0A182G4E1_AEDAL 100.0 3.7E-45 3.7E-51  311.1   0.0  291   39-350    67-373 (534)
      96 UniRef100_A0A0P5DAK4 Orexin re 100.0 3.8E-45 3.9E-51  307.6   0.0  305   41-347   108-430 (505)
      97 UniRef100_A0A3M6UAU0 G_PROTEIN 100.0 3.9E-45 3.9E-51  311.3   0.0  287   40-346    36-327 (552)
      98 UniRef100_A0A077YWL6 Somatosta 100.0 3.9E-45 3.9E-51  314.9   0.0  284   40-350    66-362 (446)
      99 UniRef100_A0A2B4S0J6 Somatosta 100.0 4.2E-45 4.1E-51  319.2   0.0  285   37-344    81-376 (457)
     100 UniRef100_A0A0P0YUU8 Cannabino 100.0 4.4E-45 4.4E-51  307.4   0.0  308   43-351    86-421 (496)
     101 UniRef100_A0A1V9XU68 Tyramine/ 100.0 4.4E-45 4.4E-51  305.2   0.0  300   38-351    51-356 (408)
     102 tr|A0A0F8ARD3|A0A0F8ARD3_LARCR 100.0 4.5E-45 4.6E-51  300.6   0.0  275   40-346    54-336 (464)
     103 UniRef100_A0A087RJN6 Somatosta 100.0 4.9E-45 4.9E-51  311.9   0.0  274   40-342    61-338 (391)
     104 UniRef100_A0A1L8GQY3 Alpha-1B  100.0 4.9E-45 4.9E-51  306.5   0.0  298   41-346    48-367 (510)
     105 UniRef100_A0A068WW83 Allatosta 100.0 5.2E-45 5.2E-51  313.2   0.0  275   38-341    65-347 (432)
     106 UniRef100_A0A1D1V5S1 G_PROTEIN 100.0   6E-45 6.1E-51  303.6   0.0  299   38-351    55-362 (484)
     107 tr|A0A0P7TYE1|A0A0P7TYE1_9TELE 100.0 6.5E-45 6.6E-51  303.8   0.0  316   37-353   121-479 (507)
     108 UniRef100_A0A026WK16 Tachykini 100.0 6.8E-45 6.9E-51  312.5   0.0  282   41-345   184-478 (641)
     109 tr|A0A2B4SKI0|A0A2B4SKI0_STYPI 100.0 7.2E-45 7.2E-51  308.4   0.0  281   39-342    97-393 (458)
     110 UniRef100_A0A087QH91 Melanopsi 100.0 7.5E-45 7.6E-51  314.3   0.0  295   37-348   101-400 (629)
     111 UniRef100_A0A060XC03 Beta-2 ad 100.0   9E-45 9.1E-51  305.6   0.0  310   37-351   100-416 (548)
     112 UniRef100_A0A0L8I310 G_PROTEIN 100.0 9.3E-45 9.4E-51  310.2   0.0  302   42-344    48-365 (468)
     113 UniRef100_A0A1V4KIE8 Beta-1 ad 100.0 9.9E-45 9.8E-51  325.6   0.0  304   44-352    34-353 (512)
     114 tr|E0D358|E0D358_HEMPU Dopamin 100.0   1E-44   1E-50  300.5   0.0  287   42-348    27-328 (435)
     115 UniRef100_A0A1D1VDY3 G_PROTEIN 100.0 1.1E-44 1.1E-50  309.3   0.0  285   41-346   135-445 (557)
     116 UniRef100_A0A0K0PUK8 FMRFamide 100.0 1.3E-44 1.3E-50  313.2   0.0  282   39-342    58-348 (471)
     117 UniRef100_A0A1S3IX78 RYamide r 100.0 1.3E-44 1.3E-50  300.3   0.0  285   34-340    48-341 (444)
     118 UniRef100_A0A1I8HKX2 G_PROTEIN 100.0 1.4E-44 1.4E-50  303.9   0.0  302   40-350    41-413 (442)
     119 UniRef100_A0A2H8TNJ5 Neuropept 100.0 1.5E-44 1.5E-50  305.2   0.0  279   41-340   157-446 (528)
     120 UniRef100_A0A2B4RHL7 Galanin r 100.0 1.6E-44 1.7E-50  293.3   0.0  278   36-346    29-309 (406)
     121 tr|A0A0L8FIS6|A0A0L8FIS6_OCTBM 100.0 1.8E-44 1.8E-50  301.2   0.0  306   43-351    94-423 (485)
     122 UniRef100_A0A3M6TKX3 G_PROTEIN 100.0   2E-44   2E-50  303.8   0.0  285   40-347    76-374 (427)
     123 tr|A0A1U7TSJ4|A0A1U7TSJ4_TARSY 100.0   2E-44   2E-50  302.8   0.0  286   34-339   207-510 (600)
     124 UniRef100_A0A0C9QBK4 GHSR_0 pr 100.0 2.1E-44 2.1E-50  320.2   0.0  284   39-346   172-472 (591)
     125 tr|S9YJE2|S9YJE2_CAMFR Somatos 100.0 2.1E-44 2.2E-50  293.7   0.0  284   38-350   111-402 (438)
     126 tr|A0A151NBW9|A0A151NBW9_ALLMI 100.0 2.3E-44 2.3E-50  300.7   0.0  302   22-340    62-384 (472)
     127 UniRef100_A0A091EBV8 Type-1 an 100.0 2.4E-44 2.4E-50  318.1   0.0  268   40-344   348-627 (715)
     128 UniRef100_A0A060VVF8 G_PROTEIN 100.0 2.4E-44 2.4E-50  312.3   0.0  272   40-344   140-429 (511)
     129 UniRef100_A0A401NJB3 G_PROTEIN 100.0 2.4E-44 2.5E-50  302.3   0.0  306   41-351    43-362 (517)
     130 tr|A0A0P7V5N2|A0A0P7V5N2_9TELE 100.0 2.5E-44 2.5E-50  299.4   0.0  300   46-351    97-404 (468)
     131 UniRef100_A0A026VWL4 Cardioacc 100.0 2.5E-44 2.6E-50  310.1   0.0  295   41-340   118-415 (565)
     132 UniRef100_A0A2B4R9G2 Melatonin 100.0 2.6E-44 2.6E-50  314.7   0.0  288   34-347    75-366 (461)
     133 tr|A0A146YGA5|A0A146YGA5_FUNHE 100.0 3.2E-44 3.2E-50  312.0   0.0  314   37-352    28-344 (521)
     134 UniRef100_A0A068WVN8 Biogenic  100.0 3.4E-44 3.4E-50  315.3   0.0  301   40-350   121-509 (641)
     135 UniRef100_A0A2B4SC76 Substance 100.0 3.6E-44 3.6E-50  308.5   0.0  285   37-343    52-348 (461)
     136 UniRef100_A0A0L8HHE2 G_PROTEIN 100.0 3.8E-44 3.8E-50  298.2   0.0  283   45-350     6-302 (385)
     137 UniRef100_A0A087XDT1 Somatosta 100.0 3.8E-44 3.9E-50  305.9   0.0  280   40-349   169-454 (676)
     138 tr|A0A1D2NMB6|A0A1D2NMB6_ORCCI 100.0 3.9E-44 3.9E-50  301.4   0.0  291   41-353   153-456 (520)
     139 UniRef100_A0A044T5H8 G_PROTEIN 100.0   4E-44 4.1E-50  311.3   0.0  301   41-350   247-570 (693)
     140 tr|V8PD93|V8PD93_OPHHA Type-2  100.0 4.1E-44 4.1E-50  304.2   0.0  272   39-341    75-362 (412)
     141 UniRef100_A0A060WEJ5 G_PROTEIN 100.0 4.3E-44 4.3E-50  309.1   0.0  301   41-348   115-456 (544)
     142 UniRef100_A0A2B4RPR9 Allatosta 100.0 4.4E-44 4.4E-50  306.4   0.0  283   39-344    47-341 (446)
     143 UniRef100_A0A210QHM7 G-protein 100.0 5.1E-44 5.2E-50  303.4   0.0  291   40-352    80-380 (492)
     144 UniRef100_A0A060WC63 G_PROTEIN 100.0 5.2E-44 5.3E-50  297.6   0.0  308   32-348   102-411 (459)
     145 UniRef100_A0A060W5H6 G_PROTEIN 100.0 5.3E-44 5.4E-50  309.0   0.0  290   40-341    87-381 (528)
     146 tr|L7LZ94|L7LZ94_9ACAR Putativ 100.0 5.3E-44 5.4E-50  292.6   0.0  284   41-350   104-395 (438)
     147 tr|A0A2B4RXD1|A0A2B4RXD1_STYPI 100.0 5.7E-44 5.8E-50  293.7   0.0  290   36-352    90-385 (416)
     148 UniRef100_A0A7M7HFU8 G_PROTEIN 100.0   6E-44   6E-50  305.7   0.0  288   40-346    65-362 (423)
     149 UniRef100_A0A2B4SVC4 Dopamine  100.0 6.3E-44 6.3E-50  296.5   0.0  273   36-347    52-329 (397)
     150 UniRef100_A0A498LR15 TESPA1-li 100.0 6.5E-44 6.6E-50  307.4   0.0  329   13-344    17-345 (947)
     151 UniRef100_A0A0B4LHT6 RYamide r 100.0 6.8E-44 6.9E-50  304.9   0.0  280   42-343   117-407 (524)
     152 UniRef100_A0A0S1YDA0 Neuropept 100.0 6.8E-44 6.9E-50  303.9   0.0  289   41-351    96-396 (509)
     153 UniRef100_A0A2B4RGU4 5-hydroxy 100.0   8E-44   8E-50  311.8   0.0  296   38-348    64-370 (478)
     154 tr|A0A2B4SUH3|A0A2B4SUH3_STYPI 100.0   8E-44 8.1E-50  296.3   0.0  288   40-345    26-329 (385)
     155 tr|K7GCC3|K7GCC3_PELSI Adrenoc 100.0 7.9E-44 8.1E-50  294.1   0.0  306   43-352    45-367 (488)
     156 UniRef100_A0A2B4SVS8 Neuropept 100.0   9E-44 9.1E-50  306.5   0.0  286   37-345    86-380 (480)
     157 UniRef100_A0A087YQK7 Adrenocep 100.0 9.5E-44 9.6E-50  303.5   0.0  304   44-352   134-455 (617)
     158 UniRef100_A0A061IN14 NK-3 rece 100.0 9.7E-44 9.8E-50  308.4   0.0  285   41-348   235-524 (662)
     159 tr|A0A146TL67|A0A146TL67_FUNHE 100.0   1E-43   1E-49  311.7   0.0  282   36-347    23-404 (442)
     160 UniRef100_A0A2B4S7A4 Alpha-1A  100.0 1.1E-43 1.1E-49  295.5   0.0  266   39-348    39-310 (392)
     161 UniRef100_A0A084WIC4 Short neu 100.0 1.1E-43 1.1E-49  301.2   0.0  290   38-347    91-386 (551)
     162 tr|G3S2I3|G3S2I3_GORGO Opioid  100.0 1.1E-43 1.2E-49  293.7   0.0  278   40-347   163-448 (492)
     163 UniRef100_A0A060WAU0 G_PROTEIN 100.0 1.2E-43 1.2E-49  301.3   0.0  306   33-347   144-452 (529)
     164 UniRef100_A0A210QT45 G-protein 100.0 1.2E-43 1.2E-49  294.6   0.0  310   23-350    42-360 (472)
     165 UniRef100_A0A084WFJ7 AGAP00011 100.0 1.3E-43 1.3E-49  302.0   0.0  278   40-340    88-373 (519)
     166 tr|A0A0K0PUV0|A0A0K0PUV0_PLADU 100.0 1.3E-43 1.3E-49  291.1   0.0  324   38-367    14-353 (373)
     167 UniRef100_A0A060VP48 G_PROTEIN 100.0 1.5E-43 1.5E-49  313.4   0.0  290   38-349   153-452 (580)
     168 tr|Q25396|Q25396_LYMST Conopre 100.0 1.5E-43 1.6E-49  299.1   0.0  303   33-335    64-399 (462)
     169 tr|A0A210R0K7|A0A210R0K7_MIZYE 100.0 1.6E-43 1.7E-49  292.1   0.0  311   39-350    73-428 (470)
     170 UniRef100_A0A087UP46 5-hydroxy 100.0 1.7E-43 1.7E-49  295.6   0.0  301   43-350    49-402 (472)
     171 UniRef100_A0A034WDF0 Allatosta 100.0 1.7E-43 1.7E-49  300.9   0.0  278   41-345    97-383 (459)
     172 UniRef100_A0A087T336 Somatosta 100.0 1.8E-43 1.8E-49  294.8   0.0  279   42-349    80-369 (454)
     173 UniRef100_A0A7M7SYV2 G_PROTEIN 100.0 1.9E-43 1.9E-49  303.6   0.0  294   45-346    73-397 (630)
     174 UniRef100_UPI000B911B64 melato 100.0   2E-43   2E-49  298.2   0.0  300   41-348    30-344 (381)
     175 tr|R4J1H6|R4J1H6_SALSA Cholecy 100.0   2E-43 2.1E-49  289.4   0.0  313   38-351    45-410 (461)
     176 tr|C3XVS5|C3XVS5_BRAFL Unchara 100.0 2.1E-43 2.1E-49  289.9   0.0  290   39-347    67-362 (425)
     177 tr|A0A2B4SNZ1|A0A2B4SNZ1_STYPI 100.0 2.1E-43 2.1E-49  297.0   0.0  281   39-348    31-319 (351)
     178 UniRef100_A0A0L8GIM4 G_PROTEIN 100.0 2.1E-43 2.1E-49  307.3   0.0  286   37-343    94-391 (481)
     179 tr|A0A1D1UXI1|A0A1D1UXI1_RAMVA 100.0 2.2E-43 2.2E-49  294.7   0.0  283   41-350    83-377 (499)
     180 UniRef100_A0A0N7ZAP9 G_PROTEIN 100.0 2.3E-43 2.3E-49  296.4   0.0  289   39-348    76-367 (421)
     181 UniRef100_A0A060XP11 G_PROTEIN 100.0 2.3E-43 2.4E-49  300.7   0.0  285   41-348    92-392 (497)
     182 tr|A0A1D2MSE1|A0A1D2MSE1_ORCCI 100.0 2.3E-43 2.4E-49  307.1   0.0  287   41-349   112-408 (615)
     183 UniRef100_A0A061QHX0 Putative  100.0 2.6E-43 2.6E-49  305.6   0.0  300   42-349   135-508 (563)
     184 UniRef100_A0A087XT11 Alpha-1B  100.0 3.2E-43 3.2E-49  296.9   0.0  298   41-345    81-402 (622)
     185 UniRef100_A0A060W247 Cholecyst 100.0 3.3E-43 3.3E-49  300.8   0.0  310   38-348   126-477 (563)
     186 tr|A0A060XRS0|A0A060XRS0_ONCMY 100.0 3.3E-43 3.4E-49  307.6   0.0  303   41-351    57-378 (900)
     187 UniRef100_A0A0N0PEL7 Tachykini 100.0 3.4E-43 3.4E-49  292.8   0.0  286   43-350    59-357 (454)
     188 tr|A0A2B4SAJ4|A0A2B4SAJ4_STYPI 100.0 3.9E-43 3.9E-49  294.5   0.0  289   37-347    26-333 (434)
     189 tr|W4Z2N2|W4Z2N2_STRPU Unchara 100.0   4E-43 4.1E-49  283.7   0.0  288   39-346    56-351 (406)
     190 tr|A0A1A8LLP2|A0A1A8LLP2_9TELE 100.0 4.2E-43 4.3E-49  289.7   0.0  297   42-351    96-400 (455)
     191 UniRef100_A0A0L8I0T4 G_PROTEIN 100.0 4.5E-43 4.6E-49  298.6   0.0  302   41-348   135-497 (554)
     192 tr|A7SD89|A7SD89_NEMVE Predict 100.0 4.9E-43   5E-49  278.3   0.0  290   41-350    39-332 (355)
     193 UniRef100_A0A2G8L6L1 Putative  100.0 5.4E-43 5.4E-49  289.7   0.0  272   41-345    37-322 (407)
     194 UniRef100_A0A060WMC3 Alpha-1D  100.0 5.4E-43 5.5E-49  295.2   0.0  296   42-345   113-430 (564)
     195 UniRef100_A0A2G8KMT5 G_PROTEIN 100.0   6E-43 6.1E-49  290.7   0.0  285   40-345    37-325 (402)
     196 UniRef100_A0A016T103 G_PROTEIN 100.0 6.3E-43 6.4E-49  305.6   0.0  294   47-349   118-476 (605)
     197 tr|A0A212EZN3|A0A212EZN3_DANPL 100.0 6.8E-43 6.9E-49  292.0   0.0  290   38-349    53-356 (488)
     198 UniRef100_A0A026WIP6 Cholecyst 100.0   7E-43   7E-49  307.8   0.0  312   38-351   169-532 (636)
     199 UniRef100_A0A068WKU9 Neuropept 100.0   7E-43 7.1E-49  292.8   0.0  281   42-345    75-365 (451)
     200 tr|A0A0S1YD80|A0A0S1YD80_CHISP 100.0 7.5E-43 7.6E-49  292.6   0.0  292   40-349   165-465 (513)
     201 UniRef100_F6ZHC8 Uncharacteriz 100.0 7.6E-43 7.7E-49  294.1   0.0  310   41-351    89-468 (520)
     202 UniRef100_UPI0003F07467 orexin 100.0 7.7E-43 7.9E-49  296.2   0.0  307   41-349    79-418 (535)
     203 UniRef100_A0A060VWI9 G_PROTEIN 100.0 7.9E-43   8E-49  296.9   0.0  306   39-348    60-394 (579)
     204 UniRef100_A7RGN9 Predicted pro 100.0   8E-43   8E-49  279.9   0.0  284   34-345    25-312 (317)
     205 UniRef100_A0A068AZY5 Octopamin 100.0 8.6E-43 8.6E-49  319.9   0.0  186   41-232   175-364 (723)
     206 UniRef100_A0A060X1U9 G_PROTEIN 100.0   9E-43 9.2E-49  299.4   0.0  296   41-343   140-453 (633)
     207 tr|A0A1V4JMN9|A0A1V4JMN9_PATFA 100.0 9.1E-43 9.3E-49  290.5   0.0  303   38-342    91-416 (537)
     208 tr|A7SMQ7|A7SMQ7_NEMVE Predict 100.0 9.2E-43 9.3E-49  283.6   0.0  285   40-350    12-305 (358)
     209 UniRef100_A0A0K0PUK6 Orphan G- 100.0 9.5E-43 9.7E-49  286.9   0.0  287   43-351    70-376 (448)
     210 UniRef100_A0A087U880 Neuropept 100.0 9.6E-43 9.7E-49  289.3   0.0  285   37-343    66-359 (401)
     211 tr|A0A1S3IXU4|A0A1S3IXU4_LINUN 100.0 9.6E-43 9.8E-49  286.9   0.0  285   39-349    57-347 (440)
     212 UniRef100_A0A091DWF1 Somatosta 100.0 9.6E-43 9.8E-49  291.0   0.0  282   36-349   152-441 (523)
     213 UniRef100_A0A2B4SYG2 5-hydroxy 100.0 9.9E-43   1E-48  285.8   0.0  278   41-343    31-312 (376)
     214 UniRef100_A0A060WWU7 G_PROTEIN 100.0   1E-42 1.1E-48  293.3   0.0  298   41-348    70-382 (545)
     215 UniRef100_A0A0A7KUZ5 Opsin 5 n 100.0 1.1E-42 1.1E-48  293.2   0.0  285   41-345    54-342 (407)
     216 tr|B4KC34|B4KC34_DROMO Unchara 100.0 1.1E-42 1.1E-48  302.0   0.0  281   43-346   196-491 (670)
     217 tr|A0A2H1W6Q0|A0A2H1W6Q0_SPOFR 100.0 1.1E-42 1.1E-48  291.6   0.0  293   38-350    69-366 (466)
     218 UniRef100_A0A023F8Q5 Putative  100.0 1.2E-42 1.2E-48  288.3   0.0  297   42-340    85-384 (463)
     219 UniRef100_A0A026WCQ7 Tyramine  100.0 1.2E-42 1.2E-48  310.2   0.0  299   41-350   185-589 (665)
     220 UniRef100_A0A0X7YAU3 ACP recep 100.0 1.2E-42 1.2E-48  298.0   0.0  293   40-340    83-383 (492)
     221 UniRef100_A0A146M155 Neuropept 100.0 1.3E-42 1.3E-48  293.3   0.0  287   41-345    55-360 (488)
     222 UniRef100_A0A7M7HKI1 G_PROTEIN 100.0 1.3E-42 1.3E-48  293.1   0.0  284   44-351    44-339 (418)
     223 tr|A0A2B4RSD1|A0A2B4RSD1_STYPI 100.0 1.4E-42 1.4E-48  299.1   0.0  304   35-344    46-378 (430)
     224 UniRef100_A0A034VIK4 Octopamin 100.0 1.3E-42 1.4E-48  298.1   0.0  340   41-386   297-675 (782)
     225 tr|A0A139WLV7|A0A139WLV7_TRICA 100.0 1.3E-42 1.4E-48  301.4   0.0  292   37-348   396-698 (792)
     226 tr|A0A218UWX7|A0A218UWX7_9PASE 100.0 1.4E-42 1.4E-48  290.5   0.0  291   36-350    37-343 (474)
     227 UniRef100_A0A3M6T8F5 G_PROTEIN 100.0 1.4E-42 1.4E-48  306.7   0.0  293   34-345    96-393 (523)
     228 UniRef100_A0A2B4RFH8 Neuropept 100.0 1.4E-42 1.4E-48  302.9   0.0  284   40-347    65-365 (439)
     229 tr|W4YJK4|W4YJK4_STRPU Unchara 100.0 1.4E-42 1.4E-48  292.2   0.0  292   41-351    71-372 (446)
     230 tr|A0A232F0R3|A0A232F0R3_9HYME 100.0 1.4E-42 1.5E-48  284.9   0.0  277   41-348   105-424 (458)
     231 UniRef100_A0A060VZ71 G_PROTEIN 100.0 1.5E-42 1.5E-48  301.5   0.0  298   22-338   210-526 (650)
     232 UniRef100_A0A226DFM2 Neuropept 100.0 1.5E-42 1.5E-48  293.2   0.0  279   41-340   107-396 (523)
     233 UniRef100_A0A023F3V9 Putative  100.0 1.5E-42 1.5E-48  294.9   0.0  279   40-346   133-422 (574)
     234 UniRef100_A0A084VLD5 AGAP00422 100.0 1.5E-42 1.5E-48  297.3   0.0  297   44-348   248-595 (695)
     235 UniRef100_A0A132AJH3 7 transme 100.0 1.5E-42 1.5E-48  293.8   0.0  297   42-342    71-381 (447)
     236 tr|A0A146U732|A0A146U732_FUNHE 100.0 1.6E-42 1.6E-48  312.7   0.0  300   38-340   190-540 (590)
     237 tr|A0A0P5PA10|A0A0P5PA10_9CRUS 100.0 1.6E-42 1.6E-48  296.6   0.0  286   42-349   149-450 (705)
     238 UniRef100_A0A6P8IFK2 neuromedi 100.0 1.6E-42 1.6E-48  283.4   0.0  281   40-343    26-317 (363)
     239 UniRef100_A0A2B4RXD1 Neuropept 100.0 1.6E-42 1.7E-48  292.1   0.0  288   37-350    92-385 (461)
     240 tr|A0A1A9ZAD8|A0A1A9ZAD8_GLOPL 100.0 1.7E-42 1.8E-48  290.1   0.0  284   40-346   123-419 (574)
     241 tr|A0A0P6BPA6|A0A0P6BPA6_9CRUS 100.0 1.7E-42 1.8E-48  291.0   0.0  296   42-338    60-371 (574)
     242 tr|A0A0P7U0M1|A0A0P7U0M1_9TELE 100.0 1.8E-42 1.9E-48  282.0   0.0  293   41-349   103-412 (440)
     243 UniRef100_A0A0L8H201 G_PROTEIN 100.0 1.9E-42 1.9E-48  284.8   0.0  288   41-353    87-387 (461)
     244 UniRef100_A0A1D1V379 G_PROTEIN 100.0 1.9E-42 1.9E-48  279.3   0.0  290   43-341    36-333 (343)
     245 tr|A0A218UB83|A0A218UB83_9PASE 100.0 1.9E-42   2E-48  296.4   0.0  302   40-349   194-513 (631)
     246 UniRef100_A0A0G2UQ37 Rhodopsin 100.0 2.1E-42 2.2E-48  290.5   0.0  300   38-350    94-401 (515)
     247 UniRef100_A0A6G8J3P5 Melanin-c 100.0 2.1E-42 2.2E-48  284.5   0.0  283   39-347    61-351 (460)
     248 tr|A0A0L0BYA7|A0A0L0BYA7_LUCCU 100.0 2.2E-42 2.2E-48  293.7   0.0  298   43-346   314-625 (678)
     249 tr|A0A091DWF1|A0A091DWF1_FUKDA 100.0 2.3E-42 2.4E-48  281.9   0.0  279   39-349   156-442 (483)
     250 UniRef100_A0A0S1YD99 Neuropept 100.0 2.4E-42 2.4E-48  280.9   0.0  281   42-346    78-370 (423)
     251 UniRef100_A0A1L8FNX2 G_PROTEIN 100.0 2.5E-42 2.5E-48  289.0   0.0  270   41-344    64-340 (400)
     252 UniRef100_A0A2B4SJE7 Orexin re 100.0 2.6E-42 2.6E-48  295.1   0.0  285   39-345   134-429 (517)
     253 tr|A0A210QNG6|A0A210QNG6_MIZYE 100.0 2.9E-42 2.9E-48  289.8   0.0  292   40-348    40-340 (498)
     254 UniRef100_A0A2B4SE17 Substance 100.0 2.9E-42 2.9E-48  300.7   0.0  285   38-346    63-363 (467)
     255 UniRef100_A0A091G7A7 Vasopress 100.0 2.9E-42   3E-48  284.1   0.0  327    8-351    17-352 (398)
     256 UniRef100_A0A060YY06 G_PROTEIN 100.0 2.9E-42   3E-48  290.5   0.0  296   24-340    87-401 (490)
     257 tr|A0A0K0PUK7|A0A0K0PUK7_PLADU 100.0 3.1E-42 3.1E-48  292.5   0.0  320   28-350    22-368 (607)
     258 UniRef100_A0A1J1I7G5 CLUMA_CG0 100.0 3.1E-42 3.1E-48  289.1   0.0  284   43-348    80-374 (500)
     259 UniRef100_A0A060X0R7 Uncharact 100.0 3.2E-42 3.3E-48  275.8   0.0  297   22-350    39-344 (383)
     260 UniRef100_A0A3M6TAE6 G_PROTEIN 100.0 3.4E-42 3.4E-48  289.7   0.0  264   42-345    94-366 (443)
     261 tr|W5MC67|W5MC67_LEPOC Pyroglu 100.0 3.4E-42 3.5E-48  281.4   0.0  296   40-351    54-363 (441)
     262 tr|A0A1W4X208|A0A1W4X208_AGRPL 100.0 3.5E-42 3.6E-48  283.6   0.0  284   43-348    98-394 (467)
     263 UniRef100_A0A023F452 Putative  100.0 3.6E-42 3.6E-48  298.9   0.0  302   42-350   142-540 (660)
     264 tr|A0A147AZW9|A0A147AZW9_FUNHE 100.0 3.8E-42 3.8E-48  299.8   0.0  290   40-351    86-437 (468)
     265 UniRef100_A0A087R2J6 Neuropept 100.0 3.8E-42 3.9E-48  295.9   0.0  283   37-339   210-511 (638)
     266 tr|A0A1W2W3E6|A0A1W2W3E6_CIOIN 100.0 3.9E-42   4E-48  285.6   0.0  282   40-346    58-350 (487)
     267 tr|T1KPP2|T1KPP2_TETUR Unchara 100.0 4.1E-42 4.1E-48  288.2   0.0  276   41-349   153-437 (477)
     268 UniRef100_A0A2B4S7Y2 Neuropept 100.0 4.3E-42 4.3E-48  296.4   0.0  290   36-348    78-371 (460)
     269 tr|A0A182QHF8|A0A182QHF8_9DIPT 100.0 4.2E-42 4.3E-48  290.0   0.0  291   37-347    98-406 (581)
     270 tr|A0A2B4RR50|A0A2B4RR50_STYPI 100.0 4.4E-42 4.5E-48  282.7   0.0  295   37-350    27-328 (411)
     271 UniRef100_A0A067RDC3 Prolactin 100.0 4.5E-42 4.6E-48  291.0   0.0  290   36-346    61-355 (541)
     272 UniRef100_A0A0A1WLH2 Somatosta 100.0 4.6E-42 4.7E-48  295.9   0.0  280   40-347   217-507 (667)
     273 UniRef100_A0A060VTR1 G_PROTEIN 100.0 4.6E-42 4.7E-48  293.6   0.0  297   41-345   121-437 (619)
     274 UniRef100_A0A3M6UME8 G_PROTEIN 100.0 4.8E-42 4.8E-48  285.3   0.0  287   37-349    37-326 (383)
     275 tr|A0A287CUD4|A0A287CUD4_ICTTR 100.0 5.2E-42 5.3E-48  282.3   0.0  282   40-350    19-309 (478)
     276 UniRef100_A0A210QSD7 Octopamin 100.0 5.3E-42 5.4E-48  291.2   0.0  303   41-351    59-419 (423)
     277 tr|A0A1W4X1F3|A0A1W4X1F3_AGRPL 100.0 5.4E-42 5.5E-48  286.2   0.0  281   40-341   134-425 (485)
     278 UniRef100_A0A210QYW2 Cardioacc 100.0 5.6E-42 5.6E-48  295.0   0.0  297   40-337    51-360 (499)
     279 UniRef100_A0A023FH63 Putative  100.0 5.5E-42 5.6E-48  295.1   0.0  294   43-343   129-436 (563)
     280 UniRef100_A0A3M6TPP0 G_PROTEIN 100.0 5.7E-42 5.7E-48  291.2   0.0  288   40-346    51-353 (424)
     281 UniRef100_A0A6P4YBA8 delta-typ 100.0   6E-42 6.1E-48  284.6   0.0  282   39-350    50-341 (406)
     282 tr|A0A1I8N820|A0A1I8N820_MUSDO 100.0   6E-42 6.1E-48  297.4   0.0  295   42-342   307-632 (880)
     283 UniRef100_A0A060X6T3 G_PROTEIN 100.0   6E-42 6.1E-48  289.1   0.0  298   42-347    92-412 (550)
     284 UniRef100_A0A0K0PUG3 Thyrolibe 100.0 6.6E-42 6.7E-48  294.6   0.0  301   38-349   213-522 (606)
     285 UniRef100_A0A060VRN9 G_PROTEIN 100.0 6.8E-42 6.9E-48  289.5   0.0  285   41-346   137-428 (496)
     286 UniRef100_A0A6P8HUK6 melatonin 100.0 6.8E-42 6.9E-48  275.9   0.0  293   36-348    24-320 (374)
     287 UniRef100_A0A6F9DEB9 5-hydroxy 100.0 7.3E-42 7.4E-48  289.6   0.0  301   37-347    53-362 (426)
     288 UniRef100_A0A0N1PGA0 Octopamin 100.0 7.3E-42 7.4E-48  292.7   0.0  298   42-345   110-490 (547)
     289 tr|A0A2C9GPU2|A0A2C9GPU2_ANOAR 100.0 7.3E-42 7.4E-48  300.6   0.0  305   41-348   324-637 (818)
     290 tr|A0A1S3NNV5|A0A1S3NNV5_SALSA 100.0 7.3E-42 7.4E-48  284.6   0.0  306   23-338    45-371 (499)
     291 tr|A0A147A4W2|A0A147A4W2_FUNHE 100.0 7.5E-42 7.6E-48  287.0   0.0  311   40-351    95-447 (502)
     292 UniRef100_A0A061IAU9 Gastric r 100.0 7.5E-42 7.7E-48  289.8   0.0  285   40-351   115-409 (588)
     293 UniRef100_A0A068YA15 Neuropept 100.0 7.6E-42 7.7E-48  288.6   0.0  298   41-344    74-392 (510)
     294 UniRef100_A0A026VW91 Neuropept 100.0 8.2E-42 8.4E-48  282.8   0.0  282   38-340   187-479 (582)
     295 UniRef100_A0A060W9T7 G_PROTEIN 100.0 8.5E-42 8.7E-48  287.3   0.0  276   41-345   187-470 (616)
     296 tr|A0A2B4SSL5|A0A2B4SSL5_STYPI 100.0 8.6E-42 8.7E-48  272.1   0.0  290   38-352    20-314 (344)
     297 ERR1719510_236906              100.0 8.9E-42   9E-48  295.5   0.0  290   41-352    84-378 (577)
     298 UniRef100_A0A067R4E0 Tachykini 100.0 8.9E-42   9E-48  282.4   0.0  279   42-342    52-339 (396)
     299 UniRef100_A0A091R746 Beta-1 ad 100.0   9E-42 9.1E-48  289.4   0.0  301   43-348   138-452 (572)
     300 UniRef100_A0A084WSA4 AGAP00215 100.0 9.4E-42 9.4E-48  287.9   0.0  283   37-338    68-359 (443)
     301 UniRef100_A0A2B4SID7 Neuropept 100.0 9.7E-42 9.8E-48  287.9   0.0  285   37-343    79-375 (462)
     302 UniRef100_A0A0A1XP15 Neuropept 100.0 9.9E-42   1E-47  277.8   0.0  289   41-351    73-377 (421)
     303 tr|A0A146NY53|A0A146NY53_FUNHE 100.0 1.1E-41 1.1E-47  286.5   0.0  287   42-341     9-311 (469)
     304 UniRef100_A0A678XEL8 Trace ami 100.0 1.1E-41 1.1E-47  290.2   0.0  295   40-348    56-356 (523)
     305 UniRef100_B5UA19 Vasopressin/o 100.0 1.1E-41 1.1E-47  282.9   0.0  312   33-345    37-370 (486)
     306 UniRef100_A0A0N1IB59 Orexin re 100.0 1.1E-41 1.2E-47  284.2   0.0  303   41-344   130-448 (546)
     307 UniRef100_A0A087YRI1 G_PROTEIN 100.0 1.2E-41 1.2E-47  287.0   0.0  288   41-347    82-372 (438)
     308 UniRef100_A0A6P8HX63 probable  100.0 1.3E-41 1.3E-47  288.8   0.0  295   43-350    61-363 (407)
     309 tr|A0A182U1B5|A0A182U1B5_9DIPT 100.0 1.3E-41 1.3E-47  290.1   0.0  284   41-346    41-342 (620)
     310 UniRef100_A0A016TS00 G_PROTEIN 100.0 1.3E-41 1.3E-47  298.6   0.0  305   41-348   114-554 (622)
     311 tr|C3XVU5|C3XVU5_BRAFL Unchara 100.0 1.4E-41 1.4E-47  279.4   0.0  291   32-342    54-351 (439)
     312 UniRef100_A0A087XZI9 Arginine  100.0 1.4E-41 1.4E-47  280.9   0.0  317   32-348   110-490 (522)
     313 UniRef100_A0A024FLZ5 PQRFa pep 100.0 1.5E-41 1.5E-47  280.5   0.0  301   15-339    33-343 (416)
     314 UniRef100_A0A193KU97 GCR058 n= 100.0 1.5E-41 1.5E-47  276.2   0.0  294   41-351    27-334 (379)
     315 UniRef100_A0A1S3F7I6 neuropept 100.0 1.5E-41 1.5E-47  294.4   0.0  306   22-346   232-559 (712)
     316 tr|A0A1V4J9T1|A0A1V4J9T1_PATFA 100.0 1.6E-41 1.6E-47  275.7   0.0  277   41-346    70-354 (461)
     317 UniRef100_A0A060VNF4 G_PROTEIN 100.0 1.6E-41 1.6E-47  291.0   0.0  278   40-348   131-431 (566)
     318 tr|W4XZB8|W4XZB8_STRPU Unchara 100.0 1.6E-41 1.6E-47  280.3   0.0  285   39-344    19-307 (400)
     319 UniRef100_A0A034WA99 Cardioacc 100.0 1.6E-41 1.6E-47  289.5   0.0  299   43-351   248-554 (678)
     320 tr|A7RKH9|A7RKH9_NEMVE Predict 100.0 1.6E-41 1.6E-47  275.9   0.0  283   38-348    24-314 (336)
     321 tr|A0A218VDE9|A0A218VDE9_9PASE 100.0 1.7E-41 1.8E-47  280.5   0.0  281   37-348    21-307 (556)
     322 tr|A0A1S3NPB2|A0A1S3NPB2_SALSA 100.0 1.7E-41 1.8E-47  280.1   0.0  285   41-348    41-332 (443)
     323 UniRef100_A0A0L8FWF7 G_PROTEIN 100.0 1.8E-41 1.8E-47  296.8   0.0  315   43-364    95-563 (576)
     324 tr|A0A1S3FYW5|A0A1S3FYW5_DIPOR 100.0 1.8E-41 1.8E-47  271.0   0.0  280   41-349    71-359 (385)
     325 tr|A0A0V1MVC7|A0A0V1MVC7_9BILA 100.0 1.8E-41 1.8E-47  290.7   0.0  278   39-340    80-371 (598)
     326 UniRef100_A0A068WTW9 Tachykini 100.0 1.8E-41 1.9E-47  281.6   0.0  281   43-347    49-359 (453)
     327 UniRef100_A0A3M6UKX8 G_PROTEIN 100.0 1.9E-41 1.9E-47  293.1   0.0  285   40-347   119-420 (487)
     328 UniRef100_A0A3M6U2U1 G_PROTEIN 100.0 1.9E-41   2E-47  281.3   0.0  280   40-347    20-307 (352)
     329 tr|A0A091CRU0|A0A091CRU0_FUKDA 100.0   2E-41   2E-47  296.2   0.0  268   40-344   409-689 (720)
     330 UniRef100_A0A2B4SQU8 Orexin re 100.0   2E-41   2E-47  273.8   0.0  299   41-350    38-348 (370)
     331 UniRef100_A0A0E3EKU4 Allatotro 100.0   2E-41 2.1E-47  282.3   0.0  289   41-348   133-431 (562)
     332 tr|A0A067RDC3|A0A067RDC3_ZOONE 100.0 2.1E-41 2.1E-47  290.4   0.0  294   37-351    69-367 (506)
     333 UniRef100_A0A151NBW6 Beta-3 ad 100.0 2.1E-41 2.1E-47  282.0   0.0  304   40-348    31-340 (490)
     334 UniRef100_A0A087XYR8 Opsin 4b  100.0 2.1E-41 2.1E-47  290.5   0.0  292   38-345   151-448 (694)
     335 tr|J9JRI9|J9JRI9_ACYPI Unchara 100.0 2.1E-41 2.2E-47  280.2   0.0  284   43-348    38-334 (490)
     336 UniRef100_A0A6S7JE64 Neuropept 100.0 2.2E-41 2.2E-47  281.9   0.0  280   39-345    34-319 (412)
     337 tr|A7RNV5|A7RNV5_NEMVE Predict 100.0 2.2E-41 2.2E-47  276.8   0.0  286   42-351    34-332 (377)
     338 UniRef100_A0A060WAG3 G_PROTEIN 100.0 2.3E-41 2.4E-47  287.4   0.0  299   42-347   125-498 (550)
     339 tr|A0A0K8WE96|A0A0K8WE96_BACLA 100.0 2.4E-41 2.4E-47  285.9   0.0  297   42-339   159-465 (540)
     340 UniRef100_A0A0L7QPT9 Green-sen 100.0 2.5E-41 2.5E-47  285.6   0.0  277   39-345    81-359 (445)
     341 tr|A7RKP0|A7RKP0_NEMVE Predict 100.0 2.5E-41 2.5E-47  276.4   0.0  300   39-350     7-310 (350)
     342 UniRef100_A0A034WQT6 Tachykini 100.0 2.5E-41 2.6E-47  289.9   0.0  283   42-346   119-417 (694)
     343 UniRef100_UPI000219022F Endoly 100.0 2.6E-41 2.7E-47  278.8   0.0  281   42-351   203-489 (507)
     344 tr|A0A226N2C0|A0A226N2C0_CALSU 100.0 2.7E-41 2.8E-47  282.0   0.0  289   43-351   228-523 (569)
     345 UniRef100_A0A0K0PUX3 Orphan G- 100.0 2.8E-41 2.8E-47  290.1   0.0  284   35-342    56-345 (419)
     346 UniRef100_A0A6P4ZPQ5 G-protein 100.0 2.8E-41 2.8E-47  273.5   0.0  277   37-342    40-324 (420)
     347 UniRef100_A0A067R2B6 G_PROTEIN 100.0 2.9E-41 2.9E-47  287.6   0.0  301   40-346    84-393 (510)
     348 UniRef100_A0A3Q7TQI5 Vasopress 100.0 2.9E-41   3E-47  278.3   0.0  318   34-351   183-510 (557)
     349 tr|A0A146NR64|A0A146NR64_FUNHE 100.0   3E-41 3.1E-47  278.4   0.0  272   39-340   119-413 (449)
     350 tr|A0A210Q294|A0A210Q294_MIZYE 100.0 3.1E-41 3.2E-47  278.2   0.0  306   33-338    41-361 (449)
     351 tr|A7SFG7|A7SFG7_NEMVE Predict 100.0 3.2E-41 3.2E-47  276.3   0.0  283   40-345    24-309 (364)
     352 UniRef100_A0A2B4R4X2 Neuropept 100.0 3.3E-41 3.3E-47  287.9   0.0  293   37-350    30-328 (413)
     353 UniRef100_A0A016SJ65 Thyrolibe 100.0 3.3E-41 3.3E-47  289.6   0.0  302   39-345    83-394 (479)
     354 UniRef100_A0A1B6HDB2 G_PROTEIN 100.0 3.3E-41 3.4E-47  267.5   0.0  284   44-349    16-308 (360)
     355 UniRef100_A0A3B4VB96 Beta-2 ad 100.0 3.4E-41 3.4E-47  280.9   0.0  296   44-347    57-360 (464)
     356 UniRef100_A0A060YTK2 Uncharact 100.0 3.4E-41 3.4E-47  276.3   0.0  278   39-346    84-377 (447)
     357 UniRef100_A0A6P4Z684 G-protein 100.0 3.6E-41 3.6E-47  277.2   0.0  289   39-349    51-348 (425)
     358 tr|A0A2B4S4U3|A0A2B4S4U3_STYPI 100.0 3.6E-41 3.6E-47  269.7   0.0  288   40-345    26-319 (359)
     359 UniRef100_A0A023F4J9 Putative  100.0 3.6E-41 3.6E-47  290.9   0.0  294   43-343   160-488 (588)
     360 UniRef100_A0A067RG65 Neuropept 100.0 3.6E-41 3.7E-47  284.6   0.0  283   42-344    90-391 (509)
     361 ERR1719361_2001115             100.0 3.6E-41 3.7E-47  281.2   0.0  284   41-350    26-327 (415)
     362 UniRef100_A0A061QLL1 Putative  100.0 3.7E-41 3.7E-47  281.6   0.0  297   43-348    49-421 (424)
     363 UniRef100_A0A087XFV2 5-hydroxy 100.0 3.8E-41 3.8E-47  283.4   0.0  297   40-350    84-398 (493)
     364 UniRef100_A0A060WN43 G_PROTEIN 100.0   4E-41 4.1E-47  274.7   0.0  317   33-351    99-418 (493)
     365 tr|A0A1S3L0J1|A0A1S3L0J1_SALSA 100.0 4.1E-41 4.1E-47  282.7   0.0  296   42-344    78-402 (533)
     366 tr|A0A0P6IZB8|A0A0P6IZB8_9CRUS 100.0 4.1E-41 4.2E-47  283.9   0.0  282   41-347   204-494 (559)
     367 UniRef100_A0A026W4F0 Octopamin 100.0 4.4E-41 4.5E-47  277.1   0.0  295   43-344    59-389 (445)
     368 tr|F7E6B1|F7E6B1_MONDO Tachyki 100.0 4.5E-41 4.6E-47  277.5   0.0  283   42-347    97-384 (475)
     369 UniRef100_A0A067RIW6 G_PROTEIN 100.0 4.6E-41 4.6E-47  293.3   0.0  298   41-344   186-543 (705)
     370 tr|A7S585|A7S585_NEMVE Predict 100.0 4.8E-41 4.8E-47  278.5   0.0  289   36-348    21-325 (374)
     371 tr|A0A182L9N8|A0A182L9N8_9DIPT 100.0 4.8E-41 4.9E-47  284.4   0.0  280   44-347    93-381 (490)
     372 tr|C7SLZ0|C7SLZ0_APLKU Seroton 100.0 4.8E-41 4.9E-47  285.8   0.0  297   44-350    77-426 (485)
     373 UniRef100_A0A1B0TJL6 Opsin Gq3 100.0 4.8E-41 4.9E-47  285.0   0.0  290   39-342    71-365 (589)
     374 UniRef100_A0A3M6TV84 G_PROTEIN 100.0 4.9E-41 4.9E-47  281.1   0.0  284   44-349    50-338 (405)
     375 UniRef100_A0A0K0PUE3 Orphan G- 100.0 4.9E-41 4.9E-47  287.7   0.0  289   41-343   118-423 (550)
     376 UniRef100_A0A060VV87 Kappa-typ 100.0 4.9E-41   5E-47  284.0   0.0  276   42-347   193-476 (586)
     377 UniRef100_A0A087QH27 C-C chemo 100.0   5E-41 5.1E-47  297.8   0.0  266   41-343   202-480 (591)
     378 UniRef100_A0A060WGF3 B2 bradyk 100.0 5.3E-41 5.3E-47  295.4   0.0  273   40-342   160-446 (589)
     379 UniRef100_A0A0L8G825 G_PROTEIN 100.0 5.4E-41 5.4E-47  289.9   0.0  284   39-334    73-360 (437)
     380 tr|A0A193KU92|A0A193KU92_SCHMD 100.0 5.4E-41 5.5E-47  280.3   0.0  327   13-348    26-407 (478)
     381 UniRef100_A0A016UUZ5 G_PROTEIN 100.0 5.4E-41 5.5E-47  280.4   0.0  296   44-350    79-414 (486)
     382 tr|A0A0P6B7K0|A0A0P6B7K0_9CRUS 100.0 5.5E-41 5.6E-47  289.2   0.0  308   43-351   116-491 (579)
     383 tr|A0A210QIB3|A0A210QIB3_MIZYE 100.0 5.5E-41 5.6E-47  279.3   0.0  300   38-350    94-401 (543)
     384 UniRef100_A0A023ETT6 Putative  100.0 5.5E-41 5.7E-47  284.2   0.0  283   40-348   154-447 (612)
     385 UniRef100_A0A1A8A5V9 Arginine  100.0 5.6E-41 5.7E-47  271.7   0.0  319   33-351    63-435 (451)
     386 UniRef100_A0A6P8IPF1 5-hydroxy 100.0 5.7E-41 5.7E-47  273.1   0.0  300   41-350    59-363 (403)
     387 tr|A0A091DLL4|A0A091DLL4_FUKDA 100.0 5.7E-41 5.8E-47  274.3   0.0  310   35-351    29-347 (474)
     388 UniRef100_A0A2B4RVY2 Melanopsi 100.0 5.8E-41 5.8E-47  284.0   0.0  298   28-347    52-354 (452)
     389 UniRef100_A0A2B4RSD1 Neuropept 100.0   6E-41   6E-47  289.9   0.0  301   36-342    43-360 (464)
     390 UniRef100_A0A0H3YI86 Pyrokinin 100.0 6.5E-41 6.6E-47  290.4   0.0  296   42-348    86-399 (510)
     391 UniRef100_A0A096MAY6 Alpha-1B  100.0 6.5E-41 6.6E-47  277.2   0.0  323   20-350    24-375 (489)
     392 UniRef100_A0A060WF22 G_PROTEIN 100.0 6.7E-41 6.7E-47  288.2   0.0  284   41-349   126-412 (505)
     393 UniRef100_A0A1S3J8T4 5-hydroxy 100.0 7.1E-41 7.2E-47  284.7   0.0  290   39-347   100-395 (468)
     394 UniRef100_A0A060WAA0 NK-2 rece 100.0 7.1E-41 7.2E-47  275.7   0.0  286   41-349    74-366 (465)
     395 tr|A0A147AMP5|A0A147AMP5_FUNHE 100.0 7.4E-41 7.4E-47  293.9   0.0  293   41-341    33-421 (475)
     396 UniRef100_A0A060Y7B7 G_PROTEIN 100.0 7.7E-41 7.8E-47  287.3   0.0  301   40-349   116-550 (560)
     397 UniRef100_E9HAW0 G_PROTEIN_REC 100.0 7.8E-41 7.9E-47  273.9   0.0  285   41-348    66-358 (393)
     398 UniRef100_A0A182H1J6 G_PROTEIN 100.0 7.9E-41   8E-47  297.0   0.0  192   41-233   320-516 (1005)
     399 tr|A7RYQ3|A7RYQ3_NEMVE Predict 100.0 8.2E-41 8.2E-47  281.2   0.0  286   35-348    47-336 (367)
     400 tr|A0A0P6JFN0|A0A0P6JFN0_HETGA 100.0 8.4E-41 8.4E-47  283.6   0.0  298   39-341    95-398 (433)
     401 UniRef100_A0A1A8AVB1 Oxytocin  100.0 8.3E-41 8.5E-47  253.4   0.0  268  117-387     3-270 (280)
     402 tr|A0A232F8D2|A0A232F8D2_9HYME 100.0 8.5E-41 8.7E-47  278.7   0.0  290   40-351    72-377 (478)
     403 UniRef100_A0A026X164 G-protein 100.0 8.7E-41 8.8E-47  290.2   0.0  301   39-348   118-424 (604)
     404 tr|A0A0P7TW44|A0A0P7TW44_9TELE 100.0 8.8E-41   9E-47  271.0   0.0  271   28-303    87-361 (434)
     405 UniRef100_A0A1S3IXU9 RYamide r 100.0 8.9E-41   9E-47  271.2   0.0  291   37-349    32-335 (438)
     406 tr|W5JTF9|W5JTF9_ANODA Somatos 100.0 8.9E-41 9.1E-47  280.7   0.0  286   38-349    53-349 (526)
     407 UniRef100_A0A2G8KT39 Putative  100.0 9.2E-41 9.2E-47  281.5   0.0  286   41-350    46-344 (383)
     408 UniRef100_A0A026WC04 Dopamine  100.0 9.1E-41 9.3E-47  275.3   0.0  295   44-345    82-395 (468)
     409 UniRef100_A0A060X0P4 G_PROTEIN 100.0 9.5E-41 9.6E-47  287.8   0.0  271   39-339   138-423 (513)
     410 UniRef100_A0A0L8HMQ0 G_PROTEIN 100.0 9.5E-41 9.6E-47  284.0   0.0  288   41-345    50-345 (538)
     411 UniRef100_A0A369RVS4 Rhodopsin 100.0 9.6E-41 9.7E-47  282.0   0.0  290   39-349    47-338 (391)
     412 UniRef100_A0A2B4RR57 Pyrogluta 100.0 9.8E-41   1E-46  272.8   0.0  290   40-347    47-348 (403)
     413 UniRef100_A0A0P7U357 Apelin re 100.0   1E-40   1E-46  276.1   0.0  277   39-351    57-347 (401)
     414 UniRef100_A0A151LYB3 G_PROTEIN 100.0   1E-40 1.1E-46  275.8   0.0  284   42-346   101-388 (435)
     415 tr|A0A2B4R9G2|A0A2B4R9G2_STYPI 100.0 1.1E-40 1.1E-46  275.4   0.0  284   34-341    55-343 (378)
     416 UniRef100_A0A026W6M2 Gonadotro 100.0 1.1E-40 1.1E-46  282.3   0.0  279   39-336    89-376 (492)
     417 tr|A7S169|A7S169_NEMVE Predict 100.0 1.1E-40 1.1E-46  272.1   0.0  297   25-347     4-305 (347)
     418 UniRef100_A0A336LUR7 CSON00145 100.0 1.1E-40 1.1E-46  282.7   0.0  281   39-340    87-378 (670)
     419 tr|A0A146TP77|A0A146TP77_FUNHE 100.0 1.1E-40 1.1E-46  292.9   0.0  300   43-349    50-424 (522)
     420 UniRef100_A0A0P5DS31 Neuropept 100.0 1.1E-40 1.1E-46  272.7   0.0  280   40-340    86-377 (482)
     421 UniRef100_A0A2G8JD30 Putative  100.0 1.1E-40 1.1E-46  265.1   0.0  283   41-345    26-313 (323)
     422 UniRef100_A0A3M6UBA2 G_PROTEIN 100.0 1.1E-40 1.1E-46  278.2   0.0  286   39-349    49-341 (383)
     423 tr|A0A2D0SD29|A0A2D0SD29_ICTPU 100.0 1.1E-40 1.1E-46  277.0   0.0  288   41-345     6-305 (420)
     424 tr|A0A088DHW5|A0A088DHW5_PETMA 100.0 1.1E-40 1.1E-46  268.9   0.0  306   33-341    39-352 (431)
     425 UniRef100_A0A1A8LLZ9 Hypocreti 100.0 1.2E-40 1.2E-46  271.0   0.0  299   39-350    64-375 (413)
     426 tr|A0A182FRI7|A0A182FRI7_ANOAL 100.0 1.2E-40 1.2E-46  295.3   0.0  184   43-234   116-306 (677)
     427 UniRef100_A0A315VLZ3 G_PROTEIN 100.0 1.2E-40 1.2E-46  268.4   0.0  316   29-350    41-365 (529)
     428 UniRef100_A0A3M6T5D0 G_PROTEIN 100.0 1.2E-40 1.2E-46  280.4   0.0  270   40-355    53-330 (402)
     429 tr|A0A0P5T2I6|A0A0P5T2I6_9CRUS 100.0 1.2E-40 1.2E-46  282.5   0.0  307   42-349    68-412 (542)
     430 UniRef100_A0A0G3Y5J3 Peropsin  100.0 1.2E-40 1.2E-46  278.4   0.0  280   41-345    38-321 (363)
     431 tr|A0A1D2N5F0|A0A1D2N5F0_ORCCI 100.0 1.2E-40 1.2E-46  278.9   0.0  293   38-350    53-351 (559)
     432 UniRef100_A0A059ZY04 Angiotens 100.0 1.2E-40 1.3E-46  289.9   0.0  269   39-344   168-451 (546)
     433 UniRef100_A0A060W161 G_PROTEIN 100.0 1.3E-40 1.3E-46  297.2   0.0  269   40-345   169-453 (574)
     434 tr|A0A1I8PG61|A0A1I8PG61_STOCA 100.0 1.2E-40 1.3E-46  290.7   0.0  283   38-348   298-593 (716)
     435 UniRef100_A0A077KAM5 PQRFa pep 100.0 1.3E-40 1.3E-46  277.2   0.0  281   39-339   138-437 (539)
     436 tr|T1KTS6|T1KTS6_TETUR Unchara 100.0 1.3E-40 1.3E-46  283.1   0.0  281   41-343   121-414 (587)
     437 tr|A0A1I8MQS0|A0A1I8MQS0_MUSDO 100.0 1.3E-40 1.3E-46  288.9   0.0  281   40-349   150-441 (572)
     438 tr|A0A1S3JCV4|A0A1S3JCV4_LINUN 100.0 1.3E-40 1.3E-46  270.7   0.0  296   40-351    63-372 (414)
     439 tr|A0A1V4JU97|A0A1V4JU97_PATFA 100.0 1.3E-40 1.4E-46  286.4   0.0  290   39-345    64-358 (615)
     440 UniRef100_A0A068BDA2 Vasopress 100.0 1.4E-40 1.4E-46  264.8   0.0  319   33-351    49-376 (423)
     441 tr|A7RVQ0|A7RVQ0_NEMVE Predict 100.0 1.4E-40 1.4E-46  279.2   0.0  285   39-346    28-330 (398)
     442 UniRef100_A0A3M6TEA9 G_PROTEIN 100.0 1.4E-40 1.4E-46  282.2   0.0  284   41-346    49-342 (414)
     443 UniRef100_A0A0L7QLJ1 Neuropept 100.0 1.5E-40 1.5E-46  270.0   0.0  280   41-341   129-419 (485)
     444 UniRef100_A0A2B4SUJ0 Melatonin 100.0 1.5E-40 1.5E-46  277.2   0.0  278   41-344    29-311 (399)
     445 UniRef100_A0A3M6TNW8 G_PROTEIN 100.0 1.5E-40 1.5E-46  278.6   0.0  289   40-348    95-393 (453)
     446 UniRef100_A0A096P4D6 Opsin 4 n 100.0 1.5E-40 1.5E-46  284.8   0.0  295   39-348   136-436 (682)
     447 UniRef100_A0A0L8H5P3 G_PROTEIN 100.0 1.5E-40 1.6E-46  281.0   0.0  284   42-344    77-369 (496)
     448 UniRef100_A0A2G8KTA9 Putative  100.0 1.6E-40 1.6E-46  285.9   0.0  286   42-348    51-344 (445)
     449 tr|A0A212C668|A0A212C668_CEREH 100.0 1.6E-40 1.6E-46  277.8   0.0  300   40-347   220-555 (558)
     450 tr|L9JDH9|L9JDH9_TUPCH Orexin  100.0 1.7E-40 1.7E-46  280.0   0.0  312   39-351   219-577 (621)
     451 tr|A0A0Q3PK06|A0A0Q3PK06_AMAAE 100.0 1.7E-40 1.7E-46  292.2   0.0  280   40-339   524-822 (901)
     452 UniRef100_A0A2T7PWH2 G_PROTEIN 100.0 1.7E-40 1.7E-46  276.8   0.0  298   39-338    41-348 (483)
     453 tr|J9K651|J9K651_ACYPI Unchara 100.0 1.7E-40 1.7E-46  272.5   0.0  279   42-341    92-381 (440)
     454 tr|A0A2B4RGY6|A0A2B4RGY6_STYPI 100.0 1.7E-40 1.8E-46  273.9   0.0  281   42-349     9-297 (348)
     455 UniRef100_C3ZK20 G_PROTEIN_REC 100.0 1.7E-40 1.8E-46  278.0   0.0  299   44-350     5-324 (374)
     456 UniRef100_A0A087R306 Hypocreti 100.0 1.7E-40 1.8E-46  280.4   0.0  305   40-347   151-479 (594)
     457 tr|A0A0P6C571|A0A0P6C571_9CRUS 100.0 1.7E-40 1.8E-46  276.7   0.0  303   42-345    58-443 (558)
     458 UniRef100_A0A1D1UQ64 G_PROTEIN 100.0 1.8E-40 1.8E-46  268.8   0.0  286   36-344    41-329 (366)
     459 UniRef100_A0A2S1WLX6 Putative  100.0 1.8E-40 1.8E-46  274.4   0.0  297   44-347    51-458 (475)
     460 tr|A0A2B4S6X2|A0A2B4S6X2_STYPI 100.0 1.9E-40 1.9E-46  270.2   0.0  283   41-344    25-320 (379)
     461 tr|A0A151ITZ3|A0A151ITZ3_9HYME 100.0 1.9E-40 1.9E-46  278.1   0.0  300   41-348    69-420 (481)
     462 UniRef100_A0A087REY1 NPY-Y2 re 100.0 1.9E-40 1.9E-46  283.0   0.0  281   40-348   187-478 (599)
     463 tr|A0A1S3FWK5|A0A1S3FWK5_DIPOR 100.0 1.9E-40 1.9E-46  283.4   0.0  296   41-350   418-731 (786)
     464 UniRef100_A0A2B4RZ41 Adenosine 100.0   2E-40   2E-46  278.4   0.0  255   39-342    48-307 (381)
     465 UniRef100_A0A6P8HBY1 neuropept 100.0   2E-40   2E-46  280.6   0.0  306   20-349    12-323 (416)
     466 tr|A0A1A9YSZ7|A0A1A9YSZ7_GLOFF 100.0   2E-40   2E-46  286.8   0.0  334   42-382   251-624 (750)
     467 UniRef100_A0A016T4B6 G_PROTEIN 100.0   2E-40   2E-46  290.1   0.0  308   41-349   104-430 (585)
     468 UniRef100_A0A3M6THF9 G_PROTEIN 100.0   2E-40   2E-46  283.0   0.0  265   40-344    61-335 (483)
     469 tr|A0A1S2ZIZ2|A0A1S2ZIZ2_ERIEU 100.0   2E-40 2.1E-46  278.5   0.0  303   43-351   204-534 (620)
     470 UniRef100_A0A0P6J0T1 Putative  100.0 2.1E-40 2.1E-46  292.3   0.0  299   34-348    96-410 (735)
     471 tr|W8C2A8|W8C2A8_CERCA Neurope 100.0 2.1E-40 2.1E-46  291.1   0.0  279   41-340   266-557 (827)
     472 UniRef100_A0A6A7G2U4 Octopamin 100.0 2.1E-40 2.1E-46  279.6   0.0  298   41-345   172-509 (574)
     473 tr|B4JN40|B4JN40_DROGR GH24210 100.0 2.1E-40 2.2E-46  274.9   0.0  279   42-346   119-407 (436)
     474 tr|A7RRH0|A7RRH0_NEMVE Predict 100.0 2.1E-40 2.2E-46  288.2   0.0  291   34-348    21-316 (700)
     475 tr|U3U4E1|U3U4E1_NILLU Neurope 100.0 2.2E-40 2.3E-46  284.5   0.0  308   41-352   154-473 (606)
     476 tr|E6ZEU6|E6ZEU6_DICLA Neurome 100.0 2.3E-40 2.3E-46  279.6   0.0  293   41-349    90-395 (461)
     477 tr|A0A139WEA0|A0A139WEA0_TRICA 100.0 2.3E-40 2.3E-46  266.9   0.0  304   41-350    95-408 (464)
     478 UniRef100_A0A061QLF1 Putative  100.0 2.5E-40 2.5E-46  278.7   0.0  291   43-346    66-364 (443)
     479 UniRef100_A0A1B1JCE4 Adrenergi 100.0 2.5E-40 2.5E-46  279.7   0.0  288   41-350    60-349 (530)
     480 tr|A7SBY6|A7SBY6_NEMVE Predict 100.0 2.5E-40 2.6E-46  285.0   0.0  290   37-349    19-311 (467)
     481 AntAceMinimDraft_8_1070364.sca 100.0 2.6E-40 2.7E-46  269.8   0.0  310   35-351    33-359 (406)
     482 UniRef100_A0A067QQU1 Cholecyst 100.0 2.7E-40 2.8E-46  275.9   0.0  302   45-347     7-332 (404)
     483 UniRef100_A0A091L2D9 Orexin re 100.0 2.9E-40 2.9E-46  267.5   0.0  308   41-348    14-342 (386)
     484 tr|W8B9D1|W8B9D1_CERCA 5-hydro 100.0 2.9E-40   3E-46  280.5   0.0  304   40-350   263-628 (664)
     485 UniRef100_A0A026VXG0 Octopamin 100.0 2.9E-40   3E-46  288.4   0.0  297   41-343    83-536 (647)
     486 tr|I6R4U4|I6R4U4_9BILA Onychop 100.0   3E-40 3.1E-46  292.5   0.0  298   36-346   140-443 (873)
     487 UniRef100_A0A076YJT8 Chemokine 100.0 3.3E-40 3.3E-46  281.0   0.0  266   40-343   161-440 (493)
     488 UniRef100_A0A2B4SJV4 Galanin r 100.0 3.4E-40 3.4E-46  286.4   0.0  280   40-346    75-364 (444)
     489 tr|A0A2B4STD8|A0A2B4STD8_STYPI 100.0 3.4E-40 3.4E-46  283.7   0.0  280   40-349    99-386 (524)
     490 tr|S7PUA8|S7PUA8_MYOBR C-C che 100.0 3.5E-40 3.5E-46  285.7   0.0  267   40-343   283-562 (603)
     491 tr|A0A0Q3X1E4|A0A0Q3X1E4_AMAAE 100.0 3.5E-40 3.6E-46  285.8   0.0  303   39-342   156-497 (789)
     492 UniRef100_A0A023F665 Putative  100.0 3.6E-40 3.6E-46  284.1   0.0  287   41-349   145-451 (573)
     493 UniRef100_A0A210R663 Neuropept 100.0 3.6E-40 3.7E-46  271.5   0.0  294   34-349    38-340 (377)
     494 UniRef100_A0A151N382 Galanin r 100.0 3.8E-40 3.9E-46  262.5   0.0  280   40-347    31-316 (392)
     495 UniRef100_A0A3M6UKG3 G_PROTEIN 100.0 3.9E-40   4E-46  268.1   0.0  292   36-345    21-318 (378)
     496 UniRef100_A0A0S1YDA1 Neuropept 100.0 4.1E-40 4.2E-46  275.3   0.0  307   39-347    66-413 (463)
     497 SRR6218665_147192              100.0 4.3E-40 4.4E-46  274.6   0.0  291   36-345    97-394 (466)
     498 UniRef100_A0A7M7JNF9 G_PROTEIN 100.0 4.5E-40 4.6E-46  282.2   0.0  303   40-348    87-400 (554)
     499 UniRef100_A0A1I7STM2 (pine woo 100.0 4.6E-40 4.6E-46  278.8   0.0  295   43-349    84-388 (430)
     500 UniRef100_A0A0K0NTY8 Adipokine 100.0 4.7E-40 4.8E-46  283.7   0.0  301   41-343    84-395 (530)
     
  > Uniprot already searched, skipping.
/projects/ilfgrid/apps/alphafold-2.2.0/prep_MSAs.sh: line 93: /bin/hmmbuild: No such file or directory
/projects/ilfgrid/apps/alphafold-2.2.0/prep_MSAs.sh: line 94: /bin/hmmsearch: No such file or directory
> Running chain B
  > Uniref90 already searched, skipping.
  > Mgnify already searched, skipping.
  > Running hhblits on bfd_uniref30
- 07:16:37.288 INFO: Searching 65983866 column state sequences.

- 07:16:38.469 INFO: Searching 29291635 column state sequences.

- 07:16:38.503 INFO: oxyr_rat-2176/msas/B/chain_B.fasta is in A2M, A3M or FASTA format

- 07:16:38.503 INFO: Iteration 1

- 07:16:38.509 INFO: Prefiltering database

- 07:17:32.457 INFO: HMMs passed 1st prefilter (gapless profile-profile alignment)  : 36004

- 07:17:50.985 INFO: HMMs passed 1st prefilter (gapless profile-profile alignment)  : 53329

- 07:17:51.044 INFO: HMMs passed 2nd prefilter (gapped profile-profile alignment)   : 148

- 07:17:51.044 INFO: HMMs passed 2nd prefilter and not found in previous iterations : 148

- 07:17:51.044 INFO: Scoring 148 HMMs using HMM-HMM Viterbi alignment

- 07:17:51.110 INFO: Alternative alignment: 0

- 07:17:51.416 INFO: 148 alignments done

- 07:17:51.417 INFO: Alternative alignment: 1

- 07:17:51.421 INFO: 147 alignments done

- 07:17:51.421 INFO: Alternative alignment: 2

- 07:17:51.422 INFO: 1 alignments done

- 07:17:51.422 INFO: Alternative alignment: 3

- 07:17:51.508 INFO: Premerge done

- 07:17:51.508 INFO: Realigning 151 HMM-HMM alignments using Maximum Accuracy algorithm

- 07:17:51.577 INFO: 49 sequences belonging to 49 database HMMs found with an E-value < 0.001

- 07:17:51.577 INFO: Number of effective sequences of resulting query HMM: Neff = 5.70906

- 07:17:51.581 INFO: Iteration 2

- 07:17:51.581 INFO: Set premerge to 0! (premerge: 3 iteration: 2 hits.Size: 46)

- 07:17:51.586 INFO: Prefiltering database

- 07:18:32.749 INFO: HMMs passed 1st prefilter (gapless profile-profile alignment)  : 3721

- 07:18:50.496 INFO: HMMs passed 1st prefilter (gapless profile-profile alignment)  : 8116

- 07:18:50.526 INFO: HMMs passed 2nd prefilter (gapped profile-profile alignment)   : 44

- 07:18:50.526 INFO: HMMs passed 2nd prefilter and not found in previous iterations : 14

- 07:18:50.526 INFO: Scoring 14 HMMs using HMM-HMM Viterbi alignment

- 07:18:50.565 INFO: Alternative alignment: 0

- 07:18:50.566 INFO: 14 alignments done

- 07:18:50.566 INFO: Alternative alignment: 1

- 07:18:50.566 INFO: 7 alignments done

- 07:18:50.566 INFO: Alternative alignment: 2

- 07:18:50.566 INFO: Alternative alignment: 3

- 07:18:50.586 INFO: Realigning 11 HMM-HMM alignments using Maximum Accuracy algorithm

- 07:18:50.603 INFO: 51 sequences belonging to 51 database HMMs found with an E-value < 0.001

- 07:18:50.603 INFO: Number of effective sequences of resulting query HMM: Neff = 5.66914

- 07:18:50.605 INFO: Iteration 3

- 07:18:50.613 INFO: Prefiltering database

- 07:19:34.285 INFO: HMMs passed 1st prefilter (gapless profile-profile alignment)  : 3127

- 07:19:54.631 INFO: HMMs passed 1st prefilter (gapless profile-profile alignment)  : 6720

- 07:19:54.651 INFO: HMMs passed 2nd prefilter (gapped profile-profile alignment)   : 40

- 07:19:54.651 INFO: HMMs passed 2nd prefilter and not found in previous iterations : 11

- 07:19:54.651 INFO: Scoring 11 HMMs using HMM-HMM Viterbi alignment

- 07:19:54.689 INFO: Alternative alignment: 0

- 07:19:54.690 INFO: 11 alignments done

- 07:19:54.690 INFO: Alternative alignment: 1

- 07:19:54.690 INFO: 8 alignments done

- 07:19:54.690 INFO: Alternative alignment: 2

- 07:19:54.690 INFO: 1 alignments done

- 07:19:54.690 INFO: Alternative alignment: 3

- 07:19:54.706 INFO: Rescoring previously found HMMs with Viterbi algorithm

- 07:19:54.735 INFO: Alternative alignment: 0

- 07:19:54.736 INFO: 48 alignments done

- 07:19:54.737 INFO: Alternative alignment: 1

- 07:19:54.738 INFO: 46 alignments done

- 07:19:54.738 INFO: Alternative alignment: 2

- 07:19:54.738 INFO: Alternative alignment: 3

- 07:19:54.773 INFO: Premerge done

- 07:19:54.773 INFO: Realigning 57 HMM-HMM alignments using Maximum Accuracy algorithm

- 07:19:54.788 INFO: 51 sequences belonging to 51 database HMMs found with an E-value < 0.001

- 07:19:54.788 INFO: Number of effective sequences of resulting query HMM: Neff = 5.66914

     Query         oxytocin gtp:2176
     Match_columns 9
     No_of_seqs    48 out of 455
     Neff          5.66914
     Searched_HMMs 148
     Date          Thu Mar  9 07:19:54 2023
     Command       hhblits -i oxyr_rat-2176/msas/B/chain_B.fasta -cpu 4 -maxmem 20 -oa3m /projects/ilfgrid/people/nqz918/code/deorph/scripts/af_arman/af_jobs_af23/oxyr_rat/2176//oxyr_rat-2176/msas/B/bfd_uniref_hits.a3m -o /dev/null -n 3 -e 0.001 -maxseq 1000000 -realign_max 100000 -maxfilt 100000 -min_prefilter_hits 1000 -d /projects/ilfgrid/data/alphafold-genetic-databases///bfd/bfd_metaclust_clu_complete_id30_c90_final_seq.sorted_opt -d /projects/ilfgrid/data/alphafold-genetic-databases///uniref30/UniRef30_2021_03 
     
      No Hit                             Prob E-value P-value  Score    SS Cols Query HMM  Template HMM
       1 UniRef100_P69128 Vasotocin n=2  98.2 3.8E-08 3.9E-14   27.8   0.0    9    1-9       1-9   (9)
       2 UniRef100_Q7LZD3 Hydrin 2 n=1   98.1 7.6E-08 7.8E-14   27.8   0.0    9    1-9       1-9   (10)
       3 UniRef100_P69043 Oxytocin n=5   98.0 2.9E-07   3E-13   26.1   0.0    9    1-9       1-9   (9)
       4 sp|P69058|OXYT_HYDCO Oxytocin   98.0 2.9E-07   3E-13   26.1   0.0    9    1-9       1-9   (9)
       5 UniRef100_P43000 Valitocin n=1  97.9 4.8E-07 4.9E-13   25.7   0.0    9    1-9       1-9   (9)
       6 UniRef100_P42994 Glumitocin n=  97.8 1.3E-06 1.3E-12   24.9   0.0    9    1-9       1-9   (9)
       7 UniRef100_P42995 Seritocin n=1  97.7 1.8E-06 1.8E-12   24.6   0.0    9    1-9       1-9   (9)
       8 UniRef100_P42999 Aspartocin n=  97.6 2.8E-06 2.8E-12   24.2   0.0    9    1-9       1-9   (9)
       9 UniRef100_P42996 Asvatocin n=1  97.6 4.5E-06 4.6E-12   23.8   0.0    9    1-9       1-9   (9)
      10 UniRef100_P42993 Isotocin n=1   97.5 6.8E-06   7E-12   23.5   0.0    9    1-9       1-9   (9)
      11 UniRef100_P84502 Lys-conopress  97.3 2.6E-05 2.6E-11   22.4   0.0    9    1-9       1-9   (9)
      12 UniRef100_P42992 Vasotocin-neu  97.2 2.9E-05   3E-11   27.2   0.0    9    1-9       1-9   (27)
      13 UniRef100_A0A087QN40 Vasotocin  97.2 3.1E-05 3.9E-11   33.4   0.0    9    1-9      20-28  (131)
      14 UniRef100_P80027 Cephalotocin   97.2 4.2E-05 4.3E-11   22.0   0.0    9    1-9       1-9   (9)
      15 UniRef100_P42997 Phasvatocin n  96.8  0.0002   2E-10   20.7   0.0    9    1-9       1-9   (9)
      16 UniRef100_P86255 Conopressin-T  96.8  0.0002   2E-10   20.2   0.0    8    1-8       1-8   (8)
      17 UniRef100_P05487 Conopressin-S  96.8 0.00023 2.4E-10   20.6   0.0    9    1-9       1-9   (9)
      18 UniRef100_A0A091J9N4 Mesotocin  96.8  0.0002 2.4E-10   31.2   0.0    9    1-9      40-48  (127)
      19 UniRef100_A0A0B4ZWU4 Oxytocin   96.8 0.00024 2.4E-10   24.3   0.0    9    1-9       2-10  (22)
      20 UniRef100_P16339 Locupressin n  96.8 0.00028 2.9E-10   20.4   0.0    9    1-9       1-9   (9)
      21 UniRef100_A0A0F7CSY3 Neurophys  96.8  0.0003 3.1E-10   26.5   0.0    9    1-9      20-28  (40)
      22 UniRef100_A0A060W4M5 Uncharact  96.7 0.00029 3.8E-10   32.6   0.0    9    1-9      70-78  (233)
      23 UniRef100_A0A2I8B339 Oxytocin/  96.6 0.00042   5E-10   31.0   0.0    9    1-9      23-31  (155)
      24 tr|A0A087XPE6|A0A087XPE6_POEFO  96.6 0.00055 6.5E-10   31.0   0.0    9    1-9      38-46  (171)
      25 UniRef100_Q63408 Rat prepro-ox  96.4  0.0011 1.1E-09   23.5   0.0    7    1-7      20-26  (26)
      26 UniRef100_S6BQ34 Arginine vaso  96.4  0.0014 1.4E-09   24.8   0.0    9    1-9      19-27  (39)
      27 UniRef100_P42998 Annetocin n=1  96.3  0.0014 1.4E-09   19.1   0.0    9    1-9       1-9   (9)
      28 UniRef100_A0A091CQU3 Oxytocin-  96.3  0.0015 1.6E-09   26.9   0.0    9    1-9      20-28  (71)
      29 tr|A0A1S3KZC8|A0A1S3KZC8_SALSA  96.3  0.0013 1.6E-09   30.5   0.0    9    1-9      71-79  (207)
      30 UniRef100_P0DL76 Conopressin-T  96.3  0.0017 1.8E-09   18.9   0.0    8    1-8       1-8   (9)
      31 tr|A0A218V8Z2|A0A218V8Z2_9PASE  96.3  0.0017   2E-09   31.0   0.0    9    1-9      20-28  (274)
      32 UniRef100_A0A0A0AAY3 Vasotocin  96.2  0.0021 2.3E-09   28.0   0.0    9    1-9      32-40  (110)
      33 UniRef100_A0A3Q2I9B2 Oxytocin-  96.1  0.0031 3.6E-09   28.9   0.0    9    1-9      20-28  (172)
      34 UniRef100_A0A091F124 Mesotocin  96.0  0.0035 4.1E-09   29.3   0.0    9    1-9      56-64  (207)
      35 UniRef100_A0A087QN41 Mesotocin  96.0  0.0036 4.1E-09   28.0   0.0    9    1-9      20-28  (132)
      36 UniRef100_O46610 Arginine vaso  96.0   0.004 4.1E-09   24.0   0.0    9    1-9       1-9   (43)
      37 UniRef100_A0A091GHA6 Vasotocin  95.9  0.0047 5.7E-09   28.7   0.0    9    1-9      41-49  (190)
      38 UniRef100_A0A485PBH7 Vasopress  95.9  0.0057   6E-09   26.5   0.0    9    1-9      20-28  (101)
      39 UniRef100_A0A553RLT8 Uncharact  95.9  0.0061 6.3E-09   27.6   0.0    9    1-9      55-63  (148)
      40 tr|X5D8U4|X5D8U4_HUMAN Arginin  95.8  0.0063   7E-09   28.8   0.0    9    1-9      20-28  (222)
      41 tr|L5JY74|L5JY74_PTEAL Vasopre  95.8  0.0066 7.1E-09   28.2   0.0    9    1-9      20-28  (182)
      42 UniRef100_A0A384D4E0 vasopress  95.7  0.0088 9.1E-09   25.2   0.0    9    1-9      20-28  (79)
      43 UniRef100_A0A3N0Z6Z0 Vasotocin  95.7  0.0086 9.2E-09   28.4   0.0    9    1-9      23-31  (224)
      44 UniRef100_Q91078 Vasotocin n=1  95.7  0.0095 9.7E-09   27.2   0.0    9    1-9      23-31  (157)
      45 UniRef100_A0A6P3QUI8 vasopress  95.6   0.012 1.3E-08   26.4   0.0    9    1-9      20-28  (128)
      46 tr|S9Y5C4|S9Y5C4_CAMFR Unchara  95.5   0.013 1.3E-08   27.4   0.0    9    1-9      76-84  (185)
      47 UniRef100_A0A3Q0GA10 mesotocin  95.4   0.017 1.9E-08   26.9   0.0    9    1-9      62-70  (171)
      48 UniRef100_S9Y5C4 Uncharacteriz  95.3   0.024 2.4E-08   26.6   0.0    9    1-9      76-84  (185)
      49 UniRef100_A0A3Q1GVY0 Vasotocin  95.2   0.026 2.7E-08   26.9   0.0    9    1-9      20-28  (225)
      50 UniRef100_A0A4W5PGA2 Uncharact  95.2   0.028 2.8E-08   25.4   0.0    9    1-9      15-23  (132)
      51 UniRef100_A0A5E4A6C0 Uncharact  94.9   0.042 4.3E-08   25.7   0.0    9    1-9      20-28  (173)
      52 UniRef100_A0A218V8Z2 Vasotocin  94.7   0.056 5.7E-08   26.5   0.0    9    1-9      20-28  (274)
      53 UniRef100_A0A4W3IAX1 Uncharact  94.7   0.057 5.8E-08   26.2   0.0    9    1-9      20-28  (244)
      54 UniRef100_A0A5F4C3C7 Oxytocin/  94.6   0.064 6.5E-08   26.1   0.0    9    1-9      76-84  (251)
      55 UniRef100_A0A2U3VSE3 LOW QUALI  94.6   0.071 7.3E-08   25.6   0.0    9    1-9     111-119 (216)
      56 UniRef100_A0A3B8QIH4 Uncharact  94.5   0.075 7.8E-08   20.4   0.0    8    1-8      13-20  (36)
      57 UniRef100_A0A218V8Z2 Vasotocin  93.9    0.15 1.6E-07   25.3   0.0    9    1-9     163-171 (274)
     
  > Uniprot already searched, skipping.
/projects/ilfgrid/apps/alphafold-2.2.0/prep_MSAs.sh: line 93: /bin/hmmbuild: No such file or directory
/projects/ilfgrid/apps/alphafold-2.2.0/prep_MSAs.sh: line 94: /bin/hmmsearch: No such file or directory

>> Job finished at: Thu Mar  9 07:19:59 CET 2023

>> Runtime: 878 s
