>> Job started at: Wed Mar  8 20:52:46 CET 2023
   On Machine:     ilfgridgpun01fl.unicph.domain
   In directory:   /projects/ilfgrid/people/nqz918/code/deorph/scripts/af_arman/af_jobs_af23/mchr1_human/1298

>> GPU is 

Loaded miniconda shell environment for bash
> Running 'prep_MSAs.sh'
  > Alphafold-DB directory is set to /projects/ilfgrid/data/alphafold-genetic-databases//
  > Number of cores was set to set to 4
  > Max memory set to 20 GB
  > Output directory was set to /projects/ilfgrid/people/nqz918/code/deorph/scripts/af_arman/af_jobs_af23/mchr1_human/1298/
  > Input fastafile was set to /projects/ilfgrid/people/nqz918/code/deorph/scripts/af_arman/af_jobs_af23/mchr1_human/1298/mchr1_human-1298.fasta
> Splitting fastafile
> Running chain A
  > Uniref90 already searched, skipping.
  > Mgnify already searched, skipping.
  > Running hhblits on bfd_uniref30
- 20:53:07.500 INFO: Searching 65983866 column state sequences.

- 20:53:08.711 INFO: Searching 29291635 column state sequences.

- 20:53:08.748 INFO: mchr1_human-1298/msas/A/chain_A.fasta is in A2M, A3M or FASTA format

- 20:53:08.748 INFO: Iteration 1

- 20:53:08.892 INFO: Prefiltering database

- 20:54:41.950 INFO: HMMs passed 1st prefilter (gapless profile-profile alignment)  : 3342163

- 20:55:53.764 INFO: HMMs passed 1st prefilter (gapless profile-profile alignment)  : 1063641

- 20:56:03.654 INFO: HMMs passed 2nd prefilter (gapped profile-profile alignment)   : 34317

- 20:56:03.654 INFO: HMMs passed 2nd prefilter and not found in previous iterations : 34317

- 20:56:03.654 INFO: Scoring 34317 HMMs using HMM-HMM Viterbi alignment

- 20:56:03.712 INFO: Alternative alignment: 0

- 20:56:04.660 INFO: 2000 alignments done

- 20:56:05.589 INFO: 4000 alignments done

- 20:56:06.542 INFO: 6000 alignments done

- 20:56:10.922 INFO: 8000 alignments done

- 20:56:19.300 INFO: 10000 alignments done

- 20:56:20.111 INFO: 12000 alignments done

- 20:56:20.907 INFO: 14000 alignments done

- 20:56:21.668 INFO: 16000 alignments done

- 20:56:22.258 INFO: 18000 alignments done

- 20:56:22.809 INFO: 20000 alignments done

- 20:56:23.364 INFO: 22000 alignments done

- 20:56:23.928 INFO: 24000 alignments done

- 20:56:24.536 INFO: 26000 alignments done

- 20:56:25.224 INFO: 28000 alignments done

- 20:56:26.335 INFO: 30000 alignments done

- 20:56:27.278 INFO: 32000 alignments done

- 20:56:29.049 INFO: 34000 alignments done

- 20:56:29.379 INFO: 34317 alignments done

- 20:56:29.380 INFO: Alternative alignment: 1

- 20:56:40.792 INFO: 33614 alignments done

- 20:56:40.887 INFO: Alternative alignment: 2

- 20:56:44.297 INFO: 7085 alignments done

- 20:56:44.308 INFO: Alternative alignment: 3

- 20:56:45.148 INFO: 1243 alignments done

- 20:56:46.095 INFO: Premerge done

- 20:56:46.097 INFO: Realigning 14568 HMM-HMM alignments using Maximum Accuracy algorithm

- 20:58:35.427 INFO: 14571 sequences belonging to 14571 database HMMs found with an E-value < 0.001

- 20:58:35.428 INFO: Number of effective sequences of resulting query HMM: Neff = 9.32045

- 20:58:35.826 INFO: Iteration 2

- 20:58:35.826 INFO: Set premerge to 0! (premerge: 3 iteration: 2 hits.Size: 14568)

- 20:58:35.973 INFO: Prefiltering database

- 21:00:05.729 INFO: HMMs passed 1st prefilter (gapless profile-profile alignment)  : 21830731

- 21:01:28.411 WARNING: Number of hits passing 2nd prefilter (reduced from 366763 to allowed maximum of 100000).
You can increase the allowed maximum using the -maxfilt <max> option.

- 21:02:15.561 INFO: HMMs passed 1st prefilter (gapless profile-profile alignment)  : 4334389

- 21:02:57.070 WARNING: Number of hits passing 2nd prefilter (reduced from 171053 to allowed maximum of 100000).
You can increase the allowed maximum using the -maxfilt <max> option.

- 21:02:57.718 WARNING: database contains sequences that exceed maximum allowed size (maxres = 20001). Max sequence length can be increased with parameter -maxres.

- 21:02:57.764 INFO: HMMs passed 2nd prefilter (gapped profile-profile alignment)   : 200000

- 21:02:57.764 INFO: HMMs passed 2nd prefilter and not found in previous iterations : 185798

- 21:02:57.764 INFO: Scoring 185798 HMMs using HMM-HMM Viterbi alignment

- 21:02:57.819 INFO: Alternative alignment: 0

- 21:03:02.986 INFO: 2000 alignments done

- 21:03:07.373 INFO: 4000 alignments done

- 21:03:12.993 INFO: 6000 alignments done

- 21:03:16.242 INFO: 8000 alignments done

- 21:03:19.127 INFO: 10000 alignments done

- 21:03:22.291 INFO: 12000 alignments done

- 21:03:29.731 INFO: 14000 alignments done

- 21:03:38.115 INFO: 16000 alignments done

- 21:03:45.506 INFO: 18000 alignments done

- 21:03:45.515 INFO: Stop after DB-HHM: 18000 because early stop  6.06658 < filter cutoff 20

- 21:03:45.515 INFO: Alternative alignment: 1

- 21:03:48.816 INFO: 7882 alignments done

- 21:03:48.824 INFO: Alternative alignment: 2

- 21:03:49.311 INFO: 718 alignments done

- 21:03:49.312 INFO: Alternative alignment: 3

- 21:03:49.439 INFO: 113 alignments done

- 21:03:49.577 INFO: Realigning 3986 HMM-HMM alignments using Maximum Accuracy algorithm

- 21:04:25.940 INFO: 18556 sequences belonging to 18556 database HMMs found with an E-value < 0.001

- 21:04:25.940 INFO: Number of effective sequences of resulting query HMM: Neff = 9.70183

- 21:04:26.059 INFO: Iteration 3

- 21:04:26.197 INFO: Prefiltering database

- 21:06:00.654 INFO: HMMs passed 1st prefilter (gapless profile-profile alignment)  : 22941792

- 21:07:22.228 WARNING: Number of hits passing 2nd prefilter (reduced from 397633 to allowed maximum of 100000).
You can increase the allowed maximum using the -maxfilt <max> option.

- 21:08:08.073 INFO: HMMs passed 1st prefilter (gapless profile-profile alignment)  : 4399105

- 21:08:36.109 WARNING: Number of hits passing 2nd prefilter (reduced from 171576 to allowed maximum of 100000).
You can increase the allowed maximum using the -maxfilt <max> option.

- 21:08:36.965 WARNING: database contains sequences that exceed maximum allowed size (maxres = 20001). Max sequence length can be increased with parameter -maxres.

- 21:08:36.965 INFO: HMMs passed 2nd prefilter (gapped profile-profile alignment)   : 200000

- 21:08:36.965 INFO: HMMs passed 2nd prefilter and not found in previous iterations : 181862

- 21:08:36.965 INFO: Scoring 181862 HMMs using HMM-HMM Viterbi alignment

- 21:08:37.052 INFO: Alternative alignment: 0

- 21:08:37.981 INFO: 2000 alignments done

- 21:08:38.893 INFO: 4000 alignments done

- 21:08:39.748 INFO: 6000 alignments done

- 21:08:40.478 INFO: 8000 alignments done

- 21:08:41.981 INFO: 10000 alignments done

- 21:08:41.992 INFO: Stop after DB-HHM: 10000 because early stop  15.0069 < filter cutoff 20

- 21:08:41.992 INFO: Alternative alignment: 1

- 21:08:44.038 INFO: 4088 alignments done

- 21:08:44.043 INFO: Alternative alignment: 2

- 21:08:44.421 INFO: 468 alignments done

- 21:08:44.421 INFO: Alternative alignment: 3

- 21:08:44.526 INFO: 90 alignments done

- 21:08:44.594 INFO: Rescoring previously found HMMs with Viterbi algorithm

- 21:08:44.632 INFO: Alternative alignment: 0

- 21:08:45.362 INFO: 2000 alignments done

- 21:08:46.069 INFO: 4000 alignments done

- 21:08:46.771 INFO: 6000 alignments done

- 21:08:47.462 INFO: 8000 alignments done

- 21:08:48.146 INFO: 10000 alignments done

- 21:08:48.839 INFO: 12000 alignments done

- 21:08:49.520 INFO: 14000 alignments done

- 21:08:50.207 INFO: 16000 alignments done

- 21:08:50.911 INFO: 18000 alignments done

- 21:08:50.973 INFO: 18135 alignments done

- 21:08:50.973 INFO: Alternative alignment: 1

- 21:08:57.450 INFO: 18135 alignments done

- 21:08:57.475 INFO: Alternative alignment: 2

- 21:08:58.206 INFO: 1400 alignments done

- 21:08:58.207 INFO: Alternative alignment: 3

- 21:08:58.368 INFO: 221 alignments done

- 21:08:58.607 INFO: Premerge done

- 21:08:58.609 INFO: Realigning 18823 HMM-HMM alignments using Maximum Accuracy algorithm

- 21:09:44.174 INFO: 18912 sequences belonging to 18912 database HMMs found with an E-value < 0.001

- 21:09:44.174 INFO: Number of effective sequences of resulting query HMM: Neff = 9.72159

     Query         mchr1_human Q99705
     Match_columns 422
     No_of_seqs    2862 out of 233730
     Neff          9.72159
     Searched_HMMs 226428
     Date          Wed Mar  8 21:09:44 2023
     Command       hhblits -i mchr1_human-1298/msas/A/chain_A.fasta -cpu 4 -maxmem 20 -oa3m /projects/ilfgrid/people/nqz918/code/deorph/scripts/af_arman/af_jobs_af23/mchr1_human/1298//mchr1_human-1298/msas/A/bfd_uniref_hits.a3m -o /dev/null -n 3 -e 0.001 -maxseq 1000000 -realign_max 100000 -maxfilt 100000 -min_prefilter_hits 1000 -d /projects/ilfgrid/data/alphafold-genetic-databases///bfd/bfd_metaclust_clu_complete_id30_c90_final_seq.sorted_opt -d /projects/ilfgrid/data/alphafold-genetic-databases///uniref30/UniRef30_2021_03 
     
      No Hit                             Prob E-value P-value  Score    SS Cols Query HMM  Template HMM
       1 UniRef100_A0A091E001 G-protein 100.0   1E-66   1E-72  466.3   0.0  416    1-422    84-499 (562)
       2 tr|M3YYC3|M3YYC3_MUSPF Melanin 100.0 1.8E-64 1.9E-70  444.5   0.0  413    1-422     9-426 (426)
       3 UniRef100_A0A060WUQ6 G-protein 100.0 7.6E-53 8.1E-59  385.1   0.0  303  103-405   132-434 (502)
       4 UniRef100_A0A0Q3LRP2 G-protein 100.0 3.4E-51 3.5E-57  369.4   0.0  306  102-407   124-429 (524)
       5 tr|A0A0P7U387|A0A0P7U387_9TELE 100.0 1.1E-50 1.2E-56  373.0   0.0  290  106-401   125-417 (556)
       6 tr|A0A1S3L7M2|A0A1S3L7M2_SALSA 100.0 3.4E-50 3.6E-56  354.5   0.0  306  101-406    68-373 (407)
       7 tr|M7AM95|M7AM95_CHEMY Melanin 100.0 9.5E-50   1E-55  349.1   0.0  303  104-406    53-355 (397)
       8 UniRef100_A0A0K0PUX7 Orphan G- 100.0 1.2E-49 1.3E-55  374.7   0.0  292  106-401    59-356 (471)
       9 tr|M3ZFE6|M3ZFE6_XIPMA Somatos 100.0 2.4E-49 2.6E-55  362.2   0.0  289  106-402   101-392 (525)
      10 UniRef100_A0A1N7TCF1 Galanin r 100.0 5.4E-49 5.9E-55  360.6   0.0  296  103-402    65-363 (407)
      11 UniRef100_A0A060X1Q6 Somatosta 100.0 6.1E-49 6.7E-55  375.4   0.0  285  108-399   138-424 (604)
      12 UniRef100_A0A024FLF0 PQRFa pep 100.0   2E-48 2.2E-54  367.8   0.0  289  104-399    44-346 (413)
      13 UniRef100_A0A1S3HKE5 allatosta 100.0 2.1E-48 2.3E-54  366.7   0.0  291  106-401    79-377 (462)
      14 UniRef100_A0A060W5Z4 G_PROTEIN 100.0 2.7E-48 2.9E-54  367.5   0.0  287  108-401   189-476 (593)
      15 UniRef100_A0A6P4Z4S7 G-protein 100.0 2.6E-48   3E-54  369.1   0.0  295  105-406    55-358 (417)
      16 UniRef100_A0A0K0PUR1 Orphan G- 100.0   7E-48 7.7E-54  366.2   0.0  287  105-397   110-409 (530)
      17 UniRef100_A0A087RJN6 Somatosta 100.0 1.2E-47 1.4E-53  360.8   0.0  287  106-399    57-343 (391)
      18 tr|A0A0F8ARD3|A0A0F8ARD3_LARCR 100.0 2.3E-47 2.5E-53  345.9   0.0  284  109-399    53-338 (464)
      19 tr|A0A1L8G1N6|A0A1L8G1N6_XENLA 100.0 2.4E-47 2.5E-53  348.0   0.0  292  104-403   111-402 (448)
      20 UniRef100_A0A087XDT1 Somatosta 100.0 2.5E-47 2.6E-53  357.2   0.0  293  105-405   164-459 (676)
      21 UniRef100_A0A023F675 Putative  100.0 2.5E-47 2.8E-53  366.0   0.0  294  103-400   120-420 (530)
      22 UniRef100_A0A060X690 G_PROTEIN 100.0 3.8E-47 4.1E-53  343.0   0.0  294  107-404    44-340 (386)
      23 UniRef100_A0A026X3T6 Allatosta 100.0 4.4E-47 4.8E-53  357.8   0.0  288  108-402   138-428 (540)
      24 tr|A0A1L8EQV9|A0A1L8EQV9_XENLA 100.0 6.1E-47 6.4E-53  346.2   0.0  300  102-403   206-505 (549)
      25 UniRef100_A0A6P4Y4T1 galanin r 100.0 6.7E-47 7.4E-53  346.7   0.0  296  103-403    52-355 (410)
      26 tr|S9YJE2|S9YJE2_CAMFR Somatos 100.0   1E-46 1.1E-52  338.6   0.0  292  107-402   110-403 (438)
      27 UniRef100_A0A091DWF1 Somatosta 100.0 1.2E-46 1.3E-52  345.6   0.0  285  108-399   154-440 (523)
      28 UniRef100_A0A077YWL6 Somatosta 100.0 1.4E-46 1.6E-52  356.5   0.0  290  109-402    65-363 (446)
      29 UniRef100_A0A6P4XD29 neuropept 100.0   2E-46 2.2E-52  341.6   0.0  289  103-398    35-341 (385)
      30 UniRef100_A0A2B4S7K2 Histamine 100.0 2.2E-46 2.5E-52  347.7   0.0  284  106-400    29-328 (369)
      31 UniRef100_A0A141CIT8 G protein 100.0 2.8E-46   3E-52  348.7   0.0  295  101-403    78-380 (488)
      32 UniRef100_A0A060X0R7 Uncharact 100.0 3.9E-46 4.1E-52  328.7   0.0  290  106-402    54-345 (383)
      33 tr|C3XSP5|C3XSP5_BRAFL Unchara 100.0 6.1E-46 6.5E-52  330.8   0.0  298  106-407    24-334 (403)
      34 tr|V8PD93|V8PD93_OPHHA Type-2  100.0 1.1E-45 1.2E-51  345.7   0.0  289  106-401    72-370 (412)
      35 UniRef100_A0A2B4RSM5 Neuropept 100.0 1.5E-45 1.6E-51  338.7   0.0  285  103-397    30-321 (417)
      36 UniRef100_A0A087T336 Somatosta 100.0 1.5E-45 1.6E-51  338.4   0.0  290  107-401    75-369 (454)
      37 UniRef100_A0A087X575 NPY-Y2 re 100.0 1.7E-45 1.8E-51  337.4   0.0  286  108-399    72-371 (426)
      38 tr|A0A091DWF1|A0A091DWF1_FUKDA 100.0 1.8E-45 1.9E-51  330.3   0.0  287  108-401   155-443 (483)
      39 UniRef100_A0A154PKR3 Tachykini 100.0 1.7E-45 1.9E-51  343.6   0.0  288  106-399    73-374 (457)
      40 UniRef100_A0A060VUW6 G_PROTEIN 100.0 1.8E-45   2E-51  359.9   0.0  283  108-402   116-442 (574)
      41 UniRef100_A0A023F3V9 Putative  100.0 2.1E-45 2.2E-51  343.3   0.0  290  107-400   130-424 (574)
      42 UniRef100_A0A091EBV8 Type-1 an 100.0 2.1E-45 2.3E-51  356.7   0.0  280  104-397   342-628 (715)
      43 UniRef100_A0A0K0PUT9 Excitator 100.0 2.2E-45 2.4E-51  347.8   0.0  295  104-402    98-404 (474)
      44 UniRef100_A0A369RW72 Octopamin 100.0 2.2E-45 2.5E-51  348.9   0.0  277  109-395    54-354 (412)
      45 UniRef100_A0A0K0PUL8 Allatosta 100.0 2.2E-45 2.5E-51  338.4   0.0  295  102-400    43-345 (396)
      46 UniRef100_A0A060VSP8 5-hydroxy 100.0 2.4E-45 2.6E-51  344.6   0.0  287  106-403    84-419 (479)
      47 tr|C3XVS5|C3XVS5_BRAFL Unchara 100.0 2.7E-45 2.9E-51  331.6   0.0  296  105-406    63-370 (425)
      48 UniRef100_A0A2G8L6L1 Putative  100.0 2.7E-45   3E-51  334.2   0.0  292  105-404    31-329 (407)
      49 UniRef100_A0A026WTK8 Tachykini 100.0   3E-45 3.3E-51  345.9   0.0  289  105-399    85-388 (556)
      50 UniRef100_A0A0K0PUI9 Orphan G- 100.0 3.2E-45 3.5E-51  351.4   0.0  292  105-401    97-409 (534)
      51 UniRef100_A0A2I3GWZ2 G-protein 100.0 3.7E-45 3.8E-51  306.3   0.0  296    1-422     1-296 (296)
      52 UniRef100_A0A026WW28 Neuropept 100.0 4.6E-45   5E-51  348.1   0.0  289  104-400    83-381 (552)
      53 tr|A0A1I8M930|A0A1I8M930_MUSDO 100.0 5.2E-45 5.6E-51  359.2   0.0  287  106-401   185-580 (963)
      54 UniRef100_A0A060VVF8 G_PROTEIN 100.0   6E-45 6.6E-51  347.8   0.0  290  104-400   134-434 (511)
      55 UniRef100_A0A6P4ZPQ5 G-protein 100.0 6.6E-45   7E-51  324.3   0.0  286  107-396    40-326 (420)
      56 UniRef100_A0A2B4SDF9 Neuropept 100.0 7.7E-45 8.5E-51  336.6   0.0  287  105-399    85-379 (455)
      57 tr|G3S2I3|G3S2I3_GORGO Opioid  100.0 1.1E-44 1.1E-50  330.2   0.0  288  107-399   160-449 (492)
      58 UniRef100_A0A060X360 G_PROTEIN 100.0 1.3E-44 1.4E-50  333.3   0.0  293  106-402    96-391 (477)
      59 UniRef100_A0A026W5R0 Orexin re 100.0 1.3E-44 1.4E-50  344.4   0.0  286  107-400   115-427 (529)
      60 UniRef100_A0A164MD49 Putative  100.0 1.5E-44 1.6E-50  335.5   0.0  288  109-401    49-397 (498)
      61 UniRef100_A0A2B4SKI0 Tachykini 100.0 1.5E-44 1.7E-50  348.8   0.0  290  106-401    88-392 (469)
      62 tr|A0A218VDE9|A0A218VDE9_9PASE 100.0 1.7E-44 1.8E-50  327.9   0.0  286  107-399    21-307 (556)
      63 UniRef100_A0A068WW83 Allatosta 100.0 1.7E-44 1.9E-50  341.7   0.0  283  105-395    62-350 (432)
      64 tr|A0A146TL67|A0A146TL67_FUNHE 100.0 2.1E-44 2.4E-50  347.7   0.0  293  105-402    22-407 (442)
      65 UniRef100_A0A139WB32 Tachykini 100.0 4.2E-44 4.7E-50  328.7   0.0  291  106-402    40-345 (405)
      66 UniRef100_A0A061INJ6 Pyrogluta 100.0 4.6E-44 5.2E-50  346.6   0.0  288  106-398   149-457 (594)
      67 tr|A0A2C9JWF9|A0A2C9JWF9_BIOGL 100.0 4.9E-44 5.5E-50  333.0   0.0  297  106-406    62-372 (403)
      68 UniRef100_A0A026WK40 Cholecyst 100.0 5.9E-44 6.6E-50  347.6   0.0  288  110-402   155-546 (656)
      69 UniRef100_A0A3B4UE11 Si:zfos-1 100.0 6.8E-44 7.2E-50  318.2   0.0  304   85-401    46-352 (441)
      70 tr|A0A0P4XBU7|A0A0P4XBU7_9CRUS 100.0 6.9E-44 7.6E-50  339.2   0.0  291  107-400    58-416 (557)
      71 UniRef100_A0A1D2M4J2 Neuropept 100.0   7E-44 7.6E-50  332.9   0.0  289  108-403   125-427 (497)
      72 UniRef100_A0A060X5Z5 G_PROTEIN 100.0 7.4E-44 8.2E-50  338.9   0.0  279  109-399    83-384 (522)
      73 UniRef100_A0A061A7W5 G_PROTEIN 100.0 7.5E-44 8.3E-50  335.1   0.0  286  106-401    58-360 (473)
      74 UniRef100_A0A0C9QBK4 GHSR_0 pr 100.0 7.4E-44 8.4E-50  348.4   0.0  290  105-399   168-474 (591)
      75 UniRef100_A0A0A1WLH2 Somatosta 100.0 8.3E-44 8.9E-50  336.8   0.0  291  107-402   214-510 (667)
      76 UniRef100_A0A2G8KL37 Cholecyst 100.0 8.8E-44 9.4E-50  328.5   0.0  288  107-399    96-430 (493)
      77 UniRef100_A0A1L8FNX2 G_PROTEIN 100.0 9.2E-44   1E-49  328.0   0.0  282  106-397    59-341 (400)
      78 UniRef100_A0A210QEM7 Neuropept 100.0 1.1E-43 1.2E-49  324.9   0.0  293  104-402    45-349 (416)
      79 UniRef100_A0A0L8H201 G_PROTEIN 100.0 1.2E-43 1.2E-49  321.7   0.0  299  105-406    81-389 (461)
      80 tr|L7LZ94|L7LZ94_9ACAR Putativ 100.0 1.3E-43 1.4E-49  320.3   0.0  291  106-402    99-395 (438)
      81 UniRef100_A0A077Z2H9 Putative  100.0 1.3E-43 1.5E-49  333.8   0.0  285  110-399    72-396 (477)
      82 UniRef100_A0A087UNN0 Neuropept 100.0 1.4E-43 1.5E-49  327.1   0.0  283  107-395    91-387 (470)
      83 UniRef100_A0A1D1W534 G_PROTEIN 100.0 1.5E-43 1.7E-49  339.6   0.0  287  110-401    79-435 (492)
      84 tr|A0A1I8PIJ9|A0A1I8PIJ9_STOCA 100.0 1.7E-43 1.8E-49  336.4   0.0  295  105-405   165-473 (680)
      85 UniRef100_A0A068YB14 Neuropept 100.0 1.7E-43   2E-49  334.8   0.0  287  106-399    51-352 (448)
      86 UniRef100_A0A2B4RHL7 Galanin r 100.0 2.1E-43 2.3E-49  316.8   0.0  281  109-402    32-313 (406)
      87 UniRef100_A0A034WDF0 Allatosta 100.0 2.2E-43 2.4E-49  331.0   0.0  292  105-402    91-388 (459)
      88 UniRef100_A0A4D9EQQ5 Enolase-l 100.0 2.4E-43 2.5E-49  310.9   0.0  288  106-400   143-432 (472)
      89 UniRef100_A0A060W9T7 G_PROTEIN 100.0 2.5E-43 2.6E-49  326.0   0.0  290  108-403   184-476 (616)
      90 UniRef100_A0A6G8J3P5 Melanin-c 100.0 2.5E-43 2.7E-49  319.6   0.0  293  103-399    55-351 (460)
      91 tr|A0A1W4ZX05|A0A1W4ZX05_9TELE 100.0 4.1E-43 4.5E-49  326.5   0.0  291  106-402    66-388 (480)
      92 UniRef100_A0A060WEJ5 G_PROTEIN 100.0 4.6E-43   5E-49  333.4   0.0  286  108-404   112-461 (544)
      93 UniRef100_A0A0K0PUV0 FVRIamide 100.0 5.2E-43 5.8E-49  327.5   0.0  278  109-396    52-375 (458)
      94 UniRef100_A0A2B4S0J6 Somatosta 100.0 5.2E-43   6E-49  337.3   0.0  286  104-396    78-376 (457)
      95 UniRef100_A0A060WWU7 G_PROTEIN 100.0 7.3E-43 7.8E-49  323.9   0.0  286  106-401    65-384 (545)
      96 UniRef100_A0A044T5H8 G_PROTEIN 100.0 7.8E-43 8.4E-49  333.5   0.0  290  106-406   242-575 (693)
      97 UniRef100_A0A6P3IMR0 somatosta 100.0 8.8E-43 9.1E-49  314.1   0.0  288  109-400   197-486 (524)
      98 UniRef100_A0A023ETT6 Putative  100.0 8.8E-43 9.3E-49  324.3   0.0  294  106-404   150-451 (612)
      99 UniRef100_A0A2B4SKX3 Cholecyst 100.0 9.1E-43 9.9E-49  320.1   0.0  292  104-406    66-419 (428)
     100 UniRef100_A0A2B4RPR9 Allatosta 100.0 9.9E-43 1.1E-48  328.7   0.0  285  107-397    45-342 (446)
     101 tr|A0A1V4J9T1|A0A1V4J9T1_PATFA 100.0 1.1E-42 1.2E-48  311.1   0.0  289  108-402    67-358 (461)
     102 UniRef100_A0A1S3J712 QRFP-like 100.0 1.2E-42 1.3E-48  329.0   0.0  283  110-398    68-370 (507)
     103 UniRef100_A0A023F668 Putative  100.0 1.3E-42 1.4E-48  319.2   0.0  289  104-400    80-378 (484)
     104 UniRef100_A0A3M6U5X4 G_PROTEIN 100.0 1.3E-42 1.4E-48  309.9   0.0  283  107-399    36-320 (339)
     105 UniRef100_A0A096NAQ2 Cholecyst 100.0 1.6E-42 1.7E-48  326.8   0.0  284  110-398   151-500 (617)
     106 tr|A0A146U732|A0A146U732_FUNHE 100.0 1.5E-42 1.7E-48  343.8   0.0  291  105-397   187-545 (590)
     107 UniRef100_A0A0B4LHT6 RYamide r 100.0 1.6E-42 1.8E-48  326.7   0.0  290  104-399   109-411 (524)
     108 UniRef100_A0A2B4RGU4 5-hydroxy 100.0 1.6E-42 1.8E-48  334.3   0.0  284  107-399    63-370 (478)
     109 tr|A0A1D1UXI1|A0A1D1UXI1_RAMVA 100.0 1.7E-42 1.8E-48  318.9   0.0  293  105-403    77-379 (499)
     110 tr|W4Z2N2|W4Z2N2_STRPU Unchara 100.0 2.1E-42 2.2E-48  308.7   0.0  293  103-400    50-353 (406)
     111 UniRef100_A0A177B9B5 Rhodopsin 100.0 2.2E-42 2.4E-48  318.0   0.0  286  108-401    89-404 (464)
     112 tr|A0A1I8MQS0|A0A1I8MQS0_MUSDO 100.0 2.6E-42 2.8E-48  329.2   0.0  295  106-405   146-445 (572)
     113 tr|E0D358|E0D358_HEMPU Dopamin 100.0 2.7E-42 2.9E-48  315.9   0.0  283  107-401    22-330 (435)
     114 UniRef100_A0A3M6T6P4 G_PROTEIN 100.0 2.7E-42   3E-48  322.6   0.0  287  108-400    54-355 (465)
     115 UniRef100_A0A2B4SVC4 Dopamine  100.0 2.9E-42 3.2E-48  316.4   0.0  267  109-398    55-329 (397)
     116 tr|A0A1I8PG61|A0A1I8PG61_STOCA 100.0 3.4E-42 3.7E-48  329.8   0.0  292  106-401   296-594 (716)
     117 UniRef100_A0A060VP48 G_PROTEIN 100.0 3.5E-42 3.9E-48  335.5   0.0  287  108-399   153-450 (580)
     118 UniRef100_A0A2B4R9G2 Melatonin 100.0 3.4E-42 3.9E-48  332.1   0.0  284  107-400    78-367 (461)
     119 tr|A0A1W2W3E6|A0A1W2W3E6_CIOIN 100.0 3.9E-42 4.2E-48  314.7   0.0  293  105-400    53-352 (487)
     120 tr|A0A0P7U0M1|A0A0P7U0M1_9TELE 100.0 4.2E-42 4.4E-48  308.9   0.0  291  107-401    99-413 (440)
     121 tr|A0A2B4RXD1|A0A2B4RXD1_STYPI 100.0 4.4E-42 4.7E-48  312.1   0.0  287  106-401    90-382 (416)
     122 UniRef100_A0A1L8HHP3 G_PROTEIN 100.0 4.7E-42 5.1E-48  308.7   0.0  287  105-398    41-338 (370)
     123 UniRef100_A0A0K0PUH1 Orphan G- 100.0   5E-42 5.3E-48  308.8   0.0  285  109-400    52-349 (413)
     124 UniRef100_A0A026WK16 Tachykini 100.0   5E-42 5.3E-48  324.8   0.0  288  106-400   179-482 (641)
     125 UniRef100_A0A0L8FP69 G_PROTEIN 100.0 5.1E-42 5.4E-48  311.8   0.0  290  112-405    51-347 (488)
     126 UniRef100_A0A0L8GIM4 G_PROTEIN 100.0 4.9E-42 5.6E-48  329.2   0.0  286  106-398    93-394 (481)
     127 UniRef100_A0A6J8CLU9 HCRTR2 n= 100.0 5.7E-42 6.1E-48  312.5   0.0  289  106-402    49-361 (422)
     128 UniRef100_A0A1S3H6K0 neuropept 100.0 5.6E-42 6.3E-48  326.9   0.0  282  106-394    53-351 (470)
     129 UniRef100_A0A151N382 Galanin r 100.0   6E-42 6.4E-48  300.9   0.0  293  107-406    28-323 (392)
     130 UniRef100_A0A2H8TNJ5 Neuropept 100.0 6.2E-42 6.7E-48  319.1   0.0  285  109-399   155-453 (528)
     131 tr|A0A182G4E1|A0A182G4E1_AEDAL 100.0 7.5E-42 8.2E-48  320.9   0.0  294  103-404    61-375 (534)
     132 UniRef100_UPI000B911B64 melato 100.0 7.4E-42 8.4E-48  318.6   0.0  280  109-399    28-344 (381)
     133 UniRef100_A0A1V9XU68 Tyramine/ 100.0 8.5E-42 9.4E-48  315.5   0.0  283  109-402    52-356 (408)
     134 tr|W5JTF9|W5JTF9_ANODA Somatos 100.0 9.4E-42   1E-47  315.4   0.0  291  108-402    53-350 (526)
     135 tr|A0A131XUY2|A0A131XUY2_IXORI 100.0 9.7E-42   1E-47  310.8   0.0  284  108-400   160-447 (560)
     136 UniRef100_A0A0L8I0T4 G_PROTEIN 100.0   1E-41 1.1E-47  319.8   0.0  284  109-401   133-498 (554)
     137 UniRef100_A0A0L7L982 Neuropept 100.0 1.1E-41 1.2E-47  305.3   0.0  329   64-399    34-369 (398)
     138 UniRef100_A0A060XP11 G_PROTEIN 100.0 1.1E-41 1.2E-47  320.2   0.0  284  106-399    87-392 (497)
     139 UniRef100_A0A060YTK2 Uncharact 100.0 1.2E-41 1.3E-47  307.4   0.0  292  105-401    80-380 (447)
     140 UniRef100_A0A087REY1 NPY-Y2 re 100.0 1.2E-41 1.3E-47  319.1   0.0  292  108-405   185-484 (599)
     141 tr|A0A0P6IZB8|A0A0P6IZB8_9CRUS 100.0 1.3E-41 1.4E-47  315.7   0.0  293  106-403   199-498 (559)
     142 UniRef100_A0A2B4S4U3 Beta-2 ad 100.0 1.3E-41 1.5E-47  306.1   0.0  290  110-404    29-326 (372)
     143 UniRef100_A0A2B4SC76 Substance 100.0 1.3E-41 1.5E-47  322.8   0.0  289  104-398    49-351 (461)
     144 UniRef100_A0A3M6TKX3 G_PROTEIN 100.0 1.3E-41 1.5E-47  316.5   0.0  296  105-406    71-381 (427)
     145 UniRef100_A0A1S3KA35 Alpha-1B  100.0 1.4E-41 1.5E-47  322.2   0.0  283  109-403    89-423 (551)
     146 UniRef100_A0A2B4S7A4 Alpha-1A  100.0 1.3E-41 1.5E-47  312.5   0.0  267  109-400    39-310 (392)
     147 UniRef100_A0A7M7HFU8 G_PROTEIN 100.0 1.3E-41 1.5E-47  321.4   0.0  283  109-399    64-364 (423)
     148 UniRef100_A0A3M6TPP0 G_PROTEIN 100.0 1.4E-41 1.5E-47  318.5   0.0  284  106-399    47-354 (424)
     149 tr|K1QHX9|K1QHX9_CRAGI Somatos 100.0 1.4E-41 1.5E-47  315.7   0.0  295  106-404    45-344 (456)
     150 tr|A0A0L0BYA7|A0A0L0BYA7_LUCCU 100.0 1.5E-41 1.6E-47  317.4   0.0  280  110-400   311-627 (678)
     151 UniRef100_A0A1S3J8T4 5-hydroxy 100.0 1.5E-41 1.6E-47  318.0   0.0  289  105-398    96-395 (468)
     152 UniRef100_A0A060X0P4 G_PROTEIN 100.0 1.6E-41 1.7E-47  322.0   0.0  288  104-396   133-428 (513)
     153 UniRef100_A0A087U880 Neuropept 100.0 1.6E-41 1.8E-47  311.3   0.0  290  102-398    61-362 (401)
     154 tr|A0A2B4SUH3|A0A2B4SUH3_STYPI 100.0 1.6E-41 1.8E-47  312.0   0.0  287  108-404    24-336 (385)
     155 tr|T1JU75|T1JU75_TETUR Unchara 100.0 1.9E-41   2E-47  316.7   0.0  295  105-403   139-439 (728)
     156 UniRef100_A0A087QH27 C-C chemo 100.0 1.8E-41   2E-47  330.6   0.0  283  103-401   194-486 (591)
     157 UniRef100_A0A2G8JR46 Putative  100.0 1.8E-41   2E-47  320.1   0.0  277  113-399    66-356 (411)
     158 UniRef100_A0A060VV87 Kappa-typ 100.0 2.1E-41 2.2E-47  315.0   0.0  282  111-399   192-477 (586)
     159 tr|A0A146NR64|A0A146NR64_FUNHE 100.0 2.1E-41 2.3E-47  307.9   0.0  290  108-402   118-423 (449)
     160 tr|A0A218UB83|A0A218UB83_9PASE 100.0 2.1E-41 2.3E-47  319.2   0.0  288  106-405   190-518 (631)
     161 UniRef100_A0A060WGF3 B2 bradyk 100.0 2.1E-41 2.3E-47  327.6   0.0  286  106-397   156-449 (589)
     162 tr|A0A0S0WMT8|A0A0S0WMT8_DROME 100.0 2.5E-41 2.6E-47  311.9   0.0  291  107-401   143-438 (593)
     163 tr|A0A2B4SKI0|A0A2B4SKI0_STYPI 100.0 2.4E-41 2.6E-47  316.8   0.0  289  107-402    95-404 (458)
     164 UniRef100_A0A3B1K9H1 Melanin-c 100.0 2.5E-41 2.6E-47  304.6   0.0  287  106-399    72-358 (436)
     165 tr|A0A1A8EW90|A0A1A8EW90_9TELE 100.0 2.6E-41 2.7E-47  306.2   0.0  289  106-398    41-332 (444)
     166 UniRef100_A0A023F452 Putative  100.0 2.6E-41 2.8E-47  322.9   0.0  288  104-401   134-540 (660)
     167 tr|A0A2B4SID7|A0A2B4SID7_STYPI 100.0 2.5E-41 2.8E-47  318.7   0.0  290  106-400    28-328 (422)
     168 UniRef100_A0A1S3IX78 RYamide r 100.0 2.7E-41 2.9E-47  309.9   0.0  291  102-398    46-347 (444)
     169 tr|A0A232F0R3|A0A232F0R3_9HYME 100.0 2.8E-41   3E-47  306.0   0.0  292  105-402    99-426 (458)
     170 UniRef100_A0A0K0PUH3 Allatotro 100.0   3E-41 3.2E-47  307.9   0.0  287  107-401    66-375 (424)
     171 UniRef100_A0A1L8GQY3 Alpha-1B  100.0   3E-41 3.3E-47  313.1   0.0  284  109-405    46-374 (510)
     172 UniRef100_A0A226DFM2 Neuropept 100.0 3.1E-41 3.3E-47  314.4   0.0  284  108-397   104-401 (523)
     173 UniRef100_A0A060X1U9 G_PROTEIN 100.0 3.1E-41 3.4E-47  319.1   0.0  281  107-400   136-458 (633)
     174 UniRef100_A0A2B4SE17 Substance 100.0   3E-41 3.5E-47  324.2   0.0  291  104-399    59-365 (467)
     175 tr|V8NQN2|V8NQN2_OPHHA G-prote 100.0 3.4E-41 3.6E-47  321.1   0.0  280  106-398   300-586 (840)
     176 tr|A0A1S3FYW5|A0A1S3FYW5_DIPOR 100.0 3.8E-41 4.1E-47  297.2   0.0  293  106-402    66-361 (385)
     177 UniRef100_A0A2B4SVS8 Neuropept 100.0 3.8E-41 4.2E-47  320.2   0.0  290  106-401    85-384 (480)
     178 UniRef100_A0A0N7ZAP9 G_PROTEIN 100.0 4.2E-41 4.6E-47  312.2   0.0  288  108-403    75-370 (421)
     179 tr|A0A1A8LLP2|A0A1A8LLP2_9TELE 100.0 4.4E-41 4.8E-47  306.6   0.0  291  106-406    90-404 (455)
     180 tr|T1KPP2|T1KPP2_TETUR Unchara 100.0 4.5E-41 4.8E-47  310.9   0.0  289  106-404   148-441 (477)
     181 UniRef100_A0A087YQK7 Adrenocep 100.0 4.9E-41 5.3E-47  316.1   0.0  284  114-405   134-457 (617)
     182 tr|A0A091CRU0|A0A091CRU0_FUKDA 100.0 5.4E-41 5.8E-47  322.4   0.0  284  104-402   403-695 (720)
     183 UniRef100_A0A2I0UC98 G-protein 100.0 5.9E-41 6.1E-47  304.6   0.0  299  102-402   238-537 (588)
     184 UniRef100_A0A0S1YDA0 Neuropept 100.0   6E-41 6.5E-47  315.4   0.0  290  106-401    91-394 (509)
     185 UniRef100_A0A068WKU9 Neuropept 100.0 6.2E-41 6.8E-47  310.2   0.0  283  108-397    71-365 (451)
     186 UniRef100_A0A067RG65 Neuropept 100.0 6.6E-41 7.1E-47  311.7   0.0  289  109-401    87-396 (509)
     187 tr|B4JN40|B4JN40_DROGR GH24210 100.0 6.7E-41 7.3E-47  306.3   0.0  293  104-400   111-409 (436)
     188 UniRef100_A0A2B4RHY9 Pyrogluta 100.0   7E-41   8E-47  322.8   0.0  286  108-401    80-373 (455)
     189 tr|A0A0N8JZL4|A0A0N8JZL4_9TELE 100.0   8E-41 8.6E-47  309.0   0.0  290  105-401   100-414 (482)
     190 UniRef100_A0A084WFJ7 AGAP00011 100.0 8.5E-41 9.3E-47  314.0   0.0  276  109-393    87-374 (519)
     191 tr|A0A1V4J9K1|A0A1V4J9K1_PATFA 100.0 9.2E-41 9.7E-47  320.1   0.0  292  105-403   316-611 (939)
     192 UniRef100_A0A060X7S9 B2 bradyk 100.0   9E-41 9.8E-47  313.8   0.0  292  105-402   109-408 (491)
     193 UniRef100_A0A060XC03 Beta-2 ad 100.0 9.3E-41   1E-46  310.5   0.0  290  105-401    98-415 (548)
     194 tr|A0A210QY69|A0A210QY69_MIZYE 100.0 9.7E-41   1E-46  296.2   0.0  299  103-405    80-383 (400)
     195 UniRef100_A0A068WVN8 Biogenic  100.0 9.4E-41   1E-46  323.5   0.0  285  104-401   115-509 (641)
     196 UniRef100_UPI0001CB9B44 somato 100.0   1E-40   1E-46  290.0   0.0  292  108-404    26-321 (365)
     197 UniRef100_A0A0K0PUH0 Orphan G- 100.0 9.5E-41 1.1E-46  323.6   0.0  280  110-394   137-468 (583)
     198 UniRef100_A0A1I8HKX2 G_PROTEIN 100.0 9.6E-41 1.1E-46  310.1   0.0  287  106-405    37-417 (442)
     199 tr|A0A146YGA5|A0A146YGA5_FUNHE 100.0 9.5E-41 1.1E-46  320.3   0.0  289  109-405    30-346 (521)
     200 UniRef100_A0A061IN14 NK-3 rece 100.0   1E-40 1.1E-46  319.0   0.0  294  101-401   225-525 (662)
     201 UniRef100_A0A060WXX3 G-protein 100.0 1.1E-40 1.2E-46  320.5   0.0  283  106-399   156-453 (539)
     202 UniRef100_A0A087UP46 5-hydroxy 100.0 1.1E-40 1.2E-46  307.6   0.0  284  106-400    42-401 (472)
     203 UniRef100_A0A1D1VDY3 G_PROTEIN 100.0 1.2E-40 1.3E-46  313.9   0.0  292  104-401   128-448 (557)
     204 UniRef100_A0A0P0YUU8 Cannabino 100.0 1.2E-40 1.3E-46  309.9   0.0  289  112-405    85-423 (496)
     205 UniRef100_A0A060XMX0 NPY-Y2 re 100.0 1.4E-40 1.5E-46  299.3   0.0  287  108-400   122-415 (452)
     206 tr|A0A0V1MVC7|A0A0V1MVC7_9BILA 100.0 1.4E-40 1.5E-46  313.9   0.0  321   76-402    47-381 (598)
     207 UniRef100_A0A1D1V5S1 G_PROTEIN 100.0 1.5E-40 1.6E-46  306.5   0.0  286  108-404    55-364 (484)
     208 tr|A0A151NBW9|A0A151NBW9_ALLMI 100.0 1.5E-40 1.6E-46  307.0   0.0  291  106-403    77-395 (472)
     209 UniRef100_A0A060WMC3 Alpha-1D  100.0 1.6E-40 1.7E-46  309.1   0.0  284  109-404   110-437 (564)
     210 UniRef100_A0A210QHM7 G-protein 100.0 1.5E-40 1.7E-46  311.6   0.0  293  107-405    77-381 (492)
     211 UniRef100_A0A061IAU9 Gastric r 100.0 1.6E-40 1.7E-46  310.3   0.0  287  108-405   113-412 (588)
     212 tr|A0A1U7TSJ4|A0A1U7TSJ4_TARSY 100.0 1.6E-40 1.7E-46  308.0   0.0  290  106-402   209-521 (600)
     213 UniRef100_A0A210QSD7 Octopamin 100.0 1.6E-40 1.7E-46  311.3   0.0  291  103-405    51-422 (423)
     214 UniRef100_A0A0L8HHE2 G_PROTEIN 100.0 1.7E-40 1.8E-46  305.6   0.0  283  113-402     4-302 (385)
     215 UniRef100_A0A016T103 G_PROTEIN 100.0 1.7E-40 1.8E-46  319.9   0.0  272  117-401   118-477 (605)
     216 UniRef100_A0A3M6TAE6 G_PROTEIN 100.0 1.7E-40 1.9E-46  308.4   0.0  272  109-401    91-370 (443)
     217 UniRef100_A0A6P4YBA8 delta-typ 100.0 1.7E-40 1.9E-46  304.6   0.0  291  106-402    47-342 (406)
     218 tr|F1R2F3|F1R2F3_DANRE Neurope 100.0 1.9E-40   2E-46  313.3   0.0  290  107-400   400-693 (731)
     219 UniRef100_A0A146M155 Neuropept 100.0   2E-40 2.1E-46  308.9   0.0  286  110-399    54-362 (488)
     220 UniRef100_A0A3M6UME8 G_PROTEIN 100.0 2.1E-40 2.3E-46  304.2   0.0  284  106-399    36-325 (383)
     221 UniRef100_A0A3B4VB96 Beta-2 ad 100.0 2.2E-40 2.4E-46  304.4   0.0  287  106-400    49-362 (464)
     222 UniRef100_A0A026WCQ7 Tyramine  100.0 2.2E-40 2.4E-46  325.5   0.0  287  106-406   180-594 (665)
     223 UniRef100_A0A084VLD5 AGAP00422 100.0 2.3E-40 2.5E-46  312.4   0.0  283  107-401   241-597 (695)
     224 UniRef100_A0A0L8I310 G_PROTEIN 100.0 2.3E-40 2.5E-46  312.9   0.0  281  111-396    47-365 (468)
     225 tr|A0A182FUW3|A0A182FUW3_ANOAL 100.0 2.4E-40 2.6E-46  311.9   0.0  292  108-404   194-491 (666)
     226 UniRef100_A0A3M6UAU0 G_PROTEIN 100.0 2.4E-40 2.6E-46  311.4   0.0  286  106-399    32-329 (552)
     227 tr|A0A232F8D2|A0A232F8D2_9HYME 100.0 2.5E-40 2.6E-46  304.2   0.0  291  105-399    67-370 (478)
     228 UniRef100_A0A0H3YI86 Pyrokinin 100.0 2.4E-40 2.7E-46  316.0   0.0  287  107-401    81-400 (510)
     229 UniRef100_A0A3B4ZUM6 Mu-type o 100.0 2.6E-40 2.7E-46  304.3   0.0  285  107-397   168-456 (597)
     230 tr|A0A0P7TYE1|A0A0P7TYE1_9TELE 100.0 2.6E-40 2.8E-46  305.1   0.0  291  110-405   124-479 (507)
     231 tr|A0A147AUP2|A0A147AUP2_FUNHE 100.0 2.7E-40   3E-46  308.9   0.0  297  110-413   121-463 (482)
     232 UniRef100_A0A1J1I7G5 CLUMA_CG0 100.0 2.8E-40   3E-46  305.8   0.0  290  104-399    71-373 (500)
     233 UniRef100_A0A6P4ZN87 somatosta 100.0 2.9E-40 3.2E-46  299.8   0.0  294  106-403    29-332 (391)
     234 UniRef100_A0A2B4RXD1 Neuropept 100.0 2.9E-40 3.2E-46  307.4   0.0  291  106-405    91-388 (461)
     235 UniRef100_A0A210QT45 G-protein 100.0 3.1E-40 3.3E-46  303.0   0.0  288  108-401    57-359 (472)
     236 UniRef100_A0A087VAK8 Somatosta 100.0 3.2E-40 3.4E-46  288.7   0.0  300  108-414    60-364 (384)
     237 UniRef100_A0A1V4KIE8 Beta-1 ad 100.0 3.2E-40 3.7E-46  326.8   0.0  283  116-406    36-356 (512)
     238 UniRef100_A0A3M6T8F5 G_PROTEIN 100.0 3.2E-40 3.7E-46  321.4   0.0  288  107-400    99-396 (523)
     239 UniRef100_A0A315WA56 G-protein 100.0 3.7E-40 3.8E-46  315.2   0.0  314  107-421   372-685 (1303)
     240 UniRef100_A0A091CVE3 Cholecyst 100.0 3.7E-40 3.9E-46  298.7   0.0  332   65-401    67-462 (543)
     241 tr|A0A131ZXP6|A0A131ZXP6_SARSC 100.0 3.8E-40   4E-46  298.8   0.0  292  108-404   121-417 (480)
     242 ERR1719361_2001115             100.0 3.7E-40 4.1E-46  303.6   0.0  294  104-400    19-325 (415)
     243 UniRef100_E9HAW0 G_PROTEIN_REC 100.0 3.8E-40 4.1E-46  297.9   0.0  281  108-396    63-353 (393)
     244 UniRef100_A0A1D2M255 Somatosta 100.0 3.9E-40 4.2E-46  294.2   0.0  287  108-400    34-324 (382)
     245 UniRef100_A0A7M7SYV2 G_PROTEIN 100.0 3.9E-40 4.2E-46  312.1   0.0  270  115-398    73-397 (630)
     246 UniRef100_A0A068YA15 Neuropept 100.0 4.1E-40 4.5E-46  306.6   0.0  289  106-398    69-394 (510)
     247 UniRef100_A0A060Y7B7 G_PROTEIN 100.0 4.1E-40 4.5E-46  311.4   0.0  283  108-402   114-552 (560)
     248 UniRef100_A0A0P7U357 Apelin re 100.0 4.2E-40 4.6E-46  300.7   0.0  285  105-401    53-345 (401)
     249 UniRef100_A0A2B4SQU8 Orexin re 100.0 4.3E-40 4.6E-46  294.1   0.0  288  109-404    36-351 (370)
     250 UniRef100_A0A0P5DAK4 Orexin re 100.0 4.4E-40 4.7E-46  306.1   0.0  284  108-399   105-430 (505)
     251 tr|S7PUA8|S7PUA8_MYOBR C-C che 100.0 4.4E-40 4.8E-46  313.6   0.0  283  104-400   277-567 (603)
     252 tr|A0A1D2NMB6|A0A1D2NMB6_ORCCI 100.0 4.6E-40 4.9E-46  305.6   0.0  295  104-404   146-455 (520)
     253 tr|A0A210R0K7|A0A210R0K7_MIZYE 100.0 4.7E-40   5E-46  300.0   0.0  293  105-402    69-428 (470)
     254 UniRef100_A0A084WIC4 Short neu 100.0 4.7E-40 5.1E-46  307.9   0.0  291  105-402    88-389 (551)
     255 UniRef100_A0A060W247 Cholecyst 100.0 4.9E-40 5.3E-46  310.2   0.0  287  108-399   126-476 (563)
     256 UniRef100_A0A401NJB3 G_PROTEIN 100.0 5.1E-40 5.5E-46  305.1   0.0  288  109-404    41-364 (517)
     257 UniRef100_A0A2B4SJE7 Orexin re 100.0 5.1E-40 5.6E-46  309.8   0.0  287  107-399   132-431 (517)
     258 UniRef100_A0A060VNF4 G_PROTEIN 100.0 5.2E-40 5.7E-46  310.2   0.0  289  106-399   127-431 (566)
     259 UniRef100_A0A0L7KZ56 Neuropept 100.0 5.4E-40 5.8E-46  306.7   0.0  284  107-397    84-383 (509)
     260 tr|A0A0P7V0U8|A0A0P7V0U8_9TELE 100.0 5.6E-40 5.9E-46  293.1   0.0  293  106-402    82-377 (439)
     261 UniRef100_A0A076YJT8 Chemokine 100.0 5.7E-40 6.2E-46  307.9   0.0  279  106-400   157-445 (493)
     262 tr|W4YJK4|W4YJK4_STRPU Unchara 100.0 5.9E-40 6.5E-46  305.2   0.0  293  103-406    63-376 (446)
     263 tr|A7SD89|A7SD89_NEMVE Predict 100.0 6.2E-40 6.6E-46  288.5   0.0  280  111-401    39-332 (355)
     264 UniRef100_A0A026WIP6 Cholecyst 100.0   6E-40 6.6E-46  318.6   0.0  293  107-405   168-535 (636)
     265 UniRef100_A0A087XT11 Alpha-1B  100.0 6.3E-40 6.7E-46  305.3   0.0  284  109-405    79-410 (622)
     266 UniRef100_A0A2B4SID7 Neuropept 100.0 6.3E-40 6.9E-46  305.5   0.0  296  104-404    76-384 (462)
     267 tr|A0A147AMP5|A0A147AMP5_FUNHE 100.0 6.4E-40 7.3E-46  317.1   0.0  284  107-403    29-431 (475)
     268 UniRef100_A0A087XFV2 5-hydroxy 100.0 6.9E-40 7.5E-46  304.0   0.0  293  104-407    78-404 (493)
     269 tr|A0A1D2MSE1|A0A1D2MSE1_ORCCI 100.0 6.9E-40 7.5E-46  314.7   0.0  287  106-399   107-406 (615)
     270 UniRef100_A0A7M7HKI1 G_PROTEIN 100.0 6.9E-40 7.7E-46  305.4   0.0  285  114-406    44-342 (418)
     271 UniRef100_A0A6P4Z684 G-protein 100.0 7.2E-40 7.7E-46  297.5   0.0  291  107-402    49-349 (425)
     272 ERR1719341_586736              100.0 7.2E-40 7.8E-46  305.2   0.0  293  106-401    51-356 (513)
     273 tr|A0A1S3IXU4|A0A1S3IXU4_LINUN 100.0 7.4E-40 7.9E-46  298.1   0.0  285  106-402    54-348 (440)
     274 UniRef100_A0A6S7JE64 Neuropept 100.0 7.3E-40   8E-46  301.1   0.0  286  105-399    30-321 (412)
     275 tr|A0A2B4RSD1|A0A2B4RSD1_STYPI 100.0 7.3E-40 8.2E-46  311.3   0.0  290  104-404    45-386 (430)
     276 tr|A0A147AXX1|A0A147AXX1_FUNHE 100.0 8.1E-40 8.6E-46  297.2   0.0  295  103-403    31-333 (490)
     277 UniRef100_A0A060VTR1 G_PROTEIN 100.0 8.4E-40   9E-46  308.1   0.0  284  107-403   117-444 (619)
     278 tr|A0A0F8AVG0|A0A0F8AVG0_LARCR 100.0 8.6E-40 9.1E-46  299.4   0.0  287  110-403    56-347 (544)
     279 UniRef100_A0A0N1PGA0 Octopamin 100.0 8.5E-40 9.2E-46  308.6   0.0  281  109-399   107-492 (547)
     280 UniRef100_A0A2B4RFH8 Neuropept 100.0 8.2E-40 9.4E-46  314.9   0.0  288  109-401    64-368 (439)
     281 UniRef100_A0A060YB93 G_PROTEIN 100.0 9.2E-40 9.5E-46  290.8   0.0  292  105-404    54-348 (480)
     282 UniRef100_A0A060WAG3 G_PROTEIN 100.0 9.1E-40 9.8E-46  306.0   0.0  288  109-406   122-506 (550)
     283 UniRef100_A0A0N0PEL7 Tachykini 100.0 9.3E-40   1E-45  300.8   0.0  291  106-402    52-357 (454)
     284 UniRef100_A0A3M6UKX8 G_PROTEIN 100.0 9.2E-40   1E-45  311.5   0.0  286  109-399   118-420 (487)
     285 UniRef100_A0A024R4J1 Formyl pe 100.0 9.8E-40 1.1E-45  323.2   0.0  279  109-399   172-455 (581)
     286 tr|B4KC34|B4KC34_DROMO Unchara 100.0 1.1E-39 1.1E-45  312.1   0.0  286  107-398   190-491 (670)
     287 UniRef100_A0A193KU97 GCR058 n= 100.0 1.1E-39 1.2E-45  293.3   0.0  287  109-401    25-333 (379)
     288 tr|A0A218UWX7|A0A218UWX7_9PASE 100.0 1.1E-39 1.2E-45  301.4   0.0  290  106-402    37-343 (474)
     289 UniRef100_A0A0K0PUK8 FMRFamide 100.0 1.1E-39 1.2E-45  312.1   0.0  282  108-396    57-350 (471)
     290 tr|A7SIX0|A7SIX0_NEMVE Predict 100.0 1.1E-39 1.2E-45  295.3   0.0  295  107-407    22-326 (403)
     291 tr|A0A0L0C8J1|A0A0L0C8J1_LUCCU 100.0 1.2E-39 1.3E-45  304.9   0.0  290  109-402   225-521 (661)
     292 UniRef100_A0A0P7Y8S7 Nocicepti 100.0 1.2E-39 1.3E-45  292.6   0.0  287  106-397   116-404 (467)
     293 tr|A0A0P5PA10|A0A0P5PA10_9CRUS 100.0 1.3E-39 1.4E-45  306.9   0.0  281  108-395   145-441 (705)
     294 tr|A0A2B4SAJ4|A0A2B4SAJ4_STYPI 100.0 1.3E-39 1.4E-45  302.0   0.0  283  107-395    26-329 (434)
     295 tr|A0A0L8FIS6|A0A0L8FIS6_OCTBM 100.0 1.3E-39 1.4E-45  300.7   0.0  289  111-404    92-425 (485)
     296 tr|A0A0P7V1N0|A0A0P7V1N0_9TELE 100.0 1.3E-39 1.4E-45  292.1   0.0  289  108-402   113-407 (436)
     297 tr|A0A0R4IQ19|A0A0R4IQ19_DANRE 100.0 1.4E-39 1.5E-45  287.5   0.0  290  108-403    54-351 (384)
     298 UniRef100_A0A087YR24 Relaxin-3 100.0 1.4E-39 1.5E-45  311.7   0.0  290  108-400   207-516 (647)
     299 UniRef100_A0A132AJH3 7 transme 100.0 1.4E-39 1.5E-45  304.6   0.0  284  108-397    67-384 (447)
     300 UniRef100_A0A023FH63 Putative  100.0 1.5E-39 1.6E-45  308.8   0.0  280  108-399   124-440 (563)
     301 UniRef100_A0A026W4S0 Neuromedi 100.0 1.5E-39 1.6E-45  309.4   0.0  290  105-401    69-390 (604)
     302 tr|A0A1S3NAI3|A0A1S3NAI3_SALSA 100.0 1.5E-39 1.6E-45  292.0   0.0  288  107-400    93-387 (439)
     303 UniRef100_A0A026W4F0 Octopamin 100.0 1.5E-39 1.6E-45  295.9   0.0  280  111-400    57-393 (445)
     304 tr|A0A2B4SNZ1|A0A2B4SNZ1_STYPI 100.0 1.4E-39 1.6E-45  302.6   0.0  284  109-401    31-321 (351)
     305 tr|A0A146TP77|A0A146TP77_FUNHE 100.0 1.5E-39 1.6E-45  314.7   0.0  288  109-406    46-430 (522)
     306 UniRef100_A0A091DZ91 Kappa-typ 100.0 1.7E-39 1.8E-45  293.9   0.0  285  109-399    74-362 (471)
     307 UniRef100_A0A6P4ZET1 somatosta 100.0 1.7E-39 1.8E-45  279.9   0.0  290  109-404     9-299 (346)
     308 tr|A0A1L8HND2|A0A1L8HND2_XENLA 100.0 1.7E-39 1.8E-45  298.3   0.0  296  106-406   125-434 (452)
     309 UniRef100_A0A1I7STM2 (pine woo 100.0 1.6E-39 1.8E-45  303.7   0.0  295  106-403    77-390 (430)
     310 tr|A0A2H1W6Q0|A0A2H1W6Q0_SPOFR 100.0 1.7E-39 1.8E-45  300.9   0.0  295  105-406    66-370 (466)
     311 UniRef100_A0A090MXE0 Thyrotrop 100.0 1.7E-39 1.9E-45  299.6   0.0  287  108-398    44-342 (444)
     312 tr|A0A0P7V5N2|A0A0P7V5N2_9TELE 100.0 1.8E-39 1.9E-45  299.0   0.0  287  107-402    89-404 (468)
     313 UniRef100_A0A060W161 G_PROTEIN 100.0 1.7E-39 1.9E-45  319.0   0.0  278  106-398   165-454 (574)
     314 tr|A0A1A9ZAD8|A0A1A9ZAD8_GLOPL 100.0   2E-39 2.2E-45  299.6   0.0  287  107-399   120-421 (574)
     315 tr|R4J1H6|R4J1H6_SALSA Cholecy 100.0   2E-39 2.2E-45  293.8   0.0  292  107-403    44-410 (461)
     316 UniRef100_A0A016SJ65 Thyrolibe 100.0   2E-39 2.2E-45  307.3   0.0  288  108-401    82-398 (479)
     317 tr|A7RYQ3|A7RYQ3_NEMVE Predict 100.0   2E-39 2.3E-45  301.1   0.0  284  106-401    48-337 (367)
     318 UniRef100_A0A0D9R0U9 Apelin re 100.0 2.2E-39 2.3E-45  297.5   0.0  291  106-399    58-363 (482)
     319 tr|A0A1S3FWK5|A0A1S3FWK5_DIPOR 100.0 2.3E-39 2.4E-45  304.1   0.0  289  106-405   413-735 (786)
     320 UniRef100_A0A060VRN9 G_PROTEIN 100.0 2.3E-39 2.5E-45  302.6   0.0  282  106-399   132-430 (496)
     321 tr|A0A210QNG6|A0A210QNG6_MIZYE 100.0 2.3E-39 2.5E-45  300.5   0.0  299  102-405    32-345 (498)
     322 tr|J9JRI9|J9JRI9_ACYPI Unchara 100.0 2.3E-39 2.5E-45  295.9   0.0  290  104-399    29-333 (490)
     323 UniRef100_A0A1L8EQV9 G-protein 100.0 2.4E-39 2.5E-45  288.7   0.0  296  106-403   210-505 (549)
     324 UniRef100_A0A2S1WLX6 Putative  100.0 2.4E-39 2.6E-45  295.3   0.0  281  115-405    52-464 (475)
     325 UniRef100_A0A068AZY5 Octopamin 100.0 2.4E-39 2.7E-45  327.0   0.0  184  109-302   173-357 (723)
     326 UniRef100_A7RGN9 Predicted pro 100.0 2.5E-39 2.7E-45  287.7   0.0  283  104-399    25-314 (317)
     327 UniRef100_A0A060W9S7 Mu-type o 100.0 2.6E-39 2.8E-45  302.3   0.0  285  108-399   151-440 (605)
     328 UniRef100_A0A2B4SJV4 Galanin r 100.0 2.6E-39 2.9E-45  309.4   0.0  283  109-398    74-365 (444)
     329 tr|A0A060XRS0|A0A060XRS0_ONCMY 100.0 2.8E-39   3E-45  311.2   0.0  283  108-403    54-379 (900)
     330 UniRef100_A0A6F9DUB2 Somatosta 100.0 2.8E-39   3E-45  295.4   0.0  290  100-397    53-351 (467)
     331 tr|A0A151NSA8|A0A151NSA8_ALLMI 100.0 2.8E-39   3E-45  295.5   0.0  282  104-399    83-374 (406)
     332 UniRef100_A0A0A7KUZ5 Opsin 5 n 100.0 2.8E-39 3.1E-45  301.2   0.0  281  111-397    54-342 (407)
     333 tr|A0A151NT37|A0A151NT37_ALLMI 100.0 3.2E-39 3.4E-45  285.4   0.0  282  108-394    81-368 (391)
     334 tr|A0A139WLV7|A0A139WLV7_TRICA 100.0 3.3E-39 3.5E-45  308.4   0.0  290  104-400   393-698 (792)
     335 UniRef100_A0A0K0PUL2 DH31-like 100.0 3.4E-39 3.7E-45  290.6   0.0  290  108-405    47-339 (375)
     336 UniRef100_F6SEF7 G_PROTEIN_REC 100.0 3.4E-39 3.7E-45  286.8   0.0  287  106-396    37-334 (337)
     337 tr|A0A1V4KKE4|A0A1V4KKE4_PATFA 100.0 3.6E-39 3.8E-45  301.7   0.0  288  107-399   403-692 (724)
     338 tr|A0A212C668|A0A212C668_CEREH 100.0 3.7E-39 3.9E-45  297.1   0.0  280  108-399   218-556 (558)
     339 tr|A0A2D0SD29|A0A2D0SD29_ICTPU 100.0 3.7E-39   4E-45  295.7   0.0  278  109-397     4-306 (420)
     340 tr|F7E6B1|F7E6B1_MONDO Tachyki 100.0 3.8E-39 4.1E-45  293.7   0.0  292  102-400    87-385 (475)
     341 UniRef100_A0A024R2Q0 Chemokine 100.0 3.8E-39 4.1E-45  304.5   0.0  284  104-399   151-443 (499)
     342 UniRef100_A0A3M6UKG3 G_PROTEIN 100.0 3.9E-39 4.2E-45  289.6   0.0  284  108-396    23-318 (378)
     343 UniRef100_A0A059ZY04 Angiotens 100.0 3.9E-39 4.4E-45  309.0   0.0  281  108-403   167-458 (546)
     344 UniRef100_A0A060VPX8 G_PROTEIN 100.0 3.8E-39 4.4E-45  317.7   0.0  280  106-399   129-418 (527)
     345 tr|A0A0A7RC79|A0A0A7RC79_RHOPR 100.0 4.1E-39 4.4E-45  290.3   0.0  294  106-403    72-377 (404)
     346 tr|A0A1V4KUV7|A0A1V4KUV7_PATFA 100.0 4.2E-39 4.5E-45  288.0   0.0  293  108-406   117-417 (450)
     347 UniRef100_A0A061I1T5 C3a anaph 100.0 4.1E-39 4.5E-45  316.0   0.0  279  109-399   135-529 (700)
     348 UniRef100_A0A6P8IFK2 neuromedi 100.0 4.2E-39 4.6E-45  291.4   0.0  292  107-404    23-326 (363)
     349 UniRef100_A0A060YY06 G_PROTEIN 100.0 4.4E-39 4.7E-45  299.5   0.0  283  108-397   102-406 (490)
     350 UniRef100_A0A0P6J0T1 Putative  100.0 4.5E-39 4.9E-45  312.0   0.0  289  106-402    99-412 (735)
     351 UniRef100_A0A060VWE3 G_PROTEIN 100.0 4.3E-39 4.9E-45  313.6   0.0  284  105-396   141-429 (542)
     352 tr|A0A0P7U113|A0A0P7U113_9TELE 100.0 4.8E-39 5.2E-45  296.5   0.0  295  106-417   144-439 (452)
     353 UniRef100_A0A1I8FSG9 G_PROTEIN 100.0 4.9E-39 5.2E-45  299.2   0.0  293  106-407   157-513 (576)
     354 UniRef100_A0A3M6TEA9 G_PROTEIN 100.0 4.7E-39 5.3E-45  301.0   0.0  285  110-398    48-342 (414)
     355 UniRef100_A0A0P7U0M1 Galanin r 100.0 5.1E-39 5.3E-45  287.4   0.0  291  108-400   139-435 (475)
     356 UniRef100_A0A087QH91 Melanopsi 100.0 4.9E-39 5.3E-45  307.1   0.0  288  107-400   101-400 (629)
     357 UniRef100_A0A0K0PUK6 Orphan G- 100.0   5E-39 5.3E-45  292.8   0.0  292  106-403    63-377 (448)
     358 UniRef100_A0A091R746 Beta-1 ad 100.0 5.1E-39 5.5E-45  300.6   0.0  282  112-400   137-453 (572)
     359 tr|A0A2B4S4U3|A0A2B4S4U3_STYPI 100.0 5.3E-39 5.7E-45  284.6   0.0  290  111-405    27-328 (359)
     360 tr|C3Z5T5|C3Z5T5_BRAFL Unchara 100.0 5.4E-39 5.7E-45  283.7   0.0  293  104-401    32-330 (389)
     361 UniRef100_A0A678XEL8 Trace ami 100.0 5.5E-39   6E-45  301.8   0.0  285  109-401    55-358 (523)
     362 tr|H2Q292|H2Q292_PANTR Unchara 100.0 5.8E-39 6.2E-45  292.8   0.0  292  104-406    76-410 (492)
     363 tr|A7RRH0|A7RRH0_NEMVE Predict 100.0 5.8E-39 6.2E-45  307.1   0.0  285  109-403    26-319 (700)
     364 UniRef100_A0A0S1YD99 Neuropept 100.0 6.1E-39 6.5E-45  288.6   0.0  296  104-406    70-379 (423)
     365 UniRef100_A0A0N0PF28 Orexin re 100.0 6.1E-39 6.5E-45  302.8   0.0  280  109-396   136-456 (588)
     366 UniRef100_A0A087X9W8 G_PROTEIN 100.0   6E-39 6.6E-45  303.0   0.0  283  111-396   125-416 (547)
     367 tr|A0A2B4S1Z5|A0A2B4S1Z5_STYPI 100.0 6.1E-39 6.6E-45  299.7   0.0  274  106-404    22-303 (514)
     368 UniRef100_A0A087X781 Alpha-2Db 100.0 6.6E-39   7E-45  295.3   0.0  281  110-400    67-493 (495)
     369 tr|A0A091DX38|A0A091DX38_FUKDA 100.0 6.8E-39 7.1E-45  306.0   0.0  288  107-401   140-430 (878)
     370 tr|A0A146PN09|A0A146PN09_FUNHE 100.0 6.7E-39 7.7E-45  308.9   0.0  297  104-405    34-401 (432)
     371 UniRef100_A0A1L8FNZ4 G_PROTEIN 100.0   7E-39 7.7E-45  299.1   0.0  273  108-397    99-372 (429)
     372 UniRef100_A0A061QHX0 Putative  100.0   7E-39 7.7E-45  306.7   0.0  284  109-405   132-513 (563)
     373 UniRef100_A0A060X6T3 G_PROTEIN 100.0 7.5E-39   8E-45  298.3   0.0  283  109-403    89-417 (550)
     374 UniRef100_A0A0K0PUG3 Thyrolibe 100.0 7.4E-39   8E-45  303.9   0.0  286  109-400   214-522 (606)
     375 UniRef100_A0A026WC04 Dopamine  100.0 7.8E-39 8.3E-45  291.3   0.0  283  108-402    76-400 (468)
     376 UniRef100_A0A061ACA9 G_PROTEIN 100.0 7.5E-39 8.4E-45  308.0   0.0  275  111-399    97-384 (513)
     377 UniRef100_A0A087R2J6 Neuropept 100.0 7.9E-39 8.5E-45  303.5   0.0  284  108-398   211-518 (638)
     378 tr|G1T869|G1T869_RABIT B2 brad 100.0 8.1E-39 8.7E-45  291.3   0.0  296  104-405   107-412 (446)
     379 UniRef100_A0A6P4YCQ0 somatosta 100.0 8.4E-39 8.7E-45  279.3   0.0  287  106-398    67-365 (428)
     380 UniRef100_A0A0L8HMQ0 G_PROTEIN 100.0 8.1E-39 8.8E-45  300.1   0.0  290  106-400    45-348 (538)
     381 tr|A0A0S1YD80|A0A0S1YD80_CHISP 100.0 8.4E-39   9E-45  296.2   0.0  288  108-403   163-468 (513)
     382 UniRef100_A0A3M6TV84 G_PROTEIN 100.0 9.3E-39   1E-44  295.4   0.0  289  114-414    50-351 (405)
     383 UniRef100_A0A2B4SUJ0 Melatonin 100.0 9.8E-39 1.1E-44  294.1   0.0  290  109-406    27-321 (399)
     384 tr|A0A147AZW9|A0A147AZW9_FUNHE 100.0 9.6E-39 1.1E-44  307.3   0.0  288  109-403    85-437 (468)
     385 tr|A0A096NTW4|A0A096NTW4_PAPAN 100.0   1E-38 1.1E-44  289.8   0.0  285  109-398   132-425 (442)
     386 tr|K7GCC3|K7GCC3_PELSI Adrenoc 100.0 1.1E-38 1.1E-44  291.6   0.0  290  109-406    41-370 (488)
     387 UniRef100_A0A0L8H5P3 G_PROTEIN 100.0 1.1E-38 1.2E-44  297.5   0.0  283  106-401    71-374 (496)
     388 UniRef100_A0A087XI41 Mu-type o 100.0 1.1E-38 1.2E-44  289.0   0.0  287  107-398   150-438 (537)
     389 UniRef100_A0A023F4J9 Putative  100.0 1.1E-38 1.2E-44  303.6   0.0  279  111-399   158-492 (588)
     390 UniRef100_A0A0K0PUX3 Orphan G- 100.0 1.1E-38 1.2E-44  302.6   0.0  277  108-395    59-346 (419)
     391 tr|A0A2B4R9G2|A0A2B4R9G2_STYPI 100.0 1.1E-38 1.3E-44  290.9   0.0  281  109-398    60-348 (378)
     392 tr|A0A1I8N820|A0A1I8N820_MUSDO 100.0 1.2E-38 1.3E-44  304.4   0.0  280  110-400   305-638 (880)
     393 UniRef100_A0A060ILH2 Neuromedi 100.0 1.2E-38 1.3E-44  299.9   0.0  282  112-401   179-479 (606)
     394 tr|A0A2B4RYF4|A0A2B4RYF4_STYPI 100.0 1.2E-38 1.3E-44  289.0   0.0  284  107-399    22-311 (402)
     395 UniRef100_A0A4W4DTE3 G_PROTEIN 100.0 1.2E-38 1.3E-44  290.7   0.0  289  110-402    53-345 (379)
     396 tr|A0A060X5F3|A0A060X5F3_ONCMY 100.0 1.2E-38 1.3E-44  314.6   0.0  281  106-400   411-703 (840)
     397 tr|A0A182QHF8|A0A182QHF8_9DIPT 100.0 1.3E-38 1.4E-44  296.7   0.0  290  103-400    94-407 (581)
     398 UniRef100_A0A1S3HRK7 octopamin 100.0 1.3E-38 1.5E-44  299.2   0.0  279  110-398    65-349 (413)
     399 tr|A0A146NY53|A0A146NY53_FUNHE 100.0 1.3E-38 1.5E-44  295.7   0.0  280  111-399     8-317 (469)
     400 UniRef100_UPI0001CBB4DC allato 100.0 1.4E-38 1.5E-44  299.5   0.0  311   82-397    33-368 (431)
     401 tr|A0A067RDC3|A0A067RDC3_ZOONE 100.0 1.5E-38 1.6E-44  301.0   0.0  294  104-405    66-369 (506)
     402 UniRef100_A0A060VWI9 G_PROTEIN 100.0 1.6E-38 1.7E-44  298.6   0.0  279  115-400    66-395 (579)
     403 UniRef100_UPI000219022F Endoly 100.0 1.7E-38 1.8E-44  289.4   0.0  287  111-405   202-492 (507)
     404 tr|A0A226N2C0|A0A226N2C0_CALSU 100.0 1.7E-38 1.8E-44  292.5   0.0  283  109-402   224-523 (569)
     405 UniRef100_A0A6P8HX63 probable  100.0 1.6E-38 1.8E-44  298.0   0.0  282  109-405    57-366 (407)
     406 tr|W8B9D1|W8B9D1_CERCA 5-hydro 100.0 1.8E-38 1.9E-44  296.8   0.0  287  105-401   258-628 (664)
     407 UniRef100_A0A061I5W2 G-protein 100.0 1.8E-38 1.9E-44  289.2   0.0  296  100-403    67-369 (435)
     408 tr|L9JWP3|L9JWP3_TUPCH C-C che 100.0 1.8E-38   2E-44  306.6   0.0  280  106-399   384-669 (702)
     409 tr|A0A287CUD4|A0A287CUD4_ICTTR 100.0 1.9E-38   2E-44  288.7   0.0  282  108-400    17-308 (478)
     410 UniRef100_A0A087YRI1 G_PROTEIN 100.0 1.9E-38 2.1E-44  295.5   0.0  278  111-400    82-373 (438)
     411 tr|A0A0L7QUK8|A0A0L7QUK8_9HYME 100.0   2E-38 2.1E-44  302.7   0.0  289  106-400   198-499 (806)
     412 tr|A7SMQ7|A7SMQ7_NEMVE Predict 100.0 1.9E-38 2.1E-44  286.0   0.0  289  109-404    11-307 (358)
     413 UniRef100_A0A067RDC3 Prolactin 100.0   2E-38 2.2E-44  296.6   0.0  286  105-398    60-355 (541)
     414 UniRef100_A0A0K0PUE3 Orphan G- 100.0 2.1E-38 2.3E-44  299.5   0.0  281  108-395   115-423 (550)
     415 tr|A7S585|A7S585_NEMVE Predict 100.0 2.1E-38 2.3E-44  290.4   0.0  292  108-405    23-331 (374)
     416 tr|A7RNV5|A7RNV5_NEMVE Predict 100.0 2.2E-38 2.4E-44  286.6   0.0  288  107-402    29-332 (377)
     417 UniRef100_A0A0G3Y5J3 Peropsin  100.0 2.2E-38 2.4E-44  292.6   0.0  282  110-398    37-322 (363)
     418 UniRef100_A0A1D2MZ73 Somatosta 100.0 2.3E-38 2.4E-44  289.0   0.0  296  103-403    62-385 (533)
     419 tr|E6ZEU6|E6ZEU6_DICLA Neurome 100.0 2.3E-38 2.5E-44  295.2   0.0  289  110-403    89-398 (461)
     420 tr|A0A147A4W2|A0A147A4W2_FUNHE 100.0 2.3E-38 2.5E-44  293.7   0.0  293  107-404    92-448 (502)
     421 UniRef100_A0A060W5H6 G_PROTEIN 100.0 2.3E-38 2.5E-44  302.8   0.0  284  107-395    84-383 (528)
     422 UniRef100_A0A0L8H8I0 G_PROTEIN 100.0 2.3E-38 2.5E-44  304.2   0.0  282  106-398    69-362 (466)
     423 tr|T1KTS6|T1KTS6_TETUR Unchara 100.0 2.5E-38 2.6E-44  296.6   0.0  289  106-401   116-420 (587)
     424 UniRef100_A0A067R4E0 Tachykini 100.0 2.5E-38 2.7E-44  289.6   0.0  285  106-397    46-342 (396)
     425 tr|A0A1I8FSG9|A0A1I8FSG9_9PLAT 100.0 2.6E-38 2.8E-44  291.9   0.0  284  109-402   107-451 (550)
     426 UniRef100_A0A077Z2V7 Neuropept 100.0 2.6E-38 2.8E-44  290.1   0.0  286  108-396    68-372 (451)
     427 tr|L8Y5L0|L8Y5L0_TUPCH Alpha-2 100.0 2.6E-38 2.8E-44  306.3   0.0  281  109-401   393-820 (823)
     428 UniRef100_A0A026VW91 Neuropept 100.0 2.7E-38 2.8E-44  288.9   0.0  286  109-400   188-487 (582)
     429 UniRef100_A0A2R8PY66 5-hydroxy 100.0 2.8E-38   3E-44  279.4   0.0  290  107-407    54-362 (381)
     430 SRR6218665_799277              100.0 2.9E-38 3.1E-44  283.0   0.0  292  106-402   121-422 (456)
     431 UniRef100_UPI0003F07467 orexin 100.0 2.9E-38 3.1E-44  296.4   0.0  282  109-396    77-412 (535)
     432 tr|A0A182FRI7|A0A182FRI7_ANOAL 100.0 2.9E-38 3.2E-44  308.3   0.0  189  104-302   107-297 (677)
     433 tr|I3KRG5|I3KRG5_ORENI FGFR1 o 100.0 3.1E-38 3.3E-44  296.3   0.0  278  108-398   146-448 (489)
     434 ERR1719510_236906              100.0 3.1E-38 3.4E-44  301.6   0.0  295  106-407    79-381 (577)
     435 tr|L5M4Z9|L5M4Z9_MYODS C-C che 100.0 3.3E-38 3.5E-44  292.6   0.0  279  107-398   267-554 (590)
     436 tr|W5MC67|W5MC67_LEPOC Pyroglu 100.0 3.3E-38 3.5E-44  285.4   0.0  294  107-405    51-365 (441)
     437 UniRef100_A0A087QSW5 5-hydroxy 100.0 3.4E-38 3.6E-44  290.6   0.0  288  106-403   174-518 (570)
     438 UniRef100_A0A016TS00 G_PROTEIN 100.0 3.3E-38 3.7E-44  305.4   0.0  287  110-404   113-558 (622)
     439 tr|A0A2B4S6X2|A0A2B4S6X2_STYPI 100.0 3.5E-38 3.7E-44  284.0   0.0  281  110-403    24-327 (379)
     440 tr|A0A218UP03|A0A218UP03_9PASE 100.0 3.6E-38 3.8E-44  306.7   0.0  279  105-398   785-1073(1110)
     441 tr|A0A2B4SIA2|A0A2B4SIA2_STYPI 100.0 3.4E-38 3.8E-44  288.9   0.0  288  108-403    57-364 (370)
     442 UniRef100_A0A026VXG0 Octopamin 100.0 3.6E-38 3.9E-44  303.1   0.0  280  107-396    79-537 (647)
     443 tr|W4Z9U8|W4Z9U8_STRPU Unchara 100.0 3.7E-38 3.9E-44  282.4   0.0  294  106-404   104-416 (434)
     444 tr|V8NTH6|V8NTH6_OPHHA N-arach 100.0 3.6E-38   4E-44  310.3   0.0  290  105-399    24-323 (785)
     445 tr|A0A0N0BC55|A0A0N0BC55_9HYME 100.0 3.9E-38 4.1E-44  290.5   0.0  292  105-401   201-495 (615)
     446 UniRef100_A0A026W3I9 Neuropept 100.0 3.8E-38 4.1E-44  298.1   0.0  290  104-400    53-368 (599)
     447 UniRef100_A0A0L0C965 Tachykini 100.0 3.9E-38 4.1E-44  293.1   0.0  293  102-400   113-419 (611)
     448 UniRef100_A0A084WCX2 AGAP00493 100.0 3.7E-38 4.1E-44  294.8   0.0  279  110-399    95-388 (474)
     449 tr|A0A182L9N8|A0A182L9N8_9DIPT 100.0 3.8E-38 4.1E-44  294.5   0.0  288  107-401    86-384 (490)
     450 tr|W8C2A8|W8C2A8_CERCA Neurope 100.0 3.9E-38 4.2E-44  304.2   0.0  285  108-399   263-564 (827)
     451 tr|A0A2G9R7F4|A0A2G9R7F4_LITCT 100.0 3.9E-38 4.2E-44  285.4   0.0  281  103-397    42-329 (408)
     452 tr|A0A1S3W6N0|A0A1S3W6N0_ERIEU 100.0   4E-38 4.2E-44  293.3   0.0  286  111-402   133-446 (596)
     453 UniRef100_A0A091G1I5 Somatosta 100.0 4.1E-38 4.3E-44  261.5   0.0  285  110-399     3-289 (296)
     454 tr|A0A1S3L0J1|A0A1S3L0J1_SALSA 100.0   4E-38 4.3E-44  292.0   0.0  282  109-402    75-408 (533)
     455 UniRef100_A0A067RAQ2 Neuropept 100.0 4.2E-38 4.4E-44  286.5   0.0  286  108-399    99-396 (509)
     456 UniRef100_A0A0P5DS31 Neuropept 100.0 4.2E-38 4.5E-44  284.3   0.0  286  108-399    84-384 (482)
     457 UniRef100_A0A067RIW6 G_PROTEIN 100.0 4.2E-38 4.5E-44  302.6   0.0  286  107-401   182-548 (705)
     458 tr|K1PQM6|K1PQM6_CRAGI Putativ 100.0 4.2E-38 4.6E-44  286.6   0.0  295  107-405    88-400 (429)
     459 UniRef100_A0A026WJE1 Neuropept 100.0 4.3E-38 4.6E-44  297.2   0.0  288  108-399   117-440 (606)
     460 tr|A0A0K0PUV0|A0A0K0PUV0_PLADU 100.0 4.2E-38 4.6E-44  286.5   0.0  281  110-401    16-335 (373)
     461 tr|A0A212EZN3|A0A212EZN3_DANPL 100.0 4.4E-38 4.7E-44  290.9   0.0  287  107-400    52-355 (488)
     462 tr|A0A1V4K609|A0A1V4K609_PATFA 100.0 4.5E-38 4.7E-44  280.7   0.0  259  104-398   115-376 (403)
     463 tr|A0A2B4SSL5|A0A2B4SSL5_STYPI 100.0 4.5E-38 4.8E-44  277.8   0.0  291  108-406    20-316 (344)
     464 UniRef100_A0A096NVS2 Somatosta 100.0 4.7E-38 4.9E-44  282.8   0.0  284  109-400   114-398 (483)
     465 UniRef100_A0A026X164 G-protein 100.0 4.6E-38   5E-44  301.1   0.0  285  109-405   118-429 (604)
     466 tr|A0A0P6B3L3|A0A0P6B3L3_9CRUS 100.0 4.8E-38   5E-44  290.3   0.0  293  106-402    29-415 (623)
     467 tr|C3Z3H5|C3Z3H5_BRAFL Unchara 100.0 4.9E-38 5.2E-44  281.4   0.0  294  107-405    78-380 (405)
     468 tr|A0A210QT45|A0A210QT45_MIZYE 100.0   5E-38 5.2E-44  278.5   0.0  283  108-396    36-338 (395)
     469 UniRef100_A0A1A7ZR65 Somatosta 100.0 5.1E-38 5.3E-44  273.1   0.0  288  106-401    46-335 (390)
     470 UniRef100_A0A3M6T5D0 G_PROTEIN 100.0   5E-38 5.6E-44  292.2   0.0  277  106-406    49-330 (402)
     471 tr|M3ZYH7|M3ZYH7_XIPMA Unchara 100.0 5.1E-38 5.6E-44  288.3   0.0  288  106-406    82-380 (397)
     472 UniRef100_A0A024FLZ5 PQRFa pep 100.0 5.2E-38 5.6E-44  286.9   0.0  329   62-397     9-349 (416)
     473 tr|A0A1W4X208|A0A1W4X208_AGRPL 100.0 5.3E-38 5.7E-44  286.2   0.0  288  106-399    91-393 (467)
     474 UniRef100_A0A060VUH8 G_PROTEIN 100.0 5.3E-38 5.7E-44  292.7   0.0  290  104-399   156-453 (549)
     475 UniRef100_A0A0C9RF21 CapaR_3 p 100.0 5.3E-38 5.7E-44  294.3   0.0  286  112-402    54-359 (532)
     476 tr|A0A183TGM8|A0A183TGM8_SCHSO 100.0 5.3E-38 5.7E-44  287.8   0.0  291  106-400    61-373 (446)
     477 UniRef100_A0A091DLS9 Chemokine 100.0 5.5E-38 5.8E-44  288.7   0.0  279  106-398   174-470 (511)
     478 UniRef100_A0A1B6HDB2 G_PROTEIN 100.0 5.6E-38 5.9E-44  275.8   0.0  287  108-400    10-307 (360)
     479 UniRef100_A0A067R841 G_PROTEIN 100.0 5.7E-38 6.2E-44  297.8   0.0  289  107-399   104-409 (526)
     480 UniRef100_A0A1S2ZMW0 LOW QUALI 100.0 6.2E-38 6.4E-44  282.5   0.0  287  108-401   169-456 (520)
     481 UniRef100_A0A060VZU7 G_PROTEIN 100.0 5.9E-38 6.5E-44  297.8   0.0  293  104-399   139-445 (528)
     482 UniRef100_A0A3M6T6Z7 G_PROTEIN 100.0 6.1E-38 6.6E-44  280.1   0.0  281  110-400    27-317 (362)
     483 tr|A0A1S3NPB2|A0A1S3NPB2_SALSA 100.0 6.1E-38 6.6E-44  286.4   0.0  291  103-400    33-332 (443)
     484 UniRef100_A0A182H1J6 G_PROTEIN 100.0 6.6E-38   7E-44  305.7   0.0  193  108-305   317-511 (1005)
     485 UniRef100_A0A2B4S7Y2 Neuropept 100.0 6.3E-38 7.1E-44  298.8   0.0  276  108-398    80-370 (460)
     486 UniRef100_A0A3M6UBA2 G_PROTEIN 100.0 6.4E-38 7.1E-44  289.1   0.0  283  106-400    46-341 (383)
     487 UniRef100_A0A2G8KMT5 G_PROTEIN 100.0 6.7E-38 7.3E-44  288.4   0.0  270  114-397    41-325 (402)
     488 UniRef100_A0A060XSS1 5-hydroxy 100.0 6.8E-38 7.5E-44  310.2   0.0  291  106-403   207-555 (704)
     489 UniRef100_A0A3M6UKK8 G_PROTEIN 100.0 6.9E-38 7.7E-44  293.6   0.0  281  108-397    40-333 (406)
     490 tr|A0A1L7H7D8|A0A1L7H7D8_SACKO 100.0 7.5E-38   8E-44  279.7   0.0  286  107-405    69-370 (424)
     491 UniRef100_A0A6A4WEU8 5-hydroxy 100.0 7.5E-38   8E-44  292.4   0.0  282  110-401    68-441 (535)
     492 UniRef100_A0A315V7W7 Somatosta 100.0 7.8E-38 8.1E-44  281.3   0.0  289  108-401    72-362 (591)
     493 UniRef100_A0A2G8JGQ1 Putative  100.0 7.3E-38 8.1E-44  295.0   0.0  292  104-405    52-376 (455)
     494 UniRef100_UPI000B9126F2 D(1) d 100.0   8E-38 8.4E-44  281.3   0.0  299  106-417    14-335 (463)
     495 UniRef100_A0A0Q3PEJ5 Alpha-1B  100.0 8.1E-38 8.5E-44  291.3   0.0  284  109-405    62-390 (683)
     496 tr|A0A2B4RHV8|A0A2B4RHV8_STYPI 100.0 8.1E-38 8.7E-44  284.1   0.0  295  102-406   109-406 (421)
     497 tr|A0A218UPZ1|A0A218UPZ1_9PASE 100.0 8.3E-38 8.8E-44  288.0   0.0  283  102-397   209-501 (534)
     498 UniRef100_A0A060W714 Chemokine 100.0   8E-38 8.8E-44  296.5   0.0  279  106-399   118-397 (510)
     499 tr|A0A1U7SLA2|A0A1U7SLA2_TARSY 100.0 8.6E-38 9.1E-44  290.5   0.0  278  112-402   127-452 (601)
     500 UniRef100_A0A068WTW9 Tachykini 100.0 8.6E-38 9.3E-44  287.0   0.0  282  110-399    46-359 (453)
     
  > Uniprot already searched, skipping.
/projects/ilfgrid/apps/alphafold-2.2.0/prep_MSAs.sh: line 93: /bin/hmmbuild: No such file or directory
/projects/ilfgrid/apps/alphafold-2.2.0/prep_MSAs.sh: line 94: /bin/hmmsearch: No such file or directory
> Running chain B
  > Uniref90 already searched, skipping.
  > Mgnify already searched, skipping.
  > Running hhblits on bfd_uniref30
- 21:10:12.622 INFO: Searching 65983866 column state sequences.

- 21:10:13.613 INFO: Searching 29291635 column state sequences.

- 21:10:13.649 INFO: mchr1_human-1298/msas/B/chain_B.fasta is in A2M, A3M or FASTA format

- 21:10:13.649 INFO: Iteration 1

- 21:10:13.658 INFO: Prefiltering database

- 21:10:57.145 INFO: HMMs passed 1st prefilter (gapless profile-profile alignment)  : 237339

- 21:11:21.144 INFO: HMMs passed 1st prefilter (gapless profile-profile alignment)  : 169161

- 21:11:21.405 INFO: HMMs passed 2nd prefilter (gapped profile-profile alignment)   : 1130

- 21:11:21.405 INFO: HMMs passed 2nd prefilter and not found in previous iterations : 1130

- 21:11:21.405 INFO: Scoring 1130 HMMs using HMM-HMM Viterbi alignment

- 21:11:21.457 INFO: Alternative alignment: 0

- 21:11:23.123 INFO: 1130 alignments done

- 21:11:23.128 INFO: Alternative alignment: 1

- 21:11:23.192 INFO: 1026 alignments done

- 21:11:23.195 INFO: Alternative alignment: 2

- 21:11:23.200 INFO: 5 alignments done

- 21:11:23.200 INFO: Alternative alignment: 3

- 21:11:23.205 INFO: 2 alignments done

- 21:11:23.402 INFO: Premerge done

- 21:11:23.403 INFO: Realigning 500 HMM-HMM alignments using Maximum Accuracy algorithm

- 21:11:23.539 INFO: 26 sequences belonging to 26 database HMMs found with an E-value < 0.001

- 21:11:23.539 INFO: Number of effective sequences of resulting query HMM: Neff = 7.72368

- 21:11:23.555 INFO: Iteration 2

- 21:11:23.555 INFO: Set premerge to 0! (premerge: 3 iteration: 2 hits.Size: 23)

- 21:11:23.568 INFO: Prefiltering database

- 21:12:00.722 INFO: HMMs passed 1st prefilter (gapless profile-profile alignment)  : 16194

- 21:12:19.653 INFO: HMMs passed 1st prefilter (gapless profile-profile alignment)  : 27994

- 21:12:19.693 INFO: HMMs passed 2nd prefilter (gapped profile-profile alignment)   : 56

- 21:12:19.693 INFO: HMMs passed 2nd prefilter and not found in previous iterations : 34

- 21:12:19.693 INFO: Scoring 34 HMMs using HMM-HMM Viterbi alignment

- 21:12:19.744 INFO: Alternative alignment: 0

- 21:12:19.754 INFO: 34 alignments done

- 21:12:19.754 INFO: Alternative alignment: 1

- 21:12:19.754 INFO: 7 alignments done

- 21:12:19.754 INFO: Alternative alignment: 2

- 21:12:19.754 INFO: Alternative alignment: 3

- 21:12:19.773 INFO: No new hits found in iteration 2 => Stop searching

- 21:12:19.773 INFO: Rescoring previously found HMMs with Viterbi algorithm

- 21:12:19.805 INFO: Alternative alignment: 0

- 21:12:19.807 INFO: 23 alignments done

- 21:12:19.807 INFO: Alternative alignment: 1

- 21:12:19.809 INFO: 23 alignments done

- 21:12:19.809 INFO: Alternative alignment: 2

- 21:12:19.809 INFO: Alternative alignment: 3

- 21:12:19.830 INFO: Realigning 55 HMM-HMM alignments using Maximum Accuracy algorithm

- 21:12:19.848 INFO: 26 sequences belonging to 26 database HMMs found with an E-value < 0.001

- 21:12:19.848 INFO: Number of effective sequences of resulting query HMM: Neff = 7.72368

     Query         melanin-concentrating hormone gtp:1298
     Match_columns 19
     No_of_seqs    63 out of 352
     Neff          7.72368
     Searched_HMMs 1150
     Date          Wed Mar  8 21:12:19 2023
     Command       hhblits -i mchr1_human-1298/msas/B/chain_B.fasta -cpu 4 -maxmem 20 -oa3m /projects/ilfgrid/people/nqz918/code/deorph/scripts/af_arman/af_jobs_af23/mchr1_human/1298//mchr1_human-1298/msas/B/bfd_uniref_hits.a3m -o /dev/null -n 3 -e 0.001 -maxseq 1000000 -realign_max 100000 -maxfilt 100000 -min_prefilter_hits 1000 -d /projects/ilfgrid/data/alphafold-genetic-databases///bfd/bfd_metaclust_clu_complete_id30_c90_final_seq.sorted_opt -d /projects/ilfgrid/data/alphafold-genetic-databases///uniref30/UniRef30_2021_03 
     
      No Hit                             Prob E-value P-value  Score    SS Cols Query HMM  Template HMM
       1 tr|K7G3V5|K7G3V5_PELSI Pro-mel  99.0 2.9E-12 3.5E-18   59.3   0.0   19    1-19    152-170 (170)
       2 UniRef100_A0A401T4V4 Uncharact  99.0 5.5E-12 6.2E-18   58.3   0.0   19    1-19    151-169 (169)
       3 UniRef100_A0A061IKU1 Pro-MCH-l  98.9   3E-11 3.4E-17   58.5   0.0   19    1-19    203-221 (255)
       4 tr|A0A2D0T2Q5|A0A2D0T2Q5_ICTPU  98.8 5.2E-11 6.3E-17   55.0   0.0   19    1-19    138-156 (156)
       5 UniRef100_A0A2D0T2Q5 Melanin-c  98.8 1.1E-10 1.2E-16   54.4   0.0   19    1-19    148-166 (166)
       6 UniRef100_UPI00109FB5F2 pro-MC  98.7 4.6E-10 4.7E-16   49.5   0.0   19    1-19     95-113 (113)
       7 tr|A0A1V4K7X5|A0A1V4K7X5_PATFA  98.6 5.3E-10 5.6E-16   52.1   0.0   19    1-19    154-172 (172)
       8 UniRef100_A0A553N9Y5 Melanin-c  98.6 1.1E-09 1.2E-15   49.7   0.0   19    1-19    110-128 (128)
       9 UniRef100_A0A1L8GUT3 Uncharact  98.5 1.4E-09 1.5E-15   50.4   0.0   19    1-19    149-167 (167)
      10 UniRef100_A0A671M3S4 Melanin-c  98.3 1.8E-08   2E-14   47.4   0.0   19    1-19    144-162 (167)
      11 tr|A0A146RNU8|A0A146RNU8_FUNHE  98.2 1.9E-08 2.8E-14   47.6   0.0   16    3-18    179-194 (195)
      12 UniRef100_A0A452GJR7 Pro-melan  98.2 4.1E-08 4.3E-14   47.0   0.0   19    1-19    182-200 (200)
      13 UniRef100_A0A2I3G8T0 Uncharact  97.9 4.6E-07   5E-13   40.1   0.0   18    1-19     75-92  (92)
      14 UniRef100_A0A060WAZ5 Melanin-c  97.9 4.9E-07 6.1E-13   44.1   0.0   15    5-19    163-177 (202)
      15 UniRef100_A0A3B3BBA1 Melanin-c  97.8 1.1E-06 1.2E-12   41.4   0.0   19    1-19    138-156 (156)
      16 UniRef100_A0A4W5PS89 Melanin-c  97.7 1.4E-06 1.4E-12   38.4   0.0   19    1-19     74-92  (92)
      17 tr|A0A1A8NCL1|A0A1A8NCL1_9TELE  97.6 2.6E-06   3E-12   40.8   0.0   16    3-18    146-161 (162)
      18 UniRef100_A0A3B4CHM6 Melanin-c  97.1 5.5E-05 5.6E-11   38.8   0.0   16    4-19    297-312 (312)
      19 UniRef100_A0A087YJ06 Melanin-c  97.0 8.4E-05 8.6E-11   33.1   0.0   15    4-18     72-86  (87)
      20 UniRef100_UPI001471D628 pro-me  96.9 0.00014 1.5E-10   35.0   0.0   16    4-19    147-162 (162)
      21 UniRef100_A0A437CTH3 Melanin-c  96.9 0.00016 1.7E-10   35.2   0.0   16    3-18    161-176 (177)
      22 UniRef100_A0A498MEK8 Branched-  96.1  0.0028 2.8E-09   35.4   0.0   16    4-19    608-623 (623)
      23 tr|A0A1S3N020|A0A1S3N020_SALSA  95.6   0.011 1.2E-08   29.9   0.0   19    1-19    128-150 (175)
      24 UniRef100_A0A0A9QD45 Uncharact  93.3    0.27 2.8E-07   21.0   0.0   17    1-17     16-32  (46)
      25 UniRef100_A0A1W9XCP9 Uncharact  92.2    0.57 5.9E-07   21.7   0.0   16    4-19     25-40  (73)
      26 UniRef100_A0A0A9K6M8 Uncharact  89.6     1.9 1.9E-06   17.3   0.0   15    4-18     14-28  (28)
      27 UniRef100_UPI000B859064 hypoth  88.8     2.4 2.5E-06   21.2   0.0   15    4-18     84-98  (109)
      28 UniRef100_X1HHZ2 Uncharacteriz  88.7     2.5 2.5E-06   19.7   0.0   16    1-16     38-55  (67)
      29 UniRef100_A0A285FPU1 Uncharact  88.7     2.5 2.5E-06   17.6   0.0   13    6-18      8-20  (34)
      30 UniRef100_A0A011Q830 Uncharact  87.5     3.5 3.6E-06   19.6   0.0   10    9-18      2-11  (73)
      31 UniRef100_A0A382R7X6 Uncharact  87.0     3.9   4E-06   19.5   0.0   18    1-18     52-69  (75)
      32 UniRef100_A0A1G6ZHF5 Uncharact  86.7     4.3 4.4E-06   18.9   0.0   17    1-17     26-42  (63)
      33 UniRef100_A0A0G1EML4 Uncharact  86.5     4.4 4.5E-06   19.8   0.0   15    3-17     37-51  (86)
      34 UniRef100_A0A2M9E9J8 Uncharact  84.8     6.4 6.6E-06   20.3   0.0   14    6-19     72-85  (122)
      35 UniRef100_A0A2P5VSN1 Uncharact  84.6     6.6 6.8E-06   20.2   0.0   18    1-18     80-97  (119)
      36 UniRef100_A0A0X3BIT0 Uncharact  84.6     6.7 6.9E-06   19.1   0.0   15    4-18      7-21  (81)
      37 UniRef100_A0A0E9Q3M7 Uncharact  83.1     8.6 8.8E-06   16.2   0.0   14    5-18      7-20  (34)
      38 UniRef100_A0A2W5X5D6 Uncharact  83.1     8.7 8.9E-06   20.3   0.0   12    1-12    123-134 (142)
      39 UniRef100_A0A0A9H7I1 Uncharact  82.1      10   1E-05   17.9   0.0   15    2-16     12-26  (63)
      40 UniRef100_G8R195 Uncharacteriz  81.7      11 1.1E-05   20.5   0.0   17    2-18     26-42  (172)
      41 UniRef100_A0A1V5D3H7 Uncharact  81.2      12 1.2E-05   19.0   0.0   15    2-16     66-80  (101)
      42 UniRef100_A0A3S9H4N3 Uncharact  78.6      16 1.7E-05   17.7   0.0   14    5-18      2-15  (74)
      43 UniRef100_J8JWU6 Uncharacteriz  77.4      19   2E-05   17.6   0.0   16    1-16     44-59  (75)
      44 UniRef100_A0A242I364 Uncharact  75.3      24 2.5E-05   17.9   0.0   17    1-17     69-85  (92)
      45 UniRef100_X1A5S9 Uncharacteriz  75.1      24 2.5E-05   17.8   0.0   16    3-18     76-91  (91)
      46 UniRef100_A0A0G0I487 Uncharact  75.0      25 2.5E-05   17.4   0.0   15    4-18     43-57  (78)
      47 UniRef100_A0A4Y2HXL3 Mariner M  74.5      26 2.7E-05   18.3   0.0   18    1-18     93-110 (111)
      48 UniRef100_A0A2P5X3R1 Uncharact  74.3      27 2.7E-05   19.7   0.0   17    2-18     37-53  (206)
      49 UniRef100_A0A7S4SPD8 Hypotheti  72.5      31 3.2E-05   17.9   0.0   13    2-14     31-43  (108)
      50 UniRef100_A0A3D3M3R3 AraC fami  68.1      46 4.8E-05   18.4   0.0   15    1-15     31-45  (160)
      51 UniRef100_A0A7I8J9J8 Hypotheti  65.9      55 5.7E-05   16.7   0.0   15    4-18     56-70  (86)
      52 UniRef100_UPI000F043221 hypoth  65.7      56 5.7E-05   16.3   0.0   18    1-18      6-23  (75)
      53 UniRef100_A0A2P5XC63 Uncharact  62.0      73 7.5E-05   17.6   0.0   18    1-18     54-71  (144)
      54 UniRef100_A0A0G0MMA7 Uncharact  61.8      74 7.7E-05   18.1   0.0   16    1-16    155-170 (186)
      55 UniRef100_A0A2X4X4I8 Uncharact  60.9      79 8.2E-05   15.6   0.0   15    4-18     36-50  (67)
     
  > Uniprot already searched, skipping.
/projects/ilfgrid/apps/alphafold-2.2.0/prep_MSAs.sh: line 93: /bin/hmmbuild: No such file or directory
/projects/ilfgrid/apps/alphafold-2.2.0/prep_MSAs.sh: line 94: /bin/hmmsearch: No such file or directory

>> Job finished at: Wed Mar  8 21:12:25 CET 2023

>> Runtime: 1179 s
