>> Job started at: Wed Mar  8 10:57:28 CET 2023
   On Machine:     ilfgridgpun01fl.unicph.domain
   In directory:   /projects/ilfgrid/people/nqz918/code/deorph/scripts/af_arman/af_jobs_af23/v1ar_rat/2168

>> GPU is 

Loaded miniconda shell environment for bash
> Running 'prep_MSAs.sh'
  > Alphafold-DB directory is set to /projects/ilfgrid/data/alphafold-genetic-databases//
  > Number of cores was set to set to 4
  > Max memory set to 20 GB
  > Output directory was set to /projects/ilfgrid/people/nqz918/code/deorph/scripts/af_arman/af_jobs_af23/v1ar_rat/2168/
  > Input fastafile was set to /projects/ilfgrid/people/nqz918/code/deorph/scripts/af_arman/af_jobs_af23/v1ar_rat/2168/v1ar_rat-2168.fasta
> Splitting fastafile
> Running chain A
  > Uniref90 already searched, skipping.
  > Mgnify already searched, skipping.
  > Running hhblits on bfd_uniref30
- 10:57:49.305 INFO: Searching 65983866 column state sequences.

- 10:57:50.193 INFO: Searching 29291635 column state sequences.

- 10:57:50.224 INFO: v1ar_rat-2168/msas/A/chain_A.fasta is in A2M, A3M or FASTA format

- 10:57:50.225 INFO: Iteration 1

- 10:57:50.423 INFO: Prefiltering database

- 10:59:13.520 INFO: HMMs passed 1st prefilter (gapless profile-profile alignment)  : 2379508

- 11:00:08.086 INFO: HMMs passed 1st prefilter (gapless profile-profile alignment)  : 1024076

- 11:00:16.746 INFO: HMMs passed 2nd prefilter (gapped profile-profile alignment)   : 31726

- 11:00:16.746 INFO: HMMs passed 2nd prefilter and not found in previous iterations : 31726

- 11:00:16.746 INFO: Scoring 31726 HMMs using HMM-HMM Viterbi alignment

- 11:00:16.803 INFO: Alternative alignment: 0

- 11:00:17.594 INFO: 2000 alignments done

- 11:00:18.353 INFO: 4000 alignments done

- 11:00:19.172 INFO: 6000 alignments done

- 11:00:27.980 INFO: 8000 alignments done

- 11:00:28.911 INFO: 10000 alignments done

- 11:00:29.969 INFO: 12000 alignments done

- 11:00:30.826 INFO: 14000 alignments done

- 11:00:31.415 INFO: 16000 alignments done

- 11:00:32.074 INFO: 18000 alignments done

- 11:00:32.678 INFO: 20000 alignments done

- 11:00:33.293 INFO: 22000 alignments done

- 11:00:33.919 INFO: 24000 alignments done

- 11:00:34.386 INFO: 26000 alignments done

- 11:00:34.891 INFO: 28000 alignments done

- 11:00:35.906 INFO: 30000 alignments done

- 11:00:37.039 INFO: 31726 alignments done

- 11:00:37.049 INFO: Alternative alignment: 1

- 11:00:51.973 INFO: 31592 alignments done

- 11:00:52.003 INFO: Alternative alignment: 2

- 11:00:56.037 INFO: 7900 alignments done

- 11:00:56.052 INFO: Alternative alignment: 3

- 11:00:56.680 INFO: 1337 alignments done

- 11:00:57.365 INFO: Premerge done

- 11:00:57.366 INFO: Realigning 11591 HMM-HMM alignments using Maximum Accuracy algorithm

- 11:02:06.994 INFO: 11594 sequences belonging to 11594 database HMMs found with an E-value < 0.001

- 11:02:06.995 INFO: Number of effective sequences of resulting query HMM: Neff = 10.3719

- 11:02:07.199 INFO: Iteration 2

- 11:02:07.199 INFO: Set premerge to 0! (premerge: 3 iteration: 2 hits.Size: 11591)

- 11:02:07.326 INFO: Prefiltering database

- 11:03:27.976 INFO: HMMs passed 1st prefilter (gapless profile-profile alignment)  : 12752483

- 11:04:04.350 WARNING: Number of hits passing 2nd prefilter (reduced from 102405 to allowed maximum of 100000).
You can increase the allowed maximum using the -maxfilt <max> option.

- 11:04:42.976 INFO: HMMs passed 1st prefilter (gapless profile-profile alignment)  : 4259946

- 11:04:59.808 WARNING: Number of hits passing 2nd prefilter (reduced from 138808 to allowed maximum of 100000).
You can increase the allowed maximum using the -maxfilt <max> option.

- 11:05:00.011 WARNING: database contains sequences that exceed maximum allowed size (maxres = 20001). Max sequence length can be increased with parameter -maxres.

- 11:05:00.030 INFO: HMMs passed 2nd prefilter (gapped profile-profile alignment)   : 200000

- 11:05:00.030 INFO: HMMs passed 2nd prefilter and not found in previous iterations : 188615

- 11:05:00.030 INFO: Scoring 188615 HMMs using HMM-HMM Viterbi alignment

- 11:05:00.068 INFO: Alternative alignment: 0

- 11:05:06.109 INFO: 2000 alignments done

- 11:05:24.571 INFO: 4000 alignments done

- 11:05:38.425 INFO: 6000 alignments done

- 11:05:51.203 INFO: 8000 alignments done

- 11:06:04.989 INFO: 10000 alignments done

- 11:06:24.798 INFO: 12000 alignments done

- 11:06:42.376 INFO: 14000 alignments done

- 11:06:58.081 INFO: 16000 alignments done

- 11:07:03.518 INFO: 18000 alignments done

- 11:07:03.534 INFO: Stop after DB-HHM: 18000 because early stop  16.6363 < filter cutoff 20

- 11:07:03.534 INFO: Alternative alignment: 1

- 11:07:06.661 INFO: 8487 alignments done

- 11:07:06.670 INFO: Alternative alignment: 2

- 11:07:07.080 INFO: 837 alignments done

- 11:07:07.082 INFO: Alternative alignment: 3

- 11:07:07.172 INFO: 137 alignments done

- 11:07:07.292 INFO: Realigning 4930 HMM-HMM alignments using Maximum Accuracy algorithm

- 11:07:48.342 INFO: 16524 sequences belonging to 16524 database HMMs found with an E-value < 0.001

- 11:07:48.342 INFO: Number of effective sequences of resulting query HMM: Neff = 10.7442

- 11:07:48.463 INFO: Iteration 3

- 11:07:48.679 INFO: Prefiltering database

- 11:09:10.977 INFO: HMMs passed 1st prefilter (gapless profile-profile alignment)  : 12852193

- 11:09:50.533 WARNING: Number of hits passing 2nd prefilter (reduced from 100146 to allowed maximum of 100000).
You can increase the allowed maximum using the -maxfilt <max> option.

- 11:10:32.237 INFO: HMMs passed 1st prefilter (gapless profile-profile alignment)  : 4304447

- 11:10:51.188 WARNING: Number of hits passing 2nd prefilter (reduced from 137174 to allowed maximum of 100000).
You can increase the allowed maximum using the -maxfilt <max> option.

- 11:10:51.404 WARNING: database contains sequences that exceed maximum allowed size (maxres = 20001). Max sequence length can be increased with parameter -maxres.

- 11:10:51.404 INFO: HMMs passed 2nd prefilter (gapped profile-profile alignment)   : 200000

- 11:10:51.404 INFO: HMMs passed 2nd prefilter and not found in previous iterations : 183761

- 11:10:51.404 INFO: Scoring 183761 HMMs using HMM-HMM Viterbi alignment

- 11:10:51.445 INFO: Alternative alignment: 0

- 11:10:52.115 INFO: 2000 alignments done

- 11:10:52.953 INFO: 4000 alignments done

- 11:10:53.885 INFO: 6000 alignments done

- 11:10:55.427 INFO: 8000 alignments done

- 11:10:57.798 INFO: 10000 alignments done

- 11:10:59.970 INFO: 12000 alignments done

- 11:11:05.689 INFO: 14000 alignments done

- 11:11:14.354 INFO: 16000 alignments done

- 11:11:14.356 INFO: Stop after DB-HHM: 16000 because early stop  15.9099 < filter cutoff 20

- 11:11:14.356 INFO: Alternative alignment: 1

- 11:11:16.754 INFO: 4490 alignments done

- 11:11:16.766 INFO: Alternative alignment: 2

- 11:11:17.067 INFO: 579 alignments done

- 11:11:17.068 INFO: Alternative alignment: 3

- 11:11:17.148 INFO: 111 alignments done

- 11:11:17.241 INFO: Rescoring previously found HMMs with Viterbi algorithm

- 11:11:17.281 INFO: Alternative alignment: 0

- 11:11:17.895 INFO: 2000 alignments done

- 11:11:18.500 INFO: 4000 alignments done

- 11:11:19.126 INFO: 6000 alignments done

- 11:11:19.755 INFO: 8000 alignments done

- 11:11:20.374 INFO: 10000 alignments done

- 11:11:20.995 INFO: 12000 alignments done

- 11:11:21.598 INFO: 14000 alignments done

- 11:11:22.200 INFO: 16000 alignments done

- 11:11:22.281 INFO: 16236 alignments done

- 11:11:22.282 INFO: Alternative alignment: 1

- 11:11:27.528 INFO: 16236 alignments done

- 11:11:27.546 INFO: Alternative alignment: 2

- 11:11:28.148 INFO: 1298 alignments done

- 11:11:28.157 INFO: Alternative alignment: 3

- 11:11:28.281 INFO: 191 alignments done

- 11:11:28.527 INFO: Premerge done

- 11:11:28.529 INFO: Realigning 16829 HMM-HMM alignments using Maximum Accuracy algorithm

- 11:12:07.720 INFO: 16889 sequences belonging to 16889 database HMMs found with an E-value < 0.001

- 11:12:07.720 INFO: Number of effective sequences of resulting query HMM: Neff = 10.7757

     Query         v1ar_rat P30560
     Match_columns 424
     No_of_seqs    2943 out of 234160
     Neff          10.7757
     Searched_HMMs 219957
     Date          Wed Mar  8 11:12:07 2023
     Command       hhblits -i v1ar_rat-2168/msas/A/chain_A.fasta -cpu 4 -maxmem 20 -oa3m /projects/ilfgrid/people/nqz918/code/deorph/scripts/af_arman/af_jobs_af23/v1ar_rat/2168//v1ar_rat-2168/msas/A/bfd_uniref_hits.a3m -o /dev/null -n 3 -e 0.001 -maxseq 1000000 -realign_max 100000 -maxfilt 100000 -min_prefilter_hits 1000 -d /projects/ilfgrid/data/alphafold-genetic-databases///bfd/bfd_metaclust_clu_complete_id30_c90_final_seq.sorted_opt -d /projects/ilfgrid/data/alphafold-genetic-databases///uniref30/UniRef30_2021_03 
     
      No Hit                             Prob E-value P-value  Score    SS Cols Query HMM  Template HMM
       1 UniRef100_A0A3Q7TQI5 Vasopress 100.0 1.2E-85 1.2E-91  560.2   0.0  420    1-424   138-557 (557)
       2 tr|V8NBS5|V8NBS5_OPHHA Vasopre 100.0 1.9E-85   2E-91  552.0   0.0  409    1-414    55-469 (469)
       3 UniRef100_A0A088DIX9 Vasotocin 100.0 5.3E-85 5.5E-91  571.0   0.0  417    1-424    94-516 (546)
       4 UniRef100_A0A068BDA2 Vasopress 100.0 1.6E-83 1.6E-89  528.8   0.0  419    1-424     5-423 (423)
       5 tr|A0A2G9RDH8|A0A2G9RDH8_LITCT 100.0 1.8E-75 1.9E-81  496.7   0.0  408    1-423     1-519 (520)
       6 tr|A0A2D0T324|A0A2D0T324_ICTPU 100.0 7.1E-75 7.4E-81  497.4   0.0  364   37-415    45-411 (453)
       7 UniRef100_A0A060WIU8 G_PROTEIN 100.0 1.4E-74 1.4E-80  486.0   0.0  374   38-423    52-427 (458)
       8 UniRef100_A0A091G7A7 Vasopress 100.0 2.7E-73 2.8E-79  486.2   0.0  364   37-424    35-398 (398)
       9 UniRef100_A0A060XH94 G_PROTEIN 100.0 1.3E-72 1.3E-78  496.9   0.0  371   38-417   104-480 (542)
      10 tr|A0A146VCE1|A0A146VCE1_FUNHE 100.0 6.8E-68 7.1E-74  470.6   0.0  344   37-389    35-398 (592)
      11 UniRef100_UPI000E1DEBCC vasopr 100.0 2.3E-67 2.4E-73  446.2   0.0  381   40-424   229-609 (609)
      12 tr|A0A0P7TW44|A0A0P7TW44_9TELE 100.0 5.3E-64 5.5E-70  422.7   0.0  347   37-422    84-432 (434)
      13 UniRef100_A0A315VLZ3 G_PROTEIN 100.0 8.1E-64 8.3E-70  418.7   0.0  369   37-417    37-407 (529)
      14 UniRef100_A0A060W145 G_PROTEIN 100.0 6.5E-61 6.7E-67  419.9   0.0  319   38-373   100-418 (567)
      15 tr|L5M9C0|L5M9C0_MYODS Oxytoci 100.0 1.7E-60 1.7E-66  414.9   0.0  295   44-372   146-440 (482)
      16 tr|W4YZL0|W4YZL0_STRPU Unchara 100.0 1.3E-58 1.4E-64  402.3   0.0  332   38-377    39-395 (461)
      17 tr|A0A060WJQ0|A0A060WJQ0_ONCMY 100.0 2.4E-58 2.5E-64  378.0   0.0  349   38-396    29-377 (428)
      18 UniRef100_A0A6F9BCS3 G_PROTEIN 100.0 2.4E-57 2.4E-63  391.4   0.0  349   38-396   315-663 (697)
      19 UniRef100_UPI0011C0F453 arg8-v 100.0 8.5E-57 8.8E-63  382.1   0.0  349   38-395   223-571 (597)
      20 tr|Q5MZ03|Q5MZ03_TAKRU Vasotoc 100.0 1.1E-56 1.2E-62  373.1   0.0  332   37-380    15-346 (447)
      21 UniRef100_A0A088DHW5 Vasotocin 100.0 7.5E-56 7.8E-62  388.1   0.0  327   42-376    46-390 (463)
      22 UniRef100_A0A0K0PVK9 Vasotocin 100.0 1.1E-55 1.2E-61  396.3   0.0  317   43-367    53-381 (485)
      23 tr|A0A1V4J9P2|A0A1V4J9P2_PATFA 100.0 4.8E-55   5E-61  387.7   0.0  303   40-362   350-652 (688)
      24 UniRef100_A0A0L8G5L6 G_PROTEIN 100.0 5.8E-55 6.1E-61  391.6   0.0  316   44-374    60-381 (505)
      25 UniRef100_A0A2G8KL37 Cholecyst 100.0 2.6E-54 2.7E-60  378.2   0.0  319   52-374    99-431 (493)
      26 tr|T1JNT7|T1JNT7_STRMM Unchara 100.0 2.7E-54 2.8E-60  381.8   0.0  330   41-376    19-368 (471)
      27 UniRef100_A0A6P4Z4S7 G-protein 100.0 2.9E-54   3E-60  390.6   0.0  296   50-377    58-355 (417)
      28 tr|A0A1S3MHC2|A0A1S3MHC2_SALSA 100.0 2.9E-54   3E-60  385.9   0.0  330   40-376    98-590 (618)
      29 UniRef100_A0A024FLF0 PQRFa pep 100.0 5.2E-54 5.5E-60  386.6   0.0  300   47-373    45-346 (413)
      30 UniRef100_A0A0K0PUR1 Orphan G- 100.0 5.3E-54 5.5E-60  388.7   0.0  296   46-369   109-407 (530)
      31 UniRef100_A0A164MD49 Putative  100.0 7.7E-54   8E-60  377.6   0.0  321   49-374    47-396 (498)
      32 UniRef100_A0A1S3HKE5 allatosta 100.0 7.8E-54 8.2E-60  384.4   0.0  294   50-374    81-377 (462)
      33 UniRef100_A0A141CIT8 G protein 100.0 4.3E-53 4.5E-59  375.3   0.0  301   43-376    78-379 (488)
      34 UniRef100_A0A026W5R0 Orexin re 100.0 4.3E-53 4.5E-59  382.9   0.0  309   50-374   116-427 (529)
      35 UniRef100_A0A026WK40 Cholecyst 100.0 6.2E-53 6.5E-59  390.8   0.0  321   51-376   154-546 (656)
      36 UniRef100_A0A1D1W534 G_PROTEIN 100.0 1.1E-52 1.1E-58  383.1   0.0  321   50-375    77-435 (492)
      37 UniRef100_A0A060WC63 G_PROTEIN 100.0 1.1E-52 1.2E-58  365.9   0.0  315   38-372    96-410 (459)
      38 UniRef100_A0A026WTK8 Tachykini 100.0 3.7E-52 3.8E-58  374.0   0.0  295   52-375    90-390 (556)
      39 UniRef100_A0A154PKR3 Tachykini 100.0 5.4E-52 5.7E-58  368.6   0.0  298   47-373    72-374 (457)
      40 UniRef100_A0A060WAU0 G_PROTEIN 100.0 6.6E-52 6.9E-58  368.2   0.0  309   44-372   143-452 (529)
      41 UniRef100_A0A6P4Y4T1 galanin r 100.0 1.2E-51 1.2E-57  359.9   0.0  299   47-376    54-354 (410)
      42 UniRef100_A0A1S3HEB7 cephaloto 100.0 1.5E-51 1.5E-57  362.3   0.0  315   42-363    61-398 (480)
      43 UniRef100_A0A177B9B5 Rhodopsin 100.0 1.5E-51 1.5E-57  359.5   0.0  312   49-371    88-400 (464)
      44 UniRef100_A0A6P4XD29 neuropept 100.0 1.9E-51   2E-57  356.3   0.0  299   45-369    35-338 (385)
      45 UniRef100_A0A2B4S7K2 Histamine 100.0   2E-51 2.1E-57  363.2   0.0  308   42-378    23-332 (369)
      46 UniRef100_A0A061INJ6 Pyrogluta 100.0 2.6E-51 2.8E-57  378.3   0.0  299   53-372   154-457 (594)
      47 UniRef100_A0A023F675 Putative  100.0 3.3E-51 3.4E-57  374.8   0.0  293   50-374   125-420 (530)
      48 tr|A0A1L8GHK0|A0A1L8GHK0_XENLA 100.0 4.1E-51 4.3E-57  338.6   0.0  309   37-365    30-338 (402)
      49 UniRef100_A0A1D2M4J2 Neuropept 100.0 5.5E-51 5.7E-57  362.0   0.0  299   47-373   122-423 (497)
      50 UniRef100_A0A1S3J712 QRFP-like 100.0 6.4E-51 6.7E-57  366.3   0.0  292   53-372    69-370 (507)
      51 tr|A0A1I8PIJ9|A0A1I8PIJ9_STOCA 100.0 7.7E-51   8E-57  368.0   0.0  297   51-376   169-470 (680)
      52 UniRef100_A0A0K0PUL8 Allatosta 100.0   8E-51 8.3E-57  356.4   0.0  292   51-374    50-345 (396)
      53 UniRef100_A0A026X3T6 Allatosta 100.0 8.9E-51 9.3E-57  365.1   0.0  288   50-375   138-427 (540)
      54 UniRef100_A0A1N7TCF1 Galanin r 100.0 9.1E-51 9.5E-57  354.9   0.0  290   50-376    70-363 (407)
      55 UniRef100_A0A077Z2H9 Putative  100.0 1.1E-50 1.1E-56  363.3   0.0  316   54-373    74-396 (477)
      56 UniRef100_A0A2B4SDF9 Neuropept 100.0 1.1E-50 1.2E-56  357.3   0.0  294   50-376    88-382 (455)
      57 UniRef100_A0A139WB32 Tachykini 100.0 1.6E-50 1.7E-56  352.8   0.0  297   52-376    44-345 (405)
      58 UniRef100_A0A026WW28 Neuropept 100.0 1.7E-50 1.8E-56  367.2   0.0  298   46-374    83-381 (552)
      59 UniRef100_A0A096NAQ2 Cholecyst 100.0 1.9E-50   2E-56  361.9   0.0  321   51-372   150-500 (617)
      60 tr|C3XSP5|C3XSP5_BRAFL Unchara 100.0 2.4E-50 2.5E-56  341.4   0.0  299   52-376    28-329 (403)
      61 UniRef100_A0A0P0YUU8 Cannabino 100.0 2.8E-50 2.9E-56  355.5   0.0  319   55-378    86-422 (496)
      62 tr|A0A088DHW5|A0A088DHW5_PETMA 100.0 2.9E-50   3E-56  339.4   0.0  314   40-367    34-352 (431)
      63 UniRef100_A0A6J8CLU9 HCRTR2 n= 100.0   3E-50 3.2E-56  348.1   0.0  313   44-376    45-361 (422)
      64 UniRef100_A0A0K0PUI9 Orphan G- 100.0 3.2E-50 3.4E-56  367.8   0.0  305   47-375    97-409 (534)
      65 tr|Q25396|Q25396_LYMST Conopre 100.0 3.4E-50 3.5E-56  355.9   0.0  315   39-361    58-399 (462)
      66 UniRef100_UPI0003314895 oxytoc 100.0 3.9E-50   4E-56  346.4   0.0  326   37-377   240-565 (602)
      67 UniRef100_A0A060VUW6 G_PROTEIN 100.0 4.3E-50 4.5E-56  374.5   0.0  311   50-374   116-440 (574)
      68 tr|A0A210Q294|A0A210Q294_MIZYE 100.0 6.1E-50 6.3E-56  345.1   0.0  321   41-366    37-363 (449)
      69 UniRef100_A0A060VSP8 5-hydroxy 100.0 6.3E-50 6.6E-56  357.7   0.0  312   52-376    88-418 (479)
      70 UniRef100_A0A210QEM7 Neuropept 100.0 7.3E-50 7.6E-56  347.5   0.0  294   50-375    49-348 (416)
      71 tr|A0A1U7TSJ4|A0A1U7TSJ4_TARSY 100.0 7.8E-50   8E-56  351.6   0.0  304   41-370   202-515 (600)
      72 UniRef100_A0A2B4SKI0 Tachykini 100.0 8.2E-50 8.6E-56  367.4   0.0  295   47-373    87-390 (469)
      73 tr|A0A0K0PUK7|A0A0K0PUK7_PLADU 100.0 9.9E-50   1E-55  353.9   0.0  323   42-374    24-366 (607)
      74 tr|A0A0N8JZL4|A0A0N8JZL4_9TELE 100.0 1.4E-49 1.4E-55  348.6   0.0  308   41-373    94-412 (482)
      75 tr|A0A1I8M930|A0A1I8M930_MUSDO 100.0 1.5E-49 1.5E-55  373.9   0.0  310   52-372   189-577 (963)
      76 UniRef100_A0A0K0PUT9 Excitator 100.0 1.4E-49 1.5E-55  358.7   0.0  299   48-374   100-402 (474)
      77 UniRef100_A0A662YRT1 Vasopress 100.0 1.5E-49 1.5E-55  321.8   0.0  308   88-424     1-308 (308)
      78 UniRef100_A0A087UNN0 Neuropept 100.0 1.9E-49   2E-55  348.2   0.0  298   50-375    92-395 (470)
      79 UniRef100_A0A060W5Z4 G_PROTEIN 100.0 1.9E-49   2E-55  358.4   0.0  282   51-374   190-475 (593)
      80 UniRef100_A0A369RW72 Octopamin 100.0   2E-49 2.1E-55  359.1   0.0  302   48-369    51-354 (412)
      81 UniRef100_A0A2H8TNJ5 Neuropept 100.0 2.4E-49 2.5E-55  350.6   0.0  294   48-369   152-449 (528)
      82 tr|A0A0P4XBU7|A0A0P4XBU7_9CRUS 100.0 2.6E-49 2.8E-55  358.5   0.0  302   40-369    49-411 (557)
      83 tr|A0A1W4ZX05|A0A1W4ZX05_9TELE 100.0 2.7E-49 2.8E-55  350.1   0.0  312   42-372    60-384 (480)
      84 UniRef100_A0A0P5DAK4 Orexin re 100.0 2.8E-49 2.9E-55  349.1   0.0  317   52-373   107-430 (505)
      85 UniRef100_A0A2B4RSM5 Neuropept 100.0 3.1E-49 3.2E-55  345.7   0.0  292   47-375    32-326 (417)
      86 UniRef100_A0A0K0PUH1 Orphan G- 100.0 3.3E-49 3.5E-55  337.2   0.0  305   42-374    43-349 (413)
      87 tr|A0A0P7U387|A0A0P7U387_9TELE 100.0 4.1E-49 4.2E-55  346.5   0.0  284   51-373   128-415 (556)
      88 UniRef100_A0A060X1Q6 Somatosta 100.0 4.8E-49   5E-55  359.6   0.0  283   50-373   138-424 (604)
      89 UniRef100_A0A026WK16 Tachykini 100.0 4.9E-49 5.1E-55  354.5   0.0  295   52-374   183-482 (641)
      90 UniRef100_A0A1S3H6K0 neuropept 100.0 5.2E-49 5.4E-55  357.1   0.0  300   45-373    50-357 (470)
      91 tr|A0A0P7TYE1|A0A0P7TYE1_9TELE 100.0 5.4E-49 5.6E-55  344.5   0.0  329   46-375   118-475 (507)
      92 UniRef100_A0A068YB14 Neuropept 100.0 5.8E-49   6E-55  354.4   0.0  299   48-373    51-352 (448)
      93 UniRef100_B5UA19 Vasopressin/o 100.0 5.9E-49 6.1E-55  341.6   0.0  323   41-369    33-369 (486)
      94 UniRef100_A0A060X360 G_PROTEIN 100.0 5.9E-49 6.1E-55  344.8   0.0  286   52-374   100-389 (477)
      95 tr|A0A2C9JWF9|A0A2C9JWF9_BIOGL 100.0 6.2E-49 6.4E-55  348.3   0.0  303   50-377    64-369 (403)
      96 tr|A0A210R0K7|A0A210R0K7_MIZYE 100.0 6.5E-49 6.8E-55  339.8   0.0  326   46-376    68-428 (470)
      97 UniRef100_A0A0K0PUX7 Orphan G- 100.0 6.9E-49 7.2E-55  353.1   0.0  292   48-374    59-355 (471)
      98 UniRef100_A0A0K0PUH0 Orphan G- 100.0 7.1E-49 7.4E-55  361.9   0.0  313   54-368   139-468 (583)
      99 UniRef100_A0A087X575 NPY-Y2 re 100.0 7.5E-49 7.8E-55  342.4   0.0  297   50-373    72-371 (426)
     100 UniRef100_A0A060X5Z5 G_PROTEIN 100.0 7.5E-49 7.8E-55  355.4   0.0  300   51-373    83-384 (522)
     101 UniRef100_A0A498LR15 TESPA1-li 100.0 8.9E-49 9.2E-55  353.3   0.0  336   15-367     7-342 (947)
     102 UniRef100_A0A060W247 Cholecyst 100.0   1E-48   1E-54  350.8   0.0  323   50-373   126-476 (563)
     103 UniRef100_A0A1D1VDY3 G_PROTEIN 100.0 1.1E-48 1.1E-54  350.3   0.0  294   52-373   134-446 (557)
     104 UniRef100_A0A0K0PUH3 Allatotro 100.0 1.1E-48 1.2E-54  338.6   0.0  308   50-375    67-375 (424)
     105 tr|M3ZFE6|M3ZFE6_XIPMA Somatos 100.0 1.2E-48 1.2E-54  341.6   0.0  282   51-373   104-389 (525)
     106 tr|L7LZ94|L7LZ94_9ACAR Putativ 100.0 1.4E-48 1.4E-54  335.3   0.0  293   49-376   100-395 (438)
     107 tr|A0A1V4JMN9|A0A1V4JMN9_PATFA 100.0 1.5E-48 1.6E-54  340.7   0.0  326   44-370    85-418 (537)
     108 UniRef100_A0A0C9QBK4 GHSR_0 pr 100.0 1.6E-48 1.7E-54  363.7   0.0  294   50-371   171-472 (591)
     109 tr|A0A1D2NMB6|A0A1D2NMB6_ORCCI 100.0 1.8E-48 1.9E-54  343.6   0.0  297   52-376   152-453 (520)
     110 UniRef100_A0A0B4LHT6 RYamide r 100.0 1.9E-48 1.9E-54  349.3   0.0  293   51-371   114-409 (524)
     111 UniRef100_A0A0L8I310 G_PROTEIN 100.0 1.9E-48   2E-54  349.6   0.0  312   53-370    47-365 (468)
     112 UniRef100_A0A061A7W5 G_PROTEIN 100.0 2.2E-48 2.3E-54  348.5   0.0  295   51-373    61-358 (473)
     113 tr|A0A0F8ARD3|A0A0F8ARD3_LARCR 100.0 2.3E-48 2.4E-54  336.0   0.0  282   51-373    53-338 (464)
     114 UniRef100_A0A023F668 Putative  100.0 2.9E-48 3.1E-54  339.1   0.0  297   46-374    80-378 (484)
     115 tr|A0A182G4E1|A0A182G4E1_AEDAL 100.0   3E-48 3.2E-54  346.4   0.0  304   45-375    61-372 (534)
     116 UniRef100_A0A1D1UIJ7 G_PROTEIN 100.0 3.4E-48 3.5E-54  339.0   0.0  322   43-371    97-431 (540)
     117 UniRef100_A0A3M6T6P4 G_PROTEIN 100.0 4.5E-48 4.7E-54  344.0   0.0  290   54-376    58-357 (465)
     118 UniRef100_A0A060X690 G_PROTEIN 100.0 4.9E-48 5.1E-54  332.3   0.0  295   43-374    38-336 (386)
     119 tr|A0A1L8G1N6|A0A1L8G1N6_XENLA 100.0 5.2E-48 5.4E-54  336.0   0.0  283   50-374   115-399 (448)
     120 UniRef100_A0A2B4SKX3 Cholecyst 100.0 5.5E-48 5.7E-54  337.3   0.0  320   45-376    65-415 (428)
     121 UniRef100_A0A026WIP6 Cholecyst 100.0 5.7E-48   6E-54  356.5   0.0  326   50-376   169-532 (636)
     122 UniRef100_A0A1S3IX78 RYamide r 100.0 6.5E-48 6.8E-54  336.0   0.0  299   42-369    44-344 (444)
     123 tr|A0A0P7U0M1|A0A0P7U0M1_9TELE 100.0 7.3E-48 7.6E-54  328.9   0.0  300   52-374   102-412 (440)
     124 tr|R4J1H6|R4J1H6_SALSA Cholecy 100.0   8E-48 8.3E-54  330.8   0.0  326   51-377    46-410 (461)
     125 UniRef100_A0A026VWL4 Cardioacc 100.0 8.1E-48 8.4E-54  348.2   0.0  299   54-368   119-417 (565)
     126 UniRef100_A0A0L8HHE2 G_PROTEIN 100.0 8.4E-48 8.7E-54  336.2   0.0  291   56-376     5-302 (385)
     127 UniRef100_A0A077YWL6 Somatosta 100.0   1E-47 1.1E-53  347.8   0.0  292   52-376    66-363 (446)
     128 UniRef100_A0A0K0PUV0 FVRIamide 100.0 1.1E-47 1.1E-53  342.0   0.0  311   50-372    51-377 (458)
     129 UniRef100_A0A0K0PUK6 Orphan G- 100.0 1.4E-47 1.4E-53  330.9   0.0  296   53-376    68-376 (448)
     130 UniRef100_A0A1L8GQY3 Alpha-1B  100.0 1.5E-47 1.5E-53  337.9   0.0  310   52-375    47-370 (510)
     131 UniRef100_A0A0L7KZ56 Neuropept 100.0 1.5E-47 1.5E-53  339.7   0.0  297   47-371    82-383 (509)
     132 UniRef100_A0A2B4RHL7 Galanin r 100.0 1.6E-47 1.6E-53  326.6   0.0  279   50-373    31-310 (406)
     133 UniRef100_A0A091EBV8 Type-1 an 100.0 1.6E-47 1.7E-53  354.9   0.0  276   50-371   346-628 (715)
     134 tr|U3U4G7|U3U4G7_NILLU Neurope 100.0 1.9E-47 1.9E-53  328.5   0.0  306   41-374    20-331 (446)
     135 UniRef100_A0A2B4RHY9 Pyrogluta 100.0 1.9E-47   2E-53  350.9   0.0  290   47-374    77-372 (455)
     136 UniRef100_A0A060WN43 G_PROTEIN 100.0 2.3E-47 2.4E-53  326.0   0.0  323   41-376    95-418 (493)
     137 UniRef100_A0A087RJN6 Somatosta 100.0 2.4E-47 2.5E-53  342.9   0.0  282   49-371    58-341 (391)
     138 UniRef100_A0A0N0PEL7 Tachykini 100.0 2.4E-47 2.5E-53  333.3   0.0  296   53-376    57-357 (454)
     139 UniRef100_A0A2B4S0J6 Somatosta 100.0 2.5E-47 2.7E-53  350.3   0.0  291   46-370    78-376 (457)
     140 UniRef100_A0A0N0PF28 Orexin re 100.0 2.7E-47 2.8E-53  341.5   0.0  313   52-369   137-455 (588)
     141 UniRef100_A0A226DFM2 Neuropept 100.0 2.7E-47 2.9E-53  337.7   0.0  293   50-370   104-400 (523)
     142 UniRef100_A0A1V4KIE8 Beta-1 ad 100.0 2.8E-47 2.9E-53  359.6   0.0  312   56-377    34-353 (512)
     143 UniRef100_A0A1S3KA35 Alpha-1B  100.0 2.8E-47 2.9E-53  343.6   0.0  315   49-377    87-423 (551)
     144 tr|A0A1W4XMZ2|A0A1W4XMZ2_AGRPL 100.0   3E-47 3.1E-53  324.7   0.0  310   41-366    19-334 (436)
     145 UniRef100_A0A1V9XU68 Tyramine/ 100.0   3E-47 3.1E-53  334.6   0.0  311   43-376    44-356 (408)
     146 UniRef100_A0A0S1YDA0 Neuropept 100.0   3E-47 3.1E-53  340.6   0.0  296   51-375    94-394 (509)
     147 tr|A0A1W2W3E6|A0A1W2W3E6_CIOIN 100.0 3.5E-47 3.7E-53  331.0   0.0  288   51-374    57-352 (487)
     148 UniRef100_A0A034WDF0 Allatosta 100.0 3.6E-47 3.8E-53  339.6   0.0  291   51-375    95-387 (459)
     149 tr|A0A0P5PA10|A0A0P5PA10_9CRUS 100.0 3.8E-47   4E-53  340.5   0.0  292   50-369   145-441 (705)
     150 tr|G3S2I3|G3S2I3_GORGO Opioid  100.0   4E-47 4.1E-53  329.8   0.0  282   48-368   159-444 (492)
     151 UniRef100_A0A068WW83 Allatosta 100.0   4E-47 4.2E-53  343.1   0.0  283   47-367    62-347 (432)
     152 tr|A0A151NBW9|A0A151NBW9_ALLMI 100.0 4.1E-47 4.2E-53  333.1   0.0  309   42-372    71-390 (472)
     153 tr|A0A2B4SID7|A0A2B4SID7_STYPI 100.0 4.6E-47 4.8E-53  340.5   0.0  295   47-374    27-328 (422)
     154 tr|A0A1D2MSE1|A0A1D2MSE1_ORCCI 100.0 5.2E-47 5.5E-53  346.2   0.0  304   44-375   103-408 (615)
     155 UniRef100_A0A0K0PUK8 FMRFamide 100.0 5.3E-47 5.5E-53  344.8   0.0  297   48-376    55-360 (471)
     156 UniRef100_A0A026WZ61 G_PROTEIN 100.0 5.6E-47 5.8E-53  324.7   0.0  313   41-371    63-380 (441)
     157 UniRef100_A0A210QYW2 Cardioacc 100.0 6.2E-47 6.4E-53  341.5   0.0  309   52-365    51-362 (499)
     158 UniRef100_A0A061IN14 NK-3 rece 100.0 6.2E-47 6.4E-53  344.5   0.0  302   42-376   224-526 (662)
     159 UniRef100_UPI0003F07467 orexin 100.0 6.3E-47 6.6E-53  336.9   0.0  318   51-370    77-412 (535)
     160 UniRef100_A0A068FLK6 Arginine  100.0 6.5E-47 6.8E-53  317.4   0.0  306   43-370    52-357 (410)
     161 UniRef100_A0A210QT45 G-protein 100.0 7.2E-47 7.5E-53  329.5   0.0  312   38-374    45-358 (472)
     162 UniRef100_A0A2G8JR46 Putative  100.0 7.2E-47 7.5E-53  339.8   0.0  290   53-373    64-356 (411)
     163 tr|C3XVS5|C3XVS5_BRAFL Unchara 100.0 7.6E-47 7.9E-53  325.6   0.0  298   49-374    65-364 (425)
     164 tr|A0A147A4W2|A0A147A4W2_FUNHE 100.0 8.1E-47 8.4E-53  332.3   0.0  325   52-378    95-448 (502)
     165 UniRef100_A0A060VVF8 G_PROTEIN 100.0 8.6E-47   9E-53  344.2   0.0  282   50-371   138-431 (511)
     166 tr|V8PD93|V8PD93_OPHHA Type-2  100.0 8.6E-47   9E-53  336.9   0.0  283   49-371    73-366 (412)
     167 UniRef100_A0A556VY10 RING-type 100.0 9.2E-47 9.5E-53  332.0   0.0  322   38-374   453-774 (816)
     168 UniRef100_A0A0P4WBA5 G_PROTEIN 100.0 9.3E-47 9.6E-53  329.4   0.0  329   41-373    64-408 (506)
     169 UniRef100_A0A182H1J6 G_PROTEIN 100.0 1.1E-46 1.1E-52  349.6   0.0  318   50-371   317-792 (1005)
     170 UniRef100_A0A662YU35 Protein p 100.0 1.1E-46 1.1E-52  329.6   0.0  280   38-330    36-315 (765)
     171 tr|W4Z2N2|W4Z2N2_STRPU Unchara 100.0 1.2E-46 1.3E-52  319.3   0.0  295   51-374    56-353 (406)
     172 tr|A0A2B4RXD1|A0A2B4RXD1_STYPI 100.0 1.3E-46 1.3E-52  325.0   0.0  292   46-374    88-382 (416)
     173 UniRef100_A0A0L8H201 G_PROTEIN 100.0 1.3E-46 1.3E-52  324.7   0.0  297   52-377    86-386 (461)
     174 tr|A0A1A9ZAD8|A0A1A9ZAD8_GLOPL 100.0 1.6E-46 1.6E-52  329.7   0.0  296   50-373   121-421 (574)
     175 tr|Q25397|Q25397_LYMST Conopre 100.0 1.6E-46 1.7E-52  324.2   0.0  320   42-367    41-388 (520)
     176 tr|B4KC34|B4KC34_DROMO Unchara 100.0 1.6E-46 1.7E-52  341.7   0.0  294   52-373   193-492 (670)
     177 UniRef100_A0A1D1V5S1 G_PROTEIN 100.0 1.7E-46 1.8E-52  328.8   0.0  306   49-376    54-362 (484)
     178 UniRef100_A0A087XZI9 Arginine  100.0 1.8E-46 1.9E-52  324.9   0.0  328   41-375   107-491 (522)
     179 UniRef100_A0A4Z2F4A3 [Arg8]-va 100.0   2E-46 2.1E-52  308.2   0.0  285   38-330    34-318 (424)
     180 UniRef100_A0A084WIC4 Short neu 100.0   2E-46 2.1E-52  333.7   0.0  299   46-374    87-387 (551)
     181 UniRef100_A0A1A8A5V9 Arginine  100.0 2.2E-46 2.3E-52  317.7   0.0  326   41-373    59-431 (451)
     182 UniRef100_A7RGN9 Predicted pro 100.0 2.2E-46 2.3E-52  315.6   0.0  293   41-372    20-313 (317)
     183 UniRef100_A0A2B4SVC4 Dopamine  100.0 2.2E-46 2.3E-52  327.0   0.0  276   47-372    51-329 (397)
     184 tr|A0A2B4SUH3|A0A2B4SUH3_STYPI 100.0 2.4E-46 2.5E-52  327.3   0.0  302   48-374    22-332 (385)
     185 UniRef100_A0A060W9T7 G_PROTEIN 100.0 2.4E-46 2.5E-52  329.9   0.0  285   52-374   186-473 (616)
     186 tr|K7GCC3|K7GCC3_PELSI Adrenoc 100.0 2.6E-46 2.7E-52  324.3   0.0  317   50-376    40-366 (488)
     187 UniRef100_A0A3M6U5X4 G_PROTEIN 100.0 2.6E-46 2.7E-52  317.3   0.0  283   49-373    36-320 (339)
     188 tr|A0A0S1YD80|A0A0S1YD80_CHISP 100.0 2.6E-46 2.7E-52  328.9   0.0  299   52-375   165-466 (513)
     189 UniRef100_A0A087XYG0 AVPR V2 n 100.0 2.9E-46   3E-52  338.8   0.0  329   41-376   167-600 (674)
     190 UniRef100_A0A044T5H8 G_PROTEIN 100.0 3.4E-46 3.5E-52  340.3   0.0  310   53-374   247-569 (693)
     191 UniRef100_A0A060WEJ5 G_PROTEIN 100.0 3.4E-46 3.6E-52  338.4   0.0  309   53-374   115-457 (544)
     192 tr|A0A1D1UXI1|A0A1D1UXI1_RAMVA 100.0 3.5E-46 3.6E-52  327.0   0.0  291   53-375    83-377 (499)
     193 tr|E0D358|E0D358_HEMPU Dopamin 100.0 3.7E-46 3.9E-52  324.9   0.0  293   56-375    29-330 (435)
     194 UniRef100_A0A1S3F7I6 neuropept 100.0   4E-46 4.2E-52  338.3   0.0  306   41-370   240-554 (712)
     195 UniRef100_A0A087XDT1 Somatosta 100.0 4.1E-46 4.2E-52  333.8   0.0  279   52-371   169-451 (676)
     196 UniRef100_A0A0L8GIM4 G_PROTEIN 100.0 4.2E-46 4.4E-52  340.7   0.0  297   47-370    92-392 (481)
     197 UniRef100_A0A084WFJ7 AGAP00011 100.0 4.3E-46 4.5E-52  333.0   0.0  287   50-368    86-375 (519)
     198 UniRef100_A0A091DWF1 Somatosta 100.0 4.5E-46 4.6E-52  326.4   0.0  286   46-372   150-439 (523)
     199 UniRef100_A0A2B4SVS8 Neuropept 100.0 4.5E-46 4.7E-52  337.1   0.0  297   46-376    83-385 (480)
     200 tr|A0A1V4J9T1|A0A1V4J9T1_PATFA 100.0 4.7E-46 4.9E-52  316.7   0.0  285   52-374    69-356 (461)
     201 UniRef100_A0A026VW91 Neuropept 100.0 4.8E-46 4.9E-52  322.9   0.0  295   48-370   185-483 (582)
     202 tr|A0A1S3IXU4|A0A1S3IXU4_LINUN 100.0 4.9E-46 5.1E-52  321.7   0.0  292   48-376    54-348 (440)
     203 tr|W5MC67|W5MC67_LEPOC Pyroglu 100.0   5E-46 5.1E-52  319.0   0.0  302   53-375    55-361 (441)
     204 UniRef100_A0A068WVN8 Biogenic  100.0   5E-46 5.3E-52  343.3   0.0  309   52-373   121-507 (641)
     205 UniRef100_A0A060VP48 G_PROTEIN 100.0   5E-46 5.3E-52  345.9   0.0  295   49-373   152-450 (580)
     206 tr|A0A151ITZ3|A0A151ITZ3_9HYME 100.0 5.1E-46 5.3E-52  326.7   0.0  309   52-374    68-420 (481)
     207 UniRef100_A0A087R306 Hypocreti 100.0 5.4E-46 5.6E-52  328.6   0.0  325   48-373   147-479 (594)
     208 UniRef100_A0A1J1I7G5 CLUMA_CG0 100.0 5.5E-46 5.7E-52  327.0   0.0  291   53-374    78-374 (500)
     209 UniRef100_A0A0S1YD99 Neuropept 100.0 5.8E-46   6E-52  317.0   0.0  295   52-376    76-375 (423)
     210 UniRef100_A0A193KU97 GCR058 n= 100.0 5.8E-46   6E-52  317.0   0.0  300   50-372    24-330 (379)
     211 UniRef100_A0A068WKU9 Neuropept 100.0 5.9E-46 6.1E-52  327.0   0.0  293   49-371    70-365 (451)
     212 tr|A0A0V1MVC7|A0A0V1MVC7_9BILA 100.0   6E-46 6.2E-52  333.7   0.0  303   43-375    72-380 (598)
     213 UniRef100_A0A7M7HFU8 G_PROTEIN 100.0 6.4E-46 6.7E-52  334.2   0.0  295   49-373    62-364 (423)
     214 tr|J9JRI9|J9JRI9_ACYPI Unchara 100.0 6.6E-46 6.9E-52  322.0   0.0  294   53-374    36-334 (490)
     215 UniRef100_A0A087R2J6 Neuropept 100.0 6.7E-46   7E-52  334.6   0.0  305   41-370   202-516 (638)
     216 UniRef100_A0A023F8Q5 Putative  100.0 7.3E-46 7.6E-52  322.8   0.0  301   55-368    86-386 (463)
     217 tr|A0A1L1UV54|A0A1L1UV54_IXOSC 100.0 7.9E-46 8.2E-52  322.3   0.0  330   40-373    27-363 (471)
     218 tr|A0A2H1W6Q0|A0A2H1W6Q0_SPOFR 100.0 7.9E-46 8.2E-52  326.1   0.0  300   48-377    67-367 (466)
     219 UniRef100_UPI00174A8E0E vasopr 100.0 8.2E-46 8.5E-52  313.6   0.0  334   38-375    21-359 (547)
     220 tr|A0A212EZN3|A0A212EZN3_DANPL 100.0 8.2E-46 8.5E-52  325.0   0.0  307   41-375    44-356 (488)
     221 UniRef100_A0A1I8HKX2 G_PROTEIN 100.0 8.4E-46 8.8E-52  327.2   0.0  310   51-375    40-413 (442)
     222 UniRef100_A0A2B4R9G2 Melatonin 100.0 8.6E-46 9.1E-52  340.8   0.0  294   42-373    71-366 (461)
     223 UniRef100_A0A2G8L6L1 Putative  100.0 9.7E-46   1E-51  321.5   0.0  280   52-374    36-325 (407)
     224 UniRef100_A0A1V9X0K3 Putative  100.0 9.8E-46   1E-51  323.2   0.0  322   41-369    64-412 (540)
     225 UniRef100_A0A087U880 Neuropept 100.0   1E-45   1E-51  322.6   0.0  299   43-370    60-360 (401)
     226 UniRef100_A0A3M6TKX3 G_PROTEIN 100.0   1E-45 1.1E-51  327.7   0.0  290   50-373    74-374 (427)
     227 tr|A0A218UB83|A0A218UB83_9PASE 100.0 1.1E-45 1.2E-51  331.9   0.0  308   51-376   193-515 (631)
     228 UniRef100_A0A0P5DS31 Neuropept 100.0 1.1E-45 1.2E-51  316.5   0.0  299   43-369    77-380 (482)
     229 UniRef100_A0A060XP11 G_PROTEIN 100.0 1.2E-45 1.3E-51  330.5   0.0  292   52-373    91-392 (497)
     230 UniRef100_A0A060X1U9 G_PROTEIN 100.0 1.3E-45 1.3E-51  332.6   0.0  304   52-373   139-457 (633)
     231 tr|A0A1A8LLP2|A0A1A8LLP2_9TELE 100.0 1.3E-45 1.3E-51  320.0   0.0  306   48-376    90-400 (455)
     232 tr|A0A182QHF8|A0A182QHF8_9DIPT 100.0 1.3E-45 1.3E-51  326.6   0.0  306   42-374    91-407 (581)
     233 tr|A0A1W4X208|A0A1W4X208_AGRPL 100.0 1.3E-45 1.3E-51  319.0   0.0  294   53-374    96-394 (467)
     234 tr|A0A1S3FYW5|A0A1S3FYW5_DIPOR 100.0 1.3E-45 1.4E-51  309.3   0.0  288   52-376    70-361 (385)
     235 UniRef100_A0A087XT11 Alpha-1B  100.0 1.4E-45 1.4E-51  326.7   0.0  309   52-374    80-405 (622)
     236 UniRef100_A0A7M7SYV2 G_PROTEIN 100.0 1.4E-45 1.5E-51  332.5   0.0  302   56-372    72-397 (630)
     237 UniRef100_A0A084VLD5 AGAP00422 100.0 1.5E-45 1.5E-51  331.2   0.0  304   56-372   248-594 (695)
     238 tr|A0A1W4X1F3|A0A1W4X1F3_AGRPL 100.0 1.5E-45 1.5E-51  322.7   0.0  294   49-370   131-428 (485)
     239 UniRef100_A0A2B4RPR9 Allatosta 100.0 1.5E-45 1.6E-51  331.6   0.0  288   49-370    45-341 (446)
     240 UniRef100_A0A067R4E0 Tachykini 100.0 1.6E-45 1.6E-51  319.9   0.0  295   48-370    46-341 (396)
     241 UniRef100_F6ZHC8 Uncharacteriz 100.0 1.6E-45 1.6E-51  325.8   0.0  319   53-372    89-463 (520)
     242 UniRef100_A0A067QQU1 Cholecyst 100.0 1.7E-45 1.7E-51  322.2   0.0  314   56-372     6-332 (404)
     243 UniRef100_A0A060WMC3 Alpha-1D  100.0 1.7E-45 1.8E-51  325.8   0.0  308   54-375   113-434 (564)
     244 UniRef100_A0A087QH91 Melanopsi 100.0 1.7E-45 1.8E-51  334.5   0.0  297   50-374   102-400 (629)
     245 tr|J9K651|J9K651_ACYPI Unchara 100.0 1.8E-45 1.8E-51  316.5   0.0  295   48-370    86-384 (440)
     246 UniRef100_A0A060VZ71 G_PROTEIN 100.0 1.9E-45   2E-51  335.4   0.0  304   41-369   218-531 (650)
     247 UniRef100_A0A3M6UME8 G_PROTEIN 100.0   2E-45 2.1E-51  320.8   0.0  290   46-374    34-326 (383)
     248 UniRef100_A0A2B4SQU8 Orexin re 100.0 2.1E-45 2.2E-51  311.7   0.0  305   53-376    38-349 (370)
     249 tr|F7E6B1|F7E6B1_MONDO Tachyki 100.0 2.3E-45 2.4E-51  317.8   0.0  301   42-375    85-386 (475)
     250 UniRef100_A0A210QHM7 G-protein 100.0 2.4E-45 2.4E-51  327.5   0.0  297   52-377    80-379 (492)
     251 tr|G1TA00|G1TA00_RABIT Vasopre 100.0 2.6E-45 2.7E-51  311.5   0.0  316   41-374   102-420 (446)
     252 UniRef100_A0A0X7YAU3 ACP recep 100.0 2.7E-45 2.9E-51  330.2   0.0  301   51-368    82-385 (492)
     253 UniRef100_A0A026WCQ7 Tyramine  100.0 2.8E-45 2.9E-51  343.5   0.0  307   52-375   184-589 (665)
     254 UniRef100_A0A146M155 Neuropept 100.0 2.9E-45   3E-51  324.9   0.0  296   53-371    55-360 (488)
     255 tr|S9YJE2|S9YJE2_CAMFR Somatos 100.0 3.3E-45 3.4E-51  313.8   0.0  285   49-371   110-398 (438)
     256 tr|A0A2B4SAJ4|A0A2B4SAJ4_STYPI 100.0 3.4E-45 3.5E-51  322.6   0.0  294   46-372    23-332 (434)
     257 tr|A0A146TL67|A0A146TL67_FUNHE 100.0 3.4E-45 3.5E-51  337.8   0.0  295   45-374    20-405 (442)
     258 tr|A0A0K8WE96|A0A0K8WE96_BACLA 100.0 3.4E-45 3.6E-51  324.4   0.0  305   55-367   160-467 (540)
     259 UniRef100_A0A087YQK7 Adrenocep 100.0 3.6E-45 3.7E-51  327.9   0.0  310   56-375   134-453 (617)
     260 UniRef100_A0A0L8I0T4 G_PROTEIN 100.0 3.6E-45 3.8E-51  327.0   0.0  311   53-373   135-496 (554)
     261 UniRef100_A0A068AZY5 Octopamin 100.0 3.7E-45 3.9E-51  352.3   0.0  190   53-252   175-366 (723)
     262 tr|A0A2B4SKI0|A0A2B4SKI0_STYPI 100.0   4E-45 4.2E-51  326.1   0.0  289   51-374    97-402 (458)
     263 tr|A0A139WLV7|A0A139WLV7_TRICA 100.0   4E-45 4.2E-51  332.5   0.0  302   46-374   393-698 (792)
     264 UniRef100_A0A061QHX0 Putative  100.0 4.1E-45 4.2E-51  332.9   0.0  310   52-373   133-507 (563)
     265 UniRef100_A0A2B4SC76 Substance 100.0 4.3E-45 4.5E-51  330.5   0.0  292   47-371    50-350 (461)
     266 UniRef100_A0A151N382 Galanin r 100.0 4.4E-45 4.6E-51  304.9   0.0  287   52-376    31-319 (392)
     267 ERR1719510_236906              100.0 4.4E-45 4.6E-51  331.7   0.0  298   49-378    80-378 (577)
     268 UniRef100_A0A091CVE3 Cholecyst 100.0 4.7E-45 4.8E-51  314.5   0.0  328   48-376   109-463 (543)
     269 UniRef100_A0A2G8KMT5 G_PROTEIN 100.0 4.7E-45 4.9E-51  318.8   0.0  286   52-370    37-324 (402)
     270 UniRef100_A0A140F312 Arg8-vaso 100.0 4.8E-45 4.9E-51  281.6   0.0  224  196-424     4-227 (227)
     271 tr|A0A060XRS0|A0A060XRS0_ONCMY 100.0 4.8E-45   5E-51  334.8   0.0  311   52-376    56-378 (900)
     272 tr|A0A0P6IZB8|A0A0P6IZB8_9CRUS 100.0 5.1E-45 5.2E-51  322.6   0.0  294   51-376   202-497 (559)
     273 tr|L9JDH9|L9JDH9_TUPCH Orexin  100.0 5.1E-45 5.3E-51  322.0   0.0  327   48-375   216-575 (621)
     274 UniRef100_A0A0S1YDA1 Neuropept 100.0 5.2E-45 5.4E-51  319.5   0.0  323   50-373    65-413 (463)
     275 tr|A0A0L0BYA7|A0A0L0BYA7_LUCCU 100.0 5.3E-45 5.5E-51  324.8   0.0  311   53-374   312-627 (678)
     276 UniRef100_A0A2B4SE17 Substance 100.0 5.3E-45 5.6E-51  334.0   0.0  295   47-373    60-365 (467)
     277 tr|A7SD89|A7SD89_NEMVE Predict 100.0 5.4E-45 5.6E-51  304.3   0.0  303   41-374    27-331 (355)
     278 UniRef100_A0A2B4S7A4 Alpha-1A  100.0 5.5E-45 5.7E-51  318.9   0.0  266   51-372    39-308 (392)
     279 tr|A0A0P6C571|A0A0P6C571_9CRUS 100.0 5.6E-45 5.8E-51  318.2   0.0  316   54-372    58-444 (558)
     280 UniRef100_A0A3M6TAE6 G_PROTEIN 100.0 5.8E-45   6E-51  321.9   0.0  269   54-373    94-368 (443)
     281 UniRef100_A0A060WWU7 G_PROTEIN 100.0 6.1E-45 6.3E-51  322.2   0.0  308   52-374    69-383 (545)
     282 UniRef100_A0A6P8IFK2 neuromedi 100.0 6.2E-45 6.5E-51  312.8   0.0  287   52-372    26-320 (363)
     283 UniRef100_A0A2B4S4U3 Beta-2 ad 100.0 6.3E-45 6.5E-51  311.7   0.0  298   45-374    22-322 (372)
     284 tr|A0A1S3NNV5|A0A1S3NNV5_SALSA 100.0 6.9E-45 7.2E-51  317.7   0.0  314   41-370    52-377 (499)
     285 tr|A0A2G8KL37|A0A2G8KL37_STIJA 100.0 7.5E-45 7.7E-51  306.9   0.0  323   50-376    48-402 (439)
     286 UniRef100_A0A087T336 Somatosta 100.0 7.5E-45 7.7E-51  318.7   0.0  284   53-374    79-368 (454)
     287 UniRef100_A0A0L7QLJ1 Neuropept 100.0 7.6E-45 7.8E-51  309.3   0.0  298   50-375   126-430 (485)
     288 UniRef100_A0A1A8LLZ9 Hypocreti 100.0 7.6E-45 7.9E-51  309.9   0.0  308   47-374    60-373 (413)
     289 UniRef100_A0A091L2D9 Orexin re 100.0 7.6E-45 7.9E-51  308.6   0.0  318   52-374    13-342 (386)
     290 UniRef100_A0A060VWI9 G_PROTEIN 100.0 7.8E-45 8.1E-51  324.6   0.0  313   52-373    61-394 (579)
     291 UniRef100_A0A0N1IB59 Orexin re 100.0   8E-45 8.3E-51  317.9   0.0  315   53-370   130-448 (546)
     292 UniRef100_A0A091R746 Beta-1 ad 100.0 8.1E-45 8.4E-51  323.1   0.0  312   55-374   138-453 (572)
     293 tr|A0A091DWF1|A0A091DWF1_FUKDA 100.0 8.4E-45 8.7E-51  311.0   0.0  285   47-372   152-440 (483)
     294 UniRef100_A0A060YY06 G_PROTEIN 100.0 8.4E-45 8.7E-51  321.2   0.0  302   42-370    94-405 (490)
     295 UniRef100_A0A0N1PGA0 Octopamin 100.0 8.4E-45 8.7E-51  326.2   0.0  313   51-371   107-490 (547)
     296 UniRef100_A0A1L8FNX2 G_PROTEIN 100.0 8.4E-45 8.8E-51  319.4   0.0  275   53-371    64-341 (400)
     297 UniRef100_A0A401NJB3 G_PROTEIN 100.0 8.6E-45   9E-51  320.7   0.0  318   48-376    38-362 (517)
     298 tr|A0A1S3NPB2|A0A1S3NPB2_SALSA 100.0 8.7E-45   9E-51  314.6   0.0  302   41-375    29-333 (443)
     299 UniRef100_A0A3M6UAU0 G_PROTEIN 100.0 8.9E-45 9.2E-51  325.1   0.0  295   48-371    32-327 (552)
     300 UniRef100_A0A2B4RXD1 Neuropept 100.0 8.9E-45 9.3E-51  321.3   0.0  291   48-374    91-383 (461)
     301 UniRef100_A0A087UP46 5-hydroxy 100.0   9E-45 9.4E-51  318.7   0.0  307   55-373    49-400 (472)
     302 tr|A0A2B4RSD1|A0A2B4RSD1_STYPI 100.0 9.4E-45 9.8E-51  328.4   0.0  320   45-376    44-384 (430)
     303 tr|C3XVU5|C3XVU5_BRAFL Unchara 100.0   1E-44 1.1E-50  312.7   0.0  300   41-370    51-353 (439)
     304 tr|T1KTS6|T1KTS6_TETUR Unchara 100.0   1E-44 1.1E-50  323.0   0.0  303   41-372   109-416 (587)
     305 UniRef100_A0A2B4RGU4 5-hydroxy 100.0   1E-44 1.1E-50  333.8   0.0  301   49-373    63-370 (478)
     306 tr|A0A146YGA5|A0A146YGA5_FUNHE 100.0 1.3E-44 1.3E-50  330.8   0.0  312   48-374    27-341 (521)
     307 tr|A0A182U1B5|A0A182U1B5_9DIPT 100.0 1.3E-44 1.4E-50  323.6   0.0  304   42-373    30-343 (620)
     308 tr|W8B9D1|W8B9D1_CERCA 5-hydro 100.0 1.4E-44 1.4E-50  321.6   0.0  316   51-375   262-628 (664)
     309 UniRef100_A0A023FH63 Putative  100.0 1.4E-44 1.4E-50  326.8   0.0  301   55-371   129-438 (563)
     310 UniRef100_UPI000B911B64 melato 100.0 1.4E-44 1.5E-50  321.1   0.0  309   51-373    28-344 (381)
     311 UniRef100_A0A077KAM5 PQRFa pep 100.0 1.6E-44 1.6E-50  315.3   0.0  305   41-370   128-442 (539)
     312 UniRef100_A0A0E3EKU4 Allatotro 100.0 1.6E-44 1.7E-50  315.6   0.0  297   52-374   132-432 (562)
     313 tr|W8C2A8|W8C2A8_CERCA Neurope 100.0 1.6E-44 1.7E-50  332.0   0.0  292   51-370   264-561 (827)
     314 tr|A0A218UWX7|A0A218UWX7_9PASE 100.0 1.6E-44 1.7E-50  317.3   0.0  300   46-375    35-342 (474)
     315 UniRef100_A0A023F452 Putative  100.0 1.6E-44 1.7E-50  329.0   0.0  311   53-373   141-538 (660)
     316 UniRef100_A0A1D1V379 G_PROTEIN 100.0 1.7E-44 1.7E-50  306.2   0.0  297   55-369    36-335 (343)
     317 UniRef100_A0A034WA99 Cardioacc 100.0 1.7E-44 1.7E-50  322.8   0.0  293   55-368   248-540 (678)
     318 UniRef100_A0A1S3IXU9 RYamide r 100.0 1.7E-44 1.8E-50  307.3   0.0  294   48-370    31-327 (438)
     319 tr|A0A2C9GPU2|A0A2C9GPU2_ANOAR 100.0 1.7E-44 1.8E-50  332.7   0.0  312   53-373   324-636 (818)
     320 UniRef100_A0A068YA15 Neuropept 100.0 1.7E-44 1.8E-50  319.9   0.0  310   53-373    74-396 (510)
     321 tr|W4YJK4|W4YJK4_STRPU Unchara 100.0 1.7E-44 1.8E-50  319.3   0.0  306   44-375    62-371 (446)
     322 UniRef100_A0A016SJ65 Thyrolibe 100.0 1.7E-44 1.8E-50  325.4   0.0  312   50-374    82-397 (479)
     323 UniRef100_A0A0K0PUG3 Thyrolibe 100.0 1.8E-44 1.8E-50  325.9   0.0  306   50-373   213-521 (606)
     324 tr|A0A0P6B7K0|A0A0P6B7K0_9CRUS 100.0 1.8E-44 1.9E-50  326.0   0.0  320   53-376   114-490 (579)
     325 tr|A0A2B4SNZ1|A0A2B4SNZ1_STYPI 100.0   2E-44   2E-50  319.1   0.0  283   51-373    31-319 (351)
     326 UniRef100_A0A067RDC3 Prolactin 100.0 2.2E-44 2.2E-50  320.4   0.0  296   45-372    58-355 (541)
     327 UniRef100_A0A060XC03 Beta-2 ad 100.0 2.2E-44 2.3E-50  318.9   0.0  312   47-373    98-413 (548)
     328 tr|A0A147AZW9|A0A147AZW9_FUNHE 100.0 2.2E-44 2.3E-50  329.8   0.0  295   51-374    85-434 (468)
     329 tr|A7SMQ7|A7SMQ7_NEMVE Predict 100.0 2.3E-44 2.4E-50  308.0   0.0  287   52-376    12-305 (358)
     330 UniRef100_A0A336LUR7 CSON00145 100.0 2.4E-44 2.5E-50  319.6   0.0  295   48-370    84-382 (670)
     331 tr|A0A232F0R3|A0A232F0R3_9HYME 100.0 2.4E-44 2.5E-50  310.3   0.0  285   52-374   104-424 (458)
     332 tr|A0A146U732|A0A146U732_FUNHE 100.0 2.4E-44 2.5E-50  341.1   0.0  315   47-370   187-544 (590)
     333 UniRef100_A0A067R2B6 G_PROTEIN 100.0 2.4E-44 2.5E-50  321.7   0.0  307   51-371    83-392 (510)
     334 UniRef100_A0A084WSA4 AGAP00215 100.0 2.7E-44 2.8E-50  318.7   0.0  297   42-365    61-360 (443)
     335 UniRef100_A0A067RG65 Neuropept 100.0 2.7E-44 2.8E-50  318.6   0.0  292   54-371    90-392 (509)
     336 tr|A0A0L8FIS6|A0A0L8FIS6_OCTBM 100.0 2.7E-44 2.8E-50  315.7   0.0  313   54-376    93-423 (485)
     337 UniRef100_A0A3M6UKX8 G_PROTEIN 100.0 2.8E-44 2.9E-50  326.4   0.0  291   51-373   118-420 (487)
     338 UniRef100_A0A3M6TPP0 G_PROTEIN 100.0 2.9E-44   3E-50  320.8   0.0  296   51-373    50-354 (424)
     339 UniRef100_A0A061QLF1 Putative  100.0   3E-44 3.1E-50  317.4   0.0  296   55-371    66-364 (443)
     340 UniRef100_A0A060WAG3 G_PROTEIN 100.0   3E-44 3.1E-50  320.1   0.0  310   54-375   125-501 (550)
     341 UniRef100_A0A7M7HKI1 G_PROTEIN 100.0 3.1E-44 3.2E-50  318.5   0.0  291   53-376    41-338 (418)
     342 UniRef100_A0A087REY1 NPY-Y2 re 100.0 3.2E-44 3.3E-50  321.0   0.0  293   50-375   185-480 (599)
     343 UniRef100_A0A0H3YI86 Pyrokinin 100.0 3.2E-44 3.3E-50  326.6   0.0  303   54-373    86-398 (510)
     344 tr|A0A0Q3X1E4|A0A0Q3X1E4_AMAAE 100.0 3.3E-44 3.4E-50  325.6   0.0  321   50-372   155-500 (789)
     345 UniRef100_A0A060X6T3 G_PROTEIN 100.0 3.4E-44 3.6E-50  317.9   0.0  307   54-374    92-414 (550)
     346 tr|A0A0Q3PK06|A0A0Q3PK06_AMAAE 100.0 3.4E-44 3.6E-50  330.4   0.0  304   41-370   513-827 (901)
     347 tr|A0A182L9N8|A0A182L9N8_9DIPT 100.0 3.5E-44 3.6E-50  318.6   0.0  289   53-374    90-383 (490)
     348 UniRef100_A0A060VTR1 G_PROTEIN 100.0 3.7E-44 3.8E-50  321.7   0.0  307   51-373   119-440 (619)
     349 ERR1719361_2001115             100.0 3.8E-44   4E-50  314.2   0.0  289   50-374    23-325 (415)
     350 tr|T1KPP2|T1KPP2_TETUR Unchara 100.0   4E-44 4.1E-50  315.5   0.0  284   52-374   152-437 (477)
     351 tr|T1KNR7|T1KNR7_TETUR Unchara 100.0   4E-44 4.1E-50  302.3   0.0  322   38-373    56-377 (433)
     352 UniRef100_A0A0K0PUQ9 Achatin r 100.0 4.2E-44 4.4E-50  323.2   0.0  300   56-374    56-358 (465)
     353 tr|A0A0P5T2I6|A0A0P5T2I6_9CRUS 100.0 4.3E-44 4.5E-50  318.4   0.0  318   52-374    66-411 (542)
     354 UniRef100_A0A0A1XP15 Neuropept 100.0 4.5E-44 4.7E-50  306.2   0.0  301   47-375    67-375 (421)
     355 tr|A7S585|A7S585_NEMVE Predict 100.0   5E-44 5.2E-50  311.2   0.0  297   46-375    19-327 (374)
     356 UniRef100_A0A0N7ZAP9 G_PROTEIN 100.0 5.1E-44 5.3E-50  316.0   0.0  295   49-376    74-369 (421)
     357 tr|A0A091CRU0|A0A091CRU0_FUKDA 100.0 5.5E-44 5.7E-50  327.5   0.0  276   51-371   408-690 (720)
     358 tr|A0A232F8D2|A0A232F8D2_9HYME 100.0 5.8E-44   6E-50  312.5   0.0  291   51-370    71-367 (478)
     359 UniRef100_A0A0L0C8S9 G_PROTEIN 100.0 5.9E-44 6.1E-50  326.2   0.0  321   48-372   215-652 (716)
     360 UniRef100_A0A016T103 G_PROTEIN 100.0 6.6E-44 6.9E-50  327.7   0.0  300   59-373   118-475 (605)
     361 tr|A0A1D1V6H4|A0A1D1V6H4_RAMVA 100.0 6.6E-44 6.9E-50  312.5   0.0  307   40-374    50-374 (498)
     362 UniRef100_A0A0A7KUZ5 Opsin 5 n 100.0 6.7E-44   7E-50  316.1   0.0  290   52-373    53-344 (407)
     363 tr|A0A182FRI7|A0A182FRI7_ANOAL 100.0 7.1E-44 7.4E-50  331.4   0.0  192   53-253   114-307 (677)
     364 tr|A0A2B4SSL5|A0A2B4SSL5_STYPI 100.0 7.3E-44 7.6E-50  298.4   0.0  290   51-376    21-312 (344)
     365 tr|A0A067RDC3|A0A067RDC3_ZOONE 100.0 7.4E-44 7.8E-50  320.8   0.0  299   46-376    66-366 (506)
     366 UniRef100_A0A026W6M2 Gonadotro 100.0 7.6E-44 7.9E-50  316.4   0.0  294   42-363    80-377 (492)
     367 UniRef100_UPI00064361F4 vasopr 100.0 7.8E-44   8E-50  300.9   0.0  277   90-373     2-278 (530)
     368 tr|A0A1A9ZM95|A0A1A9ZM95_GLOPL 100.0 7.7E-44   8E-50  307.0   0.0  294   55-376    98-396 (481)
     369 UniRef100_A0A1B6HDB2 G_PROTEIN 100.0 7.8E-44 8.1E-50  296.8   0.0  289   57-377    17-310 (360)
     370 UniRef100_A0A026WC04 Dopamine  100.0 7.9E-44 8.1E-50  308.0   0.0  307   56-373    82-397 (468)
     371 UniRef100_A0A132AJH3 7 transme 100.0   8E-44 8.4E-50  317.1   0.0  312   52-371    69-384 (447)
     372 UniRef100_A0A6S7JE64 Neuropept 100.0 8.1E-44 8.4E-50  311.5   0.0  291   46-373    29-321 (412)
     373 tr|B4JN40|B4JN40_DROGR GH24210 100.0 8.1E-44 8.5E-50  309.9   0.0  288   53-373   118-408 (436)
     374 tr|A7RKH9|A7RKH9_NEMVE Predict 100.0 8.4E-44 8.8E-50  304.1   0.0  286   50-375    24-315 (336)
     375 tr|A0A210QNG6|A0A210QNG6_MIZYE 100.0 8.5E-44 8.9E-50  314.2   0.0  306   46-375    34-341 (498)
     376 UniRef100_A0A061QLL1 Putative  100.0 8.7E-44   9E-50  312.4   0.0  308   54-373    48-421 (424)
     377 UniRef100_A0A2B4RFH8 Neuropept 100.0 8.6E-44 9.1E-50  326.7   0.0  291   51-373    64-366 (439)
     378 tr|T1EGD8|T1EGD8_HELRO Unchara 100.0 9.3E-44 9.6E-50  308.7   0.0  321   45-370    12-370 (456)
     379 UniRef100_A0A060VRN9 G_PROTEIN 100.0 9.6E-44 9.9E-50  316.1   0.0  288   52-371   136-428 (496)
     380 UniRef100_A0A2B4SJE7 Orexin re 100.0   1E-43   1E-49  319.2   0.0  292   50-375   133-433 (517)
     381 tr|A0A2B4RYF4|A0A2B4RYF4_STYPI 100.0   1E-43 1.1E-49  306.1   0.0  291   45-372    18-310 (402)
     382 UniRef100_A0A023F4J9 Putative  100.0   1E-43 1.1E-49  321.9   0.0  311   53-371   158-490 (588)
     383 UniRef100_A0A6G8J3P5 Melanin-c 100.0 1.1E-43 1.1E-49  307.1   0.0  289   50-374    60-352 (460)
     384 tr|A0A1V4KK28|A0A1V4KK28_PATFA 100.0 1.1E-43 1.1E-49  305.0   0.0  294   53-377   135-431 (478)
     385 tr|A7RNV5|A7RNV5_NEMVE Predict 100.0 1.1E-43 1.2E-49  305.0   0.0  287   54-377    34-332 (377)
     386 UniRef100_A0A067RAQ2 Neuropept 100.0 1.2E-43 1.2E-49  306.8   0.0  290   51-370   100-393 (509)
     387 UniRef100_A0A016VJP9 G_PROTEIN 100.0 1.2E-43 1.2E-49  320.1   0.0  323   51-378   136-530 (650)
     388 tr|A0A218VDE9|A0A218VDE9_9PASE 100.0 1.3E-43 1.4E-49  307.6   0.0  279   50-370    22-304 (556)
     389 tr|A0A0P6BPA6|A0A0P6BPA6_9CRUS 100.0 1.4E-43 1.4E-49  312.7   0.0  303   55-366    61-373 (574)
     390 UniRef100_A0A3M6T8F5 G_PROTEIN 100.0 1.4E-43 1.4E-49  329.4   0.0  303   41-374    91-396 (523)
     391 UniRef100_A0A016TS00 G_PROTEIN 100.0 1.4E-43 1.5E-49  326.5   0.0  317   53-375   114-555 (622)
     392 UniRef100_A0A068WTW9 Tachykini 100.0 1.5E-43 1.5E-49  308.9   0.0  291   53-373    47-359 (453)
     393 tr|A0A2C9KB37|A0A2C9KB37_BIOGL 100.0 1.5E-43 1.5E-49  307.2   0.0  314   56-373   106-467 (513)
     394 tr|K1PEH3|K1PEH3_CRAGI Neurope 100.0 1.5E-43 1.5E-49  304.5   0.0  293   52-375    48-359 (411)
     395 UniRef100_A0A060WAA0 NK-2 rece 100.0 1.6E-43 1.6E-49  306.0   0.0  303   41-376    62-367 (465)
     396 tr|A0A091E8Z6|A0A091E8Z6_FUKDA 100.0 1.6E-43 1.6E-49  301.4   0.0  314   41-374   142-458 (484)
     397 UniRef100_A0A6P4Z684 G-protein 100.0 1.7E-43 1.8E-49  305.6   0.0  292   51-371    51-344 (425)
     398 UniRef100_A0A060W5H6 G_PROTEIN 100.0 1.7E-43 1.8E-49  321.9   0.0  297   49-369    84-383 (528)
     399 UniRef100_A0A087XFV2 5-hydroxy 100.0 1.7E-43 1.8E-49  312.5   0.0  301   51-374    83-397 (493)
     400 tr|A0A1I8MRR4|A0A1I8MRR4_MUSDO 100.0 1.7E-43 1.8E-49  321.3   0.0  294   51-372   258-557 (819)
     401 UniRef100_A0A023F3V9 Putative  100.0 1.8E-43 1.9E-49  315.8   0.0  287   49-372   130-422 (574)
     402 tr|A0A146NY53|A0A146NY53_FUNHE 100.0 1.8E-43 1.9E-49  312.3   0.0  298   53-371     8-315 (469)
     403 tr|A0A0P7V5N2|A0A0P7V5N2_9TELE 100.0 1.9E-43   2E-49  309.5   0.0  300   57-372    96-400 (468)
     404 UniRef100_A0A034WQT6 Tachykini 100.0   2E-43   2E-49  317.8   0.0  297   48-372   113-417 (694)
     405 tr|A0A0N7KWU9|A0A0N7KWU9_LYMST 100.0 2.1E-43 2.1E-49  307.3   0.0  320   54-376    78-449 (494)
     406 UniRef100_A0A2B4SID7 Neuropept 100.0 2.1E-43 2.1E-49  313.2   0.0  294   47-371    77-377 (462)
     407 UniRef100_UPI000219022F Endoly 100.0 2.2E-43 2.3E-49  305.7   0.0  298   38-375   187-488 (507)
     408 tr|A0A1I8N820|A0A1I8N820_MUSDO 100.0 2.2E-43 2.3E-49  321.3   0.0  310   53-371   306-635 (880)
     409 UniRef100_A0A026W4F0 Octopamin 100.0 2.2E-43 2.3E-49  305.3   0.0  312   51-372    55-391 (445)
     410 UniRef100_A0A023F664 Putative  100.0 2.3E-43 2.4E-49  309.6   0.0  291   54-374    83-381 (471)
     411 UniRef100_A0A0P6J0T1 Putative  100.0 2.3E-43 2.4E-49  326.1   0.0  295   54-373   105-410 (735)
     412 UniRef100_A0A024FLZ5 PQRFa pep 100.0 2.4E-43 2.5E-49  306.0   0.0  295   44-370    50-348 (416)
     413 UniRef100_A0A2T7PWH2 G_PROTEIN 100.0 2.5E-43 2.6E-49  308.4   0.0  302   55-367    45-351 (483)
     414 UniRef100_A0A3M6U2U1 G_PROTEIN 100.0 2.5E-43 2.6E-49  307.7   0.0  282   52-373    20-307 (352)
     415 tr|A0A146NR64|A0A146NR64_FUNHE 100.0 2.5E-43 2.6E-49  305.3   0.0  281   51-369   119-416 (449)
     416 UniRef100_A0A210QSD7 Octopamin 100.0 2.7E-43 2.8E-49  314.5   0.0  310   52-375    58-418 (423)
     417 UniRef100_A0A087XKP0 Pyrogluta 100.0 2.9E-43   3E-49  308.5   0.0  300   54-374   147-451 (537)
     418 UniRef100_A0A060VNF4 G_PROTEIN 100.0 2.9E-43   3E-49  316.9   0.0  284   51-372   130-430 (566)
     419 tr|A0A0A7RC79|A0A0A7RC79_RHOPR 100.0 2.9E-43   3E-49  301.5   0.0  290   52-373    76-373 (404)
     420 tr|A0A0L7QUK8|A0A0L7QUK8_9HYME 100.0 2.9E-43   3E-49  320.2   0.0  294   49-371   199-496 (806)
     421 tr|C3Z617|C3Z617_BRAFL Unchara 100.0   3E-43 3.1E-49  298.5   0.0  305   41-369    23-335 (426)
     422 UniRef100_A0A0L8G825 G_PROTEIN 100.0 3.1E-43 3.2E-49  319.4   0.0  289   48-361    70-361 (437)
     423 UniRef100_A0A060X0R7 Uncharact 100.0 3.3E-43 3.4E-49  296.0   0.0  282   49-371    55-340 (383)
     424 tr|A0A2B4SDF9|A0A2B4SDF9_STYPI 100.0 3.3E-43 3.4E-49  294.2   0.0  294   50-376    35-329 (356)
     425 UniRef100_A0A315VEI8 G_PROTEIN 100.0 3.5E-43 3.6E-49  319.4   0.0  284   38-330   584-867 (1189)
     426 SRR6218665_147192              100.0 3.5E-43 3.6E-49  307.7   0.0  308   41-375    90-398 (466)
     427 tr|G3R6B9|G3R6B9_GORGO Neurope 100.0 3.6E-43 3.7E-49  303.9   0.0  302   44-370   140-451 (522)
     428 UniRef100_A0A087YRI1 G_PROTEIN 100.0 3.5E-43 3.7E-49  311.3   0.0  292   53-376    82-375 (438)
     429 UniRef100_A0A0P7U0M1 Galanin r 100.0 3.8E-43 3.9E-49  298.6   0.0  288   52-374   141-435 (475)
     430 UniRef100_A0A1B0CSF5 Putative  100.0 3.8E-43 3.9E-49  309.8   0.0  323   51-377    37-406 (474)
     431 UniRef100_A0A061QLN0 Putative  100.0 3.8E-43   4E-49  328.8   0.0  315   53-372    90-602 (685)
     432 tr|A0A0K0PUV0|A0A0K0PUV0_PLADU 100.0   4E-43 4.2E-49  303.5   0.0  314   51-377    15-337 (373)
     433 tr|A0A1D1W534|A0A1D1W534_RAMVA 100.0 4.1E-43 4.2E-49  304.7   0.0  322   51-374    55-427 (493)
     434 UniRef100_A0A095ANA4 Dopamine  100.0 4.2E-43 4.4E-49  328.0   0.0  187   53-251   174-362 (674)
     435 tr|A0A0P6C2B0|A0A0P6C2B0_9CRUS 100.0 4.3E-43 4.4E-49  315.8   0.0  321   49-372   166-531 (543)
     436 UniRef100_A0A0L0C965 Tachykini 100.0 4.4E-43 4.6E-49  310.5   0.0  291   54-374   123-419 (611)
     437 tr|U3U4E1|U3U4E1_NILLU Neurope 100.0 4.4E-43 4.6E-49  316.0   0.0  316   52-378   153-473 (606)
     438 UniRef100_A0A1L8HHP3 G_PROTEIN 100.0 4.8E-43   5E-49  300.2   0.0  283   47-370    41-336 (370)
     439 UniRef100_A0A1D2MAK0 Neuropept 100.0 4.8E-43   5E-49  300.9   0.0  297   50-373    80-382 (428)
     440 UniRef100_A0A224B198 Cholecyst 100.0 4.9E-43   5E-49  298.6   0.0  331   43-374   102-465 (534)
     441 UniRef100_A0A060VV87 Kappa-typ 100.0 4.9E-43 5.1E-49  310.9   0.0  279   53-371   192-474 (586)
     442 UniRef100_A0A6P4YBA8 delta-typ 100.0 4.9E-43 5.1E-49  306.2   0.0  284   51-375    50-341 (406)
     443 UniRef100_A0A2S1WLX6 Putative  100.0   5E-43 5.1E-49  304.1   0.0  308   58-375    53-460 (475)
     444 UniRef100_A0A0K8WE72 5-hydroxy 100.0 5.2E-43 5.3E-49  316.6   0.0  307   54-370   271-621 (662)
     445 UniRef100_A0A0K0PUE3 Orphan G- 100.0 5.2E-43 5.4E-49  314.9   0.0  297   54-369   119-423 (550)
     446 tr|A0A0K2TJR3|A0A0K2TJR3_LEPSM 100.0 5.3E-43 5.5E-49  296.9   0.0  302   48-373    51-356 (402)
     447 UniRef100_A0A0L8H5P3 G_PROTEIN 100.0 5.3E-43 5.5E-49  310.7   0.0  290   54-369    77-368 (496)
     448 tr|A0A2B4S6X2|A0A2B4S6X2_STYPI 100.0 5.3E-43 5.5E-49  299.5   0.0  290   54-371    26-321 (379)
     449 UniRef100_A0A060YTK2 Uncharact 100.0 5.5E-43 5.7E-49  301.3   0.0  291   45-373    78-378 (447)
     450 tr|A0A1L8HND2|A0A1L8HND2_XENLA 100.0 5.7E-43 5.9E-49  305.8   0.0  298   52-374   129-428 (452)
     451 tr|A0A139WEA0|A0A139WEA0_TRICA 100.0 5.9E-43 6.1E-49  295.8   0.0  311   53-375    95-407 (464)
     452 UniRef100_D1LX82 Neuropeptide  100.0 6.1E-43 6.4E-49  311.6   0.0  289   53-376    56-351 (424)
     453 tr|A0A1S3L0J1|A0A1S3L0J1_SALSA 100.0 6.6E-43 6.8E-49  308.3   0.0  307   51-371    75-403 (533)
     454 tr|A0A1D2MMS7|A0A1D2MMS7_ORCCI 100.0 6.6E-43 6.8E-49  314.1   0.0  283   50-374   122-405 (612)
     455 tr|C7SLZ0|C7SLZ0_APLKU Seroton 100.0 6.7E-43   7E-49  312.2   0.0  303   55-373    76-424 (485)
     456 tr|A0A147AMP5|A0A147AMP5_FUNHE 100.0 6.7E-43 7.1E-49  322.4   0.0  303   54-371    34-425 (475)
     457 SRR6218665_1158703             100.0 6.9E-43 7.2E-49  304.1   0.0  308   42-375    27-336 (413)
     458 UniRef100_A0A0A1WLH2 Somatosta 100.0 7.1E-43 7.4E-49  316.1   0.0  287   50-373   215-507 (667)
     459 UniRef100_A0A016T4B6 G_PROTEIN 100.0 7.1E-43 7.4E-49  320.8   0.0  316   53-374   104-429 (585)
     460 tr|W4Z9U8|W4Z9U8_STRPU Unchara 100.0 7.2E-43 7.5E-49  297.2   0.0  301   48-370   104-408 (434)
     461 UniRef100_A0A087X781 Alpha-2Db 100.0 7.2E-43 7.5E-49  306.0   0.0  306   56-371    71-490 (495)
     462 UniRef100_A0A678XEL8 Trace ami 100.0 7.2E-43 7.5E-49  312.5   0.0  300   51-373    55-356 (523)
     463 UniRef100_A0A0L8FWF7 G_PROTEIN 100.0 7.5E-43 7.8E-49  321.0   0.0  313   54-375    94-548 (576)
     464 ERR1719341_586736              100.0 7.7E-43   8E-49  309.9   0.0  290   51-374    54-355 (513)
     465 tr|A0A146TP77|A0A146TP77_FUNHE 100.0 7.7E-43 8.1E-49  322.0   0.0  309   54-374    49-424 (522)
     466 tr|A0A210QVM6|A0A210QVM6_MIZYE 100.0 7.8E-43 8.1E-49  295.7   0.0  306   41-368    70-379 (413)
     467 tr|A0A151IFQ2|A0A151IFQ2_9HYME 100.0   8E-43 8.4E-49  335.5   0.0  319   54-375    46-373 (1113)
     468 UniRef100_A0A087QH27 C-C chemo 100.0 8.2E-43 8.6E-49  324.9   0.0  273   53-371   202-482 (591)
     469 UniRef100_A0A0L8I1Y4 G_PROTEIN 100.0 8.4E-43 8.6E-49  298.2   0.0  311   54-374    55-373 (457)
     470 UniRef100_A0A026W4S0 Neuromedi 100.0 8.5E-43 8.9E-49  316.1   0.0  299   54-370    76-385 (604)
     471 tr|A0A1S3F7I6|A0A1S3F7I6_DIPOR 100.0 8.8E-43 9.1E-49  303.0   0.0  294   45-372   160-463 (543)
     472 tr|A7SIX0|A7SIX0_NEMVE Predict 100.0   9E-43 9.3E-49  300.3   0.0  289   49-371    22-316 (403)
     473 tr|A0A287CUD4|A0A287CUD4_ICTTR 100.0 9.1E-43 9.4E-49  301.4   0.0  286   52-374    19-308 (478)
     474 tr|E6ZEU6|E6ZEU6_DICLA Neurome 100.0 9.1E-43 9.5E-49  309.0   0.0  295   54-372    91-393 (461)
     475 UniRef100_A0A0G2UQ37 Rhodopsin 100.0 9.3E-43 9.6E-49  307.7   0.0  296   49-369    93-391 (515)
     476 tr|A0A1D2N5F0|A0A1D2N5F0_ORCCI 100.0 9.5E-43 9.9E-49  306.0   0.0  302   45-376    48-351 (559)
     477 tr|C3Z3H5|C3Z3H5_BRAFL Unchara 100.0 9.7E-43   1E-48  296.1   0.0  297   51-378    80-379 (405)
     478 tr|A0A2B4RYW3|A0A2B4RYW3_STYPI 100.0 9.8E-43   1E-48  332.4   0.0  289   52-377    40-330 (1580)
     479 UniRef100_A0A3B4VB96 Beta-2 ad 100.0 9.8E-43   1E-48  304.9   0.0  300   54-372    55-360 (464)
     480 UniRef100_L5M918 Orexin recept 100.0 9.9E-43   1E-48  315.6   0.0  197   52-249    70-268 (659)
     481 SRR6218665_799277              100.0   1E-42   1E-48  296.4   0.0  292   54-376   127-422 (456)
     482 AntAceMinimDraft_8_1070364.sca 100.0 1.1E-42 1.1E-48  298.2   0.0  318   46-377    32-360 (406)
     483 UniRef100_A0A2B4S7Y2 Neuropept 100.0 1.1E-42 1.1E-48  315.7   0.0  295   46-373    76-371 (460)
     484 tr|A0A1S3JCV4|A0A1S3JCV4_LINUN 100.0 1.1E-42 1.1E-48  297.1   0.0  310   50-379    61-374 (414)
     485 UniRef100_A0A151NBW6 Beta-3 ad 100.0 1.1E-42 1.2E-48  304.3   0.0  301   55-371    34-338 (490)
     486 tr|W4YH96|W4YH96_STRPU Unchara 100.0 1.2E-42 1.2E-48  290.6   0.0  298   42-374    27-325 (394)
     487 tr|A0A182TQN5|A0A182TQN5_9DIPT 100.0 1.3E-42 1.3E-48  308.8   0.0  326   50-376   132-497 (613)
     488 UniRef100_A0A3M7QMF5 Substance 100.0 1.3E-42 1.3E-48  297.3   0.0  335   10-372    30-372 (458)
     489 tr|A0A1S2ZIZ2|A0A1S2ZIZ2_ERIEU 100.0 1.3E-42 1.3E-48  306.1   0.0  312   53-375   202-533 (620)
     490 UniRef100_A0A059ZY04 Angiotens 100.0 1.3E-42 1.3E-48  317.6   0.0  280   48-373   165-454 (546)
     491 UniRef100_A0A0C9RF21 CapaR_3 p 100.0 1.3E-42 1.3E-48  309.7   0.0  294   54-373    54-356 (532)
     492 tr|A0A226N2C0|A0A226N2C0_CALSU 100.0 1.3E-42 1.4E-48  304.4   0.0  294   51-375   224-522 (569)
     493 UniRef100_A0A061IAU9 Gastric r 100.0 1.3E-42 1.4E-48  309.3   0.0  291   51-376   114-409 (588)
     494 UniRef100_A0A2G8KTA9 Putative  100.0 1.3E-42 1.4E-48  313.8   0.0  287   54-373    51-343 (445)
     495 tr|A0A1A8K3T1|A0A1A8K3T1_NOTKU 100.0 1.4E-42 1.4E-48  308.1   0.0  314   53-374    50-485 (621)
     496 tr|B5DNP6|B5DNP6_DROPS Unchara 100.0 1.4E-42 1.5E-48  309.7   0.0  324   46-373   136-559 (625)
     497 UniRef100_A0A016UUZ5 G_PROTEIN 100.0 1.4E-42 1.5E-48  304.6   0.0  309   48-373    71-412 (486)
     498 tr|A0A1I8PG61|A0A1I8PG61_STOCA 100.0 1.5E-42 1.5E-48  317.8   0.0  292   47-374   295-593 (716)
     499 UniRef100_L5M9C0 Oxytocin rece 100.0 1.5E-42 1.5E-48  290.2   0.0  304   38-375   140-443 (482)
     500 UniRef100_A0A0L8HMQ0 G_PROTEIN 100.0 1.5E-42 1.5E-48  309.9   0.0  297   51-372    48-346 (538)
     
  > Uniprot already searched, skipping.
> Running chain B
  > Uniref90 already searched, skipping.
  > Mgnify already searched, skipping.
  > Running hhblits on bfd_uniref30
- 11:12:26.357 INFO: Searching 65983866 column state sequences.

- 11:12:27.234 INFO: Searching 29291635 column state sequences.

- 11:12:27.265 INFO: v1ar_rat-2168/msas/B/chain_B.fasta is in A2M, A3M or FASTA format

- 11:12:27.266 INFO: Iteration 1

- 11:12:27.271 INFO: Prefiltering database

- 11:13:16.755 INFO: HMMs passed 1st prefilter (gapless profile-profile alignment)  : 63828

- 11:13:41.180 INFO: HMMs passed 1st prefilter (gapless profile-profile alignment)  : 69448

- 11:13:41.213 INFO: HMMs passed 2nd prefilter (gapped profile-profile alignment)   : 229

- 11:13:41.213 INFO: HMMs passed 2nd prefilter and not found in previous iterations : 229

- 11:13:41.213 INFO: Scoring 229 HMMs using HMM-HMM Viterbi alignment

- 11:13:41.255 INFO: Alternative alignment: 0

- 11:13:41.469 INFO: 229 alignments done

- 11:13:41.470 INFO: Alternative alignment: 1

- 11:13:41.476 INFO: 221 alignments done

- 11:13:41.476 INFO: Alternative alignment: 2

- 11:13:41.476 INFO: 3 alignments done

- 11:13:41.476 INFO: Alternative alignment: 3

- 11:13:41.554 INFO: Premerge done

- 11:13:41.554 INFO: Realigning 232 HMM-HMM alignments using Maximum Accuracy algorithm

- 11:13:41.585 INFO: 38 sequences belonging to 38 database HMMs found with an E-value < 0.001

- 11:13:41.585 INFO: Number of effective sequences of resulting query HMM: Neff = 6.30248

- 11:13:41.589 INFO: Iteration 2

- 11:13:41.589 INFO: Set premerge to 0! (premerge: 3 iteration: 2 hits.Size: 35)

- 11:13:41.593 INFO: Prefiltering database

- 11:14:30.931 INFO: HMMs passed 1st prefilter (gapless profile-profile alignment)  : 3048

- 11:14:49.113 INFO: HMMs passed 1st prefilter (gapless profile-profile alignment)  : 7371

- 11:14:49.117 INFO: HMMs passed 2nd prefilter (gapped profile-profile alignment)   : 47

- 11:14:49.117 INFO: HMMs passed 2nd prefilter and not found in previous iterations : 23

- 11:14:49.117 INFO: Scoring 23 HMMs using HMM-HMM Viterbi alignment

- 11:14:49.152 INFO: Alternative alignment: 0

- 11:14:49.153 INFO: 23 alignments done

- 11:14:49.153 INFO: Alternative alignment: 1

- 11:14:49.153 INFO: 18 alignments done

- 11:14:49.153 INFO: Alternative alignment: 2

- 11:14:49.154 INFO: 1 alignments done

- 11:14:49.154 INFO: Alternative alignment: 3

- 11:14:49.169 INFO: Realigning 21 HMM-HMM alignments using Maximum Accuracy algorithm

- 11:14:49.181 INFO: 47 sequences belonging to 47 database HMMs found with an E-value < 0.001

- 11:14:49.181 INFO: Number of effective sequences of resulting query HMM: Neff = 6.28874

- 11:14:49.183 INFO: Iteration 3

- 11:14:49.191 INFO: Prefiltering database

- 11:15:30.951 INFO: HMMs passed 1st prefilter (gapless profile-profile alignment)  : 2755

- 11:15:55.020 INFO: HMMs passed 1st prefilter (gapless profile-profile alignment)  : 6434

- 11:15:55.024 INFO: HMMs passed 2nd prefilter (gapped profile-profile alignment)   : 41

- 11:15:55.024 INFO: HMMs passed 2nd prefilter and not found in previous iterations : 10

- 11:15:55.024 INFO: Scoring 10 HMMs using HMM-HMM Viterbi alignment

- 11:15:55.058 INFO: Alternative alignment: 0

- 11:15:55.060 INFO: 10 alignments done

- 11:15:55.060 INFO: Alternative alignment: 1

- 11:15:55.060 INFO: 6 alignments done

- 11:15:55.060 INFO: Alternative alignment: 2

- 11:15:55.061 INFO: 1 alignments done

- 11:15:55.061 INFO: Alternative alignment: 3

- 11:15:55.076 INFO: Rescoring previously found HMMs with Viterbi algorithm

- 11:15:55.102 INFO: Alternative alignment: 0

- 11:15:55.103 INFO: 44 alignments done

- 11:15:55.103 INFO: Alternative alignment: 1

- 11:15:55.104 INFO: 41 alignments done

- 11:15:55.104 INFO: Alternative alignment: 2

- 11:15:55.104 INFO: Alternative alignment: 3

- 11:15:55.124 INFO: Premerge done

- 11:15:55.124 INFO: Realigning 52 HMM-HMM alignments using Maximum Accuracy algorithm

- 11:15:55.140 INFO: 47 sequences belonging to 47 database HMMs found with an E-value < 0.001

- 11:15:55.140 INFO: Number of effective sequences of resulting query HMM: Neff = 6.28874

     Query         vasopressin gtp:2168
     Match_columns 9
     No_of_seqs    48 out of 425
     Neff          6.28874
     Searched_HMMs 229
     Date          Wed Mar  8 11:15:55 2023
     Command       hhblits -i v1ar_rat-2168/msas/B/chain_B.fasta -cpu 4 -maxmem 20 -oa3m /projects/ilfgrid/people/nqz918/code/deorph/scripts/af_arman/af_jobs_af23/v1ar_rat/2168//v1ar_rat-2168/msas/B/bfd_uniref_hits.a3m -o /dev/null -n 3 -e 0.001 -maxseq 1000000 -realign_max 100000 -maxfilt 100000 -min_prefilter_hits 1000 -d /projects/ilfgrid/data/alphafold-genetic-databases///bfd/bfd_metaclust_clu_complete_id30_c90_final_seq.sorted_opt -d /projects/ilfgrid/data/alphafold-genetic-databases///uniref30/UniRef30_2021_03 
     
      No Hit                             Prob E-value P-value  Score    SS Cols Query HMM  Template HMM
       1 UniRef100_P69128 Vasotocin n=2  98.5 2.5E-09 2.6E-15   28.8   0.0    9    1-9       1-9   (9)
       2 UniRef100_Q7LZD3 Hydrin 2 n=1   98.4 5.2E-09 5.4E-15   28.8   0.0    9    1-9       1-9   (10)
       3 UniRef100_P69043 Oxytocin n=5   98.1 6.9E-08 7.2E-14   26.1   0.0    9    1-9       1-9   (9)
       4 sp|P69058|OXYT_HYDCO Oxytocin   98.1 6.9E-08 7.2E-14   26.1   0.0    9    1-9       1-9   (9)
       5 UniRef100_P43000 Valitocin n=1  98.0 1.6E-07 1.6E-13   25.5   0.0    9    1-9       1-9   (9)
       6 UniRef100_P42994 Glumitocin n=  98.0 2.6E-07 2.7E-13   25.1   0.0    9    1-9       1-9   (9)
       7 UniRef100_P42999 Aspartocin n=  97.8   1E-06 1.1E-12   24.0   0.0    9    1-9       1-9   (9)
       8 UniRef100_P42993 Isotocin n=1   97.8 1.1E-06 1.1E-12   23.9   0.0    9    1-9       1-9   (9)
       9 UniRef100_P42995 Seritocin n=1  97.8 1.3E-06 1.3E-12   23.8   0.0    9    1-9       1-9   (9)
      10 UniRef100_P42996 Asvatocin n=1  97.7 2.3E-06 2.4E-12   23.4   0.0    9    1-9       1-9   (9)
      11 UniRef100_P42992 Vasotocin-neu  97.6 3.1E-06 3.2E-12   28.2   0.0    9    1-9       1-9   (27)
      12 UniRef100_A0A087QN40 Vasotocin  97.6 3.3E-06 4.1E-12   34.6   0.0    9    1-9      20-28  (131)
      13 UniRef100_P84502 Lys-conopress  97.4 1.3E-05 1.3E-11   22.0   0.0    9    1-9       1-9   (9)
      14 UniRef100_P80027 Cephalotocin   97.2 3.1E-05 3.2E-11   21.3   0.0    9    1-9       1-9   (9)
      15 UniRef100_P05487 Conopressin-S  97.1 5.2E-05 5.3E-11   20.9   0.0    9    1-9       1-9   (9)
      16 UniRef100_A0A060W4M5 Uncharact  97.1 4.2E-05 5.3E-11   33.6   0.0    9    1-9      70-78  (233)
      17 UniRef100_A0A091J9N4 Mesotocin  97.1 4.6E-05 5.4E-11   31.6   0.0    9    1-9      40-48  (127)
      18 UniRef100_P16339 Locupressin n  97.1 5.4E-05 5.6E-11   20.8   0.0    9    1-9       1-9   (9)
      19 UniRef100_A0A2I8B339 Oxytocin/  97.1 6.5E-05 7.6E-11   31.9   0.0    9    1-9      23-31  (155)
      20 tr|A0A087XPE6|A0A087XPE6_POEFO  97.0 7.2E-05 8.4E-11   32.1   0.0    9    1-9      38-46  (171)
      21 UniRef100_A0A0B4ZWU4 Oxytocin   97.0 8.6E-05 8.8E-11   24.2   0.0    9    1-9       2-10  (22)
      22 UniRef100_A0A0F7CSY3 Neurophys  97.0 9.7E-05   1E-10   26.5   0.0    9    1-9      20-28  (40)
      23 UniRef100_P42997 Phasvatocin n  97.0 0.00012 1.2E-10   20.2   0.0    9    1-9       1-9   (9)
      24 UniRef100_P86255 Conopressin-T  96.9 0.00016 1.6E-10   19.5   0.0    8    1-8       1-8   (8)
      25 UniRef100_S6BQ34 Arginine vaso  96.9 0.00017 1.8E-10   25.8   0.0    9    1-9      19-27  (39)
      26 tr|A0A218V8Z2|A0A218V8Z2_9PASE  96.7 0.00034 3.8E-10   31.7   0.0    9    1-9      20-28  (274)
      27 UniRef100_A0A0A0AAY3 Vasotocin  96.7 0.00038   4E-10   28.8   0.0    9    1-9      32-40  (110)
      28 UniRef100_Q63408 Rat prepro-ox  96.6 0.00047 4.8E-10   23.3   0.0    7    1-7      20-26  (26)
      29 UniRef100_P0DL76 Conopressin-T  96.6  0.0005 5.1E-10   19.1   0.0    8    1-8       1-8   (9)
      30 UniRef100_A0A091CQU3 Oxytocin-  96.6  0.0005 5.3E-10   26.9   0.0    9    1-9      20-28  (71)
      31 UniRef100_O46610 Arginine vaso  96.6 0.00057 5.8E-10   25.0   0.0    9    1-9       1-9   (43)
      32 UniRef100_A0A091F124 Mesotocin  96.5  0.0008   9E-10   29.9   0.0    9    1-9      56-64  (207)
      33 UniRef100_A0A553RLT8 Uncharact  96.5 0.00095 9.7E-10   28.5   0.0    9    1-9      55-63  (148)
      34 UniRef100_A0A3Q2I9B2 Oxytocin-  96.5 0.00087 9.9E-10   29.3   0.0    9    1-9      20-28  (172)
      35 tr|X5D8U4|X5D8U4_HUMAN Arginin  96.4  0.0011 1.2E-09   29.7   0.0    9    1-9      20-28  (222)
      36 UniRef100_A0A384D4E0 vasopress  96.4  0.0013 1.3E-09   26.2   0.0    9    1-9      20-28  (79)
      37 UniRef100_A0A3N0Z6Z0 Vasotocin  96.3  0.0014 1.5E-09   29.4   0.0    9    1-9      23-31  (224)
      38 UniRef100_Q91078 Vasotocin n=1  96.3  0.0015 1.6E-09   28.2   0.0    9    1-9      23-31  (157)
      39 UniRef100_A0A091GHA6 Vasotocin  96.3  0.0014 1.7E-09   29.0   0.0    9    1-9      41-49  (190)
      40 UniRef100_A0A6P3QUI8 vasopress  96.1  0.0026 2.8E-09   27.0   0.0    9    1-9      20-28  (128)
      41 UniRef100_A0A2I2U5X4 Arginine   96.1  0.0027 3.1E-09   27.9   0.0    9    1-9      24-32  (169)
      42 UniRef100_A0A0D9RLH7 Uncharact  96.0  0.0038 4.3E-09   28.3   0.0    9    1-9      54-62  (222)
      43 UniRef100_A0A3Q1GVY0 Vasotocin  96.0  0.0045 4.7E-09   27.9   0.0    9    1-9      20-28  (225)
      44 UniRef100_A0A4W5PGA2 Uncharact  95.9  0.0052 5.3E-09   26.3   0.0    9    1-9      15-23  (132)
      45 UniRef100_A0A5N3VIC6 Uncharact  95.8  0.0068   7E-09   26.2   0.0    9    1-9      20-28  (143)
      46 UniRef100_A0A218V8Z2 Vasotocin  95.7    0.01   1E-08   27.4   0.0    9    1-9      20-28  (274)
      47 UniRef100_A0A3B8QIH4 Uncharact  95.0   0.038 3.9E-08   20.2   0.0    8    1-8      13-20  (36)
      48 UniRef100_A0A2W1N3V6 Uncharact  94.9   0.042 4.3E-08   18.4   0.0    9    1-9       8-16  (21)
      49 UniRef100_A0A218V8Z2 Vasotocin  94.5   0.072 7.5E-08   25.1   0.0    9    1-9     163-171 (274)
      50 UniRef100_A0A7N9IB30 Arginine   94.4   0.085 8.7E-08   24.6   0.0    9    1-9      20-28  (242)
      51 UniRef100_A0A0A9HH27 Uncharact  93.8    0.17 1.7E-07   21.5   0.0    8    1-8      35-42  (95)
      52 UniRef100_A0A182WNN8 Uncharact  92.0    0.64 6.6E-07   16.0   0.0    6    1-6      17-22  (22)
     
  > Uniprot already searched, skipping.

>> Job finished at: Wed Mar  8 11:15:58 CET 2023

>> Runtime: 1110 s
