>> Job started at: Thu Feb 23 11:08:34 CET 2023
   On Machine:     ilfgridgpun01fl.unicph.domain
   In directory:   /projects/ilfgrid/people/nqz918/code/deorph/scripts/af_arman/af_jobs_af23/grpr_human/3582

>> GPU is 

> Running 'prep_MSAs.sh'
  > Alphafold-DB directory is set to /projects/ilfgrid/data/alphafold-genetic-databases//
  > Number of cores was set to set to 2
  > Max memory set to 20 GB
  > Output directory was set to /projects/ilfgrid/people/nqz918/code/deorph/scripts/af_arman/af_jobs_af23/grpr_human/3582/
  > Input fastafile was set to /projects/ilfgrid/people/nqz918/code/deorph/scripts/af_arman/af_jobs_af23/grpr_human/3582/grpr_human-3582.fasta
> Splitting fastafile
> Running chain A
  > Uniref90 already searched, skipping.
  > Mgnify already searched, skipping.
  > Running hhblits on bfd_uniref30
- 11:09:45.946 INFO: Searching 65983866 column state sequences.

- 11:09:47.174 INFO: Searching 29291635 column state sequences.

- 11:09:47.211 INFO: grpr_human-3582/msas/A/chain_A.fasta is in A2M, A3M or FASTA format

- 11:09:47.211 INFO: Iteration 1

- 11:09:47.500 INFO: Prefiltering database

- 11:29:06.013 INFO: HMMs passed 1st prefilter (gapless profile-profile alignment)  : 1156418

- 11:30:35.312 INFO: HMMs passed 1st prefilter (gapless profile-profile alignment)  : 673642

- 11:30:38.777 INFO: HMMs passed 2nd prefilter (gapped profile-profile alignment)   : 29953

- 11:30:38.777 INFO: HMMs passed 2nd prefilter and not found in previous iterations : 29953

- 11:30:38.777 INFO: Scoring 29953 HMMs using HMM-HMM Viterbi alignment

- 11:30:38.809 INFO: Alternative alignment: 0

- 11:30:40.225 INFO: 2000 alignments done

- 11:30:41.634 INFO: 4000 alignments done

- 11:30:43.471 INFO: 6000 alignments done

- 11:31:05.822 INFO: 8000 alignments done

- 11:31:56.271 INFO: 10000 alignments done

- 11:32:44.744 INFO: 12000 alignments done

- 11:33:44.249 INFO: 14000 alignments done

- 11:34:20.955 INFO: 16000 alignments done

- 11:34:53.314 INFO: 18000 alignments done

- 11:35:27.827 INFO: 20000 alignments done

- 11:35:54.770 INFO: 22000 alignments done

- 11:37:15.172 INFO: 24000 alignments done

- 11:38:52.540 INFO: 26000 alignments done

- 11:40:19.778 INFO: 28000 alignments done

- 11:41:46.641 INFO: 29953 alignments done

- 11:41:46.647 INFO: Alternative alignment: 1

- 11:48:18.228 INFO: 29918 alignments done

- 11:48:18.302 INFO: Alternative alignment: 2

- 11:49:16.881 INFO: 5204 alignments done

- 11:49:16.889 INFO: Alternative alignment: 3

- 11:49:18.119 INFO: 733 alignments done

- 11:49:19.837 INFO: Premerge done

- 11:49:19.851 INFO: Realigning 13083 HMM-HMM alignments using Maximum Accuracy algorithm

- 11:51:09.420 INFO: 13086 sequences belonging to 13086 database HMMs found with an E-value < 0.001

- 11:51:09.421 INFO: Number of effective sequences of resulting query HMM: Neff = 10.8218

- 11:51:09.705 INFO: Iteration 2

- 11:51:09.705 INFO: Set premerge to 0! (premerge: 3 iteration: 2 hits.Size: 13083)

- 11:51:09.938 INFO: Prefiltering database

- 11:53:44.181 INFO: HMMs passed 1st prefilter (gapless profile-profile alignment)  : 6108531

- 11:55:34.527 INFO: HMMs passed 1st prefilter (gapless profile-profile alignment)  : 2427376

- 11:55:55.180 INFO: HMMs passed 2nd prefilter (gapped profile-profile alignment)   : 86063

- 11:55:55.180 INFO: HMMs passed 2nd prefilter and not found in previous iterations : 73234

- 11:55:55.180 INFO: Scoring 73234 HMMs using HMM-HMM Viterbi alignment

- 11:55:55.206 INFO: Alternative alignment: 0

- 11:55:56.795 INFO: 2000 alignments done

- 11:55:59.670 INFO: 4000 alignments done

- 11:56:06.315 INFO: 6000 alignments done

- 11:56:14.789 INFO: 8000 alignments done

- 11:56:56.365 INFO: 10000 alignments done

- 11:57:35.960 INFO: 12000 alignments done

- 11:58:35.006 INFO: 14000 alignments done

- 11:58:35.009 INFO: Stop after DB-HHM: 14000 because early stop  9.89575 < filter cutoff 20

- 11:58:35.009 INFO: Alternative alignment: 1

- 11:59:18.088 INFO: 9012 alignments done

- 11:59:18.105 INFO: Alternative alignment: 2

- 11:59:19.221 INFO: 793 alignments done

- 11:59:19.222 INFO: Alternative alignment: 3

- 11:59:19.468 INFO: 120 alignments done

- 11:59:19.594 INFO: Realigning 4930 HMM-HMM alignments using Maximum Accuracy algorithm

- 11:59:57.713 INFO: 18016 sequences belonging to 18016 database HMMs found with an E-value < 0.001

- 11:59:57.713 INFO: Number of effective sequences of resulting query HMM: Neff = 11.4715

- 11:59:57.801 INFO: Iteration 3

- 11:59:58.028 INFO: Prefiltering database

- 12:03:35.868 INFO: HMMs passed 1st prefilter (gapless profile-profile alignment)  : 5966409

- 12:06:08.168 INFO: HMMs passed 1st prefilter (gapless profile-profile alignment)  : 2517609

- 12:06:27.349 INFO: HMMs passed 2nd prefilter (gapped profile-profile alignment)   : 93557

- 12:06:27.349 INFO: HMMs passed 2nd prefilter and not found in previous iterations : 75871

- 12:06:27.349 INFO: Scoring 75871 HMMs using HMM-HMM Viterbi alignment

- 12:06:27.377 INFO: Alternative alignment: 0

- 12:07:10.707 INFO: 2000 alignments done

- 12:07:42.670 INFO: 4000 alignments done

- 12:08:10.886 INFO: 6000 alignments done

- 12:08:47.292 INFO: 8000 alignments done

- 12:09:20.439 INFO: 10000 alignments done

- 12:09:20.452 INFO: Stop after DB-HHM: 10000 because early stop  9.09451 < filter cutoff 20

- 12:09:20.452 INFO: Alternative alignment: 1

- 12:09:24.470 INFO: 4679 alignments done

- 12:09:24.475 INFO: Alternative alignment: 2

- 12:09:25.161 INFO: 499 alignments done

- 12:09:25.162 INFO: Alternative alignment: 3

- 12:09:25.364 INFO: 92 alignments done

- 12:09:25.450 INFO: Rescoring previously found HMMs with Viterbi algorithm

- 12:09:25.479 INFO: Alternative alignment: 0

- 12:10:13.063 INFO: 2000 alignments done

- 12:11:04.857 INFO: 4000 alignments done

- 12:11:45.959 INFO: 6000 alignments done

- 12:12:33.665 INFO: 8000 alignments done

- 12:13:25.751 INFO: 10000 alignments done

- 12:14:14.434 INFO: 12000 alignments done

- 12:15:29.036 INFO: 14000 alignments done

- 12:16:47.997 INFO: 16000 alignments done

- 12:17:58.808 INFO: 17685 alignments done

- 12:17:58.830 INFO: Alternative alignment: 1

- 12:20:44.898 INFO: 17685 alignments done

- 12:20:44.963 INFO: Alternative alignment: 2

- 12:20:47.873 INFO: 1240 alignments done

- 12:20:47.875 INFO: Alternative alignment: 3

- 12:20:48.263 INFO: 186 alignments done

- 12:20:48.641 INFO: Premerge done

- 12:20:48.642 INFO: Realigning 18314 HMM-HMM alignments using Maximum Accuracy algorithm

- 12:22:07.555 INFO: 18381 sequences belonging to 18381 database HMMs found with an E-value < 0.001

- 12:22:07.555 INFO: Number of effective sequences of resulting query HMM: Neff = 11.5151

     Query         grpr_human P30550
     Match_columns 384
     No_of_seqs    1473 out of 226505
     Neff          11.5151
     Searched_HMMs 96693
     Date          Thu Feb 23 12:22:07 2023
     Command       hhblits -i grpr_human-3582/msas/A/chain_A.fasta -cpu 2 -maxmem 20 -oa3m /projects/ilfgrid/people/nqz918/code/deorph/scripts/af_arman/af_jobs_af23/grpr_human/3582//grpr_human-3582/msas/A/bfd_uniref_hits.a3m -o /dev/null -n 3 -e 0.001 -maxseq 1000000 -realign_max 100000 -maxfilt 100000 -min_prefilter_hits 1000 -d /projects/ilfgrid/data/alphafold-genetic-databases///bfd/bfd_metaclust_clu_complete_id30_c90_final_seq.sorted_opt -d /projects/ilfgrid/data/alphafold-genetic-databases///uniref30/UniRef30_2021_03 
     
      No Hit                             Prob E-value P-value  Score    SS Cols Query HMM  Template HMM
       1 UniRef100_A0A1S3AR81 gastrin-r 100.0 7.7E-66 7.8E-72  413.0   0.0  384    1-384     4-387 (410)
       2 UniRef100_A0A087QXE5 Gastrin-r 100.0 2.4E-62 2.5E-68  401.8   0.0  384    1-384    99-485 (570)
       3 tr|G1KTG8|G1KTG8_ANOCA Gastrin 100.0 6.6E-61 6.7E-67  385.4   0.0  378    1-378    53-432 (435)
       4 UniRef100_A0A060X0J2 G_PROTEIN 100.0 1.5E-56 1.5E-62  373.0   0.0  382    1-384    90-475 (554)
       5 UniRef100_A0A6P4Z4S7 G-protein 100.0 9.7E-54 9.6E-60  365.6   0.0  300   37-345    56-355 (417)
       6 UniRef100_A0A1S3HKE5 allatosta 100.0 1.1E-52 1.1E-58  356.2   0.0  296   38-341    80-375 (462)
       7 UniRef100_A0A024FLF0 PQRFa pep 100.0 3.2E-52 3.2E-58  354.4   0.0  300   36-341    45-346 (413)
       8 UniRef100_A0A023F675 Putative  100.0 3.3E-52 3.3E-58  360.1   0.0  299   36-342   122-420 (530)
       9 UniRef100_A0A0K0PUT9 Excitator 100.0 4.1E-52 4.1E-58  354.0   0.0  301   37-344   100-404 (474)
      10 tr|A0A2C9JWF9|A0A2C9JWF9_BIOGL 100.0 6.7E-52 6.7E-58  346.3   0.0  306   38-347    63-371 (403)
      11 UniRef100_A0A2B4S7K2 Histamine 100.0 1.8E-51 1.7E-57  343.2   0.0  297   31-341    23-327 (369)
      12 UniRef100_A0A0K0PUR1 Orphan G- 100.0 2.3E-51 2.3E-57  351.5   0.0  296   36-338   110-408 (530)
      13 UniRef100_A0A0K0PUL8 Allatosta 100.0 2.6E-51 2.6E-57  339.4   0.0  301   34-342    44-345 (396)
      14 UniRef100_A0A026X3T6 Allatosta 100.0 4.3E-51 4.3E-57  347.0   0.0  291   39-344   138-428 (540)
      15 UniRef100_A0A369RW72 Octopamin 100.0 6.5E-51 6.4E-57  347.9   0.0  287   38-337    52-354 (412)
      16 UniRef100_A0A6P4Y4T1 galanin r 100.0 1.4E-50 1.4E-56  333.7   0.0  298   39-344    57-354 (410)
      17 tr|A0A0P7U387|A0A0P7U387_9TELE 100.0 2.5E-50 2.5E-56  334.8   0.0  293   36-343   124-417 (556)
      18 UniRef100_A0A139WB32 Tachykini 100.0 2.8E-50 2.8E-56  331.9   0.0  301   38-344    41-345 (405)
      19 UniRef100_A0A6J8CLU9 HCRTR2 n= 100.0   3E-50 3.1E-56  328.9   0.0  304   36-344    48-361 (422)
      20 UniRef100_A0A177B9B5 Rhodopsin 100.0 3.1E-50 3.2E-56  332.1   0.0  301   37-343    87-404 (464)
      21 UniRef100_A0A0K0PUI9 Orphan G- 100.0 3.3E-50 3.3E-56  347.5   0.0  303   37-343    98-409 (534)
      22 UniRef100_A0A026WTK8 Tachykini 100.0 3.8E-50 3.8E-56  341.5   0.0  299   38-342    87-389 (556)
      23 UniRef100_A0A0K0PUX7 Orphan G- 100.0 4.5E-50 4.6E-56  340.6   0.0  295   38-343    60-356 (471)
      24 tr|A0A1A7XTS5|A0A1A7XTS5_9TELE 100.0 4.6E-50 4.7E-56  318.1   0.0  345   39-383    77-427 (428)
      25 UniRef100_A0A141CIT8 G protein 100.0 5.1E-50 5.2E-56  336.6   0.0  294   38-342    84-377 (488)
      26 tr|C3XSP5|C3XSP5_BRAFL Unchara 100.0 5.5E-50 5.5E-56  320.6   0.0  305   38-346    25-331 (403)
      27 UniRef100_A0A6P4XD29 neuropept 100.0 5.9E-50   6E-56  327.9   0.0  300   36-338    37-339 (385)
      28 UniRef100_A0A026WW28 Neuropept 100.0 7.5E-50 7.5E-56  343.2   0.0  297   36-342    84-381 (552)
      29 UniRef100_A0A154PKR3 Tachykini 100.0   8E-50 8.1E-56  335.4   0.0  296   39-341    75-374 (457)
      30 UniRef100_A0A026W5R0 Orexin re 100.0 8.5E-50 8.5E-56  342.1   0.0  299   38-342   115-427 (529)
      31 UniRef100_A0A1D2M4J2 Neuropept 100.0 8.9E-50   9E-56  335.0   0.0  300   39-343   125-425 (497)
      32 tr|A0A091D403|A0A091D403_FUKDA 100.0 1.3E-49 1.3E-55  336.0   0.0  382    1-384     1-400 (648)
      33 UniRef100_A0A1N7TCF1 Galanin r 100.0 1.3E-49 1.3E-55  328.5   0.0  294   38-344    69-363 (407)
      34 UniRef100_A0A060VSP8 5-hydroxy 100.0 1.4E-49 1.4E-55  335.9   0.0  294   37-345    84-419 (479)
      35 UniRef100_A0A068YB14 Neuropept 100.0 1.9E-49 1.9E-55  337.6   0.0  300   37-343    51-354 (448)
      36 UniRef100_A0A060X690 G_PROTEIN 100.0 2.1E-49 2.1E-55  321.7   0.0  294   39-345    45-339 (386)
      37 UniRef100_A0A060VUW6 G_PROTEIN 100.0 2.6E-49 2.6E-55  349.0   0.0  292   37-344   114-442 (574)
      38 UniRef100_A0A060X5Z5 G_PROTEIN 100.0 2.7E-49 2.7E-55  338.5   0.0  292   37-341    80-384 (522)
      39 UniRef100_A0A210QEM7 Neuropept 100.0 3.5E-49 3.5E-55  324.4   0.0  300   39-346    49-351 (416)
      40 UniRef100_A0A164MD49 Putative  100.0 3.7E-49 3.7E-55  329.6   0.0  299   41-346    50-400 (498)
      41 UniRef100_A0A087X575 NPY-Y2 re 100.0 3.7E-49 3.7E-55  325.2   0.0  299   39-341    72-371 (426)
      42 UniRef100_A0A061INJ6 Pyrogluta 100.0 3.9E-49 3.9E-55  344.3   0.0  303   36-340   148-457 (594)
      43 UniRef100_A0A077Z2H9 Putative  100.0 5.4E-49 5.4E-55  333.1   0.0  304   37-344    68-400 (477)
      44 tr|M3ZFE6|M3ZFE6_XIPMA Somatos 100.0 5.5E-49 5.6E-55  324.8   0.0  291   37-344   101-392 (525)
      45 UniRef100_A0A2B4SDF9 Neuropept 100.0 6.1E-49 6.2E-55  327.5   0.0  291   39-341    88-379 (455)
      46 UniRef100_A0A1D1W534 G_PROTEIN 100.0 6.8E-49 6.8E-55  339.0   0.0  297   40-343    78-435 (492)
      47 UniRef100_A0A077YWL6 Somatosta 100.0   7E-49   7E-55  335.5   0.0  296   40-344    65-363 (446)
      48 tr|A0A0P4XBU7|A0A0P4XBU7_9CRUS 100.0 8.1E-49 8.1E-55  336.0   0.0  329    7-339    25-413 (557)
      49 UniRef100_A0A060X1Q6 Somatosta 100.0 9.9E-49   1E-54  338.0   0.0  288   37-341   136-424 (604)
      50 tr|C3XVS5|C3XVS5_BRAFL Unchara 100.0   1E-48   1E-54  318.4   0.0  334    2-345    27-367 (425)
      51 UniRef100_A0A0K0PUH1 Orphan G- 100.0 1.1E-48 1.1E-54  315.8   0.0  300   36-340    48-347 (413)
      52 tr|A0A1I8PIJ9|A0A1I8PIJ9_STOCA 100.0 1.4E-48 1.4E-54  334.7   0.0  300   39-345   168-471 (680)
      53 UniRef100_A0A034WDF0 Allatosta 100.0 1.6E-48 1.6E-54  328.8   0.0  299   35-344    90-388 (459)
      54 UniRef100_A0A0L8H201 G_PROTEIN 100.0 1.9E-48 1.9E-54  317.3   0.0  304   38-346    83-387 (461)
      55 UniRef100_A0A2G8KL37 Cholecyst 100.0   2E-48 2.1E-54  323.3   0.0  300   40-345    98-434 (493)
      56 UniRef100_A0A2B4S4U3 Beta-2 ad 100.0 2.2E-48 2.2E-54  314.0   0.0  298   38-343    26-323 (372)
      57 tr|F6R4F1|F6R4F1_MONDO Bombesi 100.0 2.5E-48 2.5E-54  308.8   0.0  309   40-348    47-356 (403)
      58 tr|A0A1W4ZX05|A0A1W4ZX05_9TELE 100.0 4.4E-48 4.4E-54  323.7   0.0  302   38-342    67-386 (480)
      59 UniRef100_A0A0C9QBK4 GHSR_0 pr 100.0 5.9E-48 5.9E-54  340.2   0.0  302   36-341   168-474 (591)
      60 UniRef100_A0A0K0PUV0 FVRIamide 100.0 6.1E-48 6.1E-54  324.5   0.0  290   37-340    49-377 (458)
      61 UniRef100_A0A2B4RSM5 Neuropept 100.0 6.2E-48 6.3E-54  319.0   0.0  292   37-343    33-326 (417)
      62 UniRef100_A0A0K0PUH3 Allatotro 100.0 6.8E-48 6.9E-54  315.5   0.0  300   38-343    66-375 (424)
      63 UniRef100_A0A060W5Z4 G_PROTEIN 100.0 7.8E-48 7.9E-54  329.2   0.0  287   39-343   189-476 (593)
      64 UniRef100_A0A2B4SKI0 Tachykini 100.0   9E-48 8.9E-54  334.6   0.0  296   37-342    88-391 (469)
      65 UniRef100_A0A060W8D4 G_PROTEIN 100.0 9.9E-48   1E-53  312.4   0.0  343   39-382   105-451 (480)
      66 tr|A0A1L8G1N6|A0A1L8G1N6_XENLA 100.0 1.4E-47 1.4E-53  315.1   0.0  288   37-343   113-400 (448)
      67 tr|A0A1I8M930|A0A1I8M930_MUSDO 100.0 1.4E-47 1.4E-53  341.6   0.0  296   38-346   186-583 (963)
      68 tr|A0A1D1UXI1|A0A1D1UXI1_RAMVA 100.0 1.4E-47 1.5E-53  317.1   0.0  301   34-344    75-378 (499)
      69 UniRef100_A0A0L8GIM4 G_PROTEIN 100.0 1.6E-47 1.6E-53  330.3   0.0  302   35-340    91-394 (481)
      70 UniRef100_A0A1S3J712 QRFP-like 100.0 1.6E-47 1.6E-53  325.9   0.0  292   41-339    68-369 (507)
      71 UniRef100_A0A068WW83 Allatosta 100.0 1.6E-47 1.6E-53  326.3   0.0  285   36-335    62-347 (432)
      72 UniRef100_A0A087UNN0 Neuropept 100.0 1.9E-47 1.9E-53  317.5   0.0  300   38-344    91-396 (470)
      73 UniRef100_UPI0010FBBB4E unchar 100.0 1.8E-47 1.9E-53  317.6   0.0  382    3-384   403-788 (791)
      74 UniRef100_A0A091EBV8 Type-1 an 100.0 2.9E-47 2.9E-53  334.1   0.0  281   37-339   344-628 (715)
      75 UniRef100_A0A1V9XU68 Tyramine/ 100.0 3.1E-47 3.1E-53  315.9   0.0  295   37-344    49-356 (408)
      76 UniRef100_A0A0P0YUU8 Cannabino 100.0 3.3E-47 3.3E-53  318.0   0.0  306   37-347    79-423 (496)
      77 UniRef100_A0A0K0PUH0 Orphan G- 100.0 3.4E-47 3.4E-53  331.8   0.0  295   39-336   135-468 (583)
      78 UniRef100_A0A1S3H6K0 neuropept 100.0 3.8E-47 3.8E-53  326.2   0.0  297   34-336    50-351 (470)
      79 tr|W4Z2N2|W4Z2N2_STRPU Unchara 100.0   4E-47 4.1E-53  304.5   0.0  298   38-342    54-353 (406)
      80 UniRef100_A0A087RJN6 Somatosta 100.0 4.2E-47 4.2E-53  322.3   0.0  288   36-341    56-343 (391)
      81 UniRef100_A0A2G8JR46 Putative  100.0 4.3E-47 4.3E-53  322.2   0.0  293   36-341    58-356 (411)
      82 UniRef100_A0A023F668 Putative  100.0 4.3E-47 4.3E-53  313.8   0.0  297   36-342    81-378 (484)
      83 UniRef100_A0A061A7W5 G_PROTEIN 100.0 4.4E-47 4.4E-53  321.6   0.0  293   38-341    59-358 (473)
      84 tr|A0A0F8ARD3|A0A0F8ARD3_LARCR 100.0 4.4E-47 4.5E-53  310.3   0.0  285   40-341    53-338 (464)
      85 UniRef100_A0A2B4SVC4 Dopamine  100.0 4.5E-47 4.5E-53  312.9   0.0  282   31-340    46-329 (397)
      86 UniRef100_A0A2H8TNJ5 Neuropept 100.0 4.7E-47 4.7E-53  318.1   0.0  297   36-338   151-450 (528)
      87 tr|A0A182G4E1|A0A182G4E1_AEDAL 100.0   5E-47   5E-53  320.3   0.0  305   36-345    63-374 (534)
      88 UniRef100_A0A151N382 Galanin r 100.0 4.9E-47 5.1E-53  298.9   0.0  292   39-345    29-320 (392)
      89 UniRef100_A0A060X360 G_PROTEIN 100.0 5.2E-47 5.2E-53  314.6   0.0  293   38-344    97-391 (477)
      90 tr|L7LZ94|L7LZ94_9ACAR Putativ 100.0 5.6E-47 5.7E-53  307.8   0.0  296   38-344   100-395 (438)
      91 UniRef100_A0A026WK40 Cholecyst 100.0 5.8E-47 5.8E-53  332.9   0.0  296   42-344   156-546 (656)
      92 UniRef100_A0A0P5DAK4 Orexin re 100.0 5.8E-47 5.9E-53  316.4   0.0  297   39-341   105-430 (505)
      93 UniRef100_A0A0S1YDA0 Neuropept 100.0 7.1E-47 7.2E-53  319.7   0.0  302   38-346    92-397 (509)
      94 UniRef100_A0A060W9T7 G_PROTEIN 100.0   7E-47 7.2E-53  315.3   0.0  289   39-342   184-473 (616)
      95 tr|E0D358|E0D358_HEMPU Dopamin 100.0 8.8E-47 8.8E-53  310.6   0.0  304   28-343    12-330 (435)
      96 UniRef100_A0A087T336 Somatosta 100.0 8.8E-47 8.9E-53  312.3   0.0  292   39-343    76-369 (454)
      97 tr|A0A0N8JZL4|A0A0N8JZL4_9TELE 100.0 9.7E-47 9.8E-53  313.0   0.0  304   36-342   100-413 (482)
      98 UniRef100_A0A0L8HHE2 G_PROTEIN 100.0 1.1E-46 1.1E-52  311.1   0.0  294   44-344     4-302 (385)
      99 tr|A0A232F0R3|A0A232F0R3_9HYME 100.0 1.1E-46 1.1E-52  306.7   0.0  295   36-343    99-425 (458)
     100 UniRef100_A0A2G8L6L1 Putative  100.0 1.2E-46 1.2E-52  309.0   0.0  291   37-344    32-327 (407)
     101 tr|V8PD93|V8PD93_OPHHA Type-2  100.0 1.2E-46 1.2E-52  317.3   0.0  289   39-343    74-370 (412)
     102 UniRef100_A0A3M6U5X4 G_PROTEIN 100.0 1.3E-46 1.3E-52  301.3   0.0  292   36-346    34-325 (339)
     103 UniRef100_A0A2B4SKX3 Cholecyst 100.0 1.5E-46 1.5E-52  310.5   0.0  295   37-346    68-417 (428)
     104 UniRef100_A0A3M6UAU0 G_PROTEIN 100.0 1.8E-46 1.8E-52  317.4   0.0  305   31-344    26-332 (552)
     105 UniRef100_A0A060VVF8 G_PROTEIN 100.0   2E-46   2E-52  323.0   0.0  292   38-343   137-435 (511)
     106 tr|A0A1V4J9T1|A0A1V4J9T1_PATFA 100.0   2E-46   2E-52  301.6   0.0  291   38-343    66-357 (461)
     107 UniRef100_A0A067R841 G_PROTEIN 100.0 2.2E-46 2.2E-52  319.0   0.0  307   36-343   102-411 (526)
     108 UniRef100_A0A026WK16 Tachykini 100.0 2.3E-46 2.3E-52  319.5   0.0  298   39-342   181-482 (641)
     109 UniRef100_A0A2B4RGU4 5-hydroxy 100.0 2.4E-46 2.4E-52  325.3   0.0  293   36-341    61-370 (478)
     110 tr|B4JN40|B4JN40_DROGR GH24210 100.0 2.5E-46 2.5E-52  307.3   0.0  297   38-343   114-410 (436)
     111 UniRef100_A0A210QT45 G-protein 100.0 2.5E-46 2.5E-52  308.4   0.0  299   38-342    56-358 (472)
     112 UniRef100_A0A060VP48 G_PROTEIN 100.0 2.7E-46 2.7E-52  328.5   0.0  298   38-341   152-450 (580)
     113 UniRef100_A0A226DFM2 Neuropept 100.0 2.7E-46 2.7E-52  313.5   0.0  298   35-338   100-400 (523)
     114 tr|A0A2B4SID7|A0A2B4SID7_STYPI 100.0 2.9E-46 2.9E-52  316.9   0.0  296   37-342    28-328 (422)
     115 UniRef100_A0A2B4RHL7 Galanin r 100.0 2.9E-46   3E-52  301.5   0.0  282   40-344    32-313 (406)
     116 UniRef100_A0A087XDT1 Somatosta 100.0 3.2E-46 3.2E-52  316.5   0.0  290   38-344   166-456 (676)
     117 UniRef100_A0A0N7ZAP9 G_PROTEIN 100.0 3.3E-46 3.3E-52  311.2   0.0  302   33-345    69-370 (421)
     118 UniRef100_A0A3M6T6P4 G_PROTEIN 100.0 3.5E-46 3.5E-52  313.9   0.0  295   40-344    55-357 (465)
     119 tr|S9YJE2|S9YJE2_CAMFR Somatos 100.0 3.5E-46 3.6E-52  302.1   0.0  297   33-343   105-402 (438)
     120 UniRef100_UPI000B911B64 melato 100.0 4.7E-46 4.7E-52  311.9   0.0  288   40-342    28-345 (381)
     121 UniRef100_A0A0L8I310 G_PROTEIN 100.0 5.6E-46 5.7E-52  315.7   0.0  296   38-338    43-365 (468)
     122 UniRef100_A0A1S3KA35 Alpha-1B  100.0 6.4E-46 6.4E-52  316.8   0.0  293   37-345    86-423 (551)
     123 UniRef100_A0A026WIP6 Cholecyst 100.0 6.5E-46 6.5E-52  324.5   0.0  305   38-345   168-533 (636)
     124 tr|G3S2I3|G3S2I3_GORGO Opioid  100.0 6.5E-46 6.6E-52  304.8   0.0  288   36-338   158-446 (492)
     125 tr|A0A0P7U0M1|A0A0P7U0M1_9TELE 100.0 6.8E-46 6.9E-52  299.8   0.0  298   39-342   100-412 (440)
     126 tr|A0A1A8LLP2|A0A1A8LLP2_9TELE 100.0 7.5E-46 7.7E-52  303.8   0.0  295   36-343    89-399 (455)
     127 tr|A7SD89|A7SD89_NEMVE Predict 100.0 7.7E-46 7.8E-52  292.1   0.0  299   31-344    28-333 (355)
     128 UniRef100_A0A2B4R9G2 Melatonin 100.0 1.2E-45 1.1E-51  321.1   0.0  291   36-341    76-366 (461)
     129 UniRef100_A0A2B4RPR9 Allatosta 100.0 1.1E-45 1.1E-51  314.0   0.0  293   36-339    43-342 (446)
     130 UniRef100_A0A401NJB3 G_PROTEIN 100.0 1.1E-45 1.1E-51  308.4   0.0  301   32-343    33-361 (517)
     131 UniRef100_A0A2B4S0J6 Somatosta 100.0 1.3E-45 1.3E-51  320.5   0.0  292   36-338    79-376 (457)
     132 tr|A0A2B4SUH3|A0A2B4SUH3_STYPI 100.0 1.3E-45 1.3E-51  304.8   0.0  297   39-345    24-335 (385)
     133 UniRef100_A0A1D1V5S1 G_PROTEIN 100.0 1.4E-45 1.4E-51  305.6   0.0  296   38-344    54-362 (484)
     134 UniRef100_A0A023F665 Putative  100.0 1.5E-45 1.6E-51  314.4   0.0  303   37-341   140-449 (573)
     135 UniRef100_A0A016SJ65 Thyrolibe 100.0 1.6E-45 1.6E-51  313.6   0.0  304   33-343    76-398 (479)
     136 UniRef100_A0A1L8GQY3 Alpha-1B  100.0 1.7E-45 1.7E-51  307.4   0.0  293   38-346    44-373 (510)
     137 UniRef100_A0A084WIC4 Short neu 100.0 1.7E-45 1.8E-51  310.0   0.0  301   37-345    89-390 (551)
     138 UniRef100_A0A044T5H8 G_PROTEIN 100.0 1.8E-45 1.8E-51  317.6   0.0  298   35-346   240-573 (693)
     139 UniRef100_A0A3M6TPP0 G_PROTEIN 100.0 1.8E-45 1.8E-51  310.1   0.0  295   36-341    46-354 (424)
     140 tr|A0A182QHF8|A0A182QHF8_9DIPT 100.0 1.9E-45   2E-51  307.9   0.0  311   29-343    88-408 (581)
     141 UniRef100_A0A1D1VDY3 G_PROTEIN 100.0   2E-45   2E-51  311.8   0.0  299   39-343   132-448 (557)
     142 UniRef100_A0A0K0PUK6 Orphan G- 100.0   2E-45 2.1E-51  300.5   0.0  303   38-346    64-378 (448)
     143 UniRef100_A0A6P4YBA8 delta-typ 100.0 2.1E-45 2.1E-51  302.9   0.0  292   38-346    48-344 (406)
     144 UniRef100_A0A1V4KIE8 Beta-1 ad 100.0 2.1E-45 2.1E-51  327.9   0.0  292   41-343    30-351 (512)
     145 UniRef100_A0A2B4RHY9 Pyrogluta 100.0 2.2E-45 2.1E-51  318.9   0.0  292   37-343    78-373 (455)
     146 UniRef100_A0A067RG65 Neuropept 100.0 2.1E-45 2.2E-51  307.6   0.0  302   38-341    85-394 (509)
     147 UniRef100_A0A068WVN8 Biogenic  100.0 2.2E-45 2.2E-51  320.8   0.0  300   33-347   113-513 (641)
     148 UniRef100_A0A067RDC3 Prolactin 100.0 2.3E-45 2.3E-51  308.7   0.0  295   36-340    60-355 (541)
     149 UniRef100_A0A0B4LHT6 RYamide r 100.0 2.5E-45 2.5E-51  311.7   0.0  298   36-339   110-409 (524)
     150 UniRef100_A0A0K0PUK8 FMRFamide 100.0 2.6E-45 2.5E-51  315.6   0.0  299   31-338    49-350 (471)
     151 UniRef100_A0A146M155 Neuropept 100.0 2.6E-45 2.7E-51  307.3   0.0  304   38-342    51-363 (488)
     152 UniRef100_A0A1I8HKX2 G_PROTEIN 100.0 2.7E-45 2.7E-51  306.3   0.0  293   37-346    37-416 (442)
     153 UniRef100_A0A023F3V9 Putative  100.0 2.8E-45 2.9E-51  309.3   0.0  293   37-341   129-423 (574)
     154 tr|A0A1W2W3E6|A0A1W2W3E6_CIOIN 100.0 2.8E-45 2.9E-51  302.0   0.0  294   38-343    55-353 (487)
     155 tr|A0A1U7TSJ4|A0A1U7TSJ4_TARSY 100.0 2.9E-45 2.9E-51  306.0   0.0  299   38-339   210-516 (600)
     156 UniRef100_A0A3M6TAE6 G_PROTEIN 100.0   3E-45   3E-51  305.9   0.0  281   35-343    86-370 (443)
     157 UniRef100_A0A7M7HFU8 G_PROTEIN 100.0 3.4E-45 3.4E-51  311.3   0.0  291   38-341    62-364 (423)
     158 tr|A0A0L0BYA7|A0A0L0BYA7_LUCCU 100.0 3.5E-45 3.6E-51  308.4   0.0  296   37-344   307-629 (678)
     159 UniRef100_A0A0L7KZ56 Neuropept 100.0 3.7E-45 3.8E-51  307.1   0.0  297   38-339    84-383 (509)
     160 UniRef100_A0A087UP46 5-hydroxy 100.0 3.8E-45 3.8E-51  303.4   0.0  303   29-346    34-405 (472)
     161 tr|A0A146TL67|A0A146TL67_FUNHE 100.0 3.9E-45 3.8E-51  318.6   0.0  299   37-344    23-407 (442)
     162 UniRef100_A0A060WEJ5 G_PROTEIN 100.0 4.1E-45 4.1E-51  313.4   0.0  290   39-343   112-458 (544)
     163 tr|A0A139WLV7|A0A139WLV7_TRICA 100.0 4.4E-45 4.5E-51  314.6   0.0  304   36-343   394-699 (792)
     164 UniRef100_A0A0N0PF28 Orexin re 100.0 4.9E-45   5E-51  309.6   0.0  296   36-337   132-455 (588)
     165 tr|A0A147AZW9|A0A147AZW9_FUNHE 100.0 5.1E-45   5E-51  315.4   0.0  302   36-342    81-434 (468)
     166 tr|A0A0A7RC79|A0A0A7RC79_RHOPR 100.0 5.1E-45 5.1E-51  294.8   0.0  301   36-344    71-376 (404)
     167 UniRef100_A0A087QH91 Melanopsi 100.0 5.2E-45 5.3E-51  313.5   0.0  295   39-342   102-400 (629)
     168 UniRef100_A0A096NAQ2 Cholecyst 100.0 5.9E-45   6E-51  309.8   0.0  297   41-340   151-500 (617)
     169 tr|A0A060W8D4|A0A060W8D4_ONCMY 100.0 6.1E-45 6.2E-51  294.7   0.0  338   39-383   114-454 (455)
     170 UniRef100_A0A060XP11 G_PROTEIN 100.0 6.5E-45 6.5E-51  308.1   0.0  293   39-341    89-392 (497)
     171 tr|A0A0P6IZB8|A0A0P6IZB8_9CRUS 100.0 6.9E-45   7E-51  304.3   0.0  300   36-344   198-497 (559)
     172 SRR6218665_348164              100.0 7.2E-45 7.2E-51  304.0   0.0  308   34-342    22-353 (434)
     173 UniRef100_A0A132AJH3 7 transme 100.0 9.1E-45 9.1E-51  305.2   0.0  296   41-339    69-384 (447)
     174 UniRef100_UPI0003F07467 orexin 100.0 9.1E-45 9.2E-51  305.9   0.0  297   38-338    75-412 (535)
     175 UniRef100_A0A210QHM7 G-protein 100.0 9.2E-45 9.3E-51  306.0   0.0  301   40-346    79-380 (492)
     176 UniRef100_A0A2B4S7A4 Alpha-1A  100.0 9.3E-45 9.3E-51  299.9   0.0  271   38-341    37-309 (392)
     177 UniRef100_A0A091DWF1 Somatosta 100.0 9.4E-45 9.6E-51  301.0   0.0  286   40-342   155-441 (523)
     178 tr|A0A218UWX7|A0A218UWX7_9PASE 100.0 9.5E-45 9.6E-51  301.3   0.0  300   37-343    37-342 (474)
     179 UniRef100_A0A087XT11 Alpha-1B  100.0   1E-44   1E-50  304.0   0.0  295   36-346    75-409 (622)
     180 UniRef100_A0A026X164 G-protein 100.0 1.1E-44 1.1E-50  312.1   0.0  298   34-346   112-428 (604)
     181 tr|A0A1D2MSE1|A0A1D2MSE1_ORCCI 100.0 1.1E-44 1.1E-50  313.4   0.0  301   38-343   108-408 (615)
     182 UniRef100_A0A6P4Z684 G-protein 100.0 1.1E-44 1.1E-50  295.6   0.0  298   38-341    49-346 (425)
     183 UniRef100_A0A060X1U9 G_PROTEIN 100.0 1.1E-44 1.1E-50  309.0   0.0  290   37-342   135-458 (633)
     184 UniRef100_A0A1J1I7G5 CLUMA_CG0 100.0 1.1E-44 1.2E-50  301.5   0.0  295   39-341    75-373 (500)
     185 tr|A0A146YGA5|A0A146YGA5_FUNHE 100.0 1.2E-44 1.2E-50  312.9   0.0  296   40-347    30-346 (521)
     186 UniRef100_A0A061IN14 NK-3 rece 100.0 1.2E-44 1.2E-50  312.2   0.0  296   36-342   228-524 (662)
     187 UniRef100_A0A0A7KUZ5 Opsin 5 n 100.0 1.2E-44 1.2E-50  303.0   0.0  292   39-340    51-343 (407)
     188 tr|T1KPP2|T1KPP2_TETUR Unchara 100.0 1.2E-44 1.2E-50  301.2   0.0  292   36-343   147-438 (477)
     189 tr|A0A067RDC3|A0A067RDC3_ZOONE 100.0 1.4E-44 1.4E-50  307.6   0.0  303   35-347    66-369 (506)
     190 UniRef100_A0A084WFJ7 AGAP00011 100.0 1.4E-44 1.4E-50  305.9   0.0  291   36-336    83-375 (519)
     191 tr|K7GCC3|K7GCC3_PELSI Adrenoc 100.0 1.4E-44 1.4E-50  296.8   0.0  300   33-343    34-365 (488)
     192 UniRef100_A0A023FH63 Putative  100.0 1.4E-44 1.4E-50  308.9   0.0  293   36-340   121-439 (563)
     193 UniRef100_A0A210QSD7 Octopamin 100.0 1.5E-44 1.5E-50  304.6   0.0  294   37-346    54-421 (423)
     194 tr|A0A218UB83|A0A218UB83_9PASE 100.0 1.5E-44 1.5E-50  307.3   0.0  294   38-347   191-518 (631)
     195 UniRef100_A0A060W5H6 G_PROTEIN 100.0 1.5E-44 1.5E-50  310.6   0.0  290   39-337    85-383 (528)
     196 UniRef100_A0A060WWU7 G_PROTEIN 100.0 1.5E-44 1.6E-50  302.3   0.0  295   40-344    68-385 (545)
     197 UniRef100_A0A1S3IX78 RYamide r 100.0 1.7E-44 1.7E-50  297.9   0.0  293   38-338    51-345 (444)
     198 UniRef100_A0A0K0PUG3 Thyrolibe 100.0 1.7E-44 1.7E-50  308.3   0.0  302   34-342   208-522 (606)
     199 UniRef100_A0A3M6TKX3 G_PROTEIN 100.0 1.9E-44 1.9E-50  302.2   0.0  296   36-343    71-376 (427)
     200 tr|A0A2B4RXD1|A0A2B4RXD1_STYPI 100.0 1.9E-44   2E-50  294.7   0.0  295   36-345    89-384 (416)
     201 UniRef100_A0A087YQK7 Adrenocep 100.0   2E-44   2E-50  305.8   0.0  294   40-344   129-454 (617)
     202 tr|A0A0P7TYE1|A0A0P7TYE1_9TELE 100.0 2.1E-44 2.2E-50  299.1   0.0  305   40-347   123-479 (507)
     203 tr|A0A0S1YD80|A0A0S1YD80_CHISP 100.0 2.2E-44 2.2E-50  299.9   0.0  301   39-345   163-468 (513)
     204 UniRef100_A0A2B4SC76 Substance 100.0 2.3E-44 2.3E-50  307.9   0.0  295   36-340    50-351 (461)
     205 UniRef100_A0A3M6UME8 G_PROTEIN 100.0 2.3E-44 2.3E-50  297.0   0.0  288   37-342    36-326 (383)
     206 UniRef100_A0A060WMC3 Alpha-1D  100.0 2.4E-44 2.5E-50  301.4   0.0  290   40-345   110-436 (564)
     207 UniRef100_A0A0H3YI86 Pyrokinin 100.0 2.7E-44 2.7E-50  309.1   0.0  302   38-344    81-401 (510)
     208 UniRef100_A0A1S3J8T4 5-hydroxy 100.0 2.7E-44 2.7E-50  303.1   0.0  293   37-340    97-395 (468)
     209 UniRef100_A0A2B4SE17 Substance 100.0 2.7E-44 2.7E-50  311.2   0.0  296   36-340    60-364 (467)
     210 UniRef100_A0A034W4Z0 (Phe13)-b 100.0 2.8E-44 2.8E-50  300.6   0.0  313   38-352    99-419 (517)
     211 tr|A0A146U732|A0A146U732_FUNHE 100.0   3E-44 2.9E-50  321.7   0.0  296   38-339   189-545 (590)
     212 tr|A0A1S3FYW5|A0A1S3FYW5_DIPOR 100.0   3E-44 3.1E-50  284.8   0.0  292   39-344    68-361 (385)
     213 UniRef100_A0A193KU97 GCR058 n= 100.0 3.1E-44 3.1E-50  289.7   0.0  303   38-343    23-333 (379)
     214 UniRef100_A0A068WKU9 Neuropept 100.0 3.2E-44 3.3E-50  298.9   0.0  297   36-339    68-365 (451)
     215 UniRef100_A0A023F452 Putative  100.0 3.3E-44 3.4E-50  309.3   0.0  299   34-344   133-541 (660)
     216 UniRef100_A0A087REY1 NPY-Y2 re 100.0 3.5E-44 3.5E-50  303.4   0.0  296   38-343   184-480 (599)
     217 tr|A0A0L8FIS6|A0A0L8FIS6_OCTBM 100.0 3.5E-44 3.6E-50  297.8   0.0  294   41-344    91-423 (485)
     218 UniRef100_A7RGN9 Predicted pro 100.0 3.6E-44 3.7E-50  285.8   0.0  289   36-341    26-314 (317)
     219 tr|A0A2H1W6Q0|A0A2H1W6Q0_SPOFR 100.0 3.7E-44 3.7E-50  298.5   0.0  300   38-346    68-368 (466)
     220 UniRef100_A0A0N0PEL7 Tachykini 100.0 3.8E-44 3.8E-50  296.6   0.0  299   39-343    54-356 (454)
     221 tr|W5MC67|W5MC67_LEPOC Pyroglu 100.0 3.9E-44   4E-50  290.8   0.0  305   38-344    51-362 (441)
     222 tr|A0A1D2NMB6|A0A1D2NMB6_ORCCI 100.0 4.1E-44 4.1E-50  299.5   0.0  298   40-343   151-452 (520)
     223 UniRef100_A0A0S1YDA1 Neuropept 100.0 4.2E-44 4.3E-50  296.7   0.0  306   37-345    63-417 (463)
     224 tr|A0A0P5PA10|A0A0P5PA10_9CRUS 100.0 4.3E-44 4.4E-50  304.2   0.0  294   38-337   144-441 (705)
     225 UniRef100_A0A0L8H5P3 G_PROTEIN 100.0 4.3E-44 4.4E-50  300.0   0.0  291   35-338    69-369 (496)
     226 UniRef100_A0A6P8HVR8 galanin r 100.0 4.6E-44 4.6E-50  291.5   0.0  306   19-340     5-319 (381)
     227 tr|A0A151ITZ3|A0A151ITZ3_9HYME 100.0 4.7E-44 4.8E-50  297.4   0.0  302   38-343    65-421 (481)
     228 UniRef100_A0A2B4SVS8 Neuropept 100.0 4.8E-44 4.8E-50  306.4   0.0  297   36-344    84-385 (480)
     229 UniRef100_A0A1L8FNX2 G_PROTEIN 100.0   5E-44   5E-50  297.2   0.0  280   39-339    61-341 (400)
     230 UniRef100_A0A1I7STM2 (pine woo 100.0 5.4E-44 5.4E-50  300.2   0.0  307   34-346    74-391 (430)
     231 UniRef100_A0A060XC03 Beta-2 ad 100.0 5.3E-44 5.4E-50  299.4   0.0  299   36-344    98-416 (548)
     232 tr|B4KC34|B4KC34_DROMO Unchara 100.0 5.6E-44 5.6E-50  308.0   0.0  297   39-340   191-491 (670)
     233 UniRef100_K1Q092 Neuropeptide  100.0 5.9E-44   6E-50  292.2   0.0  333   38-383    84-422 (432)
     234 UniRef100_A0A026WC04 Dopamine  100.0 6.1E-44 6.2E-50  291.8   0.0  301   31-344    68-400 (468)
     235 tr|A0A0V1MVC7|A0A0V1MVC7_9BILA 100.0 6.2E-44 6.3E-50  303.6   0.0  296   38-341    78-378 (598)
     236 UniRef100_A0A087RI25 Bombesin  100.0 6.3E-44 6.5E-50  283.8   0.0  310   41-350    54-364 (414)
     237 UniRef100_A0A3M6UKX8 G_PROTEIN 100.0 7.3E-44 7.3E-50  305.9   0.0  294   40-341   118-420 (487)
     238 tr|A0A1A9ZAD8|A0A1A9ZAD8_GLOPL 100.0 7.3E-44 7.4E-50  296.4   0.0  296   40-341   122-421 (574)
     239 UniRef100_A0A087U880 Neuropept 100.0   8E-44 8.1E-50  293.8   0.0  296   36-338    64-360 (401)
     240 UniRef100_A0A6S7JE64 Neuropept 100.0 8.8E-44 8.9E-50  294.0   0.0  288   39-341    33-321 (412)
     241 UniRef100_A0A084VLD5 AGAP00422 100.0 8.8E-44 8.9E-50  302.9   0.0  294   36-345   239-599 (695)
     242 UniRef100_A0A7M7HKI1 G_PROTEIN 100.0 9.4E-44 9.4E-50  298.0   0.0  290   44-344    43-338 (418)
     243 UniRef100_A0A087XFV2 5-hydroxy 100.0 9.4E-44 9.5E-50  296.9   0.0  300   34-345    77-400 (493)
     244 UniRef100_A0A0N1PGA0 Octopamin 100.0 9.6E-44 9.7E-50  302.1   0.0  295   36-340   103-491 (547)
     245 tr|A0A0P7V5N2|A0A0P7V5N2_9TELE 100.0 9.9E-44   1E-49  294.2   0.0  302   31-344    82-404 (468)
     246 tr|J9JRI9|J9JRI9_ACYPI Unchara 100.0   1E-43 1.1E-49  291.9   0.0  296   40-341    34-333 (490)
     247 tr|A0A2B4S4U3|A0A2B4S4U3_STYPI 100.0 1.1E-43 1.1E-49  282.1   0.0  293   40-340    25-321 (359)
     248 UniRef100_A0A1D2M255 Somatosta 100.0 1.2E-43 1.2E-49  284.7   0.0  318    4-341     4-323 (382)
     249 tr|A0A091DWF1|A0A091DWF1_FUKDA 100.0 1.2E-43 1.2E-49  287.6   0.0  286   40-343   156-443 (483)
     250 tr|A0A2B4SNZ1|A0A2B4SNZ1_STYPI 100.0 1.3E-43 1.3E-49  296.5   0.0  289   37-342    28-320 (351)
     251 UniRef100_A0A060VWI9 G_PROTEIN 100.0 1.3E-43 1.3E-49  299.8   0.0  296   37-342    57-395 (579)
     252 UniRef100_A0A026VW91 Neuropept 100.0 1.3E-43 1.3E-49  291.5   0.0  294   38-338   186-483 (582)
     253 UniRef100_A0A3M6T8F5 G_PROTEIN 100.0 1.4E-43 1.4E-49  311.2   0.0  297   36-342    97-396 (523)
     254 UniRef100_A0A3B4VB96 Beta-2 ad 100.0 1.3E-43 1.4E-49  293.1   0.0  297   34-341    46-361 (464)
     255 UniRef100_A0A0K0PUL2 DH31-like 100.0 1.4E-43 1.4E-49  286.5   0.0  306   39-360    47-352 (375)
     256 UniRef100_E9HAW0 G_PROTEIN_REC 100.0 1.4E-43 1.4E-49  287.9   0.0  293   36-338    60-353 (393)
     257 UniRef100_A0A6P8HUK6 melatonin 100.0 1.4E-43 1.5E-49  283.7   0.0  292   39-343    26-322 (374)
     258 tr|A0A1W4X208|A0A1W4X208_AGRPL 100.0 1.4E-43 1.5E-49  289.9   0.0  297   40-342    94-394 (467)
     259 tr|A0A1L8HND2|A0A1L8HND2_XENLA 100.0 1.6E-43 1.6E-49  292.3   0.0  302   38-345   126-431 (452)
     260 tr|A0A2B4RYF4|A0A2B4RYF4_STYPI 100.0 1.6E-43 1.6E-49  288.2   0.0  289   39-341    23-311 (402)
     261 UniRef100_A0A068YA15 Neuropept 100.0 1.6E-43 1.6E-49  296.8   0.0  300   38-338    70-392 (510)
     262 UniRef100_A0A2B4RFH8 Neuropept 100.0 1.6E-43 1.6E-49  306.9   0.0  295   39-342    63-367 (439)
     263 UniRef100_A0A060W247 Cholecyst 100.0 1.6E-43 1.6E-49  301.0   0.0  299   40-341   127-476 (563)
     264 UniRef100_A0A0L8I0T4 G_PROTEIN 100.0 1.7E-43 1.7E-49  299.5   0.0  291   42-344   135-499 (554)
     265 tr|A0A151NBW9|A0A151NBW9_ALLMI 100.0 1.7E-43 1.7E-49  294.0   0.0  303   36-341    76-391 (472)
     266 UniRef100_A0A2B4SQU8 Orexin re 100.0 1.7E-43 1.7E-49  283.8   0.0  297   39-346    35-351 (370)
     267 tr|F7E6B1|F7E6B1_MONDO Tachyki 100.0 1.7E-43 1.8E-49  289.8   0.0  296   36-342    89-385 (475)
     268 tr|A0A2B4SKI0|A0A2B4SKI0_STYPI 100.0 1.8E-43 1.8E-49  298.4   0.0  285   38-336    95-393 (458)
     269 tr|A0A210R0K7|A0A210R0K7_MIZYE 100.0   2E-43   2E-49  290.0   0.0  298   40-344    73-428 (470)
     270 UniRef100_A0A0C9RF21 CapaR_3 p 100.0   2E-43   2E-49  297.6   0.0  301   38-342    49-357 (532)
     271 UniRef100_A0A090MXE0 Thyrotrop 100.0 2.1E-43 2.1E-49  292.8   0.0  298   33-339    38-341 (444)
     272 UniRef100_A0A060X0R7 Uncharact 100.0 2.2E-43 2.3E-49  280.7   0.0  291   36-343    53-344 (383)
     273 tr|A0A1S3IXU4|A0A1S3IXU4_LINUN 100.0 2.4E-43 2.4E-49  288.7   0.0  292   38-344    55-348 (440)
     274 UniRef100_A0A060VV87 Kappa-typ 100.0 2.4E-43 2.4E-49  296.0   0.0  284   42-340   192-476 (586)
     275 UniRef100_A0A0G3Y5J3 Peropsin  100.0 2.5E-43 2.5E-49  292.3   0.0  290   41-344    37-326 (363)
     276 UniRef100_A0A0P6J0T1 Putative  100.0 2.5E-43 2.5E-49  308.3   0.0  295   38-342   100-410 (735)
     277 UniRef100_A0A0A1XP15 Neuropept 100.0 2.5E-43 2.5E-49  285.2   0.0  302   38-344    69-376 (421)
     278 tr|A0A1V4JMN9|A0A1V4JMN9_PATFA 100.0 2.5E-43 2.6E-49  292.1   0.0  301   39-342    91-422 (537)
     279 UniRef100_A0A336LUR7 CSON00145 100.0 2.6E-43 2.6E-49  296.5   0.0  295   38-338    85-382 (670)
     280 tr|A0A287CUD4|A0A287CUD4_ICTTR 100.0 2.6E-43 2.6E-49  288.1   0.0  293   39-344    17-310 (478)
     281 UniRef100_A0A7M7SYV2 G_PROTEIN 100.0 2.7E-43 2.8E-49  300.9   0.0  280   44-340    71-397 (630)
     282 UniRef100_A0A3M6TNW8 G_PROTEIN 100.0 2.9E-43 2.9E-49  292.7   0.0  290   38-342    92-393 (453)
     283 tr|W4Z9U8|W4Z9U8_STRPU Unchara 100.0 2.9E-43   3E-49  283.1   0.0  305   38-345   105-415 (434)
     284 tr|A0A2B4SAJ4|A0A2B4SAJ4_STYPI 100.0 3.1E-43 3.1E-49  293.4   0.0  294   35-339    23-331 (434)
     285 UniRef100_A0A060XMX0 NPY-Y2 re 100.0 3.1E-43 3.2E-49  284.8   0.0  295   38-342   121-415 (452)
     286 tr|A0A2B4R9G2|A0A2B4R9G2_STYPI 100.0 3.2E-43 3.2E-49  288.1   0.0  291   36-338    56-346 (378)
     287 tr|C7SLZ0|C7SLZ0_APLKU Seroton 100.0 3.2E-43 3.2E-49  297.0   0.0  300   34-351    66-434 (485)
     288 UniRef100_A0A0E3EKU4 Allatotro 100.0 3.2E-43 3.2E-49  291.1   0.0  301   38-345   129-435 (562)
     289 ERR1719341_586736              100.0 3.3E-43 3.3E-49  295.1   0.0  298   39-346    53-359 (513)
     290 ERR1719361_2001115             100.0 3.4E-43 3.5E-49  291.3   0.0  295   38-344    22-327 (415)
     291 UniRef100_A0A0A1WLH2 Somatosta 100.0 3.6E-43 3.6E-49  300.8   0.0  294   37-342   213-508 (667)
     292 tr|W5JTF9|W5JTF9_ANODA Somatos 100.0 3.6E-43 3.6E-49  293.0   0.0  295   38-342    52-348 (526)
     293 tr|A0A2B4S6X2|A0A2B4S6X2_STYPI 100.0 3.7E-43 3.8E-49  283.8   0.0  287   44-344    27-326 (379)
     294 tr|A0A1W4X1F3|A0A1W4X1F3_AGRPL 100.0 3.9E-43   4E-49  291.1   0.0  296   36-338   129-428 (485)
     295 tr|W4YJK4|W4YJK4_STRPU Unchara 100.0   4E-43   4E-49  293.8   0.0  296   37-344    66-372 (446)
     296 UniRef100_A0A016T103 G_PROTEIN 100.0   4E-43   4E-49  305.1   0.0  287   40-343   110-477 (605)
     297 UniRef100_A0A091R746 Beta-1 ad 100.0   4E-43 4.1E-49  295.6   0.0  289   44-342   138-453 (572)
     298 UniRef100_A0A1D1UQ64 G_PROTEIN 100.0 4.3E-43 4.3E-49  282.0   0.0  304   25-340    29-332 (366)
     299 tr|A0A210QNG6|A0A210QNG6_MIZYE 100.0 4.3E-43 4.4E-49  292.9   0.0  304   36-344    35-342 (498)
     300 tr|A0A1S3JCV4|A0A1S3JCV4_LINUN 100.0 4.4E-43 4.5E-49  283.0   0.0  303   39-344    61-371 (414)
     301 tr|A0A147AMP5|A0A147AMP5_FUNHE 100.0 4.5E-43 4.5E-49  305.6   0.0  291   37-344    28-430 (475)
     302 tr|A7SMQ7|A7SMQ7_NEMVE Predict 100.0 4.8E-43 4.8E-49  283.5   0.0  294   38-345     9-306 (358)
     303 UniRef100_A0A067R4E0 Tachykini 100.0 4.8E-43 4.9E-49  288.0   0.0  299   37-341    46-344 (396)
     304 UniRef100_A0A0P5DS31 Neuropept 100.0 4.8E-43 4.9E-49  284.4   0.0  302   31-338    74-381 (482)
     305 UniRef100_A0A6P4ZN87 somatosta 100.0 4.9E-43   5E-49  285.9   0.0  294   39-344    31-331 (391)
     306 UniRef100_A0A6P8IFK2 neuromedi 100.0   5E-43 5.1E-49  284.7   0.0  295   39-345    24-325 (363)
     307 UniRef100_A0A023F4J9 Putative  100.0 5.1E-43 5.1E-49  300.2   0.0  297   33-339   149-490 (588)
     308 tr|A0A2B4SSL5|A0A2B4SSL5_STYPI 100.0 5.3E-43 5.3E-49  277.2   0.0  297   39-349    20-317 (344)
     309 UniRef100_A0A061IAU9 Gastric r 100.0 5.4E-43 5.5E-49  294.9   0.0  296   38-344   112-409 (588)
     310 tr|A0A0K0PUV0|A0A0K0PUV0_PLADU 100.0 5.5E-43 5.5E-49  285.9   0.0  293   39-346    14-338 (373)
     311 tr|A0A232F8D2|A0A232F8D2_9HYME 100.0 5.6E-43 5.6E-49  289.7   0.0  301   34-339    65-368 (478)
     312 UniRef100_A0A6G8J3P5 Melanin-c 100.0 5.7E-43 5.8E-49  286.2   0.0  293   39-342    60-352 (460)
     313 tr|A0A212EZN3|A0A212EZN3_DANPL 100.0 5.8E-43 5.8E-49  290.8   0.0  302   36-342    50-355 (488)
     314 tr|A0A060XRS0|A0A060XRS0_ONCMY 100.0 5.8E-43 5.9E-49  304.5   0.0  293   37-345    52-379 (900)
     315 UniRef100_A0A1D1UXI1 G_PROTEIN 100.0 5.8E-43 5.9E-49  287.6   0.0  327    9-346   103-434 (553)
     316 tr|E6ZEU6|E6ZEU6_DICLA Neurome 100.0 5.9E-43   6E-49  293.1   0.0  300   39-342    87-395 (461)
     317 UniRef100_A0A0S1YD99 Neuropept 100.0 5.9E-43   6E-49  282.7   0.0  297   40-344    75-375 (423)
     318 UniRef100_A0A060WGF3 B2 bradyk 100.0   6E-43   6E-49  305.5   0.0  286   40-339   159-449 (589)
     319 tr|A0A182L9N8|A0A182L9N8_9DIPT 100.0   6E-43 6.1E-49  293.9   0.0  293   39-342    87-383 (490)
     320 tr|A0A2C9GPU2|A0A2C9GPU2_ANOAR 100.0 6.1E-43 6.2E-49  305.5   0.0  295   39-340   321-635 (818)
     321 tr|A0A183TGM8|A0A183TGM8_SCHSO 100.0 6.2E-43 6.3E-49  287.8   0.0  307   31-343    55-374 (446)
     322 UniRef100_A0A0P4WB73 G_PROTEIN 100.0 6.6E-43 6.7E-49  291.4   0.0  304   37-342    76-383 (473)
     323 UniRef100_A0A026W4F0 Octopamin 100.0 6.6E-43 6.7E-49  285.9   0.0  293   38-342    53-393 (445)
     324 tr|A0A0P7V0U8|A0A0P7V0U8_9TELE 100.0 6.6E-43 6.7E-49  280.6   0.0  292   38-344    83-377 (439)
     325 tr|A0A1I8MQS0|A0A1I8MQS0_MUSDO 100.0 6.8E-43 6.9E-49  300.9   0.0  293   38-343   147-441 (572)
     326 tr|A0A1S3FWK5|A0A1S3FWK5_DIPOR 100.0 6.7E-43 6.9E-49  296.3   0.0  299   34-344   410-732 (786)
     327 tr|A0A0R4IQ19|A0A0R4IQ19_DANRE 100.0 6.9E-43   7E-49  277.1   0.0  300   38-346    53-352 (384)
     328 tr|A0A1A8EW90|A0A1A8EW90_9TELE 100.0   7E-43 7.1E-49  285.0   0.0  294   33-339    37-331 (444)
     329 UniRef100_A0A0G2UQ37 Rhodopsin 100.0 7.2E-43 7.3E-49  291.6   0.0  290   39-337    94-391 (515)
     330 tr|W8B9D1|W8B9D1_CERCA 5-hydro 100.0 7.4E-43 7.5E-49  294.2   0.0  299   36-346   258-631 (664)
     331 UniRef100_A0A2B4SJV4 Galanin r 100.0 7.8E-43 7.7E-49  300.6   0.0  288   40-340    74-365 (444)
     332 tr|A0A1S3NNV5|A0A1S3NNV5_SALSA 100.0 8.4E-43 8.5E-49  288.4   0.0  300   36-338    58-377 (499)
     333 tr|A0A1I8N820|A0A1I8N820_MUSDO 100.0 8.5E-43 8.7E-49  300.9   0.0  298   32-340   296-636 (880)
     334 tr|A7RYQ3|A7RYQ3_NEMVE Predict 100.0 8.8E-43 8.7E-49  291.0   0.0  290   37-343    48-337 (367)
     335 UniRef100_A0A060VNF4 G_PROTEIN 100.0 8.7E-43 8.7E-49  296.8   0.0  289   40-341   130-431 (566)
     336 tr|V8NQN2|V8NQN2_OPHHA G-prote 100.0 8.6E-43 8.8E-49  300.6   0.0  282   38-340   301-586 (840)
     337 tr|A0A218VDE9|A0A218VDE9_9PASE 100.0 8.6E-43 8.8E-49  286.4   0.0  286   37-340    20-306 (556)
     338 tr|A0A183W5E7|A0A183W5E7_TRIRE 100.0 8.7E-43 8.8E-49  288.1   0.0  303   38-347    49-358 (503)
     339 UniRef100_A0A2B4SYG2 5-hydroxy 100.0 8.8E-43 8.9E-49  284.4   0.0  291   32-338    21-313 (376)
     340 UniRef100_A0A0K0PUE3 Orphan G- 100.0 9.2E-43 9.3E-49  296.3   0.0  299   38-341   114-430 (550)
     341 tr|A7S585|A7S585_NEMVE Predict 100.0 9.2E-43 9.3E-49  286.7   0.0  301   36-346    20-330 (374)
     342 UniRef100_A0A023ETT6 Putative  100.0 9.2E-43 9.4E-49  293.0   0.0  294   39-342   152-447 (612)
     343 tr|A0A2B4RSD1|A0A2B4RSD1_STYPI 100.0 9.8E-43 9.7E-49  298.2   0.0  293   37-344    47-384 (430)
     344 UniRef100_A0A2B4SJE7 Orexin re 100.0   1E-42   1E-48  295.8   0.0  295   37-342   131-432 (517)
     345 UniRef100_A0A061QHX0 Putative  100.0   1E-42   1E-48  300.3   0.0  290   39-342   131-508 (563)
     346 UniRef100_A0A068AZY5 Octopamin 100.0   1E-42   1E-48  317.5   0.0  188   38-236   171-358 (723)
     347 UniRef100_A0A060ILH2 Neuromedi 100.0   1E-42   1E-48  295.1   0.0  301   39-343   175-479 (606)
     348 tr|A0A146NR64|A0A146NR64_FUNHE 100.0 1.1E-42 1.1E-48  284.9   0.0  287   40-339   119-418 (449)
     349 UniRef100_A0A016T4B6 G_PROTEIN 100.0 1.1E-42 1.1E-48  302.0   0.0  299   37-342    99-429 (585)
     350 SRR6218665_147192              100.0 1.1E-42 1.2E-48  287.9   0.0  302   36-345    96-400 (466)
     351 UniRef100_A0A3M6UKG3 G_PROTEIN 100.0 1.2E-42 1.2E-48  280.8   0.0  299   37-344    21-327 (378)
     352 UniRef100_A0A087R2J6 Neuropept 100.0 1.2E-42 1.2E-48  297.3   0.0  300   36-338   208-516 (638)
     353 UniRef100_A0A026W4S0 Neuromedi 100.0 1.2E-42 1.2E-48  298.0   0.0  301   38-342    71-389 (604)
     354 UniRef100_A0A0L8HMQ0 G_PROTEIN 100.0 1.2E-42 1.3E-48  293.5   0.0  303   36-344    44-350 (538)
     355 UniRef100_A0A060YY06 G_PROTEIN 100.0 1.3E-42 1.3E-48  290.9   0.0  299   38-339   101-406 (490)
     356 tr|A0A226N2C0|A0A226N2C0_CALSU 100.0 1.4E-42 1.4E-48  287.9   0.0  297   39-346   223-525 (569)
     357 tr|J9K651|J9K651_ACYPI Unchara 100.0 1.4E-42 1.4E-48  282.8   0.0  298   36-339    85-385 (440)
     358 tr|R4J1H6|R4J1H6_SALSA Cholecy 100.0 1.4E-42 1.4E-48  283.0   0.0  303   40-345    46-410 (461)
     359 UniRef100_A0A060YTK2 Uncharact 100.0 1.4E-42 1.4E-48  282.5   0.0  291   37-341    81-378 (447)
     360 tr|A0A0P6C571|A0A0P6C571_9CRUS 100.0 1.4E-42 1.4E-48  287.1   0.0  300   36-340    51-444 (558)
     361 UniRef100_A0A060VTR1 G_PROTEIN 100.0 1.5E-42 1.5E-48  294.8   0.0  291   39-345   118-444 (619)
     362 tr|V9I0H3|V9I0H3_TRICA CCHamid 100.0 1.5E-42 1.6E-48  281.7   0.0  311   38-350    26-339 (423)
     363 tr|A0A1D1V6H4|A0A1D1V6H4_RAMVA 100.0 1.7E-42 1.8E-48  287.3   0.0  305   35-344    56-376 (498)
     364 UniRef100_A0A7M7G1H5 G_PROTEIN 100.0 1.8E-42 1.8E-48  293.2   0.0  286   42-344    39-336 (381)
     365 UniRef100_A0A016UUZ5 G_PROTEIN 100.0 1.8E-42 1.9E-48  287.3   0.0  288   38-344    72-415 (486)
     366 tr|A0A210Q372|A0A210Q372_MIZYE 100.0 1.8E-42 1.9E-48  285.9   0.0  312   29-344    44-357 (439)
     367 UniRef100_A0A678XEL8 Trace ami 100.0 1.9E-42 1.9E-48  293.0   0.0  298   36-343    51-358 (523)
     368 UniRef100_A0A6P4ZPQ5 G-protein 100.0 1.9E-42 1.9E-48  278.5   0.0  286   38-337    40-325 (420)
     369 UniRef100_A0A087T988 G-protein 100.0 1.9E-42 1.9E-48  288.1   0.0  293   36-344    60-379 (402)
     370 UniRef100_A0A1B0TJL6 Opsin Gq3 100.0 1.9E-42   2E-48  291.6   0.0  289   39-336    70-365 (589)
     371 UniRef100_A0A060WAA0 NK-2 rece 100.0   2E-42   2E-48  283.0   0.0  293   40-343    72-366 (465)
     372 tr|A0A139WEA0|A0A139WEA0_TRICA 100.0   2E-42   2E-48  276.8   0.0  302   37-345    90-409 (464)
     373 tr|A0A2B4RR50|A0A2B4RR50_STYPI 100.0   2E-42 2.1E-48  283.0   0.0  300   36-345    25-329 (411)
     374 UniRef100_A0A087QH27 C-C chemo 100.0 2.2E-42 2.2E-48  304.5   0.0  281   38-340   198-483 (591)
     375 tr|B4LIK1|B4LIK1_DROVI Unchara 100.0 2.2E-42 2.2E-48  285.9   0.0  311   37-351    93-409 (518)
     376 UniRef100_A0A2G8JD30 Putative  100.0 2.2E-42 2.2E-48  272.9   0.0  302   30-340    14-315 (323)
     377 UniRef100_D1LX82 Neuropeptide  100.0 2.2E-42 2.2E-48  291.0   0.0  288   44-344    58-351 (424)
     378 tr|A0A1S3NPB2|A0A1S3NPB2_SALSA 100.0 2.2E-42 2.3E-48  283.6   0.0  292   40-342    39-332 (443)
     379 tr|A0A0B2UYY4|A0A0B2UYY4_TOXCA 100.0 2.2E-42 2.3E-48  285.6   0.0  297   38-343    80-387 (437)
     380 UniRef100_A0A3M6TDR7 G_PROTEIN 100.0 2.3E-42 2.3E-48  294.8   0.0  278   38-339    72-351 (425)
     381 tr|A0A0K2TJR3|A0A0K2TJR3_LEPSM 100.0 2.3E-42 2.3E-48  277.1   0.0  304   37-342    51-357 (402)
     382 tr|K1PEH3|K1PEH3_CRAGI Neurope 100.0 2.4E-42 2.4E-48  280.9   0.0  296   41-344    48-360 (411)
     383 UniRef100_A0A3M6T9C5 G_PROTEIN 100.0 2.6E-42 2.6E-48  289.6   0.0  301   37-346    55-364 (402)
     384 tr|A0A0P6B7K0|A0A0P6B7K0_9CRUS 100.0 2.6E-42 2.6E-48  295.4   0.0  301   39-345   111-491 (579)
     385 tr|A0A1L7H7D8|A0A1L7H7D8_SACKO 100.0 2.7E-42 2.7E-48  277.0   0.0  297   38-348    69-371 (424)
     386 UniRef100_A0A0P7U0M1 Galanin r 100.0 2.7E-42 2.7E-48  277.6   0.0  294   39-343   139-436 (475)
     387 UniRef100_A0A553N720 G_PROTEIN 100.0 2.7E-42 2.8E-48  289.9   0.0  298   38-344   135-436 (595)
     388 tr|A7RKP0|A7RKP0_NEMVE Predict 100.0 2.7E-42 2.8E-48  280.2   0.0  292   40-345     7-311 (350)
     389 tr|C3XVU5|C3XVU5_BRAFL Unchara 100.0 2.7E-42 2.8E-48  281.8   0.0  293   36-339    57-354 (439)
     390 tr|T1KTS6|T1KTS6_TETUR Unchara 100.0 2.8E-42 2.8E-48  291.3   0.0  296   37-338   116-415 (587)
     391 UniRef100_A0A084WCX2 AGAP00493 100.0 2.9E-42 2.9E-48  290.1   0.0  290   36-341    90-388 (474)
     392 UniRef100_A0A087YAA7 Neuromedi 100.0 2.9E-42 2.9E-48  277.8   0.0  346   38-383   143-494 (495)
     393 UniRef100_A0A0K0PUX3 Orphan G- 100.0   3E-42   3E-48  294.2   0.0  283   39-337    59-346 (419)
     394 tr|A0A1V4KUV7|A0A1V4KUV7_PATFA 100.0   3E-42   3E-48  277.4   0.0  297   38-344   116-413 (450)
     395 UniRef100_A0A026WCQ7 Tyramine  100.0 3.1E-42 3.1E-48  305.9   0.0  289   39-346   182-592 (665)
     396 UniRef100_A0A016TS00 G_PROTEIN 100.0 3.3E-42 3.3E-48  300.5   0.0  298   40-344   112-556 (622)
     397 UniRef100_A0A060Y7B7 G_PROTEIN 100.0 3.3E-42 3.4E-48  293.8   0.0  293   34-342   109-550 (560)
     398 UniRef100_A0A077KAM5 PQRFa pep 100.0 3.5E-42 3.6E-48  284.7   0.0  300   36-338   134-442 (539)
     399 tr|A0A091CRU0|A0A091CRU0_FUKDA 100.0 3.6E-42 3.6E-48  299.0   0.0  283   36-340   404-691 (720)
     400 tr|K1QHX9|K1QHX9_CRAGI Somatos 100.0 3.7E-42 3.7E-48  288.2   0.0  291   39-341    47-339 (456)
     401 SRR6218665_799277              100.0 3.7E-42 3.8E-48  277.1   0.0  304   34-344   118-422 (456)
     402 UniRef100_A0A1S3IXU9 RYamide r 100.0 3.8E-42 3.9E-48  277.3   0.0  300   33-338    27-327 (438)
     403 UniRef100_A0A060VRN9 G_PROTEIN 100.0 3.9E-42 3.9E-48  289.3   0.0  295   34-340   129-429 (496)
     404 UniRef100_A0A0L7QPT9 Green-sen 100.0 4.1E-42 4.1E-48  288.5   0.0  287   32-338    73-359 (445)
     405 tr|A0A096NTW4|A0A096NTW4_PAPAN 100.0 4.1E-42 4.1E-48  280.6   0.0  300   40-347   132-432 (442)
     406 UniRef100_A0A6P8IPF1 5-hydroxy 100.0 4.1E-42 4.2E-48  277.9   0.0  302   33-343    50-363 (403)
     407 UniRef100_A0A1D1W8Y5 Thyrolibe 100.0 4.1E-42 4.2E-48  290.0   0.0  306   34-346    86-422 (533)
     408 UniRef100_A0A067RTM0 Neuromedi 100.0 4.2E-42 4.2E-48  277.9   0.0  301   38-339    34-348 (382)
     409 tr|A7SFM3|A7SFM3_NEMVE Predict 100.0 4.3E-42 4.3E-48  286.9   0.0  299   33-341    31-337 (356)
     410 SRR6218665_1158703             100.0 4.3E-42 4.3E-48  282.9   0.0  307   31-343    26-336 (413)
     411 tr|A0A147A4W2|A0A147A4W2_FUNHE 100.0 4.3E-42 4.4E-48  286.8   0.0  301   40-344    94-446 (502)
     412 UniRef100_A0A0L7QLJ1 Neuropept 100.0 4.4E-42 4.5E-48  277.0   0.0  294   39-339   126-423 (485)
     413 UniRef100_A0A060WAG3 G_PROTEIN 100.0 4.5E-42 4.5E-48  290.0   0.0  294   39-346   121-504 (550)
     414 tr|A0A146NY53|A0A146NY53_FUNHE 100.0 4.7E-42 4.8E-48  286.9   0.0  290   42-339     8-315 (469)
     415 UniRef100_A0A060X6T3 G_PROTEIN 100.0 4.8E-42 4.8E-48  288.1   0.0  289   40-344    89-416 (550)
     416 UniRef100_A0A061QLL1 Putative  100.0 4.8E-42 4.8E-48  285.1   0.0  297   32-342    37-422 (424)
     417 UniRef100_A0A0J9RYF2 G_PROTEIN 100.0 4.9E-42   5E-48  295.2   0.0  304   36-343   154-511 (761)
     418 tr|A0A1I8PG61|A0A1I8PG61_STOCA 100.0 4.9E-42   5E-48  297.5   0.0  295   38-343   297-594 (716)
     419 UniRef100_A0A087QJ32 Putative  100.0   5E-42   5E-48  289.5   0.0  299   36-343   172-471 (561)
     420 UniRef100_A0A060X7S9 B2 bradyk 100.0 5.2E-42 5.3E-48  290.6   0.0  288   42-343   115-407 (491)
     421 tr|H2Q292|H2Q292_PANTR Unchara 100.0 5.2E-42 5.3E-48  281.6   0.0  299   35-347    76-409 (492)
     422 tr|L9JDH9|L9JDH9_TUPCH Orexin  100.0 5.4E-42 5.5E-48  287.1   0.0  307   38-347   217-579 (621)
     423 UniRef100_A0A2S1WLX6 Putative  100.0 5.5E-42 5.6E-48  281.5   0.0  288   46-344    52-461 (475)
     424 tr|A0A1D2N5F0|A0A1D2N5F0_ORCCI 100.0 5.8E-42 5.9E-48  285.0   0.0  302   34-343    48-350 (559)
     425 UniRef100_A0A3M6THF9 G_PROTEIN 100.0 5.9E-42 5.9E-48  290.5   0.0  276   37-338    57-335 (483)
     426 UniRef100_A0A0L8FP69 G_PROTEIN 100.0   6E-42 6.1E-48  280.9   0.0  290   42-341    50-341 (488)
     427 tr|A0A1S3W6N0|A0A1S3W6N0_ERIEU 100.0 6.1E-42 6.2E-48  287.4   0.0  301   39-342   130-444 (596)
     428 UniRef100_A0A0N1IB59 Orexin re 100.0 6.1E-42 6.3E-48  284.1   0.0  295   38-338   126-448 (546)
     429 UniRef100_A0A2G8KTA9 Putative  100.0 6.3E-42 6.3E-48  292.5   0.0  279   43-339    51-342 (445)
     430 UniRef100_A0A0P7U357 Apelin re 100.0 6.3E-42 6.3E-48  281.5   0.0  289   38-347    55-349 (401)
     431 UniRef100_A0A023F664 Putative  100.0 6.4E-42 6.5E-48  284.2   0.0  303   34-342    74-381 (471)
     432 UniRef100_A0A026WJE1 Neuropept 100.0 6.4E-42 6.5E-48  291.3   0.0  301   38-340   116-439 (606)
     433 UniRef100_A0A0D9R0U9 Apelin re 100.0 6.5E-42 6.6E-48  283.0   0.0  290   40-341    61-363 (482)
     434 UniRef100_A0A2B4S7Y2 Neuropept 100.0 6.8E-42 6.8E-48  293.5   0.0  287   37-341    78-371 (460)
     435 UniRef100_A0A210PNG3 5-hydroxy 100.0 6.8E-42 6.8E-48  287.8   0.0  301   33-345    58-372 (427)
     436 tr|A0A0F8AVG0|A0A0F8AVG0_LARCR 100.0 6.8E-42 6.9E-48  282.4   0.0  291   35-340    51-342 (544)
     437 tr|A0A195CW68|A0A195CW68_9HYME 100.0   7E-42 7.2E-48  292.7   0.0  309   36-345    51-383 (698)
     438 UniRef100_A0A193KUI4 GCR044 n= 100.0 7.2E-42 7.3E-48  284.0   0.0  304   39-343    31-349 (508)
     439 UniRef100_A0A0L8H8I0 G_PROTEIN 100.0 7.3E-42 7.3E-48  295.8   0.0  291   36-342    68-364 (466)
     440 UniRef100_A0A151NBW6 Beta-3 ad 100.0 7.2E-42 7.3E-48  283.1   0.0  290   40-339    30-338 (490)
     441 UniRef100_A0A077Z2V7 Neuropept 100.0 7.4E-42 7.5E-48  282.0   0.0  295   36-338    65-372 (451)
     442 UniRef100_A0A6F9DEB9 5-hydroxy 100.0 7.6E-42 7.6E-48  287.8   0.0  282   40-338    55-356 (426)
     443 UniRef100_A0A6P8HX63 probable  100.0 7.8E-42 7.7E-48  288.4   0.0  289   38-346    55-365 (407)
     444 UniRef100_A0A2B4RZ41 Adenosine 100.0 7.8E-42 7.8E-48  285.0   0.0  291   11-338    19-309 (381)
     445 tr|A0A0P5T2I6|A0A0P5T2I6_9CRUS 100.0 7.8E-42 7.9E-48  287.9   0.0  299   41-346    66-415 (542)
     446 UniRef100_A0A1S3F7I6 neuropept 100.0 7.8E-42 7.9E-48  294.5   0.0  298   38-338   248-554 (712)
     447 UniRef100_A0A2B4SID7 Neuropept 100.0 8.1E-42 8.2E-48  286.7   0.0  299   36-342    77-380 (462)
     448 UniRef100_UPI000219022F Endoly 100.0 8.1E-42 8.3E-48  280.1   0.0  288   40-343   200-488 (507)
     449 tr|A0A182U1B5|A0A182U1B5_9DIPT 100.0 8.2E-42 8.3E-48  289.6   0.0  301   37-342    36-344 (620)
     450 UniRef100_A0A068FL22 Pheromone 100.0 8.2E-42 8.4E-48  282.4   0.0  302   36-343    78-394 (522)
     451 UniRef100_A0A3M6UKK8 G_PROTEIN 100.0 8.4E-42 8.4E-48  287.8   0.0  321    1-339     1-333 (406)
     452 tr|A0A182FRI7|A0A182FRI7_ANOAL 100.0 8.7E-42 8.8E-48  300.6   0.0  190   38-237   110-299 (677)
     453 tr|A7SIX0|A7SIX0_NEMVE Predict 100.0 8.7E-42 8.8E-48  278.1   0.0  295   38-344    22-321 (403)
     454 tr|S7PUA8|S7PUA8_MYOBR C-C che 100.0 8.8E-42 8.9E-48  293.7   0.0  281   38-340   280-565 (603)
     455 tr|W8C2A8|W8C2A8_CERCA Neurope 100.0 8.8E-42 8.9E-48  297.8   0.0  294   39-338   263-561 (827)
     456 tr|A0A2D0SD29|A0A2D0SD29_ICTPU 100.0 8.9E-42   9E-48  281.7   0.0  290   41-340     5-307 (420)
     457 UniRef100_A0A1L8HHP3 G_PROTEIN 100.0 9.4E-42 9.5E-48  276.3   0.0  290   39-342    44-340 (370)
     458 tr|A0A0L7QUK8|A0A0L7QUK8_9HYME 100.0 9.3E-42 9.5E-48  294.2   0.0  304   31-340   191-497 (806)
     459 tr|A0A1I8MRR4|A0A1I8MRR4_MUSDO 100.0 9.4E-42 9.6E-48  293.9   0.0  301   38-341   256-558 (819)
     460 tr|K1PQM6|K1PQM6_CRAGI Putativ 100.0 9.5E-42 9.7E-48  279.2   0.0  303   38-347    88-400 (429)
     461 tr|A0A210QY69|A0A210QY69_MIZYE 100.0 9.6E-42 9.7E-48  272.4   0.0  296   36-344    82-380 (400)
     462 UniRef100_A0A096MAY6 Alpha-1B  100.0 9.7E-42 9.9E-48  280.3   0.0  291   40-346    46-378 (489)
     463 UniRef100_A0A026VXG0 Octopamin 100.0   1E-41   1E-47  295.6   0.0  292   37-338    78-537 (647)
     464 UniRef100_A0A060W161 G_PROTEIN 100.0   1E-41   1E-47  302.2   0.0  282   38-339   166-453 (574)
     465 UniRef100_UPI000719D376 galani 100.0   1E-41   1E-47  274.9   0.0  331    9-344    34-374 (418)
     466 UniRef100_A0A060VZ71 G_PROTEIN 100.0   1E-41   1E-47  294.8   0.0  298   38-338   226-532 (650)
     467 UniRef100_A0A2B4RXD1 Neuropept 100.0 1.1E-41 1.1E-47  285.7   0.0  292   38-344    92-385 (461)
     468 UniRef100_A0A6A7G2U4 Octopamin 100.0 1.1E-41 1.1E-47  285.5   0.0  296   35-342   165-512 (574)
     469 UniRef100_A0A2G8KT39 Putative  100.0 1.1E-41 1.1E-47  285.3   0.0  288   42-342    46-342 (383)
     470 UniRef100_A0A087R306 Hypocreti 100.0 1.1E-41 1.1E-47  285.8   0.0  302   38-342   148-480 (594)
     471 UniRef100_A0A026W3I9 Neuropept 100.0 1.1E-41 1.1E-47  290.4   0.0  298   38-342    56-368 (599)
     472 tr|A0A0A1XP03|A0A0A1XP03_ZEUCU 100.0 1.2E-41 1.2E-47  297.3   0.0  303   39-344   233-542 (660)
     473 UniRef100_F6ZHC8 Uncharacteriz 100.0 1.2E-41 1.2E-47  285.4   0.0  299   41-342    88-465 (520)
     474 UniRef100_A0A091L2D9 Orexin re 100.0 1.2E-41 1.3E-47  273.6   0.0  298   42-342    14-342 (386)
     475 UniRef100_A0A060X0P4 G_PROTEIN 100.0 1.3E-41 1.3E-47  291.3   0.0  287   37-338   135-428 (513)
     476 UniRef100_A0A087YRI1 G_PROTEIN 100.0 1.3E-41 1.3E-47  285.1   0.0  289   41-344    81-375 (438)
     477 UniRef100_A0A0P7Y8S7 Nocicepti 100.0 1.3E-41 1.3E-47  275.0   0.0  296   28-338   107-403 (467)
     478 UniRef100_A0A067R423 Gustatory 100.0 1.4E-41 1.4E-47  280.7   0.0  294   35-344    50-350 (424)
     479 UniRef100_A0A1B1JCE4 Adrenergi 100.0 1.4E-41 1.5E-47  285.3   0.0  299   33-343    51-349 (530)
     480 UniRef100_A0A024R2Q0 Chemokine 100.0 1.5E-41 1.5E-47  289.2   0.0  284   38-341   154-443 (499)
     481 UniRef100_A0A1A8LLZ9 Hypocreti 100.0 1.5E-41 1.5E-47  274.5   0.0  305   39-346    63-377 (413)
     482 ERR1719510_236906              100.0 1.6E-41 1.6E-47  292.3   0.0  300   38-347    80-379 (577)
     483 tr|A7RNV5|A7RNV5_NEMVE Predict 100.0 1.6E-41 1.6E-47  275.9   0.0  284   40-338    31-323 (377)
     484 UniRef100_A0A6P8H485 beta-2 ad 100.0 1.6E-41 1.6E-47  284.9   0.0  299   36-344    53-361 (411)
     485 tr|A7RRH0|A7RRH0_NEMVE Predict 100.0 1.7E-41 1.7E-47  293.2   0.0  294   36-343    22-317 (700)
     486 UniRef100_A0A1J0CN88 Xenopsin  100.0 1.7E-41 1.7E-47  286.1   0.0  297   32-338    73-370 (469)
     487 tr|A0A146TP77|A0A146TP77_FUNHE 100.0 1.7E-41 1.7E-47  296.1   0.0  292   40-345    46-427 (522)
     488 UniRef100_A0A068WTW9 Tachykini 100.0 1.7E-41 1.7E-47  280.1   0.0  300   34-341    39-359 (453)
     489 UniRef100_A0A2B4RVY2 Melanopsi 100.0 1.7E-41 1.8E-47  285.4   0.0  291   38-342    61-356 (452)
     490 Marorgknorr_s2lv_2_1036014.sca 100.0 1.8E-41 1.8E-47  279.2   0.0  307   33-346    22-336 (366)
     491 tr|A0A1V4KKE4|A0A1V4KKE4_PATFA 100.0 1.8E-41 1.8E-47  286.7   0.0  291   33-338   398-689 (724)
     492 UniRef100_A0A091DZ91 Kappa-typ 100.0 1.8E-41 1.9E-47  276.2   0.0  294   33-340    67-361 (471)
     493 tr|A0A061IHH7|A0A061IHH7_CRIGR 100.0 1.9E-41 1.9E-47  306.3   0.0  296   35-342   615-920 (934)
     494 tr|A0A1A9ZM95|A0A1A9ZM95_GLOPL 100.0 1.9E-41   2E-47  276.7   0.0  299   40-344    94-396 (481)
     495 tr|A7RYR4|A7RYR4_NEMVE Predict 100.0   2E-41   2E-47  284.3   0.0  289   40-346    21-312 (352)
     496 tr|A0A212C668|A0A212C668_CEREH 100.0 1.9E-41   2E-47  281.5   0.0  288   38-341   217-556 (558)
     497 UniRef100_A0A3M6T5D0 G_PROTEIN 100.0   2E-41   2E-47  283.4   0.0  277   36-346    48-328 (402)
     498 tr|A7SX62|A7SX62_NEMVE Predict 100.0   2E-41   2E-47  267.5   0.0  274   45-345    23-304 (335)
     499 tr|B3MYQ9|B3MYQ9_DROAN Unchara 100.0   2E-41   2E-47  288.6   0.0  298   30-342    30-398 (686)
     500 tr|K7ISZ6|K7ISZ6_NASVI Unchara 100.0   2E-41   2E-47  276.8   0.0  305   38-343    91-401 (454)
     
  > Uniprot already searched, skipping.
> Running chain B
  > Uniref90 already searched, skipping.
  > Mgnify already searched, skipping.
  > Running hhblits on bfd_uniref30
- 12:22:43.459 INFO: Searching 65983866 column state sequences.

- 12:22:46.575 INFO: Searching 29291635 column state sequences.

- 12:22:46.625 INFO: grpr_human-3582/msas/B/chain_B.fasta is in A2M, A3M or FASTA format

- 12:22:46.625 INFO: Iteration 1

- 12:22:46.638 INFO: Prefiltering database

- 12:24:03.968 INFO: HMMs passed 1st prefilter (gapless profile-profile alignment)  : 34363

- 12:24:24.297 INFO: HMMs passed 1st prefilter (gapless profile-profile alignment)  : 35528

- 12:24:24.356 INFO: HMMs passed 2nd prefilter (gapped profile-profile alignment)   : 108

- 12:24:24.356 INFO: HMMs passed 2nd prefilter and not found in previous iterations : 108

- 12:24:24.356 INFO: Scoring 108 HMMs using HMM-HMM Viterbi alignment

- 12:24:24.387 INFO: Alternative alignment: 0

- 12:24:26.043 INFO: 108 alignments done

- 12:24:26.043 INFO: Alternative alignment: 1

- 12:24:26.053 INFO: 108 alignments done

- 12:24:26.054 INFO: Alternative alignment: 2

- 12:24:26.054 INFO: Alternative alignment: 3

- 12:24:26.135 INFO: Premerge done

- 12:24:26.135 INFO: Realigning 108 HMM-HMM alignments using Maximum Accuracy algorithm

- 12:24:26.177 INFO: 46 sequences belonging to 46 database HMMs found with an E-value < 0.001

- 12:24:26.177 INFO: Number of effective sequences of resulting query HMM: Neff = 1.91861

- 12:24:26.183 INFO: Iteration 2

- 12:24:26.183 INFO: Set premerge to 0! (premerge: 3 iteration: 2 hits.Size: 43)

- 12:24:26.195 INFO: Prefiltering database

- 12:38:10.358 INFO: HMMs passed 1st prefilter (gapless profile-profile alignment)  : 65711

- 12:39:17.867 INFO: HMMs passed 1st prefilter (gapless profile-profile alignment)  : 53221

- 12:39:17.982 INFO: HMMs passed 2nd prefilter (gapped profile-profile alignment)   : 160

- 12:39:17.982 INFO: HMMs passed 2nd prefilter and not found in previous iterations : 117

- 12:39:17.982 INFO: Scoring 117 HMMs using HMM-HMM Viterbi alignment

- 12:39:18.004 INFO: Alternative alignment: 0

- 12:39:18.207 INFO: 117 alignments done

- 12:39:18.207 INFO: Alternative alignment: 1

- 12:39:18.213 INFO: 114 alignments done

- 12:39:18.213 INFO: Alternative alignment: 2

- 12:39:18.213 INFO: Alternative alignment: 3

- 12:39:18.224 INFO: Realigning 117 HMM-HMM alignments using Maximum Accuracy algorithm

- 12:39:18.246 INFO: 50 sequences belonging to 50 database HMMs found with an E-value < 0.001

- 12:39:18.246 INFO: Number of effective sequences of resulting query HMM: Neff = 2.00735

- 12:39:18.251 INFO: Iteration 3

- 12:39:18.265 INFO: Prefiltering database

- 12:40:01.594 INFO: HMMs passed 1st prefilter (gapless profile-profile alignment)  : 63453

- 12:40:21.668 INFO: HMMs passed 1st prefilter (gapless profile-profile alignment)  : 52169

- 12:40:21.731 INFO: HMMs passed 2nd prefilter (gapped profile-profile alignment)   : 173

- 12:40:21.732 INFO: HMMs passed 2nd prefilter and not found in previous iterations : 126

- 12:40:21.732 INFO: Scoring 126 HMMs using HMM-HMM Viterbi alignment

- 12:40:21.754 INFO: Alternative alignment: 0

- 12:40:21.993 INFO: 126 alignments done

- 12:40:21.993 INFO: Alternative alignment: 1

- 12:40:21.000 INFO: 123 alignments done

- 12:40:21.000 INFO: Alternative alignment: 2

- 12:40:21.000 INFO: Alternative alignment: 3

- 12:40:22.012 INFO: Rescoring previously found HMMs with Viterbi algorithm

- 12:40:22.027 INFO: Alternative alignment: 0

- 12:40:22.031 INFO: 47 alignments done

- 12:40:22.032 INFO: Alternative alignment: 1

- 12:40:22.036 INFO: 47 alignments done

- 12:40:22.036 INFO: Alternative alignment: 2

- 12:40:22.036 INFO: Alternative alignment: 3

- 12:40:22.046 INFO: Premerge done

- 12:40:22.046 INFO: Realigning 173 HMM-HMM alignments using Maximum Accuracy algorithm

- 12:40:22.076 INFO: 52 sequences belonging to 52 database HMMs found with an E-value < 0.001

- 12:40:22.076 INFO: Number of effective sequences of resulting query HMM: Neff = 2.07554

     Query         GRP-(18-27) gtp:3582
     Match_columns 10
     No_of_seqs    34 out of 427
     Neff          2.07554
     Searched_HMMs 224
     Date          Thu Feb 23 12:40:22 2023
     Command       hhblits -i grpr_human-3582/msas/B/chain_B.fasta -cpu 2 -maxmem 20 -oa3m /projects/ilfgrid/people/nqz918/code/deorph/scripts/af_arman/af_jobs_af23/grpr_human/3582//grpr_human-3582/msas/B/bfd_uniref_hits.a3m -o /dev/null -n 3 -e 0.001 -maxseq 1000000 -realign_max 100000 -maxfilt 100000 -min_prefilter_hits 1000 -d /projects/ilfgrid/data/alphafold-genetic-databases///bfd/bfd_metaclust_clu_complete_id30_c90_final_seq.sorted_opt -d /projects/ilfgrid/data/alphafold-genetic-databases///uniref30/UniRef30_2021_03 
     
      No Hit                             Prob E-value P-value  Score    SS Cols Query HMM  Template HMM
       1 UniRef100_P42991 Bombesin-like  98.2 2.8E-08 2.9E-14   37.3   0.0   10    1-10      4-13  (13)
       2 UniRef100_P86026 [Asn3,Lys6,Ph  98.1 7.5E-08 7.7E-14   35.7   0.0   10    1-10      3-12  (12)
       3 UniRef100_P23260 Neuromedin-C   98.1 9.4E-08 9.6E-14   34.3   0.0   10    1-10      1-10  (10)
       4 UniRef100_P84212 Bombesin-like  97.9 3.5E-07 3.6E-13   34.6   0.0   10    1-10      4-13  (13)
       5 UniRef100_P08989 Gastrin-relea  97.9 4.3E-07 5.1E-13   38.7   0.0   10    1-10     18-27  (27)
       6 UniRef100_P08944 Alytesin n=2   97.9   5E-07 5.2E-13   34.7   0.0   10    1-10      5-14  (14)
       7 UniRef100_P08945 Litorin n=1 T  97.9 5.8E-07 5.9E-13   31.7   0.0    9    2-10      1-9   (9)
       8 tr|B6C9J7|B6C9J7_GADMO Gastrin  97.8 6.2E-07   1E-12   47.2   0.0   10    1-10     59-68  (167)
       9 UniRef100_P84211 Bombesin-like  97.8 1.2E-06 1.2E-12   33.3   0.0   10    1-10      4-13  (13)
      10 UniRef100_A0A096LXB3 GRP-10 n=  97.7 1.6E-06 2.5E-12   46.8   0.0   10    1-10     64-73  (187)
      11 UniRef100_A0A1D5PXC4 GRP-10 n=  97.6 2.7E-06 4.2E-12   45.7   0.0   10    1-10     62-71  (181)
      12 UniRef100_A0A1S3LUW4 GRP-10 n=  97.5 4.2E-06 5.6E-12   45.6   0.0   10    1-10     60-69  (182)
      13 UniRef100_P08951 Ranatensin-C   97.5 6.6E-06 6.8E-12   30.4   0.0    9    2-10      3-11  (11)
      14 tr|A0A147A377|A0A147A377_FUNHE  97.5 4.2E-06 7.3E-12   43.8   0.0   10    1-10     73-82  (156)
      15 tr|A0A1L8I2M4|A0A1L8I2M4_XENLA  97.5 5.2E-06 8.2E-12   44.0   0.0   10    1-10     52-61  (156)
      16 UniRef100_P01295 Gastrin-relea  97.4 8.2E-06 8.9E-12   35.5   0.0   10    1-10     19-28  (28)
      17 UniRef100_A0A0D9RZZ4 GRP-10 n=  97.4 7.4E-06   1E-11   44.9   0.0   10    1-10     47-56  (188)
      18 UniRef100_A0A0G4DIM2 Ranatensi  97.4 8.5E-06 1.1E-11   43.1   0.0   10    1-10     49-58  (129)
      19 UniRef100_A0A3Q1MJC4 GRP-10 n=  97.3 1.8E-05 2.5E-11   44.0   0.0   10    1-10     41-50  (207)
      20 UniRef100_A0A096MP90 GRP-10 n=  97.2 2.3E-05 2.9E-11   43.2   0.0   10    1-10     41-50  (177)
      21 tr|A0A1A6HIC4|A0A1A6HIC4_NEOLE  97.2 2.5E-05 3.4E-11   42.7   0.0   10    1-10     43-52  (173)
      22 tr|L9LCP5|L9LCP5_TUPCH Gastrin  97.2 3.2E-05   4E-11   42.4   0.0   10    1-10     41-50  (169)
      23 UniRef100_P08952 Ranatensin-R   97.1   5E-05 5.1E-11   30.7   0.0    9    2-10      9-17  (17)
      24 UniRef100_A0A3B1JJY4 GRP-10 n=  97.0 9.6E-05 1.2E-10   41.1   0.0   10    1-10     61-70  (181)
      25 UniRef100_A0A2D1UJ60 Bombesin   96.9 0.00011 1.4E-10   37.8   0.0   10    1-10     55-64  (91)
      26 UniRef100_A0A0E9X7X9 Uncharact  96.8 0.00012 2.1E-10   38.8   0.0   10    1-10     53-62  (149)
      27 UniRef100_A0A556V7U0 GRP-10 n=  96.8 0.00021 2.4E-10   39.3   0.0   10    1-10     42-51  (150)
      28 UniRef100_P08946 Rhodei-litori  96.8 0.00029   3E-10   25.4   0.0    8    3-10      2-9   (9)
      29 UniRef100_A0A218UBQ0 GRP-10 n=  96.7 0.00025 3.3E-10   41.8   0.0   10    1-10    195-204 (324)
      30 UniRef100_G1Q1B7 GRP-10 n=1 Ta  96.7 0.00039   4E-10   35.9   0.0   10    1-10     31-40  (82)
      31 UniRef100_A0A671VN03 GRP-10 n=  96.6 0.00065 6.7E-10   35.7   0.0   10    1-10     46-55  (92)
      32 UniRef100_A0A3B5AQH8 GRP-10 n=  96.5 0.00089 9.8E-10   38.5   0.0   10    1-10     46-55  (206)
      33 UniRef100_UPI0015B139DE gastri  96.4  0.0011 1.1E-09   36.5   0.0   10    1-10     45-54  (134)
      34 UniRef100_UPI00093C0A95 gastri  96.4  0.0011 1.2E-09   38.2   0.0   10    1-10    127-136 (207)
      35 UniRef100_UPI00112B28DC gastri  96.4  0.0013 1.4E-09   35.7   0.0   10    1-10     54-63  (117)
      36 UniRef100_UPI0014776DE4 gastri  96.3  0.0015 1.6E-09   37.2   0.0   10    1-10     83-92  (181)
      37 UniRef100_A0A226MZZ3 GRP-10 n=  96.3  0.0014 1.6E-09   37.9   0.0   10    1-10     44-53  (218)
      38 UniRef100_P01297 Neuromedin-B   96.3  0.0016 1.6E-09   29.7   0.0   10    1-10     23-32  (32)
      39 UniRef100_A0A3B3I193 GRP-10 n=  96.3  0.0018 1.8E-09   37.2   0.0   10    1-10     66-75  (194)
      40 UniRef100_A0A553R8W7 GRP-10 n=  96.3  0.0018 1.9E-09   36.5   0.0   10    1-10     67-76  (159)
      41 UniRef100_A0A2I4AU42 neuromedi  96.3  0.0015 1.9E-09   35.4   0.0   10    1-10     49-58  (128)
      42 UniRef100_A0A096MIQ2 Uncharact  96.3  0.0016   2E-09   35.7   0.0   10    1-10     53-62  (136)
      43 UniRef100_A0A5F8G8N5 GRP-10 n=  96.2  0.0021 2.1E-09   37.8   0.0   10    1-10     42-51  (237)
      44 tr|Q4L0B7|Q4L0B7_BOMMX Proline  96.2  0.0021 2.3E-09   36.1   0.0    9    2-10     52-60  (155)
      45 UniRef100_A0A667WWI7 GRP-10 n=  96.2  0.0025 2.5E-09   36.8   0.0   10    1-10     59-68  (200)
      46 UniRef100_UPI0003336BF0 gastri  96.1  0.0033 3.4E-09   36.6   0.0   10    1-10     41-50  (214)
      47 UniRef100_A0A4Z2J4K6 GRP-10 n=  96.1  0.0033 3.4E-09   37.3   0.0   10    1-10     46-55  (257)
      48 UniRef100_A0A3P4N122 GRP-10 (F  96.1  0.0033 3.4E-09   36.1   0.0   10    1-10     80-89  (185)
      49 tr|A0A226PCM8|A0A226PCM8_COLVI  96.0  0.0038 4.1E-09   35.8   0.0   10    1-10     45-54  (184)
      50 UniRef100_UPI00052EC399 gastri  96.0  0.0043 4.7E-09   35.5   0.0   10    1-10     72-81  (178)
      51 UniRef100_A0A061ICH4 NMB n=1 T  95.9  0.0041 5.2E-09   35.1   0.0   10    1-10     57-66  (168)
      52 UniRef100_A0A7E6CID2 GRP-10 n=  95.9  0.0061 6.3E-09   36.7   0.0   10    1-10    138-147 (285)
      53 UniRef100_A0A6I9J9L0 GRP-10 n=  95.8  0.0073 7.5E-09   36.2   0.0   10    1-10     41-50  (268)
      54 UniRef100_Q4L0B7 Proline rich-  95.8  0.0076 7.8E-09   34.2   0.0    9    2-10     52-60  (155)
      55 UniRef100_A0A0N8EUR5 Neuromedi  95.7  0.0071 8.6E-09   34.5   0.0   10    1-10     47-56  (177)
      56 UniRef100_UPI00122F28F2 LOW QU  95.7  0.0083 8.6E-09   36.9   0.0   10    1-10    129-138 (359)
      57 UniRef100_A0A3Q3JHI2 Uncharact  95.7   0.008 9.4E-09   33.1   0.0   10    1-10     50-59  (125)
      58 UniRef100_A0A7L2A887 NMB prote  95.6   0.011 1.1E-08   30.1   0.0   10    1-10     13-22  (62)
      59 UniRef100_A0A1D5PAZ6 Uncharact  95.3    0.02 2.3E-08   32.6   0.0   10    1-10     46-55  (154)
      60 UniRef100_UPI0007AD328A neurom  95.3   0.022 2.3E-08   31.0   0.0   10    1-10     14-23  (100)
      61 UniRef100_UPI0003EBD3BA neurom  95.3   0.023 2.4E-08   29.9   0.0   10    1-10     21-30  (76)
      62 UniRef100_A0A5J5D5W4 Uncharact  95.2   0.025 2.6E-08   30.2   0.0   10    1-10     49-58  (86)
      63 UniRef100_A0A493TXR3 GRP-10 n=  95.2   0.025 2.6E-08   35.6   0.0   10    1-10    301-310 (407)
      64 UniRef100_A0A3B3HB94 Uncharact  95.2   0.026 2.7E-08   30.7   0.0   10    1-10     46-55  (98)
      65 UniRef100_UPI0010A31B8B neurom  95.1   0.028 2.9E-08   30.9   0.0   10    1-10     55-64  (108)
      66 UniRef100_A0A672PT95 Uncharact  95.0   0.039   4E-08   31.2   0.0   10    1-10     39-48  (133)
      67 UniRef100_UPI0019D44154 neurom  94.7   0.057 5.9E-08   31.0   0.0   10    1-10     73-82  (147)
      68 UniRef100_UPI0007B40191 neurom  94.4   0.087   9E-08   30.1   0.0   10    1-10     63-72  (136)
      69 UniRef100_UPI000B902FD3 neurom  94.3   0.095 9.8E-08   30.5   0.0   10    1-10     90-99  (163)
      70 UniRef100_A0A1S3W3J9 neuromedi  94.1    0.13 1.3E-07   29.9   0.0   10    1-10     37-46  (153)
      71 UniRef100_A0YGZ9 Uncharacteriz  93.7    0.19   2E-07   26.6   0.0    9    2-10     15-23  (70)
      72 UniRef100_A0A091LIP6 Neuromedi  93.5     0.2 2.3E-07   28.5   0.0   10    1-10     40-49  (128)
      73 UniRef100_A0A1A7ZU95 Tubulin,   93.4    0.21 2.6E-07   29.3   0.0   10    1-10    106-115 (172)
      74 UniRef100_C0EGT8 Uncharacteriz  92.7    0.41 4.2E-07   23.6   0.0    8    2-9      14-21  (40)
      75 UniRef100_A0A0N0RXP3 Uncharact  92.6    0.45 4.6E-07   27.3   0.0   10    1-10     52-61  (125)
      76 UniRef100_A0A2S1X999 Copper-co  92.1     0.6 6.2E-07   24.2   0.0    9    1-9      26-34  (55)
      77 UniRef100_A0A1A8DZQ7 Tubulin,   91.9    0.67 6.9E-07   25.8   0.0    9    1-9      66-74  (93)
      78 UniRef100_UPI000B8599E1 isocho  91.9    0.68   7E-07   24.1   0.0    9    1-9      32-40  (56)
      79 UniRef100_UPI001ADDDF67 hypoth  91.8    0.73 7.6E-07   25.5   0.0    9    1-9      48-56  (88)
      80 UniRef100_A0A554KAT4 Uncharact  91.7    0.71 7.8E-07   22.6   0.0    8    2-9      14-21  (38)
      81 UniRef100_A0A3P7MK78 Beta-lact  91.3    0.92 9.5E-07   25.1   0.0    8    1-8      19-26  (85)
      82 UniRef100_E5B1P6 Uncharacteriz  91.3    0.95 9.7E-07   22.1   0.0    8    3-10     22-29  (36)
      83 UniRef100_G9ZSX0 Uncharacteriz  90.9     1.1 1.1E-06   23.0   0.0    8    2-9      15-22  (49)
      84 UniRef100_F4GS35 Multidrug eff  90.9     1.1 1.1E-06   26.8   0.0    9    1-9      92-100 (163)
      85 UniRef100_K7ETJ4 Tubulin domai  90.9     1.1 1.1E-06   24.9   0.0    9    1-9      31-39  (88)
      86 UniRef100_A0A0L0RV04 Tubulin d  90.8     1.2 1.2E-06   24.7   0.0    9    1-9      23-31  (84)
      87 UniRef100_A0A7Y6PV01 Uncharact  90.8     1.2 1.2E-06   23.0   0.0    8    2-9      21-28  (51)
      88 UniRef100_A0A6V7JSW4 Uncharact  90.6     1.3 1.3E-06   21.7   0.0    7    3-9      17-23  (36)
      89 UniRef100_A0A645JCY5 Uncharact  90.6     1.3 1.3E-06   23.2   0.0    9    1-9      41-49  (56)
      90 UniRef100_A0A016UA53 Uncharact  90.6     1.2 1.3E-06   26.3   0.0    8    1-8      73-80  (143)
      91 UniRef100_UPI001ADBFCA0 UPI001  90.6     1.3 1.3E-06   24.6   0.0    8    2-9      28-35  (85)
      92 UniRef100_UPI00161CB76B hypoth  90.5     1.3 1.4E-06   23.5   0.0    8    2-9      52-59  (62)
      93 UniRef100_J4HRY8 Uncharacteriz  90.2     1.5 1.5E-06   18.9   0.0    9    1-9       4-12  (17)
      94 tr|L5KHB8|L5KHB8_PTEAL Gastrin  90.1     1.5 1.6E-06   26.8   0.0   10    1-10     41-50  (192)
      95 UniRef100_UPI0015EFC0C5 hypoth  90.0     1.6 1.6E-06   23.5   0.0    8    2-9      57-64  (67)
      96 UniRef100_A0A0E9SK59 Uncharact  90.0     1.6 1.7E-06   21.0   0.0    8    2-9      23-30  (32)
      97 SRR5437016_3436382              89.8     1.6 1.8E-06   26.0   0.0    9    1-9      99-107 (152)
      98 UniRef100_G0FNB7 Uncharacteriz  89.8     1.7 1.8E-06   22.5   0.0    9    2-10     17-25  (51)
      99 UniRef100_A0A284RUT5 Uncharact  89.5     1.8   2E-06   26.8   0.0    9    1-9     146-154 (216)
     100 SRR3989344_8078648              89.4     1.9   2E-06   24.8   0.0    9    1-9      16-24  (109)
     101 UniRef100_A8BRT3 High cysteine  89.4       2 2.1E-06   22.5   0.0    8    1-8      47-54  (55)
     102 UniRef100_A0A699SLW8 Uncharact  89.3     1.9 2.1E-06   24.8   0.0    9    1-9      88-96  (110)
     103 UniRef100_A0A538Q2Q2 Uncharact  89.3     2.1 2.1E-06   26.3   0.0    9    1-9      27-35  (188)
     104 UniRef100_A0A1I2NKZ7 Uncharact  89.2     2.1 2.2E-06   21.3   0.0    8    1-8      30-37  (38)
     105 UniRef100_A0A0A8Y4U9 Uncharact  89.2     2.1 2.2E-06   23.7   0.0    7    2-8      14-20  (81)
     106 UniRef100_A0A2W1K052 Uncharact  89.1     2.2 2.3E-06   22.9   0.0    8    2-9      10-17  (64)
     107 UniRef100_A0A0Q9VU72 Isochoris  89.1     2.1 2.3E-06   23.1   0.0    9    1-9      51-59  (68)
     108 UniRef100_A0A699T5P3 Uncharact  89.0     2.3 2.3E-06   24.4   0.0    9    1-9      74-82  (104)
     109 UniRef100_A0A699X4R3 Uncharact  89.0     2.3 2.4E-06   24.3   0.0    9    1-9      63-71  (102)
     110 UniRef100_A0A699QYE2 Uncharact  88.9     2.3 2.4E-06   24.3   0.0    9    1-9      73-81  (101)
     111 UniRef100_A0A2Z5G3J5 Uncharact  88.8     2.4 2.5E-06   21.5   0.0    8    2-9      21-28  (43)
     112 UniRef100_A0A2V7BW89 Uncharact  88.7     2.5 2.6E-06   23.7   0.0    9    1-9      20-28  (87)
     113 UniRef100_A0A699WWP9 Uncharact  88.4     2.6 2.8E-06   24.8   0.0    9    1-9     105-113 (128)
     114 UniRef100_A0A2D0HKZ0 Uncharact  88.4     2.7 2.8E-06   23.5   0.0    8    2-9      13-20  (85)
     115 UniRef100_A0A5N5JYT0 Tubulin d  88.2     2.9   3E-06   22.9   0.0    9    1-9      33-41  (72)
     116 UniRef100_A0A538LLP0 Core-bind  88.1     2.9   3E-06   23.1   0.0    9    1-9      16-24  (77)
     117 UniRef100_A0A7S4R3D4 Hypotheti  88.0     3.1 3.1E-06   25.8   0.0    8    1-8     158-165 (193)
     118 UniRef100_A0A699R1L5 Uncharact  87.9     3.1 3.2E-06   24.2   0.0    9    1-9      98-106 (113)
     119 ERR1719271_1944552              87.8     3.1 3.3E-06   25.0   0.0    9    1-9     141-149 (152)
     120 UniRef100_A0A1S1VGL3 Uncharact  87.8     3.2 3.3E-06   22.2   0.0    8    2-9      20-27  (60)
     121 UniRef100_L8H8I5 Thioester red  87.7     3.3 3.4E-06   24.6   0.0    8    2-9      19-26  (135)
     122 UniRef100_A0A357VKY0 S-layer h  87.7     3.3 3.4E-06   25.0   0.0    8    2-9     102-109 (156)
     123 UniRef100_A0A2W6E1K4 Uncharact  87.7     3.3 3.4E-06   23.6   0.0    8    3-10     61-68  (98)
     124 UniRef100_A0A699TJU7 Uncharact  87.6     3.4 3.5E-06   24.4   0.0    9    1-9      14-22  (126)
     125 UniRef100_A0A255Z2V6 Uncharact  87.6     3.4 3.5E-06   22.1   0.0    8    1-8      35-42  (59)
     126 UniRef100_A0A172YI23 ADH_N_2 d  87.4     3.5 3.6E-06   24.5   0.0    8    2-9      89-96  (136)
     127 UniRef100_A0A415UW94 Uncharact  87.4     3.6 3.7E-06   23.0   0.0    9    2-10     59-67  (81)
     128 UniRef100_A0A655ZSX8 Uncharact  87.3     3.7 3.8E-06   20.1   0.0    8    2-9      15-22  (33)
     129 UniRef100_A0A2Z7A1S2 Uncharact  87.3     3.7 3.8E-06   23.6   0.0    9    1-9      50-58  (103)
     130 UniRef100_A0A1G0G2Y7 Uncharact  87.0     3.1   4E-06   24.3   0.0    9    1-9     122-130 (135)
     131 UniRef100_UPI00131DCF1E hypoth  86.8     4.1 4.2E-06   24.9   0.0    9    2-10    133-141 (168)
     132 SRR5262249_55042985             86.8     3.3 4.3E-06   24.7   0.0    9    1-9     145-153 (155)
     133 UniRef100_A0A699V8M8 Transposa  86.7     4.2 4.4E-06   23.7   0.0    9    1-9      29-37  (111)
     134 SRR5437868_3372533              86.6     4.1 4.4E-06   25.8   0.0    9    1-9     192-200 (234)
     135 UniRef100_A0A497MVT4 SPASM dom  86.6     4.4 4.5E-06   23.7   0.0    8    2-9      44-51  (113)
     136 UniRef100_A0A2S8MN29 Enolase (  86.5     4.5 4.6E-06   24.3   0.0    9    1-9     100-108 (142)
     137 UniRef100_A0A2Z6A2X5 Cytochrom  86.5     4.5 4.6E-06   22.7   0.0    9    1-9      40-48  (82)
     138 UniRef100_A0A7W2M1P7 Uncharact  86.4     4.5 4.6E-06   22.1   0.0    8    2-9       6-13  (68)
     139 UniRef100_A0A243P7M6 Uncharact  86.4     4.6 4.7E-06   24.4   0.0   10    1-10    101-110 (146)
     140 UniRef100_A0A6N3X4X8 Uncharact  86.4     4.6 4.7E-06   20.2   0.0    7    2-8      28-34  (37)
     141 UniRef100_A0A2D9EXY8 tRNA (Pse  86.4     4.6 4.7E-06   22.2   0.0    9    1-9      51-59  (70)
     142 UniRef100_A0A085M351 Uncharact  86.3     4.6 4.8E-06   22.1   0.0    9    1-9      10-18  (68)
     143 UniRef100_A0A6G1R7S0 5-hydroxy  86.3     4.4 4.8E-06   24.4   0.0   10    1-10      3-12  (145)
     144 UniRef100_A0A146K267 Methyltra  86.3     4.6 4.8E-06   23.6   0.0    7    3-9      35-41  (112)
     145 UniRef100_A0A4Y2JDX1 Uncharact  86.2     4.7 4.9E-06   23.0   0.0    8    2-9      47-54  (93)
     146 UniRef100_A0A7C3RPQ7 Uncharact  86.1     4.9   5E-06   24.7   0.0    8    2-9      29-36  (170)
     147 UniRef100_UPI0012DC3135 hypoth  86.1     4.9   5E-06   21.8   0.0    8    2-9      43-50  (64)
     148 UniRef100_A0A6T6TV90 Hypotheti  85.8     5.2 5.3E-06   27.0   0.0    9    1-9     362-370 (421)
     149 UniRef100_A0A2A2GXY4 Zn_Tnp_IS  85.8     4.8 5.3E-06   22.4   0.0    9    2-10     66-74  (80)
     150 UniRef100_A0A699Q4N7 Transposa  85.7     5.3 5.4E-06   24.4   0.0    9    1-9      49-57  (162)
     151 UniRef100_A0A699L8J3 Transposa  85.7     5.4 5.5E-06   24.4   0.0    9    1-9      49-57  (163)
     152 UniRef100_G4TL46 Uncharacteriz  85.6     5.4 5.5E-06   26.4   0.0    8    1-8     280-287 (340)
     153 UniRef100_A0A6N7D844 Ribosomal  85.5     5.5 5.6E-06   24.6   0.0    9    1-9      91-99  (176)
     154 UniRef100_UPI00196887B8 hypoth  85.5     5.6 5.7E-06   21.7   0.0    7    2-8      37-43  (65)
     155 UniRef100_B4H7X0 GL12728 n=1 T  85.4     5.6 5.8E-06   22.3   0.0    7    3-9      10-16  (81)
     156 UniRef100_A0A4U0TVQ1 Uncharact  85.3     5.8 5.9E-06   24.1   0.0    8    2-9      86-93  (153)
     157 UniRef100_A0A183BDB8 PGM_PMM_I  85.1     5.7 6.2E-06   23.5   0.0    9    1-9     104-112 (123)
     158 UniRef100_A0A3L7RY78 Uncharact  85.0     6.1 6.3E-06   24.6   0.0    9    1-9     124-132 (189)
     159 UniRef100_A0A1V6JK50 Uncharact  84.7     6.5 6.7E-06   24.9   0.0    8    2-9     134-141 (219)
     160 UniRef100_A0A6A4HNP8 Uncharact  84.7     6.5 6.7E-06   24.4   0.0    8    2-9      19-26  (178)
     161 UniRef100_A3QWJ7 Zonadhesin (F  84.6     6.4 6.8E-06   21.6   0.0    8    1-8      43-50  (67)
     162 UniRef100_A0A0V1N655 Uncharact  83.6       8 8.2E-06   21.3   0.0    9    1-9      38-46  (68)
     163 UniRef100_A0A183J1F2 Uncharact  83.5     8.1 8.3E-06   21.4   0.0    8    3-10     49-56  (71)
     164 UniRef100_A0A501XEW0 Uncharact  82.6     9.4 9.7E-06   23.6   0.0    7    3-9      58-64  (162)
     165 UniRef100_A0A518CHQ6 Uncharact  82.2     9.9   1E-05   24.9   0.0    8    2-9     154-161 (279)
     166 UniRef100_A0A7X6AK24 Uncharact  82.2      10   1E-05   22.2   0.0    9    1-9      73-81  (104)
     167 UniRef100_UPI000811A5BB neural  82.2      10   1E-05   23.6   0.0    7    3-9      89-95  (170)
     168 UniRef100_A0A7J7RCS0 Uncharact  82.1      10   1E-05   23.2   0.0    9    1-9     122-130 (146)
     169 UniRef100_A0A3D3Q7J0 N-acetylt  80.3      13 1.4E-05   23.1   0.0    9    1-9      53-61  (164)
     170 UniRef100_A0A091D9X1 Epithelia  79.8      14 1.5E-05   23.1   0.0    9    1-9     130-138 (174)
     171 UniRef100_UPI0013DDE30D hypoth  79.7      14 1.5E-05   21.2   0.0    8    1-8      79-86  (86)
     172 UniRef100_A0A5E8A525 Uncharact  77.7      18 1.9E-05   19.8   0.0    9    1-9      51-59  (59)
     173 tr|L5KHB8|L5KHB8_PTEAL Gastrin  30.6 5.1E+02 0.00053   17.9   0.0    6    5-10    122-127 (192)
     
  > Uniprot already searched, skipping.

>> Job finished at: Thu Feb 23 12:40:26 CET 2023

>> Runtime: 5512 s
