>> Job started at: Wed Feb 22 16:14:36 CET 2023
   On Machine:     ilfgridgpun01fl.unicph.domain
   In directory:   /maps/projects/ilfgrid/people/nqz918/code/deorph/scripts/af_arman/af_jobs_af23/agtrb_rat/6894

>> GPU is 

> Running 'prep_MSAs.sh'
  > Alphafold-DB directory is set to /projects/ilfgrid/data/alphafold-genetic-databases//
  > Number of cores was set to set to 2
  > Max memory set to 20
  > Output directory was set to /maps/projects/ilfgrid/people/nqz918/code/deorph/scripts/af_arman/af_jobs_af23/agtrb_rat/6894/
  > Input fastafile was set to /maps/projects/ilfgrid/people/nqz918/code/deorph/scripts/af_arman/af_jobs_af23/agtrb_rat/6894/agtrb_rat-6894.fasta
> Splitting fastafile
> Running chain A
  > Uniref90 already searched, skipping.
  > Mgnify already searched, skipping.
  > Running hhblits on bfd_uniref30
- 16:15:00.030 INFO: Searching 65983866 column state sequences.

- 16:15:01.130 INFO: Searching 29291635 column state sequences.

- 16:15:01.168 INFO: agtrb_rat-6894/msas/A/chain_A.fasta is in A2M, A3M or FASTA format

- 16:15:01.169 INFO: Iteration 1

- 16:15:01.382 INFO: Prefiltering database

- 16:18:28.921 INFO: HMMs passed 1st prefilter (gapless profile-profile alignment)  : 1539820

- 16:19:39.612 INFO: HMMs passed 1st prefilter (gapless profile-profile alignment)  : 871707

- 16:19:44.623 INFO: HMMs passed 2nd prefilter (gapped profile-profile alignment)   : 32341

- 16:19:44.623 INFO: HMMs passed 2nd prefilter and not found in previous iterations : 32341

- 16:19:44.623 INFO: Scoring 32341 HMMs using HMM-HMM Viterbi alignment

- 16:19:44.662 INFO: Alternative alignment: 0

- 16:20:25.619 INFO: 2000 alignments done

- 16:20:57.762 INFO: 4000 alignments done

- 16:21:23.394 INFO: 6000 alignments done

- 16:22:03.116 INFO: 8000 alignments done

- 16:22:13.162 INFO: 10000 alignments done

- 16:22:33.850 INFO: 12000 alignments done

- 16:23:22.060 INFO: 14000 alignments done

- 16:23:34.550 INFO: 16000 alignments done

- 16:23:39.786 INFO: 18000 alignments done

- 16:23:45.446 INFO: 20000 alignments done

- 16:23:51.352 INFO: 22000 alignments done

- 16:24:09.151 INFO: 24000 alignments done

- 16:24:12.614 INFO: 26000 alignments done

- 16:24:17.002 INFO: 28000 alignments done

- 16:24:25.235 INFO: 30000 alignments done

- 16:24:29.002 INFO: 32000 alignments done

- 16:24:29.509 INFO: 32341 alignments done

- 16:24:29.510 INFO: Alternative alignment: 1

- 16:24:51.276 INFO: 32274 alignments done

- 16:24:51.309 INFO: Alternative alignment: 2

- 16:24:56.560 INFO: 7012 alignments done

- 16:24:56.592 INFO: Alternative alignment: 3

- 16:24:57.715 INFO: 1129 alignments done

- 16:24:58.653 INFO: Premerge done

- 16:24:58.655 INFO: Realigning 14772 HMM-HMM alignments using Maximum Accuracy algorithm

- 16:26:07.922 INFO: 14775 sequences belonging to 14775 database HMMs found with an E-value < 0.001

- 16:26:07.923 INFO: Number of effective sequences of resulting query HMM: Neff = 11.6987

- 16:26:08.264 INFO: Iteration 2

- 16:26:08.264 INFO: Set premerge to 0! (premerge: 3 iteration: 2 hits.Size: 14772)

- 16:26:08.464 INFO: Prefiltering database

- 16:28:43.684 INFO: HMMs passed 1st prefilter (gapless profile-profile alignment)  : 4595894

- 16:30:14.424 INFO: HMMs passed 1st prefilter (gapless profile-profile alignment)  : 1979090

- 16:30:29.771 INFO: HMMs passed 2nd prefilter (gapped profile-profile alignment)   : 66209

- 16:30:29.772 INFO: HMMs passed 2nd prefilter and not found in previous iterations : 51777

- 16:30:29.772 INFO: Scoring 51777 HMMs using HMM-HMM Viterbi alignment

- 16:30:29.789 INFO: Alternative alignment: 0

- 16:30:32.697 INFO: 2000 alignments done

- 16:30:37.587 INFO: 4000 alignments done

- 16:30:41.193 INFO: 6000 alignments done

- 16:31:12.326 INFO: 8000 alignments done

- 16:32:44.582 INFO: 10000 alignments done

- 16:34:13.923 INFO: 12000 alignments done

- 16:36:02.898 INFO: 14000 alignments done

- 16:37:10.459 INFO: 16000 alignments done

- 16:38:16.356 INFO: 18000 alignments done

- 16:38:45.450 INFO: 20000 alignments done

- 16:38:59.136 INFO: 22000 alignments done

- 16:39:05.218 INFO: 24000 alignments done

- 16:39:09.261 INFO: 26000 alignments done

- 16:39:12.726 INFO: 28000 alignments done

- 16:39:16.062 INFO: 30000 alignments done

- 16:39:18.824 INFO: 32000 alignments done

- 16:39:21.757 INFO: 34000 alignments done

- 16:39:34.481 INFO: 36000 alignments done

- 16:39:47.503 INFO: 38000 alignments done

- 16:39:57.635 INFO: 40000 alignments done

- 16:40:10.408 INFO: 42000 alignments done

- 16:40:21.108 INFO: 44000 alignments done

- 16:40:30.821 INFO: 46000 alignments done

- 16:40:38.506 INFO: 48000 alignments done

- 16:40:46.353 INFO: 50000 alignments done

- 16:40:51.435 INFO: 51777 alignments done

- 16:40:51.439 INFO: Stop after DB-HHM: 51777 because early stop  14.3596 < filter cutoff 17.77

- 16:40:51.439 INFO: Alternative alignment: 1

- 16:44:00.754 INFO: 38403 alignments done

- 16:44:00.875 INFO: Alternative alignment: 2

- 16:44:26.758 INFO: 3580 alignments done

- 16:44:26.763 INFO: Alternative alignment: 3

- 16:44:27.425 INFO: 463 alignments done

- 16:44:27.883 INFO: Realigning 20576 HMM-HMM alignments using Maximum Accuracy algorithm

- 17:02:27.100 INFO: 35349 sequences belonging to 35349 database HMMs found with an E-value < 0.001

- 17:02:27.105 INFO: Number of effective sequences of resulting query HMM: Neff = 12.0238

- 17:02:27.416 INFO: Iteration 3

- 17:02:27.653 INFO: Prefiltering database

- 17:08:11.665 INFO: HMMs passed 1st prefilter (gapless profile-profile alignment)  : 4442294

- 17:10:22.411 INFO: HMMs passed 1st prefilter (gapless profile-profile alignment)  : 1914638

- 17:10:37.975 INFO: HMMs passed 2nd prefilter (gapped profile-profile alignment)   : 63516

- 17:10:37.975 INFO: HMMs passed 2nd prefilter and not found in previous iterations : 29024

- 17:10:37.975 INFO: Scoring 29024 HMMs using HMM-HMM Viterbi alignment

- 17:10:38.017 INFO: Alternative alignment: 0

- 17:11:14.852 INFO: 2000 alignments done

- 17:11:49.585 INFO: 4000 alignments done

- 17:12:58.203 INFO: 6000 alignments done

- 17:14:03.974 INFO: 8000 alignments done

- 17:14:03.978 INFO: Stop after DB-HHM: 8000 because early stop  14.7595 < filter cutoff 20

- 17:14:03.981 INFO: Alternative alignment: 1

- 17:15:09.055 INFO: 5093 alignments done

- 17:15:09.063 INFO: Alternative alignment: 2

- 17:15:09.881 INFO: 461 alignments done

- 17:15:09.882 INFO: Alternative alignment: 3

- 17:15:10.123 INFO: 84 alignments done

- 17:15:10.234 INFO: Rescoring previously found HMMs with Viterbi algorithm

- 17:15:10.281 INFO: Alternative alignment: 0

- 17:15:33.321 INFO: 2000 alignments done

- 17:15:54.652 INFO: 4000 alignments done

- 17:16:16.083 INFO: 6000 alignments done

- 17:16:44.121 INFO: 8000 alignments done

- 17:17:20.049 INFO: 10000 alignments done

- 17:18:04.847 INFO: 12000 alignments done

- 17:18:31.296 INFO: 14000 alignments done

- 17:18:50.143 INFO: 16000 alignments done

- 17:19:11.590 INFO: 18000 alignments done

- 17:19:34.961 INFO: 20000 alignments done

- 17:19:53.694 INFO: 22000 alignments done

- 17:21:03.697 INFO: 24000 alignments done

- 17:21:43.842 INFO: 26000 alignments done

- 17:22:20.033 INFO: 28000 alignments done

- 17:22:44.629 INFO: 30000 alignments done

- 17:23:05.831 INFO: 32000 alignments done

- 17:23:27.560 INFO: 34000 alignments done

- 17:23:31.072 INFO: 34493 alignments done

- 17:23:31.074 INFO: Alternative alignment: 1

- 17:26:25.541 INFO: 34493 alignments done

- 17:26:25.586 INFO: Alternative alignment: 2

- 17:26:33.494 INFO: 2804 alignments done

- 17:26:33.496 INFO: Alternative alignment: 3

- 17:26:34.023 INFO: 392 alignments done

- 17:26:34.645 INFO: Premerge done

- 17:26:34.652 INFO: Realigning 34580 HMM-HMM alignments using Maximum Accuracy algorithm

- 17:28:37.106 INFO: 35623 sequences belonging to 35623 database HMMs found with an E-value < 0.001

- 17:28:37.107 INFO: Number of effective sequences of resulting query HMM: Neff = 12.0259

     Query         agtrb_rat P29089
     Match_columns 359
     No_of_seqs    1377 out of 290159
     Neff          12.0259
     Searched_HMMs 71411
     Date          Wed Feb 22 17:28:37 2023
     Command       hhblits -i agtrb_rat-6894/msas/A/chain_A.fasta -cpu 2 -maxmem 20 -oa3m /maps/projects/ilfgrid/people/nqz918/code/deorph/scripts/af_arman/af_jobs_af23/agtrb_rat/6894//agtrb_rat-6894/msas/A/bfd_uniref_hits.a3m -o /dev/null -n 3 -e 0.001 -maxseq 1000000 -realign_max 100000 -maxfilt 100000 -min_prefilter_hits 1000 -d /projects/ilfgrid/data/alphafold-genetic-databases///bfd/bfd_metaclust_clu_complete_id30_c90_final_seq.sorted_opt -d /projects/ilfgrid/data/alphafold-genetic-databases///uniref30/UniRef30_2021_03 
     
      No Hit                             Prob E-value P-value  Score    SS Cols Query HMM  Template HMM
       1 tr|A0A146TL67|A0A146TL67_FUNHE 100.0 5.6E-67 5.2E-73  430.8   0.0  352    3-354     1-438 (442)
       2 UniRef100_A0A060YTK2 Uncharact 100.0 3.9E-64   4E-70  386.5   0.0  353    2-354    58-412 (447)
       3 UniRef100_A0A060VVF8 G_PROTEIN 100.0 1.6E-54 1.6E-60  354.9   0.0  304   17-321   129-433 (511)
       4 tr|V8PD93|V8PD93_OPHHA Type-2  100.0 9.1E-53 8.8E-59  337.4   0.0  304   17-321    64-368 (412)
       5 UniRef100_A0A401NH56 G_PROTEIN 100.0 1.5E-50 1.6E-56  304.6   0.0  354    4-357    84-438 (453)
       6 tr|A0A146U732|A0A146U732_FUNHE 100.0 3.3E-50 3.1E-56  342.7   0.0  303   16-319   180-545 (590)
       7 UniRef100_A0A091EBV8 Type-1 an 100.0   1E-49 9.8E-56  333.8   0.0  294   18-321   337-630 (715)
       8 UniRef100_A0A1N7TCF1 Galanin r 100.0 2.2E-49 2.1E-55  312.6   0.0  290   27-324    70-363 (407)
       9 UniRef100_A0A1L8HHP3 G_PROTEIN 100.0 3.1E-49 3.1E-55  304.1   0.0  304   18-321    34-339 (370)
      10 tr|M3ZFE6|M3ZFE6_XIPMA Somatos 100.0 3.4E-49 3.4E-55  311.7   0.0  284   28-324   104-392 (525)
      11 tr|A0A0P7U387|A0A0P7U387_9TELE 100.0 4.2E-49 4.3E-55  313.2   0.0  285   28-323   128-417 (556)
      12 UniRef100_A0A060X1Q6 Somatosta 100.0 9.9E-49 9.7E-55  323.0   0.0  284   27-321   138-424 (604)
      13 tr|A0A146NR64|A0A146NR64_FUNHE 100.0 1.2E-48 1.2E-54  304.9   0.0  297   25-321   116-420 (449)
      14 UniRef100_A0A1S3HKE5 allatosta 100.0 1.4E-48 1.4E-54  317.0   0.0  289   26-322    80-377 (462)
      15 UniRef100_A0A026X3T6 Allatosta 100.0 2.2E-48 2.2E-54  316.1   0.0  285   28-324   139-428 (540)
      16 UniRef100_A0A060WGF3 B2 bradyk 100.0 2.4E-48 2.3E-54  323.2   0.0  301   17-319   148-449 (589)
      17 UniRef100_A0A024FLF0 PQRFa pep 100.0 3.1E-48   3E-54  315.7   0.0  285   29-321    50-346 (413)
      18 UniRef100_A0A0K0PUX7 Orphan G- 100.0 3.6E-48 3.5E-54  314.6   0.0  288   29-322    63-355 (471)
      19 UniRef100_A0A060W5Z4 G_PROTEIN 100.0   4E-48   4E-54  316.3   0.0  284   28-323   190-476 (593)
      20 UniRef100_A0A6P4Z4S7 G-protein 100.0   1E-47 9.4E-54  314.7   0.0  288   27-324    58-354 (417)
      21 UniRef100_A0A087XDT1 Somatosta 100.0 1.3E-47 1.3E-53  310.5   0.0  285   27-324   167-456 (676)
      22 UniRef100_A0A060X690 G_PROTEIN 100.0 1.5E-47 1.4E-53  297.3   0.0  290   28-324    46-338 (386)
      23 UniRef100_A0A077YWL6 Somatosta 100.0 1.9E-47 1.8E-53  312.2   0.0  290   29-324    66-363 (446)
      24 UniRef100_A0A023F675 Putative  100.0 1.8E-47 1.8E-53  316.6   0.0  289   26-322   124-420 (530)
      25 UniRef100_A0A2G8L6L1 Putative  100.0 3.3E-47 3.2E-53  298.2   0.0  294   25-324    32-327 (407)
      26 tr|A0A0F8ARD3|A0A0F8ARD3_LARCR 100.0 4.7E-47 4.8E-53  296.4   0.0  282   29-321    54-338 (464)
      27 UniRef100_A0A2B4S7K2 Histamine 100.0   5E-47 4.8E-53  302.8   0.0  280   27-322    31-328 (369)
      28 UniRef100_A0A0K0PUL8 Allatosta 100.0 5.3E-47 5.1E-53  300.3   0.0  289   27-322    49-345 (396)
      29 UniRef100_A0A2B4SKI0 Tachykini 100.0 9.2E-47 8.7E-53  313.7   0.0  299   14-321    77-390 (469)
      30 UniRef100_A0A060X7S9 B2 bradyk 100.0 1.5E-46 1.5E-52  303.2   0.0  306   16-323   101-407 (491)
      31 tr|S9YJE2|S9YJE2_CAMFR Somatos 100.0 1.6E-46 1.6E-52  290.6   0.0  287   28-322   112-401 (438)
      32 UniRef100_A0A0D9R0U9 Apelin re 100.0 2.1E-46 2.1E-52  295.2   0.0  304   17-321    51-363 (482)
      33 tr|A0A218V410|A0A218V410_9PASE 100.0 2.2E-46 2.3E-52  284.4   0.0  303   17-321    89-392 (427)
      34 UniRef100_A0A6P4Y4T1 galanin r 100.0 2.6E-46 2.5E-52  295.3   0.0  291   26-324    56-354 (410)
      35 tr|A0A1L8G1N6|A0A1L8G1N6_XENLA 100.0 3.2E-46 3.1E-52  293.6   0.0  283   28-324   116-401 (448)
      36 UniRef100_A0A2B4RSM5 Neuropept 100.0 3.7E-46 3.7E-52  294.9   0.0  281   27-322    35-325 (417)
      37 UniRef100_A0A060VNF4 G_PROTEIN 100.0   4E-46 3.9E-52  302.6   0.0  297   25-321   127-431 (566)
      38 UniRef100_A0A087RJN6 Somatosta 100.0 4.6E-46 4.4E-52  301.8   0.0  280   28-320    60-342 (391)
      39 UniRef100_A0A091DWF1 Somatosta 100.0 4.7E-46 4.7E-52  294.9   0.0  283   29-322   156-441 (523)
      40 UniRef100_A0A0K0PUR1 Orphan G- 100.0 5.1E-46   5E-52  305.2   0.0  285   27-318   113-408 (530)
      41 UniRef100_A0A087QH27 C-C chemo 100.0 5.6E-46 5.4E-52  311.9   0.0  294   17-319   189-482 (591)
      42 UniRef100_A0A141CIT8 G protein 100.0 6.3E-46 6.1E-52  298.7   0.0  285   26-322    84-377 (488)
      43 tr|A0A2B4SUH3|A0A2B4SUH3_STYPI 100.0   7E-46 6.8E-52  292.6   0.0  335   14-359    13-372 (385)
      44 UniRef100_A0A6P4XD29 neuropept 100.0 9.9E-46 9.7E-52  290.1   0.0  286   26-319    39-340 (385)
      45 UniRef100_A0A139WB32 Tachykini 100.0 1.1E-45 1.1E-51  291.7   0.0  287   29-323    44-344 (405)
      46 tr|G3S2I3|G3S2I3_GORGO Opioid  100.0 1.1E-45 1.1E-51  290.1   0.0  284   27-319   161-447 (492)
      47 UniRef100_A0A060VUW6 G_PROTEIN 100.0 1.4E-45 1.3E-51  311.5   0.0  276   29-322   118-440 (574)
      48 UniRef100_A0A060VSP8 5-hydroxy 100.0 1.4E-45 1.4E-51  298.3   0.0  278   30-324    89-418 (479)
      49 UniRef100_A0A0K0PUT9 Excitator 100.0 1.8E-45 1.8E-51  300.3   0.0  288   26-321   101-401 (474)
      50 UniRef100_A0A068WW83 Allatosta 100.0   2E-45 1.9E-51  299.8   0.0  277   27-315    65-347 (432)
      51 UniRef100_A0A068YB14 Neuropept 100.0 2.3E-45 2.2E-51  299.3   0.0  297   18-322    44-353 (448)
      52 UniRef100_A0A026WW28 Neuropept 100.0 2.6E-45 2.5E-51  301.9   0.0  285   25-321    85-380 (552)
      53 UniRef100_A0A026WTK8 Tachykini 100.0 2.6E-45 2.6E-51  299.0   0.0  285   30-322    91-389 (556)
      54 UniRef100_A0A369RW72 Octopamin 100.0 2.8E-45 2.7E-51  300.0   0.0  272   31-317    57-354 (412)
      55 UniRef100_A0A060X0P4 G_PROTEIN 100.0 3.2E-45 3.1E-51  298.8   0.0  288   26-318   136-428 (513)
      56 UniRef100_A0A087T336 Somatosta 100.0 3.7E-45 3.7E-51  289.4   0.0  288   29-323    78-369 (454)
      57 tr|A0A2C9JWF9|A0A2C9JWF9_BIOGL 100.0 4.4E-45 4.3E-51  292.6   0.0  291   26-324    63-368 (403)
      58 tr|C3XSP5|C3XSP5_BRAFL Unchara 100.0 4.5E-45 4.5E-51  280.1   0.0  289   27-324    26-329 (403)
      59 tr|G1T869|G1T869_RABIT B2 brad 100.0 7.5E-45 7.5E-51  283.9   0.0  307   15-323    99-408 (446)
      60 UniRef100_A0A060X5Z5 G_PROTEIN 100.0 8.1E-45 7.9E-51  297.9   0.0  272   33-321    88-384 (522)
      61 tr|S7PUA8|S7PUA8_MYOBR C-C che 100.0 9.3E-45 9.2E-51  297.7   0.0  296   17-321   271-566 (603)
      62 tr|A0A1I8M930|A0A1I8M930_MUSDO 100.0 1.3E-44 1.3E-50  309.1   0.0  276   30-319   190-576 (963)
      63 UniRef100_A0A154PKR3 Tachykini 100.0 1.4E-44 1.3E-50  291.1   0.0  283   29-319    77-372 (457)
      64 UniRef100_A0A2B4SDF9 Neuropept 100.0 1.4E-44 1.4E-50  288.7   0.0  276   30-318    91-376 (455)
      65 UniRef100_A0A1D1W534 G_PROTEIN 100.0 1.5E-44 1.4E-50  298.8   0.0  286   29-323    79-435 (492)
      66 tr|A0A091DWF1|A0A091DWF1_FUKDA 100.0 1.4E-44 1.5E-50  279.9   0.0  285   28-323   156-443 (483)
      67 UniRef100_A0A059ZY04 Angiotens 100.0 1.7E-44 1.6E-50  297.6   0.0  298   16-322   156-455 (546)
      68 UniRef100_A0A2B4SVC4 Dopamine  100.0 1.9E-44 1.8E-50  284.5   0.0  260   32-320    59-329 (397)
      69 tr|A0A091CRU0|A0A091CRU0_FUKDA 100.0   2E-44   2E-50  298.8   0.0  296   17-322   397-693 (720)
      70 tr|E0D358|E0D358_HEMPU Dopamin 100.0 2.2E-44 2.1E-50  283.7   0.0  277   30-323    26-330 (435)
      71 tr|A0A146PN09|A0A146PN09_FUNHE 100.0 2.4E-44 2.2E-50  298.0   0.0  304   15-324    27-398 (432)
      72 UniRef100_A0A060VPX8 G_PROTEIN 100.0 2.4E-44 2.3E-50  305.2   0.0  296   18-321   122-418 (527)
      73 tr|V8NTH6|V8NTH6_OPHHA N-arach 100.0 2.5E-44 2.4E-50  305.2   0.0  308   12-322    12-324 (785)
      74 tr|V8NQN2|V8NQN2_OPHHA G-prote 100.0 2.4E-44 2.4E-50  296.5   0.0  282   27-320   302-586 (840)
      75 UniRef100_A0A210QEM7 Neuropept 100.0 2.7E-44 2.6E-50  283.2   0.0  290   29-324    51-349 (416)
      76 UniRef100_A0A1L8FNX2 G_PROTEIN 100.0 2.9E-44 2.8E-50  285.2   0.0  278   29-318    63-340 (400)
      77 UniRef100_A0A060W161 G_PROTEIN 100.0 3.3E-44 3.1E-50  303.4   0.0  295   18-319   158-453 (574)
      78 UniRef100_A0A1S3J712 QRFP-like 100.0 3.6E-44 3.6E-50  292.4   0.0  281   32-319    71-369 (507)
      79 tr|C3XVS5|C3XVS5_BRAFL Unchara 100.0   4E-44   4E-50  279.3   0.0  286   28-324    67-366 (425)
      80 UniRef100_A0A2G8KL37 Cholecyst 100.0 4.2E-44 4.2E-50  285.1   0.0  285   29-321    99-430 (493)
      81 UniRef100_A0A024R2Q0 Chemokine 100.0 4.7E-44 4.6E-50  290.5   0.0  298   17-321   145-443 (499)
      82 UniRef100_A0A0K0PUI9 Orphan G- 100.0 5.2E-44 5.1E-50  296.2   0.0  285   29-323   102-409 (534)
      83 UniRef100_A0A2B4S0J6 Somatosta 100.0 5.6E-44 5.3E-50  296.6   0.0  282   27-318    82-376 (457)
      84 UniRef100_A0A0P7U357 Apelin re 100.0 6.5E-44 6.4E-50  279.7   0.0  288   28-324    57-346 (401)
      85 UniRef100_A0A060X360 G_PROTEIN 100.0 7.7E-44 7.7E-50  283.1   0.0  285   29-322   100-389 (477)
      86 UniRef100_A0A1D2M4J2 Neuropept 100.0 8.4E-44 8.3E-50  286.7   0.0  283   28-320   126-422 (497)
      87 UniRef100_A0A3M6T6P4 G_PROTEIN 100.0 8.6E-44 8.4E-50  286.5   0.0  297   17-322    43-355 (465)
      88 UniRef100_A0A0C9QBK4 GHSR_0 pr 100.0 9.3E-44 8.9E-50  300.3   0.0  293   27-323   171-476 (591)
      89 UniRef100_A0A0K0PUV0 FVRIamide 100.0 1.1E-43   1E-49  286.2   0.0  273   29-317    53-374 (458)
      90 tr|A0A2B4SID7|A0A2B4SID7_STYPI 100.0 1.2E-43 1.1E-49  287.9   0.0  303   11-321    14-327 (422)
      91 UniRef100_A0A023F3V9 Putative  100.0 1.2E-43 1.2E-49  286.5   0.0  288   29-322   133-424 (574)
      92 UniRef100_A0A2B4S4U3 Beta-2 ad 100.0 1.3E-43 1.2E-49  274.3   0.0  282   32-323    32-323 (372)
      93 UniRef100_A0A164MD49 Putative  100.0 1.3E-43 1.3E-49  284.2   0.0  285   30-323    51-397 (498)
      94 UniRef100_A0A087UNN0 Neuropept 100.0 1.3E-43 1.3E-49  282.1   0.0  282   27-317    92-387 (470)
      95 UniRef100_A0A2B4RGU4 5-hydroxy 100.0 1.4E-43 1.3E-49  294.6   0.0  281   27-321    64-370 (478)
      96 UniRef100_A0A060X0R7 Uncharact 100.0 1.9E-43 1.9E-49  268.5   0.0  285   28-323    57-344 (383)
      97 tr|L7LZ94|L7LZ94_9ACAR Putativ 100.0 2.1E-43 2.1E-49  274.8   0.0  289   27-324   101-395 (438)
      98 UniRef100_A0A076YJT8 Chemokine 100.0 2.2E-43 2.1E-49  284.8   0.0  285   28-322   160-445 (493)
      99 UniRef100_A0A034WDF0 Allatosta 100.0 2.2E-43 2.2E-49  285.2   0.0  287   26-322    93-386 (459)
     100 UniRef100_A0A0K0PUH1 Orphan G- 100.0 2.2E-43 2.2E-49  273.2   0.0  284   28-321    52-348 (413)
     101 tr|M3ZYH7|M3ZYH7_XIPMA Unchara 100.0 2.3E-43 2.2E-49  277.6   0.0  300   15-322    72-374 (397)
     102 UniRef100_A0A061INJ6 Pyrogluta 100.0 2.3E-43 2.3E-49  295.3   0.0  286   29-320   153-457 (594)
     103 UniRef100_A0A151N382 Galanin r 100.0 2.4E-43 2.4E-49  266.3   0.0  288   25-324    27-319 (392)
     104 UniRef100_A0A3B4UE11 Si:zfos-1 100.0 2.6E-43 2.6E-49  271.1   0.0  284   27-323    64-352 (441)
     105 UniRef100_A0A077Z2H9 Putative  100.0 2.7E-43 2.7E-49  286.1   0.0  284   31-321    74-397 (477)
     106 UniRef100_A0A087X575 NPY-Y2 re 100.0   3E-43   3E-49  278.2   0.0  284   29-321    74-371 (426)
     107 UniRef100_A0A1L8GQY3 Alpha-1B  100.0 3.4E-43 3.3E-49  281.1   0.0  277   29-323    47-370 (510)
     108 tr|A0A060X5F3|A0A060X5F3_ONCMY 100.0 3.5E-43 3.5E-49  299.5   0.0  298   16-320   402-701 (840)
     109 UniRef100_A0A026WK16 Tachykini 100.0 3.6E-43 3.6E-49  287.3   0.0  285   30-322   184-482 (641)
     110 UniRef100_A0A177B9B5 Rhodopsin 100.0 3.7E-43 3.6E-49  278.4   0.0  281   29-321    91-402 (464)
     111 UniRef100_A0A2B4SKX3 Cholecyst 100.0 3.9E-43 3.8E-49  277.8   0.0  282   27-324    70-415 (428)
     112 tr|A0A1W4ZX05|A0A1W4ZX05_9TELE 100.0 4.1E-43   4E-49  281.6   0.0  288   28-322    69-386 (480)
     113 tr|A0A218UP03|A0A218UP03_9PASE 100.0 4.1E-43 4.1E-49  295.6   0.0  296   16-320   777-1073(1110)
     114 UniRef100_A0A2B4R9G2 Melatonin 100.0 4.6E-43 4.4E-49  291.6   0.0  278   28-321    80-366 (461)
     115 tr|A0A1I8PG61|A0A1I8PG61_STOCA 100.0 5.6E-43 5.5E-49  290.0   0.0  294   25-322   296-593 (716)
     116 UniRef100_A0A060W9T7 G_PROTEIN 100.0 5.5E-43 5.5E-49  279.9   0.0  282   27-320   184-471 (616)
     117 UniRef100_A0A1S3KA35 Alpha-1B  100.0   6E-43 5.9E-49  285.9   0.0  278   30-324    91-422 (551)
     118 UniRef100_A0A0A1WLH2 Somatosta 100.0 6.1E-43 6.1E-49  286.4   0.0  289   29-323   217-509 (667)
     119 UniRef100_A0A6J8CLU9 HCRTR2 n= 100.0 6.2E-43 6.1E-49  274.4   0.0  286   29-324    53-361 (422)
     120 tr|A0A1I8PIJ9|A0A1I8PIJ9_STOCA 100.0 6.4E-43 6.4E-49  287.7   0.0  287   29-323   170-469 (680)
     121 tr|A0A218VDE9|A0A218VDE9_9PASE 100.0 6.7E-43 6.8E-49  274.5   0.0  283   27-321    22-307 (556)
     122 UniRef100_A0A2B4RPR9 Allatosta 100.0 7.4E-43 7.1E-49  284.1   0.0  283   28-320    47-343 (446)
     123 tr|L9JWP3|L9JWP3_TUPCH C-C che 100.0 7.3E-43 7.3E-49  290.8   0.0  292   16-320   375-668 (702)
     124 UniRef100_A0A1V9XU68 Tyramine/ 100.0 7.5E-43 7.4E-49  277.5   0.0  280   29-324    53-356 (408)
     125 tr|A0A218V2X0|A0A218V2X0_9PASE 100.0 7.3E-43 7.4E-49  285.6   0.0  306   16-324   105-411 (720)
     126 UniRef100_A0A023F668 Putative  100.0 7.5E-43 7.5E-49  276.6   0.0  284   26-321    83-377 (484)
     127 UniRef100_A0A1D1VDY3 G_PROTEIN 100.0   8E-43 7.9E-49  283.4   0.0  292   29-323   134-448 (557)
     128 UniRef100_A0A6P4YBA8 delta-typ 100.0 8.7E-43 8.6E-49  275.0   0.0  284   30-324    52-342 (406)
     129 UniRef100_A0A061A7W5 G_PROTEIN 100.0   1E-42   1E-48  282.5   0.0  278   29-321    62-358 (473)
     130 UniRef100_A0A2B4SC76 Substance 100.0 1.1E-42   1E-48  284.6   0.0  285   27-320    53-351 (461)
     131 UniRef100_A0A0K0PUH3 Allatotro 100.0 1.1E-42   1E-48  273.1   0.0  319   29-359    69-419 (424)
     132 tr|A0A218VDY5|A0A218VDY5_9PASE 100.0 1.1E-42 1.1E-48  270.4   0.0  300   15-320    28-328 (395)
     133 UniRef100_A0A0L8H201 G_PROTEIN 100.0 1.1E-42 1.1E-48  271.9   0.0  294   25-324    82-385 (461)
     134 tr|A0A1V4J9T1|A0A1V4J9T1_PATFA 100.0 1.2E-42 1.2E-48  268.1   0.0  282   27-320    67-354 (461)
     135 UniRef100_A0A060WXX3 G-protein 100.0 1.3E-42 1.2E-48  287.8   0.0  282   28-318   159-450 (539)
     136 UniRef100_A0A026W5R0 Orexin re 100.0 1.4E-42 1.3E-48  285.6   0.0  281   29-321   118-426 (529)
     137 UniRef100_A0A2G8JR46 Putative  100.0 1.5E-42 1.5E-48  281.9   0.0  274   33-321    67-356 (411)
     138 UniRef100_A0A060WI70 G_PROTEIN 100.0 1.5E-42 1.5E-48  281.5   0.0  304   16-321    96-402 (514)
     139 UniRef100_A0A026WK40 Cholecyst 100.0 1.7E-42 1.6E-48  292.1   0.0  286   30-324   156-546 (656)
     140 UniRef100_A0A044T5H8 G_PROTEIN 100.0 1.6E-42 1.6E-48  286.7   0.0  280   29-324   246-571 (693)
     141 UniRef100_A0A193KU97 GCR058 n= 100.0 1.7E-42 1.7E-48  267.5   0.0  290   28-322    25-332 (379)
     142 UniRef100_A0A2B4SVS8 Neuropept 100.0 1.8E-42 1.7E-48  283.8   0.0  286   27-323    87-384 (480)
     143 UniRef100_A0A3M6TPP0 G_PROTEIN 100.0 1.8E-42 1.8E-48  279.3   0.0  283   29-321    51-354 (424)
     144 tr|W4Z2N2|W4Z2N2_STRPU Unchara 100.0   2E-42   2E-48  265.9   0.0  288   26-322    54-353 (406)
     145 tr|A0A091DQD0|A0A091DQD0_FUKDA 100.0 2.2E-42 2.2E-48  273.3   0.0  297   17-322   168-464 (499)
     146 tr|L5M4Z9|L5M4Z9_MYODS C-C che 100.0 2.3E-42 2.3E-48  276.1   0.0  296   17-320   258-554 (590)
     147 UniRef100_A0A060VV87 Kappa-typ 100.0 2.3E-42 2.3E-48  277.5   0.0  282   30-320   192-476 (586)
     148 UniRef100_A0A060VP48 G_PROTEIN 100.0 2.5E-42 2.4E-48  290.7   0.0  281   29-318   155-447 (580)
     149 UniRef100_A0A1S3H6K0 neuropept 100.0 2.9E-42 2.8E-48  283.6   0.0  283   28-316    56-351 (470)
     150 tr|I3KRG5|I3KRG5_ORENI FGFR1 o 100.0 2.9E-42 2.9E-48  278.2   0.0  294   17-318   136-446 (489)
     151 UniRef100_A0A7M7HFU8 G_PROTEIN 100.0 3.3E-42 3.2E-48  280.4   0.0  279   29-321    65-364 (423)
     152 tr|A0A1D1UXI1|A0A1D1UXI1_RAMVA 100.0 3.5E-42 3.4E-48  273.5   0.0  287   27-323    80-377 (499)
     153 tr|A0A182G4E1|A0A182G4E1_AEDAL 100.0 3.6E-42 3.6E-48  278.8   0.0  286   25-321    64-370 (534)
     154 tr|W5JTF9|W5JTF9_ANODA Somatos 100.0 3.8E-42 3.8E-48  274.4   0.0  300   16-322    43-348 (526)
     155 UniRef100_A0A3M6UME8 G_PROTEIN 100.0 4.1E-42   4E-48  271.3   0.0  279   28-322    39-326 (383)
     156 UniRef100_A0A2B4RHL7 Galanin r 100.0 4.2E-42 4.2E-48  265.8   0.0  276   30-323    34-312 (406)
     157 UniRef100_A0A3M6U5X4 G_PROTEIN 100.0 4.6E-42 4.5E-48  263.5   0.0  274   30-319    40-318 (339)
     158 UniRef100_A0A061I5W2 G-protein 100.0 4.6E-42 4.5E-48  268.7   0.0  290   26-320    74-364 (435)
     159 UniRef100_A0A3M6TKX3 G_PROTEIN 100.0 4.7E-42 4.5E-48  275.3   0.0  296   17-322    64-375 (427)
     160 tr|T1KPP2|T1KPP2_TETUR Unchara 100.0 4.6E-42 4.6E-48  273.5   0.0  288   26-324   149-439 (477)
     161 UniRef100_A0A060WEJ5 G_PROTEIN 100.0 4.9E-42 4.8E-48  281.9   0.0  276   30-322   115-457 (544)
     162 UniRef100_A0A0L8GIM4 G_PROTEIN 100.0 5.1E-42 4.8E-48  283.9   0.0  280   28-317    96-391 (481)
     163 UniRef100_A0A0S1YDA0 Neuropept 100.0   5E-42 4.9E-48  278.3   0.0  284   31-322    97-393 (509)
     164 tr|A0A232F0R3|A0A232F0R3_9HYME 100.0 4.9E-42 4.9E-48  267.9   0.0  288   26-324   101-426 (458)
     165 tr|A0A147AXX1|A0A147AXX1_FUNHE 100.0 5.1E-42 5.1E-48  268.3   0.0  294   25-321    34-329 (490)
     166 UniRef100_A0A146M155 Neuropept 100.0 5.5E-42 5.4E-48  275.2   0.0  284   31-320    56-361 (488)
     167 UniRef100_A0A4D9EQQ5 Enolase-l 100.0 5.6E-42 5.7E-48  260.8   0.0  286   27-323   145-433 (472)
     168 tr|A0A1D2NMB6|A0A1D2NMB6_ORCCI 100.0 6.2E-42 6.2E-48  274.2   0.0  289   28-324   151-453 (520)
     169 UniRef100_A0A2B4SE17 Substance 100.0   7E-42 6.7E-48  283.4   0.0  297   16-320    52-364 (467)
     170 UniRef100_A0A2B4RFH8 Neuropept 100.0 7.1E-42 6.7E-48  283.6   0.0  284   31-321    67-366 (439)
     171 tr|A0A1I8MQS0|A0A1I8MQS0_MUSDO 100.0 6.9E-42 6.7E-48  281.8   0.0  300   16-323   138-441 (572)
     172 UniRef100_A0A0K0PUK6 Orphan G- 100.0 6.9E-42 6.8E-48  268.0   0.0  290   30-324    68-376 (448)
     173 tr|A0A218UB83|A0A218UB83_9PASE 100.0 7.3E-42 7.3E-48  278.6   0.0  279   28-324   193-515 (631)
     174 UniRef100_A0A0L8I310 G_PROTEIN 100.0 8.1E-42 7.9E-48  278.0   0.0  278   32-316    49-363 (468)
     175 UniRef100_A0A2B4S7A4 Alpha-1A  100.0 8.6E-42 8.3E-48  270.1   0.0  257   32-319    43-307 (392)
     176 tr|A0A2B4RXD1|A0A2B4RXD1_STYPI 100.0 8.9E-42 8.8E-48  267.2   0.0  281   27-320    92-379 (416)
     177 UniRef100_A0A3M6TAE6 G_PROTEIN 100.0 9.7E-42 9.5E-48  272.7   0.0  267   30-323    93-370 (443)
     178 tr|A0A1W2W3E6|A0A1W2W3E6_CIOIN 100.0 9.8E-42 9.8E-48  269.3   0.0  285   27-322    56-352 (487)
     179 tr|A0A0P4XBU7|A0A0P4XBU7_9CRUS 100.0   1E-41   1E-47  280.5   0.0  286   28-320    60-414 (557)
     180 tr|K1QHX9|K1QHX9_CRAGI Somatos 100.0 1.1E-41 1.1E-47  272.8   0.0  287   29-322    49-340 (456)
     181 UniRef100_A0A6F9DUB2 Somatosta 100.0 1.1E-41 1.1E-47  268.0   0.0  290   26-318    60-350 (467)
     182 tr|A0A1A8EW90|A0A1A8EW90_9TELE 100.0 1.3E-41 1.3E-47  265.5   0.0  287   27-320    43-332 (444)
     183 UniRef100_A0A060XP11 G_PROTEIN 100.0 1.5E-41 1.5E-47  275.5   0.0  277   30-321    92-392 (497)
     184 UniRef100_A0A068WVN8 Biogenic  100.0 1.6E-41 1.6E-47  284.1   0.0  283   26-323   118-509 (641)
     185 UniRef100_A0A3M6UKX8 G_PROTEIN 100.0 1.7E-41 1.7E-47  278.6   0.0  300   15-321   105-420 (487)
     186 UniRef100_UPI000B911B64 melato 100.0 1.8E-41 1.7E-47  272.3   0.0  276   30-322    30-345 (381)
     187 tr|A7SD89|A7SD89_NEMVE Predict 100.0 1.8E-41 1.8E-47  256.2   0.0  275   32-323    41-332 (355)
     188 UniRef100_A0A087QH91 Melanopsi 100.0 1.8E-41 1.8E-47  279.5   0.0  284   27-321   102-399 (629)
     189 UniRef100_A0A0B4LHT6 RYamide r 100.0 1.9E-41 1.9E-47  275.9   0.0  283   29-320   115-410 (524)
     190 UniRef100_A0A060XSS1 5-hydroxy 100.0   2E-41 1.9E-47  289.3   0.0  290   25-325   207-555 (704)
     191 UniRef100_A0A024R4J1 Formyl pe 100.0 2.1E-41   2E-47  289.3   0.0  280   29-319   173-453 (581)
     192 UniRef100_A0A6G8J3P5 Melanin-c 100.0   2E-41   2E-47  265.2   0.0  287   26-321    59-351 (460)
     193 tr|B4JN40|B4JN40_DROGR GH24210 100.0 2.1E-41 2.1E-47  266.7   0.0  289   26-322   114-409 (436)
     194 UniRef100_A0A6P8IFK2 neuromedi 100.0 2.2E-41 2.2E-47  263.1   0.0  286   29-324    26-324 (363)
     195 UniRef100_A0A226DFM2 Neuropept 100.0 2.2E-41 2.2E-47  272.2   0.0  283   30-319   107-401 (523)
     196 UniRef100_A0A3B4VB96 Beta-2 ad 100.0 2.4E-41 2.4E-47  267.8   0.0  282   26-320    50-360 (464)
     197 UniRef100_A0A2B4RHY9 Pyrogluta 100.0 2.6E-41 2.5E-47  281.0   0.0  281   29-323    82-373 (455)
     198 UniRef100_A0A067RG65 Neuropept 100.0 2.6E-41 2.6E-47  271.2   0.0  286   30-321    89-394 (509)
     199 UniRef100_A0A084WIC4 Short neu 100.0 2.6E-41 2.6E-47  272.9   0.0  285   27-321    91-386 (551)
     200 UniRef100_A0A2H8TNJ5 Neuropept 100.0 2.6E-41 2.6E-47  271.9   0.0  285   29-320   156-452 (528)
     201 UniRef100_A0A0P0YUU8 Cannabino 100.0 2.7E-41 2.6E-47  271.1   0.0  286   32-324    86-420 (496)
     202 UniRef100_A0A060VWE3 G_PROTEIN 100.0 2.8E-41 2.7E-47  283.6   0.0  285   27-318   144-429 (542)
     203 tr|A0A1S3FYW5|A0A1S3FYW5_DIPOR 100.0 2.7E-41 2.7E-47  256.6   0.0  285   31-324    72-361 (385)
     204 UniRef100_A0A023ETT6 Putative  100.0 2.7E-41 2.7E-47  272.0   0.0  288   29-322   154-447 (612)
     205 UniRef100_A0A210QHM7 G-protein 100.0 2.9E-41 2.8E-47  272.8   0.0  287   29-323    80-377 (492)
     206 tr|A0A061HVK8|A0A061HVK8_CRIGR 100.0 2.9E-41 2.9E-47  263.8   0.0  288   27-317   122-410 (437)
     207 tr|A0A151NSA8|A0A151NSA8_ALLMI 100.0 2.9E-41 2.9E-47  265.3   0.0  276   28-318    88-371 (406)
     208 UniRef100_A0A2B4SQU8 Orexin re 100.0   3E-41   3E-47  259.2   0.0  285   29-324    37-349 (370)
     209 UniRef100_A0A060XSH0 G_PROTEIN 100.0 3.3E-41 3.2E-47  280.5   0.0  289   28-322   146-435 (590)
     210 tr|A0A147AMP5|A0A147AMP5_FUNHE 100.0 3.4E-41 3.2E-47  281.0   0.0  276   30-324    33-430 (475)
     211 UniRef100_A0A1V4KIE8 Beta-1 ad 100.0 3.8E-41 3.5E-47  287.8   0.0  274   36-322    37-350 (512)
     212 UniRef100_A0A1S3IX78 RYamide r 100.0 3.7E-41 3.6E-47  266.4   0.0  282   28-318    53-345 (444)
     213 tr|A0A0P7U0M1|A0A0P7U0M1_9TELE 100.0 3.6E-41 3.6E-47  261.1   0.0  284   29-322   102-412 (440)
     214 UniRef100_A0A061IN14 NK-3 rece 100.0 3.7E-41 3.7E-47  278.4   0.0  286   26-322   231-524 (662)
     215 UniRef100_A0A0L8FP69 G_PROTEIN 100.0 3.9E-41 3.9E-47  264.1   0.0  285   33-322    53-342 (488)
     216 UniRef100_A0A1J1I7G5 CLUMA_CG0 100.0 3.9E-41 3.9E-47  268.6   0.0  284   30-321    78-373 (500)
     217 tr|A0A1A8LLP2|A0A1A8LLP2_9TELE 100.0 4.3E-41 4.3E-47  264.4   0.0  278   28-322    93-398 (455)
     218 UniRef100_A0A678XEL8 Trace ami 100.0 4.4E-41 4.3E-47  272.4   0.0  295   15-322    42-357 (523)
     219 tr|A0A2B4SKI0|A0A2B4SKI0_STYPI 100.0 4.6E-41 4.5E-47  271.5   0.0  297   14-322    79-402 (458)
     220 tr|W5M1V4|W5M1V4_LEPOC Unchara 100.0 4.8E-41 4.7E-47  263.6   0.0  306   15-322    27-333 (357)
     221 UniRef100_A0A0L8I0T4 G_PROTEIN 100.0 4.8E-41 4.7E-47  272.4   0.0  279   30-321   135-496 (554)
     222 tr|A0A0P6IZB8|A0A0P6IZB8_9CRUS 100.0 4.9E-41 4.9E-47  269.5   0.0  289   27-324   201-497 (559)
     223 UniRef100_A0A6P4ZN87 somatosta 100.0 5.8E-41 5.8E-47  261.9   0.0  287   27-322    31-329 (391)
     224 tr|A0A1D2MSE1|A0A1D2MSE1_ORCCI 100.0 6.5E-41 6.4E-47  277.9   0.0  283   28-320   110-405 (615)
     225 UniRef100_A0A6P3IMR0 somatosta 100.0 6.6E-41 6.7E-47  261.0   0.0  286   29-322   198-486 (524)
     226 UniRef100_A0A068YA15 Neuropept 100.0 6.8E-41 6.7E-47  269.0   0.0  285   30-316    74-390 (510)
     227 tr|A0A147AZW9|A0A147AZW9_FUNHE 100.0 7.2E-41 6.9E-47  277.4   0.0  286   29-320    86-432 (468)
     228 tr|A0A0L0C8J1|A0A0L0C8J1_LUCCU 100.0   7E-41   7E-47  270.8   0.0  290   29-322   226-519 (661)
     229 UniRef100_A0A026WIP6 Cholecyst 100.0 7.4E-41 7.2E-47  280.8   0.0  289   29-324   171-532 (636)
     230 tr|A0A0P7V1N0|A0A0P7V1N0_9TELE 100.0 7.4E-41 7.4E-47  258.5   0.0  283   30-319   116-402 (436)
     231 UniRef100_A0A0L8HHE2 G_PROTEIN 100.0 7.9E-41 7.7E-47  264.9   0.0  287   33-324     5-302 (385)
     232 UniRef100_A0A061ACA9 G_PROTEIN 100.0 8.2E-41   8E-47  277.2   0.0  273   32-315    99-373 (513)
     233 UniRef100_A0A060X1U9 G_PROTEIN 100.0 8.1E-41 8.1E-47  273.6   0.0  273   29-319   139-455 (633)
     234 tr|A0A146YGA5|A0A146YGA5_FUNHE 100.0 8.9E-41 8.6E-47  276.6   0.0  279   32-324    34-343 (521)
     235 UniRef100_A0A060XC03 Beta-2 ad 100.0 8.7E-41 8.7E-47  268.3   0.0  286   27-323   101-415 (548)
     236 tr|A0A218UPZ1|A0A218UPZ1_9PASE 100.0 8.6E-41 8.7E-47  265.1   0.0  289   23-319   211-501 (534)
     237 tr|A0A2B4SAJ4|A0A2B4SAJ4_STYPI 100.0 9.2E-41   9E-47  266.6   0.0  281   28-317    28-329 (434)
     238 tr|C3Z5T5|C3Z5T5_BRAFL Unchara 100.0 9.9E-41   1E-46  253.4   0.0  289   28-324    37-331 (389)
     239 UniRef100_A0A060VZB5 G_PROTEIN 100.0 1.1E-40   1E-46  277.7   0.0  285   25-315   124-410 (533)
     240 UniRef100_A0A061IAU9 Gastric r 100.0   1E-40   1E-46  269.2   0.0  279   30-324   116-409 (588)
     241 UniRef100_A0A0N0PEL7 Tachykini 100.0 1.1E-40 1.1E-46  264.4   0.0  284   30-321    57-354 (454)
     242 tr|A0A0N8JZL4|A0A0N8JZL4_9TELE 100.0 1.1E-40 1.1E-46  265.7   0.0  288   27-322   103-413 (482)
     243 tr|A0A2G9R7F4|A0A2G9R7F4_LITCT 100.0 1.1E-40 1.1E-46  259.5   0.0  280   27-319    47-329 (408)
     244 UniRef100_A0A0K0PUH0 Orphan G- 100.0 1.2E-40 1.1E-46  279.1   0.0  280   29-316   137-468 (583)
     245 tr|A0A1W4YH71|A0A1W4YH71_9TELE 100.0 1.2E-40 1.2E-46  261.0   0.0  288   29-320    77-376 (410)
     246 UniRef100_A0A0L7KZ56 Neuropept 100.0 1.2E-40 1.2E-46  268.3   0.0  284   28-321    86-385 (509)
     247 UniRef100_A0A087REY1 NPY-Y2 re 100.0 1.2E-40 1.2E-46  270.2   0.0  286   29-322   187-479 (599)
     248 UniRef100_A7RGN9 Predicted pro 100.0 1.2E-40 1.2E-46  254.2   0.0  287   16-320    18-313 (317)
     249 UniRef100_A0A060VTR1 G_PROTEIN 100.0 1.2E-40 1.2E-46  271.1   0.0  276   29-322   120-441 (619)
     250 tr|U3JZV5|U3JZV5_FICAL Pyrimid 100.0 1.3E-40 1.3E-46  265.6   0.0  292   26-319   103-397 (412)
     251 UniRef100_A0A067RDC3 Prolactin 100.0 1.3E-40 1.3E-46  268.4   0.0  283   27-321    63-356 (541)
     252 UniRef100_A0A091DLS9 Chemokine 100.0 1.4E-40 1.4E-46  263.5   0.0  278   28-320   177-470 (511)
     253 UniRef100_A0A7M7SYV2 G_PROTEIN 100.0 1.4E-40 1.4E-46  272.3   0.0  270   34-322    73-399 (630)
     254 UniRef100_A0A210PNG3 5-hydroxy 100.0 1.5E-40 1.5E-46  267.3   0.0  281   30-324    67-371 (427)
     255 tr|A0A1A9ZAD8|A0A1A9ZAD8_GLOPL 100.0 1.5E-40 1.6E-46  265.1   0.0  283   30-320   124-420 (574)
     256 UniRef100_A0A3M6UAU0 G_PROTEIN 100.0 1.6E-40 1.6E-46  269.9   0.0  282   28-320    35-328 (552)
     257 UniRef100_A0A2B4SJE7 Orexin re 100.0 1.6E-40 1.6E-46  270.2   0.0  284   28-321   134-431 (517)
     258 tr|A0A2H1W6Q0|A0A2H1W6Q0_SPOFR 100.0 1.7E-40 1.7E-46  265.0   0.0  286   27-323    69-365 (466)
     259 UniRef100_A0A7M7HKI1 G_PROTEIN 100.0 1.8E-40 1.7E-46  266.4   0.0  275   33-320    44-334 (418)
     260 UniRef100_A0A087UP46 5-hydroxy 100.0 1.9E-40 1.9E-46  264.1   0.0  275   30-321    47-400 (472)
     261 UniRef100_A0A060W9S7 Mu-type o 100.0   2E-40   2E-46  267.6   0.0  284   28-319   152-438 (605)
     262 UniRef100_A0A401NJB3 G_PROTEIN 100.0   2E-40   2E-46  265.6   0.0  281   29-322    42-360 (517)
     263 UniRef100_A0A210QT45 G-protein 100.0   2E-40   2E-46  262.3   0.0  286   28-322    58-358 (472)
     264 UniRef100_A0A0P6J0T1 Putative  100.0 2.1E-40   2E-46  277.9   0.0  282   30-318   104-406 (735)
     265 tr|A0A0P7V5N2|A0A0P7V5N2_9TELE 100.0 2.1E-40 2.1E-46  262.9   0.0  281   29-323    92-403 (468)
     266 UniRef100_A0A060WMC3 Alpha-1D  100.0 2.2E-40 2.2E-46  266.2   0.0  275   30-323   112-434 (564)
     267 tr|A0A147AUP2|A0A147AUP2_FUNHE 100.0 2.2E-40 2.2E-46  266.9   0.0  266   29-303   121-389 (482)
     268 tr|A0A218UWX7|A0A218UWX7_9PASE 100.0 2.2E-40 2.2E-46  263.8   0.0  282   29-320    41-339 (474)
     269 ERR1719361_2001115             100.0 2.3E-40 2.2E-46  262.8   0.0  290   26-322    22-325 (415)
     270 UniRef100_A0A2B4SUJ0 Melatonin 100.0 2.3E-40 2.2E-46  262.3   0.0  277   31-321    30-314 (399)
     271 tr|A0A226MZ92|A0A226MZ92_CALSU 100.0 2.4E-40 2.4E-46  259.9   0.0  295   17-320   134-428 (463)
     272 UniRef100_A0A060WWU7 G_PROTEIN 100.0 2.4E-40 2.4E-46  265.7   0.0  279   29-322    69-383 (545)
     273 tr|A7S585|A7S585_NEMVE Predict 100.0 2.5E-40 2.4E-46  260.5   0.0  301   14-324    11-328 (374)
     274 UniRef100_A0A060WAG3 G_PROTEIN 100.0 2.6E-40 2.6E-46  267.3   0.0  278   31-324   125-502 (550)
     275 UniRef100_A0A0C9RF21 CapaR_3 p 100.0 2.7E-40 2.7E-46  267.0   0.0  286   31-323    54-358 (532)
     276 UniRef100_A0A0H3YI86 Pyrokinin 100.0 2.8E-40 2.7E-46  272.3   0.0  282   30-320    85-397 (510)
     277 tr|A0A131ZXP6|A0A131ZXP6_SARSC 100.0 2.7E-40 2.8E-46  258.5   0.0  287   30-323   124-414 (480)
     278 UniRef100_A0A6S7JE64 Neuropept 100.0 2.9E-40 2.8E-46  261.6   0.0  282   27-321    33-321 (412)
     279 UniRef100_A0A1I8HKX2 G_PROTEIN 100.0 2.9E-40 2.9E-46  264.6   0.0  277   29-324    41-414 (442)
     280 tr|A0A0P5PA10|A0A0P5PA10_9CRUS 100.0 2.9E-40 2.9E-46  269.4   0.0  278   32-317   150-441 (705)
     281 tr|A0A0F8AVG0|A0A0F8AVG0_LARCR 100.0 2.9E-40   3E-46  261.1   0.0  284   29-320    56-342 (544)
     282 tr|A0A2B4RSD1|A0A2B4RSD1_STYPI 100.0 3.2E-40 3.1E-46  270.5   0.0  278   29-322    51-382 (430)
     283 tr|A0A0L0BYA7|A0A0L0BYA7_LUCCU 100.0 3.1E-40 3.1E-46  267.3   0.0  276   30-321   312-626 (678)
     284 UniRef100_A0A0P5DAK4 Orexin re 100.0 3.3E-40 3.2E-46  264.9   0.0  280   30-321   108-430 (505)
     285 UniRef100_A0A6P4Z684 G-protein 100.0 3.3E-40 3.3E-46  258.1   0.0  286   27-320    50-345 (425)
     286 UniRef100_A0A061I1T5 C3a anaph 100.0 3.5E-40 3.4E-46  279.7   0.0  279   29-318   136-526 (700)
     287 tr|A0A1U7TSJ4|A0A1U7TSJ4_TARSY 100.0 3.4E-40 3.4E-46  264.5   0.0  286   27-320   211-517 (600)
     288 UniRef100_UPI0001CB9B44 somato 100.0 3.4E-40 3.4E-46  246.7   0.0  288   30-324    29-319 (365)
     289 UniRef100_A0A0N0PF28 Orexin re 100.0 3.5E-40 3.4E-46  268.7   0.0  276   30-317   138-455 (588)
     290 tr|J9JRI9|J9JRI9_ACYPI Unchara 100.0 3.4E-40 3.5E-46  259.8   0.0  284   30-321    36-333 (490)
     291 UniRef100_A0A1D2M255 Somatosta 100.0 3.5E-40 3.5E-46  253.5   0.0  280   29-318    36-320 (382)
     292 tr|A0A1S3IXU4|A0A1S3IXU4_LINUN 100.0 3.5E-40 3.5E-46  258.7   0.0  282   27-322    56-346 (440)
     293 tr|A0A226N2C0|A0A226N2C0_CALSU 100.0 3.5E-40 3.6E-46  262.0   0.0  283   30-324   226-523 (569)
     294 UniRef100_A0A096NAQ2 Cholecyst 100.0 3.6E-40 3.6E-46  269.2   0.0  284   29-320   151-500 (617)
     295 UniRef100_A0A0A7KUZ5 Opsin 5 n 100.0 3.8E-40 3.7E-46  264.3   0.0  279   29-319    53-342 (407)
     296 UniRef100_A0A6P8IPF1 5-hydroxy 100.0 3.7E-40 3.7E-46  255.1   0.0  281   33-324    62-364 (403)
     297 UniRef100_A0A2B4SID7 Neuropept 100.0 3.8E-40 3.7E-46  264.6   0.0  297   16-321    70-379 (462)
     298 UniRef100_A0A091U4L0 C-C chemo 100.0 3.8E-40 3.8E-46  248.9   0.0  296   16-320    17-313 (350)
     299 UniRef100_A0A024R5N1 P2Y purin 100.0   4E-40 3.8E-46  278.8   0.0  296   17-317   162-459 (563)
     300 UniRef100_A0A087XI41 Mu-type o 100.0 3.7E-40 3.8E-46  257.6   0.0  282   28-318   152-436 (537)
     301 UniRef100_A0A016SJ65 Thyrolibe 100.0   4E-40 3.9E-46  269.0   0.0  283   29-322    84-397 (479)
     302 UniRef100_A0A3M6TV84 G_PROTEIN 100.0   4E-40 3.9E-46  262.0   0.0  268   39-322    56-338 (405)
     303 tr|A0A0F8CMC2|A0A0F8CMC2_LARCR 100.0 3.9E-40 3.9E-46  269.3   0.0  294   17-318   326-639 (680)
     304 UniRef100_A0A060WTK3 G_PROTEIN 100.0 4.2E-40 4.1E-46  275.1   0.0  298   18-321   117-414 (608)
     305 tr|A0A0F8BCH4|A0A0F8BCH4_LARCR 100.0 4.1E-40 4.1E-46  267.6   0.0  299   14-324   320-619 (640)
     306 tr|A0A0S0WMT8|A0A0S0WMT8_DROME 100.0 4.1E-40 4.2E-46  262.8   0.0  289   29-323   146-438 (593)
     307 ERR1719341_586736              100.0 4.3E-40 4.2E-46  264.7   0.0  290   28-323    54-356 (513)
     308 tr|T1JU75|T1JU75_TETUR Unchara 100.0 4.2E-40 4.3E-46  266.7   0.0  292   26-322   141-436 (728)
     309 UniRef100_A0A3B4ZUM6 Mu-type o 100.0 4.3E-40 4.3E-46  261.9   0.0  285   27-319   169-456 (597)
     310 UniRef100_A0A091P8Q6 C-C chemo 100.0 4.4E-40 4.4E-46  250.4   0.0  285   31-323     3-287 (322)
     311 tr|A0A2B4S6X2|A0A2B4S6X2_STYPI 100.0 4.6E-40 4.6E-46  254.6   0.0  278   32-322    27-324 (379)
     312 UniRef100_A0A1D1V5S1 G_PROTEIN 100.0 4.8E-40 4.8E-46  261.5   0.0  281   28-324    56-362 (484)
     313 UniRef100_A0A084VLD5 AGAP00422 100.0 4.9E-40 4.9E-46  268.6   0.0  276   29-322   244-596 (695)
     314 UniRef100_A0A060WEA9 G-protein 100.0 5.1E-40 4.9E-46  273.9   0.0  294   17-319    91-384 (523)
     315 UniRef100_A0A016T103 G_PROTEIN 100.0   5E-40 4.9E-46  273.7   0.0  269   36-323   118-477 (605)
     316 UniRef100_A0A3M6T8F5 G_PROTEIN 100.0 5.2E-40   5E-46  276.3   0.0  284   29-324   102-398 (523)
     317 tr|A0A151P2Y8|A0A151P2Y8_ALLMI 100.0   5E-40   5E-46  267.8   0.0  295   18-321   292-588 (615)
     318 UniRef100_A0A060YB93 G_PROTEIN 100.0 5.2E-40 5.3E-46  252.1   0.0  284   28-324    58-346 (480)
     319 UniRef100_A0A026WCQ7 Tyramine  100.0 5.7E-40 5.5E-46  279.1   0.0  276   29-324   184-590 (665)
     320 UniRef100_A0A068WKU9 Neuropept 100.0 5.7E-40 5.6E-46  262.1   0.0  280   30-319    74-365 (451)
     321 UniRef100_A0A2B4SYG2 5-hydroxy 100.0   6E-40 5.9E-46  256.3   0.0  273   29-319    30-314 (376)
     322 UniRef100_A0A026W4S0 Neuromedi 100.0 6.1E-40 6.1E-46  269.5   0.0  284   31-319    76-386 (604)
     323 UniRef100_A0A060WQA6 G_PROTEIN 100.0 6.3E-40 6.2E-46  270.3   0.0  294   16-319   133-428 (539)
     324 tr|A0A1V4J9K1|A0A1V4J9K1_PATFA 100.0 6.1E-40 6.2E-46  273.2   0.0  285   28-323   320-609 (939)
     325 UniRef100_A0A6P4ZPQ5 G-protein 100.0 6.2E-40 6.3E-46  252.7   0.0  283   26-317    40-325 (420)
     326 tr|A0A139WLV7|A0A139WLV7_TRICA 100.0 6.2E-40 6.3E-46  271.5   0.0  286   26-321   396-697 (792)
     327 UniRef100_A0A087VAK8 Somatosta 100.0 6.5E-40 6.6E-46  246.8   0.0  285   29-324    62-351 (384)
     328 UniRef100_A0A1S3J8T4 5-hydroxy 100.0 6.8E-40 6.7E-46  264.9   0.0  279   29-320   101-395 (468)
     329 UniRef100_A0A6P8HUK6 melatonin 100.0 7.1E-40 7.1E-46  251.4   0.0  281   29-324    28-323 (374)
     330 tr|B4KC34|B4KC34_DROMO Unchara 100.0 7.2E-40 7.1E-46  271.0   0.0  283   30-320   194-491 (670)
     331 UniRef100_A0A0N7ZAP9 G_PROTEIN 100.0 7.5E-40 7.3E-46  262.0   0.0  283   29-324    77-369 (421)
     332 UniRef100_A0A023F452 Putative  100.0 7.4E-40 7.3E-46  270.9   0.0  281   28-323   139-540 (660)
     333 UniRef100_A0A060VRN9 G_PROTEIN 100.0 7.8E-40 7.7E-46  263.7   0.0  289   15-320   122-429 (496)
     334 tr|A7RYQ3|A7RYQ3_NEMVE Predict 100.0 8.3E-40 7.9E-46  261.4   0.0  280   26-323    49-337 (367)
     335 UniRef100_A0A067R841 G_PROTEIN 100.0 8.1E-40   8E-46  267.5   0.0  291   27-321   105-409 (526)
     336 tr|A0A0P7V0U8|A0A0P7V0U8_9TELE 100.0 7.9E-40   8E-46  251.8   0.0  284   28-323    85-376 (439)
     337 tr|A0A0P7U113|A0A0P7U113_9TELE 100.0 8.1E-40   8E-46  259.9   0.0  271   28-317   147-417 (452)
     338 UniRef100_A0A0K0PUK8 FMRFamide 100.0 8.3E-40   8E-46  269.9   0.0  283   29-318    59-350 (471)
     339 UniRef100_A0A3M6TDR7 G_PROTEIN 100.0 8.5E-40 8.1E-46  267.0   0.0  265   29-319    75-351 (425)
     340 tr|G1KNH5|G1KNH5_ANOCA Bradyki 100.0 8.2E-40 8.3E-46  249.5   0.0  306   15-321    44-350 (389)
     341 UniRef100_A0A060YGE9 G_PROTEIN 100.0 8.5E-40 8.3E-46  265.5   0.0  290   18-318   139-431 (484)
     342 UniRef100_E9HAW0 G_PROTEIN_REC 100.0 8.4E-40 8.3E-46  254.6   0.0  278   28-317    64-352 (393)
     343 UniRef100_A0A0K0PUL2 DH31-like 100.0 8.6E-40 8.5E-46  253.3   0.0  283   29-324    49-336 (375)
     344 UniRef100_A0A087X9W8 G_PROTEIN 100.0 8.8E-40 8.6E-46  266.4   0.0  282   31-318   126-416 (547)
     345 UniRef100_A0A1A8A7W5 Bradykini 100.0 8.7E-40 8.8E-46  252.0   0.0  304   15-324    79-383 (415)
     346 UniRef100_A0A0K0PUX3 Orphan G- 100.0 9.5E-40 9.1E-46  266.8   0.0  271   30-317    62-346 (419)
     347 UniRef100_A0A0F8BCH4 B2 bradyk 100.0 9.5E-40 9.4E-46  271.3   0.0  302   17-320    29-332 (710)
     348 UniRef100_A0A091R746 Beta-1 ad 100.0 9.5E-40 9.5E-46  263.8   0.0  279   32-321   138-452 (572)
     349 UniRef100_A0A0K0PUG3 Thyrolibe 100.0 9.6E-40 9.5E-46  267.8   0.0  280   32-322   218-522 (606)
     350 UniRef100_A0A091DZ91 Kappa-typ 100.0 9.5E-40 9.6E-46  254.8   0.0  283   30-320    76-361 (471)
     351 UniRef100_A0A087YR24 Relaxin-3 100.0 9.9E-40 9.8E-46  270.4   0.0  292   27-320   207-514 (647)
     352 tr|A7SMQ7|A7SMQ7_NEMVE Predict 100.0   1E-39   1E-45  252.9   0.0  279   31-322    14-303 (358)
     353 tr|A0A131XUY2|A0A131XUY2_IXORI 100.0   1E-39   1E-45  257.4   0.0  284   29-321   162-446 (560)
     354 tr|A0A2B4SNZ1|A0A2B4SNZ1_STYPI 100.0 1.1E-39   1E-45  261.2   0.0  280   29-323    32-321 (351)
     355 tr|A0A287CUD4|A0A287CUD4_ICTTR 100.0   1E-39   1E-45  255.8   0.0  279   30-324    20-310 (478)
     356 tr|E6ZEU6|E6ZEU6_DICLA Neurome 100.0 1.1E-39 1.1E-45  262.0   0.0  287   29-322    89-395 (461)
     357 UniRef100_A0A060VWI9 G_PROTEIN 100.0 1.1E-39 1.1E-45  264.6   0.0  277   34-321    66-394 (579)
     358 UniRef100_A0A023F658 Putative  100.0 1.1E-39 1.1E-45  268.0   0.0  288   27-320    67-373 (580)
     359 tr|A0A091DQF5|A0A091DQF5_FUKDA 100.0 1.1E-39 1.1E-45  259.0   0.0  295   18-320   162-456 (508)
     360 tr|A0A182L9N8|A0A182L9N8_9DIPT 100.0 1.2E-39 1.1E-45  262.6   0.0  282   31-322    91-383 (490)
     361 UniRef100_A0A087YQK7 Adrenocep 100.0 1.2E-39 1.2E-45  265.4   0.0  277   33-322   134-452 (617)
     362 UniRef100_A0A087U880 Neuropept 100.0 1.3E-39 1.3E-45  257.6   0.0  282   26-318    66-360 (401)
     363 tr|A0A0A7RC79|A0A0A7RC79_RHOPR 100.0 1.3E-39 1.3E-45  252.6   0.0  291   27-324    74-376 (404)
     364 UniRef100_A0A0S1YD99 Neuropept 100.0 1.4E-39 1.4E-45  252.1   0.0  282   32-322    79-373 (423)
     365 UniRef100_A0A210QSD7 Octopamin 100.0 1.5E-39 1.5E-45  262.7   0.0  281   26-324    55-419 (423)
     366 UniRef100_A0A2B4SJV4 Galanin r 100.0 1.7E-39 1.6E-45  268.0   0.0  279   30-320    76-365 (444)
     367 tr|A0A0S1YD80|A0A0S1YD80_CHISP 100.0 1.6E-39 1.6E-45  259.7   0.0  283   29-323   165-466 (513)
     368 SRR6218665_799277              100.0 1.6E-39 1.6E-45  250.8   0.0  289   28-323   124-421 (456)
     369 UniRef100_A0A0P7Y8S7 Nocicepti 100.0 1.6E-39 1.6E-45  251.7   0.0  281   29-318   120-403 (467)
     370 tr|A0A1V4K609|A0A1V4K609_PATFA 100.0 1.6E-39 1.6E-45  249.4   0.0  266   17-320   110-376 (403)
     371 UniRef100_A0A2B4RXD1 Neuropept 100.0 1.8E-39 1.7E-45  260.7   0.0  280   28-320    94-381 (461)
     372 UniRef100_A0A016T4B6 G_PROTEIN 100.0 1.8E-39 1.7E-45  270.2   0.0  293   24-321    98-428 (585)
     373 tr|S9WH51|S9WH51_CAMFR Unchara 100.0 1.7E-39 1.8E-45  264.1   0.0  296   17-321   396-691 (728)
     374 UniRef100_A0A060ILH2 Neuromedi 100.0 1.8E-39 1.8E-45  264.0   0.0  285   30-321   178-477 (606)
     375 UniRef100_A0A023F665 Putative  100.0 1.8E-39 1.8E-45  266.0   0.0  289   28-320   143-448 (573)
     376 tr|M7B6A0|M7B6A0_CHEMY p2Y pur 100.0 1.8E-39 1.8E-45  256.4   0.0  290   26-318   104-394 (423)
     377 tr|A0A1V4KKE4|A0A1V4KKE4_PATFA 100.0 1.8E-39 1.8E-45  263.0   0.0  282   29-319   406-690 (724)
     378 UniRef100_A0A087YR30 G_PROTEIN 100.0 1.9E-39 1.9E-45  261.9   0.0  277   29-324   102-379 (461)
     379 UniRef100_A0A060W5H6 G_PROTEIN 100.0 1.9E-39 1.9E-45  267.6   0.0  279   28-317    86-383 (528)
     380 tr|K7GCC3|K7GCC3_PELSI Adrenoc 100.0   2E-39   2E-45  255.6   0.0  280   31-322    44-364 (488)
     381 UniRef100_A0A091CTD4 C-C chemo 100.0   2E-39   2E-45  254.5   0.0  294   17-318   107-404 (458)
     382 UniRef100_A0A023FH63 Putative  100.0   2E-39   2E-45  266.0   0.0  274   30-320   127-439 (563)
     383 UniRef100_A0A087YQ33 Atypical  100.0   2E-39   2E-45  268.4   0.0  292   17-315   210-505 (611)
     384 tr|A0A060WY47|A0A060WY47_ONCMY 100.0   2E-39   2E-45  254.0   0.0  308   14-323    17-325 (505)
     385 tr|A0A0B2UYY4|A0A0B2UYY4_TOXCA 100.0 2.2E-39 2.2E-45  256.5   0.0  293   27-324    81-388 (437)
     386 tr|A0A218U9V4|A0A218U9V4_9PASE 100.0 2.2E-39 2.2E-45  252.3   0.0  295   16-322    64-358 (394)
     387 tr|W4YJK4|W4YJK4_STRPU Unchara 100.0 2.3E-39 2.2E-45  259.8   0.0  280   29-324    70-372 (446)
     388 UniRef100_A0A3M6UKK8 G_PROTEIN 100.0 2.4E-39 2.3E-45  261.1   0.0  276   30-319    43-333 (406)
     389 tr|A0A0K0PUV0|A0A0K0PUV0_PLADU 100.0 2.5E-39 2.4E-45  253.3   0.0  275   33-324    20-336 (373)
     390 UniRef100_A0A060VQU0 G_PROTEIN 100.0 2.5E-39 2.5E-45  258.3   0.0  298   17-321   140-439 (490)
     391 UniRef100_A0A060W714 Chemokine 100.0 2.6E-39 2.6E-45  264.4   0.0  275   29-320   122-396 (510)
     392 UniRef100_A0A087XT11 Alpha-1B  100.0 2.6E-39 2.6E-45  260.6   0.0  276   30-323    81-406 (622)
     393 UniRef100_A0A4W4DTE3 G_PROTEIN 100.0 2.6E-39 2.6E-45  253.8   0.0  285   32-323    56-344 (379)
     394 tr|A0A1L8HND2|A0A1L8HND2_XENLA 100.0 2.9E-39 2.9E-45  255.9   0.0  289   28-324   128-430 (452)
     395 tr|A0A146TP77|A0A146TP77_FUNHE 100.0 3.1E-39   3E-45  269.8   0.0  277   32-324    50-426 (522)
     396 UniRef100_A0A1S3HRK7 octopamin 100.0 3.3E-39 3.1E-45  261.2   0.0  289   16-320    53-349 (413)
     397 UniRef100_A0A3M6T9C5 G_PROTEIN 100.0 3.5E-39 3.3E-45  259.2   0.0  303   14-324    44-362 (402)
     398 tr|F7E6B1|F7E6B1_MONDO Tachyki 100.0 3.4E-39 3.4E-45  253.6   0.0  284   26-321    92-384 (475)
     399 UniRef100_A0A193KUI4 GCR044 n= 100.0 3.6E-39 3.6E-45  256.7   0.0  291   31-323    35-349 (508)
     400 UniRef100_A0A060W3U5 G_PROTEIN 100.0 3.7E-39 3.6E-45  269.4   0.0  295   17-320   187-488 (591)
     401 SRR6218665_147192              100.0 3.8E-39 3.8E-45  255.8   0.0  288   25-322    97-397 (466)
     402 UniRef100_A0A060VUH8 G_PROTEIN 100.0 3.8E-39 3.8E-45  259.2   0.0  292   26-320   159-452 (549)
     403 UniRef100_A0A084WFJ7 AGAP00011 100.0   4E-39 3.9E-45  261.6   0.0  275   29-316    88-375 (519)
     404 UniRef100_A0A026WC04 Dopamine  100.0 4.2E-39 4.2E-45  252.7   0.0  275   31-322    80-398 (468)
     405 UniRef100_A0A2B4RZ41 Adenosine 100.0 4.4E-39 4.2E-45  257.0   0.0  259   29-319    49-310 (381)
     406 tr|S7P1V3|S7P1V3_MYOBR CX3C ch 100.0 4.3E-39 4.3E-45  251.5   0.0  289   18-319   141-430 (475)
     407 UniRef100_A0A060VZU7 G_PROTEIN 100.0 4.5E-39 4.4E-45  263.5   0.0  293   26-320   142-444 (528)
     408 UniRef100_A0A6P8HVR8 galanin r 100.0 4.5E-39 4.4E-45  251.4   0.0  280   29-320    23-319 (381)
     409 tr|A0A182QHF8|A0A182QHF8_9DIPT 100.0 4.4E-39 4.4E-45  259.0   0.0  287   26-322    98-407 (581)
     410 UniRef100_A0A087XFV2 5-hydroxy 100.0 4.7E-39 4.6E-45  257.7   0.0  286   29-324    84-399 (493)
     411 UniRef100_A0A5N3UH95 G_PROTEIN 100.0 4.9E-39 4.9E-45  241.7   0.0  289   16-313    31-319 (320)
     412 tr|A0A151NBW9|A0A151NBW9_ALLMI 100.0 5.2E-39 5.1E-45  256.2   0.0  286   29-322    81-392 (472)
     413 tr|A7RVQ0|A7RVQ0_NEMVE Predict 100.0 5.5E-39 5.3E-45  256.4   0.0  300   14-320    14-330 (398)
     414 tr|A0A183W5E7|A0A183W5E7_TRIRE 100.0 5.4E-39 5.5E-45  254.6   0.0  292   27-323    50-354 (503)
     415 tr|A0A1S3NPB2|A0A1S3NPB2_SALSA 100.0 5.5E-39 5.5E-45  252.5   0.0  287   26-322    37-332 (443)
     416 tr|A0A146NY53|A0A146NY53_FUNHE 100.0 5.6E-39 5.5E-45  257.2   0.0  273   33-319    11-315 (469)
     417 tr|A0A0V1MVC7|A0A0V1MVC7_9BILA 100.0 5.7E-39 5.6E-45  262.3   0.0  285   30-322    82-379 (598)
     418 tr|A0A061IL40|A0A061IL40_CRIGR 100.0 5.8E-39 5.8E-45  252.8   0.0  306   14-324    50-355 (459)
     419 tr|A0A091DBP5|A0A091DBP5_FUKDA 100.0 5.8E-39 5.8E-45  273.9   0.0  284   28-320   582-866 (894)
     420 UniRef100_A0A0G3Y5J3 Peropsin  100.0   6E-39 5.8E-45  255.0   0.0  281   29-321    37-323 (363)
     421 UniRef100_A0A026W3I9 Neuropept 100.0 6.2E-39 6.2E-45  262.1   0.0  286   31-321    61-367 (599)
     422 tr|A0A0L8FIS6|A0A0L8FIS6_OCTBM 100.0 6.3E-39 6.2E-45  255.7   0.0  283   33-324    95-423 (485)
     423 tr|V8NR81|V8NR81_OPHHA Chemoki 100.0 6.6E-39 6.4E-45  280.5   0.0  277   28-319   423-707 (879)
     424 tr|F1R2F3|F1R2F3_DANRE Neurope 100.0 6.7E-39 6.8E-45  262.6   0.0  287   27-319   401-690 (731)
     425 UniRef100_A0A2G8KMT5 G_PROTEIN 100.0 7.2E-39   7E-45  253.7   0.0  266   33-318    41-324 (402)
     426 UniRef100_A0A0N1PGA0 Octopamin 100.0 7.2E-39 7.1E-45  261.3   0.0  276   30-320   109-491 (547)
     427 tr|R4J1H6|R4J1H6_SALSA Cholecy 100.0 7.2E-39 7.2E-45  250.4   0.0  290   25-322    43-407 (461)
     428 tr|A0A067RDC3|A0A067RDC3_ZOONE 100.0 7.6E-39 7.4E-45  261.5   0.0  287   26-324    69-366 (506)
     429 tr|A7S8R9|A7S8R9_NEMVE Predict 100.0 7.7E-39 7.6E-45  254.3   0.0  302    5-322     2-339 (398)
     430 tr|C3XVU5|C3XVU5_BRAFL Unchara 100.0 7.6E-39 7.6E-45  250.6   0.0  282   27-320    60-355 (439)
     431 UniRef100_A0A3M6UKG3 G_PROTEIN 100.0 7.7E-39 7.7E-45  247.7   0.0  280   29-318    25-318 (378)
     432 UniRef100_A0A0K0PUE3 Orphan G- 100.0 7.8E-39 7.7E-45  261.0   0.0  280   30-317   118-423 (550)
     433 tr|A7SIX0|A7SIX0_NEMVE Predict 100.0 7.8E-39 7.7E-45  249.8   0.0  283   29-321    25-318 (403)
     434 UniRef100_A0A3M6TNW8 G_PROTEIN 100.0 8.1E-39   8E-45  255.2   0.0  279   29-322    95-393 (453)
     435 tr|A0A060XRS0|A0A060XRS0_ONCMY 100.0 8.2E-39 8.2E-45  267.4   0.0  276   31-324    58-378 (900)
     436 UniRef100_A0A7M7G1H5 G_PROTEIN 100.0 8.8E-39 8.4E-45  259.2   0.0  277   30-324    39-336 (381)
     437 UniRef100_A0A060WCR4 Uncharact 100.0 8.6E-39 8.5E-45  276.7   0.0  285   27-321   476-761 (906)
     438 UniRef100_A0A077Z2V7 Neuropept 100.0 8.5E-39 8.5E-45  252.8   0.0  286   30-321    71-375 (451)
     439 tr|A0A2B4R9G2|A0A2B4R9G2_STYPI 100.0 8.9E-39 8.7E-45  251.1   0.0  275   30-318    62-346 (378)
     440 SRR6218665_1286431             100.0 8.7E-39 8.8E-45  249.9   0.0  292   26-324    45-343 (477)
     441 tr|A0A0P7TYE1|A0A0P7TYE1_9TELE 100.0 8.8E-39 8.8E-45  254.9   0.0  285   30-322   125-474 (507)
     442 UniRef100_A0A3M6T5D0 G_PROTEIN 100.0 9.4E-39 9.1E-45  255.9   0.0  266   29-324    53-326 (402)
     443 tr|A0A147ACB9|A0A147ACB9_FUNHE 100.0   1E-38 9.3E-45  280.4   0.0  289   28-323   105-394 (598)
     444 tr|A0A1A9ZM95|A0A1A9ZM95_GLOPL 100.0 9.3E-39 9.4E-45  250.0   0.0  285   31-322    97-394 (481)
     445 UniRef100_A0A1L8FNZ4 G_PROTEIN 100.0 9.8E-39 9.5E-45  257.0   0.0  271   29-318   101-371 (429)
     446 tr|A0A226P6Y7|A0A226P6Y7_COLVI 100.0 9.8E-39 9.8E-45  248.8   0.0  296   18-324    89-385 (413)
     447 tr|A7RRH0|A7RRH0_NEMVE Predict 100.0   1E-38   1E-44  264.5   0.0  280   28-323    26-317 (700)
     448 tr|W4Z9U8|W4Z9U8_STRPU Unchara 100.0   1E-38   1E-44  246.3   0.0  288   28-324   107-414 (434)
     449 tr|H2Q292|H2Q292_PANTR Unchara 100.0   1E-38   1E-44  251.3   0.0  281   29-324    82-406 (492)
     450 UniRef100_A0A091M113 GH-releas 100.0   1E-38   1E-44  249.6   0.0  287   32-322    84-379 (478)
     451 UniRef100_A0A060WAA0 NK-2 rece 100.0 1.1E-38 1.1E-44  250.3   0.0  286   27-322    71-365 (465)
     452 UniRef100_A0A6P4Z5N5 muscarini 100.0 1.1E-38 1.1E-44  248.9   0.0  273   33-324    33-345 (357)
     453 AntAceMinimDraft_8_1070364.sca 100.0 1.1E-38 1.1E-44  247.7   0.0  284   28-324    37-359 (406)
     454 tr|L9KKE8|L9KKE8_TUPCH C-X-C c 100.0 1.1E-38 1.1E-44  259.7   0.0  299   17-321   350-654 (685)
     455 UniRef100_A0A060X1T4 G_PROTEIN 100.0 1.2E-38 1.1E-44  260.9   0.0  285   29-318    91-405 (513)
     456 UniRef100_A0A068WTW9 Tachykini 100.0 1.2E-38 1.2E-44  252.2   0.0  277   32-320    49-358 (453)
     457 UniRef100_A0A3M6UBA2 G_PROTEIN 100.0 1.2E-38 1.2E-44  253.0   0.0  276   30-322    51-341 (383)
     458 UniRef100_A0A0L7QPT9 Green-sen 100.0 1.3E-38 1.2E-44  256.2   0.0  278   27-318    80-359 (445)
     459 UniRef100_A0A061QLL1 Putative  100.0 1.3E-38 1.3E-44  253.5   0.0  277   30-322    47-422 (424)
     460 UniRef100_F6SEF7 G_PROTEIN_REC 100.0 1.3E-38 1.3E-44  243.5   0.0  281   28-317    40-333 (337)
     461 tr|C7SLZ0|C7SLZ0_APLKU Seroton 100.0 1.3E-38 1.3E-44  257.9   0.0  278   26-323    70-426 (485)
     462 UniRef100_A0A340X578 LOW QUALI 100.0 1.3E-38 1.3E-44  257.7   0.0  282   25-318   233-519 (656)
     463 tr|A0A2B4SSL5|A0A2B4SSL5_STYPI 100.0 1.3E-38 1.3E-44  241.7   0.0  281   31-324    24-312 (344)
     464 UniRef100_A0A060XMX0 NPY-Y2 re 100.0 1.3E-38 1.3E-44  247.4   0.0  285   29-322   124-415 (452)
     465 UniRef100_A0A061QHX0 Putative  100.0 1.4E-38 1.3E-44  263.3   0.0  277   29-322   133-508 (563)
     466 UniRef100_A0A2G8JGQ1 Putative  100.0 1.4E-38 1.4E-44  258.5   0.0  282   28-324    57-373 (455)
     467 tr|A7RNV5|A7RNV5_NEMVE Predict 100.0 1.4E-38 1.4E-44  247.8   0.0  272   33-317    36-322 (377)
     468 tr|A0A1S3L0J1|A0A1S3L0J1_SALSA 100.0 1.4E-38 1.4E-44  254.7   0.0  274   29-320    76-404 (533)
     469 UniRef100_A0A1I8FSG9 G_PROTEIN 100.0 1.4E-38 1.4E-44  256.0   0.0  278   29-320   161-504 (576)
     470 UniRef100_A0A087RBU6 Uracil nu 100.0 1.5E-38 1.4E-44  252.4   0.0  287   28-322   121-407 (434)
     471 UniRef100_A0A067R4E0 Tachykini 100.0 1.5E-38 1.4E-44  250.7   0.0  281   28-318    49-341 (396)
     472 tr|A0A210R0K7|A0A210R0K7_MIZYE 100.0 1.5E-38 1.5E-44  250.5   0.0  287   26-321    71-425 (470)
     473 tr|L5KAH3|L5KAH3_PTEAL G-prote 100.0 1.5E-38 1.6E-44  241.0   0.0  289   26-320    31-320 (391)
     474 UniRef100_A0A210QKJ1 Pyrogluta 100.0 1.6E-38 1.6E-44  247.8   0.0  296   25-324    52-360 (424)
     475 tr|A0A2B4RR50|A0A2B4RR50_STYPI 100.0 1.6E-38 1.6E-44  249.3   0.0  280   32-323    33-327 (411)
     476 UniRef100_A0A0E3EKU4 Allatotro 100.0 1.6E-38 1.7E-44  252.5   0.0  278   33-322   136-432 (562)
     477 UniRef100_A0A0F8BCH4 B2 bradyk 100.0 1.7E-38 1.7E-44  264.2   0.0  298   24-323   376-674 (710)
     478 UniRef100_A0A1B6HDB2 G_PROTEIN 100.0 1.7E-38 1.7E-44  240.1   0.0  283   33-324    16-309 (360)
     479 UniRef100_A0A060W247 Cholecyst 100.0 1.7E-38 1.7E-44  259.3   0.0  286   28-321   127-476 (563)
     480 UniRef100_A0A023F4J9 Putative  100.0 1.8E-38 1.7E-44  261.2   0.0  273   32-319   160-490 (588)
     481 tr|A0A182FUW3|A0A182FUW3_ANOAL 100.0 1.7E-38 1.7E-44  259.3   0.0  287   31-323   198-488 (666)
     482 UniRef100_UPI000219022F Endoly 100.0 1.7E-38 1.7E-44  249.7   0.0  281   32-324   204-489 (507)
     483 tr|A0A091DX38|A0A091DX38_FUKDA 100.0 1.7E-38 1.8E-44  263.2   0.0  284   27-322   141-429 (878)
     484 UniRef100_A0A090MXE0 Thyrotrop 100.0 1.8E-38 1.8E-44  252.6   0.0  281   28-319    45-341 (444)
     485 tr|A0A210QY69|A0A210QY69_MIZYE 100.0 1.8E-38 1.8E-44  243.0   0.0  289   26-324    84-380 (400)
     486 tr|A0A2D0SIP2|A0A2D0SIP2_ICTPU 100.0 1.8E-38 1.8E-44  256.0   0.0  296   17-324   199-498 (518)
     487 tr|F6U2E0|F6U2E0_ORNAN G prote 100.0 1.9E-38 1.9E-44  248.7   0.0  294   14-318    36-329 (403)
     488 tr|A0A0R4IQ19|A0A0R4IQ19_DANRE 100.0 1.9E-38 1.9E-44  241.5   0.0  286   30-324    57-350 (384)
     489 tr|M7BTW7|M7BTW7_CHEMY C-C che 100.0 1.9E-38 1.9E-44  248.1   0.0  293   17-320   108-402 (432)
     490 tr|A0A1W4X208|A0A1W4X208_AGRPL 100.0   2E-38   2E-44  249.2   0.0  284   30-321    96-393 (467)
     491 UniRef100_A0A3M6TJR4 G_PROTEIN 100.0   2E-38   2E-44  244.9   0.0  282   33-322    28-318 (391)
     492 UniRef100_D1LX82 Neuropeptide  100.0 2.1E-38   2E-44  255.8   0.0  281   33-323    59-350 (424)
     493 tr|L5LXA0|L5LXA0_MYODS B1 brad 100.0 2.1E-38 2.1E-44  244.6   0.0  305   15-321    73-384 (406)
     494 UniRef100_A0A0S1YDA1 Neuropept 100.0 2.1E-38 2.1E-44  252.2   0.0  285   29-321    67-413 (463)
     495 tr|A0A1S3W6N0|A0A1S3W6N0_ERIEU 100.0 2.1E-38 2.1E-44  255.1   0.0  287   29-321   132-443 (596)
     496 UniRef100_A0A060WUQ6 G-protein 100.0 2.1E-38 2.1E-44  252.4   0.0  285   26-319   136-426 (502)
     497 UniRef100_A0A0G2UQ37 Rhodopsin 100.0 2.2E-38 2.2E-44  253.8   0.0  278   29-317    96-391 (515)
     498 UniRef100_A0A026X164 G-protein 100.0 2.3E-38 2.3E-44  262.0   0.0  279   28-324   118-426 (604)
     499 tr|A0A212EZN3|A0A212EZN3_DANPL 100.0 2.3E-38 2.3E-44  252.6   0.0  285   28-322    54-355 (488)
     500 UniRef100_A0A060Y7B7 G_PROTEIN 100.0 2.3E-38 2.3E-44  259.1   0.0  277   29-323   116-551 (560)
     
  > Uniprot already searched, skipping.
> Running chain B
  > Uniref90 already searched, skipping.
  > Mgnify already searched, skipping.
  > Running hhblits on bfd_uniref30
- 17:29:22.246 INFO: Searching 65983866 column state sequences.

- 17:29:24.031 INFO: Searching 29291635 column state sequences.

- 17:29:24.078 INFO: agtrb_rat-6894/msas/B/chain_B.fasta is in A2M, A3M or FASTA format

- 17:29:24.078 INFO: Iteration 1

- 17:29:24.092 INFO: Prefiltering database

- 17:30:21.311 INFO: HMMs passed 1st prefilter (gapless profile-profile alignment)  : 7435

- 17:30:54.931 INFO: HMMs passed 1st prefilter (gapless profile-profile alignment)  : 13475

- 17:30:54.958 INFO: HMMs passed 2nd prefilter (gapped profile-profile alignment)   : 7

- 17:30:54.958 INFO: HMMs passed 2nd prefilter and not found in previous iterations : 7

- 17:30:54.958 INFO: Scoring 7 HMMs using HMM-HMM Viterbi alignment

- 17:30:54.984 INFO: Alternative alignment: 0

- 17:30:55.119 INFO: 7 alignments done

- 17:30:55.120 INFO: Alternative alignment: 1

- 17:30:55.120 INFO: 7 alignments done

- 17:30:55.120 INFO: Alternative alignment: 2

- 17:30:55.120 INFO: Alternative alignment: 3

- 17:30:55.169 INFO: Premerge done

- 17:30:55.169 INFO: Realigning 10 HMM-HMM alignments using Maximum Accuracy algorithm

- 17:30:55.176 INFO: 6 sequences belonging to 6 database HMMs found with an E-value < 0.001

- 17:30:55.176 INFO: Number of effective sequences of resulting query HMM: Neff = 1.09021

- 17:30:55.180 INFO: Iteration 2

- 17:30:55.180 INFO: Set premerge to 0! (premerge: 3 iteration: 2 hits.Size: 3)

- 17:30:55.186 INFO: Prefiltering database

- 17:31:41.753 INFO: HMMs passed 1st prefilter (gapless profile-profile alignment)  : 9746

- 17:32:04.208 INFO: HMMs passed 1st prefilter (gapless profile-profile alignment)  : 15385

- 17:32:04.237 INFO: HMMs passed 2nd prefilter (gapped profile-profile alignment)   : 9

- 17:32:04.237 INFO: HMMs passed 2nd prefilter and not found in previous iterations : 6

- 17:32:04.237 INFO: Scoring 6 HMMs using HMM-HMM Viterbi alignment

- 17:32:04.260 INFO: Alternative alignment: 0

- 17:32:04.318 INFO: 6 alignments done

- 17:32:04.318 INFO: Alternative alignment: 1

- 17:32:04.318 INFO: 4 alignments done

- 17:32:04.318 INFO: Alternative alignment: 2

- 17:32:04.318 INFO: Alternative alignment: 3

- 17:32:04.327 INFO: Realigning 10 HMM-HMM alignments using Maximum Accuracy algorithm

- 17:32:04.335 INFO: 7 sequences belonging to 7 database HMMs found with an E-value < 0.001

- 17:32:04.335 INFO: Number of effective sequences of resulting query HMM: Neff = 1.09021

- 17:32:04.340 INFO: Iteration 3

- 17:32:04.354 INFO: Prefiltering database

- 17:32:51.153 INFO: HMMs passed 1st prefilter (gapless profile-profile alignment)  : 9746

- 17:33:12.373 INFO: HMMs passed 1st prefilter (gapless profile-profile alignment)  : 15385

- 17:33:12.390 INFO: HMMs passed 2nd prefilter (gapped profile-profile alignment)   : 9

- 17:33:12.390 INFO: HMMs passed 2nd prefilter and not found in previous iterations : 5

- 17:33:12.390 INFO: Scoring 5 HMMs using HMM-HMM Viterbi alignment

- 17:33:12.414 INFO: Alternative alignment: 0

- 17:33:12.415 INFO: 5 alignments done

- 17:33:12.415 INFO: Alternative alignment: 1

- 17:33:12.415 INFO: 3 alignments done

- 17:33:12.415 INFO: Alternative alignment: 2

- 17:33:12.415 INFO: Alternative alignment: 3

- 17:33:12.425 INFO: Rescoring previously found HMMs with Viterbi algorithm

- 17:33:12.442 INFO: Alternative alignment: 0

- 17:33:12.442 INFO: 4 alignments done

- 17:33:12.442 INFO: Alternative alignment: 1

- 17:33:12.442 INFO: 4 alignments done

- 17:33:12.442 INFO: Alternative alignment: 2

- 17:33:12.442 INFO: Alternative alignment: 3

- 17:33:12.452 INFO: Premerge done

- 17:33:12.452 INFO: Realigning 10 HMM-HMM alignments using Maximum Accuracy algorithm

- 17:33:12.459 INFO: 7 sequences belonging to 7 database HMMs found with an E-value < 0.001

- 17:33:12.459 INFO: Number of effective sequences of resulting query HMM: Neff = 1.09021

     Query         angiotensin A gtp:6894
     Match_columns 8
     No_of_seqs    2 out of 7
     Neff          1.09021
     Searched_HMMs 9
     Date          Wed Feb 22 17:33:12 2023
     Command       hhblits -i agtrb_rat-6894/msas/B/chain_B.fasta -cpu 2 -maxmem 20 -oa3m /maps/projects/ilfgrid/people/nqz918/code/deorph/scripts/af_arman/af_jobs_af23/agtrb_rat/6894//agtrb_rat-6894/msas/B/bfd_uniref_hits.a3m -o /dev/null -n 3 -e 0.001 -maxseq 1000000 -realign_max 100000 -maxfilt 100000 -min_prefilter_hits 1000 -d /projects/ilfgrid/data/alphafold-genetic-databases///bfd/bfd_metaclust_clu_complete_id30_c90_final_seq.sorted_opt -d /projects/ilfgrid/data/alphafold-genetic-databases///uniref30/UniRef30_2021_03 
     
      No Hit                             Prob E-value P-value  Score    SS Cols Query HMM  Template HMM
       1 UniRef100_Q10582 Angiotensin-l  97.4 1.1E-05 1.1E-11   27.6   0.0    7    2-8       2-8   (8)
       2 UniRef100_P67885 Angiotensinog  97.0 8.5E-05 8.9E-11   26.7   0.0    7    2-8       2-8   (10)
       3 UniRef100_P01016 Angiotensinog  96.9 0.00013 1.4E-10   27.9   0.0    7    2-8       2-8   (14)
       4 UniRef100_Q10581 Angiotensin-l  96.9 0.00014 1.4E-10   26.2   0.0    7    2-8       2-8   (10)
       5 UniRef100_P09037 Crinia-angiot  96.4  0.0011 1.2E-09   24.5   0.0    7    2-8       5-11  (11)
       6 UniRef100_A0A444TUF5 Uncharact  92.4    0.49 5.1E-07   27.0   0.0    7    1-7     137-143 (152)
       7 UniRef100_T1G7F9 Uncharacteriz  88.7     2.5 2.6E-06   24.9   0.0    7    1-7      17-23  (168)
       8 tr|Q9PS07|Q9PS07_ALLMI Angiote   0.0 9.5E+05       1    1.0   0.0    1    8-8       4-4   (10)
       9 UniRef100_A0A444SQB9 Uncharact   0.0 9.7E+05       1    3.1   0.0    2    4-5      30-31  (220)
     
  > Uniprot already searched, skipping.

>> Job finished at: Wed Feb 22 17:33:18 CET 2023

>> Runtime: 4722 s
