>> Job started at: Wed Mar  8 19:12:07 CET 2023
   On Machine:     ilfgridgpun01fl.unicph.domain
   In directory:   /projects/ilfgrid/people/nqz918/code/deorph/scripts/af_arman/af_jobs_af23/mshr_human/3608

>> GPU is 

Loaded miniconda shell environment for bash
> Running 'prep_MSAs.sh'
  > Alphafold-DB directory is set to /projects/ilfgrid/data/alphafold-genetic-databases//
  > Number of cores was set to set to 4
  > Max memory set to 20 GB
  > Output directory was set to /projects/ilfgrid/people/nqz918/code/deorph/scripts/af_arman/af_jobs_af23/mshr_human/3608/
  > Input fastafile was set to /projects/ilfgrid/people/nqz918/code/deorph/scripts/af_arman/af_jobs_af23/mshr_human/3608/mshr_human-3608.fasta
> Splitting fastafile
> Running chain A
  > Uniref90 already searched, skipping.
  > Mgnify already searched, skipping.
  > Running hhblits on bfd_uniref30
- 19:12:33.799 INFO: Searching 65983866 column state sequences.

- 19:12:35.057 INFO: Searching 29291635 column state sequences.

- 19:12:35.097 INFO: mshr_human-3608/msas/A/chain_A.fasta is in A2M, A3M or FASTA format

- 19:12:35.098 INFO: Iteration 1

- 19:12:35.214 INFO: Prefiltering database

- 19:13:56.213 INFO: HMMs passed 1st prefilter (gapless profile-profile alignment)  : 1431268

- 19:14:35.131 INFO: HMMs passed 1st prefilter (gapless profile-profile alignment)  : 601856

- 19:14:36.756 INFO: HMMs passed 2nd prefilter (gapped profile-profile alignment)   : 24407

- 19:14:36.756 INFO: HMMs passed 2nd prefilter and not found in previous iterations : 24407

- 19:14:36.756 INFO: Scoring 24407 HMMs using HMM-HMM Viterbi alignment

- 19:14:36.804 INFO: Alternative alignment: 0

- 19:14:37.500 INFO: 2000 alignments done

- 19:14:38.228 INFO: 4000 alignments done

- 19:14:38.793 INFO: 6000 alignments done

- 19:14:39.299 INFO: 8000 alignments done

- 19:14:39.790 INFO: 10000 alignments done

- 19:14:40.238 INFO: 12000 alignments done

- 19:14:40.738 INFO: 14000 alignments done

- 19:14:41.360 INFO: 16000 alignments done

- 19:14:41.796 INFO: 18000 alignments done

- 19:14:42.203 INFO: 20000 alignments done

- 19:14:42.604 INFO: 22000 alignments done

- 19:14:43.462 INFO: 24000 alignments done

- 19:14:44.481 INFO: 24407 alignments done

- 19:14:44.483 INFO: Alternative alignment: 1

- 19:14:51.409 INFO: 24380 alignments done

- 19:14:51.438 INFO: Alternative alignment: 2

- 19:14:53.694 INFO: 6591 alignments done

- 19:14:53.700 INFO: Alternative alignment: 3

- 19:14:54.187 INFO: 1193 alignments done

- 19:14:54.919 INFO: Premerge done

- 19:14:54.921 INFO: Realigning 7787 HMM-HMM alignments using Maximum Accuracy algorithm

- 19:15:26.521 INFO: 7790 sequences belonging to 7790 database HMMs found with an E-value < 0.001

- 19:15:26.522 INFO: Number of effective sequences of resulting query HMM: Neff = 10.6555

- 19:15:26.677 INFO: Iteration 2

- 19:15:26.677 INFO: Set premerge to 0! (premerge: 3 iteration: 2 hits.Size: 7787)

- 19:15:26.820 INFO: Prefiltering database

- 19:16:40.709 INFO: HMMs passed 1st prefilter (gapless profile-profile alignment)  : 6249297

- 19:17:31.500 INFO: HMMs passed 1st prefilter (gapless profile-profile alignment)  : 3097714

- 19:17:42.918 INFO: HMMs passed 2nd prefilter (gapped profile-profile alignment)   : 117534

- 19:17:42.918 INFO: HMMs passed 2nd prefilter and not found in previous iterations : 109982

- 19:17:42.918 INFO: Scoring 109982 HMMs using HMM-HMM Viterbi alignment

- 19:17:42.965 INFO: Alternative alignment: 0

- 19:17:52.335 INFO: 2000 alignments done

- 19:18:00.139 INFO: 4000 alignments done

- 19:18:04.359 INFO: 6000 alignments done

- 19:18:11.966 INFO: 8000 alignments done

- 19:18:42.897 INFO: 10000 alignments done

- 19:19:14.278 INFO: 12000 alignments done

- 19:19:30.711 INFO: 14000 alignments done

- 19:19:42.121 INFO: 16000 alignments done

- 19:19:50.847 INFO: 18000 alignments done

- 19:19:59.165 INFO: 20000 alignments done

- 19:20:07.543 INFO: 22000 alignments done

- 19:20:13.832 INFO: 24000 alignments done

- 19:20:13.834 INFO: Stop after DB-HHM: 24000 because early stop  12.9195 < filter cutoff 20

- 19:20:13.834 INFO: Alternative alignment: 1

- 19:20:17.500 INFO: 9187 alignments done

- 19:20:17.514 INFO: Alternative alignment: 2

- 19:20:17.831 INFO: 616 alignments done

- 19:20:17.832 INFO: Alternative alignment: 3

- 19:20:17.892 INFO: 85 alignments done

- 19:20:18.031 INFO: Realigning 5484 HMM-HMM alignments using Maximum Accuracy algorithm

- 19:20:41.725 INFO: 13274 sequences belonging to 13274 database HMMs found with an E-value < 0.001

- 19:20:41.725 INFO: Number of effective sequences of resulting query HMM: Neff = 11.6753

- 19:20:41.908 INFO: Iteration 3

- 19:20:42.076 INFO: Prefiltering database

- 19:21:53.034 INFO: HMMs passed 1st prefilter (gapless profile-profile alignment)  : 5033013

- 19:22:43.296 INFO: HMMs passed 1st prefilter (gapless profile-profile alignment)  : 2592180

- 19:22:52.272 INFO: HMMs passed 2nd prefilter (gapped profile-profile alignment)   : 114586

- 19:22:52.272 INFO: HMMs passed 2nd prefilter and not found in previous iterations : 101638

- 19:22:52.272 INFO: Scoring 101638 HMMs using HMM-HMM Viterbi alignment

- 19:22:52.349 INFO: Alternative alignment: 0

- 19:22:53.143 INFO: 2000 alignments done

- 19:22:53.653 INFO: 4000 alignments done

- 19:22:53.997 INFO: 6000 alignments done

- 19:22:54.339 INFO: 8000 alignments done

- 19:22:54.726 INFO: 10000 alignments done

- 19:22:55.103 INFO: 12000 alignments done

- 19:22:55.436 INFO: 14000 alignments done

- 19:22:55.795 INFO: 16000 alignments done

- 19:22:56.106 INFO: 18000 alignments done

- 19:22:57.711 INFO: 20000 alignments done

- 19:23:02.236 INFO: 22000 alignments done

- 19:23:02.238 INFO: Stop after DB-HHM: 22000 because early stop  16.1666 < filter cutoff 20

- 19:23:02.238 INFO: Alternative alignment: 1

- 19:23:03.994 INFO: 4722 alignments done

- 19:23:03.999 INFO: Alternative alignment: 2

- 19:23:04.255 INFO: 362 alignments done

- 19:23:04.256 INFO: Alternative alignment: 3

- 19:23:04.311 INFO: 56 alignments done

- 19:23:04.430 INFO: Rescoring previously found HMMs with Viterbi algorithm

- 19:23:04.469 INFO: Alternative alignment: 0

- 19:23:06.097 INFO: 2000 alignments done

- 19:23:07.208 INFO: 4000 alignments done

- 19:23:08.140 INFO: 6000 alignments done

- 19:23:08.896 INFO: 8000 alignments done

- 19:23:09.698 INFO: 10000 alignments done

- 19:23:11.921 INFO: 12000 alignments done

- 19:23:12.942 INFO: 12947 alignments done

- 19:23:12.945 INFO: Alternative alignment: 1

- 19:23:17.710 INFO: 12947 alignments done

- 19:23:17.733 INFO: Alternative alignment: 2

- 19:23:18.141 INFO: 915 alignments done

- 19:23:18.142 INFO: Alternative alignment: 3

- 19:23:18.251 INFO: 177 alignments done

- 19:23:18.480 INFO: Premerge done

- 19:23:18.481 INFO: Realigning 13823 HMM-HMM alignments using Maximum Accuracy algorithm

- 19:23:46.655 INFO: 13905 sequences belonging to 13905 database HMMs found with an E-value < 0.001

- 19:23:46.655 INFO: Number of effective sequences of resulting query HMM: Neff = 11.7364

     Query         mshr_human Q01726
     Match_columns 317
     No_of_seqs    1442 out of 223594
     Neff          11.7364
     Searched_HMMs 124860
     Date          Wed Mar  8 19:23:46 2023
     Command       hhblits -i mshr_human-3608/msas/A/chain_A.fasta -cpu 4 -maxmem 20 -oa3m /projects/ilfgrid/people/nqz918/code/deorph/scripts/af_arman/af_jobs_af23/mshr_human/3608//mshr_human-3608/msas/A/bfd_uniref_hits.a3m -o /dev/null -n 3 -e 0.001 -maxseq 1000000 -realign_max 100000 -maxfilt 100000 -min_prefilter_hits 1000 -d /projects/ilfgrid/data/alphafold-genetic-databases///bfd/bfd_metaclust_clu_complete_id30_c90_final_seq.sorted_opt -d /projects/ilfgrid/data/alphafold-genetic-databases///uniref30/UniRef30_2021_03 
     
      No Hit                             Prob E-value P-value  Score    SS Cols Query HMM  Template HMM
       1 UniRef100_A0A2B4S7K2 Histamine 100.0 3.2E-50 3.2E-56  318.8   0.0  272   35-316    29-326 (369)
       2 UniRef100_A0A060VSP8 5-hydroxy 100.0 7.4E-50 7.3E-56  320.7   0.0  267   42-317    91-415 (479)
       3 UniRef100_A0A060X5Z5 G_PROTEIN 100.0 3.8E-49 3.8E-55  320.6   0.0  263   44-316    89-383 (522)
       4 UniRef100_A0A060VUW6 G_PROTEIN 100.0   5E-49 4.9E-55  329.3   0.0  269   39-316   118-438 (574)
       5 UniRef100_A0A369RW72 Octopamin 100.0 1.6E-48 1.5E-54  316.6   0.0  267   38-313    54-354 (412)
       6 UniRef100_A0A1S3HKE5 allatosta 100.0 2.2E-48 2.2E-54  314.1   0.0  267   39-314    83-372 (462)
       7 UniRef100_A0A6P4Z4S7 G-protein 100.0 4.6E-48 4.5E-54  314.5   0.0  272   38-316    59-350 (417)
       8 UniRef100_A0A061A7W5 G_PROTEIN 100.0 7.2E-48 7.1E-54  309.8   0.0  269   40-316    63-357 (473)
       9 UniRef100_A0A024FLF0 PQRFa pep 100.0 7.5E-48 7.4E-54  311.5   0.0  269   40-316    51-345 (413)
      10 UniRef100_A0A0K0PUL8 Allatosta 100.0   1E-47   1E-53  302.7   0.0  267   40-317    52-344 (396)
      11 UniRef100_A0A2B4SVC4 Dopamine  100.0   2E-47   2E-53  299.4   0.0  266   43-316    60-329 (397)
      12 tr|A0A061IBA2|A0A061IBA2_CRIGR 100.0 3.3E-47 3.3E-53  317.2   0.0  316    1-316     1-316 (1014)
      13 tr|A0A1I8M930|A0A1I8M930_MUSDO 100.0 3.4E-47 3.4E-53  322.3   0.0  266   41-314   191-575 (963)
      14 UniRef100_A0A0K0PUR1 Orphan G- 100.0 5.2E-47 5.2E-53  309.1   0.0  266   40-313   116-407 (530)
      15 UniRef100_A0A023F675 Putative  100.0 5.7E-47 5.6E-53  311.8   0.0  266   40-316   128-418 (530)
      16 UniRef100_A0A1V9XU68 Tyramine/ 100.0 5.7E-47 5.7E-53  298.8   0.0  265   43-316    57-352 (408)
      17 UniRef100_A0A2B4SKI0 Tachykini 100.0 6.4E-47 6.2E-53  312.4   0.0  274   39-316    92-389 (469)
      18 tr|A0A0P7U387|A0A0P7U387_9TELE 100.0 7.5E-47 7.6E-53  299.3   0.0  265   39-317   129-415 (556)
      19 UniRef100_A0A1S3KA35 Alpha-1B  100.0 7.9E-47 7.9E-53  306.1   0.0  270   40-317    91-419 (551)
      20 UniRef100_A0A060X1Q6 Somatosta 100.0   9E-47   9E-53  309.9   0.0  264   39-316   140-423 (604)
      21 UniRef100_A0A026WW28 Neuropept 100.0   1E-46   1E-52  308.1   0.0  268   40-315    90-378 (552)
      22 UniRef100_A0A026X3T6 Allatosta 100.0 1.1E-46 1.1E-52  304.8   0.0  266   39-316   140-424 (540)
      23 UniRef100_A0A1I8HKX2 G_PROTEIN 100.0 1.6E-46 1.6E-52  297.9   0.0  270   39-317    41-411 (442)
      24 tr|A0A2B4SUH3|A0A2B4SUH3_STYPI 100.0 2.4E-46 2.4E-52  293.7   0.0  274   38-316    25-330 (385)
      25 UniRef100_A0A044T5H8 G_PROTEIN 100.0 2.6E-46 2.6E-52  306.7   0.0  272   40-317   247-568 (693)
      26 UniRef100_A0A060W5Z4 G_PROTEIN 100.0 2.9E-46 2.9E-52  304.0   0.0  261   39-317   191-474 (593)
      27 UniRef100_A0A2B4RGU4 5-hydroxy 100.0 3.2E-46 3.1E-52  307.8   0.0  272   39-316    66-369 (478)
      28 UniRef100_A0A0K0PUX7 Orphan G- 100.0 3.6E-46 3.6E-52  301.5   0.0  263   41-316    65-353 (471)
      29 UniRef100_A0A060WEJ5 G_PROTEIN 100.0 3.6E-46 3.6E-52  303.7   0.0  267   41-316   116-455 (544)
      30 UniRef100_A0A059TX13 Melanocyt 100.0 4.2E-46 4.2E-52  298.0   0.0  288   26-315   127-414 (498)
      31 tr|E0D358|E0D358_HEMPU Dopamin 100.0 5.8E-46 5.8E-52  290.9   0.0  270   37-316    23-327 (435)
      32 UniRef100_A0A2B4S7A4 Alpha-1A  100.0 6.7E-46 6.6E-52  291.3   0.0  265   40-314    41-306 (392)
      33 UniRef100_A0A3M6TAE6 G_PROTEIN 100.0 8.6E-46 8.6E-52  293.7   0.0  273   38-316    91-367 (443)
      34 UniRef100_A0A068YB14 Neuropept 100.0   1E-45 9.9E-52  299.5   0.0  268   40-315    56-350 (448)
      35 UniRef100_A0A141CIT8 G protein 100.0 1.2E-45 1.2E-51  295.5   0.0  265   42-315    90-374 (488)
      36 UniRef100_A0A1N7TCF1 Galanin r 100.0 1.3E-45 1.3E-51  290.4   0.0  265   39-316    72-359 (407)
      37 UniRef100_A0A6P4XD29 neuropept 100.0 1.7E-45 1.7E-51  287.5   0.0  265   40-312    43-337 (385)
      38 UniRef100_A0A2G8JR46 Putative  100.0 2.2E-45 2.1E-51  296.2   0.0  269   40-316    64-355 (411)
      39 UniRef100_A0A2B4S4U3 Beta-2 ad 100.0 2.4E-45 2.4E-51  282.4   0.0  271   36-314    26-318 (372)
      40 UniRef100_A0A1D2M4J2 Neuropept 100.0 2.4E-45 2.4E-51  293.8   0.0  267   40-315   128-421 (497)
      41 UniRef100_A0A164MD49 Putative  100.0 2.4E-45 2.4E-51  292.3   0.0  272   39-316    50-394 (498)
      42 tr|A0A1L8G1N6|A0A1L8G1N6_XENLA 100.0 2.4E-45 2.4E-51  287.5   0.0  261   39-317   117-398 (448)
      43 UniRef100_A0A059T4D1 Melanocor 100.0 2.6E-45 2.6E-51  269.7   0.0  316    1-317     1-316 (316)
      44 UniRef100_A0A026WTK8 Tachykini 100.0 2.7E-45 2.7E-51  297.2   0.0  266   41-316    92-387 (556)
      45 tr|A0A1A8LLP2|A0A1A8LLP2_9TELE 100.0 3.2E-45 3.2E-51  285.7   0.0  267   40-317    95-397 (455)
      46 UniRef100_A0A6P4Y4T1 galanin r 100.0 3.3E-45 3.2E-51  287.9   0.0  269   39-316    59-350 (410)
      47 UniRef100_A0A0K0PUV0 FVRIamide 100.0 3.4E-45 3.4E-51  293.0   0.0  267   37-313    51-374 (458)
      48 tr|A0A2C9JWF9|A0A2C9JWF9_BIOGL 100.0 3.7E-45 3.7E-51  291.4   0.0  272   37-316    64-364 (403)
      49 UniRef100_A0A2B4S0J6 Somatosta 100.0   4E-45 3.9E-51  301.1   0.0  270   39-314    84-376 (457)
      50 UniRef100_UPI000B911B64 melato 100.0 4.1E-45   4E-51  290.9   0.0  265   41-317    31-344 (381)
      51 UniRef100_A0A1L8GQY3 Alpha-1B  100.0 4.2E-45 4.2E-51  290.2   0.0  265   44-317    52-368 (510)
      52 tr|M3ZFE6|M3ZFE6_XIPMA Somatos 100.0 4.5E-45 4.5E-51  287.7   0.0  263   40-316   106-388 (525)
      53 UniRef100_A0A068WVN8 Biogenic  100.0 4.8E-45 4.8E-51  302.7   0.0  270   42-317   124-507 (641)
      54 UniRef100_A0A7M7HFU8 G_PROTEIN 100.0 5.9E-45 5.8E-51  294.2   0.0  269   40-315    66-362 (423)
      55 UniRef100_A0A3M6T6P4 G_PROTEIN 100.0   7E-45   7E-51  291.1   0.0  269   43-316    60-353 (465)
      56 UniRef100_A0A7M7SYV2 G_PROTEIN 100.0 6.9E-45   7E-51  295.2   0.0  268   40-316    69-397 (630)
      57 UniRef100_A0A2B4RSM5 Neuropept 100.0 1.1E-44 1.1E-50  285.5   0.0  267   39-314    37-320 (417)
      58 UniRef100_A0A023FH63 Putative  100.0 1.1E-44 1.1E-50  294.2   0.0  266   41-316   128-439 (563)
      59 UniRef100_A0A3M6TDR7 G_PROTEIN 100.0 1.1E-44 1.1E-50  292.8   0.0  266   43-314    79-350 (425)
      60 UniRef100_A0A2B4SDF9 Neuropept 100.0 1.2E-44 1.2E-50  287.6   0.0  267   39-314    90-376 (455)
      61 UniRef100_A0A0K0PUI9 Orphan G- 100.0 1.3E-44 1.2E-50  297.9   0.0  269   40-316   103-406 (534)
      62 UniRef100_A0A2B4R9G2 Melatonin 100.0 1.3E-44 1.3E-50  298.4   0.0  269   38-316    80-365 (461)
      63 UniRef100_A0A060X1U9 G_PROTEIN 100.0 1.3E-44 1.3E-50  293.4   0.0  266   42-316   142-456 (633)
      64 tr|A7SD89|A7SD89_NEMVE Predict 100.0 1.3E-44 1.3E-50  271.7   0.0  268   39-316    38-329 (355)
      65 UniRef100_A0A1V4KIE8 Beta-1 ad 100.0 1.5E-44 1.4E-50  305.6   0.0  260   46-316    37-348 (512)
      66 tr|A0A0F8ARD3|A0A0F8ARD3_LARCR 100.0 1.4E-44 1.4E-50  281.7   0.0  265   38-316    53-337 (464)
      67 UniRef100_A0A3M6TPP0 G_PROTEIN 100.0 1.6E-44 1.5E-50  289.3   0.0  274   38-316    50-353 (424)
      68 UniRef100_A0A060XC03 Beta-2 ad 100.0 1.6E-44 1.6E-50  287.6   0.0  269   38-316   102-412 (548)
      69 UniRef100_A0A0C9QBK4 GHSR_0 pr 100.0 1.8E-44 1.8E-50  302.4   0.0  271   40-315   174-472 (591)
      70 UniRef100_A0A154PKR3 Tachykini 100.0 1.8E-44 1.8E-50  288.9   0.0  265   40-314    78-371 (457)
      71 UniRef100_A0A061INJ6 Pyrogluta 100.0 1.9E-44 1.9E-50  299.7   0.0  271   40-316   154-457 (594)
      72 tr|A0A147AMP5|A0A147AMP5_FUNHE 100.0 1.9E-44 1.9E-50  297.7   0.0  264   43-316    36-426 (475)
      73 tr|A0A0P7V5N2|A0A0P7V5N2_9TELE 100.0 2.1E-44 2.1E-50  283.6   0.0  261   45-316    97-400 (468)
      74 UniRef100_A0A210QEM7 Neuropept 100.0 2.1E-44 2.1E-50  282.4   0.0  266   40-316    52-345 (416)
      75 UniRef100_A0A060XP11 G_PROTEIN 100.0 2.1E-44 2.1E-50  289.9   0.0  268   41-316    93-391 (497)
      76 UniRef100_A0A139WB32 Tachykini 100.0 2.2E-44 2.2E-50  283.2   0.0  267   40-316    45-341 (405)
      77 tr|A0A0L0BYA7|A0A0L0BYA7_LUCCU 100.0 2.4E-44 2.4E-50  288.9   0.0  266   42-316   314-625 (678)
      78 UniRef100_A0A0K0PUT9 Excitator 100.0 2.5E-44 2.4E-50  292.1   0.0  268   39-314   104-398 (474)
      79 UniRef100_A0A060WWU7 G_PROTEIN 100.0 3.2E-44 3.2E-50  285.9   0.0  271   39-317    69-382 (545)
      80 UniRef100_A0A3B4VB96 Beta-2 ad 100.0 3.4E-44 3.5E-50  282.1   0.0  267   39-316    53-360 (464)
      81 UniRef100_A0A026W5R0 Orexin re 100.0 3.5E-44 3.5E-50  292.9   0.0  264   43-315   122-424 (529)
      82 UniRef100_A0A1S3J712 QRFP-like 100.0 3.6E-44 3.6E-50  290.8   0.0  265   42-315    71-369 (507)
      83 UniRef100_A0A087UP46 5-hydroxy 100.0 3.8E-44 3.8E-50  283.1   0.0  267   42-317    49-400 (472)
      84 UniRef100_A0A3M6TV84 G_PROTEIN 100.0 3.9E-44 3.9E-50  282.7   0.0  258   51-317    58-337 (405)
      85 tr|W4YJK4|W4YJK4_STRPU Unchara 100.0   4E-44 3.9E-50  284.8   0.0  270   39-317    70-369 (446)
      86 UniRef100_A0A077YWL6 Somatosta 100.0 4.1E-44   4E-50  291.4   0.0  266   40-316    67-359 (446)
      87 UniRef100_A0A087XDT1 Somatosta 100.0 4.4E-44 4.4E-50  289.1   0.0  261   42-316   172-452 (676)
      88 UniRef100_A0A087X575 NPY-Y2 re 100.0 4.6E-44 4.6E-50  281.4   0.0  268   42-317    77-371 (426)
      89 UniRef100_A0A3M6U5X4 G_PROTEIN 100.0 4.7E-44 4.7E-50  273.0   0.0  265   37-316    37-320 (339)
      90 UniRef100_A0A2G8KL37 Cholecyst 100.0 5.3E-44 5.3E-50  283.2   0.0  271   40-316   100-429 (493)
      91 tr|A0A218UB83|A0A218UB83_9PASE 100.0 5.5E-44 5.5E-50  289.0   0.0  267   42-317   197-512 (631)
      92 UniRef100_A0A023F668 Putative  100.0 5.8E-44 5.9E-50  281.4   0.0  266   42-315    89-375 (484)
      93 UniRef100_A0A023F452 Putative  100.0 6.2E-44 6.3E-50  292.5   0.0  268   42-317   143-538 (660)
      94 UniRef100_A0A2G8KMT5 G_PROTEIN 100.0 6.4E-44 6.3E-50  280.1   0.0  260   42-313    40-323 (402)
      95 UniRef100_A0A026WCQ7 Tyramine  100.0 6.4E-44 6.4E-50  300.2   0.0  269   40-316   185-586 (665)
      96 tr|C3XSP5|C3XSP5_BRAFL Unchara 100.0 6.4E-44 6.5E-50  272.9   0.0  273   37-316    26-325 (403)
      97 UniRef100_A0A1D1W534 G_PROTEIN 100.0 7.6E-44 7.4E-50  292.8   0.0  271   40-316    80-432 (492)
      98 UniRef100_A0A0N1PGA0 Octopamin 100.0 8.2E-44 8.2E-50  287.6   0.0  268   40-315   109-490 (547)
      99 UniRef100_A0A087RJN6 Somatosta 100.0 8.7E-44 8.5E-50  287.2   0.0  259   39-314    61-340 (391)
     100 UniRef100_A0A060WMC3 Alpha-1D  100.0 8.8E-44 8.9E-50  283.7   0.0  265   44-317   116-432 (564)
     101 UniRef100_A0A087XFV2 5-hydroxy 100.0 9.4E-44 9.5E-50  282.4   0.0  267   40-316    85-395 (493)
     102 tr|A0A146TL67|A0A146TL67_FUNHE 100.0 9.9E-44 9.6E-50  293.9   0.0  265   38-316    26-403 (442)
     103 UniRef100_A0A1D1V5S1 G_PROTEIN 100.0 9.7E-44 9.8E-50  280.6   0.0  268   40-316    58-358 (484)
     104 UniRef100_A0A2B4SE17 Substance 100.0   1E-43 9.8E-50  292.0   0.0  274   39-315    65-363 (467)
     105 UniRef100_A0A0K0PUH1 Orphan G- 100.0 9.8E-44 9.9E-50  274.0   0.0  266   40-314    54-345 (413)
     106 UniRef100_A0A087YQK7 Adrenocep 100.0   1E-43   1E-49  286.8   0.0  264   43-317   134-451 (617)
     107 tr|A0A146TP77|A0A146TP77_FUNHE 100.0 1.1E-43 1.1E-49  293.7   0.0  265   44-316    52-422 (522)
     108 UniRef100_A0A091EBV8 Type-1 an 100.0 1.1E-43 1.1E-49  296.6   0.0  254   41-315   350-628 (715)
     109 UniRef100_A0A2G8L6L1 Putative  100.0 1.1E-43 1.1E-49  277.6   0.0  264   38-316    35-323 (407)
     110 UniRef100_A0A2B4RHY9 Pyrogluta 100.0 1.2E-43 1.1E-49  292.6   0.0  268   40-316    83-370 (455)
     111 UniRef100_A0A060X690 G_PROTEIN 100.0 1.1E-43 1.1E-49  275.1   0.0  261   42-315    50-333 (386)
     112 UniRef100_A0A026WK40 Cholecyst 100.0 1.2E-43 1.2E-49  296.8   0.0  269   42-316   158-542 (656)
     113 UniRef100_A0A177B9B5 Rhodopsin 100.0 1.2E-43 1.2E-49  279.9   0.0  265   43-316    95-401 (464)
     114 tr|V8PD93|V8PD93_OPHHA Type-2  100.0 1.2E-43 1.2E-49  284.6   0.0  268   32-315    69-366 (412)
     115 UniRef100_A0A678XEL8 Trace ami 100.0 1.3E-43 1.3E-49  285.0   0.0  264   43-316    60-355 (523)
     116 UniRef100_A0A077Z2H9 Putative  100.0 1.4E-43 1.4E-49  286.1   0.0  271   38-314    71-393 (477)
     117 UniRef100_A0A401NJB3 G_PROTEIN 100.0 1.4E-43 1.4E-49  281.7   0.0  263   43-316    46-358 (517)
     118 UniRef100_A0A026W4F0 Octopamin 100.0 1.6E-43 1.6E-49  275.4   0.0  267   42-316    59-391 (445)
     119 UniRef100_A0A016T103 G_PROTEIN 100.0 1.7E-43 1.7E-49  291.9   0.0  261   47-316   119-474 (605)
     120 UniRef100_A0A087YRI1 G_PROTEIN 100.0 1.7E-43 1.7E-49  281.3   0.0  263   44-316    86-371 (438)
     121 UniRef100_A0A2B4SKX3 Cholecyst 100.0 1.9E-43 1.9E-49  278.1   0.0  270   40-317    73-412 (428)
     122 UniRef100_A0A084VLD5 AGAP00422 100.0 1.9E-43   2E-49  286.3   0.0  264   43-316   248-594 (695)
     123 UniRef100_A0A0L8I0T4 G_PROTEIN 100.0 2.4E-43 2.4E-49  283.8   0.0  270   40-315   135-494 (554)
     124 UniRef100_A0A2B4RHL7 Galanin r 100.0 2.4E-43 2.5E-49  271.3   0.0  260   39-316    33-309 (406)
     125 UniRef100_A0A060VWI9 G_PROTEIN 100.0 2.5E-43 2.5E-49  283.5   0.0  262   45-317    67-394 (579)
     126 tr|A0A146NY53|A0A146NY53_FUNHE 100.0 2.5E-43 2.5E-49  279.8   0.0  261   44-315    12-315 (469)
     127 tr|A0A2B4S1Z5|A0A2B4S1Z5_STYPI 100.0 2.7E-43 2.7E-49  281.5   0.0  268   40-315    27-296 (514)
     128 UniRef100_A0A091R746 Beta-1 ad 100.0 2.9E-43 2.9E-49  282.1   0.0  263   42-315   138-450 (572)
     129 UniRef100_A0A060VRN9 G_PROTEIN 100.0   3E-43   3E-49  281.3   0.0  261   45-315   142-428 (496)
     130 tr|A0A1I8PIJ9|A0A1I8PIJ9_STOCA 100.0   3E-43   3E-49  287.9   0.0  266   41-316   172-466 (680)
     131 tr|A0A182G4E1|A0A182G4E1_AEDAL 100.0 3.1E-43 3.1E-49  283.3   0.0  267   41-315    70-368 (534)
     132 UniRef100_A0A2S1WLX6 Putative  100.0 3.9E-43   4E-49  274.2   0.0  276   36-316    44-457 (475)
     133 tr|K7GCC3|K7GCC3_PELSI Adrenoc 100.0 4.1E-43 4.2E-49  274.5   0.0  263   44-317    47-363 (488)
     134 tr|A0A1W4ZX05|A0A1W4ZX05_9TELE 100.0 4.4E-43 4.4E-49  280.0   0.0  268   42-316    73-384 (480)
     135 UniRef100_A0A3M6TNW8 G_PROTEIN 100.0 4.4E-43 4.4E-49  277.4   0.0  269   42-316    98-391 (453)
     136 UniRef100_A0A034WDF0 Allatosta 100.0 5.1E-43   5E-49  281.6   0.0  265   40-316    97-384 (459)
     137 tr|A7S585|A7S585_NEMVE Predict 100.0 5.2E-43 5.2E-49  273.9   0.0  274   39-316    25-324 (374)
     138 UniRef100_A0A026WK16 Tachykini 100.0 5.2E-43 5.3E-49  284.8   0.0  267   40-316   184-480 (641)
     139 tr|A0A1U7SK54|A0A1U7SK54_TARSY 100.0 5.4E-43 5.5E-49  295.1   0.0  311    6-316     6-316 (904)
     140 tr|A0A0P4XBU7|A0A0P4XBU7_9CRUS 100.0 5.6E-43 5.5E-49  286.0   0.0  266   41-314    63-412 (557)
     141 tr|A7RYQ3|A7RYQ3_NEMVE Predict 100.0 5.8E-43 5.7E-49  277.4   0.0  271   37-317    50-335 (367)
     142 UniRef100_A0A068WW83 Allatosta 100.0 6.3E-43 6.2E-49  283.8   0.0  262   40-311    68-347 (432)
     143 tr|C3XVS5|C3XVS5_BRAFL Unchara 100.0 6.3E-43 6.3E-49  271.6   0.0  270   39-316    68-362 (425)
     144 UniRef100_A0A023F4J9 Putative  100.0 6.5E-43 6.5E-49  284.8   0.0  268   40-315   158-490 (588)
     145 UniRef100_A0A2H8TNJ5 Neuropept 100.0 7.1E-43 7.2E-49  279.3   0.0  265   42-314   159-450 (528)
     146 UniRef100_A0A091DWF1 Somatosta 100.0 7.6E-43 7.7E-49  275.9   0.0  264   39-316   156-439 (523)
     147 UniRef100_A0A0B4LHT6 RYamide r 100.0 7.8E-43 7.8E-49  282.2   0.0  265   43-315   119-409 (524)
     148 UniRef100_A0A060WAG3 G_PROTEIN 100.0 8.6E-43 8.7E-49  279.8   0.0  266   43-316   127-498 (550)
     149 UniRef100_A0A060VVF8 G_PROTEIN 100.0 9.1E-43   9E-49  285.8   0.0  263   39-316   140-432 (511)
     150 UniRef100_A0A060VTR1 G_PROTEIN 100.0 9.2E-43 9.3E-49  281.6   0.0  267   41-316   122-439 (619)
     151 UniRef100_A0A060X360 G_PROTEIN 100.0 9.6E-43 9.7E-49  275.7   0.0  267   37-317    98-388 (477)
     152 UniRef100_A0A0P0YUU8 Cannabino 100.0 9.8E-43 9.8E-49  277.6   0.0  269   42-316    86-416 (496)
     153 tr|A0A2B4SID7|A0A2B4SID7_STYPI 100.0 1.1E-42 1.1E-48  280.8   0.0  266   39-314    32-324 (422)
     154 tr|A0A2B4S6X2|A0A2B4S6X2_STYPI 100.0 1.1E-42 1.1E-48  267.6   0.0  269   40-316    25-322 (379)
     155 tr|S9YJE2|S9YJE2_CAMFR Somatos 100.0 1.1E-42 1.1E-48  268.8   0.0  263   40-316   114-399 (438)
     156 UniRef100_A0A2B4SEF2 Beta-1 ad 100.0 1.1E-42 1.1E-48  273.6   0.0  267   40-317    73-344 (424)
     157 UniRef100_A0A060VP48 G_PROTEIN 100.0 1.2E-42 1.2E-48  290.5   0.0  262   43-314   159-447 (580)
     158 UniRef100_A0A6J8CLU9 HCRTR2 n= 100.0 1.2E-42 1.2E-48  271.6   0.0  266   43-316    57-357 (422)
     159 UniRef100_A0A3M6UKX8 G_PROTEIN 100.0 1.3E-42 1.3E-48  283.3   0.0  275   38-315   118-418 (487)
     160 UniRef100_A0A3M6T8F5 G_PROTEIN 100.0 1.6E-42 1.6E-48  289.0   0.0  271   37-316   100-394 (523)
     161 UniRef100_A0A2B4RPR9 Allatosta 100.0 1.6E-42 1.6E-48  280.5   0.0  270   39-314    48-341 (446)
     162 UniRef100_A0A0L8I310 G_PROTEIN 100.0 1.6E-42 1.6E-48  280.4   0.0  264   43-312    50-363 (468)
     163 UniRef100_A0A0N7ZAP9 G_PROTEIN 100.0 1.6E-42 1.6E-48  275.4   0.0  267   40-316    78-365 (421)
     164 tr|A0A061IHH7|A0A061IHH7_CRIGR 100.0 1.7E-42 1.7E-48  297.0   0.0  264   43-316   625-918 (934)
     165 UniRef100_A0A061QHX0 Putative  100.0 1.7E-42 1.7E-48  283.9   0.0  264   43-316   137-506 (563)
     166 UniRef100_A0A026VXG0 Octopamin 100.0 1.8E-42 1.8E-48  285.2   0.0  267   40-314    83-537 (647)
     167 UniRef100_A0A3M6T5D0 G_PROTEIN 100.0 1.8E-42 1.8E-48  275.0   0.0  265   38-316    52-322 (402)
     168 tr|A0A1S3FWK5|A0A1S3FWK5_DIPOR 100.0 1.9E-42 1.9E-48  279.6   0.0  265   42-316   420-728 (786)
     169 UniRef100_A0A060W9T7 G_PROTEIN 100.0 1.9E-42 1.9E-48  275.6   0.0  265   39-315   186-470 (616)
     170 UniRef100_A0A2B4RFH8 Neuropept 100.0 2.1E-42   2E-48  284.7   0.0  272   41-316    67-365 (439)
     171 UniRef100_A0A087XT11 Alpha-1B  100.0 2.1E-42 2.1E-48  276.5   0.0  266   43-317    84-404 (622)
     172 UniRef100_A0A087QH91 Melanopsi 100.0 2.2E-42 2.2E-48  283.1   0.0  269   39-316   104-398 (629)
     173 UniRef100_A0A210QSD7 Octopamin 100.0 2.2E-42 2.2E-48  277.1   0.0  266   42-317    61-416 (423)
     174 UniRef100_A0A210QHM7 G-protein 100.0 2.2E-42 2.2E-48  277.6   0.0  267   40-315    81-373 (492)
     175 UniRef100_A0A6P8HX63 probable  100.0 2.4E-42 2.4E-48  276.7   0.0  266   43-316    62-359 (407)
     176 UniRef100_A0A0L7KZ56 Neuropept 100.0 2.4E-42 2.4E-48  276.3   0.0  265   40-313    88-381 (509)
     177 UniRef100_A0A146M155 Neuropept 100.0 2.4E-42 2.4E-48  275.7   0.0  269   42-315    57-360 (488)
     178 UniRef100_A0A084VX67 AGAP00044 100.0 2.5E-42 2.5E-48  271.9   0.0  259   45-314    76-383 (444)
     179 tr|A0A2B4SNZ1|A0A2B4SNZ1_STYPI 100.0 2.6E-42 2.5E-48  274.3   0.0  266   41-317    34-319 (351)
     180 tr|H2Q292|H2Q292_PANTR Unchara 100.0 2.5E-42 2.5E-48  269.8   0.0  273   39-317    82-403 (492)
     181 UniRef100_A0A3M6THF9 G_PROTEIN 100.0 2.6E-42 2.6E-48  278.0   0.0  273   37-314    59-335 (483)
     182 tr|A0A2B4RXA7|A0A2B4RXA7_STYPI 100.0 2.7E-42 2.6E-48  267.9   0.0  251   51-315    16-271 (328)
     183 UniRef100_A0A3M6UBA2 G_PROTEIN 100.0 2.7E-42 2.6E-48  271.7   0.0  269   38-316    49-339 (383)
     184 UniRef100_A0A2B4SQU8 Orexin re 100.0 2.7E-42 2.7E-48  263.8   0.0  276   37-317    35-346 (370)
     185 UniRef100_A0A2B4RZ41 Adenosine 100.0 2.8E-42 2.8E-48  273.2   0.0  259   39-313    49-308 (381)
     186 UniRef100_A0A068AZY5 Octopamin 100.0 2.9E-42 2.8E-48  298.3   0.0  173   39-217   174-362 (723)
     187 UniRef100_A0A151N382 Galanin r 100.0 2.9E-42   3E-48  259.8   0.0  267   37-315    29-314 (392)
     188 tr|W8B9D1|W8B9D1_CERCA 5-hydro 100.0 3.4E-42 3.4E-48  276.3   0.0  269   42-317   266-626 (664)
     189 UniRef100_A0A3M6T9C5 G_PROTEIN 100.0 3.6E-42 3.5E-48  274.3   0.0  276   39-316    59-358 (402)
     190 UniRef100_A0A151LYB3 G_PROTEIN 100.0 3.5E-42 3.5E-48  268.9   0.0  261   46-316   106-388 (435)
     191 tr|A0A212C668|A0A212C668_CEREH 100.0 3.6E-42 3.7E-48  272.0   0.0  266   42-316   223-555 (558)
     192 tr|A0A060XRS0|A0A060XRS0_ONCMY 100.0 3.6E-42 3.7E-48  285.0   0.0  267   42-317    59-375 (900)
     193 UniRef100_A0A087UNN0 Neuropept 100.0 3.9E-42 3.9E-48  272.6   0.0  262   43-313    98-387 (470)
     194 tr|A0A146YGA5|A0A146YGA5_FUNHE 100.0 4.3E-42 4.2E-48  282.4   0.0  293   15-316     6-339 (521)
     195 UniRef100_A0A0K0PUH0 Orphan G- 100.0 4.4E-42 4.3E-48  285.4   0.0  265   42-312   140-468 (583)
     196 UniRef100_A0A087T336 Somatosta 100.0 4.5E-42 4.5E-48  271.2   0.0  265   39-316    78-366 (454)
     197 UniRef100_A0A6P8H0A4 5-hydroxy 100.0 4.7E-42 4.7E-48  263.0   0.0  269   43-316    42-331 (346)
     198 UniRef100_A0A3M6UAU0 G_PROTEIN 100.0 4.8E-42 4.9E-48  277.0   0.0  271   37-315    34-327 (552)
     199 UniRef100_A0A061QLL1 Putative  100.0   5E-42   5E-48  271.0   0.0  267   42-317    49-421 (424)
     200 tr|A0A182FRI7|A0A182FRI7_ANOAL 100.0   5E-42   5E-48  286.9   0.0  168   44-217   118-302 (677)
     201 tr|L7LZ94|L7LZ94_9ACAR Putativ 100.0 5.2E-42 5.2E-48  266.2   0.0  265   42-316   106-391 (438)
     202 tr|A0A1S3L0J1|A0A1S3L0J1_SALSA 100.0 5.4E-42 5.5E-48  272.3   0.0  267   40-315    77-403 (533)
     203 UniRef100_A0A3M6TKW1 G_PROTEIN 100.0 5.8E-42 5.7E-48  272.6   0.0  268   40-315    42-319 (389)
     204 UniRef100_A0A2B4SVS8 Neuropept 100.0 5.8E-42 5.7E-48  279.2   0.0  269   41-315    91-380 (480)
     205 UniRef100_A0A061IAU9 Gastric r 100.0 5.9E-42 5.9E-48  274.8   0.0  266   43-317   119-406 (588)
     206 tr|A0A226N2C0|A0A226N2C0_CALSU 100.0 5.9E-42   6E-48  270.6   0.0  266   43-317   229-520 (569)
     207 UniRef100_A0A2G8K507 Putative  100.0 6.2E-42   6E-48  279.2   0.0  268   40-314    41-330 (384)
     208 tr|A0A1D1UXI1|A0A1D1UXI1_RAMVA 100.0   6E-42 6.1E-48  270.8   0.0  266   40-316    83-374 (499)
     209 tr|A0A0P7U0M1|A0A0P7U0M1_9TELE 100.0 6.2E-42 6.2E-48  264.2   0.0  272   38-316   101-410 (440)
     210 UniRef100_A0A067RG65 Neuropept 100.0 6.6E-42 6.6E-48  273.2   0.0  271   41-316    90-393 (509)
     211 tr|A0A1I8N820|A0A1I8N820_MUSDO 100.0 6.7E-42 6.8E-48  281.2   0.0  266   41-315   307-635 (880)
     212 UniRef100_A0A0L8GIM4 G_PROTEIN 100.0 7.1E-42 6.9E-48  281.2   0.0  265   41-313    99-391 (481)
     213 UniRef100_A7RGN9 Predicted pro 100.0   7E-42   7E-48  259.8   0.0  267   39-316    31-313 (317)
     214 UniRef100_A0A1D1VDY3 G_PROTEIN 100.0 7.3E-42 7.3E-48  276.5   0.0  268   41-316   136-445 (557)
     215 UniRef100_A0A2B4SYG2 5-hydroxy 100.0 7.4E-42 7.4E-48  265.5   0.0  263   40-314    31-313 (376)
     216 UniRef100_A0A7M7HKI1 G_PROTEIN 100.0 7.6E-42 7.5E-48  272.6   0.0  269   43-315    44-333 (418)
     217 UniRef100_A0A060WGM3 G_PROTEIN 100.0   8E-42 7.8E-48  283.9   0.0  261   46-316   152-440 (537)
     218 UniRef100_A0A369SHZ1 5-hydroxy 100.0 8.2E-42 8.1E-48  266.2   0.0  267   42-315    31-329 (375)
     219 tr|A0A1V4J9T1|A0A1V4J9T1_PATFA 100.0 8.5E-42 8.7E-48  262.5   0.0  265   39-315    69-353 (461)
     220 tr|A0A2B4S4U3|A0A2B4S4U3_STYPI 100.0 8.6E-42 8.7E-48  258.6   0.0  271   36-314    23-319 (359)
     221 UniRef100_A0A6P8IFK2 neuromedi 100.0 9.6E-42 9.6E-48  263.9   0.0  275   36-316    23-320 (363)
     222 tr|G5C090|G5C090_HETGA Melanoc 100.0 9.7E-42 9.8E-48  260.3   0.0  283   33-316    31-313 (394)
     223 UniRef100_A0A6P4Z5N5 muscarini 100.0 9.9E-42 9.8E-48  264.2   0.0  286   21-316    11-341 (357)
     224 UniRef100_A0A0L8H201 G_PROTEIN 100.0 1.1E-41 1.1E-47  265.5   0.0  272   37-315    84-380 (461)
     225 UniRef100_A0A084WIC4 Short neu 100.0 1.1E-41 1.1E-47  273.6   0.0  267   41-315    95-384 (551)
     226 tr|A0A091DWF1|A0A091DWF1_FUKDA 100.0 1.2E-41 1.2E-47  263.2   0.0  262   39-316   157-440 (483)
     227 tr|G3S2I3|G3S2I3_GORGO Opioid  100.0 1.2E-41 1.2E-47  267.0   0.0  260   40-313   164-445 (492)
     228 UniRef100_A0A0K0PUH3 Allatotro 100.0 1.4E-41 1.4E-47  265.9   0.0  266   42-316    72-372 (424)
     229 UniRef100_A0A7M7G1H5 G_PROTEIN 100.0 1.5E-41 1.4E-47  273.2   0.0  271   40-316    39-332 (381)
     230 tr|A0A1W2W3E6|A0A1W2W3E6_CIOIN 100.0 1.4E-41 1.4E-47  267.2   0.0  269   38-316    57-350 (487)
     231 UniRef100_A0A026WIP6 Cholecyst 100.0 1.5E-41 1.5E-47  282.9   0.0  272   40-317   172-529 (636)
     232 UniRef100_A0A2G8JGQ1 Putative  100.0 1.6E-41 1.5E-47  273.5   0.0  275   38-317    57-370 (455)
     233 tr|A0A0N8JZL4|A0A0N8JZL4_9TELE 100.0 1.5E-41 1.6E-47  269.1   0.0  267   42-316   108-411 (482)
     234 UniRef100_A0A060X6T3 G_PROTEIN 100.0 1.6E-41 1.6E-47  271.2   0.0  266   42-316    93-412 (550)
     235 tr|A0A232F0R3|A0A232F0R3_9HYME 100.0 1.6E-41 1.6E-47  264.0   0.0  262   40-316   105-422 (458)
     236 tr|A0A1U7TSJ4|A0A1U7TSJ4_TARSY 100.0 1.7E-41 1.7E-47  270.4   0.0  265   43-315   217-516 (600)
     237 UniRef100_UPI000219022F Endoly 100.0 1.8E-41 1.8E-47  264.9   0.0  258   44-317   206-486 (507)
     238 tr|A0A1V4J8L8|A0A1V4J8L8_PATFA 100.0 1.9E-41 1.9E-47  257.7   0.0  282   33-315    96-377 (390)
     239 UniRef100_A0A0C9RF21 CapaR_3 p 100.0 1.9E-41 1.9E-47  272.0   0.0  270   42-316    55-355 (532)
     240 UniRef100_A0A2B4RA56 D(5)-like 100.0   2E-41   2E-47  274.4   0.0  266   42-315    83-357 (431)
     241 UniRef100_A0A0S1YDA0 Neuropept 100.0   2E-41   2E-47  273.3   0.0  268   40-317    96-392 (509)
     242 tr|A7SX62|A7SX62_NEMVE Predict 100.0 2.1E-41 2.1E-47  254.6   0.0  262   49-316    29-299 (335)
     243 UniRef100_A0A026WC04 Dopamine  100.0 2.1E-41 2.2E-47  264.0   0.0  264   43-316    82-396 (468)
     244 UniRef100_A0A2G8KTA9 Putative  100.0 2.2E-41 2.2E-47  274.6   0.0  268   41-315    51-342 (445)
     245 tr|W4Z2N2|W4Z2N2_STRPU Unchara 100.0 2.2E-41 2.2E-47  259.4   0.0  272   39-316    57-351 (406)
     246 UniRef100_A0A087YRJ8 Trace ami 100.0 2.2E-41 2.2E-47  270.6   0.0  261   45-315   126-402 (491)
     247 UniRef100_A0A0K0PUX3 Orphan G- 100.0 2.3E-41 2.3E-47  274.2   0.0  260   44-313    66-346 (419)
     248 UniRef100_A0A087QSW5 5-hydroxy 100.0 2.4E-41 2.4E-47  267.3   0.0  269   41-317   180-514 (570)
     249 tr|A0A2B4SAJ4|A0A2B4SAJ4_STYPI 100.0 2.4E-41 2.4E-47  268.4   0.0  265   42-313    32-329 (434)
     250 tr|C7SLZ0|C7SLZ0_APLKU Seroton 100.0 2.5E-41 2.5E-47  271.7   0.0  265   44-317    78-424 (485)
     251 UniRef100_A0A2B4SC76 Substance 100.0 2.8E-41 2.8E-47  274.8   0.0  271   39-315    55-350 (461)
     252 UniRef100_A0A060YTK2 Uncharact 100.0 2.9E-41 2.9E-47  261.9   0.0  265   38-316    84-377 (447)
     253 tr|W4XZB8|W4XZB8_STRPU Unchara 100.0 2.9E-41 2.9E-47  263.6   0.0  260   43-314    24-307 (400)
     254 UniRef100_A0A0L8H5P3 G_PROTEIN 100.0   3E-41   3E-47  269.6   0.0  263   40-313    76-368 (496)
     255 tr|A0A0L8FIS6|A0A0L8FIS6_OCTBM 100.0 3.2E-41 3.2E-47  267.1   0.0  271   40-317    92-420 (485)
     256 tr|W4Z3I5|W4Z3I5_STRPU Unchara 100.0 3.3E-41 3.3E-47  263.7   0.0  268   40-316    50-392 (461)
     257 UniRef100_A0A0P5DAK4 Orexin re 100.0 3.3E-41 3.3E-47  269.1   0.0  262   45-315   113-428 (505)
     258 tr|A0A1D2NMB6|A0A1D2NMB6_ORCCI 100.0 3.3E-41 3.4E-47  268.8   0.0  268   39-316   152-449 (520)
     259 UniRef100_A0A0K0PUG3 Thyrolibe 100.0 3.4E-41 3.4E-47  274.5   0.0  271   39-316   215-520 (606)
     260 tr|A0A2B4SKI0|A0A2B4SKI0_STYPI 100.0 3.5E-41 3.5E-47  270.7   0.0  265   40-312    99-393 (458)
     261 UniRef100_C3ZK20 G_PROTEIN_REC 100.0 3.7E-41 3.6E-47  266.3   0.0  262   43-315     5-319 (374)
     262 tr|A0A287CUD4|A0A287CUD4_ICTTR 100.0 3.6E-41 3.7E-47  262.7   0.0  264   42-316    22-306 (478)
     263 UniRef100_A0A151NBW6 Beta-3 ad 100.0 3.7E-41 3.7E-47  265.5   0.0  264   42-316    34-339 (490)
     264 tr|A0A2B4R9G2|A0A2B4R9G2_STYPI 100.0 3.7E-41 3.7E-47  262.8   0.0  267   38-313    60-345 (378)
     265 UniRef100_A0A6A7G2U4 Octopamin 100.0 3.8E-41 3.8E-47  268.6   0.0  268   41-315   173-509 (574)
     266 tr|A0A139WLV7|A0A139WLV7_TRICA 100.0 3.8E-41 3.9E-47  276.8   0.0  267   41-315   401-695 (792)
     267 tr|A0A0S1YD80|A0A0S1YD80_CHISP 100.0 4.1E-41 4.1E-47  267.2   0.0  265   43-316   169-463 (513)
     268 UniRef100_A0A226DFM2 Neuropept 100.0 4.2E-41 4.2E-47  269.2   0.0  264   43-314   110-400 (523)
     269 tr|Q8MTW6|Q8MTW6_SPISO Putativ 100.0 4.4E-41 4.4E-47  259.0   0.0  304    1-316     1-349 (388)
     270 UniRef100_A0A0L8FWF7 G_PROTEIN 100.0 4.5E-41 4.4E-47  277.9   0.0  268   40-316    93-545 (576)
     271 UniRef100_A0A2R8PY66 5-hydroxy 100.0 4.8E-41 4.8E-47  254.2   0.0  268   44-317    62-354 (381)
     272 UniRef100_A0A2B4RVY2 Melanopsi 100.0   5E-41 4.9E-47  268.7   0.0  271   35-316    60-354 (452)
     273 UniRef100_A0A1S3H6K0 neuropept 100.0 5.1E-41   5E-47  274.8   0.0  263   41-312    59-351 (470)
     274 UniRef100_A0A210QT45 G-protein 100.0 5.1E-41 5.1E-47  264.4   0.0  269   40-315    60-355 (472)
     275 tr|A0A091DLL4|A0A091DLL4_FUKDA 100.0 5.2E-41 5.3E-47  260.0   0.0  266   40-316    35-343 (474)
     276 UniRef100_A0A096NAQ2 Cholecyst 100.0 5.8E-41 5.8E-47  272.2   0.0  271   40-316   152-500 (617)
     277 UniRef100_A0A6P8H485 beta-2 ad 100.0 6.1E-41   6E-47  267.6   0.0  267   40-316    59-357 (411)
     278 tr|A0A147AZW9|A0A147AZW9_FUNHE 100.0 6.2E-41 6.1E-47  275.9   0.0  264   43-316    90-433 (468)
     279 UniRef100_A0A0H3YI86 Pyrokinin 100.0 6.3E-41 6.2E-47  274.3   0.0  269   41-314    86-395 (510)
     280 UniRef100_A0A060Y7B7 G_PROTEIN 100.0 6.3E-41 6.3E-47  272.1   0.0  267   42-316   119-548 (560)
     281 tr|A0A1D2MSE1|A0A1D2MSE1_ORCCI 100.0 6.4E-41 6.4E-47  276.2   0.0  269   38-315   110-404 (615)
     282 tr|A0A1D5PF84|A0A1D5PF84_CHICK 100.0 6.3E-41 6.4E-47  250.6   0.0  284   32-317    33-316 (357)
     283 tr|A0A146U732|A0A146U732_FUNHE 100.0 6.9E-41 6.7E-47  285.0   0.0  269   40-314   193-544 (590)
     284 UniRef100_A0A026X164 G-protein 100.0 6.8E-41 6.8E-47  274.9   0.0  266   39-317   119-423 (604)
     285 UniRef100_A0A193KU97 GCR058 n= 100.0   7E-41   7E-47  257.8   0.0  271   39-317    26-331 (379)
     286 UniRef100_A0A0B4J269 G_PROTEIN 100.0   7E-41 7.1E-47  276.2   0.0  316    1-316    48-363 (910)
     287 tr|A7RRH0|A7RRH0_NEMVE Predict 100.0 7.1E-41 7.1E-47  275.2   0.0  274   35-316    23-314 (700)
     288 UniRef100_A0A016SJ65 Thyrolibe 100.0 7.3E-41 7.2E-47  271.6   0.0  270   40-316    85-395 (479)
     289 tr|A0A0Q3X582|A0A0Q3X582_AMAAE 100.0 7.3E-41 7.2E-47  270.6   0.0  262   44-315    87-383 (504)
     290 UniRef100_A0A060W5H6 G_PROTEIN 100.0 7.4E-41 7.3E-47  274.0   0.0  263   41-312    89-382 (528)
     291 UniRef100_A0A3M6TKX3 G_PROTEIN 100.0 7.5E-41 7.4E-47  267.1   0.0  265   39-314    76-371 (427)
     292 UniRef100_A0A2P8Z628 Octopamin 100.0 8.9E-41 8.9E-47  262.3   0.0  268   40-315    52-414 (477)
     293 UniRef100_A0A147B5F7 Adenosine 100.0 9.1E-41 9.1E-47  263.6   0.0  262   45-316    55-343 (492)
     294 tr|A0A218VDE9|A0A218VDE9_9PASE 100.0 9.1E-41 9.3E-47  261.7   0.0  260   40-317    25-307 (556)
     295 UniRef100_A0A6P4YBA8 delta-typ 100.0 9.3E-41 9.3E-47  262.6   0.0  261   40-316    52-338 (406)
     296 UniRef100_A0A0K0PUK6 Orphan G- 100.0 9.4E-41 9.5E-47  260.6   0.0  268   40-316    68-372 (448)
     297 tr|K1RR88|K1RR88_CRAGI 5-hydro 100.0 9.7E-41 9.8E-47  255.9   0.0  264   43-316    61-350 (407)
     298 tr|A0A2B4SIA2|A0A2B4SIA2_STYPI 100.0   1E-40   1E-46  261.2   0.0  266   43-314    63-357 (370)
     299 UniRef100_A0A096MAY6 Alpha-1B  100.0   1E-40   1E-46  261.3   0.0  263   46-317    54-373 (489)
     300 UniRef100_A0A1S3HRK7 octopamin 100.0 1.1E-40 1.1E-46  268.0   0.0  267   40-316    66-349 (413)
     301 tr|A0A151NBW9|A0A151NBW9_ALLMI 100.0 1.1E-40 1.1E-46  264.2   0.0  266   43-316    85-390 (472)
     302 tr|A0A0P5PA10|A0A0P5PA10_9CRUS 100.0 1.1E-40 1.1E-46  270.4   0.0  262   42-313   150-441 (705)
     303 tr|A0A2B4RXD1|A0A2B4RXD1_STYPI 100.0 1.1E-40 1.1E-46  260.1   0.0  265   40-314    95-377 (416)
     304 UniRef100_A0A1L8FNX2 G_PROTEIN 100.0 1.1E-40 1.1E-46  264.0   0.0  254   40-312    64-338 (400)
     305 UniRef100_A0A2B4SJE7 Orexin re 100.0 1.2E-40 1.2E-46  269.6   0.0  270   39-315   135-429 (517)
     306 UniRef100_A0A1J1I7G5 CLUMA_CG0 100.0 1.3E-40 1.3E-46  264.5   0.0  266   41-316    79-372 (500)
     307 UniRef100_B3RM94 G_PROTEIN_REC 100.0 1.3E-40 1.3E-46  252.2   0.0  263   40-315    38-316 (327)
     308 UniRef100_A0A0N0PEL7 Tachykini 100.0 1.3E-40 1.3E-46  262.7   0.0  263   43-315    60-352 (454)
     309 UniRef100_A0A3M6UXY6 G_PROTEIN 100.0 1.4E-40 1.4E-46  260.7   0.0  265   40-315    42-309 (349)
     310 tr|Q9NHF3|Q9NHF3_APLCA Octopam 100.0 1.4E-40 1.4E-46  252.1   0.0  269   39-315    39-349 (394)
     311 UniRef100_A0A060X0R7 Uncharact 100.0 1.4E-40 1.4E-46  252.5   0.0  264   39-316    58-341 (383)
     312 UniRef100_A0A016UUZ5 G_PROTEIN 100.0 1.4E-40 1.5E-46  262.9   0.0  261   46-316    82-411 (486)
     313 AntAceMinimDraft_8_1070364.sca 100.0 1.5E-40 1.5E-46  256.7   0.0  273   39-316    38-355 (406)
     314 UniRef100_UPI000B90EEC3 octopa 100.0 1.5E-40 1.5E-46  252.7   0.0  270   39-317    64-372 (415)
     315 UniRef100_A0A0P6J0T1 Putative  100.0 1.7E-40 1.7E-46  276.7   0.0  268   42-314   106-406 (735)
     316 tr|E6ZEU6|E6ZEU6_DICLA Neurome 100.0 1.7E-40 1.7E-46  265.0   0.0  269   42-315    92-392 (461)
     317 UniRef100_A0A067R4E0 Tachykini 100.0 1.8E-40 1.8E-46  259.9   0.0  263   40-311    51-338 (396)
     318 UniRef100_A0A2G8KT39 Putative  100.0 1.9E-40 1.9E-46  264.1   0.0  268   42-314    48-338 (383)
     319 UniRef100_A0A016TS00 G_PROTEIN 100.0 1.9E-40 1.9E-46  275.2   0.0  263   43-315   117-551 (622)
     320 tr|A0A0K0PUV0|A0A0K0PUV0_PLADU 100.0   2E-40   2E-46  258.1   0.0  265   40-315    17-331 (373)
     321 tr|A0A2D0SD29|A0A2D0SD29_ICTPU 100.0 2.1E-40 2.1E-46  260.4   0.0  265   42-315     8-306 (420)
     322 UniRef100_A0A2G8JD30 Putative  100.0 2.1E-40 2.2E-46  249.4   0.0  265   43-315    29-314 (323)
     323 UniRef100_A0A1S3J8T4 5-hydroxy 100.0 2.2E-40 2.2E-46  266.2   0.0  270   38-316   100-395 (468)
     324 tr|A0A193KU92|A0A193KU92_SCHMD 100.0 2.2E-40 2.2E-46  261.8   0.0  270   43-317    62-406 (478)
     325 UniRef100_A0A3M6T6Z7 G_PROTEIN 100.0 2.3E-40 2.3E-46  252.9   0.0  271   39-317    27-316 (362)
     326 tr|A0A2B4RSX7|A0A2B4RSX7_STYPI 100.0 2.4E-40 2.4E-46  259.4   0.0  271   37-316    57-360 (389)
     327 tr|A0A1U7SLA2|A0A1U7SLA2_TARSY 100.0 2.3E-40 2.4E-46  264.1   0.0  262   47-317   133-449 (601)
     328 UniRef100_A0A0Q3PEJ5 Alpha-1B  100.0 2.4E-40 2.5E-46  265.0   0.0  265   44-317    68-384 (683)
     329 tr|A0A2B4SBD9|A0A2B4SBD9_STYPI 100.0 2.5E-40 2.5E-46  254.0   0.0  266   40-313    64-336 (367)
     330 UniRef100_A0A6F9DEB9 5-hydroxy 100.0 2.6E-40 2.6E-46  264.9   0.0  257   45-314    62-356 (426)
     331 UniRef100_A0A2B4SID7 Neuropept 100.0 2.6E-40 2.6E-46  264.2   0.0  270   40-315    83-377 (462)
     332 tr|A0A1L7H7D8|A0A1L7H7D8_SACKO 100.0 2.6E-40 2.7E-46  253.2   0.0  262   44-317    77-364 (424)
     333 tr|A0A183VWV4|A0A183VWV4_TRIRE 100.0 2.6E-40 2.7E-46  259.7   0.0  270   39-317    51-447 (509)
     334 UniRef100_A0A068YA15 Neuropept 100.0 2.7E-40 2.7E-46  264.3   0.0  267   41-312    75-390 (510)
     335 UniRef100_A0A6A4WEU8 5-hydroxy 100.0 2.7E-40 2.7E-46  264.8   0.0  266   43-316    72-438 (535)
     336 tr|M7BJE0|M7BJE0_CHEMY 5-hydro 100.0 2.7E-40 2.8E-46  271.3   0.0  264   42-316   275-591 (685)
     337 tr|A0A1L8F837|A0A1L8F837_XENLA 100.0 2.7E-40 2.8E-46  251.2   0.0  262   45-316    32-315 (349)
     338 tr|A0A067RDC3|A0A067RDC3_ZOONE 100.0 2.8E-40 2.8E-46  268.0   0.0  268   40-315    73-361 (506)
     339 UniRef100_A0A6S7HDR1 5-hydroxy 100.0 2.8E-40 2.8E-46  256.5   0.0  270   43-315    42-346 (399)
     340 UniRef100_A0A0L8H8I0 G_PROTEIN 100.0 2.9E-40 2.8E-46  271.6   0.0  263   44-316    78-362 (466)
     341 UniRef100_A0A2B4SJV4 Galanin r 100.0 2.9E-40 2.8E-46  270.6   0.0  269   40-315    76-364 (444)
     342 tr|A0A060XH49|A0A060XH49_ONCMY 100.0 2.9E-40 2.9E-46  278.6   0.0  261   46-317    56-383 (945)
     343 UniRef100_A0A0L0BTW0 Dopamine  100.0 3.1E-40 3.1E-46  276.7   0.0  174   40-219   454-641 (972)
     344 UniRef100_A0A068WKU9 Neuropept 100.0 3.1E-40 3.1E-46  262.2   0.0  264   43-315    77-365 (451)
     345 tr|A7SFM3|A7SFM3_NEMVE Predict 100.0 3.2E-40 3.1E-46  262.1   0.0  273   38-316    38-336 (356)
     346 UniRef100_A0A0K0PUT0 Orphan G- 100.0 3.3E-40 3.2E-46  267.3   0.0  268   42-316    54-345 (400)
     347 tr|A7RVQ0|A7RVQ0_NEMVE Predict 100.0 3.3E-40 3.3E-46  261.7   0.0  278   37-316    27-330 (398)
     348 UniRef100_A0A095ANA4 Dopamine  100.0 3.4E-40 3.4E-46  277.5   0.0  174   40-219   174-361 (674)
     349 UniRef100_A0A1S3IX78 RYamide r 100.0 3.4E-40 3.4E-46  259.9   0.0  266   41-314    56-345 (444)
     350 tr|A0A1A9ZAD8|A0A1A9ZAD8_GLOPL 100.0 3.4E-40 3.4E-46  261.9   0.0  266   40-315   124-419 (574)
     351 tr|A0A2H1W6Q0|A0A2H1W6Q0_SPOFR 100.0 3.5E-40 3.5E-46  262.0   0.0  266   42-315    74-361 (466)
     352 UniRef100_A0A0K0PUK8 FMRFamide 100.0 3.8E-40 3.8E-46  270.1   0.0  266   40-314    60-350 (471)
     353 UniRef100_A0A067RIW6 G_PROTEIN 100.0 3.8E-40 3.8E-46  272.0   0.0  268   40-314   186-543 (705)
     354 UniRef100_A0A1L8HHP3 G_PROTEIN 100.0 3.8E-40 3.8E-46  254.3   0.0  264   37-315    44-337 (370)
     355 UniRef100_A0A023F3V9 Putative  100.0 3.8E-40 3.8E-46  265.5   0.0  263   39-315   133-421 (574)
     356 UniRef100_A0A067RDC3 Prolactin 100.0   4E-40   4E-46  264.4   0.0  267   42-316    68-355 (541)
     357 tr|T1KPP2|T1KPP2_TETUR Unchara 100.0 4.4E-40 4.4E-46  261.4   0.0  262   41-316   154-435 (477)
     358 tr|A0A212EZN3|A0A212EZN3_DANPL 100.0 4.4E-40 4.4E-46  260.7   0.0  266   40-314    56-351 (488)
     359 UniRef100_A0A061IN14 NK-3 rece 100.0 4.4E-40 4.4E-46  270.7   0.0  268   38-315   233-521 (662)
     360 tr|A7RKH9|A7RKH9_NEMVE Predict 100.0 4.6E-40 4.6E-46  253.1   0.0  263   40-316    27-312 (336)
     361 UniRef100_A0A6P4Z684 G-protein 100.0 4.6E-40 4.7E-46  256.3   0.0  271   37-314    50-343 (425)
     362 tr|A0A0P6IZB8|A0A0P6IZB8_9CRUS 100.0 4.7E-40 4.7E-46  262.8   0.0  266   40-316   204-493 (559)
     363 UniRef100_A0A3M6U2U1 G_PROTEIN 100.0 4.8E-40 4.7E-46  258.2   0.0  267   41-317    22-307 (352)
     364 tr|A0A0P7TYE1|A0A0P7TYE1_9TELE 100.0 5.3E-40 5.4E-46  260.4   0.0  270   40-315   125-471 (507)
     365 UniRef100_A0A6P8IPF1 5-hydroxy 100.0 5.6E-40 5.7E-46  253.1   0.0  265   43-316    62-360 (403)
     366 UniRef100_A0A3M6TEA9 G_PROTEIN 100.0 5.9E-40 5.9E-46  263.0   0.0  270   40-315    49-341 (414)
     367 tr|A0A0Q3MBC6|A0A0Q3MBC6_AMAAE 100.0 5.8E-40 5.9E-46  273.1   0.0  261   45-315   532-819 (838)
     368 tr|A0A210R0K7|A0A210R0K7_MIZYE 100.0 5.9E-40   6E-46  257.1   0.0  270   40-315    75-423 (470)
     369 UniRef100_A0A060XSS1 5-hydroxy 100.0 6.2E-40 6.1E-46  278.5   0.0  270   42-317   214-551 (704)
     370 tr|A0A1S2ZIZ2|A0A1S2ZIZ2_ERIEU 100.0   6E-40 6.1E-46  261.1   0.0  263   43-316   205-530 (620)
     371 tr|L8Y5L0|L8Y5L0_TUPCH Alpha-2 100.0 6.8E-40 6.9E-46  273.1   0.0  263   45-317   400-818 (823)
     372 tr|B4JN40|B4JN40_DROGR GH24210 100.0 6.9E-40 6.9E-46  257.2   0.0  265   40-316   118-407 (436)
     373 UniRef100_A0A2R8QQ51 Trace ami 100.0 7.1E-40 7.2E-46  258.1   0.0  261   43-316    78-363 (459)
     374 UniRef100_A0A026X2D4 Alpha-1A  100.0 7.6E-40 7.5E-46  265.9   0.0  264   40-316    94-372 (461)
     375 tr|A7SMQ7|A7SMQ7_NEMVE Predict 100.0 7.5E-40 7.5E-46  252.6   0.0  264   43-315    16-300 (358)
     376 UniRef100_A0A067R841 G_PROTEIN 100.0 8.2E-40 8.1E-46  266.0   0.0  274   38-317   106-409 (526)
     377 UniRef100_A0A0A7KUZ5 Opsin 5 n 100.0 8.4E-40 8.3E-46  261.0   0.0  265   41-315    55-342 (407)
     378 tr|A0A1S3IXU4|A0A1S3IXU4_LINUN 100.0 8.9E-40   9E-46  255.4   0.0  267   41-315    60-343 (440)
     379 UniRef100_A0A087X781 Alpha-2Db 100.0   9E-40 9.1E-46  258.4   0.0  262   46-315    74-490 (495)
     380 ERR1719361_2001115             100.0 9.2E-40 9.1E-46  258.2   0.0  266   40-316    26-323 (415)
     381 UniRef100_A0A0P7XS52 Trace ami 100.0 9.4E-40 9.4E-46  272.5   0.0  262   43-314   362-653 (726)
     382 UniRef100_A0A0L8HHE2 G_PROTEIN 100.0 9.6E-40 9.5E-46  257.7   0.0  264   43-316     5-298 (385)
     383 UniRef100_A0A3M6UME8 G_PROTEIN 100.0 9.6E-40 9.5E-46  257.1   0.0  263   40-316    41-324 (383)
     384 UniRef100_A0A077Z2V7 Neuropept 100.0 1.1E-39 1.2E-45  256.4   0.0  270   41-314    72-372 (451)
     385 UniRef100_A0A1I8FSG9 G_PROTEIN 100.0 1.2E-39 1.2E-45  260.7   0.0  268   40-314   162-502 (576)
     386 UniRef100_A0A2D0RHY1 Alpha-1B  100.0 1.2E-39 1.2E-45  257.5   0.0  264   44-316   121-431 (562)
     387 tr|B4KC34|B4KC34_DROMO Unchara 100.0 1.2E-39 1.2E-45  268.1   0.0  264   42-315   196-490 (670)
     388 SRR6218665_147192              100.0 1.2E-39 1.2E-45  257.3   0.0  268   40-315   102-394 (466)
     389 tr|A0A2B4RGY6|A0A2B4RGY6_STYPI 100.0 1.3E-39 1.2E-45  254.2   0.0  266   43-317    11-296 (348)
     390 tr|A0A210QY69|A0A210QY69_MIZYE 100.0 1.2E-39 1.3E-45  248.3   0.0  267   39-316    87-376 (400)
     391 UniRef100_A0A182H1J6 G_PROTEIN 100.0 1.3E-39 1.3E-45  273.9   0.0  168   43-216   323-512 (1005)
     392 UniRef100_A0A060WJC5 Adenosine 100.0 1.4E-39 1.4E-45  267.7   0.0  259   46-315   167-452 (595)
     393 tr|A0A182L9N8|A0A182L9N8_9DIPT 100.0 1.4E-39 1.4E-45  260.7   0.0  264   43-316    93-381 (490)
     394 tr|A0A0P7Y9H4|A0A0P7Y9H4_9TELE 100.0 1.4E-39 1.5E-45  255.2   0.0  261   45-315    46-335 (485)
     395 tr|A0A2C9K1H0|A0A2C9K1H0_BIOGL 100.0 1.5E-39 1.5E-45  260.8   0.0  258   46-314    13-293 (607)
     396 tr|J9JRI9|J9JRI9_ACYPI Unchara 100.0 1.5E-39 1.5E-45  255.2   0.0  265   41-315    37-331 (490)
     397 UniRef100_A0A060WN78 Muscarini 100.0 1.5E-39 1.5E-45  268.2   0.0  267   41-317   144-579 (611)
     398 tr|A0A147AVH6|A0A147AVH6_FUNHE 100.0 1.5E-39 1.5E-45  263.5   0.0  269   38-315   192-618 (618)
     399 UniRef100_A0A0A1XP15 Neuropept 100.0 1.5E-39 1.5E-45  251.3   0.0  266   40-314    73-370 (421)
     400 tr|A0A2B4RR50|A0A2B4RR50_STYPI 100.0 1.6E-39 1.6E-45  253.6   0.0  265   40-314    31-322 (411)
     401 UniRef100_A0A0K8WE72 5-hydroxy 100.0 1.6E-39 1.7E-45  265.1   0.0  262   45-313   275-620 (662)
     402 tr|A0A1S3FYW5|A0A1S3FYW5_DIPOR 100.0 1.6E-39 1.7E-45  246.3   0.0  263   40-316    71-357 (385)
     403 UniRef100_A0A060W247 Cholecyst 100.0 1.7E-39 1.7E-45  263.5   0.0  273   38-316   127-475 (563)
     404 tr|A0A147AYJ0|A0A147AYJ0_FUNHE 100.0 1.8E-39 1.8E-45  252.4   0.0  274   37-315    29-396 (497)
     405 tr|A0A218UWX7|A0A218UWX7_9PASE 100.0 1.9E-39 1.9E-45  257.4   0.0  262   42-314    44-337 (474)
     406 tr|A0A1W4X1F3|A0A1W4X1F3_AGRPL 100.0 2.1E-39 2.1E-45  256.5   0.0  264   43-314   138-428 (485)
     407 UniRef100_A0A026W4S0 Neuromedi 100.0 2.1E-39 2.1E-45  265.0   0.0  269   41-314    76-385 (604)
     408 tr|A0A182QHF8|A0A182QHF8_9DIPT 100.0 2.1E-39 2.1E-45  259.5   0.0  268   40-315   102-404 (581)
     409 tr|A0A2B4RSD1|A0A2B4RSD1_STYPI 100.0 2.2E-39 2.2E-45  264.0   0.0  268   41-316    53-380 (430)
     410 tr|A0A087X8Q0|A0A087X8Q0_POEFO 100.0 2.2E-39 2.2E-45  255.9   0.0  260   46-315    14-306 (456)
     411 tr|A0A147A9P7|A0A147A9P7_FUNHE 100.0 2.2E-39 2.2E-45  256.5   0.0  264   43-317    19-343 (523)
     412 UniRef100_A0A061IGH7 TAAR5 n=1 100.0 2.2E-39 2.2E-45  260.2   0.0  257   48-315   198-484 (567)
     413 tr|A0A1I8FSG9|A0A1I8FSG9_9PLAT 100.0 2.2E-39 2.2E-45  256.9   0.0  263   46-316   115-447 (550)
     414 UniRef100_A0A061QLN0 Putative  100.0 2.2E-39 2.2E-45  273.2   0.0  137   43-185    93-229 (685)
     415 UniRef100_A0A087T988 G-protein 100.0 2.2E-39 2.2E-45  257.0   0.0  261   43-316    69-375 (402)
     416 UniRef100_A0A084WFJ7 AGAP00011 100.0 2.3E-39 2.3E-45  261.6   0.0  258   43-312    92-375 (519)
     417 UniRef100_A0A0N0PF28 Orexin re 100.0 2.4E-39 2.4E-45  262.5   0.0  259   45-312   143-454 (588)
     418 UniRef100_A0A026W3I9 Neuropept 100.0 2.4E-39 2.4E-45  263.0   0.0  271   41-316    61-366 (599)
     419 UniRef100_A0A034VDT7 Tyramine/ 100.0 2.4E-39 2.4E-45  274.3   0.0  266   43-316   290-714 (820)
     420 tr|A7S169|A7S169_NEMVE Predict 100.0 2.4E-39 2.4E-45  250.0   0.0  266   40-316    20-305 (347)
     421 tr|Q6VUB7|Q6VUB7_BRAFL Dopamin 100.0 2.4E-39 2.4E-45  243.2   0.0  263   41-315    42-336 (394)
     422 UniRef100_A0A087REY1 NPY-Y2 re 100.0 2.5E-39 2.5E-45  261.4   0.0  260   43-316   191-477 (599)
     423 tr|A0A0P6C571|A0A0P6C571_9CRUS 100.0 2.5E-39 2.6E-45  255.6   0.0  274   37-316    54-444 (558)
     424 tr|A0A0P7XE55|A0A0P7XE55_9TELE 100.0 2.6E-39 2.6E-45  264.0   0.0  267   42-317    54-367 (782)
     425 UniRef100_A0A026VW91 Neuropept 100.0 2.6E-39 2.6E-45  254.3   0.0  265   42-314   192-483 (582)
     426 tr|A7S8R9|A7S8R9_NEMVE Predict 100.0 2.8E-39 2.7E-45  255.5   0.0  270   38-315    25-336 (398)
     427 UniRef100_A0A3M6UKK8 G_PROTEIN 100.0 2.9E-39 2.9E-45  259.2   0.0  265   41-315    44-333 (406)
     428 UniRef100_A0A087RCY8 5-hydroxy 100.0 2.9E-39 2.9E-45  264.4   0.0  274   39-317   145-470 (567)
     429 UniRef100_A0A034WCQ2 Octopamin 100.0   3E-39   3E-45  265.5   0.0  264   42-314   167-558 (618)
     430 tr|A0A218UTA6|A0A218UTA6_9PASE 100.0 2.9E-39   3E-45  263.5   0.0  262   46-316    65-442 (738)
     431 tr|A0A0A7RC79|A0A0A7RC79_RHOPR 100.0 2.9E-39   3E-45  249.7   0.0  266   40-316    77-372 (404)
     432 UniRef100_A0A026WM41 Dopamine  100.0   3E-39   3E-45  269.3   0.0  173   39-217   160-346 (659)
     433 tr|A0A0P7V0U8|A0A0P7V0U8_9TELE 100.0 2.9E-39   3E-45  247.9   0.0  268   37-316    84-373 (439)
     434 UniRef100_A0A060ILH2 Neuromedi 100.0   3E-39   3E-45  261.3   0.0  268   42-316   180-476 (606)
     435 tr|A0A0V1MVC7|A0A0V1MVC7_9BILA 100.0 3.1E-39 3.1E-45  262.3   0.0  261   43-315    85-376 (598)
     436 tr|A0A1I8PG61|A0A1I8PG61_STOCA 100.0 3.2E-39 3.2E-45  266.8   0.0  264   39-315   300-590 (716)
     437 UniRef100_UPI0003F07467 orexin 100.0 3.2E-39 3.2E-45  259.9   0.0  264   42-311    81-409 (535)
     438 tr|A0A182XXT9|A0A182XXT9_ANOST 100.0 3.2E-39 3.2E-45  252.1   0.0  259   45-314    81-389 (426)
     439 tr|A0A147AQT9|A0A147AQT9_FUNHE 100.0 3.2E-39 3.3E-45  257.6   0.0  272   40-317    94-465 (633)
     440 UniRef100_A0A3B4UE11 Si:zfos-1 100.0 3.2E-39 3.3E-45  248.3   0.0  258   43-315    70-348 (441)
     441 UniRef100_A0A6P8HVR8 galanin r 100.0 3.3E-39 3.3E-45  251.0   0.0  270   40-316    24-319 (381)
     442 Marorgknorr_s2lv_2_1036014.sca 100.0 3.4E-39 3.3E-45  253.1   0.0  273   37-317    28-331 (366)
     443 UniRef100_A0A2G8K804 Putative  100.0 3.4E-39 3.4E-45  255.6   0.0  268   43-317    63-439 (451)
     444 tr|A0A1L8HND2|A0A1L8HND2_XENLA 100.0 3.4E-39 3.4E-45  254.3   0.0  269   40-314   130-424 (452)
     445 tr|A0A2B4S931|A0A2B4S931_STYPI 100.0 3.5E-39 3.4E-45  256.8   0.0  273   36-314    67-343 (398)
     446 UniRef100_A0A060WTK6 5-hydroxy 100.0 3.4E-39 3.5E-45  251.1   0.0  263   44-316    96-426 (503)
     447 UniRef100_A0A210PNG3 5-hydroxy 100.0 3.6E-39 3.6E-45  258.3   0.0  267   41-316    68-367 (427)
     448 UniRef100_A0A3M6V2D3 G_PROTEIN 100.0 3.6E-39 3.6E-45  253.0   0.0  266   37-315    49-332 (393)
     449 UniRef100_A0A0E3EKU4 Allatotro 100.0 3.7E-39 3.7E-45  254.9   0.0  262   46-316   139-430 (562)
     450 UniRef100_A0A3B5MNK7 G_PROTEIN 100.0 3.8E-39 3.9E-45  248.0   0.0  263   43-314    33-345 (455)
     451 UniRef100_A0A132AJH3 7 transme 100.0 3.9E-39 3.9E-45  258.6   0.0  267   42-315    72-384 (447)
     452 UniRef100_UPI000B9126F2 D(1) d 100.0 3.8E-39 3.9E-45  248.7   0.0  266   39-315    18-316 (463)
     453 tr|T1JSJ3|T1JSJ3_TETUR Unchara 100.0 3.9E-39   4E-45  263.1   0.0  270   40-316   249-643 (747)
     454 UniRef100_A0A0K0PUE3 Orphan G- 100.0 4.1E-39 4.1E-45  261.2   0.0  268   41-313   119-423 (550)
     455 tr|A0A091DJ75|A0A091DJ75_FUKDA 100.0   4E-39 4.1E-45  248.2   0.0  262   44-315   106-486 (486)
     456 UniRef100_A0A0L8FP69 G_PROTEIN 100.0   4E-39 4.1E-45  252.1   0.0  259   44-315    54-339 (488)
     457 UniRef100_A0A1S3IHJ3 5-hydroxy 100.0 4.1E-39 4.1E-45  248.5   0.0  268   42-316    74-414 (416)
     458 UniRef100_A0A0S1YD99 Neuropept 100.0 4.1E-39 4.2E-45  248.6   0.0  262   42-315    79-370 (423)
     459 tr|A0A195BRF4|A0A195BRF4_9HYME 100.0 4.2E-39 4.2E-45  255.7   0.0  274   40-317    74-448 (475)
     460 tr|L7LWW3|L7LWW3_9ACAR Putativ 100.0 4.6E-39 4.6E-45  260.3   0.0  171   41-217   113-297 (624)
     461 UniRef100_A0A2B4RXD1 Neuropept 100.0 4.7E-39 4.6E-45  257.0   0.0  267   40-315    96-380 (461)
     462 UniRef100_A0A060VV87 Kappa-typ 100.0 4.7E-39 4.8E-45  257.8   0.0  261   40-314   192-474 (586)
     463 UniRef100_A0A210QKJ1 Pyrogluta 100.0 4.8E-39 4.8E-45  249.6   0.0  269   43-316    60-356 (424)
     464 tr|R4J1H6|R4J1H6_SALSA Cholecy 100.0 4.9E-39   5E-45  250.3   0.0  271   39-315    47-404 (461)
     465 tr|A0A2B4RI42|A0A2B4RI42_STYPI 100.0 5.2E-39 5.2E-45  249.0   0.0  268   41-314    27-322 (367)
     466 UniRef100_A0A6G8J3P5 Melanin-c 100.0 5.1E-39 5.2E-45  251.0   0.0  265   40-315    63-349 (460)
     467 tr|A7SIX0|A7SIX0_NEMVE Predict 100.0 5.2E-39 5.2E-45  249.7   0.0  270   40-315    26-316 (403)
     468 tr|A7RNV5|A7RNV5_NEMVE Predict 100.0 5.3E-39 5.3E-45  249.0   0.0  261   43-312    36-321 (377)
     469 UniRef100_A0A3M6TIF7 G_PROTEIN 100.0 5.3E-39 5.4E-45  248.3   0.0  267   39-316    44-317 (375)
     470 tr|K1PQW2|K1PQW2_CRAGI Putativ 100.0 5.3E-39 5.4E-45  248.5   0.0  268   39-315    58-351 (437)
     471 UniRef100_A0A084WCX2 AGAP00493 100.0 5.4E-39 5.4E-45  257.6   0.0  263   41-316    97-387 (474)
     472 UniRef100_A0A087XUD9 Dopamine  100.0 5.4E-39 5.5E-45  255.0   0.0  270   39-316    80-403 (510)
     473 tr|A0A146NR64|A0A146NR64_FUNHE 100.0 5.7E-39 5.8E-45  251.1   0.0  263   38-314   119-417 (449)
     474 UniRef100_A0A2I0LST6 Beta-2 ad 100.0 5.7E-39 5.8E-45  259.6   0.0  264   42-316    76-379 (621)
     475 SRR6218665_799277              100.0 5.7E-39 5.8E-45  246.9   0.0  269   40-316   126-418 (456)
     476 UniRef100_A0A060WGF3 B2 bradyk 100.0 5.9E-39 5.8E-45  267.1   0.0  263   39-315   160-449 (589)
     477 ERR1719341_586736              100.0 5.9E-39 5.9E-45  257.1   0.0  266   41-317    57-354 (513)
     478 UniRef100_A0A1S3F7I6 neuropept 100.0 5.9E-39 5.9E-45  263.7   0.0  295   12-314   219-554 (712)
     479 tr|A7SG00|A7SG00_NEMVE Predict 100.0 6.1E-39 6.1E-45  255.8   0.0  277   39-316    51-351 (427)
     480 tr|C3XPE3|C3XPE3_BRAFL Unchara 100.0   6E-39 6.1E-45  274.4   0.0  264   42-316   740-1039(1421)
     481 UniRef100_A0A0A1WLH2 Somatosta 100.0 6.2E-39 6.3E-45  262.1   0.0  263   39-315   217-505 (667)
     482 UniRef100_A0A369RVS4 Rhodopsin 100.0 6.6E-39 6.5E-45  256.1   0.0  268   38-317    47-337 (391)
     483 UniRef100_A0A4W4DTE3 G_PROTEIN 100.0 6.5E-39 6.5E-45  250.5   0.0  263   40-316    54-341 (379)
     484 UniRef100_A0A087U880 Neuropept 100.0 6.6E-39 6.5E-45  252.5   0.0  265   40-314    70-360 (401)
     485 ABNJ01.1.fsa_nt_gi|175437430|g 100.0 6.8E-39 6.9E-45  246.7   0.0  270   40-315    72-348 (362)
     486 UniRef100_A0A1D1UQ64 G_PROTEIN 100.0 6.8E-39 6.9E-45  246.0   0.0  265   39-314    45-330 (366)
     487 UniRef100_A0A0P7U0M1 Galanin r 100.0 7.5E-39 7.7E-45  246.1   0.0  266   37-316   139-433 (475)
     488 ERR1719270_744271              100.0 7.6E-39 7.7E-45  259.4   0.0  266   44-316    16-353 (568)
     489 UniRef100_A0A6S7JE64 Neuropept 100.0 7.7E-39 7.7E-45  252.5   0.0  268   39-316    35-320 (412)
     490 UniRef100_A0A060VNF4 G_PROTEIN 100.0 7.8E-39 7.8E-45  259.9   0.0  265   38-316   130-430 (566)
     491 UniRef100_A0A4D9EQQ5 Enolase-l 100.0 8.1E-39 8.3E-45  243.2   0.0  264   39-316   147-430 (472)
     492 tr|A7RKP0|A7RKP0_NEMVE Predict 100.0 8.4E-39 8.4E-45  247.8   0.0  266   40-315     9-305 (350)
     493 UniRef100_A0A023F664 Putative  100.0 8.3E-39 8.4E-45  253.3   0.0  265   45-316    87-379 (471)
     494 tr|A0A182U1B5|A0A182U1B5_9DIPT 100.0 8.5E-39 8.6E-45  258.6   0.0  268   38-314    39-340 (620)
     495 UniRef100_A0A3M6TI37 G_PROTEIN 100.0 8.9E-39 8.8E-45  248.9   0.0  265   36-315    38-305 (339)
     496 UniRef100_A0A3M6TSJ5 G_PROTEIN 100.0 8.7E-39 8.8E-45  245.8   0.0  252   46-315    77-331 (409)
     497 UniRef100_A0A0P7U357 Apelin re 100.0 8.8E-39 8.8E-45  250.6   0.0  260   43-316    62-342 (401)
     498 tr|A7RQG0|A7RQG0_NEMVE Predict 100.0 8.9E-39 8.8E-45  250.6   0.0  271   40-314    19-311 (351)
     499 tr|A0A2B4SAU9|A0A2B4SAU9_STYPI 100.0 9.3E-39 9.3E-45  270.3   0.0  270   38-316    23-314 (850)
     500 UniRef100_A0A0L7QLJ1 Neuropept 100.0 9.4E-39 9.6E-45  246.1   0.0  264   43-314   132-422 (485)
     
  > Uniprot already searched, skipping.
/projects/ilfgrid/apps/alphafold-2.2.0/prep_MSAs.sh: line 93: /bin/hmmbuild: No such file or directory
/projects/ilfgrid/apps/alphafold-2.2.0/prep_MSAs.sh: line 94: /bin/hmmsearch: No such file or directory
> Running chain B
  > Uniref90 already searched, skipping.
  > Mgnify already searched, skipping.
  > Running hhblits on bfd_uniref30
- 19:24:15.003 INFO: Searching 65983866 column state sequences.

- 19:24:16.172 INFO: Searching 29291635 column state sequences.

- 19:24:16.211 INFO: mshr_human-3608/msas/B/chain_B.fasta is in A2M, A3M or FASTA format

- 19:24:16.212 INFO: Iteration 1

- 19:24:16.222 INFO: Prefiltering database

- 19:25:11.301 INFO: HMMs passed 1st prefilter (gapless profile-profile alignment)  : 106999

- 19:25:38.195 INFO: HMMs passed 1st prefilter (gapless profile-profile alignment)  : 80243

- 19:25:38.269 INFO: HMMs passed 2nd prefilter (gapped profile-profile alignment)   : 407

- 19:25:38.269 INFO: HMMs passed 2nd prefilter and not found in previous iterations : 407

- 19:25:38.269 INFO: Scoring 407 HMMs using HMM-HMM Viterbi alignment

- 19:25:38.320 INFO: Alternative alignment: 0

- 19:25:38.983 INFO: 407 alignments done

- 19:25:38.983 INFO: Alternative alignment: 1

- 19:25:38.000 INFO: 391 alignments done

- 19:25:39.000 INFO: Alternative alignment: 2

- 19:25:39.004 INFO: 40 alignments done

- 19:25:39.004 INFO: Alternative alignment: 3

- 19:25:39.005 INFO: 5 alignments done

- 19:25:39.124 INFO: Premerge done

- 19:25:39.124 INFO: Realigning 454 HMM-HMM alignments using Maximum Accuracy algorithm

- 19:25:39.251 INFO: 22 sequences belonging to 22 database HMMs found with an E-value < 0.001

- 19:25:39.251 INFO: Number of effective sequences of resulting query HMM: Neff = 4.46542

- 19:25:39.259 INFO: Iteration 2

- 19:25:39.259 INFO: Set premerge to 0! (premerge: 3 iteration: 2 hits.Size: 19)

- 19:25:39.268 INFO: Prefiltering database

- 19:26:33.777 INFO: HMMs passed 1st prefilter (gapless profile-profile alignment)  : 43542

- 19:26:51.720 INFO: HMMs passed 1st prefilter (gapless profile-profile alignment)  : 46072

- 19:26:51.803 INFO: HMMs passed 2nd prefilter (gapped profile-profile alignment)   : 207

- 19:26:51.803 INFO: HMMs passed 2nd prefilter and not found in previous iterations : 188

- 19:26:51.803 INFO: Scoring 188 HMMs using HMM-HMM Viterbi alignment

- 19:26:51.844 INFO: Alternative alignment: 0

- 19:26:51.936 INFO: 188 alignments done

- 19:26:51.936 INFO: Alternative alignment: 1

- 19:26:51.942 INFO: 175 alignments done

- 19:26:51.943 INFO: Alternative alignment: 2

- 19:26:51.945 INFO: 28 alignments done

- 19:26:51.945 INFO: Alternative alignment: 3

- 19:26:51.946 INFO: 8 alignments done

- 19:26:51.965 INFO: Realigning 224 HMM-HMM alignments using Maximum Accuracy algorithm

- 19:26:52.023 INFO: 45 sequences belonging to 45 database HMMs found with an E-value < 0.001

- 19:26:52.023 INFO: Number of effective sequences of resulting query HMM: Neff = 4.57856

- 19:26:52.028 INFO: Iteration 3

- 19:26:52.041 INFO: Prefiltering database

- 19:27:52.926 INFO: HMMs passed 1st prefilter (gapless profile-profile alignment)  : 42876

- 19:28:15.668 INFO: HMMs passed 1st prefilter (gapless profile-profile alignment)  : 43060

- 19:28:15.758 INFO: HMMs passed 2nd prefilter (gapped profile-profile alignment)   : 197

- 19:28:15.758 INFO: HMMs passed 2nd prefilter and not found in previous iterations : 155

- 19:28:15.758 INFO: Scoring 155 HMMs using HMM-HMM Viterbi alignment

- 19:28:15.806 INFO: Alternative alignment: 0

- 19:28:15.833 INFO: 155 alignments done

- 19:28:15.834 INFO: Alternative alignment: 1

- 19:28:15.839 INFO: 145 alignments done

- 19:28:15.839 INFO: Alternative alignment: 2

- 19:28:15.840 INFO: 14 alignments done

- 19:28:15.840 INFO: Alternative alignment: 3

- 19:28:15.841 INFO: 2 alignments done

- 19:28:15.864 INFO: Rescoring previously found HMMs with Viterbi algorithm

- 19:28:15.901 INFO: Alternative alignment: 0

- 19:28:15.903 INFO: 42 alignments done

- 19:28:15.904 INFO: Alternative alignment: 1

- 19:28:15.906 INFO: 42 alignments done

- 19:28:15.906 INFO: Alternative alignment: 2

- 19:28:15.908 INFO: 27 alignments done

- 19:28:15.908 INFO: Alternative alignment: 3

- 19:28:15.910 INFO: 11 alignments done

- 19:28:15.932 INFO: Premerge done

- 19:28:15.932 INFO: Realigning 212 HMM-HMM alignments using Maximum Accuracy algorithm

- 19:28:15.969 INFO: 45 sequences belonging to 45 database HMMs found with an E-value < 0.001

- 19:28:15.969 INFO: Number of effective sequences of resulting query HMM: Neff = 4.57856

     Query         &beta;-MSH gtp:3608
     Match_columns 18
     No_of_seqs    222 out of 638
     Neff          4.57856
     Searched_HMMs 532
     Date          Wed Mar  8 19:28:15 2023
     Command       hhblits -i mshr_human-3608/msas/B/chain_B.fasta -cpu 4 -maxmem 20 -oa3m /projects/ilfgrid/people/nqz918/code/deorph/scripts/af_arman/af_jobs_af23/mshr_human/3608//mshr_human-3608/msas/B/bfd_uniref_hits.a3m -o /dev/null -n 3 -e 0.001 -maxseq 1000000 -realign_max 100000 -maxfilt 100000 -min_prefilter_hits 1000 -d /projects/ilfgrid/data/alphafold-genetic-databases///bfd/bfd_metaclust_clu_complete_id30_c90_final_seq.sorted_opt -d /projects/ilfgrid/data/alphafold-genetic-databases///uniref30/UniRef30_2021_03 
     
      No Hit                             Prob E-value P-value  Score    SS Cols Query HMM  Template HMM
       1 UniRef100_P01202 Melanotropin   98.9 2.9E-11   3E-17   48.1   0.0   17    2-18      2-18  (18)
       2 UniRef100_A0A384AVQ4 Adrenocor  98.5 2.1E-09 2.3E-15   57.4   0.0   17    2-18     65-81  (114)
       3 UniRef100_A0A0S7MFS2 Adrenocor  98.3 9.2E-09 1.3E-14   55.9   0.0   17    2-18     84-100 (137)
       4 UniRef100_A0A385LUI4 Adrenocor  98.3 1.6E-08 1.7E-14   47.5   0.0   18    1-18     13-30  (44)
       5 UniRef100_A0A6P3HIC3 Adrenocor  98.3 1.9E-08 2.2E-14   57.7   0.0   17    2-18    158-174 (207)
       6 tr|I3LKG8|I3LKG8_PIG Pro-opiom  98.2 4.9E-08 6.2E-14   59.4   0.0   17    2-18    332-348 (381)
       7 UniRef100_G1SQ55 Adrenocortico  98.1 7.7E-08 8.2E-14   50.2   0.0   17    2-18     39-55  (88)
       8 UniRef100_A0A060YDT3 Adrenocor  98.1 5.5E-08 8.4E-14   57.6   0.0   17    2-18    222-238 (310)
       9 UniRef100_Q7LZD2 Corticotropin  98.0 1.9E-07   2E-13   42.6   0.0   16    2-17     20-35  (35)
      10 tr|M7AWG0|M7AWG0_CHEMY Pro-opi  98.0 1.8E-07 2.1E-13   58.3   0.0   17    2-18    431-447 (480)
      11 UniRef100_A0A096N6S7 Adrenocor  98.0 2.2E-07 2.7E-13   56.8   0.0   17    2-18    295-311 (375)
      12 UniRef100_A0A097ZJL4 Adrenocor  97.9 2.9E-07 3.3E-13   53.2   0.0   17    2-18    161-177 (203)
      13 UniRef100_A0A291LMJ1 Adrenocor  97.9 3.8E-07 4.2E-13   49.6   0.0   17    2-18     70-86  (116)
      14 tr|A0A0F8CIL7|A0A0F8CIL7_LARCR  97.9   4E-07 5.4E-13   54.4   0.0   16    2-17    240-255 (291)
      15 UniRef100_A0A023WBK5 Adrenocor  97.9 4.7E-07 6.1E-13   53.7   0.0   17    2-18    210-226 (264)
      16 UniRef100_A0A087XBH8 Adrenocor  97.8 6.9E-07 8.9E-13   53.9   0.0   16    2-17    238-253 (310)
      17 UniRef100_P01206 Melanotropin   97.8 1.1E-06 1.2E-12   35.8   0.0   14    3-16      3-16  (18)
      18 UniRef100_A0A4X2JSQ9 Beta-endo  97.7 2.1E-06 2.2E-12   45.4   0.0   16    2-17     33-48  (90)
      19 tr|A0A147A4L2|A0A147A4L2_FUNHE  97.6 2.1E-06 2.9E-12   52.4   0.0   16    2-17    300-315 (351)
      20 UniRef100_V9QEE2 POMC (Fragmen  97.6 2.9E-06   3E-12   47.9   0.0   17    2-18    133-149 (155)
      21 UniRef100_A0A109NH87 Adrenocor  97.6 2.6E-06 3.1E-12   51.8   0.0   16    2-17    227-242 (314)
      22 UniRef100_P41589 Melanotropin   97.6 3.1E-06 3.2E-12   32.5   0.0   12    4-15      1-12  (13)
      23 UniRef100_A0A7J7EB80 Adrenocor  97.6 3.5E-06 3.7E-12   52.3   0.0   17    2-18    350-366 (399)
      24 UniRef100_A0A0A7CB01 Adrenocor  97.5 7.3E-06 7.5E-12   43.5   0.0   16    2-17     65-80  (90)
      25 UniRef100_A0A4X1TXQ0 Adrenocor  97.4 9.4E-06 9.7E-12   50.6   0.0   17    2-18    366-382 (415)
      26 UniRef100_G0LYC2 Adrenocortico  97.4 1.3E-05 1.4E-11   42.7   0.0   16    2-17     48-63  (91)
      27 UniRef100_A0A3B3IEF3 Adrenocor  97.4 1.2E-05 1.5E-11   48.6   0.0   16    2-17    224-239 (277)
      28 tr|A0A287ACZ2|A0A287ACZ2_PIG P  97.3 1.6E-05 1.9E-11   49.1   0.0   16    3-18    298-313 (346)
      29 UniRef100_M7AWG0 Adrenocortico  97.3 2.6E-05 2.7E-11   49.4   0.0   16    3-18    432-447 (480)
      30 tr|H0WAP1|H0WAP1_CAVPO Pro-opi  97.2 2.9E-05 3.2E-11   48.1   0.0   17    2-18    207-223 (342)
      31 UniRef100_P01207 Melanotropin   97.1 5.5E-05 5.6E-11   30.6   0.0   14    3-16      3-16  (16)
      32 UniRef100_UPI0008F9FE43 pro-op  97.1 5.6E-05 5.8E-11   43.3   0.0   16    2-17    135-150 (156)
      33 UniRef100_A0A218KE56 Adrenocor  97.0 8.2E-05   1E-10   44.8   0.0   14    4-17    198-211 (243)
      34 tr|A7Y489|A7Y489_SOLSO Proopio  96.9 0.00015 1.6E-10   42.5   0.0   16    2-17    143-158 (186)
      35 UniRef100_H0WAP1 Adrenocortico  96.9 0.00018 1.9E-10   44.8   0.0   16    2-17    207-222 (342)
      36 UniRef100_P41989 Melanotropin   96.8 0.00024 2.5E-10   26.7   0.0    9    5-13      1-9   (11)
      37 UniRef100_A0A4Z2BRR7 Adrenocor  96.8 0.00022 2.5E-10   43.0   0.0   15    2-16    174-188 (230)
      38 UniRef100_UPI0009B46B9B pro-op  96.8 0.00026 2.6E-10   44.4   0.0   16    2-17    262-277 (351)
      39 UniRef100_A0A193H5S4 Adrenocor  96.7 0.00029 3.3E-10   43.3   0.0   16    3-18    220-235 (273)
      40 UniRef100_P01196 Pro-opiomelan  96.7 0.00033 3.6E-10   33.5   0.0   12    4-15      1-12  (39)
      41 UniRef100_A0A5J5D981 Adrenocor  96.6 0.00047 4.9E-10   42.8   0.0   16    2-17    258-273 (311)
      42 UniRef100_V8NQ64 Met-enkephali  96.5 0.00086 8.9E-10   37.4   0.0   14    3-16     61-74  (111)
      43 UniRef100_A0A315WF50 Met-enkep  96.4  0.0011 1.1E-09   36.4   0.0   15    2-16     44-58  (96)
      44 UniRef100_Q4RR10 Adrenocortico  96.3  0.0015 1.6E-09   37.9   0.0   15    2-16    131-145 (150)
      45 tr|A0A1W6R7E2|A0A1W6R7E2_SMICR  96.3  0.0016 1.8E-09   41.8   0.0   17    2-18    350-366 (399)
      46 UniRef100_A0A665UJY1 Adrenocor  96.3  0.0018   2E-09   38.9   0.0   14    3-16    152-165 (196)
      47 UniRef100_UPI0018861576 pro-op  96.3  0.0019   2E-09   38.8   0.0   16    1-16    108-123 (203)
      48 UniRef100_A0A7J5XCN6 Adrenocor  96.1   0.003 3.4E-09   36.7   0.0   14    2-15     94-107 (143)
      49 UniRef100_Q2L6B0 Met-enkephali  96.1  0.0034 3.6E-09   38.3   0.0   15    3-17    105-119 (219)
      50 UniRef100_Q2L6A9 Adrenocortico  96.0  0.0035 3.8E-09   37.0   0.0   14    4-17    106-119 (160)
      51 UniRef100_A0A0H3ZG63 Adrenocor  95.9  0.0046 5.2E-09   35.5   0.0   13    3-15     59-71  (125)
      52 UniRef100_A0A6P7LN64 pro-opiom  95.9  0.0053 5.5E-09   38.2   0.0   16    3-18    110-125 (261)
      53 UniRef100_A0A670ZQ51 Met-enkep  95.9  0.0055 5.6E-09   33.1   0.0   13    4-16     30-42  (78)
      54 tr|Q91259|Q91259_PETMA Proopio  95.9  0.0054 5.8E-09   38.0   0.0   14    4-17    191-204 (245)
      55 UniRef100_A0A385LUC5 Proopiome  95.9  0.0057 5.9E-09   33.0   0.0   14    3-16     62-75  (77)
      56 tr|Q9PRN2|Q9PRN2_PETMA Unchara  95.9  0.0055   6E-09   38.5   0.0   15    3-17    151-165 (278)
      57 UniRef100_A0A5C6NRZ1 Adrenocor  95.8  0.0067 6.9E-09   38.1   0.0   15    2-16    224-238 (280)
      58 UniRef100_K7P8I7 Pro-opiomelan  95.8  0.0064   7E-09   34.5   0.0   13    1-13     99-111 (111)
      59 UniRef100_Q4RR10 Adrenocortico  95.8  0.0068 7.1E-09   35.6   0.0   15    3-17     57-71  (150)
      60 UniRef100_A0A6A4RWU4 Adrenocor  95.8  0.0071 7.3E-09   39.7   0.0   16    2-17    405-420 (458)
      61 UniRef100_UPI0012437925 pro-op  95.7  0.0092 9.4E-09   33.0   0.0   13    3-15     23-35  (92)
      62 UniRef100_A0A2Z5E3U0 Adrenocor  95.7  0.0094 9.9E-09   33.7   0.0   13    2-14     95-107 (107)
      63 UniRef100_A0A2Z5E3U0 Adrenocor  95.7  0.0094   1E-08   33.7   0.0   13    3-15     24-36  (107)
      64 UniRef100_A0A089FHF1 Adrenocor  95.7  0.0094   1E-08   34.4   0.0   14    3-16     94-107 (126)
      65 UniRef100_A0A142LW42 Adrenocor  95.6  0.0098 1.1E-08   34.4   0.0   13    3-15     45-57  (127)
      66 UniRef100_A0A3L8Q4A2 Adrenocor  95.6   0.011 1.2E-08   32.6   0.0   13    3-15     46-58  (89)
      67 UniRef100_A0A1A8G7U4 Adrenocor  95.6   0.012 1.2E-08   34.0   0.0   15    2-16     64-78  (127)
      68 tr|A0A146XQ11|A0A146XQ11_FUNHE  95.6   0.012 1.3E-08   36.8   0.0   15    1-15     81-95  (252)
      69 UniRef100_Q91259 Adrenocortico  95.5   0.013 1.3E-08   36.5   0.0   14    4-17    191-204 (245)
      70 UniRef100_A0A6P7LN64 pro-opiom  95.4   0.017 1.7E-08   36.3   0.0   14    4-17    166-179 (261)
      71 UniRef100_UPI0010A7E70C pro-op  95.4   0.017 1.8E-08   38.6   0.0   15    4-18    493-507 (540)
      72 UniRef100_Q91259 Adrenocortico  95.4   0.019 1.9E-08   35.9   0.0   14    3-16    107-120 (245)
      73 UniRef100_Q91258 Met-enkephali  95.3   0.022 2.3E-08   36.1   0.0   14    4-17    152-165 (278)
      74 UniRef100_R9TGC6 Adrenocortico  95.2   0.024 2.6E-08   34.6   0.0   13    4-16     99-111 (193)
      75 UniRef100_UPI00155EB259 pro-op  95.2   0.027 2.8E-08   33.2   0.0   14    3-16     38-51  (142)
      76 tr|Q91259|Q91259_PETMA Proopio  95.1    0.03 3.2E-08   35.2   0.0   13    4-16    108-120 (245)
      77 UniRef100_A0A5C6NRZ1 Adrenocor  95.1   0.032 3.3E-08   35.4   0.0   15    3-17    151-165 (280)
      78 UniRef100_K7QX41 Pro-opiomelan  95.0   0.038 3.9E-08   28.2   0.0   12    3-14     31-42  (49)
      79 UniRef100_A0A665UJY1 Adrenocor  94.8   0.045 4.8E-08   33.7   0.0   14    2-15     86-99  (196)
      80 UniRef100_A0A6A4RWU4 Adrenocor  94.8   0.053 5.4E-08   36.2   0.0   15    3-17    319-333 (458)
      81 tr|A0A1W6R7E2|A0A1W6R7E2_SMICR  94.6   0.067 7.2E-08   35.5   0.0   13    3-15    140-152 (399)
      82 tr|A0A1W6R7E2|A0A1W6R7E2_SMICR  94.5   0.073 7.8E-08   35.4   0.0   15    2-16    275-289 (399)
      83 UniRef100_A0A089FHF1 Adrenocor  94.3   0.087 9.5E-08   31.0   0.0   12    3-14     28-39  (126)
      84 UniRef100_A0A3Q3IMB2 Adrenocor  94.3   0.096 9.8E-08   32.9   0.0   13    4-16    107-119 (224)
      85 UniRef100_A0A1B1FEH1 Proopiome  94.2    0.11 1.1E-07   29.7   0.0   11    3-13     87-97  (98)
      86 UniRef100_A0A0A2CH99 Uncharact  93.9    0.15 1.5E-07   25.8   0.0   11    6-16     32-42  (43)
      87 UniRef100_Q2L6A9 Adrenocortico  93.8    0.16 1.7E-07   31.0   0.0   13    4-16     21-33  (160)
      88 UniRef100_A0A0S7IIQ3 COLI2 (Fr  93.8    0.17 1.7E-07   29.7   0.0   11    3-13    110-120 (120)
      89 UniRef100_A0A1B1FEH1 Proopiome  93.7    0.18 1.9E-07   28.9   0.0   12    3-14     21-32  (98)
      90 UniRef100_A0A3P4QD44 NPP domai  93.6    0.21 2.2E-07   29.3   0.0   12    3-14     70-81  (116)
      91 UniRef100_UPI0004F01464 pro-op  93.3    0.27 2.7E-07   29.6   0.0   11    3-13    129-139 (139)
      92 UniRef100_A0A6L2JH98 Uncharact  93.0    0.34 3.5E-07   29.9   0.0   11    4-14      3-13  (171)
      93 UniRef100_UPI0010A7E70C pro-op  92.9    0.37 3.8E-07   33.3   0.0   13    3-15    392-404 (540)
      94 ERR1719273_1327451              92.8    0.36 3.9E-07   29.7   0.0   12    4-15     59-70  (161)
      95 UniRef100_A0A6G6RE32 Uncharact  92.7    0.38 4.2E-07   28.7   0.0   12    7-18      1-12  (126)
      96 UniRef100_A0A3Q3DDB0 Pro-opiom  92.6    0.45 4.7E-07   30.7   0.0   11    5-15     86-96  (247)
      97 SRR4029434_1898424              92.5    0.43 4.8E-07   29.3   0.0   12    5-16     46-57  (155)
      98 UniRef100_A0A382SXC8 Uncharact  92.3    0.55 5.7E-07   22.5   0.0   11    3-13      7-17  (29)
      99 UniRef100_UPI001403D22C LOW QU  92.0    0.63 6.5E-07   29.2   0.0   12    3-14     61-72  (188)
     100 UniRef100_UPI0004F01464 pro-op  92.0    0.63 6.5E-07   28.2   0.0   11    4-14     79-89  (139)
     101 UniRef100_A0A382AVB5 Uncharact  91.4    0.85 9.2E-07   24.4   0.0   16    2-17     29-44  (55)
     102 UniRef100_UPI0014023B7C pro-op  91.3    0.94 9.6E-07   27.8   0.0   14    3-16    103-116 (147)
     103 ERR1712071_472160               91.1    0.95   1E-06   27.3   0.0   10    6-15      1-10  (124)
     104 UniRef100_UPI0018D4EE0A hypoth  91.0     1.1 1.1E-06   26.2   0.0   12    6-17     41-52  (97)
     105 UniRef100_A0A4Q0SY71 Uncharact  90.8     1.1 1.2E-06   27.5   0.0   10    6-15    129-138 (149)
     106 UniRef100_UPI0018F7F352 probab  90.7     1.2 1.2E-06   29.0   0.0   11    7-17    214-224 (241)
     107 UniRef100_A0A2R5GL51 Uncharact  90.7     1.2 1.3E-06   26.3   0.0   16    2-17     31-46  (107)
     108 UniRef100_A0A6J4SSH7 Uncharact  90.4     1.4 1.4E-06   23.8   0.0   12    3-14      3-14  (56)
     109 UniRef100_A0A2P5CI71 UDP-glucu  90.1     1.6 1.6E-06   26.4   0.0   10    6-15     52-61  (122)
     110 UniRef100_A0A7J7Q2K3 Uncharact  89.8     1.7 1.8E-06   25.6   0.0   12    6-17     42-53  (100)
     111 UniRef100_A0A0A9N080 Uncharact  89.7     1.8 1.8E-06   21.0   0.0   11    7-17      5-15  (29)
     112 SRR5262249_55925565             89.6     1.6 1.9E-06   29.0   0.0   12    5-16    244-255 (268)
     113 UniRef100_A0A0F9B267 Uncharact  89.6     1.9 1.9E-06   25.1   0.0   13    5-17     80-92  (92)
     114 UniRef100_A0A699S3M5 Uncharact  89.4       2 2.1E-06   22.2   0.0   10    8-17     32-41  (42)
     115 UniRef100_A0A2V8C3R6 Uncharact  89.4       2 2.1E-06   24.8   0.0   13    5-17     57-69  (85)
     116 UniRef100_A0A0A9M7K3 Uncharact  89.2     2.1 2.2E-06   20.9   0.0   11    7-17      6-16  (30)
     117 UniRef100_A0A522GT77 Uncharact  89.1     2.2 2.2E-06   27.0   0.0   12    7-18     54-65  (172)
     118 UniRef100_A0A066V983 Uncharact  88.6     2.4 2.6E-06   27.2   0.0   16    1-16    126-141 (187)
     119 UniRef100_A0A392PI30 Uncharact  88.5     2.6 2.7E-06   22.8   0.0   10    5-14     20-29  (54)
     120 UniRef100_A0A5F9CW27 NPP domai  88.4     2.8 2.8E-06   28.1   0.0   11    4-14     71-81  (285)
     121 UniRef100_A0A453LHC2 Uncharact  88.1       3 3.1E-06   24.7   0.0   12    4-15     55-66  (100)
     122 SRR6266576_1283274              88.0     2.7 3.1E-06   26.5   0.0   15    1-15      3-17  (160)
     123 UniRef100_J9FM23 Uncharacteriz  87.9     3.1 3.2E-06   24.4   0.0   10    7-16      1-10  (93)
     124 UniRef100_A0A7W0KES5 Uncharact  87.8     3.2 3.3E-06   22.2   0.0   13    5-17     24-36  (50)
     125 UniRef100_UPI0010A7E70C pro-op  87.8     3.2 3.3E-06   29.6   0.0   12    3-14    317-328 (540)
     126 ERR1700738_2008710              87.7       3 3.4E-06   26.0   0.0   16    1-16     52-67  (143)
     127 UniRef100_A0A671TIL7 Adrenocor  87.6     3.4 3.5E-06   26.2   0.0   15    1-15     95-109 (172)
     128 UniRef100_A0A7Z1RKQ3 Uncharact  87.4     3.6 3.7E-06   22.8   0.0   11    6-16     15-25  (62)
     129 SRR5499427_8482279              87.4     3.4 3.7E-06   27.4   0.0   13    5-17      8-20  (240)
     130 UniRef100_A0A385HTR1 Uncharact  87.3     3.7 3.8E-06   22.4   0.0   14    4-17     14-27  (55)
     131 tr|A0A178ZJT4|A0A178ZJT4_9EURO  87.3     3.3 3.8E-06   31.1   0.0   11    7-17    316-326 (882)
     132 UniRef100_A0A7S1WTZ1 Hypotheti  87.2     3.7 3.8E-06   25.7   0.0   12    6-17    110-121 (148)
     133 UniRef100_A0A323U798 Uncharact  87.2     3.8 3.9E-06   23.3   0.0   13    4-16     16-28  (72)
     134 UniRef100_A0A4Y1MTL4 Uncharact  87.1     3.8 3.9E-06   23.4   0.0   11    7-17     46-56  (75)
     135 ERR1019366_5256139              86.9     3.6 4.1E-06   28.2   0.0   14    3-16     40-53  (320)
     136 UniRef100_A0A419DHS3 Uncharact  86.6     4.3 4.4E-06   23.4   0.0   11    7-17      1-11  (80)
     137 UniRef100_A0A5N5TMV8 FERM doma  86.6     4.4 4.5E-06   28.6   0.0   15    3-17     99-113 (446)
     138 SRR4051794_16818205             86.5     4.2 4.6E-06   26.2   0.0   16    2-17     17-32  (180)
     139 UniRef100_A0A699MUL4 Reverse t  86.3     4.6 4.8E-06   23.8   0.0   11    7-17     56-66  (92)
     140 SRR6266446_5116399              85.8     4.8 5.3E-06   25.3   0.0   15    2-16    132-146 (146)
     141 UniRef100_A9NLQ0 Uncharacteriz  85.7     5.3 5.5E-06   24.5   0.0   14    3-16     20-33  (124)
     142 UniRef100_A0A2K1JBE0 Uncharact  85.6     5.5 5.6E-06   23.4   0.0   12    4-15     65-76  (88)
     143 UniRef100_A0A0F9ENZ9 Uncharact  85.5     5.5 5.7E-06   24.6   0.0   10    8-17    106-115 (130)
     144 SRR5207237_9666908              85.4     5.4 5.8E-06   24.7   0.0   14    3-16     89-102 (129)
     145 UniRef100_A0A0F2M5D3 Uncharact  85.3     5.7 5.9E-06   23.4   0.0   12    6-17     73-84  (89)
     146 UniRef100_A0A6A4KWQ2 Exostosin  85.1       6 6.2E-06   25.5   0.0   11    7-17    149-159 (180)
     147 SRR6266513_5295249              85.0     5.8 6.3E-06   24.9   0.0   11    6-16    123-133 (143)
     148 UniRef100_A0A2J7R4W6 Uncharact  84.8     6.3 6.5E-06   25.7   0.0   11    3-13    115-125 (198)
     149 UniRef100_A0A0T5Z8K0 Uncharact  84.6     6.6 6.8E-06   24.6   0.0   10    8-17     63-72  (140)
     150 UniRef100_A0A6J4X299 Uncharact  84.4     6.8   7E-06   20.1   0.0   14    1-14     16-29  (37)
     151 UniRef100_H6RN13 Uncharacteriz  84.2     7.1 7.3E-06   24.2   0.0   12    5-16     99-110 (129)
     152 UniRef100_UPI000D43A6E4 hypoth  84.2     7.2 7.4E-06   24.1   0.0   12    2-13     81-92  (126)
     153 UniRef100_G0CC15 Uncharacteriz  84.0     7.4 7.6E-06   21.7   0.0   15    2-16     37-51  (60)
     154 UniRef100_A0A3B8R2E7 HPt domai  83.9     7.5 7.7E-06   23.4   0.0   12    6-17     92-103 (103)
     155 SRR3954447_16094037             83.9     7.2 7.7E-06   26.4   0.0   15    1-15    214-228 (262)
     156 SRR3990172_7548611              83.8     7.4   8E-06   25.4   0.0   14    2-15    121-134 (188)
     157 SRR5678815_573596               83.6     7.7 8.2E-06   24.4   0.0   12    5-16     93-104 (139)
     158 SRR4051812_24616292             83.6     7.7 8.2E-06   26.3   0.0   14    1-14    255-268 (269)
     159 UniRef100_A0A1I5YWM8 Uncharact  83.5     8.1 8.3E-06   22.6   0.0   12    2-13     39-50  (83)
     160 UniRef100_A0A450STI2 Uncharact  83.3     8.4 8.6E-06   22.1   0.0   12    6-17     18-29  (71)
     161 UniRef100_A0A7R9TKI7 Hypotheti  83.2     8.5 8.7E-06   25.6   0.0   12    2-13     31-42  (228)
     162 UniRef100_A0A671TI61 NPP domai  83.1     8.6 8.9E-06   25.0   0.0   14    1-14     72-85  (183)
     163 UniRef100_A0A4X3P624 Uncharact  82.4     9.6 9.9E-06   23.0   0.0   16    1-16     48-63  (102)
     164 UniRef100_A0A6V7KYT1 FERM doma  82.3     9.8   1E-05   20.8   0.0   15    3-17     21-35  (51)
     165 UniRef100_A0A6P6SJN1 F-box pro  82.1     9.6   1E-05   26.1   0.0   14    3-16    204-217 (279)
     166 tr|F4PGT6|F4PGT6_DICFS Unchara  82.0     9.5 1.1E-05   27.8   0.0   16    1-16    448-463 (514)
     167 UniRef100_A0A178B0V3 Uncharact  81.6      11 1.1E-05   24.6   0.0   13    2-14     15-27  (186)
     168 UniRef100_A0A2I0VXH4 Regulator  81.4      11 1.2E-05   22.7   0.0   14    2-15     30-43  (99)
     169 UniRef100_A0A371ENB1 Reverse t  81.3      11 1.2E-05   24.2   0.0   14    4-17    150-163 (165)
     170 UniRef100_A0A086C3G2 Hemolysin  80.7      12 1.3E-05   23.9   0.0   17    2-18     89-105 (150)
     171 UniRef100_A0A1I5U2H0 Uncharact  80.6      13 1.3E-05   26.2   0.0   12    3-14     27-38  (361)
     172 UniRef100_UPI000369CB0B hypoth  80.5      13 1.3E-05   23.4   0.0   15    3-17     86-100 (131)
     173 UniRef100_A0A3N6R855 Uncharact  80.5      13 1.3E-05   22.2   0.0   14    4-17     11-24  (90)
     174 UniRef100_A0A367IM44 Uncharact  80.2      13 1.4E-05   22.4   0.0   10    2-11     87-96  (97)
     175 SRR5215212_9939378              79.5      13 1.5E-05   23.9   0.0   16    1-16     29-44  (155)
     176 UniRef100_A0A2K3KJ91 ABC trans  79.3      14 1.5E-05   22.0   0.0   12    2-13     37-48  (88)
     177 SRR5580704_1592698              79.2      15 1.6E-05   24.2   0.0   15    3-17    142-156 (183)
     178 UniRef100_F4PGT6 Uncharacteriz  79.2      15 1.6E-05   26.8   0.0   16    1-16    448-463 (514)
     179 UniRef100_A0A2I0VZI7 Photosyst  79.0      16 1.6E-05   21.1   0.0   14    4-17     24-37  (70)
     180 UniRef100_A0A7E6CF35 uncharact  78.9      16 1.6E-05   25.3   0.0   11    7-17    245-255 (291)
     181 UniRef100_A0A7W3IRB3 Uncharact  78.9      16 1.6E-05   21.8   0.0   13    4-16     51-63  (88)
     182 UniRef100_A0A3N6A5F6 Membrane   78.7      16 1.7E-05   22.8   0.0   12    3-14     30-41  (124)
     183 UniRef100_UPI0014941D2A AMP-bi  78.6      17 1.7E-05   20.3   0.0   13    4-16     44-56  (56)
     184 UniRef100_UPI001374845A hypoth  77.8      18 1.9E-05   22.5   0.0   13    2-14     32-44  (118)
     185 UniRef100_D9V418 Predicted pro  77.7      18 1.9E-05   20.4   0.0   13    2-14     39-51  (59)
     186 SRR3954454_10561367             77.6      18 1.9E-05   23.7   0.0   15    4-18     39-53  (168)
     187 UniRef100_A0A285RSP9 Uncharact  77.0      20   2E-05   20.9   0.0   16    2-17      3-18  (72)
     188 UniRef100_A0A0L8I6K2 Uncharact  76.7      21 2.1E-05   23.3   0.0   13    4-16     44-56  (167)
     189 UniRef100_A0A450ZAN5 Uncharact  76.7      21 2.1E-05   23.6   0.0   13    4-16    144-156 (183)
     190 UniRef100_D3R005 Uncharacteriz  76.1      22 2.3E-05   20.7   0.0   13    2-14     23-35  (72)
     191 UniRef100_B8PAL3 Predicted pro  75.8      23 2.3E-05   26.3   0.0   12    4-15     76-87  (549)
     192 UniRef100_A0A1Y1VGG5 Histone-f  75.7      23 2.4E-05   23.3   0.0   13    3-15    110-122 (173)
     193 ERR1700722_8883533              75.2      22 2.5E-05   23.2   0.0   15    2-16    143-157 (162)
     194 UniRef100_A0A0S7M9Y7 ABCA4 (Fr  75.1      24 2.5E-05   23.6   0.0   15    3-17     87-101 (203)
     195 UniRef100_A0A7S4MGC3 Hypotheti  75.1      24 2.5E-05   22.1   0.0   15    3-17     66-80  (121)
     196 UniRef100_UPI001A9B0700 hypoth  75.0      25 2.6E-05   23.5   0.0   15    3-17     96-110 (198)
     197 UniRef100_A0A0A2X3N4 Uncharact  74.5      26 2.7E-05   21.3   0.0   16    1-16     44-59  (93)
     198 UniRef100_A0A699Y781 Uncharact  73.6      28 2.9E-05   18.8   0.0   12    5-16     18-29  (44)
     199 UniRef100_A0A7W0VFY7 Uncharact  73.1      30 3.1E-05   23.1   0.0   15    3-17    104-118 (193)
     200 UniRef100_A0A424YGH3 LysM pept  72.9      30 3.1E-05   22.6   0.0   13    5-17    121-133 (160)
     201 UniRef100_A0A0V0PWW5 Uncharact  72.5      32 3.3E-05   25.0   0.0   14    2-15    308-321 (409)
     202 UniRef100_A0A6C0HF59 Uncharact  72.5      32 3.3E-05   21.7   0.0   13    1-13     81-93  (120)
     203 UniRef100_A0A0A9HM39 Uncharact  72.2      33 3.3E-05   22.0   0.0   13    5-17     95-107 (136)
     204 UniRef100_A0A1G1ZF94 Uncharact  67.1      50 5.2E-05   19.2   0.0   14    4-17     41-54  (64)
     205 UniRef100_A0A321L388 Uncharact  64.3      62 6.4E-05   19.8   0.0   16    1-16     15-30  (88)
     206 UniRef100_UPI00041F3E4B DDE tr  61.1      78   8E-05   19.1   0.0   15    3-17      6-20  (78)
     207 UniRef100_A0A2P2PHS9 Uncharact  61.0      79 8.1E-05   17.2   0.0   15    3-17     21-35  (40)
     208 UniRef100_A0A329AJS5 Uncharact  58.5      93 9.6E-05   21.0   0.0   15    2-16     16-30  (174)
     209 UniRef100_A0A510JDT9 Putative   56.8   1E+02 0.00011   19.2   0.0   15    3-17     36-50  (94)
     210 UniRef100_A0A314YSP1 NAC trans  55.3 1.1E+02 0.00012   18.8   0.0   14    4-17     62-75  (84)
     211 UniRef100_A0A3L8Q4A2 Adrenocor  47.2 1.9E+02 0.00019   18.2   0.0    8    7-14      1-8   (89)
     212 UniRef100_A0A385LUC5 Proopiome  40.8 2.7E+02 0.00028   17.3   0.0    7    8-14      1-7   (77)
     
  > Uniprot already searched, skipping.
/projects/ilfgrid/apps/alphafold-2.2.0/prep_MSAs.sh: line 93: /bin/hmmbuild: No such file or directory
/projects/ilfgrid/apps/alphafold-2.2.0/prep_MSAs.sh: line 94: /bin/hmmsearch: No such file or directory

>> Job finished at: Wed Mar  8 19:28:21 CET 2023

>> Runtime: 974 s
