>> Job started at: Thu Mar  9 13:43:19 CET 2023
   On Machine:     ilfgridgpun01fl.unicph.domain
   In directory:   /projects/ilfgrid/people/nqz918/code/deorph/scripts/af_arman/af_jobs_af23/ssr5_rat/2019

>> GPU is 

Loaded miniconda shell environment for bash
> Running 'prep_MSAs.sh'
  > Alphafold-DB directory is set to /projects/ilfgrid/data/alphafold-genetic-databases//
  > Number of cores was set to set to 4
  > Max memory set to 20 GB
  > Output directory was set to /projects/ilfgrid/people/nqz918/code/deorph/scripts/af_arman/af_jobs_af23/ssr5_rat/2019/
  > Input fastafile was set to /projects/ilfgrid/people/nqz918/code/deorph/scripts/af_arman/af_jobs_af23/ssr5_rat/2019/ssr5_rat-2019.fasta
> Splitting fastafile
> Running chain A
  > Uniref90 already searched, skipping.
  > Mgnify already searched, skipping.
  > Running hhblits on bfd_uniref30
- 13:43:38.357 INFO: Searching 65983866 column state sequences.

- 13:43:39.383 INFO: Searching 29291635 column state sequences.

- 13:43:39.418 INFO: ssr5_rat-2019/msas/A/chain_A.fasta is in A2M, A3M or FASTA format

- 13:43:39.419 INFO: Iteration 1

- 13:43:39.602 INFO: Prefiltering database

- 13:44:50.012 INFO: HMMs passed 1st prefilter (gapless profile-profile alignment)  : 3858865

- 13:45:33.576 INFO: HMMs passed 1st prefilter (gapless profile-profile alignment)  : 1259141

- 13:45:37.685 INFO: HMMs passed 2nd prefilter (gapped profile-profile alignment)   : 38404

- 13:45:37.685 INFO: HMMs passed 2nd prefilter and not found in previous iterations : 38404

- 13:45:37.685 INFO: Scoring 38404 HMMs using HMM-HMM Viterbi alignment

- 13:45:37.773 INFO: Alternative alignment: 0

- 13:45:38.743 INFO: 2000 alignments done

- 13:45:39.460 INFO: 4000 alignments done

- 13:45:40.077 INFO: 6000 alignments done

- 13:45:40.771 INFO: 8000 alignments done

- 13:45:49.052 INFO: 10000 alignments done

- 13:45:49.961 INFO: 12000 alignments done

- 13:45:50.841 INFO: 14000 alignments done

- 13:45:51.451 INFO: 16000 alignments done

- 13:45:51.911 INFO: 18000 alignments done

- 13:45:52.314 INFO: 20000 alignments done

- 13:45:52.721 INFO: 22000 alignments done

- 13:45:53.128 INFO: 24000 alignments done

- 13:45:53.540 INFO: 26000 alignments done

- 13:45:53.951 INFO: 28000 alignments done

- 13:45:54.391 INFO: 30000 alignments done

- 13:45:54.872 INFO: 32000 alignments done

- 13:45:55.246 INFO: 34000 alignments done

- 13:45:55.960 INFO: 36000 alignments done

- 13:45:58.280 INFO: 38000 alignments done

- 13:45:59.139 INFO: 38404 alignments done

- 13:45:59.140 INFO: Alternative alignment: 1

- 13:46:09.196 INFO: 38233 alignments done

- 13:46:09.299 INFO: Alternative alignment: 2

- 13:46:11.708 INFO: 7495 alignments done

- 13:46:11.714 INFO: Alternative alignment: 3

- 13:46:12.203 INFO: 1154 alignments done

- 13:46:12.973 INFO: Premerge done

- 13:46:12.979 INFO: Realigning 20425 HMM-HMM alignments using Maximum Accuracy algorithm

- 13:47:05.780 INFO: 20428 sequences belonging to 20428 database HMMs found with an E-value < 0.001

- 13:47:05.781 INFO: Number of effective sequences of resulting query HMM: Neff = 11.2198

- 13:47:06.211 INFO: Iteration 2

- 13:47:06.211 INFO: Set premerge to 0! (premerge: 3 iteration: 2 hits.Size: 20425)

- 13:47:06.404 INFO: Prefiltering database

- 13:48:27.653 INFO: HMMs passed 1st prefilter (gapless profile-profile alignment)  : 8937932

- 13:49:30.474 INFO: HMMs passed 1st prefilter (gapless profile-profile alignment)  : 3390227

- 13:49:42.602 INFO: HMMs passed 2nd prefilter (gapped profile-profile alignment)   : 96064

- 13:49:42.602 INFO: HMMs passed 2nd prefilter and not found in previous iterations : 76291

- 13:49:42.602 INFO: Scoring 76291 HMMs using HMM-HMM Viterbi alignment

- 13:49:42.653 INFO: Alternative alignment: 0

- 13:49:43.621 INFO: 2000 alignments done

- 13:49:44.341 INFO: 4000 alignments done

- 13:49:45.134 INFO: 6000 alignments done

- 13:49:46.935 INFO: 8000 alignments done

- 13:49:52.287 INFO: 10000 alignments done

- 13:49:59.742 INFO: 12000 alignments done

- 13:49:59.746 INFO: Stop after DB-HHM: 12000 because early stop  16.9313 < filter cutoff 20

- 13:49:59.746 INFO: Alternative alignment: 1

- 13:50:02.818 INFO: 8117 alignments done

- 13:50:02.837 INFO: Alternative alignment: 2

- 13:50:03.229 INFO: 673 alignments done

- 13:50:03.230 INFO: Alternative alignment: 3

- 13:50:03.307 INFO: 98 alignments done

- 13:50:03.464 INFO: Realigning 3154 HMM-HMM alignments using Maximum Accuracy algorithm

- 13:50:15.550 INFO: 23582 sequences belonging to 23582 database HMMs found with an E-value < 0.001

- 13:50:15.550 INFO: Number of effective sequences of resulting query HMM: Neff = 11.4216

- 13:50:15.727 INFO: Iteration 3

- 13:50:15.904 INFO: Prefiltering database

- 13:51:26.914 INFO: HMMs passed 1st prefilter (gapless profile-profile alignment)  : 7883341

- 13:52:20.647 INFO: HMMs passed 1st prefilter (gapless profile-profile alignment)  : 3014761

- 13:52:32.021 WARNING: database contains sequences that exceed maximum allowed size (maxres = 20001). Max sequence length can be increased with parameter -maxres.

- 13:52:32.044 INFO: HMMs passed 2nd prefilter (gapped profile-profile alignment)   : 81653

- 13:52:32.044 INFO: HMMs passed 2nd prefilter and not found in previous iterations : 58745

- 13:52:32.044 INFO: Scoring 58745 HMMs using HMM-HMM Viterbi alignment

- 13:52:32.114 INFO: Alternative alignment: 0

- 13:52:33.211 INFO: 2000 alignments done

- 13:52:34.182 INFO: 4000 alignments done

- 13:52:35.369 INFO: 6000 alignments done

- 13:52:39.301 INFO: 8000 alignments done

- 13:52:46.128 INFO: 10000 alignments done

- 13:52:46.135 INFO: Stop after DB-HHM: 10000 because early stop  11.0542 < filter cutoff 20

- 13:52:46.135 INFO: Alternative alignment: 1

- 13:52:49.036 INFO: 5933 alignments done

- 13:52:49.041 INFO: Alternative alignment: 2

- 13:52:49.369 INFO: 565 alignments done

- 13:52:49.384 INFO: Alternative alignment: 3

- 13:52:49.461 INFO: 90 alignments done

- 13:52:49.590 INFO: Rescoring previously found HMMs with Viterbi algorithm

- 13:52:49.651 INFO: Alternative alignment: 0

- 13:52:50.263 INFO: 2000 alignments done

- 13:52:50.824 INFO: 4000 alignments done

- 13:52:51.414 INFO: 6000 alignments done

- 13:52:52.011 INFO: 8000 alignments done

- 13:52:52.598 INFO: 10000 alignments done

- 13:52:53.142 INFO: 12000 alignments done

- 13:52:53.660 INFO: 14000 alignments done

- 13:52:54.168 INFO: 16000 alignments done

- 13:52:54.679 INFO: 18000 alignments done

- 13:52:55.188 INFO: 20000 alignments done

- 13:52:55.697 INFO: 22000 alignments done

- 13:52:55.937 INFO: 22906 alignments done

- 13:52:55.940 INFO: Alternative alignment: 1

- 13:53:02.302 INFO: 22906 alignments done

- 13:53:02.347 INFO: Alternative alignment: 2

- 13:53:03.013 INFO: 1650 alignments done

- 13:53:03.015 INFO: Alternative alignment: 3

- 13:53:03.158 INFO: 253 alignments done

- 13:53:03.484 INFO: Premerge done

- 13:53:03.487 INFO: Realigning 23671 HMM-HMM alignments using Maximum Accuracy algorithm

- 13:53:43.745 INFO: 23866 sequences belonging to 23866 database HMMs found with an E-value < 0.001

- 13:53:43.745 INFO: Number of effective sequences of resulting query HMM: Neff = 11.4548

     Query         ssr5_rat P30938
     Match_columns 363
     No_of_seqs    1457 out of 260637
     Neff          11.4548
     Searched_HMMs 103535
     Date          Thu Mar  9 13:53:43 2023
     Command       hhblits -i ssr5_rat-2019/msas/A/chain_A.fasta -cpu 4 -maxmem 20 -oa3m /projects/ilfgrid/people/nqz918/code/deorph/scripts/af_arman/af_jobs_af23/ssr5_rat/2019//ssr5_rat-2019/msas/A/bfd_uniref_hits.a3m -o /dev/null -n 3 -e 0.001 -maxseq 1000000 -realign_max 100000 -maxfilt 100000 -min_prefilter_hits 1000 -d /projects/ilfgrid/data/alphafold-genetic-databases///bfd/bfd_metaclust_clu_complete_id30_c90_final_seq.sorted_opt -d /projects/ilfgrid/data/alphafold-genetic-databases///uniref30/UniRef30_2021_03 
     
      No Hit                             Prob E-value P-value  Score    SS Cols Query HMM  Template HMM
       1 tr|A0A091DWF1|A0A091DWF1_FUKDA 100.0   4E-68 4.1E-74  422.4   0.0  362    1-363   119-483 (483)
       2 UniRef100_A0A091DWF1 Somatosta 100.0 9.6E-66 9.8E-72  418.8   0.0  359    1-362   119-479 (523)
       3 UniRef100_A0A060X0R7 Uncharact 100.0 6.1E-62 6.2E-68  380.5   0.0  345   18-363    38-383 (383)
       4 UniRef100_A0A060X1Q6 Somatosta 100.0 2.1E-60 2.2E-66  404.8   0.0  326   35-362   137-463 (604)
       5 UniRef100_A0A4D9EQQ5 Enolase-l 100.0 2.6E-59 2.6E-65  366.1   0.0  350   13-363   122-472 (472)
       6 tr|A0A0F8ARD3|A0A0F8ARD3_LARCR 100.0 5.6E-59 5.7E-65  375.2   0.0  329   32-361    48-380 (464)
       7 tr|M3ZFE6|M3ZFE6_XIPMA Somatos 100.0 2.3E-58 2.3E-64  376.0   0.0  293   33-328   100-394 (525)
       8 tr|A0A0P7U387|A0A0P7U387_9TELE 100.0 2.1E-57 2.1E-63  372.9   0.0  289   34-325   125-417 (556)
       9 UniRef100_A0A4W2H4G2 Somatosta 100.0 6.8E-57   7E-63  349.5   0.0  360    1-362     1-367 (463)
      10 UniRef100_A0A087XDT1 Somatosta 100.0 1.6E-54 1.6E-60  362.5   0.0  292   32-326   163-456 (676)
      11 tr|S9YJE2|S9YJE2_CAMFR Somatos 100.0 2.6E-54 2.6E-60  345.3   0.0  325   35-361   110-437 (438)
      12 UniRef100_A0A6P3IMR0 somatosta 100.0 3.4E-53 3.5E-59  339.9   0.0  322   38-362   198-523 (524)
      13 UniRef100_A0A060W5Z4 G_PROTEIN 100.0 1.5E-52 1.5E-58  354.4   0.0  285   36-325   189-476 (593)
      14 UniRef100_A0A553Q836 G_PROTEIN 100.0 2.1E-52 2.2E-58  330.4   0.0  334   28-362    38-371 (536)
      15 UniRef100_A0A0K0PUX7 Orphan G- 100.0 9.4E-52 9.5E-58  347.6   0.0  290   34-324    59-355 (471)
      16 UniRef100_A0A087RJN6 Somatosta 100.0   6E-51   6E-57  342.1   0.0  281   36-322    59-342 (391)
      17 tr|A0A1L8G1N6|A0A1L8G1N6_XENLA 100.0   2E-50   2E-56  328.7   0.0  286   32-324   111-399 (448)
      18 UniRef100_A0A1S3HKE5 allatosta 100.0 3.5E-50 3.5E-56  338.5   0.0  287   31-320    76-372 (462)
      19 UniRef100_A0A2B4S7K2 Histamine 100.0   6E-50   6E-56  331.4   0.0  284   34-326    29-330 (369)
      20 UniRef100_A0A1N7TCF1 Galanin r 100.0 6.5E-50 6.6E-56  327.6   0.0  291   35-326    69-363 (407)
      21 UniRef100_A0A060X690 G_PROTEIN 100.0 8.9E-50   9E-56  321.2   0.0  291   34-325    43-337 (386)
      22 UniRef100_A0A3B4UE11 Si:zfos-1 100.0 1.3E-49 1.4E-55  316.4   0.0  296   28-326    56-353 (441)
      23 UniRef100_A0A087VAK8 Somatosta 100.0 2.4E-49 2.5E-55  307.5   0.0  327   31-359    55-383 (384)
      24 tr|A0A1V4J9K1|A0A1V4J9K1_PATFA 100.0 5.8E-49 5.9E-55  336.9   0.0  293   33-326   316-610 (939)
      25 UniRef100_A0A1A8DKY3 Somatosta 100.0   6E-49 6.2E-55  296.4   0.0  282   79-362     5-287 (313)
      26 UniRef100_A0A024FLF0 PQRFa pep 100.0 6.3E-49 6.3E-55  331.8   0.0  284   35-323    47-346 (413)
      27 UniRef100_A0A077YWL6 Somatosta 100.0 1.2E-48 1.2E-54  331.1   0.0  289   37-326    65-363 (446)
      28 UniRef100_A0A6P4Z4S7 G-protein 100.0   3E-48   3E-54  329.7   0.0  293   32-327    54-355 (417)
      29 UniRef100_A0A2G8L6L1 Putative  100.0 3.5E-48 3.5E-54  315.2   0.0  289   35-326    33-327 (407)
      30 UniRef100_A0A0K0PUT9 Excitator 100.0 1.4E-47 1.4E-53  324.2   0.0  291   32-323    98-401 (474)
      31 UniRef100_A0A0K0PUR1 Orphan G- 100.0 1.6E-47 1.6E-53  325.8   0.0  281   35-319   112-407 (530)
      32 tr|G3S2I3|G3S2I3_GORGO Opioid  100.0   2E-47   2E-53  311.1   0.0  283   38-321   163-447 (492)
      33 UniRef100_A0A0K0PUL8 Allatosta 100.0   2E-47 2.1E-53  314.2   0.0  290   34-324    47-345 (396)
      34 UniRef100_A0A026X3T6 Allatosta 100.0 2.1E-47 2.1E-53  322.3   0.0  284   37-324   139-426 (540)
      35 UniRef100_A0A553R2N1 G_PROTEIN 100.0 2.8E-47 2.8E-53  297.9   0.0  319   36-356   125-443 (474)
      36 UniRef100_A0A2B4RSM5 Neuropept 100.0 2.9E-47 2.9E-53  312.6   0.0  284   35-323    34-323 (417)
      37 UniRef100_A0A6P4Y4T1 galanin r 100.0 3.9E-47 3.9E-53  311.3   0.0  292   33-327    54-355 (410)
      38 UniRef100_A0A023F3V9 Putative  100.0 4.1E-47 4.1E-53  317.5   0.0  285   37-322   132-422 (574)
      39 UniRef100_A0A060YB93 G_PROTEIN 100.0 4.1E-47 4.2E-53  301.0   0.0  288   35-325    56-345 (480)
      40 UniRef100_A0A369RW72 Octopamin 100.0 4.3E-47 4.3E-53  322.2   0.0  276   36-319    53-354 (412)
      41 UniRef100_A0A087T336 Somatosta 100.0 4.6E-47 4.7E-53  311.4   0.0  286   37-324    77-368 (454)
      42 UniRef100_A0A023F675 Putative  100.0 5.6E-47 5.6E-53  325.6   0.0  288   34-324   123-420 (530)
      43 tr|A0A218VDE9|A0A218VDE9_9PASE 100.0   1E-46   1E-52  306.5   0.0  283   36-323    22-307 (556)
      44 UniRef100_A0A026WW28 Neuropept 100.0 2.2E-46 2.2E-52  319.6   0.0  284   35-323    86-380 (552)
      45 UniRef100_A0A060VVF8 G_PROTEIN 100.0 2.8E-46 2.8E-52  319.4   0.0  286   35-323   137-433 (511)
      46 UniRef100_A0A060VSP8 5-hydroxy 100.0 2.9E-46 2.9E-52  313.7   0.0  280   38-327    88-419 (479)
      47 tr|A0A2C9JWF9|A0A2C9JWF9_BIOGL 100.0 3.3E-46 3.3E-52  310.3   0.0  292   34-327    62-369 (403)
      48 tr|V8PD93|V8PD93_OPHHA Type-2  100.0 3.5E-46 3.5E-52  312.0   0.0  285   34-322    72-367 (412)
      49 UniRef100_A0A4W3J4G3 Somatosta 100.0 4.1E-46 4.2E-52  291.9   0.0  299   32-331    38-336 (480)
      50 UniRef100_A0A6P4XD29 neuropept 100.0 4.2E-46 4.3E-52  303.4   0.0  285   34-323    38-342 (385)
      51 UniRef100_A0A2B4SDF9 Neuropept 100.0 5.8E-46 5.9E-52  307.6   0.0  281   35-320    87-376 (455)
      52 UniRef100_A0A0K0PUI9 Orphan G- 100.0 8.2E-46 8.2E-52  318.2   0.0  288   34-325    98-409 (534)
      53 UniRef100_A0A091EBV8 Type-1 an 100.0 8.5E-46 8.6E-52  322.3   0.0  277   34-321   344-628 (715)
      54 UniRef100_A0A141CIT8 G protein 100.0 1.1E-45 1.2E-51  308.5   0.0  289   33-326    82-379 (488)
      55 UniRef100_A0A026WTK8 Tachykini 100.0 1.2E-45 1.2E-51  312.1   0.0  289   33-324    85-389 (556)
      56 tr|C3XVS5|C3XVS5_BRAFL Unchara 100.0 1.7E-45 1.8E-51  297.6   0.0  289   35-326    65-366 (425)
      57 tr|A0A146TL67|A0A146TL67_FUNHE 100.0 2.1E-45   2E-51  317.4   0.0  292   33-326    22-407 (442)
      58 UniRef100_A0A060X360 G_PROTEIN 100.0 2.1E-45 2.2E-51  302.8   0.0  289   33-325    95-390 (477)
      59 UniRef100_A0A060X5Z5 G_PROTEIN 100.0 2.2E-45 2.2E-51  312.5   0.0  275   38-323    84-384 (522)
      60 UniRef100_A0A2G8KL37 Cholecyst 100.0 2.3E-45 2.3E-51  303.2   0.0  289   35-326    96-433 (493)
      61 UniRef100_A0A068WW83 Allatosta 100.0 2.6E-45 2.6E-51  310.5   0.0  281   34-317    63-347 (432)
      62 UniRef100_A0A061A7W5 G_PROTEIN 100.0   3E-45   3E-51  308.1   0.0  280   35-323    59-358 (473)
      63 UniRef100_A0A210QEM7 Neuropept 100.0   4E-45   4E-51  298.7   0.0  284   37-324    50-347 (416)
      64 UniRef100_A0A060VUW6 G_PROTEIN 100.0 4.9E-45 4.9E-51  319.8   0.0  279   36-324   116-440 (574)
      65 UniRef100_A0A0A1WLH2 Somatosta 100.0 5.5E-45 5.6E-51  309.0   0.0  286   38-325   217-509 (667)
      66 UniRef100_A0A154PKR3 Tachykini 100.0 7.9E-45 7.9E-51  303.6   0.0  286   35-323    74-374 (457)
      67 UniRef100_A0A060VV87 Kappa-typ 100.0 8.6E-45 8.8E-51  301.9   0.0  284   38-322   191-476 (586)
      68 UniRef100_A0A1V9XU68 Tyramine/ 100.0 9.4E-45 9.4E-51  299.1   0.0  279   38-326    53-356 (408)
      69 UniRef100_A0A087X575 NPY-Y2 re 100.0 9.5E-45 9.6E-51  297.4   0.0  283   37-323    73-371 (426)
      70 UniRef100_A0A164MD49 Putative  100.0 9.4E-45 9.6E-51  301.4   0.0  285   37-324    49-396 (498)
      71 tr|A0A1I8PIJ9|A0A1I8PIJ9_STOCA 100.0 9.5E-45 9.7E-51  309.2   0.0  293   31-326   163-470 (680)
      72 UniRef100_A0A139WB32 Tachykini 100.0 1.1E-44 1.1E-50  297.2   0.0  289   35-326    41-345 (405)
      73 UniRef100_A0A1D1W534 G_PROTEIN 100.0 1.4E-44 1.4E-50  310.2   0.0  286   37-325    78-435 (492)
      74 UniRef100_A0A068YB14 Neuropept 100.0 1.5E-44 1.5E-50  305.8   0.0  280   37-321    54-350 (448)
      75 UniRef100_A0A026W5R0 Orexin re 100.0 1.6E-44 1.6E-50  307.8   0.0  281   35-321   115-424 (529)
      76 UniRef100_A0A2G8JR46 Putative  100.0 1.8E-44 1.8E-50  304.0   0.0  280   39-323    64-356 (411)
      77 tr|C3XSP5|C3XSP5_BRAFL Unchara 100.0 1.8E-44 1.9E-50  287.4   0.0  291   33-326    23-329 (403)
      78 UniRef100_A0A7M7HFU8 G_PROTEIN 100.0 2.3E-44 2.3E-50  303.8   0.0  285   35-323    62-364 (423)
      79 UniRef100_A0A1A7ZR65 Somatosta 100.0 2.4E-44 2.4E-50  278.3   0.0  305   36-342    48-352 (390)
      80 UniRef100_A0A034WDF0 Allatosta 100.0 2.4E-44 2.4E-50  301.7   0.0  284   37-324    95-386 (459)
      81 tr|A0A1I8M930|A0A1I8M930_MUSDO 100.0 2.5E-44 2.5E-50  318.7   0.0  282   36-325   187-580 (963)
      82 UniRef100_A0A2B4SKI0 Tachykini 100.0 2.7E-44 2.7E-50  310.7   0.0  288   34-323    88-390 (469)
      83 UniRef100_A0A4Z2I5Z9 Somatosta 100.0 2.6E-44 2.7E-50  294.7   0.0  325   36-361   402-728 (729)
      84 tr|A0A1I8PG61|A0A1I8PG61_STOCA 100.0 3.8E-44 3.9E-50  307.6   0.0  289   36-326   298-595 (716)
      85 UniRef100_A0A023F668 Putative  100.0 3.9E-44   4E-50  294.4   0.0  282   37-323    85-377 (484)
      86 UniRef100_A0A1L8FNX2 G_PROTEIN 100.0   4E-44   4E-50  295.3   0.0  276   36-319    61-339 (400)
      87 UniRef100_A0A2B4S0J6 Somatosta 100.0 4.1E-44 4.1E-50  308.6   0.0  286   33-320    79-376 (457)
      88 UniRef100_UPI0018F2CE96 somato 100.0 5.8E-44   6E-50  287.5   0.0  325   35-361   281-607 (608)
      89 UniRef100_A0A0C9QBK4 GHSR_0 pr 100.0 6.7E-44 6.7E-50  312.4   0.0  286   35-323   170-474 (591)
      90 tr|A0A147AUP2|A0A147AUP2_FUNHE 100.0 7.3E-44 7.4E-50  297.2   0.0  266   38-304   121-388 (482)
      91 UniRef100_A0A3M6U5X4 G_PROTEIN 100.0 7.5E-44 7.6E-50  283.6   0.0  284   35-327    36-324 (339)
      92 UniRef100_A0A2B4RHL7 Galanin r 100.0 8.9E-44 9.1E-50  285.3   0.0  281   37-326    32-313 (406)
      93 UniRef100_A0A177B9B5 Rhodopsin 100.0 9.5E-44 9.7E-50  292.4   0.0  281   35-321    88-400 (464)
      94 UniRef100_A0A2B4SVC4 Dopamine  100.0 9.7E-44 9.8E-50  291.3   0.0  269   35-322    53-329 (397)
      95 UniRef100_A0A315V7W7 Somatosta 100.0 9.8E-44   1E-49  285.4   0.0  293   36-329    72-366 (591)
      96 tr|A0A1I8MQS0|A0A1I8MQS0_MUSDO 100.0 1.1E-43 1.1E-49  303.2   0.0  287   36-323   148-439 (572)
      97 UniRef100_A0A023ETT6 Putative  100.0 1.2E-43 1.2E-49  295.8   0.0  286   37-324   153-447 (612)
      98 UniRef100_A0A2B4SKX3 Cholecyst 100.0 1.3E-43 1.3E-49  291.2   0.0  289   34-328    68-417 (428)
      99 UniRef100_A0A1D2M4J2 Neuropept 100.0 1.3E-43 1.3E-49  296.5   0.0  281   37-322   126-422 (497)
     100 UniRef100_A0A091G1I5 Somatosta 100.0 1.3E-43 1.4E-49  261.5   0.0  286   39-325     4-291 (296)
     101 UniRef100_A0A0K0PUV0 FVRIamide 100.0 1.5E-43 1.5E-49  296.2   0.0  276   35-319    50-374 (458)
     102 UniRef100_A0A061INJ6 Pyrogluta 100.0 1.6E-43 1.6E-49  307.4   0.0  284   36-322   151-457 (594)
     103 UniRef100_A0A077Z2H9 Putative  100.0 1.7E-43 1.7E-49  298.1   0.0  281   37-320    71-393 (477)
     104 tr|L7LZ94|L7LZ94_9ACAR Putativ 100.0 1.8E-43 1.8E-49  285.7   0.0  286   38-326   103-395 (438)
     105 tr|A7SD89|A7SD89_NEMVE Predict 100.0 1.8E-43 1.9E-49  277.0   0.0  278   40-326    40-333 (355)
     106 UniRef100_A0A3M6T6P4 G_PROTEIN 100.0 2.4E-43 2.4E-49  294.8   0.0  286   36-323    54-354 (465)
     107 UniRef100_A0A2B4S4U3 Beta-2 ad 100.0 2.5E-43 2.5E-49  283.2   0.0  289   35-326    26-324 (372)
     108 UniRef100_A0A2B4RHY9 Pyrogluta 100.0 2.8E-43 2.8E-49  303.4   0.0  287   35-325    79-373 (455)
     109 UniRef100_A0A0K0PUH1 Orphan G- 100.0 2.9E-43 2.9E-49  283.0   0.0  278   38-320    53-345 (413)
     110 UniRef100_A0A6P4YBA8 delta-typ 100.0   3E-43   3E-49  288.2   0.0  286   36-324    49-340 (406)
     111 UniRef100_A0A2B4RGU4 5-hydroxy 100.0   3E-43   3E-49  303.7   0.0  281   36-323    64-370 (478)
     112 UniRef100_A0A6P4ZN87 somatosta 100.0   3E-43   3E-49  284.8   0.0  288   36-324    31-329 (391)
     113 UniRef100_A0A2B4R9G2 Melatonin 100.0 3.2E-43 3.2E-49  303.5   0.0  280   35-323    78-366 (461)
     114 UniRef100_A0A060W9T7 G_PROTEIN 100.0 3.2E-43 3.3E-49  291.7   0.0  282   36-321   184-470 (616)
     115 UniRef100_A0A151N382 Galanin r 100.0 3.3E-43 3.3E-49  275.8   0.0  285   34-322    27-315 (392)
     116 tr|A0A2B4RXD1|A0A2B4RXD1_STYPI 100.0 3.6E-43 3.7E-49  285.2   0.0  286   36-325    92-382 (416)
     117 tr|A0A0F8AVG0|A0A0F8AVG0_LARCR 100.0 3.8E-43 3.9E-49  287.3   0.0  284   37-321    55-341 (544)
     118 UniRef100_A0A087UNN0 Neuropept 100.0 4.2E-43 4.2E-49  289.9   0.0  279   37-319    93-387 (470)
     119 tr|A0A182G4E1|A0A182G4E1_AEDAL 100.0 4.4E-43 4.4E-49  294.6   0.0  281   37-323    67-370 (534)
     120 UniRef100_A0A060X0P4 G_PROTEIN 100.0 4.4E-43 4.5E-49  297.5   0.0  281   35-318   136-426 (513)
     121 UniRef100_A0A3M6TPP0 G_PROTEIN 100.0 4.5E-43 4.5E-49  293.6   0.0  286   30-323    43-354 (424)
     122 UniRef100_A0A0L8H201 G_PROTEIN 100.0 4.7E-43 4.8E-49  284.4   0.0  292   34-328    82-387 (461)
     123 tr|A0A146NR64|A0A146NR64_FUNHE 100.0   5E-43 5.1E-49  284.6   0.0  291   34-326   116-423 (449)
     124 tr|A0A1D1UXI1|A0A1D1UXI1_RAMVA 100.0   5E-43 5.1E-49  288.6   0.0  285   37-325    81-377 (499)
     125 UniRef100_A0A1I8HKX2 G_PROTEIN 100.0 5.7E-43 5.7E-49  290.3   0.0  282   36-327    39-415 (442)
     126 tr|K1QHX9|K1QHX9_CRAGI Somatos 100.0 6.1E-43 6.2E-49  290.3   0.0  293   31-324    42-340 (456)
     127 UniRef100_A0A060WEJ5 G_PROTEIN 100.0 6.2E-43 6.3E-49  297.8   0.0  279   36-323   112-456 (544)
     128 UniRef100_A0A0L8FP69 G_PROTEIN 100.0 6.4E-43 6.5E-49  284.2   0.0  284   41-325    52-343 (488)
     129 UniRef100_A0A061IN14 NK-3 rece 100.0 7.7E-43 7.8E-49  298.8   0.0  296   27-326   223-526 (662)
     130 tr|A0A131ZXP6|A0A131ZXP6_SARSC 100.0 7.7E-43 7.9E-49  282.6   0.0  288   38-326   123-415 (480)
     131 tr|A0A2B4SID7|A0A2B4SID7_STYPI 100.0 7.9E-43 7.9E-49  294.0   0.0  287   35-323    29-327 (422)
     132 tr|A0A1W2W3E6|A0A1W2W3E6_CIOIN 100.0   8E-43 8.1E-49  285.6   0.0  291   31-324    51-352 (487)
     133 tr|A0A146U732|A0A146U732_FUNHE 100.0 8.3E-43 8.2E-49  309.8   0.0  287   34-320   188-544 (590)
     134 UniRef100_A0A1L8GQY3 Alpha-1B  100.0 8.9E-43   9E-49  289.2   0.0  281   35-325    44-370 (510)
     135 UniRef100_A0A1D2M255 Somatosta 100.0 9.8E-43   1E-48  277.4   0.0  282   35-319    33-319 (382)
     136 UniRef100_A0A026WK16 Tachykini 100.0   1E-42   1E-48  295.3   0.0  288   34-324   179-482 (641)
     137 UniRef100_A0A044T5H8 G_PROTEIN 100.0   1E-42   1E-48  298.6   0.0  286   34-326   242-571 (693)
     138 UniRef100_A0A060VNF4 G_PROTEIN 100.0 1.1E-42 1.1E-48  293.7   0.0  288   35-324   128-432 (566)
     139 tr|A0A1A8EW90|A0A1A8EW90_9TELE 100.0 1.1E-42 1.1E-48  281.6   0.0  283   37-320    44-330 (444)
     140 tr|E0D358|E0D358_HEMPU Dopamin 100.0 1.1E-42 1.1E-48  284.7   0.0  277   38-325    25-330 (435)
     141 UniRef100_A0A1S3J712 QRFP-like 100.0 1.2E-42 1.2E-48  294.5   0.0  283   36-321    66-369 (507)
     142 UniRef100_A0A226DFM2 Neuropept 100.0 1.2E-42 1.2E-48  289.7   0.0  279   37-319   105-399 (523)
     143 UniRef100_A0A068WVN8 Biogenic  100.0 1.3E-42 1.3E-48  301.2   0.0  282   35-324   118-508 (641)
     144 UniRef100_A0A6P4ZPQ5 G-protein 100.0 1.3E-42 1.4E-48  277.2   0.0  282   35-318    40-324 (420)
     145 UniRef100_A0A7M7SYV2 G_PROTEIN 100.0 1.4E-42 1.4E-48  294.4   0.0  274   39-322    69-397 (630)
     146 tr|W4Z2N2|W4Z2N2_STRPU Unchara 100.0 1.4E-42 1.4E-48  277.0   0.0  292   31-324    50-353 (406)
     147 tr|A0A1W4ZX05|A0A1W4ZX05_9TELE 100.0 1.4E-42 1.4E-48  289.2   0.0  283   37-323    69-385 (480)
     148 UniRef100_A0A1D1V5S1 G_PROTEIN 100.0 1.7E-42 1.7E-48  285.5   0.0  280   36-326    55-362 (484)
     149 UniRef100_A0A6G8J3P5 Melanin-c 100.0 1.7E-42 1.7E-48  281.3   0.0  288   34-323    58-351 (460)
     150 UniRef100_A0A2B4RPR9 Allatosta 100.0 1.9E-42 1.9E-48  292.4   0.0  284   35-320    45-341 (446)
     151 UniRef100_A0A026WK40 Cholecyst 100.0 2.2E-42 2.2E-48  302.2   0.0  284   38-326   155-546 (656)
     152 UniRef100_A0A060WGF3 B2 bradyk 100.0 2.2E-42 2.2E-48  299.5   0.0  280   38-321   160-449 (589)
     153 UniRef100_A0A1L8HHP3 G_PROTEIN 100.0 2.4E-42 2.4E-48  277.4   0.0  286   33-321    41-337 (370)
     154 UniRef100_UPI000B911B64 melato 100.0 2.6E-42 2.5E-48  287.6   0.0  277   38-324    29-345 (381)
     155 UniRef100_A0A1S3H6K0 neuropept 100.0 2.6E-42 2.6E-48  294.6   0.0  278   36-318    55-351 (470)
     156 UniRef100_A0A210QSD7 Octopamin 100.0 2.7E-42 2.7E-48  288.8   0.0  287   31-326    51-419 (423)
     157 UniRef100_A0A6J8CLU9 HCRTR2 n= 100.0 2.7E-42 2.7E-48  281.2   0.0  285   36-326    51-361 (422)
     158 UniRef100_A0A4W4DTE3 G_PROTEIN 100.0 2.8E-42 2.8E-48  280.3   0.0  289   37-326    52-345 (379)
     159 UniRef100_A0A0K0PUH3 Allatotro 100.0 2.9E-42 2.9E-48  281.1   0.0  283   36-324    67-374 (424)
     160 tr|A0A1A8LLP2|A0A1A8LLP2_9TELE 100.0   3E-42 3.1E-48  280.9   0.0  286   34-324    90-398 (455)
     161 UniRef100_A0A0L8GIM4 G_PROTEIN 100.0 3.2E-42 3.2E-48  295.8   0.0  279   36-319    95-391 (481)
     162 UniRef100_A0A060WWU7 G_PROTEIN 100.0 3.2E-42 3.2E-48  286.5   0.0  280   36-324    67-383 (545)
     163 tr|A0A1V4J9T1|A0A1V4J9T1_PATFA 100.0 3.2E-42 3.3E-48  275.9   0.0  282   35-320    66-352 (461)
     164 tr|A0A1S3FYW5|A0A1S3FYW5_DIPOR 100.0 3.3E-42 3.3E-48  271.5   0.0  291   32-326    64-361 (385)
     165 UniRef100_A0A2H8TNJ5 Neuropept 100.0 3.3E-42 3.3E-48  287.4   0.0  279   38-320   156-450 (528)
     166 tr|A0A232F0R3|A0A232F0R3_9HYME 100.0 3.3E-42 3.4E-48  279.0   0.0  285   38-325   104-425 (458)
     167 UniRef100_A0A210QHM7 G-protein 100.0 3.5E-42 3.5E-48  288.5   0.0  286   35-325    77-377 (492)
     168 tr|A0A0P4XBU7|A0A0P4XBU7_9CRUS 100.0 3.5E-42 3.6E-48  293.7   0.0  280   37-320    60-412 (557)
     169 UniRef100_A0A060YTK2 Uncharact 100.0 3.5E-42 3.6E-48  278.0   0.0  289   34-324    81-379 (447)
     170 UniRef100_A0A1S3IX78 RYamide r 100.0 3.7E-42 3.8E-48  282.2   0.0  282   34-319    50-344 (444)
     171 tr|A0A1D2NMB6|A0A1D2NMB6_ORCCI 100.0 3.8E-42 3.8E-48  285.7   0.0  302   23-327   137-454 (520)
     172 UniRef100_A0A087QH27 C-C chemo 100.0   4E-42   4E-48  300.2   0.0  277   35-321   198-482 (591)
     173 UniRef100_A0A1S3J8T4 5-hydroxy 100.0   4E-42   4E-48  288.0   0.0  285   34-322    97-395 (468)
     174 UniRef100_A0A2B4SE17 Substance 100.0 4.4E-42 4.4E-48  295.3   0.0  290   32-322    59-364 (467)
     175 UniRef100_A0A084WIC4 Short neu 100.0 4.5E-42 4.5E-48  287.6   0.0  283   37-324    92-387 (551)
     176 tr|A0A131XUY2|A0A131XUY2_IXORI 100.0 4.6E-42 4.7E-48  280.4   0.0  282   38-323   162-446 (560)
     177 tr|W5JTF9|W5JTF9_ANODA Somatos 100.0 4.7E-42 4.8E-48  284.2   0.0  287   36-323    53-347 (526)
     178 tr|A0A2B4SUH3|A0A2B4SUH3_STYPI 100.0   5E-42 5.1E-48  281.8   0.0  283   35-325    23-333 (385)
     179 UniRef100_A0A1V4KIE8 Beta-1 ad 100.0 5.2E-42 5.1E-48  303.9   0.0  277   45-326    37-352 (512)
     180 tr|A0A0N8JZL4|A0A0N8JZL4_9TELE 100.0 5.1E-42 5.2E-48  283.4   0.0  280   38-322   105-411 (482)
     181 UniRef100_A0A3M6UAU0 G_PROTEIN 100.0 5.3E-42 5.4E-48  288.7   0.0  285   34-323    32-329 (552)
     182 UniRef100_A0A6F9DUB2 Somatosta 100.0 5.8E-42 5.9E-48  279.6   0.0  286   32-319    57-349 (467)
     183 tr|A0A0S0WMT8|A0A0S0WMT8_DROME 100.0   6E-42 6.1E-48  283.2   0.0  283   38-321   146-434 (593)
     184 UniRef100_A0A3B4ZUM6 Mu-type o 100.0 6.8E-42 6.9E-48  281.9   0.0  281   38-319   171-454 (597)
     185 UniRef100_A0A3M6TAE6 G_PROTEIN 100.0   7E-42 7.1E-48  283.9   0.0  272   36-324    90-369 (443)
     186 UniRef100_A0A091DZ91 Kappa-typ 100.0   7E-42 7.1E-48  276.4   0.0  282   38-320    75-359 (471)
     187 UniRef100_A0A2B4S7A4 Alpha-1A  100.0 7.2E-42 7.3E-48  280.9   0.0  267   35-322    37-308 (392)
     188 tr|A0A0P7U0M1|A0A0P7U0M1_9TELE 100.0 7.4E-42 7.6E-48  274.9   0.0  290   33-325    97-413 (440)
     189 UniRef100_A0A087XI41 Mu-type o 100.0 7.6E-42 7.8E-48  276.8   0.0  282   37-319   152-435 (537)
     190 UniRef100_A0A0P5DAK4 Orexin re 100.0 7.8E-42 7.9E-48  284.2   0.0  280   38-323   107-430 (505)
     191 UniRef100_A0A2B4SJV4 Galanin r 100.0 8.1E-42 8.1E-48  291.9   0.0  285   36-322    73-365 (444)
     192 UniRef100_A0A0K0PUK6 Orphan G- 100.0   8E-42 8.1E-48  277.8   0.0  288   35-325    64-375 (448)
     193 UniRef100_A0A087REY1 NPY-Y2 re 100.0 8.2E-42 8.4E-48  287.1   0.0  285   38-325   187-480 (599)
     194 UniRef100_A0A060X1U9 G_PROTEIN 100.0 8.4E-42 8.6E-48  289.5   0.0  278   34-321   135-455 (633)
     195 UniRef100_A0A060XP11 G_PROTEIN 100.0 9.2E-42 9.3E-48  287.1   0.0  280   35-323    88-392 (497)
     196 UniRef100_A0A0P7Y8S7 Nocicepti 100.0 9.2E-42 9.4E-48  273.7   0.0  281   38-319   120-402 (467)
     197 tr|F1R2F3|F1R2F3_DANRE Neurope 100.0 9.3E-42 9.4E-48  289.1   0.0  284   36-320   401-689 (731)
     198 tr|F7E6B1|F7E6B1_MONDO Tachyki 100.0 9.4E-42 9.6E-48  277.7   0.0  301   28-332    85-393 (475)
     199 tr|T1KPP2|T1KPP2_TETUR Unchara 100.0 9.7E-42 9.8E-48  282.1   0.0  281   37-325   151-438 (477)
     200 UniRef100_UPI0001CB9B44 somato 100.0 9.8E-42   1E-47  264.5   0.0  287   36-325    26-318 (365)
     201 UniRef100_A0A060XC03 Beta-2 ad 100.0 1.1E-41 1.1E-47  283.7   0.0  289   33-325    98-415 (548)
     202 UniRef100_UPI0011AE2320 somato 100.0   1E-41 1.1E-47  275.6   0.0  284   36-320   266-551 (625)
     203 tr|A0A2B4SNZ1|A0A2B4SNZ1_STYPI 100.0 1.1E-41 1.1E-47  282.8   0.0  285   36-325    30-321 (351)
     204 tr|A0A1V4KKE4|A0A1V4KKE4_PATFA 100.0 1.1E-41 1.1E-47  285.7   0.0  282   38-320   406-689 (724)
     205 UniRef100_A0A023FH63 Putative  100.0 1.1E-41 1.1E-47  289.3   0.0  275   37-322   125-439 (563)
     206 UniRef100_A0A087U880 Neuropept 100.0 1.1E-41 1.1E-47  279.3   0.0  283   33-320    64-360 (401)
     207 UniRef100_A0A0P7U357 Apelin re 100.0 1.1E-41 1.1E-47  277.8   0.0  280   36-322    56-342 (401)
     208 UniRef100_A0A2B4SC76 Substance 100.0 1.3E-41 1.3E-47  289.0   0.0  283   35-319    52-348 (461)
     209 tr|A0A0L0C8J1|A0A0L0C8J1_LUCCU 100.0 1.3E-41 1.3E-47  285.2   0.0  286   37-324   225-519 (661)
     210 tr|A0A182QHF8|A0A182QHF8_9DIPT 100.0 1.3E-41 1.3E-47  283.3   0.0  282   36-323    99-406 (581)
     211 tr|V8NQN2|V8NQN2_OPHHA G-prote 100.0 1.3E-41 1.3E-47  291.1   0.0  277   36-322   302-586 (840)
     212 UniRef100_A0A1S3KA35 Alpha-1B  100.0 1.3E-41 1.3E-47  288.7   0.0  280   38-326    90-422 (551)
     213 tr|A0A0S1YD80|A0A0S1YD80_CHISP 100.0 1.3E-41 1.3E-47  281.4   0.0  286   38-329   165-470 (513)
     214 UniRef100_A0A146M155 Neuropept 100.0 1.4E-41 1.4E-47  283.3   0.0  282   39-322    55-361 (488)
     215 UniRef100_A0A0B4LHT6 RYamide r 100.0 1.4E-41 1.4E-47  287.1   0.0  280   37-320   114-408 (524)
     216 tr|A0A147AZW9|A0A147AZW9_FUNHE 100.0 1.4E-41 1.4E-47  292.1   0.0  281   37-323    85-433 (468)
     217 UniRef100_A0A0G3Y5J3 Peropsin  100.0 1.4E-41 1.4E-47  279.8   0.0  283   37-324    36-324 (363)
     218 tr|A0A1S3NPB2|A0A1S3NPB2_SALSA 100.0 1.5E-41 1.5E-47  276.7   0.0  320    1-324     1-332 (443)
     219 tr|A0A0L8FIS6|A0A0L8FIS6_OCTBM 100.0 1.5E-41 1.5E-47  280.3   0.0  283   41-325    94-422 (485)
     220 UniRef100_A0A2B4RFH8 Neuropept 100.0 1.6E-41 1.5E-47  292.3   0.0  286   36-323    63-366 (439)
     221 UniRef100_A0A0N0PF28 Orexin re 100.0 1.7E-41 1.7E-47  286.4   0.0  277   36-318   135-454 (588)
     222 UniRef100_A0A3M6TV84 G_PROTEIN 100.0 1.9E-41 1.9E-47  279.6   0.0  271   45-324    53-338 (405)
     223 UniRef100_A0A2B4SVS8 Neuropept 100.0 2.1E-41 2.1E-47  288.2   0.0  286   35-324    86-383 (480)
     224 UniRef100_A0A3M6TKX3 G_PROTEIN 100.0 2.1E-41 2.1E-47  282.0   0.0  285   35-324    73-375 (427)
     225 UniRef100_A0A060VP48 G_PROTEIN 100.0 2.1E-41 2.1E-47  295.9   0.0  283   37-322   154-449 (580)
     226 UniRef100_A0A060WXX3 G-protein 100.0 2.3E-41 2.3E-47  291.2   0.0  277   35-319   157-449 (539)
     227 UniRef100_A0A7M7HKI1 G_PROTEIN 100.0 2.6E-41 2.6E-47  281.4   0.0  283   39-325    41-337 (418)
     228 UniRef100_A0A0S1YDA0 Neuropept 100.0 2.6E-41 2.6E-47  284.6   0.0  286   35-323    92-392 (509)
     229 UniRef100_A0A2G8KT39 Putative  100.0 2.6E-41 2.6E-47  280.7   0.0  287   39-328    46-346 (383)
     230 UniRef100_A0A0L8I310 G_PROTEIN 100.0 2.7E-41 2.8E-47  285.5   0.0  279   38-319    46-364 (468)
     231 UniRef100_A0A060W9S7 Mu-type o 100.0 2.8E-41 2.8E-47  282.6   0.0  281   38-319   153-436 (605)
     232 UniRef100_A0A087UP46 5-hydroxy 100.0 2.8E-41 2.8E-47  278.8   0.0  279   36-324    44-401 (472)
     233 UniRef100_A0A016T103 G_PROTEIN 100.0 2.8E-41 2.8E-47  291.4   0.0  272   45-326   118-478 (605)
     234 UniRef100_A0A1J1I7G5 CLUMA_CG0 100.0 2.8E-41 2.8E-47  279.6   0.0  290   33-325    72-375 (500)
     235 tr|A0A1D2MSE1|A0A1D2MSE1_ORCCI 100.0 2.9E-41 2.9E-47  290.3   0.0  283   35-322   108-405 (615)
     236 UniRef100_A0A0P0YUU8 Cannabino 100.0 2.9E-41 2.9E-47  281.1   0.0  287   38-327    83-421 (496)
     237 UniRef100_A0A3M6T8F5 G_PROTEIN 100.0   3E-41   3E-47  294.2   0.0  285   36-325   100-397 (523)
     238 UniRef100_A0A0K0PUH0 Orphan G- 100.0   3E-41 3.1E-47  293.0   0.0  280   36-318   135-468 (583)
     239 tr|S7PUA8|S7PUA8_MYOBR C-C che 100.0 3.4E-41 3.4E-47  287.7   0.0  276   36-321   281-564 (603)
     240 UniRef100_A0A2B4SJE7 Orexin re 100.0 3.5E-41 3.5E-47  284.3   0.0  283   36-321   133-429 (517)
     241 tr|A0A091CRU0|A0A091CRU0_FUKDA 100.0 3.5E-41 3.6E-47  290.5   0.0  275   35-322   406-691 (720)
     242 tr|A0A182FUW3|A0A182FUW3_ANOAL 100.0 3.6E-41 3.6E-47  284.7   0.0  285   37-323   195-486 (666)
     243 UniRef100_A0A0A7KUZ5 Opsin 5 n 100.0 3.7E-41 3.7E-47  280.3   0.0  282   35-321    50-342 (407)
     244 UniRef100_A0A6P8HX63 probable  100.0 3.8E-41 3.8E-47  281.9   0.0  278   38-326    58-363 (407)
     245 UniRef100_A0A6S7JE64 Neuropept 100.0 3.7E-41 3.8E-47  276.7   0.0  284   36-323    33-321 (412)
     246 UniRef100_A0A0L8I0T4 G_PROTEIN 100.0 3.9E-41 3.9E-47  283.2   0.0  280   37-323   133-496 (554)
     247 UniRef100_A0A3M6UME8 G_PROTEIN 100.0 4.3E-41 4.3E-47  275.9   0.0  277   34-318    36-319 (383)
     248 tr|T1JU75|T1JU75_TETUR Unchara 100.0 4.2E-41 4.3E-47  282.3   0.0  285   37-323   143-435 (728)
     249 tr|C3Z5T5|C3Z5T5_BRAFL Unchara 100.0 4.3E-41 4.3E-47  265.1   0.0  288   36-324    36-329 (389)
     250 UniRef100_A0A067RDC3 Prolactin 100.0 4.3E-41 4.4E-47  281.3   0.0  282   36-322    63-355 (541)
     251 UniRef100_A0A210QT45 G-protein 100.0 4.4E-41 4.4E-47  276.0   0.0  281   37-321    58-355 (472)
     252 tr|A0A146PN09|A0A146PN09_FUNHE 100.0 4.7E-41 4.7E-47  289.5   0.0  285   35-322    37-394 (432)
     253 UniRef100_A0A023F452 Putative  100.0 5.1E-41 5.2E-47  287.8   0.0  284   33-325   135-540 (660)
     254 tr|A0A287CUD4|A0A287CUD4_ICTTR 100.0 5.2E-41 5.3E-47  272.8   0.0  282   35-326    16-310 (478)
     255 UniRef100_A0A0N7ZAP9 G_PROTEIN 100.0 5.4E-41 5.4E-47  278.6   0.0  284   38-327    77-370 (421)
     256 UniRef100_A0A3B4VB96 Beta-2 ad 100.0 5.4E-41 5.5E-47  275.9   0.0  287   31-322    46-360 (464)
     257 tr|A0A0P7V5N2|A0A0P7V5N2_9TELE 100.0 5.4E-41 5.5E-47  276.2   0.0  287   33-325    87-403 (468)
     258 UniRef100_A0A2B4SQU8 Orexin re 100.0 5.5E-41 5.6E-47  267.7   0.0  289   36-326    35-349 (370)
     259 tr|A0A1U7TSJ4|A0A1U7TSJ4_TARSY 100.0 5.7E-41 5.8E-47  278.8   0.0  280   37-321   212-516 (600)
     260 UniRef100_A0A026X164 G-protein 100.0   6E-41 6.1E-47  287.1   0.0  279   37-326   118-426 (604)
     261 UniRef100_A0A084VLD5 AGAP00422 100.0   6E-41 6.1E-47  283.8   0.0  277   36-323   242-595 (695)
     262 UniRef100_A0A0K0PUK8 FMRFamide 100.0 6.2E-41 6.2E-47  286.8   0.0  284   31-319    52-349 (471)
     263 UniRef100_A0A401NJB3 G_PROTEIN 100.0 6.5E-41 6.6E-47  278.4   0.0  286   36-326    40-362 (517)
     264 tr|A0A139WLV7|A0A139WLV7_TRICA 100.0 6.6E-41 6.8E-47  287.2   0.0  281   37-323   398-697 (792)
     265 tr|A0A147AMP5|A0A147AMP5_FUNHE 100.0 6.8E-41 6.8E-47  289.8   0.0  276   38-323    32-427 (475)
     266 UniRef100_A0A068WKU9 Neuropept 100.0   7E-41   7E-47  277.3   0.0  280   37-321    72-365 (451)
     267 UniRef100_A0A0K0PUL2 DH31-like 100.0   7E-41 7.1E-47  269.1   0.0  286   36-327    47-337 (375)
     268 UniRef100_A7RGN9 Predicted pro 100.0 7.1E-41 7.2E-47  265.4   0.0  279   35-321    28-312 (317)
     269 tr|A0A0P7V1N0|A0A0P7V1N0_9TELE 100.0 7.3E-41 7.5E-47  268.3   0.0  281   39-320   116-401 (436)
     270 UniRef100_A0A6P4Z684 G-protein 100.0 7.4E-41 7.5E-47  271.7   0.0  292   27-321    41-344 (425)
     271 UniRef100_A0A026WCQ7 Tyramine  100.0 7.6E-41 7.7E-47  294.7   0.0  283   34-326   180-590 (665)
     272 tr|A0A218UB83|A0A218UB83_9PASE 100.0 8.1E-41 8.3E-47  282.8   0.0  281   36-326   192-515 (631)
     273 UniRef100_E9HAW0 G_PROTEIN_REC 100.0 8.5E-41 8.6E-47  269.9   0.0  276   37-318    64-351 (393)
     274 UniRef100_A0A060X7S9 B2 bradyk 100.0 8.6E-41 8.7E-47  281.1   0.0  284   37-324   113-406 (491)
     275 UniRef100_A0A096NVS2 Somatosta 100.0 8.7E-41 8.9E-47  268.5   0.0  281   36-323   113-397 (483)
     276 UniRef100_A0A1V4J9K1 Somatosta 100.0 8.9E-41 9.2E-47  281.1   0.0  286   35-321   327-614 (947)
     277 tr|R4J1H6|R4J1H6_SALSA Cholecy 100.0 9.8E-41 9.9E-47  270.4   0.0  291   31-324    40-407 (461)
     278 tr|A0A2B4RSD1|A0A2B4RSD1_STYPI 100.0 1.1E-40 1.1E-46  283.5   0.0  284   34-323    47-381 (430)
     279 UniRef100_A0A132AJH3 7 transme 100.0 1.2E-40 1.3E-46  278.6   0.0  282   36-321    67-384 (447)
     280 UniRef100_A0A0D9R0U9 Apelin re 100.0 1.3E-40 1.4E-46  273.2   0.0  288   35-323    59-363 (482)
     281 tr|A0A146YGA5|A0A146YGA5_FUNHE 100.0 1.4E-40 1.4E-46  285.9   0.0  282   38-326    31-343 (521)
     282 UniRef100_A0A061IAU9 Gastric r 100.0 1.4E-40 1.5E-46  278.4   0.0  282   35-326   112-409 (588)
     283 UniRef100_UPI00140407B6 somato 100.0 1.5E-40 1.5E-46  259.0   0.0  285   33-324    32-319 (443)
     284 tr|A0A2B4S4U3|A0A2B4S4U3_STYPI 100.0 1.5E-40 1.5E-46  262.7   0.0  289   33-324    21-323 (359)
     285 UniRef100_A0A060W161 G_PROTEIN 100.0 1.6E-40 1.6E-46  292.3   0.0  277   35-321   166-453 (574)
     286 UniRef100_A0A096NAQ2 Cholecyst 100.0 1.6E-40 1.6E-46  281.3   0.0  282   38-322   151-500 (617)
     287 UniRef100_A0A6P8H157 QRFP-like 100.0 1.6E-40 1.6E-46  271.3   0.0  284   34-324    38-328 (351)
     288 UniRef100_A0A067RG65 Neuropept 100.0 1.6E-40 1.6E-46  276.9   0.0  284   38-323    88-394 (509)
     289 tr|A7RYQ3|A7RYQ3_NEMVE Predict 100.0 1.6E-40 1.6E-46  275.6   0.0  283   32-325    46-337 (367)
     290 UniRef100_A0A1S3HRK7 octopamin 100.0 1.6E-40 1.6E-46  278.8   0.0  278   38-322    65-349 (413)
     291 UniRef100_A0A060WMC3 Alpha-1D  100.0 1.6E-40 1.7E-46  276.8   0.0  279   37-325   110-434 (564)
     292 UniRef100_A0A060VTR1 G_PROTEIN 100.0 1.7E-40 1.7E-46  280.4   0.0  279   35-323   117-440 (619)
     293 UniRef100_A0A6P4YCQ0 somatosta 100.0 1.7E-40 1.7E-46  259.1   0.0  281   37-320    70-363 (428)
     294 tr|A0A2B4SKI0|A0A2B4SKI0_STYPI 100.0 1.8E-40 1.8E-46  278.4   0.0  278   36-318    96-393 (458)
     295 UniRef100_A0A1D1VDY3 G_PROTEIN 100.0 1.8E-40 1.8E-46  280.2   0.0  287   35-323   131-446 (557)
     296 UniRef100_A0A060WAA0 NK-2 rece 100.0 1.8E-40 1.8E-46  269.8   0.0  301   23-326    58-367 (465)
     297 UniRef100_A0A087YQK7 Adrenocep 100.0 1.9E-40 1.9E-46  280.0   0.0  280   42-326   134-454 (617)
     298 UniRef100_A0A060W5H6 G_PROTEIN 100.0 1.9E-40 1.9E-46  283.6   0.0  279   35-317    84-381 (528)
     299 tr|K7GCC3|K7GCC3_PELSI Adrenoc 100.0 1.9E-40 1.9E-46  271.0   0.0  285   37-326    41-366 (488)
     300 tr|A0A218UWX7|A0A218UWX7_9PASE 100.0 1.9E-40 1.9E-46  274.1   0.0  283   36-323    39-340 (474)
     301 UniRef100_A0A087XT11 Alpha-1B  100.0 1.9E-40 1.9E-46  276.8   0.0  282   35-326    77-407 (622)
     302 tr|A0A0P5PA10|A0A0P5PA10_9CRUS 100.0 2.1E-40 2.1E-46  280.2   0.0  281   36-319   145-441 (705)
     303 UniRef100_A0A0H3YI86 Pyrokinin 100.0 2.1E-40 2.1E-46  283.2   0.0  282   36-323    82-398 (510)
     304 UniRef100_A0A0L8HHE2 G_PROTEIN 100.0 2.2E-40 2.3E-46  272.5   0.0  281   41-326     4-302 (385)
     305 UniRef100_A0A087QH91 Melanopsi 100.0 2.3E-40 2.3E-46  283.3   0.0  282   34-319   100-395 (629)
     306 UniRef100_A0A087YRI1 G_PROTEIN 100.0 2.5E-40 2.5E-46  275.3   0.0  277   38-323    81-372 (438)
     307 tr|A0A2H1W6Q0|A0A2H1W6Q0_SPOFR 100.0 2.5E-40 2.6E-46  274.0   0.0  285   37-326    70-366 (466)
     308 UniRef100_A0A2B4RXD1 Neuropept 100.0 2.7E-40 2.8E-46  275.2   0.0  283   35-321    92-380 (461)
     309 tr|A0A0P6IZB8|A0A0P6IZB8_9CRUS 100.0 2.8E-40 2.8E-46  275.2   0.0  286   38-326   203-497 (559)
     310 tr|A0A1S3IXU4|A0A1S3IXU4_LINUN 100.0 3.1E-40 3.1E-46  268.9   0.0  286   33-325    53-347 (440)
     311 UniRef100_A0A024R2Q0 Chemokine 100.0 3.2E-40 3.2E-46  279.0   0.0  279   36-322   155-442 (499)
     312 UniRef100_A0A678XEL8 Trace ami 100.0 3.2E-40 3.2E-46  277.6   0.0  280   38-324    56-357 (523)
     313 tr|A0A2B4RYF4|A0A2B4RYF4_STYPI 100.0 3.2E-40 3.2E-46  267.3   0.0  283   35-321    22-309 (402)
     314 UniRef100_A0A7M7G1H5 G_PROTEIN 100.0 3.3E-40 3.3E-46  277.4   0.0  280   39-326    39-336 (381)
     315 UniRef100_A0A0L7KZ56 Neuropept 100.0 3.3E-40 3.3E-46  275.9   0.0  280   37-321    86-383 (509)
     316 UniRef100_A0A193KU97 GCR058 n= 100.0 3.3E-40 3.3E-46  265.0   0.0  286   37-326    25-334 (379)
     317 ERR1719361_2001115             100.0 3.4E-40 3.4E-46  271.8   0.0  293   33-325    20-326 (415)
     318 UniRef100_A0A0G2UQ37 Rhodopsin 100.0 3.4E-40 3.4E-46  273.8   0.0  292   33-328    91-404 (515)
     319 UniRef100_A0A1I7STM2 (pine woo 100.0 3.5E-40 3.6E-46  275.5   0.0  287   36-324    79-387 (430)
     320 UniRef100_A0A087XFV2 5-hydroxy 100.0 3.6E-40 3.6E-46  273.9   0.0  290   35-328    81-401 (493)
     321 ERR1719341_586736              100.0 3.7E-40 3.7E-46  275.1   0.0  288   37-324    54-355 (513)
     322 UniRef100_A0A061ACA9 G_PROTEIN 100.0 3.9E-40 3.9E-46  283.6   0.0  268   38-317    96-373 (513)
     323 UniRef100_A0A1S2ZMW0 LOW QUALI 100.0   4E-40 4.1E-46  265.3   0.0  283   36-323   169-454 (520)
     324 UniRef100_F6SEF7 G_PROTEIN_REC 100.0   4E-40 4.1E-46  261.2   0.0  285   35-320    38-334 (337)
     325 UniRef100_A0A059ZY04 Angiotens 100.0 4.1E-40 4.1E-46  282.7   0.0  276   38-324   169-455 (546)
     326 tr|A0A2B4SAJ4|A0A2B4SAJ4_STYPI 100.0 4.1E-40 4.2E-46  273.0   0.0  281   36-319    27-329 (434)
     327 UniRef100_A0A0N0PEL7 Tachykini 100.0 4.1E-40 4.2E-46  271.2   0.0  286   36-324    54-355 (454)
     328 tr|L9JWP3|L9JWP3_TUPCH C-C che 100.0 4.3E-40 4.4E-46  284.9   0.0  275   35-321   385-667 (702)
     329 UniRef100_A0A0S1YD99 Neuropept 100.0 4.4E-40 4.5E-46  264.5   0.0  292   34-329    72-378 (423)
     330 UniRef100_A0A016SJ65 Thyrolibe 100.0 4.5E-40 4.5E-46  278.9   0.0  282   37-323    83-396 (479)
     331 UniRef100_A0A076YJT8 Chemokine 100.0 4.8E-40 4.8E-46  276.1   0.0  275   36-321   159-442 (493)
     332 UniRef100_A0A2B4SID7 Neuropept 100.0 4.8E-40 4.8E-46  274.1   0.0  287   35-323    79-379 (462)
     333 UniRef100_A0A016UUZ5 G_PROTEIN 100.0 4.9E-40   5E-46  271.1   0.0  273   40-323    77-412 (486)
     334 tr|A0A226N2C0|A0A226N2C0_CALSU 100.0 4.9E-40   5E-46  271.0   0.0  314   37-356   224-557 (569)
     335 UniRef100_A0A060VWI9 G_PROTEIN 100.0   5E-40   5E-46  276.5   0.0  277   42-323    65-394 (579)
     336 tr|A0A0L0BYA7|A0A0L0BYA7_LUCCU 100.0 5.2E-40 5.3E-46  275.9   0.0  274   41-324   314-627 (678)
     337 tr|B4JN40|B4JN40_DROGR GH24210 100.0 5.3E-40 5.4E-46  268.9   0.0  284   38-324   117-409 (436)
     338 UniRef100_A0A060X6T3 G_PROTEIN 100.0 5.3E-40 5.4E-46  273.9   0.0  278   37-324    89-414 (550)
     339 tr|A7SMQ7|A7SMQ7_NEMVE Predict 100.0 5.5E-40 5.5E-46  264.2   0.0  285   36-323    10-302 (358)
     340 UniRef100_A0A060VPX8 G_PROTEIN 100.0   6E-40 5.9E-46  289.7   0.0  275   36-321   131-416 (527)
     341 UniRef100_A0A087VQ23 Kappa-typ 100.0 5.8E-40 5.9E-46  272.2   0.0  282   38-320   263-546 (640)
     342 tr|A0A067RDC3|A0A067RDC3_ZOONE 100.0 6.1E-40 6.2E-46  277.7   0.0  285   36-326    70-366 (506)
     343 tr|A0A0A7RC79|A0A0A7RC79_RHOPR 100.0 6.3E-40 6.4E-46  264.1   0.0  293   37-330    75-380 (404)
     344 UniRef100_A0A026WIP6 Cholecyst 100.0 6.7E-40 6.8E-46  285.4   0.0  286   37-326   170-532 (636)
     345 UniRef100_A0A0K0PUG3 Thyrolibe 100.0 7.2E-40 7.3E-46  278.5   0.0  284   36-324   213-522 (606)
     346 tr|A0A151NBW9|A0A151NBW9_ALLMI 100.0 7.4E-40 7.5E-46  270.7   0.0  281   36-321    79-389 (472)
     347 tr|I3KRG5|I3KRG5_ORENI FGFR1 o 100.0 7.5E-40 7.6E-46  274.7   0.0  273   38-320   148-446 (489)
     348 UniRef100_A0A0K0PUX3 Orphan G- 100.0 7.8E-40 7.8E-46  277.4   0.0  272   38-319    61-346 (419)
     349 tr|A0A1V4KUV7|A0A1V4KUV7_PATFA 100.0 7.9E-40 8.1E-46  261.8   0.0  286   38-326   119-413 (450)
     350 UniRef100_A0A060WUQ6 G-protein 100.0 8.5E-40 8.7E-46  269.9   0.0  287   33-321   134-426 (502)
     351 UniRef100_UPI000219022F Endoly 100.0 8.5E-40 8.7E-46  266.5   0.0  282   40-326   203-489 (507)
     352 UniRef100_A0A1I8FSG9 G_PROTEIN 100.0 8.7E-40 8.9E-46  272.6   0.0  304   33-345   156-527 (576)
     353 tr|C7SLZ0|C7SLZ0_APLKU Seroton 100.0   9E-40 9.1E-46  274.4   0.0  281   34-324    69-425 (485)
     354 UniRef100_A0A0L0C8J1 G_PROTEIN 100.0 8.9E-40 9.1E-46  272.9   0.0  290   37-327   275-572 (698)
     355 tr|A0A0P7V0U8|A0A0P7V0U8_9TELE 100.0 9.5E-40 9.7E-46  261.0   0.0  285   35-323    83-374 (439)
     356 UniRef100_A0A084WFJ7 AGAP00011 100.0 9.7E-40 9.8E-46  275.1   0.0  274   37-317    87-374 (519)
     357 UniRef100_A0A060Y7B7 G_PROTEIN 100.0 9.9E-40   1E-45  276.8   0.0  281   36-325   114-551 (560)
     358 tr|A0A2B4SSL5|A0A2B4SSL5_STYPI 100.0   1E-39   1E-45  257.1   0.0  287   36-327    20-313 (344)
     359 UniRef100_A0A3M6UBA2 G_PROTEIN 100.0   1E-39   1E-45  268.8   0.0  282   36-324    48-341 (383)
     360 tr|A0A147AXX1|A0A147AXX1_FUNHE 100.0   1E-39   1E-45  265.5   0.0  284   36-323    36-329 (490)
     361 tr|A0A210R0K7|A0A210R0K7_MIZYE 100.0   1E-39   1E-45  266.6   0.0  290   32-324    68-427 (470)
     362 UniRef100_A0A091R746 Beta-1 ad 100.0   1E-39 1.1E-45  273.4   0.0  279   41-324   138-453 (572)
     363 tr|A7RRH0|A7RRH0_NEMVE Predict 100.0 1.1E-39 1.1E-45  280.0   0.0  279   37-325    26-317 (700)
     364 UniRef100_A0A2G8KTA9 Putative  100.0 1.1E-39 1.1E-45  276.7   0.0  276   39-324    50-345 (445)
     365 tr|A0A1L8HND2|A0A1L8HND2_XENLA 100.0 1.2E-39 1.2E-45  267.8   0.0  291   33-326   124-430 (452)
     366 tr|A0A1A9ZAD8|A0A1A9ZAD8_GLOPL 100.0 1.2E-39 1.2E-45  269.9   0.0  285   35-322   120-420 (574)
     367 UniRef100_A0A2S1WLX6 Putative  100.0 1.2E-39 1.2E-45  266.0   0.0  279   38-324    47-459 (475)
     368 SRR6218665_799277              100.0 1.2E-39 1.2E-45  261.0   0.0  287   38-325   125-421 (456)
     369 tr|W4YJK4|W4YJK4_STRPU Unchara 100.0 1.3E-39 1.3E-45  271.2   0.0  281   36-326    68-372 (446)
     370 UniRef100_A0A068YA15 Neuropept 100.0 1.4E-39 1.4E-45  271.6   0.0  279   38-318    73-390 (510)
     371 UniRef100_A0A2G8KMT5 G_PROTEIN 100.0 1.4E-39 1.4E-45  267.4   0.0  271   38-319    37-323 (402)
     372 UniRef100_A0A3M6T9C5 G_PROTEIN 100.0 1.4E-39 1.4E-45  271.3   0.0  292   34-326    55-362 (402)
     373 tr|A0A2D0SD29|A0A2D0SD29_ICTPU 100.0 1.4E-39 1.4E-45  266.9   0.0  274   38-321     5-306 (420)
     374 UniRef100_A0A026WC04 Dopamine  100.0 1.5E-39 1.5E-45  264.8   0.0  278   36-324    76-398 (468)
     375 UniRef100_A0A068AZY5 Octopamin 100.0 1.5E-39 1.5E-45  294.7   0.0  181   37-225   173-357 (723)
     376 UniRef100_A0A060VWE3 G_PROTEIN 100.0 1.5E-39 1.5E-45  283.8   0.0  283   35-322   143-431 (542)
     377 UniRef100_A0A0E3EKU4 Allatotro 100.0 1.5E-39 1.6E-45  267.8   0.0  284   38-328   132-436 (562)
     378 tr|A0A2B4RR50|A0A2B4RR50_STYPI 100.0 1.6E-39 1.6E-45  264.5   0.0  286   36-326    28-328 (411)
     379 tr|A0A147A4W2|A0A147A4W2_FUNHE 100.0 1.6E-39 1.6E-45  269.7   0.0  287   32-321    89-441 (502)
     380 tr|A0A0P7U113|A0A0P7U113_9TELE 100.0 1.7E-39 1.7E-45  268.0   0.0  271   34-318   144-416 (452)
     381 tr|A0A060XRS0|A0A060XRS0_ONCMY 100.0 1.6E-39 1.7E-45  281.2   0.0  282   35-326    53-378 (900)
     382 tr|A0A1S2ZMW0|A0A1S2ZMW0_ERIEU 100.0 1.7E-39 1.8E-45  256.3   0.0  283   36-323   156-441 (490)
     383 UniRef100_A0A2B4SYG2 5-hydroxy 100.0 1.8E-39 1.8E-45  263.5   0.0  272   38-320    30-313 (376)
     384 UniRef100_A0A2B4R4X2 Neuropept 100.0 1.8E-39 1.8E-45  273.5   0.0  278   35-319    30-318 (413)
     385 UniRef100_A0A3M6UKX8 G_PROTEIN 100.0   2E-39   2E-45  277.0   0.0  288   35-323   116-420 (487)
     386 tr|A0A210QNG6|A0A210QNG6_MIZYE 100.0   2E-39   2E-45  269.5   0.0  293   30-326    32-342 (498)
     387 UniRef100_A0A0C9RF21 CapaR_3 p 100.0   2E-39   2E-45  271.9   0.0  284   38-324    52-357 (532)
     388 tr|H2Q292|H2Q292_PANTR Unchara 100.0   2E-39 2.1E-45  264.7   0.0  287   32-325    76-405 (492)
     389 tr|A0A2B4R9G2|A0A2B4R9G2_STYPI 100.0 2.2E-39 2.2E-45  264.2   0.0  276   36-319    59-345 (378)
     390 UniRef100_A0A673GE57 Somatosta 100.0 2.2E-39 2.2E-45  235.9   0.0  227  101-327     4-230 (236)
     391 UniRef100_A0A3M6UKG3 G_PROTEIN 100.0 2.2E-39 2.3E-45  260.2   0.0  282   36-320    23-318 (378)
     392 UniRef100_A0A067R841 G_PROTEIN 100.0 2.3E-39 2.3E-45  275.0   0.0  288   35-323   104-409 (526)
     393 tr|A0A0N7ZC69|A0A0N7ZC69_9EUCA 100.0 2.2E-39 2.3E-45  257.2   0.0  286   36-323    65-356 (430)
     394 UniRef100_A0A024R4J1 Formyl pe 100.0 2.3E-39 2.3E-45  287.4   0.0  276   37-321   172-453 (581)
     395 UniRef100_A0A2B4S7Y2 Neuropept 100.0 2.3E-39 2.3E-45  276.0   0.0  279   35-323    79-371 (460)
     396 UniRef100_A0A6P8IFK2 neuromedi 100.0 2.3E-39 2.4E-45  261.8   0.0  288   36-325    24-323 (363)
     397 tr|A0A151NSA8|A0A151NSA8_ALLMI 100.0 2.3E-39 2.4E-45  264.7   0.0  277   35-321    86-372 (406)
     398 tr|J9JRI9|J9JRI9_ACYPI Unchara 100.0 2.4E-39 2.5E-45  264.8   0.0  290   32-324    29-334 (490)
     399 tr|A0A060X5F3|A0A060X5F3_ONCMY 100.0 2.5E-39 2.5E-45  286.8   0.0  278   35-322   412-701 (840)
     400 UniRef100_A0A2G8K507 Putative  100.0 2.6E-39 2.6E-45  276.3   0.0  310    1-323     4-333 (384)
     401 tr|A7RQG0|A7RQG0_NEMVE Predict 100.0 2.6E-39 2.6E-45  264.6   0.0  287   35-323    15-314 (351)
     402 tr|A0A151ITZ3|A0A151ITZ3_9HYME 100.0 2.6E-39 2.6E-45  267.8   0.0  282   37-324    67-420 (481)
     403 UniRef100_A0A0P6J0T1 Putative  100.0 2.6E-39 2.6E-45  281.5   0.0  278   38-320   103-406 (735)
     404 UniRef100_A0A2B4SUJ0 Melatonin 100.0 2.6E-39 2.7E-45  266.2   0.0  279   36-321    26-312 (399)
     405 tr|A7RKH9|A7RKH9_NEMVE Predict 100.0 2.6E-39 2.7E-45  259.8   0.0  285   36-326    24-316 (336)
     406 tr|A0A183TGM8|A0A183TGM8_SCHSO 100.0 2.7E-39 2.7E-45  264.9   0.0  290   35-325    62-374 (446)
     407 tr|A0A218UP03|A0A218UP03_9PASE 100.0 2.7E-39 2.8E-45  283.0   0.0  276   36-321   788-1072(1110)
     408 tr|A0A1W4X208|A0A1W4X208_AGRPL 100.0 2.8E-39 2.8E-45  263.4   0.0  287   35-324    92-394 (467)
     409 UniRef100_A0A3M6U2U1 G_PROTEIN 100.0   3E-39   3E-45  264.9   0.0  281   38-323    20-307 (352)
     410 tr|A0A0V1MVC7|A0A0V1MVC7_9BILA 100.0 3.1E-39 3.1E-45  273.6   0.0  285   36-323    79-378 (598)
     411 UniRef100_A0A2B4RQG7 Somatosta 100.0 3.1E-39 3.1E-45  280.5   0.0  282   38-321    88-396 (541)
     412 tr|B4KC34|B4KC34_DROMO Unchara 100.0 3.1E-39 3.1E-45  277.3   0.0  284   36-322   191-491 (670)
     413 UniRef100_A0A026X2D4 Alpha-1A  100.0 3.2E-39 3.2E-45  273.9   0.0  279   37-325    92-375 (461)
     414 tr|A0A0P7TYE1|A0A0P7TYE1_9TELE 100.0 3.3E-39 3.3E-45  266.9   0.0  280   37-319   123-469 (507)
     415 UniRef100_A0A2G8JGQ1 Putative  100.0 3.4E-39 3.4E-45  271.8   0.0  287   34-325    54-372 (455)
     416 tr|K1RR88|K1RR88_CRAGI 5-hydro 100.0 3.4E-39 3.5E-45  258.1   0.0  285   38-327    57-355 (407)
     417 tr|A0A0K0PUV0|A0A0K0PUV0_PLADU 100.0 3.5E-39 3.5E-45  262.2   0.0  277   38-324    16-334 (373)
     418 UniRef100_A0A6P4Z5N5 muscarini 100.0 3.5E-39 3.5E-45  261.3   0.0  283   38-331    29-350 (357)
     419 tr|A0A0K0PVS0|A0A0K0PVS0_PLADU 100.0 3.5E-39 3.5E-45  257.9   0.0  318   38-360    48-377 (382)
     420 UniRef100_A0A087T988 G-protein 100.0 3.6E-39 3.6E-45  267.0   0.0  277   39-327    66-380 (402)
     421 UniRef100_A0A3M6THF9 G_PROTEIN 100.0 3.6E-39 3.6E-45  271.8   0.0  271   32-320    55-335 (483)
     422 tr|M3YYC3|M3YYC3_MUSPF Melanin 100.0 3.7E-39 3.8E-45  257.1   0.0  284   35-320   111-400 (426)
     423 UniRef100_A0A061I1T5 C3a anaph 100.0 3.8E-39 3.8E-45  283.7   0.0  278   34-319   132-525 (700)
     424 tr|A0A2G8KL37|A0A2G8KL37_STIJA 100.0 3.8E-39 3.9E-45  256.5   0.0  289   34-326    46-402 (439)
     425 tr|A0A210QY69|A0A210QY69_MIZYE 100.0 3.8E-39 3.9E-45  256.0   0.0  292   36-328    85-382 (400)
     426 UniRef100_A0A084VX67 AGAP00044 100.0 4.1E-39 4.1E-45  265.2   0.0  274   38-321    70-384 (444)
     427 UniRef100_A0A060W714 Chemokine 100.0 4.2E-39 4.2E-45  273.1   0.0  275   34-320   118-394 (510)
     428 SRR6218665_1158703             100.0 4.2E-39 4.3E-45  263.6   0.0  289   31-324    30-335 (413)
     429 UniRef100_A0A060XMX0 NPY-Y2 re 100.0 4.4E-39 4.5E-45  259.4   0.0  283   38-324   124-415 (452)
     430 UniRef100_A0A060W247 Cholecyst 100.0 4.5E-39 4.5E-45  272.4   0.0  284   36-322   126-475 (563)
     431 UniRef100_A0A0L8H8I0 G_PROTEIN 100.0 4.5E-39 4.5E-45  276.6   0.0  277   37-323    72-363 (466)
     432 UniRef100_A0A1D2MZ73 Somatosta 100.0 4.6E-39 4.7E-45  262.9   0.0  289   35-324    66-382 (533)
     433 UniRef100_A0A023F665 Putative  100.0 4.6E-39 4.7E-45  273.6   0.0  287   35-322   141-448 (573)
     434 UniRef100_A0A0K0PUT0 Orphan G- 100.0 4.9E-39 4.9E-45  272.3   0.0  283   38-325    51-348 (400)
     435 UniRef100_A0A060XSH0 G_PROTEIN 100.0 5.1E-39 5.1E-45  277.8   0.0  286   35-324   144-435 (590)
     436 tr|A7S585|A7S585_NEMVE Predict 100.0 5.1E-39 5.2E-45  263.1   0.0  289   36-326    23-328 (374)
     437 tr|A0A1S3L0J1|A0A1S3L0J1_SALSA 100.0 5.2E-39 5.3E-45  266.8   0.0  279   34-322    72-404 (533)
     438 tr|V8NTH6|V8NTH6_OPHHA N-arach 100.0 5.3E-39 5.3E-45  283.8   0.0  288   35-323    26-323 (785)
     439 UniRef100_A0A3M6T5D0 G_PROTEIN 100.0 5.4E-39 5.5E-45  267.0   0.0  272   35-326    50-326 (402)
     440 tr|A0A1L7H7D8|A0A1L7H7D8_SACKO 100.0 5.4E-39 5.5E-45  256.6   0.0  279   36-327    70-368 (424)
     441 tr|A0A212C668|A0A212C668_CEREH 100.0 5.4E-39 5.5E-45  265.3   0.0  277   38-323   220-556 (558)
     442 tr|A0A2B4SIA2|A0A2B4SIA2_STYPI 100.0 5.5E-39 5.6E-45  262.7   0.0  282   36-324    57-361 (370)
     443 tr|A7RNV5|A7RNV5_NEMVE Predict 100.0 5.6E-39 5.7E-45  259.5   0.0  277   37-318    31-321 (377)
     444 UniRef100_A0A210PNG3 5-hydroxy 100.0 5.7E-39 5.7E-45  268.4   0.0  284   35-326    63-371 (427)
     445 UniRef100_A0A6P8IPF1 5-hydroxy 100.0 5.6E-39 5.7E-45  258.3   0.0  284   39-326    59-364 (403)
     446 tr|A0A0R4IQ19|A0A0R4IQ19_DANRE 100.0 5.7E-39 5.8E-45  253.5   0.0  285   38-326    56-350 (384)
     447 tr|A0A0P6B3L3|A0A0P6B3L3_9CRUS 100.0 5.9E-39 6.1E-45  265.6   0.0  288   35-323    30-412 (623)
     448 UniRef100_A0A087R2J6 Neuropept 100.0 6.1E-39 6.2E-45  272.9   0.0  277   38-319   213-515 (638)
     449 UniRef100_A0A226PVL7 Mu-type o 100.0   6E-39 6.2E-45  258.3   0.0  281   38-319   159-441 (566)
     450 tr|A0A182L9N8|A0A182L9N8_9DIPT 100.0 6.3E-39 6.4E-45  268.2   0.0  286   37-325    88-384 (490)
     451 tr|A0A0P7XE55|A0A0P7XE55_9TELE 100.0 6.5E-39 6.6E-45  272.8   0.0  283   35-327    48-371 (782)
     452 UniRef100_A0A067RKH6 Putative  100.0 6.7E-39 6.7E-45  273.4   0.0  282   36-322    95-411 (501)
     453 tr|L5M4Z9|L5M4Z9_MYODS C-C che 100.0 6.7E-39 6.8E-45  266.4   0.0  275   38-321   270-553 (590)
     454 UniRef100_A0A060VRN9 G_PROTEIN 100.0 7.2E-39 7.3E-45  268.0   0.0  272   39-321   137-428 (496)
     455 tr|A0A1S3JCV4|A0A1S3JCV4_LINUN 100.0 7.2E-39 7.3E-45  257.4   0.0  286   36-325    61-370 (414)
     456 UniRef100_A0A0L7QPT9 Green-sen 100.0 7.3E-39 7.3E-45  267.3   0.0  277   36-321    80-360 (445)
     457 tr|A0A146TP77|A0A146TP77_FUNHE 100.0 7.5E-39 7.5E-45  277.7   0.0  280   38-326    47-426 (522)
     458 UniRef100_A0A068WTW9 Tachykini 100.0 7.5E-39 7.6E-45  262.9   0.0  279   36-320    44-356 (453)
     459 UniRef100_A0A0L8HMQ0 G_PROTEIN 100.0 7.5E-39 7.6E-45  269.0   0.0  287   34-324    45-348 (538)
     460 tr|A0A232F8D2|A0A232F8D2_9HYME 100.0 7.5E-39 7.6E-45  263.8   0.0  280   34-319    68-366 (478)
     461 tr|A0A1S3W6N0|A0A1S3W6N0_ERIEU 100.0 7.6E-39 7.8E-45  267.2   0.0  284   37-323   131-443 (596)
     462 tr|A0A091DQD0|A0A091DQD0_FUKDA 100.0 7.7E-39 7.8E-45  263.5   0.0  274   38-322   180-462 (499)
     463 UniRef100_A0A026W4S0 Neuromedi 100.0 7.7E-39 7.8E-45  273.1   0.0  278   38-320    74-385 (604)
     464 tr|M3ZYH7|M3ZYH7_XIPMA Unchara 100.0   8E-39 8.1E-45  262.4   0.0  282   35-325    83-375 (397)
     465 UniRef100_A0A091DLS9 Chemokine 100.0   8E-39 8.1E-45  263.3   0.0  276   36-321   176-469 (511)
     466 tr|A0A2G9R7F4|A0A2G9R7F4_LITCT 100.0   8E-39 8.1E-45  259.1   0.0  276   34-320    45-328 (408)
     467 UniRef100_A0A060WAG3 G_PROTEIN 100.0   8E-39 8.1E-45  268.7   0.0  279   38-325   123-501 (550)
     468 tr|W8B9D1|W8B9D1_CERCA 5-hydro 100.0 8.3E-39 8.5E-45  268.3   0.0  282   35-324   260-627 (664)
     469 tr|A7RYR4|A7RYR4_NEMVE Predict 100.0 8.5E-39 8.5E-45  266.6   0.0  282   37-326    21-310 (352)
     470 tr|A0A146NY53|A0A146NY53_FUNHE 100.0 8.6E-39 8.7E-45  265.8   0.0  273   39-321     8-315 (469)
     471 tr|A0A1V4JMN9|A0A1V4JMN9_PATFA 100.0 8.6E-39 8.8E-45  263.8   0.0  280   38-322    93-420 (537)
     472 tr|W4Z9U8|W4Z9U8_STRPU Unchara 100.0 8.9E-39 9.1E-45  256.0   0.0  291   34-327   104-415 (434)
     473 SRR6218665_1286431             100.0   9E-39 9.2E-45  259.2   0.0  293   32-325    42-342 (477)
     474 UniRef100_A0A061QLL1 Putative  100.0 9.2E-39 9.3E-45  264.0   0.0  280   35-324    43-422 (424)
     475 SRR6218665_147192              100.0 9.3E-39 9.4E-45  263.3   0.0  285   34-323    97-396 (466)
     476 tr|A0A0R4J0Z2|A0A0R4J0Z2_MOUSE 100.0 9.3E-39 9.5E-45  251.9   0.0  281   38-319    69-351 (456)
     477 tr|A0A2B4S6X2|A0A2B4S6X2_STYPI 100.0   1E-38   1E-44  256.8   0.0  278   38-326    24-326 (379)
     478 tr|W4Y502|W4Y502_STRPU Unchara 100.0   1E-38   1E-44  263.1   0.0  277   39-325   110-389 (422)
     479 UniRef100_F6ZHC8 Uncharacteriz 100.0   1E-38 1.1E-44  266.2   0.0  283   37-322    87-463 (520)
     480 UniRef100_A0A087X9W8 G_PROTEIN 100.0 1.1E-38 1.1E-44  269.9   0.0  279   39-319   125-415 (547)
     481 UniRef100_A0A0L8H5P3 G_PROTEIN 100.0 1.1E-38 1.1E-44  266.3   0.0  273   35-319    72-368 (496)
     482 tr|A7SIX0|A7SIX0_NEMVE Predict 100.0 1.1E-38 1.1E-44  258.4   0.0  286   36-324    23-319 (403)
     483 UniRef100_A0A6P4ZET1 somatosta 100.0 1.1E-38 1.2E-44  245.5   0.0  279   38-321    10-293 (346)
     484 tr|C3XVU5|C3XVU5_BRAFL Unchara 100.0 1.2E-38 1.2E-44  259.1   0.0  279   38-321    62-354 (439)
     485 UniRef100_A0A1L8FNZ4 G_PROTEIN 100.0 1.2E-38 1.2E-44  266.2   0.0  270   38-320   101-371 (429)
     486 UniRef100_A0A218VDE9 Somatosta 100.0 1.2E-38 1.2E-44  255.2   0.0  282   37-323    23-307 (556)
     487 tr|E6ZEU6|E6ZEU6_DICLA Neurome 100.0 1.2E-38 1.2E-44  265.8   0.0  285   37-325    88-396 (461)
     488 UniRef100_A0A7J5YUQ9 Somatosta 100.0 1.2E-38 1.3E-44  264.2   0.0  290   34-341   470-759 (787)
     489 tr|G1T869|G1T869_RABIT B2 brad 100.0 1.2E-38 1.3E-44  259.6   0.0  282   38-323   113-406 (446)
     490 UniRef100_A0A067R4E0 Tachykini 100.0 1.3E-38 1.4E-44  260.5   0.0  277   38-319    50-340 (396)
     491 UniRef100_A0A060YY06 G_PROTEIN 100.0 1.4E-38 1.4E-44  265.3   0.0  279   37-320   103-405 (490)
     492 UniRef100_A0A0N1PGA0 Octopamin 100.0 1.4E-38 1.4E-44  269.3   0.0  274   39-321   109-490 (547)
     493 tr|B4NHE1|B4NHE1_DROWI Unchara 100.0 1.5E-38 1.5E-44  265.6   0.0  287   35-326   147-457 (565)
     494 tr|K1PQW2|K1PQW2_CRAGI Putativ 100.0 1.5E-38 1.5E-44  256.5   0.0  287   34-323    54-353 (437)
     495 Marorgknorr_s2lv_2_1036014.sca 100.0 1.5E-38 1.5E-44  260.3   0.0  292   36-329    28-337 (366)
     496 tr|A7RVQ0|A7RVQ0_NEMVE Predict 100.0 1.5E-38 1.6E-44  263.5   0.0  289   34-323    25-331 (398)
     497 UniRef100_A0A0K8WE72 5-hydroxy 100.0 1.6E-38 1.6E-44  270.6   0.0  281   36-324   267-625 (662)
     498 tr|S7PTD0|S7PTD0_MYOBR Mu-type 100.0 1.6E-38 1.6E-44  253.1   0.0  282   37-319    72-400 (489)
     499 UniRef100_A0A061I5W2 G-protein 100.0 1.6E-38 1.7E-44  258.9   0.0  286   35-325    74-367 (435)
     500 UniRef100_A0A3S3NDJ8 Somatosta 100.0 1.7E-38 1.7E-44  249.7   0.0  284   38-326     7-302 (311)
     
  > Uniprot already searched, skipping.
/projects/ilfgrid/apps/alphafold-2.2.0/prep_MSAs.sh: line 93: /bin/hmmbuild: No such file or directory
/projects/ilfgrid/apps/alphafold-2.2.0/prep_MSAs.sh: line 94: /bin/hmmsearch: No such file or directory
> Running chain B
  > Uniref90 already searched, skipping.
  > Mgnify already searched, skipping.
  > Running hhblits on bfd_uniref30
- 13:54:10.356 INFO: Searching 65983866 column state sequences.

- 13:54:11.437 INFO: Searching 29291635 column state sequences.

- 13:54:11.472 INFO: ssr5_rat-2019/msas/B/chain_B.fasta is in A2M, A3M or FASTA format

- 13:54:11.472 INFO: Iteration 1

- 13:54:11.484 INFO: Prefiltering database

- 13:54:45.447 INFO: HMMs passed 1st prefilter (gapless profile-profile alignment)  : 67882

- 13:55:01.028 INFO: HMMs passed 1st prefilter (gapless profile-profile alignment)  : 90024

- 13:55:01.105 INFO: HMMs passed 2nd prefilter (gapped profile-profile alignment)   : 463

- 13:55:01.105 INFO: HMMs passed 2nd prefilter and not found in previous iterations : 463

- 13:55:01.105 INFO: Scoring 463 HMMs using HMM-HMM Viterbi alignment

- 13:55:01.151 INFO: Alternative alignment: 0

- 13:55:01.173 INFO: 463 alignments done

- 13:55:01.173 INFO: Alternative alignment: 1

- 13:55:01.193 INFO: 454 alignments done

- 13:55:01.193 INFO: Alternative alignment: 2

- 13:55:01.194 INFO: 4 alignments done

- 13:55:01.194 INFO: Alternative alignment: 3

- 13:55:01.278 INFO: Premerge done

- 13:55:01.278 INFO: Realigning 468 HMM-HMM alignments using Maximum Accuracy algorithm

- 13:55:01.382 INFO: 106 sequences belonging to 106 database HMMs found with an E-value < 0.001

- 13:55:01.382 INFO: Number of effective sequences of resulting query HMM: Neff = 6.44693

- 13:55:01.390 INFO: Iteration 2

- 13:55:01.390 INFO: Set premerge to 0! (premerge: 3 iteration: 2 hits.Size: 103)

- 13:55:01.399 INFO: Prefiltering database

- 13:55:35.122 INFO: HMMs passed 1st prefilter (gapless profile-profile alignment)  : 9166

- 13:55:51.624 INFO: HMMs passed 1st prefilter (gapless profile-profile alignment)  : 17544

- 13:55:51.655 INFO: HMMs passed 2nd prefilter (gapped profile-profile alignment)   : 132

- 13:55:51.655 INFO: HMMs passed 2nd prefilter and not found in previous iterations : 30

- 13:55:51.655 INFO: Scoring 30 HMMs using HMM-HMM Viterbi alignment

- 13:55:51.698 INFO: Alternative alignment: 0

- 13:55:51.699 INFO: 30 alignments done

- 13:55:51.699 INFO: Alternative alignment: 1

- 13:55:51.700 INFO: 26 alignments done

- 13:55:51.700 INFO: Alternative alignment: 2

- 13:55:51.700 INFO: Alternative alignment: 3

- 13:55:51.716 INFO: Realigning 28 HMM-HMM alignments using Maximum Accuracy algorithm

- 13:55:51.735 INFO: 112 sequences belonging to 112 database HMMs found with an E-value < 0.001

- 13:55:51.735 INFO: Number of effective sequences of resulting query HMM: Neff = 6.46755

- 13:55:51.738 INFO: Iteration 3

- 13:55:51.748 INFO: Prefiltering database

- 13:56:26.026 INFO: HMMs passed 1st prefilter (gapless profile-profile alignment)  : 10199

- 13:56:44.811 INFO: HMMs passed 1st prefilter (gapless profile-profile alignment)  : 19066

- 13:56:44.839 INFO: HMMs passed 2nd prefilter (gapped profile-profile alignment)   : 135

- 13:56:44.839 INFO: HMMs passed 2nd prefilter and not found in previous iterations : 27

- 13:56:44.839 INFO: Scoring 27 HMMs using HMM-HMM Viterbi alignment

- 13:56:44.879 INFO: Alternative alignment: 0

- 13:56:44.881 INFO: 27 alignments done

- 13:56:44.881 INFO: Alternative alignment: 1

- 13:56:44.883 INFO: 23 alignments done

- 13:56:44.883 INFO: Alternative alignment: 2

- 13:56:44.883 INFO: Alternative alignment: 3

- 13:56:44.899 INFO: Rescoring previously found HMMs with Viterbi algorithm

- 13:56:44.929 INFO: Alternative alignment: 0

- 13:56:44.936 INFO: 109 alignments done

- 13:56:44.936 INFO: Alternative alignment: 1

- 13:56:44.944 INFO: 109 alignments done

- 13:56:44.944 INFO: Alternative alignment: 2

- 13:56:44.944 INFO: 1 alignments done

- 13:56:44.944 INFO: Alternative alignment: 3

- 13:56:44.960 INFO: Premerge done

- 13:56:44.960 INFO: Realigning 134 HMM-HMM alignments using Maximum Accuracy algorithm

- 13:56:44.992 INFO: 113 sequences belonging to 113 database HMMs found with an E-value < 0.001

- 13:56:44.992 INFO: Number of effective sequences of resulting query HMM: Neff = 6.4708

     Query         SRIF-14 gtp:2019
     Match_columns 14
     No_of_seqs    97 out of 908
     Neff          6.4708
     Searched_HMMs 469
     Date          Thu Mar  9 13:56:44 2023
     Command       hhblits -i ssr5_rat-2019/msas/B/chain_B.fasta -cpu 4 -maxmem 20 -oa3m /projects/ilfgrid/people/nqz918/code/deorph/scripts/af_arman/af_jobs_af23/ssr5_rat/2019//ssr5_rat-2019/msas/B/bfd_uniref_hits.a3m -o /dev/null -n 3 -e 0.001 -maxseq 1000000 -realign_max 100000 -maxfilt 100000 -min_prefilter_hits 1000 -d /projects/ilfgrid/data/alphafold-genetic-databases///bfd/bfd_metaclust_clu_complete_id30_c90_final_seq.sorted_opt -d /projects/ilfgrid/data/alphafold-genetic-databases///uniref30/UniRef30_2021_03 
     
      No Hit                             Prob E-value P-value  Score    SS Cols Query HMM  Template HMM
       1 UniRef100_P61298 Somatostatin-  99.1 9.8E-13   1E-18   41.8   0.0   14    1-14      1-14  (14)
       2 UniRef100_A0A060WSN3 Somatosta  98.9   9E-12 1.2E-17   56.4   0.0   14    1-14    114-127 (151)
       3 UniRef100_A0A2I4D0V6 somatosta  98.9 1.1E-11 1.3E-17   55.4   0.0   14    1-14    115-128 (128)
       4 tr|A0A146ZVT9|A0A146ZVT9_FUNHE  98.9   1E-11 1.4E-17   57.9   0.0   14    1-14    199-212 (212)
       5 UniRef100_P19209 Somatostatin   98.9 1.8E-11   2E-17   46.0   0.0   14    1-14     22-35  (35)
       6 UniRef100_A0A060X6K9 Somatosta  98.9 2.8E-11 3.7E-17   54.5   0.0   14    1-14    114-127 (139)
       7 tr|A0A0N8JY49|A0A0N8JY49_9TELE  98.8 5.5E-11 6.8E-17   56.8   0.0   14    1-14    228-241 (241)
       8 UniRef100_A0A141RAR9 Somatosta  98.7 1.5E-10 1.6E-16   49.0   0.0   14    1-14     65-78  (78)
       9 UniRef100_A0A2I4D1W7 LOW QUALI  98.7 1.4E-10 1.8E-16   54.4   0.0   14    1-14    180-193 (198)
      10 UniRef100_P81029 Somatostatin-  98.7 1.8E-10   2E-16   41.9   0.0   14    1-14     15-28  (28)
      11 UniRef100_A0A226NAA4 Somatosta  98.7 2.8E-10 3.1E-16   50.7   0.0   14    1-14    105-118 (118)
      12 UniRef100_A0A3Q2VW15 Somatosta  98.7 3.1E-10 3.7E-16   50.6   0.0   14    1-14    106-119 (119)
      13 UniRef100_A0A087XFN1 Somatosta  98.6   4E-10 5.2E-16   52.2   0.0   14    1-14    131-144 (172)
      14 UniRef100_A0A3B3INN6 Somatosta  98.6 5.2E-10 5.8E-16   48.4   0.0   14    1-14     77-90  (90)
      15 UniRef100_A0A091GBD6 Somatosta  98.6 7.1E-10 7.8E-16   49.7   0.0   14    1-14    109-122 (122)
      16 UniRef100_A0A087QL45 Somatosta  98.6   7E-10 8.2E-16   49.9   0.0   14    1-14    110-123 (124)
      17 UniRef100_UPI0003C10D91 somato  98.6 7.4E-10 8.3E-16   49.7   0.0   14    1-14    110-123 (123)
      18 UniRef100_A0A060W609 Somatosta  98.5 1.3E-09 1.6E-15   50.2   0.0   14    1-14    140-153 (155)
      19 UniRef100_A0A444UQP3 Somatosta  98.5 1.9E-09 1.9E-15   43.0   0.0   14    1-14     37-50  (50)
      20 UniRef100_A0A402E7E0 Somatosta  98.4 3.7E-09 4.1E-15   48.6   0.0   14    1-14    134-147 (147)
      21 UniRef100_A0A3B3ZLM2 Somatosta  98.4 5.5E-09 5.9E-15   46.0   0.0   14    1-14     89-102 (102)
      22 UniRef100_A0A665V8K9 Somatosta  98.4 6.7E-09 7.4E-15   48.6   0.0   14    1-14    159-172 (172)
      23 UniRef100_A0A3Q2Q5F7 Somatosta  98.4 8.2E-09 8.8E-15   45.9   0.0   14    1-14     96-109 (109)
      24 UniRef100_A0A091VE35 Somatosta  98.3 1.1E-08 1.2E-14   43.5   0.0   14    1-14     63-76  (76)
      25 tr|A0A146NV23|A0A146NV23_FUNHE  98.3 1.3E-08 1.4E-14   49.4   0.0   14    1-14    236-249 (249)
      26 tr|M4AJ16|M4AJ16_XIPMA Unchara  98.3 1.4E-08 1.6E-14   48.1   0.0   14    1-14    174-187 (187)
      27 UniRef100_A0A672GJY0 Somatosta  98.3 1.8E-08 1.9E-14   45.3   0.0   14    1-14    107-120 (120)
      28 tr|A0A0N8JVD0|A0A0N8JVD0_9TELE  98.3 2.4E-08 2.6E-14   50.5   0.0   14    1-14    378-391 (391)
      29 UniRef100_A0A3Q7Y4J1 LOW QUALI  98.2 2.9E-08 3.2E-14   46.2   0.0   14    1-14    140-153 (154)
      30 UniRef100_UPI00053CBDA5 somato  98.2 3.2E-08 3.3E-14   46.3   0.0   14    1-14    154-167 (167)
      31 UniRef100_A0A0N8JY49 Preprosom  98.2 3.4E-08 3.7E-14   47.9   0.0   14    1-14    228-241 (241)
      32 UniRef100_UPI0018646E67 somato  98.2 5.3E-08 5.4E-14   44.8   0.0   14    1-14    132-145 (145)
      33 UniRef100_A0A674PCY3 Somatosta  98.2 5.3E-08 5.5E-14   43.5   0.0   14    1-14     99-112 (112)
      34 UniRef100_A0A060WU09 Somatosta  98.2 5.6E-08 5.7E-14   39.8   0.0   14    1-14     43-56  (56)
      35 UniRef100_A0A1B3IK53 Somatosta  98.1 7.7E-08 7.9E-14   44.6   0.0   14    1-14    141-154 (154)
      36 UniRef100_A0A0M4IUL0 Somatosta  98.1 6.5E-08 8.1E-14   44.3   0.0   14    1-14    119-132 (132)
      37 UniRef100_UPI0015AC43CE somato  98.1 8.4E-08 8.7E-14   44.1   0.0   14    1-14    130-143 (143)
      38 tr|A0A1U7U334|A0A1U7U334_TARSY  98.1 7.6E-08 8.8E-14   45.1   0.0   13    2-14    147-159 (160)
      39 UniRef100_P09876 Somatostatin-  98.1 9.4E-08 9.8E-14   40.7   0.0   14    1-14     61-74  (74)
      40 UniRef100_UPI00117626D9 somato  98.1 9.9E-08   1E-13   44.3   0.0   14    1-14    141-154 (154)
      41 UniRef100_UPI0003B68635 somato  98.1 1.1E-07 1.1E-13   43.9   0.0   14    1-14    133-146 (146)
      42 UniRef100_A0A5C6PEM7 Somatosta  98.1 1.1E-07 1.1E-13   44.4   0.0   14    1-14    149-162 (162)
      43 UniRef100_A0A087WT10 Centromer  98.1 1.2E-07 1.3E-13   45.2   0.0   14    1-14    171-184 (185)
      44 UniRef100_UPI001016DDBD somato  98.1 1.3E-07 1.3E-13   45.5   0.0   14    1-14    196-209 (209)
      45 UniRef100_A0A1B3IKD4 Somatosta  98.1 1.3E-07 1.3E-13   43.7   0.0   14    1-14    135-148 (148)
      46 UniRef100_A0A1L8G9W6 Somatosta  98.1 1.4E-07 1.4E-13   43.9   0.0   14    1-14    144-157 (157)
      47 UniRef100_A0A672JY70 Somatosta  98.0 1.6E-07 1.7E-13   41.4   0.0   14    1-14     83-96  (96)
      48 UniRef100_UPI00188791FC somato  98.0 1.7E-07 1.7E-13   44.3   0.0   14    1-14    168-181 (181)
      49 UniRef100_UPI0003C116E5 somato  98.0 1.7E-07 1.8E-13   40.8   0.0   14    1-14     75-88  (88)
      50 UniRef100_A0A2U3Z4T3 cortistat  98.0 2.1E-07 2.3E-13   40.0   0.0   14    1-14     61-74  (75)
      51 UniRef100_A0A2D0SI52 somatosta  98.0 2.1E-07 2.4E-13   42.6   0.0   14    1-14    110-123 (126)
      52 UniRef100_A0A3Q4BCM8 Somatosta  98.0 2.3E-07 2.4E-13   41.6   0.0   14    1-14     98-111 (111)
      53 tr|G5C529|G5C529_HETGA Centrom  98.0   2E-07 2.5E-13   45.9   0.0   14    1-14    242-255 (256)
      54 UniRef100_A0A3P8TK19 Cortistat  98.0 2.7E-07 2.9E-13   45.0   0.0   14    1-14    222-235 (235)
      55 tr|A0A212CJG2|A0A212CJG2_CEREH  98.0 2.7E-07 2.9E-13   45.8   0.0   14    1-14    274-287 (287)
      56 UniRef100_UPI0003C4C3BE somato  97.9   3E-07 3.1E-13   42.3   0.0   14    1-14    125-138 (138)
      57 ERR1712168_858629               97.9 2.9E-07 3.3E-13   42.5   0.0   14    1-14    122-135 (136)
      58 UniRef100_UPI0006B07F75 somato  97.9 3.8E-07 3.9E-13   41.4   0.0   14    1-14    109-122 (122)
      59 UniRef100_A0A6F9CFX3 Somatosta  97.9 5.4E-07 5.6E-13   39.9   0.0   14    1-14     84-97  (97)
      60 tr|A0A2D0SI52|A0A2D0SI52_ICTPU  97.9 5.3E-07 6.2E-13   41.1   0.0   14    1-14    105-118 (118)
      61 UniRef100_UPI0011CF1945 somato  97.8   8E-07 8.2E-13   42.0   0.0   14    1-14    156-169 (169)
      62 tr|G3IHY3|G3IHY3_CRIGR Cortist  97.8 7.9E-07 8.5E-13   40.2   0.0   13    2-14     97-109 (110)
      63 UniRef100_A0A553NM23 Somatosta  97.8 8.4E-07 8.7E-13   42.5   0.0   14    1-14    182-195 (195)
      64 UniRef100_A0A674KAB8 Somatosta  97.8 8.9E-07 9.4E-13   41.0   0.0   14    1-14    124-137 (137)
      65 UniRef100_A0A4W5L1S9 Somatosta  97.8 9.9E-07   1E-12   40.3   0.0   14    1-14    110-123 (123)
      66 UniRef100_A0A3Q2XKD9 Somatosta  97.8 1.2E-06 1.2E-12   40.2   0.0   14    1-14    114-127 (127)
      67 UniRef100_A0A3B3Z827 Somatosta  97.8 1.1E-06 1.2E-12   40.3   0.0   14    1-14    111-124 (124)
      68 UniRef100_A0A212CJG2 RTP2 n=2   97.8 1.2E-06 1.3E-12   43.5   0.0   14    1-14    274-287 (287)
      69 UniRef100_A0A0N8JVD0 Somatosta  97.8 1.2E-06 1.3E-12   44.6   0.0   14    1-14    378-391 (391)
      70 UniRef100_A0A4Z2HSG6 Somatosta  97.7 1.5E-06 1.5E-12   40.2   0.0   13    1-13     91-103 (136)
      71 UniRef100_V8N3Q0 Somatostatin   97.7 1.7E-06 1.8E-12   42.8   0.0   14    1-14    255-268 (268)
      72 UniRef100_UPI0011CFB20C LOW QU  97.7 1.9E-06   2E-12   41.5   0.0   14    1-14    185-198 (198)
      73 UniRef100_A0A0Q3LZK1 PABS doma  97.7 1.9E-06   2E-12   44.9   0.0   14    1-14    444-457 (457)
      74 UniRef100_A0A0M5KFL1 Somatosta  97.7   2E-06 2.4E-12   39.5   0.0   14    1-14    108-121 (121)
      75 tr|M7BZX2|M7BZX2_CHEMY B-cell   97.7 2.3E-06 2.4E-12   46.2   0.0   14    1-14    792-805 (805)
      76 UniRef100_A0A315VZZ0 Somatosta  97.6 2.5E-06 2.6E-12   43.8   0.0   14    1-14    381-394 (409)
      77 tr|A0A146U6Q8|A0A146U6Q8_FUNHE  97.6 2.7E-06 3.1E-12   39.0   0.0   14    1-14    103-116 (116)
      78 UniRef100_UPI0018A0B526 somato  97.6 3.1E-06 3.2E-12   41.7   0.0   14    1-14    235-248 (248)
      79 UniRef100_A0A674PF47 Somatosta  97.6 3.1E-06 3.2E-12   42.7   0.0   14    1-14    313-326 (326)
      80 UniRef100_A0A4U1FM09 Somatosta  97.6 3.7E-06 3.9E-12   36.4   0.0   14    1-14     63-76  (77)
      81 UniRef100_UPI000F602145 LOW QU  97.6   4E-06 4.1E-12   39.5   0.0   13    1-13    109-121 (156)
      82 UniRef100_A0A3B4DB20 Somatosta  97.6 4.3E-06 4.6E-12   38.3   0.0   14    1-14    102-115 (115)
      83 UniRef100_A0A3Q1G6L4 Somatosta  97.6 4.6E-06 4.7E-12   41.3   0.0   14    1-14    241-254 (254)
      84 UniRef100_A0A091DMT4 Centromer  97.5 4.4E-06   5E-12   40.2   0.0   14    1-14    152-165 (177)
      85 UniRef100_A0A3B1J5E5 Somatosta  97.5 5.7E-06 5.9E-12   37.0   0.0   14    1-14     84-97  (97)
      86 tr|G1RE55|G1RE55_NOMLE CENPS-C  97.4 9.4E-06   1E-11   40.4   0.0   13    2-14    231-243 (244)
      87 UniRef100_A0A670J145 Somatosta  97.4 1.1E-05 1.3E-11   37.9   0.0   14    1-14    120-133 (140)
      88 UniRef100_UPI0004D079D7 LOW QU  97.4 1.4E-05 1.4E-11   40.5   0.0   13    2-14    300-312 (313)
      89 UniRef100_UPI001A9873BE unchar  97.4 1.4E-05 1.4E-11   39.2   0.0   14    1-14    207-220 (220)
      90 UniRef100_A0A6I9L247 Centromer  97.4 1.4E-05 1.4E-11   39.0   0.0   13    2-14    188-200 (201)
      91 UniRef100_A0A6P7WU98 somatosta  97.3   2E-05 2.1E-11   36.2   0.0   13    2-14    101-113 (113)
      92 UniRef100_A0A5C6PFK2 Somatosta  97.3 2.4E-05 2.5E-11   35.0   0.0   14    1-14     80-93  (93)
      93 UniRef100_A0A2U4AZK3 cortistat  97.3 2.5E-05 2.6E-11   35.6   0.0   14    1-14     95-108 (109)
      94 UniRef100_UPI00145A5038 somato  97.1 5.9E-05   6E-11   35.8   0.0   14    1-14    136-149 (149)
      95 UniRef100_A0A1S3QZP5 somatosta  97.1 6.1E-05 6.4E-11   34.7   0.0   14    1-14     99-112 (112)
      96 UniRef100_UPI0015AEF9F7 unchar  97.1 6.8E-05   7E-11   38.9   0.0   14    1-14    361-374 (374)
      97 UniRef100_A0A672ZYU3 Somatosta  97.1 6.8E-05   7E-11   34.2   0.0   13    1-13     87-99  (105)
      98 UniRef100_A0A3Q2CNM4 Uncharact  97.0 8.4E-05 8.7E-11   32.9   0.0   13    2-14     70-82  (82)
      99 UniRef100_A0A444UK16 Somatosta  97.0 9.9E-05   1E-10   35.2   0.0   14    1-14    140-153 (153)
     100 UniRef100_A0A6M8VAU7 Somatosta  97.0 0.00011 1.1E-10   24.8   0.0   11    2-12      2-12  (15)
     101 UniRef100_A0A315V7L0 Somatosta  96.9 0.00013 1.3E-10   36.7   0.0   12    1-12    111-122 (247)
     102 UniRef100_A0A485NEF6 Centromer  96.9 0.00015 1.6E-10   36.8   0.0   14    1-14    244-257 (258)
     103 UniRef100_A0A061IDI5 Exosome c  96.9 0.00015 1.7E-10   41.8   0.0   14    1-14   1408-1421(1421)
     104 UniRef100_A0A0Q3LZJ2 Non-speci  96.8 0.00022 2.3E-10   42.3   0.0   14    1-14   2412-2425(2425)
     105 UniRef100_A0A6F9CIM6 Collagen   96.6 0.00059   6E-10   39.7   0.0   14    1-14   1589-1602(1602)
     106 UniRef100_A0A3Q3JKK6 Uncharact  96.5 0.00085 9.3E-10   33.2   0.0   14    1-14    166-179 (179)
     107 UniRef100_UPI0009A43912 somato  96.4  0.0011 1.1E-09   31.8   0.0   13    2-14    126-138 (138)
     108 UniRef100_UPI001402F94C somato  96.4  0.0012 1.2E-09   32.2   0.0   13    2-14    147-159 (159)
     109 UniRef100_A0A060X4J9 Collagen   96.3  0.0014 1.4E-09   34.5   0.0   14    1-14    339-352 (352)
     110 UniRef100_A0A4W4FGG0 Uncharact  96.3  0.0014 1.5E-09   30.5   0.0   14    1-14     95-108 (108)
     111 tr|Q9DDE4|Q9DDE4_DANRE Somatos  96.3  0.0015 1.6E-09   30.6   0.0   14    1-14     94-107 (107)
     112 UniRef100_A0A0F8AS65 Somatosta  96.0  0.0043 4.6E-09   30.3   0.0   14    1-14    109-122 (147)
     113 UniRef100_A0A023GPD3 Putative   95.7  0.0059 8.4E-09   37.3   0.0   14    1-14   2042-2055(2059)
     114 UniRef100_A0A3D2DIJ7 Somatosta  95.6   0.011 1.2E-08   23.7   0.0   10    2-11     21-30  (35)
     115 UniRef100_A0A6A4S9R0 Collagen   95.2   0.027 2.7E-08   33.6   0.0   14    1-14   1238-1251(1304)
     116 UniRef100_A0A1I8FKI6 Uncharact  95.2   0.028 2.9E-08   23.7   0.0    9    2-10     30-38  (46)
     117 UniRef100_X1R9C7 Uncharacteriz  94.8   0.047 4.9E-08   21.6   0.0   11    3-13      5-15  (30)
     118 UniRef100_A0A1S0TFI6 Uncharact  93.9    0.16 1.6E-07   23.0   0.0   12    1-12     41-52  (66)
     119 UniRef100_A0A2P2N9Y1 Uncharact  93.8    0.16 1.7E-07   22.0   0.0   10    3-12     36-45  (49)
     120 UniRef100_A0A284S9T7 Uncharact  93.8    0.17 1.7E-07   26.4   0.0   12    2-13     70-81  (207)
     121 UniRef100_A0A199UBM7 Uncharact  93.8    0.17 1.7E-07   21.9   0.0   10    1-10     22-31  (49)
     122 UniRef100_A0A6G0UFM7 Uncharact  93.6     0.2 2.1E-07   27.7   0.0   10    1-10    271-280 (367)
     123 UniRef100_A0A1J1I5Y0 CLUMA_CG0  93.6    0.21 2.1E-07   22.4   0.0   10    1-10     16-25  (61)
     124 UniRef100_A0A0A9L550 Uncharact  93.4    0.25 2.6E-07   22.7   0.0    9    1-9      62-70  (71)
     125 UniRef100_UPI000948A9FA hypoth  92.8    0.37 3.8E-07   22.9   0.0   12    2-13     45-56  (89)
     126 UniRef100_A0A0E9VEH3 Uncharact  91.8    0.72 7.4E-07   21.1   0.0    9    4-12     42-50  (63)
     127 UniRef100_Q6ANX2 Uncharacteriz  91.4    0.88   9E-07   24.1   0.0   12    1-12    131-142 (198)
     128 UniRef100_A0A0A9E7B0 Uncharact  91.0     1.1 1.1E-06   20.6   0.0   11    1-11      8-18  (63)
     129 UniRef100_A0A7J7H1P9 Germin-li  90.7     1.2 1.3E-06   24.6   0.0   13    1-13    223-235 (285)
     130 UniRef100_A0A3E0KBE9 Cu_amine_  90.2     1.5 1.5E-06   25.6   0.0   14    1-14     31-44  (481)
     131 UniRef100_A0A0U5IB67 Uncharact  88.1       3 3.1E-06   20.3   0.0   11    2-12     41-51  (86)
     132 UniRef100_A0A7S4C421 Hypotheti  86.6     4.3 4.5E-06   20.8   0.0   13    1-13     41-53  (123)
     133 UniRef100_A0A7S0XII1 Hypotheti  71.4      35 3.6E-05   17.9   0.0   13    1-13     40-52  (111)
     134 UniRef100_A0A4W4FGG0 Uncharact  21.1   1E+03   0.001   13.6   0.0    9    5-13     28-36  (108)
     
  > Uniprot already searched, skipping.
/projects/ilfgrid/apps/alphafold-2.2.0/prep_MSAs.sh: line 93: /bin/hmmbuild: No such file or directory
/projects/ilfgrid/apps/alphafold-2.2.0/prep_MSAs.sh: line 94: /bin/hmmsearch: No such file or directory

>> Job finished at: Thu Mar  9 13:56:49 CET 2023

>> Runtime: 810 s
