>> Job started at: Thu Feb 23 11:56:40 CET 2023
   On Machine:     ilfgridgpun01fl.unicph.domain
   In directory:   /projects/ilfgrid/people/nqz918/code/deorph/scripts/af_arman/af_jobs_af23/kissr_human/3711

>> GPU is 

> Running 'prep_MSAs.sh'
  > Alphafold-DB directory is set to /projects/ilfgrid/data/alphafold-genetic-databases//
  > Number of cores was set to set to 2
  > Max memory set to 20 GB
  > Output directory was set to /projects/ilfgrid/people/nqz918/code/deorph/scripts/af_arman/af_jobs_af23/kissr_human/3711/
  > Input fastafile was set to /projects/ilfgrid/people/nqz918/code/deorph/scripts/af_arman/af_jobs_af23/kissr_human/3711/kissr_human-3711.fasta
> Splitting fastafile
> Running chain A
  > Uniref90 already searched, skipping.
  > Mgnify already searched, skipping.
  > Running hhblits on bfd_uniref30
- 11:57:07.612 INFO: Searching 65983866 column state sequences.

- 11:57:09.992 INFO: Searching 29291635 column state sequences.

- 11:57:10.031 INFO: kissr_human-3711/msas/A/chain_A.fasta is in A2M, A3M or FASTA format

- 11:57:10.032 INFO: Iteration 1

- 11:57:10.267 INFO: Prefiltering database

- 11:59:40.594 INFO: HMMs passed 1st prefilter (gapless profile-profile alignment)  : 6985196

- 12:01:32.210 INFO: HMMs passed 1st prefilter (gapless profile-profile alignment)  : 1260783

- 12:01:39.499 INFO: HMMs passed 2nd prefilter (gapped profile-profile alignment)   : 42576

- 12:01:39.499 INFO: HMMs passed 2nd prefilter and not found in previous iterations : 42576

- 12:01:39.499 INFO: Scoring 42576 HMMs using HMM-HMM Viterbi alignment

- 12:01:39.528 INFO: Alternative alignment: 0

- 12:01:40.899 INFO: 2000 alignments done

- 12:01:42.267 INFO: 4000 alignments done

- 12:01:43.905 INFO: 6000 alignments done

- 12:01:45.080 INFO: 8000 alignments done

- 12:01:46.058 INFO: 10000 alignments done

- 12:01:46.068 INFO: Stop after DB-HHM: 10000 because early stop  14.2865 < filter cutoff 20

- 12:01:46.068 INFO: Alternative alignment: 1

- 12:01:52.464 INFO: 9583 alignments done

- 12:01:52.514 INFO: Alternative alignment: 2

- 12:01:54.131 INFO: 1946 alignments done

- 12:01:54.133 INFO: Alternative alignment: 3

- 12:01:54.451 INFO: 283 alignments done

- 12:01:55.192 INFO: Premerge done

- 12:01:55.192 INFO: Realigning 4086 HMM-HMM alignments using Maximum Accuracy algorithm

- 12:02:45.387 INFO: 4089 sequences belonging to 4089 database HMMs found with an E-value < 0.001

- 12:02:45.387 INFO: Number of effective sequences of resulting query HMM: Neff = 9.78585

- 12:02:45.475 INFO: Iteration 2

- 12:02:45.475 INFO: Set premerge to 0! (premerge: 3 iteration: 2 hits.Size: 4086)

- 12:02:45.722 INFO: Prefiltering database

- 12:05:34.176 INFO: HMMs passed 1st prefilter (gapless profile-profile alignment)  : 23359338

- 12:21:01.706 WARNING: Number of hits passing 2nd prefilter (reduced from 147788 to allowed maximum of 100000).
You can increase the allowed maximum using the -maxfilt <max> option.

- 12:22:24.488 INFO: HMMs passed 1st prefilter (gapless profile-profile alignment)  : 4965404

- 12:23:00.023 WARNING: Number of hits passing 2nd prefilter (reduced from 106154 to allowed maximum of 100000).
You can increase the allowed maximum using the -maxfilt <max> option.

- 12:23:00.568 INFO: HMMs passed 2nd prefilter (gapped profile-profile alignment)   : 200000

- 12:23:00.568 INFO: HMMs passed 2nd prefilter and not found in previous iterations : 195996

- 12:23:00.568 INFO: Scoring 195996 HMMs using HMM-HMM Viterbi alignment

- 12:23:00.617 INFO: Alternative alignment: 0

- 12:23:31.850 INFO: 2000 alignments done

- 12:23:41.294 INFO: 4000 alignments done

- 12:23:59.555 INFO: 6000 alignments done

- 12:24:10.836 INFO: 8000 alignments done

- 12:25:31.927 INFO: 10000 alignments done

- 12:27:26.517 INFO: 12000 alignments done

- 12:29:24.992 INFO: 14000 alignments done

- 12:29:24.997 INFO: Stop after DB-HHM: 14000 because early stop  14.2537 < filter cutoff 20

- 12:29:24.997 INFO: Alternative alignment: 1

- 12:30:16.873 INFO: 8829 alignments done

- 12:30:16.917 INFO: Alternative alignment: 2

- 12:30:18.321 INFO: 780 alignments done

- 12:30:18.323 INFO: Alternative alignment: 3

- 12:30:18.656 INFO: 131 alignments done

- 12:30:18.791 INFO: Realigning 4794 HMM-HMM alignments using Maximum Accuracy algorithm

- 12:32:07.650 INFO: 8881 sequences belonging to 8881 database HMMs found with an E-value < 0.001

- 12:32:07.650 INFO: Number of effective sequences of resulting query HMM: Neff = 10.7229

- 12:32:07.752 INFO: Iteration 3

- 12:32:07.993 INFO: Prefiltering database

- 12:39:20.161 INFO: HMMs passed 1st prefilter (gapless profile-profile alignment)  : 16829201

- 12:41:57.795 INFO: HMMs passed 1st prefilter (gapless profile-profile alignment)  : 4094465

- 12:42:28.004 INFO: HMMs passed 2nd prefilter (gapped profile-profile alignment)   : 130268

- 12:42:28.004 INFO: HMMs passed 2nd prefilter and not found in previous iterations : 121554

- 12:42:28.004 INFO: Scoring 121554 HMMs using HMM-HMM Viterbi alignment

- 12:42:28.035 INFO: Alternative alignment: 0

- 12:43:26.377 INFO: 2000 alignments done

- 12:43:56.299 INFO: 4000 alignments done

- 12:44:58.277 INFO: 6000 alignments done

- 12:46:02.514 INFO: 8000 alignments done

- 12:47:03.082 INFO: 10000 alignments done

- 12:47:03.095 INFO: Stop after DB-HHM: 10000 because early stop  17.1566 < filter cutoff 20

- 12:47:03.095 INFO: Alternative alignment: 1

- 12:47:33.953 INFO: 5098 alignments done

- 12:47:33.962 INFO: Alternative alignment: 2

- 12:47:34.950 INFO: 571 alignments done

- 12:47:34.951 INFO: Alternative alignment: 3

- 12:47:35.227 INFO: 109 alignments done

- 12:47:35.366 INFO: Rescoring previously found HMMs with Viterbi algorithm

- 12:47:35.395 INFO: Alternative alignment: 0

- 12:48:21.164 INFO: 2000 alignments done

- 12:48:50.368 INFO: 4000 alignments done

- 12:49:13.455 INFO: 6000 alignments done

- 12:49:27.900 INFO: 8000 alignments done

- 12:49:32.723 INFO: 8713 alignments done

- 12:49:32.737 INFO: Alternative alignment: 1

- 12:49:39.840 INFO: 8713 alignments done

- 12:49:39.862 INFO: Alternative alignment: 2

- 12:49:40.628 INFO: 673 alignments done

- 12:49:40.628 INFO: Alternative alignment: 3

- 12:49:40.779 INFO: 101 alignments done

- 12:49:40.930 INFO: Premerge done

- 12:49:40.931 INFO: Realigning 9284 HMM-HMM alignments using Maximum Accuracy algorithm

- 12:50:26.193 INFO: 9358 sequences belonging to 9358 database HMMs found with an E-value < 0.001

- 12:50:26.193 INFO: Number of effective sequences of resulting query HMM: Neff = 10.7747

     Query         kissr_human Q969F8
     Match_columns 398
     No_of_seqs    2416 out of 153525
     Neff          10.7747
     Searched_HMMs 232555
     Date          Thu Feb 23 12:50:26 2023
     Command       hhblits -i kissr_human-3711/msas/A/chain_A.fasta -cpu 2 -maxmem 20 -oa3m /projects/ilfgrid/people/nqz918/code/deorph/scripts/af_arman/af_jobs_af23/kissr_human/3711//kissr_human-3711/msas/A/bfd_uniref_hits.a3m -o /dev/null -n 3 -e 0.001 -maxseq 1000000 -realign_max 100000 -maxfilt 100000 -min_prefilter_hits 1000 -d /projects/ilfgrid/data/alphafold-genetic-databases///bfd/bfd_metaclust_clu_complete_id30_c90_final_seq.sorted_opt -d /projects/ilfgrid/data/alphafold-genetic-databases///uniref30/UniRef30_2021_03 
     
      No Hit                             Prob E-value P-value  Score    SS Cols Query HMM  Template HMM
       1 tr|Q1KS50|Q1KS50_PIG G protein 100.0 1.7E-61 1.7E-67  396.4   0.0  398    1-398     1-399 (399)
       2 tr|A0A1L8HND2|A0A1L8HND2_XENLA 100.0 5.5E-53 5.7E-59  363.1   0.0  319   29-352   115-437 (452)
       3 tr|A0A0P7U387|A0A0P7U387_9TELE 100.0 9.9E-51   1E-56  352.9   0.0  290   39-344   125-417 (556)
       4 tr|C3XSP5|C3XSP5_BRAFL Unchara 100.0 6.5E-50 6.8E-56  335.5   0.0  307   37-351    22-335 (403)
       5 tr|M3ZFE6|M3ZFE6_XIPMA Somatos 100.0 8.4E-50 8.7E-56  345.1   0.0  291   38-345   100-392 (525)
       6 tr|A0A1W2W3E6|A0A1W2W3E6_CIOIN 100.0 5.6E-49 5.8E-55  338.5   0.0  301   36-348    51-357 (487)
       7 tr|A0A0F8ARD3|A0A0F8ARD3_LARCR 100.0 1.1E-48 1.2E-54  334.5   0.0  286   40-342    51-338 (464)
       8 tr|C3XVS5|C3XVS5_BRAFL Unchara 100.0 2.2E-48 2.2E-54  331.6   0.0  307   34-345    59-366 (425)
       9 tr|A0A2C9JWF9|A0A2C9JWF9_BIOGL 100.0 2.2E-48 2.3E-54  341.2   0.0  308   37-350    60-373 (403)
      10 tr|W4Z2N2|W4Z2N2_STRPU Unchara 100.0 6.9E-48 7.1E-54  323.5   0.0  306   33-344    47-354 (406)
      11 tr|A0A1L8G1N6|A0A1L8G1N6_XENLA 100.0 8.1E-48 8.4E-54  331.5   0.0  293   36-348   110-404 (448)
      12 tr|M7AII4|M7AII4_CHEMY G-prote 100.0 2.4E-47 2.5E-53  322.1   0.0  322   20-352    19-470 (485)
      13 tr|A0A1V4J9T1|A0A1V4J9T1_PATFA 100.0 2.5E-47 2.6E-53  321.2   0.0  297   37-348    63-361 (461)
      14 tr|S9YJE2|S9YJE2_CAMFR Somatos 100.0 3.9E-47   4E-53  322.2   0.0  299   38-352   108-410 (438)
      15 tr|A0A1I8M930|A0A1I8M930_MUSDO 100.0 6.3E-47 6.5E-53  352.8   0.0  295   40-344   186-580 (963)
      16 tr|A0A1I8PIJ9|A0A1I8PIJ9_STOCA 100.0 8.1E-47 8.4E-53  339.1   0.0  298   41-350   168-475 (680)
      17 tr|A0A0P7U0M1|A0A0P7U0M1_9TELE 100.0   1E-46 1.1E-52  318.9   0.0  301   39-344    98-413 (440)
      18 tr|E0D358|E0D358_HEMPU Dopamin 100.0 2.3E-46 2.4E-52  322.9   0.0  291   41-344    23-330 (435)
      19 tr|A0A182G4E1|A0A182G4E1_AEDAL 100.0 2.8E-46   3E-52  330.7   0.0  294   43-347    68-375 (534)
      20 tr|A0A1U7TSJ4|A0A1U7TSJ4_TARSY 100.0 2.9E-46   3E-52  326.3   0.0  306   32-345   203-521 (600)
      21 tr|A0A1D1UXI1|A0A1D1UXI1_RAMVA 100.0 3.1E-46 3.3E-52  324.0   0.0  298   37-348    76-381 (499)
      22 tr|G3S2I3|G3S2I3_GORGO Opioid  100.0 3.2E-46 3.3E-52  321.1   0.0  287   38-340   158-447 (492)
      23 tr|A0A0N8JZL4|A0A0N8JZL4_9TELE 100.0 3.3E-46 3.4E-52  324.6   0.0  305   42-352   104-422 (482)
      24 tr|A0A1W4ZX05|A0A1W4ZX05_9TELE 100.0 3.4E-46 3.6E-52  327.4   0.0  302   41-345    68-388 (480)
      25 tr|L7LZ94|L7LZ94_9ACAR Putativ 100.0   4E-46 4.2E-52  317.4   0.0  298   40-348   100-398 (438)
      26 tr|A0A218UB83|A0A218UB83_9PASE 100.0 7.1E-46 7.3E-52  329.7   0.0  317   17-349   173-519 (631)
      27 tr|A0A091DWF1|A0A091DWF1_FUKDA 100.0 1.2E-45 1.3E-51  313.0   0.0  291   37-344   151-443 (483)
      28 tr|A0A232F0R3|A0A232F0R3_9HYME 100.0 1.2E-45 1.3E-51  315.0   0.0  290   36-344    97-425 (458)
      29 tr|V8PD93|V8PD93_OPHHA Type-2  100.0 1.2E-45 1.3E-51  326.2   0.0  290   39-344    72-370 (412)
      30 tr|A0A1S3FYW5|A0A1S3FYW5_DIPOR 100.0 3.1E-45 3.2E-51  304.2   0.0  290   40-345    67-361 (385)
      31 tr|A7SD89|A7SD89_NEMVE Predict 100.0 8.2E-45 8.5E-51  300.3   0.0  294   42-345    37-333 (355)
      32 tr|T1KPP2|T1KPP2_TETUR Unchara 100.0 1.5E-44 1.6E-50  314.8   0.0  291   40-350   149-444 (477)
      33 tr|B4JN40|B4JN40_DROGR GH24210 100.0 1.5E-44 1.6E-50  311.2   0.0  286   42-341   116-407 (436)
      34 tr|A0A2B4SUH3|A0A2B4SUH3_STYPI 100.0 1.6E-44 1.7E-50  312.8   0.0  303   38-347    21-336 (385)
      35 tr|A0A1A8LLP2|A0A1A8LLP2_9TELE 100.0 2.3E-44 2.4E-50  309.2   0.0  300   40-348    91-403 (455)
      36 tr|A0A0P4XBU7|A0A0P4XBU7_9CRUS 100.0 3.2E-44 3.4E-50  322.9   0.0  290   43-341    61-414 (557)
      37 tr|A0A067RDC3|A0A067RDC3_ZOONE 100.0 3.5E-44 3.6E-50  319.6   0.0  329   10-348    39-369 (506)
      38 tr|A0A2B4RXD1|A0A2B4RXD1_STYPI 100.0 3.7E-44 3.8E-50  307.1   0.0  289   44-346    95-384 (416)
      39 tr|A0A147AZW9|A0A147AZW9_FUNHE 100.0 3.9E-44 4.1E-50  324.7   0.0  294   42-343    85-434 (468)
      40 tr|A0A2B4SID7|A0A2B4SID7_STYPI 100.0 4.3E-44 4.5E-50  318.4   0.0  290   38-343    27-328 (422)
      41 tr|A0A210R0K7|A0A210R0K7_MIZYE 100.0 4.8E-44   5E-50  307.3   0.0  306   37-345    68-428 (470)
      42 tr|A0A0P7TYE1|A0A0P7TYE1_9TELE 100.0 5.4E-44 5.6E-50  310.7   0.0  302   44-348   125-479 (507)
      43 tr|C3Z3H5|C3Z3H5_BRAFL Unchara 100.0 6.7E-44 6.9E-50  300.0   0.0  309   34-352    72-384 (405)
      44 tr|W4YJK4|W4YJK4_STRPU Unchara 100.0 7.5E-44 7.9E-50  312.1   0.0  301   35-347    62-374 (446)
      45 tr|A0A0P6IZB8|A0A0P6IZB8_9CRUS 100.0 9.4E-44 9.8E-50  311.6   0.0  293   41-346   201-498 (559)
      46 tr|R4J1H6|R4J1H6_SALSA Cholecy 100.0   1E-43 1.1E-49  303.1   0.0  312   34-348    38-412 (461)
      47 tr|A0A2B4RSD1|A0A2B4RSD1_STYPI 100.0 1.2E-43 1.2E-49  318.0   0.0  301   41-350    49-389 (430)
      48 tr|A0A0L0BYA7|A0A0L0BYA7_LUCCU 100.0 1.2E-43 1.3E-49  313.2   0.0  289   45-344   313-628 (678)
      49 tr|A0A2B4SNZ1|A0A2B4SNZ1_STYPI 100.0 1.3E-43 1.4E-49  310.6   0.0  288   41-344    30-321 (351)
      50 tr|A0A139WLV7|A0A139WLV7_TRICA 100.0 1.4E-43 1.4E-49  319.6   0.0  296   43-348   399-703 (792)
      51 tr|A0A0L8FIS6|A0A0L8FIS6_OCTBM 100.0 1.4E-43 1.4E-49  308.2   0.0  303   44-352    92-430 (485)
      52 tr|K7GCC3|K7GCC3_PELSI Adrenoc 100.0 1.5E-43 1.5E-49  304.6   0.0  296   45-348    44-369 (488)
      53 tr|A0A2H1W6Q0|A0A2H1W6Q0_SPOFR 100.0 1.5E-43 1.6E-49  308.9   0.0  297   42-348    70-369 (466)
      54 tr|A0A151NBW9|A0A151NBW9_ALLMI 100.0 1.5E-43 1.6E-49  308.1   0.0  299   44-346    82-395 (472)
      55 tr|A0A218UWX7|A0A218UWX7_9PASE 100.0 1.6E-43 1.6E-49  308.1   0.0  289   43-344    41-342 (474)
      56 tr|A0A147A4W2|A0A147A4W2_FUNHE 100.0 1.6E-43 1.7E-49  308.9   0.0  317   35-355    87-456 (502)
      57 tr|A0A1I8MQS0|A0A1I8MQS0_MUSDO 100.0 1.8E-43 1.9E-49  318.5   0.0  292   39-344   146-441 (572)
      58 tr|A0A2B4SKI0|A0A2B4SKI0_STYPI 100.0 1.9E-43   2E-49  312.3   0.0  289   42-345    97-404 (458)
      59 tr|W5MC67|W5MC67_LEPOC Pyroglu 100.0   2E-43 2.1E-49  300.4   0.0  308   42-350    53-367 (441)
      60 ERR1719361_2001115             100.0 2.3E-43 2.3E-49  306.3   0.0  295   38-346    20-328 (415)
      61 tr|A0A210QNG6|A0A210QNG6_MIZYE 100.0 2.4E-43 2.4E-49  308.3   0.0  306   36-347    33-344 (498)
      62 tr|A0A1S3IXU4|A0A1S3IXU4_LINUN 100.0 2.9E-43   3E-49  301.9   0.0  294   41-347    56-350 (440)
      63 tr|A0A0K0PUJ3|A0A0K0PUJ3_PLADU 100.0   3E-43 3.1E-49  298.9   0.0  306   38-350    49-357 (475)
      64 tr|A0A1S3L0J1|A0A1S3L0J1_SALSA 100.0   3E-43 3.2E-49  307.2   0.0  313   19-346    56-409 (533)
      65 tr|A0A1D2NMB6|A0A1D2NMB6_ORCCI 100.0 3.1E-43 3.2E-49  308.2   0.0  298   40-349   149-457 (520)
      66 tr|A0A1D2MSE1|A0A1D2MSE1_ORCCI 100.0 3.2E-43 3.4E-49  318.7   0.0  293   41-344   109-408 (615)
      67 tr|A0A2B4S4U3|A0A2B4S4U3_STYPI 100.0 4.3E-43 4.5E-49  292.3   0.0  310   39-354    22-334 (359)
      68 tr|A0A146TL67|A0A146TL67_FUNHE 100.0 4.4E-43 4.6E-49  320.5   0.0  292   42-347    26-409 (442)
      69 tr|A0A182QHF8|A0A182QHF8_9DIPT 100.0 4.9E-43 5.1E-49  307.5   0.0  296   39-344    97-408 (581)
      70 tr|A0A0S1YD80|A0A0S1YD80_CHISP 100.0 5.1E-43 5.3E-49  305.6   0.0  300   39-346   161-468 (513)
      71 tr|A0A1A8EW90|A0A1A8EW90_9TELE 100.0 5.3E-43 5.5E-49  299.2   0.0  308   18-341    17-332 (444)
      72 tr|A0A218VDE9|A0A218VDE9_9PASE 100.0 5.8E-43   6E-49  300.8   0.0  283   40-342    21-307 (556)
      73 tr|A0A0P7V0U8|A0A0P7V0U8_9TELE 100.0 5.8E-43   6E-49  294.3   0.0  294   37-345    80-377 (439)
      74 tr|B4KC34|B4KC34_DROMO Unchara 100.0 6.3E-43 6.5E-49  315.6   0.0  288   42-341   192-491 (670)
      75 tr|A0A1I8PG61|A0A1I8PG61_STOCA 100.0 6.5E-43 6.8E-49  316.7   0.0  296   37-345   294-595 (716)
      76 tr|A0A2B4R9G2|A0A2B4R9G2_STYPI 100.0 6.8E-43 7.1E-49  300.0   0.0  298   38-349    56-356 (378)
      77 tr|A0A0P5PA10|A0A0P5PA10_9CRUS 100.0 9.3E-43 9.6E-49  309.9   0.0  283   44-338   148-441 (705)
      78 tr|A0A287CUD4|A0A287CUD4_ICTTR 100.0 9.9E-43   1E-48  298.2   0.0  286   41-344    17-309 (478)
      79 tr|A0A232F8D2|A0A232F8D2_9HYME 100.0   1E-42   1E-48  301.9   0.0  292   40-343    69-371 (478)
      80 tr|A0A1A9ZAD8|A0A1A9ZAD8_GLOPL 100.0   1E-42   1E-48  303.3   0.0  289   43-343   123-422 (574)
      81 tr|A0A0P7V5N2|A0A0P7V5N2_9TELE 100.0 1.1E-42 1.1E-48  301.9   0.0  301   38-347    87-406 (468)
      82 tr|W4Z9U8|W4Z9U8_STRPU Unchara 100.0 1.1E-42 1.1E-48  293.3   0.0  310   41-354   106-423 (434)
      83 tr|A0A146U732|A0A146U732_FUNHE 100.0 1.1E-42 1.2E-48  326.3   0.0  298   42-341   191-546 (590)
      84 tr|A0A1L7H7D8|A0A1L7H7D8_SACKO 100.0 1.2E-42 1.2E-48  292.2   0.0  320   32-366    61-388 (424)
      85 tr|A0A060XRS0|A0A060XRS0_ONCMY 100.0 1.2E-42 1.2E-48  316.2   0.0  303   35-348    48-381 (900)
      86 tr|A0A210QT45|A0A210QT45_MIZYE 100.0 1.2E-42 1.3E-48  289.6   0.0  294   41-339    36-338 (395)
      87 tr|A0A147AMP5|A0A147AMP5_FUNHE 100.0 1.3E-42 1.4E-48  317.1   0.0  295   43-348    32-433 (475)
      88 ERR1719341_586736              100.0 1.4E-42 1.5E-48  305.1   0.0  290   41-344    53-356 (513)
      89 tr|A0A0A7RC79|A0A0A7RC79_RHOPR 100.0 1.5E-42 1.5E-48  294.4   0.0  295   41-348    74-379 (404)
      90 tr|A0A2B4SSL5|A0A2B4SSL5_STYPI 100.0 1.5E-42 1.5E-48  288.0   0.0  298   41-352    20-319 (344)
      91 tr|W8B9D1|W8B9D1_CERCA 5-hydro 100.0 1.7E-42 1.8E-48  305.5   0.0  305   38-351   258-635 (664)
      92 tr|A0A131XUY2|A0A131XUY2_IXORI 100.0 1.8E-42 1.8E-48  298.2   0.0  288   42-347   161-451 (560)
      93 tr|A7RYQ3|A7RYQ3_NEMVE Predict 100.0 1.8E-42 1.9E-48  303.0   0.0  289   40-346    49-339 (367)
      94 tr|A0A0K0PUV0|A0A0K0PUV0_PLADU 100.0   2E-42 2.1E-48  296.3   0.0  297   41-348    14-339 (373)
      95 tr|H2Q292|H2Q292_PANTR Unchara 100.0 2.1E-42 2.2E-48  297.2   0.0  307   38-352    77-413 (492)
      96 SRR6218665_799277              100.0 2.2E-42 2.3E-48  291.5   0.0  297   39-345   121-422 (456)
      97 SRR6218665_147192              100.0 2.3E-42 2.4E-48  299.7   0.0  308   38-352    96-406 (466)
      98 tr|A0A2B4RYF4|A0A2B4RYF4_STYPI 100.0 2.5E-42 2.6E-48  294.7   0.0  291   40-344    22-313 (402)
      99 tr|A7SMQ7|A7SMQ7_NEMVE Predict 100.0 2.7E-42 2.9E-48  292.7   0.0  291   41-345    10-305 (358)
     100 tr|A0A2B4S6X2|A0A2B4S6X2_STYPI 100.0 2.8E-42 2.9E-48  292.3   0.0  299   42-348    23-329 (379)
     101 tr|W5JTF9|W5JTF9_ANODA Somatos 100.0   3E-42 3.1E-48  301.1   0.0  293   41-345    53-350 (526)
     102 tr|A0A146YGA5|A0A146YGA5_FUNHE 100.0 3.3E-42 3.4E-48  312.1   0.0  298   44-349    32-347 (521)
     103 tr|A0A091DX38|A0A091DX38_FUKDA 100.0 3.4E-42 3.6E-48  310.5   0.0  297   36-347   136-433 (878)
     104 tr|A0A1V4JMN9|A0A1V4JMN9_PATFA 100.0 4.1E-42 4.2E-48  298.4   0.0  296   42-339    92-418 (537)
     105 tr|A0A0P6C571|A0A0P6C571_9CRUS 100.0 4.7E-42 4.8E-48  297.4   0.0  300   40-341    53-444 (558)
     106 tr|A0A182U1B5|A0A182U1B5_9DIPT 100.0 4.7E-42 4.9E-48  304.5   0.0  292   40-343    37-344 (620)
     107 tr|A0A183W5E7|A0A183W5E7_TRIRE 100.0 4.8E-42   5E-48  297.2   0.0  306   43-352    52-362 (503)
     108 tr|A0A146TP77|A0A146TP77_FUNHE 100.0 4.8E-42   5E-48  313.5   0.0  301   40-350    44-431 (522)
     109 tr|A0A0R4IQ19|A0A0R4IQ19_DANRE 100.0 5.7E-42 5.9E-48  285.0   0.0  296   38-348    51-353 (384)
     110 tr|A7SFG7|A7SFG7_NEMVE Predict 100.0 5.8E-42 6.1E-48  292.3   0.0  288   39-339    20-309 (364)
     111 tr|A0A226N2C0|A0A226N2C0_CALSU 100.0   6E-42 6.2E-48  297.4   0.0  298   41-347   223-525 (569)
     112 tr|A0A182FRI7|A0A182FRI7_ANOAL 100.0   6E-42 6.3E-48  315.5   0.0  195   35-234   105-302 (677)
     113 tr|J9JRI9|J9JRI9_ACYPI Unchara 100.0 6.5E-42 6.8E-48  294.8   0.0  292   40-343    32-334 (490)
     114 tr|A0A1I8N820|A0A1I8N820_MUSDO 100.0 6.6E-42 6.8E-48  308.8   0.0  290   43-343   305-638 (880)
     115 tr|A0A0V1MVC7|A0A0V1MVC7_9BILA 100.0 6.7E-42   7E-48  305.2   0.0  297   43-353    81-389 (598)
     116 tr|A0A212C668|A0A212C668_CEREH 100.0 6.9E-42 7.1E-48  297.4   0.0  290   43-342   220-556 (558)
     117 tr|A0A146NR64|A0A146NR64_FUNHE 100.0 7.1E-42 7.3E-48  293.6   0.0  286   40-340   117-418 (449)
     118 tr|A0A1U7SLA2|A0A1U7SLA2_TARSY 100.0 7.3E-42 7.6E-48  299.5   0.0  298   40-348   122-455 (601)
     119 tr|A0A151ITZ3|A0A151ITZ3_9HYME 100.0 7.4E-42 7.7E-48  298.1   0.0  324   18-344    38-421 (481)
     120 tr|F7E6B1|F7E6B1_MONDO Tachyki 100.0   8E-42 8.2E-48  293.5   0.0  299   33-345    87-387 (475)
     121 tr|A7S585|A7S585_NEMVE Predict 100.0 8.3E-42 8.6E-48  294.7   0.0  298   42-350    24-333 (374)
     122 tr|A0A0F8AVG0|A0A0F8AVG0_LARCR 100.0 8.7E-42   9E-48  295.0   0.0  283   44-341    57-342 (544)
     123 tr|A0A1S3FWK5|A0A1S3FWK5_DIPOR 100.0 8.8E-42 9.1E-48  302.9   0.0  299   39-349   413-736 (786)
     124 tr|C3XVU5|C3XVU5_BRAFL Unchara 100.0 8.9E-42 9.2E-48  292.1   0.0  294   43-341    62-355 (439)
     125 tr|L9JDH9|L9JDH9_TUPCH Orexin  100.0   9E-42 9.3E-48  299.0   0.0  309   42-352   219-583 (621)
     126 tr|A7RKH9|A7RKH9_NEMVE Predict 100.0   1E-41 1.1E-47  288.7   0.0  285   42-345    25-316 (336)
     127 tr|K1QHX9|K1QHX9_CRAGI Somatos 100.0 1.1E-41 1.1E-47  299.0   0.0  286   41-342    47-339 (456)
     128 tr|L5JUA4|L5JUA4_PTEAL Neurope 100.0 1.1E-41 1.2E-47  295.8   0.0  295   37-343    30-338 (509)
     129 tr|A0A146NY53|A0A146NY53_FUNHE 100.0 1.1E-41 1.2E-47  298.2   0.0  295   44-348     8-323 (469)
     130 tr|K1PEH3|K1PEH3_CRAGI Neurope 100.0 1.2E-41 1.3E-47  290.1   0.0  304   41-355    46-370 (411)
     131 tr|A0A096NTW4|A0A096NTW4_PAPAN 100.0 1.3E-41 1.4E-47  290.9   0.0  293   44-347   134-431 (442)
     132 tr|A0A1V4J9K1|A0A1V4J9K1_PATFA 100.0 1.3E-41 1.4E-47  308.6   0.0  293   39-346   317-611 (939)
     133 tr|A0A2B4SAJ4|A0A2B4SAJ4_STYPI 100.0 1.4E-41 1.4E-47  297.3   0.0  285   43-340    29-331 (434)
     134 tr|A0A131ZXP6|A0A131ZXP6_SARSC 100.0 1.4E-41 1.4E-47  290.9   0.0  295   43-351   123-421 (480)
     135 tr|B4NHE1|B4NHE1_DROWI Unchara 100.0 1.5E-41 1.5E-47  298.5   0.0  289   42-340   149-452 (565)
     136 tr|A0A2D0SD29|A0A2D0SD29_ICTPU 100.0 1.5E-41 1.6E-47  293.7   0.0  288   42-340     4-306 (420)
     137 tr|A0A0L0C8J1|A0A0L0C8J1_LUCCU 100.0 1.6E-41 1.6E-47  300.1   0.0  290   42-344   225-520 (661)
     138 tr|A0A0L7QUK8|A0A0L7QUK8_9HYME 100.0 1.7E-41 1.7E-47  306.0   0.0  290   42-343   201-499 (806)
     139 tr|A0A1S3JCV4|A0A1S3JCV4_LINUN 100.0 1.7E-41 1.7E-47  287.2   0.0  318   31-352    51-378 (414)
     140 tr|A0A147BFV4|A0A147BFV4_IXORI 100.0 1.8E-41 1.9E-47  284.8   0.0  294   43-347    41-339 (402)
     141 ERR1719510_236906              100.0 1.8E-41 1.9E-47  305.6   0.0  298   42-351    82-382 (577)
     142 tr|A0A2B4RR50|A0A2B4RR50_STYPI 100.0 1.9E-41   2E-47  290.7   0.0  299   40-347    27-330 (411)
     143 tr|A7RKP0|A7RKP0_NEMVE Predict 100.0 2.1E-41 2.2E-47  288.4   0.0  296   43-348     8-313 (350)
     144 tr|A0A183TGM8|A0A183TGM8_SCHSO 100.0 2.1E-41 2.2E-47  292.2   0.0  297   35-344    57-374 (446)
     145 tr|A7RRH0|A7RRH0_NEMVE Predict 100.0 2.3E-41 2.4E-47  305.8   0.0  292   40-344    24-317 (700)
     146 tr|C7SLZ0|C7SLZ0_APLKU Seroton 100.0 2.4E-41 2.5E-47  299.4   0.0  305   36-352    66-434 (485)
     147 tr|A0A182L9N8|A0A182L9N8_9DIPT 100.0 2.5E-41 2.6E-47  297.8   0.0  290   43-344    89-384 (490)
     148 tr|A0A1S3NPB2|A0A1S3NPB2_SALSA 100.0 2.7E-41 2.8E-47  290.6   0.0  298   33-344    32-333 (443)
     149 tr|A0A0S0WMT8|A0A0S0WMT8_DROME 100.0 2.9E-41   3E-47  294.6   0.0  292   39-344   142-438 (593)
     150 tr|A0A147AUP2|A0A147AUP2_FUNHE 100.0 2.9E-41   3E-47  297.9   0.0  264   44-323   122-388 (482)
     151 tr|A7SIX0|A7SIX0_NEMVE Predict 100.0   3E-41 3.1E-47  288.2   0.0  300   41-352    23-328 (403)
     152 tr|A0A2C9GPU2|A0A2C9GPU2_ANOAR 100.0 3.1E-41 3.2E-47  308.6   0.0  293   41-340   321-634 (818)
     153 tr|A0A210QY69|A0A210QY69_MIZYE 100.0 3.7E-41 3.8E-47  282.0   0.0  294   41-348    85-383 (400)
     154 Marorgknorr_s2lv_2_1036014.sca 100.0 3.7E-41 3.8E-47  290.7   0.0  306   41-352    28-341 (366)
     155 tr|A0A210Q372|A0A210Q372_MIZYE 100.0 4.3E-41 4.4E-47  291.3   0.0  295   43-345    56-357 (439)
     156 tr|T1JU75|T1JU75_TETUR Unchara 100.0 4.3E-41 4.5E-47  297.5   0.0  292   40-345   141-438 (728)
     157 tr|A0A2B4RGY6|A0A2B4RGY6_STYPI 100.0 4.5E-41 4.7E-47  288.9   0.0  289   43-345     7-299 (348)
     158 tr|A7RQG0|A7RQG0_NEMVE Predict 100.0 4.6E-41 4.8E-47  290.0   0.0  300   41-348    16-320 (351)
     159 tr|A0A0B2UYY4|A0A0B2UYY4_TOXCA 100.0 5.2E-41 5.4E-47  290.9   0.0  293   41-344    81-387 (437)
     160 tr|A0A091CRU0|A0A091CRU0_FUKDA 100.0 5.2E-41 5.5E-47  305.3   0.0  286   38-345   404-695 (720)
     161 tr|A0A1W4X208|A0A1W4X208_AGRPL 100.0 6.3E-41 6.5E-47  287.9   0.0  289   43-343    95-394 (467)
     162 tr|A0A212EZN3|A0A212EZN3_DANPL 100.0 6.3E-41 6.5E-47  292.1   0.0  293   42-346    54-358 (488)
     163 tr|S7PUA8|S7PUA8_MYOBR C-C che 100.0 6.5E-41 6.8E-47  301.9   0.0  284   40-344   280-568 (603)
     164 tr|A0A0Q3PK06|A0A0Q3PK06_AMAAE 100.0 6.6E-41 6.9E-47  306.2   0.0  298   44-348   525-836 (901)
     165 tr|W4XZB8|W4XZB8_STRPU Unchara 100.0 7.2E-41 7.5E-47  288.1   0.0  283   45-341    22-309 (400)
     166 tr|A7SGB7|A7SGB7_NEMVE Predict 100.0 7.3E-41 7.6E-47  285.7   0.0  301   38-350    13-313 (353)
     167 tr|A0A1S3NNV5|A0A1S3NNV5_SALSA 100.0 8.1E-41 8.4E-47  290.0   0.0  295   44-341    64-379 (499)
     168 tr|T1KTS6|T1KTS6_TETUR Unchara 100.0 8.3E-41 8.6E-47  295.8   0.0  290   39-340   116-416 (587)
     169 tr|A0A1A8K3T1|A0A1A8K3T1_NOTKU 100.0 9.3E-41 9.6E-47  293.8   0.0  299   40-348    46-490 (621)
     170 SRR6218665_1158703             100.0 9.5E-41 9.9E-47  288.2   0.0  298   40-344    34-336 (413)
     171 tr|W4Z3I5|W4Z3I5_STRPU Unchara 100.0 9.9E-41   1E-46  287.3   0.0  300   37-342    43-393 (461)
     172 tr|M7BJE0|M7BJE0_CHEMY 5-hydro 100.0   1E-40 1.1E-46  301.1   0.0  292   43-348   273-599 (685)
     173 tr|A0A0P5T2I6|A0A0P5T2I6_9CRUS 100.0   1E-40 1.1E-46  294.5   0.0  299   42-347    65-415 (542)
     174 tr|A0A1D1V6H4|A0A1D1V6H4_RAMVA 100.0 1.1E-40 1.1E-46  290.0   0.0  296   43-349    62-380 (498)
     175 tr|A7S8R9|A7S8R9_NEMVE Predict 100.0 1.2E-40 1.3E-46  289.8   0.0  293   42-344    25-340 (398)
     176 tr|E6ZEU6|E6ZEU6_DICLA Neurome 100.0 1.2E-40 1.3E-46  292.9   0.0  300   42-344    88-396 (461)
     177 tr|A7RNV5|A7RNV5_NEMVE Predict 100.0 1.3E-40 1.3E-46  283.8   0.0  282   43-339    32-323 (377)
     178 tr|A0A2G8KL37|A0A2G8KL37_STIJA 100.0 1.3E-40 1.4E-46  279.2   0.0  316   38-355    45-412 (439)
     179 tr|A0A1S2ZIZ2|A0A1S2ZIZ2_ERIEU 100.0 1.4E-40 1.4E-46  290.8   0.0  295   45-347   203-536 (620)
     180 tr|A0A2B4RYW3|A0A2B4RYW3_STYPI 100.0 1.5E-40 1.5E-46  314.7   0.0  288   44-345    41-329 (1580)
     181 tr|A0A1W4X1F3|A0A1W4X1F3_AGRPL 100.0 1.5E-40 1.6E-46  289.2   0.0  294   43-345   134-434 (485)
     182 tr|W4Y502|W4Y502_STRPU Unchara 100.0 1.6E-40 1.6E-46  288.9   0.0  286   46-354   112-399 (422)
     183 tr|J9K651|J9K651_ACYPI Unchara 100.0 1.7E-40 1.7E-46  283.8   0.0  292   44-344    91-389 (440)
     184 tr|C3Z617|C3Z617_BRAFL Unchara 100.0 1.8E-40 1.8E-46  279.4   0.0  295   43-340    34-337 (426)
     185 tr|A0A1A9ZM95|A0A1A9ZM95_GLOPL 100.0 1.8E-40 1.9E-46  283.9   0.0  296   42-348    94-399 (481)
     186 tr|A0A0K2TJR3|A0A0K2TJR3_LEPSM 100.0 1.9E-40 1.9E-46  279.2   0.0  296   41-343    53-357 (402)
     187 tr|W8C2A8|W8C2A8_CERCA Neurope 100.0 1.9E-40   2E-46  302.8   0.0  293   43-345   265-567 (827)
     188 tr|A7SFM3|A7SFM3_NEMVE Predict 100.0 1.9E-40   2E-46  290.5   0.0  290   43-343    39-338 (356)
     189 tr|A0A2B4SIA2|A0A2B4SIA2_STYPI 100.0 2.1E-40 2.2E-46  286.0   0.0  296   43-347    59-365 (370)
     190 tr|A0A2B4RHV8|A0A2B4RHV8_STYPI 100.0 2.2E-40 2.3E-46  283.5   0.0  298   34-351   108-408 (421)
     191 tr|A0A0K0PVS0|A0A0K0PVS0_PLADU 100.0 2.2E-40 2.3E-46  279.3   0.0  325   31-369    36-367 (382)
     192 tr|A0A061IHH7|A0A061IHH7_CRIGR 100.0 2.2E-40 2.3E-46  313.0   0.0  292   41-344   619-921 (934)
     193 tr|A0A1V4KUV7|A0A1V4KUV7_PATFA 100.0 2.4E-40 2.4E-46  279.4   0.0  285   43-344   119-412 (450)
     194 tr|A0A0P6B7K0|A0A0P6B7K0_9CRUS 100.0 2.5E-40 2.6E-46  296.8   0.0  302   40-348   110-493 (579)
     195 tr|C3Z5T5|C3Z5T5_BRAFL Unchara 100.0 2.6E-40 2.7E-46  275.3   0.0  298   37-348    32-334 (389)
     196 tr|A0A0P7XE55|A0A0P7XE55_9TELE 100.0 2.8E-40 2.9E-46  296.0   0.0  309   34-353    42-378 (782)
     197 tr|A0A1V4KKE4|A0A1V4KKE4_PATFA 100.0 2.8E-40 2.9E-46  292.4   0.0  283   42-340   405-690 (724)
     198 tr|A0A2B4SHS9|A0A2B4SHS9_STYPI 100.0 2.9E-40   3E-46  295.4   0.0  299   39-343    25-326 (566)
     199 tr|K1RR88|K1RR88_CRAGI 5-hydro 100.0 3.1E-40 3.2E-46  278.6   0.0  319   23-350    35-359 (407)
     200 tr|A7RVQ0|A7RVQ0_NEMVE Predict 100.0   3E-40 3.2E-46  288.7   0.0  296   42-345    28-334 (398)
     201 tr|A0A091DLL4|A0A091DLL4_FUKDA 100.0 3.1E-40 3.2E-46  281.3   0.0  295   44-346    35-348 (474)
     202 tr|A0A1V4JU97|A0A1V4JU97_PATFA 100.0 3.2E-40 3.3E-46  295.6   0.0  296   42-344    64-362 (615)
     203 tr|A0A087UNN0|A0A087UNN0_9ARAC 100.0 3.2E-40 3.4E-46  280.2   0.0  304   39-353    49-362 (438)
     204 tr|A0A210QVM6|A0A210QVM6_MIZYE 100.0 3.3E-40 3.4E-46  277.5   0.0  305   41-347    79-389 (413)
     205 tr|A0A0P6HXT6|A0A0P6HXT6_9CRUS 100.0 3.4E-40 3.5E-46  283.7   0.0  288   42-341   152-444 (447)
     206 tr|A0A1S3F7I6|A0A1S3F7I6_DIPOR 100.0 3.4E-40 3.5E-46  284.5   0.0  287   41-342   165-464 (543)
     207 tr|A0A2B4RXA7|A0A2B4RXA7_STYPI 100.0 3.6E-40 3.7E-46  282.7   0.0  262   55-351    16-282 (328)
     208 tr|A0A2B4REF9|A0A2B4REF9_STYPI 100.0 3.7E-40 3.9E-46  314.8   0.0  305   41-355   924-1243(1279)
     209 tr|A0A182FUW3|A0A182FUW3_ANOAL 100.0 3.8E-40   4E-46  293.8   0.0  292   39-344   192-488 (666)
     210 tr|A0A1W0WKP0|A0A1W0WKP0_HYPDU 100.0 3.9E-40   4E-46  288.9   0.0  290   38-338    72-372 (624)
     211 tr|W4Y131|W4Y131_STRPU Unchara 100.0 3.9E-40 4.1E-46  278.8   0.0  297   40-344    52-357 (424)
     212 tr|A0A061ILI5|A0A061ILI5_CRIGR 100.0   4E-40 4.1E-46  283.1   0.0  287   43-344   198-493 (528)
     213 tr|U3U4E1|U3U4E1_NILLU Neurope 100.0 4.3E-40 4.4E-46  294.2   0.0  299   42-347   152-473 (606)
     214 sp|Q804Q2|OPN4B_GADMO Melanops 100.0 4.4E-40 4.5E-46  290.3   0.0  296   42-343    18-317 (615)
     215 tr|A0A0Q3X1E4|A0A0Q3X1E4_AMAAE 100.0 4.6E-40 4.8E-46  296.4   0.0  299   39-341   153-500 (789)
     216 tr|A7RYR4|A7RYR4_NEMVE Predict 100.0 5.1E-40 5.4E-46  289.2   0.0  292   42-351    21-316 (352)
     217 tr|A0A2B4STD8|A0A2B4STD8_STYPI 100.0 5.5E-40 5.7E-46  294.0   0.0  287   40-344    96-386 (524)
     218 tr|F1R2F3|F1R2F3_DANRE Neurope 100.0 5.6E-40 5.8E-46  293.7   0.0  287   41-341   401-691 (731)
     219 tr|V8NQN2|V8NQN2_OPHHA G-prote 100.0 5.6E-40 5.8E-46  296.5   0.0  279   40-341   301-586 (840)
     220 tr|A0A1D2N5F0|A0A1D2N5F0_ORCCI 100.0 5.9E-40 6.1E-46  286.1   0.0  296   42-347    54-353 (559)
     221 tr|L8Y5L0|L8Y5L0_TUPCH Alpha-2 100.0 5.9E-40 6.1E-46  300.6   0.0  290   43-344   394-820 (823)
     222 tr|K1PQM6|K1PQM6_CRAGI Putativ 100.0 6.1E-40 6.3E-46  281.7   0.0  303   41-349    89-401 (429)
     223 tr|A0A2B4S1Z5|A0A2B4S1Z5_STYPI 100.0 6.6E-40 6.8E-46  289.2   0.0  274   41-346    24-302 (514)
     224 tr|A0A0N7ZC69|A0A0N7ZC69_9EUCA 100.0   7E-40 7.3E-46  274.4   0.0  288   43-345    67-359 (430)
     225 tr|A0A2B4SDF9|A0A2B4SDF9_STYPI 100.0 7.1E-40 7.3E-46  272.1   0.0  297   39-345    33-329 (356)
     226 tr|A0A2H1WMM8|A0A2H1WMM8_SPOFR 100.0 7.2E-40 7.4E-46  277.6   0.0  295   40-343    32-327 (462)
     227 tr|A0A0P7V1N0|A0A0P7V1N0_9TELE 100.0 7.4E-40 7.7E-46  277.3   0.0  286   40-340   112-402 (436)
     228 tr|K1PQW2|K1PQW2_CRAGI Putativ 100.0 8.5E-40 8.8E-46  278.1   0.0  301   35-346    50-357 (437)
     229 tr|I6R4U4|I6R4U4_9BILA Onychop 100.0 8.5E-40 8.9E-46  301.2   0.0  300   35-341   136-443 (873)
     230 tr|G3R6B9|G3R6B9_GORGO Neurope 100.0 8.9E-40 9.2E-46  280.7   0.0  300   44-350   149-462 (522)
     231 tr|A0A1I8MRR4|A0A1I8MRR4_MUSDO 100.0 8.9E-40 9.3E-46  294.8   0.0  294   43-345   259-561 (819)
     232 ERR550534_208423               100.0 9.3E-40 9.6E-46  285.0   0.0  294   43-348    88-404 (568)
     233 tr|W4Z105|W4Z105_STRPU Unchara 100.0 9.6E-40 9.9E-46  277.7   0.0  303   37-352    61-365 (433)
     234 tr|A0A060X5F3|A0A060X5F3_ONCMY 100.0   1E-39   1E-45  305.0   0.0  285   40-345   412-705 (840)
     235 SRR6218665_1050351             100.0   1E-39 1.1E-45  281.4   0.0  288   41-343    75-367 (398)
     236 tr|A0A0P6B3L3|A0A0P6B3L3_9CRUS 100.0 1.1E-39 1.1E-45  284.5   0.0  292   40-345    30-415 (623)
     237 tr|E2AX14|E2AX14_CAMFO Neurope 100.0 1.2E-39 1.3E-45  292.0   0.0  299   44-345    79-395 (614)
     238 tr|A0A1S3W6N0|A0A1S3W6N0_ERIEU 100.0 1.2E-39 1.3E-45  286.7   0.0  297   45-344   134-445 (596)
     239 tr|A0A139WEA0|A0A139WEA0_TRICA 100.0 1.2E-39 1.3E-45  273.6   0.0  300   42-348    93-411 (464)
     240 tr|A0A193KU92|A0A193KU92_SCHMD 100.0 1.3E-39 1.3E-45  283.6   0.0  304   42-351    57-415 (478)
     241 tr|W4YH96|W4YH96_STRPU Unchara 100.0 1.4E-39 1.4E-45  270.1   0.0  290   42-344    36-326 (394)
     242 tr|A7SBY6|A7SBY6_NEMVE Predict 100.0 1.4E-39 1.4E-45  292.2   0.0  294   38-343    17-310 (467)
     243 tr|Q9NHF3|Q9NHF3_APLCA Octopam 100.0 1.4E-39 1.5E-45  271.4   0.0  291   41-341    37-350 (394)
     244 tr|A0A1I8FSG9|A0A1I8FSG9_9PLAT 100.0 1.5E-39 1.5E-45  283.5   0.0  293   43-345   108-451 (550)
     245 tr|A0A151IFQ2|A0A151IFQ2_9HYME 100.0 1.5E-39 1.6E-45  310.3   0.0  303   44-348    45-377 (1113)
     246 ERR1719232_11025               100.0 1.6E-39 1.6E-45  289.2   0.0  298   43-341    88-400 (559)
     247 tr|A0A1S3NAI3|A0A1S3NAI3_SALSA 100.0 1.6E-39 1.6E-45  275.7   0.0  287   41-343    94-387 (439)
     248 tr|A7SX62|A7SX62_NEMVE Predict 100.0 1.6E-39 1.6E-45  269.5   0.0  276   51-347    27-305 (335)
     249 tr|L5M4Z9|L5M4Z9_MYODS C-C che 100.0 1.6E-39 1.7E-45  284.7   0.0  283   40-342   267-555 (590)
     250 tr|K1QBA5|K1QBA5_CRAGI Neurope 100.0 1.9E-39   2E-45  274.4   0.0  299   43-349    32-346 (401)
     251 tr|A0A2B4RYN6|A0A2B4RYN6_STYPI 100.0 2.1E-39 2.2E-45  297.0   0.0  296   43-349     9-313 (881)
     252 tr|A0A0L8I1Y4|A0A0L8I1Y4_OCTBM 100.0 2.1E-39 2.2E-45  270.8   0.0  309   40-350    39-370 (426)
     253 tr|A0A1V4KK28|A0A1V4KK28_PATFA 100.0 2.1E-39 2.2E-45  276.6   0.0  299   44-352   135-437 (478)
     254 tr|A0A2B4SAU9|A0A2B4SAU9_STYPI 100.0 2.2E-39 2.3E-45  301.4   0.0  295   43-347    24-320 (850)
     255 tr|A0A0P6C2B0|A0A0P6C2B0_9CRUS 100.0 2.3E-39 2.4E-45  289.4   0.0  294   46-342   172-532 (543)
     256 tr|A0A1W2W6Z4|A0A1W2W6Z4_CIOIN 100.0 2.4E-39 2.5E-45  289.7   0.0  299   41-353    97-409 (629)
     257 tr|A7S3S6|A7S3S6_NEMVE Predict 100.0 2.6E-39 2.7E-45  284.2   0.0  279   42-330    22-306 (365)
     258 tr|A0A210QIB3|A0A210QIB3_MIZYE 100.0 2.6E-39 2.7E-45  280.6   0.0  291   42-338    95-391 (543)
     259 tr|A0A0K0PUI1|A0A0K0PUI1_PLADU 100.0 2.7E-39 2.8E-45  281.4   0.0  294   41-348    62-362 (583)
     260 tr|A0A0P7U113|A0A0P7U113_9TELE 100.0 2.7E-39 2.8E-45  281.6   0.0  273   39-338   144-417 (452)
     261 tr|A0A1D2MMS7|A0A1D2MMS7_ORCCI 100.0 2.8E-39 2.9E-45  288.5   0.0  282   42-347   123-409 (612)
     262 tr|A0A1I8HW07|A0A1I8HW07_9PLAT 100.0 2.9E-39   3E-45  290.5   0.0  298   40-348   216-516 (891)
     263 tr|Q29XY7|Q29XY7_APLCA Dopamin 100.0 3.3E-39 3.4E-45  279.2   0.0  297   34-342    46-377 (450)
     264 tr|L7LWW3|L7LWW3_9ACAR Putativ 100.0 3.3E-39 3.5E-45  287.1   0.0  186   44-235   112-298 (624)
     265 tr|A0A1S3JF34|A0A1S3JF34_LINUN 100.0 3.4E-39 3.5E-45  274.6   0.0  295   41-348    72-368 (395)
     266 tr|A0A1I8PF57|A0A1I8PF57_STOCA 100.0 3.5E-39 3.6E-45  293.5   0.0  301   38-347   379-751 (784)
     267 tr|L9JWP3|L9JWP3_TUPCH C-C che 100.0 3.5E-39 3.7E-45  294.7   0.0  283   39-344   384-671 (702)
     268 tr|B5DNP6|B5DNP6_DROPS Unchara 100.0 3.7E-39 3.8E-45  285.6   0.0  309   37-349   137-566 (625)
     269 tr|A0A0N7KWU9|A0A0N7KWU9_LYMST 100.0 3.7E-39 3.8E-45  278.7   0.0  303   44-348    77-452 (494)
     270 tr|W4XZS5|W4XZS5_STRPU Unchara 100.0 3.9E-39 4.1E-45  270.3   0.0  285   46-339    38-339 (399)
     271 tr|A0A091DQD0|A0A091DQD0_FUKDA 100.0 4.2E-39 4.3E-45  279.7   0.0  284   40-343   177-464 (499)
     272 tr|A0A210QTN0|A0A210QTN0_MIZYE 100.0 4.4E-39 4.6E-45  269.9   0.0  293   44-345    52-362 (384)
     273 SRR6218665_1286431             100.0 4.4E-39 4.6E-45  275.4   0.0  328   36-374    39-373 (477)
     274 tr|A0A1S3H6K0|A0A1S3H6K0_LINUN 100.0 4.8E-39   5E-45  274.6   0.0  305   38-350    54-364 (447)
     275 tr|A0A2D0TBG0|A0A2D0TBG0_ICTPU 100.0 4.9E-39 5.1E-45  271.6   0.0  294   45-344    65-373 (429)
     276 tr|A0A0P6HFQ7|A0A0P6HFQ7_9CRUS 100.0   5E-39 5.2E-45  279.0   0.0  308   41-348    43-392 (536)
     277 SRR6218665_348164              100.0 5.2E-39 5.4E-45  282.6   0.0  308   37-347    23-357 (434)
     278 tr|I3KRG5|I3KRG5_ORENI FGFR1 o 100.0 5.6E-39 5.8E-45  284.6   0.0  285   39-344   144-451 (489)
     279 tr|A0A1J1HLH3|A0A1J1HLH3_9DIPT 100.0 5.7E-39 5.9E-45  276.2   0.0  303   43-351    61-368 (431)
     280 tr|T1F6Z4|T1F6Z4_HELRO Unchara 100.0 5.8E-39   6E-45  279.3   0.0  296   44-351    98-397 (517)
     281 tr|Q6VUB7|Q6VUB7_BRAFL Dopamin 100.0 5.9E-39 6.1E-45  265.2   0.0  290   42-345    39-341 (394)
     282 tr|C3XPE3|C3XPE3_BRAFL Unchara 100.0 5.9E-39 6.1E-45  301.1   0.0  295   40-347   734-1045(1421)
     283 tr|A0A146PN09|A0A146PN09_FUNHE 100.0   6E-39 6.4E-45  292.5   0.0  300   39-352    36-405 (432)
     284 tr|A0A2B4RSX7|A0A2B4RSX7_STYPI 100.0 6.1E-39 6.4E-45  277.3   0.0  294   40-345    56-364 (389)
     285 tr|A0A2C9JHS9|A0A2C9JHS9_BIOGL 100.0 6.6E-39 6.8E-45  266.0   0.0  301   40-348    70-371 (376)
     286 tr|A0A0K0PVN8|A0A0K0PVN8_PLADU 100.0 7.5E-39 7.8E-45  272.3   0.0  298   40-340    91-417 (501)
     287 tr|A0A147AXX1|A0A147AXX1_FUNHE 100.0 7.7E-39   8E-45  274.9   0.0  294   36-345    31-332 (490)
     288 tr|T1JSJ3|T1JSJ3_TETUR Unchara 100.0 7.9E-39 8.2E-45  287.2   0.0  299   36-343   241-645 (747)
     289 tr|A7S169|A7S169_NEMVE Predict 100.0 8.5E-39 8.8E-45  272.3   0.0  290   40-344    16-308 (347)
     290 tr|A0A226N7X5|A0A226N7X5_CALSU 100.0 8.6E-39 8.9E-45  266.1   0.0  287   40-342   126-417 (419)
     291 tr|A0A1S3KCK0|A0A1S3KCK0_LINUN 100.0 8.6E-39 8.9E-45  260.1   0.0  289   44-342    35-332 (359)
     292 tr|A0A218UTA6|A0A218UTA6_9PASE 100.0 8.8E-39 9.1E-45  286.6   0.0  290   45-345    60-446 (738)
     293 tr|A0A147AQT9|A0A147AQT9_FUNHE 100.0 9.1E-39 9.4E-45  280.3   0.0  304   40-351    90-474 (633)
     294 tr|A0A1A9YSZ7|A0A1A9YSZ7_GLOFF 100.0 9.3E-39 9.7E-45  287.8   0.0  285   44-339   250-576 (750)
     295 tr|A0A2B4RI42|A0A2B4RI42_STYPI 100.0   1E-38   1E-44  272.6   0.0  295   43-347    25-330 (367)
     296 tr|A0A226ENA2|A0A226ENA2_FOLCA 100.0   1E-38 1.1E-44  278.2   0.0  303   39-344    71-407 (566)
     297 tr|D6WD17|D6WD17_TRICA Natalis 100.0   1E-38 1.1E-44  278.4   0.0  295   43-349    48-352 (429)
     298 tr|A0A1U7SEA3|A0A1U7SEA3_ALLSI 100.0 1.1E-38 1.2E-44  279.3   0.0  298   40-348   107-437 (567)
     299 tr|A0A1W4WZV7|A0A1W4WZV7_AGRPL 100.0 1.2E-38 1.2E-44  267.6   0.0  304   38-342    33-342 (407)
     300 tr|A0A218UP03|A0A218UP03_9PASE 100.0 1.2E-38 1.2E-44  293.9   0.0  282   39-341   786-1073(1110)
     301 tr|A0A0P6JFN0|A0A0P6JFN0_HETGA 100.0 1.3E-38 1.3E-44  281.9   0.0  294   43-342    96-404 (433)
     302 tr|A0A147AVH6|A0A147AVH6_FUNHE 100.0 1.3E-38 1.3E-44  284.1   0.0  284   45-340   195-618 (618)
     303 AntAceMinimDraft_8_1070364.sca 100.0 1.3E-38 1.4E-44  271.1   0.0  303   42-352    37-366 (406)
     304 tr|A0A0A1XP03|A0A0A1XP03_ZEUCU 100.0 1.3E-38 1.4E-44  291.7   0.0  297   42-345   234-542 (660)
     305 tr|A0A2C9KB37|A0A2C9KB37_BIOGL 100.0 1.4E-38 1.5E-44  274.4   0.0  295   48-345   107-470 (513)
     306 tr|K7ISZ6|K7ISZ6_NASVI Unchara 100.0 1.5E-38 1.5E-44  272.9   0.0  308   32-344    83-401 (454)
     307 tr|A0A195CW68|A0A195CW68_9HYME 100.0 1.6E-38 1.6E-44  285.3   0.0  313   32-348    45-385 (698)
     308 tr|A0A1S3J712|A0A1S3J712_LINUN 100.0 1.6E-38 1.7E-44  269.7   0.0  298   39-345    69-384 (437)
     309 tr|A7RN94|A7RN94_NEMVE Predict 100.0 1.6E-38 1.7E-44  274.8   0.0  297   43-346    40-340 (366)
     310 tr|A0A1W0XC36|A0A1W0XC36_HYPDU 100.0 1.6E-38 1.7E-44  280.5   0.0  303   38-349    24-400 (722)
     311 ERR1719323_733875              100.0 1.6E-38 1.7E-44  266.3   0.0  293   37-343    31-324 (398)
     312 tr|A0A0R3NFZ1|A0A0R3NFZ1_DROPS 100.0 1.6E-38 1.7E-44  282.5   0.0  284   44-339   119-411 (536)
     313 tr|A7SG00|A7SG00_NEMVE Predict 100.0 1.7E-38 1.7E-44  279.3   0.0  296   42-346    50-356 (427)
     314 tr|A0A060XH49|A0A060XH49_ONCMY 100.0 1.7E-38 1.7E-44  294.9   0.0  292   50-349    56-390 (945)
     315 tr|A0A2G5UN52|A0A2G5UN52_9PELO 100.0 1.7E-38 1.8E-44  286.9   0.0  311   36-347    67-528 (628)
     316 tr|A0A1I8NNA2|A0A1I8NNA2_STOCA 100.0 1.7E-38 1.8E-44  281.4   0.0  295   39-343    86-435 (672)
     317 tr|A0A183VWV4|A0A183VWV4_TRIRE 100.0 1.7E-38 1.8E-44  274.7   0.0  296   38-345    46-450 (509)
     318 tr|A0A182TQN5|A0A182TQN5_9DIPT 100.0 1.7E-38 1.8E-44  280.4   0.0  304   44-350   135-502 (613)
     319 tr|K1PPZ4|K1PPZ4_CRAGI Rhodops 100.0 1.8E-38 1.9E-44  278.2   0.0  292   41-338    47-344 (519)
     320 tr|A0A1L8G5A8|A0A1L8G5A8_XENLA 100.0 1.9E-38   2E-44  274.0   0.0  309   42-350    37-396 (431)
     321 tr|A0A1E1WD65|A0A1E1WD65_PECGO 100.0 1.9E-38   2E-44  284.8   0.0  299   38-348    95-534 (584)
     322 tr|A0A0B2V6X7|A0A0B2V6X7_TOXCA 100.0 1.9E-38   2E-44  277.2   0.0  303   43-351    74-424 (491)
     323 tr|B3S346|B3S346_TRIAD Unchara 100.0   2E-38 2.1E-44  273.7   0.0  300   41-353    18-323 (365)
     324 tr|U3U4G2|U3U4G2_NILLU Neurope 100.0 2.2E-38 2.3E-44  283.3   0.0  303   44-347    35-354 (496)
     325 tr|C3Z7J8|C3Z7J8_BRAFL Unchara 100.0 2.3E-38 2.4E-44  275.1   0.0  306   41-349   144-464 (549)
     326 tr|A0A0P0YUU8|A0A0P0YUU8_LYMST 100.0 2.5E-38 2.5E-44  268.9   0.0  301   45-347    64-399 (478)
     327 tr|C3YFM9|C3YFM9_BRAFL Unchara 100.0 2.5E-38 2.6E-44  258.4   0.0  288   30-335    57-351 (356)
     328 ERR1719204_1244905             100.0 2.5E-38 2.6E-44  274.6   0.0  302   37-345    83-387 (473)
     329 tr|V9I0H3|V9I0H3_TRICA CCHamid 100.0 2.7E-38 2.8E-44  270.0   0.0  302   37-347    23-335 (423)
     330 tr|A0A0Q3X582|A0A0Q3X582_AMAAE 100.0 2.7E-38 2.8E-44  282.2   0.0  293   42-347    81-390 (504)
     331 tr|W4XPQ6|W4XPQ6_STRPU Unchara 100.0 2.7E-38 2.8E-44  271.4   0.0  301   44-350   125-427 (461)
     332 tr|B3MYQ9|B3MYQ9_DROAN Unchara 100.0 2.8E-38 2.9E-44  282.4   0.0  288   44-343    42-398 (686)
     333 tr|A0A1L8F837|A0A1L8F837_XENLA 100.0   3E-38 3.1E-44  264.7   0.0  291   47-348    30-322 (349)
     334 tr|A0A1D1W534|A0A1D1W534_RAMVA 100.0 3.1E-38 3.2E-44  272.5   0.0  301   39-343    52-427 (493)
     335 GraSoiStandDraft_4_1057263.sca 100.0 3.2E-38 3.3E-44  267.5   0.0  299   44-355    64-374 (395)
     336 tr|A0A0P7UV63|A0A0P7UV63_9TELE 100.0 3.4E-38 3.5E-44  269.2   0.0  294   39-342   138-484 (486)
     337 tr|A7STC6|A7STC6_NEMVE Predict 100.0 3.4E-38 3.5E-44  271.7   0.0  299   39-343    16-333 (381)
     338 tr|A0A2B4RWT1|A0A2B4RWT1_STYPI 100.0 3.4E-38 3.6E-44  276.4   0.0  295   41-345    13-311 (461)
     339 tr|A0A182F973|A0A182F973_ANOAL 100.0 3.5E-38 3.7E-44  273.7   0.0  293   41-344   159-506 (556)
     340 tr|W4XVA2|W4XVA2_STRPU Unchara 100.0 3.7E-38 3.9E-44  282.3   0.0  295   38-347    64-376 (519)
     341 tr|A0A195BRF4|A0A195BRF4_9HYME 100.0 3.8E-38 3.9E-44  275.7   0.0  295   43-349    73-455 (475)
     342 tr|A0A146ZQA7|A0A146ZQA7_FUNHE 100.0 3.8E-38   4E-44  272.4   0.0  297   43-349    81-467 (549)
     343 tr|A0A2B4SBD9|A0A2B4SBD9_STYPI 100.0 3.9E-38 4.1E-44  266.8   0.0  277   44-346    64-344 (367)
     344 tr|Q8MX83|Q8MX83_APLCA G-prote 100.0 4.1E-38 4.3E-44  277.6   0.0  290   44-345   129-565 (567)
     345 tr|A0A0F8AXQ5|A0A0F8AXQ5_LARCR 100.0 4.2E-38 4.4E-44  264.5   0.0  288   42-345   114-408 (433)
     346 tr|A0A151NSA8|A0A151NSA8_ALLMI 100.0 4.3E-38 4.5E-44  272.0   0.0  276   37-338    83-370 (406)
     347 tr|Q8MTW6|Q8MTW6_SPISO Putativ 100.0 4.4E-38 4.6E-44  267.5   0.0  296   41-346    35-354 (388)
     348 tr|A0A091DJ75|A0A091DJ75_FUKDA 100.0 4.4E-38 4.6E-44  266.6   0.0  277   49-340   107-486 (486)
     349 tr|A0A2B4SS31|A0A2B4SS31_STYPI 100.0 4.5E-38 4.7E-44  268.4   0.0  297   43-353    23-327 (354)
     350 tr|A0A0Q3MBC6|A0A0Q3MBC6_AMAAE 100.0 4.7E-38 4.9E-44  288.1   0.0  289   44-345   527-824 (838)
     351 tr|A0A151MLB5|A0A151MLB5_ALLMI 100.0 4.9E-38   5E-44  282.4   0.0  302   37-341   492-833 (839)
     352 tr|A0A1I8Q6N4|A0A1I8Q6N4_STOCA 100.0 4.9E-38 5.1E-44  288.2   0.0  303   43-348   444-915 (946)
     353 tr|I2FKE9|I2FKE9_GRYBI Dopamin 100.0 4.9E-38 5.1E-44  274.6   0.0  294   35-340    33-356 (485)
     354 tr|A0A1S3JHZ2|A0A1S3JHZ2_LINUN 100.0 4.9E-38 5.1E-44  275.5   0.0  291   43-344   183-476 (566)
     355 tr|A7RMJ9|A7RMJ9_NEMVE Predict 100.0   5E-38 5.1E-44  266.8   0.0  300   44-349    25-383 (394)
     356 tr|A0A0L0C0N1|A0A0L0C0N1_LUCCU 100.0 5.2E-38 5.4E-44  281.7   0.0  300   40-348   313-675 (707)
     357 tr|A0A2B4SGU1|A0A2B4SGU1_STYPI 100.0 5.4E-38 5.7E-44  271.4   0.0  293   40-343    51-359 (402)
     358 tr|A0A0P5DFU5|A0A0P5DFU5_9CRUS 100.0 5.6E-38 5.8E-44  271.4   0.0  289   40-341    70-363 (481)
     359 ERR1719270_744271              100.0 5.7E-38 5.9E-44  280.1   0.0  289   43-341    11-353 (568)
     360 tr|A0A0P7Y9H4|A0A0P7Y9H4_9TELE 100.0 5.8E-38   6E-44  271.1   0.0  290   43-343    40-338 (485)
     361 tr|A0A1B3P5X7|A0A1B3P5X7_HOMAM 100.0 5.9E-38 6.1E-44  267.5   0.0  304   33-346    41-411 (452)
     362 tr|A0A2B4S7Y2|A0A2B4S7Y2_STYPI 100.0 5.9E-38 6.2E-44  272.7   0.0  295   40-345    26-324 (365)
     363 tr|C3ZEF4|C3ZEF4_BRAFL Unchara 100.0 6.1E-38 6.4E-44  264.0   0.0  296   23-342    16-316 (319)
     364 tr|A0A0N8EPB2|A0A0N8EPB2_9CRUS 100.0 6.3E-38 6.5E-44  268.1   0.0  299   41-346    64-414 (544)
     365 tr|A0A2C9K1H0|A0A2C9K1H0_BIOGL 100.0 6.3E-38 6.6E-44  276.7   0.0  293   47-350    10-304 (607)
     366 tr|A0A2C9JTE5|A0A2C9JTE5_BIOGL 100.0 6.4E-38 6.6E-44  266.2   0.0  291   43-345    54-350 (422)
     367 tr|J9K383|J9K383_ACYPI Unchara 100.0 6.6E-38 6.8E-44  269.9   0.0  298   44-347    41-353 (502)
     368 tr|B4LIK1|B4LIK1_DROVI Unchara 100.0 6.6E-38 6.9E-44  272.3   0.0  307   33-347    87-402 (518)
     369 tr|A0A1B0AGN9|A0A1B0AGN9_GLOPL 100.0 6.8E-38 7.1E-44  283.6   0.0  295   41-342   167-465 (845)
     370 tr|A0A147B3Y1|A0A147B3Y1_FUNHE 100.0 7.2E-38 7.5E-44  281.0   0.0  303   26-342   178-481 (517)
     371 tr|F1L269|F1L269_ASCSU Neurope 100.0 7.5E-38 7.8E-44  278.7   0.0  303   39-343    76-417 (554)
     372 tr|T1K8Z9|T1K8Z9_TETUR Unchara 100.0 7.6E-38 7.9E-44  268.5   0.0  290   46-347   119-419 (485)
     373 tr|G1T869|G1T869_RABIT B2 brad 100.0 7.8E-38 8.1E-44  269.3   0.0  293   42-348   112-412 (446)
     374 tr|V4AC11|V4AC11_LOTGI Unchara 100.0 7.8E-38 8.1E-44  266.8   0.0  284   47-339    35-340 (407)
     375 tr|A0A2B4SUB9|A0A2B4SUB9_STYPI 100.0 7.8E-38 8.2E-44  295.4   0.0  290   43-349     6-299 (758)
     376 tr|B4M0I5|B4M0I5_DROVI Unchara 100.0   8E-38 8.3E-44  269.1   0.0  287   44-341   107-420 (506)
     377 tr|Q2V625|Q2V625_PANIN Type 1  100.0 8.1E-38 8.4E-44  279.5   0.0  307   33-348   223-626 (688)
     378 tr|A0A1W4UDX1|A0A1W4UDX1_DROFC 100.0 8.2E-38 8.6E-44  295.7   0.0  184   45-234   481-665 (1014)
     379 tr|A0A1V9XEV7|A0A1V9XEV7_9ACAR 100.0 8.3E-38 8.6E-44  267.3   0.0  294   43-346   135-433 (502)
     380 tr|A0A1W0XC38|A0A1W0XC38_HYPDU 100.0 8.3E-38 8.6E-44  270.8   0.0  303   40-343    41-373 (534)
     381 tr|A0A0M9A044|A0A0M9A044_9HYME 100.0 8.4E-38 8.7E-44  263.7   0.0  295   41-346    34-329 (489)
     382 tr|A0A0R4J0Z2|A0A0R4J0Z2_MOUSE 100.0 8.4E-38 8.7E-44  260.2   0.0  286   37-338    63-351 (456)
     383 tr|A0A218V2X0|A0A218V2X0_9PASE 100.0 8.5E-38 8.9E-44  280.7   0.0  294   43-350   118-416 (720)
     384 tr|A0A1I8CW77|A0A1I8CW77_9BILA 100.0 8.8E-38 9.1E-44  298.2   0.0  306   38-345    34-394 (2500)
     385 tr|T1L051|T1L051_TETUR Unchara 100.0   9E-38 9.3E-44  275.4   0.0  292   43-344    94-389 (598)
     386 ERR1712062_233158              100.0   9E-38 9.3E-44  272.5   0.0  297   40-348    70-374 (515)
     387 tr|W4XUJ0|W4XUJ0_STRPU Unchara 100.0 9.1E-38 9.5E-44  277.3   0.0  296   46-347   268-565 (591)
     388 tr|A7T2F5|A7T2F5_NEMVE Predict 100.0 9.2E-38 9.6E-44  260.4   0.0  286   45-345     9-298 (378)
     389 tr|A0A147A9P7|A0A147A9P7_FUNHE 100.0 9.4E-38 9.7E-44  272.2   0.0  286   47-345    19-346 (523)
     390 tr|A0A1S3QV31|A0A1S3QV31_SALSA 100.0 9.4E-38 9.8E-44  273.6   0.0  289   41-339    77-368 (535)
     391 tr|A0A147AYJ0|A0A147AYJ0_FUNHE 100.0 9.6E-38 9.9E-44  267.2   0.0  295   39-341    27-397 (497)
     392 tr|W5MSP8|W5MSP8_LEPOC Adrenoc 100.0 9.9E-38   1E-43  264.4   0.0  296   42-345    80-398 (460)
     393 tr|T1JZK3|T1JZK3_TETUR Unchara 100.0   1E-37 1.1E-43  270.3   0.0  313   33-349    82-403 (441)
     394 tr|A0A1U7TJB8|A0A1U7TJB8_TARSY 100.0   1E-37 1.1E-43  270.8   0.0  292   47-348   267-567 (585)
     395 tr|A0A0N0BC55|A0A0N0BC55_9HYME 100.0 1.1E-37 1.1E-43  272.1   0.0  289   42-344   205-495 (615)
     396 tr|A0A0U2M149|A0A0U2M149_SACKO 100.0 1.1E-37 1.1E-43  277.4   0.0  298   44-352    86-428 (774)
     397 tr|A0A154P9K2|A0A154P9K2_9HYME 100.0 1.1E-37 1.1E-43  268.9   0.0  292   42-343    50-388 (553)
     398 tr|A0A182JGG2|A0A182JGG2_9DIPT 100.0 1.2E-37 1.2E-43  284.3   0.0  300   41-344   118-428 (746)
     399 tr|A0A2B4SUU8|A0A2B4SUU8_STYPI 100.0 1.3E-37 1.3E-43  277.9   0.0  293   43-347    21-315 (557)
     400 tr|A0A2B4SSZ0|A0A2B4SSZ0_STYPI 100.0 1.3E-37 1.4E-43  274.0   0.0  288   40-341    15-303 (381)
     401 tr|M3YYC3|M3YYC3_MUSPF Melanin 100.0 1.4E-37 1.4E-43  262.3   0.0  290   40-346   111-407 (426)
     402 tr|A0A2B4RYK8|A0A2B4RYK8_STYPI 100.0 1.4E-37 1.5E-43  284.6   0.0  293   42-342    24-331 (761)
     403 tr|A0A1S3KDE4|A0A1S3KDE4_LINUN 100.0 1.5E-37 1.5E-43  273.2   0.0  291   39-337   127-423 (537)
     404 tr|A0A088AFE3|A0A088AFE3_APIME 100.0 1.5E-37 1.5E-43  275.8   0.0  294   39-344   196-520 (576)
     405 tr|A0A0H5B8K8|A0A0H5B8K8_9MOLL 100.0 1.5E-37 1.6E-43  269.9   0.0  336    7-354    12-357 (570)
     406 tr|A7RF67|A7RF67_NEMVE Predict 100.0 1.5E-37 1.6E-43  266.1   0.0  297   38-349    15-319 (375)
     407 tr|A0A0L8GS86|A0A0L8GS86_OCTBM 100.0 1.6E-37 1.6E-43  262.4   0.0  297   38-345    87-476 (489)
     408 tr|M3ZYH7|M3ZYH7_XIPMA Unchara 100.0 1.6E-37 1.6E-43  269.4   0.0  288   41-348    84-379 (397)
     409 tr|F6ZHC8|F6ZHC8_CIOIN Unchara 100.0 1.7E-37 1.7E-43  269.4   0.0  300   44-347    92-472 (527)
     410 tr|A0A2G9R7F4|A0A2G9R7F4_LITCT 100.0 1.7E-37 1.8E-43  265.6   0.0  277   39-340    45-329 (408)
     411 tr|A0A218V410|A0A218V410_9PASE 100.0 1.8E-37 1.8E-43  260.0   0.0  291   41-347    98-397 (427)
     412 tr|A0A1I8P5D7|A0A1I8P5D7_STOCA 100.0 1.8E-37 1.9E-43  282.7   0.0  185   42-231   284-472 (785)
     413 tr|V8NTH6|V8NTH6_OPHHA N-arach 100.0 1.8E-37 1.9E-43  289.4   0.0  290   41-343    27-324 (785)
     414 tr|A0A1U7TU97|A0A1U7TU97_TARSY 100.0 1.8E-37 1.9E-43  270.7   0.0  290   45-344    97-528 (597)
     415 tr|C3ZHH0|C3ZHH0_BRAFL Unchara 100.0 1.9E-37 1.9E-43  256.9   0.0  305   35-347    27-335 (395)
     416 tr|A0A016SN05|A0A016SN05_9BILA 100.0 1.9E-37   2E-43  266.3   0.0  309   39-355    47-361 (408)
     417 tr|V8NRN8|V8NRN8_OPHHA Histami 100.0   2E-37 2.1E-43  264.1   0.0  291   40-345    14-315 (432)
     418 tr|T1IQI9|T1IQI9_STRMM Unchara 100.0   2E-37 2.1E-43  271.6   0.0  295   40-343   123-479 (514)
     419 tr|R7TI62|R7TI62_CAPTE Unchara 100.0 2.1E-37 2.2E-43  268.5   0.0  285   43-339    31-359 (360)
     420 tr|I3KN17|I3KN17_ORENI Adrenoc 100.0 2.2E-37 2.3E-43  262.3   0.0  299   39-348   123-459 (517)
     421 tr|A0A0R4I9M2|A0A0R4I9M2_DANRE 100.0 2.2E-37 2.3E-43  262.9   0.0  296   43-342    43-345 (455)
     422 tr|A0A0K0PUK6|A0A0K0PUK6_PLADU 100.0 2.2E-37 2.3E-43  265.9   0.0  301   40-349    51-368 (405)
     423 tr|A0A1S3K679|A0A1S3K679_LINUN 100.0 2.4E-37 2.5E-43  265.0   0.0  304   40-350    51-362 (379)
     424 tr|C3YFL4|C3YFL4_BRAFL Unchara 100.0 2.5E-37 2.6E-43  267.7   0.0  292   37-344    88-386 (591)
     425 tr|A0A2B4S931|A0A2B4S931_STYPI 100.0 2.6E-37 2.7E-43  271.6   0.0  280   39-345    66-349 (398)
     426 tr|A0A2B4S130|A0A2B4S130_STYPI 100.0 2.6E-37 2.7E-43  261.3   0.0  293   43-344    35-359 (375)
     427 tr|A0A210QL65|A0A210QL65_MIZYE 100.0 2.7E-37 2.8E-43  261.4   0.0  300   41-352    51-356 (428)
     428 tr|T1G173|T1G173_HELRO Unchara 100.0 2.7E-37 2.8E-43  258.3   0.0  294   46-349    56-381 (413)
     429 tr|A0A0A1XIV8|A0A0A1XIV8_ZEUCU 100.0 2.7E-37 2.8E-43  279.9   0.0  293   44-343    83-379 (796)
     430 tr|A0A0N8EK17|A0A0N8EK17_9CRUS 100.0 2.8E-37 2.9E-43  274.4   0.0  296   45-345    56-371 (664)
     431 tr|K1PQQ9|K1PQQ9_CRAGI Pyroglu 100.0 2.8E-37 2.9E-43  262.5   0.0  301   40-350    71-386 (406)
     432 tr|A0A210PNT7|A0A210PNT7_MIZYE 100.0 2.9E-37   3E-43  270.3   0.0  295   45-342    71-417 (473)
     433 tr|A0A1S3GY13|A0A1S3GY13_LINUN 100.0 2.9E-37 3.1E-43  269.9   0.0  300   39-348    77-446 (521)
     434 tr|A0A1V4KM91|A0A1V4KM91_PATFA 100.0 3.1E-37 3.3E-43  265.1   0.0  310   44-357   159-483 (526)
     435 tr|A0A194QL20|A0A194QL20_PAPMA 100.0 3.2E-37 3.3E-43  263.0   0.0  292   47-341    45-407 (517)
     436 tr|J9JXD7|J9JXD7_ACYPI Unchara 100.0 3.3E-37 3.4E-43  275.0   0.0  303   33-348   213-520 (627)
     437 tr|A0A218VDY5|A0A218VDY5_9PASE 100.0 3.4E-37 3.5E-43  263.8   0.0  290   39-343    37-330 (395)
     438 SRR6218665_598958              100.0 3.4E-37 3.6E-43  269.4   0.0  298   40-348    80-390 (463)
     439 tr|A0A2B4RYQ1|A0A2B4RYQ1_STYPI 100.0 3.5E-37 3.6E-43  265.6   0.0  298   45-346    49-365 (418)
     440 tr|A0A2B4SI88|A0A2B4SI88_STYPI 100.0 3.5E-37 3.7E-43  281.7   0.0  299   38-346   419-726 (784)
     441 tr|A0A182Q776|A0A182Q776_9DIPT 100.0 3.5E-37 3.7E-43  278.2   0.0  193   37-234   111-306 (645)
     442 tr|E2BFW0|E2BFW0_HARSA Cholecy 100.0 3.5E-37 3.7E-43  274.0   0.0  297   44-343    83-537 (630)
     443 tr|A0A182P8Z5|A0A182P8Z5_9DIPT 100.0 3.6E-37 3.7E-43  268.1   0.0  331   10-348    87-427 (503)
     444 GraSoiStandDraft_28_1057319.sc 100.0 3.5E-37 3.7E-43  262.7   0.0  317    7-341     8-332 (333)
     445 tr|A0A087X8Q0|A0A087X8Q0_POEFO 100.0 3.6E-37 3.7E-43  268.3   0.0  298   47-354    11-320 (456)
     446 tr|A0A0V1MAM9|A0A0V1MAM9_9BILA 100.0 3.6E-37 3.8E-43  289.1   0.0  300   43-349   122-511 (1561)
     447 KBSSwiStaDraftv2_1062776.scaff 100.0 3.8E-37 3.9E-43  268.3   0.0  289   40-343   141-434 (436)
     448 tr|M7BMC3|M7BMC3_CHEMY Histami 100.0 3.8E-37 3.9E-43  278.8   0.0  293   41-342   332-697 (709)
     449 tr|A0A1S3H1B7|A0A1S3H1B7_LINUN 100.0 3.9E-37   4E-43  257.5   0.0  327    9-348    14-351 (380)
     450 tr|L9KFJ4|L9KFJ4_TUPCH Cholecy 100.0   4E-37 4.1E-43  264.5   0.0  292   36-330    35-371 (585)
     451 tr|A7T260|A7T260_NEMVE Predict 100.0   4E-37 4.1E-43  260.1   0.0  301   39-369    25-325 (349)
     452 tr|A0A1B0GAW6|A0A1B0GAW6_GLOMM 100.0   4E-37 4.1E-43  282.8   0.0  310   42-355   272-738 (763)
     453 tr|W5NXE0|W5NXE0_SHEEP Opioid  100.0   4E-37 4.1E-43  256.5   0.0  289   39-342    42-333 (431)
     454 tr|A0A0K0PUM2|A0A0K0PUM2_PLADU 100.0 4.1E-37 4.2E-43  254.8   0.0  296   38-344    96-399 (429)
     455 tr|S7PTD0|S7PTD0_MYOBR Mu-type 100.0 4.1E-37 4.3E-43  258.7   0.0  286   37-338    67-400 (489)
     456 tr|A0A182U973|A0A182U973_9DIPT 100.0 4.2E-37 4.4E-43  281.1   0.0  301   37-346   553-868 (1016)
     457 tr|B4MKH9|B4MKH9_DROWI Unchara 100.0 4.4E-37 4.5E-43  267.6   0.0  295   40-344    78-431 (626)
     458 tr|A0A2B4SSA0|A0A2B4SSA0_STYPI 100.0 4.4E-37 4.6E-43  263.9   0.0  300   37-347    61-371 (423)
     459 tr|A0A0F8CMC2|A0A0F8CMC2_LARCR 100.0 4.4E-37 4.6E-43  275.6   0.0  289   38-347   333-647 (680)
     460 ERR1712223_23408               100.0 4.4E-37 4.6E-43  263.2   0.0  293   39-343    45-353 (462)
     461 tr|A0A1S3T4I1|A0A1S3T4I1_SALSA 100.0 4.4E-37 4.6E-43  281.9   0.0  301   40-344    39-442 (675)
     462 tr|A0A182MG56|A0A182MG56_9DIPT 100.0 4.6E-37 4.7E-43  281.7   0.0  298   43-343    99-407 (751)
     463 tr|L7MGJ2|L7MGJ2_9ACAR Putativ 100.0 4.6E-37 4.8E-43  266.4   0.0  292   38-341    91-403 (482)
     464 tr|A0A1S3J6Z0|A0A1S3J6Z0_LINUN 100.0 4.6E-37 4.8E-43  265.1   0.0  299   38-344    43-347 (464)
     465 tr|A0A0N0PF28|A0A0N0PF28_PAPXU 100.0 4.9E-37 5.1E-43  269.5   0.0  293   43-342   160-482 (580)
     466 tr|A7RU09|A7RU09_NEMVE Predict 100.0 4.9E-37 5.1E-43  267.4   0.0  301   41-353    25-337 (476)
     467 tr|T1FXW9|T1FXW9_HELRO Unchara 100.0   5E-37 5.1E-43  266.7   0.0  293   43-342   154-454 (510)
     468 tr|A9UMX5|A9UMX5_NEMVE Opsin O 100.0   5E-37 5.2E-43  268.6   0.0  295   42-346    11-308 (374)
     469 tr|A0A154P9X5|A0A154P9X5_9HYME 100.0 5.1E-37 5.3E-43  279.4   0.0  297   41-339    27-357 (692)
     470 tr|A0A0P7U4C3|A0A0P7U4C3_9TELE 100.0 5.1E-37 5.3E-43  267.5   0.0  299   45-348   133-473 (580)
     471 tr|A0A0L0BR86|A0A0L0BR86_LUCCU 100.0 5.1E-37 5.3E-43  271.5   0.0  291   38-340   242-566 (614)
     472 tr|A0A210QHU6|A0A210QHU6_MIZYE 100.0 5.2E-37 5.4E-43  263.7   0.0  300   43-348    76-384 (448)
     473 tr|A0A218V371|A0A218V371_9PASE 100.0 5.3E-37 5.5E-43  267.5   0.0  293   41-348   263-563 (606)
     474 tr|A0A1W0W985|A0A1W0W985_HYPDU 100.0 5.4E-37 5.6E-43  258.1   0.0  321    3-338    14-348 (475)
     475 tr|A0A1B1SKD0|A0A1B1SKD0_9PETR 100.0 5.4E-37 5.6E-43  254.7   0.0  297   44-367    55-354 (356)
     476 tr|A7RMD8|A7RMD8_NEMVE Predict 100.0 5.5E-37 5.7E-43  257.2   0.0  291   44-345    22-325 (357)
     477 tr|A0A2C9K7V1|A0A2C9K7V1_BIOGL 100.0 5.9E-37 6.1E-43  262.2   0.0  290   43-338    19-321 (442)
     478 tr|A0A1W0XEP8|A0A1W0XEP8_HYPDU 100.0 5.9E-37 6.1E-43  265.0   0.0  302   41-347    63-374 (440)
     479 tr|E0VHA7|E0VHA7_PEDHC Class A 100.0   6E-37 6.2E-43  262.9   0.0  303   35-347    55-443 (493)
     480 tr|S9YLJ7|S9YLJ7_CAMFR Muscari 100.0 6.1E-37 6.3E-43  276.4   0.0  193   39-234    65-261 (659)
     481 tr|A0A0N4ZFH3|A0A0N4ZFH3_PARTI 100.0 6.3E-37 6.5E-43  272.1   0.0  296   42-343   100-419 (521)
     482 tr|F1QGX5|F1QGX5_DANRE Melanop 100.0 6.3E-37 6.6E-43  274.1   0.0  295   41-341    75-373 (594)
     483 tr|A0A0P6BH55|A0A0P6BH55_9CRUS 100.0 6.5E-37 6.8E-43  267.7   0.0  292   44-339   124-483 (567)
     484 tr|Q964E5|Q964E5_GIRTI Putativ 100.0 6.6E-37 6.9E-43  259.4   0.0  299   42-344    18-320 (402)
     485 tr|A0A226PTD4|A0A226PTD4_COLVI 100.0 6.8E-37 7.1E-43  264.9   0.0  283   45-340   113-516 (516)
     486 tr|A0A2H1CFV5|A0A2H1CFV5_FASHE 100.0 7.2E-37 7.4E-43  257.5   0.0  308   37-350    28-338 (419)
     487 tr|T1H8Z5|T1H8Z5_RHOPR Unchara 100.0 7.2E-37 7.5E-43  261.7   0.0  292   43-346    84-386 (490)
     488 tr|A0A182XXT9|A0A182XXT9_ANOST 100.0 7.3E-37 7.5E-43  263.4   0.0  288   47-347    79-397 (426)
     489 ERR1719270_232748              100.0 7.7E-37   8E-43  264.9   0.0  303   36-347    25-337 (446)
     490 tr|A0A091DBP5|A0A091DBP5_FUKDA 100.0 7.7E-37   8E-43  285.4   0.0  280   40-341   580-866 (894)
     491 tr|B0XGN8|B0XGN8_CULQU Neurope 100.0 7.8E-37 8.1E-43  257.4   0.0  290   39-342    85-382 (434)
     492 tr|B3LYB5|B3LYB5_DROAN Unchara 100.0 7.8E-37 8.1E-43  268.0   0.0  289   40-340   127-448 (567)
     493 tr|A0A1W0WKL8|A0A1W0WKL8_HYPDU 100.0 7.8E-37 8.1E-43  281.7   0.0  187   43-233    90-292 (679)
     494 tr|A0A0P7UKW1|A0A0P7UKW1_9TELE 100.0 8.4E-37 8.7E-43  266.2   0.0  278   41-337    87-374 (448)
     495 tr|E2BGR8|E2BGR8_HARSA Neurope 100.0 8.5E-37 8.8E-43  264.1   0.0  300   44-349    43-355 (533)
     496 tr|E9GBE9|E9GBE9_DAPPU NPFG-pr 100.0 8.5E-37 8.9E-43  269.9   0.0  302   41-347    93-406 (532)
     497 tr|A0A2B4RV78|A0A2B4RV78_STYPI 100.0 8.6E-37 8.9E-43  261.6   0.0  286   44-337    25-316 (365)
     498 tr|A0A182R4Z8|A0A182R4Z8_ANOFN 100.0 8.8E-37 9.1E-43  268.1   0.0  289   44-344    69-420 (479)
     499 tr|L5KAH3|L5KAH3_PTEAL G-prote 100.0 8.9E-37 9.2E-43  254.0   0.0  303   36-354    27-333 (391)
     500 tr|A0A1W4YH71|A0A1W4YH71_9TELE 100.0 8.9E-37 9.2E-43  263.1   0.0  283   42-343    76-378 (410)
     
  > Uniprot already searched, skipping.
> Running chain B
  > Uniref90 already searched, skipping.
  > Mgnify already searched, skipping.
  > Running hhblits on bfd_uniref30
- 12:50:54.144 INFO: Searching 65983866 column state sequences.

- 12:50:55.391 INFO: Searching 29291635 column state sequences.

- 12:50:55.436 INFO: kissr_human-3711/msas/B/chain_B.fasta is in A2M, A3M or FASTA format

- 12:50:55.436 INFO: Iteration 1

- 12:50:55.448 INFO: Prefiltering database

- 12:51:42.266 INFO: HMMs passed 1st prefilter (gapless profile-profile alignment)  : 21052

- 12:52:02.378 INFO: HMMs passed 1st prefilter (gapless profile-profile alignment)  : 33734

- 12:52:02.434 INFO: HMMs passed 2nd prefilter (gapped profile-profile alignment)   : 66

- 12:52:02.434 INFO: HMMs passed 2nd prefilter and not found in previous iterations : 66

- 12:52:02.434 INFO: Scoring 66 HMMs using HMM-HMM Viterbi alignment

- 12:52:02.460 INFO: Alternative alignment: 0

- 12:52:02.511 INFO: 66 alignments done

- 12:52:02.511 INFO: Alternative alignment: 1

- 12:52:02.516 INFO: 66 alignments done

- 12:52:02.516 INFO: Alternative alignment: 2

- 12:52:02.516 INFO: Alternative alignment: 3

- 12:52:02.565 INFO: Premerge done

- 12:52:02.565 INFO: Realigning 66 HMM-HMM alignments using Maximum Accuracy algorithm

- 12:52:02.581 INFO: 32 sequences belonging to 32 database HMMs found with an E-value < 0.001

- 12:52:02.581 INFO: Number of effective sequences of resulting query HMM: Neff = 1.89974

- 12:52:02.587 INFO: Iteration 2

- 12:52:02.588 INFO: Set premerge to 0! (premerge: 3 iteration: 2 hits.Size: 29)

- 12:52:02.594 INFO: Prefiltering database

- 12:52:47.476 INFO: HMMs passed 1st prefilter (gapless profile-profile alignment)  : 36998

- 12:53:08.397 INFO: HMMs passed 1st prefilter (gapless profile-profile alignment)  : 61356

- 12:53:08.481 INFO: HMMs passed 2nd prefilter (gapped profile-profile alignment)   : 138

- 12:53:08.481 INFO: HMMs passed 2nd prefilter and not found in previous iterations : 109

- 12:53:08.481 INFO: Scoring 109 HMMs using HMM-HMM Viterbi alignment

- 12:53:08.499 INFO: Alternative alignment: 0

- 12:53:08.507 INFO: 109 alignments done

- 12:53:08.507 INFO: Alternative alignment: 1

- 12:53:08.513 INFO: 106 alignments done

- 12:53:08.513 INFO: Alternative alignment: 2

- 12:53:08.513 INFO: Alternative alignment: 3

- 12:53:08.523 INFO: Realigning 107 HMM-HMM alignments using Maximum Accuracy algorithm

- 12:53:08.543 INFO: 34 sequences belonging to 34 database HMMs found with an E-value < 0.001

- 12:53:08.543 INFO: Number of effective sequences of resulting query HMM: Neff = 2.55141

- 12:53:08.546 INFO: Iteration 3

- 12:53:08.556 INFO: Prefiltering database

- 12:53:47.756 INFO: HMMs passed 1st prefilter (gapless profile-profile alignment)  : 22639

- 12:54:08.984 INFO: HMMs passed 1st prefilter (gapless profile-profile alignment)  : 37641

- 12:54:09.043 INFO: HMMs passed 2nd prefilter (gapped profile-profile alignment)   : 75

- 12:54:09.043 INFO: HMMs passed 2nd prefilter and not found in previous iterations : 45

- 12:54:09.043 INFO: Scoring 45 HMMs using HMM-HMM Viterbi alignment

- 12:54:09.066 INFO: Alternative alignment: 0

- 12:54:09.247 INFO: 45 alignments done

- 12:54:09.247 INFO: Alternative alignment: 1

- 12:54:09.251 INFO: 42 alignments done

- 12:54:09.251 INFO: Alternative alignment: 2

- 12:54:09.251 INFO: Alternative alignment: 3

- 12:54:09.259 INFO: Rescoring previously found HMMs with Viterbi algorithm

- 12:54:09.273 INFO: Alternative alignment: 0

- 12:54:09.275 INFO: 31 alignments done

- 12:54:09.275 INFO: Alternative alignment: 1

- 12:54:09.278 INFO: 31 alignments done

- 12:54:09.278 INFO: Alternative alignment: 2

- 12:54:09.278 INFO: Alternative alignment: 3

- 12:54:09.286 INFO: Premerge done

- 12:54:09.286 INFO: Realigning 76 HMM-HMM alignments using Maximum Accuracy algorithm

- 12:54:09.304 INFO: 34 sequences belonging to 34 database HMMs found with an E-value < 0.001

- 12:54:09.304 INFO: Number of effective sequences of resulting query HMM: Neff = 2.55141

     Query         kisspeptin-10 gtp:3711
     Match_columns 10
     No_of_seqs    27 out of 207
     Neff          2.55141
     Searched_HMMs 148
     Date          Thu Feb 23 12:54:09 2023
     Command       hhblits -i kissr_human-3711/msas/B/chain_B.fasta -cpu 2 -maxmem 20 -oa3m /projects/ilfgrid/people/nqz918/code/deorph/scripts/af_arman/af_jobs_af23/kissr_human/3711//kissr_human-3711/msas/B/bfd_uniref_hits.a3m -o /dev/null -n 3 -e 0.001 -maxseq 1000000 -realign_max 100000 -maxfilt 100000 -min_prefilter_hits 1000 -d /projects/ilfgrid/data/alphafold-genetic-databases///bfd/bfd_metaclust_clu_complete_id30_c90_final_seq.sorted_opt -d /projects/ilfgrid/data/alphafold-genetic-databases///uniref30/UniRef30_2021_03 
     
      No Hit                             Prob E-value P-value  Score    SS Cols Query HMM  Template HMM
       1 UniRef100_A0A140HPB7 Kisspepti  98.0 1.3E-07 1.9E-13   50.8   0.0   10    1-10    172-181 (228)
       2 UniRef100_A0A509GM05 Kiss1 met  97.5 4.9E-06 5.6E-12   44.0   0.0   10    1-10    111-120 (147)
       3 UniRef100_A0A077EWU9 Kisspepti  97.5 4.7E-06 7.7E-12   42.6   0.0   10    1-10    104-113 (139)
       4 UniRef100_A0A3L7HKU6 KISS1 n=1  97.4 9.7E-06 1.2E-11   45.2   0.0   10    1-10    222-231 (247)
       5 UniRef100_A0A2H1X945 Kisspepti  97.4 9.5E-06 1.2E-11   42.7   0.0   10    1-10    123-132 (143)
       6 UniRef100_A0A0S3J4N9 KISS1 n=1  97.4 1.2E-05 1.3E-11   42.7   0.0   10    1-10    116-125 (145)
       7 tr|A0A2F0AYQ1|A0A2F0AYQ1_ESCRO  97.4 1.4E-05 1.5E-11   43.1   0.0   10    1-10    139-148 (166)
       8 UniRef100_UPI00032AE5D1 metast  97.2 2.7E-05 2.9E-11   41.1   0.0   10    1-10     86-95  (132)
       9 UniRef100_A0A6J3R123 metastasi  97.2 3.3E-05 3.8E-11   43.4   0.0   10    1-10    216-225 (246)
      10 UniRef100_A0A401SVB3 Uncharact  97.2 4.1E-05 4.2E-11   39.0   0.0   10    1-10     74-83  (93)
      11 UniRef100_A0A3Q7RPK0 metastasi  97.2 3.6E-05 4.4E-11   42.6   0.0   10    1-10    171-180 (214)
      12 tr|A0A0D3LNQ5|A0A0D3LNQ5_LABRO  97.1   5E-05   6E-11   39.5   0.0   10    1-10     89-98  (116)
      13 UniRef100_A0A674K4V3 Uncharact  97.1   6E-05 6.7E-11   41.4   0.0   10    1-10    161-170 (186)
      14 UniRef100_A0A2F0AYQ1 Metastasi  97.1 6.5E-05 6.7E-11   40.9   0.0   10    1-10    139-148 (166)
      15 UniRef100_B6IDD9 Kisspeptin (F  97.1 7.1E-05 7.5E-11   39.7   0.0   10    1-10    107-116 (131)
      16 UniRef100_A0A4W3JE04 Uncharact  97.0 7.6E-05 7.9E-11   39.5   0.0   10    1-10    108-117 (127)
      17 tr|A0A288PH14|A0A288PH14_ALLSI  97.0 7.4E-05 8.7E-11   39.7   0.0   10    1-10    114-123 (138)
      18 UniRef100_A0A2K6FRM3 Uncharact  97.0 9.6E-05 1.1E-10   40.5   0.0   10    1-10    111-120 (176)
      19 UniRef100_J9NWZ9 Kisspeptin n=  97.0 9.8E-05 1.1E-10   38.5   0.0   10    1-10     71-80  (111)
      20 UniRef100_A0A6P8PHU8 metastasi  97.0  0.0001 1.1E-10   39.2   0.0   10    1-10    110-119 (134)
      21 UniRef100_A0A3Q0CWZ5 metastasi  96.9 0.00013 1.3E-10   40.2   0.0   10    1-10    156-165 (180)
      22 UniRef100_UPI000854E4BC metast  96.9 0.00015 1.6E-10   39.3   0.0   10    1-10    131-140 (154)
      23 UniRef100_A0A5F9D1Z3 Uncharact  96.8  0.0003   3E-10   40.1   0.0   10    1-10    218-227 (244)
      24 tr|A0A0A7LYX4|A0A0A7LYX4_SEBSC  96.7 0.00034 4.4E-10   36.3   0.0   10    1-10     94-103 (109)
      25 UniRef100_UPI00155648A6 metast  96.7 0.00044 4.5E-10   39.4   0.0   10    1-10    212-221 (236)
      26 UniRef100_A0A0M4J2Q6 Kisspepti  96.5 0.00076 7.8E-10   32.5   0.0   10    1-10     35-44  (54)
      27 tr|A0A096N8I4|A0A096N8I4_PAPAN  96.5 0.00064 7.9E-10   37.5   0.0   10    1-10    134-143 (176)
      28 UniRef100_A0A0M4IU70 Kisspepti  96.5 0.00091 9.4E-10   36.4   0.0   10    1-10    113-122 (143)
      29 UniRef100_A0A7E6CZT4 metastasi  96.4  0.0011 1.2E-09   39.1   0.0   10    1-10    275-284 (329)
      30 UniRef100_A0A0A0N478 Kisspepti  96.4  0.0011 1.3E-09   35.0   0.0   10    1-10     95-104 (116)
      31 UniRef100_A0A0G2STS1 Kisspepti  96.2  0.0024 2.7E-09   33.9   0.0   10    1-10     87-96  (114)
      32 UniRef100_M7B5Q8 Angiotensinog  95.7  0.0083 8.5E-09   39.9   0.0   10    1-10    882-891 (1327)
      33 UniRef100_A0A096N8I4 KiSS-1 me  95.7  0.0084 9.6E-09   33.0   0.0   10    1-10    112-121 (144)
      34 UniRef100_A0A087WP13 Pleckstri  95.5    0.01 1.4E-08   39.8   0.0   10    1-10   1502-1511(1532)
      35 UniRef100_A0A1R3GPB8 Uncharact  94.7   0.055 5.7E-08   25.1   0.0   10    1-10      7-16  (35)
      36 UniRef100_A0A3B4C3H0 Uncharact  94.5   0.075 7.7E-08   30.5   0.0   10    1-10    162-171 (173)
      37 UniRef100_A0A5A9NED9 Uncharact  94.3     0.1 1.1E-07   30.4   0.0   10    1-10     87-96  (196)
      38 UniRef100_A0A0M4J2I8 Kisspepti  93.9    0.16 1.6E-07   26.6   0.0   10    1-10     36-45  (74)
      39 UniRef100_UPI001A980EB2 unchar  93.6     0.2   2E-07   30.0   0.0   10    1-10    227-236 (238)
      40 UniRef100_A0A2P2PHD6 Uncharact  93.6     0.2   2E-07   24.7   0.0    8    1-8       2-9   (48)
      41 UniRef100_A0A7S8IX37 Kisspepti  93.3    0.26 2.7E-07   25.4   0.0    9    2-10     40-48  (66)
      42 UniRef100_K5XG47 Uncharacteriz  92.9    0.36 3.7E-07   24.2   0.0   10    1-10     14-23  (52)
      43 UniRef100_UPI0007403DE6 unchar  92.8    0.38   4E-07   26.6   0.0   10    1-10     69-78  (107)
      44 UniRef100_A0A553RI55 Uncharact  92.1     0.6 6.2E-07   28.2   0.0   10    1-10    202-211 (227)
      45 SRR2546426_769539               92.1    0.51 6.3E-07   27.5   0.0    9    1-9      18-26  (173)
      46 UniRef100_R7IA68 Anaerobic c4-  92.0    0.63 6.5E-07   27.0   0.0    9    1-9       5-13  (156)
      47 UniRef100_A0A1G4BRZ2 Uncharact  91.7    0.77 7.9E-07   26.6   0.0    8    1-8     109-116 (151)
      48 UniRef100_A0A3N0YID0 Vesicle t  91.7    0.77   8E-07   29.4   0.0   10    1-10    212-221 (413)
      49 UniRef100_G8DU24 Transposase n  91.3    0.91 9.3E-07   23.3   0.0    8    2-9      27-34  (57)
      50 UniRef100_T1K2D1 Uncharacteriz  91.3    0.94 9.7E-07   21.6   0.0    9    1-9      18-26  (35)
      51 UniRef100_A0A3Q1CSB6 Uncharact  91.2    0.95 9.8E-07   26.0   0.0   10    1-10    124-133 (135)
      52 UniRef100_A0A1L8FNG4 Uncharact  91.2    0.97   1E-06   25.8   0.0   10    1-10     83-92  (129)
      53 UniRef100_A0A2P2K6Q9 Uncharact  91.2    0.97   1E-06   23.0   0.0    9    1-9      17-25  (54)
      54 UniRef100_A0A1E4QD29 Uncharact  91.0     1.1 1.1E-06   22.0   0.0    8    2-9      20-27  (41)
      55 UniRef100_A0A0F6HEB9 Uncharact  90.7     1.2 1.2E-06   23.4   0.0    8    2-9       2-9   (65)
      56 UniRef100_A0A6I8Q999 Uncharact  90.7     1.2 1.3E-06   26.1   0.0   10    1-10    111-120 (157)
      57 UniRef100_I3W2J7 Uncharacteriz  90.1     1.6 1.6E-06   21.5   0.0    7    3-9       2-8   (41)
      58 UniRef100_UPI0004572AD4 metast  89.7     1.8 1.8E-06   25.0   0.0   10    1-10    104-113 (131)
      59 UniRef100_A0A163YVY7 Uncharact  89.5     1.9   2E-06   24.1   0.0    9    1-9      91-99  (102)
      60 UniRef100_A0A2A5A5M3 Uncharact  89.3       2 2.1E-06   25.3   0.0    8    1-8      42-49  (155)
      61 UniRef100_A0A2I0BAK8 Uncharact  89.3     2.1 2.1E-06   24.8   0.0    8    1-8      90-97  (135)
      62 UniRef100_A0A7J7AK26 Uncharact  88.7     2.5 2.5E-06   25.3   0.0   10    1-10     30-39  (175)
      63 UniRef100_A0A0B1TNW1 Uncharact  88.5     2.6 2.7E-06   25.3   0.0    9    2-10    131-139 (178)
      64 UniRef100_A0A6V7IKV7 Uncharact  88.4     2.7 2.8E-06   22.1   0.0    8    2-9      33-40  (62)
      65 UniRef100_A0A0K2TB87 ANF_recep  87.8     3.2 3.3E-06   24.2   0.0    8    1-8      34-41  (137)
      66 UniRef100_UPI000A82862F acyl-C  87.8     3.3 3.4E-06   22.6   0.0    8    2-9      53-60  (78)
      67 UniRef100_A0A0C2G8U8 Uncharact  87.5     3.5 3.6E-06   21.8   0.0    8    2-9      23-30  (62)
      68 UniRef100_A0A4Q5NQ23 CapA fami  87.2     3.8 3.9E-06   27.3   0.0   10    1-10    420-429 (484)
      69 UniRef100_UPI00194022BF hypoth  85.4     5.7 5.8E-06   22.1   0.0    9    1-9      22-30  (85)
      70 UniRef100_A0A2I2AB10 Uncharact  85.1     5.9 6.1E-06   24.0   0.0    9    1-9      23-31  (177)
      71 UniRef100_A0A1V6EZA7 Uncharact  84.5     6.8   7E-06   25.0   0.0   10    1-10    176-185 (273)
      72 UniRef100_UPI00098DC60B calmod  82.5     9.6 9.9E-06   24.0   0.0    9    1-9     205-213 (231)
      73 UniRef100_M2A579 Uncharacteriz  79.2      15 1.6E-05   18.7   0.0    9    1-9      20-28  (43)
      74 UniRef100_A0A5K0VTM6 Uncharact  78.0      18 1.8E-05   18.1   0.0    9    1-9       7-15  (37)
      75 UniRef100_A0A7Y5BKZ7 Uncharact  75.4      24 2.4E-05   21.6   0.0    9    1-9      86-94  (153)
      76 UniRef100_A0A5D2SEQ1 Uncharact  71.7      34 3.5E-05   19.2   0.0    9    1-9       9-17  (74)
     
  > Uniprot already searched, skipping.

>> Job finished at: Thu Feb 23 12:54:13 CET 2023

>> Runtime: 3453 s
