>> Job started at: Thu Feb 23 15:07:37 CET 2023
   On Machine:     ilfgridgpun02fl.unicph.domain
   In directory:   /projects/ilfgrid/people/nqz918/code/deorph/scripts/af_arman/af_jobs_af23/mc4r_human/1335

>> GPU is 

> Running 'prep_MSAs.sh'
  > Alphafold-DB directory is set to /projects/ilfgrid/data/alphafold-genetic-databases//
  > Number of cores was set to set to 2
  > Max memory set to 20 GB
  > Output directory was set to /projects/ilfgrid/people/nqz918/code/deorph/scripts/af_arman/af_jobs_af23/mc4r_human/1335/
  > Input fastafile was set to /projects/ilfgrid/people/nqz918/code/deorph/scripts/af_arman/af_jobs_af23/mc4r_human/1335/mc4r_human-1335.fasta
> Splitting fastafile
> Running chain A
  > Uniref90 already searched, skipping.
  > Mgnify already searched, skipping.
  > Running hhblits on bfd_uniref30
- 15:09:20.685 INFO: Searching 65983866 column state sequences.

- 15:09:23.036 INFO: Searching 29291635 column state sequences.

- 15:09:23.114 INFO: mc4r_human-1335/msas/A/chain_A.fasta is in A2M, A3M or FASTA format

- 15:09:23.115 INFO: Iteration 1

- 15:09:23.411 INFO: Prefiltering database

- 15:13:45.534 INFO: HMMs passed 1st prefilter (gapless profile-profile alignment)  : 1334497

- 15:15:37.746 INFO: HMMs passed 1st prefilter (gapless profile-profile alignment)  : 704478

- 15:15:46.477 INFO: HMMs passed 2nd prefilter (gapped profile-profile alignment)   : 27112

- 15:15:46.477 INFO: HMMs passed 2nd prefilter and not found in previous iterations : 27112

- 15:15:46.477 INFO: Scoring 27112 HMMs using HMM-HMM Viterbi alignment

- 15:15:46.529 INFO: Alternative alignment: 0

- 15:22:22.854 INFO: 2000 alignments done

- 15:30:07.827 INFO: 4000 alignments done

- 15:36:40.148 INFO: 6000 alignments done

- 15:42:44.345 INFO: 8000 alignments done

- 15:48:10.257 INFO: 10000 alignments done

- 15:52:31.333 INFO: 12000 alignments done

- 15:54:13.632 INFO: 14000 alignments done

- 15:55:32.791 INFO: 16000 alignments done

- 15:57:50.410 INFO: 18000 alignments done

- 16:02:22.537 INFO: 20000 alignments done

- 16:05:01.518 INFO: 22000 alignments done

- 16:08:37.231 INFO: 24000 alignments done

- 16:12:18.577 INFO: 26000 alignments done

- 16:14:23.923 INFO: 27112 alignments done

- 16:14:23.927 INFO: Alternative alignment: 1

- 16:46:38.977 INFO: 27086 alignments done

- 16:46:39.077 INFO: Alternative alignment: 2

- 16:49:39.761 INFO: 7219 alignments done

- 16:49:39.776 INFO: Alternative alignment: 3

- 16:49:44.350 INFO: 1292 alignments done

- 16:49:47.117 INFO: Premerge done

- 16:49:47.126 INFO: Realigning 9766 HMM-HMM alignments using Maximum Accuracy algorithm

- 17:53:43.019 INFO: 9769 sequences belonging to 9769 database HMMs found with an E-value < 0.001

- 17:53:43.037 INFO: Number of effective sequences of resulting query HMM: Neff = 10.5455

- 17:53:43.390 INFO: Iteration 2

- 17:53:43.390 INFO: Set premerge to 0! (premerge: 3 iteration: 2 hits.Size: 9766)

- 17:53:43.729 INFO: Prefiltering database

- 20:12:19.856 INFO: HMMs passed 1st prefilter (gapless profile-profile alignment)  : 5391412

- 21:13:52.801 INFO: HMMs passed 1st prefilter (gapless profile-profile alignment)  : 3082768

- 21:14:32.980 INFO: HMMs passed 2nd prefilter (gapped profile-profile alignment)   : 109842

- 21:14:32.980 INFO: HMMs passed 2nd prefilter and not found in previous iterations : 100393

- 21:14:32.980 INFO: Scoring 100393 HMMs using HMM-HMM Viterbi alignment

- 21:14:33.023 INFO: Alternative alignment: 0

- 21:24:34.605 INFO: 2000 alignments done

- 21:31:04.026 INFO: 4000 alignments done

- 21:37:19.720 INFO: 6000 alignments done

- 21:43:25.533 INFO: 8000 alignments done

- 21:48:03.872 INFO: 10000 alignments done

- 21:53:17.043 INFO: 12000 alignments done

- 21:58:10.241 INFO: 14000 alignments done

- 22:02:42.840 INFO: 16000 alignments done

- 22:08:56.750 INFO: 18000 alignments done

- 22:16:12.846 INFO: 20000 alignments done

- 22:22:24.828 INFO: 22000 alignments done

- 22:22:24.831 INFO: Stop after DB-HHM: 22000 because early stop  13.8996 < filter cutoff 20

- 22:22:24.832 INFO: Alternative alignment: 1

- 22:32:09.279 INFO: 8820 alignments done

- 22:32:09.297 INFO: Alternative alignment: 2

- 22:32:24.306 INFO: 634 alignments done

- 22:32:24.307 INFO: Alternative alignment: 3

- 22:32:24.602 INFO: 93 alignments done

- 22:32:24.906 INFO: Realigning 5070 HMM-HMM alignments using Maximum Accuracy algorithm

- 22:35:51.893 INFO: 14839 sequences belonging to 14839 database HMMs found with an E-value < 0.001

- 22:35:51.894 INFO: Number of effective sequences of resulting query HMM: Neff = 11.3376

- 22:35:52.137 INFO: Iteration 3

- 22:35:52.465 INFO: Prefiltering database

- 22:41:03.842 INFO: HMMs passed 1st prefilter (gapless profile-profile alignment)  : 5078107

- 22:44:11.503 INFO: HMMs passed 1st prefilter (gapless profile-profile alignment)  : 3281377

- 22:44:56.476 INFO: HMMs passed 2nd prefilter (gapped profile-profile alignment)   : 144051

- 22:44:56.476 INFO: HMMs passed 2nd prefilter and not found in previous iterations : 129600

- 22:44:56.476 INFO: Scoring 129600 HMMs using HMM-HMM Viterbi alignment

- 22:44:56.519 INFO: Alternative alignment: 0

- 22:51:27.476 INFO: 2000 alignments done

- 22:59:55.371 INFO: 4000 alignments done

- 23:08:55.098 INFO: 6000 alignments done

- 23:16:45.310 INFO: 8000 alignments done

- 23:23:11.302 INFO: 10000 alignments done

- 23:30:49.987 INFO: 12000 alignments done

- 23:39:02.912 INFO: 14000 alignments done

- 23:49:42.906 INFO: 16000 alignments done

- 00:00:46.890 INFO: 18000 alignments done

- 00:00:46.911 INFO: Stop after DB-HHM: 18000 because early stop  11.0128 < filter cutoff 20

- 00:00:46.911 INFO: Alternative alignment: 1

- 00:02:42.949 INFO: 4372 alignments done

- 00:02:42.955 INFO: Alternative alignment: 2

- 00:02:43.837 INFO: 418 alignments done

- 00:02:43.837 INFO: Alternative alignment: 3

- 00:02:44.031 INFO: 74 alignments done

- 00:02:44.200 INFO: Rescoring previously found HMMs with Viterbi algorithm

- 00:02:44.250 INFO: Alternative alignment: 0

- 00:10:01.266 INFO: 2000 alignments done

- 00:17:00.822 INFO: 4000 alignments done

- 00:23:26.539 INFO: 6000 alignments done

- 00:30:09.246 INFO: 8000 alignments done

- 00:36:56.448 INFO: 10000 alignments done

- 00:44:21.023 INFO: 12000 alignments done

- 00:51:52.716 INFO: 14000 alignments done

- 00:53:48.052 INFO: 14453 alignments done

- 00:53:48.056 INFO: Alternative alignment: 1

- 01:19:03.547 INFO: 14452 alignments done

- 01:19:03.637 INFO: Alternative alignment: 2

- 01:19:31.391 INFO: 1072 alignments done

- 01:19:31.393 INFO: Alternative alignment: 3

- 01:19:31.918 INFO: 201 alignments done

- 01:19:32.436 INFO: Premerge done

- 01:19:32.440 INFO: Realigning 15234 HMM-HMM alignments using Maximum Accuracy algorithm

- 01:28:00.599 INFO: 15369 sequences belonging to 15369 database HMMs found with an E-value < 0.001

- 01:28:00.599 INFO: Number of effective sequences of resulting query HMM: Neff = 11.4728

     Query         mc4r_human P32245
     Match_columns 332
     No_of_seqs    1560 out of 229204
     Neff          11.4728
     Searched_HMMs 156985
     Date          Fri Feb 24 01:28:00 2023
     Command       hhblits -i mc4r_human-1335/msas/A/chain_A.fasta -cpu 2 -maxmem 20 -oa3m /projects/ilfgrid/people/nqz918/code/deorph/scripts/af_arman/af_jobs_af23/mc4r_human/1335//mc4r_human-1335/msas/A/bfd_uniref_hits.a3m -o /dev/null -n 3 -e 0.001 -maxseq 1000000 -realign_max 100000 -maxfilt 100000 -min_prefilter_hits 1000 -d /projects/ilfgrid/data/alphafold-genetic-databases///bfd/bfd_metaclust_clu_complete_id30_c90_final_seq.sorted_opt -d /projects/ilfgrid/data/alphafold-genetic-databases///uniref30/UniRef30_2021_03 
     
      No Hit                             Prob E-value P-value  Score    SS Cols Query HMM  Template HMM
       1 UniRef100_A0A060VSP8 5-hydroxy 100.0 4.1E-49 4.1E-55  326.0   0.0  271   49-327    92-421 (479)
       2 UniRef100_A0A2B4S7K2 Histamine 100.0 5.9E-49 5.9E-55  321.2   0.0  270   43-321    31-327 (369)
       3 UniRef100_A0A1S3HKE5 allatosta 100.0 2.8E-48 2.9E-54  322.8   0.0  273   44-323    82-378 (462)
       4 UniRef100_A0A6P4Z4S7 G-protein 100.0 3.8E-48 3.8E-54  324.5   0.0  275   46-325    61-355 (417)
       5 UniRef100_A0A060VUW6 G_PROTEIN 100.0 9.3E-48 9.4E-54  331.6   0.0  271   46-324   119-442 (574)
       6 UniRef100_A0A024FLF0 PQRFa pep 100.0 3.2E-47 3.2E-53  317.3   0.0  269   46-321    51-346 (413)
       7 UniRef100_A0A2B4SKI0 Tachykini 100.0 3.5E-47 3.5E-53  323.4   0.0  276   45-322    92-391 (469)
       8 UniRef100_A0A060X5Z5 G_PROTEIN 100.0 3.7E-47 3.8E-53  318.6   0.0  262   51-321    90-384 (522)
       9 tr|A0A1A6H0R7|A0A1A6H0R7_NEOLE 100.0   4E-47 4.1E-53  291.4   0.0  328    2-329     3-331 (369)
      10 tr|G5C090|G5C090_HETGA Melanoc 100.0 9.6E-47 9.8E-53  295.4   0.0  293   39-331    31-324 (394)
      11 UniRef100_A0A0K0PUR1 Orphan G- 100.0   1E-46   1E-52  316.6   0.0  265   47-318   117-408 (530)
      12 UniRef100_A0A026WW28 Neuropept 100.0 1.3E-46 1.4E-52  316.5   0.0  269   47-322    91-381 (552)
      13 UniRef100_A0A2B4SVC4 Dopamine  100.0 1.3E-46 1.4E-52  303.6   0.0  264   50-320    61-329 (397)
      14 tr|A0A1I8M930|A0A1I8M930_MUSDO 100.0 1.6E-46 1.6E-52  327.6   0.0  264   49-319   193-576 (963)
      15 UniRef100_A0A2B4S7A4 Alpha-1A  100.0 1.7E-46 1.7E-52  303.3   0.0  262   49-318    44-306 (392)
      16 UniRef100_A0A369RW72 Octopamin 100.0   2E-46   2E-52  313.8   0.0  264   46-317    56-354 (412)
      17 UniRef100_A0A061A7W5 G_PROTEIN 100.0 2.2E-46 2.3E-52  310.5   0.0  269   47-322    64-359 (473)
      18 tr|A0A1V4J8L8|A0A1V4J8L8_PATFA 100.0 2.6E-46 2.7E-52  291.7   0.0  298   34-331    91-389 (390)
      19 UniRef100_A0A026WTK8 Tachykini 100.0   3E-46 3.1E-52  311.5   0.0  268   47-322    92-389 (556)
      20 UniRef100_A0A6P4Y4T1 galanin r 100.0 4.1E-46 4.1E-52  301.5   0.0  278   44-328    58-358 (410)
      21 tr|A0A0P7U387|A0A0P7U387_9TELE 100.0 4.4E-46 4.5E-52  303.7   0.0  266   46-323   130-417 (556)
      22 UniRef100_A0A026X3T6 Allatosta 100.0 4.7E-46 4.7E-52  310.2   0.0  269   46-324   141-428 (540)
      23 UniRef100_A0A141CIT8 G protein 100.0 6.4E-46 6.5E-52  305.9   0.0  269   47-322    89-377 (488)
      24 UniRef100_A0A3M6T6P4 G_PROTEIN 100.0 6.9E-46 6.9E-52  305.5   0.0  275   48-324    59-357 (465)
      25 UniRef100_A0A023F675 Putative  100.0 8.6E-46 8.6E-52  314.1   0.0  268   46-322   128-420 (530)
      26 UniRef100_A0A060X1Q6 Somatosta 100.0 8.5E-46 8.6E-52  313.3   0.0  264   46-321   141-424 (604)
      27 UniRef100_A0A059TX13 Melanocyt 100.0 9.8E-46   1E-51  304.7   0.0  284   41-324   135-419 (498)
      28 UniRef100_A0A6P4XD29 neuropept 100.0 1.3E-45 1.3E-51  296.8   0.0  277   47-330    44-351 (385)
      29 UniRef100_A0A210QEM7 Neuropept 100.0 1.4E-45 1.4E-51  297.5   0.0  276   48-332    54-357 (416)
      30 tr|A0A1L8G1N6|A0A1L8G1N6_XENLA 100.0 1.7E-45 1.8E-51  296.8   0.0  266   46-327   118-404 (448)
      31 tr|M3ZFE6|M3ZFE6_XIPMA Somatos 100.0 1.9E-45 1.9E-51  298.3   0.0  268   46-325   106-393 (525)
      32 UniRef100_A0A2B4SDF9 Neuropept 100.0 2.8E-45 2.8E-51  299.7   0.0  268   43-318    88-376 (455)
      33 UniRef100_A0A164MD49 Putative  100.0   3E-45   3E-51  300.4   0.0  275   43-322    48-396 (498)
      34 UniRef100_A0A0K0PUX7 Orphan G- 100.0 3.4E-45 3.4E-51  304.8   0.0  267   46-323    64-356 (471)
      35 UniRef100_A0A1N7TCF1 Galanin r 100.0 3.7E-45 3.7E-51  296.5   0.0  269   45-324    72-363 (407)
      36 UniRef100_A0A2B4RSM5 Neuropept 100.0 3.9E-45   4E-51  296.5   0.0  272   46-324    38-327 (417)
      37 UniRef100_A0A044T5H8 G_PROTEIN 100.0   4E-45   4E-51  308.7   0.0  278   47-329   248-576 (693)
      38 UniRef100_A0A2B4RGU4 5-hydroxy 100.0   4E-45   4E-51  310.5   0.0  273   46-323    67-372 (478)
      39 UniRef100_A0A1D2M4J2 Neuropept 100.0   4E-45 4.1E-51  301.2   0.0  267   47-320   129-422 (497)
      40 UniRef100_A0A154PKR3 Tachykini 100.0 4.1E-45 4.1E-51  301.2   0.0  267   46-320    78-373 (457)
      41 UniRef100_A0A3M6TAE6 G_PROTEIN 100.0 4.2E-45 4.2E-51  298.5   0.0  273   46-322    93-369 (443)
      42 UniRef100_A0A068YB14 Neuropept 100.0 4.3E-45 4.3E-51  304.8   0.0  274   46-326    56-357 (448)
      43 UniRef100_A0A1V9XU68 Tyramine/ 100.0 4.5E-45 4.5E-51  297.0   0.0  270   49-326    57-358 (408)
      44 UniRef100_A0A0C9QBK4 GHSR_0 pr 100.0   5E-45   5E-51  314.8   0.0  273   47-323   175-476 (591)
      45 UniRef100_A0A0K0PUL8 Allatosta 100.0 5.1E-45 5.1E-51  296.5   0.0  268   46-322    52-345 (396)
      46 tr|A0A2C9JWF9|A0A2C9JWF9_BIOGL 100.0 5.7E-45 5.8E-51  299.1   0.0  280   44-329    65-373 (403)
      47 UniRef100_A0A1D1V5S1 G_PROTEIN 100.0 6.8E-45 6.9E-51  295.3   0.0  275   45-327    57-365 (484)
      48 tr|E0D358|E0D358_HEMPU Dopamin 100.0 7.1E-45 7.2E-51  293.5   0.0  269   46-323    26-330 (435)
      49 UniRef100_A0A2G8KL37 Cholecyst 100.0 9.2E-45 9.4E-51  295.8   0.0  271   46-321   100-430 (493)
      50 UniRef100_A0A077YWL6 Somatosta 100.0   1E-44   1E-50  303.7   0.0  270   46-324    67-363 (446)
      51 UniRef100_A0A1S3KA35 Alpha-1B  100.0 1.1E-44 1.1E-50  302.8   0.0  273   46-325    91-423 (551)
      52 UniRef100_A0A087X575 NPY-Y2 re 100.0 1.1E-44 1.2E-50  293.1   0.0  268   47-321    76-371 (426)
      53 UniRef100_A0A026W5R0 Orexin re 100.0 1.2E-44 1.2E-50  304.3   0.0  267   48-322   121-427 (529)
      54 UniRef100_A0A060W5Z4 G_PROTEIN 100.0 1.4E-44 1.4E-50  303.2   0.0  263   45-323   191-476 (593)
      55 tr|A0A2B4SUH3|A0A2B4SUH3_STYPI 100.0 1.6E-44 1.6E-50  292.2   0.0  274   46-323    27-333 (385)
      56 UniRef100_A0A061INJ6 Pyrogluta 100.0 1.8E-44 1.8E-50  308.8   0.0  269   47-320   155-457 (594)
      57 UniRef100_A0A0K0PUI9 Orphan G- 100.0 1.9E-44 1.9E-50  305.7   0.0  271   46-323   103-409 (534)
      58 UniRef100_A0A139WB32 Tachykini 100.0 2.3E-44 2.3E-50  291.5   0.0  271   46-324    45-345 (405)
      59 UniRef100_A0A2G8JR46 Putative  100.0 2.5E-44 2.5E-50  298.9   0.0  268   47-321    65-356 (411)
      60 UniRef100_A0A0K0PUT9 Excitator 100.0 2.6E-44 2.7E-50  300.7   0.0  273   46-324   105-404 (474)
      61 UniRef100_A0A3M6TPP0 G_PROTEIN 100.0 2.8E-44 2.8E-50  296.5   0.0  271   47-321    53-354 (424)
      62 UniRef100_A0A068WW83 Allatosta 100.0 3.2E-44 3.2E-50  299.9   0.0  263   46-315    68-347 (432)
      63 UniRef100_A0A177B9B5 Rhodopsin 100.0 3.2E-44 3.3E-50  291.3   0.0  272   48-327    94-408 (464)
      64 UniRef100_A0A0K0PUH1 Orphan G- 100.0 3.8E-44 3.9E-50  284.3   0.0  268   47-321    55-348 (413)
      65 UniRef100_A0A1D1W534 G_PROTEIN 100.0   4E-44   4E-50  303.2   0.0  273   46-323    80-435 (492)
      66 UniRef100_A0A060X690 G_PROTEIN 100.0 4.5E-44 4.6E-50  285.5   0.0  266   47-323    49-337 (386)
      67 UniRef100_A0A026WK40 Cholecyst 100.0   5E-44 5.1E-50  307.8   0.0  276   46-326   156-548 (656)
      68 UniRef100_A0A7M7HFU8 G_PROTEIN 100.0 5.5E-44 5.5E-50  297.4   0.0  271   45-321    65-364 (423)
      69 tr|A7SD89|A7SD89_NEMVE Predict 100.0 5.5E-44 5.6E-50  276.4   0.0  271   47-326    40-335 (355)
      70 UniRef100_A0A1L8GQY3 Alpha-1B  100.0 6.1E-44 6.2E-50  292.1   0.0  270   48-325    50-372 (510)
      71 UniRef100_A0A087UNN0 Neuropept 100.0 6.4E-44 6.5E-50  290.8   0.0  263   49-317    98-387 (470)
      72 UniRef100_A0A2B4S0J6 Somatosta 100.0 7.8E-44 7.8E-50  302.5   0.0  270   45-318    84-376 (457)
      73 UniRef100_A0A0K0PUV0 FVRIamide 100.0 8.2E-44 8.3E-50  293.8   0.0  264   45-317    53-374 (458)
      74 UniRef100_A0A2G8L6L1 Putative  100.0 8.4E-44 8.6E-50  286.6   0.0  267   45-324    36-327 (407)
      75 UniRef100_A0A060WEJ5 G_PROTEIN 100.0 8.8E-44   9E-50  298.8   0.0  265   50-322   119-457 (544)
      76 UniRef100_A0A1S3J712 QRFP-like 100.0 9.3E-44 9.4E-50  297.0   0.0  265   48-319    71-369 (507)
      77 UniRef100_A0A060XP11 G_PROTEIN 100.0 9.5E-44 9.7E-50  294.8   0.0  266   49-321    95-392 (497)
      78 UniRef100_A0A091EBV8 Type-1 an 100.0 1.1E-43 1.2E-49  305.2   0.0  257   48-323   351-632 (715)
      79 tr|A0A0F8ARD3|A0A0F8ARD3_LARCR 100.0 1.1E-43 1.2E-49  284.9   0.0  263   45-321    54-338 (464)
      80 UniRef100_A0A1I8HKX2 G_PROTEIN 100.0 1.4E-43 1.4E-49  290.0   0.0  271   46-324    42-414 (442)
      81 UniRef100_A0A0B4LHT6 RYamide r 100.0 1.4E-43 1.4E-49  294.8   0.0  266   49-320   119-410 (524)
      82 UniRef100_A0A0L8I0T4 G_PROTEIN 100.0 1.4E-43 1.5E-49  293.5   0.0  270   47-321   136-496 (554)
      83 UniRef100_A0A1V4KIE8 Beta-1 ad 100.0 1.5E-43 1.5E-49  308.8   0.0  261   53-323    38-351 (512)
      84 UniRef100_A0A068WVN8 Biogenic  100.0 1.5E-43 1.5E-49  302.7   0.0  275   48-327   124-513 (641)
      85 UniRef100_A0A087RJN6 Somatosta 100.0 1.6E-43 1.6E-49  294.4   0.0  260   46-320    62-342 (391)
      86 UniRef100_UPI000B911B64 melato 100.0 1.6E-43 1.6E-49  290.6   0.0  265   48-323    32-346 (381)
      87 tr|A0A1I8PIJ9|A0A1I8PIJ9_STOCA 100.0 1.6E-43 1.6E-49  297.9   0.0  269   48-324   173-470 (680)
      88 tr|V8PD93|V8PD93_OPHHA Type-2  100.0 1.8E-43 1.8E-49  292.2   0.0  263   45-321    76-368 (412)
      89 UniRef100_A0A3M6TDR7 G_PROTEIN 100.0 1.9E-43 1.9E-49  294.5   0.0  264   49-319    79-351 (425)
      90 UniRef100_A0A2B4SKX3 Cholecyst 100.0 1.9E-43 1.9E-49  286.4   0.0  274   46-326    73-417 (428)
      91 UniRef100_A0A060WWU7 G_PROTEIN 100.0 1.9E-43 1.9E-49  289.8   0.0  270   47-323    71-384 (545)
      92 tr|C3XSP5|C3XSP5_BRAFL Unchara 100.0 1.9E-43   2E-49  278.3   0.0  283   43-331    26-336 (403)
      93 UniRef100_A0A2B4R9G2 Melatonin 100.0 2.3E-43 2.3E-49  300.1   0.0  271   45-323    81-368 (461)
      94 UniRef100_A0A7M7SYV2 G_PROTEIN 100.0 2.4E-43 2.4E-49  294.9   0.0  264   49-320    72-397 (630)
      95 UniRef100_A0A060VVF8 G_PROTEIN 100.0 2.4E-43 2.4E-49  297.7   0.0  264   45-321   140-433 (511)
      96 UniRef100_A0A2B4S4U3 Beta-2 ad 100.0 3.1E-43 3.2E-49  279.1   0.0  274   43-323    27-323 (372)
      97 UniRef100_A0A023FH63 Putative  100.0 3.2E-43 3.2E-49  294.3   0.0  265   48-321   129-440 (563)
      98 UniRef100_A0A2B4RPR9 Allatosta 100.0 3.2E-43 3.2E-49  292.9   0.0  269   46-318    49-341 (446)
      99 tr|A0A1A8LLP2|A0A1A8LLP2_9TELE 100.0 3.3E-43 3.3E-49  282.8   0.0  266   48-323    97-399 (455)
     100 UniRef100_A0A060XC03 Beta-2 ad 100.0 3.4E-43 3.5E-49  288.5   0.0  271   45-324   103-416 (548)
     101 UniRef100_A0A087XDT1 Somatosta 100.0 3.8E-43 3.9E-49  292.1   0.0  267   47-325   171-457 (676)
     102 UniRef100_A0A026WK16 Tachykini 100.0 4.1E-43 4.2E-49  293.7   0.0  273   42-322   180-482 (641)
     103 UniRef100_A0A077Z2H9 Putative  100.0 4.2E-43 4.3E-49  291.8   0.0  278   42-324    69-400 (477)
     104 UniRef100_A0A087XFV2 5-hydroxy 100.0   6E-43 6.1E-49  286.1   0.0  273   48-329    87-404 (493)
     105 UniRef100_A0A2H8TNJ5 Neuropept 100.0 6.3E-43 6.5E-49  287.8   0.0  263   49-318   160-450 (528)
     106 UniRef100_A0A4W3JKC0 Melanocor 100.0 6.5E-43 6.7E-49  276.4   0.0  288   35-322    26-314 (450)
     107 UniRef100_A0A0L7KZ56 Neuropept 100.0 6.7E-43 6.8E-49  287.7   0.0  264   49-319    91-383 (509)
     108 tr|S9YJE2|S9YJE2_CAMFR Somatos 100.0 6.7E-43 6.8E-49  277.9   0.0  266   46-323   114-402 (438)
     109 UniRef100_A0A023F668 Putative  100.0 6.7E-43 6.8E-49  283.7   0.0  268   48-322    89-378 (484)
     110 tr|A0A1W4ZX05|A0A1W4ZX05_9TELE 100.0 7.1E-43 7.2E-49  287.1   0.0  268   49-322    74-386 (480)
     111 UniRef100_A0A3M6TV84 G_PROTEIN 100.0 7.6E-43 7.6E-49  283.8   0.0  261   54-322    55-338 (405)
     112 UniRef100_A0A091DWF1 Somatosta 100.0 7.6E-43 7.7E-49  284.0   0.0  266   44-323   155-442 (523)
     113 UniRef100_A0A2B4SE17 Substance 100.0 8.1E-43 8.1E-49  295.4   0.0  273   46-320    66-364 (467)
     114 UniRef100_A0A060WMC3 Alpha-1D  100.0 9.8E-43   1E-48  286.0   0.0  268   51-326   117-437 (564)
     115 UniRef100_A0A2B4SVS8 Neuropept 100.0   1E-42   1E-48  291.8   0.0  275   48-326    92-387 (480)
     116 UniRef100_A0A0L8H201 G_PROTEIN 100.0 1.4E-42 1.4E-48  278.3   0.0  279   43-326    84-387 (461)
     117 UniRef100_A0A0S1YDA0 Neuropept 100.0 1.4E-42 1.4E-48  288.1   0.0  271   46-324    96-395 (509)
     118 tr|A0A0P7V5N2|A0A0P7V5N2_9TELE 100.0 1.4E-42 1.5E-48  281.6   0.0  264   51-324    97-404 (468)
     119 UniRef100_A0A678XEL8 Trace ami 100.0 1.4E-42 1.5E-48  287.4   0.0  271   48-327    59-362 (523)
     120 tr|A0A2B4S1Z5|A0A2B4S1Z5_STYPI 100.0 1.6E-42 1.6E-48  285.5   0.0  273   46-324    27-301 (514)
     121 tr|A0A2B4RXA7|A0A2B4RXA7_STYPI 100.0 1.6E-42 1.6E-48  277.1   0.0  252   57-324    16-276 (328)
     122 UniRef100_A0A026WCQ7 Tyramine  100.0 1.6E-42 1.6E-48  300.6   0.0  276   46-328   185-594 (665)
     123 UniRef100_A0A2B4RHY9 Pyrogluta 100.0 1.7E-42 1.7E-48  294.4   0.0  270   47-323    84-373 (455)
     124 UniRef100_A0A401NJB3 G_PROTEIN 100.0 1.7E-42 1.8E-48  283.8   0.0  265   49-323    46-361 (517)
     125 tr|W4YJK4|W4YJK4_STRPU Unchara 100.0 1.9E-42   2E-48  283.6   0.0  273   47-327    72-375 (446)
     126 UniRef100_A0A060X1U9 G_PROTEIN 100.0 1.9E-42   2E-48  289.5   0.0  267   48-322   142-458 (633)
     127 UniRef100_A0A3M6U5X4 G_PROTEIN 100.0   2E-42   2E-48  272.3   0.0  262   45-319    39-318 (339)
     128 UniRef100_A0A034WDF0 Allatosta 100.0 2.1E-42 2.1E-48  286.5   0.0  268   47-324    98-388 (459)
     129 UniRef100_A0A060VP48 G_PROTEIN 100.0 2.4E-42 2.4E-48  297.3   0.0  263   48-318   158-447 (580)
     130 UniRef100_A0A1D1VDY3 G_PROTEIN 100.0 2.4E-42 2.5E-48  287.3   0.0  271   47-323   136-448 (557)
     131 UniRef100_A0A2G8KMT5 G_PROTEIN 100.0 2.6E-42 2.7E-48  279.3   0.0  261   47-318    39-324 (402)
     132 UniRef100_A0A087YQK7 Adrenocep 100.0 2.7E-42 2.7E-48  287.0   0.0  267   49-325   134-455 (617)
     133 UniRef100_A0A026W4F0 Octopamin 100.0 2.9E-42 2.9E-48  276.6   0.0  267   49-322    60-393 (445)
     134 UniRef100_A0A3M6UKX8 G_PROTEIN 100.0 3.1E-42 3.1E-48  289.6   0.0  275   45-321   119-420 (487)
     135 UniRef100_A0A3B4VB96 Beta-2 ad 100.0 3.2E-42 3.2E-48  279.4   0.0  262   49-320    57-360 (464)
     136 tr|A0A2B4SID7|A0A2B4SID7_STYPI 100.0 3.4E-42 3.5E-48  286.3   0.0  269   46-322    33-328 (422)
     137 UniRef100_A0A3M6UAU0 G_PROTEIN 100.0 3.5E-42 3.5E-48  285.9   0.0  269   45-320    36-328 (552)
     138 tr|A0A091DWF1|A0A091DWF1_FUKDA 100.0 3.5E-42 3.5E-48  273.8   0.0  264   46-323   158-443 (483)
     139 UniRef100_A0A7M7HKI1 G_PROTEIN 100.0 3.5E-42 3.6E-48  282.6   0.0  268   49-319    44-333 (418)
     140 UniRef100_A0A6J8CLU9 HCRTR2 n= 100.0 3.6E-42 3.7E-48  277.0   0.0  270   48-324    56-361 (422)
     141 UniRef100_A0A2B4RFH8 Neuropept 100.0 4.1E-42 4.1E-48  291.5   0.0  275   47-323    67-368 (439)
     142 tr|A0A182G4E1|A0A182G4E1_AEDAL 100.0 4.1E-42 4.1E-48  285.2   0.0  271   47-324    70-373 (534)
     143 UniRef100_A0A210QHM7 G-protein 100.0 4.2E-42 4.3E-48  284.2   0.0  275   46-327    81-381 (492)
     144 UniRef100_A0A087YRI1 G_PROTEIN 100.0 4.7E-42 4.7E-48  281.5   0.0  264   50-322    86-373 (438)
     145 UniRef100_A0A1S3IX78 RYamide r 100.0 4.8E-42 4.9E-48  278.0   0.0  266   47-318    56-345 (444)
     146 UniRef100_A0A0L8GIM4 G_PROTEIN 100.0 5.5E-42 5.5E-48  290.3   0.0  264   47-317    99-391 (481)
     147 tr|A0A0N8JZL4|A0A0N8JZL4_9TELE 100.0 5.5E-42 5.6E-48  279.6   0.0  269   47-322   107-413 (482)
     148 tr|A0A2B4S6X2|A0A2B4S6X2_STYPI 100.0 5.8E-42 5.9E-48  271.5   0.0  270   47-323    26-325 (379)
     149 UniRef100_A0A016T103 G_PROTEIN 100.0 5.9E-42   6E-48  291.4   0.0  265   53-325   119-479 (605)
     150 tr|A0A147AMP5|A0A147AMP5_FUNHE 100.0 6.3E-42 6.3E-48  291.8   0.0  266   49-323    36-429 (475)
     151 UniRef100_A0A087UP46 5-hydroxy 100.0 6.4E-42 6.5E-48  278.9   0.0  266   49-322    50-401 (472)
     152 UniRef100_A0A3M6THF9 G_PROTEIN 100.0 6.9E-42   7E-48  283.8   0.0  271   44-318    60-335 (483)
     153 UniRef100_A0A2B4RZ41 Adenosine 100.0 7.3E-42 7.3E-48  279.0   0.0  260   45-318    49-309 (381)
     154 tr|A7S585|A7S585_NEMVE Predict 100.0 7.5E-42 7.6E-48  275.6   0.0  275   45-322    25-326 (374)
     155 UniRef100_A0A1S3H6K0 neuropept 100.0 7.7E-42 7.7E-48  287.8   0.0  264   46-316    58-351 (470)
     156 UniRef100_A0A146M155 Neuropept 100.0 7.9E-42   8E-48  280.9   0.0  268   48-319    57-360 (488)
     157 UniRef100_A0A0N1PGA0 Octopamin 100.0 8.3E-42 8.4E-48  284.5   0.0  268   47-321   110-492 (547)
     158 UniRef100_A0A060W9T7 G_PROTEIN 100.0 8.6E-42 8.8E-48  279.8   0.0  269   44-322   185-473 (616)
     159 UniRef100_A0A091R746 Beta-1 ad 100.0   9E-42 9.2E-48  281.7   0.0  265   48-322   138-453 (572)
     160 UniRef100_A0A0P0YUU8 Cannabino 100.0 9.2E-42 9.3E-48  280.3   0.0  275   47-326    85-422 (496)
     161 tr|A0A2B4SKI0|A0A2B4SKI0_STYPI 100.0 9.3E-42 9.4E-48  282.1   0.0  272   46-323    99-403 (458)
     162 tr|A0A1V4J9T1|A0A1V4J9T1_PATFA 100.0 9.5E-42 9.8E-48  269.9   0.0  273   45-327    69-361 (461)
     163 UniRef100_A0A3M6UBA2 G_PROTEIN 100.0 9.9E-42   1E-47  276.6   0.0  267   47-322    52-341 (383)
     164 UniRef100_A0A2B4RHL7 Galanin r 100.0 9.9E-42   1E-47  270.5   0.0  264   45-324    33-313 (406)
     165 UniRef100_A0A060X360 G_PROTEIN 100.0   1E-41   1E-47  278.1   0.0  270   43-324    98-391 (477)
     166 UniRef100_A0A2B4SC76 Substance 100.0   1E-41   1E-47  285.5   0.0  271   46-320    56-351 (461)
     167 UniRef100_A0A3M6TNW8 G_PROTEIN 100.0 1.2E-41 1.2E-47  277.5   0.0  270   48-322    98-393 (453)
     168 UniRef100_A0A060VRN9 G_PROTEIN 100.0 1.2E-41 1.2E-47  280.4   0.0  260   51-319   142-428 (496)
     169 UniRef100_A0A068AZY5 Octopamin 100.0 1.2E-41 1.3E-47  303.2   0.0  168   48-220   177-360 (723)
     170 tr|L7LZ94|L7LZ94_9ACAR Putativ 100.0 1.3E-41 1.3E-47  271.8   0.0  269   48-324   106-395 (438)
     171 tr|A7RYQ3|A7RYQ3_NEMVE Predict 100.0 1.3E-41 1.4E-47  278.0   0.0  273   43-323    50-337 (367)
     172 tr|A0A0P4XBU7|A0A0P4XBU7_9CRUS 100.0 1.3E-41 1.4E-47  286.4   0.0  264   49-319    65-413 (557)
     173 tr|C3XVS5|C3XVS5_BRAFL Unchara 100.0 1.4E-41 1.4E-47  272.2   0.0  276   45-327    68-369 (425)
     174 tr|A0A218UB83|A0A218UB83_9PASE 100.0 1.4E-41 1.4E-47  283.6   0.0  271   48-326   197-517 (631)
     175 UniRef100_B3RM94 G_PROTEIN_REC 100.0 1.4E-41 1.4E-47  264.9   0.0  268   45-324    37-321 (327)
     176 UniRef100_A0A087XT11 Alpha-1B  100.0 1.4E-41 1.4E-47  279.8   0.0  269   49-325    84-408 (622)
     177 tr|A0A0L0BYA7|A0A0L0BYA7_LUCCU 100.0 1.4E-41 1.5E-47  281.3   0.0  266   49-322   315-627 (678)
     178 tr|A0A1D1UXI1|A0A1D1UXI1_RAMVA 100.0 1.5E-41 1.5E-47  276.6   0.0  270   47-325    84-379 (499)
     179 UniRef100_A0A6P8HX63 probable  100.0 1.5E-41 1.5E-47  280.4   0.0  266   50-325    63-364 (407)
     180 UniRef100_A0A6P4YBA8 delta-typ 100.0 1.5E-41 1.5E-47  274.8   0.0  264   48-325    54-343 (406)
     181 UniRef100_A0A060VWI9 G_PROTEIN 100.0 1.7E-41 1.7E-47  281.4   0.0  265   49-323    65-396 (579)
     182 tr|A0A147AZW9|A0A147AZW9_FUNHE 100.0 1.7E-41 1.7E-47  287.5   0.0  265   46-318    87-430 (468)
     183 UniRef100_A0A3M6TKW1 G_PROTEIN 100.0 1.8E-41 1.8E-47  278.0   0.0  269   46-321    42-321 (389)
     184 UniRef100_A0A2G8JGQ1 Putative  100.0 1.8E-41 1.8E-47  281.3   0.0  279   43-325    56-374 (455)
     185 UniRef100_A0A7M7G1H5 G_PROTEIN 100.0 1.9E-41 1.9E-47  280.8   0.0  273   47-324    40-336 (381)
     186 tr|G3S2I3|G3S2I3_GORGO Opioid  100.0   2E-41 2.1E-47  273.4   0.0  272   47-330   165-458 (492)
     187 UniRef100_A0A0K0PUH0 Orphan G- 100.0 2.3E-41 2.3E-47  289.7   0.0  263   48-316   140-468 (583)
     188 tr|A0A146NY53|A0A146NY53_FUNHE 100.0 2.3E-41 2.3E-47  277.0   0.0  259   52-319    14-315 (469)
     189 UniRef100_A0A3M6T5D0 G_PROTEIN 100.0 2.3E-41 2.3E-47  276.9   0.0  270   46-326    54-328 (402)
     190 UniRef100_A0A2S1WLX6 Putative  100.0 2.7E-41 2.7E-47  272.0   0.0  271   49-323    51-460 (475)
     191 tr|A0A1D5PF84|A0A1D5PF84_CHICK 100.0 2.9E-41 2.9E-47  259.7   0.0  288   38-326    33-321 (357)
     192 UniRef100_A0A096NAQ2 Cholecyst 100.0   3E-41 3.1E-47  281.8   0.0  272   46-322   152-502 (617)
     193 tr|A0A1S3IXU4|A0A1S3IXU4_LINUN 100.0 3.2E-41 3.2E-47  271.0   0.0  273   46-324    59-348 (440)
     194 UniRef100_A0A060WAG3 G_PROTEIN 100.0 3.3E-41 3.3E-47  278.9   0.0  269   50-325   128-503 (550)
     195 UniRef100_A0A210QSD7 Octopamin 100.0 3.4E-41 3.4E-47  278.6   0.0  270   48-326    61-421 (423)
     196 tr|A0A0P5PA10|A0A0P5PA10_9CRUS 100.0 3.5E-41 3.6E-47  281.0   0.0  263   47-317   149-441 (705)
     197 tr|A0A146TP77|A0A146TP77_FUNHE 100.0 3.6E-41 3.6E-47  287.5   0.0  267   52-325    54-427 (522)
     198 tr|A0A146TL67|A0A146TL67_FUNHE 100.0 3.7E-41 3.7E-47  287.5   0.0  266   47-324    29-407 (442)
     199 tr|H2Q292|H2Q292_PANTR Unchara 100.0 3.8E-41 3.9E-47  271.1   0.0  278   47-329    84-411 (492)
     200 tr|A0A287CUD4|A0A287CUD4_ICTTR 100.0 3.9E-41   4E-47  270.2   0.0  273   49-330    23-316 (478)
     201 UniRef100_A0A151N382 Galanin r 100.0 4.5E-41 4.6E-47  261.0   0.0  271   45-325    31-320 (392)
     202 tr|A0A2B4SNZ1|A0A2B4SNZ1_STYPI 100.0 4.6E-41 4.6E-47  275.4   0.0  266   49-323    36-321 (351)
     203 UniRef100_A0A3M6TEA9 G_PROTEIN 100.0 4.7E-41 4.8E-47  277.1   0.0  270   47-320    50-342 (414)
     204 tr|A0A1L7H7D8|A0A1L7H7D8_SACKO 100.0 4.7E-41 4.8E-47  264.7   0.0  267   49-326    76-369 (424)
     205 UniRef100_A0A2B4SQU8 Orexin re 100.0 4.8E-41 4.9E-47  264.7   0.0  277   46-326    38-351 (370)
     206 UniRef100_A0A0K0PUK6 Orphan G- 100.0 4.9E-41   5E-47  269.9   0.0  272   47-325    69-377 (448)
     207 UniRef100_A0A6P8IFK2 neuromedi 100.0 5.3E-41 5.3E-47  267.6   0.0  276   44-323    25-323 (363)
     208 UniRef100_A0A0K0PUK8 FMRFamide 100.0 5.3E-41 5.4E-47  283.2   0.0  275   45-326    59-358 (471)
     209 tr|A0A2B4SAJ4|A0A2B4SAJ4_STYPI 100.0 5.9E-41 5.9E-47  274.2   0.0  265   48-317    32-329 (434)
     210 UniRef100_A0A3M6UKK8 G_PROTEIN 100.0 6.2E-41 6.2E-47  276.6   0.0  305    4-319     4-333 (406)
     211 tr|A0A0L8FIS6|A0A0L8FIS6_OCTBM 100.0 6.2E-41 6.3E-47  273.3   0.0  270   49-324    95-423 (485)
     212 UniRef100_A0A067R4E0 Tachykini 100.0 6.2E-41 6.3E-47  270.2   0.0  304    8-318     5-341 (396)
     213 UniRef100_A0A023F4J9 Putative  100.0 6.3E-41 6.4E-47  281.6   0.0  265   48-319   160-490 (588)
     214 tr|A0A1S3FWK5|A0A1S3FWK5_DIPOR 100.0 6.3E-41 6.5E-47  278.8   0.0  267   49-324   421-732 (786)
     215 UniRef100_A0A210QT45 G-protein 100.0 6.4E-41 6.5E-47  271.6   0.0  278   45-328    59-364 (472)
     216 UniRef100_A0A3M6TSJ5 G_PROTEIN 100.0 6.6E-41 6.7E-47  264.7   0.0  265   44-324    68-336 (409)
     217 tr|A0A226N2C0|A0A226N2C0_CALSU 100.0 6.7E-41 6.8E-47  272.5   0.0  266   50-323   230-522 (569)
     218 UniRef100_A0A0L8I310 G_PROTEIN 100.0 6.9E-41   7E-47  279.3   0.0  265   48-317    49-364 (468)
     219 UniRef100_A0A2B4SJE7 Orexin re 100.0 7.3E-41 7.4E-47  278.7   0.0  268   47-319   137-429 (517)
     220 UniRef100_A0A060VTR1 G_PROTEIN 100.0 7.4E-41 7.6E-47  278.8   0.0  270   47-324   122-443 (619)
     221 tr|A0A232F0R3|A0A232F0R3_9HYME 100.0 7.7E-41 7.8E-47  268.0   0.0  264   47-323   106-425 (458)
     222 UniRef100_A0A2B4RA56 D(5)-like 100.0 7.8E-41 7.9E-47  279.2   0.0  263   48-317    83-354 (431)
     223 tr|A0A146U732|A0A146U732_FUNHE 100.0 7.9E-41 7.9E-47  293.2   0.0  269   45-318   192-544 (590)
     224 tr|A0A060XRS0|A0A060XRS0_ONCMY 100.0 7.7E-41 7.9E-47  285.4   0.0  270   48-325    59-379 (900)
     225 UniRef100_A0A2G8KTA9 Putative  100.0   8E-41 8.1E-47  279.6   0.0  273   42-320    46-343 (445)
     226 UniRef100_A0A016SJ65 Thyrolibe 100.0   8E-41 8.1E-47  279.4   0.0  270   47-323    86-398 (479)
     227 UniRef100_A0A0L8H5P3 G_PROTEIN 100.0   8E-41 8.2E-47  275.1   0.0  263   46-318    76-369 (496)
     228 UniRef100_A0A061QHX0 Putative  100.0 8.5E-41 8.6E-47  282.4   0.0  265   50-323   138-509 (563)
     229 UniRef100_A0A084VX67 AGAP00044 100.0 8.7E-41 8.8E-47  271.2   0.0  258   52-319    77-384 (444)
     230 UniRef100_A0A023F452 Putative  100.0 9.1E-41 9.3E-47  282.5   0.0  268   49-323   144-540 (660)
     231 tr|A0A1S3L0J1|A0A1S3L0J1_SALSA 100.0 9.2E-41 9.3E-47  273.3   0.0  270   48-325    79-409 (533)
     232 UniRef100_A0A084VLD5 AGAP00422 100.0   1E-40   1E-46  278.8   0.0  265   49-322   248-596 (695)
     233 tr|K7GCC3|K7GCC3_PELSI Adrenoc 100.0 1.1E-40 1.1E-46  268.9   0.0  264   50-323    47-365 (488)
     234 tr|A0A1D2NMB6|A0A1D2NMB6_ORCCI 100.0 1.1E-40 1.1E-46  273.7   0.0  270   46-323   153-452 (520)
     235 tr|W4Z2N2|W4Z2N2_STRPU Unchara 100.0 1.1E-40 1.2E-46  263.0   0.0  273   45-322    57-353 (406)
     236 tr|A0A1D2MSE1|A0A1D2MSE1_ORCCI 100.0 1.2E-40 1.2E-46  282.8   0.0  268   47-321   113-406 (615)
     237 UniRef100_A0A068WKU9 Neuropept 100.0 1.2E-40 1.2E-46  272.4   0.0  264   49-319    77-365 (451)
     238 UniRef100_A0A0K0PUH3 Allatotro 100.0 1.2E-40 1.2E-46  268.5   0.0  268   47-322    71-374 (424)
     239 UniRef100_A0A061IAU9 Gastric r 100.0 1.2E-40 1.2E-46  275.3   0.0  267   50-324   120-409 (588)
     240 UniRef100_A0A0N7ZAP9 G_PROTEIN 100.0 1.2E-40 1.2E-46  272.9   0.0  268   49-325    81-370 (421)
     241 tr|A0A2B4RXD1|A0A2B4RXD1_STYPI 100.0 1.3E-40 1.3E-46  267.4   0.0  269   46-322    95-382 (416)
     242 UniRef100_A0A3M6UME8 G_PROTEIN 100.0 1.3E-40 1.4E-46  269.5   0.0  266   44-322    39-326 (383)
     243 UniRef100_A0A226DFM2 Neuropept 100.0 1.4E-40 1.4E-46  274.2   0.0  262   49-319   110-401 (523)
     244 UniRef100_A0A3M6UXY6 G_PROTEIN 100.0 1.5E-40 1.5E-46  268.3   0.0  271   46-326    42-316 (349)
     245 UniRef100_A0A0K0PUX3 Orphan G- 100.0 1.5E-40 1.6E-46  277.7   0.0  259   50-317    66-346 (419)
     246 tr|A0A061IHH7|A0A061IHH7_CRIGR 100.0 1.6E-40 1.6E-46  293.6   0.0  267   50-325   626-923 (934)
     247 UniRef100_A0A067RG65 Neuropept 100.0 1.6E-40 1.6E-46  273.3   0.0  272   48-323    91-396 (509)
     248 UniRef100_A0A0P5DAK4 Orexin re 100.0 1.6E-40 1.6E-46  273.1   0.0  262   52-321   114-430 (505)
     249 UniRef100_A0A2G8K507 Putative  100.0 1.7E-40 1.7E-46  279.3   0.0  269   47-321    42-333 (384)
     250 UniRef100_A0A0N0PEL7 Tachykini 100.0 1.7E-40 1.7E-46  269.9   0.0  266   49-322    60-355 (454)
     251 tr|A7SX62|A7SX62_NEMVE Predict 100.0 1.7E-40 1.7E-46  257.3   0.0  267   54-325    28-304 (335)
     252 UniRef100_A7RGN9 Predicted pro 100.0 1.7E-40 1.7E-46  260.0   0.0  266   46-320    32-313 (317)
     253 UniRef100_A0A087T336 Somatosta 100.0 1.7E-40 1.7E-46  270.3   0.0  267   46-323    79-369 (454)
     254 UniRef100_A0A061IN14 NK-3 rece 100.0 1.8E-40 1.8E-46  280.9   0.0  269   46-323   235-525 (662)
     255 tr|T1KPP2|T1KPP2_TETUR Unchara 100.0 2.1E-40 2.1E-46  270.9   0.0  264   48-323   155-438 (477)
     256 UniRef100_A0A084WIC4 Short neu 100.0 2.1E-40 2.1E-46  274.3   0.0  271   48-325    96-390 (551)
     257 UniRef100_A0A0L8H8I0 G_PROTEIN 100.0 2.2E-40 2.3E-46  280.4   0.0  266   49-323    77-365 (466)
     258 tr|A0A0P7TYE1|A0A0P7TYE1_9TELE 100.0 2.3E-40 2.4E-46  270.1   0.0  273   46-323   125-475 (507)
     259 UniRef100_A0A026WIP6 Cholecyst 100.0 2.4E-40 2.4E-46  284.1   0.0  274   47-325   173-533 (636)
     260 tr|A0A0P7U0M1|A0A0P7U0M1_9TELE 100.0 2.4E-40 2.5E-46  263.1   0.0  273   44-322   101-412 (440)
     261 UniRef100_A0A084WFJ7 AGAP00011 100.0 2.5E-40 2.5E-46  274.9   0.0  261   49-319    92-378 (519)
     262 tr|W4Z3I5|W4Z3I5_STRPU Unchara 100.0 2.4E-40 2.5E-46  266.5   0.0  274   40-321    44-393 (461)
     263 UniRef100_A0A060Y7B7 G_PROTEIN 100.0 2.5E-40 2.5E-46  276.6   0.0  270   48-324   119-552 (560)
     264 tr|W8B9D1|W8B9D1_CERCA 5-hydro 100.0 2.6E-40 2.7E-46  273.4   0.0  269   49-323   267-628 (664)
     265 UniRef100_A0A026WC04 Dopamine  100.0 2.7E-40 2.7E-46  265.6   0.0  266   49-323    82-399 (468)
     266 UniRef100_A0A6P8H0A4 5-hydroxy 100.0   3E-40   3E-46  260.9   0.0  270   49-322    42-333 (346)
     267 UniRef100_A0A2B4SJV4 Galanin r 100.0 3.2E-40 3.2E-46  278.4   0.0  270   46-320    76-365 (444)
     268 UniRef100_A0A3M6T8F5 G_PROTEIN 100.0 3.2E-40 3.3E-46  283.8   0.0  270   46-323   103-397 (523)
     269 tr|A0A1U7TSJ4|A0A1U7TSJ4_TARSY 100.0 3.3E-40 3.3E-46  270.9   0.0  266   49-321   217-518 (600)
     270 UniRef100_A0A060WGM3 G_PROTEIN 100.0 3.4E-40 3.4E-46  282.7   0.0  260   52-320   152-440 (537)
     271 UniRef100_A0A060X6T3 G_PROTEIN 100.0 3.5E-40 3.6E-46  271.5   0.0  270   48-325    93-417 (550)
     272 UniRef100_A0A1I8FSG9 G_PROTEIN 100.0 3.6E-40 3.7E-46  271.3   0.0  267   46-318   162-502 (576)
     273 tr|A0A1A9ZAD8|A0A1A9ZAD8_GLOPL 100.0 3.7E-40 3.7E-46  269.4   0.0  272   41-320   119-420 (574)
     274 UniRef100_A0A087QH91 Melanopsi 100.0 3.7E-40 3.8E-46  278.3   0.0  269   45-321   104-399 (629)
     275 UniRef100_A0A061QLL1 Putative  100.0   4E-40   4E-46  268.3   0.0  267   48-322    49-422 (424)
     276 UniRef100_A0A059T4D1 Melanocor 100.0   4E-40 4.1E-46  250.3   0.0  284   37-320    31-315 (316)
     277 UniRef100_A0A2B4SEF2 Beta-1 ad 100.0 4.1E-40 4.2E-46  267.3   0.0  266   46-321    73-344 (424)
     278 UniRef100_A0A6A7G2U4 Octopamin 100.0 4.1E-40 4.2E-46  270.5   0.0  269   46-320   172-510 (574)
     279 tr|A7SIX0|A7SIX0_NEMVE Predict 100.0 4.3E-40 4.4E-46  263.1   0.0  274   49-326    29-323 (403)
     280 UniRef100_A0A0K0PUG3 Thyrolibe 100.0 4.4E-40 4.5E-46  276.0   0.0  270   46-322   216-522 (606)
     281 tr|A0A1I8N820|A0A1I8N820_MUSDO 100.0 4.5E-40 4.6E-46  278.5   0.0  265   48-320   308-636 (880)
     282 tr|A0A1W2W3E6|A0A1W2W3E6_CIOIN 100.0 5.1E-40 5.2E-46  266.3   0.0  273   44-325    57-355 (487)
     283 tr|A0A2B4SBD9|A0A2B4SBD9_STYPI 100.0 5.3E-40 5.4E-46  259.7   0.0  270   47-323    65-342 (367)
     284 tr|A0A212C668|A0A212C668_CEREH 100.0 5.4E-40 5.5E-46  267.6   0.0  265   49-321   224-556 (558)
     285 UniRef100_A0A026VXG0 Octopamin 100.0 5.5E-40 5.5E-46  278.9   0.0  265   47-318    84-537 (647)
     286 UniRef100_A0A1L8FNX2 G_PROTEIN 100.0 5.5E-40 5.6E-46  268.0   0.0  254   47-317    65-339 (400)
     287 UniRef100_A0A1L8HHP3 G_PROTEIN 100.0 5.6E-40 5.7E-46  260.9   0.0  268   46-326    47-344 (370)
     288 UniRef100_UPI000219022F Endoly 100.0 5.6E-40 5.7E-46  264.3   0.0  262   50-325   206-490 (507)
     289 UniRef100_A0A0L8HHE2 G_PROTEIN 100.0 5.7E-40 5.7E-46  266.6   0.0  268   49-324     5-302 (385)
     290 UniRef100_A0A067RIW6 G_PROTEIN 100.0 5.8E-40 5.9E-46  278.9   0.0  265   48-318   188-543 (705)
     291 UniRef100_A0A1S3HRK7 octopamin 100.0   6E-40 6.1E-46  271.7   0.0  263   50-320    70-349 (413)
     292 tr|A0A2B4SIA2|A0A2B4SIA2_STYPI 100.0 6.3E-40 6.4E-46  264.6   0.0  273   49-326    63-365 (370)
     293 UniRef100_A0A2B4RXD1 Neuropept 100.0 6.4E-40 6.5E-46  269.5   0.0  270   46-322    96-383 (461)
     294 UniRef100_A0A095ANA4 Dopamine  100.0 6.4E-40 6.5E-46  284.0   0.0  174   45-223   173-360 (674)
     295 tr|A0A2B4RR50|A0A2B4RR50_STYPI 100.0 6.6E-40 6.7E-46  263.2   0.0  265   46-319    31-323 (411)
     296 UniRef100_A0A2R8PY66 5-hydroxy 100.0 6.7E-40 6.8E-46  255.5   0.0  275   50-329    62-362 (381)
     297 UniRef100_A0A1J1I7G5 CLUMA_CG0 100.0 6.8E-40 6.9E-46  268.2   0.0  266   49-322    81-374 (500)
     298 tr|A0A139WLV7|A0A139WLV7_TRICA 100.0 6.9E-40   7E-46  277.4   0.0  270   47-323   401-699 (792)
     299 tr|A0A2B4S4U3|A0A2B4S4U3_STYPI 100.0 7.1E-40 7.3E-46  255.9   0.0  271   43-320    24-321 (359)
     300 UniRef100_A0A6S7JE64 Neuropept 100.0 7.2E-40 7.3E-46  265.8   0.0  268   46-321    36-321 (412)
     301 UniRef100_A0A0H3YI86 Pyrokinin 100.0 7.3E-40 7.4E-46  276.3   0.0  275   48-326    87-403 (510)
     302 UniRef100_A0A151NBW6 Beta-3 ad 100.0 7.6E-40 7.8E-46  265.9   0.0  262   48-319    34-338 (490)
     303 UniRef100_A0A026X2D4 Alpha-1A  100.0 7.9E-40 7.9E-46  273.7   0.0  267   46-323    94-375 (461)
     304 UniRef100_A0A087T988 G-protein 100.0 8.1E-40 8.2E-46  267.1   0.0  271   45-327    65-382 (402)
     305 UniRef100_A0A2G8KT39 Putative  100.0 8.2E-40 8.2E-46  268.4   0.0  271   43-318    43-338 (383)
     306 UniRef100_A0A151LYB3 G_PROTEIN 100.0 8.2E-40 8.3E-46  263.6   0.0  260   52-320   106-388 (435)
     307 UniRef100_A0A0A1XP15 Neuropept 100.0 8.7E-40 8.9E-46  260.0   0.0  268   49-323    76-375 (421)
     308 tr|A0A212EZN3|A0A212EZN3_DANPL 100.0 9.1E-40 9.2E-46  266.6   0.0  270   48-324    58-357 (488)
     309 UniRef100_A0A3M6T9C5 G_PROTEIN 100.0 9.4E-40 9.5E-46  268.7   0.0  279   46-325    60-363 (402)
     310 tr|B4JN40|B4JN40_DROGR GH24210 100.0 9.4E-40 9.5E-46  264.1   0.0  266   47-322   119-409 (436)
     311 UniRef100_A0A026X164 G-protein 100.0 9.4E-40 9.5E-46  276.3   0.0  271   44-326   118-428 (604)
     312 tr|A7S8R9|A7S8R9_NEMVE Predict 100.0 9.7E-40 9.8E-46  265.7   0.0  275   46-327    27-344 (398)
     313 tr|A0A232F8D2|A0A232F8D2_9HYME 100.0 9.7E-40 9.9E-46  265.5   0.0  266   48-319    75-368 (478)
     314 UniRef100_A0A3M6TKX3 G_PROTEIN 100.0   1E-39   1E-45  268.6   0.0  268   47-323    78-376 (427)
     315 UniRef100_A0A087U880 Neuropept 100.0   1E-39   1E-45  264.6   0.0  263   48-318    72-360 (401)
     316 tr|A0A067RDC3|A0A067RDC3_ZOONE 100.0 1.1E-39 1.1E-45  272.6   0.0  272   47-325    74-367 (506)
     317 UniRef100_A0A0S1YD99 Neuropept 100.0 1.1E-39 1.1E-45  259.1   0.0  266   48-323    79-374 (423)
     318 tr|A0A2D0SD29|A0A2D0SD29_ICTPU 100.0 1.1E-39 1.1E-45  264.1   0.0  263   49-319     9-306 (420)
     319 UniRef100_A0A016TS00 G_PROTEIN 100.0 1.1E-39 1.1E-45  278.8   0.0  266   48-322   116-554 (622)
     320 tr|M7BJE0|M7BJE0_CHEMY 5-hydro 100.0 1.1E-39 1.1E-45  275.6   0.0  263   50-322   277-593 (685)
     321 tr|A7SMQ7|A7SMQ7_NEMVE Predict 100.0 1.2E-39 1.2E-45  259.1   0.0  268   49-323    16-304 (358)
     322 tr|A0A151NBW9|A0A151NBW9_ALLMI 100.0 1.2E-39 1.2E-45  266.1   0.0  269   49-324    85-394 (472)
     323 tr|W4XZB8|W4XZB8_STRPU Unchara 100.0 1.2E-39 1.2E-45  262.5   0.0  256   52-318    27-307 (400)
     324 tr|A0A0S1YD80|A0A0S1YD80_CHISP 100.0 1.2E-39 1.2E-45  266.7   0.0  267   49-323   169-466 (513)
     325 UniRef100_A0A6S7HDR1 5-hydroxy 100.0 1.2E-39 1.2E-45  260.6   0.0  269   49-319    42-346 (399)
     326 tr|A0A146YGA5|A0A146YGA5_FUNHE 100.0 1.3E-39 1.3E-45  276.3   0.0  272   46-325    32-344 (521)
     327 UniRef100_A0A023F3V9 Putative  100.0 1.3E-39 1.3E-45  270.3   0.0  266   46-322   134-424 (574)
     328 tr|A0A2B4RSD1|A0A2B4RSD1_STYPI 100.0 1.4E-39 1.4E-45  273.2   0.0  272   47-325    53-385 (430)
     329 tr|A0A2H1W6Q0|A0A2H1W6Q0_SPOFR 100.0 1.4E-39 1.4E-45  266.3   0.0  273   49-328    75-370 (466)
     330 AntAceMinimDraft_8_1070364.sca 100.0 1.4E-39 1.4E-45  258.9   0.0  277   46-326    39-361 (406)
     331 UniRef100_A0A060W5H6 G_PROTEIN 100.0 1.5E-39 1.5E-45  274.5   0.0  262   47-316    89-382 (528)
     332 UniRef100_UPI000B90EEC3 octopa 100.0 1.5E-39 1.6E-45  254.6   0.0  265   52-324    71-375 (415)
     333 UniRef100_A0A060X0R7 Uncharact 100.0 1.6E-39 1.6E-45  254.2   0.0  265   46-324    59-345 (383)
     334 UniRef100_A0A060W247 Cholecyst 100.0 1.6E-39 1.6E-45  271.4   0.0  272   45-321   128-476 (563)
     335 tr|A0A060XH49|A0A060XH49_ONCMY 100.0 1.6E-39 1.6E-45  282.2   0.0  264   52-325    56-387 (945)
     336 tr|A0A2B4SSL5|A0A2B4SSL5_STYPI 100.0 1.8E-39 1.8E-45  252.7   0.0  276   46-331    23-319 (344)
     337 tr|A0A2B4R9G2|A0A2B4R9G2_STYPI 100.0 1.9E-39 1.9E-45  261.1   0.0  264   46-317    62-345 (378)
     338 tr|A0A182FRI7|A0A182FRI7_ANOAL 100.0 1.9E-39 1.9E-45  279.9   0.0  168   50-222   118-302 (677)
     339 UniRef100_C3ZK20 G_PROTEIN_REC 100.0 1.9E-39 1.9E-45  264.6   0.0  266   49-324     5-324 (374)
     340 tr|C7SLZ0|C7SLZ0_APLKU Seroton 100.0 1.9E-39 1.9E-45  268.9   0.0  270   49-326    77-429 (485)
     341 tr|A0A0P6IZB8|A0A0P6IZB8_9CRUS 100.0   2E-39   2E-45  266.9   0.0  270   47-325   205-498 (559)
     342 UniRef100_A0A147B5F7 Adenosine 100.0   2E-39   2E-45  263.8   0.0  260   52-320    56-343 (492)
     343 UniRef100_A0A2B4SID7 Neuropept 100.0   2E-39   2E-45  266.9   0.0  271   48-322    85-380 (462)
     344 UniRef100_A0A068YA15 Neuropept 100.0   2E-39   2E-45  267.1   0.0  266   48-317    76-391 (510)
     345 tr|A0A2B4S931|A0A2B4S931_STYPI 100.0 2.2E-39 2.2E-45  265.5   0.0  273   43-319    68-344 (398)
     346 UniRef100_A0A060VV87 Kappa-typ 100.0 2.2E-39 2.3E-45  267.2   0.0  274   46-331   192-487 (586)
     347 UniRef100_A0A087REY1 NPY-Y2 re 100.0 2.2E-39 2.3E-45  269.3   0.0  264   48-323   190-480 (599)
     348 tr|A0A210R0K7|A0A210R0K7_MIZYE 100.0 2.3E-39 2.4E-45  261.3   0.0  268   46-318    75-422 (470)
     349 tr|E6ZEU6|E6ZEU6_DICLA Neurome 100.0 2.4E-39 2.4E-45  266.3   0.0  272   48-323    92-396 (461)
     350 UniRef100_A0A2D0RHY1 Alpha-1B  100.0 2.4E-39 2.5E-45  263.2   0.0  272   49-328   120-439 (562)
     351 tr|A0A218UWX7|A0A218UWX7_9PASE 100.0 2.4E-39 2.5E-45  264.4   0.0  266   47-321    43-340 (474)
     352 UniRef100_A0A193KU97 GCR058 n= 100.0 2.6E-39 2.7E-45  256.8   0.0  274   46-326    27-336 (379)
     353 UniRef100_A0A0P7U357 Apelin re 100.0 2.6E-39 2.7E-45  261.0   0.0  268   47-326    60-348 (401)
     354 tr|A0A091DLL4|A0A091DLL4_FUKDA 100.0 2.7E-39 2.7E-45  258.1   0.0  266   48-323    37-346 (474)
     355 UniRef100_A0A0C9RF21 CapaR_3 p 100.0 2.7E-39 2.8E-45  267.6   0.0  268   49-321    56-356 (532)
     356 UniRef100_A0A0K0PUT0 Orphan G- 100.0 2.9E-39   3E-45  269.8   0.0  271   48-324    54-349 (400)
     357 UniRef100_A0A016UUZ5 G_PROTEIN 100.0   3E-39   3E-45  263.2   0.0  263   52-323    82-414 (486)
     358 UniRef100_A0A6P4Z5N5 muscarini 100.0   3E-39   3E-45  258.3   0.0  265   50-323    34-344 (357)
     359 UniRef100_A0A1S3J8T4 5-hydroxy 100.0 3.1E-39 3.1E-45  267.6   0.0  266   46-320   102-395 (468)
     360 tr|A0A146NR64|A0A146NR64_FUNHE 100.0 3.1E-39 3.1E-45  259.9   0.0  266   44-321   119-420 (449)
     361 tr|A0A218VDE9|A0A218VDE9_9PASE 100.0 3.1E-39 3.2E-45  260.7   0.0  260   46-321    25-307 (556)
     362 SRR6218665_147192              100.0 3.1E-39 3.2E-45  262.6   0.0  275   46-327   102-402 (466)
     363 UniRef100_A0A087RCY8 5-hydroxy 100.0 3.4E-39 3.5E-45  271.8   0.0  277   45-325   145-474 (567)
     364 UniRef100_A0A0A7KUZ5 Opsin 5 n 100.0 3.5E-39 3.6E-45  265.2   0.0  265   46-319    54-342 (407)
     365 UniRef100_A0A060X0P4 G_PROTEIN 100.0 3.6E-39 3.7E-45  270.7   0.0  263   46-318   140-428 (513)
     366 UniRef100_A0A6P8HUK6 melatonin 100.0 3.7E-39 3.8E-45  253.9   0.0  276   46-329    29-328 (374)
     367 UniRef100_A0A060XSS1 5-hydroxy 100.0 3.8E-39 3.8E-45  282.0   0.0  273   48-325   214-555 (704)
     368 tr|K1RR88|K1RR88_CRAGI 5-hydro 100.0 3.8E-39 3.9E-45  254.7   0.0  267   48-323    60-353 (407)
     369 UniRef100_A0A0N0PF28 Orexin re 100.0 3.9E-39 3.9E-45  269.0   0.0  259   51-317   143-455 (588)
     370 tr|A7RNV5|A7RNV5_NEMVE Predict 100.0 4.1E-39 4.2E-45  257.0   0.0  266   51-323    38-331 (377)
     371 UniRef100_A0A087YRJ8 Trace ami 100.0 4.3E-39 4.4E-45  265.5   0.0  260   52-320   127-403 (491)
     372 UniRef100_A0A0K0PUL2 DH31-like 100.0 4.6E-39 4.7E-45  255.7   0.0  270   46-325    50-337 (375)
     373 UniRef100_A0A6G8J3P5 Melanin-c 100.0 4.6E-39 4.7E-45  258.6   0.0  270   43-321    60-351 (460)
     374 tr|A0A193KU92|A0A193KU92_SCHMD 100.0 4.6E-39 4.7E-45  262.0   0.0  271   49-323    62-408 (478)
     375 UniRef100_A0A087X781 Alpha-2Db 100.0 4.8E-39 4.9E-45  261.9   0.0  263   52-321    74-492 (495)
     376 tr|A0A1S3FYW5|A0A1S3FYW5_DIPOR 100.0 4.9E-39   5E-45  251.0   0.0  269   45-325    70-362 (385)
     377 tr|J9JRI9|J9JRI9_ACYPI Unchara 100.0 5.1E-39 5.2E-45  259.7   0.0  266   49-322    39-334 (490)
     378 UniRef100_A0A087QSW5 5-hydroxy 100.0 5.1E-39 5.2E-45  261.9   0.0  269   49-324   182-517 (570)
     379 UniRef100_A0A067R841 G_PROTEIN 100.0 5.3E-39 5.4E-45  269.1   0.0  274   43-321   105-409 (526)
     380 UniRef100_A0A067RDC3 Prolactin 100.0 5.3E-39 5.4E-45  265.7   0.0  266   48-320    68-355 (541)
     381 UniRef100_A0A060VNF4 G_PROTEIN 100.0 5.4E-39 5.5E-45  268.5   0.0  266   45-322   131-432 (566)
     382 UniRef100_UPI0003F07467 orexin 100.0 5.4E-39 5.5E-45  266.3   0.0  267   47-318    80-412 (535)
     383 tr|R4J1H6|R4J1H6_SALSA Cholecy 100.0 5.6E-39 5.7E-45  257.3   0.0  276   45-325    47-410 (461)
     384 tr|B4KC34|B4KC34_DROMO Unchara 100.0 5.7E-39 5.8E-45  272.0   0.0  264   49-320   197-491 (670)
     385 tr|V8P564|V8P564_OPHHA Melanoc 100.0 6.1E-39 6.2E-45  268.7   0.0  284   36-320   579-863 (864)
     386 tr|A0A0Q3X582|A0A0Q3X582_AMAAE 100.0 6.3E-39 6.4E-45  267.4   0.0  260   52-320    89-384 (504)
     387 UniRef100_A0A0Q3PEJ5 Alpha-1B  100.0 6.2E-39 6.4E-45  264.6   0.0  268   50-325    68-388 (683)
     388 ERR1719361_2001115             100.0 6.3E-39 6.4E-45  261.1   0.0  271   46-325    26-328 (415)
     389 tr|A7RVQ0|A7RVQ0_NEMVE Predict 100.0 6.5E-39 6.5E-45  262.2   0.0  275   45-320    29-330 (398)
     390 tr|A0A0L7QUK8|A0A0L7QUK8_9HYME 100.0 6.6E-39 6.8E-45  271.3   0.0  268   49-322   206-499 (806)
     391 tr|K1QHX9|K1QHX9_CRAGI Somatos 100.0 7.1E-39 7.2E-45  263.4   0.0  267   45-323    49-341 (456)
     392 UniRef100_A0A3M6TID3 G_PROTEIN 100.0 7.2E-39 7.3E-45  256.9   0.0  257   49-316    41-298 (347)
     393 tr|A0A1U7SK54|A0A1U7SK54_TARSY 100.0 7.2E-39 7.3E-45  278.8   0.0  284   37-320    31-316 (904)
     394 tr|A0A151ITZ3|A0A151ITZ3_9HYME 100.0 7.4E-39 7.5E-45  261.8   0.0  271   49-326    72-424 (481)
     395 tr|A0A0K0PUV0|A0A0K0PUV0_PLADU 100.0 7.6E-39 7.7E-45  257.0   0.0  271   45-325    16-337 (373)
     396 tr|A0A1I8FSG9|A0A1I8FSG9_9PLAT 100.0 7.7E-39 7.8E-45  261.3   0.0  268   51-324   114-451 (550)
     397 UniRef100_A0A2B4SYG2 5-hydroxy 100.0 7.8E-39 7.9E-45  256.6   0.0  262   47-319    32-314 (376)
     398 tr|A0A210QY69|A0A210QY69_MIZYE 100.0   8E-39 8.2E-45  251.2   0.0  271   46-325    88-381 (400)
     399 UniRef100_A0A2P8Z628 Octopamin 100.0 8.5E-39 8.7E-45  258.9   0.0  268   47-321    53-416 (477)
     400 tr|A0A1S3NPB2|A0A1S3NPB2_SALSA 100.0 8.8E-39 8.9E-45  257.7   0.0  272   43-322    38-332 (443)
     401 UniRef100_A0A369SHZ1 5-hydroxy 100.0 8.9E-39   9E-45  257.1   0.0  269   49-323    32-333 (375)
     402 UniRef100_A0A6P8IPF1 5-hydroxy 100.0 9.2E-39 9.3E-45  253.9   0.0  268   49-324    62-364 (403)
     403 UniRef100_A0A026WM41 Dopamine  100.0 9.4E-39 9.5E-45  274.3   0.0  170   47-221   162-345 (659)
     404 UniRef100_A0A6A4WEU8 5-hydroxy 100.0 9.4E-39 9.6E-45  263.7   0.0  269   47-322    70-440 (535)
     405 tr|Q6VUB7|Q6VUB7_BRAFL Dopamin 100.0 9.8E-39   1E-44  247.1   0.0  267   47-324    42-341 (394)
     406 UniRef100_A0A6P4Z684 G-protein 100.0   1E-38   1E-44  256.4   0.0  273   44-321    51-346 (425)
     407 tr|K1PQW2|K1PQW2_CRAGI Putativ 100.0   1E-38   1E-44  254.2   0.0  276   46-328    59-360 (437)
     408 UniRef100_A0A0L8FWF7 G_PROTEIN 100.0   1E-38 1.1E-44  272.2   0.0  271   49-327    96-552 (576)
     409 UniRef100_A0A0P6J0T1 Putative  100.0 1.1E-38 1.1E-44  273.9   0.0  267   48-318   106-406 (735)
     410 tr|A0A0V1MVC7|A0A0V1MVC7_9BILA 100.0 1.1E-38 1.2E-44  266.7   0.0  266   49-324    85-381 (598)
     411 UniRef100_A0A2G8K804 Putative  100.0 1.2E-38 1.2E-44  260.1   0.0  269   49-323    63-441 (451)
     412 tr|A0A182XXT9|A0A182XXT9_ANOST 100.0 1.2E-38 1.2E-44  256.4   0.0  258   52-319    82-390 (426)
     413 tr|A0A182L9N8|A0A182L9N8_9DIPT 100.0 1.2E-38 1.2E-44  263.2   0.0  266   49-322    93-383 (490)
     414 tr|A0A182QHF8|A0A182QHF8_9DIPT 100.0 1.2E-38 1.2E-44  262.8   0.0  270   48-324   104-409 (581)
     415 tr|L8Y5L0|L8Y5L0_TUPCH Alpha-2 100.0 1.2E-38 1.2E-44  273.6   0.0  264   51-323   400-820 (823)
     416 ERR1719341_586736              100.0 1.2E-38 1.2E-44  262.8   0.0  273   47-328    57-361 (513)
     417 UniRef100_A0A132AJH3 7 transme 100.0 1.3E-38 1.3E-44  263.4   0.0  267   46-319    70-384 (447)
     418 UniRef100_A0A2R8QQ51 Trace ami 100.0 1.2E-38 1.3E-44  258.7   0.0  262   49-322    78-365 (459)
     419 tr|J9K651|J9K651_ACYPI Unchara 100.0 1.3E-38 1.4E-44  255.0   0.0  264   49-319    94-385 (440)
     420 UniRef100_A0A024FLZ5 PQRFa pep 100.0 1.4E-38 1.4E-44  256.6   0.0  263   48-319    61-349 (416)
     421 tr|F7E6B1|F7E6B1_MONDO Tachyki 100.0 1.4E-38 1.4E-44  256.5   0.0  265   48-321    98-384 (475)
     422 UniRef100_A0A087XUD9 Dopamine  100.0 1.4E-38 1.5E-44  260.0   0.0  268   46-321    81-404 (510)
     423 tr|A7RQG0|A7RQG0_NEMVE Predict 100.0 1.5E-38 1.5E-44  256.9   0.0  272   46-320    19-313 (351)
     424 tr|A0A1S3JCV4|A0A1S3JCV4_LINUN 100.0 1.5E-38 1.5E-44  252.5   0.0  312    7-323    19-370 (414)
     425 UniRef100_A0A026VW91 Neuropept 100.0 1.5E-38 1.5E-44  257.4   0.0  264   49-319   193-484 (582)
     426 UniRef100_A0A068WTW9 Tachykini 100.0 1.5E-38 1.5E-44  257.9   0.0  266   48-322    49-360 (453)
     427 UniRef100_A0A336LUR7 CSON00145 100.0 1.5E-38 1.5E-44  263.1   0.0  264   49-319    92-383 (670)
     428 UniRef100_A0A096MAY6 Alpha-1B  100.0 1.5E-38 1.5E-44  256.8   0.0  266   51-324    53-376 (489)
     429 UniRef100_A0A3B4UE11 Si:zfos-1 100.0 1.5E-38 1.5E-44  251.8   0.0  264   48-323    69-352 (441)
     430 UniRef100_A0A3M6TIF7 G_PROTEIN 100.0 1.5E-38 1.5E-44  253.2   0.0  267   46-322    45-319 (375)
     431 UniRef100_A0A060WAA0 NK-2 rece 100.0 1.5E-38 1.6E-44  255.6   0.0  270   46-324    74-367 (465)
     432 tr|Q9NHF3|Q9NHF3_APLCA Octopam 100.0 1.5E-38 1.6E-44  248.4   0.0  268   46-320    40-350 (394)
     433 UniRef100_F6ZHC8 Uncharacteriz 100.0 1.5E-38 1.6E-44  261.8   0.0  268   47-320    90-463 (520)
     434 UniRef100_A0A1I7STM2 (pine woo 100.0 1.6E-38 1.6E-44  262.4   0.0  267   48-321    84-386 (430)
     435 UniRef100_A0A182H1J6 G_PROTEIN 100.0 1.7E-38 1.7E-44  274.9   0.0  169   47-220   321-511 (1005)
     436 tr|A0A1U7SLA2|A0A1U7SLA2_TARSY 100.0 1.7E-38 1.8E-44  261.1   0.0  263   53-323   133-451 (601)
     437 UniRef100_A0A026W4S0 Neuromedi 100.0 1.8E-38 1.8E-44  267.3   0.0  270   48-321    77-388 (604)
     438 tr|A0A0A7RC79|A0A0A7RC79_RHOPR 100.0 1.8E-38 1.9E-44  252.7   0.0  271   47-326    78-378 (404)
     439 UniRef100_A0A060YTK2 Uncharact 100.0 1.9E-38 1.9E-44  254.0   0.0  265   47-323    87-380 (447)
     440 UniRef100_A0A3M6U2U1 G_PROTEIN 100.0 1.9E-38 1.9E-44  256.9   0.0  265   49-321    24-307 (352)
     441 tr|A7RF67|A7RF67_NEMVE Predict 100.0   2E-38   2E-44  253.8   0.0  280   43-326    18-317 (375)
     442 UniRef100_A0A2B4S7Y2 Neuropept 100.0   2E-38   2E-44  266.7   0.0  266   45-321    82-371 (460)
     443 tr|A0A2B4RYW3|A0A2B4RYW3_STYPI 100.0   2E-38   2E-44  281.9   0.0  270   46-322    41-327 (1580)
     444 UniRef100_A0A0G2UQ37 Rhodopsin 100.0   2E-38   2E-44  260.2   0.0  267   52-326   103-404 (515)
     445 UniRef100_A0A6F9DEB9 5-hydroxy 100.0 2.1E-38 2.1E-44  261.9   0.0  257   50-318    61-356 (426)
     446 UniRef100_A0A060ILH2 Neuromedi 100.0 2.1E-38 2.1E-44  264.1   0.0  271   48-323   180-479 (606)
     447 UniRef100_A0A6P4ZN87 somatosta 100.0 2.1E-38 2.1E-44  254.3   0.0  273   46-327    34-334 (391)
     448 UniRef100_A0A0N1IPC8 Octopamin 100.0 2.1E-38 2.2E-44  255.1   0.0  265   49-319   125-441 (522)
     449 tr|A0A1I8PG61|A0A1I8PG61_STOCA 100.0 2.1E-38 2.2E-44  269.7   0.0  268   45-323   300-594 (716)
     450 tr|A7STC6|A7STC6_NEMVE Predict 100.0 2.2E-38 2.2E-44  255.0   0.0  267   49-319    24-330 (381)
     451 UniRef100_E9HAW0 G_PROTEIN_REC 100.0 2.3E-38 2.3E-44  253.1   0.0  260   46-316    66-351 (393)
     452 UniRef100_A0A6P8HVR8 galanin r 100.0 2.3E-38 2.3E-44  253.8   0.0  269   46-320    24-319 (381)
     453 UniRef100_A0A077Z2V7 Neuropept 100.0 2.3E-38 2.3E-44  256.6   0.0  268   47-318    72-372 (451)
     454 tr|A0A096NTW4|A0A096NTW4_PAPAN 100.0 2.4E-38 2.4E-44  254.0   0.0  272   48-325   136-430 (442)
     455 tr|A0A1A8EW90|A0A1A8EW90_9TELE 100.0 2.4E-38 2.4E-44  254.0   0.0  274   46-331    46-343 (444)
     456 tr|A0A1I8MQS0|A0A1I8MQS0_MUSDO 100.0 2.4E-38 2.5E-44  267.7   0.0  266   47-323   152-441 (572)
     457 tr|A0A091CRU0|A0A091CRU0_FUKDA 100.0 2.4E-38 2.5E-44  269.9   0.0  256   46-321   410-692 (720)
     458 tr|A0A1W4X1F3|A0A1W4X1F3_AGRPL 100.0 2.4E-38 2.5E-44  258.0   0.0  264   49-319   138-429 (485)
     459 UniRef100_A0A0P7XS52 Trace ami 100.0 2.5E-38 2.5E-44  272.1   0.0  262   50-320   363-655 (726)
     460 UniRef100_A0A0N1IB59 Orexin re 100.0 2.5E-38 2.5E-44  257.9   0.0  259   52-318   136-448 (546)
     461 UniRef100_A0A0A7EV57 Melanocor 100.0 2.5E-38 2.5E-44  240.0   0.0  267   35-301    28-295 (295)
     462 UniRef100_A0A0A1WLH2 Somatosta 100.0 2.5E-38 2.5E-44  266.2   0.0  267   46-323   218-509 (667)
     463 tr|A0A2B4REF9|A0A2B4REF9_STYPI 100.0 2.5E-38 2.6E-44  283.3   0.0  271   46-319   927-1228(1279)
     464 UniRef100_A0A023F665 Putative  100.0 2.6E-38 2.6E-44  265.6   0.0  273   43-320   142-448 (573)
     465 UniRef100_A0A3M6UDU2 G_PROTEIN 100.0 2.6E-38 2.6E-44  262.5   0.0  271   44-318    39-329 (402)
     466 UniRef100_A0A060WGF3 B2 bradyk 100.0 2.6E-38 2.6E-44  271.1   0.0  260   48-319   163-449 (589)
     467 UniRef100_D1LX82 Neuropeptide  100.0 2.8E-38 2.8E-44  261.2   0.0  264   49-326    59-353 (424)
     468 UniRef100_A0A0P5DS31 Neuropept 100.0 2.8E-38 2.8E-44  252.4   0.0  263   49-318    90-381 (482)
     469 UniRef100_UPI0001CBB4DC allato 100.0 2.8E-38 2.9E-44  262.5   0.0  269   46-317    61-365 (431)
     470 UniRef100_A0A3M6TKY7 G_PROTEIN 100.0   3E-38   3E-44  268.2   0.0  260   49-320    60-339 (432)
     471 tr|A0A2B4RGY6|A0A2B4RGY6_STYPI 100.0   3E-38   3E-44  254.1   0.0  268   49-323    11-298 (348)
     472 UniRef100_A0A2G8JD30 Putative  100.0   3E-38   3E-44  245.3   0.0  265   50-321    30-316 (323)
     473 UniRef100_A0A1D2M255 Somatosta 100.0   3E-38 3.1E-44  249.4   0.0  264   45-318    36-320 (382)
     474 UniRef100_UPI000B9126F2 D(1) d 100.0 3.1E-38 3.2E-44  251.0   0.0  265   49-323    22-320 (463)
     475 ABNJ01.1.fsa_nt_gi|175437430|g 100.0 3.2E-38 3.2E-44  250.3   0.0  275   48-328    74-357 (362)
     476 tr|W5MC67|W5MC67_LEPOC Pyroglu 100.0 3.2E-38 3.3E-44  252.2   0.0  270   47-322    56-360 (441)
     477 UniRef100_A0A193KUI4 GCR044 n= 100.0 3.3E-38 3.4E-44  257.5   0.0  272   48-323    36-349 (508)
     478 UniRef100_A0A4W4DTE3 G_PROTEIN 100.0 3.4E-38 3.4E-44  254.0   0.0  268   45-324    53-345 (379)
     479 UniRef100_A0A084WCX2 AGAP00493 100.0 3.4E-38 3.5E-44  260.6   0.0  262   48-321    98-388 (474)
     480 UniRef100_A0A2B4SUJ0 Melatonin 100.0 3.5E-38 3.5E-44  256.4   0.0  269   44-320    27-313 (399)
     481 UniRef100_A0A3M6TI37 G_PROTEIN 100.0 3.6E-38 3.6E-44  253.0   0.0  269   44-326    40-312 (339)
     482 tr|A0A1L8HND2|A0A1L8HND2_XENLA 100.0 3.6E-38 3.7E-44  256.0   0.0  271   45-323   129-429 (452)
     483 UniRef100_A0A023WAQ6 Melanocor 100.0 3.6E-38 3.7E-44  233.8   0.0  265   56-320     2-267 (274)
     484 tr|A0A0P7V0U8|A0A0P7V0U8_9TELE 100.0 3.6E-38 3.7E-44  249.1   0.0  270   45-324    86-377 (439)
     485 tr|A7RRH0|A7RRH0_NEMVE Predict 100.0 3.8E-38 3.9E-44  267.2   0.0  273   44-323    26-317 (700)
     486 ERR1719510_236906              100.0   4E-38   4E-44  266.1   0.0  271   49-326    87-378 (577)
     487 tr|A7SFG7|A7SFG7_NEMVE Predict 100.0 4.1E-38 4.1E-44  251.8   0.0  267   43-318    22-309 (364)
     488 UniRef100_A0A6F9DUB2 Somatosta 100.0 4.1E-38 4.1E-44  254.6   0.0  263   44-318    62-350 (467)
     489 UniRef100_A0A061QLN0 Putative  100.0 4.1E-38 4.2E-44  273.6   0.0  133   49-186    93-225 (685)
     490 tr|Q8MTW6|Q8MTW6_SPISO Putativ 100.0 4.1E-38 4.2E-44  250.3   0.0  271   46-323    38-352 (388)
     491 tr|A0A183VWV4|A0A183VWV4_TRIRE 100.0 4.2E-38 4.2E-44  255.0   0.0  271   46-324    52-450 (509)
     492 tr|A7RKH9|A7RKH9_NEMVE Predict 100.0 4.2E-38 4.3E-44  249.9   0.0  265   47-323    28-315 (336)
     493 tr|L7LWW3|L7LWW3_9ACAR Putativ 100.0 4.2E-38 4.3E-44  262.4   0.0  170   48-222   114-297 (624)
     494 UniRef100_A0A4D9EQQ5 Enolase-l 100.0 4.3E-38 4.4E-44  246.4   0.0  266   46-325   148-435 (472)
     495 UniRef100_A0A2B4SAD4 5-hydroxy 100.0 4.4E-38 4.4E-44  255.2   0.0  270   46-324    50-340 (376)
     496 UniRef100_A0A0S1YDA1 Neuropept 100.0 4.4E-38 4.4E-44  256.6   0.0  271   47-322    69-414 (463)
     497 tr|W4Z9U8|W4Z9U8_STRPU Unchara 100.0 4.4E-38 4.5E-44  249.1   0.0  279   46-330   109-420 (434)
     498 tr|A0A0P7XE55|A0A0P7XE55_9TELE 100.0 4.4E-38 4.5E-44  264.4   0.0  273   48-328    54-374 (782)
     499 UniRef100_A0A0L0BTW0 Dopamine  100.0 4.4E-38 4.5E-44  271.7   0.0  171   48-223   456-640 (972)
     500 tr|T1JSJ3|T1JSJ3_TETUR Unchara 100.0 4.4E-38 4.5E-44  264.5   0.0  267   48-320   251-643 (747)
     
  > Uniprot already searched, skipping.
> Running chain B
  > Uniref90 already searched, skipping.
  > Mgnify already searched, skipping.
  > Running hhblits on bfd_uniref30
- 01:32:41.771 INFO: Searching 65983866 column state sequences.

- 01:32:43.943 INFO: Searching 29291635 column state sequences.

- 01:32:44.007 INFO: mc4r_human-1335/msas/B/chain_B.fasta is in A2M, A3M or FASTA format

- 01:32:44.007 INFO: Iteration 1

- 01:32:44.100 INFO: Prefiltering database

- 01:37:31.930 INFO: HMMs passed 1st prefilter (gapless profile-profile alignment)  : 1459673

- 01:38:31.546 INFO: HMMs passed 1st prefilter (gapless profile-profile alignment)  : 588644

- 01:38:36.110 INFO: HMMs passed 2nd prefilter (gapped profile-profile alignment)   : 2000

- 01:38:36.110 INFO: HMMs passed 2nd prefilter and not found in previous iterations : 2000

- 01:38:36.110 INFO: Scoring 2000 HMMs using HMM-HMM Viterbi alignment

- 01:38:36.175 INFO: Alternative alignment: 0

- 01:53:04.835 INFO: 2000 alignments done

- 01:53:04.844 INFO: Alternative alignment: 1

- 01:53:05.405 INFO: 1804 alignments done

- 01:53:05.409 INFO: Alternative alignment: 2

- 01:53:05.433 INFO: 16 alignments done

- 01:53:05.433 INFO: Alternative alignment: 3

- 01:53:05.436 INFO: 3 alignments done

- 01:53:05.837 INFO: Premerge done

- 01:53:05.837 INFO: Realigning 500 HMM-HMM alignments using Maximum Accuracy algorithm

- 01:53:16.536 INFO: 95 sequences belonging to 95 database HMMs found with an E-value < 0.001

- 01:53:16.536 INFO: Number of effective sequences of resulting query HMM: Neff = 4.28994

- 01:53:16.587 INFO: Iteration 2

- 01:53:16.587 INFO: Set premerge to 0! (premerge: 3 iteration: 2 hits.Size: 92)

- 01:53:16.682 INFO: Prefiltering database

- 01:55:01.904 INFO: HMMs passed 1st prefilter (gapless profile-profile alignment)  : 1763802

- 01:55:58.995 INFO: HMMs passed 1st prefilter (gapless profile-profile alignment)  : 968408

- 01:56:03.772 INFO: HMMs passed 2nd prefilter (gapped profile-profile alignment)   : 2000

- 01:56:03.772 INFO: HMMs passed 2nd prefilter and not found in previous iterations : 1908

- 01:56:03.772 INFO: Scoring 1908 HMMs using HMM-HMM Viterbi alignment

- 01:56:03.817 INFO: Alternative alignment: 0

- 02:06:58.172 INFO: 1908 alignments done

- 02:06:58.178 INFO: Alternative alignment: 1

- 02:06:58.408 INFO: 681 alignments done

- 02:06:58.410 INFO: Alternative alignment: 2

- 02:06:58.415 INFO: 2 alignments done

- 02:06:58.415 INFO: Alternative alignment: 3

- 02:06:58.459 INFO: Realigning 200 HMM-HMM alignments using Maximum Accuracy algorithm

- 02:06:58.700 INFO: 120 sequences belonging to 120 database HMMs found with an E-value < 0.001

- 02:06:58.700 INFO: Number of effective sequences of resulting query HMM: Neff = 4.75639

- 02:06:58.722 INFO: Iteration 3

- 02:06:58.811 INFO: Prefiltering database

- 02:08:44.065 INFO: HMMs passed 1st prefilter (gapless profile-profile alignment)  : 1414803

- 02:09:39.514 INFO: HMMs passed 1st prefilter (gapless profile-profile alignment)  : 850986

- 02:09:43.714 INFO: HMMs passed 2nd prefilter (gapped profile-profile alignment)   : 2000

- 02:09:43.714 INFO: HMMs passed 2nd prefilter and not found in previous iterations : 1883

- 02:09:43.714 INFO: Scoring 1883 HMMs using HMM-HMM Viterbi alignment

- 02:09:43.762 INFO: Alternative alignment: 0

- 02:14:55.431 INFO: 1883 alignments done

- 02:14:55.435 INFO: Stop after DB-HHM: 1883 because early stop  17.0201 < filter cutoff 18.83

- 02:14:55.435 INFO: Alternative alignment: 1

- 02:14:55.674 INFO: 690 alignments done

- 02:14:55.676 INFO: Alternative alignment: 2

- 02:14:55.677 INFO: 1 alignments done

- 02:14:55.677 INFO: Alternative alignment: 3

- 02:14:55.679 INFO: 1 alignments done

- 02:14:55.710 INFO: Rescoring previously found HMMs with Viterbi algorithm

- 02:14:55.759 INFO: Alternative alignment: 0

- 02:14:56.859 INFO: 117 alignments done

- 02:14:56.859 INFO: Alternative alignment: 1

- 02:14:56.883 INFO: 117 alignments done

- 02:14:56.883 INFO: Alternative alignment: 2

- 02:14:56.883 INFO: Alternative alignment: 3

- 02:14:56.914 INFO: Premerge done

- 02:14:56.914 INFO: Realigning 305 HMM-HMM alignments using Maximum Accuracy algorithm

- 02:14:57.280 INFO: 123 sequences belonging to 123 database HMMs found with an E-value < 0.001

- 02:14:57.280 INFO: Number of effective sequences of resulting query HMM: Neff = 4.75639

     Query         agouti-related protein gtp:1335
     Match_columns 112
     No_of_seqs    436 out of 822
     Neff          4.75639
     Searched_HMMs 4591
     Date          Fri Feb 24 02:14:57 2023
     Command       hhblits -i mc4r_human-1335/msas/B/chain_B.fasta -cpu 2 -maxmem 20 -oa3m /projects/ilfgrid/people/nqz918/code/deorph/scripts/af_arman/af_jobs_af23/mc4r_human/1335//mc4r_human-1335/msas/B/bfd_uniref_hits.a3m -o /dev/null -n 3 -e 0.001 -maxseq 1000000 -realign_max 100000 -maxfilt 100000 -min_prefilter_hits 1000 -d /projects/ilfgrid/data/alphafold-genetic-databases///bfd/bfd_metaclust_clu_complete_id30_c90_final_seq.sorted_opt -d /projects/ilfgrid/data/alphafold-genetic-databases///uniref30/UniRef30_2021_03 
     
      No Hit                             Prob E-value P-value  Score    SS Cols Query HMM  Template HMM
       1 UniRef100_A0A087QNB6 Agouti-re 100.0 1.2E-32 1.5E-38  214.5   0.0  109    1-112    59-176 (176)
       2 tr|A0A061ICI4|A0A061ICI4_CRIGR  99.9 2.6E-30 2.9E-36  206.1   0.0  111    1-112   123-233 (233)
       3 UniRef100_UPI00057ABB45 agouti  99.9 8.4E-28 8.7E-34  185.1   0.0  112    1-112    63-176 (176)
       4 UniRef100_UPI00045467E5 agouti  99.9 9.5E-28 1.1E-33  188.5   0.0  112    1-112    25-191 (191)
       5 UniRef100_A0A0S2T0F8 Agouti si  99.9   1E-27 1.1E-33  191.5   0.0   87   18-107   108-195 (220)
       6 tr|C0A1D0|C0A1D0_CHICK Agouti-  99.9 2.5E-27 3.1E-33  191.6   0.0  109    3-112   117-233 (233)
       7 tr|L5LT97|L5LT97_MYODS Agouti-  99.9 3.2E-27 3.7E-33  183.0   0.0   86   18-106    83-169 (169)
       8 UniRef100_A0A2D0Q563 agouti-re  99.9 1.5E-26   2E-32  181.2   0.0   97   10-106    48-149 (169)
       9 UniRef100_A0A485MBX7 Agouti-si  99.9   2E-26 2.1E-32  172.7   0.0   89   18-106    46-135 (135)
      10 UniRef100_UPI001920F6D9 agouti  99.9 2.6E-26 2.6E-32  180.7   0.0   90   18-107   110-200 (208)
      11 UniRef100_A0A061ICI4 Agouti-re  99.9 1.9E-25   2E-31  178.3   0.0  110    2-112   124-233 (233)
      12 UniRef100_A0A5E4C6B6 Agouti do  99.8 9.9E-25   1E-30  156.1   0.0   85   17-106    11-97  (97)
      13 UniRef100_A0A2K5LPU5 Agouti sw  99.8 1.4E-24 1.6E-30  171.1   0.0   87   18-107    99-186 (193)
      14 UniRef100_A0A060WHK9 Agouti do  99.8 1.3E-24 1.8E-30  174.5   0.0   89   17-108    92-181 (203)
      15 tr|A0A0P7UE49|A0A0P7UE49_9TELE  99.8 1.6E-24 2.1E-30  174.3   0.0  100    9-108   102-208 (211)
      16 UniRef100_A0A093BJI1 Agouti-re  99.8 2.4E-24 2.7E-30  173.5   0.0   80   32-112   142-226 (226)
      17 UniRef100_A0A076L9P7 Agouti-re  99.8   4E-24 4.5E-30  170.2   0.0  100   10-109    76-182 (206)
      18 tr|A0A190X654|A0A190X654_NEOVI  99.8 5.7E-24 6.6E-30  168.4   0.0   88   16-106    55-193 (193)
      19 UniRef100_A0A091LGY0 Agouti-re  99.8 4.1E-23 4.5E-29  156.8   0.0   82   30-112    56-142 (142)
      20 UniRef100_A0A3Q7TWW2 agouti-si  99.8 2.2E-21 2.4E-27  150.1   0.0   80   24-106    83-163 (163)
      21 tr|A0A146ZN62|A0A146ZN62_FUNHE  99.7 1.7E-21 3.2E-27  154.5   0.0   53   54-106   129-181 (181)
      22 UniRef100_UPI00051B39F3 agouti  99.7 3.3E-21 3.4E-27  127.5   0.0   53   59-112     6-58  (58)
      23 UniRef100_UPI00174BF70B agouti  99.7 3.6E-21 3.8E-27  150.7   0.0   86   18-106    98-185 (185)
      24 UniRef100_A0A6P3R7G8 agouti-si  99.7 3.9E-21   4E-27  153.7   0.0   86   18-106   137-222 (222)
      25 UniRef100_Q7YRW0 Agouti-relate  99.7 5.7E-21 5.9E-27  135.0   0.0   83   15-97      2-86  (86)
      26 UniRef100_A0A402EA38 Agouti do  99.7 6.4E-21 7.2E-27  150.8   0.0   86   18-106   100-186 (186)
      27 tr|A0A151NZR4|A0A151NZR4_ALLMI  99.7 2.6E-20 2.8E-26  144.0   0.0   84   17-103    71-154 (155)
      28 UniRef100_A0A2U4CLA7 agouti-si  99.7 3.8E-20 4.1E-26  148.9   0.0   81   25-108   130-211 (219)
      29 UniRef100_A0A4Z2ESI5 Agouti-re  99.7 4.7E-20 4.9E-26  128.4   0.0   69   40-108     2-74  (77)
      30 UniRef100_UPI0006B0C65A agouti  99.7   3E-19 3.3E-25  144.0   0.0   91   17-107    92-190 (216)
      31 UniRef100_UPI00168CC057 agouti  99.7 3.7E-19 3.8E-25  143.3   0.0   98   12-109   121-225 (227)
      32 UniRef100_J3A6E5 Agouti-relate  99.6 6.4E-19 6.8E-25  132.8   0.0   58   50-107    68-125 (129)
      33 UniRef100_A0A2R8PWU9 Agouti-re  99.6 6.4E-19 7.2E-25  133.3   0.0   99    6-106    21-123 (128)
      34 UniRef100_A0A670IM47 Agouti re  99.6 1.1E-18 1.2E-24  134.3   0.0   60   52-112    89-148 (148)
      35 UniRef100_A0A670YD03 Agouti re  99.6 2.3E-18 2.3E-24  123.5   0.0   62   50-112    31-92  (92)
      36 UniRef100_UPI00193ECA12 agouti  99.6 2.3E-18 2.4E-24  125.0   0.0   80   25-106    21-100 (100)
      37 UniRef100_A0A493T0J4 Agouti do  99.6 2.7E-18 2.8E-24  126.8   0.0   50   62-112    64-113 (113)
      38 UniRef100_A0A0F6T4Y5 Agouti-si  99.6 3.3E-18 3.7E-24  116.9   0.0   54   50-106    12-65  (65)
      39 UniRef100_A0A096LT15 U13-lycot  99.6 3.2E-18 4.6E-24  137.4   0.0   44   61-105   119-162 (182)
      40 UniRef100_A5JUA7 Agouti-relate  99.6 5.1E-18 5.4E-24  129.9   0.0   71   32-102    66-142 (142)
      41 UniRef100_Q4SEW0 Chromosome un  99.6 5.3E-18 5.4E-24  110.1   0.0   49   55-103     2-50  (50)
      42 UniRef100_F7DQS7 Agouti domain  99.6   1E-17   1E-23  128.5   0.0   59   53-112    89-147 (147)
      43 UniRef100_A0A0A8KXD1 Agouti re  99.6 1.1E-17 1.1E-23  117.1   0.0   78   18-100     1-78  (78)
      44 UniRef100_A0A3B4TYK6 Uncharact  99.6   1E-17 1.2E-23  131.0   0.0   78   30-108    68-147 (153)
      45 UniRef100_A0A2Z5EPR8 Agouti-si  99.6 1.2E-17 1.4E-23  126.8   0.0   82   16-106    44-125 (125)
      46 UniRef100_A0A6A5FJ99 Agouti do  99.6 1.4E-17 1.5E-23  131.1   0.0   95   11-105    35-136 (181)
      47 UniRef100_UPI001964A18B agouti  99.5 2.5E-17 2.6E-23  131.7   0.0   58   50-107   144-201 (205)
      48 UniRef100_A0A091T9H4 Agouti-si  99.5 6.9E-17 7.3E-23  119.3   0.0   90   14-106    17-107 (107)
      49 tr|A9JPS5|A9JPS5_CAPHI Agouti   99.5 9.2E-17 1.1E-22  127.4   0.0   86   17-105    45-145 (167)
      50 UniRef100_A0A401S9L5 Agouti do  99.5 1.3E-16 1.4E-22  126.3   0.0   85   21-106    88-172 (177)
      51 UniRef100_A0A190X674 Agouti-si  99.5 1.8E-16   2E-22  123.8   0.0   86   18-106    57-160 (160)
      52 UniRef100_A0A0P7UE49 TPA: Agou  99.5 3.3E-16 3.4E-22  126.1   0.0   60   48-107   148-207 (211)
      53 UniRef100_A0A5A9PQY7 Agouti-re  99.4 5.8E-16   6E-22  108.7   0.0   56   51-106    20-75  (77)
      54 tr|M4ACH1|M4ACH1_XIPMA Agouti   99.4 5.6E-16 6.1E-22  121.6   0.0   78   18-106    85-162 (162)
      55 UniRef100_A0A315UQF0 Agouti do  99.4 1.7E-15 1.7E-21  128.3   0.0   94   13-107   229-329 (333)
      56 UniRef100_UPI00101637BE unchar  99.4 1.7E-15 1.7E-21  120.2   0.0   75   32-107    84-162 (183)
      57 UniRef100_A0A3B3CJ30 Agouti-si  99.4 2.3E-15   3E-21  124.4   0.0   44   62-106   149-192 (219)
      58 UniRef100_A0A553MTK7 Agouti do  99.3 7.7E-15 7.9E-21  116.7   0.0   75   32-106   101-179 (184)
      59 UniRef100_UPI0018860C50 agouti  99.3 8.2E-15 8.5E-21  111.7   0.0   68   41-108    59-127 (132)
      60 tr|I3J6M6|I3J6M6_ORENI Agouti   99.3 9.2E-15 1.2E-20  115.9   0.0   51   59-110    85-135 (156)
      61 UniRef100_A0A5N4DUM5 Agouti-re  99.3 2.7E-14 2.8E-20  116.2   0.0   84    1-108    91-174 (221)
      62 tr|A0A0P7TYD2|A0A0P7TYD2_9TELE  99.3 4.6E-14 5.3E-20  114.1   0.0   45   63-111   143-187 (189)
      63 UniRef100_A0A218UG95 Agouti-si  99.2 6.1E-14 6.3E-20  111.8   0.0   93   14-106    49-182 (182)
      64 UniRef100_A0A076LC65 Agouti-re  99.2 6.1E-14 7.6E-20  112.7   0.0   47   59-106    92-138 (172)
      65 UniRef100_UPI001403564C agouti  99.2 9.9E-14   1E-19  111.3   0.0   49   59-107   140-188 (192)
      66 UniRef100_A0A6F9BWN1 Agouti do  99.2 1.5E-13 1.5E-19   93.6   0.0   43   60-103    19-61  (61)
      67 UniRef100_UPI0005216019 agouti  99.2 1.7E-13 1.7E-19  101.2   0.0   48   64-112    55-102 (102)
      68 UniRef100_A0A4W3K5Q5 Agouti do  99.2   2E-13 2.1E-19  106.7   0.0   55   51-105    87-141 (147)
      69 tr|A0A146T493|A0A146T493_FUNHE  99.2 2.2E-13 2.6E-19  105.0   0.0   49   57-106    74-122 (126)
      70 UniRef100_A0A3B1KJ04 Agouti do  99.2 2.3E-13 2.7E-19  102.6   0.0   52   54-106    54-105 (109)
      71 UniRef100_D2N151 Agouti-relate  99.1 3.8E-13 3.9E-19   91.2   0.0   43   64-106     4-46  (59)
      72 UniRef100_A0A401NYC1 Agouti do  99.1 7.2E-13 7.4E-19  108.7   0.0   45   62-106   177-221 (225)
      73 UniRef100_A0A3Q2DA86 Agouti si  99.1 8.9E-13   1E-18   95.6   0.0   44   63-107    37-80  (83)
      74 UniRef100_A0A668ALK6 Agouti do  99.1 1.2E-12 1.2E-18  102.0   0.0   40   65-105    99-138 (143)
      75 UniRef100_A0A6J2PKM2 agouti-si  99.1 1.4E-12 1.4E-18   94.4   0.0   48   59-106    40-87  (87)
      76 UniRef100_A0A401PUR4 Agouti do  99.1 1.6E-12 1.6E-18  113.5   0.0   49   58-106   353-401 (406)
      77 UniRef100_A0A315UQ76 Agouti do  99.1   2E-12   2E-18  111.8   0.0   78   18-106   288-365 (365)
      78 UniRef100_J3AM95 Agouti-relate  99.0 3.4E-12 3.5E-18   82.1   0.0   41   64-105     2-42  (43)
      79 UniRef100_A0A6A4RSK6 Agouti do  99.0 3.7E-12 3.8E-18  108.7   0.0   49   58-106   269-317 (317)
      80 UniRef100_A0A7N6BM98 Agouti si  99.0 5.1E-12 5.2E-18  100.2   0.0   48   59-106   117-164 (164)
      81 UniRef100_A0A3Q2XXU7 Agouti si  99.0 7.1E-12 7.3E-18  101.1   0.0   50   57-106   139-188 (188)
      82 UniRef100_A0A3B4FYG5 Agouti do  99.0 7.8E-12 8.1E-18   95.1   0.0   48   59-106    72-119 (119)
      83 UniRef100_A0A3Q2DYY4 Agouti do  99.0   8E-12 8.2E-18   96.8   0.0   48   59-106    89-136 (136)
      84 UniRef100_A0A0P7TYD2 TPA: Agou  98.9 1.2E-11 1.2E-17  100.1   0.0   44   64-111   144-187 (189)
      85 tr|G7ZL02|G7ZL02_CYPCA Agouti-  98.9 2.2E-11 2.4E-17   95.1   0.0   46   59-105    86-131 (136)
      86 UniRef100_UPI000FFB1E0B LOW QU  98.9 2.4E-11 2.5E-17   98.4   0.0   84   15-101    41-126 (190)
      87 UniRef100_A0A315V4I5 Agouti do  98.9 2.3E-11 2.6E-17   97.2   0.0   45   61-106   113-157 (161)
      88 UniRef100_A0A3B5LC29 Agouti do  98.8   7E-11 7.4E-17   89.8   0.0   44   62-106    66-109 (113)
      89 UniRef100_A0A4U5UXN3 Agouti-re  98.8 9.1E-11 9.4E-17   85.3   0.0   40   62-102    40-79  (85)
      90 UniRef100_A0A3Q3IWP5 Agouti si  98.8 1.1E-10 1.1E-16   96.5   0.0   45   62-106   177-221 (221)
      91 UniRef100_A0A3P8PCU3 Agouti si  98.8 1.4E-10 1.4E-16   88.9   0.0   44   62-106    74-117 (121)
      92 UniRef100_A0A3P9BFK0 Agouti-si  98.7 1.2E-10 1.5E-16   96.3   0.0   46   60-106   149-194 (198)
      93 UniRef100_A0A3Q3CW53 Agouti-si  98.7 2.3E-10 2.5E-16   96.2   0.0   44   62-106   191-234 (238)
      94 UniRef100_A0A5N5Q782 Agouti do  98.6 4.7E-10   5E-16   92.2   0.0   45   64-111   149-194 (196)
      95 UniRef100_A0A7J5ZAJ7 Agouti do  98.6 1.1E-09 1.1E-15   84.0   0.0   44   61-105    31-74  (117)
      96 UniRef100_A0A1P7ZIV4 Agouti si  98.5 2.1E-09 2.1E-15   74.0   0.0   48   59-106    11-58  (58)
      97 UniRef100_A0A3Q2PTY0 Agouti do  98.5 2.2E-09 2.2E-15   83.7   0.0   41   64-105    66-106 (130)
      98 UniRef100_UPI00097DDD40 agouti  98.5 2.7E-09 2.7E-15   79.8   0.0   42   63-105    53-94  (97)
      99 UniRef100_UPI0015E0C589 agouti  98.4 4.1E-09 4.2E-15   85.4   0.0   42   62-104    68-109 (173)
     100 UniRef100_UPI0018E1F963 agouti  98.4   6E-09 6.2E-15   79.0   0.0   49   56-105    32-82  (105)
     101 UniRef100_A0A4W5LHQ6 Uncharact  98.4 8.9E-09 9.1E-15   82.1   0.0   56   49-104    88-143 (150)
     102 UniRef100_T2B4N7 Agouti signal  98.3 1.2E-08 1.2E-14   64.0   0.0   30   77-106     5-34  (34)
     103 UniRef100_UPI00187C29CA LOW QU  98.3 1.3E-08 1.3E-14   82.5   0.0   77   18-97     46-123 (167)
     104 UniRef100_A0A498NTY7 Agouti-si  98.3 2.1E-08 2.4E-14   89.6   0.0   41   63-104   329-369 (374)
     105 UniRef100_A0A3P8W5S2 Agouti do  98.3 2.5E-08 2.5E-14   75.0   0.0   39   63-102    50-88  (96)
     106 UniRef100_A0A668VB93 Uncharact  98.1 8.2E-08 8.5E-14   74.8   0.0   36   59-95     67-102 (120)
     107 UniRef100_A0A553MPN1 Agouti do  98.1 9.4E-08 9.7E-14   81.0   0.0   43   63-106   186-228 (232)
     108 UniRef100_UPI001486A9F4 agouti  98.0 1.6E-07 1.7E-13   77.4   0.0   40   64-104    96-135 (181)
     109 UniRef100_X2KV12 Agouti signal  98.0 2.4E-07 2.5E-13   55.5   0.0   25   18-42      2-26  (26)
     110 UniRef100_A0A7L2R3M4 AGRP prot  97.9 6.2E-07 6.4E-13   65.6   0.0   56   32-87     16-76  (76)
     111 UniRef100_A0A384CNJ1 agouti-si  97.8 6.2E-07 6.8E-13   72.6   0.0   31   18-48     86-116 (145)
     112 UniRef100_A0A384B170 agouti-si  97.6 2.8E-06 2.8E-12   70.3   0.0   39   18-56     46-86  (171)
     113 UniRef100_A0A091DME2 Agouti-si  97.6 4.1E-06 4.7E-12   63.6   0.0   30   18-47     46-75  (87)
     114 UniRef100_A0A3Q1JIG4 Uncharact  97.4 9.2E-06 9.5E-12   65.2   0.0   41   63-104    84-124 (131)
     115 UniRef100_UPI0004F4D8A9 LOW QU  97.4 1.5E-05 1.5E-11   70.9   0.0   45   59-103    64-108 (299)
     116 UniRef100_A0A6P4WGV3 agouti-si  97.4 1.5E-05 1.5E-11   65.2   0.0   30   18-47    117-146 (149)
     117 UniRef100_A9JPS5 Agouti signal  96.8 0.00022 2.3E-10   60.0   0.0   30   18-47     46-76  (167)
     118 UniRef100_A0A643BLP8 Uncharact  96.6  0.0005 5.1E-10   60.6   0.0   41   25-68    121-163 (234)
     119 UniRef100_A0A2Z5X6H3 Agouti si  95.8  0.0077 7.9E-09   36.3   0.0   16   27-42      1-16  (21)
     120 UniRef100_A0A7L1P0P0 ASIP prot  95.5   0.013 1.3E-08   46.1   0.0   33   15-47     50-82  (84)
     121 UniRef100_Q9GMF4 Agouti signal  94.9   0.043 4.4E-08   40.7   0.0   23   18-40     35-57  (57)
     122 sp|P36983|TXP56_PLETR U1-plect  94.7   0.053   6E-08   43.1   0.0   40   65-105    35-74  (82)
     123 UniRef100_A0A3Q0H3A4 agouti-si  94.7   0.062 6.4E-08   43.8   0.0   31   17-47     43-73  (100)
     124 UniRef100_P36984 U1-plectoxin-  94.5   0.075 7.7E-08   40.1   0.0   39   65-104    15-53  (61)
     125 UniRef100_A0A0C4W4D6 Clone 942  94.4   0.068 8.5E-08   42.5   0.0   40   65-105    35-74  (80)
     126 UniRef100_P36988 U1-plectoxin-  93.9    0.16 1.6E-07   36.7   0.0   37   66-103     3-39  (46)
     127 ERR550539_895690                93.4     0.2 2.6E-07   44.1   0.0   39   65-103    82-120 (146)
     128 UniRef100_A0A2H6MZ99 Uncharact  92.8    0.37 3.9E-07   40.1   0.0   30   17-46     73-102 (102)
     129 tr|A0A1V1WBV1|A0A1V1WBV1_9SCOR  92.8    0.35 4.1E-07   38.8   0.0   40   63-103    34-73  (77)
     130 UniRef100_A0A534SR12 Uncharact  90.9     1.1 1.2E-06   31.7   0.0   18   77-94     13-30  (37)
     131 ERR1712141_363290               90.7    0.93 1.2E-06   41.1   0.0   37   65-102   116-152 (160)
     132 ERR1719419_1505987              89.2     1.8 2.2E-06   39.4   0.0   38   65-103   110-147 (155)
     133 ERR1712045_15387                88.4     2.3 2.8E-06   39.1   0.0   41   63-103   117-157 (163)
     134 ERR1711953_1292966              88.4     2.1 2.8E-06   38.7   0.0   38   65-102    82-119 (148)
     135 UniRef100_A0A0K1D8C2 Putative   88.3     2.5 2.9E-06   36.9   0.0   38   64-101    35-73  (112)
     136 ERR1712012_552060               87.7     2.4 3.4E-06   38.3   0.0   38   65-103    82-119 (146)
     137 UniRef100_A0A7J8CDE4 Agouti re  87.6     3.4 3.5E-06   35.1   0.0   24    1-24     21-44  (99)
     138 UniRef100_A0A643C1V5 Uncharact  87.6     3.4 3.5E-06   34.6   0.0   29    1-29     22-50  (90)
     139 ERR1719295_63444                86.9     3.5 4.2E-06   39.5   0.0   38   65-103   169-206 (214)
     140 UniRef100_A0A1B3IJ31 Venom pep  85.8     4.4 5.4E-06   34.6   0.0   40   63-103    49-88  (93)
     141 ERR1719342_791028               85.0     5.5 6.4E-06   37.4   0.0   39   65-103   132-170 (176)
     142 UniRef100_A0A6B9KS10 Venom gla  84.4     6.8   7E-06   31.7   0.0   28   79-106    38-65  (68)
     143 UniRef100_A0A023HHB3 Agouti si  84.0     7.4 7.6E-06   26.5   0.0   22   50-74      6-27  (27)
     144 UniRef100_A0A7J7KT62 Uncharact  83.7     7.9 8.1E-06   33.2   0.0   36   63-100    62-97  (97)
     145 ERR1711915_217597               83.3     7.1 8.6E-06   35.6   0.0   39   64-102    86-124 (136)
     146 UniRef100_A0A0A8ZR41 Uncharact  82.5     9.5 9.8E-06   35.0   0.0   24   80-103   109-132 (150)
     147 ERR1719367_212961               81.6      11 1.1E-05   34.9   0.0   39   65-103   105-143 (147)
     148 ERR1711963_1226314              81.1      10 1.2E-05   35.3   0.0   38   65-102   112-149 (154)
     149 ERR550532_1260823               80.9      11 1.2E-05   33.9   0.0   41   63-103    75-115 (120)
     150 UniRef100_P83559 Mu-hexatoxin-  79.8      14 1.5E-05   28.2   0.0   38   66-103     2-40  (46)
     151 UniRef100_A0A6B9KE66 Venom gla  79.4      15 1.5E-05   31.0   0.0   39   64-103    34-75  (81)
     152 ERR1711953_1272958              79.1      13 1.6E-05   36.5   0.0   37   65-102    90-126 (218)
     153 UniRef100_A0A0A1X392 U8-agatox  78.5      12 1.7E-05   33.4   0.0   39   64-103    71-109 (117)
     154 ERR1719483_624700               77.8      17 1.9E-05   33.5   0.0   37   64-100   103-139 (139)
     155 ERR1719458_699659               77.3      17   2E-05   33.2   0.0   38   65-103    86-123 (128)
     156 ERR1711971_84158                77.0      14   2E-05   34.5   0.0   40   63-103   110-149 (156)
     157 ERR1712179_162669               76.7      18 2.1E-05   33.8   0.0   39   65-103   103-141 (146)
     158 tr|S5MYH0|S5MYH0_9ARAC Cystine  76.5      17 2.2E-05   31.2   0.0   37   65-102    39-75  (84)
     159 ERR1711874_358987               75.7      22 2.4E-05   32.8   0.0   35   69-103   100-134 (138)
     160 tr|A0A0K1D8U8|A0A0K1D8U8_9ARAC  75.1      22 2.5E-05   32.1   0.0   37   64-100    35-73  (113)
     161 SRR5262245_12432277             74.9      23 2.6E-05   35.0   0.0   57   33-89     80-139 (223)
     162 UniRef100_A0A482Z931 U17-Hypot  74.4      26 2.7E-05   31.0   0.0   39   62-101    41-82  (103)
     163 ERR1719356_1052469              73.7      27 2.9E-05   32.8   0.0   38   65-103   107-144 (150)
     164 ERR550517_1669829               73.1      26 3.1E-05   35.3   0.0   38   65-103    96-133 (249)
     165 ERR1712223_2185690              72.9      27 3.1E-05   33.6   0.0   37   65-102    77-113 (169)
     166 UniRef100_A0A0K1D8H2 Putative   72.8      23 3.2E-05   30.3   0.0   36   66-102    35-70  (82)
     167 ERR1719394_2130611              70.7      35 3.8E-05   34.9   0.0   38   65-103   224-261 (268)
     168 UniRef100_A0A2H8TKN3 U8-agatox  69.5      39 4.3E-05   31.9   0.0   38   65-103   101-138 (145)
     169 ERR1719474_392376               68.7      43 4.6E-05   31.7   0.0   39   65-103   104-142 (148)
     170 ERR1719492_173428               68.2      41 4.7E-05   31.9   0.0   39   65-103    86-124 (147)
     171 UniRef100_A0A0L7QJX0 Uncharact  67.6      41   5E-05   30.8   0.0   38   65-103    71-108 (114)
     172 ERR1719188_927157               67.5      37   5E-05   31.8   0.0   40   63-103    90-129 (138)
     173 UniRef100_UPI0008F9CCA3 U8-aga  66.1      51 5.6E-05   29.6   0.0   38   64-102    57-94  (101)
     174 ERR1719367_2008204              65.9      44 5.7E-05   32.6   0.0   38   65-103   134-171 (177)
     175 UniRef100_A0A4Y2TBZ0 Uncharact  64.6      61 6.3E-05   27.3   0.0   18   15-32     11-28  (68)
     176 UniRef100_A0A0K1D8T9 Putative   63.6      52 6.7E-05   29.1   0.0   35   65-100    38-72  (90)
     177 UniRef100_A0A287AAC1 Uncharact  62.8      65 7.1E-05   28.3   0.0   34   17-50     44-77  (85)
     178 UniRef100_A0A4Y5UI29 Hemocyte   62.7      65 7.2E-05   26.2   0.0   38   65-103    10-47  (54)
     179 UniRef100_B3EWT2 Toxin CSTX-17  61.9      74 7.6E-05   24.4   0.0   35   67-102     2-36  (40)
     180 UniRef100_A0A1V9X3V2 Uncharact  61.2      78   8E-05   30.9   0.0   43   59-102   126-168 (175)
     181 UniRef100_UPI0012E064AB hypoth  60.9      79 8.2E-05   27.8   0.0   22   26-47     22-43  (86)
     182 UniRef100_A0A2L2YIL4 U8-agatox  60.8      80 8.2E-05   28.1   0.0   38   65-103    49-86  (93)
     183 UniRef100_UPI000C26CCF6 unchar  60.3      82 8.5E-05   29.2   0.0   39   64-103    76-114 (120)
     184 UniRef100_T1KBA3 Uncharacteriz  60.2      67 8.5E-05   30.7   0.0   38   65-103    98-135 (143)
     185 ERR1719477_344188               59.0      79 9.3E-05   29.9   0.0   38   65-103    69-106 (129)
     186 ERR1711997_666537               58.2      82 9.8E-05   29.6   0.0   40   63-102    74-115 (124)
     187 UniRef100_A0A023G4R1 Putative   57.6      68  0.0001   30.1   0.0   38   65-103    83-120 (136)
     188 ERR1739838_316718               57.4      95  0.0001   28.8   0.0   34   65-99     67-100 (114)
     189 ERR550519_2539402               57.3      85  0.0001   30.1   0.0   44   58-102    89-132 (141)
     190 UniRef100_Q5Y4U4 U8-agatoxin-A  57.1   1E+02 0.00011   27.9   0.0   46   64-110    47-93  (99)
     191 UniRef100_A0A286RHZ7 Uncharact  56.2 1.1E+02 0.00011   23.8   0.0   33   12-44      2-34  (41)
     192 UniRef100_A0A1X7MD42 Uncharact  55.1 1.2E+02 0.00012   20.4   0.0   17   25-41      4-20  (20)
     193 ERR1712110_131647               55.0      86 0.00012   30.8   0.0   39   64-103   124-162 (171)
     194 ERR1712004_476579               52.9 1.1E+02 0.00014   31.0   0.0   38   65-103   111-148 (197)
     195 ERR1712227_462044               52.1 1.3E+02 0.00014   29.2   0.0   39   64-103    96-134 (142)
     196 UniRef100_A0A6V7JN99 Uncharact  51.1 1.5E+02 0.00015   23.2   0.0   18   26-43     21-38  (41)
     197 UniRef100_Q77ZH3 Cysteine-rich  50.8 1.4E+02 0.00016   30.3   0.0   35   54-88    119-153 (205)
     198 ERR1712029_692102               50.4 1.1E+02 0.00016   30.0   0.0   38   65-103   122-159 (168)
     199 tr|Q77ZH4|Q77ZH4_CSIVT Cystein  50.4 1.5E+02 0.00016   30.2   0.0   35   54-88    119-153 (203)
     200 ERR1712080_455411               49.8 1.4E+02 0.00017   29.0   0.0   38   65-103    85-122 (144)
     201 SRR5665647_1962757              49.4 1.6E+02 0.00017   30.0   0.0   19   89-107    24-42  (204)
     202 ERR1719187_3111922              49.2 1.4E+02 0.00017   29.1   0.0   39   64-103    71-109 (145)
     203 tr|A0A0C9R6U0|A0A0C9R6U0_9HYME  49.1 1.4E+02 0.00017   29.7   0.0   38   65-103   127-164 (170)
     204 UniRef100_A0A4Y2B2M7 Uncharact  49.0 1.7E+02 0.00017   27.9   0.0   38   65-103    85-122 (129)
     205 UniRef100_A0A0C9Q364 TXAG8_1 p  48.1 1.7E+02 0.00018   29.0   0.0   38   65-103   118-155 (161)
     206 UniRef100_A0A7J8D6G5 Uncharact  47.8 1.8E+02 0.00019   28.1   0.0   25   84-108   105-129 (144)
     207 UniRef100_A0A0L8HXQ3 Uncharact  47.5 1.8E+02 0.00019   26.5   0.0   39   61-99     43-85  (92)
     208 UniRef100_A0A1H5CHV8 Uncharact  47.4 1.9E+02 0.00019   23.7   0.0   26    3-29      1-26  (50)
     209 UniRef100_A0A147BFN0 Putative   46.9 1.9E+02  0.0002   28.7   0.0   39   64-103   118-156 (164)
     210 ERR1712038_2048525              46.8 1.5E+02  0.0002   30.0   0.0   38   65-103   141-178 (188)
     211 tr|U4UIJ7|U4UIJ7_DENPD Unchara  46.8 1.7E+02  0.0002   28.5   0.0   38   65-103    97-134 (140)
     212 tr|A0A287ST59|A0A287ST59_HORVV  46.0 1.9E+02 0.00021   28.9   0.0   25   62-88    106-130 (168)
     213 UniRef100_UPI00026574C3 unchar  46.0   2E+02 0.00021   28.9   0.0   38   65-103   139-176 (186)
     214 UniRef100_A0A377GEX1 Uncharact  45.5 2.1E+02 0.00021   21.4   0.0   28   19-46      3-30  (31)
     215 UniRef100_A0A336K798 CSON00247  45.3 2.1E+02 0.00022   25.8   0.0   38   65-103    27-64  (87)
     216 UniRef100_P34079 Omega-plectox  44.3 2.2E+02 0.00023   22.8   0.0   35   66-101     2-37  (44)
     217 UniRef100_A0A4Y2B988 Uncharact  44.1 2.3E+02 0.00023   27.5   0.0   39   64-103    94-132 (140)
     218 UniRef100_A0A5B7GG44 Uncharact  43.2 2.4E+02 0.00025   25.1   0.0   56   21-76      8-63  (79)
     219 UniRef100_A0A164QGD3 U8-agatox  43.1 2.2E+02 0.00025   25.0   0.0   38   65-103    27-64  (70)
     220 ERR1719502_1203224              42.7 2.4E+02 0.00025   29.4   0.0   30   71-102    20-49  (229)
     221 ERR1719348_2216829              41.8 2.1E+02 0.00027   29.0   0.0   39   65-103    98-136 (177)
     222 ERR1719474_1190542              41.4 2.5E+02 0.00027   29.0   0.0   38   66-104   157-194 (202)
     223 SRR5688572_13217972             41.1 2.4E+02 0.00028   27.7   0.0   22   63-84     66-87  (141)
     224 UniRef100_A0A455T1L8 Uncharact  40.6 2.8E+02 0.00029   26.9   0.0   31   57-87     66-96  (133)
     225 SRR5688572_29847146             40.4 2.4E+02 0.00029   27.6   0.0   28   84-111     4-31  (139)
     226 SRR3954449_13614060             40.4 2.7E+02 0.00029   27.8   0.0   15   63-77     68-82  (161)
     227 UniRef100_F7JX33 Uncharacteriz  40.0 2.9E+02  0.0003   22.3   0.0   29   18-46     10-38  (44)
     228 UniRef100_X1GMD6 Uncharacteriz  39.9 2.9E+02  0.0003   22.7   0.0   35    6-40     10-44  (49)
     229 UniRef100_U4UIJ7 Uncharacteriz  39.7 2.9E+02  0.0003   26.9   0.0   40   63-103    95-134 (140)
     230 tr|A0A0P6I6W0|A0A0P6I6W0_9CRUS  39.7 2.4E+02  0.0003   28.8   0.0   39   64-103   140-178 (184)
     231 tr|A0A179UKM2|A0A179UKM2_BLAGS  39.5 2.8E+02 0.00031   30.0   0.0   53   57-109   110-168 (282)
     232 UniRef100_UPI000B376D78 unchar  39.1 3.1E+02 0.00031   26.9   0.0   38   65-103    98-135 (141)
     233 sp|B6DD52|TXG01_LYCSI U16-lyco  38.9 2.8E+02 0.00032   25.1   0.0   38   64-102    33-70  (82)
     234 UniRef100_A0A091E113 Uncharact  38.8 3.1E+02 0.00032   26.3   0.0   36   31-66      9-44  (124)
     235 SRR4029434_744668               38.7 2.9E+02 0.00032   27.7   0.0   36   14-49     70-105 (158)
     236 UniRef100_A0A1Q5H2I1 General s  38.6 2.9E+02 0.00032   23.7   0.0   20   35-54     25-44  (60)
     237 UniRef100_A0A6A4VTM5 U8-agatox  38.4 3.2E+02 0.00033   27.1   0.0   38   65-103   104-141 (151)
     238 UniRef100_A0A7J7CIZ1 Uncharact  37.9 3.3E+02 0.00034   25.0   0.0   27   16-42     40-66  (91)
     239 ERR1719510_1285185              37.5   3E+02 0.00035   27.5   0.0   38   65-103    93-130 (152)
     240 ERR1712001_390746               37.4 2.8E+02 0.00035   28.2   0.0   32   65-97    139-170 (171)
     241 UniRef100_UPI000C771AD4 unchar  36.9 3.5E+02 0.00036   27.0   0.0   36   67-103   115-150 (157)
     242 ERR1719187_1038629              36.3 2.9E+02 0.00037   27.1   0.0   39   64-103    89-127 (135)
     243 SRR4029434_9084191              36.2 3.3E+02 0.00037   27.2   0.0   36   14-49    106-141 (150)
     244 ERR1700741_120133               35.7 3.4E+02 0.00039   28.4   0.0   41   29-69    118-163 (207)
     245 SRR4051812_15467467             35.3 3.6E+02 0.00039   28.3   0.0   27   14-42     46-72  (213)
     246 UniRef100_G2QKE7 GMC_oxred_C d  34.7   4E+02 0.00041   22.7   0.0   37    7-43     12-48  (56)
     247 ERR1719481_2314566              34.6 3.9E+02 0.00041   29.6   0.0   17   79-95     82-98  (349)
     248 UniRef100_A0A4W5LJW3 Uncharact  34.1 3.8E+02 0.00043   24.6   0.0   44    9-52     33-78  (84)
     249 UniRef100_A0A4D6MYR7 Uncharact  33.9 4.2E+02 0.00043   26.6   0.0   25   15-39    123-147 (157)
     250 ERR1719239_1947710              33.5 4.3E+02 0.00044   26.3   0.0   15   81-95     38-52  (149)
     251 ERR1719263_686614               33.5 4.3E+02 0.00044   26.8   0.0   27   21-47     88-114 (170)
     252 ERR1712088_1018443              33.4 3.9E+02 0.00044   27.5   0.0   39   65-104   110-148 (178)
     253 SRR6185312_10727532             33.3 3.8E+02 0.00045   29.4   0.0   30   79-108   253-282 (293)
     254 UniRef100_A0A0C4WA09 Clone 168  33.1 4.4E+02 0.00045   24.1   0.0   36   65-101    38-74  (84)
     255 ERR1712025_471245               32.4 4.6E+02 0.00048   25.4   0.0   29   79-107    65-93  (120)
     256 UniRef100_A0A077ZRK1 Uncharact  32.2 4.7E+02 0.00048   27.9   0.0   19   85-103   103-121 (243)
     257 SRR5215470_11063888             31.8 4.5E+02 0.00049   29.7   0.0   49   58-110    87-143 (372)
     258 ERR550519_1276742               31.1 4.8E+02 0.00051   26.1   0.0   34   62-95     97-130 (144)
     259 ERR1711978_285875               30.6 4.9E+02 0.00053   26.6   0.0   22   82-103     5-26  (166)
     260 UniRef100_A0A0P0W138 Os03g0639  29.9 5.3E+02 0.00056   24.9   0.0   27   21-47     31-58  (112)
     261 ERR1719489_690760               29.6 5.3E+02 0.00057   27.7   0.0   23   25-47    187-209 (245)
     262 UniRef100_A0A4Y5UGN6 Toxin 42   29.6 5.2E+02 0.00057   24.2   0.0   40   64-104    20-59  (91)
     263 UniRef100_A0A0F9SQ89 Uncharact  29.4 5.6E+02 0.00057   23.4   0.0   33   23-55      7-43  (79)
     264 SRR5687768_2162048              28.5 5.4E+02 0.00061   27.2   0.0   37   75-111    16-52  (203)
     265 UniRef100_A0A3N6QJ17 Uncharact  28.5 5.7E+02 0.00061   23.9   0.0   31   12-42     33-64  (91)
     266 UniRef100_A0A179UKM2 Uncharact  28.4   6E+02 0.00061   27.8   0.0   53   57-109   110-168 (282)
     267 UniRef100_UPI00166CA630 hypoth  28.3   6E+02 0.00062   25.1   0.0   16   32-47    109-124 (131)
     268 ERR1719186_557028               27.9 6.1E+02 0.00063   26.5   0.0   46   62-107   107-154 (188)
     269 UniRef100_A0A7S2AB39 Hypotheti  27.9 6.2E+02 0.00063   25.0   0.0   21   64-84     16-36  (129)
     270 UniRef100_A0A4Y2FRY1 Uncharact  27.7 6.2E+02 0.00064   26.3   0.0   39    4-42     28-66  (186)
     271 UniRef100_A0A1R3KV69 Uncharact  27.5 6.3E+02 0.00065   22.2   0.0   35   10-44     26-60  (62)
     272 UniRef100_A0A2P5Y2H6 Uncharact  27.3 6.4E+02 0.00066   22.5   0.0   27   21-47     15-41  (68)
     273 UniRef100_A0A287EB24 Oxidored_  26.4 6.8E+02 0.00071   23.2   0.0   23   21-43     60-82  (85)
     274 UniRef100_A0A162X950 Uncharact  26.3 6.9E+02 0.00071   27.7   0.0   21   25-45     70-90  (303)
     275 SRR5690349_1053139              26.2 6.2E+02 0.00071   25.9   0.0   29   74-102     1-29  (156)
     276 UniRef100_A0A2P6U417 Uncharact  25.9 7.1E+02 0.00073   26.7   0.0   27   85-111   187-213 (229)
     277 SRR5262245_42314277             25.6 6.5E+02 0.00074   25.8   0.0   41   57-98    115-155 (156)
     278 UniRef100_A0A3D3DEK7 Pyruvate,  25.5 7.3E+02 0.00075   23.5   0.0   32   16-47     18-49  (95)
     279 tr|A0A0P0DM92|A0A0P0DM92_9ARAC  25.4   6E+02 0.00075   25.1   0.0   41   62-103    51-95  (124)
     280 UniRef100_UPI001898A9BA hypoth  24.8 7.6E+02 0.00078   22.9   0.0   19    9-27      9-27  (82)
     281 UniRef100_A0A367L5H6 Uncharact  24.8 7.6E+02 0.00078   27.1   0.0   27   60-86    175-201 (270)
     282 UniRef100_A0A7S0W893 Hypotheti  24.8 7.7E+02 0.00079   27.2   0.0   24   23-46    130-153 (283)
     283 UniRef100_A0A0S7XVL7 Uncharact  24.6 7.7E+02 0.00079   22.6   0.0   22   21-42     56-77  (77)
     284 ERR1719410_1816560              24.3 7.3E+02 0.00082   26.0   0.0   37   65-101    92-128 (177)
     285 SRR6185437_1175234              23.6 7.5E+02 0.00086   26.4   0.0   69   33-101    28-96  (197)
     286 UniRef100_A0A2J6L1M2 Uncharact  23.4 8.5E+02 0.00087   24.3   0.0   58   15-72      9-70  (130)
     287 ERR1719383_59340                23.3 8.5E+02 0.00087   28.0   0.0   20   27-46    274-293 (397)
     288 ERR1740121_3197836              23.3   8E+02 0.00088   27.7   0.0   33   57-89     59-94  (319)
     289 UniRef100_A0A063BZ45 Uncharact  23.3 8.5E+02 0.00088   27.9   0.0   48   59-108   162-214 (382)
     290 UniRef100_A0A7M7KPN0 Uncharact  23.2 8.6E+02 0.00088   26.4   0.0   37   65-102   193-229 (241)
     291 UniRef100_UPI00117E3C1C PAS do  23.1 8.7E+02 0.00089   22.9   0.0   39    3-41      1-43  (90)
     292 UniRef100_UPI0018EA929E hypoth  23.0 8.7E+02  0.0009   21.2   0.0   26   18-43     12-37  (57)
     293 UniRef100_A0A7X9FRN7 Uncharact  22.7 8.9E+02 0.00092   24.9   0.0   26   30-55    108-133 (161)
     294 tr|A0A2D2PXE9|A0A2D2PXE9_KLEPN  22.5 8.1E+02 0.00093   23.1   0.0   27   20-46     38-64  (87)
     295 UniRef100_A0A4Y2FJ12 Uncharact  22.3 9.2E+02 0.00095   23.4   0.0   22    3-24      1-22  (107)
     296 ERR1719400_676930               21.9 8.2E+02 0.00097   25.9   0.0   38   65-103   112-149 (185)
     297 UniRef100_A0A232EQ10 Uncharact  21.6 8.6E+02   0.001   23.9   0.0   37   66-103    61-97  (109)
     298 ERR1719265_2464841              21.5 9.2E+02   0.001   25.1   0.0   42   70-111    40-81  (162)
     299 UniRef100_A0A5B6U7V0 NADH dehy  21.3 9.9E+02   0.001   26.8   0.0   27   21-47    129-156 (301)
     300 UniRef100_A0A2N3AMK1 MerR fami  21.2 9.4E+02   0.001   22.7   0.0   38    5-42     17-54  (86)
     301 UniRef100_A0A4U5P6Q3 PORR doma  21.0 9.6E+02   0.001   25.5   0.0   27   21-47     62-88  (185)
     302 SRR5260370_37422373             20.4 8.8E+02  0.0011   25.7   0.0   42    5-46     98-139 (181)
     303 UniRef100_UPI0019649D75 hypoth  20.4 1.1E+03  0.0011   21.1   0.0   29   14-42     33-61  (62)
     304 tr|T1HB73|T1HB73_RHOPR Unchara  20.3 8.9E+02  0.0011   28.4   0.0   39   64-103   354-392 (398)
     305 sp|A9XDG3|TLCOG_GEOA2 Omega-ly  20.2 9.1E+02  0.0011   22.9   0.0   23   63-85     40-62  (87)
     
  > Uniprot already searched, skipping.

>> Job finished at: Fri Feb 24 02:15:04 CET 2023

>> Runtime: 40047 s
