>> Job started at: Wed Mar  8 19:59:45 CET 2023
   On Machine:     ilfgridgpun01fl.unicph.domain
   In directory:   /projects/ilfgrid/people/nqz918/code/deorph/scripts/af_arman/af_jobs_af23/nmbr_human/6175

>> GPU is 

Loaded miniconda shell environment for bash
> Running 'prep_MSAs.sh'
  > Alphafold-DB directory is set to /projects/ilfgrid/data/alphafold-genetic-databases//
  > Number of cores was set to set to 4
  > Max memory set to 20 GB
  > Output directory was set to /projects/ilfgrid/people/nqz918/code/deorph/scripts/af_arman/af_jobs_af23/nmbr_human/6175/
  > Input fastafile was set to /projects/ilfgrid/people/nqz918/code/deorph/scripts/af_arman/af_jobs_af23/nmbr_human/6175/nmbr_human-6175.fasta
> Splitting fastafile
> Running chain A
  > Uniref90 already searched, skipping.
  > Mgnify already searched, skipping.
  > Running hhblits on bfd_uniref30
- 20:00:06.099 INFO: Searching 65983866 column state sequences.

- 20:00:07.147 INFO: Searching 29291635 column state sequences.

- 20:00:07.183 INFO: nmbr_human-6175/msas/A/chain_A.fasta is in A2M, A3M or FASTA format

- 20:00:07.183 INFO: Iteration 1

- 20:00:07.396 INFO: Prefiltering database

- 20:01:32.575 INFO: HMMs passed 1st prefilter (gapless profile-profile alignment)  : 1406945

- 20:02:21.158 INFO: HMMs passed 1st prefilter (gapless profile-profile alignment)  : 855696

- 20:02:23.896 INFO: HMMs passed 2nd prefilter (gapped profile-profile alignment)   : 30633

- 20:02:23.896 INFO: HMMs passed 2nd prefilter and not found in previous iterations : 30633

- 20:02:23.896 INFO: Scoring 30633 HMMs using HMM-HMM Viterbi alignment

- 20:02:23.956 INFO: Alternative alignment: 0

- 20:02:24.773 INFO: 2000 alignments done

- 20:02:25.493 INFO: 4000 alignments done

- 20:02:26.172 INFO: 6000 alignments done

- 20:02:26.882 INFO: 8000 alignments done

- 20:02:27.472 INFO: 10000 alignments done

- 20:02:28.069 INFO: 12000 alignments done

- 20:02:28.631 INFO: 14000 alignments done

- 20:02:29.136 INFO: 16000 alignments done

- 20:02:29.656 INFO: 18000 alignments done

- 20:02:30.194 INFO: 20000 alignments done

- 20:02:30.719 INFO: 22000 alignments done

- 20:02:31.316 INFO: 24000 alignments done

- 20:02:31.817 INFO: 26000 alignments done

- 20:02:32.341 INFO: 28000 alignments done

- 20:02:33.058 INFO: 30000 alignments done

- 20:02:33.368 INFO: 30633 alignments done

- 20:02:33.369 INFO: Alternative alignment: 1

- 20:02:42.460 INFO: 30566 alignments done

- 20:02:42.512 INFO: Alternative alignment: 2

- 20:02:44.728 INFO: 5066 alignments done

- 20:02:44.810 INFO: Alternative alignment: 3

- 20:02:45.285 INFO: 752 alignments done

- 20:02:46.166 INFO: Premerge done

- 20:02:46.167 INFO: Realigning 13041 HMM-HMM alignments using Maximum Accuracy algorithm

- 20:03:29.274 INFO: 13043 sequences belonging to 13043 database HMMs found with an E-value < 0.001

- 20:03:29.274 INFO: Number of effective sequences of resulting query HMM: Neff = 10.5504

- 20:03:29.495 INFO: Iteration 2

- 20:03:29.495 INFO: Set premerge to 0! (premerge: 3 iteration: 2 hits.Size: 13040)

- 20:03:29.621 INFO: Prefiltering database

- 20:04:50.349 INFO: HMMs passed 1st prefilter (gapless profile-profile alignment)  : 6788491

- 20:05:48.767 INFO: HMMs passed 1st prefilter (gapless profile-profile alignment)  : 3099549

- 20:06:04.938 INFO: HMMs passed 2nd prefilter (gapped profile-profile alignment)   : 90793

- 20:06:04.938 INFO: HMMs passed 2nd prefilter and not found in previous iterations : 78021

- 20:06:04.938 INFO: Scoring 78021 HMMs using HMM-HMM Viterbi alignment

- 20:06:05.021 INFO: Alternative alignment: 0

- 20:06:06.150 INFO: 2000 alignments done

- 20:06:07.022 INFO: 4000 alignments done

- 20:06:07.646 INFO: 6000 alignments done

- 20:06:08.288 INFO: 8000 alignments done

- 20:06:08.807 INFO: 10000 alignments done

- 20:06:09.340 INFO: 12000 alignments done

- 20:06:09.916 INFO: 14000 alignments done

- 20:06:09.918 INFO: Stop after DB-HHM: 14000 because early stop  6.86372 < filter cutoff 20

- 20:06:09.919 INFO: Alternative alignment: 1

- 20:06:13.006 INFO: 9467 alignments done

- 20:06:13.016 INFO: Alternative alignment: 2

- 20:06:13.499 INFO: 848 alignments done

- 20:06:13.500 INFO: Alternative alignment: 3

- 20:06:13.598 INFO: 124 alignments done

- 20:06:13.688 INFO: Realigning 5018 HMM-HMM alignments using Maximum Accuracy algorithm

- 20:06:42.075 INFO: 18061 sequences belonging to 18061 database HMMs found with an E-value < 0.001

- 20:06:42.075 INFO: Number of effective sequences of resulting query HMM: Neff = 11.4537

- 20:06:42.209 INFO: Iteration 3

- 20:06:42.406 INFO: Prefiltering database

- 20:08:01.476 INFO: HMMs passed 1st prefilter (gapless profile-profile alignment)  : 5992380

- 20:08:56.290 INFO: HMMs passed 1st prefilter (gapless profile-profile alignment)  : 2702726

- 20:09:07.121 INFO: HMMs passed 2nd prefilter (gapped profile-profile alignment)   : 93777

- 20:09:07.121 INFO: HMMs passed 2nd prefilter and not found in previous iterations : 76078

- 20:09:07.121 INFO: Scoring 76078 HMMs using HMM-HMM Viterbi alignment

- 20:09:07.169 INFO: Alternative alignment: 0

- 20:09:08.056 INFO: 2000 alignments done

- 20:09:08.820 INFO: 4000 alignments done

- 20:09:09.399 INFO: 6000 alignments done

- 20:09:10.044 INFO: 8000 alignments done

- 20:09:10.689 INFO: 10000 alignments done

- 20:09:10.695 INFO: Stop after DB-HHM: 10000 because early stop  7.82999 < filter cutoff 20

- 20:09:10.695 INFO: Alternative alignment: 1

- 20:09:12.527 INFO: 5054 alignments done

- 20:09:12.531 INFO: Alternative alignment: 2

- 20:09:12.866 INFO: 531 alignments done

- 20:09:12.866 INFO: Alternative alignment: 3

- 20:09:12.953 INFO: 89 alignments done

- 20:09:13.022 INFO: Rescoring previously found HMMs with Viterbi algorithm

- 20:09:13.063 INFO: Alternative alignment: 0

- 20:09:13.705 INFO: 2000 alignments done

- 20:09:14.335 INFO: 4000 alignments done

- 20:09:14.966 INFO: 6000 alignments done

- 20:09:15.593 INFO: 8000 alignments done

- 20:09:16.220 INFO: 10000 alignments done

- 20:09:16.842 INFO: 12000 alignments done

- 20:09:17.441 INFO: 14000 alignments done

- 20:09:18.062 INFO: 16000 alignments done

- 20:09:18.590 INFO: 17698 alignments done

- 20:09:18.609 INFO: Alternative alignment: 1

- 20:09:24.551 INFO: 17698 alignments done

- 20:09:24.591 INFO: Alternative alignment: 2

- 20:09:25.278 INFO: 1233 alignments done

- 20:09:25.279 INFO: Alternative alignment: 3

- 20:09:25.425 INFO: 186 alignments done

- 20:09:25.744 INFO: Premerge done

- 20:09:25.745 INFO: Realigning 18346 HMM-HMM alignments using Maximum Accuracy algorithm

- 20:10:06.223 INFO: 18420 sequences belonging to 18420 database HMMs found with an E-value < 0.001

- 20:10:06.223 INFO: Number of effective sequences of resulting query HMM: Neff = 11.4916

     Query         nmbr_human P28336
     Match_columns 390
     No_of_seqs    1720 out of 228606
     Neff          11.4916
     Searched_HMMs 101411
     Date          Wed Mar  8 20:10:06 2023
     Command       hhblits -i nmbr_human-6175/msas/A/chain_A.fasta -cpu 4 -maxmem 20 -oa3m /projects/ilfgrid/people/nqz918/code/deorph/scripts/af_arman/af_jobs_af23/nmbr_human/6175//nmbr_human-6175/msas/A/bfd_uniref_hits.a3m -o /dev/null -n 3 -e 0.001 -maxseq 1000000 -realign_max 100000 -maxfilt 100000 -min_prefilter_hits 1000 -d /projects/ilfgrid/data/alphafold-genetic-databases///bfd/bfd_metaclust_clu_complete_id30_c90_final_seq.sorted_opt -d /projects/ilfgrid/data/alphafold-genetic-databases///uniref30/UniRef30_2021_03 
     
      No Hit                             Prob E-value P-value  Score    SS Cols Query HMM  Template HMM
       1 UniRef100_A0A060W8D4 G_PROTEIN 100.0 8.2E-66 8.3E-72  416.6   0.0  389    1-390    65-453 (480)
       2 tr|A0A1A7XTS5|A0A1A7XTS5_9TELE 100.0   1E-64 1.1E-70  400.9   0.0  388    1-390    36-428 (428)
       3 tr|A0A060W8D4|A0A060W8D4_ONCMY 100.0 3.2E-56 3.2E-62  359.7   0.0  357   26-390    99-455 (455)
       4 UniRef100_A0A1S3HKE5 allatosta 100.0 2.2E-55 2.2E-61  373.8   0.0  296   42-344    81-377 (462)
       5 UniRef100_A0A6P4Z4S7 G-protein 100.0 1.8E-54 1.7E-60  371.6   0.0  300   40-347    56-355 (417)
       6 UniRef100_A0A0K0PUT9 Excitator 100.0   2E-54   2E-60  369.3   0.0  300   41-346   101-404 (474)
       7 tr|A0A2C9JWF9|A0A2C9JWF9_BIOGL 100.0 2.9E-54 2.9E-60  361.6   0.0  303   42-347    64-369 (403)
       8 UniRef100_A0A024FLF0 PQRFa pep 100.0 6.3E-54 6.2E-60  366.1   0.0  297   42-343    48-346 (413)
       9 UniRef100_A0A087YAA7 Neuromedi 100.0 6.2E-54 6.4E-60  344.5   0.0  390    1-390   101-495 (495)
      10 UniRef100_A0A023F675 Putative  100.0 9.6E-54 9.6E-60  371.0   0.0  301   37-344   120-420 (530)
      11 UniRef100_A0A026X3T6 Allatosta 100.0 1.3E-53 1.3E-59  363.4   0.0  291   42-346   138-428 (540)
      12 UniRef100_A0A0K0PUL8 Allatosta 100.0 2.8E-53 2.8E-59  352.2   0.0  301   37-344    44-345 (396)
      13 UniRef100_A0A060X0J2 G_PROTEIN 100.0 4.3E-53 4.4E-59  354.2   0.0  346   41-388   127-473 (554)
      14 UniRef100_A0A0K0PUR1 Orphan G- 100.0 5.8E-53 5.8E-59  362.6   0.0  295   39-339   110-407 (530)
      15 tr|C3XSP5|C3XSP5_BRAFL Unchara 100.0 1.2E-52 1.2E-58  336.7   0.0  302   43-347    27-330 (403)
      16 UniRef100_A0A6P4Y4T1 galanin r 100.0 1.8E-52 1.8E-58  346.0   0.0  297   42-345    57-353 (410)
      17 tr|G1KTG8|G1KTG8_ANOCA Gastrin 100.0 2.4E-52 2.4E-58  338.4   0.0  343   41-386    92-435 (435)
      18 UniRef100_A0A154PKR3 Tachykini 100.0 3.1E-52 3.1E-58  351.1   0.0  299   39-343    72-374 (457)
      19 UniRef100_A0A2B4S7K2 Histamine 100.0 4.5E-52 4.5E-58  348.1   0.0  293   39-345    28-329 (369)
      20 UniRef100_A0A1N7TCF1 Galanin r 100.0 4.5E-52 4.6E-58  344.1   0.0  297   38-346    66-363 (407)
      21 UniRef100_A0A026W5R0 Orexin re 100.0 4.7E-52 4.8E-58  357.0   0.0  299   40-344   114-427 (529)
      22 tr|A0A0P7U387|A0A0P7U387_9TELE 100.0 5.3E-52 5.4E-58  345.8   0.0  294   38-345   123-417 (556)
      23 UniRef100_A0A177B9B5 Rhodopsin 100.0 7.9E-52 7.9E-58  342.7   0.0  315   24-344    71-403 (464)
      24 UniRef100_A0A6P4XD29 neuropept 100.0 1.5E-51 1.5E-57  338.5   0.0  295   43-340    41-339 (385)
      25 UniRef100_A0A141CIT8 G protein 100.0 1.8E-51 1.9E-57  346.4   0.0  294   39-343    82-376 (488)
      26 UniRef100_A0A026WW28 Neuropept 100.0   2E-51   2E-57  354.1   0.0  297   39-344    84-381 (552)
      27 UniRef100_A0A087QXE5 Gastrin-r 100.0 2.3E-51 2.3E-57  339.8   0.0  343   43-388   140-483 (570)
      28 UniRef100_A0A2B4SDF9 Neuropept 100.0 2.8E-51 2.8E-57  342.5   0.0  289   41-340    87-376 (455)
      29 UniRef100_A0A060VSP8 5-hydroxy 100.0 2.9E-51 2.9E-57  347.2   0.0  295   39-347    83-419 (479)
      30 UniRef100_A0A077Z2H9 Putative  100.0 3.7E-51 3.7E-57  347.4   0.0  301   40-344    68-398 (477)
      31 UniRef100_A0A0K0PUI9 Orphan G- 100.0 3.9E-51 3.9E-57  354.5   0.0  302   40-345    98-409 (534)
      32 UniRef100_A0A060X1Q6 Somatosta 100.0 4.1E-51 4.2E-57  353.8   0.0  287   41-343   137-424 (604)
      33 UniRef100_A0A087X575 NPY-Y2 re 100.0 5.7E-51 5.7E-57  337.0   0.0  299   42-343    72-371 (426)
      34 UniRef100_A0A026WTK8 Tachykini 100.0 6.6E-51 6.6E-57  347.4   0.0  299   39-342    85-387 (556)
      35 UniRef100_A0A0K0PUX7 Orphan G- 100.0   7E-51   7E-57  346.8   0.0  294   41-344    60-355 (471)
      36 UniRef100_A0A077YWL6 Somatosta 100.0 7.5E-51 7.5E-57  348.7   0.0  296   43-346    65-363 (446)
      37 UniRef100_A0A139WB32 Tachykini 100.0 8.3E-51 8.4E-57  336.3   0.0  305   37-346    37-345 (405)
      38 UniRef100_A0A0K0PUH3 Allatotro 100.0 1.2E-50 1.3E-56  332.4   0.0  314   24-345    49-375 (424)
      39 UniRef100_A0A369RW72 Octopamin 100.0 1.9E-50 1.9E-56  346.6   0.0  283   44-339    55-354 (412)
      40 UniRef100_A0A6J8CLU9 HCRTR2 n= 100.0 1.9E-50 1.9E-56  331.4   0.0  300   42-346    51-361 (422)
      41 UniRef100_A0A164MD49 Putative  100.0 2.1E-50 2.1E-56  338.3   0.0  294   46-345    52-397 (498)
      42 UniRef100_A0A0C9QBK4 GHSR_0 pr 100.0 2.4E-50 2.4E-56  356.3   0.0  304   38-344   167-475 (591)
      43 UniRef100_A0A034WDF0 Allatosta 100.0 2.8E-50 2.8E-56  340.5   0.0  297   38-344    90-386 (459)
      44 UniRef100_A0A0L8H201 G_PROTEIN 100.0 2.8E-50 2.9E-56  329.0   0.0  302   42-347    84-386 (461)
      45 UniRef100_A0A060X5Z5 G_PROTEIN 100.0 3.1E-50 3.1E-56  345.5   0.0  289   43-343    83-384 (522)
      46 UniRef100_A0A068YB14 Neuropept 100.0 3.4E-50 3.4E-56  343.5   0.0  299   39-343    50-352 (448)
      47 tr|M3ZFE6|M3ZFE6_XIPMA Somatos 100.0 3.6E-50 3.6E-56  333.0   0.0  291   39-345   100-391 (525)
      48 UniRef100_A0A061INJ6 Pyrogluta 100.0 4.3E-50 4.3E-56  351.5   0.0  302   39-342   148-457 (594)
      49 UniRef100_A0A060X690 G_PROTEIN 100.0 4.6E-50 4.7E-56  326.7   0.0  295   39-345    42-337 (386)
      50 UniRef100_A0A1D2M4J2 Neuropept 100.0 4.7E-50 4.7E-56  338.0   0.0  295   42-342   125-422 (497)
      51 UniRef100_A0A1D1W534 G_PROTEIN 100.0 4.9E-50 4.9E-56  347.3   0.0  296   44-345    79-435 (492)
      52 UniRef100_A0A060VUW6 G_PROTEIN 100.0 5.3E-50 5.3E-56  354.8   0.0  289   42-345   116-441 (574)
      53 UniRef100_A0A2G8KL37 Cholecyst 100.0 5.3E-50 5.4E-56  333.8   0.0  297   44-345    99-432 (493)
      54 tr|L7LZ94|L7LZ94_9ACAR Putativ 100.0 6.3E-50 6.4E-56  325.8   0.0  302   33-346    92-395 (438)
      55 UniRef100_A0A1S3AR81 gastrin-r 100.0 6.4E-50 6.5E-56  324.4   0.0  338   42-382    42-380 (410)
      56 UniRef100_A0A068WW83 Allatosta 100.0 9.4E-50 9.4E-56  341.0   0.0  285   39-337    62-347 (432)
      57 UniRef100_A0A060W5Z4 G_PROTEIN 100.0 9.5E-50 9.6E-56  342.0   0.0  286   43-345   190-476 (593)
      58 UniRef100_A0A210QEM7 Neuropept 100.0 1.4E-49 1.4E-55  328.0   0.0  298   42-346    49-349 (416)
      59 UniRef100_A0A2B4RSM5 Neuropept 100.0 1.7E-49 1.7E-55  329.3   0.0  292   40-345    33-326 (417)
      60 UniRef100_A0A0L8GIM4 G_PROTEIN 100.0 2.4E-49 2.4E-55  342.8   0.0  297   39-339    92-391 (481)
      61 UniRef100_A0A060VVF8 G_PROTEIN 100.0 2.8E-49 2.8E-55  341.6   0.0  291   40-343   136-433 (511)
      62 tr|A0A232F0R3|A0A232F0R3_9HYME 100.0 3.3E-49 3.4E-55  322.2   0.0  301   32-345    92-425 (458)
      63 tr|A0A0F8ARD3|A0A0F8ARD3_LARCR 100.0 3.5E-49 3.5E-55  323.6   0.0  285   43-343    53-338 (464)
      64 UniRef100_A0A091EBV8 Type-1 an 100.0 3.5E-49 3.5E-55  347.2   0.0  283   38-341   342-628 (715)
      65 UniRef100_A0A0K0PUH1 Orphan G- 100.0 4.7E-49 4.8E-55  319.1   0.0  295   40-340    49-345 (413)
      66 tr|A0A1D1UXI1|A0A1D1UXI1_RAMVA 100.0 4.9E-49   5E-55  326.9   0.0  301   37-345    75-377 (499)
      67 tr|A0A1I8M930|A0A1I8M930_MUSDO 100.0   6E-49   6E-55  351.5   0.0  294   40-345   185-580 (963)
      68 UniRef100_A0A146M155 Neuropept 100.0 6.2E-49 6.3E-55  329.7   0.0  305   38-343    48-362 (488)
      69 UniRef100_A0A060X360 G_PROTEIN 100.0 6.6E-49 6.7E-55  326.9   0.0  289   44-345   100-390 (477)
      70 UniRef100_A0A087UNN0 Neuropept 100.0 6.7E-49 6.8E-55  327.1   0.0  294   40-339    90-387 (470)
      71 tr|A0A1L8G1N6|A0A1L8G1N6_XENLA 100.0 7.6E-49 7.7E-55  323.6   0.0  288   40-345   113-400 (448)
      72 tr|A0A1I8PIJ9|A0A1I8PIJ9_STOCA 100.0 8.1E-49 8.2E-55  337.4   0.0  301   39-345   165-469 (680)
      73 UniRef100_A0A026WK16 Tachykini 100.0 8.4E-49 8.5E-55  335.3   0.0  303   37-344   176-482 (641)
      74 UniRef100_A0A023F668 Putative  100.0 1.2E-48 1.2E-54  324.1   0.0  296   39-343    81-377 (484)
      75 UniRef100_A0A1S3J712 QRFP-like 100.0 1.2E-48 1.2E-54  333.9   0.0  288   48-341    72-369 (507)
      76 tr|F6R4F1|F6R4F1_MONDO Bombesi 100.0 1.4E-48 1.4E-54  311.5   0.0  305   44-348    48-354 (403)
      77 UniRef100_A0A0K0PUH0 Orphan G- 100.0 1.5E-48 1.5E-54  341.5   0.0  291   45-338   138-468 (583)
      78 UniRef100_A0A087RJN6 Somatosta 100.0 1.5E-48 1.5E-54  332.2   0.0  287   39-342    56-342 (391)
      79 tr|C3XVS5|C3XVS5_BRAFL Unchara 100.0 1.6E-48 1.6E-54  318.5   0.0  297   42-347    66-367 (425)
      80 tr|A0A182G4E1|A0A182G4E1_AEDAL 100.0 1.6E-48 1.6E-54  330.4   0.0  301   39-344    63-371 (534)
      81 UniRef100_A0A2B4SKI0 Tachykini 100.0 1.7E-48 1.6E-54  340.5   0.0  291   43-343    91-390 (469)
      82 UniRef100_A0A2B4S4U3 Beta-2 ad 100.0 1.8E-48 1.9E-54  315.6   0.0  292   48-347    33-325 (372)
      83 UniRef100_A0A0P0YUU8 Cannabino 100.0 1.9E-48 1.9E-54  326.6   0.0  299   46-348    85-422 (496)
      84 tr|B4JN40|B4JN40_DROGR GH24210 100.0 2.2E-48 2.3E-54  320.3   0.0  303   34-344   107-409 (436)
      85 UniRef100_A0A026WK40 Cholecyst 100.0 2.7E-48 2.7E-54  342.4   0.0  296   45-346   156-546 (656)
      86 UniRef100_A0A023F665 Putative  100.0 2.8E-48 2.8E-54  332.0   0.0  299   43-342   143-448 (573)
      87 UniRef100_A0A1D1VDY3 G_PROTEIN 100.0 2.9E-48 2.9E-54  329.9   0.0  297   44-345   134-448 (557)
      88 UniRef100_A0A061A7W5 G_PROTEIN 100.0 3.2E-48 3.2E-54  329.6   0.0  291   42-343    60-358 (473)
      89 tr|S9YJE2|S9YJE2_CAMFR Somatos 100.0 3.2E-48 3.3E-54  314.9   0.0  293   39-345   108-402 (438)
      90 UniRef100_A0A067R841 G_PROTEIN 100.0 3.3E-48 3.3E-54  331.1   0.0  302   42-343   105-409 (526)
      91 tr|W4Z2N2|W4Z2N2_STRPU Unchara 100.0 3.6E-48 3.6E-54  311.5   0.0  297   42-344    55-353 (406)
      92 UniRef100_A0A2H8TNJ5 Neuropept 100.0 3.8E-48 3.8E-54  325.8   0.0  295   40-340   152-450 (528)
      93 UniRef100_A0A084WIC4 Short neu 100.0 3.8E-48 3.8E-54  326.9   0.0  297   41-344    90-387 (551)
      94 UniRef100_A0A060VP48 G_PROTEIN 100.0 3.9E-48 3.9E-54  341.2   0.0  297   39-340   150-447 (580)
      95 UniRef100_A0A026WIP6 Cholecyst 100.0 4.2E-48 4.3E-54  339.2   0.0  304   41-347   168-533 (636)
      96 UniRef100_A0A151N382 Galanin r 100.0 4.7E-48 4.8E-54  305.7   0.0  290   43-346    30-319 (392)
      97 UniRef100_A0A2G8JR46 Putative  100.0   5E-48   5E-54  329.1   0.0  284   48-343    67-356 (411)
      98 tr|A0A0P4XBU7|A0A0P4XBU7_9CRUS 100.0   5E-48   5E-54  332.6   0.0  295   42-340    59-412 (557)
      99 tr|T1KPP2|T1KPP2_TETUR Unchara 100.0 5.1E-48 5.1E-54  322.0   0.0  295   36-345   144-438 (477)
     100 UniRef100_A0A3M6TPP0 G_PROTEIN 100.0 5.9E-48 5.9E-54  326.1   0.0  290   44-343    51-354 (424)
     101 UniRef100_A0A087T336 Somatosta 100.0 5.9E-48 5.9E-54  320.3   0.0  290   44-345    78-369 (454)
     102 UniRef100_A0A0K0PUV0 FVRIamide 100.0   6E-48   6E-54  325.9   0.0  283   44-339    53-374 (458)
     103 UniRef100_A0A060W9T7 G_PROTEIN 100.0 6.2E-48 6.4E-54  322.6   0.0  288   42-343   184-472 (616)
     104 UniRef100_A0A0P5DAK4 Orexin re 100.0 6.8E-48 6.9E-54  323.1   0.0  296   42-343   105-430 (505)
     105 tr|E0D358|E0D358_HEMPU Dopamin 100.0 7.4E-48 7.5E-54  318.0   0.0  289   45-345    26-330 (435)
     106 UniRef100_A0A1S3H6K0 neuropept 100.0 7.8E-48 7.8E-54  331.6   0.0  295   38-338    51-351 (470)
     107 tr|A0A0N8JZL4|A0A0N8JZL4_9TELE 100.0 9.2E-48 9.4E-54  320.2   0.0  299   43-344   104-413 (482)
     108 UniRef100_A0A016SJ65 Thyrolibe 100.0 1.1E-47 1.1E-53  327.8   0.0  301   39-345    79-398 (479)
     109 UniRef100_A0A2G8L6L1 Putative  100.0 1.1E-47 1.1E-53  316.2   0.0  290   41-346    33-327 (407)
     110 tr|G3S2I3|G3S2I3_GORGO Opioid  100.0 1.1E-47 1.1E-53  316.3   0.0  289   38-340   157-446 (492)
     111 UniRef100_A0A0L8I310 G_PROTEIN 100.0 1.1E-47 1.1E-53  327.1   0.0  289   47-339    49-364 (468)
     112 tr|A0A1W2W3E6|A0A1W2W3E6_CIOIN 100.0 1.2E-47 1.2E-53  316.9   0.0  293   41-344    55-352 (487)
     113 tr|A0A0P7U0M1|A0A0P7U0M1_9TELE 100.0 1.2E-47 1.3E-53  310.8   0.0  295   44-344   102-412 (440)
     114 tr|A0A1V4J9T1|A0A1V4J9T1_PATFA 100.0 1.3E-47 1.3E-53  309.5   0.0  288   42-343    67-355 (461)
     115 tr|A0A1W4ZX05|A0A1W4ZX05_9TELE 100.0 1.3E-47 1.3E-53  322.2   0.0  299   43-344    69-386 (480)
     116 UniRef100_A0A2B4RHL7 Galanin r 100.0 1.4E-47 1.4E-53  310.2   0.0  281   43-345    32-312 (406)
     117 tr|A0A0P6IZB8|A0A0P6IZB8_9CRUS 100.0 1.4E-47 1.4E-53  321.2   0.0  301   38-346   197-497 (559)
     118 tr|V8PD93|V8PD93_OPHHA Type-2  100.0 1.4E-47 1.4E-53  324.1   0.0  287   42-343    74-368 (412)
     119 UniRef100_A0A087XDT1 Somatosta 100.0 1.5E-47 1.6E-53  325.5   0.0  291   39-345   164-455 (676)
     120 UniRef100_A0A067RG65 Neuropept 100.0 1.9E-47 1.9E-53  320.8   0.0  321   22-344    65-395 (509)
     121 UniRef100_A0A0L8HHE2 G_PROTEIN 100.0 1.9E-47 1.9E-53  316.7   0.0  294   47-346     4-302 (385)
     122 UniRef100_A0A0S1YDA0 Neuropept 100.0 1.9E-47 1.9E-53  324.4   0.0  302   39-346    90-395 (509)
     123 UniRef100_A0A2B4SKX3 Cholecyst 100.0 2.1E-47 2.1E-53  316.6   0.0  293   41-347    69-416 (428)
     124 UniRef100_A0A3M6T6P4 G_PROTEIN 100.0 2.5E-47 2.5E-53  321.9   0.0  288   48-345    60-356 (465)
     125 UniRef100_A0A7M7HFU8 G_PROTEIN 100.0 2.7E-47 2.7E-53  325.2   0.0  289   43-343    64-364 (423)
     126 UniRef100_A0A226DFM2 Neuropept 100.0 2.7E-47 2.7E-53  320.6   0.0  297   39-340   101-400 (523)
     127 UniRef100_A0A193KU97 GCR058 n= 100.0 2.7E-47 2.7E-53  308.2   0.0  302   43-346    25-334 (379)
     128 UniRef100_A0A210QT45 G-protein 100.0   3E-47 3.1E-53  314.8   0.0  297   41-342    56-356 (472)
     129 UniRef100_A0A1V9XU68 Tyramine/ 100.0 3.4E-47 3.4E-53  317.0   0.0  296   38-345    47-355 (408)
     130 tr|A0A146TL67|A0A146TL67_FUNHE 100.0 3.9E-47 3.8E-53  332.2   0.0  297   41-346    24-407 (442)
     131 UniRef100_A0A0N0PEL7 Tachykini 100.0 3.9E-47   4E-53  315.1   0.0  297   43-344    55-355 (454)
     132 UniRef100_A0A0L7KZ56 Neuropept 100.0 6.5E-47 6.5E-53  318.6   0.0  297   40-342    83-384 (509)
     133 tr|A0A1S3JCV4|A0A1S3JCV4_LINUN 100.0 9.5E-47 9.6E-53  304.8   0.0  304   41-346    60-371 (414)
     134 UniRef100_A0A1D1V5S1 G_PROTEIN 100.0 1.1E-46 1.2E-52  313.1   0.0  299   39-347    52-363 (484)
     135 UniRef100_A0A2B4SVC4 Dopamine  100.0 1.2E-46 1.2E-52  311.7   0.0  275   41-342    53-329 (397)
     136 UniRef100_A0A1L8GQY3 Alpha-1B  100.0 1.2E-46 1.3E-52  315.2   0.0  290   43-347    46-372 (510)
     137 tr|A0A2B4SID7|A0A2B4SID7_STYPI 100.0 1.3E-46 1.3E-52  320.2   0.0  296   39-343    27-327 (422)
     138 tr|A0A147AZW9|A0A147AZW9_FUNHE 100.0 1.4E-46 1.4E-52  326.2   0.0  302   44-350    86-441 (468)
     139 UniRef100_A0A091DWF1 Somatosta 100.0 1.4E-46 1.4E-52  312.8   0.0  284   44-343   156-440 (523)
     140 UniRef100_A0A2B4RHY9 Pyrogluta 100.0 1.6E-46 1.6E-52  327.1   0.0  290   42-345    80-373 (455)
     141 UniRef100_A0A096NAQ2 Cholecyst 100.0 1.7E-46 1.7E-52  320.2   0.0  294   47-342   154-500 (617)
     142 UniRef100_A0A023F3V9 Putative  100.0 1.8E-46 1.8E-52  317.6   0.0  291   41-342   130-422 (574)
     143 UniRef100_A0A6P4YBA8 delta-typ 100.0 1.9E-46 1.9E-52  310.1   0.0  288   42-345    49-341 (406)
     144 tr|A0A2H1W6Q0|A0A2H1W6Q0_SPOFR 100.0 2.1E-46 2.1E-52  312.7   0.0  301   39-347    66-367 (466)
     145 tr|A0A182QHF8|A0A182QHF8_9DIPT 100.0 2.3E-46 2.4E-52  314.5   0.0  302   39-344    96-407 (581)
     146 tr|A0A091DWF1|A0A091DWF1_FUKDA 100.0 2.5E-46 2.6E-52  303.9   0.0  286   43-345   156-443 (483)
     147 UniRef100_A0A1S3KA35 Alpha-1B  100.0 2.7E-46 2.7E-52  320.3   0.0  291   42-347    88-423 (551)
     148 tr|A0A0R4IQ19|A0A0R4IQ19_DANRE 100.0 2.7E-46 2.7E-52  297.1   0.0  306   34-347    46-351 (384)
     149 UniRef100_A0A060WEJ5 G_PROTEIN 100.0 2.7E-46 2.7E-52  321.7   0.0  290   42-345   112-458 (544)
     150 UniRef100_A0A087RI25 Bombesin  100.0 2.7E-46 2.8E-52  298.1   0.0  309   43-351    53-363 (414)
     151 tr|A0A1A9ZAD8|A0A1A9ZAD8_GLOPL 100.0 2.9E-46 2.9E-52  311.6   0.0  301   37-342   116-420 (574)
     152 UniRef100_A0A0N0PF28 Orexin re 100.0 2.9E-46 2.9E-52  318.2   0.0  290   43-338   136-454 (588)
     153 UniRef100_A0A087REY1 NPY-Y2 re 100.0 3.1E-46 3.1E-52  316.7   0.0  299   38-345   181-480 (599)
     154 UniRef100_A0A3M6U5X4 G_PROTEIN 100.0 3.5E-46 3.5E-52  300.1   0.0  283   40-340    35-317 (339)
     155 tr|A0A1U7TSJ4|A0A1U7TSJ4_TARSY 100.0 3.5E-46 3.6E-52  312.6   0.0  297   42-341   211-516 (600)
     156 SRR6218665_799277              100.0 3.6E-46 3.7E-52  300.7   0.0  339    2-346    82-422 (456)
     157 tr|A0A1D2NMB6|A0A1D2NMB6_ORCCI 100.0 3.7E-46 3.7E-52  312.7   0.0  296   43-343   151-450 (520)
     158 UniRef100_A0A2B4R9G2 Melatonin 100.0 3.8E-46 3.7E-52  325.4   0.0  290   41-344    78-367 (461)
     159 UniRef100_A0A060X0R7 Uncharact 100.0 3.7E-46 3.8E-52  297.2   0.0  291   39-345    53-344 (383)
     160 tr|A0A2B4SUH3|A0A2B4SUH3_STYPI 100.0 3.9E-46 3.9E-52  309.1   0.0  293   45-346    27-334 (385)
     161 UniRef100_A0A2B4S0J6 Somatosta 100.0   4E-46   4E-52  324.9   0.0  291   39-340    79-376 (457)
     162 UniRef100_A0A044T5H8 G_PROTEIN 100.0   4E-46   4E-52  322.8   0.0  295   40-347   242-572 (693)
     163 UniRef100_A0A0K0PUG3 Thyrolibe 100.0 4.2E-46 4.3E-52  319.1   0.0  300   39-344   210-522 (606)
     164 UniRef100_A0A067RDC3 Prolactin 100.0 4.2E-46 4.3E-52  314.1   0.0  294   40-342    61-355 (541)
     165 tr|A0A0S1YD80|A0A0S1YD80_CHISP 100.0 4.7E-46 4.8E-52  310.7   0.0  299   42-347   163-468 (513)
     166 UniRef100_A0A060WWU7 G_PROTEIN 100.0 4.9E-46   5E-52  312.3   0.0  293   43-345    68-384 (545)
     167 tr|A0A147A4W2|A0A147A4W2_FUNHE 100.0 5.1E-46 5.2E-52  310.8   0.0  294   47-343    98-443 (502)
     168 UniRef100_A0A2B4RGU4 5-hydroxy 100.0 5.8E-46 5.8E-52  324.3   0.0  290   41-343    63-370 (478)
     169 UniRef100_A0A067R4E0 Tachykini 100.0 5.7E-46 5.8E-52  305.9   0.0  295   41-340    47-341 (396)
     170 UniRef100_A0A0S1YDA1 Neuropept 100.0 5.7E-46 5.8E-52  308.7   0.0  304   41-347    64-417 (463)
     171 tr|A0A139WLV7|A0A139WLV7_TRICA 100.0 5.7E-46 5.8E-52  321.2   0.0  300   40-343   395-697 (792)
     172 tr|A0A0P5PA10|A0A0P5PA10_9CRUS 100.0 6.4E-46 6.5E-52  316.3   0.0  297   38-339   141-441 (705)
     173 UniRef100_A0A068YA15 Neuropept 100.0 6.5E-46 6.6E-52  311.9   0.0  301   38-339    67-391 (510)
     174 tr|A7SD89|A7SD89_NEMVE Predict 100.0 6.6E-46 6.7E-52  293.6   0.0  289   43-345    37-332 (355)
     175 tr|A0A1A8LLP2|A0A1A8LLP2_9TELE 100.0 6.8E-46 6.9E-52  305.2   0.0  292   44-347    94-401 (455)
     176 UniRef100_A0A210QHM7 G-protein 100.0 7.2E-46 7.3E-52  313.8   0.0  298   43-345    79-377 (492)
     177 UniRef100_A0A060XP11 G_PROTEIN 100.0 7.6E-46 7.7E-52  314.9   0.0  292   42-343    89-392 (497)
     178 UniRef100_A0A0K0PUK6 Orphan G- 100.0 7.6E-46 7.7E-52  304.1   0.0  294   47-345    70-375 (448)
     179 UniRef100_A0A210QSD7 Octopamin 100.0 7.8E-46 7.8E-52  313.3   0.0  291   41-346    55-419 (423)
     180 tr|A0A1D2MSE1|A0A1D2MSE1_ORCCI 100.0 8.4E-46 8.5E-52  321.4   0.0  297   41-343   108-406 (615)
     181 UniRef100_A0A0P4WB73 G_PROTEIN 100.0 8.4E-46 8.5E-52  309.4   0.0  302   42-344    78-383 (473)
     182 tr|A0A1A8EW90|A0A1A8EW90_9TELE 100.0 8.3E-46 8.5E-52  302.7   0.0  292   37-340    38-330 (444)
     183 UniRef100_A0A068WVN8 Biogenic  100.0 8.7E-46 8.8E-52  324.5   0.0  296   37-346   114-510 (641)
     184 UniRef100_A0A0N7ZAP9 G_PROTEIN 100.0 8.8E-46 8.8E-52  310.0   0.0  298   38-346    71-369 (421)
     185 UniRef100_A0A023FH63 Putative  100.0 9.7E-46 9.8E-52  317.1   0.0  292   39-342   121-439 (563)
     186 tr|A0A0P7TYE1|A0A0P7TYE1_9TELE 100.0 1.1E-45 1.1E-51  307.7   0.0  298   47-346   127-476 (507)
     187 UniRef100_A0A0C9RF21 CapaR_3 p 100.0 1.3E-45 1.3E-51  311.7   0.0  321   20-344    27-357 (532)
     188 UniRef100_A0A1L8FNX2 G_PROTEIN 100.0 1.3E-45 1.3E-51  307.6   0.0  280   41-340    60-340 (400)
     189 tr|A0A146YGA5|A0A146YGA5_FUNHE 100.0 1.3E-45 1.3E-51  319.9   0.0  297   42-349    29-346 (521)
     190 tr|A0A218UB83|A0A218UB83_9PASE 100.0 1.4E-45 1.4E-51  314.6   0.0  293   40-347   190-516 (631)
     191 ERR1719361_2001115             100.0 1.4E-45 1.4E-51  306.3   0.0  298   37-345    18-326 (415)
     192 UniRef100_A0A2B4SE17 Substance 100.0 1.6E-45 1.6E-51  320.0   0.0  293   42-342    63-364 (467)
     193 UniRef100_A0A087QH91 Melanopsi 100.0 1.6E-45 1.6E-51  317.8   0.0  295   41-343   101-399 (629)
     194 UniRef100_A0A0A7KUZ5 Opsin 5 n 100.0 1.6E-45 1.6E-51  309.3   0.0  290   44-342    53-343 (407)
     195 UniRef100_A0A087XT11 Alpha-1B  100.0 1.6E-45 1.7E-51  309.8   0.0  290   43-347    79-408 (622)
     196 UniRef100_A0A3M6UAU0 G_PROTEIN 100.0 1.7E-45 1.7E-51  313.0   0.0  292   43-343    35-329 (552)
     197 UniRef100_A0A1I8HKX2 G_PROTEIN 100.0 1.7E-45 1.7E-51  308.7   0.0  288   42-345    39-413 (442)
     198 UniRef100_A0A6P4Z684 G-protein 100.0 1.8E-45 1.8E-51  301.3   0.0  297   41-342    49-345 (425)
     199 UniRef100_A0A2B4RPR9 Allatosta 100.0 1.8E-45 1.8E-51  314.1   0.0  291   39-340    43-341 (446)
     200 UniRef100_A0A0B4LHT6 RYamide r 100.0 1.9E-45 1.9E-51  313.6   0.0  296   40-341   111-409 (524)
     201 UniRef100_UPI0003F07467 orexin 100.0 2.2E-45 2.2E-51  310.8   0.0  298   39-339    73-411 (535)
     202 UniRef100_A0A087U880 Neuropept 100.0 2.5E-45 2.5E-51  303.7   0.0  295   39-340    64-360 (401)
     203 UniRef100_UPI000B911B64 melato 100.0 2.6E-45 2.6E-51  308.8   0.0  287   44-344    29-345 (381)
     204 tr|A0A2B4RXD1|A0A2B4RXD1_STYPI 100.0 2.6E-45 2.6E-51  300.9   0.0  289   40-342    90-379 (416)
     205 SRR6218665_348164              100.0 2.6E-45 2.6E-51  307.7   0.0  300   42-342    27-351 (434)
     206 UniRef100_A0A6G8J3P5 Melanin-c 100.0 2.6E-45 2.7E-51  300.7   0.0  293   41-343    59-351 (460)
     207 tr|A0A146U732|A0A146U732_FUNHE 100.0 2.8E-45 2.8E-51  329.5   0.0  295   42-340   190-544 (590)
     208 UniRef100_A0A7M7HKI1 G_PROTEIN 100.0 2.8E-45 2.9E-51  308.1   0.0  288   48-345    44-337 (418)
     209 UniRef100_A0A060W247 Cholecyst 100.0 2.8E-45 2.9E-51  312.6   0.0  295   47-343   131-476 (563)
     210 tr|R4J1H6|R4J1H6_SALSA Cholecy 100.0 2.9E-45 2.9E-51  299.4   0.0  297   47-345    50-408 (461)
     211 UniRef100_A0A061IN14 NK-3 rece 100.0   3E-45 3.1E-51  317.0   0.0  288   46-343   236-523 (662)
     212 UniRef100_A0A2B4SQU8 Orexin re 100.0 3.1E-45 3.2E-51  294.7   0.0  294   44-347    37-350 (370)
     213 UniRef100_A0A060XMX0 NPY-Y2 re 100.0 3.2E-45 3.2E-51  297.2   0.0  298   38-344   118-415 (452)
     214 UniRef100_A0A023F452 Putative  100.0 3.3E-45 3.4E-51  316.6   0.0  297   38-345   134-540 (660)
     215 UniRef100_A0A087UP46 5-hydroxy 100.0 3.5E-45 3.5E-51  304.9   0.0  288   44-345    46-402 (472)
     216 tr|W4YJK4|W4YJK4_STRPU Unchara 100.0 3.6E-45 3.6E-51  306.9   0.0  296   39-346    65-372 (446)
     217 UniRef100_A0A1J1I7G5 CLUMA_CG0 100.0 3.6E-45 3.6E-51  305.6   0.0  296   41-343    74-373 (500)
     218 UniRef100_A0A0P6J0T1 Putative  100.0 4.2E-45 4.3E-51  320.4   0.0  293   39-340    98-406 (735)
     219 tr|A0A0A7RC79|A0A0A7RC79_RHOPR 100.0 4.5E-45 4.6E-51  296.3   0.0  301   38-345    70-375 (404)
     220 UniRef100_A0A3M6UME8 G_PROTEIN 100.0 4.6E-45 4.6E-51  302.2   0.0  290   39-344    35-326 (383)
     221 UniRef100_A0A026X164 G-protein 100.0 4.6E-45 4.6E-51  315.5   0.0  294   39-346   114-426 (604)
     222 tr|A0A1S3FYW5|A0A1S3FYW5_DIPOR 100.0 4.7E-45 4.8E-51  290.4   0.0  289   45-346    71-361 (385)
     223 UniRef100_A0A1S3IX78 RYamide r 100.0 4.7E-45 4.8E-51  302.3   0.0  294   39-339    49-344 (444)
     224 UniRef100_A0A132AJH3 7 transme 100.0 4.9E-45 4.9E-51  308.0   0.0  293   47-341    72-384 (447)
     225 UniRef100_A0A1S3J8T4 5-hydroxy 100.0 5.2E-45 5.3E-51  308.5   0.0  293   41-342    98-395 (468)
     226 UniRef100_A0A060X1U9 G_PROTEIN 100.0 5.3E-45 5.3E-51  312.2   0.0  291   39-344   134-458 (633)
     227 tr|A0A212EZN3|A0A212EZN3_DANPL 100.0 5.8E-45 5.9E-51  303.5   0.0  303   39-346    50-357 (488)
     228 UniRef100_A0A087YQK7 Adrenocep 100.0 5.8E-45 5.9E-51  310.2   0.0  290   48-347   134-455 (617)
     229 tr|A0A151ITZ3|A0A151ITZ3_9HYME 100.0 6.2E-45 6.2E-51  303.7   0.0  297   42-344    66-420 (481)
     230 tr|A0A210R0K7|A0A210R0K7_MIZYE 100.0 6.2E-45 6.3E-51  299.7   0.0  295   43-343    73-425 (470)
     231 UniRef100_A0A034W4Z0 (Phe13)-b 100.0 6.3E-45 6.3E-51  305.5   0.0  304   43-348   101-411 (517)
     232 UniRef100_A0A0H3YI86 Pyrokinin 100.0 7.3E-45 7.3E-51  313.7   0.0  296   42-343    82-398 (510)
     233 UniRef100_A0A0A1WLH2 Somatosta 100.0 7.5E-45 7.6E-51  312.1   0.0  295   39-344   212-508 (667)
     234 UniRef100_A0A0K0PUK8 FMRFamide 100.0 7.6E-45 7.6E-51  314.1   0.0  289   43-340    58-350 (471)
     235 tr|A0A210QNG6|A0A210QNG6_MIZYE 100.0 7.6E-45 7.7E-51  304.3   0.0  302   41-346    37-342 (498)
     236 ERR1719341_586736              100.0 7.6E-45 7.7E-51  305.9   0.0  299   38-345    49-356 (513)
     237 tr|W5MC67|W5MC67_LEPOC Pyroglu 100.0 7.9E-45   8E-51  295.9   0.0  305   39-345    49-361 (441)
     238 UniRef100_A0A068WKU9 Neuropept 100.0   8E-45 8.1E-51  303.6   0.0  295   40-341    69-365 (451)
     239 UniRef100_A0A3B4VB96 Beta-2 ad 100.0 8.2E-45 8.3E-51  301.3   0.0  290   43-342    52-360 (464)
     240 UniRef100_A0A6P8HX63 probable  100.0 8.4E-45 8.4E-51  307.0   0.0  285   44-347    58-364 (407)
     241 UniRef100_A0A0K0PUL2 DH31-like 100.0 8.8E-45 8.9E-51  294.4   0.0  292   40-346    45-336 (375)
     242 tr|A0A2B4SNZ1|A0A2B4SNZ1_STYPI 100.0 9.5E-45 9.5E-51  304.3   0.0  286   43-344    31-320 (351)
     243 UniRef100_A0A3M6TKX3 G_PROTEIN 100.0 9.5E-45 9.6E-51  305.1   0.0  294   39-343    71-374 (427)
     244 tr|J9JRI9|J9JRI9_ACYPI Unchara 100.0 9.5E-45 9.6E-51  299.0   0.0  299   39-342    30-332 (490)
     245 UniRef100_A0A1V4KIE8 Beta-1 ad 100.0   1E-44 9.8E-51  325.1   0.0  287   50-346    36-352 (512)
     246 UniRef100_A0A060YTK2 Uncharact 100.0 9.7E-45 9.9E-51  295.9   0.0  293   39-344    80-379 (447)
     247 tr|A7SMQ7|A7SMQ7_NEMVE Predict 100.0   1E-44   1E-50  294.2   0.0  290   44-346    12-305 (358)
     248 UniRef100_A7RGN9 Predicted pro 100.0 1.1E-44 1.1E-50  289.9   0.0  285   42-342    29-313 (317)
     249 tr|A0A0L8FIS6|A0A0L8FIS6_OCTBM 100.0 1.1E-44 1.1E-50  302.0   0.0  291   47-346    94-423 (485)
     250 tr|A0A218UWX7|A0A218UWX7_9PASE 100.0 1.1E-44 1.2E-50  302.0   0.0  293   42-341    39-338 (474)
     251 tr|A0A0L0BYA7|A0A0L0BYA7_LUCCU 100.0 1.2E-44 1.2E-50  306.6   0.0  291   44-344   311-627 (678)
     252 tr|E6ZEU6|E6ZEU6_DICLA Neurome 100.0 1.2E-44 1.2E-50  304.2   0.0  298   43-344    88-395 (461)
     253 UniRef100_A0A060WMC3 Alpha-1D  100.0 1.2E-44 1.2E-50  304.4   0.0  289   44-347   111-436 (564)
     254 tr|A0A067RDC3|A0A067RDC3_ZOONE 100.0 1.3E-44 1.3E-50  309.1   0.0  299   39-346    67-366 (506)
     255 UniRef100_A0A0L7QLJ1 Neuropept 100.0 1.3E-44 1.3E-50  292.4   0.0  340   44-388   128-474 (485)
     256 tr|A0A2B4SKI0|A0A2B4SKI0_STYPI 100.0 1.3E-44 1.3E-50  306.3   0.0  290   43-345    97-403 (458)
     257 UniRef100_A0A678XEL8 Trace ami 100.0 1.3E-44 1.3E-50  306.9   0.0  295   42-345    54-358 (523)
     258 tr|A0A1S3IXU4|A0A1S3IXU4_LINUN 100.0 1.3E-44 1.4E-50  297.0   0.0  288   42-343    56-345 (440)
     259 UniRef100_A0A0E3EKU4 Allatotro 100.0 1.3E-44 1.4E-50  300.2   0.0  297   44-347   132-435 (562)
     260 UniRef100_A0A060W5H6 G_PROTEIN 100.0 1.4E-44 1.4E-50  312.0   0.0  288   41-337    84-381 (528)
     261 tr|B4KC34|B4KC34_DROMO Unchara 100.0 1.4E-44 1.5E-50  312.8   0.0  299   39-342   188-491 (670)
     262 tr|A0A0P6C571|A0A0P6C571_9CRUS 100.0 1.5E-44 1.5E-50  299.7   0.0  297   43-342    55-444 (558)
     263 UniRef100_E9HAW0 G_PROTEIN_REC 100.0 1.8E-44 1.8E-50  294.0   0.0  288   42-338    63-351 (393)
     264 UniRef100_A0A084VLD5 AGAP00422 100.0 1.8E-44 1.9E-50  308.1   0.0  289   42-345   242-597 (695)
     265 UniRef100_A0A087XFV2 5-hydroxy 100.0 1.9E-44 1.9E-50  302.2   0.0  298   38-346    78-399 (493)
     266 tr|A0A151NBW9|A0A151NBW9_ALLMI 100.0 1.9E-44 1.9E-50  300.6   0.0  296   44-344    81-392 (472)
     267 tr|W4Z9U8|W4Z9U8_STRPU Unchara 100.0 2.1E-44 2.1E-50  290.7   0.0  304   39-345   103-413 (434)
     268 tr|A0A218VDE9|A0A218VDE9_9PASE 100.0 2.2E-44 2.2E-50  296.6   0.0  285   42-343    22-307 (556)
     269 tr|A0A2C9GPU2|A0A2C9GPU2_ANOAR 100.0 2.2E-44 2.3E-50  315.5   0.0  293   43-342   322-636 (818)
     270 UniRef100_A0A193KUI4 GCR044 n= 100.0 2.2E-44 2.3E-50  299.7   0.0  322   23-345    11-349 (508)
     271 tr|V8NQN2|V8NQN2_OPHHA G-prote 100.0 2.2E-44 2.3E-50  311.3   0.0  283   40-342   300-586 (840)
     272 UniRef100_A0A2B4SC76 Substance 100.0 2.3E-44 2.3E-50  309.1   0.0  295   38-342    49-351 (461)
     273 UniRef100_A0A2B4RFH8 Neuropept 100.0 2.4E-44 2.4E-50  313.2   0.0  293   44-344    65-367 (439)
     274 tr|A0A1I8MQS0|A0A1I8MQS0_MUSDO 100.0 2.4E-44 2.4E-50  310.9   0.0  294   40-345   146-441 (572)
     275 UniRef100_A0A087QH27 C-C chemo 100.0 2.5E-44 2.5E-50  317.7   0.0  283   38-341   195-482 (591)
     276 UniRef100_A0A7M7SYV2 G_PROTEIN 100.0 2.6E-44 2.6E-50  308.3   0.0  277   50-342    74-397 (630)
     277 UniRef100_A0A060XC03 Beta-2 ad 100.0 2.7E-44 2.7E-50  302.3   0.0  295   42-345   101-415 (548)
     278 UniRef100_A0A0L8I0T4 G_PROTEIN 100.0 2.7E-44 2.7E-50  305.3   0.0  289   45-344   135-497 (554)
     279 UniRef100_A0A1I7STM2 (pine woo 100.0 2.8E-44 2.8E-50  303.1   0.0  300   41-345    78-388 (430)
     280 tr|A0A1L8HND2|A0A1L8HND2_XENLA 100.0 2.9E-44 2.9E-50  297.7   0.0  298   42-344   127-428 (452)
     281 UniRef100_A0A3M6T8F5 G_PROTEIN 100.0   3E-44   3E-50  316.5   0.0  296   40-344    98-396 (523)
     282 UniRef100_UPI0001CB9B44 somato 100.0 3.1E-44 3.2E-50  281.1   0.0  290   45-345    29-318 (365)
     283 tr|A0A096NTW4|A0A096NTW4_PAPAN 100.0 3.1E-44 3.2E-50  293.8   0.0  297   42-346   131-429 (442)
     284 UniRef100_A0A6P4ZN87 somatosta 100.0 3.2E-44 3.3E-50  293.7   0.0  292   42-344    31-329 (391)
     285 UniRef100_A0A3M6UKX8 G_PROTEIN 100.0 3.3E-44 3.3E-50  309.2   0.0  293   44-343   119-420 (487)
     286 UniRef100_A0A2B4SVS8 Neuropept 100.0 3.4E-44 3.4E-50  308.5   0.0  296   39-345    84-384 (480)
     287 tr|S7PUA8|S7PUA8_MYOBR C-C che 100.0 3.5E-44 3.6E-50  309.2   0.0  284   37-341   276-564 (603)
     288 UniRef100_A0A0S1YD99 Neuropept 100.0 3.5E-44 3.6E-50  290.7   0.0  301   39-346    71-375 (423)
     289 UniRef100_A0A026VW91 Neuropept 100.0 3.6E-44 3.7E-50  295.9   0.0  294   43-340   188-483 (582)
     290 tr|A0A0V1MVC7|A0A0V1MVC7_9BILA 100.0   4E-44   4E-50  306.0   0.0  295   39-342    76-377 (598)
     291 UniRef100_A0A0K0PUE3 Orphan G- 100.0   4E-44 4.1E-50  305.5   0.0  300   39-343   112-430 (550)
     292 UniRef100_A0A6S7JE64 Neuropept 100.0   4E-44 4.1E-50  297.2   0.0  289   41-343    32-321 (412)
     293 UniRef100_A0A0L8FP69 G_PROTEIN 100.0   4E-44 4.1E-50  294.4   0.0  289   45-342    50-340 (488)
     294 UniRef100_A0A023ETT6 Putative  100.0   4E-44 4.1E-50  302.1   0.0  292   43-343   153-446 (612)
     295 UniRef100_A0A3M6TAE6 G_PROTEIN 100.0 4.1E-44 4.2E-50  300.4   0.0  273   45-344    93-369 (443)
     296 tr|A0A1I8PG61|A0A1I8PG61_STOCA 100.0 4.3E-44 4.4E-50  311.2   0.0  295   40-344   296-593 (716)
     297 UniRef100_A0A6P8IFK2 neuromedi 100.0 4.5E-44 4.5E-50  291.7   0.0  292   43-345    25-323 (363)
     298 UniRef100_A0A0N1IB59 Orexin re 100.0 4.5E-44 4.6E-50  297.6   0.0  291   43-339   128-447 (546)
     299 tr|T1KTS6|T1KTS6_TETUR Unchara 100.0 4.7E-44 4.8E-50  302.9   0.0  296   40-340   116-415 (587)
     300 tr|A0A1S3FWK5|A0A1S3FWK5_DIPOR 100.0 4.7E-44 4.9E-50  304.3   0.0  299   37-346   410-732 (786)
     301 tr|A0A2B4S4U3|A0A2B4S4U3_STYPI 100.0 4.9E-44   5E-50  285.2   0.0  285   48-342    30-321 (359)
     302 UniRef100_A0A2B4S7A4 Alpha-1A  100.0   5E-44   5E-50  296.9   0.0  264   45-340    41-306 (392)
     303 UniRef100_A0A0L8H5P3 G_PROTEIN 100.0 5.4E-44 5.5E-50  300.7   0.0  292   37-340    68-369 (496)
     304 tr|A0A287CUD4|A0A287CUD4_ICTTR 100.0 5.4E-44 5.5E-50  293.1   0.0  292   42-346    17-310 (478)
     305 UniRef100_A0A016T4B6 G_PROTEIN 100.0 5.6E-44 5.6E-50  311.2   0.0  299   38-342    97-427 (585)
     306 tr|A0A182L9N8|A0A182L9N8_9DIPT 100.0 5.6E-44 5.7E-50  301.1   0.0  293   41-343    86-382 (490)
     307 UniRef100_A0A026WC04 Dopamine  100.0 5.7E-44 5.8E-50  293.1   0.0  294   40-344    74-398 (468)
     308 UniRef100_A0A026W4S0 Neuromedi 100.0 5.8E-44 5.9E-50  307.1   0.0  299   39-341    69-386 (604)
     309 UniRef100_A0A016T103 G_PROTEIN 100.0 5.9E-44 5.9E-50  311.4   0.0  279   51-345   118-477 (605)
     310 tr|A0A147AMP5|A0A147AMP5_FUNHE 100.0 6.3E-44 6.3E-50  312.1   0.0  292   38-345    26-429 (475)
     311 tr|A0A0P7V0U8|A0A0P7V0U8_9TELE 100.0 6.3E-44 6.5E-50  287.4   0.0  289   43-345    85-376 (439)
     312 UniRef100_A0A026WCQ7 Tyramine  100.0 6.7E-44 6.7E-50  317.5   0.0  286   43-346   183-590 (665)
     313 tr|W5JTF9|W5JTF9_ANODA Somatos 100.0 6.8E-44 6.9E-50  298.3   0.0  293   42-343    53-347 (526)
     314 UniRef100_A0A1D2M255 Somatosta 100.0 6.9E-44   7E-50  287.1   0.0  286   43-340    35-320 (382)
     315 UniRef100_A0A401NJB3 G_PROTEIN 100.0 7.2E-44 7.3E-50  299.0   0.0  291   46-346    44-362 (517)
     316 UniRef100_A0A060VV87 Kappa-typ 100.0 7.2E-44 7.3E-50  300.2   0.0  282   45-340   192-474 (586)
     317 UniRef100_A0A2B4SJE7 Orexin re 100.0 7.6E-44 7.7E-50  303.6   0.0  290   42-342   133-430 (517)
     318 tr|A0A0F8AVG0|A0A0F8AVG0_LARCR 100.0 7.6E-44 7.8E-50  294.8   0.0  289   39-341    52-341 (544)
     319 UniRef100_A0A0L8HMQ0 G_PROTEIN 100.0 7.7E-44 7.8E-50  301.8   0.0  299   42-345    47-349 (538)
     320 UniRef100_A0A084WFJ7 AGAP00011 100.0 7.9E-44   8E-50  302.6   0.0  287   42-338    86-375 (519)
     321 tr|A0A1V4JMN9|A0A1V4JMN9_PATFA 100.0 7.9E-44 8.1E-50  296.1   0.0  297   43-342    92-420 (537)
     322 tr|F7E6B1|F7E6B1_MONDO Tachyki 100.0   8E-44 8.2E-50  292.8   0.0  287   47-343    98-384 (475)
     323 tr|K7GCC3|K7GCC3_PELSI Adrenoc 100.0 8.6E-44 8.7E-50  293.4   0.0  291   46-346    44-366 (488)
     324 tr|A0A210QY69|A0A210QY69_MIZYE 100.0 8.8E-44   9E-50  284.8   0.0  299   35-345    78-379 (400)
     325 tr|A0A146NR64|A0A146NR64_FUNHE 100.0 8.9E-44 9.1E-50  292.3   0.0  285   44-340   120-417 (449)
     326 UniRef100_A0A0A1XP15 Neuropept 100.0   9E-44 9.2E-50  288.8   0.0  298   42-345    70-375 (421)
     327 tr|A0A195CW68|A0A195CW68_9HYME 100.0 9.2E-44 9.4E-50  305.1   0.0  304   42-345    54-381 (698)
     328 tr|A0A2B4RYF4|A0A2B4RYF4_STYPI 100.0 9.4E-44 9.5E-50  290.6   0.0  286   44-342    25-310 (402)
     329 UniRef100_A0A336LUR7 CSON00145 100.0 9.3E-44 9.5E-50  300.2   0.0  293   42-340    86-382 (670)
     330 UniRef100_A0A060VTR1 G_PROTEIN 100.0 9.4E-44 9.6E-50  303.1   0.0  292   39-346   115-443 (619)
     331 UniRef100_A0A026W3I9 Neuropept 100.0 9.5E-44 9.6E-50  303.8   0.0  299   39-343    54-367 (599)
     332 tr|J9K651|J9K651_ACYPI Unchara 100.0 9.7E-44 9.8E-50  290.5   0.0  295   42-341    88-385 (440)
     333 tr|A0A1W4X208|A0A1W4X208_AGRPL 100.0 9.9E-44   1E-49  292.0   0.0  299   39-342    90-392 (467)
     334 UniRef100_A0A0P7U0M1 Galanin r 100.0   1E-43 1.1E-49  286.6   0.0  292   43-344   140-435 (475)
     335 UniRef100_A0A026W4F0 Octopamin 100.0 1.1E-43 1.1E-49  291.6   0.0  288   47-344    59-393 (445)
     336 tr|A0A0P7V5N2|A0A0P7V5N2_9TELE 100.0 1.1E-43 1.1E-49  295.2   0.0  292   43-345    91-403 (468)
     337 UniRef100_A0A1D1UXI1 G_PROTEIN 100.0 1.1E-43 1.1E-49  293.0   0.0  302   37-346   129-432 (553)
     338 tr|A0A2B4S6X2|A0A2B4S6X2_STYPI 100.0 1.1E-43 1.1E-49  287.9   0.0  288   47-344    27-324 (379)
     339 tr|K1QHX9|K1QHX9_CRAGI Somatos 100.0 1.1E-43 1.1E-49  298.2   0.0  293   41-344    46-340 (456)
     340 UniRef100_A0A023F664 Putative  100.0 1.2E-43 1.2E-49  295.5   0.0  303   37-344    74-381 (471)
     341 tr|A0A183W5E7|A0A183W5E7_TRIRE 100.0 1.2E-43 1.2E-49  294.2   0.0  302   39-346    47-355 (503)
     342 UniRef100_A0A090MXE0 Thyrotrop 100.0 1.2E-43 1.2E-49  295.4   0.0  295   39-341    41-341 (444)
     343 SRR6218665_1158703             100.0 1.2E-43 1.2E-49  292.8   0.0  301   39-344    32-335 (413)
     344 UniRef100_A0A060VWI9 G_PROTEIN 100.0 1.2E-43 1.3E-49  301.1   0.0  287   49-344    66-395 (579)
     345 UniRef100_D1LX82 Neuropeptide  100.0 1.3E-43 1.3E-49  299.5   0.0  288   48-346    59-351 (424)
     346 UniRef100_A0A4D9EQQ5 Enolase-l 100.0 1.3E-43 1.3E-49  282.9   0.0  310   18-345   123-433 (472)
     347 UniRef100_A0A3M6TV84 G_PROTEIN 100.0 1.3E-43 1.4E-49  295.5   0.0  287   43-344    45-338 (405)
     348 UniRef100_A0A060ILH2 Neuromedi 100.0 1.3E-43 1.4E-49  301.5   0.0  293   45-345   178-479 (606)
     349 UniRef100_A0A061IAU9 Gastric r 100.0 1.4E-43 1.4E-49  299.5   0.0  297   40-346   111-409 (588)
     350 UniRef100_A0A061QHX0 Putative  100.0 1.4E-43 1.4E-49  306.6   0.0  290   43-345   132-509 (563)
     351 UniRef100_A0A2B4RXD1 Neuropept 100.0 1.4E-43 1.4E-49  297.8   0.0  289   41-342    92-381 (461)
     352 tr|A0A1W4X1F3|A0A1W4X1F3_AGRPL 100.0 1.4E-43 1.5E-49  294.8   0.0  293   41-340   131-428 (485)
     353 UniRef100_A0A1L8HHP3 G_PROTEIN 100.0 1.5E-43 1.5E-49  287.6   0.0  288   42-342    44-338 (370)
     354 UniRef100_A0A0N1PGA0 Octopamin 100.0 1.5E-43 1.5E-49  302.2   0.0  289   44-341   108-490 (547)
     355 tr|A7S585|A7S585_NEMVE Predict 100.0 1.5E-43 1.5E-49  292.3   0.0  297   42-347    23-329 (374)
     356 UniRef100_A0A060X6T3 G_PROTEIN 100.0 1.6E-43 1.6E-49  297.9   0.0  286   45-345    91-415 (550)
     357 tr|A0A2B4SAJ4|A0A2B4SAJ4_STYPI 100.0 1.6E-43 1.6E-49  296.2   0.0  289   41-339    26-329 (434)
     358 UniRef100_A0A3M6TNW8 G_PROTEIN 100.0 1.6E-43 1.7E-49  295.3   0.0  288   43-344    94-393 (453)
     359 tr|C3XVU5|C3XVU5_BRAFL Unchara 100.0 1.7E-43 1.7E-49  289.8   0.0  290   42-341    60-354 (439)
     360 tr|A0A2B4RSD1|A0A2B4RSD1_STYPI 100.0 1.8E-43 1.8E-49  303.8   0.0  291   41-345    48-383 (430)
     361 tr|A0A182U1B5|A0A182U1B5_9DIPT 100.0 1.8E-43 1.8E-49  300.6   0.0  293   42-340    38-340 (620)
     362 UniRef100_A0A091R746 Beta-1 ad 100.0 1.8E-43 1.8E-49  298.9   0.0  289   47-344   138-453 (572)
     363 tr|A0A091CRU0|A0A091CRU0_FUKDA 100.0 1.9E-43 1.9E-49  307.9   0.0  282   40-342   405-691 (720)
     364 tr|B4LIK1|B4LIK1_DROVI Unchara 100.0 1.9E-43   2E-49  293.1   0.0  301   43-347    96-401 (518)
     365 tr|A0A2B4SSL5|A0A2B4SSL5_STYPI 100.0   2E-43   2E-49  280.6   0.0  294   42-348    20-314 (344)
     366 tr|A0A232F8D2|A0A232F8D2_9HYME 100.0   2E-43   2E-49  293.4   0.0  295   41-341    69-368 (478)
     367 UniRef100_A0A034WQT6 Tachykini 100.0   2E-43   2E-49  302.0   0.0  296   40-340   113-415 (694)
     368 tr|C3Z3H5|C3Z3H5_BRAFL Unchara 100.0   2E-43 2.1E-49  284.8   0.0  302   42-351    79-382 (405)
     369 UniRef100_A0A0G3Y5J3 Peropsin  100.0 2.1E-43 2.1E-49  293.9   0.0  288   43-344    36-324 (363)
     370 UniRef100_A0A060VRN9 G_PROTEIN 100.0 2.2E-43 2.2E-49  297.8   0.0  293   38-341   130-428 (496)
     371 UniRef100_A0A3B4ZUM6 Mu-type o 100.0 2.3E-43 2.4E-49  293.8   0.0  297   30-339   157-454 (597)
     372 tr|A0A0K0PUV0|A0A0K0PUV0_PLADU 100.0 2.4E-43 2.4E-49  289.1   0.0  290   44-347    16-337 (373)
     373 UniRef100_A0A3M6UBA2 G_PROTEIN 100.0 2.4E-43 2.5E-49  293.1   0.0  286   44-344    50-341 (383)
     374 UniRef100_A0A2B4SJV4 Galanin r 100.0 2.6E-43 2.6E-49  304.7   0.0  287   44-342    75-365 (444)
     375 SRR6218665_147192              100.0 2.6E-43 2.6E-49  292.8   0.0  300   38-344    95-397 (466)
     376 tr|A0A060XRS0|A0A060XRS0_ONCMY 100.0 2.7E-43 2.7E-49  307.7   0.0  291   42-347    54-379 (900)
     377 tr|A0A1D1V6H4|A0A1D1V6H4_RAMVA 100.0 2.7E-43 2.7E-49  293.1   0.0  297   39-340    57-370 (498)
     378 UniRef100_A0A060WGF3 B2 bradyk 100.0 2.7E-43 2.7E-49  308.8   0.0  286   43-341   159-449 (589)
     379 tr|A0A1I8MRR4|A0A1I8MRR4_MUSDO 100.0 2.7E-43 2.8E-49  304.3   0.0  296   42-342   257-557 (819)
     380 tr|A0A2B4R9G2|A0A2B4R9G2_STYPI 100.0 2.8E-43 2.9E-49  289.6   0.0  288   42-340    59-346 (378)
     381 tr|W8C2A8|W8C2A8_CERCA Neurope 100.0   3E-43   3E-49  307.9   0.0  293   42-340   263-561 (827)
     382 UniRef100_A0A023F658 Putative  100.0 3.2E-43 3.3E-49  302.7   0.0  300   39-342    64-373 (580)
     383 tr|A0A1L7H7D8|A0A1L7H7D8_SACKO 100.0 3.3E-43 3.3E-49  283.2   0.0  297   38-349    66-370 (424)
     384 UniRef100_A0A091L2D9 Orexin re 100.0 3.3E-43 3.3E-49  283.5   0.0  298   44-344    13-342 (386)
     385 UniRef100_A0A060X0P4 G_PROTEIN 100.0 3.4E-43 3.4E-49  301.9   0.0  287   40-340   135-428 (513)
     386 ERR1719510_236906              100.0 3.4E-43 3.4E-49  303.6   0.0  297   40-346    79-376 (577)
     387 tr|A0A0P6B7K0|A0A0P6B7K0_9CRUS 100.0 3.6E-43 3.6E-49  301.8   0.0  299   41-345   110-489 (579)
     388 tr|W8B9D1|W8B9D1_CERCA 5-hydro 100.0 3.6E-43 3.6E-49  297.2   0.0  294   41-345   260-628 (664)
     389 UniRef100_A0A0P5DS31 Neuropept 100.0 3.6E-43 3.6E-49  286.3   0.0  295   41-340    83-381 (482)
     390 tr|A0A183TGM8|A0A183TGM8_SCHSO 100.0 3.7E-43 3.7E-49  290.3   0.0  301   39-345    60-374 (446)
     391 UniRef100_A0A060YY06 G_PROTEIN 100.0 3.8E-43 3.8E-49  295.2   0.0  293   45-340   105-405 (490)
     392 UniRef100_A0A1B0CPY1 G_PROTEIN 100.0 3.9E-43   4E-49  286.5   0.0  297   42-342    73-370 (488)
     393 tr|K1PQM6|K1PQM6_CRAGI Putativ 100.0   4E-43   4E-49  288.1   0.0  298   43-346    90-397 (429)
     394 UniRef100_A0A068AZY5 Octopamin 100.0 4.4E-43 4.4E-49  321.3   0.0  186   43-238   173-358 (723)
     395 tr|A0A182U973|A0A182U973_9DIPT 100.0 4.4E-43 4.5E-49  306.4   0.0  303   43-346   558-867 (1016)
     396 UniRef100_A0A2G8KTA9 Putative  100.0 4.6E-43 4.6E-49  300.5   0.0  278   47-341    52-342 (445)
     397 tr|E2AX14|E2AX14_CAMFO Neurope 100.0 4.5E-43 4.6E-49  300.6   0.0  297   39-340    73-389 (614)
     398 tr|A0A1S3NPB2|A0A1S3NPB2_SALSA 100.0 4.6E-43 4.6E-49  288.6   0.0  290   45-344    41-332 (443)
     399 UniRef100_A0A077Z2V7 Neuropept 100.0 4.6E-43 4.7E-49  290.1   0.0  295   39-340    65-372 (451)
     400 tr|K1PEH3|K1PEH3_CRAGI Neurope 100.0 4.7E-43 4.8E-49  286.0   0.0  300   37-346    44-360 (411)
     401 UniRef100_A0A060VNF4 G_PROTEIN 100.0 4.8E-43 4.9E-49  299.5   0.0  289   43-343   130-431 (566)
     402 tr|A0A226N2C0|A0A226N2C0_CALSU 100.0 4.9E-43   5E-49  291.5   0.0  299   39-346   220-523 (569)
     403 tr|L9JDH9|L9JDH9_TUPCH Orexin  100.0 5.3E-43 5.4E-49  294.1   0.0  301   43-346   219-576 (621)
     404 UniRef100_A0A016TS00 G_PROTEIN 100.0 5.7E-43 5.8E-49  306.3   0.0  293   45-344   114-554 (622)
     405 UniRef100_A0A024FLZ5 PQRFa pep 100.0 5.8E-43 5.8E-49  288.1   0.0  291   44-341    58-349 (416)
     406 tr|T1JZK3|T1JZK3_TETUR Unchara 100.0 5.8E-43 5.9E-49  289.3   0.0  302   43-344    91-397 (441)
     407 UniRef100_A0A068WTW9 Tachykini 100.0 5.9E-43   6E-49  289.7   0.0  289   46-342    48-358 (453)
     408 UniRef100_A0A026WJE1 Neuropept 100.0 5.9E-43   6E-49  298.6   0.0  299   42-342   117-439 (606)
     409 tr|A7RNV5|A7RNV5_NEMVE Predict 100.0   6E-43 6.1E-49  285.1   0.0  304   25-345    16-331 (377)
     410 UniRef100_A0A024R2Q0 Chemokine 100.0 6.1E-43 6.1E-49  298.6   0.0  285   39-342   152-442 (499)
     411 tr|C7SLZ0|C7SLZ0_APLKU Seroton 100.0 6.2E-43 6.2E-49  296.5   0.0  292   39-347    68-428 (485)
     412 UniRef100_A0A087R2J6 Neuropept 100.0 6.2E-43 6.3E-49  300.1   0.0  292   44-340   213-516 (638)
     413 tr|A0A147AUP2|A0A147AUP2_FUNHE 100.0 6.4E-43 6.4E-49  295.4   0.0  266   45-324   122-388 (482)
     414 tr|A0A1S3W6N0|A0A1S3W6N0_ERIEU 100.0 6.4E-43 6.5E-49  294.2   0.0  297   45-344   133-444 (596)
     415 UniRef100_A0A182H1J6 G_PROTEIN 100.0 6.5E-43 6.6E-49  309.3   0.0  193   45-241   320-512 (1005)
     416 UniRef100_A0A016UUZ5 G_PROTEIN 100.0 6.6E-43 6.7E-49  291.0   0.0  285   43-345    74-414 (486)
     417 UniRef100_A0A1B6HDB2 G_PROTEIN 100.0 6.6E-43 6.7E-49  276.4   0.0  290   46-344    14-307 (360)
     418 UniRef100_A0A084WCX2 AGAP00493 100.0 6.8E-43 6.9E-49  294.9   0.0  285   43-343    94-388 (474)
     419 UniRef100_A0A060WAA0 NK-2 rece 100.0 6.8E-43 6.9E-49  286.8   0.0  290   45-344    74-365 (465)
     420 UniRef100_A0A210QKJ1 Pyrogluta 100.0   7E-43 7.1E-49  285.0   0.0  306   39-346    51-360 (424)
     421 UniRef100_A0A1A8LLZ9 Hypocreti 100.0   7E-43 7.1E-49  283.0   0.0  301   43-346    64-375 (413)
     422 UniRef100_A0A084VAB3 Pk-1 rece 100.0 7.1E-43 7.2E-49  295.1   0.0  292   39-339    99-411 (552)
     423 UniRef100_A0A0J9RYF2 G_PROTEIN 100.0   7E-43 7.2E-49  301.4   0.0  302   39-344   154-510 (761)
     424 tr|A7RYQ3|A7RYQ3_NEMVE Predict 100.0 7.2E-43 7.2E-49  292.7   0.0  286   43-345    51-337 (367)
     425 UniRef100_A0A023F4J9 Putative  100.0 7.2E-43 7.3E-49  300.6   0.0  286   45-341   158-490 (588)
     426 tr|A0A0B2UYY4|A0A0B2UYY4_TOXCA 100.0 7.6E-43 7.6E-49  289.4   0.0  299   39-345    78-387 (437)
     427 tr|W4Z3I5|W4Z3I5_STRPU Unchara 100.0 7.8E-43 7.9E-49  287.4   0.0  303   37-343    42-393 (461)
     428 tr|A0A2C9JHS9|A0A2C9JHS9_BIOGL 100.0 8.1E-43 8.3E-49  276.4   0.0  326    8-345    40-367 (376)
     429 UniRef100_A0A3M6THF9 G_PROTEIN 100.0 8.3E-43 8.3E-49  296.7   0.0  272   44-340    61-335 (483)
     430 UniRef100_A0A3B4UE11 Si:zfos-1 100.0 8.2E-43 8.4E-49  281.9   0.0  289   41-345    63-352 (441)
     431 tr|A0A1V4KUV7|A0A1V4KUV7_PATFA 100.0 8.4E-43 8.6E-49  281.5   0.0  298   39-346   114-413 (450)
     432 UniRef100_A0A2B4SYG2 5-hydroxy 100.0 8.6E-43 8.7E-49  285.6   0.0  281   45-340    31-313 (376)
     433 UniRef100_A0A096MAY6 Alpha-1B  100.0 8.7E-43 8.9E-49  287.4   0.0  287   46-347    49-377 (489)
     434 UniRef100_A0A6A7G2U4 Octopamin 100.0 8.8E-43 8.9E-49  292.9   0.0  296   38-342   165-510 (574)
     435 tr|A0A0A1XP03|A0A0A1XP03_ZEUCU 100.0 8.9E-43 8.9E-49  305.4   0.0  305   39-346   230-542 (660)
     436 UniRef100_A0A2B4SID7 Neuropept 100.0 9.2E-43 9.3E-49  293.4   0.0  297   39-343    77-379 (462)
     437 tr|J9K383|J9K383_ACYPI Unchara 100.0 9.5E-43 9.7E-49  286.5   0.0  326   19-346    14-351 (502)
     438 tr|A0A1A9ZM95|A0A1A9ZM95_GLOPL 100.0 9.5E-43 9.7E-49  285.2   0.0  296   44-344    95-394 (481)
     439 UniRef100_UPI000219022F Endoly 100.0 9.6E-43 9.8E-49  286.5   0.0  285   47-346   204-489 (507)
     440 tr|A0A1I8N820|A0A1I8N820_MUSDO 100.0 9.6E-43 9.8E-49  301.7   0.0  288   44-341   305-635 (880)
     441 tr|B4NHE1|B4NHE1_DROWI Unchara 100.0 9.7E-43 9.9E-49  293.3   0.0  298   43-345   149-456 (565)
     442 UniRef100_A0A087QJ32 Putative  100.0 9.7E-43 9.9E-49  294.8   0.0  299   36-342   169-468 (561)
     443 tr|A0A210QT45|A0A210QT45_MIZYE 100.0 1.1E-42 1.1E-48  277.8   0.0  292   42-339    36-337 (395)
     444 UniRef100_A0A060Y7B7 G_PROTEIN 100.0 1.1E-42 1.1E-48  297.8   0.0  287   44-345   116-551 (560)
     445 UniRef100_A0A3M6UKG3 G_PROTEIN 100.0 1.1E-42 1.1E-48  282.0   0.0  291   42-340    23-318 (378)
     446 UniRef100_A0A091DZ91 Kappa-typ 100.0 1.1E-42 1.1E-48  284.2   0.0  289   39-340    70-359 (471)
     447 tr|A0A146NY53|A0A146NY53_FUNHE 100.0 1.1E-42 1.1E-48  291.7   0.0  287   47-341    10-315 (469)
     448 tr|A0A131ZXP6|A0A131ZXP6_SARSC 100.0 1.1E-42 1.2E-48  285.0   0.0  293   41-345   120-414 (480)
     449 tr|T1JU75|T1JU75_TETUR Unchara 100.0 1.2E-42 1.2E-48  294.8   0.0  295   39-343   139-435 (728)
     450 tr|K1RR88|K1RR88_CRAGI 5-hydro 100.0 1.3E-42 1.3E-48  280.3   0.0  297   38-345    51-353 (407)
     451 UniRef100_A0A0P7U357 Apelin re 100.0 1.3E-42 1.3E-48  286.5   0.0  287   40-346    54-346 (401)
     452 UniRef100_A0A6P4ZPQ5 G-protein 100.0 1.4E-42 1.4E-48  280.4   0.0  285   41-338    40-324 (420)
     453 UniRef100_A0A087T988 G-protein 100.0 1.4E-42 1.4E-48  290.1   0.0  286   45-345    66-378 (402)
     454 UniRef100_A0A6P8IPF1 5-hydroxy 100.0 1.4E-42 1.4E-48  281.7   0.0  291   47-346    61-364 (403)
     455 UniRef100_A0A067RTM0 Neuromedi 100.0 1.4E-42 1.4E-48  281.7   0.0  301   39-340    32-347 (382)
     456 tr|A0A146TP77|A0A146TP77_FUNHE 100.0 1.4E-42 1.4E-48  303.9   0.0  292   42-346    45-426 (522)
     457 tr|C3Z617|C3Z617_BRAFL Unchara 100.0 1.4E-42 1.5E-48  279.5   0.0  294   44-340    34-336 (426)
     458 tr|A0A1S3L0J1|A0A1S3L0J1_SALSA 100.0 1.4E-42 1.5E-48  290.7   0.0  287   44-345    76-407 (533)
     459 UniRef100_A0A0S1YDN7 Diapause  100.0 1.5E-42 1.5E-48  294.0   0.0  292   39-339    96-404 (569)
     460 tr|A0A182FRI7|A0A182FRI7_ANOAL 100.0 1.5E-42 1.5E-48  306.5   0.0  188   43-239   112-299 (677)
     461 tr|A0A1V4KK28|A0A1V4KK28_PATFA 100.0 1.5E-42 1.5E-48  283.1   0.0  289   45-343   135-427 (478)
     462 UniRef100_A0A061QLL1 Putative  100.0 1.5E-42 1.5E-48  289.1   0.0  292   40-344    42-422 (424)
     463 tr|H2Q292|H2Q292_PANTR Unchara 100.0 1.5E-42 1.6E-48  285.8   0.0  295   39-346    77-406 (492)
     464 tr|A0A0S0WMT8|A0A0S0WMT8_DROME 100.0 1.6E-42 1.6E-48  289.9   0.0  294   39-343   141-436 (593)
     465 tr|K7ISZ6|K7ISZ6_NASVI Unchara 100.0 1.6E-42 1.6E-48  284.1   0.0  300   43-342    93-398 (454)
     466 tr|A0A212C668|A0A212C668_CEREH 100.0 1.6E-42 1.7E-48  288.8   0.0  290   39-343   215-556 (558)
     467 UniRef100_A0A0G2UQ37 Rhodopsin 100.0 1.7E-42 1.7E-48  290.6   0.0  290   41-338    93-390 (515)
     468 UniRef100_A0A0N1IES3 Putative  100.0 1.7E-42 1.7E-48  288.5   0.0  297   39-339    65-368 (441)
     469 UniRef100_A0A016VJP9 G_PROTEIN 100.0 1.7E-42 1.7E-48  297.2   0.0  295   44-344   137-526 (650)
     470 UniRef100_A0A3M6TDR7 G_PROTEIN 100.0 1.7E-42 1.7E-48  296.7   0.0  275   44-341    75-351 (425)
     471 tr|A0A2D0SD29|A0A2D0SD29_ICTPU 100.0 1.7E-42 1.7E-48  286.9   0.0  289   43-341     4-306 (420)
     472 tr|A7SIX0|A7SIX0_NEMVE Predict 100.0 1.7E-42 1.8E-48  283.2   0.0  293   42-345    23-320 (403)
     473 UniRef100_A0A087X9W8 G_PROTEIN 100.0 1.8E-42 1.8E-48  295.8   0.0  292   42-340   122-416 (547)
     474 UniRef100_F6SEF7 G_PROTEIN_REC 100.0 1.8E-42 1.8E-48  277.4   0.0  288   40-339    37-333 (337)
     475 UniRef100_A0A2G8KT39 Putative  100.0 1.8E-42 1.8E-48  291.0   0.0  284   47-342    48-340 (383)
     476 UniRef100_A0A6P8HUK6 melatonin 100.0 1.8E-42 1.8E-48  278.6   0.0  293   42-346    26-323 (374)
     477 tr|A7RRH0|A7RRH0_NEMVE Predict 100.0 1.9E-42 1.9E-48  300.1   0.0  290   42-345    25-317 (700)
     478 tr|A0A1S3NAI3|A0A1S3NAI3_SALSA 100.0 1.9E-42 1.9E-48  280.7   0.0  298   39-345    91-388 (439)
     479 tr|A0A182TQN5|A0A182TQN5_9DIPT 100.0 1.9E-42   2E-48  292.3   0.0  306   42-349   132-500 (613)
     480 UniRef100_A0A7M7G1H5 G_PROTEIN 100.0   2E-42   2E-48  294.1   0.0  286   45-346    39-336 (381)
     481 UniRef100_F6ZHC8 Uncharacteriz 100.0   2E-42   2E-48  291.1   0.0  295   45-342    89-463 (520)
     482 tr|A0A1D2MMS7|A0A1D2MMS7_ORCCI 100.0 2.1E-42 2.1E-48  295.3   0.0  284   41-344   121-405 (612)
     483 UniRef100_A0A2G8JD30 Putative  100.0 2.1E-42 2.1E-48  274.1   0.0  289   45-342    26-315 (323)
     484 tr|A0A131XUY2|A0A131XUY2_IXORI 100.0 2.1E-42 2.1E-48  285.6   0.0  284   42-342   160-445 (560)
     485 tr|W4YH96|W4YH96_STRPU Unchara 100.0 2.1E-42 2.1E-48  274.4   0.0  320    1-343     4-324 (394)
     486 tr|W4Y131|W4Y131_STRPU Unchara 100.0 2.1E-42 2.2E-48  279.9   0.0  291   48-344    59-357 (424)
     487 UniRef100_A0A0D9R0U9 Apelin re 100.0 2.1E-42 2.2E-48  286.9   0.0  289   44-343    62-363 (482)
     488 UniRef100_A0A060WAG3 G_PROTEIN 100.0 2.2E-42 2.2E-48  293.0   0.0  292   43-347   122-503 (550)
     489 UniRef100_A0A060VPX8 G_PROTEIN 100.0 2.2E-42 2.2E-48  308.7   0.0  281   42-342   131-417 (527)
     490 tr|A0A2B4S1Z5|A0A2B4S1Z5_STYPI 100.0 2.2E-42 2.2E-48  291.9   0.0  267   44-345    26-300 (514)
     491 tr|A0A1V4KKE4|A0A1V4KKE4_PATFA 100.0 2.2E-42 2.3E-48  293.1   0.0  291   36-340   398-689 (724)
     492 UniRef100_A0A067RAQ2 Neuropept 100.0 2.3E-42 2.3E-48  284.0   0.0  291   42-340    99-393 (509)
     493 tr|V9I0H3|V9I0H3_TRICA CCHamid 100.0 2.3E-42 2.4E-48  281.8   0.0  303   42-346    27-333 (423)
     494 UniRef100_A0A0K0PUX3 Orphan G- 100.0 2.4E-42 2.4E-48  296.0   0.0  283   42-339    59-346 (419)
     495 UniRef100_A0A060VZ71 G_PROTEIN 100.0 2.3E-42 2.4E-48  299.9   0.0  293   44-339   229-531 (650)
     496 UniRef100_A0A2B4RYF4 Neuropept 100.0 2.4E-42 2.4E-48  276.7   0.0  280   47-341    34-313 (401)
     497 UniRef100_A0A0P7Y8S7 Nocicepti 100.0 2.4E-42 2.5E-48  280.2   0.0  288   38-339   114-402 (467)
     498 UniRef100_A0A2B4S7Y2 Neuropept 100.0 2.5E-42 2.5E-48  297.3   0.0  283   44-343    82-371 (460)
     499 UniRef100_A0A2G8JGQ1 Putative  100.0 2.5E-42 2.5E-48  293.8   0.0  290   44-347    58-374 (455)
     500 UniRef100_A0A6F9DUB2 Somatosta 100.0 2.6E-42 2.6E-48  285.0   0.0  285   40-339    59-349 (467)
     
  > Uniprot already searched, skipping.
/projects/ilfgrid/apps/alphafold-2.2.0/prep_MSAs.sh: line 93: /bin/hmmbuild: No such file or directory
/projects/ilfgrid/apps/alphafold-2.2.0/prep_MSAs.sh: line 94: /bin/hmmsearch: No such file or directory
> Running chain B
  > Uniref90 already searched, skipping.
  > Mgnify already searched, skipping.
  > Running hhblits on bfd_uniref30
- 20:10:34.708 INFO: Searching 65983866 column state sequences.

- 20:10:35.734 INFO: Searching 29291635 column state sequences.

- 20:10:35.771 INFO: nmbr_human-6175/msas/B/chain_B.fasta is in A2M, A3M or FASTA format

- 20:10:35.771 INFO: Iteration 1

- 20:10:35.780 INFO: Prefiltering database

- 20:11:32.997 INFO: HMMs passed 1st prefilter (gapless profile-profile alignment)  : 89954

- 20:11:59.596 INFO: HMMs passed 1st prefilter (gapless profile-profile alignment)  : 74337

- 20:11:59.688 INFO: HMMs passed 2nd prefilter (gapped profile-profile alignment)   : 375

- 20:11:59.688 INFO: HMMs passed 2nd prefilter and not found in previous iterations : 375

- 20:11:59.688 INFO: Scoring 375 HMMs using HMM-HMM Viterbi alignment

- 20:11:59.742 INFO: Alternative alignment: 0

- 20:12:02.224 INFO: 375 alignments done

- 20:12:02.224 INFO: Alternative alignment: 1

- 20:12:02.238 INFO: 364 alignments done

- 20:12:02.239 INFO: Alternative alignment: 2

- 20:12:02.239 INFO: 1 alignments done

- 20:12:02.239 INFO: Alternative alignment: 3

- 20:12:02.342 INFO: Premerge done

- 20:12:02.342 INFO: Realigning 376 HMM-HMM alignments using Maximum Accuracy algorithm

- 20:12:02.475 INFO: 59 sequences belonging to 59 database HMMs found with an E-value < 0.001

- 20:12:02.475 INFO: Number of effective sequences of resulting query HMM: Neff = 3.16112

- 20:12:02.484 INFO: Iteration 2

- 20:12:02.484 INFO: Set premerge to 0! (premerge: 3 iteration: 2 hits.Size: 56)

- 20:12:02.491 INFO: Prefiltering database

- 20:13:03.661 INFO: HMMs passed 1st prefilter (gapless profile-profile alignment)  : 67020

- 20:13:28.756 INFO: HMMs passed 1st prefilter (gapless profile-profile alignment)  : 55272

- 20:13:28.818 INFO: HMMs passed 2nd prefilter (gapped profile-profile alignment)   : 221

- 20:13:28.818 INFO: HMMs passed 2nd prefilter and not found in previous iterations : 165

- 20:13:28.818 INFO: Scoring 165 HMMs using HMM-HMM Viterbi alignment

- 20:13:28.871 INFO: Alternative alignment: 0

- 20:13:29.087 INFO: 165 alignments done

- 20:13:29.088 INFO: Alternative alignment: 1

- 20:13:29.093 INFO: 149 alignments done

- 20:13:29.093 INFO: Alternative alignment: 2

- 20:13:29.093 INFO: Alternative alignment: 3

- 20:13:29.117 INFO: Realigning 161 HMM-HMM alignments using Maximum Accuracy algorithm

- 20:13:29.181 INFO: 75 sequences belonging to 75 database HMMs found with an E-value < 0.001

- 20:13:29.181 INFO: Number of effective sequences of resulting query HMM: Neff = 3.25362

- 20:13:29.190 INFO: Iteration 3

- 20:13:29.202 INFO: Prefiltering database

- 20:14:27.428 INFO: HMMs passed 1st prefilter (gapless profile-profile alignment)  : 67209

- 20:14:56.817 INFO: HMMs passed 1st prefilter (gapless profile-profile alignment)  : 56052

- 20:14:56.880 INFO: HMMs passed 2nd prefilter (gapped profile-profile alignment)   : 236

- 20:14:56.880 INFO: HMMs passed 2nd prefilter and not found in previous iterations : 164

- 20:14:56.880 INFO: Scoring 164 HMMs using HMM-HMM Viterbi alignment

- 20:14:56.934 INFO: Alternative alignment: 0

- 20:14:57.092 INFO: 164 alignments done

- 20:14:57.093 INFO: Alternative alignment: 1

- 20:14:57.098 INFO: 150 alignments done

- 20:14:57.098 INFO: Alternative alignment: 2

- 20:14:57.098 INFO: Alternative alignment: 3

- 20:14:57.118 INFO: Rescoring previously found HMMs with Viterbi algorithm

- 20:14:57.144 INFO: Alternative alignment: 0

- 20:14:57.147 INFO: 72 alignments done

- 20:14:57.147 INFO: Alternative alignment: 1

- 20:14:57.150 INFO: 72 alignments done

- 20:14:57.150 INFO: Alternative alignment: 2

- 20:14:57.150 INFO: Alternative alignment: 3

- 20:14:57.178 INFO: Premerge done

- 20:14:57.178 INFO: Realigning 233 HMM-HMM alignments using Maximum Accuracy algorithm

- 20:14:57.213 INFO: 87 sequences belonging to 87 database HMMs found with an E-value < 0.001

- 20:14:57.213 INFO: Number of effective sequences of resulting query HMM: Neff = 3.42534

     Query         gastrin releasing peptide(14-27) (human) gtp:6175
     Match_columns 14
     No_of_seqs    55 out of 659
     Neff          3.42534
     Searched_HMMs 455
     Date          Wed Mar  8 20:14:57 2023
     Command       hhblits -i nmbr_human-6175/msas/B/chain_B.fasta -cpu 4 -maxmem 20 -oa3m /projects/ilfgrid/people/nqz918/code/deorph/scripts/af_arman/af_jobs_af23/nmbr_human/6175//nmbr_human-6175/msas/B/bfd_uniref_hits.a3m -o /dev/null -n 3 -e 0.001 -maxseq 1000000 -realign_max 100000 -maxfilt 100000 -min_prefilter_hits 1000 -d /projects/ilfgrid/data/alphafold-genetic-databases///bfd/bfd_metaclust_clu_complete_id30_c90_final_seq.sorted_opt -d /projects/ilfgrid/data/alphafold-genetic-databases///uniref30/UniRef30_2021_03 
     
      No Hit                             Prob E-value P-value  Score    SS Cols Query HMM  Template HMM
       1 UniRef100_P08989 Gastrin-relea  98.8 8.5E-11 9.9E-17   50.6   0.0   14    1-14     14-27  (27)
       2 tr|B6C9J7|B6C9J7_GADMO Gastrin  98.7 1.8E-10 2.8E-16   62.4   0.0   14    1-14     55-68  (167)
       3 UniRef100_A0A096LXB3 GRP-10 n=  98.6 5.6E-10 7.9E-16   61.8   0.0   14    1-14     60-73  (187)
       4 UniRef100_A0A1S3LUW4 GRP-10 n=  98.5 1.9E-09 2.4E-15   60.0   0.0   14    1-14     56-69  (182)
       5 UniRef100_A0A0D9RZZ4 GRP-10 n=  98.4 3.2E-09 4.2E-15   59.3   0.0   14    1-14     43-56  (188)
       6 UniRef100_A0A1D5PXC4 GRP-10 n=  98.4 5.2E-09 7.7E-15   57.9   0.0   14    1-14     58-71  (181)
       7 UniRef100_A0A096MP90 GRP-10 n=  98.3 1.1E-08 1.3E-14   57.2   0.0   14    1-14     37-50  (177)
       8 UniRef100_A0A3Q1MJC4 GRP-10 n=  98.3 1.1E-08 1.5E-14   57.9   0.0   14    1-14     37-50  (207)
       9 tr|L9LCP5|L9LCP5_TUPCH Gastrin  98.3 1.4E-08 1.8E-14   56.5   0.0   14    1-14     37-50  (169)
      10 tr|A0A1A6HIC4|A0A1A6HIC4_NEOLE  98.3 1.9E-08 2.5E-14   56.0   0.0   14    1-14     39-52  (173)
      11 UniRef100_P01295 Gastrin-relea  98.2 2.9E-08 3.1E-14   43.7   0.0   14    1-14     15-28  (28)
      12 tr|A0A1L8I2M4|A0A1L8I2M4_XENLA  98.2 3.4E-08 5.1E-14   54.0   0.0   14    1-14     48-61  (156)
      13 tr|A0A147A377|A0A147A377_FUNHE  98.1   6E-08 9.7E-14   52.7   0.0   14    1-14     69-82  (156)
      14 UniRef100_A0A0E9X7X9 Uncharact  98.1 6.8E-08 1.1E-13   52.4   0.0   14    1-14     49-62  (149)
      15 UniRef100_G1Q1B7 GRP-10 n=1 Ta  97.9 3.4E-07 3.5E-13   47.5   0.0   14    1-14     27-40  (82)
      16 UniRef100_A0A3B1JJY4 GRP-10 n=  97.9   3E-07 3.7E-13   52.0   0.0   14    1-14     57-70  (181)
      17 UniRef100_A0A671VN03 GRP-10 n=  97.9 5.7E-07 5.8E-13   47.4   0.0   14    1-14     42-55  (92)
      18 UniRef100_P23260 Neuromedin-C   97.8 8.9E-07 9.2E-13   32.5   0.0   10    5-14      1-10  (10)
      19 UniRef100_A0A3B5AQH8 GRP-10 n=  97.8 8.9E-07 9.7E-13   51.2   0.0   14    1-14     42-55  (206)
      20 UniRef100_A0A556V7U0 GRP-10 n=  97.8 9.6E-07 1.1E-12   49.3   0.0   14    1-14     38-51  (150)
      21 UniRef100_P86026 [Asn3,Lys6,Ph  97.7 1.7E-06 1.8E-12   33.0   0.0   10    5-14      3-12  (12)
      22 UniRef100_A0A218UBQ0 GRP-10 n=  97.7 1.4E-06 1.8E-12   52.4   0.0   14    1-14    191-204 (324)
      23 UniRef100_A0A2I4AU42 neuromedi  97.7 1.7E-06 2.2E-12   47.4   0.0   14    1-14     45-58  (128)
      24 UniRef100_UPI00093C0A95 gastri  97.7 2.1E-06 2.3E-12   49.8   0.0   14    1-14    123-136 (207)
      25 UniRef100_P42991 Bombesin-like  97.7 2.4E-06 2.4E-12   33.2   0.0   11    4-14      3-13  (13)
      26 UniRef100_A0A3B3I193 GRP-10 n=  97.6 2.6E-06 2.7E-12   49.1   0.0   14    1-14     62-75  (194)
      27 UniRef100_A0A553R8W7 GRP-10 n=  97.6 2.7E-06 2.8E-12   48.1   0.0   14    1-14     63-76  (159)
      28 UniRef100_A0A096MIQ2 Uncharact  97.6 2.5E-06   3E-12   47.2   0.0   14    1-14     49-62  (136)
      29 UniRef100_P01297 Neuromedin-B   97.6 3.4E-06 3.5E-12   38.5   0.0   14    1-14     19-32  (32)
      30 UniRef100_A0A667WWI7 GRP-10 n=  97.6 3.9E-06   4E-12   48.6   0.0   14    1-14     55-68  (200)
      31 UniRef100_P84211 Bombesin-like  97.6 4.2E-06 4.3E-12   32.6   0.0   12    3-14      2-13  (13)
      32 UniRef100_P08945 Litorin n=1 T  97.5   5E-06 5.1E-12   30.0   0.0    9    6-14      1-9   (9)
      33 UniRef100_P08952 Ranatensin-R   97.5 5.6E-06 5.8E-12   33.9   0.0   12    3-14      6-17  (17)
      34 UniRef100_A0A3P4N122 GRP-10 (F  97.5 5.8E-06   6E-12   47.6   0.0   14    1-14     76-89  (185)
      35 UniRef100_A0A5F8G8N5 GRP-10 n=  97.5 6.4E-06 6.6E-12   48.6   0.0   14    1-14     38-51  (237)
      36 UniRef100_UPI0003336BF0 gastri  97.5 7.2E-06 7.4E-12   48.0   0.0   14    1-14     37-50  (214)
      37 UniRef100_P84212 Bombesin-like  97.5 8.6E-06 8.9E-12   31.7   0.0   11    4-14      3-13  (13)
      38 UniRef100_A0A061ICH4 NMB n=1 T  97.4 8.6E-06 1.1E-11   46.4   0.0   14    1-14     53-66  (168)
      39 UniRef100_A0A151MAA0 Neuromedi  97.4 9.1E-06 1.2E-11   47.1   0.0   14    1-14     81-94  (204)
      40 UniRef100_A0A6I9J9L0 GRP-10 n=  97.4 1.3E-05 1.4E-11   48.0   0.0   14    1-14     37-50  (268)
      41 UniRef100_UPI0014776DE4 gastri  97.4 1.4E-05 1.4E-11   46.1   0.0   14    1-14     79-92  (181)
      42 UniRef100_A0A212CSZ3 NMB n=1 T  97.4 1.2E-05 1.5E-11   46.6   0.0   14    1-14     43-56  (198)
      43 UniRef100_A0A1A7W9V8 Neuromedi  97.4 1.3E-05 1.5E-11   46.6   0.0   14    1-14     97-110 (197)
      44 UniRef100_P08944 Alytesin n=2   97.4 1.5E-05 1.5E-11   31.6   0.0   10    5-14      5-14  (14)
      45 UniRef100_A0A7E6CID2 GRP-10 n=  97.3 1.6E-05 1.6E-11   48.0   0.0   14    1-14    134-147 (285)
      46 UniRef100_UPI00112B28DC gastri  97.3 1.6E-05 1.6E-11   43.7   0.0   14    1-14     50-63  (117)
      47 UniRef100_UPI0015B139DE gastri  97.3 1.7E-05 1.7E-11   44.3   0.0   14    1-14     41-54  (134)
      48 UniRef100_A0A226MZZ3 GRP-10 n=  97.3 1.7E-05 1.9E-11   46.7   0.0   14    1-14     40-53  (218)
      49 UniRef100_A0A0G4DIM2 Ranatensi  97.3 1.6E-05   2E-11   44.0   0.0   12    3-14     47-58  (129)
      50 UniRef100_UPI00122F28F2 LOW QU  97.3 2.1E-05 2.1E-11   48.5   0.0   14    1-14    125-138 (359)
      51 UniRef100_A0A0N8EUR5 Neuromedi  97.3 2.1E-05 2.5E-11   45.3   0.0   14    1-14     43-56  (177)
      52 UniRef100_A0A7L2A887 NMB prote  97.2 4.2E-05 4.4E-11   38.9   0.0   14    1-14      9-22  (62)
      53 tr|A0A226PCM8|A0A226PCM8_COLVI  97.1 4.6E-05   5E-11   44.3   0.0   14    1-14     41-54  (184)
      54 UniRef100_A0A3Q3JHI2 Uncharact  97.1 4.5E-05 5.2E-11   42.4   0.0   14    1-14     46-59  (125)
      55 UniRef100_A0A4Z2J4K6 GRP-10 n=  97.0 8.5E-05 8.7E-11   44.8   0.0   14    1-14     42-55  (257)
      56 UniRef100_A0A1D5PAZ6 Uncharact  97.0   8E-05 8.9E-11   42.6   0.0   14    1-14     42-55  (154)
      57 UniRef100_P08951 Ranatensin-C   97.0 9.7E-05   1E-10   28.1   0.0   10    5-14      2-11  (11)
      58 UniRef100_A0A5J5D5W4 Uncharact  97.0 0.00011 1.1E-10   39.3   0.0   14    1-14     45-58  (86)
      59 UniRef100_UPI0007AD328A neurom  97.0 0.00011 1.1E-10   40.1   0.0   14    1-14     10-23  (100)
      60 UniRef100_UPI0003EBD3BA neurom  97.0 0.00011 1.1E-10   38.7   0.0   14    1-14     17-30  (76)
      61 UniRef100_A0A3B3HB94 Uncharact  97.0 0.00012 1.2E-10   39.8   0.0   14    1-14     42-55  (98)
      62 UniRef100_UPI0010A31B8B neurom  96.9 0.00016 1.7E-10   39.8   0.0   14    1-14     51-64  (108)
      63 UniRef100_A0A3B3HSG5 Uncharact  96.8 0.00019 2.1E-10   41.9   0.0   14    1-14     92-105 (182)
      64 UniRef100_A0A091F5U3 Uncharact  96.8  0.0002 2.2E-10   39.4   0.0   14    1-14     14-27  (107)
      65 UniRef100_A0A672PT95 Uncharact  96.8 0.00024 2.4E-10   40.2   0.0   14    1-14     35-48  (133)
      66 UniRef100_UPI00052EC399 gastri  96.8 0.00026 2.8E-10   41.4   0.0   14    1-14     68-81  (178)
      67 UniRef100_G1MQK3 Uncharacteriz  96.8 0.00027 2.9E-10   41.6   0.0   14    1-14     87-100 (189)
      68 UniRef100_A0A3B5BBY8 Uncharact  96.7 0.00031 3.3E-10   41.4   0.0   14    1-14     55-68  (189)
      69 tr|L5L3S3|L5L3S3_PTEAL Neurome  96.7 0.00034 3.8E-10   42.5   0.0   14    1-14     43-56  (257)
      70 UniRef100_P08946 Rhodei-litori  96.7 0.00037 3.8E-10   25.6   0.0    8    7-14      2-9   (9)
      71 tr|A0A0F8AZP6|A0A0F8AZP6_LARCR  96.7 0.00039 4.4E-10   39.6   0.0   14    1-14     45-58  (138)
      72 tr|E2QW58|E2QW58_CANLF Gastrin  96.6 0.00045 4.9E-10   39.7   0.0   14    1-14     37-52  (148)
      73 UniRef100_UPI0007B40191 neurom  96.6 0.00059   6E-10   38.9   0.0   14    1-14     59-72  (136)
      74 UniRef100_A0A493TXR3 GRP-10 n=  96.5  0.0008 8.2E-10   42.8   0.0   14    1-14    297-310 (407)
      75 tr|L5KHB8|L5KHB8_PTEAL Gastrin  96.5  0.0008 8.3E-10   39.9   0.0   14    1-14     37-50  (192)
      76 UniRef100_UPI0009071F30 neurom  96.5 0.00087 9.2E-10   39.9   0.0   14    1-14     46-59  (198)
      77 UniRef100_A0A553MYP3 Endopepti  96.5 0.00091 9.9E-10   41.3   0.0   14    1-14    194-207 (284)
      78 UniRef100_A0A2U3XTX2 GRP-10 n=  96.4 0.00093 1.1E-09   37.0   0.0   13    2-14      4-16  (105)
      79 UniRef100_A0A4X2JXK7 Uncharact  96.4  0.0011 1.1E-09   39.3   0.0   14    1-14     46-59  (189)
      80 UniRef100_A0A2K6LQB0 Uncharact  96.4  0.0014 1.4E-09   39.2   0.0   14    1-14     43-56  (203)
      81 UniRef100_A0A4W2IA96 GRP-10 n=  96.3  0.0016 1.8E-09   39.9   0.0   14    1-14    141-154 (255)
      82 UniRef100_A0A287B814 Neuromedi  96.3  0.0019   2E-09   38.9   0.0   14    1-14    120-133 (212)
      83 UniRef100_A0A3P8VXS2 Neuromedi  96.2   0.002 2.1E-09   37.1   0.0   14    1-14     41-54  (139)
      84 UniRef100_A0A091LIP6 Neuromedi  96.2  0.0019 2.1E-09   36.8   0.0   14    1-14     36-49  (128)
      85 UniRef100_A0A5F8GCH3 Uncharact  96.2  0.0021 2.1E-09   38.5   0.0   14    1-14     55-68  (196)
      86 UniRef100_A0A444V3T1 Protein K  96.2  0.0021 2.1E-09   39.7   0.0   14    1-14     46-59  (269)
      87 UniRef100_A0A6I9JY53 uncharact  96.2  0.0026 2.7E-09   38.7   0.0   14    1-14     43-56  (228)
      88 UniRef100_L5L3S3 Neuromedin-B   96.2  0.0026 2.7E-09   39.1   0.0   14    1-14     43-56  (257)
      89 UniRef100_A0A2D1UJ60 Bombesin   96.1  0.0024 2.8E-09   34.9   0.0   11    4-14     54-64  (91)
      90 UniRef100_A0A401Q1H0 Uncharact  96.1   0.003 3.1E-09   40.0   0.0   14    1-14     46-59  (346)
      91 UniRef100_UPI0019D44154 neurom  96.1   0.003 3.1E-09   36.7   0.0   13    2-14     70-82  (147)
      92 UniRef100_A0A2R8ZTY6 Neuromedi  96.1   0.003 3.1E-09   37.6   0.0   14    1-14    107-120 (185)
      93 UniRef100_UPI001443DC7A neurom  96.1  0.0032 3.2E-09   38.9   0.0   14    1-14     81-94  (261)
      94 UniRef100_A0A493STU8 Uncharact  96.1  0.0033 3.4E-09   38.5   0.0   14    1-14    149-162 (241)
      95 UniRef100_A0A498LEF0 Tetraspan  96.1  0.0032 3.5E-09   40.0   0.0   14    1-14     53-66  (356)
      96 UniRef100_UPI000B902FD3 neurom  96.0  0.0036 3.8E-09   36.8   0.0   14    1-14     86-99  (163)
      97 tr|Q4L0B7|Q4L0B7_BOMMX Proline  96.0   0.004 4.4E-09   36.5   0.0   12    3-14     49-60  (155)
      98 UniRef100_G1TEL7 Uncharacteriz  95.9  0.0052 5.4E-09   39.0   0.0   14    1-14     43-56  (343)
      99 UniRef100_Q4L0B7 Proline rich-  95.9  0.0056 5.8E-09   36.0   0.0   12    3-14     49-60  (155)
     100 UniRef100_A0A5E4BVT5 Uncharact  95.8  0.0062 6.6E-09   35.8   0.0   14    1-14     43-56  (153)
     101 UniRef100_A0A1S3W3J9 neuromedi  95.7  0.0092 9.5E-09   35.1   0.0   14    1-14     33-46  (153)
     102 UniRef100_UPI001A9842D0 protei  95.6   0.013 1.3E-08   36.2   0.0   14    1-14      1-14  (235)
     103 UniRef100_L9KNU0 WD repeat-con  95.4   0.018 1.8E-08   38.0   0.0   14    1-14     43-56  (460)
     104 UniRef100_A0A674CU48 Uncharact  95.3   0.021 2.2E-08   33.4   0.0   13    2-14     48-60  (135)
     105 UniRef100_L5KHB8 GRP-10 n=1 Ta  95.2   0.027 2.8E-08   34.3   0.0   13    1-13     37-49  (192)
     106 tr|S9WA17|S9WA17_CAMFR WD repe  95.0   0.034 3.7E-08   36.7   0.0   14    1-14    128-141 (430)
     107 UniRef100_A0A5E4DJP2 GRP-10 (F  94.7   0.055 5.7E-08   32.9   0.0   12    1-12     86-97  (178)
     108 UniRef100_A0A3B5K5H6 Uncharact  94.7   0.059 6.1E-08   30.8   0.0   14    1-14     44-57  (104)
     109 tr|L9KNU0|L9KNU0_TUPCH WD repe  94.7   0.055 6.3E-08   36.1   0.0   14    1-14     43-56  (460)
     110 UniRef100_A0A151MWS3 GRP-10 n=  94.5   0.064 7.5E-08   31.9   0.0   13    2-14     40-52  (149)
     111 UniRef100_A0A5N4CCQ1 GRP-10 (F  94.4   0.085 8.8E-08   28.4   0.0   11    1-11     37-47  (65)
     112 UniRef100_A0A2X0M561 BQ5605_C0  93.3    0.26 2.7E-07   26.8   0.0   11    3-13     26-36  (65)
     113 UniRef100_A0YGZ9 Uncharacteriz  93.1     0.3 3.1E-07   26.8   0.0   11    4-14     13-23  (70)
     114 UniRef100_A0A4W6C8I1 Uncharact  93.0    0.34 3.5E-07   28.9   0.0   11    1-11     34-44  (131)
     115 UniRef100_A0A066UZQ4 Uncharact  93.0    0.35 3.6E-07   29.1   0.0   12    3-14     64-75  (139)
     116 SRR5437868_3372533              92.8    0.37   4E-07   30.7   0.0   13    1-13    188-200 (234)
     117 UniRef100_A0A1A7ZU95 Tubulin,   92.3    0.45 5.4E-07   29.3   0.0   12    3-14    104-115 (172)
     118 UniRef100_A0A554KAT4 Uncharact  91.5     0.8 8.7E-07   23.2   0.0   10    4-13     12-21  (38)
     119 UniRef100_A0A2K5D216 Neuromedi  91.4    0.81 8.9E-07   28.4   0.0   14    1-14     43-56  (164)
     120 SRR5205085_10927513             91.1    0.97 1.1E-06   28.0   0.0   12    2-13    124-135 (160)
     121 UniRef100_A0A1A8DZQ7 Tubulin,   90.9     1.1 1.2E-06   25.9   0.0   10    4-13     65-74  (93)
     122 UniRef100_G0FNB7 Uncharacteriz  90.6     1.2 1.3E-06   23.7   0.0   11    3-13     14-24  (51)
     123 UniRef100_A0A2Z5G3J5 Uncharact  90.5     1.3 1.4E-06   23.0   0.0   11    3-13     18-28  (43)
     124 UniRef100_A0A0N5BE43 ULP_PROTE  90.5     1.3 1.4E-06   29.3   0.0   13    1-13    190-202 (289)
     125 UniRef100_K7ETJ4 Tubulin domai  90.1     1.5 1.6E-06   25.3   0.0   11    3-13     29-39  (88)
     126 UniRef100_A0A0L0RV04 Tubulin d  90.1     1.6 1.6E-06   25.1   0.0    9    4-12     22-30  (84)
     127 UniRef100_G3IHL6 Neuromedin-B   90.1     1.6 1.6E-06   23.6   0.0   12    1-12     43-54  (55)
     128 UniRef100_A0A4U1FH16 GRP-10 n=  90.1     1.6 1.6E-06   29.3   0.0   12    1-12    128-139 (325)
     129 UniRef100_UPI0015EFC0C5 hypoth  89.7     1.8 1.9E-06   24.1   0.0    9    5-13     56-64  (67)
     130 ERR1712150_63037                89.6     1.7 1.9E-06   27.4   0.0   11    3-13    129-139 (174)
     131 UniRef100_G4TL46 Uncharacteriz  89.5     1.9   2E-06   29.1   0.0   10    3-12    278-287 (340)
     132 UniRef100_UPI000B8599E1 isocho  89.3     2.1 2.1E-06   23.3   0.0   12    3-14     30-41  (56)
     133 UniRef100_A0A7W6U641 Uncharact  88.8     2.4 2.5E-06   21.3   0.0   11    1-11     12-22  (34)
     134 UniRef100_C0EGT8 Uncharacteriz  88.4     2.7 2.8E-06   21.7   0.0   10    4-13     12-21  (40)
     135 UniRef100_A0A357VKY0 S-layer h  88.1       3 3.1E-06   26.1   0.0    9    5-13    101-109 (156)
     136 UniRef100_A0A5N5JYT0 Tubulin d  88.0     3.1 3.2E-06   23.6   0.0   10    4-13     32-41  (72)
     137 UniRef100_A0A2I7RBV1 Uncharact  87.9     3.1 3.2E-06   23.0   0.0   10    4-13     36-45  (61)
     138 UniRef100_A0A645JCY5 Uncharact  87.5     3.5 3.6E-06   22.6   0.0   11    3-13     39-49  (56)
     139 UniRef100_A0A1S8P3A8 Uncharact  87.2     3.7 3.9E-06   22.4   0.0   11    2-12     40-50  (55)
     140 SRR5262249_59087969             87.0     3.8 4.1E-06   24.7   0.0   10    3-12     36-45  (112)
     141 ERR1712000_403599               86.8     4.1 4.2E-06   25.8   0.0   11    3-13     20-30  (167)
     142 UniRef100_UPI0013749FF4 hypoth  86.7     4.2 4.4E-06   22.2   0.0   11    3-13     38-48  (54)
     143 UniRef100_A0A1V6JK50 Uncharact  86.7     4.3 4.4E-06   26.6   0.0   12    2-13    130-141 (219)
     144 UniRef100_A0A7K0M6I5 Sugar hyd  86.6     4.4 4.5E-06   24.1   0.0   12    2-13     38-49  (97)
     145 UniRef100_F4GS35 Multidrug eff  86.5     4.5 4.6E-06   25.6   0.0   10    4-13     91-100 (163)
     146 UniRef100_A0A1F9C3Y2 Uncharact  86.3       4 4.8E-06   22.8   0.0   13    1-13      7-19  (65)
     147 UniRef100_A0A0Q3T3I8 Uncharact  86.1     4.8   5E-06   24.1   0.0   11    1-11     87-97  (103)
     148 UniRef100_A9FVG9 Uncharacteriz  85.8     5.2 5.4E-06   21.4   0.0   13    1-13     15-27  (47)
     149 UniRef100_A0A3B4A0P4 Uncharact  85.7     5.3 5.4E-06   24.6   0.0   12    1-12     76-87  (128)
     150 UniRef100_D5G8H2 Lipase_3 doma  85.3     5.7 5.9E-06   24.4   0.0   13    1-13      1-13  (123)
     151 UniRef100_A0A7S0WR61 Hypotheti  85.1       6 6.2E-06   23.8   0.0    9    5-13     25-33  (104)
     152 SRR5882672_4614972              85.0     5.7 6.3E-06   24.9   0.0   13    2-14     55-67  (143)
     153 UniRef100_X5PMF1 Uncharacteriz  84.7     6.5 6.7E-06   23.2   0.0    9    5-13     75-83  (89)
     154 UniRef100_A0A1B6F235 Tubulin d  84.6     6.6 6.8E-06   25.3   0.0   10    4-13    109-118 (179)
     155 SRR5688572_2611470              84.5     6.4   7E-06   25.1   0.0   12    2-13     23-34  (164)
     156 SRR3970040_923924               84.3     6.6 7.2E-06   25.7   0.0   11    3-13     64-74  (207)
     157 UniRef100_D5ST01 Uncharacteriz  84.0     7.4 7.6E-06   23.0   0.0   12    3-14      4-15  (89)
     158 UniRef100_UPI000D0A3C90 unchar  84.0     7.4 7.7E-06   24.0   0.0    9    4-12     61-69  (122)
     159 UniRef100_A0A0N0RXP3 Uncharact  83.9     7.5 7.7E-06   24.0   0.0   11    4-14     51-61  (125)
     160 UniRef100_A2XRL4 Uncharacteriz  83.7     7.8   8E-06   21.3   0.0    9    4-12     13-21  (54)
     161 UniRef100_A0A7S4JD93 Hypotheti  83.7     7.8   8E-06   25.2   0.0   11    3-13     30-40  (193)
     162 UniRef100_A0A1S8VYI0 Tubulin d  83.5       8 8.2E-06   25.0   0.0   11    3-13    127-137 (179)
     163 UniRef100_UPI000F642C61 hypoth  83.3     8.3 8.6E-06   24.4   0.0   11    3-13    120-130 (152)
     164 UniRef100_A0A538Q2Q2 Uncharact  83.0     8.8   9E-06   25.0   0.0   11    3-13     25-35  (188)
     165 UniRef100_A0A3P7N848 Tubulin d  82.9     8.9 9.2E-06   25.6   0.0   11    3-13     29-39  (242)
     166 SRR5713226_1474419              82.8     8.1 9.4E-06   24.7   0.0   13    1-13     59-71  (163)
     167 UniRef100_A0A1A8IWA7 Uncharact  82.6     9.3 9.6E-06   22.2   0.0    9    5-13     58-66  (77)
     168 UniRef100_A0A3M7PS50 Uncharact  82.6     9.5 9.7E-06   21.4   0.0   10    4-13     16-25  (60)
     169 UniRef100_A0A3B5BJM5 Uncharact  82.4     9.7 9.9E-06   24.3   0.0   12    1-12     48-59  (156)
     170 UniRef100_A0A3M1C5I0 Uncharact  82.3     9.9   1E-05   25.3   0.0   10    4-13    152-161 (223)
     171 UniRef100_T0Z9T5 Ribosomal pro  82.2      10   1E-05   23.1   0.0   11    3-13     35-45  (108)
     172 UniRef100_UPI0013EEAEA9 acyltr  82.1      10   1E-05   23.9   0.0   12    2-13     77-88  (141)
     173 UniRef100_A0A5K1K5B9 Histidine  82.1      10   1E-05   24.1   0.0   13    1-13    110-122 (151)
     174 UniRef100_A0A6T6TV90 Hypotheti  82.0      10 1.1E-05   26.9   0.0   11    3-13    360-370 (421)
     175 UniRef100_A0A7C9CPM4 Uncharact  81.2      12 1.2E-05   22.8   0.0    9    5-13     54-62  (103)
     176 UniRef100_A0A0L6VCJ5 Uncharact  81.0      12 1.2E-05   21.8   0.0   13    2-14     20-34  (76)
     177 UniRef100_A0A257CND5 Gamma-glu  81.0      12 1.2E-05   24.2   0.0   12    2-13     26-37  (169)
     178 UniRef100_UPI001876D127 unchar  80.8      12 1.3E-05   20.9   0.0   12    2-13     32-43  (58)
     179 UniRef100_A0A1H1UPW6 Uncharact  80.7      12 1.3E-05   19.8   0.0   10    3-12      7-16  (41)
     180 UniRef100_UPI001304D444 hypoth  80.5      13 1.3E-05   20.6   0.0   10    4-13     32-41  (53)
     181 UniRef100_A0A243P7M6 Uncharact  80.3      13 1.4E-05   23.6   0.0   13    2-14     98-110 (146)
     182 UniRef100_A0A6J5NY43 Uncharact  80.0      14 1.4E-05   24.4   0.0   13    2-14     34-46  (200)
     183 SRR5260370_14419530             79.8      13 1.5E-05   24.4   0.0   12    1-12    174-185 (191)
     184 UniRef100_A0A7S2P5E7 Hypotheti  79.4      15 1.5E-05   24.2   0.0   11    2-12    156-166 (197)
     185 UniRef100_A0A1Y2M5Z8 Uncharact  78.7      16 1.7E-05   26.7   0.0   13    1-13     68-80  (542)
     186 UniRef100_A0A1Q8CPA8 Uncharact  78.5      17 1.7E-05   21.9   0.0   10    4-13     56-65  (93)
     187 UniRef100_W1P4J1 Uncharacteriz  78.4      17 1.7E-05   22.7   0.0   12    2-13     13-24  (124)
     188 SRR3990172_6737757              78.3      15 1.8E-05   24.8   0.0   11    3-13    195-205 (246)
     189 UniRef100_A0A699UD80 Uncharact  78.3      17 1.8E-05   22.6   0.0   12    2-13      8-19  (119)
     190 UniRef100_A0A2E0SL49 Uncharact  78.3      17 1.8E-05   25.0   0.0   12    2-13    151-162 (285)
     191 UniRef100_A0A1X3CZX9 Uncharact  78.2      17 1.8E-05   23.7   0.0   10    4-13     81-90  (176)
     192 UniRef100_A0A7K0WUC8 CBM2 doma  77.6      19 1.9E-05   24.2   0.0   12    2-13     38-49  (219)
     193 UniRef100_A0A0H3DAY8 Uncharact  77.3      19   2E-05   23.2   0.0   11    3-13    120-130 (157)
     194 UniRef100_B8XXI8 Hemolysin (Fr  77.3      18   2E-05   22.5   0.0   12    2-13    107-118 (120)
     195 UniRef100_A0A0C2XLQ8 Lipase_3   76.1      22 2.3E-05   24.4   0.0   13    1-13    230-242 (269)
     196 UniRef100_A0A6I2Y5K2 Uncharact  76.1      22 2.3E-05   22.0   0.0   11    3-13     42-52  (109)
     197 UniRef100_A0A3P0MMD9 Uncharact  75.9      23 2.3E-05   21.9   0.0   12    2-13     42-53  (107)
     198 UniRef100_A0A3B5M110 Uncharact  75.8      23 2.3E-05   21.4   0.0   11    3-13     56-66  (91)
     199 UniRef100_A0A423WJK4 Uncharact  75.7      23 2.4E-05   20.6   0.0   12    2-13     58-69  (70)
     200 UniRef100_A0A1R3GXG7 Putative   74.8      25 2.6E-05   21.0   0.0   10    2-11     38-47  (85)
     201 UniRef100_UPI00131BB924 hypoth  74.7      25 2.6E-05   24.5   0.0   11    2-12    225-235 (303)
     202 UniRef100_A0A136PDN4 Peptidase  74.6      26 2.6E-05   23.5   0.0   13    1-13     83-95  (204)
     203 UniRef100_A0A498BU40 Uncharact  74.5      26 2.7E-05   18.6   0.0   11    2-12      3-13  (38)
     204 UniRef100_A0A0A6UHL3 Uncharact  74.4      26 2.7E-05   21.6   0.0   10    4-13     95-104 (105)
     205 UniRef100_A0A671PJU1 B30.2/SPR  74.4      26 2.7E-05   23.8   0.0   12    2-13    144-155 (230)
     206 UniRef100_A0A7C7XCF1 Uncharact  73.6      28 2.9E-05   21.4   0.0   11    3-13     17-27  (103)
     207 UniRef100_A0A319BZN1 Uncharact  73.2      29   3E-05   21.3   0.0   10    1-10     84-93  (101)
     208 ERR1719343_1123252              72.2      30 3.3E-05   22.5   0.0   10    4-13    125-134 (157)
     209 UniRef100_A0A4Q2ZE49 MFS trans  72.1      33 3.4E-05   21.4   0.0   10    2-11     14-23  (112)
     210 UniRef100_UPI000512337C neurom  71.5      35 3.6E-05   22.1   0.0   12    1-12     43-54  (145)
     211 UniRef100_A0A5E8A525 Uncharact  71.4      35 3.6E-05   19.5   0.0   12    2-13     48-59  (59)
     212 UniRef100_A0A2C5ZB42 Uncharact  70.2      39   4E-05   21.1   0.0   11    2-12     66-76  (109)
     213 UniRef100_A0A1F2SRL8 Uncharact  70.0      40 4.1E-05   19.4   0.0   13    1-13      1-13  (60)
     214 UniRef100_A0A444RXQ2 Uncharact  69.9      40 4.1E-05   20.6   0.0   11    1-11     37-47  (91)
     215 UniRef100_UPI001679A01B hypoth  67.8      48 4.9E-05   20.2   0.0   11    3-13      2-12  (87)
     216 UniRef100_A0A5M9JU38 Uncharact  66.8      51 5.3E-05   19.7   0.0   12    2-13     62-73  (75)
     217 UniRef100_A0A2P2PC10 Uncharact  66.5      52 5.4E-05   17.9   0.0   14    1-14      1-14  (41)
     218 UniRef100_A0A4Y9XSI1 Lipase_3   66.3      53 5.5E-05   23.5   0.0   13    1-13    109-121 (331)
     219 UniRef100_A0A183G043 Beta-lact  66.1      54 5.6E-05   22.3   0.0   11    3-13    133-143 (209)
     220 UniRef100_A0A251RY02 Uncharact  64.4      61 6.3E-05   20.8   0.0   12    2-13     88-99  (126)
     221 UniRef100_A0A2V6FS98 GIY-YIG d  64.1      47 6.5E-05   22.2   0.0   12    1-12      3-14  (208)
     222 UniRef100_A0A0C9XNA7 Unplaced   63.4      62 6.9E-05   22.1   0.0   13    1-13      1-13  (202)
     223 UniRef100_A0A5M9JHH9 Uncharact  62.9      69 7.1E-05   20.2   0.0   10    2-11     59-68  (107)
     224 UniRef100_A0A5C1ALA6 Karilysin  62.1      73 7.5E-05   22.2   0.0   11    1-11    125-135 (238)
     225 UniRef100_M7T2H5 Putative auto  60.7      80 8.3E-05   22.0   0.0   13    1-13    154-166 (237)
     226 UniRef100_M4C199 Uncharacteriz  60.4      82 8.4E-05   18.1   0.0   10    2-11     45-54  (54)
     227 UniRef100_UPI00187977F9 neurom  58.8      91 9.4E-05   21.9   0.0   10    2-11     61-70  (244)
     228 UniRef100_UPI000157CF08 conser  58.5      93 9.6E-05   23.2   0.0   13    1-13    228-240 (426)
     229 UniRef100_A0A518E3P7 Uncharact  58.3      95 9.7E-05   23.4   0.0   12    1-12    284-295 (480)
     230 UniRef100_A0A0F0FNS2 Uncharact  57.5   1E+02  0.0001   18.9   0.0   11    2-12     29-39  (80)
     231 UniRef100_A0A540LQ73 Uncharact  55.6 1.1E+02 0.00012   19.1   0.0   11    3-13     39-49  (95)
     232 UniRef100_C4J7A0 Uncharacteriz  55.3 1.1E+02 0.00012   19.2   0.0   11    3-13     83-93  (99)
     233 UniRef100_A0A484DTI1 Uncharact  36.7 3.5E+02 0.00036   17.9   0.0   11    3-13     72-82  (113)
     
  > Uniprot already searched, skipping.
/projects/ilfgrid/apps/alphafold-2.2.0/prep_MSAs.sh: line 93: /bin/hmmbuild: No such file or directory
/projects/ilfgrid/apps/alphafold-2.2.0/prep_MSAs.sh: line 94: /bin/hmmsearch: No such file or directory

>> Job finished at: Wed Mar  8 20:15:03 CET 2023

>> Runtime: 918 s
