>> Job started at: Wed Feb 22 18:12:59 CET 2023
   On Machine:     ilfgridgpun01fl.unicph.domain
   In directory:   /maps/projects/ilfgrid/people/nqz918/code/deorph/scripts/af_arman/af_jobs_af23/bkrb2_human/650

>> GPU is 

> Running 'prep_MSAs.sh'
  > Alphafold-DB directory is set to /projects/ilfgrid/data/alphafold-genetic-databases//
  > Number of cores was set to set to 2
  > Max memory set to 20 GB
  > Output directory was set to /maps/projects/ilfgrid/people/nqz918/code/deorph/scripts/af_arman/af_jobs_af23/bkrb2_human/650/
  > Input fastafile was set to /maps/projects/ilfgrid/people/nqz918/code/deorph/scripts/af_arman/af_jobs_af23/bkrb2_human/650/bkrb2_human-650.fasta
> Splitting fastafile
> Running chain A
  > Uniref90 already searched, skipping.
  > Mgnify already searched, skipping.
  > Running hhblits on bfd_uniref30
- 18:13:26.384 INFO: Searching 65983866 column state sequences.

- 18:13:27.750 INFO: Searching 29291635 column state sequences.

- 18:13:27.786 INFO: bkrb2_human-650/msas/A/chain_A.fasta is in A2M, A3M or FASTA format

- 18:13:27.786 INFO: Iteration 1

- 18:13:28.075 INFO: Prefiltering database

- 18:17:00.124 INFO: HMMs passed 1st prefilter (gapless profile-profile alignment)  : 1069488

- 18:18:17.158 INFO: HMMs passed 1st prefilter (gapless profile-profile alignment)  : 645118

- 18:18:20.799 INFO: HMMs passed 2nd prefilter (gapped profile-profile alignment)   : 26109

- 18:18:20.799 INFO: HMMs passed 2nd prefilter and not found in previous iterations : 26109

- 18:18:20.799 INFO: Scoring 26109 HMMs using HMM-HMM Viterbi alignment

- 18:18:20.837 INFO: Alternative alignment: 0

- 18:18:22.553 INFO: 2000 alignments done

- 18:18:24.092 INFO: 4000 alignments done

- 18:18:25.435 INFO: 6000 alignments done

- 18:18:26.681 INFO: 8000 alignments done

- 18:18:27.981 INFO: 10000 alignments done

- 18:18:41.861 INFO: 12000 alignments done

- 18:18:43.133 INFO: 14000 alignments done

- 18:18:44.420 INFO: 16000 alignments done

- 18:18:45.572 INFO: 18000 alignments done

- 18:18:46.819 INFO: 20000 alignments done

- 18:18:47.895 INFO: 22000 alignments done

- 18:18:48.894 INFO: 24000 alignments done

- 18:18:49.868 INFO: 26000 alignments done

- 18:18:49.923 INFO: 26109 alignments done

- 18:18:49.924 INFO: Alternative alignment: 1

- 18:19:13.989 INFO: 26082 alignments done

- 18:19:14.048 INFO: Alternative alignment: 2

- 18:19:18.950 INFO: 5683 alignments done

- 18:19:18.955 INFO: Alternative alignment: 3

- 18:19:19.979 INFO: 913 alignments done

- 18:19:21.007 INFO: Premerge done

- 18:19:21.009 INFO: Realigning 11301 HMM-HMM alignments using Maximum Accuracy algorithm

- 18:20:44.908 INFO: 11304 sequences belonging to 11304 database HMMs found with an E-value < 0.001

- 18:20:44.908 INFO: Number of effective sequences of resulting query HMM: Neff = 10.3202

- 18:20:45.224 INFO: Iteration 2

- 18:20:45.224 INFO: Set premerge to 0! (premerge: 3 iteration: 2 hits.Size: 11301)

- 18:20:45.465 INFO: Prefiltering database

- 18:23:18.927 INFO: HMMs passed 1st prefilter (gapless profile-profile alignment)  : 4714361

- 18:26:08.772 INFO: HMMs passed 1st prefilter (gapless profile-profile alignment)  : 2417993

- 18:26:27.087 INFO: HMMs passed 2nd prefilter (gapped profile-profile alignment)   : 69531

- 18:26:27.087 INFO: HMMs passed 2nd prefilter and not found in previous iterations : 58534

- 18:26:27.087 INFO: Scoring 58534 HMMs using HMM-HMM Viterbi alignment

- 18:26:27.117 INFO: Alternative alignment: 0

- 18:26:37.889 INFO: 2000 alignments done

- 18:26:46.703 INFO: 4000 alignments done

- 18:26:56.678 INFO: 6000 alignments done

- 18:27:07.325 INFO: 8000 alignments done

- 18:28:08.490 INFO: 10000 alignments done

- 18:29:12.968 INFO: 12000 alignments done

- 18:30:28.030 INFO: 14000 alignments done

- 18:30:28.035 INFO: Stop after DB-HHM: 14000 because early stop  11.4724 < filter cutoff 20

- 18:30:28.035 INFO: Alternative alignment: 1

- 18:32:06.113 INFO: 10526 alignments done

- 18:32:06.156 INFO: Alternative alignment: 2

- 18:32:07.759 INFO: 849 alignments done

- 18:32:07.761 INFO: Alternative alignment: 3

- 18:32:08.126 INFO: 140 alignments done

- 18:32:08.282 INFO: Realigning 5356 HMM-HMM alignments using Maximum Accuracy algorithm

- 18:34:20.233 INFO: 16659 sequences belonging to 16659 database HMMs found with an E-value < 0.001

- 18:34:20.234 INFO: Number of effective sequences of resulting query HMM: Neff = 10.7618

- 18:34:20.342 INFO: Iteration 3

- 18:34:20.552 INFO: Prefiltering database

- 18:36:59.218 INFO: HMMs passed 1st prefilter (gapless profile-profile alignment)  : 4939162

- 18:39:00.869 INFO: HMMs passed 1st prefilter (gapless profile-profile alignment)  : 2360060

- 18:39:18.456 INFO: HMMs passed 2nd prefilter (gapped profile-profile alignment)   : 72198

- 18:39:18.456 INFO: HMMs passed 2nd prefilter and not found in previous iterations : 55965

- 18:39:18.456 INFO: Scoring 55965 HMMs using HMM-HMM Viterbi alignment

- 18:39:18.482 INFO: Alternative alignment: 0

- 18:40:15.877 INFO: 2000 alignments done

- 18:40:53.868 INFO: 4000 alignments done

- 18:42:32.710 INFO: 6000 alignments done

- 18:43:59.519 INFO: 8000 alignments done

- 18:44:58.719 INFO: 10000 alignments done

- 18:44:58.731 INFO: Stop after DB-HHM: 10000 because early stop  12.5719 < filter cutoff 20

- 18:44:58.731 INFO: Alternative alignment: 1

- 18:46:02.321 INFO: 5919 alignments done

- 18:46:02.329 INFO: Alternative alignment: 2

- 18:46:03.465 INFO: 540 alignments done

- 18:46:03.473 INFO: Alternative alignment: 3

- 18:46:03.705 INFO: 98 alignments done

- 18:46:03.798 INFO: Rescoring previously found HMMs with Viterbi algorithm

- 18:46:03.826 INFO: Alternative alignment: 0

- 18:46:16.539 INFO: 2000 alignments done

- 18:46:21.948 INFO: 4000 alignments done

- 18:46:28.926 INFO: 6000 alignments done

- 18:46:38.245 INFO: 8000 alignments done

- 18:46:45.377 INFO: 10000 alignments done

- 18:47:03.342 INFO: 12000 alignments done

- 18:47:27.029 INFO: 14000 alignments done

- 18:47:46.252 INFO: 16000 alignments done

- 18:47:46.692 INFO: 16234 alignments done

- 18:47:46.693 INFO: Alternative alignment: 1

- 18:47:58.404 INFO: 16233 alignments done

- 18:47:58.428 INFO: Alternative alignment: 2

- 18:47:59.558 INFO: 1157 alignments done

- 18:47:59.565 INFO: Alternative alignment: 3

- 18:47:59.801 INFO: 173 alignments done

- 18:48:00.063 INFO: Premerge done

- 18:48:00.067 INFO: Realigning 16879 HMM-HMM alignments using Maximum Accuracy algorithm

- 18:49:18.861 INFO: 16985 sequences belonging to 16985 database HMMs found with an E-value < 0.001

- 18:49:18.862 INFO: Number of effective sequences of resulting query HMM: Neff = 10.785

     Query         bkrb2_human P30411
     Match_columns 391
     No_of_seqs    3306 out of 225440
     Neff          10.785
     Searched_HMMs 76133
     Date          Wed Feb 22 18:49:18 2023
     Command       hhblits -i bkrb2_human-650/msas/A/chain_A.fasta -cpu 2 -maxmem 20 -oa3m /maps/projects/ilfgrid/people/nqz918/code/deorph/scripts/af_arman/af_jobs_af23/bkrb2_human/650//bkrb2_human-650/msas/A/bfd_uniref_hits.a3m -o /dev/null -n 3 -e 0.001 -maxseq 1000000 -realign_max 100000 -maxfilt 100000 -min_prefilter_hits 1000 -d /projects/ilfgrid/data/alphafold-genetic-databases///bfd/bfd_metaclust_clu_complete_id30_c90_final_seq.sorted_opt -d /projects/ilfgrid/data/alphafold-genetic-databases///uniref30/UniRef30_2021_03 
     
      No Hit                             Prob E-value P-value  Score    SS Cols Query HMM  Template HMM
       1 tr|G1T869|G1T869_RABIT B2 brad 100.0 1.7E-76 1.8E-82  497.5   0.0  391    1-391    53-446 (446)
       2 UniRef100_A0A060WGF3 B2 bradyk 100.0   4E-68 4.2E-74  477.4   0.0  382    1-384   102-484 (589)
       3 tr|V8PD93|V8PD93_OPHHA Type-2  100.0 7.7E-63 8.1E-69  430.1   0.0  305   45-353    63-370 (412)
       4 tr|G1KNH5|G1KNH5_ANOCA Bradyki 100.0 3.6E-60 3.8E-66  389.9   0.0  339   44-384    44-383 (389)
       5 UniRef100_A0A060X7S9 B2 bradyk 100.0 4.2E-59 4.3E-65  407.7   0.0  308   45-354   101-408 (491)
       6 tr|A0A218V2X0|A0A218V2X0_9PASE 100.0 1.2E-58 1.3E-64  408.3   0.0  335   44-381   104-441 (720)
       7 UniRef100_A0A060VVF8 G_PROTEIN 100.0   5E-58 5.2E-64  409.1   0.0  305   45-353   128-435 (511)
       8 tr|A0A146TL67|A0A146TL67_FUNHE 100.0 8.2E-57 8.6E-63  405.8   0.0  308   45-352    14-405 (442)
       9 tr|A0A146U732|A0A146U732_FUNHE 100.0 3.1E-56 3.3E-62  412.7   0.0  305   45-352   180-548 (590)
      10 UniRef100_A0A1S3HKE5 allatosta 100.0 1.1E-54 1.1E-60  383.7   0.0  293   55-354    80-378 (462)
      11 UniRef100_A0A6P4Z4S7 G-protein 100.0 4.3E-54 4.5E-60  383.2   0.0  292   55-356    57-356 (417)
      12 UniRef100_A0A024FLF0 PQRFa pep 100.0 8.4E-54 8.8E-60  379.1   0.0  291   55-351    47-346 (413)
      13 tr|M3ZFE6|M3ZFE6_XIPMA Somatos 100.0 1.6E-53 1.6E-59  365.7   0.0  283   56-353   103-391 (525)
      14 UniRef100_A0A060YTK2 Uncharact 100.0 1.8E-53 1.8E-59  358.8   0.0  304   45-350    72-377 (447)
      15 tr|A0A060WY47|A0A060WY47_ONCMY 100.0 2.1E-53 2.1E-59  359.6   0.0  310   45-356    19-328 (505)
      16 tr|A0A0P7U387|A0A0P7U387_9TELE 100.0 2.9E-53   3E-59  366.4   0.0  285   56-353   127-417 (556)
      17 UniRef100_A0A060X1Q6 Somatosta 100.0 3.8E-53 3.9E-59  379.7   0.0  282   56-350   138-423 (604)
      18 UniRef100_A0A1N7TCF1 Galanin r 100.0 5.4E-53 5.6E-59  362.8   0.0  288   57-354    71-363 (407)
      19 UniRef100_A0A091EBV8 Type-1 an 100.0 6.7E-53   7E-59  383.6   0.0  291   47-348   337-627 (715)
      20 UniRef100_A0A060W5Z4 G_PROTEIN 100.0 7.9E-53 8.2E-59  373.8   0.0  282   57-352   190-475 (593)
      21 tr|A0A1L8G1N6|A0A1L8G1N6_XENLA 100.0   1E-52 1.1E-58  359.0   0.0  284   55-352   114-399 (448)
      22 UniRef100_A0A060X690 G_PROTEIN 100.0 1.6E-52 1.6E-58  353.9   0.0  287   56-351    45-335 (386)
      23 UniRef100_A0A087QH27 C-C chemo 100.0   2E-52 2.1E-58  381.0   0.0  296   46-353   189-486 (591)
      24 tr|A0A0F8ARD3|A0A0F8ARD3_LARCR 100.0 2.3E-52 2.3E-58  354.8   0.0  281   58-351    54-338 (464)
      25 UniRef100_A0A023F675 Putative  100.0 2.4E-52 2.5E-58  375.9   0.0  288   55-349   124-417 (530)
      26 UniRef100_A0A6P4Y4T1 galanin r 100.0 2.6E-52 2.7E-58  358.3   0.0  294   53-353    54-353 (410)
      27 UniRef100_A0A0K0PUX7 Orphan G- 100.0 2.6E-52 2.8E-58  368.7   0.0  289   56-351    61-354 (471)
      28 UniRef100_A0A087RJN6 Somatosta 100.0 7.3E-52 7.7E-58  365.3   0.0  282   56-350    59-342 (391)
      29 UniRef100_A0A026X3T6 Allatosta 100.0 1.3E-51 1.3E-57  364.7   0.0  286   57-354   139-428 (540)
      30 UniRef100_A0A0K0PUL8 Allatosta 100.0 1.3E-51 1.4E-57  355.5   0.0  289   56-351    49-344 (396)
      31 UniRef100_A0A0F8BCH4 B2 bradyk 100.0 1.7E-51 1.7E-57  368.8   0.0  299   50-350   373-671 (710)
      32 UniRef100_A0A0K0PUR1 Orphan G- 100.0 1.9E-51 1.9E-57  366.7   0.0  288   55-349   112-409 (530)
      33 UniRef100_A0A087XDT1 Somatosta 100.0 2.2E-51 2.3E-57  361.1   0.0  283   56-353   167-455 (676)
      34 UniRef100_A0A141CIT8 G protein 100.0 2.3E-51 2.3E-57  359.0   0.0  289   52-352    81-377 (488)
      35 UniRef100_A0A2B4S7K2 Histamine 100.0 3.2E-51 3.3E-57  356.2   0.0  279   55-350    30-326 (369)
      36 tr|A0A146NR64|A0A146NR64_FUNHE 100.0 3.2E-51 3.4E-57  347.6   0.0  300   45-347   108-416 (449)
      37 UniRef100_A0A1L8HHP3 G_PROTEIN 100.0 3.3E-51 3.4E-57  343.6   0.0  298   53-353    41-341 (370)
      38 UniRef100_A0A6P4XD29 neuropept 100.0 5.2E-51 5.5E-57  348.2   0.0  287   56-348    40-339 (385)
      39 UniRef100_A0A154PKR3 Tachykini 100.0 5.6E-51 5.9E-57  356.6   0.0  287   56-351    75-374 (457)
      40 tr|L5LXA0|L5LXA0_MYODS B1 brad 100.0 5.7E-51 5.9E-57  340.1   0.0  352    1-354    23-387 (406)
      41 UniRef100_A0A026WTK8 Tachykini 100.0 6.2E-51 6.4E-57  360.6   0.0  287   56-351    88-388 (556)
      42 UniRef100_A0A2B4RSM5 Neuropept 100.0 6.7E-51   7E-57  350.4   0.0  287   54-355    33-327 (417)
      43 UniRef100_A0A2B4SKI0 Tachykini 100.0 7.5E-51 7.8E-57  368.0   0.0  298   45-353    79-392 (469)
      44 tr|A0A091CRU0|A0A091CRU0_FUKDA 100.0 8.5E-51 8.8E-57  365.2   0.0  297   46-353   397-694 (720)
      45 UniRef100_A0A2B4SDF9 Neuropept 100.0 1.1E-50 1.2E-56  351.8   0.0  284   55-351    87-379 (455)
      46 UniRef100_A0A077YWL6 Somatosta 100.0 1.2E-50 1.2E-56  360.5   0.0  291   57-354    65-363 (446)
      47 tr|C3XSP5|C3XSP5_BRAFL Unchara 100.0 1.3E-50 1.3E-56  337.9   0.0  290   57-354    27-329 (403)
      48 UniRef100_A0A1D1W534 G_PROTEIN 100.0 1.4E-50 1.5E-56  363.6   0.0  290   55-353    76-435 (492)
      49 UniRef100_A0A060VNF4 G_PROTEIN 100.0 1.9E-50   2E-56  356.2   0.0  302   45-349   119-429 (566)
      50 UniRef100_A0A0F8BCH4 B2 bradyk 100.0 2.6E-50 2.6E-56  361.4   0.0  309   45-355    28-337 (710)
      51 tr|S7PUA8|S7PUA8_MYOBR C-C che 100.0 4.3E-50 4.5E-56  357.5   0.0  295   45-351   270-566 (603)
      52 UniRef100_A0A026WW28 Neuropept 100.0 4.3E-50 4.5E-56  358.9   0.0  287   54-352    85-381 (552)
      53 UniRef100_A0A060VPX8 G_PROTEIN 100.0 4.3E-50 4.5E-56  369.8   0.0  295   46-351   121-418 (527)
      54 UniRef100_A0A068YB14 Neuropept 100.0 4.3E-50 4.5E-56  355.7   0.0  292   54-353    51-354 (448)
      55 tr|C3XVS5|C3XVS5_BRAFL Unchara 100.0 4.4E-50 4.5E-56  339.9   0.0  287   55-352    65-364 (425)
      56 tr|S9YJE2|S9YJE2_CAMFR Somatos 100.0 5.2E-50 5.4E-56  337.5   0.0  284   56-349   111-398 (438)
      57 UniRef100_A0A024R2Q0 Chemokine 100.0 5.2E-50 5.4E-56  353.4   0.0  299   45-353   144-445 (499)
      58 UniRef100_A0A1A8A7W5 Bradykini 100.0 6.4E-50 6.6E-56  334.1   0.0  303   45-353    80-382 (415)
      59 UniRef100_A0A076YJT8 Chemokine 100.0 8.4E-50 8.8E-56  349.8   0.0  285   56-353   159-446 (493)
      60 UniRef100_A0A2G8KL37 Cholecyst 100.0 8.7E-50   9E-56  345.1   0.0  288   58-353    99-432 (493)
      61 UniRef100_A0A2G8L6L1 Putative  100.0   9E-50 9.3E-56  340.7   0.0  288   54-350    32-323 (407)
      62 tr|A0A091DQD0|A0A091DQD0_FUKDA 100.0 9.5E-50 9.8E-56  342.1   0.0  299   45-353   167-465 (499)
      63 UniRef100_A0A068WW83 Allatosta 100.0 9.4E-50 9.8E-56  353.9   0.0  277   56-345    65-347 (432)
      64 UniRef100_A0A3M6T6P4 G_PROTEIN 100.0   1E-49 1.1E-55  348.7   0.0  296   46-352    43-355 (465)
      65 UniRef100_A0A060VUW6 G_PROTEIN 100.0 1.1E-49 1.2E-55  365.7   0.0  280   57-354   117-442 (574)
      66 UniRef100_A0A164MD49 Putative  100.0 1.2E-49 1.2E-55  346.4   0.0  285   57-350    49-394 (498)
      67 UniRef100_A0A060X5Z5 G_PROTEIN 100.0 1.2E-49 1.3E-55  354.8   0.0  277   58-350    84-383 (522)
      68 UniRef100_A0A0K0PUT9 Excitator 100.0 1.2E-49 1.3E-55  353.4   0.0  290   55-354   101-404 (474)
      69 UniRef100_A0A369RW72 Octopamin 100.0 1.3E-49 1.3E-55  354.5   0.0  275   57-347    54-354 (412)
      70 tr|A0A2C9JWF9|A0A2C9JWF9_BIOGL 100.0 1.3E-49 1.4E-55  346.9   0.0  296   54-356    62-370 (403)
      71 UniRef100_A0A1L8FNX2 G_PROTEIN 100.0 1.3E-49 1.4E-55  343.4   0.0  282   55-349    60-341 (400)
      72 UniRef100_A0A060X0P4 G_PROTEIN 100.0 1.6E-49 1.7E-55  352.4   0.0  301   47-353   129-433 (513)
      73 UniRef100_A0A0K0PUI9 Orphan G- 100.0 1.6E-49 1.7E-55  357.5   0.0  290   56-353   100-409 (534)
      74 UniRef100_A0A0D9R0U9 Apelin re 100.0 1.7E-49 1.8E-55  340.2   0.0  301   46-349    51-361 (482)
      75 tr|A0A218UP03|A0A218UP03_9PASE 100.0   2E-49   2E-55  361.0   0.0  294   45-350   777-1073(1110)
      76 tr|A0A1I8PIJ9|A0A1I8PIJ9_STOCA 100.0   2E-49   2E-55  353.6   0.0  293   56-356   168-472 (680)
      77 tr|A0A091DWF1|A0A091DWF1_FUKDA 100.0 2.2E-49 2.3E-55  333.4   0.0  281   57-350   156-440 (483)
      78 UniRef100_A0A1D2M4J2 Neuropept 100.0 2.3E-49 2.4E-55  346.5   0.0  292   56-355   125-427 (497)
      79 UniRef100_A0A091DWF1 Somatosta 100.0 2.5E-49 2.6E-55  341.0   0.0  281   57-350   155-439 (523)
      80 UniRef100_A0A139WB32 Tachykini 100.0 2.5E-49 2.6E-55  340.2   0.0  290   57-354    43-345 (405)
      81 UniRef100_A0A0P7U357 Apelin re 100.0 2.7E-49 2.8E-55  337.4   0.0  292   54-354    54-346 (401)
      82 tr|A0A060X5F3|A0A060X5F3_ONCMY 100.0 3.1E-49 3.2E-55  364.7   0.0  300   45-353   402-704 (840)
      83 UniRef100_A0A087UNN0 Neuropept 100.0 3.9E-49 4.1E-55  341.0   0.0  284   57-347    93-387 (470)
      84 UniRef100_A0A061INJ6 Pyrogluta 100.0 4.1E-49 4.3E-55  358.3   0.0  294   56-353   151-460 (594)
      85 UniRef100_A0A060W161 G_PROTEIN 100.0 4.5E-49 4.7E-55  361.8   0.0  295   46-350   157-454 (574)
      86 tr|L5M4Z9|L5M4Z9_MYODS C-C che 100.0 5.5E-49 5.7E-55  340.6   0.0  299   45-354   257-558 (590)
      87 UniRef100_A0A1S3J712 QRFP-like 100.0   7E-49 7.3E-55  348.0   0.0  288   55-350    65-370 (507)
      88 tr|A0A1I8M930|A0A1I8M930_MUSDO 100.0 7.2E-49 7.5E-55  363.5   0.0  286   57-356   188-583 (963)
      89 UniRef100_A0A2B4SKX3 Cholecyst 100.0 7.7E-49   8E-55  337.3   0.0  287   53-355    67-416 (428)
      90 UniRef100_A0A087X575 NPY-Y2 re 100.0 8.1E-49 8.4E-55  336.9   0.0  288   56-351    72-371 (426)
      91 UniRef100_A0A060VSP8 5-hydroxy 100.0 8.3E-49 8.7E-55  345.2   0.0  280   56-352    86-416 (479)
      92 UniRef100_A0A060X360 G_PROTEIN 100.0   1E-48   1E-54  338.1   0.0  288   57-353    99-390 (477)
      93 tr|G3S2I3|G3S2I3_GORGO Opioid  100.0 1.1E-48 1.1E-54  334.1   0.0  282   56-348   161-446 (492)
      94 UniRef100_A0A210QEM7 Neuropept 100.0 1.2E-48 1.2E-54  335.0   0.0  292   57-353    50-348 (416)
      95 tr|A0A218V410|A0A218V410_9PASE 100.0 1.2E-48 1.2E-54  323.3   0.0  303   45-352    88-393 (427)
      96 UniRef100_A0A177B9B5 Rhodopsin 100.0 1.2E-48 1.3E-54  336.5   0.0  286   58-353    91-404 (464)
      97 UniRef100_A0A034WDF0 Allatosta 100.0 1.5E-48 1.5E-54  342.9   0.0  286   56-349    94-383 (459)
      98 UniRef100_A0A026WK40 Cholecyst 100.0 1.5E-48 1.5E-54  356.7   0.0  290   58-356   155-548 (656)
      99 UniRef100_A0A059ZY04 Angiotens 100.0   2E-48   2E-54  349.0   0.0  296   45-352   156-455 (546)
     100 UniRef100_A0A087T336 Somatosta 100.0 2.2E-48 2.3E-54  335.0   0.0  286   57-351    77-367 (454)
     101 UniRef100_A0A2B4SVC4 Dopamine  100.0 2.3E-48 2.4E-54  333.9   0.0  266   56-350    54-329 (397)
     102 UniRef100_A0A0C9QBK4 GHSR_0 pr 100.0 2.5E-48 2.6E-54  356.6   0.0  293   55-349   170-472 (591)
     103 UniRef100_A0A3P8PUG8 B2 bradyk 100.0 3.3E-48 3.4E-54  319.0   0.0  303   43-350    32-335 (369)
     104 tr|E0D358|E0D358_HEMPU Dopamin 100.0 3.3E-48 3.4E-54  332.3   0.0  281   58-353    25-330 (435)
     105 UniRef100_A0A026WK16 Tachykini 100.0 3.6E-48 3.7E-54  343.7   0.0  289   55-352   180-482 (641)
     106 UniRef100_A0A026W5R0 Orexin re 100.0 3.9E-48 4.1E-54  345.9   0.0  285   58-352   118-427 (529)
     107 UniRef100_A0A077Z2H9 Putative  100.0 3.9E-48 4.1E-54  341.8   0.0  288   59-353    73-398 (477)
     108 UniRef100_A0A060X0R7 Uncharact 100.0 5.7E-48 5.9E-54  319.2   0.0  281   57-350    57-341 (383)
     109 tr|A0A0F8BCH4|A0A0F8BCH4_LARCR 100.0 6.8E-48 7.1E-54  339.0   0.0  298   44-353   321-618 (640)
     110 tr|A0A146PN09|A0A146PN09_FUNHE 100.0 7.6E-48 7.9E-54  347.1   0.0  304   45-354    28-398 (432)
     111 UniRef100_A0A0K0PUH1 Orphan G- 100.0 8.4E-48 8.7E-54  324.0   0.0  289   56-352    51-349 (413)
     112 tr|A0A218VDE9|A0A218VDE9_9PASE 100.0 8.6E-48 8.8E-54  328.0   0.0  281   57-351    23-307 (556)
     113 tr|A0A1W4ZX05|A0A1W4ZX05_9TELE 100.0 9.2E-48 9.6E-54  335.3   0.0  289   57-350    69-384 (480)
     114 UniRef100_A0A060VP48 G_PROTEIN 100.0 9.8E-48   1E-53  351.2   0.0  288   56-350   153-449 (580)
     115 UniRef100_A0A060W9T7 G_PROTEIN 100.0   1E-47 1.1E-53  333.3   0.0  288   56-355   184-476 (616)
     116 UniRef100_A0A1S3H6K0 neuropept 100.0 1.4E-47 1.5E-53  342.4   0.0  287   57-346    56-351 (470)
     117 UniRef100_A0A2B4RHL7 Galanin r 100.0 1.5E-47 1.6E-53  321.9   0.0  276   59-352    34-311 (406)
     118 UniRef100_A0A0Q3U659 B1 bradyk 100.0 1.9E-47 1.9E-53  320.9   0.0  305   45-351    65-376 (482)
     119 tr|I3KRG5|I3KRG5_ORENI FGFR1 o 100.0 1.9E-47   2E-53  334.9   0.0  299   45-352   135-450 (489)
     120 UniRef100_A0A0B4LHT6 RYamide r 100.0   2E-47 2.1E-53  337.6   0.0  289   56-351   113-411 (524)
     121 UniRef100_A0A2B4RGU4 5-hydroxy 100.0 2.1E-47 2.2E-53  345.4   0.0  281   56-351    64-370 (478)
     122 tr|A0A1V4J9T1|A0A1V4J9T1_PATFA 100.0 2.1E-47 2.2E-53  320.0   0.0  288   55-354    66-358 (461)
     123 UniRef100_A0A2B4S0J6 Somatosta 100.0 2.1E-47 2.2E-53  345.0   0.0  284   56-351    82-379 (457)
     124 tr|A0A1W2W3E6|A0A1W2W3E6_CIOIN 100.0 2.6E-47 2.7E-53  326.9   0.0  285   56-351    56-351 (487)
     125 UniRef100_A0A023F668 Putative  100.0 2.7E-47 2.8E-53  328.2   0.0  284   56-351    84-377 (484)
     126 tr|M3ZYH7|M3ZYH7_XIPMA Unchara 100.0 2.8E-47 2.9E-53  326.4   0.0  297   45-351    73-373 (397)
     127 UniRef100_A0A151N382 Galanin r 100.0 3.2E-47 3.3E-53  312.8   0.0  290   54-355    27-320 (392)
     128 UniRef100_A0A023F3V9 Putative  100.0 3.3E-47 3.4E-53  333.9   0.0  287   55-349   130-421 (574)
     129 UniRef100_A0A1D1VDY3 G_PROTEIN 100.0 3.6E-47 3.7E-53  335.5   0.0  298   54-354   130-449 (557)
     130 UniRef100_A0A2G8JR46 Putative  100.0 3.8E-47   4E-53  336.0   0.0  275   62-351    67-356 (411)
     131 tr|L9JWP3|L9JWP3_TUPCH C-C che 100.0   4E-47 4.1E-53  343.3   0.0  295   44-352   374-670 (702)
     132 tr|A0A0P7U0M1|A0A0P7U0M1_9TELE 100.0 4.1E-47 4.2E-53  319.6   0.0  289   57-353   101-413 (440)
     133 UniRef100_A0A0K0PUV0 FVRIamide 100.0 4.1E-47 4.3E-53  333.0   0.0  281   57-354    52-381 (458)
     134 UniRef100_A0A0P0YUU8 Cannabino 100.0 4.3E-47 4.4E-53  330.7   0.0  291   61-357    86-423 (496)
     135 tr|L7LZ94|L7LZ94_9ACAR Putativ 100.0 4.3E-47 4.4E-53  321.5   0.0  287   56-351   101-392 (438)
     136 tr|V8NQN2|V8NQN2_OPHHA G-prote 100.0   5E-47 5.2E-53  339.0   0.0  281   56-351   302-587 (840)
     137 tr|A0A0P4XBU7|A0A0P4XBU7_9CRUS 100.0   5E-47 5.2E-53  338.7   0.0  289   56-351    59-415 (557)
     138 tr|A0A2B4SID7|A0A2B4SID7_STYPI 100.0 5.8E-47 6.1E-53  334.4   0.0  299   46-352    20-328 (422)
     139 tr|A0A182G4E1|A0A182G4E1_AEDAL 100.0 5.9E-47 6.1E-53  333.2   0.0  293   53-354    63-373 (534)
     140 UniRef100_A0A3M6UME8 G_PROTEIN 100.0 5.9E-47 6.1E-53  325.1   0.0  281   56-352    38-325 (383)
     141 UniRef100_A0A2B4S7A4 Alpha-1A  100.0 6.2E-47 6.5E-53  325.6   0.0  266   58-354    40-312 (392)
     142 tr|A0A2B4RXD1|A0A2B4RXD1_STYPI 100.0 6.4E-47 6.7E-53  321.9   0.0  296   47-355    83-384 (416)
     143 UniRef100_A0A1S3IX78 RYamide r 100.0   7E-47 7.2E-53  324.8   0.0  292   55-353    51-350 (444)
     144 UniRef100_A0A3B4UE11 Si:zfos-1 100.0 7.8E-47   8E-53  316.2   0.0  283   56-353    64-352 (441)
     145 UniRef100_A0A1L8GQY3 Alpha-1B  100.0 8.2E-47 8.5E-53  328.2   0.0  280   58-356    47-373 (510)
     146 UniRef100_A7RGN9 Predicted pro 100.0 9.3E-47 9.7E-53  313.1   0.0  288   45-350    18-313 (317)
     147 UniRef100_A0A0L8GIM4 G_PROTEIN 100.0 1.1E-46 1.1E-52  338.9   0.0  289   58-354    97-398 (481)
     148 tr|W4Z2N2|W4Z2N2_STRPU Unchara 100.0 1.1E-46 1.2E-52  314.7   0.0  287   56-352    55-353 (406)
     149 tr|V8NTH6|V8NTH6_OPHHA N-arach 100.0 1.2E-46 1.2E-52  346.9   0.0  303   45-352    16-324 (785)
     150 tr|A0A232F0R3|A0A232F0R3_9HYME 100.0 1.2E-46 1.2E-52  319.3   0.0  286   56-350   102-422 (458)
     151 UniRef100_A0A0L8I310 G_PROTEIN 100.0 1.2E-46 1.3E-52  332.9   0.0  287   60-352    48-369 (468)
     152 UniRef100_A0A6P4YBA8 delta-typ 100.0 1.4E-46 1.5E-52  322.7   0.0  283   57-352    50-340 (406)
     153 UniRef100_A0A2B4S4U3 Beta-2 ad 100.0 1.4E-46 1.5E-52  316.7   0.0  286   57-354    28-324 (372)
     154 UniRef100_A0A087U880 Neuropept 100.0 1.5E-46 1.5E-52  322.7   0.0  289   53-350    64-362 (401)
     155 tr|A0A1U7TSJ4|A0A1U7TSJ4_TARSY 100.0 1.5E-46 1.6E-52  326.4   0.0  291   56-352   211-519 (600)
     156 tr|A0A2B4SUH3|A0A2B4SUH3_STYPI 100.0 1.5E-46 1.6E-52  323.4   0.0  300   45-354    15-334 (385)
     157 UniRef100_A0A2H8TNJ5 Neuropept 100.0 1.8E-46 1.8E-52  327.8   0.0  286   58-349   156-451 (528)
     158 UniRef100_A0A061I5W2 G-protein 100.0 1.8E-46 1.9E-52  319.1   0.0  303   45-353    65-367 (435)
     159 UniRef100_A0A0L8HHE2 G_PROTEIN 100.0   2E-46 2.1E-52  322.7   0.0  286   62-350     5-298 (385)
     160 UniRef100_A0A1S3KA35 Alpha-1B  100.0   2E-46 2.1E-52  333.0   0.0  280   58-355    90-423 (551)
     161 tr|A0A1D1UXI1|A0A1D1UXI1_RAMVA 100.0   2E-46 2.1E-52  323.5   0.0  289   56-352    80-376 (499)
     162 UniRef100_A0A210QHM7 G-protein 100.0 2.3E-46 2.4E-52  328.6   0.0  288   58-353    80-377 (492)
     163 UniRef100_A0A6J8CLU9 HCRTR2 n= 100.0 2.5E-46 2.6E-52  319.5   0.0  290   57-354    52-361 (422)
     164 UniRef100_A0A061A7W5 G_PROTEIN 100.0 2.6E-46 2.7E-52  330.2   0.0  281   57-351    61-358 (473)
     165 UniRef100_A0A0K0PUH3 Allatotro 100.0 2.8E-46 2.9E-52  319.2   0.0  288   56-353    67-375 (424)
     166 UniRef100_A0A6F9DUB2 Somatosta 100.0   3E-46 3.1E-52  319.3   0.0  291   56-351    61-353 (467)
     167 UniRef100_A0A060WXX3 G-protein 100.0 3.1E-46 3.3E-52  336.4   0.0  286   54-351   156-453 (539)
     168 tr|A0A2B4SKI0|A0A2B4SKI0_STYPI 100.0 3.5E-46 3.6E-52  327.5   0.0  282   56-351    96-398 (458)
     169 UniRef100_A0A146M155 Neuropept 100.0 3.9E-46   4E-52  325.2   0.0  286   59-349    55-360 (488)
     170 UniRef100_A0A1D2M255 Somatosta 100.0 3.9E-46 4.1E-52  311.2   0.0  288   58-355    36-327 (382)
     171 tr|A7SD89|A7SD89_NEMVE Predict 100.0   4E-46 4.1E-52  306.3   0.0  276   58-350    38-329 (355)
     172 UniRef100_A0A6G8J3P5 Melanin-c 100.0   4E-46 4.1E-52  316.9   0.0  289   53-351    57-351 (460)
     173 UniRef100_A0A0S1YDA0 Neuropept 100.0   4E-46 4.2E-52  328.4   0.0  288   57-352    94-393 (509)
     174 UniRef100_A0A0L8H201 G_PROTEIN 100.0 4.1E-46 4.2E-52  316.9   0.0  290   54-351    82-382 (461)
     175 tr|A0A218VDY5|A0A218VDY5_9PASE 100.0 4.2E-46 4.3E-52  315.1   0.0  303   44-352    28-330 (395)
     176 tr|S7P1V3|S7P1V3_MYOBR CX3C ch 100.0 4.3E-46 4.5E-52  315.4   0.0  292   45-352   139-433 (475)
     177 UniRef100_UPI00074FE853 B2 bra 100.0 4.5E-46 4.6E-52  312.3   0.0  339   43-383   232-571 (575)
     178 tr|A0A0N8JZL4|A0A0N8JZL4_9TELE 100.0 4.6E-46 4.7E-52  322.1   0.0  292   56-353   103-414 (482)
     179 UniRef100_A0A0L8I0T4 G_PROTEIN 100.0   5E-46 5.1E-52  327.3   0.0  284   58-354   134-499 (554)
     180 tr|A0A147AXX1|A0A147AXX1_FUNHE 100.0   5E-46 5.2E-52  316.2   0.0  296   52-352    32-330 (490)
     181 UniRef100_A0A091U4L0 C-C chemo 100.0 5.2E-46 5.4E-52  305.2   0.0  295   45-351    17-314 (350)
     182 UniRef100_A0A210QT45 G-protein 100.0 5.7E-46 5.9E-52  319.1   0.0  293   56-356    57-362 (472)
     183 tr|A0A0Q3U659|A0A0Q3U659_AMAAE 100.0 6.3E-46 6.5E-52  302.5   0.0  306   45-352    22-334 (377)
     184 UniRef100_A0A0A1WLH2 Somatosta 100.0 6.8E-46   7E-52  330.0   0.0  295   47-350   207-506 (667)
     185 UniRef100_A0A2B4SC76 Substance 100.0   7E-46 7.3E-52  330.1   0.0  285   55-350    52-351 (461)
     186 UniRef100_A0A1V9XU68 Tyramine/ 100.0   7E-46 7.3E-52  321.1   0.0  283   56-353    51-355 (408)
     187 UniRef100_A0A3M6TPP0 G_PROTEIN 100.0 7.3E-46 7.6E-52  325.6   0.0  286   57-351    50-354 (424)
     188 UniRef100_A0A6P4Z684 G-protein 100.0 7.5E-46 7.8E-52  315.0   0.0  291   56-353    50-348 (425)
     189 UniRef100_A0A0K0PUK8 FMRFamide 100.0 7.5E-46 7.9E-52  332.1   0.0  287   58-351    59-353 (471)
     190 UniRef100_A0A2B4RPR9 Allatosta 100.0 7.7E-46   8E-52  328.2   0.0  281   56-348    46-341 (446)
     191 UniRef100_A0A3M6TKX3 G_PROTEIN 100.0 7.7E-46   8E-52  323.3   0.0  295   46-352    64-375 (427)
     192 UniRef100_A0A0K0PUH0 Orphan G- 100.0 7.8E-46 8.1E-52  336.8   0.0  284   59-348   138-470 (583)
     193 UniRef100_A0A0L7KZ56 Neuropept 100.0 8.5E-46 8.9E-52  323.7   0.0  286   56-349    85-383 (509)
     194 tr|A0A0P6IZB8|A0A0P6IZB8_9CRUS 100.0 8.6E-46   9E-52  322.4   0.0  291   56-353   201-496 (559)
     195 UniRef100_A0A060VV87 Kappa-typ 100.0 9.3E-46 9.6E-52  322.8   0.0  280   59-349   192-475 (586)
     196 UniRef100_A0A3M6U5X4 G_PROTEIN 100.0   1E-45 1.1E-51  309.0   0.0  280   55-351    36-320 (339)
     197 tr|B4JN40|B4JN40_DROGR GH24210 100.0   1E-45 1.1E-51  316.5   0.0  284   57-347   116-404 (436)
     198 UniRef100_A0A060WMC3 Alpha-1D  100.0 1.1E-45 1.1E-51  322.1   0.0  282   57-356   110-437 (564)
     199 UniRef100_A0A226DFM2 Neuropept 100.0 1.1E-45 1.2E-51  322.7   0.0  286   58-349   106-401 (523)
     200 tr|A0A139WLV7|A0A139WLV7_TRICA 100.0 1.2E-45 1.2E-51  330.8   0.0  291   55-353   396-699 (792)
     201 UniRef100_A0A7M7HFU8 G_PROTEIN 100.0 1.2E-45 1.2E-51  327.2   0.0  278   58-349    65-362 (423)
     202 UniRef100_A0A044T5H8 G_PROTEIN 100.0 1.2E-45 1.3E-51  331.6   0.0  286   56-356   244-573 (693)
     203 UniRef100_A0A3B4VB96 Beta-2 ad 100.0 1.2E-45 1.3E-51  317.6   0.0  286   51-351    46-361 (464)
     204 tr|T1KPP2|T1KPP2_TETUR Unchara 100.0 1.3E-45 1.3E-51  319.7   0.0  286   56-351   150-436 (477)
     205 UniRef100_L5LY68 B2 bradykinin 100.0 1.3E-45 1.3E-51  291.3   0.0  269  120-391     3-275 (275)
     206 tr|A0A1S3IXU4|A0A1S3IXU4_LINUN 100.0 1.4E-45 1.4E-51  314.2   0.0  285   55-353    55-347 (440)
     207 UniRef100_A0A0K0PUK6 Orphan G- 100.0 1.4E-45 1.5E-51  314.0   0.0  292   55-352    64-374 (448)
     208 UniRef100_A0A4D9EQQ5 Enolase-l 100.0 1.5E-45 1.5E-51  304.9   0.0  280   57-349   146-429 (472)
     209 tr|A0A218UWX7|A0A218UWX7_9PASE 100.0 1.5E-45 1.5E-51  318.8   0.0  298   45-353    31-342 (474)
     210 UniRef100_A0A068WKU9 Neuropept 100.0 1.5E-45 1.5E-51  319.6   0.0  285   57-349    72-365 (451)
     211 UniRef100_A0A060WEJ5 G_PROTEIN 100.0 1.5E-45 1.6E-51  329.1   0.0  277   58-351   114-456 (544)
     212 UniRef100_A0A6P3IMR0 somatosta 100.0 1.5E-45 1.6E-51  311.6   0.0  282   58-349   198-483 (524)
     213 UniRef100_A0A2B4SE17 Substance 100.0 1.6E-45 1.7E-51  331.8   0.0  296   45-350    52-364 (467)
     214 UniRef100_A0A060XP11 G_PROTEIN 100.0 1.7E-45 1.7E-51  324.6   0.0  280   57-349    90-390 (497)
     215 UniRef100_A0A1I8HKX2 G_PROTEIN 100.0 1.7E-45 1.8E-51  320.3   0.0  280   57-355    40-415 (442)
     216 UniRef100_A0A091P8Q6 C-C chemo 100.0 1.8E-45 1.9E-51  304.6   0.0  284   59-353     2-287 (322)
     217 tr|A0A218UB83|A0A218UB83_9PASE 100.0 1.9E-45   2E-51  325.3   0.0  283   57-357   193-518 (631)
     218 UniRef100_A0A084WIC4 Short neu 100.0   2E-45 2.1E-51  322.5   0.0  286   56-351    91-386 (551)
     219 UniRef100_A0A0N7ZAP9 G_PROTEIN 100.0   2E-45 2.1E-51  319.6   0.0  285   56-354    75-369 (421)
     220 UniRef100_A0A315VJN4 B2 bradyk 100.0 2.2E-45 2.2E-51  301.9   0.0  308   45-354    26-333 (474)
     221 UniRef100_A0A023ETT6 Putative  100.0 2.2E-45 2.2E-51  321.0   0.0  285   57-349   153-444 (612)
     222 tr|A0A1A8EW90|A0A1A8EW90_9TELE 100.0 2.3E-45 2.4E-51  311.7   0.0  285   56-349    43-331 (444)
     223 tr|A0A1I8PG61|A0A1I8PG61_STOCA 100.0 2.4E-45 2.5E-51  330.4   0.0  290   55-350   297-591 (716)
     224 UniRef100_A0A2B4SVS8 Neuropept 100.0 2.4E-45 2.5E-51  327.3   0.0  286   56-353    87-384 (480)
     225 UniRef100_A0A1V4KIE8 Beta-1 ad 100.0 2.4E-45 2.6E-51  340.9   0.0  272   64-350    36-348 (512)
     226 UniRef100_A0A060WI70 G_PROTEIN 100.0 2.5E-45 2.6E-51  323.9   0.0  304   45-352    96-403 (514)
     227 UniRef100_A0A068WVN8 Biogenic  100.0 2.5E-45 2.7E-51  333.4   0.0  287   53-354   116-510 (641)
     228 tr|A0A226MZ92|A0A226MZ92_CALSU 100.0 2.9E-45   3E-51  312.5   0.0  295   45-351   133-429 (463)
     229 UniRef100_A0A068YA15 Neuropept 100.0 2.9E-45 3.1E-51  319.6   0.0  295   58-352    73-396 (510)
     230 UniRef100_A0A0N0PEL7 Tachykini 100.0 3.1E-45 3.2E-51  315.6   0.0  286   59-353    57-356 (454)
     231 UniRef100_A0A084WFJ7 AGAP00011 100.0 3.1E-45 3.3E-51  322.6   0.0  278   57-345    87-374 (519)
     232 UniRef100_A0A0P5DAK4 Orexin re 100.0 3.2E-45 3.4E-51  319.0   0.0  284   58-351   107-430 (505)
     233 UniRef100_A0A060X1U9 G_PROTEIN 100.0 3.3E-45 3.5E-51  324.9   0.0  278   58-354   139-460 (633)
     234 tr|A0A147AZW9|A0A147AZW9_FUNHE 100.0 3.3E-45 3.5E-51  329.7   0.0  300   45-351    76-433 (468)
     235 UniRef100_A0A060YGE9 G_PROTEIN 100.0 3.5E-45 3.7E-51  322.4   0.0  294   45-351   137-434 (484)
     236 tr|A0A1W4YH71|A0A1W4YH71_9TELE 100.0 3.6E-45 3.7E-51  311.6   0.0  293   54-352    73-378 (410)
     237 tr|A0A091DQF5|A0A091DQF5_FUKDA 100.0 3.8E-45 3.9E-51  315.1   0.0  299   46-355   161-461 (508)
     238 UniRef100_A0A6P4ZPQ5 G-protein 100.0   4E-45 4.1E-51  305.9   0.0  286   56-351    41-329 (420)
     239 UniRef100_A0A096NAQ2 Cholecyst 100.0   4E-45 4.2E-51  323.6   0.0  287   58-350   151-500 (617)
     240 UniRef100_A0A3M6UAU0 G_PROTEIN 100.0 4.1E-45 4.2E-51  322.2   0.0  285   57-353    35-331 (552)
     241 tr|B4KC34|B4KC34_DROMO Unchara 100.0 4.7E-45 4.9E-51  327.3   0.0  285   57-349   192-490 (670)
     242 UniRef100_A0A2B4RHY9 Pyrogluta 100.0   6E-45 6.3E-51  329.4   0.0  280   57-350    81-370 (455)
     243 tr|A0A1S3FYW5|A0A1S3FYW5_DIPOR 100.0 6.1E-45 6.3E-51  300.9   0.0  286   58-352    70-359 (385)
     244 tr|A0A1I8MQS0|A0A1I8MQS0_MUSDO 100.0 6.2E-45 6.5E-51  326.0   0.0  298   45-352   138-440 (572)
     245 tr|A0A1A8LLP2|A0A1A8LLP2_9TELE 100.0 6.2E-45 6.5E-51  311.1   0.0  279   57-352    93-398 (455)
     246 tr|A0A2D0SIP2|A0A2D0SIP2_ICTPU 100.0 6.4E-45 6.6E-51  318.2   0.0  299   44-354   197-498 (518)
     247 UniRef100_A0A060WWU7 G_PROTEIN 100.0 6.5E-45 6.7E-51  317.1   0.0  283   57-352    68-383 (545)
     248 tr|A0A1D2NMB6|A0A1D2NMB6_ORCCI 100.0 6.5E-45 6.8E-51  316.8   0.0  290   54-351   148-450 (520)
     249 UniRef100_A0A1J1I7G5 CLUMA_CG0 100.0 6.7E-45 6.9E-51  315.5   0.0  284   58-350    77-372 (500)
     250 tr|A0A151NBW9|A0A151NBW9_ALLMI 100.0 6.8E-45   7E-51  314.7   0.0  292   56-353    79-393 (472)
     251 UniRef100_A0A3M6TAE6 G_PROTEIN 100.0 7.1E-45 7.4E-51  316.4   0.0  264   59-349    93-366 (443)
     252 UniRef100_A0A060VWE3 G_PROTEIN 100.0 7.1E-45 7.4E-51  332.0   0.0  283   56-348   144-429 (542)
     253 UniRef100_A0A678XEL8 Trace ami 100.0 7.7E-45   8E-51  319.8   0.0  298   45-354    43-359 (523)
     254 tr|A7S585|A7S585_NEMVE Predict 100.0   8E-45 8.4E-51  311.1   0.0  300   45-356    13-330 (374)
     255 UniRef100_A0A060WQA6 G_PROTEIN 100.0 8.8E-45 9.1E-51  324.8   0.0  295   45-352   133-431 (539)
     256 UniRef100_A0A024R4J1 Formyl pe 100.0 8.7E-45 9.2E-51  337.0   0.0  284   56-353   171-457 (581)
     257 UniRef100_A0A6P4ZN87 somatosta 100.0 9.4E-45 9.8E-51  308.2   0.0  284   57-351    32-328 (391)
     258 UniRef100_A0A193KU97 GCR058 n= 100.0 9.6E-45   1E-50  305.1   0.0  290   57-350    25-330 (379)
     259 UniRef100_A0A210QSD7 Octopamin 100.0 9.7E-45   1E-50  318.4   0.0  284   53-354    53-419 (423)
     260 tr|W5JTF9|W5JTF9_ANODA Somatos 100.0   1E-44   1E-50  314.5   0.0  301   44-353    42-349 (526)
     261 UniRef100_A0A6P8IFK2 neuromedi 100.0 1.1E-44 1.1E-50  306.7   0.0  287   58-356    26-326 (363)
     262 UniRef100_A0A084VLD5 AGAP00422 100.0 1.1E-44 1.1E-50  320.8   0.0  279   56-352   242-596 (695)
     263 tr|A0A1D2MSE1|A0A1D2MSE1_ORCCI 100.0 1.1E-44 1.1E-50  326.3   0.0  290   56-353   109-408 (615)
     264 tr|A0A1V4J9K1|A0A1V4J9K1_PATFA 100.0 1.1E-44 1.1E-50  326.4   0.0  285   56-353   319-609 (939)
     265 UniRef100_A0A0H3YI86 Pyrokinin 100.0 1.1E-44 1.1E-50  324.3   0.0  292   58-356    84-403 (510)
     266 UniRef100_A0A067R4E0 Tachykini 100.0 1.1E-44 1.1E-50  310.0   0.0  291   56-354    48-347 (396)
     267 UniRef100_A0A060VTR1 G_PROTEIN 100.0 1.1E-44 1.1E-50  320.0   0.0  279   58-355   120-444 (619)
     268 UniRef100_A0A2B4RXD1 Neuropept 100.0 1.1E-44 1.2E-50  315.8   0.0  287   55-354    92-385 (461)
     269 tr|A0A218UPZ1|A0A218UPZ1_9PASE 100.0 1.2E-44 1.2E-50  312.0   0.0  286   53-349   212-501 (534)
     270 UniRef100_A0A0N0PF28 Orexin re 100.0 1.2E-44 1.3E-50  319.9   0.0  282   59-350   138-458 (588)
     271 tr|A0A151NSA8|A0A151NSA8_ALLMI 100.0 1.3E-44 1.3E-50  309.5   0.0  276   56-349    87-372 (406)
     272 UniRef100_A0A3M6UKX8 G_PROTEIN 100.0 1.3E-44 1.3E-50  323.3   0.0  298   45-351   106-420 (487)
     273 UniRef100_A0A2B4R9G2 Melatonin 100.0 1.3E-44 1.3E-50  327.8   0.0  279   56-351    79-366 (461)
     274 UniRef100_A0A087VAK8 Somatosta 100.0 1.3E-44 1.3E-50  296.1   0.0  284   57-353    61-350 (384)
     275 UniRef100_UPI000B911B64 melato 100.0 1.3E-44 1.4E-50  316.2   0.0  277   58-351    29-344 (381)
     276 tr|A0A0P5PA10|A0A0P5PA10_9CRUS 100.0 1.3E-44 1.4E-50  319.7   0.0  285   57-350   146-444 (705)
     277 UniRef100_A0A087YR24 Relaxin-3 100.0 1.3E-44 1.4E-50  324.8   0.0  292   56-351   207-515 (647)
     278 UniRef100_A0A7M7SYV2 G_PROTEIN 100.0 1.3E-44 1.4E-50  321.4   0.0  269   63-351    73-398 (630)
     279 ERR1719361_2001115             100.0 1.4E-44 1.5E-50  311.9   0.0  287   56-351    23-324 (415)
     280 UniRef100_A0A6S7JE64 Neuropept 100.0 1.5E-44 1.5E-50  311.1   0.0  285   54-351    31-321 (412)
     281 UniRef100_A0A067RG65 Neuropept 100.0 1.5E-44 1.6E-50  315.2   0.0  287   57-348    87-391 (509)
     282 UniRef100_A0A2B4RFH8 Neuropept 100.0 1.5E-44 1.6E-50  326.1   0.0  286   58-352    65-367 (439)
     283 tr|W5MC67|W5MC67_LEPOC Pyroglu 100.0 1.6E-44 1.7E-50  305.3   0.0  296   56-355    52-363 (441)
     284 UniRef100_A0A401NH56 G_PROTEIN 100.0 1.8E-44 1.8E-50  297.2   0.0  305   45-352    96-403 (453)
     285 tr|A0A2B4RSD1|A0A2B4RSD1_STYPI 100.0 1.8E-44 1.8E-50  321.5   0.0  287   53-355    46-385 (430)
     286 tr|A0A0L0BYA7|A0A0L0BYA7_LUCCU 100.0 1.8E-44 1.9E-50  316.7   0.0  282   58-353   311-628 (678)
     287 UniRef100_A0A060WCR4 Uncharact 100.0 1.9E-44   2E-50  337.7   0.0  292   45-351   467-761 (906)
     288 tr|A0A0F8CMC2|A0A0F8CMC2_LARCR 100.0 1.9E-44   2E-50  319.6   0.0  302   45-355   325-646 (680)
     289 tr|A0A147AUP2|A0A147AUP2_FUNHE 100.0 1.9E-44   2E-50  315.8   0.0  264   58-332   121-388 (482)
     290 UniRef100_A0A061IN14 NK-3 rece 100.0 2.1E-44 2.1E-50  323.4   0.0  287   54-352   230-524 (662)
     291 tr|A0A1A9ZAD8|A0A1A9ZAD8_GLOPL 100.0 2.1E-44 2.2E-50  311.9   0.0  288   57-352   122-422 (574)
     292 UniRef100_A0A6P4YCQ0 somatosta 100.0 2.1E-44 2.2E-50  294.3   0.0  281   57-348    70-363 (428)
     293 UniRef100_A0A060XSH0 G_PROTEIN 100.0 2.3E-44 2.4E-50  325.4   0.0  288   56-352   145-435 (590)
     294 UniRef100_A0A2B4SQU8 Orexin re 100.0 2.4E-44 2.5E-50  300.9   0.0  285   58-355    37-350 (370)
     295 UniRef100_A0A182H1J6 G_PROTEIN 100.0 2.4E-44 2.5E-50  329.3   0.0  195   56-253   317-512 (1005)
     296 UniRef100_A0A060VZB5 G_PROTEIN 100.0 2.4E-44 2.5E-50  325.7   0.0  285   57-350   127-414 (533)
     297 UniRef100_A0A087YQK7 Adrenocep 100.0 2.6E-44 2.7E-50  317.7   0.0  274   62-350   134-450 (617)
     298 UniRef100_A0A061ACA9 G_PROTEIN 100.0 2.6E-44 2.7E-50  324.1   0.0  280   59-351    97-384 (513)
     299 tr|A0A182QHF8|A0A182QHF8_9DIPT 100.0 2.7E-44 2.8E-50  313.6   0.0  289   55-351    98-406 (581)
     300 UniRef100_E9HAW0 G_PROTEIN_REC 100.0 2.7E-44 2.8E-50  304.2   0.0  286   57-354    64-359 (393)
     301 UniRef100_A0A067RDC3 Prolactin 100.0 2.7E-44 2.9E-50  314.8   0.0  283   56-350    63-355 (541)
     302 UniRef100_A0A060XC03 Beta-2 ad 100.0   3E-44 3.1E-50  313.3   0.0  279   57-349   102-411 (548)
     303 UniRef100_A0A026W4S0 Neuromedi 100.0   3E-44 3.1E-50  320.3   0.0  292   60-354    76-391 (604)
     304 UniRef100_A0A026W4F0 Octopamin 100.0 3.4E-44 3.6E-50  305.6   0.0  282   58-352    56-393 (445)
     305 tr|A0A0P7V0U8|A0A0P7V0U8_9TELE 100.0 3.5E-44 3.7E-50  299.9   0.0  287   56-354    84-377 (439)
     306 tr|A0A151P2Y8|A0A151P2Y8_ALLMI 100.0 3.5E-44 3.7E-50  317.0   0.0  284   57-351   301-588 (615)
     307 tr|A0A218UPV1|A0A218UPV1_9PASE 100.0 3.6E-44 3.7E-50  299.9   0.0  291   45-352    93-386 (427)
     308 UniRef100_A0A7M7HKI1 G_PROTEIN 100.0 3.6E-44 3.7E-50  313.1   0.0  280   63-355    45-339 (418)
     309 UniRef100_A0A0S1YD99 Neuropept 100.0 3.6E-44 3.7E-50  301.8   0.0  288   59-355    77-376 (423)
     310 UniRef100_A0A060WY47 B2 bradyk 100.0 3.7E-44 3.8E-50  296.8   0.0  299   45-345    19-317 (505)
     311 UniRef100_A0A2G8KMT5 G_PROTEIN 100.0 3.7E-44 3.9E-50  308.4   0.0  269   62-350    41-326 (402)
     312 UniRef100_A0A401NJB3 G_PROTEIN 100.0 3.8E-44 3.9E-50  312.0   0.0  278   58-350    42-358 (517)
     313 tr|A0A2H1W6Q0|A0A2H1W6Q0_SPOFR 100.0 3.8E-44   4E-50  310.9   0.0  286   56-352    69-364 (466)
     314 UniRef100_A0A023F452 Putative  100.0   4E-44 4.2E-50  321.5   0.0  285   55-353   137-540 (660)
     315 UniRef100_UPI0001CB9B44 somato 100.0 4.1E-44 4.2E-50  291.4   0.0  286   59-351    29-316 (365)
     316 tr|A0A2B4SAJ4|A0A2B4SAJ4_STYPI 100.0 4.2E-44 4.4E-50  310.9   0.0  279   58-347    29-329 (434)
     317 UniRef100_A0A026WIP6 Cholecyst 100.0 4.3E-44 4.5E-50  326.2   0.0  294   56-355   169-533 (636)
     318 UniRef100_A0A1S3J8T4 5-hydroxy 100.0 4.4E-44 4.6E-50  314.5   0.0  285   56-353    99-398 (468)
     319 UniRef100_A0A060W3U5 G_PROTEIN 100.0 4.4E-44 4.6E-50  324.5   0.0  295   45-350   186-488 (591)
     320 tr|A0A0P7V5N2|A0A0P7V5N2_9TELE 100.0 4.5E-44 4.6E-50  308.7   0.0  277   58-350    92-400 (468)
     321 UniRef100_A0A061IAU9 Gastric r 100.0 4.5E-44 4.7E-50  313.6   0.0  284   57-354   114-409 (588)
     322 UniRef100_A0A087UP46 5-hydroxy 100.0 4.8E-44   5E-50  309.5   0.0  278   58-352    46-401 (472)
     323 UniRef100_A0A1D1V5S1 G_PROTEIN 100.0 4.9E-44 5.1E-50  309.0   0.0  282   56-352    55-360 (484)
     324 UniRef100_A0A2B4SID7 Neuropept 100.0   5E-44 5.2E-50  312.1   0.0  297   45-351    70-379 (462)
     325 UniRef100_A0A087REY1 NPY-Y2 re 100.0   5E-44 5.2E-50  314.9   0.0  286   57-350   186-477 (599)
     326 UniRef100_A0A087XT11 Alpha-1B  100.0 5.1E-44 5.3E-50  312.2   0.0  281   58-356    80-409 (622)
     327 UniRef100_A0A2B4SJV4 Galanin r 100.0 5.4E-44 5.7E-50  320.3   0.0  284   58-353    75-368 (444)
     328 UniRef100_A0A0L8FP69 G_PROTEIN 100.0 5.6E-44 5.8E-50  304.7   0.0  285   61-351    52-341 (488)
     329 tr|C3Z3H5|C3Z3H5_BRAFL Unchara 100.0 5.7E-44 5.9E-50  298.9   0.0  297   55-357    78-380 (405)
     330 tr|A0A0V1MVC7|A0A0V1MVC7_9BILA 100.0 5.7E-44   6E-50  316.3   0.0  289   57-354    80-381 (598)
     331 tr|A0A1L8HND2|A0A1L8HND2_XENLA 100.0 5.8E-44   6E-50  307.1   0.0  293   57-356   128-432 (452)
     332 tr|W4Z9U8|W4Z9U8_STRPU Unchara 100.0 6.1E-44 6.3E-50  299.1   0.0  292   55-353   105-413 (434)
     333 tr|A0A183W5E7|A0A183W5E7_TRIRE 100.0 6.2E-44 6.5E-50  307.0   0.0  305   45-354    39-355 (503)
     334 UniRef100_UPI0011B42599 B2 bra 100.0 6.3E-44 6.5E-50  293.0   0.0  311   45-357   123-448 (467)
     335 tr|A0A091DBP5|A0A091DBP5_FUKDA 100.0 6.6E-44 6.9E-50  329.4   0.0  284   55-350   580-866 (894)
     336 tr|A0A2G9R7F4|A0A2G9R7F4_LITCT 100.0   7E-44 7.3E-50  302.0   0.0  281   55-351    46-331 (408)
     337 UniRef100_A0A060WEA9 G-protein 100.0 7.5E-44 7.9E-50  322.7   0.0  286   57-350   100-385 (523)
     338 UniRef100_A0A2B4RZ41 Adenosine 100.0 7.6E-44   8E-50  309.2   0.0  307   11-354     7-315 (381)
     339 tr|E6ZEU6|E6ZEU6_DICLA Neurome 100.0 7.7E-44   8E-50  310.8   0.0  289   59-352    90-395 (461)
     340 tr|S9WH51|S9WH51_CAMFR Unchara 100.0   8E-44 8.3E-50  313.8   0.0  295   45-351   395-691 (728)
     341 ERR1719341_586736              100.0 8.4E-44 8.7E-50  311.0   0.0  289   56-351    53-354 (513)
     342 UniRef100_A0A2B4SJE7 Orexin re 100.0 8.7E-44   9E-50  314.6   0.0  283   56-350   133-430 (517)
     343 UniRef100_A0A087QH91 Melanopsi 100.0 8.8E-44 9.1E-50  318.7   0.0  286   54-351   100-399 (629)
     344 UniRef100_A0A023FH63 Putative  100.0 9.2E-44 9.5E-50  316.6   0.0  279   57-350   125-439 (563)
     345 tr|A0A287CUD4|A0A287CUD4_ICTTR 100.0 9.8E-44   1E-49  302.7   0.0  281   57-351    18-307 (478)
     346 tr|A0A0P7V1N0|A0A0P7V1N0_9TELE 100.0 9.8E-44   1E-49  298.6   0.0  283   58-349   115-402 (436)
     347 SRR6218665_147192              100.0   1E-43 1.1E-49  306.3   0.0  295   53-357    96-402 (466)
     348 tr|A0A210R0K7|A0A210R0K7_MIZYE 100.0 1.1E-43 1.1E-49  303.7   0.0  292   54-354    70-428 (470)
     349 UniRef100_A0A132AJH3 7 transme 100.0 1.1E-43 1.2E-49  311.3   0.0  286   59-349    70-384 (447)
     350 tr|A0A0F8AVG0|A0A0F8AVG0_LARCR 100.0 1.2E-43 1.2E-49  304.7   0.0  281   58-348    56-340 (544)
     351 tr|A0A2B4RXA7|A0A2B4RXA7_STYPI 100.0 1.2E-43 1.3E-49  301.9   0.0  257   70-355    16-277 (328)
     352 tr|A0A061HVK8|A0A061HVK8_CRIGR 100.0 1.2E-43 1.3E-49  301.6   0.0  284   57-346   123-409 (437)
     353 tr|A0A0L0C8J1|A0A0L0C8J1_LUCCU 100.0 1.2E-43 1.3E-49  311.5   0.0  288   57-350   225-517 (661)
     354 UniRef100_A0A091CTD4 C-C chemo 100.0 1.3E-43 1.3E-49  302.3   0.0  299   44-353   105-409 (458)
     355 tr|A0A1S3L0J1|A0A1S3L0J1_SALSA 100.0 1.3E-43 1.3E-49  307.9   0.0  281   57-355    75-409 (533)
     356 tr|M7BTW7|M7BTW7_CHEMY C-C che 100.0 1.3E-43 1.4E-49  301.0   0.0  298   45-356   107-408 (432)
     357 tr|K1QHX9|K1QHX9_CRAGI Somatos 100.0 1.4E-43 1.4E-49  308.9   0.0  286   57-350    48-338 (456)
     358 UniRef100_A0A060ILH2 Neuromedi 100.0 1.4E-43 1.5E-49  312.5   0.0  290   60-353   179-479 (606)
     359 UniRef100_A0A061I1T5 C3a anaph 100.0 1.4E-43 1.5E-49  326.1   0.0  282   57-352   135-530 (700)
     360 UniRef100_A0A3M6TV84 G_PROTEIN 100.0 1.4E-43 1.5E-49  306.6   0.0  270   66-352    54-338 (405)
     361 tr|A0A067RDC3|A0A067RDC3_ZOONE 100.0 1.4E-43 1.5E-49  314.1   0.0  289   55-355    69-367 (506)
     362 UniRef100_A0A060WTK3 G_PROTEIN 100.0 1.5E-43 1.6E-49  321.3   0.0  296   47-351   117-414 (608)
     363 tr|A0A0P7U113|A0A0P7U113_9TELE 100.0 1.5E-43 1.6E-49  305.8   0.0  274   56-349   146-419 (452)
     364 UniRef100_A0A060VRN9 G_PROTEIN 100.0 1.5E-43 1.6E-49  310.0   0.0  291   45-350   123-429 (496)
     365 UniRef100_A0A060W247 Cholecyst 100.0 1.5E-43 1.6E-49  313.5   0.0  289   57-351   127-476 (563)
     366 UniRef100_A0A0P7Y8S7 Nocicepti 100.0 1.6E-43 1.6E-49  297.8   0.0  282   56-348   118-403 (467)
     367 UniRef100_A0A060VZU7 G_PROTEIN 100.0 1.6E-43 1.6E-49  314.6   0.0  293   54-350   141-444 (528)
     368 UniRef100_A0A091MXX2 C-C chemo 100.0 1.6E-43 1.7E-49  299.4   0.0  298   46-351    94-396 (440)
     369 UniRef100_A0A087YQ33 Atypical  100.0 1.6E-43 1.7E-49  317.8   0.0  291   45-345   209-505 (611)
     370 tr|A0A232F8D2|A0A232F8D2_9HYME 100.0 1.7E-43 1.7E-49  305.0   0.0  288   57-351    71-370 (478)
     371 tr|A7RNV5|A7RNV5_NEMVE Predict 100.0 1.7E-43 1.7E-49  299.4   0.0  281   58-353    32-328 (377)
     372 tr|A0A131ZXP6|A0A131ZXP6_SARSC 100.0 1.7E-43 1.8E-49  300.7   0.0  286   57-351   122-412 (480)
     373 UniRef100_A0A0J9YJL3 Cysteinyl 100.0 1.7E-43 1.8E-49  297.4   0.0  325   12-349     7-333 (430)
     374 tr|A0A147AMP5|A0A147AMP5_FUNHE 100.0 1.8E-43 1.9E-49  320.8   0.0  278   59-355    33-431 (475)
     375 UniRef100_A0A5N3UH95 G_PROTEIN 100.0 1.9E-43   2E-49  289.1   0.0  287   45-343    31-319 (320)
     376 UniRef100_A0A060W9S7 Mu-type o 100.0 1.9E-43   2E-49  309.8   0.0  283   57-349   152-438 (605)
     377 UniRef100_A0A0N1PGA0 Octopamin 100.0 1.9E-43   2E-49  312.7   0.0  282   57-351   107-492 (547)
     378 UniRef100_A0A2S1WLX6 Putative  100.0 1.9E-43   2E-49  301.9   0.0  279   63-352    52-459 (475)
     379 UniRef100_A0A091R746 Beta-1 ad 100.0 2.1E-43 2.1E-49  309.6   0.0  276   61-349   138-450 (572)
     380 tr|A0A2B4SNZ1|A0A2B4SNZ1_STYPI 100.0 2.2E-43 2.3E-49  307.6   0.0  279   58-351    32-319 (351)
     381 UniRef100_A0A0K0PUL2 DH31-like 100.0 2.2E-43 2.3E-49  297.5   0.0  318   58-388    49-371 (375)
     382 UniRef100_A0A026WCQ7 Tyramine  100.0 2.2E-43 2.3E-49  325.7   0.0  279   55-353   181-589 (665)
     383 tr|A0A0S0WMT8|A0A0S0WMT8_DROME 100.0 2.3E-43 2.4E-49  305.7   0.0  286   56-349   144-434 (593)
     384 UniRef100_A0A1A8ESL3 Chemokine 100.0 2.3E-43 2.4E-49  294.0   0.0  294   45-350    31-328 (357)
     385 tr|J9JRI9|J9JRI9_ACYPI Unchara 100.0 2.3E-43 2.4E-49  301.9   0.0  284   59-350    36-332 (490)
     386 tr|A0A2B4S6X2|A0A2B4S6X2_STYPI 100.0 2.5E-43 2.6E-49  296.9   0.0  288   59-356    25-328 (379)
     387 tr|A0A1V4K609|A0A1V4K609_PATFA 100.0 2.5E-43 2.6E-49  294.2   0.0  264   45-349   109-375 (403)
     388 tr|A0A226N2C0|A0A226N2C0_CALSU 100.0 2.7E-43 2.8E-49  304.0   0.0  282   57-352   224-521 (569)
     389 UniRef100_A0A091DZ91 Kappa-typ 100.0 2.7E-43 2.8E-49  298.6   0.0  281   58-348    75-359 (471)
     390 UniRef100_A0A016T4B6 G_PROTEIN 100.0 2.9E-43   3E-49  318.2   0.0  290   55-349   100-426 (585)
     391 tr|C3XVU5|C3XVU5_BRAFL Unchara 100.0 3.1E-43 3.2E-49  299.3   0.0  283   56-350    60-355 (439)
     392 tr|A0A1V4JMN9|A0A1V4JMN9_PATFA 100.0 3.2E-43 3.3E-49  303.6   0.0  285   58-347    93-417 (537)
     393 UniRef100_A0A060WCR4 Uncharact 100.0 3.2E-43 3.3E-49  329.6   0.0  297   46-353   111-408 (906)
     394 tr|A0A0P7TYE1|A0A0P7TYE1_9TELE 100.0 3.2E-43 3.4E-49  304.4   0.0  289   59-353   125-475 (507)
     395 tr|A0A212EZN3|A0A212EZN3_DANPL 100.0 3.3E-43 3.4E-49  304.4   0.0  288   55-350    52-353 (488)
     396 UniRef100_A0A0P6J0T1 Putative  100.0 3.3E-43 3.4E-49  320.1   0.0  288   60-354   105-412 (735)
     397 tr|A0A0S1YD80|A0A0S1YD80_CHISP 100.0 3.6E-43 3.7E-49  305.0   0.0  283   58-350   165-463 (513)
     398 tr|A0A226P6Y7|A0A226P6Y7_COLVI 100.0 3.6E-43 3.7E-49  297.5   0.0  297   46-355    88-386 (413)
     399 UniRef100_A0A060W714 Chemokine 100.0 3.6E-43 3.8E-49  312.0   0.0  276   56-349   120-395 (510)
     400 UniRef100_A0A096NVS2 Somatosta 100.0 3.9E-43 4.1E-49  295.6   0.0  282   59-353   116-399 (483)
     401 UniRef100_A0A060XSS1 5-hydroxy 100.0   4E-43 4.2E-49  325.9   0.0  290   54-354   207-554 (704)
     402 UniRef100_A0A060WAG3 G_PROTEIN 100.0   4E-43 4.2E-49  308.4   0.0  281   60-356   125-504 (550)
     403 tr|A0A2B4SSL5|A0A2B4SSL5_STYPI 100.0   4E-43 4.2E-49  289.8   0.0  283   57-352    21-310 (344)
     404 tr|F6U2E0|F6U2E0_ORNAN G prote 100.0 4.1E-43 4.3E-49  299.0   0.0  294   46-351    39-332 (403)
     405 UniRef100_A0A087XFV2 5-hydroxy 100.0 4.2E-43 4.4E-49  305.3   0.0  286   56-356    82-401 (493)
     406 UniRef100_A0A060YB93 G_PROTEIN 100.0 4.3E-43 4.4E-49  292.6   0.0  283   56-353    57-345 (480)
     407 UniRef100_UPI0003F07467 orexin 100.0 4.3E-43 4.4E-49  308.3   0.0  288   58-352    78-416 (535)
     408 UniRef100_A0A034WQT6 Tachykini 100.0 4.4E-43 4.6E-49  310.8   0.0  291   56-354   115-421 (694)
     409 UniRef100_A0A061QHX0 Putative  100.0 4.5E-43 4.6E-49  314.9   0.0  277   58-351   133-507 (563)
     410 UniRef100_A0A3M6T8F5 G_PROTEIN 100.0 4.5E-43 4.7E-49  320.7   0.0  284   55-351    99-395 (523)
     411 tr|C3Z5T5|C3Z5T5_BRAFL Unchara 100.0 4.6E-43 4.7E-49  289.8   0.0  285   57-351    37-328 (389)
     412 tr|A0A1V4KKE4|A0A1V4KKE4_PATFA 100.0 4.6E-43 4.7E-49  308.0   0.0  281   57-348   405-689 (724)
     413 tr|A0A0K0PUV0|A0A0K0PUV0_PLADU 100.0 4.8E-43   5E-49  298.4   0.0  274   59-350    17-332 (373)
     414 tr|K1PEH3|K1PEH3_CRAGI Neurope 100.0 4.8E-43   5E-49  296.9   0.0  299   55-357    45-363 (411)
     415 UniRef100_A0A060VWI9 G_PROTEIN 100.0 5.3E-43 5.5E-49  308.4   0.0  273   64-350    67-393 (579)
     416 tr|A0A0A7RC79|A0A0A7RC79_RHOPR 100.0 5.4E-43 5.6E-49  295.4   0.0  288   56-350    74-372 (404)
     417 UniRef100_A0A026VW91 Neuropept 100.0 5.5E-43 5.7E-49  299.8   0.0  287   58-350   189-485 (582)
     418 tr|T1JU75|T1JU75_TETUR Unchara 100.0 5.7E-43 5.9E-49  307.5   0.0  290   55-351   141-435 (728)
     419 UniRef100_A0A060X6T3 G_PROTEIN 100.0 5.7E-43   6E-49  305.6   0.0  278   59-354    91-416 (550)
     420 tr|A0A2B4RYW3|A0A2B4RYW3_STYPI 100.0 5.9E-43 6.1E-49  328.7   0.0  282   59-354    41-329 (1580)
     421 UniRef100_A0A1I8FSG9 G_PROTEIN 100.0 5.9E-43 6.2E-49  305.3   0.0  284   58-355   161-509 (576)
     422 SRR6218665_1158703             100.0 5.9E-43 6.2E-49  299.9   0.0  292   53-352    32-335 (413)
     423 tr|A0A2B4R9G2|A0A2B4R9G2_STYPI 100.0 6.4E-43 6.7E-49  298.6   0.0  282   57-352    60-350 (378)
     424 tr|A0A182L9N8|A0A182L9N8_9DIPT 100.0 6.4E-43 6.7E-49  306.0   0.0  282   59-352    90-383 (490)
     425 tr|W4YJK4|W4YJK4_STRPU Unchara 100.0 6.5E-43 6.8E-49  304.8   0.0  281   58-352    70-370 (446)
     426 UniRef100_A0A024R5N1 P2Y purin 100.0 6.5E-43 6.8E-49  321.6   0.0  294   46-346   162-458 (563)
     427 UniRef100_A0A060VUH8 G_PROTEIN 100.0 6.6E-43 6.9E-49  305.2   0.0  292   54-350   158-452 (549)
     428 tr|M7B6A0|M7B6A0_CHEMY p2Y pur 100.0 6.6E-43 6.9E-49  300.2   0.0  295   45-346    96-392 (423)
     429 UniRef100_A0A060VQU0 G_PROTEIN 100.0 6.8E-43 7.1E-49  303.0   0.0  297   45-351   139-439 (490)
     430 tr|L5KAH3|L5KAH3_PTEAL G-prote 100.0 6.9E-43 7.1E-49  287.8   0.0  293   55-353    31-323 (391)
     431 UniRef100_A0A068FL22 Pheromone 100.0 6.9E-43 7.1E-49  300.6   0.0  295   56-353    81-394 (522)
     432 UniRef100_A0A060YY06 G_PROTEIN 100.0   7E-43 7.2E-49  304.7   0.0  286   58-349   104-406 (490)
     433 tr|A0A147A4W2|A0A147A4W2_FUNHE 100.0 7.1E-43 7.3E-49  303.5   0.0  291   57-354    94-446 (502)
     434 UniRef100_A0A4W2H4G2 Somatosta 100.0 7.1E-43 7.4E-49  286.6   0.0  280   57-349    41-323 (463)
     435 UniRef100_A0A2B4S7Y2 Neuropept 100.0 7.1E-43 7.4E-49  311.8   0.0  276   54-349    78-369 (460)
     436 UniRef100_A0A3M6T5D0 G_PROTEIN 100.0 7.1E-43 7.5E-49  304.1   0.0  266   57-352    52-324 (402)
     437 tr|A0A210QNG6|A0A210QNG6_MIZYE 100.0 7.3E-43 7.6E-49  303.7   0.0  293   54-354    36-342 (498)
     438 tr|W8B9D1|W8B9D1_CERCA 5-hydro 100.0 7.4E-43 7.7E-49  306.2   0.0  285   56-354   261-629 (664)
     439 tr|K7GCC3|K7GCC3_PELSI Adrenoc 100.0 7.8E-43 8.1E-49  298.8   0.0  278   59-350    43-362 (488)
     440 UniRef100_A0A091DLS9 Chemokine 100.0 7.9E-43 8.2E-49  300.5   0.0  274   56-347   176-467 (511)
     441 UniRef100_A0A023F4J9 Putative  100.0   8E-43 8.4E-49  311.4   0.0  283   58-353   157-494 (588)
     442 UniRef100_A0A4W2I1K6 B1 bradyk 100.0 8.1E-43 8.4E-49  296.1   0.0  308   45-354   165-475 (522)
     443 UniRef100_A0A087R2J6 Neuropept 100.0 8.1E-43 8.4E-49  310.4   0.0  289   56-350   211-518 (638)
     444 UniRef100_A0A3B4ZUM6 Mu-type o 100.0 8.3E-43 8.5E-49  301.3   0.0  282   57-348   170-455 (597)
     445 UniRef100_A0A026WC04 Dopamine  100.0 8.4E-43 8.7E-49  297.3   0.0  279   59-352    79-398 (468)
     446 UniRef100_A0A067RIW6 G_PROTEIN 100.0 8.4E-43 8.7E-49  314.4   0.0  285   58-356   185-551 (705)
     447 tr|A0A0R4IQ19|A0A0R4IQ19_DANRE 100.0 8.4E-43 8.7E-49  288.4   0.0  286   58-351    56-347 (384)
     448 tr|A7SMQ7|A7SMQ7_NEMVE Predict 100.0 8.7E-43   9E-49  294.1   0.0  284   60-357    14-308 (358)
     449 tr|A0A1W4X1F3|A0A1W4X1F3_AGRPL 100.0 8.8E-43 9.2E-49  301.1   0.0  287   58-350   134-430 (485)
     450 UniRef100_A0A0P7U0M1 Galanin r 100.0 9.1E-43 9.4E-49  292.0   0.0  290   56-352   139-435 (475)
     451 tr|A0A060XRS0|A0A060XRS0_ONCMY 100.0 9.6E-43   1E-48  315.2   0.0  279   58-355    56-379 (900)
     452 UniRef100_A0A068WTW9 Tachykini 100.0 9.8E-43   1E-48  299.3   0.0  282   61-351    49-359 (453)
     453 UniRef100_A0A068AZY5 Octopamin 100.0   1E-42   1E-48  330.4   0.0  184   57-249   173-357 (723)
     454 tr|R4J1H6|R4J1H6_SALSA Cholecy 100.0   1E-42 1.1E-48  295.6   0.0  291   57-353    46-408 (461)
     455 tr|U3JZV5|U3JZV5_FICAL Pyrimid 100.0 1.1E-42 1.1E-48  302.4   0.0  298   46-349    96-397 (412)
     456 UniRef100_A0A067R841 G_PROTEIN 100.0 1.1E-42 1.1E-48  309.3   0.0  292   56-351   105-409 (526)
     457 UniRef100_A0A016T103 G_PROTEIN 100.0 1.1E-42 1.1E-48  314.9   0.0  270   65-353   118-477 (605)
     458 UniRef100_A0A0K0PUE3 Orphan G- 100.0 1.1E-42 1.1E-48  308.1   0.0  285   59-349   118-425 (550)
     459 tr|A0A0F8B255|A0A0F8B255_LARCR 100.0 1.1E-42 1.1E-48  304.7   0.0  294   46-355   234-527 (549)
     460 tr|A0A146NY53|A0A146NY53_FUNHE 100.0 1.1E-42 1.2E-48  302.7   0.0  278   61-351    10-317 (469)
     461 UniRef100_A0A1S3IXU9 RYamide r 100.0 1.1E-42 1.2E-48  292.1   0.0  290   57-353    34-332 (438)
     462 UniRef100_A0A060W5R2 G_PROTEIN 100.0 1.1E-42 1.2E-48  303.9   0.0  300   45-345    52-405 (522)
     463 UniRef100_A0A2B4RQG7 Somatosta 100.0 1.2E-42 1.2E-48  316.3   0.0  287   56-351    86-398 (541)
     464 UniRef100_A0A6P8IPF1 5-hydroxy 100.0 1.2E-42 1.3E-48  292.8   0.0  283   57-352    57-362 (403)
     465 UniRef100_F6SEF7 G_PROTEIN_REC 100.0 1.2E-42 1.3E-48  289.1   0.0  279   57-347    40-333 (337)
     466 UniRef100_A0A087XI41 Mu-type o 100.0 1.2E-42 1.3E-48  295.2   0.0  280   57-347   152-435 (537)
     467 tr|A0A2B4S1Z5|A0A2B4S1Z5_STYPI 100.0 1.2E-42 1.3E-48  304.4   0.0  269   58-356    26-303 (514)
     468 tr|H2LKL7|H2LKL7_ORYLA Unchara 100.0 1.3E-42 1.3E-48  289.3   0.0  277   60-349    35-320 (366)
     469 tr|A0A0L8FIS6|A0A0L8FIS6_OCTBM 100.0 1.3E-42 1.3E-48  300.9   0.0  283   58-351    91-420 (485)
     470 tr|F1R2F3|F1R2F3_DANRE Neurope 100.0 1.3E-42 1.3E-48  308.6   0.0  284   56-347   401-688 (731)
     471 UniRef100_A0A0K0PUX3 Orphan G- 100.0 1.3E-42 1.4E-48  308.7   0.0  278   57-351    60-350 (419)
     472 UniRef100_A0A0C9RF21 CapaR_3 p 100.0 1.4E-42 1.4E-48  304.8   0.0  286   60-351    54-356 (532)
     473 UniRef100_A0A016SJ65 Thyrolibe 100.0 1.4E-42 1.4E-48  308.5   0.0  283   57-349    83-394 (479)
     474 tr|A7S8R9|A7S8R9_NEMVE Predict 100.0 1.4E-42 1.5E-48  299.9   0.0  293   45-353    13-340 (398)
     475 tr|F7E6B1|F7E6B1_MONDO Tachyki 100.0 1.4E-42 1.5E-48  296.4   0.0  285   55-351    92-384 (475)
     476 tr|A0A131XUY2|A0A131XUY2_IXORI 100.0 1.5E-42 1.5E-48  297.2   0.0  284   56-351   160-446 (560)
     477 UniRef100_A0A026W3I9 Neuropept 100.0 1.5E-42 1.6E-48  307.7   0.0  291   60-354    61-370 (599)
     478 tr|A7SIX0|A7SIX0_NEMVE Predict 100.0 1.5E-42 1.6E-48  294.4   0.0  290   57-357    24-324 (403)
     479 UniRef100_A0A4W4DTE3 G_PROTEIN 100.0 1.6E-42 1.7E-48  296.0   0.0  282   61-351    56-342 (379)
     480 UniRef100_A0A0A7KUZ5 Opsin 5 n 100.0 1.7E-42 1.7E-48  302.7   0.0  281   57-351    52-344 (407)
     481 tr|T1KTS6|T1KTS6_TETUR Unchara 100.0 1.8E-42 1.9E-48  304.4   0.0  284   57-349   119-416 (587)
     482 tr|A0A218U9V4|A0A218U9V4_9PASE 100.0 1.8E-42 1.9E-48  293.5   0.0  293   45-352    64-358 (394)
     483 tr|L9KKE8|L9KKE8_TUPCH C-X-C c 100.0 1.8E-42 1.9E-48  305.7   0.0  299   45-351   349-654 (685)
     484 tr|A0A1A8K3T1|A0A1A8K3T1_NOTKU 100.0 1.9E-42 1.9E-48  302.7   0.0  286   58-356    49-489 (621)
     485 tr|A0A096NTW4|A0A096NTW4_PAPAN 100.0 1.9E-42 1.9E-48  294.5   0.0  286   56-350   131-425 (442)
     486 tr|A0A1A9ZM95|A0A1A9ZM95_GLOPL 100.0 1.9E-42 1.9E-48  294.2   0.0  288   60-354    97-396 (481)
     487 tr|A0A0K2TJR3|A0A0K2TJR3_LEPSM 100.0   2E-42 2.1E-48  289.1   0.0  291   58-355    55-360 (402)
     488 tr|A0A182U1B5|A0A182U1B5_9DIPT 100.0 2.1E-42 2.1E-48  305.2   0.0  288   56-351    38-343 (620)
     489 ERR1719510_236906              100.0 2.1E-42 2.2E-48  309.8   0.0  289   57-356    82-378 (577)
     490 tr|A0A1I8N820|A0A1I8N820_MUSDO 100.0 2.2E-42 2.3E-48  310.3   0.0  281   58-352   305-638 (880)
     491 UniRef100_A0A0N1IB59 Orexin re 100.0 2.2E-42 2.3E-48  298.5   0.0  281   58-348   129-448 (546)
     492 UniRef100_A0A336LUR7 CSON00145 100.0 2.2E-42 2.3E-48  302.8   0.0  288   57-350    87-384 (670)
     493 UniRef100_A0A060W5H6 G_PROTEIN 100.0 2.2E-42 2.3E-48  309.9   0.0  282   56-349    85-385 (528)
     494 UniRef100_A0A0L0C965 Tachykini 100.0 2.3E-42 2.4E-48  301.5   0.0  285   59-351   122-418 (611)
     495 tr|A0A146TP77|A0A146TP77_FUNHE 100.0 2.3E-42 2.4E-48  313.8   0.0  281   59-355    48-427 (522)
     496 tr|A0A1W4X208|A0A1W4X208_AGRPL 100.0 2.4E-42 2.5E-48  294.8   0.0  285   58-350    95-392 (467)
     497 UniRef100_A0A091G1I5 Somatosta 100.0 2.4E-42 2.5E-48  268.0   0.0  280   59-349     4-287 (296)
     498 UniRef100_A0A3M6TEA9 G_PROTEIN 100.0 2.5E-42 2.6E-48  303.0   0.0  282   57-350    47-342 (414)
     499 UniRef100_UPI000219022F Endoly 100.0 2.5E-42 2.6E-48  294.8   0.0  276   61-350   204-485 (507)
     500 UniRef100_A0A1B6HDB2 G_PROTEIN 100.0 2.6E-42 2.6E-48  283.8   0.0  279   62-351    16-306 (360)
     
  > Uniprot already searched, skipping.
> Running chain B
  > Uniref90 already searched, skipping.
  > Mgnify already searched, skipping.
  > Running hhblits on bfd_uniref30
- 18:49:46.715 INFO: Searching 65983866 column state sequences.

- 18:49:48.006 INFO: Searching 29291635 column state sequences.

- 18:49:48.047 INFO: bkrb2_human-650/msas/B/chain_B.fasta is in A2M, A3M or FASTA format

- 18:49:48.047 INFO: Iteration 1

- 18:49:48.056 INFO: Prefiltering database

- 18:50:41.611 INFO: HMMs passed 1st prefilter (gapless profile-profile alignment)  : 43418

- 18:51:05.157 INFO: HMMs passed 1st prefilter (gapless profile-profile alignment)  : 35688

- 18:51:05.214 INFO: HMMs passed 2nd prefilter (gapped profile-profile alignment)   : 76

- 18:51:05.214 INFO: HMMs passed 2nd prefilter and not found in previous iterations : 76

- 18:51:05.214 INFO: Scoring 76 HMMs using HMM-HMM Viterbi alignment

- 18:51:05.239 INFO: Alternative alignment: 0

- 18:51:06.265 INFO: 76 alignments done

- 18:51:06.265 INFO: Alternative alignment: 1

- 18:51:06.271 INFO: 76 alignments done

- 18:51:06.271 INFO: Alternative alignment: 2

- 18:51:06.272 INFO: 8 alignments done

- 18:51:06.272 INFO: Alternative alignment: 3

- 18:51:06.273 INFO: 6 alignments done

- 18:51:06.329 INFO: Premerge done

- 18:51:06.329 INFO: Realigning 93 HMM-HMM alignments using Maximum Accuracy algorithm

- 18:51:07.002 INFO: 28 sequences belonging to 28 database HMMs found with an E-value < 0.001

- 18:51:07.002 INFO: Number of effective sequences of resulting query HMM: Neff = 4.57811

- 18:51:07.005 INFO: Iteration 2

- 18:51:07.005 INFO: Set premerge to 0! (premerge: 3 iteration: 2 hits.Size: 25)

- 18:51:07.012 INFO: Prefiltering database

- 18:52:37.790 INFO: HMMs passed 1st prefilter (gapless profile-profile alignment)  : 3015

- 18:52:58.549 INFO: HMMs passed 1st prefilter (gapless profile-profile alignment)  : 4989

- 18:52:58.574 INFO: HMMs passed 2nd prefilter (gapped profile-profile alignment)   : 17

- 18:52:58.574 INFO: HMMs passed 2nd prefilter and not found in previous iterations : 1

- 18:52:58.574 INFO: Scoring 1 HMMs using HMM-HMM Viterbi alignment

- 18:52:58.594 INFO: Alternative alignment: 0

- 18:52:58.594 INFO: 1 alignments done

- 18:52:58.594 INFO: Stop after DB-HHM: 1 because early stop  8.28192e-07 < filter cutoff 0.01

- 18:52:58.594 INFO: Alternative alignment: 1

- 18:52:58.594 INFO: Alternative alignment: 2

- 18:52:58.594 INFO: Alternative alignment: 3

- 18:52:58.603 INFO: No new hits found in iteration 2 => Stop searching

- 18:52:58.603 INFO: Rescoring previously found HMMs with Viterbi algorithm

- 18:52:58.620 INFO: Alternative alignment: 0

- 18:52:58.622 INFO: 25 alignments done

- 18:52:58.622 INFO: Alternative alignment: 1

- 18:52:58.625 INFO: 19 alignments done

- 18:52:58.625 INFO: Alternative alignment: 2

- 18:52:58.625 INFO: Alternative alignment: 3

- 18:52:58.634 INFO: Realigning 24 HMM-HMM alignments using Maximum Accuracy algorithm

- 18:52:58.643 INFO: 28 sequences belonging to 28 database HMMs found with an E-value < 0.001

- 18:52:58.643 INFO: Number of effective sequences of resulting query HMM: Neff = 4.57811

     Query         kallidin gtp:650
     Match_columns 10
     No_of_seqs    39 out of 286
     Neff          4.57811
     Searched_HMMs 76
     Date          Wed Feb 22 18:52:58 2023
     Command       hhblits -i bkrb2_human-650/msas/B/chain_B.fasta -cpu 2 -maxmem 20 -oa3m /maps/projects/ilfgrid/people/nqz918/code/deorph/scripts/af_arman/af_jobs_af23/bkrb2_human/650//bkrb2_human-650/msas/B/bfd_uniref_hits.a3m -o /dev/null -n 3 -e 0.001 -maxseq 1000000 -realign_max 100000 -maxfilt 100000 -min_prefilter_hits 1000 -d /projects/ilfgrid/data/alphafold-genetic-databases///bfd/bfd_metaclust_clu_complete_id30_c90_final_seq.sorted_opt -d /projects/ilfgrid/data/alphafold-genetic-databases///uniref30/UniRef30_2021_03 
     
      No Hit                             Prob E-value P-value  Score    SS Cols Query HMM  Template HMM
       1 UniRef100_P83058 [Thr6]-bradyk  96.5 0.00095 9.9E-10   21.3   0.0    9    2-10      1-9   (9)
       2 sp|P84497|BRK3_TRASC [Thr6]-br  96.5 0.00095 9.9E-10   21.3   0.0    9    2-10      1-9   (9)
       3 UniRef100_P42717 Waspkinin n=1  96.4  0.0014 1.4E-09   22.6   0.0   10    1-10      3-12  (13)
       4 UniRef100_Q7M3T2 Vespakinin-X   96.3  0.0015 1.5E-09   22.2   0.0    9    2-10      2-10  (12)
       5 UniRef100_Q7M3T3 Vespakinin-M   96.3  0.0019   2E-09   21.9   0.0    9    2-10      2-10  (12)
       6 UniRef100_P84773 [Trp5]-bradyk  96.3  0.0019   2E-09   20.7   0.0    9    2-10      1-9   (9)
       7 UniRef100_P85873 Wasp kinin PM  96.1  0.0027 2.8E-09   21.2   0.0   10    1-10      2-11  (11)
       8 UniRef100_P0DM73 Nephilakinin-  96.1   0.003 3.1E-09   20.7   0.0    9    2-10      2-10  (10)
       9 UniRef100_P0DM74 Nephilakinin-  96.0  0.0039   4E-09   20.5   0.0    9    2-10      2-10  (10)
      10 UniRef100_P86156 Bradykinin RL  95.8  0.0078   8E-09   21.8   0.0    9    2-10      1-9   (16)
      11 UniRef100_P12797 Megascoliakin  95.7  0.0084 8.6E-09   20.2   0.0    9    2-10      1-9   (11)
      12 sp|P84697|BRK2_PHYSA Phyllokin  95.7  0.0085 8.7E-09   20.2   0.0    9    2-10      1-9   (11)
      13 UniRef100_P83659 Cyphokinin n=  95.7  0.0088   9E-09   20.1   0.0    9    2-10      3-11  (11)
      14 UniRef100_P57672 Vespulakinin-  95.7  0.0096 9.9E-09   21.8   0.0    9    2-10      9-17  (17)
      15 UniRef100_P84893 Des-Arg9-[Thr  95.6   0.012 1.3E-08   18.5   0.0    8    2-9       1-8   (8)
      16 sp|P86630|BRK4_PHAJA Des-Arg9-  95.6   0.012 1.3E-08   18.5   0.0    8    2-9       1-8   (8)
      17 UniRef100_P86035 [Asp6]-bradyk  95.2   0.027 2.7E-08   18.3   0.0    9    2-10      1-9   (9)
      18 UniRef100_Q9PRZ1 Lysyl-bradyki  95.1   0.033 3.4E-08   18.5   0.0   10    1-10      1-10  (10)
      19 UniRef100_P0DM72 Nephilakinin-  94.5   0.073 7.5E-08   17.8   0.0    8    3-10      3-10  (10)
      20 UniRef100_A0A3S6I504 Vespakini  94.4   0.084 8.6E-08   22.5   0.0    9    2-10     28-36  (38)
      21 UniRef100_A0A091DRV2 Kininogen  93.3    0.22 2.7E-07   29.2   0.0   10    1-10    408-417 (539)
      22 UniRef100_A0A0G2JVQ5 Bradykini  93.2     0.2   3E-07   29.5   0.0   10    1-10    411-420 (670)
      23 tr|S9Y253|S9Y253_CAMFR Kininog  91.9    0.56   7E-07   28.7   0.0   10    1-10    528-537 (792)
      24 UniRef100_A0A452TBQ7 Kininogen  91.9    0.57 7.1E-07   26.9   0.0   10    1-10    314-323 (370)
     
  > Uniprot already searched, skipping.

>> Job finished at: Wed Feb 22 18:53:02 CET 2023

>> Runtime: 2403 s
