>> Job started at: Thu Mar  9 01:50:22 CET 2023
   On Machine:     ilfgridgpun01fl.unicph.domain
   In directory:   /projects/ilfgrid/people/nqz918/code/deorph/scripts/af_arman/af_jobs_af23/ntr1_human/3625

>> GPU is 

Loaded miniconda shell environment for bash
> Running 'prep_MSAs.sh'
  > Alphafold-DB directory is set to /projects/ilfgrid/data/alphafold-genetic-databases//
  > Number of cores was set to set to 4
  > Max memory set to 20 GB
  > Output directory was set to /projects/ilfgrid/people/nqz918/code/deorph/scripts/af_arman/af_jobs_af23/ntr1_human/3625/
  > Input fastafile was set to /projects/ilfgrid/people/nqz918/code/deorph/scripts/af_arman/af_jobs_af23/ntr1_human/3625/ntr1_human-3625.fasta
> Splitting fastafile
> Running chain A
  > Uniref90 already searched, skipping.
  > Mgnify already searched, skipping.
  > Running hhblits on bfd_uniref30
- 01:50:44.309 INFO: Searching 65983866 column state sequences.

- 01:50:45.412 INFO: Searching 29291635 column state sequences.

- 01:50:45.449 INFO: ntr1_human-3625/msas/A/chain_A.fasta is in A2M, A3M or FASTA format

- 01:50:45.449 INFO: Iteration 1

- 01:50:45.576 INFO: Prefiltering database

- 01:52:08.057 INFO: HMMs passed 1st prefilter (gapless profile-profile alignment)  : 2870886

- 01:53:09.373 INFO: HMMs passed 1st prefilter (gapless profile-profile alignment)  : 998451

- 01:53:16.053 INFO: HMMs passed 2nd prefilter (gapped profile-profile alignment)   : 29177

- 01:53:16.053 INFO: HMMs passed 2nd prefilter and not found in previous iterations : 29177

- 01:53:16.053 INFO: Scoring 29177 HMMs using HMM-HMM Viterbi alignment

- 01:53:16.113 INFO: Alternative alignment: 0

- 01:53:16.964 INFO: 2000 alignments done

- 01:53:17.777 INFO: 4000 alignments done

- 01:53:18.533 INFO: 6000 alignments done

- 01:53:19.679 INFO: 8000 alignments done

- 01:53:20.678 INFO: 10000 alignments done

- 01:53:21.614 INFO: 12000 alignments done

- 01:53:22.402 INFO: 14000 alignments done

- 01:53:22.921 INFO: 16000 alignments done

- 01:53:23.461 INFO: 18000 alignments done

- 01:53:24.003 INFO: 20000 alignments done

- 01:53:24.619 INFO: 22000 alignments done

- 01:53:25.248 INFO: 24000 alignments done

- 01:53:25.997 INFO: 26000 alignments done

- 01:53:27.024 INFO: 28000 alignments done

- 01:53:28.150 INFO: 29177 alignments done

- 01:53:28.153 INFO: Alternative alignment: 1

- 01:53:36.747 INFO: 29112 alignments done

- 01:53:36.822 INFO: Alternative alignment: 2

- 01:53:39.415 INFO: 7247 alignments done

- 01:53:39.419 INFO: Alternative alignment: 3

- 01:53:39.970 INFO: 1137 alignments done

- 01:53:40.731 INFO: Premerge done

- 01:53:40.732 INFO: Realigning 10851 HMM-HMM alignments using Maximum Accuracy algorithm

- 01:54:41.465 INFO: 10854 sequences belonging to 10854 database HMMs found with an E-value < 0.001

- 01:54:41.466 INFO: Number of effective sequences of resulting query HMM: Neff = 10.332

- 01:54:41.655 INFO: Iteration 2

- 01:54:41.655 INFO: Set premerge to 0! (premerge: 3 iteration: 2 hits.Size: 10851)

- 01:54:41.867 INFO: Prefiltering database

- 01:56:02.663 INFO: HMMs passed 1st prefilter (gapless profile-profile alignment)  : 11087247

- 01:57:12.879 INFO: HMMs passed 1st prefilter (gapless profile-profile alignment)  : 3535469

- 01:57:26.540 INFO: HMMs passed 2nd prefilter (gapped profile-profile alignment)   : 105317

- 01:57:26.540 INFO: HMMs passed 2nd prefilter and not found in previous iterations : 94665

- 01:57:26.540 INFO: Scoring 94665 HMMs using HMM-HMM Viterbi alignment

- 01:57:26.584 INFO: Alternative alignment: 0

- 01:57:27.235 INFO: 2000 alignments done

- 01:57:27.867 INFO: 4000 alignments done

- 01:57:28.510 INFO: 6000 alignments done

- 01:57:29.116 INFO: 8000 alignments done

- 01:57:29.677 INFO: 10000 alignments done

- 01:57:30.127 INFO: 12000 alignments done

- 01:57:31.172 INFO: 14000 alignments done

- 01:57:32.547 INFO: 16000 alignments done

- 01:57:34.591 INFO: 18000 alignments done

- 01:57:34.606 INFO: Stop after DB-HHM: 18000 because early stop  17.8745 < filter cutoff 20

- 01:57:34.606 INFO: Alternative alignment: 1

- 01:57:37.748 INFO: 8896 alignments done

- 01:57:37.763 INFO: Alternative alignment: 2

- 01:57:38.178 INFO: 841 alignments done

- 01:57:38.179 INFO: Alternative alignment: 3

- 01:57:38.268 INFO: 126 alignments done

- 01:57:38.439 INFO: Realigning 4993 HMM-HMM alignments using Maximum Accuracy algorithm

- 01:58:26.573 INFO: 15845 sequences belonging to 15845 database HMMs found with an E-value < 0.001

- 01:58:26.573 INFO: Number of effective sequences of resulting query HMM: Neff = 10.6541

- 01:58:26.663 INFO: Iteration 3

- 01:58:26.789 INFO: Prefiltering database

- 01:59:47.601 INFO: HMMs passed 1st prefilter (gapless profile-profile alignment)  : 10723100

- 02:00:59.611 INFO: HMMs passed 1st prefilter (gapless profile-profile alignment)  : 3453251

- 02:01:13.049 INFO: HMMs passed 2nd prefilter (gapped profile-profile alignment)   : 100900

- 02:01:13.049 INFO: HMMs passed 2nd prefilter and not found in previous iterations : 85354

- 02:01:13.049 INFO: Scoring 85354 HMMs using HMM-HMM Viterbi alignment

- 02:01:13.105 INFO: Alternative alignment: 0

- 02:01:13.860 INFO: 2000 alignments done

- 02:01:14.449 INFO: 4000 alignments done

- 02:01:14.891 INFO: 6000 alignments done

- 02:01:15.369 INFO: 8000 alignments done

- 02:01:15.994 INFO: 10000 alignments done

- 02:01:17.043 INFO: 12000 alignments done

- 02:01:17.045 INFO: Stop after DB-HHM: 12000 because early stop  19.601 < filter cutoff 20

- 02:01:17.045 INFO: Alternative alignment: 1

- 02:01:18.646 INFO: 4395 alignments done

- 02:01:18.654 INFO: Alternative alignment: 2

- 02:01:18.942 INFO: 534 alignments done

- 02:01:18.942 INFO: Alternative alignment: 3

- 02:01:19.017 INFO: 96 alignments done

- 02:01:19.086 INFO: Rescoring previously found HMMs with Viterbi algorithm

- 02:01:19.121 INFO: Alternative alignment: 0

- 02:01:19.731 INFO: 2000 alignments done

- 02:01:20.344 INFO: 4000 alignments done

- 02:01:20.967 INFO: 6000 alignments done

- 02:01:21.586 INFO: 8000 alignments done

- 02:01:22.211 INFO: 10000 alignments done

- 02:01:22.867 INFO: 12000 alignments done

- 02:01:23.484 INFO: 14000 alignments done

- 02:01:23.952 INFO: 15545 alignments done

- 02:01:23.954 INFO: Alternative alignment: 1

- 02:01:28.990 INFO: 15545 alignments done

- 02:01:29.000 INFO: Alternative alignment: 2

- 02:01:29.555 INFO: 1177 alignments done

- 02:01:29.556 INFO: Alternative alignment: 3

- 02:01:29.667 INFO: 173 alignments done

- 02:01:29.839 INFO: Premerge done

- 02:01:29.840 INFO: Realigning 16138 HMM-HMM alignments using Maximum Accuracy algorithm

- 02:02:06.828 INFO: 16178 sequences belonging to 16178 database HMMs found with an E-value < 0.001

- 02:02:06.828 INFO: Number of effective sequences of resulting query HMM: Neff = 10.6833

     Query         ntr1_human P30989
     Match_columns 418
     No_of_seqs    2872 out of 220823
     Neff          10.6833
     Searched_HMMs 112319
     Date          Thu Mar  9 02:02:06 2023
     Command       hhblits -i ntr1_human-3625/msas/A/chain_A.fasta -cpu 4 -maxmem 20 -oa3m /projects/ilfgrid/people/nqz918/code/deorph/scripts/af_arman/af_jobs_af23/ntr1_human/3625//ntr1_human-3625/msas/A/bfd_uniref_hits.a3m -o /dev/null -n 3 -e 0.001 -maxseq 1000000 -realign_max 100000 -maxfilt 100000 -min_prefilter_hits 1000 -d /projects/ilfgrid/data/alphafold-genetic-databases///bfd/bfd_metaclust_clu_complete_id30_c90_final_seq.sorted_opt -d /projects/ilfgrid/data/alphafold-genetic-databases///uniref30/UniRef30_2021_03 
     
      No Hit                             Prob E-value P-value  Score    SS Cols Query HMM  Template HMM
       1 UniRef100_A0A087YCA9 Neurotens 100.0 1.1E-85 1.1E-91  573.4   0.0  408    1-418    70-477 (566)
       2 tr|L8Y8M8|L8Y8M8_TUPCH Neurote 100.0 7.2E-80 7.4E-86  532.0   0.0  412    1-418     1-639 (639)
       3 tr|A0A1L8ET46|A0A1L8ET46_XENLA 100.0 7.3E-74 7.5E-80  485.9   0.0  368   48-418    46-459 (459)
       4 UniRef100_A0A060XJ63 G_PROTEIN 100.0 3.9E-71   4E-77  479.1   0.0  381   35-418   138-519 (534)
       5 UniRef100_A0A2F0BNT3 Neurotens 100.0 9.1E-69 9.4E-75  457.9   0.0  408    1-418    60-467 (471)
       6 UniRef100_L8Y8M8 Neurotensin r 100.0 2.1E-68 2.2E-74  463.3   0.0  412    1-418     1-639 (639)
       7 UniRef100_UPI0015914CC9 neurot 100.0 6.1E-68 6.3E-74  442.7   0.0  378   36-418   137-515 (515)
       8 UniRef100_A0A2R8MQD9 Neurotens 100.0 1.4E-60 1.4E-66  412.6   0.0  400    1-418   192-592 (592)
       9 UniRef100_UPI0006730531 Neurot 100.0 4.2E-58 4.3E-64  386.8   0.0  349   44-392    13-365 (541)
      10 UniRef100_A0A024FLF0 PQRFa pep 100.0 6.2E-52 6.6E-58  374.1   0.0  299   61-383    47-346 (413)
      11 UniRef100_A0A1S3HKE5 allatosta 100.0 2.6E-51 2.7E-57  369.2   0.0  291   63-381    82-373 (462)
      12 tr|A0A1L8G5A8|A0A1L8G5A8_XENLA 100.0 5.3E-51 5.5E-57  353.4   0.0  332   54-385    28-390 (431)
      13 UniRef100_A0A6P4Z4S7 G-protein 100.0 6.4E-51 6.8E-57  370.0   0.0  297   62-387    58-355 (417)
      14 UniRef100_A0A0K0PUR1 Orphan G- 100.0 7.2E-51 7.6E-57  369.5   0.0  298   59-381   110-409 (530)
      15 UniRef100_A0A369RW72 Octopamin 100.0   8E-51 8.5E-57  368.5   0.0  296   65-380    56-355 (412)
      16 UniRef100_A0A026X3T6 Allatosta 100.0 1.9E-50   2E-56  363.7   0.0  288   63-384   139-426 (540)
      17 UniRef100_A0A023F675 Putative  100.0   2E-50 2.1E-56  370.4   0.0  293   61-382   124-418 (530)
      18 UniRef100_A0A6P4XD29 neuropept 100.0 2.4E-50 2.5E-56  350.4   0.0  296   63-379    41-338 (385)
      19 UniRef100_A0A026W5R0 Orexin re 100.0 2.4E-50 2.5E-56  366.1   0.0  309   63-384   117-427 (529)
      20 UniRef100_A0A141CIT8 G protein 100.0 3.4E-50 3.6E-56  357.9   0.0  293   59-382    82-375 (488)
      21 UniRef100_A0A2B4SDF9 Neuropept 100.0 3.6E-50 3.8E-56  354.8   0.0  293   57-380    83-376 (455)
      22 UniRef100_A0A2B4S7K2 Histamine 100.0 3.6E-50 3.8E-56  356.0   0.0  300   60-384    29-328 (369)
      23 UniRef100_A0A6P4Y4T1 galanin r 100.0 5.1E-50 5.4E-56  350.5   0.0  294   62-383    57-351 (410)
      24 UniRef100_A0A177B9B5 Rhodopsin 100.0 5.6E-50 5.8E-56  350.6   0.0  308   63-385    90-404 (464)
      25 UniRef100_A0A060VSP8 5-hydroxy 100.0 5.9E-50 6.2E-56  358.5   0.0  311   54-385    78-417 (479)
      26 tr|A0A1I8M930|A0A1I8M930_MUSDO 100.0 8.7E-50 9.1E-56  375.9   0.0  306   62-385   187-580 (963)
      27 UniRef100_A0A060VUW6 G_PROTEIN 100.0 8.7E-50 9.2E-56  373.1   0.0  303   62-386   116-442 (574)
      28 UniRef100_A0A0C9QBK4 GHSR_0 pr 100.0 1.2E-49 1.3E-55  371.6   0.0  304   59-381   168-472 (591)
      29 UniRef100_A0A1D2M4J2 Neuropept 100.0 1.5E-49 1.5E-55  353.8   0.0  296   63-383   126-423 (497)
      30 UniRef100_A0A154PKR3 Tachykini 100.0 1.5E-49 1.6E-55  354.0   0.0  296   59-383    72-374 (457)
      31 UniRef100_A0A077Z2H9 Putative  100.0 1.6E-49 1.7E-55  356.6   0.0  306   64-380    72-393 (477)
      32 UniRef100_A0A0K0PUL8 Allatosta 100.0 2.3E-49 2.4E-55  348.1   0.0  293   63-384    50-345 (396)
      33 UniRef100_A0A060X5Z5 G_PROTEIN 100.0 3.1E-49 3.3E-55  358.5   0.0  303   62-383    82-384 (522)
      34 UniRef100_A0A0K0PUI9 Orphan G- 100.0 3.8E-49   4E-55  361.6   0.0  306   62-387   100-411 (534)
      35 UniRef100_A0A2G8KL37 Cholecyst 100.0 4.2E-49 4.4E-55  346.9   0.0  309   64-385    99-432 (493)
      36 UniRef100_A0A0H3YI86 Pyrokinin 100.0 4.3E-49 4.5E-55  358.1   0.0  314   63-385    83-400 (510)
      37 UniRef100_A0A026WW28 Neuropept 100.0 4.4E-49 4.6E-55  358.8   0.0  297   59-384    84-381 (552)
      38 tr|A0A2C9JWF9|A0A2C9JWF9_BIOGL 100.0 4.5E-49 4.7E-55  349.8   0.0  307   62-390    64-372 (403)
      39 UniRef100_A0A026WTK8 Tachykini 100.0 5.5E-49 5.7E-55  354.6   0.0  295   60-382    86-387 (556)
      40 UniRef100_A0A0K0PUX7 Orphan G- 100.0 5.7E-49 5.9E-55  354.3   0.0  290   63-384    62-355 (471)
      41 UniRef100_A0A1N7TCF1 Galanin r 100.0 7.1E-49 7.4E-55  344.0   0.0  294   58-385    66-362 (407)
      42 UniRef100_A0A061INJ6 Pyrogluta 100.0 8.7E-49 9.1E-55  362.6   0.0  303   63-382   152-457 (594)
      43 tr|A0A0P7U387|A0A0P7U387_9TELE 100.0 9.2E-49 9.6E-55  345.0   0.0  288   62-385   127-417 (556)
      44 UniRef100_A0A026WK40 Cholecyst 100.0 1.5E-48 1.6E-54  363.0   0.0  307   65-386   156-546 (656)
      45 tr|E6ZEU6|E6ZEU6_DICLA Neurome 100.0 1.5E-48 1.6E-54  345.3   0.0  306   63-382    88-393 (461)
      46 UniRef100_A0A139WB32 Tachykini 100.0 1.6E-48 1.7E-54  341.2   0.0  301   59-386    39-345 (405)
      47 tr|A0A1I8PIJ9|A0A1I8PIJ9_STOCA 100.0 2.4E-48 2.4E-54  352.9   0.0  301   59-387   165-471 (680)
      48 UniRef100_A0A6J8CLU9 HCRTR2 n= 100.0 2.4E-48 2.5E-54  337.3   0.0  306   63-385    52-360 (422)
      49 UniRef100_A0A060ILH2 Neuromedi 100.0 2.4E-48 2.5E-54  347.7   0.0  304   66-390   179-484 (606)
      50 UniRef100_A0A164MD49 Putative  100.0 2.6E-48 2.7E-54  344.1   0.0  306   65-384    51-396 (498)
      51 tr|M3ZFE6|M3ZFE6_XIPMA Somatos 100.0   3E-48 3.1E-54  339.8   0.0  285   62-384   103-390 (525)
      52 UniRef100_A0A060X1Q6 Somatosta 100.0 3.5E-48 3.7E-54  354.6   0.0  283   62-382   138-423 (604)
      53 UniRef100_A0A0K0PUH0 Orphan G- 100.0   4E-48 4.2E-54  357.6   0.0  304   65-378   138-468 (583)
      54 UniRef100_A0A2B4RSM5 Neuropept 100.0 4.7E-48 4.9E-54  339.1   0.0  291   60-384    33-324 (417)
      55 UniRef100_A0A0K0PUV0 FVRIamide 100.0   5E-48 5.2E-54  344.7   0.0  298   64-381    53-376 (458)
      56 tr|C3XSP5|C3XSP5_BRAFL Unchara 100.0   5E-48 5.2E-54  328.3   0.0  301   62-384    26-327 (403)
      57 UniRef100_A0A2B4SKI0 Tachykini 100.0 5.1E-48 5.4E-54  356.4   0.0  296   61-385    89-392 (469)
      58 UniRef100_A0A068YA15 Neuropept 100.0 5.5E-48 5.8E-54  342.1   0.0  320   60-384    69-396 (510)
      59 UniRef100_A0A0K0PUE3 Orphan G- 100.0 5.7E-48 5.9E-54  346.6   0.0  311   59-381   112-425 (550)
      60 UniRef100_UPI00193116BC Neurot 100.0 5.9E-48 6.1E-54  322.5   0.0  307   48-368     4-310 (482)
      61 UniRef100_A0A060W5Z4 G_PROTEIN 100.0 6.8E-48 7.1E-54  349.2   0.0  285   62-385   189-476 (593)
      62 UniRef100_A0A0K0PUT9 Excitator 100.0 7.2E-48 7.6E-54  348.5   0.0  301   61-386   101-404 (474)
      63 UniRef100_A0A7J6CR71 Uncharact 100.0 7.5E-48 7.7E-54  340.7   0.0  321   48-383    35-355 (855)
      64 tr|A0A0P4XBU7|A0A0P4XBU7_9CRUS 100.0 7.6E-48   8E-54  349.9   0.0  296   64-381    61-413 (557)
      65 UniRef100_A0A0P6J0T1 Putative  100.0 8.1E-48 8.4E-54  355.3   0.0  311   60-386    99-412 (735)
      66 tr|A0A1S3W6N0|A0A1S3W6N0_ERIEU 100.0 8.5E-48 8.8E-54  340.5   0.0  315   66-390   134-450 (596)
      67 UniRef100_A0A1D1W534 G_PROTEIN 100.0 8.5E-48   9E-54  352.4   0.0  307   65-385    80-435 (492)
      68 UniRef100_A0A0K0PUH1 Orphan G- 100.0   9E-48 9.4E-54  329.4   0.0  295   63-382    52-347 (413)
      69 UniRef100_A0A091EBV8 Type-1 an 100.0 9.5E-48   1E-53  357.0   0.0  283   60-381   344-628 (715)
      70 UniRef100_A0A0L8I310 G_PROTEIN 100.0 9.5E-48   1E-53  345.8   0.0  305   66-381    48-366 (468)
      71 UniRef100_A0A068YB14 Neuropept 100.0 9.9E-48   1E-53  347.2   0.0  299   62-383    53-352 (448)
      72 tr|A0A1W4ZX05|A0A1W4ZX05_9TELE 100.0 1.1E-47 1.2E-53  340.6   0.0  308   63-384    69-386 (480)
      73 UniRef100_A0A023F668 Putative  100.0 1.2E-47 1.2E-53  336.0   0.0  295   61-384    83-378 (484)
      74 UniRef100_A0A1S3J712 QRFP-like 100.0 1.3E-47 1.3E-53  346.2   0.0  288   67-381    71-369 (507)
      75 UniRef100_A0A146M155 Neuropept 100.0 1.3E-47 1.4E-53  339.9   0.0  301   65-381    55-360 (488)
      76 UniRef100_A0A026W4S0 Neuromedi 100.0 1.4E-47 1.4E-53  346.9   0.0  317   59-385    69-390 (604)
      77 UniRef100_A0A060VVF8 G_PROTEIN 100.0 1.4E-47 1.4E-53  349.8   0.0  295   60-386   136-436 (511)
      78 UniRef100_A0A087RJN6 Somatosta 100.0 1.5E-47 1.6E-53  344.7   0.0  283   62-382    59-342 (391)
      79 UniRef100_A0A060X360 G_PROTEIN 100.0 1.7E-47 1.8E-53  336.4   0.0  291   63-385    99-390 (477)
      80 UniRef100_A0A2H8TNJ5 Neuropept 100.0 1.9E-47   2E-53  339.5   0.0  294   63-381   155-451 (528)
      81 UniRef100_A0A210QEM7 Neuropept 100.0 2.2E-47 2.3E-53  333.1   0.0  298   62-385    49-348 (416)
      82 tr|A0A182G4E1|A0A182G4E1_AEDAL 100.0 2.4E-47 2.5E-53  341.4   0.0  307   59-388    63-375 (534)
      83 tr|A0A1V4J9T1|A0A1V4J9T1_PATFA 100.0 2.5E-47 2.6E-53  325.1   0.0  293   63-388    68-360 (461)
      84 UniRef100_A0A2B4SKX3 Cholecyst 100.0 2.6E-47 2.7E-53  333.8   0.0  304   63-387    71-416 (428)
      85 UniRef100_A0A060W9T7 G_PROTEIN 100.0 2.8E-47 2.9E-53  336.3   0.0  290   63-385   185-474 (616)
      86 UniRef100_A0A077YWL6 Somatosta 100.0 3.6E-47 3.8E-53  344.9   0.0  294   63-386    65-363 (446)
      87 UniRef100_A0A0P5DAK4 Orexin re 100.0 3.8E-47 3.9E-53  336.5   0.0  309   63-383   106-430 (505)
      88 UniRef100_A0A1D1V5S1 G_PROTEIN 100.0 3.9E-47   4E-53  333.4   0.0  309   62-387    55-363 (484)
      89 UniRef100_A0A0K0PUH3 Allatotro 100.0 3.9E-47 4.1E-53  330.0   0.0  309   63-387    68-377 (424)
      90 tr|A0A0F8ARD3|A0A0F8ARD3_LARCR 100.0 4.1E-47 4.2E-53  329.2   0.0  281   63-383    53-338 (464)
      91 UniRef100_A0A0P0YUU8 Cannabino 100.0 4.2E-47 4.4E-53  336.5   0.0  312   66-388    85-422 (496)
      92 UniRef100_A0A1V9XU68 Tyramine/ 100.0 4.2E-47 4.4E-53  334.3   0.0  303   63-384    52-354 (408)
      93 tr|A0A1D1UXI1|A0A1D1UXI1_RAMVA 100.0 4.7E-47 4.9E-53  333.0   0.0  296   62-385    80-377 (499)
      94 UniRef100_A0A087UNN0 Neuropept 100.0 5.8E-47 6.1E-53  333.6   0.0  294   61-379    91-387 (470)
      95 UniRef100_A0A1S3H6K0 neuropept 100.0 5.9E-47 6.3E-53  344.6   0.0  294   62-378    55-351 (470)
      96 UniRef100_A0A067RG65 Neuropept 100.0 6.9E-47 7.2E-53  335.2   0.0  299   64-380    88-391 (509)
      97 tr|A0A1W2W3E6|A0A1W2W3E6_CIOIN 100.0 8.5E-47 8.8E-53  329.3   0.0  294   62-384    56-352 (487)
      98 UniRef100_A0A068WW83 Allatosta 100.0 8.9E-47 9.4E-53  341.5   0.0  285   59-377    62-347 (432)
      99 UniRef100_A0A060X690 G_PROTEIN 100.0 9.2E-47 9.6E-53  325.3   0.0  286   63-382    46-334 (386)
     100 UniRef100_A0A061A7W5 G_PROTEIN 100.0 1.2E-46 1.3E-52  338.2   0.0  299   61-383    59-358 (473)
     101 UniRef100_A0A2B4SC76 Substance 100.0 1.4E-46 1.4E-52  340.5   0.0  298   55-382    46-351 (461)
     102 tr|A0A1L8G1N6|A0A1L8G1N6_XENLA 100.0 1.4E-46 1.5E-52  327.9   0.0  284   62-384   115-399 (448)
     103 tr|A0A0P7U0M1|A0A0P7U0M1_9TELE 100.0 1.5E-46 1.5E-52  321.7   0.0  304   63-384   101-412 (440)
     104 UniRef100_A0A023F658 Putative  100.0 1.6E-46 1.7E-52  340.2   0.0  323   50-388    54-379 (580)
     105 UniRef100_A0A087XDT1 Somatosta 100.0 1.8E-46 1.8E-52  336.7   0.0  284   62-383   167-453 (676)
     106 tr|V8PD93|V8PD93_OPHHA Type-2  100.0 1.8E-46 1.9E-52  335.6   0.0  286   64-385    76-370 (412)
     107 UniRef100_A0A2B4RGU4 5-hydroxy 100.0 1.8E-46 1.9E-52  345.8   0.0  305   61-383    63-370 (478)
     108 UniRef100_A0A2B4S0J6 Somatosta 100.0 1.8E-46   2E-52  345.3   0.0  293   60-383    80-379 (457)
     109 UniRef100_A0A0B4LHT6 RYamide r 100.0 1.9E-46   2E-52  337.4   0.0  299   60-382   111-410 (524)
     110 UniRef100_A0A044T5H8 G_PROTEIN 100.0 1.9E-46   2E-52  342.5   0.0  309   60-387   242-572 (693)
     111 UniRef100_A0A3M6T6P4 G_PROTEIN 100.0 1.9E-46   2E-52  334.5   0.0  292   67-387    59-358 (465)
     112 UniRef100_A0A068WVN8 Biogenic  100.0 2.1E-46 2.2E-52  346.4   0.0  307   62-387   119-511 (641)
     113 UniRef100_A0A087X575 NPY-Y2 re 100.0 2.2E-46 2.3E-52  328.0   0.0  298   62-383    72-371 (426)
     114 UniRef100_A0A210Q5D4 Neuropept 100.0 2.2E-46 2.3E-52  337.7   0.0  310   60-385    70-384 (596)
     115 tr|C3XVS5|C3XVS5_BRAFL Unchara 100.0 2.5E-46 2.6E-52  323.2   0.0  296   61-381    65-361 (425)
     116 tr|E0D358|E0D358_HEMPU Dopamin 100.0 2.5E-46 2.6E-52  326.6   0.0  297   66-383    27-328 (435)
     117 UniRef100_A0A0L8I0T4 G_PROTEIN 100.0 2.7E-46 2.8E-52  334.7   0.0  304   65-385   135-498 (554)
     118 UniRef100_A0A1D1VDY3 G_PROTEIN 100.0 2.8E-46   3E-52  335.7   0.0  301   64-386   134-449 (557)
     119 UniRef100_A0A026WK16 Tachykini 100.0   3E-46 3.1E-52  337.6   0.0  298   59-384   178-482 (641)
     120 UniRef100_A0A026WIP6 Cholecyst 100.0   3E-46 3.2E-52  346.0   0.0  318   61-387   168-533 (636)
     121 UniRef100_A0A034WDF0 Allatosta 100.0 3.2E-46 3.3E-52  334.3   0.0  290   62-381    94-383 (459)
     122 UniRef100_A0A151N382 Galanin r 100.0 3.2E-46 3.3E-52  312.2   0.0  288   64-385    31-318 (392)
     123 UniRef100_A0A1L8GQY3 Alpha-1B  100.0 4.1E-46 4.2E-52  329.6   0.0  302   64-387    47-372 (510)
     124 UniRef100_A0A096NAQ2 Cholecyst 100.0 4.1E-46 4.3E-52  335.4   0.0  315   65-389   152-507 (617)
     125 tr|S9YJE2|S9YJE2_CAMFR Somatos 100.0 4.4E-46 4.5E-52  319.7   0.0  291   57-382   106-399 (438)
     126 UniRef100_A0A7M7JNF9 G_PROTEIN 100.0 4.7E-46 4.9E-52  334.8   0.0  313   61-387    84-403 (554)
     127 tr|A0A2B4SUH3|A0A2B4SUH3_STYPI 100.0 5.8E-46 6.1E-52  325.5   0.0  308   64-387    26-335 (385)
     128 UniRef100_A7RGN9 Predicted pro 100.0 6.3E-46 6.6E-52  313.7   0.0  308   34-382     5-313 (317)
     129 tr|L7LZ94|L7LZ94_9ACAR Putativ 100.0 6.5E-46 6.8E-52  319.9   0.0  289   64-383   103-392 (438)
     130 tr|A0A218UB83|A0A218UB83_9PASE 100.0 6.6E-46 6.8E-52  333.9   0.0  304   63-388   193-517 (631)
     131 UniRef100_A0A060VNZ0 G_PROTEIN 100.0 6.8E-46 7.1E-52  340.8   0.0  308   66-383   196-505 (710)
     132 UniRef100_A0A026W3I9 Neuropept 100.0   7E-46 7.3E-52  333.9   0.0  313   59-387    54-371 (599)
     133 UniRef100_A0A0C9RF21 CapaR_3 p 100.0 7.3E-46 7.6E-52  330.5   0.0  299   65-382    53-355 (532)
     134 tr|A0A2D0TBG0|A0A2D0TBG0_ICTPU 100.0 8.2E-46 8.5E-52  315.0   0.0  304   66-382    65-370 (429)
     135 UniRef100_A0A023FH63 Putative  100.0 8.7E-46 9.1E-52  334.9   0.0  304   62-383   124-440 (563)
     136 UniRef100_A0A016SJ65 Thyrolibe 100.0 9.2E-46 9.7E-52  334.0   0.0  308   62-381    82-394 (479)
     137 UniRef100_A0A1S3KA35 Alpha-1B  100.0 1.1E-45 1.1E-51  334.3   0.0  304   63-387    89-423 (551)
     138 UniRef100_A0A084WIC4 Short neu 100.0 1.1E-45 1.2E-51  329.6   0.0  298   62-387    91-390 (551)
     139 tr|A0A2B4SID7|A0A2B4SID7_STYPI 100.0 1.3E-45 1.4E-51  331.9   0.0  294   60-383    28-327 (422)
     140 UniRef100_A0A0K0PUG3 Thyrolibe 100.0 1.4E-45 1.5E-51  333.4   0.0  308   62-382   213-520 (606)
     141 tr|G3S2I3|G3S2I3_GORGO Opioid  100.0 1.5E-45 1.5E-51  320.9   0.0  282   62-379   161-445 (492)
     142 UniRef100_A0A7K9U0T1 NTR1 prot 100.0 1.5E-45 1.5E-51  282.6   0.0  245  161-418     2-246 (246)
     143 tr|A0A1A8LLP2|A0A1A8LLP2_9TELE 100.0 1.5E-45 1.5E-51  320.2   0.0  318   54-390    84-404 (455)
     144 UniRef100_A0A210QT45 G-protein 100.0 1.6E-45 1.6E-51  322.0   0.0  335   29-387    26-361 (472)
     145 tr|E2AX14|E2AX14_CAMFO Neurope 100.0 1.6E-45 1.6E-51  332.6   0.0  318   59-386    73-395 (614)
     146 UniRef100_A0A087T336 Somatosta 100.0 1.6E-45 1.7E-51  323.4   0.0  287   64-384    78-368 (454)
     147 UniRef100_A0A1V4KIE8 Beta-1 ad 100.0 1.6E-45 1.7E-51  348.4   0.0  295   71-384    37-350 (512)
     148 tr|A0A0N8JZL4|A0A0N8JZL4_9TELE 100.0 1.7E-45 1.7E-51  324.2   0.0  301   63-383   104-412 (482)
     149 UniRef100_A0A193KUI4 GCR044 n= 100.0 1.7E-45 1.8E-51  323.1   0.0  310   64-384    33-348 (508)
     150 tr|A0A146U732|A0A146U732_FUNHE 100.0 1.8E-45 1.9E-51  349.0   0.0  318   61-387   189-551 (590)
     151 UniRef100_A0A1I8HKX2 G_PROTEIN 100.0 1.8E-45 1.9E-51  325.8   0.0  300   62-384    39-412 (442)
     152 UniRef100_A0A7M7KVC0 G_PROTEIN 100.0 1.9E-45   2E-51  333.5   0.0  306   65-380    65-375 (609)
     153 UniRef100_A0A3M6TKX3 G_PROTEIN 100.0   2E-45   2E-51  326.5   0.0  294   59-383    71-374 (427)
     154 UniRef100_A0A7M7HFU8 G_PROTEIN 100.0 2.5E-45 2.6E-51  331.1   0.0  295   63-381    64-362 (423)
     155 tr|A0A0P6C571|A0A0P6C571_9CRUS 100.0 2.6E-45 2.7E-51  320.8   0.0  337   35-382    22-444 (558)
     156 UniRef100_A0A060WMC3 Alpha-1D  100.0 2.8E-45 2.9E-51  325.1   0.0  302   65-388   112-437 (564)
     157 UniRef100_A0A2B4RHL7 Galanin r 100.0 2.8E-45 2.9E-51  313.8   0.0  280   63-385    32-312 (406)
     158 UniRef100_A0A2B4SE17 Substance 100.0 2.8E-45   3E-51  336.3   0.0  295   60-382    61-364 (467)
     159 UniRef100_A0A3M6U5X4 G_PROTEIN 100.0 2.9E-45   3E-51  311.7   0.0  282   61-380    36-317 (339)
     160 UniRef100_A0A0N0PF28 Orexin re 100.0 2.9E-45   3E-51  329.4   0.0  309   64-384   137-461 (588)
     161 UniRef100_A0A060XP11 G_PROTEIN 100.0 2.9E-45 3.1E-51  328.8   0.0  298   62-383    89-392 (497)
     162 tr|A0A2B4SKI0|A0A2B4SKI0_STYPI 100.0 3.2E-45 3.3E-51  327.3   0.0  300   49-380    83-395 (458)
     163 UniRef100_A0A026WCQ7 Tyramine  100.0 3.3E-45 3.4E-51  343.5   0.0  303   63-389   183-593 (665)
     164 UniRef100_A0A060WWU7 G_PROTEIN 100.0 3.4E-45 3.5E-51  324.4   0.0  310   61-386    66-385 (545)
     165 UniRef100_A0A7M7SYV2 G_PROTEIN 100.0 3.6E-45 3.7E-51  330.6   0.0  295   71-388    75-404 (630)
     166 UniRef100_A0A096NJ67 Neurotens 100.0 3.6E-45 3.8E-51  319.8   0.0  334   53-389    51-412 (510)
     167 UniRef100_A0A0L8H201 G_PROTEIN 100.0 3.7E-45 3.8E-51  316.5   0.0  297   60-382    82-381 (461)
     168 UniRef100_A0A226DFM2 Neuropept 100.0 3.8E-45   4E-51  325.0   0.0  295   63-381   105-401 (523)
     169 UniRef100_A0A2B4RPR9 Allatosta 100.0 3.8E-45   4E-51  329.8   0.0  289   61-380    45-341 (446)
     170 UniRef100_A0A091DWF1 Somatosta 100.0   4E-45 4.2E-51  321.2   0.0  283   62-382   154-439 (523)
     171 tr|A0A0L8FIS6|A0A0L8FIS6_OCTBM 100.0 4.2E-45 4.4E-51  321.3   0.0  303   65-384    92-421 (485)
     172 UniRef100_A0A0L8GIM4 G_PROTEIN 100.0 4.2E-45 4.4E-51  334.8   0.0  299   61-383    94-395 (481)
     173 UniRef100_UPI0003F07467 orexin 100.0 4.3E-45 4.5E-51  326.1   0.0  314   63-386    77-418 (535)
     174 UniRef100_A0A060X1U9 G_PROTEIN 100.0 4.5E-45 4.7E-51  329.8   0.0  302   63-386   138-460 (633)
     175 UniRef100_A0A2G8JR46 Putative  100.0 4.7E-45   5E-51  328.9   0.0  288   66-382    65-355 (411)
     176 UniRef100_A0A060WEJ5 G_PROTEIN 100.0 4.8E-45   5E-51  331.7   0.0  301   62-383   112-456 (544)
     177 tr|W4Z2N2|W4Z2N2_STRPU Unchara 100.0   5E-45 5.2E-51  310.4   0.0  297   62-384    55-353 (406)
     178 UniRef100_A0A0S1YDN7 Diapause  100.0 5.3E-45 5.5E-51  325.4   0.0  310   61-385    98-410 (569)
     179 tr|A0A146TL67|A0A146TL67_FUNHE 100.0 5.4E-45 5.8E-51  336.9   0.0  297   63-385    26-406 (442)
     180 UniRef100_A0A087XT11 Alpha-1B  100.0 5.9E-45 6.1E-51  323.3   0.0  304   64-389    80-410 (622)
     181 tr|A0A0L0BYA7|A0A0L0BYA7_LUCCU 100.0 5.9E-45 6.2E-51  325.1   0.0  301   67-385   314-628 (678)
     182 UniRef100_A0A1S3IX78 RYamide r 100.0 6.1E-45 6.4E-51  318.6   0.0  298   59-382    49-347 (444)
     183 UniRef100_A0A087YQK7 Adrenocep 100.0 6.2E-45 6.5E-51  327.0   0.0  298   68-384   134-452 (617)
     184 UniRef100_A0A087X9W8 G_PROTEIN 100.0 7.1E-45 7.4E-51  327.2   0.0  290   64-380   124-416 (547)
     185 UniRef100_A0A2B4RHY9 Pyrogluta 100.0 7.4E-45 7.8E-51  334.8   0.0  288   63-383    81-371 (455)
     186 UniRef100_A0A084VAB3 Pk-1 rece 100.0   8E-45 8.3E-51  323.5   0.0  308   60-380   100-412 (552)
     187 UniRef100_A0A2G8L6L1 Putative  100.0 8.4E-45 8.8E-51  316.5   0.0  284   63-382    35-323 (407)
     188 UniRef100_A0A0L8HHE2 G_PROTEIN 100.0 8.4E-45 8.8E-51  318.5   0.0  296   66-385     3-301 (385)
     189 UniRef100_A0A068WKU9 Neuropept 100.0 8.6E-45   9E-51  320.4   0.0  294   61-381    70-365 (451)
     190 UniRef100_A0A068FL22 Pheromone 100.0 9.8E-45   1E-50  317.0   0.0  311   64-385    83-394 (522)
     191 tr|A0A0P7TYE1|A0A0P7TYE1_9TELE 100.0 9.8E-45   1E-50  319.0   0.0  315   65-389   125-479 (507)
     192 tr|A0A182QHF8|A0A182QHF8_9DIPT 100.0   1E-44 1.1E-50  321.6   0.0  302   61-385    98-408 (581)
     193 UniRef100_A0A087UP46 5-hydroxy 100.0   1E-44 1.1E-50  319.0   0.0  303   62-385    44-402 (472)
     194 UniRef100_UPI000B911B64 melato 100.0   1E-44 1.1E-50  322.6   0.0  297   66-383    31-344 (381)
     195 tr|A0A139WLV7|A0A139WLV7_TRICA 100.0 1.1E-44 1.1E-50  330.4   0.0  305   59-387   394-701 (792)
     196 tr|U3U4G2|U3U4G2_NILLU Neurope 100.0 1.1E-44 1.1E-50  326.5   0.0  312   61-387    31-353 (496)
     197 UniRef100_A0A210PMD5 Neuropept 100.0 1.1E-44 1.2E-50  309.4   0.0  318   63-386    47-374 (445)
     198 UniRef100_A0A091M113 GH-releas 100.0 1.2E-44 1.2E-50  312.5   0.0  295   64-383    81-378 (478)
     199 UniRef100_A0A0L7KZ56 Neuropept 100.0 1.2E-44 1.2E-50  322.3   0.0  294   63-381    86-383 (509)
     200 UniRef100_A0A2B4SVC4 Dopamine  100.0 1.2E-44 1.2E-50  317.1   0.0  274   64-382    56-329 (397)
     201 tr|A0A232F0R3|A0A232F0R3_9HYME 100.0 1.2E-44 1.3E-50  312.7   0.0  290   62-383   102-423 (458)
     202 UniRef100_A0A3M6UAU0 G_PROTEIN 100.0 1.4E-44 1.4E-50  324.6   0.0  299   64-389    36-335 (552)
     203 UniRef100_A0A0S1YDA0 Neuropept 100.0 1.4E-44 1.4E-50  324.6   0.0  299   61-387    92-396 (509)
     204 tr|A0A1S3FYW5|A0A1S3FYW5_DIPOR 100.0 1.5E-44 1.5E-50  303.8   0.0  290   65-386    71-361 (385)
     205 UniRef100_A0A1L8FNX2 G_PROTEIN 100.0 1.5E-44 1.6E-50  318.4   0.0  286   60-385    59-345 (400)
     206 UniRef100_A0A0K0PUK8 FMRFamide 100.0 1.7E-44 1.8E-50  329.3   0.0  300   62-387    57-357 (471)
     207 UniRef100_A0A0K0PUK6 Orphan G- 100.0 1.9E-44 1.9E-50  312.7   0.0  293   66-383    69-373 (448)
     208 UniRef100_A0A3M6TPP0 G_PROTEIN 100.0 1.8E-44 1.9E-50  322.6   0.0  299   64-383    51-354 (424)
     209 UniRef100_A0A0N1PGA0 Octopamin 100.0 1.9E-44 1.9E-50  324.6   0.0  307   65-387   109-496 (547)
     210 UniRef100_A0A2B4S4U3 Beta-2 ad 100.0   2E-44   2E-50  309.4   0.0  290   66-384    31-322 (372)
     211 UniRef100_UPI001402EAE3 neurot 100.0 2.1E-44 2.1E-50  305.0   0.0  332   49-380    56-444 (531)
     212 UniRef100_A0A060W247 Cholecyst 100.0 2.1E-44 2.2E-50  324.4   0.0  314   64-387   128-480 (563)
     213 tr|A0A1D2MSE1|A0A1D2MSE1_ORCCI 100.0 2.1E-44 2.2E-50  330.2   0.0  300   61-385   108-408 (615)
     214 UniRef100_A0A060XC03 Beta-2 ad 100.0 2.2E-44 2.3E-50  319.5   0.0  303   62-382   101-412 (548)
     215 UniRef100_A0A193KU97 GCR058 n= 100.0 2.2E-44 2.3E-50  308.2   0.0  304   65-385    27-333 (379)
     216 tr|A0A210R0K7|A0A210R0K7_MIZYE 100.0 2.4E-44 2.5E-50  312.8   0.0  311   62-386    72-428 (470)
     217 tr|A0A2B4RXD1|A0A2B4RXD1_STYPI 100.0 2.5E-44 2.6E-50  311.8   0.0  291   61-385    91-382 (416)
     218 tr|A0A1U7TSJ4|A0A1U7TSJ4_TARSY 100.0 2.6E-44 2.7E-50  318.2   0.0  299   63-382   212-517 (600)
     219 UniRef100_A0A084WFJ7 AGAP00011 100.0 2.7E-44 2.8E-50  322.4   0.0  292   62-381    86-378 (519)
     220 UniRef100_A0A067RIW6 G_PROTEIN 100.0 2.7E-44 2.9E-50  329.3   0.0  314   63-394   184-557 (705)
     221 tr|B4KC34|B4KC34_DROMO Unchara 100.0 2.8E-44 2.9E-50  328.0   0.0  296   59-380   188-489 (670)
     222 UniRef100_A0A067RTM0 Neuromedi 100.0 2.9E-44 3.1E-50  307.6   0.0  310   61-380    34-347 (382)
     223 tr|A0A1V4JMN9|A0A1V4JMN9_PATFA 100.0 3.1E-44 3.2E-50  315.0   0.0  312   63-383    92-420 (537)
     224 tr|W5MC67|W5MC67_LEPOC Pyroglu 100.0 3.2E-44 3.3E-50  308.8   0.0  312   61-387    51-363 (441)
     225 UniRef100_A0A084VLD5 AGAP00422 100.0 3.5E-44 3.6E-50  323.2   0.0  302   63-386   243-598 (695)
     226 tr|A7SD89|A7SD89_NEMVE Predict 100.0 3.7E-44 3.8E-50  300.1   0.0  291   67-384    41-331 (355)
     227 UniRef100_A0A132AJH3 7 transme 100.0 3.7E-44 3.9E-50  319.8   0.0  323   60-390    65-394 (447)
     228 UniRef100_A0A023F452 Putative  100.0 3.9E-44 4.1E-50  327.1   0.0  308   62-387   138-542 (660)
     229 UniRef100_A0A2B4S7A4 Alpha-1A  100.0   4E-44 4.2E-50  314.2   0.0  270   63-383    39-309 (392)
     230 tr|A0A1B0AGN9|A0A1B0AGN9_GLOPL 100.0 4.4E-44 4.5E-50  326.3   0.0  304   60-387   165-469 (845)
     231 UniRef100_A0A401NJB3 G_PROTEIN 100.0 4.4E-44 4.6E-50  316.9   0.0  300   65-383    43-359 (517)
     232 tr|A0A091DWF1|A0A091DWF1_FUKDA 100.0 4.5E-44 4.6E-50  307.3   0.0  281   63-383   156-441 (483)
     233 tr|W4YJK4|W4YJK4_STRPU Unchara 100.0 4.6E-44 4.8E-50  317.3   0.0  304   59-384    65-370 (446)
     234 UniRef100_A0A5N3VHR6 G_PROTEIN 100.0 4.8E-44 4.9E-50  293.1   0.0  234    1-234     1-234 (379)
     235 UniRef100_A0A6P8IFK2 neuromedi 100.0 4.7E-44 4.9E-50  308.1   0.0  295   62-387    24-325 (363)
     236 UniRef100_A0A060VP48 G_PROTEIN 100.0 4.7E-44   5E-50  333.6   0.0  293   62-380   153-447 (580)
     237 tr|A0A182MG56|A0A182MG56_9DIPT 100.0 5.3E-44 5.6E-50  329.7   0.0  308   60-385    95-408 (751)
     238 tr|A0A146YGA5|A0A146YGA5_FUNHE 100.0 5.5E-44 5.8E-50  327.4   0.0  304   62-383    29-340 (521)
     239 tr|A0A1S3IXU4|A0A1S3IXU4_LINUN 100.0 5.8E-44   6E-50  309.8   0.0  289   60-381    54-343 (440)
     240 UniRef100_A0A016UC02 G_PROTEIN 100.0 5.8E-44   6E-50  317.0   0.0  296   67-380   130-444 (523)
     241 tr|A0A2H1W6Q0|A0A2H1W6Q0_SPOFR 100.0 5.9E-44 6.1E-50  315.2   0.0  297   61-386    68-366 (466)
     242 tr|A0A1V4KM91|A0A1V4KM91_PATFA 100.0   6E-44 6.2E-50  308.8   0.0  306   65-381   159-466 (526)
     243 ERR1719232_11025               100.0 5.9E-44 6.2E-50  320.4   0.0  305   64-380    88-398 (559)
     244 tr|A0A060XRS0|A0A060XRS0_ONCMY 100.0   6E-44 6.2E-50  328.3   0.0  303   63-387    55-379 (900)
     245 tr|A0A0P6IZB8|A0A0P6IZB8_9CRUS 100.0 6.5E-44 6.7E-50  316.3   0.0  295   63-386   202-497 (559)
     246 UniRef100_A0A023F4J9 Putative  100.0 6.4E-44 6.7E-50  323.7   0.0  307   64-386   157-495 (588)
     247 UniRef100_A0A060X0R7 Uncharact 100.0 6.5E-44 6.8E-50  300.8   0.0  285   61-383    55-342 (383)
     248 UniRef100_A0A060VTR1 G_PROTEIN 100.0 6.6E-44 6.9E-50  320.7   0.0  306   62-389   118-446 (619)
     249 tr|A0A2B4RSD1|A0A2B4RSD1_STYPI 100.0 6.7E-44 7.1E-50  323.6   0.0  306   61-387    48-385 (430)
     250 UniRef100_A0A2B4R9G2 Melatonin 100.0 7.2E-44 7.6E-50  329.0   0.0  287   63-383    80-366 (461)
     251 UniRef100_A0A023F3V9 Putative  100.0 7.4E-44 7.7E-50  318.8   0.0  286   64-382   133-422 (574)
     252 UniRef100_A0A0K0PUL2 DH31-like 100.0 7.9E-44 8.2E-50  305.3   0.0  317   64-415    49-365 (375)
     253 UniRef100_A0A087U880 Neuropept 100.0   8E-44 8.3E-50  311.7   0.0  295   59-380    64-360 (401)
     254 tr|A0A1I8N820|A0A1I8N820_MUSDO 100.0 8.3E-44 8.6E-50  324.6   0.0  302   66-384   307-638 (880)
     255 tr|A0A1S3FWK5|A0A1S3FWK5_DIPOR 100.0 8.7E-44   9E-50  319.0   0.0  308   63-386   416-732 (786)
     256 tr|A7S585|A7S585_NEMVE Predict 100.0 9.3E-44 9.8E-50  310.2   0.0  298   61-387    22-329 (374)
     257 UniRef100_A0A087XFV2 5-hydroxy 100.0   1E-43 1.1E-49  314.5   0.0  310   62-387    82-400 (493)
     258 UniRef100_A0A3B4VB96 Beta-2 ad 100.0   1E-43 1.1E-49  311.4   0.0  300   64-383    53-361 (464)
     259 UniRef100_A0A1S3HM77 pyrokinin 100.0   1E-43 1.1E-49  316.6   0.0  307   62-386    89-399 (573)
     260 tr|A0A0S1YD80|A0A0S1YD80_CHISP 100.0   1E-43 1.1E-49  313.6   0.0  302   63-385   164-466 (513)
     261 UniRef100_A0A2B4RFH8 Neuropept 100.0 1.1E-43 1.1E-49  326.6   0.0  295   62-384    63-367 (439)
     262 tr|A0A1D2NMB6|A0A1D2NMB6_ORCCI 100.0 1.1E-43 1.1E-49  314.7   0.0  294   61-382   149-449 (520)
     263 UniRef100_A0A3M6TAE6 G_PROTEIN 100.0 1.1E-43 1.2E-49  314.6   0.0  273   65-382    93-367 (443)
     264 UniRef100_A0A067R841 G_PROTEIN 100.0 1.2E-43 1.2E-49  320.8   0.0  302   62-383   105-409 (526)
     265 tr|K7GCC3|K7GCC3_PELSI Adrenoc 100.0 1.2E-43 1.2E-49  308.8   0.0  301   65-384    43-364 (488)
     266 tr|A0A139WEA0|A0A139WEA0_TRICA 100.0 1.2E-43 1.3E-49  300.5   0.0  339   36-387    66-409 (464)
     267 UniRef100_A0A2B4SQU8 Orexin re 100.0 1.2E-43 1.3E-49  301.9   0.0  305   65-387    38-350 (370)
     268 UniRef100_A0A068AZY5 Octopamin 100.0 1.2E-43 1.3E-49  342.6   0.0  188   63-264   173-360 (723)
     269 tr|A0A0P7V0U8|A0A0P7V0U8_9TELE 100.0 1.3E-43 1.4E-49  301.6   0.0  292   63-385    85-376 (439)
     270 UniRef100_A0A678XEL8 Trace ami 100.0 1.4E-43 1.4E-49  317.6   0.0  303   63-384    55-357 (523)
     271 UniRef100_A0A1S3J8T4 5-hydroxy 100.0 1.4E-43 1.5E-49  316.9   0.0  298   61-384    98-397 (468)
     272 UniRef100_A0A0S1YDA1 Neuropept 100.0 1.4E-43 1.5E-49  311.3   0.0  315   60-383    63-413 (463)
     273 tr|A0A146NR64|A0A146NR64_FUNHE 100.0 1.5E-43 1.5E-49  307.3   0.0  284   64-378   120-415 (449)
     274 UniRef100_A0A026VW91 Neuropept 100.0 1.5E-43 1.6E-49  308.3   0.0  295   63-382   188-485 (582)
     275 UniRef100_A0A026VXG0 Octopamin 100.0 1.5E-43 1.6E-49  324.7   0.0  196   61-266    79-276 (647)
     276 tr|T1KPP2|T1KPP2_TETUR Unchara 100.0 1.5E-43 1.6E-49  312.5   0.0  288   63-385   151-438 (477)
     277 tr|S7Q447|S7Q447_MYOBR Neurome 100.0 1.5E-43 1.6E-49  309.5   0.0  299   66-381   161-497 (568)
     278 UniRef100_A0A061QHX0 Putative  100.0 1.6E-43 1.6E-49  323.3   0.0  301   64-384   133-508 (563)
     279 tr|A0A1A9ZAD8|A0A1A9ZAD8_GLOPL 100.0 1.6E-43 1.6E-49  311.9   0.0  300   61-387   120-425 (574)
     280 UniRef100_A0A060X0P4 G_PROTEIN 100.0 1.6E-43 1.7E-49  320.8   0.0  290   60-378   135-426 (513)
     281 UniRef100_A0A026WC04 Dopamine  100.0 1.6E-43 1.7E-49  306.7   0.0  309   62-387    76-401 (468)
     282 UniRef100_A0A087QH91 Melanopsi 100.0 1.6E-43 1.7E-49  322.6   0.0  296   63-384   103-400 (629)
     283 UniRef100_A0A2B4SVS8 Neuropept 100.0 1.7E-43 1.8E-49  321.4   0.0  290   62-382    87-381 (480)
     284 UniRef100_D1LX82 Neuropeptide  100.0 1.7E-43 1.8E-49  315.6   0.0  290   67-386    58-351 (424)
     285 UniRef100_A0A210QSD7 Octopamin 100.0 1.8E-43 1.9E-49  316.2   0.0  302   62-385    56-418 (423)
     286 UniRef100_A0A026W4F0 Octopamin 100.0 1.9E-43 1.9E-49  306.4   0.0  302   67-384    59-393 (445)
     287 tr|R4J1H6|R4J1H6_SALSA Cholecy 100.0 1.9E-43   2E-49  305.1   0.0  311   65-386    48-409 (461)
     288 UniRef100_A0A061IN14 NK-3 rece 100.0 1.9E-43   2E-49  322.9   0.0  290   61-382   231-522 (662)
     289 UniRef100_A0A1I7STM2 (pine woo 100.0   2E-43 2.1E-49  314.9   0.0  309   62-387    79-390 (430)
     290 UniRef100_A0A1J1I7G5 CLUMA_CG0 100.0 2.1E-43 2.2E-49  311.8   0.0  294   60-382    73-372 (500)
     291 tr|A0A1U7TJB8|A0A1U7TJB8_TARSY 100.0 2.2E-43 2.3E-49  308.5   0.0  293   67-384   266-562 (585)
     292 tr|A0A232F8D2|A0A232F8D2_9HYME 100.0 2.2E-43 2.3E-49  309.5   0.0  301   59-382    67-369 (478)
     293 tr|A0A067RDC3|A0A067RDC3_ZOONE 100.0 2.2E-43 2.3E-49  318.5   0.0  304   54-387    62-367 (506)
     294 UniRef100_A0A067RDC3 Prolactin 100.0 2.2E-43 2.3E-49  314.7   0.0  298   55-382    56-355 (541)
     295 tr|A0A147AMP5|A0A147AMP5_FUNHE 100.0 2.2E-43 2.4E-49  326.0   0.0  303   62-387    30-431 (475)
     296 UniRef100_A0A2B4RXD1 Neuropept 100.0 2.3E-43 2.4E-49  313.2   0.0  292   61-385    92-384 (461)
     297 UniRef100_A0A0A1WLH2 Somatosta 100.0 2.3E-43 2.4E-49  319.7   0.0  289   61-382   214-506 (667)
     298 tr|A0A151NBW9|A0A151NBW9_ALLMI 100.0 2.7E-43 2.8E-49  310.4   0.0  306   64-387    81-395 (472)
     299 tr|A0A2B4SAJ4|A0A2B4SAJ4_STYPI 100.0 2.7E-43 2.8E-49  311.4   0.0  288   62-379    27-329 (434)
     300 tr|A0A151ITZ3|A0A151ITZ3_9HYME 100.0 2.7E-43 2.9E-49  310.5   0.0  314   63-384    67-420 (481)
     301 UniRef100_A0A0N0PEL7 Tachykini 100.0 3.2E-43 3.4E-49  308.8   0.0  296   62-385    54-356 (454)
     302 tr|A0A0P5PA10|A0A0P5PA10_9CRUS 100.0 3.3E-43 3.4E-49  316.5   0.0  294   62-382   145-444 (705)
     303 UniRef100_A0A087REY1 NPY-Y2 re 100.0 3.4E-43 3.5E-49  315.2   0.0  292   62-384   185-479 (599)
     304 UniRef100_A0A0A7AME6 GH-releas 100.0 3.5E-43 3.6E-49  298.5   0.0  293   67-383    62-357 (438)
     305 tr|J9JRI9|J9JRI9_ACYPI Unchara 100.0 3.7E-43 3.8E-49  305.9   0.0  297   59-382    30-332 (490)
     306 UniRef100_A0A2G8KMT5 G_PROTEIN 100.0   4E-43 4.2E-49  307.6   0.0  284   68-381    41-325 (402)
     307 UniRef100_A0A023F664 Putative  100.0   4E-43 4.2E-49  308.6   0.0  303   60-384    77-381 (471)
     308 UniRef100_A0A210QHM7 G-protein 100.0 4.5E-43 4.7E-49  313.9   0.0  298   62-386    78-378 (492)
     309 UniRef100_A0A6P4YBA8 delta-typ 100.0 4.5E-43 4.7E-49  307.0   0.0  285   62-383    49-339 (406)
     310 UniRef100_A0A3M6UME8 G_PROTEIN 100.0 4.6E-43 4.8E-49  307.1   0.0  282   61-378    37-319 (383)
     311 tr|C3XVU5|C3XVU5_BRAFL Unchara 100.0 4.9E-43 5.1E-49  303.2   0.0  295   62-382    60-355 (439)
     312 UniRef100_A0A060WGF3 B2 bradyk 100.0 4.9E-43 5.1E-49  324.3   0.0  288   66-383   162-451 (589)
     313 UniRef100_A0A016T103 G_PROTEIN 100.0   5E-43 5.3E-49  322.6   0.0  292   71-385   118-477 (605)
     314 tr|A0A218VDE9|A0A218VDE9_9PASE 100.0 5.5E-43 5.7E-49  304.5   0.0  282   62-382    22-306 (556)
     315 UniRef100_A0A060YTK2 Uncharact 100.0 5.7E-43 5.9E-49  301.8   0.0  290   63-382    84-377 (447)
     316 UniRef100_A0A6S7JE64 Neuropept 100.0 5.9E-43 6.1E-49  306.8   0.0  291   59-383    30-321 (412)
     317 tr|A0A1L7H7D8|A0A1L7H7D8_SACKO 100.0   6E-43 6.3E-49  297.4   0.0  300   59-386    67-367 (424)
     318 UniRef100_A0A3M6UKX8 G_PROTEIN 100.0   6E-43 6.3E-49  318.5   0.0  293   64-383   119-420 (487)
     319 UniRef100_UPI0003C8EE67 neurot 100.0 6.2E-43 6.4E-49  289.6   0.0  267    1-273     1-267 (434)
     320 tr|A0A2B4SNZ1|A0A2B4SNZ1_STYPI 100.0 6.2E-43 6.5E-49  310.4   0.0  285   64-383    32-319 (351)
     321 UniRef100_A0A061QLL1 Putative  100.0 6.3E-43 6.6E-49  307.8   0.0  303   60-382    42-420 (424)
     322 tr|A0A0K0PUV0|A0A0K0PUV0_PLADU 100.0 6.3E-43 6.6E-49  302.9   0.0  300   66-386    18-336 (373)
     323 UniRef100_A0A060X6T3 G_PROTEIN 100.0 6.4E-43 6.6E-49  310.6   0.0  302   64-387    90-417 (550)
     324 tr|A0A091CRU0|A0A091CRU0_FUKDA 100.0 6.8E-43   7E-49  321.1   0.0  284   60-382   405-691 (720)
     325 tr|A0A218UWX7|A0A218UWX7_9PASE 100.0 6.8E-43   7E-49  308.0   0.0  293   62-381    39-338 (474)
     326 ERR1719361_2001115             100.0 7.1E-43 7.4E-49  307.0   0.0  294   60-385    21-326 (415)
     327 tr|A0A287CUD4|A0A287CUD4_ICTTR 100.0 7.4E-43 7.6E-49  302.6   0.0  291   61-383    16-307 (478)
     328 UniRef100_A0A087QH27 C-C chemo 100.0 7.4E-43 7.8E-49  325.7   0.0  285   61-385   198-486 (591)
     329 tr|A0A0C9QDT4|A0A0C9QDT4_9HYME 100.0 7.8E-43 8.1E-49  313.2   0.0  319   59-386    38-360 (582)
     330 SRR6218665_1158703             100.0 7.8E-43 8.2E-49  304.4   0.0  308   54-384    27-335 (413)
     331 UniRef100_A0A7M7HKI1 G_PROTEIN 100.0 8.1E-43 8.5E-49  310.3   0.0  286   68-381    44-333 (418)
     332 tr|W8B9D1|W8B9D1_CERCA 5-hydro 100.0 8.2E-43 8.5E-49  311.1   0.0  314   56-387   255-630 (664)
     333 tr|J9K651|J9K651_ACYPI Unchara 100.0 8.5E-43 8.9E-49  301.0   0.0  294   64-381    90-385 (440)
     334 tr|A0A0P7V5N2|A0A0P7V5N2_9TELE 100.0 8.6E-43 8.9E-49  306.2   0.0  303   63-385    91-403 (468)
     335 tr|A0A2C9GPU2|A0A2C9GPU2_ANOAR 100.0   9E-43 9.3E-49  322.2   0.0  310   64-385   323-639 (818)
     336 UniRef100_A0A067R4E0 Tachykini 100.0 9.2E-43 9.6E-49  303.8   0.0  295   63-384    49-345 (396)
     337 UniRef100_A0A0L8H5P3 G_PROTEIN 100.0 9.8E-43   1E-48  309.6   0.0  298   62-382    73-371 (496)
     338 UniRef100_A0A060WAG3 G_PROTEIN 100.0   1E-42   1E-48  311.3   0.0  304   63-386   122-502 (550)
     339 tr|A0A2B4S6X2|A0A2B4S6X2_STYPI 100.0   1E-42   1E-48  298.4   0.0  297   65-387    25-327 (379)
     340 tr|B4JN40|B4JN40_DROGR GH24210 100.0   1E-42 1.1E-48  303.8   0.0  289   64-382   117-407 (436)
     341 UniRef100_A0A091R746 Beta-1 ad 100.0   1E-42 1.1E-48  310.6   0.0  297   67-381   138-450 (572)
     342 tr|A0A0A1XP03|A0A0A1XP03_ZEUCU 100.0 1.1E-42 1.1E-48  321.6   0.0  303   64-384   235-540 (660)
     343 UniRef100_A0A060W5H6 G_PROTEIN 100.0 1.2E-42 1.3E-48  317.1   0.0  298   62-381    85-385 (528)
     344 UniRef100_A0A6A7G2U4 Octopamin 100.0 1.2E-42 1.3E-48  308.1   0.0  314   59-387   166-515 (574)
     345 tr|A0A2D0SD29|A0A2D0SD29_ICTPU 100.0 1.3E-42 1.3E-48  303.9   0.0  302   62-382     3-307 (420)
     346 tr|A0A2B4RYF4|A0A2B4RYF4_STYPI 100.0 1.3E-42 1.4E-48  300.1   0.0  285   64-383    25-311 (402)
     347 tr|A0A0A1XIV8|A0A0A1XIV8_ZEUCU 100.0 1.4E-42 1.4E-48  316.9   0.0  298   63-384    81-379 (796)
     348 UniRef100_A0A060VRN9 G_PROTEIN 100.0 1.4E-42 1.4E-48  309.5   0.0  289   63-381   135-428 (496)
     349 UniRef100_A0A1I8FSG9 G_PROTEIN 100.0 1.4E-42 1.4E-48  308.3   0.0  302   63-382   160-504 (576)
     350 tr|A0A182FRI7|A0A182FRI7_ANOAL 100.0 1.4E-42 1.4E-48  323.5   0.0  192   63-267   112-303 (677)
     351 UniRef100_A0A182H1J6 G_PROTEIN 100.0 1.4E-42 1.4E-48  323.6   0.0  195   64-267   319-514 (1005)
     352 UniRef100_F6ZHC8 Uncharacteriz 100.0 1.5E-42 1.5E-48  308.1   0.0  311   64-384    88-465 (520)
     353 UniRef100_A0A0N7ZAP9 G_PROTEIN 100.0 1.4E-42 1.5E-48  307.6   0.0  290   63-383    76-366 (421)
     354 UniRef100_A0A6P8HX63 probable  100.0 1.5E-42 1.6E-48  310.2   0.0  298   65-386    59-363 (407)
     355 tr|A0A1I8PG61|A0A1I8PG61_STOCA 100.0 1.6E-42 1.6E-48  318.1   0.0  290   63-383   299-592 (716)
     356 tr|A0A182L9N8|A0A182L9N8_9DIPT 100.0 1.6E-42 1.6E-48  308.9   0.0  294   60-385    85-384 (490)
     357 UniRef100_A0A091L2D9 Orexin re 100.0 1.6E-42 1.7E-48  295.4   0.0  318   64-390    13-348 (386)
     358 tr|A7RYQ3|A7RYQ3_NEMVE Predict 100.0 1.6E-42 1.7E-48  307.2   0.0  289   63-387    51-339 (367)
     359 tr|A0A0P7VFP4|A0A0P7VFP4_9TELE 100.0 1.7E-42 1.7E-48  307.0   0.0  304   66-382   228-532 (579)
     360 tr|A0A210QNG6|A0A210QNG6_MIZYE 100.0 1.7E-42 1.7E-48  306.8   0.0  305   62-387    38-343 (498)
     361 tr|A0A146NY53|A0A146NY53_FUNHE 100.0 1.7E-42 1.8E-48  306.9   0.0  303   66-383     9-317 (469)
     362 UniRef100_A0A6G8J3P5 Melanin-c 100.0 1.8E-42 1.9E-48  300.3   0.0  291   61-383    59-351 (460)
     363 tr|A0A0V1MVC7|A0A0V1MVC7_9BILA 100.0 1.8E-42 1.9E-48  312.4   0.0  293   58-382    75-377 (598)
     364 tr|A0A1W4X1F3|A0A1W4X1F3_AGRPL 100.0 1.9E-42   2E-48  304.3   0.0  296   62-382   132-430 (485)
     365 UniRef100_A0A6P4ZN87 somatosta 100.0   2E-42 2.1E-48  299.5   0.0  291   62-384    31-329 (391)
     366 UniRef100_A0A060VWI9 G_PROTEIN 100.0 2.2E-42 2.2E-48  310.0   0.0  297   69-383    66-394 (579)
     367 tr|A7RKP0|A7RKP0_NEMVE Predict 100.0 2.2E-42 2.3E-48  297.9   0.0  301   65-387     9-311 (350)
     368 UniRef100_A0A023ETT6 Putative  100.0 2.2E-42 2.3E-48  307.9   0.0  289   63-382   153-445 (612)
     369 tr|W4Z3I5|W4Z3I5_STRPU Unchara 100.0 2.2E-42 2.3E-48  300.7   0.0  305   59-383    44-393 (461)
     370 UniRef100_A0A0S1YD99 Neuropept 100.0 2.2E-42 2.3E-48  296.3   0.0  298   59-386    71-375 (423)
     371 UniRef100_A0A0L8HMQ0 G_PROTEIN 100.0 2.3E-42 2.4E-48  309.3   0.0  304   62-387    47-351 (538)
     372 UniRef100_A0A016UUZ5 G_PROTEIN 100.0 2.3E-42 2.4E-48  303.8   0.0  299   63-385    74-414 (486)
     373 AntAceMinimDraft_8_1070364.sca 100.0 2.4E-42 2.5E-48  296.7   0.0  307   62-384    36-357 (406)
     374 UniRef100_A0A2B4SJE7 Orexin re 100.0 2.5E-42 2.6E-48  311.1   0.0  289   62-381   133-429 (517)
     375 UniRef100_A0A0N1IB59 Orexin re 100.0 2.6E-42 2.7E-48  303.2   0.0  305   64-380   129-448 (546)
     376 tr|A0A1W4X208|A0A1W4X208_AGRPL 100.0 2.7E-42 2.8E-48  299.6   0.0  295   60-381    91-391 (467)
     377 tr|A0A226N2C0|A0A226N2C0_CALSU 100.0 2.8E-42 2.9E-48  303.0   0.0  297   62-384   223-521 (569)
     378 tr|A0A1S3JCV4|A0A1S3JCV4_LINUN 100.0 2.8E-42 2.9E-48  295.3   0.0  309   62-387    61-372 (414)
     379 UniRef100_A0A067RBR9 Thyrotrop 100.0 2.8E-42 2.9E-48  302.7   0.0  299   61-380    55-354 (452)
     380 UniRef100_A0A0E3EKU4 Allatotro 100.0 2.9E-42   3E-48  302.5   0.0  299   64-383   132-431 (562)
     381 tr|A0A1I8MQS0|A0A1I8MQS0_MUSDO 100.0 2.8E-42   3E-48  314.9   0.0  290   61-384   147-440 (572)
     382 UniRef100_A0A067QQU1 Cholecyst 100.0 2.8E-42   3E-48  303.1   0.0  306   67-383     5-332 (404)
     383 tr|A0A1A9ZM95|A0A1A9ZM95_GLOPL 100.0 2.9E-42   3E-48  298.1   0.0  296   60-382    91-392 (481)
     384 tr|C7SLZ0|C7SLZ0_APLKU Seroton 100.0 2.9E-42 3.1E-48  308.8   0.0  303   61-387    70-428 (485)
     385 UniRef100_A0A6P8HUK6 melatonin 100.0   3E-42 3.1E-48  293.1   0.0  304   61-393    25-330 (374)
     386 UniRef100_A0A060VNF4 G_PROTEIN 100.0 3.1E-42 3.3E-48  310.9   0.0  290   62-381   129-429 (566)
     387 tr|W4XZS5|W4XZS5_STRPU Unchara 100.0 3.2E-42 3.3E-48  291.8   0.0  324   39-381     9-340 (399)
     388 tr|A0A146TP77|A0A146TP77_FUNHE 100.0 3.2E-42 3.4E-48  318.6   0.0  303   64-386    47-426 (522)
     389 UniRef100_A0A061IAU9 Gastric r 100.0 3.2E-42 3.4E-48  307.5   0.0  296   62-386   113-409 (588)
     390 UniRef100_A0A0D9R0U9 Apelin re 100.0 3.3E-42 3.4E-48  301.7   0.0  292   62-381    60-361 (482)
     391 tr|A0A0P6B7K0|A0A0P6B7K0_9CRUS 100.0 3.4E-42 3.5E-48  312.3   0.0  308   64-384   113-488 (579)
     392 UniRef100_A0A3M6T9C5 G_PROTEIN 100.0 3.4E-42 3.6E-48  306.4   0.0  299   61-387    56-363 (402)
     393 tr|A0A2B4S1Z5|A0A2B4S1Z5_STYPI 100.0 3.4E-42 3.6E-48  306.9   0.0  274   63-386    25-301 (514)
     394 UniRef100_A0A0A7KUZ5 Opsin 5 n 100.0 3.5E-42 3.6E-48  306.1   0.0  290   65-384    54-345 (407)
     395 ERR1719341_586736              100.0 3.6E-42 3.7E-48  306.3   0.0  292   63-384    54-355 (513)
     396 tr|S7PUA8|S7PUA8_MYOBR C-C che 100.0 3.6E-42 3.8E-48  313.5   0.0  281   61-381   280-564 (603)
     397 tr|A0A2B4RR50|A0A2B4RR50_STYPI 100.0 3.7E-42 3.8E-48  298.6   0.0  292   63-382    29-324 (411)
     398 tr|K1PEH3|K1PEH3_CRAGI Neurope 100.0   4E-42 4.1E-48  296.6   0.0  294   65-383    49-357 (411)
     399 tr|A0A0N7KWU9|A0A0N7KWU9_LYMST 100.0 4.1E-42 4.3E-48  300.0   0.0  310   64-384    76-447 (494)
     400 tr|A0A1S3L0J1|A0A1S3L0J1_SALSA 100.0 4.2E-42 4.3E-48  303.9   0.0  302   64-387    76-409 (533)
     401 tr|W4Z9U8|W4Z9U8_STRPU Unchara 100.0 4.3E-42 4.5E-48  293.2   0.0  304   62-382   106-410 (434)
     402 tr|A0A0L7QUK8|A0A0L7QUK8_9HYME 100.0 4.6E-42 4.7E-48  313.2   0.0  298   60-382   198-497 (806)
     403 UniRef100_A0A023F665 Putative  100.0 4.6E-42 4.8E-48  311.2   0.0  299   62-382   142-448 (573)
     404 tr|Q29XY7|Q29XY7_APLCA Dopamin 100.0 4.6E-42 4.8E-48  300.0   0.0  306   61-383    52-377 (450)
     405 UniRef100_A0A1L8HHP3 G_PROTEIN 100.0 4.7E-42 4.9E-48  294.9   0.0  290   61-382    43-338 (370)
     406 UniRef100_A0A2B4SJV4 Galanin r 100.0 4.6E-42 4.9E-48  313.8   0.0  287   65-382    76-365 (444)
     407 UniRef100_A0A087XJS0 Neuromedi 100.0 4.8E-42 4.9E-48  300.4   0.0  307   66-381   130-438 (534)
     408 UniRef100_UPI000219022F Endoly 100.0 4.8E-42   5E-48  298.2   0.0  280   66-382   203-485 (507)
     409 UniRef100_A0A026W2V1 Neuropept 100.0 4.8E-42   5E-48  312.0   0.0  307   63-383   103-414 (589)
     410 tr|A7RVQ0|A7RVQ0_NEMVE Predict 100.0 4.8E-42 5.1E-48  303.4   0.0  296   61-382    26-330 (398)
     411 UniRef100_A0A6P4ZPQ5 G-protein 100.0 4.9E-42 5.1E-48  292.8   0.0  286   62-382    41-328 (420)
     412 tr|H2Q292|H2Q292_PANTR Unchara 100.0   5E-42 5.2E-48  298.5   0.0  311   59-388    77-408 (492)
     413 tr|A0A0A7RC79|A0A0A7RC79_RHOPR 100.0   5E-42 5.2E-48  294.8   0.0  291   62-381    74-371 (404)
     414 UniRef100_A0A016TS00 G_PROTEIN 100.0 4.9E-42 5.2E-48  317.2   0.0  303   66-381   115-551 (622)
     415 UniRef100_A0A0J9RYF2 G_PROTEIN 100.0   5E-42 5.2E-48  312.3   0.0  305   58-385   153-511 (761)
     416 UniRef100_A0A0A1XP15 Neuropept 100.0 5.2E-42 5.4E-48  294.5   0.0  298   63-385    71-375 (421)
     417 UniRef100_A0A151NBW6 Beta-3 ad 100.0 5.2E-42 5.4E-48  300.9   0.0  301   64-382    31-339 (490)
     418 UniRef100_A0A0P7U357 Apelin re 100.0 5.5E-42 5.7E-48  298.9   0.0  288   61-384    55-344 (401)
     419 UniRef100_A0A6P4Z684 G-protein 100.0 5.8E-42 6.1E-48  297.0   0.0  296   63-384    51-347 (425)
     420 tr|E2BGR8|E2BGR8_HARSA Neurope 100.0 5.9E-42 6.1E-48  298.5   0.0  307   64-387    42-352 (533)
     421 UniRef100_A0A210PNG3 5-hydroxy 100.0   6E-42 6.3E-48  305.5   0.0  306   61-383    63-368 (427)
     422 UniRef100_E9HAW0 G_PROTEIN_REC 100.0 6.3E-42 6.6E-48  295.3   0.0  313   35-379    37-352 (393)
     423 tr|F7E6B1|F7E6B1_MONDO Tachyki 100.0 6.4E-42 6.6E-48  297.6   0.0  289   61-381    92-382 (475)
     424 tr|A0A2B4SIA2|A0A2B4SIA2_STYPI 100.0 6.3E-42 6.7E-48  298.8   0.0  300   63-383    58-360 (370)
     425 UniRef100_A0A2S1WLX6 Putative  100.0 6.5E-42 6.7E-48  297.9   0.0  300   72-384    55-459 (475)
     426 UniRef100_A0A060W161 G_PROTEIN 100.0 6.5E-42 6.9E-48  321.6   0.0  284   61-382   166-454 (574)
     427 tr|A0A2B4SSL5|A0A2B4SSL5_STYPI 100.0 6.7E-42 6.9E-48  287.6   0.0  287   62-382    20-308 (344)
     428 UniRef100_A0A095ANA4 Dopamine  100.0 6.9E-42 7.3E-48  320.5   0.0  186   67-268   176-361 (674)
     429 tr|K1PQM6|K1PQM6_CRAGI Putativ 100.0 7.1E-42 7.4E-48  296.8   0.0  314   62-392    89-403 (429)
     430 UniRef100_A0A060Y7B7 G_PROTEIN 100.0 7.3E-42 7.6E-48  309.1   0.0  187   63-265   115-301 (560)
     431 UniRef100_A0A090MXE0 Thyrotrop 100.0 7.4E-42 7.7E-48  301.0   0.0  299   62-383    44-343 (444)
     432 tr|J9K383|J9K383_ACYPI Unchara 100.0 7.6E-42 7.9E-48  296.9   0.0  305   64-384    40-349 (502)
     433 UniRef100_A0A2B4SYG2 5-hydroxy 100.0 7.7E-42 8.1E-48  296.0   0.0  289   65-386    31-319 (376)
     434 UniRef100_A0A336LUR7 CSON00145 100.0 7.9E-42 8.2E-48  304.6   0.0  296   63-382    87-384 (670)
     435 UniRef100_A0A2R5LDD7 Putative  100.0   8E-42 8.3E-48  293.0   0.0  304   63-383    50-357 (419)
     436 UniRef100_A0A1D1W8Y5 Thyrolibe 100.0   8E-42 8.3E-48  305.5   0.0  308   62-381    91-415 (533)
     437 UniRef100_A0A096MAY6 Alpha-1B  100.0 8.1E-42 8.5E-48  297.5   0.0  301   65-387    48-377 (489)
     438 UniRef100_A0A060XSS1 5-hydroxy 100.0 8.1E-42 8.5E-48  323.2   0.0  311   62-387   209-555 (704)
     439 UniRef100_A0A2B4SID7 Neuropept 100.0 8.6E-42 8.9E-48  303.8   0.0  296   59-382    77-378 (462)
     440 UniRef100_A0A0L7QLJ1 Neuropept 100.0 8.8E-42 9.1E-48  291.7   0.0  292   65-381   129-423 (485)
     441 tr|A0A147AZW9|A0A147AZW9_FUNHE 100.0 8.9E-42 9.4E-48  313.7   0.0  300   63-384    85-435 (468)
     442 tr|A0A1U7SLA2|A0A1U7SLA2_TARSY 100.0 9.4E-42 9.7E-48  302.5   0.0  298   67-386   128-452 (601)
     443 tr|A0A212C668|A0A212C668_CEREH 100.0 9.5E-42 9.8E-48  300.1   0.0  300   62-383   218-556 (558)
     444 UniRef100_A0A0P5DS31 Neuropept 100.0 9.6E-42 9.9E-48  293.6   0.0  294   64-382    86-383 (482)
     445 tr|A7SMQ7|A7SMQ7_NEMVE Predict 100.0   1E-41   1E-47  292.9   0.0  292   63-387    11-306 (358)
     446 tr|F1SMV4|F1SMV4_PIG Uncharact 100.0 1.1E-41 1.1E-47  297.7   0.0  308   66-382   192-501 (553)
     447 UniRef100_A0A0K0PUX3 Orphan G- 100.0   1E-41 1.1E-47  308.6   0.0  287   63-380    60-347 (419)
     448 tr|A0A1S3NPB2|A0A1S3NPB2_SALSA 100.0 1.1E-41 1.1E-47  296.5   0.0  290   61-382    37-330 (443)
     449 UniRef100_A0A6F9DUB2 Somatosta 100.0 1.1E-41 1.1E-47  297.1   0.0  294   62-387    61-357 (467)
     450 UniRef100_A0A087R2J6 Neuropept 100.0 1.1E-41 1.1E-47  308.7   0.0  296   65-381   214-517 (638)
     451 tr|A0A2G8KL37|A0A2G8KL37_STIJA 100.0 1.1E-41 1.2E-47  288.8   0.0  316   63-388    49-404 (439)
     452 UniRef100_A0A059ZY04 Angiotens 100.0 1.1E-41 1.2E-47  312.2   0.0  280   64-383   169-454 (546)
     453 tr|A0A0R4IQ19|A0A0R4IQ19_DANRE 100.0 1.1E-41 1.2E-47  286.7   0.0  298   56-383    48-347 (384)
     454 UniRef100_A0A1D1UXI1 G_PROTEIN 100.0 1.2E-41 1.2E-47  296.7   0.0  298   62-387   134-433 (553)
     455 tr|A0A147A4W2|A0A147A4W2_FUNHE 100.0 1.2E-41 1.2E-47  301.2   0.0  308   64-382    95-442 (502)
     456 UniRef100_A0A087R306 Hypocreti 100.0 1.2E-41 1.2E-47  302.4   0.0  313   64-384   151-480 (594)
     457 tr|A0A210QY69|A0A210QY69_MIZYE 100.0 1.2E-41 1.3E-47  288.3   0.0  289   61-382    84-376 (400)
     458 tr|K1QHX9|K1QHX9_CRAGI Somatos 100.0 1.2E-41 1.3E-47  302.3   0.0  288   62-382    47-338 (456)
     459 UniRef100_A0A067RAQ2 Neuropept 100.0 1.2E-41 1.3E-47  295.2   0.0  293   63-381   100-394 (509)
     460 tr|V8NQN2|V8NQN2_OPHHA G-prote 100.0 1.3E-41 1.3E-47  310.5   0.0  280   61-382   301-586 (840)
     461 tr|B4KA85|B4KA85_DROMO Unchara 100.0 1.3E-41 1.3E-47  305.7   0.0  300   61-384   118-421 (681)
     462 UniRef100_A0A6P8H157 QRFP-like 100.0 1.3E-41 1.3E-47  297.0   0.0  287   64-386    42-330 (351)
     463 UniRef100_A0A3B4UE11 Si:zfos-1 100.0 1.3E-41 1.3E-47  290.5   0.0  284   63-384    65-351 (441)
     464 UniRef100_A0A0G3Y5J3 Peropsin  100.0 1.3E-41 1.3E-47  299.6   0.0  287   64-385    37-325 (363)
     465 UniRef100_UPI0001CB9B44 somato 100.0 1.3E-41 1.4E-47  281.8   0.0  306   67-404    31-337 (365)
     466 UniRef100_A0A0L8FP69 G_PROTEIN 100.0 1.3E-41 1.4E-47  295.5   0.0  286   66-382    51-340 (488)
     467 tr|L7LWW3|L7LWW3_9ACAR Putativ 100.0 1.4E-41 1.4E-47  305.5   0.0  186   66-267   113-298 (624)
     468 UniRef100_A0A060VV87 Kappa-typ 100.0 1.4E-41 1.5E-47  302.4   0.0  279   65-379   192-473 (586)
     469 tr|A0A2B4S4U3|A0A2B4S4U3_STYPI 100.0 1.5E-41 1.5E-47  286.7   0.0  290   68-382    30-321 (359)
     470 tr|A0A212EZN3|A0A212EZN3_DANPL 100.0 1.5E-41 1.5E-47  299.5   0.0  296   63-383    54-354 (488)
     471 tr|W5JTF9|W5JTF9_ANODA Somatos 100.0 1.5E-41 1.6E-47  300.4   0.0  290   64-384    55-348 (526)
     472 tr|A0A1A8K3T1|A0A1A8K3T1_NOTKU 100.0 1.6E-41 1.7E-47  302.0   0.0  312   64-390    49-491 (621)
     473 UniRef100_A0A0L0C965 Tachykini 100.0 1.6E-41 1.7E-47  301.4   0.0  304   51-382   108-417 (611)
     474 tr|A0A2H1WMM8|A0A2H1WMM8_SPOFR 100.0 1.7E-41 1.7E-47  290.7   0.0  297   59-384    30-327 (462)
     475 tr|M7BJE0|M7BJE0_CHEMY 5-hydro 100.0 1.7E-41 1.8E-47  309.7   0.0  299   67-384   275-593 (685)
     476 tr|T1JSJ3|T1JSJ3_TETUR Unchara 100.0 1.7E-41 1.8E-47  307.4   0.0  306   64-388   248-649 (747)
     477 UniRef100_A0A060X7S9 B2 bradyk 100.0 1.8E-41 1.9E-47  304.7   0.0  284   68-381   118-403 (491)
     478 tr|A0A131ZXP6|A0A131ZXP6_SARSC 100.0 1.8E-41 1.9E-47  293.6   0.0  288   63-384   122-413 (480)
     479 UniRef100_A0A182FBP5 G_PROTEIN 100.0 1.8E-41 1.9E-47  304.7   0.0  300   65-385    81-381 (620)
     480 tr|A0A0N8EK17|A0A0N8EK17_9CRUS 100.0   2E-41   2E-47  303.5   0.0  308   64-386    54-371 (664)
     481 UniRef100_A0A2P8Z628 Octopamin 100.0   2E-41   2E-47  296.1   0.0  312   59-386    46-419 (477)
     482 tr|A7RNV5|A7RNV5_NEMVE Predict 100.0   2E-41 2.1E-47  292.1   0.0  281   67-380    35-323 (377)
     483 tr|A0A182U1B5|A0A182U1B5_9DIPT 100.0   2E-41 2.1E-47  304.2   0.0  295   62-381    38-341 (620)
     484 UniRef100_A0A026X164 G-protein 100.0 2.1E-41 2.2E-47  309.6   0.0  298   65-384   120-424 (604)
     485 UniRef100_A0A087YRI1 G_PROTEIN 100.0 2.1E-41 2.2E-47  300.9   0.0  290   65-382    82-371 (438)
     486 UniRef100_A0A060XMX0 NPY-Y2 re 100.0 2.1E-41 2.2E-47  290.9   0.0  292   62-384   122-415 (452)
     487 UniRef100_A0A0P7U0M1 Galanin r 100.0 2.2E-41 2.2E-47  288.7   0.0  294   63-385   140-436 (475)
     488 tr|A7SIX0|A7SIX0_NEMVE Predict 100.0 2.1E-41 2.2E-47  292.6   0.0  294   62-387    23-322 (403)
     489 tr|T1KTS6|T1KTS6_TETUR Unchara 100.0 2.2E-41 2.2E-47  303.0   0.0  298   60-386   116-420 (587)
     490 SRR6218665_147192              100.0 2.2E-41 2.3E-47  297.4   0.0  303   60-387    97-400 (466)
     491 UniRef100_A0A060YY06 G_PROTEIN 100.0 2.2E-41 2.3E-47  300.7   0.0  296   64-381   104-406 (490)
     492 UniRef100_A0A0A1XP03 Neuropept 100.0 2.3E-41 2.4E-47  304.8   0.0  300   64-383   238-541 (661)
     493 UniRef100_A0A0L8FWF7 G_PROTEIN 100.0 2.3E-41 2.4E-47  312.0   0.0  309   63-387    91-550 (576)
     494 tr|A0A0B2UYY4|A0A0B2UYY4_TOXCA 100.0 2.3E-41 2.4E-47  296.6   0.0  294   64-384    83-386 (437)
     495 UniRef100_A0A0J9RZK1 Uncharact 100.0 2.4E-41 2.5E-47  294.0   0.0  305   61-382    76-384 (530)
     496 tr|A0A0P7XE55|A0A0P7XE55_9TELE 100.0 2.4E-41 2.5E-47  306.2   0.0  307   61-389    48-373 (782)
     497 UniRef100_A0A024FLZ5 PQRFa pep 100.0 2.4E-41 2.5E-47  294.5   0.0  294   61-381    55-349 (416)
     498 UniRef100_A0A0Q3PEJ5 Alpha-1B  100.0 2.5E-41 2.6E-47  300.7   0.0  303   63-387    62-388 (683)
     499 UniRef100_A0A7M7G1H5 G_PROTEIN 100.0 2.5E-41 2.6E-47  303.9   0.0  295   65-386    39-336 (381)
     500 UniRef100_A0A6P8HVR8 galanin r 100.0 2.5E-41 2.6E-47  292.6   0.0  294   62-382    21-319 (381)
     
  > Uniprot already searched, skipping.
/projects/ilfgrid/apps/alphafold-2.2.0/prep_MSAs.sh: line 93: /bin/hmmbuild: No such file or directory
/projects/ilfgrid/apps/alphafold-2.2.0/prep_MSAs.sh: line 94: /bin/hmmsearch: No such file or directory
> Running chain B
  > Uniref90 already searched, skipping.
  > Mgnify already searched, skipping.
  > Running hhblits on bfd_uniref30
- 02:02:30.858 INFO: Searching 65983866 column state sequences.

- 02:02:32.019 INFO: Searching 29291635 column state sequences.

- 02:02:32.053 INFO: ntr1_human-3625/msas/B/chain_B.fasta is in A2M, A3M or FASTA format

- 02:02:32.053 INFO: Iteration 1

- 02:02:32.059 INFO: Prefiltering database

- 02:03:28.390 INFO: HMMs passed 1st prefilter (gapless profile-profile alignment)  : 1000

- 02:03:46.713 INFO: HMMs passed 1st prefilter (gapless profile-profile alignment)  : 2159

- 02:03:46.723 INFO: No HMMs pass prefilter => Stop searching!

     Query         neuromedin N gtp:3625
     Match_columns 5
     No_of_seqs    1 out of 1
     Neff          1
     Searched_HMMs 0
     Date          Thu Mar  9 02:03:46 2023
     Command       hhblits -i ntr1_human-3625/msas/B/chain_B.fasta -cpu 4 -maxmem 20 -oa3m /projects/ilfgrid/people/nqz918/code/deorph/scripts/af_arman/af_jobs_af23/ntr1_human/3625//ntr1_human-3625/msas/B/bfd_uniref_hits.a3m -o /dev/null -n 3 -e 0.001 -maxseq 1000000 -realign_max 100000 -maxfilt 100000 -min_prefilter_hits 1000 -d /projects/ilfgrid/data/alphafold-genetic-databases///bfd/bfd_metaclust_clu_complete_id30_c90_final_seq.sorted_opt -d /projects/ilfgrid/data/alphafold-genetic-databases///uniref30/UniRef30_2021_03 
     
      No Hit                             Prob E-value P-value  Score    SS Cols Query HMM  Template HMM
     
  > Uniprot already searched, skipping.
/projects/ilfgrid/apps/alphafold-2.2.0/prep_MSAs.sh: line 93: /bin/hmmbuild: No such file or directory
/projects/ilfgrid/apps/alphafold-2.2.0/prep_MSAs.sh: line 94: /bin/hmmsearch: No such file or directory

>> Job finished at: Thu Mar  9 02:03:51 CET 2023

>> Runtime: 809 s
