>> Job started at: Wed Mar  8 21:46:52 CET 2023
   On Machine:     ilfgridgpun01fl.unicph.domain
   In directory:   /projects/ilfgrid/people/nqz918/code/deorph/scripts/af_arman/af_jobs_af23/npff1_human/4445

>> GPU is 

Loaded miniconda shell environment for bash
> Running 'prep_MSAs.sh'
  > Alphafold-DB directory is set to /projects/ilfgrid/data/alphafold-genetic-databases//
  > Number of cores was set to set to 4
  > Max memory set to 20 GB
  > Output directory was set to /projects/ilfgrid/people/nqz918/code/deorph/scripts/af_arman/af_jobs_af23/npff1_human/4445/
  > Input fastafile was set to /projects/ilfgrid/people/nqz918/code/deorph/scripts/af_arman/af_jobs_af23/npff1_human/4445/npff1_human-4445.fasta
> Splitting fastafile
> Running chain A
  > Uniref90 already searched, skipping.
  > Mgnify already searched, skipping.
  > Running hhblits on bfd_uniref30
- 21:47:15.048 INFO: Searching 65983866 column state sequences.

- 21:47:16.409 INFO: Searching 29291635 column state sequences.

- 21:47:16.447 INFO: npff1_human-4445/msas/A/chain_A.fasta is in A2M, A3M or FASTA format

- 21:47:16.448 INFO: Iteration 1

- 21:47:16.585 INFO: Prefiltering database

- 21:48:52.215 INFO: HMMs passed 1st prefilter (gapless profile-profile alignment)  : 5726603

- 21:50:01.071 INFO: HMMs passed 1st prefilter (gapless profile-profile alignment)  : 1336816

- 21:50:05.777 INFO: HMMs passed 2nd prefilter (gapped profile-profile alignment)   : 41316

- 21:50:05.777 INFO: HMMs passed 2nd prefilter and not found in previous iterations : 41316

- 21:50:05.777 INFO: Scoring 41316 HMMs using HMM-HMM Viterbi alignment

- 21:50:05.827 INFO: Alternative alignment: 0

- 21:50:06.663 INFO: 2000 alignments done

- 21:50:07.429 INFO: 4000 alignments done

- 21:50:08.228 INFO: 6000 alignments done

- 21:50:10.326 INFO: 8000 alignments done

- 21:50:25.465 INFO: 10000 alignments done

- 21:50:34.854 INFO: 12000 alignments done

- 21:50:34.859 INFO: Stop after DB-HHM: 12000 because early stop  14.8018 < filter cutoff 20

- 21:50:34.859 INFO: Alternative alignment: 1

- 21:50:39.817 INFO: 10611 alignments done

- 21:50:39.840 INFO: Alternative alignment: 2

- 21:50:40.819 INFO: 1961 alignments done

- 21:50:40.821 INFO: Alternative alignment: 3

- 21:50:41.021 INFO: 299 alignments done

- 21:50:41.680 INFO: Premerge done

- 21:50:41.681 INFO: Realigning 5092 HMM-HMM alignments using Maximum Accuracy algorithm

- 21:51:25.755 INFO: 5095 sequences belonging to 5095 database HMMs found with an E-value < 0.001

- 21:51:25.756 INFO: Number of effective sequences of resulting query HMM: Neff = 9.75839

- 21:51:25.822 INFO: Iteration 2

- 21:51:25.822 INFO: Set premerge to 0! (premerge: 3 iteration: 2 hits.Size: 5092)

- 21:51:25.964 INFO: Prefiltering database

- 21:52:56.550 INFO: HMMs passed 1st prefilter (gapless profile-profile alignment)  : 13466066

- 21:54:29.499 INFO: HMMs passed 1st prefilter (gapless profile-profile alignment)  : 3362471

- 21:54:45.037 INFO: HMMs passed 2nd prefilter (gapped profile-profile alignment)   : 149548

- 21:54:45.037 INFO: HMMs passed 2nd prefilter and not found in previous iterations : 144564

- 21:54:45.037 INFO: Scoring 144564 HMMs using HMM-HMM Viterbi alignment

- 21:54:45.078 INFO: Alternative alignment: 0

- 21:54:45.868 INFO: 2000 alignments done

- 21:54:46.589 INFO: 4000 alignments done

- 21:54:47.348 INFO: 6000 alignments done

- 21:54:48.417 INFO: 8000 alignments done

- 21:54:50.630 INFO: 10000 alignments done

- 21:54:53.150 INFO: 12000 alignments done

- 21:54:53.152 INFO: Stop after DB-HHM: 12000 because early stop  17.7562 < filter cutoff 20

- 21:54:53.152 INFO: Alternative alignment: 1

- 21:54:56.218 INFO: 7733 alignments done

- 21:54:56.235 INFO: Alternative alignment: 2

- 21:54:56.638 INFO: 670 alignments done

- 21:54:56.638 INFO: Alternative alignment: 3

- 21:54:56.733 INFO: 113 alignments done

- 21:54:56.827 INFO: Realigning 3610 HMM-HMM alignments using Maximum Accuracy algorithm

- 21:55:21.916 INFO: 8705 sequences belonging to 8705 database HMMs found with an E-value < 0.001

- 21:55:21.916 INFO: Number of effective sequences of resulting query HMM: Neff = 10.3391

- 21:55:21.993 INFO: Iteration 3

- 21:55:22.177 INFO: Prefiltering database

- 21:56:48.924 INFO: HMMs passed 1st prefilter (gapless profile-profile alignment)  : 15000854

- 21:58:21.486 INFO: HMMs passed 1st prefilter (gapless profile-profile alignment)  : 3755585

- 21:58:38.537 INFO: HMMs passed 2nd prefilter (gapped profile-profile alignment)   : 173127

- 21:58:38.537 INFO: HMMs passed 2nd prefilter and not found in previous iterations : 164561

- 21:58:38.537 INFO: Scoring 164561 HMMs using HMM-HMM Viterbi alignment

- 21:58:38.578 INFO: Alternative alignment: 0

- 21:58:39.343 INFO: 2000 alignments done

- 21:58:40.119 INFO: 4000 alignments done

- 21:58:41.253 INFO: 6000 alignments done

- 21:58:45.024 INFO: 8000 alignments done

- 21:58:46.780 INFO: 10000 alignments done

- 21:58:46.789 INFO: Stop after DB-HHM: 10000 because early stop  16.518 < filter cutoff 20

- 21:58:46.789 INFO: Alternative alignment: 1

- 21:58:48.793 INFO: 4764 alignments done

- 21:58:48.797 INFO: Alternative alignment: 2

- 21:58:49.145 INFO: 502 alignments done

- 21:58:49.146 INFO: Alternative alignment: 3

- 21:58:49.235 INFO: 97 alignments done

- 21:58:49.338 INFO: Rescoring previously found HMMs with Viterbi algorithm

- 21:58:49.386 INFO: Alternative alignment: 0

- 21:58:50.332 INFO: 2000 alignments done

- 21:58:51.336 INFO: 4000 alignments done

- 21:58:52.227 INFO: 6000 alignments done

- 21:58:52.999 INFO: 8000 alignments done

- 21:58:53.220 INFO: 8564 alignments done

- 21:58:53.230 INFO: Alternative alignment: 1

- 21:58:56.447 INFO: 8564 alignments done

- 21:58:56.462 INFO: Alternative alignment: 2

- 21:58:56.812 INFO: 622 alignments done

- 21:58:56.813 INFO: Alternative alignment: 3

- 21:58:56.883 INFO: 91 alignments done

- 21:58:57.032 INFO: Premerge done

- 21:58:57.032 INFO: Realigning 9034 HMM-HMM alignments using Maximum Accuracy algorithm

- 21:59:21.748 INFO: 9093 sequences belonging to 9093 database HMMs found with an E-value < 0.001

- 21:59:21.748 INFO: Number of effective sequences of resulting query HMM: Neff = 10.3611

     Query         npff1_human Q9GZQ6
     Match_columns 430
     No_of_seqs    2383 out of 148463
     Neff          10.3611
     Searched_HMMs 189895
     Date          Wed Mar  8 21:59:21 2023
     Command       hhblits -i npff1_human-4445/msas/A/chain_A.fasta -cpu 4 -maxmem 20 -oa3m /projects/ilfgrid/people/nqz918/code/deorph/scripts/af_arman/af_jobs_af23/npff1_human/4445//npff1_human-4445/msas/A/bfd_uniref_hits.a3m -o /dev/null -n 3 -e 0.001 -maxseq 1000000 -realign_max 100000 -maxfilt 100000 -min_prefilter_hits 1000 -d /projects/ilfgrid/data/alphafold-genetic-databases///bfd/bfd_metaclust_clu_complete_id30_c90_final_seq.sorted_opt -d /projects/ilfgrid/data/alphafold-genetic-databases///uniref30/UniRef30_2021_03 
     
      No Hit                             Prob E-value P-value  Score    SS Cols Query HMM  Template HMM
       1 tr|A0A1U7TSJ4|A0A1U7TSJ4_TARSY 100.0 2.7E-88 2.8E-94  601.1   0.0  429    2-430   171-600 (600)
       2 tr|A0A1S3F7I6|A0A1S3F7I6_DIPOR 100.0 2.8E-70 2.9E-76  479.8   0.0  415    4-430   127-543 (543)
       3 tr|A0A151NBW9|A0A151NBW9_ALLMI 100.0 1.5E-65 1.6E-71  455.9   0.0  383   25-414    62-455 (472)
       4 tr|A0A1S3NNV5|A0A1S3NNV5_SALSA 100.0 1.9E-64   2E-70  446.5   0.0  359   26-384    45-443 (499)
       5 tr|A0A0N8JZL4|A0A0N8JZL4_9TELE 100.0 4.5E-61 4.8E-67  428.3   0.0  332   23-354    84-418 (482)
       6 tr|A0A1W4ZX05|A0A1W4ZX05_9TELE 100.0 1.2E-60 1.3E-66  429.4   0.0  363   25-387    51-436 (480)
       7 tr|A0A0Q3PK06|A0A0Q3PK06_AMAAE 100.0   5E-56 5.2E-62  414.8   0.0  335   26-361   506-842 (901)
       8 tr|G3R6B9|G3R6B9_GORGO Neurope 100.0 1.6E-54 1.6E-60  380.5   0.0  343   26-374   130-475 (522)
       9 tr|A0A0P4XBU7|A0A0P4XBU7_9CRUS 100.0 3.9E-54 4.2E-60  397.5   0.0  314   32-353    49-420 (557)
      10 tr|C3XVU5|C3XVU5_BRAFL Unchara 100.0   1E-50 1.1E-56  356.6   0.0  301   33-347    51-355 (439)
      11 tr|A0A1I8PIJ9|A0A1I8PIJ9_STOCA 100.0 3.8E-50   4E-56  371.4   0.0  308   35-354   161-473 (680)
      12 tr|C3XSP5|C3XSP5_BRAFL Unchara 100.0 4.2E-49 4.4E-55  341.5   0.0  303   39-351    23-329 (403)
      13 tr|A0A1S3IXU4|A0A1S3IXU4_LINUN 100.0 1.9E-48   2E-54  343.7   0.0  313   23-353    37-350 (440)
      14 tr|A0A1W4X1F3|A0A1W4X1F3_AGRPL 100.0 2.2E-48 2.3E-54  347.5   0.0  314   33-354   123-437 (485)
      15 tr|A0A182G4E1|A0A182G4E1_AEDAL 100.0 3.2E-48 3.4E-54  353.8   0.0  310   39-351    63-373 (534)
      16 tr|J9K651|J9K651_ACYPI Unchara 100.0 3.9E-48 4.1E-54  339.8   0.0  315   32-354    78-393 (440)
      17 tr|A0A0P7U387|A0A0P7U387_9TELE 100.0 4.1E-48 4.3E-54  347.8   0.0  286   43-350   128-417 (556)
      18 tr|W8C2A8|W8C2A8_CERCA Neurope 100.0   5E-48 5.3E-54  361.9   0.0  319   29-354   250-570 (827)
      19 tr|C3Z617|C3Z617_BRAFL Unchara 100.0 1.4E-47 1.4E-53  331.4   0.0  311   32-347    22-338 (426)
      20 tr|M3ZFE6|M3ZFE6_XIPMA Somatos 100.0 1.4E-47 1.5E-53  342.3   0.0  285   43-351   104-392 (525)
      21 tr|A0A1L8G1N6|A0A1L8G1N6_XENLA 100.0 3.5E-47 3.7E-53  338.3   0.0  289   41-354   114-404 (448)
      22 tr|A0A218UWX7|A0A218UWX7_9PASE 100.0 5.9E-47 6.2E-53  339.6   0.0  311   36-351    33-343 (474)
      23 tr|A0A0F8ARD3|A0A0F8ARD3_LARCR 100.0 8.4E-47 8.8E-53  333.8   0.0  281   44-348    54-338 (464)
      24 tr|A0A2C9JWF9|A0A2C9JWF9_BIOGL 100.0 8.3E-47 8.9E-53  342.5   0.0  305   38-353    60-370 (403)
      25 tr|A0A1I8M930|A0A1I8M930_MUSDO 100.0   9E-47 9.5E-53  362.9   0.0  286   41-345   186-575 (963)
      26 tr|A0A1D1UXI1|A0A1D1UXI1_RAMVA 100.0   1E-46 1.1E-52  337.5   0.0  300   37-351    75-378 (499)
      27 tr|A0A2B4RXD1|A0A2B4RXD1_STYPI 100.0 1.3E-46 1.3E-52  332.3   0.0  290   39-347    89-379 (416)
      28 tr|A0A182QHF8|A0A182QHF8_9DIPT 100.0 1.3E-46 1.4E-52  339.9   0.0  312   36-349    93-407 (581)
      29 tr|A0A147AZW9|A0A147AZW9_FUNHE 100.0 1.4E-46 1.5E-52  351.4   0.0  307   43-352    85-437 (468)
      30 tr|A0A1I8MRR4|A0A1I8MRR4_MUSDO 100.0 1.7E-46 1.8E-52  347.5   0.0  320   28-353   243-563 (819)
      31 tr|A0A1V4JMN9|A0A1V4JMN9_PATFA 100.0   2E-46 2.1E-52  334.9   0.0  309   37-351    86-423 (537)
      32 tr|A0A139WLV7|A0A139WLV7_TRICA 100.0 2.6E-46 2.7E-52  347.2   0.0  307   38-351   393-700 (792)
      33 tr|A0A2H1W6Q0|A0A2H1W6Q0_SPOFR 100.0 2.8E-46 2.9E-52  336.1   0.0  300   39-351    66-366 (466)
      34 tr|A0A1D2MSE1|A0A1D2MSE1_ORCCI 100.0 4.1E-46 4.4E-52  347.8   0.0  313   29-350    96-408 (615)
      35 tr|A0A1D2NMB6|A0A1D2NMB6_ORCCI 100.0 5.2E-46 5.5E-52  335.6   0.0  311   33-354   141-456 (520)
      36 tr|A0A2B4SID7|A0A2B4SID7_STYPI 100.0 5.4E-46 5.8E-52  341.1   0.0  297   38-349    26-328 (422)
      37 tr|A0A1W2W3E6|A0A1W2W3E6_CIOIN 100.0 5.7E-46   6E-52  330.8   0.0  298   38-353    52-356 (487)
      38 tr|A0A232F8D2|A0A232F8D2_9HYME 100.0 8.3E-46 8.7E-52  330.8   0.0  304   42-354    70-376 (478)
      39 tr|A0A2B4RSD1|A0A2B4RSD1_STYPI 100.0 8.5E-46 9.2E-52  342.3   0.0  298   38-354    45-387 (430)
      40 tr|B4KC34|B4KC34_DROMO Unchara 100.0 9.6E-46   1E-51  344.0   0.0  301   36-346   185-490 (670)
      41 tr|W5MC67|W5MC67_LEPOC Pyroglu 100.0   1E-45 1.1E-51  324.1   0.0  302   42-349    52-360 (441)
      42 tr|C3XVS5|C3XVS5_BRAFL Unchara 100.0 1.1E-45 1.1E-51  325.8   0.0  294   42-351    66-366 (425)
      43 tr|E0D358|E0D358_HEMPU Dopamin 100.0 1.1E-45 1.2E-51  329.2   0.0  295   42-352    23-332 (435)
      44 tr|A0A0V1MVC7|A0A0V1MVC7_9BILA 100.0 1.5E-45 1.6E-51  338.2   0.0  306   35-354    72-384 (598)
      45 tr|A0A0P5PA10|A0A0P5PA10_9CRUS 100.0 1.6E-45 1.7E-51  337.3   0.0  308   35-353   138-450 (705)
      46 tr|W4Z2N2|W4Z2N2_STRPU Unchara 100.0 1.7E-45 1.7E-51  319.6   0.0  326    8-350    24-354 (406)
      47 tr|A0A0P7U0M1|A0A0P7U0M1_9TELE 100.0 1.7E-45 1.8E-51  321.7   0.0  298   42-351   100-414 (440)
      48 tr|A0A1A9ZAD8|A0A1A9ZAD8_GLOPL 100.0 3.4E-45 3.5E-51  328.5   0.0  299   39-348   118-421 (574)
      49 tr|A0A182U1B5|A0A182U1B5_9DIPT 100.0 3.4E-45 3.5E-51  334.3   0.0  315   33-351    29-346 (620)
      50 tr|L7LZ94|L7LZ94_9ACAR Putativ 100.0 3.6E-45 3.8E-51  321.8   0.0  292   42-350   101-394 (438)
      51 tr|A0A067RDC3|A0A067RDC3_ZOONE 100.0 3.9E-45 4.1E-51  336.1   0.0  302   37-352    65-367 (506)
      52 tr|A0A0P7TYE1|A0A0P7TYE1_9TELE 100.0   4E-45 4.2E-51  327.8   0.0  297   45-350   125-475 (507)
      53 tr|A0A1V4J9T1|A0A1V4J9T1_PATFA 100.0 5.3E-45 5.5E-51  317.4   0.0  291   41-352    66-359 (461)
      54 tr|J9JRI9|J9JRI9_ACYPI Unchara 100.0 5.6E-45 5.9E-51  323.3   0.0  300   41-351    32-336 (490)
      55 tr|S9YJE2|S9YJE2_CAMFR Somatos 100.0 5.9E-45 6.2E-51  319.3   0.0  286   43-349   112-401 (438)
      56 tr|A0A2C9JTE5|A0A2C9JTE5_BIOGL 100.0 7.6E-45 7.9E-51  317.0   0.0  325    8-345    18-344 (422)
      57 tr|V8PD93|V8PD93_OPHHA Type-2  100.0 7.6E-45 8.1E-51  332.0   0.0  288   43-350    75-370 (412)
      58 tr|A0A210QNG6|A0A210QNG6_MIZYE 100.0 9.9E-45   1E-50  326.9   0.0  304   39-353    35-344 (498)
      59 tr|A0A2B4SKI0|A0A2B4SKI0_STYPI 100.0 1.1E-44 1.2E-50  330.4   0.0  295   41-353    95-403 (458)
      60 tr|A0A1D1V6H4|A0A1D1V6H4_RAMVA 100.0 1.1E-44 1.2E-50  324.1   0.0  315   30-354    48-379 (498)
      61 tr|A0A212EZN3|A0A212EZN3_DANPL 100.0 1.3E-44 1.3E-50  324.7   0.0  311   33-348    44-354 (488)
      62 tr|A0A0L7QUK8|A0A0L7QUK8_9HYME 100.0 1.5E-44 1.5E-50  335.4   0.0  301   41-350   199-500 (806)
      63 tr|A0A210R0K7|A0A210R0K7_MIZYE 100.0 1.7E-44 1.8E-50  320.0   0.0  293   42-347    72-424 (470)
      64 tr|F7E6B1|F7E6B1_MONDO Tachyki 100.0 1.8E-44 1.8E-50  319.4   0.0  303   33-352    84-388 (475)
      65 tr|A7SD89|A7SD89_NEMVE Predict 100.0 1.8E-44 1.9E-50  308.1   0.0  291   39-350    33-332 (355)
      66 SRR6218665_147192              100.0 2.2E-44 2.3E-50  322.0   0.0  306   36-353    93-401 (466)
      67 tr|A0A2H1WMM8|A0A2H1WMM8_SPOFR 100.0 3.1E-44 3.2E-50  313.1   0.0  296   39-348    30-326 (462)
      68 tr|A0A182L9N8|A0A182L9N8_9DIPT 100.0 3.2E-44 3.4E-50  325.8   0.0  296   40-351    85-385 (490)
      69 tr|A0A2B4RYF4|A0A2B4RYF4_STYPI 100.0 3.2E-44 3.4E-50  316.0   0.0  290   44-352    25-315 (402)
      70 tr|G3S2I3|G3S2I3_GORGO Opioid  100.0 3.3E-44 3.5E-50  318.9   0.0  284   41-346   160-447 (492)
      71 ERR550534_208423               100.0 3.5E-44 3.6E-50  321.8   0.0  319   33-354    77-404 (568)
      72 tr|A0A091DWF1|A0A091DWF1_FUKDA 100.0 3.7E-44 3.8E-50  314.0   0.0  284   43-350   156-443 (483)
      73 tr|A0A1S3NPB2|A0A1S3NPB2_SALSA 100.0 3.8E-44   4E-50  317.6   0.0  305   32-352    28-335 (443)
      74 tr|A0A2B4SUH3|A0A2B4SUH3_STYPI 100.0   4E-44 4.3E-50  320.6   0.0  301   35-350    17-333 (385)
      75 tr|A0A2B4SSL5|A0A2B4SSL5_STYPI 100.0 4.6E-44 4.8E-50  306.4   0.0  292   44-353    22-314 (344)
      76 tr|A0A183W5E7|A0A183W5E7_TRIRE 100.0 4.7E-44 4.9E-50  319.3   0.0  311   27-348    36-352 (503)
      77 tr|A0A1A8LLP2|A0A1A8LLP2_9TELE 100.0 4.9E-44 5.1E-50  317.3   0.0  297   39-354    89-403 (455)
      78 ERR1719510_236906              100.0 5.9E-44 6.2E-50  331.6   0.0  306   32-351    71-376 (577)
      79 tr|R4J1H6|R4J1H6_SALSA Cholecy 100.0 6.2E-44 6.5E-50  314.2   0.0  300   44-352    47-410 (461)
      80 tr|A0A2B4SDF9|A0A2B4SDF9_STYPI 100.0 6.2E-44 6.5E-50  305.2   0.0  303   28-347    21-325 (356)
      81 tr|A7RNV5|A7RNV5_NEMVE Predict 100.0 6.4E-44 6.8E-50  313.3   0.0  292   43-353    31-331 (377)
      82 tr|A0A2C9GPU2|A0A2C9GPU2_ANOAR 100.0 7.8E-44 8.2E-50  335.4   0.0  301   41-351   320-639 (818)
      83 tr|L5JUA4|L5JUA4_PTEAL Neurope 100.0   8E-44 8.4E-50  318.8   0.0  313   36-352    28-341 (509)
      84 tr|A0A147A4W2|A0A147A4W2_FUNHE 100.0 9.6E-44   1E-49  320.3   0.0  301   44-354    95-449 (502)
      85 tr|A0A0S1YD80|A0A0S1YD80_CHISP 100.0 9.7E-44   1E-49  320.0   0.0  297   42-347   163-463 (513)
      86 tr|A0A0R4IQ19|A0A0R4IQ19_DANRE 100.0   1E-43 1.1E-49  304.8   0.0  299   41-353    53-352 (384)
      87 tr|A0A1W4X208|A0A1W4X208_AGRPL 100.0   1E-43 1.1E-49  314.4   0.0  300   41-351    92-396 (467)
      88 tr|A0A026VW91|A0A026VW91_OOCBI 100.0   1E-43 1.1E-49  327.0   0.0  306   26-339   163-577 (642)
      89 tr|A0A2B4SAJ4|A0A2B4SAJ4_STYPI 100.0 1.1E-43 1.1E-49  320.2   0.0  289   42-345    27-330 (434)
      90 SRR6218665_1158703             100.0 1.2E-43 1.2E-49  315.7   0.0  303   38-350    31-336 (413)
      91 tr|T1FXW9|T1FXW9_HELRO Unchara 100.0 1.4E-43 1.5E-49  315.9   0.0  307   34-348   144-454 (510)
      92 tr|W4YH96|W4YH96_STRPU Unchara 100.0 1.4E-43 1.5E-49  302.6   0.0  304   32-353    25-329 (394)
      93 tr|A0A232F0R3|A0A232F0R3_9HYME 100.0 1.7E-43 1.8E-49  312.0   0.0  298   39-349    99-424 (458)
      94 tr|A0A1D2MMS7|A0A1D2MMS7_ORCCI 100.0 1.7E-43 1.8E-49  324.6   0.0  300   30-353   110-409 (612)
      95 tr|A0A1V4KUV7|A0A1V4KUV7_PATFA 100.0 1.8E-43 1.8E-49  307.3   0.0  292   41-347   116-409 (450)
      96 tr|K1PEH3|K1PEH3_CRAGI Neurope 100.0 1.8E-43 1.9E-49  310.8   0.0  300   42-353    46-362 (411)
      97 tr|A0A1S3J712|A0A1S3J712_LINUN 100.0 1.8E-43 1.9E-49  308.5   0.0  300   40-348    69-381 (437)
      98 tr|A0A2B4SNZ1|A0A2B4SNZ1_STYPI 100.0   2E-43 2.2E-49  319.7   0.0  289   37-348    25-319 (351)
      99 ERR1719361_2001115             100.0 2.4E-43 2.5E-49  316.2   0.0  304   42-354    23-330 (415)
     100 tr|A0A1D2N5F0|A0A1D2N5F0_ORCCI 100.0 2.5E-43 2.6E-49  316.3   0.0  299   40-350    51-350 (559)
     101 tr|B4NHE1|B4NHE1_DROWI Unchara 100.0 2.6E-43 2.7E-49  319.2   0.0  307   41-350   147-456 (565)
     102 tr|A0A0P7V5N2|A0A0P7V5N2_9TELE 100.0 2.9E-43 3.1E-49  315.2   0.0  295   39-353    87-406 (468)
     103 tr|A7S585|A7S585_NEMVE Predict 100.0 2.9E-43 3.1E-49  313.4   0.0  303   37-354    18-331 (374)
     104 tr|L9JDH9|L9JDH9_TUPCH Orexin  100.0 3.1E-43 3.2E-49  317.8   0.0  307   38-349   214-574 (621)
     105 tr|A0A151ITZ3|A0A151ITZ3_9HYME 100.0 3.3E-43 3.5E-49  316.2   0.0  301   42-349    66-420 (481)
     106 tr|A0A096NTW4|A0A096NTW4_PAPAN 100.0 3.5E-43 3.7E-49  310.0   0.0  296   43-351   132-429 (442)
     107 tr|A0A061ILI5|A0A061ILI5_CRIGR 100.0 4.2E-43 4.3E-49  310.6   0.0  296   42-351   196-494 (528)
     108 tr|A0A218UB83|A0A218UB83_9PASE 100.0 4.7E-43 4.9E-49  322.2   0.0  295   38-354   188-518 (631)
     109 tr|K7GCC3|K7GCC3_PELSI Adrenoc 100.0   5E-43 5.2E-49  311.2   0.0  289   43-350    41-365 (488)
     110 tr|A0A1S3FYW5|A0A1S3FYW5_DIPOR 100.0   5E-43 5.2E-49  300.8   0.0  288   44-351    70-361 (385)
     111 tr|B4JN40|B4JN40_DROGR GH24210 100.0 5.3E-43 5.6E-49  311.7   0.0  287   43-345   116-405 (436)
     112 tr|C3Z643|C3Z643_BRAFL Unchara 100.0 5.6E-43 5.8E-49  312.8   0.0  309   33-349    18-353 (563)
     113 tr|A0A0L8FIS6|A0A0L8FIS6_OCTBM 100.0 5.5E-43 5.8E-49  314.5   0.0  292   46-351    93-423 (485)
     114 tr|T1KTS6|T1KTS6_TETUR Unchara 100.0 6.2E-43 6.6E-49  318.7   0.0  296   39-345   115-415 (587)
     115 tr|A0A1W0WKP0|A0A1W0WKP0_HYPDU 100.0 6.3E-43 6.6E-49  315.6   0.0  300   38-352    71-380 (624)
     116 tr|W4Y131|W4Y131_STRPU Unchara 100.0 6.6E-43 6.9E-49  304.7   0.0  295   47-346    58-353 (424)
     117 tr|A0A0P6IZB8|A0A0P6IZB8_9CRUS 100.0   7E-43 7.4E-49  316.1   0.0  297   40-351   199-497 (559)
     118 tr|A0A1I8PG61|A0A1I8PG61_STOCA 100.0 7.1E-43 7.5E-49  326.6   0.0  294   41-351   297-595 (716)
     119 tr|A0A1S3W6N0|A0A1S3W6N0_ERIEU 100.0 7.2E-43 7.5E-49  316.2   0.0  301   43-351   131-446 (596)
     120 tr|A0A0L0BYA7|A0A0L0BYA7_LUCCU 100.0 7.7E-43 8.1E-49  318.0   0.0  289   43-347   310-625 (678)
     121 tr|W4YJK4|W4YJK4_STRPU Unchara 100.0 7.7E-43 8.2E-49  316.0   0.0  305   32-354    58-375 (446)
     122 tr|T1KPP2|T1KPP2_TETUR Unchara 100.0 8.3E-43 8.8E-49  314.1   0.0  287   41-350   149-438 (477)
     123 tr|W4Z9U8|W4Z9U8_STRPU Unchara 100.0   9E-43 9.4E-49  303.2   0.0  301   42-351   106-414 (434)
     124 tr|A0A060XRS0|A0A060XRS0_ONCMY 100.0 1.1E-42 1.2E-48  326.3   0.0  291   42-354    54-381 (900)
     125 tr|A0A218VDE9|A0A218VDE9_9PASE 100.0 1.2E-42 1.2E-48  308.4   0.0  287   41-352    21-311 (556)
     126 tr|A0A210QVM6|A0A210QVM6_MIZYE 100.0 1.5E-42 1.6E-48  300.6   0.0  309   34-349    71-385 (413)
     127 tr|A0A1A9ZM95|A0A1A9ZM95_GLOPL 100.0 1.7E-42 1.7E-48  305.6   0.0  303   40-354    91-399 (481)
     128 tr|A0A147BFV4|A0A147BFV4_IXORI 100.0 1.7E-42 1.8E-48  300.2   0.0  295   42-348    39-334 (402)
     129 tr|A0A146U732|A0A146U732_FUNHE 100.0 1.7E-42 1.9E-48  335.7   0.0  299   41-350   189-549 (590)
     130 tr|A0A0P6C571|A0A0P6C571_9CRUS 100.0 2.1E-42 2.2E-48  309.0   0.0  296   42-347    54-444 (558)
     131 tr|A0A146TL67|A0A146TL67_FUNHE 100.0 2.4E-42 2.6E-48  326.2   0.0  300   43-351    26-407 (442)
     132 tr|E6ZEU6|E6ZEU6_DICLA Neurome 100.0 2.5E-42 2.7E-48  313.0   0.0  297   40-348    85-394 (461)
     133 tr|K1PQW2|K1PQW2_CRAGI Putativ 100.0 2.7E-42 2.8E-48  302.3   0.0  299   41-350    55-355 (437)
     134 tr|A0A226DFM2|A0A226DFM2_FOLCA 100.0 2.9E-42   3E-48  299.8   0.0  311   37-353   101-435 (486)
     135 tr|A7SFG7|A7SFG7_NEMVE Predict 100.0 3.1E-42 3.3E-48  303.5   0.0  299   39-353    19-322 (364)
     136 tr|K1QBA5|K1QBA5_CRAGI Neurope 100.0 3.5E-42 3.7E-48  300.0   0.0  318   27-352    14-343 (401)
     137 tr|A0A1L8HND2|A0A1L8HND2_XENLA 100.0 3.9E-42 4.2E-48  307.3   0.0  302   41-353   126-432 (452)
     138 tr|A0A1S3NAI3|A0A1S3NAI3_SALSA 100.0 4.2E-42 4.4E-48  300.2   0.0  294   41-349    93-387 (439)
     139 tr|A0A2B4RHV8|A0A2B4RHV8_STYPI 100.0 4.2E-42 4.4E-48  303.3   0.0  294   38-353   111-404 (421)
     140 tr|A7SMQ7|A7SMQ7_NEMVE Predict 100.0 4.2E-42 4.5E-48  301.2   0.0  293   36-349     4-303 (358)
     141 tr|A0A087UNN0|A0A087UNN0_9ARAC 100.0 4.3E-42 4.5E-48  300.6   0.0  303   42-351    51-354 (438)
     142 tr|A0A146YGA5|A0A146YGA5_FUNHE 100.0 4.4E-42 4.7E-48  321.5   0.0  290   45-352    32-344 (521)
     143 SRR6218665_799277              100.0   5E-42 5.2E-48  298.7   0.0  294   42-349   123-420 (456)
     144 tr|A0A2B4RYW3|A0A2B4RYW3_STYPI 100.0   5E-42 5.3E-48  334.2   0.0  285   45-348    41-326 (1580)
     145 tr|U3U953|U3U953_NILLU Neurope 100.0 6.4E-42 6.6E-48  293.3   0.0  307   38-354    31-338 (432)
     146 tr|A0A0L0C8J1|A0A0L0C8J1_LUCCU 100.0 7.1E-42 7.4E-48  311.8   0.0  291   43-350   225-520 (661)
     147 tr|A0A0A7RC79|A0A0A7RC79_RHOPR 100.0 7.2E-42 7.6E-48  299.7   0.0  291   42-347    74-372 (404)
     148 tr|A0A1S3H6K0|A0A1S3H6K0_LINUN 100.0 7.3E-42 7.7E-48  300.7   0.0  295   41-347    56-355 (447)
     149 tr|A0A1S3KDE4|A0A1S3KDE4_LINUN 100.0 7.4E-42 7.7E-48  309.0   0.0  296   42-346   129-426 (537)
     150 tr|A0A210Q372|A0A210Q372_MIZYE 100.0 7.5E-42 7.9E-48  305.5   0.0  295   43-347    55-353 (439)
     151 tr|A0A1N9MDH9|A0A1N9MDH9_MOUSE 100.0 7.6E-42 7.9E-48  304.0   0.0  326   28-378   137-464 (501)
     152 tr|C7SLZ0|C7SLZ0_APLKU Seroton 100.0 9.2E-42 9.8E-48  311.8   0.0  287   41-351    70-427 (485)
     153 tr|A0A0P6B7K0|A0A0P6B7K0_9CRUS 100.0 9.3E-42 9.8E-48  315.6   0.0  309   41-353   110-492 (579)
     154 tr|A0A2B4SHS9|A0A2B4SHS9_STYPI 100.0 9.9E-42   1E-47  314.3   0.0  298   38-349    23-326 (566)
     155 tr|A0A2G8KL37|A0A2G8KL37_STIJA 100.0   1E-41 1.1E-47  294.9   0.0  301   43-354    49-405 (439)
     156 tr|A0A1I8MQS0|A0A1I8MQS0_MUSDO 100.0   1E-41 1.1E-47  317.5   0.0  291   40-350   146-441 (572)
     157 tr|A0A1S3FWK5|A0A1S3FWK5_DIPOR 100.0 1.2E-41 1.2E-47  311.6   0.0  299   42-351   415-732 (786)
     158 tr|A0A146NY53|A0A146NY53_FUNHE 100.0 1.2E-41 1.3E-47  307.6   0.0  301   45-353     8-322 (469)
     159 tr|A0A0P7V0U8|A0A0P7V0U8_9TELE 100.0 1.2E-41 1.3E-47  295.7   0.0  289   41-350    83-376 (439)
     160 tr|A0A210PF75|A0A210PF75_MIZYE 100.0 1.3E-41 1.4E-47  298.0   0.0  301   43-352    64-365 (444)
     161 tr|A0A2B4R9G2|A0A2B4R9G2_STYPI 100.0 1.3E-41 1.4E-47  301.9   0.0  296   39-352    56-353 (378)
     162 tr|A7S8R9|A7S8R9_NEMVE Predict 100.0 1.3E-41 1.4E-47  305.4   0.0  292   38-348    20-338 (398)
     163 tr|A0A147AMP5|A0A147AMP5_FUNHE 100.0 1.3E-41 1.4E-47  320.9   0.0  288   43-353    31-432 (475)
     164 tr|A0A146TP77|A0A146TP77_FUNHE 100.0 1.4E-41 1.5E-47  320.7   0.0  290   45-354    48-429 (522)
     165 tr|A0A287CUD4|A0A287CUD4_ICTTR 100.0 1.5E-41 1.6E-47  300.6   0.0  293   39-350    14-309 (478)
     166 tr|U3U4E1|U3U4E1_NILLU Neurope 100.0 1.5E-41 1.6E-47  313.0   0.0  304   44-353   153-473 (606)
     167 tr|A0A1I8NNA2|A0A1I8NNA2_STOCA 100.0 1.7E-41 1.7E-47  309.4   0.0  310   38-349    84-435 (672)
     168 tr|A7S3S6|A7S3S6_NEMVE Predict 100.0 1.7E-41 1.9E-47  307.3   0.0  275   42-336    21-306 (365)
     169 tr|A0A1V4KK28|A0A1V4KK28_PATFA 100.0 1.8E-41 1.9E-47  298.1   0.0  301   40-354   130-433 (478)
     170 tr|A7RVQ0|A7RVQ0_NEMVE Predict 100.0 1.8E-41 1.9E-47  305.9   0.0  297   37-348    22-331 (398)
     171 tr|A0A2B4REF9|A0A2B4REF9_STYPI 100.0   2E-41 2.1E-47  333.3   0.0  297   44-354   926-1236(1279)
     172 tr|A0A0K0PUV0|A0A0K0PUV0_PLADU 100.0   2E-41 2.2E-47  299.8   0.0  287   44-351    16-336 (373)
     173 ERR1719341_586736              100.0 2.2E-41 2.4E-47  307.4   0.0  292   43-351    54-357 (513)
     174 tr|A7SGB7|A7SGB7_NEMVE Predict 100.0 2.2E-41 2.4E-47  298.3   0.0  291   45-354    19-311 (353)
     175 tr|B0XGN8|B0XGN8_CULQU Neurope 100.0 2.6E-41 2.7E-47  292.7   0.0  311   26-348    71-382 (434)
     176 tr|A7SIX0|A7SIX0_NEMVE Predict 100.0 2.5E-41 2.7E-47  298.1   0.0  294   42-351    23-321 (403)
     177 tr|W5JTF9|W5JTF9_ANODA Somatos 100.0 2.7E-41 2.9E-47  304.8   0.0  293   42-351    53-350 (526)
     178 tr|A0A1S3QGH3|A0A1S3QGH3_SALSA 100.0 3.2E-41 3.3E-47  309.0   0.0  328   37-379   208-538 (575)
     179 tr|A0A1I8HW07|A0A1I8HW07_9PLAT 100.0 3.2E-41 3.4E-47  312.1   0.0  298   39-351   214-513 (891)
     180 tr|A0A0F8AVG0|A0A0F8AVG0_LARCR 100.0 3.2E-41 3.4E-47  300.9   0.0  314   10-347    25-342 (544)
     181 tr|A0A2B4S6X2|A0A2B4S6X2_STYPI 100.0 3.2E-41 3.4E-47  295.3   0.0  286   46-347    26-322 (379)
     182 tr|A0A1I8N820|A0A1I8N820_MUSDO 100.0 3.6E-41 3.7E-47  313.7   0.0  293   45-353   306-642 (880)
     183 ERR1712223_23408               100.0 3.7E-41 3.8E-47  296.7   0.0  306   34-347    39-351 (462)
     184 tr|A0A182FRI7|A0A182FRI7_ANOAL 100.0 3.9E-41 4.1E-47  320.3   0.0  191   39-244   108-300 (677)
     185 tr|A0A2B4RGY6|A0A2B4RGY6_STYPI 100.0 3.9E-41 4.2E-47  298.8   0.0  285   45-350     8-298 (348)
     186 tr|A0A0R3NFZ1|A0A0R3NFZ1_DROPS 100.0 4.1E-41 4.4E-47  308.2   0.0  294   44-346   118-412 (536)
     187 tr|A7RKH9|A7RKH9_NEMVE Predict 100.0 4.2E-41 4.5E-47  294.5   0.0  285   44-350    26-315 (336)
     188 tr|A0A226N2C0|A0A226N2C0_CALSU 100.0 4.9E-41 5.1E-47  301.2   0.0  298   40-353   221-525 (569)
     189 tr|A0A0K0PUK6|A0A0K0PUK6_PLADU 100.0 5.1E-41 5.4E-47  296.9   0.0  320   25-353    35-366 (405)
     190 tr|A7RYQ3|A7RYQ3_NEMVE Predict 100.0 5.5E-41   6E-47  303.7   0.0  292   38-352    46-339 (367)
     191 tr|K1QHX9|K1QHX9_CRAGI Somatos 100.0 5.8E-41 6.2E-47  304.1   0.0  288   43-349    48-340 (456)
     192 tr|A0A1S3L0J1|A0A1S3L0J1_SALSA 100.0 6.2E-41 6.5E-47  302.6   0.0  285   44-350    76-407 (533)
     193 tr|A0A1A8EW90|A0A1A8EW90_9TELE 100.0 6.3E-41 6.6E-47  296.2   0.0  289   39-347    40-332 (444)
     194 tr|A0A131XUY2|A0A131XUY2_IXORI 100.0 7.3E-41 7.6E-47  297.7   0.0  284   41-349   159-447 (560)
     195 tr|A0A1A8K3T1|A0A1A8K3T1_NOTKU 100.0 7.5E-41 7.8E-47  303.7   0.0  300   42-354    47-490 (621)
     196 tr|A0A0P5T2I6|A0A0P5T2I6_9CRUS 100.0 7.7E-41 8.1E-47  304.8   0.0  298   43-349    65-411 (542)
     197 ERR1719204_1244905             100.0 8.1E-41 8.5E-47  299.0   0.0  308   34-354    79-390 (473)
     198 tr|O44426|O44426_LYMST Cardioe 100.0 8.3E-41 8.6E-47  289.1   0.0  350    6-374    65-417 (465)
     199 tr|A0A210QY69|A0A210QY69_MIZYE 100.0 8.3E-41 8.7E-47  289.0   0.0  291   39-349    82-378 (400)
     200 tr|C3Z3H5|C3Z3H5_BRAFL Unchara 100.0 8.5E-41 8.9E-47  291.0   0.0  300   42-354    79-380 (405)
     201 tr|B4MKH9|B4MKH9_DROWI Unchara 100.0 9.5E-41 9.8E-47  298.8   0.0  310   38-349    75-430 (626)
     202 tr|A0A2B4S1Z5|A0A2B4S1Z5_STYPI 100.0 9.5E-41   1E-46  303.9   0.0  271   42-351    24-301 (514)
     203 tr|A0A2B4S4U3|A0A2B4S4U3_STYPI 100.0 9.8E-41   1E-46  287.6   0.0  297   42-353    24-327 (359)
     204 tr|A0A139WEA0|A0A139WEA0_TRICA 100.0 1.1E-40 1.1E-46  288.8   0.0  294   43-346    93-403 (464)
     205 tr|T1L051|T1L051_TETUR Unchara 100.0 1.1E-40 1.1E-46  302.5   0.0  299   38-349    88-388 (598)
     206 tr|A0A2D0SD29|A0A2D0SD29_ICTPU 100.0 1.2E-40 1.2E-46  297.7   0.0  290   44-347     5-307 (420)
     207 tr|A0A091CRU0|A0A091CRU0_FUKDA 100.0 1.2E-40 1.3E-46  312.6   0.0  283   42-351   407-695 (720)
     208 tr|W8B9D1|W8B9D1_CERCA 5-hydro 100.0 1.3E-40 1.4E-46  303.2   0.0  293   41-351   260-629 (664)
     209 tr|A0A1D1VH49|A0A1D1VH49_RAMVA 100.0 1.4E-40 1.4E-46  293.1   0.0  310   36-354    56-373 (490)
     210 tr|A0A1B3P5X7|A0A1B3P5X7_HOMAM 100.0 1.5E-40 1.6E-46  291.9   0.0  333    7-354    14-413 (452)
     211 tr|A0A1D2N6V2|A0A1D2N6V2_ORCCI 100.0 1.5E-40 1.6E-46  286.6   0.0  298   38-347    81-379 (409)
     212 tr|A7RQG0|A7RQG0_NEMVE Predict 100.0 1.5E-40 1.6E-46  296.4   0.0  298   42-354    16-320 (351)
     213 tr|A0A147AUP2|A0A147AUP2_FUNHE 100.0 1.5E-40 1.6E-46  303.0   0.0  267   41-329   118-388 (482)
     214 tr|A0A0Q3X1E4|A0A0Q3X1E4_AMAAE 100.0 1.7E-40 1.7E-46  308.6   0.0  293   43-344   156-498 (789)
     215 tr|T1H8Z5|T1H8Z5_RHOPR Unchara 100.0 1.8E-40 1.9E-46  292.2   0.0  315   29-349    69-383 (490)
     216 tr|K1RR88|K1RR88_CRAGI 5-hydro 100.0 1.8E-40 1.9E-46  289.0   0.0  297   41-354    54-357 (407)
     217 tr|A0A0K0PVN8|A0A0K0PVN8_PLADU 100.0   2E-40 2.1E-46  290.6   0.0  294   44-347    94-418 (501)
     218 tr|A0A0S0WMT8|A0A0S0WMT8_DROME 100.0 2.1E-40 2.2E-46  298.5   0.0  289   41-348   143-436 (593)
     219 tr|A0A1D1W534|A0A1D1W534_RAMVA 100.0 2.1E-40 2.2E-46  294.7   0.0  296   43-348    55-426 (493)
     220 tr|A0A218V371|A0A218V371_9PASE 100.0 2.1E-40 2.2E-46  297.1   0.0  299   38-350   259-559 (606)
     221 tr|E2AX14|E2AX14_CAMFO Neurope 100.0 2.1E-40 2.2E-46  306.2   0.0  306   38-351    72-395 (614)
     222 tr|A0A212C668|A0A212C668_CEREH 100.0 2.3E-40 2.4E-46  297.4   0.0  285   43-349   219-557 (558)
     223 tr|A0A1D2MLL8|A0A1D2MLL8_ORCCI 100.0 2.4E-40 2.5E-46  287.6   0.0  309   35-351    83-396 (441)
     224 tr|A0A1L7H7D8|A0A1L7H7D8_SACKO 100.0 2.4E-40 2.5E-46  287.7   0.0  290   43-352    71-368 (424)
     225 tr|H2Q292|H2Q292_PANTR Unchara 100.0 2.5E-40 2.6E-46  294.0   0.0  299   36-354    74-409 (492)
     226 tr|A7SFM3|A7SFM3_NEMVE Predict 100.0 2.5E-40 2.7E-46  299.4   0.0  295   38-347    33-336 (356)
     227 tr|A0A2B4RR50|A0A2B4RR50_STYPI 100.0 2.6E-40 2.7E-46  293.2   0.0  296   38-350    24-327 (411)
     228 tr|D6WD17|D6WD17_TRICA Natalis 100.0 2.6E-40 2.8E-46  297.4   0.0  306   37-354    41-351 (429)
     229 tr|A7SBY6|A7SBY6_NEMVE Predict 100.0 2.7E-40 2.9E-46  306.3   0.0  282   42-344    20-305 (467)
     230 tr|A0A1S3JCV4|A0A1S3JCV4_LINUN 100.0 3.2E-40 3.3E-46  288.8   0.0  302   41-352    60-372 (414)
     231 ERR1719273_2766967             100.0 3.2E-40 3.4E-46  288.5   0.0  306   33-348   106-411 (419)
     232 tr|A0A182TQN5|A0A182TQN5_9DIPT 100.0 3.3E-40 3.4E-46  300.3   0.0  306   40-354   130-500 (613)
     233 tr|A0A210QHU6|A0A210QHU6_MIZYE 100.0 3.7E-40 3.9E-46  291.6   0.0  306   42-354    74-384 (448)
     234 tr|A0A0P7XE55|A0A0P7XE55_9TELE 100.0 3.9E-40   4E-46  304.4   0.0  294   39-354    46-373 (782)
     235 tr|A7RKP0|A7RKP0_NEMVE Predict 100.0   4E-40 4.2E-46  290.1   0.0  290   44-353     8-312 (350)
     236 tr|K1PQQ9|K1PQQ9_CRAGI Pyroglu 100.0   4E-40 4.2E-46  288.3   0.0  299   40-348    70-378 (406)
     237 tr|A0A1J1HLH3|A0A1J1HLH3_9DIPT 100.0 4.1E-40 4.3E-46  292.2   0.0  303   41-353    58-364 (431)
     238 tr|T1JU75|T1JU75_TETUR Unchara 100.0 4.3E-40 4.5E-46  300.6   0.0  292   41-350   141-437 (728)
     239 tr|A0A0F8AXQ5|A0A0F8AXQ5_LARCR 100.0 4.3E-40 4.5E-46  285.0   0.0  296   41-351   112-408 (433)
     240 tr|Q7Q9B7|Q7Q9B7_ANOGA AGAP003 100.0 4.4E-40 4.6E-46  307.2   0.0  295   31-354    45-340 (862)
     241 tr|A0A1S3J6Z0|A0A1S3J6Z0_LINUN 100.0 4.4E-40 4.6E-46  292.3   0.0  295   43-351    47-348 (464)
     242 tr|A0A193KU92|A0A193KU92_SCHMD 100.0 4.5E-40 4.7E-46  295.5   0.0  294   39-351    53-409 (478)
     243 tr|A0A2C9KB37|A0A2C9KB37_BIOGL 100.0 4.7E-40 4.9E-46  292.3   0.0  288   47-346   105-465 (513)
     244 tr|A0A2B4STD8|A0A2B4STD8_STYPI 100.0 4.7E-40   5E-46  303.9   0.0  282   40-346    95-382 (524)
     245 tr|S7PUA8|S7PUA8_MYOBR C-C che 100.0 4.9E-40 5.2E-46  305.9   0.0  280   42-349   281-567 (603)
     246 tr|A0A0P6HFQ7|A0A0P6HFQ7_9CRUS 100.0 5.2E-40 5.4E-46  294.0   0.0  317   38-354    39-392 (536)
     247 tr|K1PQM6|K1PQM6_CRAGI Putativ 100.0 5.2E-40 5.4E-46  291.3   0.0  300   42-354    89-400 (429)
     248 tr|A0A0M9A044|A0A0M9A044_9HYME 100.0   6E-40 6.2E-46  285.1   0.0  293   40-348    32-325 (489)
     249 tr|A0A0P6C2B0|A0A0P6C2B0_9CRUS 100.0   6E-40 6.4E-46  302.4   0.0  288   47-346   172-530 (543)
     250 tr|A0A2C9K7V1|A0A2C9K7V1_BIOGL 100.0 6.2E-40 6.5E-46  288.9   0.0  297   42-347    17-324 (442)
     251 tr|A0A2D0TBG0|A0A2D0TBG0_ICTPU 100.0 6.8E-40 7.1E-46  285.6   0.0  294   45-348    64-371 (429)
     252 tr|A0A210QTN0|A0A210QTN0_MIZYE 100.0 6.9E-40 7.2E-46  283.5   0.0  306   40-349    47-360 (384)
     253 tr|A0A2B4RYK8|A0A2B4RYK8_STYPI 100.0 6.8E-40 7.2E-46  308.8   0.0  288   42-347    23-330 (761)
     254 GraSoiStandDraft_4_1057263.sca 100.0   7E-40 7.4E-46  286.3   0.0  298   42-354    61-367 (395)
     255 ERR1712062_233158              100.0 7.4E-40 7.8E-46  294.2   0.0  303   35-351    64-371 (515)
     256 tr|W4Z105|W4Z105_STRPU Unchara 100.0   8E-40 8.4E-46  287.1   0.0  296   42-353    65-360 (433)
     257 tr|A0A210QIB3|A0A210QIB3_MIZYE 100.0 8.3E-40 8.7E-46  292.7   0.0  296   44-355    96-402 (543)
     258 tr|A0A1V9XEV7|A0A1V9XEV7_9ACAR 100.0 8.4E-40 8.7E-46  288.0   0.0  300   40-350   131-431 (502)
     259 tr|W4Z3I5|W4Z3I5_STRPU Unchara 100.0 8.4E-40 8.8E-46  290.8   0.0  297   42-348    47-393 (461)
     260 tr|A0A131ZXP6|A0A131ZXP6_SARSC 100.0 8.5E-40 8.9E-46  289.2   0.0  291   42-352   121-416 (480)
     261 tr|F1L269|F1L269_ASCSU Neurope 100.0 8.9E-40 9.4E-46  299.9   0.0  299   40-349    76-417 (554)
     262 tr|A0A0R3W1X6|A0A0R3W1X6_TAEAS 100.0 9.1E-40 9.5E-46  289.5   0.0  303   35-348    30-430 (466)
     263 tr|V9I0H3|V9I0H3_TRICA CCHamid 100.0 9.5E-40   1E-45  287.6   0.0  317   26-350    13-332 (423)
     264 tr|A0A2B4SIA2|A0A2B4SIA2_STYPI 100.0 9.6E-40   1E-45  291.4   0.0  303   35-353    50-365 (370)
     265 tr|B5DNP6|B5DNP6_DROPS Unchara 100.0   1E-39 1.1E-45  298.2   0.0  296   44-351   142-562 (625)
     266 tr|A0A0K2TJR3|A0A0K2TJR3_LEPSM 100.0   1E-39 1.1E-45  283.7   0.0  302   44-354    55-362 (402)
     267 tr|A7RRH0|A7RRH0_NEMVE Predict 100.0 1.1E-39 1.2E-45  304.6   0.0  292   39-350    22-317 (700)
     268 tr|A0A0K0PUI1|A0A0K0PUI1_PLADU 100.0 1.1E-39 1.2E-45  292.7   0.0  306   34-353    54-361 (583)
     269 tr|A0A016SN05|A0A016SN05_9BILA 100.0 1.1E-39 1.2E-45  288.7   0.0  316   29-354    36-354 (408)
     270 tr|A0A061IHH7|A0A061IHH7_CRIGR 100.0 1.1E-39 1.2E-45  318.3   0.0  297   40-352   617-923 (934)
     271 tr|L7LWW3|L7LWW3_9ACAR Putativ 100.0 1.2E-39 1.2E-45  299.2   0.0  184   45-246   112-297 (624)
     272 tr|A0A2B4RXA7|A0A2B4RXA7_STYPI 100.0 1.2E-39 1.2E-45  288.9   0.0  257   56-354    16-279 (328)
     273 tr|A0A2B4SS31|A0A2B4SS31_STYPI 100.0 1.2E-39 1.3E-45  286.9   0.0  295   41-350    20-318 (354)
     274 tr|A0A2B4SGU1|A0A2B4SGU1_STYPI 100.0 1.2E-39 1.3E-45  290.5   0.0  294   41-349    51-359 (402)
     275 tr|W4XZB8|W4XZB8_STRPU Unchara 100.0 1.3E-39 1.4E-45  289.7   0.0  279   45-347    21-309 (400)
     276 tr|A0A0N7KWU9|A0A0N7KWU9_LYMST 100.0 1.5E-39 1.6E-45  290.0   0.0  295   42-346    74-444 (494)
     277 tr|A0A182F923|A0A182F923_ANOAL 100.0 1.6E-39 1.7E-45  290.7   0.0  295   44-346   151-448 (520)
     278 tr|V8NWN4|V8NWN4_OPHHA Neurome 100.0 1.7E-39 1.7E-45  290.0   0.0  307   29-351    33-395 (481)
     279 tr|M7BJE0|M7BJE0_CHEMY 5-hydro 100.0 1.7E-39 1.8E-45  302.8   0.0  289   47-349   275-593 (685)
     280 tr|A0A146NR64|A0A146NR64_FUNHE 100.0 1.7E-39 1.8E-45  288.5   0.0  283   43-344   119-416 (449)
     281 tr|A0A147B171|A0A147B171_FUNHE 100.0 1.7E-39 1.8E-45  288.8   0.0  317   34-353    79-434 (463)
     282 tr|A0A0M4EHF7|A0A0M4EHF7_DROBS 100.0 1.7E-39 1.8E-45  297.3   0.0  224   28-251    22-245 (717)
     283 tr|U3U4G2|U3U4G2_NILLU Neurope 100.0 1.7E-39 1.8E-45  299.7   0.0  302   41-353    31-354 (496)
     284 tr|F6ZHC8|F6ZHC8_CIOIN Unchara 100.0 1.7E-39 1.8E-45  290.3   0.0  295   44-347    91-466 (527)
     285 tr|A0A091DX38|A0A091DX38_FUKDA 100.0 1.8E-39 1.8E-45  302.7   0.0  289   41-350   140-430 (878)
     286 tr|A0A1I8FSG9|A0A1I8FSG9_9PLAT 100.0 1.9E-39   2E-45  291.9   0.0  294   38-350   102-450 (550)
     287 tr|A0A2B4SSZ0|A0A2B4SSZ0_STYPI 100.0 1.9E-39 2.1E-45  294.6   0.0  291   45-353    19-309 (381)
     288 tr|I6R4U4|I6R4U4_9BILA Onychop 100.0   2E-39 2.1E-45  308.2   0.0  293   39-347   139-443 (873)
     289 tr|T1K8Z9|T1K8Z9_TETUR Unchara 100.0   2E-39 2.1E-45  286.8   0.0  297   40-347   112-413 (485)
     290 tr|A0A0P6JFN0|A0A0P6JFN0_HETGA 100.0 2.2E-39 2.3E-45  296.0   0.0  296   38-347    90-403 (433)
     291 tr|A0A2B4SI88|A0A2B4SI88_STYPI 100.0 2.3E-39 2.5E-45  304.8   0.0  303   36-354   416-728 (784)
     292 tr|A0A1V4KKE4|A0A1V4KKE4_PATFA 100.0 2.5E-39 2.6E-45  295.6   0.0  284   41-346   403-690 (724)
     293 tr|A0A1S2ZIZ2|A0A1S2ZIZ2_ERIEU 100.0 2.5E-39 2.6E-45  292.1   0.0  288   44-350   201-533 (620)
     294 tr|A0A0P6HXT6|A0A0P6HXT6_9CRUS 100.0 2.5E-39 2.7E-45  287.5   0.0  293   40-346   149-443 (447)
     295 tr|A7SG00|A7SG00_NEMVE Predict 100.0 2.6E-39 2.8E-45  293.5   0.0  301   36-352    43-356 (427)
     296 tr|C3Z7J8|C3Z7J8_BRAFL Unchara 100.0 2.8E-39 2.9E-45  289.6   0.0  311   36-353   138-462 (549)
     297 tr|A0A091DLL4|A0A091DLL4_FUKDA 100.0 2.9E-39   3E-45  284.4   0.0  292   44-352    34-348 (474)
     298 tr|A0A162CQ51|A0A162CQ51_9CRUS 100.0 2.9E-39   3E-45  290.2   0.0  332    7-349   126-462 (655)
     299 tr|Q9NHF3|Q9NHF3_APLCA Octopam 100.0 2.9E-39 3.1E-45  278.3   0.0  297   39-350    34-353 (394)
     300 tr|A0A2B4RYN6|A0A2B4RYN6_STYPI 100.0 2.9E-39 3.1E-45  305.4   0.0  288   44-347     9-305 (881)
     301 tr|A0A0L8I1Y4|A0A0L8I1Y4_OCTBM 100.0   3E-39 3.1E-45  278.6   0.0  293   45-347    43-361 (426)
     302 tr|V8NQN2|V8NQN2_OPHHA G-prote 100.0 3.1E-39 3.3E-45  301.0   0.0  278   42-347   302-586 (840)
     303 tr|A7RYR4|A7RYR4_NEMVE Predict 100.0 3.3E-39 3.6E-45  293.7   0.0  287   43-354    21-313 (352)
     304 ERR1719232_11025               100.0 3.4E-39 3.6E-45  296.4   0.0  297   43-345    87-398 (559)
     305 tr|A0A151MLB5|A0A151MLB5_ALLMI 100.0 3.5E-39 3.7E-45  298.5   0.0  291   44-346   498-832 (839)
     306 tr|A0A1D2NLE3|A0A1D2NLE3_ORCCI 100.0 3.5E-39 3.7E-45  285.0   0.0  292   43-352   114-409 (499)
     307 tr|A0A154PLJ2|A0A154PLJ2_9HYME 100.0 3.7E-39 3.8E-45  287.5   0.0  297   44-353    61-486 (597)
     308 tr|A0A0B2UYY4|A0A0B2UYY4_TOXCA 100.0 3.7E-39 3.9E-45  288.9   0.0  293   43-350    82-387 (437)
     309 AntAceMinimDraft_8_1070364.sca 100.0 3.8E-39   4E-45  283.2   0.0  292   44-353    38-361 (406)
     310 tr|A0A2B4S7Y2|A0A2B4S7Y2_STYPI 100.0 3.9E-39 4.2E-45  289.1   0.0  272   42-332    27-304 (365)
     311 tr|Q29XY7|Q29XY7_APLCA Dopamin 100.0 4.1E-39 4.3E-45  287.7   0.0  298   40-348    51-377 (450)
     312 tr|A0A0R4I9M2|A0A0R4I9M2_DANRE 100.0 4.1E-39 4.3E-45  281.9   0.0  298   42-347    41-344 (455)
     313 tr|A0A1I8CW77|A0A1I8CW77_9BILA 100.0 4.3E-39 4.4E-45  315.9   0.0  297   40-347    35-390 (2500)
     314 tr|B4LIK1|B4LIK1_DROVI Unchara 100.0 4.2E-39 4.4E-45  288.4   0.0  309   40-353    93-402 (518)
     315 tr|A7S169|A7S169_NEMVE Predict 100.0 4.2E-39 4.5E-45  283.1   0.0  284   44-347    19-305 (347)
     316 tr|A0A147AXX1|A0A147AXX1_FUNHE 100.0 4.3E-39 4.5E-45  285.3   0.0  292   37-350    31-331 (490)
     317 tr|A0A195CW68|A0A195CW68_9HYME 100.0 4.4E-39 4.6E-45  297.9   0.0  314   28-350    42-381 (698)
     318 tr|A0A1B0AGN9|A0A1B0AGN9_GLOPL 100.0 4.7E-39 4.9E-45  300.0   0.0  304   36-354   161-471 (845)
     319 tr|A0A2B4SAU9|A0A2B4SAU9_STYPI 100.0   5E-39 5.3E-45  308.6   0.0  297   38-353    18-320 (850)
     320 tr|A0A210QL65|A0A210QL65_MIZYE 100.0 5.1E-39 5.4E-45  280.2   0.0  295   42-347    51-345 (428)
     321 tr|A7RN94|A7RN94_NEMVE Predict 100.0 5.2E-39 5.6E-45  286.9   0.0  291   44-349    40-337 (366)
     322 tr|A7RMJ9|A7RMJ9_NEMVE Predict 100.0 5.5E-39 5.7E-45  281.3   0.0  291   47-354    27-382 (394)
     323 tr|Q964E5|Q964E5_GIRTI Putativ 100.0 5.6E-39 5.8E-45  280.4   0.0  311   28-350     4-320 (402)
     324 tr|A0A218UTA6|A0A218UTA6_9PASE 100.0 5.7E-39 5.9E-45  296.8   0.0  289   43-349    57-444 (738)
     325 tr|A0A2B4S931|A0A2B4S931_STYPI 100.0 5.7E-39 6.1E-45  291.0   0.0  285   38-353    64-351 (398)
     326 tr|L9KFJ4|L9KFJ4_TUPCH Cholecy 100.0 6.1E-39 6.4E-45  284.0   0.0  288   40-336    38-371 (585)
     327 tr|A0A147A9P7|A0A147A9P7_FUNHE 100.0 6.1E-39 6.4E-45  288.3   0.0  286   46-351    17-346 (523)
     328 tr|A0A2C9JHS9|A0A2C9JHS9_BIOGL 100.0 6.1E-39 6.4E-45  274.8   0.0  286   44-345    73-362 (376)
     329 tr|A0A0K0PUJ3|A0A0K0PUJ3_PLADU 100.0 6.2E-39 6.4E-45  282.1   0.0  289   42-349    52-350 (475)
     330 tr|A0A1V4J9K1|A0A1V4J9K1_PATFA 100.0 6.6E-39 6.8E-45  300.7   0.0  287   43-351   320-610 (939)
     331 tr|A0A1W2W6Z4|A0A1W2W6Z4_CIOIN 100.0 6.5E-39 6.8E-45  296.2   0.0  295   42-354    97-404 (629)
     332 tr|L8Y5L0|L8Y5L0_TUPCH Alpha-2 100.0 6.6E-39   7E-45  303.2   0.0  286   43-349   393-819 (823)
     333 tr|A0A151IFQ2|A0A151IFQ2_9HYME 100.0 7.1E-39 7.5E-45  315.5   0.0  295   44-348    44-371 (1113)
     334 tr|W4Y502|W4Y502_STRPU Unchara 100.0 7.1E-39 7.5E-45  288.0   0.0  275   46-350   111-389 (422)
     335 tr|A0A1E1WD65|A0A1E1WD65_PECGO 100.0 8.4E-39 8.8E-45  296.2   0.0  285   39-347    95-527 (584)
     336 tr|A0A1I8PF57|A0A1I8PF57_STOCA 100.0 8.5E-39 8.9E-45  300.3   0.0  286   44-347   384-745 (784)
     337 tr|A0A0L0CJC7|A0A0L0CJC7_LUCCU 100.0 8.6E-39 8.9E-45  299.5   0.0  304   36-348   271-581 (1006)
     338 tr|A0A1S3GY13|A0A1S3GY13_LINUN 100.0 8.7E-39 9.1E-45  288.2   0.0  289   40-348    77-440 (521)
     339 tr|A0A1U7SLA2|A0A1U7SLA2_TARSY 100.0   9E-39 9.4E-45  289.6   0.0  282   47-351   128-452 (601)
     340 tr|T1JZK3|T1JZK3_TETUR Unchara 100.0 9.7E-39   1E-44  285.4   0.0  317   25-350    75-398 (441)
     341 tr|A0A1W0XC36|A0A1W0XC36_HYPDU 100.0 9.9E-39   1E-44  290.7   0.0  288   46-354    31-399 (722)
     342 tr|A0A060X5F3|A0A060X5F3_ONCMY 100.0   1E-38 1.1E-44  308.0   0.0  286   42-352   413-706 (840)
     343 tr|A0A210QT45|A0A210QT45_MIZYE 100.0   1E-38 1.1E-44  275.4   0.0  289   45-346    39-339 (395)
     344 ERR1719336_319105              100.0 1.1E-38 1.2E-44  283.6   0.0  292   45-348    60-366 (451)
     345 tr|K7ISZ6|K7ISZ6_NASVI Unchara 100.0 1.2E-38 1.2E-44  282.2   0.0  308   40-354    90-405 (454)
     346 tr|A0A183TGM8|A0A183TGM8_SCHSO 100.0 1.2E-38 1.3E-44  284.7   0.0  297   42-350    63-374 (446)
     347 tr|A0A0N8EPB2|A0A0N8EPB2_9CRUS 100.0 1.3E-38 1.3E-44  280.9   0.0  299   42-349    64-411 (544)
     348 tr|B4M0I5|B4M0I5_DROVI Unchara 100.0 1.4E-38 1.4E-44  282.4   0.0  288   44-347   106-420 (506)
     349 tr|A0A2B4RYQ1|A0A2B4RYQ1_STYPI 100.0 1.4E-38 1.4E-44  282.9   0.0  305   28-349    31-362 (418)
     350 tr|A0A1U7TJB8|A0A1U7TJB8_TARSY 100.0 1.4E-38 1.5E-44  284.8   0.0  295   45-351   264-564 (585)
     351 tr|A0A0L8GNI0|A0A0L8GNI0_OCTBM 100.0 1.4E-38 1.5E-44  273.6   0.0  340   40-390    38-393 (405)
     352 tr|A0A060XH49|A0A060XH49_ONCMY 100.0 1.4E-38 1.5E-44  304.6   0.0  285   51-352    56-387 (945)
     353 Marorgknorr_s2lv_2_1036014.sca 100.0 1.5E-38 1.6E-44  284.1   0.0  298   38-350    24-333 (366)
     354 tr|A0A0P7V1N0|A0A0P7V1N0_9TELE 100.0 1.5E-38 1.6E-44  278.3   0.0  284   42-345   113-401 (436)
     355 tr|A0A183VWV4|A0A183VWV4_TRIRE 100.0 1.6E-38 1.6E-44  283.8   0.0  300   41-351    48-450 (509)
     356 tr|Q6VUB7|Q6VUB7_BRAFL Dopamin 100.0 1.7E-38 1.7E-44  271.1   0.0  298   38-352    34-342 (394)
     357 tr|A0A1S3K8V1|A0A1S3K8V1_LINUN 100.0 1.7E-38 1.8E-44  278.5   0.0  296   45-353    72-407 (485)
     358 tr|W5MSP8|W5MSP8_LEPOC Adrenoc 100.0 1.8E-38 1.9E-44  277.4   0.0  292   39-349    76-396 (460)
     359 tr|A0A182FUW3|A0A182FUW3_ANOAL 100.0 1.9E-38   2E-44  292.4   0.0  286   44-348   196-486 (666)
     360 tr|A0A2B4RI42|A0A2B4RI42_STYPI 100.0 1.9E-38   2E-44  279.8   0.0  301   35-353    16-330 (367)
     361 tr|A0A1I8Q6N4|A0A1I8Q6N4_STOCA 100.0   2E-38   2E-44  299.8   0.0  304   39-350   439-911 (946)
     362 tr|A0A154P9K2|A0A154P9K2_9HYME 100.0   2E-38 2.1E-44  281.9   0.0  302   38-354    45-393 (553)
     363 tr|A0A0P6B3L3|A0A0P6B3L3_9CRUS 100.0 2.1E-38 2.1E-44  285.6   0.0  306   38-351    27-415 (623)
     364 sp|Q804Q2|OPN4B_GADMO Melanops 100.0 2.1E-38 2.2E-44  288.9   0.0  292   42-349    17-317 (615)
     365 tr|A0A0P0YUU8|A0A0P0YUU8_LYMST 100.0 2.1E-38 2.2E-44  277.9   0.0  299   45-353    63-399 (478)
     366 tr|A0A147AVH6|A0A147AVH6_FUNHE 100.0 2.2E-38 2.3E-44  291.7   0.0  277   47-346   196-618 (618)
     367 tr|A0A154P9X5|A0A154P9X5_9HYME 100.0 2.3E-38 2.4E-44  297.0   0.0  293   43-345    28-357 (692)
     368 tr|A0A194QDR7|A0A194QDR7_PAPXU 100.0 2.4E-38 2.5E-44  278.4   0.0  292   44-347    70-366 (468)
     369 tr|A0A091DJ75|A0A091DJ75_FUKDA 100.0 2.4E-38 2.5E-44  276.7   0.0  268   52-346   109-486 (486)
     370 tr|A0A091DQD0|A0A091DQD0_FUKDA 100.0 2.6E-38 2.7E-44  283.8   0.0  280   43-349   179-464 (499)
     371 tr|L5M4Z9|L5M4Z9_MYODS C-C che 100.0 2.8E-38 2.9E-44  286.0   0.0  280   43-349   269-556 (590)
     372 tr|E9GBE9|E9GBE9_DAPPU NPFG-pr 100.0 2.8E-38   3E-44  287.9   0.0  304   44-351    95-404 (532)
     373 tr|E2BFW0|E2BFW0_HARSA Cholecy 100.0   3E-38 3.1E-44  289.5   0.0  295   44-351    82-539 (630)
     374 tr|A0A210R670|A0A210R670_MIZYE 100.0   3E-38 3.1E-44  271.9   0.0  297   36-346    17-314 (384)
     375 tr|K1PPZ4|K1PPZ4_CRAGI Rhodops 100.0   3E-38 3.2E-44  285.7   0.0  295   44-354    49-354 (519)
     376 tr|A0A1V4JU97|A0A1V4JU97_PATFA 100.0   3E-38 3.2E-44  292.4   0.0  293   42-350    63-362 (615)
     377 tr|B3S346|B3S346_TRIAD Unchara 100.0   3E-38 3.2E-44  281.6   0.0  310   42-375    18-335 (365)
     378 tr|A0A1S3GZ10|A0A1S3GZ10_LINUN 100.0 3.1E-38 3.2E-44  276.6   0.0  300   40-350    34-368 (419)
     379 tr|K1Q037|K1Q037_CRAGI Neurome 100.0 3.1E-38 3.3E-44  274.0   0.0  290   44-346    31-320 (436)
     380 SRR6218665_1050351             100.0 3.1E-38 3.3E-44  281.4   0.0  282   43-346    76-364 (398)
     381 tr|A0A0L0C0N1|A0A0L0C0N1_LUCCU 100.0 3.2E-38 3.3E-44  292.0   0.0  292   39-349   311-670 (707)
     382 tr|F1R2F3|F1R2F3_DANRE Neurope 100.0 3.2E-38 3.3E-44  291.7   0.0  284   41-345   400-689 (731)
     383 tr|A7S4C0|A7S4C0_NEMVE Predict 100.0 3.4E-38 3.5E-44  281.4   0.0  298   38-348    40-348 (457)
     384 tr|J9K383|J9K383_ACYPI Unchara 100.0 3.5E-38 3.6E-44  280.3   0.0  306   42-351    38-351 (502)
     385 tr|L9JWP3|L9JWP3_TUPCH C-C che 100.0 3.4E-38 3.6E-44  297.7   0.0  285   42-353   386-674 (702)
     386 tr|T1E1B3|T1E1B3_CUPSA Putativ 100.0 3.5E-38 3.6E-44  276.8   0.0  290   43-347    28-317 (488)
     387 tr|A0A0K0PUU9|A0A0K0PUU9_PLADU 100.0 3.5E-38 3.6E-44  278.5   0.0  301   38-349    48-350 (480)
     388 tr|A0A182U973|A0A182U973_9DIPT 100.0 3.6E-38 3.8E-44  296.7   0.0  302   41-350   556-866 (1016)
     389 tr|A7SX62|A7SX62_NEMVE Predict 100.0 3.8E-38   4E-44  270.1   0.0  266   52-350    27-302 (335)
     390 tr|A0A061INJ6|A0A061INJ6_CRIGR 100.0 3.9E-38   4E-44  277.7   0.0  299   44-348    46-425 (507)
     391 tr|A0A1S3SC76|A0A1S3SC76_SALSA 100.0   4E-38 4.2E-44  276.6   0.0  300   42-349    38-341 (406)
     392 tr|A0A2B4SUB9|A0A2B4SUB9_STYPI 100.0   4E-38 4.3E-44  306.9   0.0  286   44-353     6-297 (758)
     393 tr|A0A147AYJ0|A0A147AYJ0_FUNHE 100.0 4.2E-38 4.3E-44  278.0   0.0  288   41-347    28-397 (497)
     394 tr|I3KRG5|I3KRG5_ORENI FGFR1 o 100.0 4.2E-38 4.4E-44  288.3   0.0  295   43-353   147-454 (489)
     395 tr|A0A1B0G070|A0A1B0G070_GLOMM 100.0 4.4E-38 4.6E-44  284.0   0.0  315   37-353    80-438 (620)
     396 tr|A0A1W4WZV7|A0A1W4WZV7_AGRPL 100.0 4.5E-38 4.7E-44  272.7   0.0  296   44-348    38-342 (407)
     397 tr|A7S1R7|A7S1R7_NEMVE Predict 100.0   5E-38 5.4E-44  280.6   0.0  294   36-351    24-328 (367)
     398 tr|A0A2G5UN52|A0A2G5UN52_9PELO 100.0 5.1E-38 5.4E-44  293.0   0.0  297   41-349    71-524 (628)
     399 tr|B4N448|B4N448_DROWI Unchara 100.0 5.7E-38 5.9E-44  275.3   0.0  291   44-349    82-377 (502)
     400 tr|A0A141CIT8|A0A141CIT8_VARDE 100.0 5.9E-38 6.2E-44  277.3   0.0  290   41-346    83-378 (461)
     401 tr|A0A1A9YSZ7|A0A1A9YSZ7_GLOFF 100.0   6E-38 6.2E-44  291.7   0.0  292   44-351   249-582 (750)
     402 tr|A0A1I8MAM1|A0A1I8MAM1_MUSDO 100.0 6.2E-38 6.4E-44  298.3   0.0  305   34-347   263-573 (1063)
     403 tr|A0A0A1XP03|A0A0A1XP03_ZEUCU 100.0 6.2E-38 6.6E-44  296.6   0.0  303   43-351   234-542 (660)
     404 tr|A0A0A1XIV8|A0A0A1XIV8_ZEUCU 100.0 6.4E-38 6.7E-44  292.8   0.0  298   39-351    77-381 (796)
     405 tr|A0A2C9K803|A0A2C9K803_BIOGL 100.0 6.5E-38 6.8E-44  280.1   0.0  307   39-354   206-524 (580)
     406 tr|A0A218V410|A0A218V410_9PASE 100.0 6.5E-38 6.8E-44  271.0   0.0  290   44-353   100-397 (427)
     407 tr|A0A0M8ZY33|A0A0M8ZY33_9HYME 100.0 6.9E-38 7.2E-44  280.3   0.0  295   31-353    77-371 (465)
     408 ERR1719192_3032015             100.0   7E-38 7.3E-44  271.6   0.0  309   33-353    34-343 (426)
     409 tr|A0A0Q3X582|A0A0Q3X582_AMAAE 100.0 6.9E-38 7.4E-44  288.7   0.0  304   42-353    80-390 (504)
     410 tr|T1KVH7|T1KVH7_TETUR Unchara 100.0   7E-38 7.4E-44  278.1   0.0  295   41-345    52-425 (470)
     411 tr|A0A0N0PF28|A0A0N0PF28_PAPXU 100.0 7.3E-38 7.6E-44  283.2   0.0  303   42-353   158-487 (580)
     412 tr|C3XPE3|C3XPE3_BRAFL Unchara 100.0 7.6E-38 7.9E-44  302.8   0.0  297   43-353   736-1045(1421)
     413 tr|A0A1S3IXU9|A0A1S3IXU9_LINUN 100.0 7.7E-38   8E-44  270.9   0.0  295   40-353    29-324 (425)
     414 ERR1719499_929257              100.0 7.6E-38   8E-44  282.1   0.0  306   36-354    20-331 (550)
     415 tr|C3Z5T5|C3Z5T5_BRAFL Unchara 100.0 7.9E-38 8.3E-44  269.4   0.0  295   40-353    34-333 (389)
     416 tr|W4XZS5|W4XZS5_STRPU Unchara 100.0 8.2E-38 8.5E-44  271.1   0.0  284   47-349    38-343 (399)
     417 GraSoiStandDraft_28_1057319.sc 100.0 8.8E-38 9.4E-44  275.1   0.0  293   42-347    33-332 (333)
     418 SRR6218665_348164              100.0 8.8E-38 9.4E-44  284.1   0.0  299   40-346    25-350 (434)
     419 tr|F6R4F1|F6R4F1_MONDO Bombesi 100.0 9.3E-38 9.7E-44  270.5   0.0  295   47-347    51-348 (403)
     420 tr|A0A2B4SSA0|A0A2B4SSA0_STYPI 100.0 9.2E-38 9.7E-44  276.6   0.0  300   39-352    62-370 (423)
     421 tr|A0A0P7VFP4|A0A0P7VFP4_9TELE 100.0 9.9E-38   1E-43  283.1   0.0  303   41-353   223-538 (579)
     422 tr|A0A0V1MAM9|A0A0V1MAM9_9BILA 100.0   1E-37 1.1E-43  301.5   0.0  293   45-354   123-510 (1561)
     423 tr|A7S3P4|A7S3P4_NEMVE Predict 100.0   1E-37 1.1E-43  266.6   0.0  287   45-343     6-303 (304)
     424 tr|A0A146PN09|A0A146PN09_FUNHE 100.0   1E-37 1.1E-43  294.1   0.0  285   42-346    38-393 (432)
     425 tr|A0A210PZL6|A0A210PZL6_MIZYE 100.0 1.1E-37 1.2E-43  267.8   0.0  307   36-354    29-338 (406)
     426 tr|Q2V625|Q2V625_PANIN Type 1  100.0 1.2E-37 1.2E-43  287.3   0.0  296   40-354   229-626 (688)
     427 tr|A0A2B4SC76|A0A2B4SC76_STYPI 100.0 1.2E-37 1.3E-43  277.4   0.0  295   39-348    29-333 (380)
     428 tr|A0A0K0PUI2|A0A0K0PUI2_PLADU 100.0 1.3E-37 1.3E-43  273.7   0.0  336    8-350    41-399 (457)
     429 tr|S7Q447|S7Q447_MYOBR Neurome 100.0 1.3E-37 1.3E-43  278.8   0.0  301   42-351   157-502 (568)
     430 tr|A0A226PTD4|A0A226PTD4_COLVI 100.0 1.3E-37 1.3E-43  277.8   0.0  276   46-346   113-516 (516)
     431 tr|T1J7X3|T1J7X3_STRMM Unchara 100.0 1.3E-37 1.4E-43  280.5   0.0  303   39-349    86-430 (440)
     432 tr|A0A218UP03|A0A218UP03_9PASE 100.0 1.4E-37 1.4E-43  296.0   0.0  279   42-348   788-1074(1110)
     433 tr|A0A218UQZ0|A0A218UQZ0_9PASE 100.0 1.4E-37 1.4E-43  268.9   0.0  295   45-353    36-333 (432)
     434 tr|A7RF67|A7RF67_NEMVE Predict 100.0 1.3E-37 1.4E-43  275.2   0.0  297   38-353    14-317 (375)
     435 tr|A0A146ZQA7|A0A146ZQA7_FUNHE 100.0 1.4E-37 1.5E-43  277.6   0.0  295   45-354    82-466 (549)
     436 tr|B4KA85|B4KA85_DROMO Unchara 100.0 1.4E-37 1.5E-43  285.8   0.0  300   34-348   111-420 (681)
     437 tr|A0A088AKL0|A0A088AKL0_APIME 100.0 1.4E-37 1.5E-43  269.3   0.0  311   28-346    70-380 (487)
     438 tr|A7RU09|A7RU09_NEMVE Predict 100.0 1.4E-37 1.5E-43  279.4   0.0  291   40-347    23-325 (476)
     439 tr|A0A2H1CFV5|A0A2H1CFV5_FASHE 100.0 1.5E-37 1.5E-43  269.9   0.0  302   41-354    31-336 (419)
     440 tr|A0A1S3JF34|A0A1S3JF34_LINUN 100.0 1.5E-37 1.6E-43  273.5   0.0  290   40-352    70-366 (395)
     441 tr|C3Z5E5|C3Z5E5_BRAFL Unchara 100.0 1.6E-37 1.7E-43  269.9   0.0  303   33-346   123-425 (440)
     442 tr|A0A0P5DFU5|A0A0P5DFU5_9CRUS 100.0 1.6E-37 1.7E-43  277.3   0.0  293   41-348    70-364 (481)
     443 tr|A0A182F973|A0A182F973_ANOAL 100.0 1.7E-37 1.8E-43  278.2   0.0  294   45-354   162-510 (556)
     444 tr|U3U974|U3U974_NILLU Neurope 100.0 1.8E-37 1.9E-43  273.8   0.0  303   38-352    60-367 (452)
     445 tr|A0A1D1V4X9|A0A1D1V4X9_RAMVA 100.0 1.8E-37 1.9E-43  277.1   0.0  303   38-348    83-431 (582)
     446 tr|A0A2B4SBD9|A0A2B4SBD9_STYPI 100.0 1.9E-37   2E-43  271.4   0.0  265   44-346    63-338 (367)
     447 tr|A7RIF2|A7RIF2_NEMVE Predict 100.0   2E-37 2.1E-43  264.8   0.0  302   35-351    10-316 (348)
     448 tr|A0A0K2T748|A0A0K2T748_LEPSM 100.0   2E-37 2.1E-43  268.7   0.0  304   36-354    32-337 (390)
     449 tr|A0A0P7U113|A0A0P7U113_9TELE 100.0   2E-37 2.2E-43  279.1   0.0  271   41-344   145-417 (452)
     450 tr|A0A182MG56|A0A182MG56_9DIPT 100.0 2.1E-37 2.2E-43  293.0   0.0  296   39-349    94-407 (751)
     451 tr|A0A1S3T4I1|A0A1S3T4I1_SALSA 100.0   2E-37 2.2E-43  293.2   0.0  295   40-348    38-440 (675)
     452 tr|A0A1A8ANJ7|A0A1A8ANJ7_NOTFU 100.0 2.1E-37 2.2E-43  271.9   0.0  293   41-347   104-398 (489)
     453 tr|A0A195BRF4|A0A195BRF4_9HYME 100.0 2.1E-37 2.2E-43  279.9   0.0  297   28-347    58-447 (475)
     454 tr|A0A1B0GAW6|A0A1B0GAW6_GLOMM 100.0 2.2E-37 2.3E-43  293.5   0.0  306   41-354   270-731 (763)
     455 tr|M3ZYH7|M3ZYH7_XIPMA Unchara 100.0 2.3E-37 2.4E-43  277.2   0.0  285   39-349    81-374 (397)
     456 tr|A0A2D0Q8S1|A0A2D0Q8S1_ICTPU 100.0 2.3E-37 2.4E-43  282.1   0.0  296   36-349    60-466 (477)
     457 tr|A0A0P4XKN0|A0A0P4XKN0_9CRUS 100.0 2.4E-37 2.5E-43  284.2   0.0  295   44-350   135-588 (657)
     458 tr|I2FKE9|I2FKE9_GRYBI Dopamin 100.0 2.4E-37 2.5E-43  279.1   0.0  296   41-347    38-357 (485)
     459 tr|A0A1S3KCK0|A0A1S3KCK0_LINUN 100.0 2.5E-37 2.6E-43  260.1   0.0  290   46-344    36-328 (359)
     460 tr|K7ISZ8|K7ISZ8_NASVI Unchara 100.0 2.5E-37 2.6E-43  279.1   0.0  317   26-353    34-359 (530)
     461 tr|A0A2G9R7F4|A0A2G9R7F4_LITCT 100.0 2.5E-37 2.6E-43  273.3   0.0  276   41-345    46-328 (408)
     462 SRR6218665_1286431             100.0 2.6E-37 2.7E-43  273.4   0.0  291   43-350    47-342 (477)
     463 tr|A0A194QL20|A0A194QL20_PAPMA 100.0 2.6E-37 2.7E-43  271.9   0.0  286   48-346    45-406 (517)
     464 tr|T1JSJ3|T1JSJ3_TETUR Unchara 100.0 2.6E-37 2.7E-43  286.5   0.0  287   45-350   249-646 (747)
     465 tr|A0A2B4RSX7|A0A2B4RSX7_STYPI 100.0 2.7E-37 2.9E-43  276.2   0.0  293   39-352    54-365 (389)
     466 tr|A0A0P7Y9H4|A0A0P7Y9H4_9TELE 100.0 2.7E-37 2.9E-43  275.6   0.0  294   44-351    40-340 (485)
     467 tr|A0A194QD73|A0A194QD73_PAPXU 100.0 2.8E-37 2.9E-43  267.7   0.0  297   40-347    81-382 (435)
     468 tr|A0A0U2M149|A0A0U2M149_SACKO 100.0 2.8E-37 2.9E-43  283.4   0.0  284   48-353    89-423 (774)
     469 tr|A0A0Q3MBC6|A0A0Q3MBC6_AMAAE 100.0   3E-37 3.2E-43  291.9   0.0  299   39-352   521-825 (838)
     470 tr|Q8MX83|Q8MX83_APLCA G-prote 100.0 3.2E-37 3.3E-43  280.9   0.0  284   43-347   127-561 (567)
     471 tr|A0A1V9XYQ8|A0A1V9XYQ8_9ACAR 100.0 3.4E-37 3.5E-43  274.1   0.0  301   44-346    97-403 (503)
     472 tr|A0A1V4KM91|A0A1V4KM91_PATFA 100.0 3.5E-37 3.6E-43  273.3   0.0  300   44-351   158-471 (526)
     473 tr|A0A2B4RQG2|A0A2B4RQG2_STYPI 100.0 3.5E-37 3.7E-43  293.8   0.0  291   39-348   395-693 (727)
     474 tr|A0A087X8Q0|A0A087X8Q0_POEFO 100.0 3.5E-37 3.7E-43  277.1   0.0  300   44-353     7-313 (456)
     475 tr|A0A182JGG2|A0A182JGG2_9DIPT 100.0 3.5E-37 3.7E-43  290.2   0.0  302   42-349   118-427 (746)
     476 tr|A0A182Q776|A0A182Q776_9DIPT 100.0 3.6E-37 3.8E-43  287.0   0.0  192   39-245   112-305 (645)
     477 tr|C3YFM9|C3YFM9_BRAFL Unchara 100.0 3.8E-37 3.9E-43  259.8   0.0  283   40-342    66-352 (356)
     478 tr|A0A1B3P987|A0A1B3P987_CANBE 100.0 3.8E-37   4E-43  277.8   0.0  292   44-353   108-463 (476)
     479 tr|A0A0A7DQA3|A0A0A7DQA3_PINFU 100.0 3.8E-37   4E-43  278.8   0.0  282   44-346    83-464 (471)
     480 tr|A0A0C9QDT4|A0A0C9QDT4_9HYME 100.0 3.9E-37 4.2E-43  283.1   0.0  303   36-349    35-358 (582)
     481 tr|A0A088AFE3|A0A088AFE3_APIME 100.0   4E-37 4.2E-43  281.9   0.0  291   43-348   199-518 (576)
     482 tr|A7T2F5|A7T2F5_NEMVE Predict 100.0 4.2E-37 4.4E-43  265.0   0.0  279   48-348    11-295 (378)
     483 tr|A0A1W0XEP8|A0A1W0XEP8_HYPDU 100.0 4.2E-37 4.4E-43  274.5   0.0  299   43-349    64-370 (440)
     484 tr|A0A1S3K679|A0A1S3K679_LINUN 100.0 4.2E-37 4.4E-43  272.2   0.0  295   39-353    49-359 (379)
     485 tr|B3LYB5|B3LYB5_DROAN Unchara 100.0 4.3E-37 4.5E-43  278.1   0.0  289   45-348   131-450 (567)
     486 ERR1719270_1554046             100.0 4.6E-37 4.8E-43  270.1   0.0  304   30-346    54-358 (492)
     487 tr|A0A183ABE7|A0A183ABE7_9TREM 100.0 4.6E-37 4.8E-43  266.7   0.0  302   37-350     6-317 (457)
     488 tr|A0A147AQT9|A0A147AQT9_FUNHE 100.0 4.7E-37 4.9E-43  278.5   0.0  295   40-354    89-471 (633)
     489 tr|A0A183VXK6|A0A183VXK6_TRIRE 100.0 4.9E-37 5.2E-43  283.4   0.0  293   45-348    35-517 (595)
     490 ERR1711953_42588               100.0 4.9E-37 5.2E-43  282.9   0.0  310   43-354    87-470 (565)
     491 tr|B3S198|B3S198_TRIAD Unchara 100.0   5E-37 5.2E-43  271.4   0.0  312   45-376   112-426 (445)
     492 tr|A0A182P8Z5|A0A182P8Z5_9DIPT 100.0 5.1E-37 5.3E-43  275.8   0.0  317   28-354   107-427 (503)
     493 tr|Q294W8|Q294W8_DROPS Unchara 100.0 5.2E-37 5.5E-43  284.7   0.0  181   44-241   150-333 (676)
     494 ERR1719427_52047               100.0 5.8E-37 6.1E-43  273.9   0.0  296   44-347   100-467 (528)
     495 tr|A0A151NSA8|A0A151NSA8_ALLMI 100.0 5.7E-37 6.1E-43  273.8   0.0  271   42-344    87-370 (406)
     496 tr|A0A2C9K1H0|A0A2C9K1H0_BIOGL 100.0   6E-37 6.3E-43  279.4   0.0  288   45-354     7-302 (607)
     497 tr|A0A2B4S130|A0A2B4S130_STYPI 100.0 6.3E-37 6.7E-43  267.5   0.0  291   44-350    35-359 (375)
     498 tr|A0A0K8WE96|A0A0K8WE96_BACLA 100.0 6.4E-37 6.8E-43  279.2   0.0  278   51-343   164-468 (540)
     499 tr|T1G173|T1G173_HELRO Unchara 100.0 6.6E-37 6.8E-43  264.3   0.0  301   42-351    51-377 (413)
     500 tr|A0A1I8BP01|A0A1I8BP01_MELHA 100.0 6.5E-37 6.8E-43  278.4   0.0  285   44-352    91-465 (547)
     
  > Uniprot already searched, skipping.
/projects/ilfgrid/apps/alphafold-2.2.0/prep_MSAs.sh: line 93: /bin/hmmbuild: No such file or directory
/projects/ilfgrid/apps/alphafold-2.2.0/prep_MSAs.sh: line 94: /bin/hmmsearch: No such file or directory
> Running chain B
  > Uniref90 already searched, skipping.
  > Mgnify already searched, skipping.
  > Running hhblits on bfd_uniref30
- 21:59:48.234 INFO: Searching 65983866 column state sequences.

- 21:59:49.566 INFO: Searching 29291635 column state sequences.

- 21:59:49.610 INFO: npff1_human-4445/msas/B/chain_B.fasta is in A2M, A3M or FASTA format

- 21:59:49.611 INFO: Iteration 1

- 21:59:49.618 INFO: Prefiltering database

- 22:00:34.218 INFO: HMMs passed 1st prefilter (gapless profile-profile alignment)  : 74937

- 22:00:55.136 INFO: HMMs passed 1st prefilter (gapless profile-profile alignment)  : 70452

- 22:00:55.211 INFO: HMMs passed 2nd prefilter (gapped profile-profile alignment)   : 142

- 22:00:55.211 INFO: HMMs passed 2nd prefilter and not found in previous iterations : 142

- 22:00:55.211 INFO: Scoring 142 HMMs using HMM-HMM Viterbi alignment

- 22:00:55.269 INFO: Alternative alignment: 0

- 22:00:55.386 INFO: 142 alignments done

- 22:00:55.387 INFO: Alternative alignment: 1

- 22:00:55.390 INFO: 129 alignments done

- 22:00:55.391 INFO: Alternative alignment: 2

- 22:00:55.391 INFO: Alternative alignment: 3

- 22:00:55.476 INFO: Premerge done

- 22:00:55.476 INFO: Realigning 142 HMM-HMM alignments using Maximum Accuracy algorithm

- 22:00:55.505 INFO: 15 sequences belonging to 15 database HMMs found with an E-value < 0.001

- 22:00:55.505 INFO: Number of effective sequences of resulting query HMM: Neff = 2.65255

- 22:00:55.511 INFO: Iteration 2

- 22:00:55.511 INFO: Set premerge to 0! (premerge: 3 iteration: 2 hits.Size: 12)

- 22:00:55.516 INFO: Prefiltering database

- 22:01:38.720 INFO: HMMs passed 1st prefilter (gapless profile-profile alignment)  : 54787

- 22:01:58.001 INFO: HMMs passed 1st prefilter (gapless profile-profile alignment)  : 44984

- 22:01:58.116 INFO: HMMs passed 2nd prefilter (gapped profile-profile alignment)   : 60

- 22:01:58.116 INFO: HMMs passed 2nd prefilter and not found in previous iterations : 48

- 22:01:58.116 INFO: Scoring 48 HMMs using HMM-HMM Viterbi alignment

- 22:01:58.185 INFO: Alternative alignment: 0

- 22:01:58.206 INFO: 48 alignments done

- 22:01:58.206 INFO: Alternative alignment: 1

- 22:01:58.208 INFO: 37 alignments done

- 22:01:58.208 INFO: Alternative alignment: 2

- 22:01:58.208 INFO: Alternative alignment: 3

- 22:01:58.226 INFO: No new hits found in iteration 2 => Stop searching

- 22:01:58.226 INFO: Rescoring previously found HMMs with Viterbi algorithm

- 22:01:58.255 INFO: Alternative alignment: 0

- 22:01:58.257 INFO: 12 alignments done

- 22:01:58.257 INFO: Alternative alignment: 1

- 22:01:58.258 INFO: 12 alignments done

- 22:01:58.258 INFO: Alternative alignment: 2

- 22:01:58.258 INFO: Alternative alignment: 3

- 22:01:58.276 INFO: Realigning 57 HMM-HMM alignments using Maximum Accuracy algorithm

- 22:01:58.293 INFO: 15 sequences belonging to 15 database HMMs found with an E-value < 0.001

- 22:01:58.293 INFO: Number of effective sequences of resulting query HMM: Neff = 2.65255

     Query         neuropeptide SF gtp:4445
     Match_columns 11
     No_of_seqs    35 out of 201
     Neff          2.65255
     Searched_HMMs 169
     Date          Wed Mar  8 22:01:58 2023
     Command       hhblits -i npff1_human-4445/msas/B/chain_B.fasta -cpu 4 -maxmem 20 -oa3m /projects/ilfgrid/people/nqz918/code/deorph/scripts/af_arman/af_jobs_af23/npff1_human/4445//npff1_human-4445/msas/B/bfd_uniref_hits.a3m -o /dev/null -n 3 -e 0.001 -maxseq 1000000 -realign_max 100000 -maxfilt 100000 -min_prefilter_hits 1000 -d /projects/ilfgrid/data/alphafold-genetic-databases///bfd/bfd_metaclust_clu_complete_id30_c90_final_seq.sorted_opt -d /projects/ilfgrid/data/alphafold-genetic-databases///uniref30/UniRef30_2021_03 
     
      No Hit                             Prob E-value P-value  Score    SS Cols Query HMM  Template HMM
       1 UniRef100_A0A060YYF1 Uncharact  97.2 2.5E-05 3.9E-11   42.9   0.0   11    1-11    130-140 (195)
       2 UniRef100_P15507 Morphine-modu  97.2 3.8E-05 3.9E-11   26.6   0.0    8    4-11      1-8   (8)
       3 UniRef100_A0A0M4J2G2 Neuropept  97.2 3.1E-05 4.6E-11   40.4   0.0   11    1-11     70-80  (118)
       4 tr|G3HV36|G3HV36_CRIGR FMRFami  96.8 0.00021 2.6E-10   38.7   0.0   11    1-11     90-100 (132)
       5 UniRef100_A0A096N4V6 Neuropept  96.7 0.00035 4.4E-10   38.3   0.0   11    1-11     92-102 (144)
       6 UniRef100_A0A452IN24 Neuropept  96.4  0.0014 1.4E-09   35.1   0.0   11    1-11     52-62  (101)
       7 tr|F6VVK8|F6VVK8_HORSE Neurope  96.3  0.0012 1.5E-09   35.7   0.0   11    1-11     69-79  (121)
       8 UniRef100_A0A337SJG6 Neuropept  96.0  0.0036 4.2E-09   36.0   0.0   11    1-11    141-151 (193)
       9 UniRef100_UPI00192F1767 pro-FM  96.0  0.0042 4.3E-09   34.4   0.0   11    1-11     80-90  (130)
      10 UniRef100_G1QCF8 Neuropeptide   96.0  0.0038 4.5E-09   35.0   0.0   11    1-11    101-111 (148)
      11 UniRef100_UPI00193FDCC1 pro-FM  95.8  0.0072 7.4E-09   35.4   0.0   11    1-11    161-171 (211)
      12 UniRef100_UPI000FFD10C8 pro-FM  95.7  0.0083 9.4E-09   34.2   0.0   11    1-11    118-128 (165)
      13 UniRef100_UPI0013965FEB pro-FM  95.7  0.0092 9.4E-09   34.4   0.0   11    1-11    149-159 (174)
      14 UniRef100_A0A3L7IB87 NPFF n=2   95.5   0.016 1.6E-08   33.7   0.0   11    1-11    141-151 (183)
      15 UniRef100_A0A401RT52 Uncharact  95.4   0.019   2E-08   31.5   0.0   11    1-11     56-66  (107)
      16 UniRef100_A0A6I8N586 Uncharact  95.3   0.023 2.4E-08   30.8   0.0   10    2-11     56-65  (97)
      17 UniRef100_A0A7F8KF75 LOW QUALI  95.1    0.03 3.1E-08   33.9   0.0   11    1-11    221-231 (260)
      18 UniRef100_A0A2U9BF01 Putative   94.8   0.044 5.2E-08   32.7   0.0    9    3-11    179-187 (225)
      19 UniRef100_S4RG89 Uncharacteriz  94.5   0.076 7.8E-08   29.1   0.0   10    2-11     49-58  (98)
      20 UniRef100_A0A091CUH3 FMRFamide  94.4   0.091 9.4E-08   27.9   0.0   10    1-10     66-75  (75)
      21 UniRef100_A0A672K5F7 Uncharact  94.3   0.094 9.7E-08   28.4   0.0   10    1-10     36-45  (87)
      22 UniRef100_A0A673ZGZ1 Uncharact  94.3   0.097   1E-07   28.6   0.0   10    1-10     62-71  (94)
      23 UniRef100_Q2HWR1 PQRFamide pep  94.1    0.12 1.3E-07   29.8   0.0   10    2-11     97-106 (146)
      24 UniRef100_A0A2I4AVR7 pro-FMRFa  93.7    0.17 1.8E-07   29.9   0.0    9    3-11    129-137 (175)
      25 UniRef100_A0A6J0SZL4 pro-FMRFa  93.3    0.25 2.7E-07   30.4   0.0    9    3-11    201-209 (248)
      26 UniRef100_UPI001B347E8D UPI001  92.8    0.38 3.9E-07   29.0   0.0   11    1-11    144-154 (191)
      27 UniRef100_A0A5A9NF49 Uncharact  92.6    0.45 4.6E-07   28.5   0.0   10    1-10     63-72  (178)
      28 UniRef100_A0A143GF77 Uncharact  87.6     3.4 3.5E-06   21.0   0.0    8    3-10     27-34  (43)
      29 UniRef100_UPI001A9D2E25 hypoth  86.1     4.9   5E-06   22.7   0.0   10    1-10      3-12  (86)
      30 UniRef100_A0A183IUU6 Uncharact  84.8     6.4 6.6E-06   21.6   0.0   10    2-11      2-11  (68)
      31 UniRef100_A0A3C0WML2 Uncharact  83.8     7.7   8E-06   22.8   0.0    9    2-10     89-97  (110)
      32 ERR1700691_5778511              83.0     8.5   9E-06   22.7   0.0   10    1-10     73-82  (113)
      33 UniRef100_A0A768PEP1 Type IV s  82.3     9.9   1E-05   20.2   0.0    9    2-10     21-29  (51)
      34 SRR5258706_8629472              81.2      11 1.2E-05   22.3   0.0   10    1-10     66-75  (110)
      35 UniRef100_A0A183W0Z1 DAGKa dom  80.8      12 1.3E-05   21.1   0.0   10    1-10     43-52  (77)
      36 UniRef100_A0A7E4WD22 Uncharact  80.7      12 1.3E-05   20.7   0.0   10    1-10     24-33  (68)
      37 UniRef100_K8AZG9 Uncharacteriz  80.4      13 1.3E-05   20.3   0.0   10    1-10     26-35  (61)
      38 UniRef100_A0A0S7MFU3 PPUP8901   80.0      14 1.4E-05   22.3   0.0    9    2-10     56-64  (126)
      39 UniRef100_A0A3D0N601 Uncharact  79.0      16 1.6E-05   21.6   0.0    9    2-10     79-87  (102)
      40 UniRef100_A0A0E0FYC1 Uncharact  78.9      16 1.6E-05   22.3   0.0    9    2-10      8-16  (134)
      41 UniRef100_A0A1J3KAY2 Uncharact  78.9      16 1.6E-05   20.6   0.0   10    1-10     16-25  (74)
      42 UniRef100_A0A7V0MKP1 Uncharact  77.9      18 1.8E-05   24.3   0.0    9    2-10    233-241 (319)
      43 SRR5215831_10555263             77.3      18   2E-05   22.2   0.0   10    1-10     69-78  (141)
      44 UniRef100_A0A2S8N8R0 D-inosito  74.8      25 2.6E-05   20.4   0.0   10    1-10     10-19  (85)
      45 UniRef100_A0A7R9HZY2 Hypotheti  73.4      29   3E-05   20.8   0.0   11    1-11     12-22  (108)
      46 UniRef100_A0A1A8CFP2 Uncharact  66.6      52 5.4E-05   19.0   0.0   10    1-10     55-64  (74)
      47 UniRef100_A0A1G1Y1R2 Uncharact  66.2      54 5.5E-05   18.7   0.0   10    1-10     35-44  (69)
      48 UniRef100_A0A7S1ZSP9 Hypotheti  65.8      55 5.7E-05   20.8   0.0   10    1-10    112-121 (154)
      49 UniRef100_A0A6J4I8T9 Uncharact  64.2      63 6.4E-05   16.9   0.0   10    1-10     10-19  (38)
      50 UniRef100_A0A6L5DHZ8 Uncharact  64.0      64 6.6E-05   21.7   0.0   10    1-10    177-186 (249)
      51 UniRef100_A0A0Q6NEC3 Uncharact  63.8      50 6.6E-05   18.7   0.0   10    1-10      6-15  (76)
      52 UniRef100_A0A6A5ZLJ6 Uncharact  61.1      78   8E-05   18.9   0.0   10    1-10     12-21  (89)
      53 UniRef100_A0A699YSQ3 Uncharact  60.9      79 8.2E-05   18.6   0.0    9    2-10     39-47  (80)
      54 UniRef100_A0A4V3UNI4 Uncharact  57.3   1E+02  0.0001   21.3   0.0    9    2-10    200-208 (281)
      55 UniRef100_UPI0008367F3F hypoth  50.8 1.5E+02 0.00016   17.7   0.0   10    2-11     58-67  (80)
      56 UniRef100_A0A5B0NDH4 Uncharact  50.4 1.6E+02 0.00016   21.3   0.0   10    1-10    274-283 (393)
      57 UniRef100_A0A7S0VGJ0 Hypotheti  39.1 3.1E+02 0.00031   17.5   0.0   10    1-10     88-97  (116)
     
  > Uniprot already searched, skipping.
/projects/ilfgrid/apps/alphafold-2.2.0/prep_MSAs.sh: line 93: /bin/hmmbuild: No such file or directory
/projects/ilfgrid/apps/alphafold-2.2.0/prep_MSAs.sh: line 94: /bin/hmmsearch: No such file or directory

>> Job finished at: Wed Mar  8 22:02:03 CET 2023

>> Runtime: 911 s
