>> Job started at: Thu Mar  9 11:40:41 CET 2023
   On Machine:     ilfgridgpun01fl.unicph.domain
   In directory:   /projects/ilfgrid/people/nqz918/code/deorph/scripts/af_arman/af_jobs_af23/ur2r_rat/2155

>> GPU is 

Loaded miniconda shell environment for bash
> Running 'prep_MSAs.sh'
  > Alphafold-DB directory is set to /projects/ilfgrid/data/alphafold-genetic-databases//
  > Number of cores was set to set to 4
  > Max memory set to 20 GB
  > Output directory was set to /projects/ilfgrid/people/nqz918/code/deorph/scripts/af_arman/af_jobs_af23/ur2r_rat/2155/
  > Input fastafile was set to /projects/ilfgrid/people/nqz918/code/deorph/scripts/af_arman/af_jobs_af23/ur2r_rat/2155/ur2r_rat-2155.fasta
> Splitting fastafile
> Running chain A
  > Uniref90 already searched, skipping.
  > Mgnify already searched, skipping.
  > Running hhblits on bfd_uniref30
- 11:41:02.799 INFO: Searching 65983866 column state sequences.

- 11:41:03.788 INFO: Searching 29291635 column state sequences.

- 11:41:03.825 INFO: ur2r_rat-2155/msas/A/chain_A.fasta is in A2M, A3M or FASTA format

- 11:41:03.825 INFO: Iteration 1

- 11:41:03.939 INFO: Prefiltering database

- 11:42:17.479 INFO: HMMs passed 1st prefilter (gapless profile-profile alignment)  : 2651691

- 11:43:09.729 INFO: HMMs passed 1st prefilter (gapless profile-profile alignment)  : 1099856

- 11:43:14.118 INFO: HMMs passed 2nd prefilter (gapped profile-profile alignment)   : 30923

- 11:43:14.118 INFO: HMMs passed 2nd prefilter and not found in previous iterations : 30923

- 11:43:14.118 INFO: Scoring 30923 HMMs using HMM-HMM Viterbi alignment

- 11:43:14.165 INFO: Alternative alignment: 0

- 11:43:15.207 INFO: 2000 alignments done

- 11:43:15.920 INFO: 4000 alignments done

- 11:43:16.526 INFO: 6000 alignments done

- 11:43:29.606 INFO: 8000 alignments done

- 11:43:30.559 INFO: 10000 alignments done

- 11:43:31.519 INFO: 12000 alignments done

- 11:43:32.184 INFO: 14000 alignments done

- 11:43:32.670 INFO: 16000 alignments done

- 11:43:33.185 INFO: 18000 alignments done

- 11:43:33.720 INFO: 20000 alignments done

- 11:43:34.254 INFO: 22000 alignments done

- 11:43:34.783 INFO: 24000 alignments done

- 11:43:35.387 INFO: 26000 alignments done

- 11:43:35.898 INFO: 28000 alignments done

- 11:43:37.836 INFO: 30000 alignments done

- 11:43:39.587 INFO: 30923 alignments done

- 11:43:39.590 INFO: Alternative alignment: 1

- 11:43:48.554 INFO: 30745 alignments done

- 11:43:48.606 INFO: Alternative alignment: 2

- 11:43:51.235 INFO: 6978 alignments done

- 11:43:51.274 INFO: Alternative alignment: 3

- 11:43:51.753 INFO: 1063 alignments done

- 11:43:52.464 INFO: Premerge done

- 11:43:52.464 INFO: Realigning 11491 HMM-HMM alignments using Maximum Accuracy algorithm

- 11:44:56.777 INFO: 11494 sequences belonging to 11494 database HMMs found with an E-value < 0.001

- 11:44:56.778 INFO: Number of effective sequences of resulting query HMM: Neff = 9.74042

- 11:44:56.971 INFO: Iteration 2

- 11:44:56.971 INFO: Set premerge to 0! (premerge: 3 iteration: 2 hits.Size: 11491)

- 11:44:57.094 INFO: Prefiltering database

- 11:46:08.375 INFO: HMMs passed 1st prefilter (gapless profile-profile alignment)  : 14699834

- 11:47:23.363 INFO: HMMs passed 1st prefilter (gapless profile-profile alignment)  : 3746550

- 11:47:36.572 INFO: HMMs passed 2nd prefilter (gapped profile-profile alignment)   : 131163

- 11:47:36.572 INFO: HMMs passed 2nd prefilter and not found in previous iterations : 119901

- 11:47:36.572 INFO: Scoring 119901 HMMs using HMM-HMM Viterbi alignment

- 11:47:36.621 INFO: Alternative alignment: 0

- 11:47:37.541 INFO: 2000 alignments done

- 11:47:38.421 INFO: 4000 alignments done

- 11:47:39.102 INFO: 6000 alignments done

- 11:47:39.764 INFO: 8000 alignments done

- 11:47:40.677 INFO: 10000 alignments done

- 11:47:43.888 INFO: 12000 alignments done

- 11:47:43.890 INFO: Stop after DB-HHM: 12000 because early stop  17.9555 < filter cutoff 20

- 11:47:43.890 INFO: Alternative alignment: 1

- 11:47:47.661 INFO: 9481 alignments done

- 11:47:47.669 INFO: Alternative alignment: 2

- 11:47:48.096 INFO: 773 alignments done

- 11:47:48.097 INFO: Alternative alignment: 3

- 11:47:48.191 INFO: 120 alignments done

- 11:47:48.277 INFO: Realigning 4878 HMM-HMM alignments using Maximum Accuracy algorithm

- 11:48:31.323 INFO: 16372 sequences belonging to 16372 database HMMs found with an E-value < 0.001

- 11:48:31.323 INFO: Number of effective sequences of resulting query HMM: Neff = 10.215

- 11:48:31.421 INFO: Iteration 3

- 11:48:31.539 INFO: Prefiltering database

- 11:49:45.472 INFO: HMMs passed 1st prefilter (gapless profile-profile alignment)  : 13217975

- 11:50:58.959 INFO: HMMs passed 1st prefilter (gapless profile-profile alignment)  : 3534963

- 11:51:11.165 INFO: HMMs passed 2nd prefilter (gapped profile-profile alignment)   : 120508

- 11:51:11.165 INFO: HMMs passed 2nd prefilter and not found in previous iterations : 104455

- 11:51:11.165 INFO: Scoring 104455 HMMs using HMM-HMM Viterbi alignment

- 11:51:11.214 INFO: Alternative alignment: 0

- 11:51:11.884 INFO: 2000 alignments done

- 11:51:12.528 INFO: 4000 alignments done

- 11:51:14.270 INFO: 6000 alignments done

- 11:51:17.012 INFO: 8000 alignments done

- 11:51:28.123 INFO: 10000 alignments done

- 11:51:28.134 INFO: Stop after DB-HHM: 10000 because early stop  10.4238 < filter cutoff 20

- 11:51:28.134 INFO: Alternative alignment: 1

- 11:51:30.928 INFO: 6021 alignments done

- 11:51:30.935 INFO: Alternative alignment: 2

- 11:51:31.221 INFO: 543 alignments done

- 11:51:31.229 INFO: Alternative alignment: 3

- 11:51:31.297 INFO: 88 alignments done

- 11:51:31.386 INFO: Rescoring previously found HMMs with Viterbi algorithm

- 11:51:31.421 INFO: Alternative alignment: 0

- 11:51:32.008 INFO: 2000 alignments done

- 11:51:32.594 INFO: 4000 alignments done

- 11:51:33.192 INFO: 6000 alignments done

- 11:51:33.785 INFO: 8000 alignments done

- 11:51:34.383 INFO: 10000 alignments done

- 11:51:34.955 INFO: 12000 alignments done

- 11:51:35.520 INFO: 14000 alignments done

- 11:51:36.096 INFO: 16000 alignments done

- 11:51:36.124 INFO: 16052 alignments done

- 11:51:36.124 INFO: Alternative alignment: 1

- 11:51:41.250 INFO: 16052 alignments done

- 11:51:41.271 INFO: Alternative alignment: 2

- 11:51:41.785 INFO: 1109 alignments done

- 11:51:41.806 INFO: Alternative alignment: 3

- 11:51:41.905 INFO: 157 alignments done

- 11:51:42.123 INFO: Premerge done

- 11:51:42.124 INFO: Realigning 16754 HMM-HMM alignments using Maximum Accuracy algorithm

- 11:52:19.200 INFO: 16808 sequences belonging to 16808 database HMMs found with an E-value < 0.001

- 11:52:19.200 INFO: Number of effective sequences of resulting query HMM: Neff = 10.2329

     Query         ur2r_rat P49684
     Match_columns 386
     No_of_seqs    2774 out of 222054
     Neff          10.2329
     Searched_HMMs 145972
     Date          Thu Mar  9 11:52:19 2023
     Command       hhblits -i ur2r_rat-2155/msas/A/chain_A.fasta -cpu 4 -maxmem 20 -oa3m /projects/ilfgrid/people/nqz918/code/deorph/scripts/af_arman/af_jobs_af23/ur2r_rat/2155//ur2r_rat-2155/msas/A/bfd_uniref_hits.a3m -o /dev/null -n 3 -e 0.001 -maxseq 1000000 -realign_max 100000 -maxfilt 100000 -min_prefilter_hits 1000 -d /projects/ilfgrid/data/alphafold-genetic-databases///bfd/bfd_metaclust_clu_complete_id30_c90_final_seq.sorted_opt -d /projects/ilfgrid/data/alphafold-genetic-databases///uniref30/UniRef30_2021_03 
     
      No Hit                             Prob E-value P-value  Score    SS Cols Query HMM  Template HMM
       1 tr|A0A1A6H052|A0A1A6H052_NEOLE 100.0 1.4E-71 1.5E-77  484.9   0.0  383    1-383    47-429 (490)
       2 UniRef100_A0A091DZ86 Urotensin 100.0 1.1E-69 1.1E-75  474.7   0.0  381    1-383   113-493 (543)
       3 tr|A0A1U7T905|A0A1U7T905_TARSY 100.0 2.1E-68 2.2E-74  465.3   0.0  380    1-383     1-380 (513)
       4 UniRef100_A0A1A6H052 Urotensin 100.0   4E-63 4.2E-69  432.3   0.0  382    1-382   143-524 (642)
       5 UniRef100_A0A060Y554 Urotensin 100.0 3.1E-61 3.3E-67  427.8   0.0  331   43-380    93-428 (493)
       6 UniRef100_A0A1U7T905 Urotensin 100.0   2E-59 2.1E-65  406.5   0.0  378    1-381     1-378 (674)
       7 UniRef100_A0A060X3E8 Urotensin 100.0 1.2E-58 1.2E-64  394.4   0.0  354   18-380    66-419 (461)
       8 UniRef100_A0A0P7YKB6 Urotensin 100.0 9.1E-58 9.4E-64  386.4   0.0  331   43-381    65-395 (474)
       9 tr|A0A060Y7L7|A0A060Y7L7_ONCMY 100.0 1.6E-55 1.7E-61  382.8   0.0  330   42-378    85-424 (428)
      10 UniRef100_A0A7J7SFI1 Urotensin 100.0 2.9E-55   3E-61  372.8   0.0  364    1-373    30-393 (427)
      11 UniRef100_A0A444UEU9 Urotensin 100.0 9.7E-55   1E-60  368.8   0.0  367    9-383   158-524 (527)
      12 UniRef100_A0A024FLF0 PQRFa pep 100.0 7.4E-53 8.1E-59  382.2   0.0  286   50-336    48-346 (413)
      13 UniRef100_A0A1S3HKE5 allatosta 100.0 2.2E-52 2.3E-58  378.4   0.0  284   51-335    82-374 (462)
      14 UniRef100_A0A6I9YJY7 Urotensin 100.0 6.1E-52 6.3E-58  368.3   0.0  349   26-382   499-847 (851)
      15 UniRef100_A0A0K0PUX7 Orphan G- 100.0   1E-51 1.1E-57  373.9   0.0  288   50-338    61-356 (471)
      16 UniRef100_A0A087RJN6 Somatosta 100.0 1.2E-51 1.3E-57  372.7   0.0  286   48-338    57-345 (391)
      17 tr|A0A0P7U387|A0A0P7U387_9TELE 100.0 1.5E-51 1.6E-57  364.7   0.0  285   50-338   127-417 (556)
      18 UniRef100_A0A6P4Z4S7 G-protein 100.0 1.9E-51 2.1E-57  375.3   0.0  288   50-338    58-353 (417)
      19 tr|M3ZFE6|M3ZFE6_XIPMA Somatos 100.0 3.8E-51   4E-57  360.0   0.0  285   49-339   102-392 (525)
      20 UniRef100_A0A026X3T6 Allatosta 100.0 4.3E-51 4.5E-57  370.1   0.0  286   51-338   139-427 (540)
      21 UniRef100_A0A1N7TCF1 Galanin r 100.0 6.2E-51 6.6E-57  359.1   0.0  290   47-338    67-362 (407)
      22 UniRef100_A0A060YPK6 Urotensin 100.0 6.4E-51 6.8E-57  360.4   0.0  288   46-333   109-406 (470)
      23 tr|A0A0F8ARD3|A0A0F8ARD3_LARCR 100.0 7.3E-51 7.6E-57  354.5   0.0  286   51-340    53-342 (464)
      24 UniRef100_A0A060W5Z4 G_PROTEIN 100.0 1.1E-50 1.1E-56  369.2   0.0  282   51-338   190-476 (593)
      25 UniRef100_A0A0K0PUR1 Orphan G- 100.0 1.5E-50 1.7E-56  369.6   0.0  286   48-334   111-409 (530)
      26 UniRef100_A0A060X1Q6 Somatosta 100.0 1.7E-50 1.8E-56  371.6   0.0  285   50-338   138-426 (604)
      27 UniRef100_A0A6P4Y4T1 galanin r 100.0 3.1E-50 3.4E-56  354.3   0.0  288   50-338    57-353 (410)
      28 UniRef100_A0A141CIT8 G protein 100.0 3.4E-50 3.6E-56  360.3   0.0  286   49-336    84-376 (488)
      29 UniRef100_A0A060X690 G_PROTEIN 100.0 3.5E-50 3.8E-56  348.5   0.0  287   51-338    46-337 (386)
      30 tr|A0A1L8G1N6|A0A1L8G1N6_XENLA 100.0 3.6E-50 3.8E-56  352.4   0.0  284   49-338   114-400 (448)
      31 UniRef100_A0A077YWL6 Somatosta 100.0   4E-50 4.3E-56  365.8   0.0  286   52-338    66-362 (446)
      32 UniRef100_A0A023F675 Putative  100.0 6.1E-50 6.6E-56  369.4   0.0  287   49-337   124-420 (530)
      33 UniRef100_A0A6P4XD29 neuropept 100.0 1.3E-49 1.4E-55  348.4   0.0  288   50-338    40-344 (385)
      34 UniRef100_A0A2B4SDF9 Neuropept 100.0 1.6E-49 1.7E-55  353.3   0.0  285   48-335    86-378 (455)
      35 UniRef100_A0A2B4S7K2 Histamine 100.0 2.1E-49 2.3E-55  353.5   0.0  286   49-341    30-332 (369)
      36 UniRef100_A0A087XDT1 Somatosta 100.0 3.5E-49 3.7E-55  355.9   0.0  285   49-339   166-456 (676)
      37 UniRef100_A0A087T336 Somatosta 100.0 4.6E-49 4.9E-55  347.5   0.0  287   52-338    78-369 (454)
      38 UniRef100_A0A091EBV8 Type-1 an 100.0 5.3E-49 5.6E-55  367.1   0.0  281   50-338   346-632 (715)
      39 tr|G3S2I3|G3S2I3_GORGO Opioid  100.0 6.5E-49 6.8E-55  343.8   0.0  287   49-337   160-450 (492)
      40 UniRef100_A0A026W5R0 Orexin re 100.0 8.2E-49 8.8E-55  358.5   0.0  283   52-337   118-427 (529)
      41 UniRef100_A0A1D2M4J2 Neuropept 100.0 9.7E-49   1E-54  351.0   0.0  283   51-335   126-422 (497)
      42 UniRef100_A0A026WW28 Neuropept 100.0 1.4E-48 1.5E-54  357.8   0.0  290   47-338    84-382 (552)
      43 tr|S9YJE2|S9YJE2_CAMFR Somatos 100.0 1.4E-48 1.5E-54  337.3   0.0  288   49-338   110-402 (438)
      44 UniRef100_A0A0K0PUL8 Allatosta 100.0 1.5E-48 1.6E-54  345.4   0.0  286   51-338    50-346 (396)
      45 UniRef100_A0A060VUW6 G_PROTEIN 100.0 2.1E-48 2.3E-54  365.9   0.0  280   50-337   116-440 (574)
      46 UniRef100_A0A026WTK8 Tachykini 100.0 2.3E-48 2.4E-54  352.9   0.0  283   51-335    89-387 (556)
      47 UniRef100_A0A2B4RSM5 Neuropept 100.0 2.6E-48 2.8E-54  343.0   0.0  284   49-338    34-326 (417)
      48 UniRef100_A0A154PKR3 Tachykini 100.0 2.7E-48 2.9E-54  348.4   0.0  281   51-333    76-371 (457)
      49 tr|C3XVS5|C3XVS5_BRAFL Unchara 100.0   3E-48 3.2E-54  337.3   0.0  286   51-338    67-365 (425)
      50 UniRef100_A0A2B4SKI0 Tachykini 100.0 3.2E-48 3.5E-54  359.6   0.0  283   52-336    92-390 (469)
      51 UniRef100_A0A0K0PUT9 Excitator 100.0   4E-48 4.4E-54  352.3   0.0  283   51-335   103-400 (474)
      52 tr|A0A091DWF1|A0A091DWF1_FUKDA 100.0 4.6E-48 4.8E-54  333.8   0.0  285   51-339   156-444 (483)
      53 UniRef100_A0A023F3V9 Putative  100.0   5E-48 5.2E-54  347.1   0.0  286   52-337   133-424 (574)
      54 UniRef100_A0A139WB32 Tachykini 100.0   5E-48 5.3E-54  340.7   0.0  286   51-338    43-344 (405)
      55 UniRef100_A0A060VSP8 5-hydroxy 100.0 5.4E-48 5.8E-54  348.5   0.0  281   51-339    87-418 (479)
      56 UniRef100_A0A060X360 G_PROTEIN 100.0 6.3E-48 6.7E-54  341.5   0.0  284   52-338   100-390 (477)
      57 UniRef100_A0A210QEM7 Neuropept 100.0 8.7E-48 9.2E-54  338.0   0.0  290   48-338    47-348 (416)
      58 UniRef100_A0A091DWF1 Somatosta 100.0 1.2E-47 1.2E-53  339.1   0.0  284   51-338   155-442 (523)
      59 UniRef100_A0A2G8KL37 Cholecyst 100.0 1.4E-47 1.4E-53  340.0   0.0  284   53-337   100-431 (493)
      60 UniRef100_A0A060VVF8 G_PROTEIN 100.0 1.3E-47 1.5E-53  351.9   0.0  283   51-336   139-433 (511)
      61 UniRef100_A0A177B9B5 Rhodopsin 100.0 2.1E-47 2.2E-53  337.2   0.0  281   52-335    91-401 (464)
      62 UniRef100_A0A061INJ6 Pyrogluta 100.0 2.1E-47 2.3E-53  355.6   0.0  285   51-335   152-457 (594)
      63 tr|A0A1I8PIJ9|A0A1I8PIJ9_STOCA 100.0 2.6E-47 2.7E-53  348.5   0.0  286   51-338   169-469 (680)
      64 UniRef100_A0A369RW72 Octopamin 100.0 2.6E-47 2.9E-53  348.1   0.0  274   53-332    56-354 (412)
      65 tr|A0A2C9JWF9|A0A2C9JWF9_BIOGL 100.0 2.8E-47   3E-53  340.9   0.0  286   51-338    65-367 (403)
      66 UniRef100_A0A0K0PUI9 Orphan G- 100.0 2.9E-47 3.1E-53  351.5   0.0  285   51-338   101-409 (534)
      67 UniRef100_A0A6J8CLU9 HCRTR2 n= 100.0   3E-47 3.2E-53  333.1   0.0  287   52-339    53-361 (422)
      68 UniRef100_A0A087UNN0 Neuropept 100.0 3.7E-47 3.9E-53  337.1   0.0  280   51-332    93-387 (470)
      69 tr|C3XSP5|C3XSP5_BRAFL Unchara 100.0 3.8E-47   4E-53  325.7   0.0  286   51-338    27-328 (403)
      70 UniRef100_A0A087X575 NPY-Y2 re 100.0 4.4E-47 4.7E-53  334.6   0.0  286   51-338    73-373 (426)
      71 UniRef100_A0A2B4RHL7 Galanin r 100.0 5.4E-47 5.7E-53  326.6   0.0  278   52-338    33-312 (406)
      72 tr|V8PD93|V8PD93_OPHHA Type-2  100.0 5.8E-47 6.3E-53  340.8   0.0  284   52-338    76-370 (412)
      73 tr|A0A1W2W3E6|A0A1W2W3E6_CIOIN 100.0 6.2E-47 6.5E-53  332.6   0.0  287   50-338    56-353 (487)
      74 UniRef100_A0A2G8L6L1 Putative  100.0 6.1E-47 6.5E-53  331.8   0.0  284   51-338    35-326 (407)
      75 tr|A0A218UJN6|A0A218UJN6_9PASE 100.0 6.7E-47   7E-53  318.7   0.0  324    1-382    53-379 (383)
      76 UniRef100_A0A068YB14 Neuropept 100.0   9E-47 9.8E-53  343.2   0.0  289   50-339    53-355 (448)
      77 UniRef100_A0A164MD49 Putative  100.0   1E-46 1.1E-52  336.6   0.0  284   54-338    52-397 (498)
      78 UniRef100_A0A0K0PUH1 Orphan G- 100.0   1E-46 1.1E-52  325.5   0.0  284   52-337    53-349 (413)
      79 UniRef100_A0A1S3H6K0 neuropept 100.0 1.1E-46 1.1E-52  345.0   0.0  280   51-331    56-351 (470)
      80 UniRef100_A0A077Z2H9 Putative  100.0 1.1E-46 1.2E-52  340.9   0.0  282   52-333    72-393 (477)
      81 tr|A0A1W4ZX05|A0A1W4ZX05_9TELE 100.0 1.1E-46 1.2E-52  336.7   0.0  289   48-337    66-386 (480)
      82 UniRef100_A0A023F668 Putative  100.0 1.3E-46 1.3E-52  332.1   0.0  287   49-337    83-378 (484)
      83 UniRef100_A0A061A7W5 G_PROTEIN 100.0 1.4E-46 1.5E-52  340.0   0.0  280   50-336    60-358 (473)
      84 UniRef100_A0A060W9T7 G_PROTEIN 100.0 1.8E-46 1.9E-52  333.7   0.0  284   50-335   184-471 (616)
      85 UniRef100_A0A060X5Z5 G_PROTEIN 100.0 1.8E-46 1.9E-52  343.0   0.0  276   52-336    84-384 (522)
      86 UniRef100_A0A0C9QBK4 GHSR_0 pr 100.0   2E-46 2.2E-52  352.3   0.0  284   51-334   172-472 (591)
      87 tr|A0A1V4J9T1|A0A1V4J9T1_PATFA 100.0 2.2E-46 2.3E-52  321.9   0.0  286   50-337    67-356 (461)
      88 tr|A0A182G4E1|A0A182G4E1_AEDAL 100.0 2.2E-46 2.4E-52  337.6   0.0  288   49-338    65-372 (534)
      89 UniRef100_A0A2B4S0J6 Somatosta 100.0 2.3E-46 2.5E-52  346.5   0.0  282   49-333    81-376 (457)
      90 UniRef100_A0A1S3J712 QRFP-like 100.0 2.3E-46 2.5E-52  340.3   0.0  277   56-334    72-369 (507)
      91 tr|A0A1D1UXI1|A0A1D1UXI1_RAMVA 100.0 2.6E-46 2.7E-52  330.8   0.0  287   50-338    80-377 (499)
      92 tr|W4Z2N2|W4Z2N2_STRPU Unchara 100.0 2.9E-46   3E-52  320.3   0.0  288   50-338    55-354 (406)
      93 UniRef100_A0A068WW83 Allatosta 100.0 3.1E-46 3.4E-52  340.0   0.0  278   49-330    64-347 (432)
      94 tr|A0A0P4XBU7|A0A0P4XBU7_9CRUS 100.0 3.4E-46 3.6E-52  341.5   0.0  285   51-336    60-415 (557)
      95 UniRef100_A0A034WDF0 Allatosta 100.0 3.4E-46 3.6E-52  336.3   0.0  285   51-337    95-386 (459)
      96 UniRef100_A0A1D1W534 G_PROTEIN 100.0 3.4E-46 3.7E-52  344.0   0.0  285   53-338    80-435 (492)
      97 UniRef100_A0A3M6T6P4 G_PROTEIN 100.0 3.5E-46 3.7E-52  335.0   0.0  281   57-339    61-357 (465)
      98 UniRef100_A0A026WK40 Cholecyst 100.0 3.7E-46   4E-52  349.3   0.0  284   54-338   157-545 (656)
      99 UniRef100_A0A3M6U5X4 G_PROTEIN 100.0 3.9E-46 4.2E-52  319.3   0.0  279   50-335    37-319 (339)
     100 tr|A0A1I8M930|A0A1I8M930_MUSDO 100.0 4.4E-46 4.6E-52  353.4   0.0  276   51-333   188-575 (963)
     101 tr|L7LZ94|L7LZ94_9ACAR Putativ 100.0 4.5E-46 4.8E-52  323.3   0.0  287   51-338   102-394 (438)
     102 UniRef100_A0A2H8TNJ5 Neuropept 100.0 4.7E-46   5E-52  333.1   0.0  285   50-335   154-452 (528)
     103 UniRef100_A0A060X0R7 Uncharact 100.0 4.9E-46 5.1E-52  315.8   0.0  286   49-338    55-344 (383)
     104 UniRef100_A0A0K0PUH3 Allatotro 100.0 5.1E-46 5.4E-52  325.6   0.0  284   52-338    69-375 (424)
     105 UniRef100_A0A0A1WLH2 Somatosta 100.0 5.3E-46 5.6E-52  338.5   0.0  288   51-338   216-509 (667)
     106 tr|A0A1I8MQS0|A0A1I8MQS0_MUSDO 100.0   6E-46 6.4E-52  340.3   0.0  289   50-338   148-441 (572)
     107 tr|A0A218VDE9|A0A218VDE9_9PASE 100.0 6.9E-46 7.2E-52  324.5   0.0  279   51-335    23-306 (556)
     108 tr|A0A0P7U0M1|A0A0P7U0M1_9TELE 100.0 7.7E-46 8.1E-52  319.9   0.0  285   52-338   102-413 (440)
     109 UniRef100_A0A1L8FNX2 G_PROTEIN 100.0 9.1E-46 9.8E-52  328.2   0.0  276   51-334    62-341 (400)
     110 UniRef100_A0A2B4SKX3 Cholecyst 100.0 1.1E-45 1.1E-51  326.2   0.0  278   54-338    74-414 (428)
     111 UniRef100_A7RGN9 Predicted pro 100.0 1.1E-45 1.2E-51  314.7   0.0  283   45-335    24-313 (317)
     112 UniRef100_A0A023ETT6 Putative  100.0 1.2E-45 1.3E-51  330.3   0.0  287   52-338   154-448 (612)
     113 UniRef100_A0A0B4LHT6 RYamide r 100.0 1.2E-45 1.3E-51  334.4   0.0  280   52-334   115-409 (524)
     114 UniRef100_A0A0L7KZ56 Neuropept 100.0 1.4E-45 1.5E-51  330.2   0.0  282   51-334    86-383 (509)
     115 UniRef100_A0A6P4ZPQ5 G-protein 100.0 1.7E-45 1.8E-51  315.9   0.0  286   51-339    42-335 (420)
     116 UniRef100_A0A0L8HHE2 G_PROTEIN 100.0 1.7E-45 1.8E-51  325.0   0.0  283   55-338     4-301 (385)
     117 UniRef100_A0A060VV87 Kappa-typ 100.0 1.8E-45 1.9E-51  328.8   0.0  281   53-335   192-476 (586)
     118 UniRef100_A0A1V9XU68 Tyramine/ 100.0 1.9E-45   2E-51  326.3   0.0  280   51-338    52-355 (408)
     119 UniRef100_A0A1S3KA35 Alpha-1B  100.0   2E-45 2.1E-51  334.7   0.0  283   48-338    86-421 (551)
     120 UniRef100_A0A2B4SC76 Substance 100.0   2E-45 2.1E-51  335.2   0.0  284   50-336    53-352 (461)
     121 tr|A0A146U732|A0A146U732_FUNHE 100.0 2.1E-45 2.3E-51  350.2   0.0  285   51-335   191-546 (590)
     122 UniRef100_A0A151N382 Galanin r 100.0 2.2E-45 2.3E-51  310.0   0.0  286   51-338    30-318 (392)
     123 UniRef100_A0A0K0PUV0 FVRIamide 100.0 2.3E-45 2.5E-51  330.2   0.0  274   52-332    53-374 (458)
     124 tr|A0A0N8JZL4|A0A0N8JZL4_9TELE 100.0 2.5E-45 2.6E-51  325.5   0.0  288   50-338   103-414 (482)
     125 UniRef100_A0A068WKU9 Neuropept 100.0   3E-45 3.2E-51  325.5   0.0  280   51-334    72-365 (451)
     126 UniRef100_A0A1L8GQY3 Alpha-1B  100.0 3.5E-45 3.7E-51  326.1   0.0  284   47-338    42-370 (510)
     127 UniRef100_A0A044T5H8 G_PROTEIN 100.0 3.9E-45 4.2E-51  336.2   0.0  282   51-338   245-570 (693)
     128 UniRef100_A0A060XC03 Beta-2 ad 100.0 4.2E-45 4.5E-51  326.2   0.0  285   50-339   101-416 (548)
     129 tr|K1QHX9|K1QHX9_CRAGI Somatos 100.0 4.2E-45 4.5E-51  325.9   0.0  327    8-337     5-340 (456)
     130 tr|A0A146TL67|A0A146TL67_FUNHE 100.0 4.2E-45 4.7E-51  339.3   0.0  286   51-338    26-406 (442)
     131 UniRef100_A0A226DFM2 Neuropept 100.0 4.6E-45 4.9E-51  326.7   0.0  287   49-336   103-403 (523)
     132 tr|A0A2B4RXD1|A0A2B4RXD1_STYPI 100.0   5E-45 5.3E-51  318.4   0.0  284   51-338    93-382 (416)
     133 UniRef100_A0A0P5DAK4 Orexin re 100.0   5E-45 5.3E-51  325.6   0.0  281   52-335   107-429 (505)
     134 UniRef100_A0A060WWU7 G_PROTEIN 100.0 5.4E-45 5.7E-51  325.3   0.0  283   49-338    66-384 (545)
     135 UniRef100_A0A210QT45 G-protein 100.0 5.8E-45 6.1E-51  320.8   0.0  287   51-339    58-360 (472)
     136 UniRef100_A0A2B4RPR9 Allatosta 100.0 5.8E-45 6.2E-51  330.6   0.0  284   51-337    47-345 (446)
     137 UniRef100_A0A6P4YBA8 delta-typ 100.0 6.5E-45 6.9E-51  320.5   0.0  280   52-336    51-339 (406)
     138 UniRef100_A0A026WK16 Tachykini 100.0 7.1E-45 7.5E-51  331.0   0.0  283   51-335   182-480 (641)
     139 tr|A0A1I8PG61|A0A1I8PG61_STOCA 100.0 7.1E-45 7.5E-51  335.1   0.0  289   50-338   298-594 (716)
     140 UniRef100_A0A087U880 Neuropept 100.0 7.3E-45 7.9E-51  320.2   0.0  283   50-335    67-362 (401)
     141 tr|A0A1U7TSJ4|A0A1U7TSJ4_TARSY 100.0 7.6E-45   8E-51  323.7   0.0  287   51-338   212-520 (600)
     142 UniRef100_A0A060VP48 G_PROTEIN 100.0 8.1E-45 8.8E-51  340.3   0.0  283   51-335   154-449 (580)
     143 UniRef100_A0A1S3IX78 RYamide r 100.0 8.6E-45 9.1E-51  320.0   0.0  283   51-335    53-347 (444)
     144 UniRef100_A0A0N0PF28 Orexin re 100.0 9.7E-45   1E-50  328.3   0.0  285   52-339   137-462 (588)
     145 UniRef100_A0A3B4UE11 Si:zfos-1 100.0   1E-44 1.1E-50  311.4   0.0  283   51-339    65-353 (441)
     146 tr|E0D358|E0D358_HEMPU Dopamin 100.0 1.3E-44 1.4E-50  318.4   0.0  277   52-338    25-330 (435)
     147 UniRef100_A0A0S1YDA0 Neuropept 100.0 1.3E-44 1.4E-50  326.8   0.0  286   51-338    94-394 (509)
     148 UniRef100_A0A060WEJ5 G_PROTEIN 100.0 1.4E-44 1.5E-50  330.7   0.0  280   51-338   113-458 (544)
     149 UniRef100_A0A087REY1 NPY-Y2 re 100.0 1.5E-44 1.6E-50  325.7   0.0  286   51-338   186-480 (599)
     150 UniRef100_A0A0L8I310 G_PROTEIN 100.0 1.6E-44 1.7E-50  327.6   0.0  278   55-332    49-364 (468)
     151 tr|A0A218UB83|A0A218UB83_9PASE 100.0 1.6E-44 1.7E-50  327.3   0.0  283   48-338   190-514 (631)
     152 UniRef100_A0A060XP11 G_PROTEIN 100.0 1.7E-44 1.8E-50  326.1   0.0  281   48-336    87-392 (497)
     153 tr|A0A0P7V5N2|A0A0P7V5N2_9TELE 100.0 1.8E-44 1.9E-50  318.7   0.0  291   51-348    91-413 (468)
     154 UniRef100_UPI0001CB9B44 somato 100.0 1.9E-44   2E-50  300.8   0.0  285   54-338    30-318 (365)
     155 UniRef100_A0A0L8H201 G_PROTEIN 100.0 1.9E-44   2E-50  314.6   0.0  286   50-337    84-383 (461)
     156 tr|A0A1D2NMB6|A0A1D2NMB6_ORCCI 100.0   2E-44 2.1E-50  321.5   0.0  285   51-337   151-451 (520)
     157 UniRef100_A0A1D1V5S1 G_PROTEIN 100.0 2.1E-44 2.3E-50  318.8   0.0  282   50-339    55-362 (484)
     158 UniRef100_A0A2G8JR46 Putative  100.0 2.1E-44 2.3E-50  326.8   0.0  276   55-336    66-356 (411)
     159 UniRef100_A0A016T103 G_PROTEIN 100.0 2.2E-44 2.4E-50  333.2   0.0  274   56-338   115-477 (605)
     160 tr|T1KPP2|T1KPP2_TETUR Unchara 100.0 2.3E-44 2.4E-50  319.7   0.0  283   50-338   150-438 (477)
     161 UniRef100_A0A0P0YUU8 Cannabino 100.0 2.3E-44 2.5E-50  321.7   0.0  284   55-338    86-419 (496)
     162 tr|A0A1D2MSE1|A0A1D2MSE1_ORCCI 100.0 2.3E-44 2.5E-50  331.9   0.0  284   51-336   110-406 (615)
     163 tr|A0A0L0BYA7|A0A0L0BYA7_LUCCU 100.0 2.7E-44 2.8E-50  323.1   0.0  277   52-336   311-626 (678)
     164 UniRef100_A0A060WMC3 Alpha-1D  100.0 2.7E-44 2.9E-50  321.2   0.0  280   51-338   110-434 (564)
     165 UniRef100_A0A1V4KIE8 Beta-1 ad 100.0 2.6E-44 2.9E-50  341.9   0.0  277   56-338    34-351 (512)
     166 UniRef100_A0A0N1PGA0 Octopamin 100.0 2.8E-44   3E-50  325.6   0.0  281   52-339   108-495 (547)
     167 UniRef100_A0A2B4SVC4 Dopamine  100.0 2.8E-44   3E-50  317.1   0.0  262   54-335    58-329 (397)
     168 tr|A0A1A8LLP2|A0A1A8LLP2_9TELE 100.0   3E-44 3.1E-50  314.7   0.0  281   50-338    92-399 (455)
     169 UniRef100_A0A2B4RFH8 Neuropept 100.0   3E-44 3.3E-50  331.9   0.0  285   53-337    66-367 (439)
     170 UniRef100_A0A6P8IFK2 neuromedi 100.0 3.7E-44 3.9E-50  311.1   0.0  286   51-339    25-324 (363)
     171 UniRef100_A0A6P4ZN87 somatosta 100.0 3.7E-44 3.9E-50  312.3   0.0  285   52-338    33-330 (391)
     172 tr|A0A1A8EW90|A0A1A8EW90_9TELE 100.0 3.8E-44   4E-50  312.1   0.0  285   49-335    42-332 (444)
     173 tr|A0A218UWX7|A0A218UWX7_9PASE 100.0 3.9E-44 4.1E-50  317.8   0.0  284   51-336    40-340 (474)
     174 UniRef100_A0A023FH63 Putative  100.0 3.9E-44 4.2E-50  326.5   0.0  282   51-341   125-445 (563)
     175 UniRef100_A0A0N0PEL7 Tachykini 100.0   4E-44 4.2E-50  316.6   0.0  285   52-338    56-356 (454)
     176 UniRef100_A0A3M6TKX3 G_PROTEIN 100.0 3.9E-44 4.2E-50  320.5   0.0  287   49-338    73-376 (427)
     177 UniRef100_A0A2B4SE17 Substance 100.0 3.9E-44 4.3E-50  330.8   0.0  285   50-335    63-364 (467)
     178 UniRef100_A0A0L8GIM4 G_PROTEIN 100.0 4.1E-44 4.4E-50  330.4   0.0  279   52-332    97-391 (481)
     179 UniRef100_A0A060X0P4 G_PROTEIN 100.0 4.5E-44 4.9E-50  326.2   0.0  284   50-333   137-428 (513)
     180 UniRef100_A0A210QSD7 Octopamin 100.0 4.7E-44 5.1E-50  321.9   0.0  282   49-338    55-418 (423)
     181 tr|A0A232F0R3|A0A232F0R3_9HYME 100.0 4.9E-44 5.1E-50  311.5   0.0  284   50-338   102-425 (458)
     182 UniRef100_A0A6P3IMR0 somatosta 100.0 5.3E-44 5.5E-50  310.0   0.0  286   51-338   197-487 (524)
     183 UniRef100_A0A3M6UKX8 G_PROTEIN 100.0 5.1E-44 5.5E-50  327.2   0.0  288   52-339   119-423 (487)
     184 UniRef100_A0A026WIP6 Cholecyst 100.0 5.2E-44 5.6E-50  333.4   0.0  289   50-338   169-531 (636)
     185 UniRef100_A0A0L8FP69 G_PROTEIN 100.0 5.8E-44 6.1E-50  312.1   0.0  284   55-338    52-343 (488)
     186 tr|A0A0S1YD80|A0A0S1YD80_CHISP 100.0 6.2E-44 6.6E-50  317.1   0.0  284   52-338   165-466 (513)
     187 tr|A0A0S0WMT8|A0A0S0WMT8_DROME 100.0 6.5E-44 6.7E-50  316.5   0.0  287   52-338   146-438 (593)
     188 UniRef100_A0A1D1VDY3 G_PROTEIN 100.0 6.5E-44 6.9E-50  323.0   0.0  283   55-338   137-448 (557)
     189 UniRef100_A0A1I8HKX2 G_PROTEIN 100.0 6.6E-44   7E-50  318.3   0.0  279   51-338    40-413 (442)
     190 UniRef100_A0A7M7SYV2 G_PROTEIN 100.0 7.1E-44 7.5E-50  324.5   0.0  274   56-338    72-400 (630)
     191 tr|A0A2B4SKI0|A0A2B4SKI0_STYPI 100.0   7E-44 7.5E-50  321.0   0.0  282   51-338    97-400 (458)
     192 UniRef100_A0A0K0PUK8 FMRFamide 100.0   7E-44 7.6E-50  327.4   0.0  288   52-340    59-357 (471)
     193 UniRef100_A0A4D9EQQ5 Enolase-l 100.0 7.4E-44 7.7E-50  302.4   0.0  285   50-338   145-433 (472)
     194 tr|W4YJK4|W4YJK4_STRPU Unchara 100.0 7.3E-44 7.8E-50  318.2   0.0  284   47-339    65-372 (446)
     195 UniRef100_A0A061IN14 NK-3 rece 100.0 8.3E-44 8.8E-50  327.2   0.0  285   51-337   233-524 (662)
     196 UniRef100_A0A084WFJ7 AGAP00011 100.0 8.4E-44 8.9E-50  321.4   0.0  283   51-339    87-383 (519)
     197 UniRef100_A0A6S7JE64 Neuropept 100.0 8.6E-44 9.2E-50  314.1   0.0  283   50-336    33-321 (412)
     198 UniRef100_A0A3M6UME8 G_PROTEIN 100.0 8.7E-44 9.3E-50  313.7   0.0  283   48-337    36-326 (383)
     199 tr|A0A131ZXP6|A0A131ZXP6_SARSC 100.0 8.9E-44 9.3E-50  309.8   0.0  286   53-338   124-414 (480)
     200 UniRef100_A0A6G8J3P5 Melanin-c 100.0 9.8E-44   1E-49  310.3   0.0  288   49-338    59-353 (460)
     201 tr|A0A0P5PA10|A0A0P5PA10_9CRUS 100.0 9.9E-44   1E-49  321.8   0.0  279   54-335   149-444 (705)
     202 UniRef100_A0A2B4RGU4 5-hydroxy 100.0   1E-43 1.1E-49  329.8   0.0  280   51-336    65-370 (478)
     203 tr|A0A0F8AVG0|A0A0F8AVG0_LARCR 100.0 1.1E-43 1.1E-49  312.3   0.0  285   53-338    57-345 (544)
     204 UniRef100_A0A2B4S4U3 Beta-2 ad 100.0 1.1E-43 1.2E-49  307.2   0.0  280   55-338    32-323 (372)
     205 tr|A0A2B4SID7|A0A2B4SID7_STYPI 100.0 1.2E-43 1.3E-49  321.6   0.0  285   51-338    31-329 (422)
     206 tr|W5JTF9|W5JTF9_ANODA Somatos 100.0 1.2E-43 1.3E-49  315.5   0.0  287   52-338    55-349 (526)
     207 UniRef100_A0A6P4Z684 G-protein 100.0 1.2E-43 1.3E-49  309.4   0.0  288   50-338    50-348 (425)
     208 UniRef100_A0A0L8I0T4 G_PROTEIN 100.0 1.2E-43 1.3E-49  320.2   0.0  278   53-336   135-496 (554)
     209 UniRef100_A0A087YQK7 Adrenocep 100.0 1.2E-43 1.3E-49  320.9   0.0  278   55-338   133-453 (617)
     210 UniRef100_A0A060X1U9 G_PROTEIN 100.0 1.2E-43 1.3E-49  322.7   0.0  281   47-335   134-456 (633)
     211 tr|A0A147AUP2|A0A147AUP2_FUNHE 100.0 1.3E-43 1.3E-49  318.3   0.0  264   53-318   122-389 (482)
     212 UniRef100_A0A0K0PUH0 Orphan G- 100.0 1.3E-43 1.4E-49  330.2   0.0  277   53-331   138-468 (583)
     213 tr|A0A1V4KUV7|A0A1V4KUV7_PATFA 100.0 1.5E-43 1.6E-49  304.0   0.0  285   51-338   118-412 (450)
     214 UniRef100_A0A1J1I7G5 CLUMA_CG0 100.0 1.5E-43 1.6E-49  314.8   0.0  284   51-336    76-373 (500)
     215 UniRef100_A0A193KU97 GCR058 n= 100.0 1.7E-43 1.8E-49  305.2   0.0  285   52-338    26-333 (379)
     216 UniRef100_A0A2B4RHY9 Pyrogluta 100.0 1.7E-43 1.9E-49  327.7   0.0  280   52-337    82-372 (455)
     217 tr|A7SD89|A7SD89_NEMVE Predict 100.0 1.9E-43   2E-49  298.5   0.0  278   54-338    40-332 (355)
     218 UniRef100_A0A087XT11 Alpha-1B  100.0 1.9E-43   2E-49  316.2   0.0  284   47-338    75-406 (622)
     219 tr|A0A1S3IXU4|A0A1S3IXU4_LINUN 100.0 2.1E-43 2.2E-49  308.7   0.0  283   51-338    57-347 (440)
     220 UniRef100_A0A084WIC4 Short neu 100.0 2.2E-43 2.3E-49  317.5   0.0  287   50-338    91-388 (551)
     221 UniRef100_A0A023F4J9 Putative  100.0 2.2E-43 2.3E-49  322.4   0.0  282   51-339   156-495 (588)
     222 tr|B4KC34|B4KC34_DROMO Unchara 100.0 2.3E-43 2.4E-49  324.2   0.0  282   51-334   192-490 (670)
     223 tr|T1JU75|T1JU75_TETUR Unchara 100.0 2.3E-43 2.4E-49  317.3   0.0  286   51-336   143-435 (728)
     224 UniRef100_A0A401NJB3 G_PROTEIN 100.0 2.4E-43 2.5E-49  314.6   0.0  281   52-338    42-361 (517)
     225 tr|A0A1S3FYW5|A0A1S3FYW5_DIPOR 100.0 2.4E-43 2.5E-49  299.1   0.0  282   54-338    72-360 (385)
     226 UniRef100_A0A060YTK2 Uncharact 100.0 2.4E-43 2.6E-49  306.3   0.0  284   52-337    85-379 (447)
     227 UniRef100_A0A096NAQ2 Cholecyst 100.0 2.5E-43 2.6E-49  320.0   0.0  284   55-339   154-504 (617)
     228 tr|A0A151NBW9|A0A151NBW9_ALLMI 100.0 2.6E-43 2.7E-49  312.6   0.0  288   51-339    80-394 (472)
     229 tr|C3XVU5|C3XVU5_BRAFL Unchara 100.0 2.7E-43 2.9E-49  307.0   0.0  295   49-346    59-366 (439)
     230 UniRef100_A0A0N7ZAP9 G_PROTEIN 100.0 2.8E-43   3E-49  314.1   0.0  286   49-338    74-368 (421)
     231 UniRef100_A0A087QH27 C-C chemo 100.0 3.1E-43 3.3E-49  329.9   0.0  280   50-338   199-486 (591)
     232 UniRef100_A0A1D2M255 Somatosta 100.0 3.2E-43 3.3E-49  301.8   0.0  281   53-334    37-321 (382)
     233 tr|A0A139WLV7|A0A139WLV7_TRICA 100.0 3.2E-43 3.4E-49  323.0   0.0  287   49-338   396-699 (792)
     234 UniRef100_A0A084VLD5 AGAP00422 100.0 3.2E-43 3.4E-49  319.1   0.0  279   50-337   242-596 (695)
     235 tr|A0A182FUW3|A0A182FUW3_ANOAL 100.0 3.3E-43 3.5E-49  318.6   0.0  286   53-338   197-488 (666)
     236 tr|A0A146NR64|A0A146NR64_FUNHE 100.0 3.3E-43 3.5E-49  307.5   0.0  285   51-337   119-421 (449)
     237 tr|A0A0P6IZB8|A0A0P6IZB8_9CRUS 100.0 3.6E-43 3.8E-49  313.9   0.0  287   51-339   202-497 (559)
     238 UniRef100_A0A0L8H5P3 G_PROTEIN 100.0 3.8E-43   4E-49  314.3   0.0  282   48-339    71-375 (496)
     239 UniRef100_A0A068WVN8 Biogenic  100.0 3.8E-43 4.1E-49  327.2   0.0  282   50-337   119-508 (641)
     240 UniRef100_A0A3M6UAU0 G_PROTEIN 100.0 3.9E-43 4.1E-49  317.5   0.0  283   52-336    36-329 (552)
     241 tr|B4JN40|B4JN40_DROGR GH24210 100.0 3.9E-43 4.1E-49  308.6   0.0  283   51-335   116-407 (436)
     242 tr|A0A067RDC3|A0A067RDC3_ZOONE 100.0 3.9E-43 4.2E-49  318.9   0.0  290   48-339    68-366 (506)
     243 UniRef100_A0A0P7Y8S7 Nocicepti 100.0 4.3E-43 4.5E-49  302.6   0.0  283   50-334   118-404 (467)
     244 UniRef100_A0A067RDC3 Prolactin 100.0 4.3E-43 4.5E-49  315.0   0.0  286   48-335    61-355 (541)
     245 tr|V8NQN2|V8NQN2_OPHHA G-prote 100.0 4.5E-43 4.7E-49  321.6   0.0  278   52-338   304-589 (840)
     246 UniRef100_A0A026VXG0 Octopamin 100.0 4.6E-43 4.9E-49  323.5   0.0  279   48-333    78-537 (647)
     247 tr|A0A182QHF8|A0A182QHF8_9DIPT 100.0 4.7E-43   5E-49  313.5   0.0  288   49-338    98-408 (581)
     248 UniRef100_A0A2B4R9G2 Melatonin 100.0 4.7E-43 5.2E-49  325.4   0.0  280   51-337    80-367 (461)
     249 UniRef100_A0A210QHM7 G-protein 100.0 5.1E-43 5.5E-49  315.6   0.0  287   51-339    79-378 (492)
     250 UniRef100_A0A2B4S7A4 Alpha-1A  100.0 5.2E-43 5.6E-49  309.5   0.0  259   54-334    42-307 (392)
     251 tr|A0A131XUY2|A0A131XUY2_IXORI 100.0 5.6E-43 5.8E-49  307.1   0.0  281   52-337   162-447 (560)
     252 UniRef100_A0A026W4F0 Octopamin 100.0 5.9E-43 6.2E-49  305.7   0.0  285   50-341    54-398 (445)
     253 tr|M7AFW2|M7AFW2_CHEMY Urotens 100.0 6.1E-43 6.3E-49  299.9   0.0  285   89-379     4-294 (446)
     254 UniRef100_A0A023F452 Putative  100.0 6.2E-43 6.5E-49  321.5   0.0  284   48-338   136-540 (660)
     255 UniRef100_A0A026VW91 Neuropept 100.0 6.4E-43 6.6E-49  306.8   0.0  288   49-337   186-487 (582)
     256 tr|A0A060XRS0|A0A060XRS0_ONCMY 100.0 6.6E-43 6.9E-49  323.5   0.0  284   47-338    51-377 (900)
     257 UniRef100_A0A0K0PUK6 Orphan G- 100.0 6.9E-43 7.3E-49  305.5   0.0  283   55-338    70-375 (448)
     258 UniRef100_A0A067RG65 Neuropept 100.0 6.9E-43 7.4E-49  312.6   0.0  284   51-335    87-393 (509)
     259 tr|A0A147AZW9|A0A147AZW9_FUNHE 100.0 6.8E-43 7.4E-49  322.6   0.0  284   51-336    85-433 (468)
     260 tr|A0A1V4KKE4|A0A1V4KKE4_PATFA 100.0 7.2E-43 7.5E-49  314.1   0.0  284   50-335   404-691 (724)
     261 UniRef100_A0A1L8HHP3 G_PROTEIN 100.0 7.3E-43 7.8E-49  302.0   0.0  286   50-338    44-341 (370)
     262 UniRef100_A0A060Y7B7 G_PROTEIN 100.0 8.1E-43 8.6E-49  317.1   0.0  280   51-338   115-551 (560)
     263 UniRef100_A0A087X781 Alpha-2Db 100.0 8.2E-43 8.6E-49  308.5   0.0  282   49-337    64-493 (495)
     264 UniRef100_A0A0H3YI86 Pyrokinin 100.0 8.1E-43 8.8E-49  320.1   0.0  280   51-333    83-395 (510)
     265 UniRef100_A0A2B4SVS8 Neuropept 100.0 8.2E-43 8.9E-49  318.9   0.0  285   51-338    88-384 (480)
     266 tr|A0A2B4SUH3|A0A2B4SUH3_STYPI 100.0 8.3E-43 8.9E-49  308.3   0.0  279   54-338    28-333 (385)
     267 tr|A0A0L0C8J1|A0A0L0C8J1_LUCCU 100.0 8.7E-43 9.1E-49  313.6   0.0  285   52-336   226-518 (661)
     268 UniRef100_A0A3M6TAE6 G_PROTEIN 100.0 8.6E-43 9.1E-49  311.2   0.0  269   52-338    92-370 (443)
     269 tr|A7S585|A7S585_NEMVE Predict 100.0 8.6E-43 9.2E-49  306.5   0.0  285   52-338    25-327 (374)
     270 tr|S7PUA8|S7PUA8_MYOBR C-C che 100.0 9.1E-43 9.7E-49  319.3   0.0  279   50-337   281-567 (603)
     271 tr|F7E6B1|F7E6B1_MONDO Tachyki 100.0 9.4E-43 9.8E-49  304.9   0.0  284   51-336    94-384 (475)
     272 UniRef100_A0A060W9S7 Mu-type o 100.0 9.6E-43   1E-48  312.8   0.0  287   49-336   150-440 (605)
     273 UniRef100_A0A060VTR1 G_PROTEIN 100.0 9.6E-43   1E-48  315.5   0.0  283   48-338   116-442 (619)
     274 tr|A0A091CRU0|A0A091CRU0_FUKDA 100.0 9.6E-43   1E-48  322.0   0.0  279   50-338   407-694 (720)
     275 tr|A0A0P7V0U8|A0A0P7V0U8_9TELE 100.0 9.9E-43   1E-48  298.7   0.0  286   51-338    85-376 (439)
     276 UniRef100_A0A091DZ91 Kappa-typ 100.0   1E-42 1.1E-48  302.5   0.0  284   51-336    74-362 (471)
     277 ERR1719361_2001115             100.0   1E-42 1.1E-48  308.1   0.0  289   49-339    22-327 (415)
     278 UniRef100_A0A060X6T3 G_PROTEIN 100.0 1.1E-42 1.1E-48  311.3   0.0  280   51-338    89-415 (550)
     279 UniRef100_A0A3B4VB96 Beta-2 ad 100.0 1.1E-42 1.2E-48  307.3   0.0  278   52-335    53-360 (464)
     280 UniRef100_A0A2B4RXD1 Neuropept 100.0 1.1E-42 1.2E-48  311.1   0.0  284   51-338    94-384 (461)
     281 tr|A0A1A9ZAD8|A0A1A9ZAD8_GLOPL 100.0 1.2E-42 1.2E-48  308.7   0.0  284   52-337   123-422 (574)
     282 tr|A0A1V4J9K1|A0A1V4J9K1_PATFA 100.0 1.2E-42 1.2E-48  320.9   0.0  286   50-339   319-610 (939)
     283 UniRef100_A0A096MAY6 Alpha-1B  100.0 1.2E-42 1.3E-48  304.8   0.0  284   47-338    42-375 (489)
     284 UniRef100_A0A7M7HFU8 G_PROTEIN 100.0 1.3E-42 1.4E-48  315.9   0.0  279   52-336    65-364 (423)
     285 tr|K7GCC3|K7GCC3_PELSI Adrenoc 100.0 1.4E-42 1.5E-48  304.6   0.0  281   52-338    42-365 (488)
     286 UniRef100_A0A087QH91 Melanopsi 100.0 1.4E-42 1.5E-48  318.6   0.0  282   52-337   104-400 (629)
     287 tr|A0A212EZN3|A0A212EZN3_DANPL 100.0 1.5E-42 1.6E-48  307.7   0.0  286   51-338    54-356 (488)
     288 tr|A0A1I8N820|A0A1I8N820_MUSDO 100.0 1.6E-42 1.6E-48  318.4   0.0  282   50-339   303-640 (880)
     289 tr|A0A2H1W6Q0|A0A2H1W6Q0_SPOFR 100.0 1.6E-42 1.7E-48  308.6   0.0  288   49-338    68-365 (466)
     290 UniRef100_A0A060XMX0 NPY-Y2 re 100.0 1.7E-42 1.8E-48  299.8   0.0  285   51-337   123-415 (452)
     291 UniRef100_A0A146M155 Neuropept 100.0 1.7E-42 1.8E-48  310.4   0.0  282   52-334    54-360 (488)
     292 UniRef100_A0A2B4SQU8 Orexin re 100.0 1.7E-42 1.8E-48  297.5   0.0  282   52-338    37-348 (370)
     293 tr|A0A2B4SSL5|A0A2B4SSL5_STYPI 100.0 1.8E-42 1.9E-48  293.3   0.0  285   51-338    21-311 (344)
     294 UniRef100_A0A026WC04 Dopamine  100.0 1.8E-42 1.9E-48  302.6   0.0  283   49-340    75-401 (468)
     295 UniRef100_A0A087UP46 5-hydroxy 100.0 1.9E-42   2E-48  307.2   0.0  280   51-338    45-402 (472)
     296 tr|A0A147AMP5|A0A147AMP5_FUNHE 100.0   2E-42 2.1E-48  321.6   0.0  279   50-337    30-428 (475)
     297 UniRef100_A0A3M6TPP0 G_PROTEIN 100.0   2E-42 2.2E-48  311.9   0.0  280   51-336    50-354 (424)
     298 tr|J9K651|J9K651_ACYPI Unchara 100.0 2.2E-42 2.3E-48  300.9   0.0  285   51-336    89-387 (440)
     299 tr|A0A182L9N8|A0A182L9N8_9DIPT 100.0 2.2E-42 2.4E-48  310.0   0.0  286   52-339    89-385 (490)
     300 UniRef100_A0A060VNF4 G_PROTEIN 100.0 2.3E-42 2.4E-48  313.8   0.0  285   50-336   129-431 (566)
     301 tr|A0A0V1MVC7|A0A0V1MVC7_9BILA 100.0 2.4E-42 2.6E-48  313.6   0.0  285   50-336    79-378 (598)
     302 UniRef100_A0A6A7G2U4 Octopamin 100.0 2.5E-42 2.6E-48  308.4   0.0  289   47-341   166-516 (574)
     303 UniRef100_A0A0N1IB59 Orexin re 100.0 2.5E-42 2.7E-48  305.4   0.0  283   54-339   131-454 (546)
     304 UniRef100_A0A060WGF3 B2 bradyk 100.0 2.5E-42 2.7E-48  321.5   0.0  280   53-334   161-449 (589)
     305 tr|A0A0A7RC79|A0A0A7RC79_RHOPR 100.0 2.8E-42 2.9E-48  298.6   0.0  286   50-337    74-374 (404)
     306 UniRef100_A0A0A7KUZ5 Opsin 5 n 100.0 2.8E-42   3E-48  308.7   0.0  279   52-334    53-342 (407)
     307 tr|A0A232F8D2|A0A232F8D2_9HYME 100.0 2.9E-42 3.1E-48  304.8   0.0  285   49-336    69-370 (478)
     308 UniRef100_E9HAW0 G_PROTEIN_REC 100.0 2.9E-42 3.1E-48  299.6   0.0  320    7-332    17-352 (393)
     309 UniRef100_A0A026WCQ7 Tyramine  100.0   3E-42 3.2E-48  325.8   0.0  276   52-338   184-589 (665)
     310 UniRef100_A0A1S3J8T4 5-hydroxy 100.0 3.1E-42 3.3E-48  310.5   0.0  283   49-335    98-395 (468)
     311 tr|J9JRI9|J9JRI9_ACYPI Unchara 100.0 3.3E-42 3.5E-48  302.4   0.0  286   51-338    34-335 (490)
     312 UniRef100_A0A024R2Q0 Chemokine 100.0 3.2E-42 3.5E-48  312.7   0.0  281   51-338   156-445 (499)
     313 UniRef100_A0A7M7HKI1 G_PROTEIN 100.0 3.4E-42 3.7E-48  308.4   0.0  280   55-338    43-337 (418)
     314 UniRef100_A0A059ZY04 Angiotens 100.0 3.4E-42 3.7E-48  317.2   0.0  279   51-338   168-456 (546)
     315 UniRef100_A0A068AZY5 Octopamin 100.0 3.4E-42 3.7E-48  334.3   0.0  182   51-236   173-357 (723)
     316 UniRef100_A0A024FLZ5 PQRFa pep 100.0 3.5E-42 3.7E-48  301.7   0.0  284   50-334    56-349 (416)
     317 UniRef100_A0A0S1YD99 Neuropept 100.0 3.8E-42   4E-48  297.2   0.0  283   53-338    77-374 (423)
     318 UniRef100_A0A087VAK8 Somatosta 100.0 3.9E-42 4.1E-48  289.1   0.0  285   50-338    60-350 (384)
     319 UniRef100_A0A016SJ65 Thyrolibe 100.0 3.8E-42 4.1E-48  313.1   0.0  281   51-335    83-395 (479)
     320 UniRef100_A0A087XI41 Mu-type o 100.0   4E-42 4.1E-48  299.4   0.0  284   50-335   151-438 (537)
     321 tr|A0A2B4SAJ4|A0A2B4SAJ4_STYPI 100.0 4.1E-42 4.4E-48  306.2   0.0  277   52-332    29-329 (434)
     322 tr|A0A2B4RSD1|A0A2B4RSD1_STYPI 100.0   4E-42 4.4E-48  314.1   0.0  280   52-338    51-383 (430)
     323 ERR1719510_236906              100.0 4.2E-42 4.5E-48  315.3   0.0  286   51-338    82-375 (577)
     324 tr|A0A0P7TYE1|A0A0P7TYE1_9TELE 100.0 4.4E-42 4.7E-48  304.8   0.0  286   56-342   128-479 (507)
     325 tr|A0A0L8FIS6|A0A0L8FIS6_OCTBM 100.0 4.4E-42 4.7E-48  304.9   0.0  282   53-338    92-422 (485)
     326 tr|H2Q292|H2Q292_PANTR Unchara 100.0 4.7E-42 4.9E-48  300.9   0.0  285   50-340    80-407 (492)
     327 UniRef100_UPI001401E428 uroten 100.0 4.9E-42   5E-48  295.2   0.0  333   44-377   197-556 (566)
     328 UniRef100_A0A068YA15 Neuropept 100.0 4.9E-42 5.2E-48  307.4   0.0  286   47-332    68-391 (510)
     329 UniRef100_A0A087R2J6 Neuropept 100.0 4.9E-42 5.2E-48  312.8   0.0  283   52-335   213-518 (638)
     330 UniRef100_A0A0A1XP15 Neuropept 100.0   5E-42 5.3E-48  296.9   0.0  284   52-337    72-374 (421)
     331 UniRef100_A0A1S3QIU7 Urotensin 100.0 5.4E-42 5.6E-48  288.4   0.0  280   48-327    39-330 (357)
     332 tr|A0A0R4IQ19|A0A0R4IQ19_DANRE 100.0 5.7E-42 5.9E-48  290.9   0.0  287   50-338    54-349 (384)
     333 tr|A7RVQ0|A7RVQ0_NEMVE Predict 100.0 5.5E-42 5.9E-48  305.1   0.0  287   52-338    29-333 (398)
     334 UniRef100_A0A0E3EKU4 Allatotro 100.0 5.8E-42   6E-48  302.8   0.0  280   56-338   136-433 (562)
     335 tr|A0A1S3NPB2|A0A1S3NPB2_SALSA 100.0 5.8E-42 6.1E-48  300.3   0.0  284   52-337    40-332 (443)
     336 UniRef100_A0A067R4E0 Tachykini 100.0 5.8E-42 6.1E-48  301.1   0.0  283   51-335    49-343 (396)
     337 UniRef100_A0A060W247 Cholecyst 100.0 5.8E-42 6.2E-48  311.0   0.0  285   55-340   131-480 (563)
     338 UniRef100_A0A091R746 Beta-1 ad 100.0   6E-42 6.3E-48  307.9   0.0  278   54-337   137-453 (572)
     339 UniRef100_UPI000219022F Endoly 100.0 6.2E-42 6.5E-48  299.7   0.0  281   52-338   201-488 (507)
     340 tr|A0A1S3L0J1|A0A1S3L0J1_SALSA 100.0 6.3E-42 6.6E-48  305.0   0.0  280   51-338    75-407 (533)
     341 tr|A0A210QY69|A0A210QY69_MIZYE 100.0 6.4E-42 6.7E-48  292.3   0.0  286   50-338    85-379 (400)
     342 UniRef100_A0A3B4ZUM6 Mu-type o 100.0 6.4E-42 6.7E-48  303.2   0.0  284   50-335   169-457 (597)
     343 UniRef100_A0A132AJH3 7 transme 100.0 6.3E-42 6.8E-48  307.9   0.0  280   55-334    72-384 (447)
     344 tr|A0A1W4X1F3|A0A1W4X1F3_AGRPL 100.0 6.5E-42 6.8E-48  303.2   0.0  287   50-337   132-432 (485)
     345 tr|A0A146TP77|A0A146TP77_FUNHE 100.0 6.4E-42 6.9E-48  318.4   0.0  280   52-338    47-425 (522)
     346 tr|A0A151ITZ3|A0A151ITZ3_9HYME 100.0   7E-42 7.4E-48  304.0   0.0  286   52-338    68-421 (481)
     347 UniRef100_A0A060YB93 G_PROTEIN 100.0 7.4E-42 7.6E-48  292.6   0.0  285   49-339    56-346 (480)
     348 tr|A0A1I8MRR4|A0A1I8MRR4_MUSDO 100.0 7.3E-42 7.6E-48  313.5   0.0  286   50-337   257-559 (819)
     349 UniRef100_A0A061IAU9 Gastric r 100.0 7.3E-42 7.7E-48  307.4   0.0  283   48-338   111-408 (588)
     350 tr|A0A0P7V1N0|A0A0P7V1N0_9TELE 100.0 7.4E-42 7.7E-48  294.9   0.0  288   49-337   112-405 (436)
     351 UniRef100_A0A060WAG3 G_PROTEIN 100.0 7.5E-42   8E-48  307.8   0.0  280   52-338   123-501 (550)
     352 UniRef100_A0A060W5H6 G_PROTEIN 100.0 7.6E-42 8.2E-48  313.9   0.0  280   51-334    86-385 (528)
     353 tr|A0A2B4RYF4|A0A2B4RYF4_STYPI 100.0 7.7E-42 8.2E-48  297.6   0.0  281   53-338    26-313 (402)
     354 UniRef100_F6SEF7 G_PROTEIN_REC 100.0 7.9E-42 8.4E-48  291.7   0.0  283   49-333    38-334 (337)
     355 tr|F1R2F3|F1R2F3_DANRE Neurope 100.0 8.8E-42 9.2E-48  310.5   0.0  286   50-336   401-692 (731)
     356 tr|A0A287CUD4|A0A287CUD4_ICTTR 100.0 8.9E-42 9.4E-48  298.2   0.0  283   48-338    15-309 (478)
     357 UniRef100_A0A076YJT8 Chemokine 100.0 9.1E-42 9.7E-48  307.8   0.0  275   51-335   160-443 (493)
     358 UniRef100_A0A067RAQ2 Neuropept 100.0 9.5E-42 9.9E-48  298.1   0.0  287   49-336    98-396 (509)
     359 tr|T1KTS6|T1KTS6_TETUR Unchara 100.0 9.7E-42   1E-47  307.2   0.0  281   50-333   118-415 (587)
     360 tr|A0A226N2C0|A0A226N2C0_CALSU 100.0   1E-41 1.1E-47  301.6   0.0  285   50-338   223-522 (569)
     361 UniRef100_A0A6P4YCQ0 somatosta 100.0 1.1E-41 1.2E-47  285.8   0.0  284   51-336    70-366 (428)
     362 UniRef100_A0A0P7U0M1 Galanin r 100.0 1.2E-41 1.2E-47  292.6   0.0  285   51-338   140-436 (475)
     363 tr|A0A1W4X208|A0A1W4X208_AGRPL 100.0 1.3E-41 1.3E-47  297.7   0.0  282   52-335    95-392 (467)
     364 tr|A0A1V4JMN9|A0A1V4JMN9_PATFA 100.0 1.3E-41 1.4E-47  301.1   0.0  279   52-331    93-416 (537)
     365 UniRef100_A0A182H1J6 G_PROTEIN 100.0 1.3E-41 1.4E-47  319.0   0.0  282   54-336   321-794 (1005)
     366 UniRef100_A0A061QHX0 Putative  100.0 1.3E-41 1.4E-47  313.0   0.0  280   50-338   131-509 (563)
     367 UniRef100_UPI000B911B64 melato 100.0 1.3E-41 1.4E-47  305.3   0.0  277   53-337    30-345 (381)
     368 UniRef100_A0A2B4SYG2 5-hydroxy 100.0 1.3E-41 1.4E-47  296.8   0.0  282   53-342    31-322 (376)
     369 tr|C3Z5T5|C3Z5T5_BRAFL Unchara 100.0 1.3E-41 1.4E-47  288.6   0.0  290   47-338    33-330 (389)
     370 UniRef100_A0A0P6J0T1 Putative  100.0 1.3E-41 1.4E-47  317.1   0.0  289   46-336    97-409 (735)
     371 tr|A0A182U1B5|A0A182U1B5_9DIPT 100.0 1.4E-41 1.4E-47  307.3   0.0  285   51-337    39-344 (620)
     372 UniRef100_A0A6P8HUK6 melatonin 100.0 1.4E-41 1.5E-47  291.5   0.0  288   49-342    25-326 (374)
     373 tr|A0A2C9GPU2|A0A2C9GPU2_ANOAR 100.0 1.4E-41 1.5E-47  316.4   0.0  281   52-335   323-635 (818)
     374 UniRef100_A0A016TS00 G_PROTEIN 100.0 1.4E-41 1.5E-47  316.1   0.0  280   54-338   115-555 (622)
     375 UniRef100_A0A0P7U357 Apelin re 100.0 1.4E-41 1.5E-47  298.5   0.0  283   50-338    56-345 (401)
     376 tr|A7RNV5|A7RNV5_NEMVE Predict 100.0 1.4E-41 1.5E-47  295.2   0.0  271   56-332    36-322 (377)
     377 tr|A0A1L8HND2|A0A1L8HND2_XENLA 100.0 1.5E-41 1.6E-47  299.9   0.0  289   49-338   126-429 (452)
     378 tr|A0A2D0SD29|A0A2D0SD29_ICTPU 100.0 1.5E-41 1.6E-47  299.4   0.0  274   52-333     5-305 (420)
     379 UniRef100_A0A2G8KMT5 G_PROTEIN 100.0 1.5E-41 1.6E-47  300.0   0.0  268   57-334    42-325 (402)
     380 UniRef100_A0A3M6T9C5 G_PROTEIN 100.0 1.5E-41 1.7E-47  304.3   0.0  287   51-338    58-361 (402)
     381 tr|A0A1S3JCV4|A0A1S3JCV4_LINUN 100.0 1.6E-41 1.7E-47  293.1   0.0  287   51-338    62-370 (414)
     382 tr|A7SIX0|A7SIX0_NEMVE Predict 100.0 1.6E-41 1.7E-47  295.5   0.0  285   51-337    24-319 (403)
     383 UniRef100_UPI0003F07467 orexin 100.0 1.6E-41 1.7E-47  305.9   0.0  280   53-333    79-412 (535)
     384 UniRef100_A0A034WQT6 Tachykini 100.0 1.7E-41 1.7E-47  308.3   0.0  282   52-335   117-417 (694)
     385 tr|A0A1A8K3T1|A0A1A8K3T1_NOTKU 100.0 1.8E-41 1.8E-47  303.9   0.0  285   47-338    44-486 (621)
     386 tr|A0A1S3NAI3|A0A1S3NAI3_SALSA 100.0 1.8E-41 1.9E-47  292.8   0.0  286   51-338    95-388 (439)
     387 tr|L5M4Z9|L5M4Z9_MYODS C-C che 100.0 1.8E-41 1.9E-47  302.2   0.0  279   52-338   270-557 (590)
     388 UniRef100_A0A060W161 G_PROTEIN 100.0 1.8E-41   2E-47  320.2   0.0  278   49-335   166-454 (574)
     389 SRR6218665_799277              100.0 1.9E-41   2E-47  291.7   0.0  287   50-338   123-421 (456)
     390 UniRef100_A0A096NVS2 Somatosta 100.0 1.9E-41   2E-47  292.8   0.0  280   51-336   114-397 (483)
     391 tr|A0A0P6C571|A0A0P6C571_9CRUS 100.0   2E-41 2.1E-47  299.3   0.0  286   53-338    57-447 (558)
     392 tr|A0A210R0K7|A0A210R0K7_MIZYE 100.0   2E-41 2.1E-47  297.3   0.0  285   53-338    75-427 (470)
     393 UniRef100_A0A061ACA9 G_PROTEIN 100.0   2E-41 2.1E-47  313.2   0.0  269   53-330    97-373 (513)
     394 UniRef100_A0A0P5DS31 Neuropept 100.0 2.1E-41 2.2E-47  293.8   0.0  286   50-336    84-384 (482)
     395 UniRef100_A0A087XFV2 5-hydroxy 100.0 2.1E-41 2.2E-47  302.2   0.0  285   49-338    81-398 (493)
     396 UniRef100_A0A0G3Y5J3 Peropsin  100.0 2.1E-41 2.2E-47  300.3   0.0  283   52-338    37-325 (363)
     397 UniRef100_A0A060X7S9 B2 bradyk 100.0 2.1E-41 2.3E-47  306.2   0.0  284   53-338   115-407 (491)
     398 tr|W5MC67|W5MC67_LEPOC Pyroglu 100.0 2.2E-41 2.3E-47  294.0   0.0  287   51-337    53-360 (441)
     399 UniRef100_A0A060VPX8 G_PROTEIN 100.0 2.1E-41 2.3E-47  320.9   0.0  275   51-335   132-417 (527)
     400 UniRef100_A0A060VWI9 G_PROTEIN 100.0 2.3E-41 2.5E-47  305.5   0.0  276   56-337    65-395 (579)
     401 tr|C3Z3H5|C3Z3H5_BRAFL Unchara 100.0 2.4E-41 2.5E-47  290.8   0.0  286   52-338    81-376 (405)
     402 tr|A0A2B4SNZ1|A0A2B4SNZ1_STYPI 100.0 2.3E-41 2.6E-47  302.4   0.0  280   52-338    32-321 (351)
     403 UniRef100_A0A060YY06 G_PROTEIN 100.0 2.5E-41 2.7E-47  302.4   0.0  282   52-334   104-406 (490)
     404 tr|R4J1H6|R4J1H6_SALSA Cholecy 100.0 2.7E-41 2.8E-47  294.4   0.0  284   55-339    50-409 (461)
     405 UniRef100_A0A678XEL8 Trace ami 100.0 2.7E-41 2.8E-47  305.3   0.0  279   55-338    59-358 (523)
     406 tr|A0A0L7QUK8|A0A0L7QUK8_9HYME 100.0 2.7E-41 2.9E-47  310.1   0.0  285   51-337   201-499 (806)
     407 UniRef100_A0A067R841 G_PROTEIN 100.0 2.7E-41 2.9E-47  307.8   0.0  286   50-336   105-409 (526)
     408 tr|W8C2A8|W8C2A8_CERCA Neurope 100.0 2.8E-41   3E-47  313.6   0.0  285   51-337   264-565 (827)
     409 tr|A0A1S3FWK5|A0A1S3FWK5_DIPOR 100.0 2.8E-41   3E-47  305.3   0.0  282   51-341   416-734 (786)
     410 tr|A7SMQ7|A7SMQ7_NEMVE Predict 100.0 2.8E-41   3E-47  292.4   0.0  281   52-338    12-304 (358)
     411 UniRef100_A0A1B6HDB2 G_PROTEIN 100.0 2.9E-41 3.1E-47  284.8   0.0  284   53-338    13-308 (360)
     412 UniRef100_A0A061QLL1 Putative  100.0 2.9E-41 3.1E-47  299.6   0.0  281   50-338    44-423 (424)
     413 tr|A0A096NTW4|A0A096NTW4_PAPAN 100.0 3.1E-41 3.3E-47  294.4   0.0  285   52-338   133-428 (442)
     414 UniRef100_A0A6P8HX63 probable  100.0 3.1E-41 3.3E-47  304.0   0.0  275   52-338    58-362 (407)
     415 tr|A0A139WEA0|A0A139WEA0_TRICA 100.0 3.2E-41 3.3E-47  288.5   0.0  284   51-337    93-406 (464)
     416 UniRef100_A0A2B4SJE7 Orexin re 100.0 3.1E-41 3.3E-47  306.1   0.0  280   51-334   134-429 (517)
     417 UniRef100_A0A1B0TJL6 Opsin Gq3 100.0 3.3E-41 3.4E-47  303.2   0.0  284   52-339    72-373 (589)
     418 tr|W8B9D1|W8B9D1_CERCA 5-hydro 100.0 3.4E-41 3.5E-47  303.1   0.0  283   50-338   261-628 (664)
     419 UniRef100_A0A0K0PUL2 DH31-like 100.0 3.4E-41 3.6E-47  291.8   0.0  284   51-338    48-335 (375)
     420 tr|W4Z3I5|W4Z3I5_STRPU Unchara 100.0 3.4E-41 3.6E-47  295.7   0.0  286   47-336    44-393 (461)
     421 tr|A0A091DQD0|A0A091DQD0_FUKDA 100.0 3.6E-41 3.8E-47  297.8   0.0  279   51-337   179-464 (499)
     422 UniRef100_A0A2B4SJV4 Galanin r 100.0 3.5E-41 3.8E-47  309.9   0.0  279   53-335    76-365 (444)
     423 tr|A0A060X5F3|A0A060X5F3_ONCMY 100.0 3.6E-41 3.8E-47  319.9   0.0  280   50-338   413-704 (840)
     424 UniRef100_A0A016T4B6 G_PROTEIN 100.0 3.6E-41 3.9E-47  312.2   0.0  289   50-339   101-431 (585)
     425 UniRef100_A0A151NBW6 Beta-3 ad 100.0 3.7E-41 3.9E-47  297.8   0.0  281   51-337    30-341 (490)
     426 UniRef100_A0A1D1UXI1 G_PROTEIN 100.0 3.8E-41 3.9E-47  295.8   0.0  287   50-338   134-431 (553)
     427 ERR550534_208423               100.0 3.9E-41 4.1E-47  299.0   0.0  285   51-337    87-399 (568)
     428 tr|A0A212C668|A0A212C668_CEREH 100.0 3.9E-41 4.1E-47  298.4   0.0  277   52-336   220-556 (558)
     429 UniRef100_A0A3M6T8F5 G_PROTEIN 100.0 3.8E-41 4.1E-47  315.6   0.0  283   52-338   102-397 (523)
     430 UniRef100_A0A1S3IXU9 RYamide r 100.0 4.2E-41 4.4E-47  290.1   0.0  285   53-339    36-333 (438)
     431 tr|A0A091DX38|A0A091DX38_FUKDA 100.0 4.2E-41 4.4E-47  309.2   0.0  286   51-338   142-430 (878)
     432 UniRef100_A0A060VZ71 G_PROTEIN 100.0 4.1E-41 4.4E-47  310.2   0.0  287   52-339   229-538 (650)
     433 UniRef100_A0A2B4SID7 Neuropept 100.0 4.2E-41 4.5E-47  301.5   0.0  286   50-338    80-381 (462)
     434 tr|A0A182FRI7|A0A182FRI7_ANOAL 100.0 4.4E-41 4.7E-47  315.5   0.0  182   52-237   113-298 (677)
     435 UniRef100_A0A0L0C965 Tachykini 100.0 4.6E-41 4.8E-47  300.7   0.0  283   52-336   121-418 (611)
     436 UniRef100_A0A084VAB3 Pk-1 rece 100.0 4.6E-41 4.8E-47  302.2   0.0  285   46-332    98-411 (552)
     437 SRR6218665_1286431             100.0 4.7E-41 4.9E-47  292.7   0.0  288   51-338    47-342 (477)
     438 UniRef100_A0A336LUR7 CSON00145 100.0   5E-41 5.3E-47  301.6   0.0  287   50-337    86-386 (670)
     439 UniRef100_A0A0C9RF21 CapaR_3 p 100.0   5E-41 5.3E-47  302.5   0.0  284   52-336    52-356 (532)
     440 UniRef100_A0A1S3F7I6 neuropept 100.0   5E-41 5.3E-47  308.5   0.0  285   52-337   251-558 (712)
     441 tr|C3Z617|C3Z617_BRAFL Unchara 100.0 5.2E-41 5.5E-47  288.1   0.0  283   51-334    33-337 (426)
     442 tr|A0A0K0PUV0|A0A0K0PUV0_PLADU 100.0 5.2E-41 5.6E-47  293.5   0.0  278   53-338    17-335 (373)
     443 UniRef100_A0A2I0LST6 Beta-2 ad 100.0 5.3E-41 5.6E-47  303.5   0.0  304   21-338    47-382 (621)
     444 tr|L9JWP3|L9JWP3_TUPCH C-C che 100.0 5.4E-41 5.7E-47  311.8   0.0  279   51-338   387-671 (702)
     445 tr|A0A091DLL4|A0A091DLL4_FUKDA 100.0 5.5E-41 5.8E-47  291.3   0.0  282   51-338    33-346 (474)
     446 UniRef100_A0A3M6TEA9 G_PROTEIN 100.0 5.4E-41 5.8E-47  302.0   0.0  282   52-339    48-345 (414)
     447 tr|A0A210QNG6|A0A210QNG6_MIZYE 100.0 5.6E-41 5.9E-47  299.5   0.0  284   52-338    40-341 (498)
     448 UniRef100_A0A7M7G1H5 G_PROTEIN 100.0 5.4E-41   6E-47  303.5   0.0  277   53-338    39-335 (381)
     449 UniRef100_A0A060WAA0 NK-2 rece 100.0 5.7E-41   6E-47  293.3   0.0  285   51-337    72-365 (465)
     450 UniRef100_A0A077KAM5 PQRFa pep 100.0 5.7E-41   6E-47  296.3   0.0  285   52-337   139-446 (539)
     451 ERR1719341_586736              100.0 5.8E-41 6.1E-47  300.8   0.0  285   51-337    54-355 (513)
     452 tr|A0A0P6B3L3|A0A0P6B3L3_9CRUS 100.0 6.3E-41 6.5E-47  297.6   0.0  286   52-337    33-413 (623)
     453 UniRef100_A0A4W4DTE3 G_PROTEIN 100.0 6.2E-41 6.6E-47  293.8   0.0  282   55-338    56-344 (379)
     454 tr|A0A146YGA5|A0A146YGA5_FUNHE 100.0 6.2E-41 6.7E-47  309.6   0.0  279   56-339    35-343 (521)
     455 UniRef100_A0A1I8FSG9 G_PROTEIN 100.0 6.4E-41 6.7E-47  300.0   0.0  284   48-338   157-507 (576)
     456 UniRef100_A0A0D9R0U9 Apelin re 100.0 6.4E-41 6.8E-47  295.9   0.0  285   51-336    61-363 (482)
     457 UniRef100_A0A1S2ZMW0 LOW QUALI 100.0 6.8E-41 7.1E-47  290.0   0.0  282   50-337   169-455 (520)
     458 tr|A0A0P7XE55|A0A0P7XE55_9TELE 100.0   7E-41 7.3E-47  305.2   0.0  284   47-338    46-369 (782)
     459 tr|A0A218UTA6|A0A218UTA6_9PASE 100.0 7.1E-41 7.4E-47  305.1   0.0  282   50-339    56-446 (738)
     460 UniRef100_A0A074ZKD6 G_PROTEIN 100.0 7.1E-41 7.4E-47  296.1   0.0  286   51-338   150-460 (521)
     461 UniRef100_A0A0L7QLJ1 Neuropept 100.0 7.2E-41 7.4E-47  288.6   0.0  286   51-337   127-426 (485)
     462 UniRef100_A0A1D2MZ73 Somatosta 100.0 7.2E-41 7.5E-47  293.7   0.0  289   50-338    67-383 (533)
     463 UniRef100_A0A1S3HRK7 octopamin 100.0 7.5E-41 8.1E-47  302.1   0.0  279   54-337    67-351 (413)
     464 tr|A0A2B4S4U3|A0A2B4S4U3_STYPI 100.0 8.3E-41 8.8E-47  284.6   0.0  280   55-338    29-324 (359)
     465 UniRef100_A0A6F9DUB2 Somatosta 100.0 8.4E-41 8.8E-47  293.9   0.0  290   50-341    61-358 (467)
     466 tr|A0A147AXX1|A0A147AXX1_FUNHE 100.0 8.4E-41 8.8E-47  292.2   0.0  287   49-338    35-331 (490)
     467 tr|A0A2B4S6X2|A0A2B4S6X2_STYPI 100.0 8.7E-41 9.2E-47  289.1   0.0  275   55-336    27-323 (379)
     468 UniRef100_A0A068WTW9 Tachykini 100.0 8.9E-41 9.4E-47  294.7   0.0  283   52-336    46-359 (453)
     469 tr|A0A1A9ZM95|A0A1A9ZM95_GLOPL 100.0   9E-41 9.4E-47  291.3   0.0  286   52-338    95-395 (481)
     470 tr|A0A146PN09|A0A146PN09_FUNHE 100.0 8.7E-41 9.6E-47  309.6   0.0  288   51-338    39-397 (432)
     471 UniRef100_A0A553N720 G_PROTEIN 100.0 9.3E-41 9.8E-47  299.5   0.0  289   48-338   134-435 (595)
     472 tr|E6ZEU6|E6ZEU6_DICLA Neurome 100.0 9.3E-41 9.9E-47  299.1   0.0  287   52-338    89-396 (461)
     473 UniRef100_A0A2B4RZ41 Adenosine 100.0 9.5E-41   1E-46  297.6   0.0  265   52-338    49-314 (381)
     474 UniRef100_A0A026W4S0 Neuromedi 100.0   1E-40 1.1E-46  305.5   0.0  288   47-336    69-388 (604)
     475 tr|A0A1S3NNV5|A0A1S3NNV5_SALSA 100.0   1E-40 1.1E-46  295.0   0.0  286   52-338    63-382 (499)
     476 UniRef100_A0A340X578 LOW QUALI 100.0   1E-40 1.1E-46  300.1   0.0  283   51-335   236-521 (656)
     477 tr|A7RKP0|A7RKP0_NEMVE Predict 100.0   1E-40 1.1E-46  290.0   0.0  280   53-339     9-310 (350)
     478 UniRef100_A0A0S1YDA1 Neuropept 100.0 1.1E-40 1.1E-46  295.8   0.0  287   50-336    65-413 (463)
     479 tr|I3KRG5|I3KRG5_ORENI FGFR1 o 100.0 1.1E-40 1.1E-46  300.7   0.0  277   52-337   148-450 (489)
     480 SRR6218665_1158703             100.0 1.1E-40 1.2E-46  293.4   0.0  287   50-337    35-335 (413)
     481 tr|C7SLZ0|C7SLZ0_APLKU Seroton 100.0 1.2E-40 1.2E-46  300.8   0.0  281   48-338    69-426 (485)
     482 UniRef100_A0A034WCQ2 Octopamin 100.0 1.2E-40 1.2E-46  306.6   0.0  279   52-338   164-563 (618)
     483 tr|A0A0N7ZC69|A0A0N7ZC69_9EUCA 100.0 1.2E-40 1.3E-46  284.4   0.0  287   51-338    66-358 (430)
     484 tr|A0A183TGM8|A0A183TGM8_SCHSO 100.0 1.3E-40 1.3E-46  293.2   0.0  286   51-338    64-374 (446)
     485 UniRef100_A0A2S1WLX6 Putative  100.0 1.3E-40 1.3E-46  292.2   0.0  278   56-338    51-460 (475)
     486 UniRef100_A0A1A7X8K8 Urotensin 100.0 1.3E-40 1.4E-46  264.3   0.0  242  135-384     2-243 (248)
     487 UniRef100_A0A0G2UQ37 Rhodopsin 100.0 1.3E-40 1.4E-46  297.1   0.0  285   51-339    95-398 (515)
     488 UniRef100_A0A0L8GNI0 G_PROTEIN 100.0 1.4E-40 1.5E-46  288.3   0.0  288   52-340    64-361 (437)
     489 UniRef100_A0A016UUZ5 G_PROTEIN 100.0 1.4E-40 1.5E-46  295.0   0.0  277   51-338    74-414 (486)
     490 tr|A0A218UP03|A0A218UP03_9PASE 100.0 1.4E-40 1.5E-46  311.5   0.0  279   49-336   787-1074(1110)
     491 UniRef100_A0A3M6THF9 G_PROTEIN 100.0 1.4E-40 1.5E-46  301.1   0.0  267   51-335    60-337 (483)
     492 UniRef100_A0A087VQ23 Kappa-typ 100.0 1.5E-40 1.6E-46  296.0   0.0  280   52-333   263-546 (640)
     493 UniRef100_A0A0L8FWF7 G_PROTEIN 100.0 1.5E-40 1.7E-46  308.4   0.0  282   49-338    89-548 (576)
     494 tr|A0A1U7SLA2|A0A1U7SLA2_TARSY 100.0 1.6E-40 1.7E-46  296.9   0.0  279   52-338   125-451 (601)
     495 tr|A0A061ILI5|A0A061ILI5_CRIGR 100.0 1.7E-40 1.8E-46  290.9   0.0  286   51-338   197-493 (528)
     496 UniRef100_A0A060XSH0 G_PROTEIN 100.0 1.7E-40 1.8E-46  308.2   0.0  286   49-338   144-436 (590)
     497 UniRef100_A0A193KUI4 GCR044 n= 100.0 1.8E-40 1.9E-46  294.5   0.0  288   51-338    32-349 (508)
     498 tr|K1PQW2|K1PQW2_CRAGI Putativ 100.0 1.8E-40 1.9E-46  287.6   0.0  291   47-339    53-356 (437)
     499 UniRef100_A0A0K0PUE3 Orphan G- 100.0 1.9E-40   2E-46  301.4   0.0  284   47-332   112-423 (550)
     500 tr|A0A1D1V6H4|A0A1D1V6H4_RAMVA 100.0 1.9E-40   2E-46  294.1   0.0  286   52-339    62-376 (498)
     
  > Uniprot already searched, skipping.
/projects/ilfgrid/apps/alphafold-2.2.0/prep_MSAs.sh: line 93: /bin/hmmbuild: No such file or directory
/projects/ilfgrid/apps/alphafold-2.2.0/prep_MSAs.sh: line 94: /bin/hmmsearch: No such file or directory
> Running chain B
  > Uniref90 already searched, skipping.
  > Mgnify already searched, skipping.
  > Running hhblits on bfd_uniref30
- 11:52:42.845 INFO: Searching 65983866 column state sequences.

- 11:52:43.997 INFO: Searching 29291635 column state sequences.

- 11:52:44.055 INFO: ur2r_rat-2155/msas/B/chain_B.fasta is in A2M, A3M or FASTA format

- 11:52:44.056 INFO: Iteration 1

- 11:52:44.079 INFO: Prefiltering database

- 11:53:30.860 INFO: HMMs passed 1st prefilter (gapless profile-profile alignment)  : 91966

- 11:53:48.206 INFO: HMMs passed 1st prefilter (gapless profile-profile alignment)  : 87402

- 11:53:48.293 INFO: HMMs passed 2nd prefilter (gapped profile-profile alignment)   : 369

- 11:53:48.293 INFO: HMMs passed 2nd prefilter and not found in previous iterations : 369

- 11:53:48.293 INFO: Scoring 369 HMMs using HMM-HMM Viterbi alignment

- 11:53:48.337 INFO: Alternative alignment: 0

- 11:53:48.888 INFO: 369 alignments done

- 11:53:48.889 INFO: Alternative alignment: 1

- 11:53:48.902 INFO: 361 alignments done

- 11:53:48.902 INFO: Alternative alignment: 2

- 11:53:48.902 INFO: 1 alignments done

- 11:53:48.902 INFO: Alternative alignment: 3

- 11:53:48.979 INFO: Premerge done

- 11:53:48.979 INFO: Realigning 370 HMM-HMM alignments using Maximum Accuracy algorithm

- 11:53:49.032 INFO: 29 sequences belonging to 29 database HMMs found with an E-value < 0.001

- 11:53:49.033 INFO: Number of effective sequences of resulting query HMM: Neff = 5.11244

- 11:53:49.038 INFO: Iteration 2

- 11:53:49.038 INFO: Set premerge to 0! (premerge: 3 iteration: 2 hits.Size: 26)

- 11:53:49.045 INFO: Prefiltering database

- 11:54:33.082 INFO: HMMs passed 1st prefilter (gapless profile-profile alignment)  : 31213

- 11:54:54.098 INFO: HMMs passed 1st prefilter (gapless profile-profile alignment)  : 30538

- 11:54:54.146 INFO: HMMs passed 2nd prefilter (gapped profile-profile alignment)   : 112

- 11:54:54.146 INFO: HMMs passed 2nd prefilter and not found in previous iterations : 86

- 11:54:54.146 INFO: Scoring 86 HMMs using HMM-HMM Viterbi alignment

- 11:54:54.188 INFO: Alternative alignment: 0

- 11:54:54.192 INFO: 86 alignments done

- 11:54:54.192 INFO: Alternative alignment: 1

- 11:54:54.195 INFO: 78 alignments done

- 11:54:54.195 INFO: Alternative alignment: 2

- 11:54:54.195 INFO: Alternative alignment: 3

- 11:54:54.211 INFO: Realigning 84 HMM-HMM alignments using Maximum Accuracy algorithm

- 11:54:54.232 INFO: 43 sequences belonging to 43 database HMMs found with an E-value < 0.001

- 11:54:54.232 INFO: Number of effective sequences of resulting query HMM: Neff = 5.07077

- 11:54:54.235 INFO: Iteration 3

- 11:54:54.246 INFO: Prefiltering database

- 11:55:33.302 INFO: HMMs passed 1st prefilter (gapless profile-profile alignment)  : 24209

- 11:55:54.044 INFO: HMMs passed 1st prefilter (gapless profile-profile alignment)  : 22114

- 11:55:54.087 INFO: HMMs passed 2nd prefilter (gapped profile-profile alignment)   : 72

- 11:55:54.087 INFO: HMMs passed 2nd prefilter and not found in previous iterations : 33

- 11:55:54.087 INFO: Scoring 33 HMMs using HMM-HMM Viterbi alignment

- 11:55:54.135 INFO: Alternative alignment: 0

- 11:55:54.136 INFO: 33 alignments done

- 11:55:54.136 INFO: Alternative alignment: 1

- 11:55:54.137 INFO: 27 alignments done

- 11:55:54.137 INFO: Alternative alignment: 2

- 11:55:54.137 INFO: Alternative alignment: 3

- 11:55:54.174 INFO: Rescoring previously found HMMs with Viterbi algorithm

- 11:55:54.208 INFO: Alternative alignment: 0

- 11:55:54.209 INFO: 40 alignments done

- 11:55:54.210 INFO: Alternative alignment: 1

- 11:55:54.211 INFO: 40 alignments done

- 11:55:54.211 INFO: Alternative alignment: 2

- 11:55:54.211 INFO: Alternative alignment: 3

- 11:55:54.253 INFO: Premerge done

- 11:55:54.253 INFO: Realigning 70 HMM-HMM alignments using Maximum Accuracy algorithm

- 11:55:54.276 INFO: 44 sequences belonging to 44 database HMMs found with an E-value < 0.001

- 11:55:54.276 INFO: Number of effective sequences of resulting query HMM: Neff = 5.07077

     Query         urotensin-II gtp:2155
     Match_columns 14
     No_of_seqs    67 out of 360
     Neff          5.07077
     Searched_HMMs 404
     Date          Thu Mar  9 11:55:54 2023
     Command       hhblits -i ur2r_rat-2155/msas/B/chain_B.fasta -cpu 4 -maxmem 20 -oa3m /projects/ilfgrid/people/nqz918/code/deorph/scripts/af_arman/af_jobs_af23/ur2r_rat/2155//ur2r_rat-2155/msas/B/bfd_uniref_hits.a3m -o /dev/null -n 3 -e 0.001 -maxseq 1000000 -realign_max 100000 -maxfilt 100000 -min_prefilter_hits 1000 -d /projects/ilfgrid/data/alphafold-genetic-databases///bfd/bfd_metaclust_clu_complete_id30_c90_final_seq.sorted_opt -d /projects/ilfgrid/data/alphafold-genetic-databases///uniref30/UniRef30_2021_03 
     
      No Hit                             Prob E-value P-value  Score    SS Cols Query HMM  Template HMM
       1 UniRef100_A0A091HEQ2 Urotensin  98.0 1.3E-07 1.6E-13   45.6   0.0   14    1-14     83-96  (96)
       2 UniRef100_P81022 Urotensin-2 n  98.0 2.3E-07 2.4E-13   32.0   0.0   11    4-14      2-12  (12)
       3 tr|W5L1L6|W5L1L6_ASTMX Urotens  97.9 3.6E-07 4.8E-13   45.6   0.0   14    1-14    118-131 (131)
       4 UniRef100_A0A087QS38 Urotensin  97.9 4.6E-07 6.2E-13   47.7   0.0   14    1-14    179-192 (213)
       5 UniRef100_P04559 Urotensin-2B   97.8   8E-07 8.2E-13   30.8   0.0   11    4-14      2-12  (12)
       6 UniRef100_A0A060XJ84 Uncharact  97.8 6.9E-07 9.1E-13   45.6   0.0   14    1-14    142-155 (155)
       7 UniRef100_P35490 Urotensin-2 n  97.8 1.2E-06 1.3E-12   30.4   0.0   10    5-14      3-12  (12)
       8 UniRef100_A0A287BAV2 Urotensin  97.6   4E-06 4.6E-12   41.6   0.0   14    1-14     95-108 (110)
       9 UniRef100_P04558 Urotensin-2A   97.5 5.2E-06 5.3E-12   28.9   0.0    9    6-14      4-12  (12)
      10 UniRef100_P01147 Urotensin-2 n  97.4 8.9E-06 9.1E-12   28.4   0.0    9    6-14      4-12  (12)
      11 tr|A0A218ULZ2|A0A218ULZ2_9PASE  97.4 8.6E-06 9.9E-12   42.8   0.0   14    1-14    164-177 (177)
      12 UniRef100_A0A673J4S2 Uncharact  97.4 1.2E-05 1.4E-11   38.6   0.0   14    1-14     68-81  (81)
      13 UniRef100_A0A2U3Z9E5 urotensin  97.3 1.4E-05 1.6E-11   41.9   0.0   14    1-14    157-170 (170)
      14 UniRef100_A0A2Y9GLP8 LOW QUALI  97.3 1.9E-05 2.2E-11   42.7   0.0   14    1-14    216-229 (229)
      15 UniRef100_A0A6J0U4J7 urotensin  97.3 2.2E-05 2.5E-11   42.1   0.0   14    1-14    191-204 (204)
      16 UniRef100_A0A3D2V487 Uncharact  97.2 2.8E-05 2.9E-11   31.7   0.0   10    5-14     18-27  (27)
      17 tr|A0A226MWR0|A0A226MWR0_CALSU  97.2   3E-05 3.2E-11   40.8   0.0   14    1-14    157-170 (170)
      18 UniRef100_A0A2I0LM86 Urotensin  97.2 3.2E-05 3.5E-11   41.2   0.0   14    1-14    180-193 (193)
      19 sp|Q9QZQ3|UTS2_MOUSE Urotensin  97.2 3.3E-05 3.8E-11   39.2   0.0   13    2-14    111-123 (123)
      20 UniRef100_A0A4Y8C8E3 Uncharact  97.1 6.8E-05   7E-11   27.9   0.0   10    5-14      7-16  (16)
      21 UniRef100_A0A091E6A8 Urotensin  97.0 7.6E-05 8.9E-11   40.7   0.0   14    1-14    203-216 (231)
      22 UniRef100_A0A226MWR0 Uncharact  97.0 0.00011 1.1E-10   38.8   0.0   14    1-14    157-170 (170)
      23 UniRef100_UPI000DF1AB7D uroten  97.0 0.00011 1.2E-10   37.5   0.0   14    1-14    113-126 (126)
      24 UniRef100_UPI000C856BE7 LOW QU  96.8 0.00024 2.6E-10   39.3   0.0   14    1-14    234-247 (247)
      25 UniRef100_A0A218ULZ2 Urotensin  96.8 0.00028 2.8E-10   37.6   0.0   14    1-14    164-177 (177)
      26 UniRef100_UPI000E776D01 LOW QU  96.7 0.00034 3.5E-10   36.9   0.0   13    2-14    148-160 (160)
      27 UniRef100_A0A3B3QCG2 Urotensin  96.7  0.0003 3.7E-10   37.4   0.0   10    5-14    152-161 (170)
      28 UniRef100_A0A3Q2TR36 Urotensin  96.7 0.00042 4.5E-10   37.5   0.0   13    2-14    183-195 (195)
      29 UniRef100_A0A2I0TWX3 Urotensin  96.6  0.0005 5.1E-10   38.3   0.0   14    1-14    251-264 (264)
      30 UniRef100_A0A671VAB8 Urotensin  96.6  0.0005 5.1E-10   36.4   0.0   14    1-14    149-162 (162)
      31 UniRef100_A0A671VET0 Urotensin  96.5 0.00069 7.3E-10   36.9   0.0   14    1-14    189-202 (202)
      32 UniRef100_A0A3M1EAM9 Uncharact  96.5 0.00071 7.3E-10   29.2   0.0   10    5-14     14-23  (35)
      33 tr|W5NDR5|W5NDR5_LEPOC Urotens  96.5 0.00064 7.7E-10   36.3   0.0   10    5-14    154-163 (165)
      34 UniRef100_A0A1L8H587 Uncharact  96.4 0.00086 1.1E-09   35.7   0.0    9    6-14    152-160 (163)
      35 tr|A0A096MQG5|A0A096MQG5_PAPAN  96.4   0.001 1.1E-09   35.0   0.0    9    6-14    132-140 (140)
      36 UniRef100_A0A556V4H3 Prepro-ur  96.3  0.0015 1.5E-09   32.4   0.0   10    5-14     78-87  (87)
      37 UniRef100_A0A6I6CJ93 Uncharact  96.3  0.0015 1.5E-09   27.5   0.0    8    7-14      7-14  (29)
      38 UniRef100_A0A4U0FHV3 Uncharact  96.3  0.0016 1.7E-09   22.8   0.0    8    5-12      3-10  (11)
      39 UniRef100_A0A674PA91 Uncharact  96.1   0.003 3.1E-09   32.8   0.0   12    3-14    111-122 (122)
      40 UniRef100_A0A096MQG5 Urotensin  96.0  0.0037 4.1E-09   33.1   0.0    9    6-14    131-139 (141)
      41 UniRef100_P21857 Urotensin-2 (  96.0   0.004 4.1E-09   30.9   0.0    9    6-14     75-83  (83)
      42 UniRef100_A0A401P562 Uncharact  95.6   0.011 1.1E-08   31.6   0.0    9    6-14    131-139 (141)
      43 UniRef100_A0A401SL68 Uncharact  95.6   0.011 1.2E-08   30.6   0.0    9    6-14    100-108 (110)
      44 ERR1719245_967289               95.6   0.011 1.2E-08   31.2   0.0   12    2-13     51-62  (128)
      45 UniRef100_A0A402F8Q4 Uncharact  95.6   0.012 1.3E-08   31.3   0.0    9    6-14    127-135 (138)
      46 UniRef100_A0A2R7JX27 Uncharact  95.5   0.014 1.5E-08   22.2   0.0   10    5-14      7-16  (16)
      47 UniRef100_A0A3B4AGD3 Uncharact  95.5   0.015 1.6E-08   30.1   0.0    9    6-14    100-108 (108)
      48 UniRef100_A0A6P5R8K6 urotensin  95.4   0.016 1.8E-08   30.2   0.0   10    5-14    104-113 (113)
      49 UniRef100_A0A4W5P016 Uncharact  95.4   0.018 1.9E-08   30.2   0.0    9    6-14    106-114 (116)
      50 UniRef100_A0A3Q3J0Z6 Urotensin  95.3   0.021 2.1E-08   31.5   0.0   10    5-14    173-182 (184)
      51 UniRef100_A0A401PRT6 Uncharact  95.3   0.023 2.4E-08   28.4   0.0    9    6-14     72-80  (80)
      52 UniRef100_A0A401T1K6 Uncharact  95.2   0.025 2.6E-08   29.5   0.0    9    6-14    105-113 (113)
      53 UniRef100_A0A7C4K2G6 Uncharact  95.1   0.029   3E-08   25.7   0.0    9    6-14     11-19  (44)
      54 ERR1719335_2044300              94.8   0.042 4.8E-08   30.8   0.0    9    6-14    159-167 (193)
      55 UniRef100_A0A2P2N2C4 Uncharact  94.7   0.054 5.6E-08   24.0   0.0    9    6-14     10-18  (35)
      56 UniRef100_A0A673W190 Malignant  94.4   0.088   9E-08   31.0   0.0   10    5-14    296-305 (307)
      57 UniRef100_A0A497F3D2 Uncharact  94.4   0.089 9.2E-08   20.8   0.0    8    6-13      3-10  (18)
      58 UniRef100_A0A7N8X0A6 Urotensin  94.3     0.1   1E-07   28.7   0.0    9    6-14    144-152 (154)
      59 UniRef100_A0A4U5TX58 Uncharact  93.9    0.14 1.5E-07   29.4   0.0    9    6-14    201-209 (211)
      60 UniRef100_A0A1J1HG79 CLUMA_CG0  93.3    0.26 2.7E-07   24.3   0.0    9    6-14     39-47  (62)
      61 ERR1719419_244427               92.2    0.57 5.9E-07   25.1   0.0    9    6-14      3-11  (109)
      62 UniRef100_A0A6L8F2C4 Uncharact  92.1     0.6 6.2E-07   26.3   0.0   13    2-14     60-72  (162)
      63 UniRef100_UPI0011C12537 hypoth  91.8    0.71 7.3E-07   23.5   0.0   13    1-13     27-39  (73)
      64 UniRef100_A0A1A8G544 Urotensin  88.4     2.6 2.8E-06   23.9   0.0    9    6-14    126-134 (140)
      65 UniRef100_UPI0008FAABB7 N(G),N  84.0     7.4 7.6E-06   21.3   0.0    9    4-12     83-91  (100)
      66 UniRef100_UPI001147147C hypoth  83.2     8.5 8.8E-06   21.4   0.0   11    2-12     29-39  (111)
      67 UniRef100_A0A0M3HNK8 Uncharact  81.9      10 1.1E-05   19.5   0.0   13    2-14     15-27  (63)
      68 UniRef100_A0A084VA17 Uncharact  80.9      12 1.2E-05   21.1   0.0   12    2-13     97-108 (118)
      69 UniRef100_A0A0A9RDB3 Uncharact  75.5      23 2.4E-05   17.9   0.0   11    2-12      4-14  (51)
      70 UniRef100_UPI00102AA57F hypoth  61.0      79 8.1E-05   16.8   0.0   11    2-12     24-34  (59)
     
  > Uniprot already searched, skipping.
/projects/ilfgrid/apps/alphafold-2.2.0/prep_MSAs.sh: line 93: /bin/hmmbuild: No such file or directory
/projects/ilfgrid/apps/alphafold-2.2.0/prep_MSAs.sh: line 94: /bin/hmmsearch: No such file or directory

>> Job finished at: Thu Mar  9 11:55:58 CET 2023

>> Runtime: 917 s
