>> Job started at: Tue Mar  7 10:26:13 CET 2023
   On Machine:     ilfgridgpun01fl.unicph.domain
   In directory:   /projects/ilfgrid/people/nqz918/code/deorph/scripts/af_arman/af_jobs_af23/v1br_human/2168

>> GPU is 

Loaded miniconda shell environment for bash
> Running 'prep_MSAs.sh'
  > Alphafold-DB directory is set to /projects/ilfgrid/data/alphafold-genetic-databases//
  > Number of cores was set to set to 2
  > Max memory set to 20 GB
  > Output directory was set to /projects/ilfgrid/people/nqz918/code/deorph/scripts/af_arman/af_jobs_af23/v1br_human/2168/
  > Input fastafile was set to /projects/ilfgrid/people/nqz918/code/deorph/scripts/af_arman/af_jobs_af23/v1br_human/2168/v1br_human-2168.fasta
> Splitting fastafile
> Running chain A
  > Uniref90 already searched, skipping.
  > Mgnify already searched, skipping.
  > Running hhblits on bfd_uniref30
- 10:26:32.591 INFO: Searching 65983866 column state sequences.

- 10:26:33.981 INFO: Searching 29291635 column state sequences.

- 10:26:34.037 INFO: v1br_human-2168/msas/A/chain_A.fasta is in A2M, A3M or FASTA format

- 10:26:34.037 INFO: Iteration 1

- 10:26:34.300 INFO: Prefiltering database

- 10:29:20.647 INFO: HMMs passed 1st prefilter (gapless profile-profile alignment)  : 2256054

- 10:30:57.031 INFO: HMMs passed 1st prefilter (gapless profile-profile alignment)  : 823633

- 10:31:07.588 INFO: HMMs passed 2nd prefilter (gapped profile-profile alignment)   : 31245

- 10:31:07.588 INFO: HMMs passed 2nd prefilter and not found in previous iterations : 31245

- 10:31:07.588 INFO: Scoring 31245 HMMs using HMM-HMM Viterbi alignment

- 10:31:07.610 INFO: Alternative alignment: 0

- 10:31:41.155 INFO: 2000 alignments done

- 10:32:16.640 INFO: 4000 alignments done

- 10:32:52.549 INFO: 6000 alignments done

- 10:33:35.744 INFO: 8000 alignments done

- 10:33:59.793 INFO: 10000 alignments done

- 10:34:26.415 INFO: 12000 alignments done

- 10:34:54.921 INFO: 14000 alignments done

- 10:35:05.762 INFO: 16000 alignments done

- 10:35:14.259 INFO: 18000 alignments done

- 10:35:21.574 INFO: 20000 alignments done

- 10:35:32.414 INFO: 22000 alignments done

- 10:35:46.250 INFO: 24000 alignments done

- 10:35:50.772 INFO: 26000 alignments done

- 10:35:55.374 INFO: 28000 alignments done

- 10:35:59.623 INFO: 30000 alignments done

- 10:36:01.624 INFO: 31245 alignments done

- 10:36:01.626 INFO: Alternative alignment: 1

- 10:36:19.705 INFO: 31154 alignments done

- 10:36:19.727 INFO: Alternative alignment: 2

- 10:36:25.027 INFO: 7181 alignments done

- 10:36:25.047 INFO: Alternative alignment: 3

- 10:36:26.145 INFO: 1105 alignments done

- 10:36:27.114 INFO: Premerge done

- 10:36:27.116 INFO: Realigning 10756 HMM-HMM alignments using Maximum Accuracy algorithm

- 10:38:12.131 INFO: 10759 sequences belonging to 10759 database HMMs found with an E-value < 0.001

- 10:38:12.132 INFO: Number of effective sequences of resulting query HMM: Neff = 9.78803

- 10:38:12.401 INFO: Iteration 2

- 10:38:12.401 INFO: Set premerge to 0! (premerge: 3 iteration: 2 hits.Size: 10756)

- 10:38:12.673 INFO: Prefiltering database

- 10:40:39.460 INFO: HMMs passed 1st prefilter (gapless profile-profile alignment)  : 10704773

- 10:42:44.717 INFO: HMMs passed 1st prefilter (gapless profile-profile alignment)  : 3445687

- 10:43:09.726 WARNING: database contains sequences that exceed maximum allowed size (maxres = 20001). Max sequence length can be increased with parameter -maxres.

- 10:43:09.739 INFO: HMMs passed 2nd prefilter (gapped profile-profile alignment)   : 150643

- 10:43:09.739 INFO: HMMs passed 2nd prefilter and not found in previous iterations : 140069

- 10:43:09.739 INFO: Scoring 140069 HMMs using HMM-HMM Viterbi alignment

- 10:43:09.765 INFO: Alternative alignment: 0

- 10:43:22.498 INFO: 2000 alignments done

- 10:43:40.731 INFO: 4000 alignments done

- 10:43:54.534 INFO: 6000 alignments done

- 10:44:10.330 INFO: 8000 alignments done

- 10:44:27.044 INFO: 10000 alignments done

- 10:44:47.523 INFO: 12000 alignments done

- 10:45:07.967 INFO: 14000 alignments done

- 10:45:27.779 INFO: 16000 alignments done

- 10:45:49.164 INFO: 18000 alignments done

- 10:46:09.560 INFO: 20000 alignments done

- 10:46:27.708 INFO: 22000 alignments done

- 10:46:27.710 INFO: Stop after DB-HHM: 22000 because early stop  17.5712 < filter cutoff 20

- 10:46:27.710 INFO: Alternative alignment: 1

- 10:46:34.331 INFO: 9314 alignments done

- 10:46:34.336 INFO: Alternative alignment: 2

- 10:46:35.301 INFO: 961 alignments done

- 10:46:35.302 INFO: Alternative alignment: 3

- 10:46:35.526 INFO: 166 alignments done

- 10:46:35.638 INFO: Realigning 5196 HMM-HMM alignments using Maximum Accuracy algorithm

- 10:47:39.126 INFO: 15953 sequences belonging to 15953 database HMMs found with an E-value < 0.001

- 10:47:39.127 INFO: Number of effective sequences of resulting query HMM: Neff = 10.358

- 10:47:39.245 INFO: Iteration 3

- 10:47:39.633 INFO: Prefiltering database

- 10:50:04.867 INFO: HMMs passed 1st prefilter (gapless profile-profile alignment)  : 10416542

- 10:52:10.531 INFO: HMMs passed 1st prefilter (gapless profile-profile alignment)  : 3403206

- 10:52:35.102 WARNING: database contains sequences that exceed maximum allowed size (maxres = 20001). Max sequence length can be increased with parameter -maxres.

- 10:52:35.102 INFO: HMMs passed 2nd prefilter (gapped profile-profile alignment)   : 146531

- 10:52:35.102 INFO: HMMs passed 2nd prefilter and not found in previous iterations : 130843

- 10:52:35.102 INFO: Scoring 130843 HMMs using HMM-HMM Viterbi alignment

- 10:52:35.122 INFO: Alternative alignment: 0

- 10:52:36.479 INFO: 2000 alignments done

- 10:52:37.636 INFO: 4000 alignments done

- 10:52:38.568 INFO: 6000 alignments done

- 10:52:39.414 INFO: 8000 alignments done

- 10:52:40.401 INFO: 10000 alignments done

- 10:52:42.932 INFO: 12000 alignments done

- 10:52:48.201 INFO: 14000 alignments done

- 10:52:53.779 INFO: 16000 alignments done

- 10:52:53.782 INFO: Stop after DB-HHM: 16000 because early stop  16.3325 < filter cutoff 20

- 10:52:53.782 INFO: Alternative alignment: 1

- 10:52:57.327 INFO: 4710 alignments done

- 10:52:57.342 INFO: Alternative alignment: 2

- 10:52:57.999 INFO: 622 alignments done

- 10:52:57.000 INFO: Alternative alignment: 3

- 10:52:58.184 INFO: 128 alignments done

- 10:52:58.279 INFO: Rescoring previously found HMMs with Viterbi algorithm

- 10:52:58.302 INFO: Alternative alignment: 0

- 10:52:59.535 INFO: 2000 alignments done

- 10:53:00.758 INFO: 4000 alignments done

- 10:53:02.015 INFO: 6000 alignments done

- 10:53:03.284 INFO: 8000 alignments done

- 10:53:04.569 INFO: 10000 alignments done

- 10:53:05.803 INFO: 12000 alignments done

- 10:53:07.014 INFO: 14000 alignments done

- 10:53:08.067 INFO: 15687 alignments done

- 10:53:08.070 INFO: Alternative alignment: 1

- 10:53:18.698 INFO: 15687 alignments done

- 10:53:18.717 INFO: Alternative alignment: 2

- 10:53:20.001 INFO: 1319 alignments done

- 10:53:20.002 INFO: Alternative alignment: 3

- 10:53:20.238 INFO: 188 alignments done

- 10:53:20.532 INFO: Premerge done

- 10:53:20.533 INFO: Realigning 16290 HMM-HMM alignments using Maximum Accuracy algorithm

- 10:54:26.360 INFO: 16362 sequences belonging to 16362 database HMMs found with an E-value < 0.001

- 10:54:26.362 INFO: Number of effective sequences of resulting query HMM: Neff = 10.3826

     Query         v1br_human P47901
     Match_columns 424
     No_of_seqs    2993 out of 223820
     Neff          10.3826
     Searched_HMMs 164705
     Date          Tue Mar  7 10:54:26 2023
     Command       hhblits -i v1br_human-2168/msas/A/chain_A.fasta -cpu 2 -maxmem 20 -oa3m /projects/ilfgrid/people/nqz918/code/deorph/scripts/af_arman/af_jobs_af23/v1br_human/2168//v1br_human-2168/msas/A/bfd_uniref_hits.a3m -o /dev/null -n 3 -e 0.001 -maxseq 1000000 -realign_max 100000 -maxfilt 100000 -min_prefilter_hits 1000 -d /projects/ilfgrid/data/alphafold-genetic-databases///bfd/bfd_metaclust_clu_complete_id30_c90_final_seq.sorted_opt -d /projects/ilfgrid/data/alphafold-genetic-databases///uniref30/UniRef30_2021_03 
     
      No Hit                             Prob E-value P-value  Score    SS Cols Query HMM  Template HMM
       1 UniRef100_A0A060XH94 G_PROTEIN 100.0 8.7E-81 9.2E-87  557.9   0.0  382   19-423   102-486 (542)
       2 tr|W4YZL0|W4YZL0_STRPU Unchara 100.0 3.8E-75   4E-81  512.8   0.0  406    1-424    23-461 (461)
       3 tr|A0A2D0T324|A0A2D0T324_ICTPU 100.0   2E-74 2.1E-80  504.0   0.0  370   17-418    42-414 (453)
       4 UniRef100_A0A060WIU8 G_PROTEIN 100.0 7.5E-72 7.8E-78  478.7   0.0  370   18-417    49-421 (458)
       5 UniRef100_A0A088DIX9 Vasotocin 100.0 1.9E-71   2E-77  496.2   0.0  364   25-413   141-506 (546)
       6 tr|A0A2G9RDH8|A0A2G9RDH8_LITCT 100.0   6E-70 6.2E-76  472.3   0.0  369   20-420    45-516 (520)
       7 tr|V8NBS5|V8NBS5_OPHHA Vasopre 100.0   1E-69 1.1E-75  467.0   0.0  369   21-413    97-468 (469)
       8 tr|A0A146VCE1|A0A146VCE1_FUNHE 100.0 4.9E-68 5.2E-74  480.2   0.0  356   17-387    32-413 (592)
       9 UniRef100_UPI00174A8E0E vasopr 100.0 2.2E-65 2.3E-71  437.5   0.0  412    1-415     1-414 (547)
      10 tr|A0A0P7TW44|A0A0P7TW44_9TELE 100.0 9.5E-65 9.9E-71  435.3   0.0  346   18-420    82-430 (434)
      11 UniRef100_A0A315VLZ3 G_PROTEIN 100.0 7.5E-64 7.8E-70  426.8   0.0  370   20-419    37-409 (529)
      12 UniRef100_A0A091G7A7 Vasopress 100.0 1.9E-63 2.1E-69  434.9   0.0  359   15-413    30-388 (398)
      13 UniRef100_A0A3Q7TQI5 Vasopress 100.0 5.6E-62 5.8E-68  425.2   0.0  370   27-419   181-552 (557)
      14 UniRef100_A0A060W145 G_PROTEIN 100.0 2.7E-60 2.9E-66  423.7   0.0  318   22-357   100-418 (567)
      15 UniRef100_A0A068BDA2 Vasopress 100.0 4.5E-60 4.7E-66  399.7   0.0  369   27-419    48-418 (423)
      16 tr|A0A060WJQ0|A0A060WJQ0_ONCMY 100.0 7.6E-59 7.8E-65  388.3   0.0  353   19-387    27-382 (428)
      17 UniRef100_A0A6F9BCS3 G_PROTEIN 100.0 6.9E-58 7.1E-64  401.9   0.0  351   19-385   313-666 (697)
      18 UniRef100_UPI0011C0F453 arg8-v 100.0 8.2E-58 8.4E-64  395.4   0.0  354   17-385   219-575 (597)
      19 UniRef100_UPI000E1DEBCC vasopr 100.0 1.4E-56 1.5E-62  388.6   0.0  368   25-416   231-602 (609)
      20 tr|Q5MZ03|Q5MZ03_TAKRU Vasotoc 100.0   4E-56 4.2E-62  377.0   0.0  346   17-381    12-359 (447)
      21 UniRef100_A0A088DHW5 Vasotocin 100.0 1.1E-55 1.2E-61  394.3   0.0  330   27-362    48-392 (463)
      22 tr|L5M9C0|L5M9C0_MYODS Oxytoci 100.0 4.7E-55   5E-61  388.6   0.0  295   27-356   146-440 (482)
      23 tr|A0A1S3MHC2|A0A1S3MHC2_SALSA 100.0 8.5E-55   9E-61  396.4   0.0  331   25-360   100-590 (618)
      24 tr|T1JNT7|T1JNT7_STRMM Unchara 100.0 8.9E-55 9.4E-61  392.0   0.0  334   23-360    18-368 (471)
      25 UniRef100_A0A0L8G5L6 G_PROTEIN 100.0 1.1E-54 1.1E-60  397.2   0.0  316   27-358    60-381 (505)
      26 UniRef100_A0A0K0PVK9 Vasotocin 100.0 1.7E-54 1.9E-60  396.0   0.0  321   26-351    53-381 (485)
      27 tr|A0A1V4J9P2|A0A1V4J9P2_PATFA 100.0 1.9E-54   2E-60  390.9   0.0  302   25-347   352-653 (688)
      28 UniRef100_A0A6P4Z4S7 G-protein 100.0 6.6E-54 7.2E-60  395.4   0.0  295   34-361    59-355 (417)
      29 UniRef100_A0A1S3HKE5 allatosta 100.0 1.6E-53 1.8E-59  389.5   0.0  292   35-358    83-377 (462)
      30 UniRef100_A0A164MD49 Putative  100.0 4.6E-53 4.8E-59  379.8   0.0  322   34-358    49-396 (498)
      31 UniRef100_A0A0K0PUR1 Orphan G- 100.0 8.4E-53   9E-59  388.1   0.0  294   30-353   110-407 (530)
      32 UniRef100_A0A077Z2H9 Putative  100.0 1.3E-52 1.4E-58  382.3   0.0  342   37-383    74-422 (477)
      33 UniRef100_A0A024FLF0 PQRFa pep 100.0 1.6E-52 1.7E-58  384.2   0.0  293   35-357    50-346 (413)
      34 UniRef100_A0A2G8KL37 Cholecyst 100.0 2.3E-52 2.5E-58  373.1   0.0  320   36-358   100-431 (493)
      35 UniRef100_A0A060WAU0 G_PROTEIN 100.0 3.5E-52 3.7E-58  376.8   0.0  308   28-356   144-452 (529)
      36 UniRef100_A0A060WC63 G_PROTEIN 100.0 3.6E-52 3.8E-58  369.6   0.0  310   25-355   100-409 (459)
      37 UniRef100_A0A1S3HEB7 cephaloto 100.0 7.7E-52 8.2E-58  370.9   0.0  317   26-347    62-398 (480)
      38 UniRef100_UPI0018F49F6D LOW QU 100.0 9.7E-52   1E-57  370.7   0.0  402    4-424   455-860 (860)
      39 UniRef100_A0A141CIT8 G protein 100.0 1.1E-51 1.1E-57  373.4   0.0  293   34-360    86-379 (488)
      40 UniRef100_A0A1D1W534 G_PROTEIN 100.0 1.6E-51 1.7E-57  382.5   0.0  323   34-359    78-435 (492)
      41 UniRef100_A0A026WK40 Cholecyst 100.0 1.7E-51 1.8E-57  388.4   0.0  323   35-360   155-546 (656)
      42 UniRef100_A0A023F675 Putative  100.0 9.2E-51 9.9E-57  378.7   0.0  290   35-358   127-420 (530)
      43 UniRef100_A0A091NWL5 Vasopress 100.0 1.4E-50 1.4E-56  337.2   0.0  370   15-424    25-399 (399)
      44 UniRef100_A0A1N7TCF1 Galanin r 100.0 1.4E-50 1.5E-56  360.5   0.0  287   36-360    73-363 (407)
      45 UniRef100_A0A6P4XD29 neuropept 100.0 1.6E-50 1.7E-56  357.4   0.0  292   33-353    40-338 (385)
      46 UniRef100_A0A2B4S7K2 Histamine 100.0 1.6E-50 1.7E-56  364.3   0.0  302   26-357    24-327 (369)
      47 UniRef100_A0A6P4Y4T1 galanin r 100.0 1.9E-50   2E-56  359.2   0.0  294   34-359    58-353 (410)
      48 UniRef100_A0A026X3T6 Allatosta 100.0   2E-50 2.1E-56  369.5   0.0  289   33-360   138-428 (540)
      49 UniRef100_A0A026WTK8 Tachykini 100.0 2.1E-50 2.3E-56  369.5   0.0  292   36-359    91-390 (556)
      50 UniRef100_A0A154PKR3 Tachykini 100.0 2.2E-50 2.3E-56  365.3   0.0  293   34-357    76-374 (457)
      51 UniRef100_A0A026W5R0 Orexin re 100.0 2.3E-50 2.4E-56  372.3   0.0  308   36-361   119-430 (529)
      52 UniRef100_A0A1D2M4J2 Neuropept 100.0 2.4E-50 2.5E-56  364.7   0.0  294   33-358   125-424 (497)
      53 UniRef100_A0A061INJ6 Pyrogluta 100.0 2.7E-50 2.9E-56  378.4   0.0  297   36-356   154-457 (594)
      54 tr|A0A1L8GHK0|A0A1L8GHK0_XENLA 100.0   3E-50 3.1E-56  340.0   0.0  309   20-349    30-338 (402)
      55 UniRef100_A0A0K0PUI9 Orphan G- 100.0 3.4E-50 3.6E-56  374.4   0.0  301   32-359    99-409 (534)
      56 UniRef100_A0A177B9B5 Rhodopsin 100.0 3.7E-50 3.9E-56  357.6   0.0  304   36-355    92-400 (464)
      57 UniRef100_A0A060VSP8 5-hydroxy 100.0 4.3E-50 4.5E-56  365.4   0.0  313   37-360    90-418 (479)
      58 UniRef100_A0A0P0YUU8 Cannabino 100.0 4.8E-50   5E-56  360.6   0.0  322   38-360    86-420 (496)
      59 tr|Q25396|Q25396_LYMST Conopre 100.0 6.3E-50 6.7E-56  360.9   0.0  319   22-345    58-399 (462)
      60 tr|A0A088DHW5|A0A088DHW5_PETMA 100.0 9.8E-50   1E-55  342.7   0.0  313   26-351    37-352 (431)
      61 tr|A0A210Q294|A0A210Q294_MIZYE 100.0   1E-49 1.1E-55  350.3   0.0  323   26-351    39-364 (449)
      62 UniRef100_A0A0K0PUT9 Excitator 100.0 1.3E-49 1.4E-55  365.5   0.0  295   34-357   103-401 (474)
      63 UniRef100_A0A096NAQ2 Cholecyst 100.0 1.5E-49 1.6E-55  362.8   0.0  322   34-356   150-500 (617)
      64 UniRef100_A0A026WW28 Neuropept 100.0 1.5E-49 1.6E-55  367.8   0.0  295   32-358    86-381 (552)
      65 tr|A0A1I8M930|A0A1I8M930_MUSDO 100.0 1.7E-49 1.7E-55  380.0   0.0  310   36-354   190-575 (963)
      66 UniRef100_A0A060W5Z4 G_PROTEIN 100.0 1.9E-49   2E-55  364.9   0.0  282   34-358   190-475 (593)
      67 UniRef100_A0A0K0PUX7 Orphan G- 100.0   2E-49 2.1E-55  363.1   0.0  288   35-358    63-355 (471)
      68 UniRef100_A0A0K0PUL8 Allatosta 100.0 2.2E-49 2.3E-55  354.1   0.0  289   36-358    52-345 (396)
      69 tr|A0A0K0PUK7|A0A0K0PUK7_PLADU 100.0 2.4E-49 2.6E-55  357.9   0.0  326   25-358    24-366 (607)
      70 UniRef100_A0A3L8Q8C8 G_PROTEIN 100.0 2.5E-49 2.6E-55  347.7   0.0  363   20-385    27-503 (672)
      71 UniRef100_A0A2B4SDF9 Neuropept 100.0 2.5E-49 2.7E-55  355.5   0.0  292   35-360    90-382 (455)
      72 UniRef100_A0A060VUW6 G_PROTEIN 100.0 2.9E-49 3.1E-55  375.7   0.0  314   33-358   116-440 (574)
      73 UniRef100_A0A060X5Z5 G_PROTEIN 100.0 3.1E-49 3.3E-55  364.4   0.0  297   36-357    85-384 (522)
      74 UniRef100_A0A2B4RSM5 Neuropept 100.0 4.7E-49   5E-55  351.0   0.0  292   29-359    31-326 (417)
      75 UniRef100_A0A060X1Q6 Somatosta 100.0 5.3E-49 5.7E-55  365.8   0.0  281   33-356   138-423 (604)
      76 UniRef100_A0A369RW72 Octopamin 100.0 5.6E-49   6E-55  362.8   0.0  297   36-353    56-354 (412)
      77 tr|C3XSP5|C3XSP5_BRAFL Unchara 100.0 6.3E-49 6.6E-55  339.3   0.0  297   35-360    28-329 (403)
      78 UniRef100_A0A087QH91 Melanopsi 100.0 6.4E-49 6.7E-55  362.7   0.0  318   35-383   104-427 (629)
      79 tr|A0A0P7U387|A0A0P7U387_9TELE 100.0 6.7E-49   7E-55  351.6   0.0  282   36-357   130-415 (556)
      80 UniRef100_A0A210QEM7 Neuropept 100.0 7.6E-49 8.1E-55  347.8   0.0  291   36-359    52-348 (416)
      81 UniRef100_A0A087UNN0 Neuropept 100.0 1.1E-48 1.2E-54  349.9   0.0  294   36-360    95-396 (470)
      82 UniRef100_A0A0K0PUH0 Orphan G- 100.0 1.2E-48 1.3E-54  366.8   0.0  314   37-352   139-468 (583)
      83 UniRef100_A0A1S3J712 QRFP-like 100.0 1.3E-48 1.4E-54  358.2   0.0  290   37-356    70-370 (507)
      84 UniRef100_A0A061A7W5 G_PROTEIN 100.0 1.5E-48 1.6E-54  355.9   0.0  294   36-358    63-359 (473)
      85 UniRef100_A0A139WB32 Tachykini 100.0 1.9E-48   2E-54  346.6   0.0  295   35-360    44-345 (405)
      86 tr|A0A1I8PIJ9|A0A1I8PIJ9_STOCA 100.0 2.1E-48 2.2E-54  359.0   0.0  293   36-359   171-469 (680)
      87 tr|A0A1W4ZX05|A0A1W4ZX05_9TELE 100.0 2.3E-48 2.4E-54  350.7   0.0  307   30-358    65-386 (480)
      88 UniRef100_A0A0L8I310 G_PROTEIN 100.0 2.7E-48 2.9E-54  355.1   0.0  314   36-353    47-364 (468)
      89 UniRef100_A0A087X575 NPY-Y2 re 100.0 2.9E-48 3.1E-54  345.1   0.0  296   33-357    72-371 (426)
      90 tr|M3ZFE6|M3ZFE6_XIPMA Somatos 100.0   3E-48 3.1E-54  345.4   0.0  281   35-357   105-389 (525)
      91 UniRef100_A0A2B4SKI0 Tachykini 100.0 2.9E-48 3.1E-54  363.9   0.0  290   34-357    91-390 (469)
      92 UniRef100_A0A060X360 G_PROTEIN 100.0 3.4E-48 3.6E-54  346.5   0.0  286   36-359   101-390 (477)
      93 tr|A0A2C9JWF9|A0A2C9JWF9_BIOGL 100.0 3.4E-48 3.6E-54  350.1   0.0  298   34-358    65-366 (403)
      94 UniRef100_A0A6J8CLU9 HCRTR2 n= 100.0 3.7E-48 3.9E-54  341.8   0.0  304   36-360    54-361 (422)
      95 UniRef100_A0A0K0PUH1 Orphan G- 100.0 4.1E-48 4.3E-54  337.0   0.0  297   30-358    48-349 (413)
      96 UniRef100_A0A068WW83 Allatosta 100.0 4.2E-48 4.5E-54  355.7   0.0  281   32-351    64-347 (432)
      97 UniRef100_A0A1D1UIJ7 G_PROTEIN 100.0 4.6E-48 4.8E-54  344.5   0.0  327   25-355    96-431 (540)
      98 UniRef100_A0A077YWL6 Somatosta 100.0 5.9E-48 6.3E-54  355.7   0.0  291   36-360    67-363 (446)
      99 UniRef100_A0A023F668 Putative  100.0 6.9E-48 7.2E-54  343.1   0.0  295   31-358    82-378 (484)
     100 UniRef100_A0A068YB14 Neuropept 100.0   7E-48 7.5E-54  354.0   0.0  296   34-357    54-352 (448)
     101 tr|A0A1L8G1N6|A0A1L8G1N6_XENLA 100.0 8.2E-48 8.6E-54  341.1   0.0  280   35-357   117-398 (448)
     102 UniRef100_A0A1S3H6K0 neuropept 100.0 8.1E-48 8.7E-54  355.9   0.0  296   30-357    52-357 (470)
     103 UniRef100_B5UA19 Vasopressin/o 100.0 8.8E-48 9.2E-54  340.8   0.0  323   27-353    36-369 (486)
     104 UniRef100_A0A060WN43 G_PROTEIN 100.0 9.6E-48   1E-53  334.4   0.0  319   26-358    97-416 (493)
     105 UniRef100_A0A1S3IX78 RYamide r 100.0 1.2E-47 1.2E-53  340.8   0.0  297   26-354    45-345 (444)
     106 tr|A0A0N8JZL4|A0A0N8JZL4_9TELE 100.0 1.3E-47 1.4E-53  342.8   0.0  301   31-359   101-414 (482)
     107 tr|A0A0P7TYE1|A0A0P7TYE1_9TELE 100.0 1.3E-47 1.4E-53  342.1   0.0  327   32-359   121-475 (507)
     108 UniRef100_A0A0K0PUV0 FVRIamide 100.0 1.3E-47 1.4E-53  347.7   0.0  312   35-356    53-377 (458)
     109 tr|A0A1U7TSJ4|A0A1U7TSJ4_TARSY 100.0 1.5E-47 1.5E-53  343.8   0.0  301   26-355   204-516 (600)
     110 UniRef100_A0A060X690 G_PROTEIN 100.0 1.6E-47 1.7E-53  335.6   0.0  289   32-358    44-336 (386)
     111 UniRef100_A0A210QT45 G-protein 100.0 1.6E-47 1.7E-53  339.7   0.0  308   25-358    49-358 (472)
     112 tr|A0A0F8ARD3|A0A0F8ARD3_LARCR 100.0 1.7E-47 1.8E-53  336.9   0.0  280   35-357    54-338 (464)
     113 UniRef100_A0A026VWL4 Cardioacc 100.0 1.8E-47 1.9E-53  352.4   0.0  299   37-352   119-417 (565)
     114 UniRef100_A0A0C9QBK4 GHSR_0 pr 100.0 1.8E-47   2E-53  363.2   0.0  289   36-355   174-472 (591)
     115 UniRef100_A0A2B4RHL7 Galanin r 100.0 2.1E-47 2.2E-53  332.1   0.0  284   29-358    27-311 (406)
     116 tr|C3XVS5|C3XVS5_BRAFL Unchara 100.0 2.3E-47 2.4E-53  334.9   0.0  294   35-357    68-363 (425)
     117 tr|A0A2B4SUH3|A0A2B4SUH3_STYPI 100.0 2.3E-47 2.5E-53  339.7   0.0  300   33-358    24-332 (385)
     118 tr|A0A182G4E1|A0A182G4E1_AEDAL 100.0 2.4E-47 2.5E-53  347.2   0.0  299   33-361    66-374 (534)
     119 tr|L7LZ94|L7LZ94_9ACAR Putativ 100.0 2.4E-47 2.5E-53  334.1   0.0  290   35-360   103-395 (438)
     120 tr|A0A0P7U0M1|A0A0P7U0M1_9TELE 100.0 2.4E-47 2.6E-53  331.9   0.0  299   36-358   103-412 (440)
     121 UniRef100_A0A0K0PUH3 Allatotro 100.0 2.8E-47   3E-53  336.4   0.0  303   36-359    70-375 (424)
     122 UniRef100_A0A0B4LHT6 RYamide r 100.0 2.8E-47   3E-53  348.2   0.0  287   37-355   117-409 (524)
     123 UniRef100_A0A0L7KZ56 Neuropept 100.0 2.9E-47 3.1E-53  344.1   0.0  290   34-355    86-383 (509)
     124 UniRef100_A0A091EBV8 Type-1 an 100.0   3E-47 3.2E-53  359.4   0.0  274   35-355   348-628 (715)
     125 UniRef100_A0A2B4SKX3 Cholecyst 100.0 3.3E-47 3.5E-53  338.8   0.0  323   29-361    66-416 (428)
     126 UniRef100_A0A2H8TNJ5 Neuropept 100.0 3.4E-47 3.6E-53  343.5   0.0  296   35-360   156-459 (528)
     127 tr|Q25397|Q25397_LYMST Conopre 100.0 3.5E-47 3.6E-53  334.4   0.0  325   25-353    41-390 (520)
     128 tr|A0A1D1UXI1|A0A1D1UXI1_RAMVA 100.0 3.9E-47 4.1E-53  339.0   0.0  289   36-359    83-377 (499)
     129 tr|A0A1W2W3E6|A0A1W2W3E6_CIOIN 100.0 3.9E-47 4.1E-53  336.9   0.0  287   36-359    59-353 (487)
     130 UniRef100_A0A026WK16 Tachykini 100.0 4.1E-47 4.4E-53  348.6   0.0  292   36-358   184-482 (641)
     131 UniRef100_A0A0P5DAK4 Orexin re 100.0 4.5E-47 4.7E-53  341.7   0.0  316   37-357   109-430 (505)
     132 tr|R4J1H6|R4J1H6_SALSA Cholecy 100.0 4.5E-47 4.7E-53  332.4   0.0  328   33-361    45-410 (461)
     133 UniRef100_A0A034WDF0 Allatosta 100.0 4.6E-47 4.9E-53  345.3   0.0  289   36-360    97-388 (459)
     134 tr|W4Z2N2|W4Z2N2_STRPU Unchara 100.0 5.1E-47 5.3E-53  327.7   0.0  294   35-358    57-353 (406)
     135 UniRef100_A0A3M6T6P4 G_PROTEIN 100.0 5.7E-47 6.1E-53  343.4   0.0  287   38-359    59-356 (465)
     136 UniRef100_A0A026WIP6 Cholecyst 100.0 5.8E-47 6.2E-53  356.3   0.0  328   33-361   169-533 (636)
     137 tr|A0A210R0K7|A0A210R0K7_MIZYE 100.0 6.2E-47 6.5E-53  334.0   0.0  325   33-360    72-428 (470)
     138 UniRef100_A0A067QQU1 Cholecyst 100.0 7.1E-47 7.6E-53  336.8   0.0  339   39-382     6-354 (404)
     139 UniRef100_A0A060W247 Cholecyst 100.0 7.5E-47 7.9E-53  345.3   0.0  325   33-358   126-477 (563)
     140 tr|U3U4G7|U3U4G7_NILLU Neurope 100.0 8.7E-47 9.1E-53  330.6   0.0  310   20-358    16-331 (446)
     141 UniRef100_UPI0003314895 oxytoc 100.0 9.4E-47 9.7E-53  332.0   0.0  325   21-361   240-565 (602)
     142 UniRef100_A0A068FLK6 Arginine  100.0 9.8E-47   1E-52  322.4   0.0  308   27-358    53-360 (410)
     143 UniRef100_A0A1V9XU68 Tyramine/ 100.0 9.9E-47 1.1E-52  337.6   0.0  302   32-358    50-354 (408)
     144 tr|A0A1W4XMZ2|A0A1W4XMZ2_AGRPL 100.0 1.1E-46 1.1E-52  327.5   0.0  311   24-351    19-335 (436)
     145 UniRef100_A0A060VVF8 G_PROTEIN 100.0   1E-46 1.1E-52  349.9   0.0  280   35-355   140-431 (511)
     146 tr|E0D358|E0D358_HEMPU Dopamin 100.0 1.1E-46 1.2E-52  334.2   0.0  291   39-359    29-330 (435)
     147 UniRef100_A0A1D1VDY3 G_PROTEIN 100.0 1.3E-46 1.3E-52  343.5   0.0  292   36-358   135-447 (557)
     148 UniRef100_A0A087RJN6 Somatosta 100.0 1.3E-46 1.4E-52  344.5   0.0  279   36-356    62-342 (391)
     149 UniRef100_A0A498LR15 TESPA1-li 100.0 1.4E-46 1.4E-52  345.4   0.0  312   20-349    28-340 (947)
     150 tr|A0A151NBW9|A0A151NBW9_ALLMI 100.0 1.4E-46 1.5E-52  336.0   0.0  304   27-356    73-390 (472)
     151 tr|V8PD93|V8PD93_OPHHA Type-2  100.0 1.4E-46 1.6E-52  341.8   0.0  281   34-355    75-366 (412)
     152 UniRef100_A0A044T5H8 G_PROTEIN 100.0 1.8E-46 1.9E-52  348.2   0.0  312   37-359   248-570 (693)
     153 UniRef100_A0A1V4KIE8 Beta-1 ad 100.0 1.7E-46 1.9E-52  360.5   0.0  313   39-360    34-352 (512)
     154 tr|A0A0P4XBU7|A0A0P4XBU7_9CRUS 100.0 2.1E-46 2.2E-52  346.4   0.0  295   30-354    56-412 (557)
     155 UniRef100_A0A087XZI9 Arginine  100.0 2.2E-46 2.3E-52  330.4   0.0  334   20-359   104-491 (522)
     156 UniRef100_A0A3L8QCH5 G_PROTEIN 100.0 2.7E-46 2.7E-52  337.2   0.0  362   20-384   106-620 (882)
     157 UniRef100_A0A1S3KA35 Alpha-1B  100.0 2.7E-46 2.8E-52  343.6   0.0  318   32-361    87-423 (551)
     158 UniRef100_A0A087XYG0 AVPR V2 n 100.0 2.9E-46   3E-52  344.9   0.0  327   27-358   170-598 (674)
     159 UniRef100_A0A2B4S0J6 Somatosta 100.0 2.8E-46   3E-52  349.8   0.0  290   30-354    79-376 (457)
     160 UniRef100_A0A087XYR8 Opsin 4b  100.0 3.2E-46 3.3E-52  341.4   0.0  316   38-381   156-475 (694)
     161 UniRef100_A0A091DWF1 Somatosta 100.0 3.2E-46 3.4E-52  333.3   0.0  284   30-355   151-438 (523)
     162 UniRef100_A0A060WEJ5 G_PROTEIN 100.0 3.3E-46 3.5E-52  344.7   0.0  312   38-360   117-459 (544)
     163 UniRef100_A0A0L8HHE2 G_PROTEIN 100.0 3.4E-46 3.6E-52  332.5   0.0  290   39-360     5-302 (385)
     164 UniRef100_A0A1I8HKX2 G_PROTEIN 100.0 3.7E-46   4E-52  335.6   0.0  311   36-359    42-413 (442)
     165 UniRef100_A0A3M6U5X4 G_PROTEIN 100.0 3.9E-46 4.1E-52  322.3   0.0  281   34-357    38-320 (339)
     166 UniRef100_A0A026WZ61 G_PROTEIN 100.0 4.2E-46 4.4E-52  325.5   0.0  311   26-355    65-380 (441)
     167 UniRef100_A0A2B4RHY9 Pyrogluta 100.0 4.5E-46 4.9E-52  348.2   0.0  288   32-358    79-372 (455)
     168 UniRef100_A0A2B4SQU8 Orexin re 100.0 4.8E-46   5E-52  321.6   0.0  306   35-360    37-349 (370)
     169 UniRef100_A0A068WVN8 Biogenic  100.0 4.8E-46 5.1E-52  349.6   0.0  311   37-358   123-508 (641)
     170 tr|A0A1A8LLP2|A0A1A8LLP2_9TELE 100.0   5E-46 5.3E-52  328.5   0.0  302   35-360    94-400 (455)
     171 UniRef100_A0A556VY10 RING-type 100.0 5.3E-46 5.5E-52  333.1   0.0  322   20-358   451-774 (816)
     172 UniRef100_A0A060W9T7 G_PROTEIN 100.0 5.6E-46 5.8E-52  333.7   0.0  284   36-358   187-473 (616)
     173 UniRef100_A0A0P4WBA5 G_PROTEIN 100.0 5.6E-46 5.9E-52  330.7   0.0  328   27-356    67-407 (506)
     174 tr|A0A1D2NMB6|A0A1D2NMB6_ORCCI 100.0 5.8E-46 6.1E-52  334.2   0.0  294   36-360   153-453 (520)
     175 tr|A0A0P5PA10|A0A0P5PA10_9CRUS 100.0 5.9E-46 6.2E-52  339.1   0.0  287   35-353   147-441 (705)
     176 tr|A0A0P6C571|A0A0P6C571_9CRUS 100.0   6E-46 6.3E-52  330.1   0.0  319   37-356    58-444 (558)
     177 UniRef100_A0A061IN14 NK-3 rece 100.0 6.1E-46 6.4E-52  344.3   0.0  301   26-360   225-526 (662)
     178 UniRef100_A0A084WIC4 Short neu 100.0 6.1E-46 6.4E-52  336.8   0.0  296   33-359    91-388 (551)
     179 tr|A0A1D2MSE1|A0A1D2MSE1_ORCCI 100.0 6.2E-46 6.6E-52  345.5   0.0  298   31-359   107-408 (615)
     180 tr|K7GCC3|K7GCC3_PELSI Adrenoc 100.0 6.5E-46 6.8E-52  328.0   0.0  314   38-359    45-365 (488)
     181 UniRef100_A0A662YU35 Protein p 100.0   7E-46 7.2E-52  330.5   0.0  279   20-313    35-314 (765)
     182 UniRef100_UPI000B911B64 melato 100.0 6.7E-46 7.2E-52  335.4   0.0  312   36-359    30-346 (381)
     183 UniRef100_A0A0K0PUK8 FMRFamide 100.0 6.9E-46 7.4E-52  343.9   0.0  299   34-365    58-365 (471)
     184 UniRef100_A0A087XDT1 Somatosta 100.0 7.2E-46 7.5E-52  338.2   0.0  278   36-355   170-451 (676)
     185 tr|S9YJE2|S9YJE2_CAMFR Somatos 100.0   8E-46 8.4E-52  323.5   0.0  281   35-354   113-397 (438)
     186 UniRef100_A0A182H1J6 G_PROTEIN 100.0 8.2E-46 8.6E-52  349.9   0.0  320   35-356   319-793 (1005)
     187 UniRef100_A0A1A8A5V9 Arginine  100.0 8.7E-46   9E-52  320.1   0.0  328   26-358    61-432 (451)
     188 UniRef100_A0A2B4SVC4 Dopamine  100.0 8.7E-46 9.2E-52  329.5   0.0  274   32-356    53-329 (397)
     189 UniRef100_A0A0S1YDA0 Neuropept 100.0 8.7E-46 9.3E-52  337.6   0.0  293   36-360    96-395 (509)
     190 UniRef100_A0A226DFM2 Neuropept 100.0 8.8E-46 9.3E-52  334.4   0.0  296   36-361   107-410 (523)
     191 UniRef100_A0A087YQK7 Adrenocep 100.0 9.2E-46 9.6E-52  337.6   0.0  313   39-359   134-453 (617)
     192 UniRef100_A0A401NJB3 G_PROTEIN 100.0 9.3E-46 9.8E-52  332.7   0.0  320   32-361    39-363 (517)
     193 UniRef100_A0A1D1V5S1 G_PROTEIN 100.0 9.7E-46   1E-51  330.3   0.0  305   32-360    54-362 (484)
     194 UniRef100_A0A1J1I7G5 CLUMA_CG0 100.0   1E-45 1.1E-51  331.5   0.0  291   37-358    79-374 (500)
     195 UniRef100_A0A084WFJ7 AGAP00011 100.0 1.1E-45 1.1E-51  336.6   0.0  286   35-355    88-378 (519)
     196 UniRef100_A0A2G8JR46 Putative  100.0 1.1E-45 1.1E-51  338.6   0.0  289   37-357    65-356 (411)
     197 UniRef100_A0A023F8Q5 Putative  100.0 1.2E-45 1.3E-51  327.5   0.0  301   38-352    86-386 (463)
     198 UniRef100_A0A7M7HFU8 G_PROTEIN 100.0 1.2E-45 1.3E-51  338.5   0.0  295   32-357    62-364 (423)
     199 UniRef100_A0A0L8GIM4 G_PROTEIN 100.0 1.3E-45 1.4E-51  343.7   0.0  291   33-353    95-391 (481)
     200 UniRef100_A0A060VP48 G_PROTEIN 100.0 1.3E-45 1.4E-51  349.4   0.0  293   33-356   153-449 (580)
     201 UniRef100_A0A1L8GQY3 Alpha-1B  100.0 1.3E-45 1.4E-51  331.8   0.0  312   36-359    48-370 (510)
     202 tr|A0A1V4J9T1|A0A1V4J9T1_PATFA 100.0 1.4E-45 1.4E-51  320.0   0.0  284   36-358    70-356 (461)
     203 UniRef100_A0A1V9X0K3 Putative  100.0 1.4E-45 1.5E-51  328.2   0.0  322   27-353    67-412 (540)
     204 UniRef100_A0A061QHX0 Putative  100.0 1.4E-45 1.5E-51  341.9   0.0  309   37-355   135-505 (563)
     205 tr|A0A2B4RXD1|A0A2B4RXD1_STYPI 100.0 1.4E-45 1.5E-51  324.8   0.0  290   31-358    90-382 (416)
     206 UniRef100_A0A7M7SYV2 G_PROTEIN 100.0 1.6E-45 1.7E-51  338.2   0.0  307   39-358    72-399 (630)
     207 UniRef100_A0A026WCQ7 Tyramine  100.0 1.6E-45 1.7E-51  351.2   0.0  310   35-359   184-589 (665)
     208 tr|A0A146TL67|A0A146TL67_FUNHE 100.0 1.6E-45 1.8E-51  345.9   0.0  293   28-358    20-405 (442)
     209 tr|A0A2B4SID7|A0A2B4SID7_STYPI 100.0 1.6E-45 1.8E-51  336.8   0.0  293   30-358    27-328 (422)
     210 UniRef100_A0A0N0PF28 Orexin re 100.0 1.7E-45 1.8E-51  336.3   0.0  306   36-353   138-455 (588)
     211 UniRef100_A0A2G8L6L1 Putative  100.0 1.7E-45 1.9E-51  326.0   0.0  278   37-358    38-325 (407)
     212 UniRef100_F6ZHC8 Uncharacteriz 100.0 1.8E-45 1.9E-51  331.5   0.0  321   36-358    89-465 (520)
     213 UniRef100_A0A087T336 Somatosta 100.0 1.8E-45 1.9E-51  328.4   0.0  285   36-359    79-369 (454)
     214 UniRef100_A0A3M6UME8 G_PROTEIN 100.0 2.1E-45 2.2E-51  326.8   0.0  289   30-358    35-326 (383)
     215 UniRef100_A0A060X1U9 G_PROTEIN 100.0 2.3E-45 2.4E-51  337.0   0.0  310   35-357   139-457 (633)
     216 tr|A0A218UB83|A0A218UB83_9PASE 100.0 2.5E-45 2.6E-51  335.7   0.0  314   35-360   194-515 (631)
     217 UniRef100_A0A0L8H201 G_PROTEIN 100.0 2.5E-45 2.6E-51  322.9   0.0  292   35-358    86-383 (461)
     218 UniRef100_A0A0N0PEL7 Tachykini 100.0 2.7E-45 2.9E-51  326.8   0.0  295   38-363    59-360 (454)
     219 UniRef100_A0A2B4RPR9 Allatosta 100.0 2.7E-45 2.9E-51  336.2   0.0  287   33-354    46-341 (446)
     220 UniRef100_A0A060XP11 G_PROTEIN 100.0 2.7E-45 2.9E-51  334.4   0.0  289   36-357    92-392 (497)
     221 tr|A7SD89|A7SD89_NEMVE Predict 100.0   3E-45 3.2E-51  311.7   0.0  292   36-359    39-332 (355)
     222 UniRef100_A0A060WWU7 G_PROTEIN 100.0 3.1E-45 3.3E-51  330.0   0.0  306   36-358    70-383 (545)
     223 UniRef100_A0A2B4RGU4 5-hydroxy 100.0 3.1E-45 3.4E-51  343.3   0.0  301   32-357    63-370 (478)
     224 tr|A0A218UWX7|A0A218UWX7_9PASE 100.0 3.3E-45 3.5E-51  327.6   0.0  302   25-359    31-342 (474)
     225 UniRef100_A0A084VLD5 AGAP00422 100.0 3.5E-45 3.7E-51  334.8   0.0  307   39-357   248-595 (695)
     226 UniRef100_A0A2B4S7A4 Alpha-1A  100.0 3.8E-45 4.1E-51  325.8   0.0  263   35-354    40-306 (392)
     227 UniRef100_A0A3M6UAU0 G_PROTEIN 100.0 4.1E-45 4.4E-51  333.2   0.0  290   36-355    37-327 (552)
     228 UniRef100_A0A0K0PUK6 Orphan G- 100.0 4.2E-45 4.5E-51  321.9   0.0  296   37-362    69-378 (448)
     229 UniRef100_A0A068WKU9 Neuropept 100.0 4.4E-45 4.7E-51  327.6   0.0  287   36-355    74-365 (451)
     230 UniRef100_A0A091R746 Beta-1 ad 100.0 4.5E-45 4.8E-51  330.6   0.0  311   38-358   138-453 (572)
     231 tr|A0A2H1W6Q0|A0A2H1W6Q0_SPOFR 100.0 4.6E-45 4.8E-51  327.4   0.0  296   35-361    71-367 (466)
     232 UniRef100_A0A2B4R9G2 Melatonin 100.0 4.5E-45 4.8E-51  342.3   0.0  293   26-357    72-366 (461)
     233 UniRef100_A0A210QYW2 Cardioacc 100.0 4.6E-45 4.9E-51  335.8   0.0  313   35-351    51-364 (499)
     234 tr|A0A0S1YD80|A0A0S1YD80_CHISP 100.0 4.9E-45 5.1E-51  327.1   0.0  295   36-358   166-465 (513)
     235 UniRef100_A7RGN9 Predicted pro 100.0 4.9E-45 5.2E-51  313.7   0.0  292   25-356    21-313 (317)
     236 tr|A0A139WLV7|A0A139WLV7_TRICA 100.0   5E-45 5.3E-51  337.8   0.0  298   31-358   395-698 (792)
     237 tr|W5MC67|W5MC67_LEPOC Pyroglu 100.0   5E-45 5.3E-51  318.9   0.0  299   36-358    55-360 (441)
     238 UniRef100_A0A060W5H6 G_PROTEIN 100.0 5.1E-45 5.4E-51  337.6   0.0  293   36-353    88-383 (528)
     239 UniRef100_A0A2B4S4U3 Beta-2 ad 100.0 5.3E-45 5.6E-51  318.1   0.0  291   34-357    28-321 (372)
     240 UniRef100_A0A023F452 Putative  100.0 5.6E-45 5.9E-51  337.9   0.0  312   38-357   143-538 (660)
     241 tr|A0A1L1UV54|A0A1L1UV54_IXOSC 100.0 5.6E-45 5.9E-51  323.0   0.0  332   20-356    23-362 (471)
     242 tr|A0A091DWF1|A0A091DWF1_FUKDA 100.0 5.9E-45 6.2E-51  317.8   0.0  279   34-355   156-439 (483)
     243 tr|A0A1V4JMN9|A0A1V4JMN9_PATFA 100.0 5.9E-45 6.2E-51  324.7   0.0  310   36-353    94-417 (537)
     244 tr|W8C2A8|W8C2A8_CERCA Neurope 100.0 6.7E-45   7E-51  340.4   0.0  295   36-361   266-571 (827)
     245 tr|G1TA00|G1TA00_RABIT Vasopre 100.0 6.9E-45 7.1E-51  314.8   0.0  314   26-358   104-420 (446)
     246 UniRef100_A0A026VW91 Neuropept 100.0 7.2E-45 7.5E-51  321.5   0.0  298   34-361   188-493 (582)
     247 tr|A0A232F0R3|A0A232F0R3_9HYME 100.0 7.3E-45 7.7E-51  319.3   0.0  282   37-358   106-424 (458)
     248 tr|A0A151IFQ2|A0A151IFQ2_9HYME 100.0 7.7E-45 8.1E-51  355.0   0.0  340   37-385    46-393 (1113)
     249 UniRef100_A0A3M6TKX3 G_PROTEIN 100.0 7.7E-45 8.2E-51  328.2   0.0  288   35-357    76-374 (427)
     250 UniRef100_UPI0003F07467 orexin 100.0 8.9E-45 9.4E-51  329.5   0.0  316   36-354    79-412 (535)
     251 UniRef100_A0A3M6TPP0 G_PROTEIN 100.0 9.4E-45   1E-50  329.9   0.0  294   36-357    52-354 (424)
     252 UniRef100_A0A060VWI9 G_PROTEIN 100.0 9.8E-45   1E-50  329.9   0.0  317   35-358    61-395 (579)
     253 tr|A0A2G8KL37|A0A2G8KL37_STIJA 100.0   1E-44 1.1E-50  312.0   0.0  327   34-362    49-404 (439)
     254 UniRef100_A0A1L8FNX2 G_PROTEIN 100.0   1E-44 1.1E-50  324.9   0.0  277   36-357    64-343 (400)
     255 UniRef100_A0A096P4D6 Opsin 4 n 100.0   1E-44 1.1E-50  331.1   0.0  316   38-381   140-460 (682)
     256 UniRef100_A0A146M155 Neuropept 100.0 1.1E-44 1.1E-50  327.3   0.0  294   36-355    55-360 (488)
     257 UniRef100_A0A060WMC3 Alpha-1D  100.0 1.1E-44 1.2E-50  326.7   0.0  311   38-360   114-435 (564)
     258 UniRef100_A0A662YRT1 Vasopress 100.0 1.1E-44 1.2E-50  300.0   0.0  301   71-416     1-301 (308)
     259 UniRef100_A0A0X7YAU3 ACP recep 100.0 1.1E-44 1.2E-50  332.4   0.0  297   35-350    83-383 (492)
     260 tr|A0A0P6IZB8|A0A0P6IZB8_9CRUS 100.0 1.2E-44 1.2E-50  326.3   0.0  290   36-359   204-496 (559)
     261 tr|G3S2I3|G3S2I3_GORGO Opioid  100.0 1.2E-44 1.3E-50  320.6   0.0  279   35-353   163-445 (492)
     262 UniRef100_A0A060XC03 Beta-2 ad 100.0 1.4E-44 1.5E-50  326.1   0.0  308   31-355    99-411 (548)
     263 tr|A0A1S3IXU4|A0A1S3IXU4_LINUN 100.0 1.4E-44 1.5E-50  318.8   0.0  293   33-363    56-351 (440)
     264 UniRef100_A0A075W0Y9 Melanopsi 100.0 1.4E-44 1.5E-50  330.7   0.0  316   38-381   118-437 (715)
     265 tr|A0A182QHF8|A0A182QHF8_9DIPT 100.0 1.4E-44 1.5E-50  326.0   0.0  299   30-358    96-407 (581)
     266 UniRef100_A0A087R2J6 Neuropept 100.0 1.5E-44 1.5E-50  332.1   0.0  300   26-354   204-516 (638)
     267 UniRef100_A0A087XT11 Alpha-1B  100.0 1.5E-44 1.6E-50  326.1   0.0  313   34-358    79-405 (622)
     268 tr|A0A147AZW9|A0A147AZW9_FUNHE 100.0 1.6E-44 1.7E-50  336.8   0.0  294   34-358    85-434 (468)
     269 UniRef100_A0A0L8I0T4 G_PROTEIN 100.0 1.6E-44 1.7E-50  328.9   0.0  313   36-357   135-496 (554)
     270 UniRef100_A0A060WAG3 G_PROTEIN 100.0 1.7E-44 1.7E-50  327.6   0.0  314   37-360   125-502 (550)
     271 UniRef100_A0A016TS00 G_PROTEIN 100.0 1.7E-44 1.8E-50  338.5   0.0  318   37-360   115-556 (622)
     272 UniRef100_A0A068AZY5 Octopamin 100.0 1.7E-44 1.8E-50  354.0   0.0  188   37-232   176-365 (723)
     273 UniRef100_A0A068YA15 Neuropept 100.0 1.8E-44 1.8E-50  325.7   0.0  308   36-357    74-396 (510)
     274 tr|A0A2B4RSD1|A0A2B4RSD1_STYPI 100.0 1.8E-44 1.9E-50  332.7   0.0  322   29-360    45-384 (430)
     275 tr|A0A0L0BYA7|A0A0L0BYA7_LUCCU 100.0 1.9E-44   2E-50  327.2   0.0  304   39-358   315-627 (678)
     276 UniRef100_A0A034WA99 Cardioacc 100.0 1.9E-44   2E-50  328.2   0.0  293   38-352   248-540 (678)
     277 tr|A0A2B4SNZ1|A0A2B4SNZ1_STYPI 100.0 1.9E-44   2E-50  325.2   0.0  282   35-357    32-319 (351)
     278 tr|A0A0L8FIS6|A0A0L8FIS6_OCTBM 100.0 1.9E-44   2E-50  322.5   0.0  315   39-359    95-422 (485)
     279 UniRef100_A0A151N382 Galanin r 100.0 2.1E-44 2.2E-50  306.8   0.0  289   35-362    31-321 (392)
     280 UniRef100_A0A3M6TAE6 G_PROTEIN 100.0 2.1E-44 2.2E-50  324.4   0.0  270   37-358    94-369 (443)
     281 tr|A0A0V1MVC7|A0A0V1MVC7_9BILA 100.0 2.1E-44 2.3E-50  329.8   0.0  293   35-360    81-381 (598)
     282 tr|A0A1W4X1F3|A0A1W4X1F3_AGRPL 100.0 2.2E-44 2.3E-50  321.4   0.0  313   35-377   134-454 (485)
     283 UniRef100_A0A023FH63 Putative  100.0 2.2E-44 2.4E-50  331.4   0.0  299   39-355   130-438 (563)
     284 tr|A0A146U732|A0A146U732_FUNHE 100.0 2.3E-44 2.5E-50  347.2   0.0  315   31-354   188-544 (590)
     285 UniRef100_A0A091CVE3 Cholecyst 100.0 2.5E-44 2.6E-50  315.9   0.0  330   35-365   113-468 (543)
     286 UniRef100_A0A060VZ71 G_PROTEIN 100.0 2.4E-44 2.6E-50  334.3   0.0  301   25-353   219-531 (650)
     287 UniRef100_A0A023F3V9 Putative  100.0 2.5E-44 2.7E-50  327.0   0.0  284   36-357   134-423 (574)
     288 tr|B4KC34|B4KC34_DROMO Unchara 100.0 2.6E-44 2.7E-50  333.6   0.0  289   37-356   195-491 (670)
     289 tr|A0A1A9ZAD8|A0A1A9ZAD8_GLOPL 100.0   3E-44 3.2E-50  321.5   0.0  292   35-357   123-421 (574)
     290 UniRef100_A0A060Y125 G_PROTEIN 100.0 3.1E-44 3.2E-50  330.2   0.0  298   38-365   106-408 (681)
     291 UniRef100_A0A2G8KMT5 G_PROTEIN 100.0 3.1E-44 3.2E-50  319.7   0.0  298   21-353    24-323 (402)
     292 UniRef100_A0A087UP46 5-hydroxy 100.0 3.1E-44 3.3E-50  321.3   0.0  309   38-357    49-400 (472)
     293 tr|A0A2B4SKI0|A0A2B4SKI0_STYPI 100.0 3.2E-44 3.4E-50  326.4   0.0  280   35-352    98-393 (458)
     294 UniRef100_A0A0S1YD99 Neuropept 100.0 3.4E-44 3.6E-50  312.3   0.0  292   36-360    77-375 (423)
     295 tr|T1KPP2|T1KPP2_TETUR Unchara 100.0 3.5E-44 3.7E-50  321.7   0.0  284   36-359   153-438 (477)
     296 tr|F7E6B1|F7E6B1_MONDO Tachyki 100.0 3.9E-44 4.1E-50  316.2   0.0  291   36-360    96-387 (475)
     297 UniRef100_A0A067R4E0 Tachykini 100.0 3.9E-44 4.1E-50  317.4   0.0  287   37-354    52-341 (396)
     298 UniRef100_A0A060VTR1 G_PROTEIN 100.0   4E-44 4.2E-50  327.3   0.0  310   35-357   120-440 (619)
     299 tr|A0A2B4SAJ4|A0A2B4SAJ4_STYPI 100.0 4.3E-44 4.6E-50  321.7   0.0  296   28-357    22-333 (434)
     300 UniRef100_A0A4Z2F4A3 [Arg8]-va 100.0 4.5E-44 4.6E-50  300.4   0.0  278   24-312    37-316 (424)
     301 tr|A0A147A4W2|A0A147A4W2_FUNHE 100.0 4.4E-44 4.7E-50  321.4   0.0  326   35-362    95-448 (502)
     302 UniRef100_A0A087U880 Neuropept 100.0 4.4E-44 4.7E-50  318.5   0.0  291   32-354    66-360 (401)
     303 tr|A0A212EZN3|A0A212EZN3_DANPL 100.0 4.7E-44 4.9E-50  320.1   0.0  295   32-357    52-354 (488)
     304 tr|A0A1S3FYW5|A0A1S3FYW5_DIPOR 100.0 4.8E-44   5E-50  305.9   0.0  287   36-360    71-361 (385)
     305 UniRef100_A0A026WC04 Dopamine  100.0 5.1E-44 5.4E-50  314.9   0.0  304   40-360    83-400 (468)
     306 tr|A0A232F8D2|A0A232F8D2_9HYME 100.0 5.1E-44 5.4E-50  318.6   0.0  288   36-355    73-368 (478)
     307 UniRef100_A0A2B4SE17 Substance 100.0 5.1E-44 5.5E-50  333.7   0.0  292   32-358    62-366 (467)
     308 tr|A0A146YGA5|A0A146YGA5_FUNHE 100.0 5.2E-44 5.6E-50  332.9   0.0  316   30-359    26-342 (521)
     309 tr|A0A1S3NPB2|A0A1S3NPB2_SALSA 100.0 5.5E-44 5.8E-50  315.6   0.0  290   36-359    41-333 (443)
     310 tr|A7SMQ7|A7SMQ7_NEMVE Predict 100.0 5.7E-44 6.1E-50  311.5   0.0  288   35-361    12-306 (358)
     311 UniRef100_A0A2B4SC76 Substance 100.0 5.7E-44 6.1E-50  329.3   0.0  290   33-356    53-351 (461)
     312 tr|A0A0K8WE96|A0A0K8WE96_BACLA 100.0 5.9E-44 6.2E-50  322.5   0.0  308   38-352   160-468 (540)
     313 UniRef100_A0A210QHM7 G-protein 100.0 5.9E-44 6.3E-50  324.7   0.0  296   35-361    80-379 (492)
     314 UniRef100_A0A0P6J0T1 Putative  100.0   6E-44 6.3E-50  335.7   0.0  293   37-355   105-407 (735)
     315 tr|A0A0N7KWU9|A0A0N7KWU9_LYMST 100.0 6.1E-44 6.3E-50  316.3   0.0  322   37-359    78-448 (494)
     316 tr|W4YJK4|W4YJK4_STRPU Unchara 100.0 6.1E-44 6.5E-50  321.8   0.0  296   36-360    71-372 (446)
     317 tr|A0A182U1B5|A0A182U1B5_9DIPT 100.0 6.3E-44 6.6E-50  325.1   0.0  295   33-358    38-344 (620)
     318 UniRef100_A0A2B4SJE7 Orexin re 100.0 6.2E-44 6.6E-50  326.4   0.0  293   34-361   134-435 (517)
     319 UniRef100_A0A016T103 G_PROTEIN 100.0 6.3E-44 6.7E-50  333.7   0.0  304   42-358   118-476 (605)
     320 UniRef100_A0A067RG65 Neuropept 100.0 6.5E-44 6.9E-50  322.1   0.0  289   37-355    90-392 (509)
     321 UniRef100_A0A060YY06 G_PROTEIN 100.0 6.6E-44 6.9E-50  321.6   0.0  299   26-354    95-405 (490)
     322 UniRef100_A0A193KU97 GCR058 n= 100.0 6.7E-44 7.1E-50  310.5   0.0  296   35-356    26-330 (379)
     323 UniRef100_A0A2B4RXD1 Neuropept 100.0 6.8E-44 7.2E-50  321.8   0.0  292   32-360    92-385 (461)
     324 UniRef100_A0A0P5DS31 Neuropept 100.0 7.3E-44 7.6E-50  311.4   0.0  297   34-360    85-390 (482)
     325 tr|A0A218VDE9|A0A218VDE9_9PASE 100.0 7.4E-44 7.7E-50  314.9   0.0  281   30-353    19-303 (556)
     326 UniRef100_A0A067RDC3 Prolactin 100.0 7.4E-44 7.8E-50  322.9   0.0  291   33-356    63-355 (541)
     327 tr|C3XVU5|C3XVU5_BRAFL Unchara 100.0 7.4E-44 7.8E-50  313.3   0.0  293   31-355    58-354 (439)
     328 UniRef100_A0A132AJH3 7 transme 100.0 7.4E-44 7.8E-50  323.2   0.0  309   35-355    69-384 (447)
     329 tr|A0A1S3NNV5|A0A1S3NNV5_SALSA 100.0 8.1E-44 8.5E-50  317.0   0.0  311   25-354    53-377 (499)
     330 ERR1719361_2001115             100.0 8.2E-44 8.7E-50  318.0   0.0  288   35-359    25-326 (415)
     331 tr|A0A2B4SSL5|A0A2B4SSL5_STYPI 100.0 8.4E-44 8.8E-50  303.9   0.0  292   34-362    21-314 (344)
     332 UniRef100_A0A077KAM5 PQRFa pep 100.0 8.6E-44   9E-50  316.5   0.0  299   27-354   131-442 (539)
     333 UniRef100_A0A6P4Z684 G-protein 100.0 8.8E-44 9.2E-50  313.2   0.0  293   35-357    52-346 (425)
     334 tr|A0A0P7V5N2|A0A0P7V5N2_9TELE 100.0 9.1E-44 9.6E-50  317.3   0.0  301   38-355    94-399 (468)
     335 tr|A0A146TP77|A0A146TP77_FUNHE 100.0 9.2E-44 9.9E-50  333.9   0.0  311   38-358    50-424 (522)
     336 UniRef100_A0A336LUR7 CSON00145 100.0 9.6E-44   1E-49  321.6   0.0  297   34-360    87-391 (670)
     337 tr|J9JRI9|J9JRI9_ACYPI Unchara 100.0   1E-43   1E-49  314.5   0.0  291   37-358    37-334 (490)
     338 UniRef100_A0A061IAU9 Gastric r 100.0   1E-43 1.1E-49  322.1   0.0  287   37-360   117-409 (588)
     339 tr|W8B9D1|W8B9D1_CERCA 5-hydro 100.0   1E-43 1.1E-49  321.9   0.0  319   35-361   263-630 (664)
     340 tr|A0A060XRS0|A0A060XRS0_ONCMY 100.0   1E-43 1.1E-49  331.9   0.0  314   36-361    57-379 (900)
     341 tr|A0A1V4JU97|A0A1V4JU97_PATFA 100.0 1.1E-43 1.2E-49  326.3   0.0  293   37-359    67-362 (615)
     342 ERR1719510_236906              100.0 1.1E-43 1.2E-49  328.7   0.0  293   36-361    84-377 (577)
     343 UniRef100_A0A7M7HKI1 G_PROTEIN 100.0 1.2E-43 1.2E-49  320.8   0.0  288   37-359    42-337 (418)
     344 UniRef100_A0A2B4SVS8 Neuropept 100.0 1.2E-43 1.3E-49  327.6   0.0  293   31-358    85-383 (480)
     345 tr|A0A1W4X208|A0A1W4X208_AGRPL 100.0 1.3E-43 1.3E-49  312.8   0.0  292   38-360    98-396 (467)
     346 UniRef100_A0A6G8J3P5 Melanin-c 100.0 1.3E-43 1.3E-49  312.4   0.0  288   35-359    62-353 (460)
     347 UniRef100_A0A6P4YBA8 delta-typ 100.0 1.3E-43 1.4E-49  315.5   0.0  283   34-358    50-340 (406)
     348 sp|Q804Q2|OPN4B_GADMO Melanops 100.0 1.3E-43 1.4E-49  320.8   0.0  303   31-361    15-320 (615)
     349 tr|A0A0K0PUV0|A0A0K0PUV0_PLADU 100.0 1.3E-43 1.4E-49  312.2   0.0  316   32-360    13-336 (373)
     350 UniRef100_A0A2B4RFH8 Neuropept 100.0 1.4E-43 1.5E-49  331.3   0.0  290   35-357    65-366 (439)
     351 tr|L9JDH9|L9JDH9_TUPCH Orexin  100.0 1.5E-43 1.5E-49  318.8   0.0  323   35-358   220-574 (621)
     352 tr|A0A226N2C0|A0A226N2C0_CALSU 100.0 1.6E-43 1.6E-49  315.7   0.0  294   38-361   228-524 (569)
     353 UniRef100_A0A2D0SMG1 melanopsi 100.0 1.6E-43 1.6E-49  320.8   0.0  300   38-365   102-404 (644)
     354 UniRef100_A0A061QLN0 Putative  100.0 1.6E-43 1.7E-49  337.1   0.0  316   36-356    90-602 (685)
     355 UniRef100_A0A087REY1 NPY-Y2 re 100.0 1.7E-43 1.8E-49  322.3   0.0  289   34-359   186-480 (599)
     356 tr|A7S585|A7S585_NEMVE Predict 100.0 1.7E-43 1.8E-49  313.8   0.0  297   30-360    20-328 (374)
     357 UniRef100_A0A0H3YI86 Pyrokinin 100.0 1.7E-43 1.8E-49  327.8   0.0  299   37-356    86-397 (510)
     358 UniRef100_A0A3M6T8F5 G_PROTEIN 100.0 1.7E-43 1.9E-49  334.6   0.0  301   26-358    93-396 (523)
     359 UniRef100_A0A0G2UQ37 Rhodopsin 100.0 1.9E-43   2E-49  317.7   0.0  291   37-353    98-391 (515)
     360 UniRef100_A0A060YTK2 Uncharact 100.0   2E-43 2.1E-49  309.7   0.0  288   31-357    81-378 (447)
     361 tr|A0A1I8N820|A0A1I8N820_MUSDO 100.0   2E-43 2.1E-49  327.2   0.0  310   38-356   308-636 (880)
     362 tr|A0A182FRI7|A0A182FRI7_ANOAL 100.0 2.1E-43 2.2E-49  334.2   0.0  190   38-235   116-308 (677)
     363 UniRef100_A0A3B4VB96 Beta-2 ad 100.0 2.1E-43 2.2E-49  314.7   0.0  295   41-354    59-358 (464)
     364 UniRef100_A0A0L7QLJ1 Neuropept 100.0 2.1E-43 2.2E-49  306.4   0.0  312   36-377   129-448 (485)
     365 UniRef100_A0A1D1V379 G_PROTEIN 100.0 2.1E-43 2.2E-49  305.5   0.0  294   38-353    36-335 (343)
     366 tr|A0A0P6BPA6|A0A0P6BPA6_9CRUS 100.0 2.1E-43 2.2E-49  317.2   0.0  310   37-351    60-374 (574)
     367 UniRef100_A0A1S3IXU9 RYamide r 100.0 2.2E-43 2.3E-49  306.4   0.0  294   33-359    33-335 (438)
     368 UniRef100_A0A151NBW6 Beta-3 ad 100.0 2.3E-43 2.4E-49  314.3   0.0  304   38-357    34-340 (490)
     369 tr|A0A0Q3X1E4|A0A0Q3X1E4_AMAAE 100.0 2.3E-43 2.4E-49  326.0   0.0  321   34-356   156-500 (789)
     370 UniRef100_A0A2S1WLX6 Putative  100.0 2.3E-43 2.4E-49  311.8   0.0  311   40-358    52-459 (475)
     371 UniRef100_A0A023F4J9 Putative  100.0 2.3E-43 2.4E-49  325.5   0.0  309   38-356   160-491 (588)
     372 tr|A0A091E8Z6|A0A091E8Z6_FUKDA 100.0 2.3E-43 2.4E-49  306.1   0.0  313   25-358   143-458 (484)
     373 UniRef100_A0A6P8IFK2 neuromedi 100.0 2.4E-43 2.6E-49  309.0   0.0  288   35-357    26-321 (363)
     374 UniRef100_A0A678XEL8 Trace ami 100.0 2.5E-43 2.6E-49  321.2   0.0  299   35-357    56-356 (523)
     375 UniRef100_A0A2B4SID7 Neuropept 100.0 2.5E-43 2.6E-49  318.5   0.0  292   32-355    79-377 (462)
     376 UniRef100_A0A0K0PUG3 Thyrolibe 100.0 2.5E-43 2.6E-49  324.4   0.0  301   35-357   215-521 (606)
     377 tr|A0A1I8MRR4|A0A1I8MRR4_MUSDO 100.0 2.5E-43 2.6E-49  326.0   0.0  290   36-356   260-557 (819)
     378 UniRef100_A0A0A1WLH2 Somatosta 100.0 2.6E-43 2.7E-49  324.6   0.0  285   36-358   218-508 (667)
     379 UniRef100_A0A087YRI1 G_PROTEIN 100.0 2.6E-43 2.7E-49  318.0   0.0  293   36-361    82-376 (438)
     380 UniRef100_A0A0K0PUE3 Orphan G- 100.0 2.6E-43 2.8E-49  322.6   0.0  296   36-353   118-423 (550)
     381 UniRef100_A0A0A1XP15 Neuropept 100.0 2.6E-43 2.8E-49  307.3   0.0  293   35-359    72-375 (421)
     382 UniRef100_A0A0N1PGA0 Octopamin 100.0 2.7E-43 2.9E-49  322.5   0.0  313   36-356   109-491 (547)
     383 UniRef100_A0A3M6UKX8 G_PROTEIN 100.0 2.7E-43 2.9E-49  326.0   0.0  289   35-357   119-420 (487)
     384 UniRef100_A0A6S7JE64 Neuropept 100.0 2.7E-43 2.9E-49  314.0   0.0  290   30-357    30-321 (412)
     385 tr|A0A287CUD4|A0A287CUD4_ICTTR 100.0   3E-43 3.2E-49  310.0   0.0  283   37-358    21-308 (478)
     386 UniRef100_A0A067R2B6 G_PROTEIN 100.0 3.1E-43 3.2E-49  320.6   0.0  304   34-353    83-390 (510)
     387 UniRef100_A0A1S3F7I6 neuropept 100.0 3.2E-43 3.3E-49  325.7   0.0  302   25-354   241-554 (712)
     388 tr|A0A2C9GPU2|A0A2C9GPU2_ANOAR 100.0 3.2E-43 3.4E-49  330.2   0.0  309   37-358   325-637 (818)
     389 tr|A0A146NY53|A0A146NY53_FUNHE 100.0 3.3E-43 3.5E-49  316.5   0.0  295   37-355     9-315 (469)
     390 UniRef100_A0A6P4ZPQ5 G-protein 100.0 3.5E-43 3.6E-49  304.7   0.0  284   31-353    39-325 (420)
     391 UniRef100_A0A210QSD7 Octopamin 100.0 3.4E-43 3.7E-49  319.7   0.0  310   37-358    60-417 (423)
     392 UniRef100_A0A060WAA0 NK-2 rece 100.0 3.7E-43 3.8E-49  309.5   0.0  291   36-360    74-367 (465)
     393 UniRef100_A0A3M6TV84 G_PROTEIN 100.0 3.7E-43   4E-49  314.6   0.0  293   32-358    43-338 (405)
     394 UniRef100_A0A0E3EKU4 Allatotro 100.0 3.8E-43   4E-49  312.9   0.0  293   38-358   135-432 (562)
     395 tr|A0A0P6B7K0|A0A0P6B7K0_9CRUS 100.0 3.8E-43   4E-49  323.5   0.0  322   38-362   116-492 (579)
     396 tr|A0A1I8PG61|A0A1I8PG61_STOCA 100.0 3.8E-43   4E-49  327.2   0.0  292   31-359   296-594 (716)
     397 UniRef100_A0A026W4F0 Octopamin 100.0 3.9E-43 4.1E-49  309.6   0.0  312   38-358    59-393 (445)
     398 tr|A0A067RDC3|A0A067RDC3_ZOONE 100.0 3.9E-43 4.1E-49  322.1   0.0  296   33-361    70-367 (506)
     399 UniRef100_A0A061QLL1 Putative  100.0 3.9E-43 4.2E-49  314.2   0.0  309   38-357    49-421 (424)
     400 tr|A0A146NR64|A0A146NR64_FUNHE 100.0 4.1E-43 4.3E-49  309.8   0.0  280   35-353   120-416 (449)
     401 UniRef100_A0A0N7ZAP9 G_PROTEIN 100.0 4.1E-43 4.4E-49  316.2   0.0  292   36-361    78-370 (421)
     402 UniRef100_A0A0S1YDA1 Neuropept 100.0 4.2E-43 4.4E-49  313.6   0.0  322   35-357    67-413 (463)
     403 UniRef100_A0A087XFV2 5-hydroxy 100.0 4.2E-43 4.5E-49  315.8   0.0  297   36-357    85-396 (493)
     404 tr|F1QGX5|F1QGX5_DANRE Melanop 100.0 4.3E-43 4.5E-49  321.3   0.0  320   38-385    80-405 (594)
     405 SRR6218665_147192              100.0 4.5E-43 4.7E-49  312.8   0.0  305   28-360    94-399 (466)
     406 UniRef100_A0A060X6T3 G_PROTEIN 100.0 4.7E-43 4.9E-49  316.6   0.0  309   38-358    93-414 (550)
     407 tr|B4JN40|B4JN40_DROGR GH24210 100.0 4.7E-43   5E-49  311.0   0.0  287   37-358   119-409 (436)
     408 UniRef100_A0A0L8G825 G_PROTEIN 100.0 4.7E-43   5E-49  324.0   0.0  286   34-346    73-362 (437)
     409 tr|A0A147AMP5|A0A147AMP5_FUNHE 100.0 4.8E-43 5.2E-49  329.2   0.0  306   37-355    34-425 (475)
     410 UniRef100_A0A060VNF4 G_PROTEIN 100.0 5.5E-43 5.8E-49  320.9   0.0  283   35-356   131-430 (566)
     411 UniRef100_A0A1S3J8T4 5-hydroxy 100.0 5.6E-43 5.9E-49  318.4   0.0  295   29-354    95-393 (468)
     412 tr|T1EGD8|T1EGD8_HELRO Unchara 100.0 5.8E-43   6E-49  309.6   0.0  324   26-353    10-369 (456)
     413 UniRef100_A0A060X0R7 Uncharact 100.0 5.8E-43 6.1E-49  300.2   0.0  278   35-354    58-339 (383)
     414 tr|A0A091CRU0|A0A091CRU0_FUKDA 100.0 5.8E-43 6.1E-49  326.7   0.0  275   35-355   409-690 (720)
     415 UniRef100_A0A016SJ65 Thyrolibe 100.0 5.9E-43 6.3E-49  321.6   0.0  308   35-358    84-397 (479)
     416 UniRef100_A0A1L8HHP3 G_PROTEIN 100.0 5.9E-43 6.3E-49  305.3   0.0  283   31-354    42-336 (370)
     417 UniRef100_A0A084WSA4 AGAP00215 100.0 6.2E-43 6.6E-49  316.0   0.0  291   31-350    67-361 (443)
     418 UniRef100_A0A016VJP9 G_PROTEIN 100.0 6.7E-43   7E-49  321.1   0.0  325   35-362   137-530 (650)
     419 UniRef100_A0A0A7KUZ5 Opsin 5 n 100.0 6.6E-43   7E-49  315.8   0.0  288   37-357    55-344 (407)
     420 UniRef100_A0A224B198 Cholecyst 100.0 7.2E-43 7.4E-49  303.2   0.0  330   29-359   105-466 (534)
     421 UniRef100_A0A6P8HUK6 melatonin 100.0 7.4E-43 7.7E-49  301.7   0.0  305   22-358    15-321 (374)
     422 SRR6218665_1158703             100.0 7.6E-43   8E-49  309.6   0.0  305   30-361    32-338 (413)
     423 UniRef100_A0A026W3I9 Neuropept 100.0 7.7E-43 8.1E-49  320.0   0.0  292   37-355    61-365 (599)
     424 tr|T1KTS6|T1KTS6_TETUR Unchara 100.0   8E-43 8.4E-49  317.0   0.0  292   34-357   119-417 (587)
     425 UniRef100_A0A034WQT6 Tachykini 100.0   8E-43 8.4E-49  319.7   0.0  289   36-356   118-417 (694)
     426 tr|A0A0K0PVN8|A0A0K0PVN8_PLADU 100.0 8.2E-43 8.5E-49  304.2   0.0  316   38-354    97-416 (501)
     427 UniRef100_A0A0L8I1Y4 G_PROTEIN 100.0 8.5E-43 8.9E-49  303.8   0.0  314   37-358    55-373 (457)
     428 UniRef100_A0A1A8LLZ9 Hypocreti 100.0 8.6E-43   9E-49  303.4   0.0  303   36-359    66-374 (413)
     429 UniRef100_A0A1B0TJL6 Opsin Gq3 100.0 8.7E-43 9.1E-49  316.1   0.0  291   36-353    73-366 (589)
     430 UniRef100_A0A060Y7B7 G_PROTEIN 100.0 8.7E-43 9.2E-49  320.1   0.0  307   36-354   117-546 (560)
     431 tr|A0A1S3JCV4|A0A1S3JCV4_LINUN 100.0 9.4E-43 9.8E-49  303.2   0.0  305   35-362    63-373 (414)
     432 UniRef100_A0A0K2V3W2 Cardioacc 100.0 9.6E-43   1E-48  305.0   0.0  294   38-352    86-379 (465)
     433 UniRef100_A0A087R306 Hypocreti 100.0 9.8E-43   1E-48  314.2   0.0  314   36-357   152-479 (594)
     434 UniRef100_A0A023F664 Putative  100.0 9.8E-43   1E-48  311.4   0.0  289   39-360    85-383 (471)
     435 UniRef100_A0A091L2D9 Orexin re 100.0   1E-42 1.1E-48  301.6   0.0  311   37-358    15-342 (386)
     436 tr|A7SIX0|A7SIX0_NEMVE Predict 100.0   1E-42 1.1E-48  305.6   0.0  288   32-355    22-316 (403)
     437 UniRef100_A0A061QLF1 Putative  100.0   1E-42 1.1E-48  313.8   0.0  292   39-354    67-363 (443)
     438 UniRef100_A0A095ANA4 Dopamine  100.0   1E-42 1.1E-48  331.3   0.0  187   36-232   174-362 (674)
     439 UniRef100_A0A315VEI8 G_PROTEIN 100.0 1.1E-42 1.1E-48  321.7   0.0  284   17-313   580-866 (1189)
     440 tr|W4Z9U8|W4Z9U8_STRPU Unchara 100.0 1.1E-42 1.1E-48  301.7   0.0  298   33-354   106-408 (434)
     441 UniRef100_C3ZK20 G_PROTEIN_REC 100.0 1.1E-42 1.1E-48  312.0   0.0  305   39-360     5-324 (374)
     442 UniRef100_A0A0K0PUQ9 Achatin r 100.0 1.1E-42 1.2E-48  320.1   0.0  294   40-355    57-355 (465)
     443 tr|T1KNR7|T1KNR7_TETUR Unchara 100.0 1.1E-42 1.2E-48  299.3   0.0  318   25-357    60-377 (433)
     444 tr|A0A210QNG6|A0A210QNG6_MIZYE 100.0 1.1E-42 1.2E-48  312.9   0.0  297   35-358    40-340 (498)
     445 UniRef100_A0A016T4B6 G_PROTEIN 100.0 1.1E-42 1.2E-48  325.3   0.0  320   36-359   104-430 (585)
     446 UniRef100_A0A0L8H5P3 G_PROTEIN 100.0 1.1E-42 1.2E-48  314.4   0.0  286   38-353    78-368 (496)
     447 tr|G3R6B9|G3R6B9_GORGO Neurope 100.0 1.2E-42 1.2E-48  306.4   0.0  298   28-354   141-451 (522)
     448 tr|A0A0Q3PK06|A0A0Q3PK06_AMAAE 100.0 1.2E-42 1.3E-48  326.0   0.0  297   29-354   518-827 (901)
     449 tr|L7LWW3|L7LWW3_9ACAR Putativ 100.0 1.3E-42 1.4E-48  317.0   0.0  186   38-233   114-301 (624)
     450 UniRef100_A0A0P7U357 Apelin re 100.0 1.3E-42 1.4E-48  307.8   0.0  285   35-365    58-351 (401)
     451 tr|A7RNV5|A7RNV5_NEMVE Predict 100.0 1.4E-42 1.5E-48  304.1   0.0  284   37-358    34-329 (377)
     452 tr|A0A1S3L0J1|A0A1S3L0J1_SALSA 100.0 1.4E-42 1.5E-48  311.9   0.0  308   36-355    77-403 (533)
     453 UniRef100_A0A2T7PWH2 G_PROTEIN 100.0 1.4E-42 1.5E-48  309.4   0.0  308   36-352    43-352 (483)
     454 UniRef100_A0A0L8FWF7 G_PROTEIN 100.0 1.4E-42 1.5E-48  324.9   0.0  313   39-360    96-549 (576)
     455 UniRef100_A0A0C9RF21 CapaR_3 p 100.0 1.5E-42 1.6E-48  315.1   0.0  291   38-357    55-356 (532)
     456 tr|J9K651|J9K651_ACYPI Unchara 100.0 1.5E-42 1.6E-48  304.6   0.0  289   36-354    91-384 (440)
     457 UniRef100_A0A023ETT6 Putative  100.0 1.5E-42 1.6E-48  314.0   0.0  288   36-359   155-448 (612)
     458 tr|A7RKH9|A7RKH9_NEMVE Predict 100.0 1.5E-42 1.6E-48  302.3   0.0  285   32-358    23-314 (336)
     459 tr|A0A151ITZ3|A0A151ITZ3_9HYME 100.0 1.5E-42 1.6E-48  311.0   0.0  307   36-359    69-421 (481)
     460 UniRef100_A0A0N1IB59 Orexin re 100.0 1.5E-42 1.6E-48  309.6   0.0  305   38-354   132-448 (546)
     461 tr|H2Q292|H2Q292_PANTR Unchara 100.0 1.6E-42 1.7E-48  306.6   0.0  312   36-359    83-405 (492)
     462 tr|A0A210QT45|A0A210QT45_MIZYE 100.0 1.6E-42 1.7E-48  297.4   0.0  302   32-354    35-338 (395)
     463 tr|A0A0P5T2I6|A0A0P5T2I6_9CRUS 100.0 1.6E-42 1.7E-48  314.3   0.0  320   37-359    68-412 (542)
     464 UniRef100_A0A060WGF3 B2 bradyk 100.0 1.6E-42 1.8E-48  326.1   0.0  282   35-355   160-449 (589)
     465 UniRef100_A0A0D9R0U9 Apelin re 100.0 1.7E-42 1.8E-48  308.5   0.0  285   35-357    62-363 (482)
     466 tr|C3Z3H5|C3Z3H5_BRAFL Unchara 100.0 1.8E-42 1.9E-48  300.2   0.0  297   34-362    80-379 (405)
     467 tr|W5JTF9|W5JTF9_ANODA Somatos 100.0 1.8E-42 1.9E-48  311.1   0.0  290   33-358    53-348 (526)
     468 UniRef100_A0A0L8HMQ0 G_PROTEIN 100.0 1.9E-42   2E-48  314.9   0.0  293   36-355    50-345 (538)
     469 UniRef100_A0A026WM41 Dopamine  100.0 1.9E-42   2E-48  326.1   0.0  187   36-232   161-349 (659)
     470 UniRef100_A0A6F9DEB9 5-hydroxy 100.0 1.9E-42   2E-48  314.1   0.0  313   25-358    46-364 (426)
     471 tr|A0A2B4S1Z5|A0A2B4S1Z5_STYPI 100.0   2E-42 2.1E-48  313.5   0.0  265   36-358    27-299 (514)
     472 tr|A0A2B4SDF9|A0A2B4SDF9_STYPI 100.0   2E-42 2.1E-48  295.2   0.0  291   36-360    38-329 (356)
     473 UniRef100_A0A067RAQ2 Neuropept 100.0   2E-42 2.1E-48  305.0   0.0  294   36-360   102-402 (509)
     474 UniRef100_A0A026W6M2 Gonadotro 100.0   2E-42 2.2E-48  313.2   0.0  285   34-347    89-377 (492)
     475 UniRef100_A0A026W4S0 Neuromedi 100.0 2.1E-42 2.2E-48  319.3   0.0  297   36-354    75-385 (604)
     476 tr|A0A1S3FWK5|A0A1S3FWK5_DIPOR 100.0 2.2E-42 2.2E-48  315.3   0.0  298   36-357   418-729 (786)
     477 UniRef100_UPI000219022F Endoly 100.0 2.3E-42 2.4E-48  305.2   0.0  287   31-358   197-487 (507)
     478 tr|A0A182L9N8|A0A182L9N8_9DIPT 100.0 2.2E-42 2.4E-48  313.1   0.0  288   38-359    92-384 (490)
     479 UniRef100_A0A087QH27 C-C chemo 100.0 2.2E-42 2.4E-48  327.8   0.0  273   36-355   202-482 (591)
     480 tr|A0A210QIB3|A0A210QIB3_MIZYE 100.0 2.4E-42 2.5E-48  307.5   0.0  302   35-362    96-403 (543)
     481 tr|A0A2C9KB37|A0A2C9KB37_BIOGL 100.0 2.4E-42 2.5E-48  305.5   0.0  316   39-356   106-466 (513)
     482 tr|A0A2B4S6X2|A0A2B4S6X2_STYPI 100.0 2.4E-42 2.5E-48  301.2   0.0  288   37-354    26-320 (379)
     483 UniRef100_A0A0L0C8S9 G_PROTEIN 100.0 2.5E-42 2.6E-48  321.5   0.0  324   31-356   215-652 (716)
     484 tr|A0A1D1V6H4|A0A1D1V6H4_RAMVA 100.0 2.5E-42 2.6E-48  308.5   0.0  303   27-360    54-376 (498)
     485 UniRef100_A0A3M6U2U1 G_PROTEIN 100.0 2.5E-42 2.7E-48  307.3   0.0  281   36-357    21-307 (352)
     486 UniRef100_A0A034UYU1 5-hydroxy 100.0 2.6E-42 2.7E-48  324.2   0.0  311   38-357   233-644 (694)
     487 UniRef100_A0A1B6HDB2 G_PROTEIN 100.0 2.8E-42 2.9E-48  293.3   0.0  289   39-360    16-309 (360)
     488 tr|A0A1V4KK28|A0A1V4KK28_PATFA 100.0 2.8E-42 2.9E-48  302.1   0.0  296   36-363   135-433 (478)
     489 tr|A7RKP0|A7RKP0_NEMVE Predict 100.0 2.8E-42   3E-48  302.3   0.0  303   34-361     7-311 (350)
     490 tr|A0A139WEA0|A0A139WEA0_TRICA 100.0   3E-42 3.1E-48  297.3   0.0  308   37-358    96-406 (464)
     491 UniRef100_A0A068WTW9 Tachykini 100.0 2.9E-42 3.1E-48  306.7   0.0  290   38-360    49-362 (453)
     492 ERR1719341_586736              100.0   3E-42 3.1E-48  311.9   0.0  287   37-358    57-355 (513)
     493 UniRef100_A0A060VRN9 G_PROTEIN 100.0   3E-42 3.1E-48  312.5   0.0  283   38-355   139-428 (496)
     494 UniRef100_A0A087XKP0 Pyrogluta 100.0 3.1E-42 3.2E-48  307.8   0.0  299   36-358   146-451 (537)
     495 tr|A0A2B4RYF4|A0A2B4RYF4_STYPI 100.0 3.2E-42 3.3E-48  302.8   0.0  290   31-358    21-312 (402)
     496 SRR6218665_799277              100.0 3.2E-42 3.3E-48  299.0   0.0  293   36-360   126-422 (456)
     497 tr|M7BJE0|M7BJE0_CHEMY 5-hydro 100.0 3.4E-42 3.6E-48  319.2   0.0  307   38-358   275-593 (685)
     498 tr|A0A2B4R9G2|A0A2B4R9G2_STYPI 100.0 3.6E-42 3.8E-48  304.4   0.0  293   25-353    51-345 (378)
     499 tr|A0A0A7RC79|A0A0A7RC79_RHOPR 100.0 3.6E-42 3.8E-48  300.6   0.0  288   36-357    77-373 (404)
     500 UniRef100_A0A067RIW6 G_PROTEIN 100.0 3.8E-42   4E-48  320.8   0.0  310   36-354   186-543 (705)
     
  > Uniprot already searched, skipping.
> Running chain B
  > Uniref90 already searched, skipping.
  > Mgnify already searched, skipping.
  > Running hhblits on bfd_uniref30
- 10:54:46.967 INFO: Searching 65983866 column state sequences.

- 10:54:47.907 INFO: Searching 29291635 column state sequences.

- 10:54:47.940 INFO: v1br_human-2168/msas/B/chain_B.fasta is in A2M, A3M or FASTA format

- 10:54:47.941 INFO: Iteration 1

- 10:54:47.949 INFO: Prefiltering database

- 10:55:28.092 INFO: HMMs passed 1st prefilter (gapless profile-profile alignment)  : 63828

- 10:55:47.470 INFO: HMMs passed 1st prefilter (gapless profile-profile alignment)  : 69448

- 10:55:47.532 INFO: HMMs passed 2nd prefilter (gapped profile-profile alignment)   : 229

- 10:55:47.532 INFO: HMMs passed 2nd prefilter and not found in previous iterations : 229

- 10:55:47.532 INFO: Scoring 229 HMMs using HMM-HMM Viterbi alignment

- 10:55:47.552 INFO: Alternative alignment: 0

- 10:55:47.000 INFO: 229 alignments done

- 10:55:47.001 INFO: Alternative alignment: 1

- 10:55:48.013 INFO: 221 alignments done

- 10:55:48.013 INFO: Alternative alignment: 2

- 10:55:48.013 INFO: 3 alignments done

- 10:55:48.013 INFO: Alternative alignment: 3

- 10:55:48.101 INFO: Premerge done

- 10:55:48.101 INFO: Realigning 232 HMM-HMM alignments using Maximum Accuracy algorithm

- 10:55:48.164 INFO: 38 sequences belonging to 38 database HMMs found with an E-value < 0.001

- 10:55:48.164 INFO: Number of effective sequences of resulting query HMM: Neff = 6.30248

- 10:55:48.173 INFO: Iteration 2

- 10:55:48.173 INFO: Set premerge to 0! (premerge: 3 iteration: 2 hits.Size: 35)

- 10:55:48.189 INFO: Prefiltering database

- 10:56:34.340 INFO: HMMs passed 1st prefilter (gapless profile-profile alignment)  : 3048

- 10:56:55.490 INFO: HMMs passed 1st prefilter (gapless profile-profile alignment)  : 7371

- 10:56:55.504 INFO: HMMs passed 2nd prefilter (gapped profile-profile alignment)   : 47

- 10:56:55.504 INFO: HMMs passed 2nd prefilter and not found in previous iterations : 23

- 10:56:55.504 INFO: Scoring 23 HMMs using HMM-HMM Viterbi alignment

- 10:56:55.522 INFO: Alternative alignment: 0

- 10:56:55.523 INFO: 23 alignments done

- 10:56:55.523 INFO: Alternative alignment: 1

- 10:56:55.524 INFO: 19 alignments done

- 10:56:55.524 INFO: Alternative alignment: 2

- 10:56:55.524 INFO: 1 alignments done

- 10:56:55.524 INFO: Alternative alignment: 3

- 10:56:55.532 INFO: Realigning 22 HMM-HMM alignments using Maximum Accuracy algorithm

- 10:56:55.539 INFO: 47 sequences belonging to 47 database HMMs found with an E-value < 0.001

- 10:56:55.539 INFO: Number of effective sequences of resulting query HMM: Neff = 6.28874

- 10:56:55.541 INFO: Iteration 3

- 10:56:55.549 INFO: Prefiltering database

- 10:57:43.041 INFO: HMMs passed 1st prefilter (gapless profile-profile alignment)  : 2755

- 10:58:04.368 INFO: HMMs passed 1st prefilter (gapless profile-profile alignment)  : 6434

- 10:58:04.382 INFO: HMMs passed 2nd prefilter (gapped profile-profile alignment)   : 41

- 10:58:04.382 INFO: HMMs passed 2nd prefilter and not found in previous iterations : 10

- 10:58:04.382 INFO: Scoring 10 HMMs using HMM-HMM Viterbi alignment

- 10:58:04.399 INFO: Alternative alignment: 0

- 10:58:04.400 INFO: 10 alignments done

- 10:58:04.400 INFO: Alternative alignment: 1

- 10:58:04.401 INFO: 7 alignments done

- 10:58:04.401 INFO: Alternative alignment: 2

- 10:58:04.401 INFO: 1 alignments done

- 10:58:04.401 INFO: Alternative alignment: 3

- 10:58:04.409 INFO: Rescoring previously found HMMs with Viterbi algorithm

- 10:58:04.420 INFO: Alternative alignment: 0

- 10:58:04.422 INFO: 44 alignments done

- 10:58:04.422 INFO: Alternative alignment: 1

- 10:58:04.424 INFO: 41 alignments done

- 10:58:04.424 INFO: Alternative alignment: 2

- 10:58:04.424 INFO: Alternative alignment: 3

- 10:58:04.432 INFO: Premerge done

- 10:58:04.432 INFO: Realigning 53 HMM-HMM alignments using Maximum Accuracy algorithm

- 10:58:04.441 INFO: 47 sequences belonging to 47 database HMMs found with an E-value < 0.001

- 10:58:04.441 INFO: Number of effective sequences of resulting query HMM: Neff = 6.28874

     Query         vasopressin gtp:2168
     Match_columns 9
     No_of_seqs    48 out of 425
     Neff          6.28874
     Searched_HMMs 229
     Date          Tue Mar  7 10:58:04 2023
     Command       hhblits -i v1br_human-2168/msas/B/chain_B.fasta -cpu 2 -maxmem 20 -oa3m /projects/ilfgrid/people/nqz918/code/deorph/scripts/af_arman/af_jobs_af23/v1br_human/2168//v1br_human-2168/msas/B/bfd_uniref_hits.a3m -o /dev/null -n 3 -e 0.001 -maxseq 1000000 -realign_max 100000 -maxfilt 100000 -min_prefilter_hits 1000 -d /projects/ilfgrid/data/alphafold-genetic-databases///bfd/bfd_metaclust_clu_complete_id30_c90_final_seq.sorted_opt -d /projects/ilfgrid/data/alphafold-genetic-databases///uniref30/UniRef30_2021_03 
     
      No Hit                             Prob E-value P-value  Score    SS Cols Query HMM  Template HMM
       1 UniRef100_P69128 Vasotocin n=2  98.5 2.5E-09 2.6E-15   28.8   0.0    9    1-9       1-9   (9)
       2 UniRef100_Q7LZD3 Hydrin 2 n=1   98.4 5.2E-09 5.4E-15   28.8   0.0    9    1-9       1-9   (10)
       3 UniRef100_P69043 Oxytocin n=5   98.1 6.9E-08 7.2E-14   26.1   0.0    9    1-9       1-9   (9)
       4 sp|P69058|OXYT_HYDCO Oxytocin   98.1 6.9E-08 7.2E-14   26.1   0.0    9    1-9       1-9   (9)
       5 UniRef100_P43000 Valitocin n=1  98.0 1.6E-07 1.6E-13   25.5   0.0    9    1-9       1-9   (9)
       6 UniRef100_P42994 Glumitocin n=  98.0 2.6E-07 2.7E-13   25.1   0.0    9    1-9       1-9   (9)
       7 UniRef100_P42999 Aspartocin n=  97.8   1E-06 1.1E-12   24.0   0.0    9    1-9       1-9   (9)
       8 UniRef100_P42993 Isotocin n=1   97.8 1.1E-06 1.1E-12   23.9   0.0    9    1-9       1-9   (9)
       9 UniRef100_P42995 Seritocin n=1  97.8 1.3E-06 1.3E-12   23.8   0.0    9    1-9       1-9   (9)
      10 UniRef100_P42996 Asvatocin n=1  97.7 2.3E-06 2.4E-12   23.4   0.0    9    1-9       1-9   (9)
      11 UniRef100_P42992 Vasotocin-neu  97.6 3.1E-06 3.2E-12   28.2   0.0    9    1-9       1-9   (27)
      12 UniRef100_A0A087QN40 Vasotocin  97.6 3.3E-06 4.1E-12   34.6   0.0    9    1-9      20-28  (131)
      13 UniRef100_P84502 Lys-conopress  97.4 1.3E-05 1.3E-11   22.0   0.0    9    1-9       1-9   (9)
      14 UniRef100_P80027 Cephalotocin   97.2 3.1E-05 3.2E-11   21.3   0.0    9    1-9       1-9   (9)
      15 UniRef100_P05487 Conopressin-S  97.1 5.2E-05 5.3E-11   20.9   0.0    9    1-9       1-9   (9)
      16 UniRef100_A0A060W4M5 Uncharact  97.1 4.2E-05 5.3E-11   33.6   0.0    9    1-9      70-78  (233)
      17 UniRef100_A0A091J9N4 Mesotocin  97.1 4.6E-05 5.4E-11   31.6   0.0    9    1-9      40-48  (127)
      18 UniRef100_P16339 Locupressin n  97.1 5.4E-05 5.6E-11   20.8   0.0    9    1-9       1-9   (9)
      19 UniRef100_A0A2I8B339 Oxytocin/  97.1 6.5E-05 7.6E-11   31.9   0.0    9    1-9      23-31  (155)
      20 tr|A0A087XPE6|A0A087XPE6_POEFO  97.0 7.2E-05 8.4E-11   32.1   0.0    9    1-9      38-46  (171)
      21 UniRef100_A0A0B4ZWU4 Oxytocin   97.0 8.6E-05 8.8E-11   24.2   0.0    9    1-9       2-10  (22)
      22 UniRef100_A0A0F7CSY3 Neurophys  97.0 9.7E-05   1E-10   26.5   0.0    9    1-9      20-28  (40)
      23 UniRef100_P42997 Phasvatocin n  97.0 0.00012 1.2E-10   20.2   0.0    9    1-9       1-9   (9)
      24 UniRef100_P86255 Conopressin-T  96.9 0.00016 1.6E-10   19.5   0.0    8    1-8       1-8   (8)
      25 UniRef100_S6BQ34 Arginine vaso  96.9 0.00017 1.8E-10   25.8   0.0    9    1-9      19-27  (39)
      26 tr|A0A218V8Z2|A0A218V8Z2_9PASE  96.7 0.00034 3.8E-10   31.7   0.0    9    1-9      20-28  (274)
      27 UniRef100_A0A0A0AAY3 Vasotocin  96.7 0.00038   4E-10   28.8   0.0    9    1-9      32-40  (110)
      28 UniRef100_Q63408 Rat prepro-ox  96.6 0.00047 4.8E-10   23.3   0.0    7    1-7      20-26  (26)
      29 UniRef100_P0DL76 Conopressin-T  96.6  0.0005 5.1E-10   19.1   0.0    8    1-8       1-8   (9)
      30 UniRef100_A0A091CQU3 Oxytocin-  96.6  0.0005 5.3E-10   26.9   0.0    9    1-9      20-28  (71)
      31 UniRef100_O46610 Arginine vaso  96.6 0.00057 5.8E-10   25.0   0.0    9    1-9       1-9   (43)
      32 UniRef100_A0A091F124 Mesotocin  96.5  0.0008   9E-10   29.9   0.0    9    1-9      56-64  (207)
      33 UniRef100_A0A553RLT8 Uncharact  96.5 0.00095 9.7E-10   28.5   0.0    9    1-9      55-63  (148)
      34 UniRef100_A0A3Q2I9B2 Oxytocin-  96.5 0.00087 9.9E-10   29.3   0.0    9    1-9      20-28  (172)
      35 tr|X5D8U4|X5D8U4_HUMAN Arginin  96.4  0.0011 1.2E-09   29.7   0.0    9    1-9      20-28  (222)
      36 UniRef100_A0A384D4E0 vasopress  96.4  0.0013 1.3E-09   26.2   0.0    9    1-9      20-28  (79)
      37 UniRef100_A0A3N0Z6Z0 Vasotocin  96.3  0.0014 1.5E-09   29.4   0.0    9    1-9      23-31  (224)
      38 UniRef100_Q91078 Vasotocin n=1  96.3  0.0015 1.6E-09   28.2   0.0    9    1-9      23-31  (157)
      39 UniRef100_A0A091GHA6 Vasotocin  96.3  0.0014 1.7E-09   29.0   0.0    9    1-9      41-49  (190)
      40 UniRef100_A0A6P3QUI8 vasopress  96.1  0.0026 2.8E-09   27.0   0.0    9    1-9      20-28  (128)
      41 UniRef100_A0A2I2U5X4 Arginine   96.1  0.0027 3.1E-09   27.9   0.0    9    1-9      24-32  (169)
      42 UniRef100_A0A0D9RLH7 Uncharact  96.0  0.0038 4.3E-09   28.3   0.0    9    1-9      54-62  (222)
      43 UniRef100_A0A3Q1GVY0 Vasotocin  96.0  0.0045 4.7E-09   27.9   0.0    9    1-9      20-28  (225)
      44 UniRef100_A0A4W5PGA2 Uncharact  95.9  0.0052 5.3E-09   26.3   0.0    9    1-9      15-23  (132)
      45 UniRef100_A0A5N3VIC6 Uncharact  95.8  0.0068   7E-09   26.2   0.0    9    1-9      20-28  (143)
      46 UniRef100_A0A218V8Z2 Vasotocin  95.7    0.01   1E-08   27.4   0.0    9    1-9      20-28  (274)
      47 UniRef100_A0A1I6R0I4 Uncharact  95.1   0.034 3.5E-08   20.9   0.0    8    1-8      35-42  (43)
      48 UniRef100_A0A3B8QIH4 Uncharact  95.0   0.038 3.9E-08   20.2   0.0    8    1-8      13-20  (36)
      49 UniRef100_A0A2W1N3V6 Uncharact  94.9   0.042 4.3E-08   18.4   0.0    9    1-9       8-16  (21)
      50 UniRef100_A0A218V8Z2 Vasotocin  94.5   0.072 7.5E-08   25.1   0.0    9    1-9     163-171 (274)
      51 UniRef100_A0A7N9IB30 Arginine   94.4   0.085 8.7E-08   24.6   0.0    9    1-9      20-28  (242)
      52 UniRef100_A0A0A9HH27 Uncharact  93.8    0.17 1.7E-07   21.5   0.0    8    1-8      35-42  (95)
      53 UniRef100_A0A182WNN8 Uncharact  92.0    0.64 6.6E-07   16.0   0.0    6    1-6      17-22  (22)
     
  > Uniprot already searched, skipping.

>> Job finished at: Tue Mar  7 10:58:07 CET 2023

>> Runtime: 1914 s
